{
    "sql_file": "soload_q3-001.sql",
    "query": "select COUNT(distinct account.display_name)\nfrom\ntag t1, site s1, question q1, answer a1, tag_question tq1, so_user u1,\ntag t2, site s2, question q2, tag_question tq2, so_user u2,\naccount\nwhere\n-- answerers\ns1.site_name='stackoverflow' and\nt1.name  = 'authentication' and\nt1.site_id = s1.site_id and\nq1.site_id = s1.site_id and\ntq1.site_id = s1.site_id and\ntq1.question_id = q1.id and\ntq1.tag_id = t1.id and\na1.site_id = q1.site_id and\na1.question_id = q1.id and\na1.owner_user_id = u1.id and\na1.site_id = u1.site_id and\n\n-- askers\ns2.site_name='physics' and\nt2.name  = 'quantum-mechanics' and\nt2.site_id = s2.site_id and\nq2.site_id = s2.site_id and\ntq2.site_id = s2.site_id and\ntq2.question_id = q2.id and\ntq2.tag_id = t2.id and\nq2.owner_user_id = u2.id and\nq2.site_id = u2.site_id and\n\n\n-- intersect\nu1.account_id = u2.account_id and\naccount.id = u1.account_id;",
    "results": [
        {
            "arm": 0,
            "execution_time": 1277.371,
            "plan": [
                {
                    "Plan": {
                        "Node Type": "Aggregate",
                        "Strategy": "Plain",
                        "Partial Mode": "Simple",
                        "Parallel Aware": false,
                        "Async Capable": false,
                        "Startup Cost": 258329.09,
                        "Total Cost": 258329.1,
                        "Plan Rows": 1,
                        "Plan Width": 8,
                        "Actual Startup Time": 1258.591,
                        "Actual Total Time": 1277.314,
                        "Actual Rows": 1,
                        "Actual Loops": 1,
                        "Plans": [
                            {
                                "Node Type": "Gather Merge",
                                "Parent Relationship": "Outer",
                                "Parallel Aware": false,
                                "Async Capable": false,
                                "Startup Cost": 258328.96,
                                "Total Cost": 258329.09,
                                "Plan Rows": 1,
                                "Plan Width": 11,
                                "Actual Startup Time": 1258.574,
                                "Actual Total Time": 1277.3,
                                "Actual Rows": 23,
                                "Actual Loops": 1,
                                "Workers Planned": 5,
                                "Workers Launched": 5,
                                "Plans": [
                                    {
                                        "Node Type": "Sort",
                                        "Parent Relationship": "Outer",
                                        "Parallel Aware": false,
                                        "Async Capable": false,
                                        "Startup Cost": 257328.88,
                                        "Total Cost": 257328.89,
                                        "Plan Rows": 1,
                                        "Plan Width": 11,
                                        "Actual Startup Time": 1207.28,
                                        "Actual Total Time": 1207.288,
                                        "Actual Rows": 4,
                                        "Actual Loops": 6,
                                        "Sort Key": [
                                            "account.display_name"
                                        ],
                                        "Sort Method": "quicksort",
                                        "Sort Space Used": 25,
                                        "Sort Space Type": "Memory",
                                        "Workers": [
                                            {
                                                "Worker Number": 0,
                                                "Sort Method": "quicksort",
                                                "Sort Space Used": 25,
                                                "Sort Space Type": "Memory"
                                            },
                                            {
                                                "Worker Number": 1,
                                                "Sort Method": "quicksort",
                                                "Sort Space Used": 25,
                                                "Sort Space Type": "Memory"
                                            },
                                            {
                                                "Worker Number": 2,
                                                "Sort Method": "quicksort",
                                                "Sort Space Used": 25,
                                                "Sort Space Type": "Memory"
                                            },
                                            {
                                                "Worker Number": 3,
                                                "Sort Method": "quicksort",
                                                "Sort Space Used": 25,
                                                "Sort Space Type": "Memory"
                                            },
                                            {
                                                "Worker Number": 4,
                                                "Sort Method": "quicksort",
                                                "Sort Space Used": 25,
                                                "Sort Space Type": "Memory"
                                            }
                                        ],
                                        "Plans": [
                                            {
                                                "Node Type": "Nested Loop",
                                                "Parent Relationship": "Outer",
                                                "Parallel Aware": false,
                                                "Async Capable": false,
                                                "Join Type": "Inner",
                                                "Startup Cost": 257234.7,
                                                "Total Cost": 257328.87,
                                                "Plan Rows": 1,
                                                "Plan Width": 11,
                                                "Actual Startup Time": 1193.418,
                                                "Actual Total Time": 1207.261,
                                                "Actual Rows": 4,
                                                "Actual Loops": 6,
                                                "Inner Unique": true,
                                                "Workers": [],
                                                "Plans": [
                                                    {
                                                        "Node Type": "Nested Loop",
                                                        "Parent Relationship": "Outer",
                                                        "Parallel Aware": false,
                                                        "Async Capable": false,
                                                        "Join Type": "Inner",
                                                        "Startup Cost": 257234.26,
                                                        "Total Cost": 257321.25,
                                                        "Plan Rows": 1,
                                                        "Plan Width": 8,
                                                        "Actual Startup Time": 1193.323,
                                                        "Actual Total Time": 1207.057,
                                                        "Actual Rows": 4,
                                                        "Actual Loops": 6,
                                                        "Inner Unique": true,
                                                        "Join Filter": "((t2.site_id = tq2.site_id) AND (t2.id = tq2.tag_id))",
                                                        "Rows Removed by Join Filter": 148,
                                                        "Workers": [],
                                                        "Plans": [
                                                            {
                                                                "Node Type": "Nested Loop",
                                                                "Parent Relationship": "Outer",
                                                                "Parallel Aware": false,
                                                                "Async Capable": false,
                                                                "Join Type": "Inner",
                                                                "Startup Cost": 257233.7,
                                                                "Total Cost": 257313.47,
                                                                "Plan Rows": 1,
                                                                "Plan Width": 32,
                                                                "Actual Startup Time": 1184.758,
                                                                "Actual Total Time": 1203.688,
                                                                "Actual Rows": 53,
                                                                "Actual Loops": 6,
                                                                "Inner Unique": true,
                                                                "Join Filter": "(t1.site_id = q1.site_id)",
                                                                "Rows Removed by Join Filter": 0,
                                                                "Workers": [],
                                                                "Plans": [
                                                                    {
                                                                        "Node Type": "Nested Loop",
                                                                        "Parent Relationship": "Outer",
                                                                        "Parallel Aware": false,
                                                                        "Async Capable": false,
                                                                        "Join Type": "Inner",
                                                                        "Startup Cost": 257233.26,
                                                                        "Total Cost": 257309.42,
                                                                        "Plan Rows": 1,
                                                                        "Plan Width": 60,
                                                                        "Actual Startup Time": 1184.707,
                                                                        "Actual Total Time": 1203.428,
                                                                        "Actual Rows": 53,
                                                                        "Actual Loops": 6,
                                                                        "Inner Unique": false,
                                                                        "Join Filter": "(t2.site_id = q2.site_id)",
                                                                        "Rows Removed by Join Filter": 0,
                                                                        "Workers": [],
                                                                        "Plans": [
                                                                            {
                                                                                "Node Type": "Merge Join",
                                                                                "Parent Relationship": "Outer",
                                                                                "Parallel Aware": false,
                                                                                "Async Capable": false,
                                                                                "Join Type": "Inner",
                                                                                "Startup Cost": 257232.83,
                                                                                "Total Cost": 257234.96,
                                                                                "Plan Rows": 1,
                                                                                "Plan Width": 56,
                                                                                "Actual Startup Time": 1182.947,
                                                                                "Actual Total Time": 1186.437,
                                                                                "Actual Rows": 106,
                                                                                "Actual Loops": 6,
                                                                                "Inner Unique": false,
                                                                                "Merge Cond": "(u2.account_id = u1.account_id)",
                                                                                "Workers": [],
                                                                                "Plans": [
                                                                                    {
                                                                                        "Node Type": "Sort",
                                                                                        "Parent Relationship": "Outer",
                                                                                        "Parallel Aware": false,
                                                                                        "Async Capable": false,
                                                                                        "Startup Cost": 253457.2,
                                                                                        "Total Cost": 253458.25,
                                                                                        "Plan Rows": 423,
                                                                                        "Plan Width": 24,
                                                                                        "Actual Startup Time": 288.124,
                                                                                        "Actual Total Time": 289.798,
                                                                                        "Actual Rows": 29327,
                                                                                        "Actual Loops": 6,
                                                                                        "Sort Key": [
                                                                                            "u2.account_id"
                                                                                        ],
                                                                                        "Sort Method": "quicksort",
                                                                                        "Sort Space Used": 2166,
                                                                                        "Sort Space Type": "Memory",
                                                                                        "Workers": [
                                                                                            {
                                                                                                "Worker Number": 0,
                                                                                                "Sort Method": "quicksort",
                                                                                                "Sort Space Used": 2053,
                                                                                                "Sort Space Type": "Memory"
                                                                                            },
                                                                                            {
                                                                                                "Worker Number": 1,
                                                                                                "Sort Method": "quicksort",
                                                                                                "Sort Space Used": 2053,
                                                                                                "Sort Space Type": "Memory"
                                                                                            },
                                                                                            {
                                                                                                "Worker Number": 2,
                                                                                                "Sort Method": "quicksort",
                                                                                                "Sort Space Used": 2053,
                                                                                                "Sort Space Type": "Memory"
                                                                                            },
                                                                                            {
                                                                                                "Worker Number": 3,
                                                                                                "Sort Method": "quicksort",
                                                                                                "Sort Space Used": 2053,
                                                                                                "Sort Space Type": "Memory"
                                                                                            },
                                                                                            {
                                                                                                "Worker Number": 4,
                                                                                                "Sort Method": "quicksort",
                                                                                                "Sort Space Used": 3272,
                                                                                                "Sort Space Type": "Memory"
                                                                                            }
                                                                                        ],
                                                                                        "Plans": [
                                                                                            {
                                                                                                "Node Type": "Hash Join",
                                                                                                "Parent Relationship": "Outer",
                                                                                                "Parallel Aware": true,
                                                                                                "Async Capable": false,
                                                                                                "Join Type": "Inner",
                                                                                                "Startup Cost": 2576.51,
                                                                                                "Total Cost": 253438.74,
                                                                                                "Plan Rows": 423,
                                                                                                "Plan Width": 24,
                                                                                                "Actual Startup Time": 84.072,
                                                                                                "Actual Total Time": 283.142,
                                                                                                "Actual Rows": 29403,
                                                                                                "Actual Loops": 6,
                                                                                                "Inner Unique": false,
                                                                                                "Hash Cond": "(s2.site_id = t2.site_id)",
                                                                                                "Workers": [],
                                                                                                "Plans": [
                                                                                                    {
                                                                                                        "Node Type": "Hash Join",
                                                                                                        "Parent Relationship": "Outer",
                                                                                                        "Parallel Aware": false,
                                                                                                        "Async Capable": false,
                                                                                                        "Join Type": "Inner",
                                                                                                        "Startup Cost": 3.18,
                                                                                                        "Total Cost": 250740.65,
                                                                                                        "Plan Rows": 24388,
                                                                                                        "Plan Width": 16,
                                                                                                        "Actual Startup Time": 82.372,
                                                                                                        "Actual Total Time": 278.708,
                                                                                                        "Actual Rows": 29403,
                                                                                                        "Actual Loops": 6,
                                                                                                        "Inner Unique": true,
                                                                                                        "Hash Cond": "(u2.site_id = s2.site_id)",
                                                                                                        "Workers": [],
                                                                                                        "Plans": [
                                                                                                            {
                                                                                                                "Node Type": "Seq Scan",
                                                                                                                "Parent Relationship": "Outer",
                                                                                                                "Parallel Aware": true,
                                                                                                                "Async Capable": false,
                                                                                                                "Relation Name": "so_user",
                                                                                                                "Alias": "u2",
                                                                                                                "Startup Cost": 0.0,
                                                                                                                "Total Cost": 239391.02,
                                                                                                                "Plan Rows": 4219102,
                                                                                                                "Plan Width": 12,
                                                                                                                "Actual Startup Time": 0.041,
                                                                                                                "Actual Total Time": 156.879,
                                                                                                                "Actual Rows": 3516217,
                                                                                                                "Actual Loops": 6,
                                                                                                                "Workers": []
                                                                                                            },
                                                                                                            {
                                                                                                                "Node Type": "Hash",
                                                                                                                "Parent Relationship": "Inner",
                                                                                                                "Parallel Aware": false,
                                                                                                                "Async Capable": false,
                                                                                                                "Startup Cost": 3.16,
                                                                                                                "Total Cost": 3.16,
                                                                                                                "Plan Rows": 1,
                                                                                                                "Plan Width": 4,
                                                                                                                "Actual Startup Time": 0.02,
                                                                                                                "Actual Total Time": 0.02,
                                                                                                                "Actual Rows": 1,
                                                                                                                "Actual Loops": 6,
                                                                                                                "Hash Buckets": 1024,
                                                                                                                "Original Hash Buckets": 1024,
                                                                                                                "Hash Batches": 1,
                                                                                                                "Original Hash Batches": 1,
                                                                                                                "Peak Memory Usage": 9,
                                                                                                                "Workers": [],
                                                                                                                "Plans": [
                                                                                                                    {
                                                                                                                        "Node Type": "Seq Scan",
                                                                                                                        "Parent Relationship": "Outer",
                                                                                                                        "Parallel Aware": false,
                                                                                                                        "Async Capable": false,
                                                                                                                        "Relation Name": "site",
                                                                                                                        "Alias": "s2",
                                                                                                                        "Startup Cost": 0.0,
                                                                                                                        "Total Cost": 3.16,
                                                                                                                        "Plan Rows": 1,
                                                                                                                        "Plan Width": 4,
                                                                                                                        "Actual Startup Time": 0.013,
                                                                                                                        "Actual Total Time": 0.015,
                                                                                                                        "Actual Rows": 1,
                                                                                                                        "Actual Loops": 6,
                                                                                                                        "Filter": "((site_name)::text = 'physics'::text)",
                                                                                                                        "Rows Removed by Filter": 172,
                                                                                                                        "Workers": []
                                                                                                                    }
                                                                                                                ]
                                                                                                            }
                                                                                                        ]
                                                                                                    },
                                                                                                    {
                                                                                                        "Node Type": "Hash",
                                                                                                        "Parent Relationship": "Inner",
                                                                                                        "Parallel Aware": true,
                                                                                                        "Async Capable": false,
                                                                                                        "Startup Cost": 2573.31,
                                                                                                        "Total Cost": 2573.31,
                                                                                                        "Plan Rows": 2,
                                                                                                        "Plan Width": 8,
                                                                                                        "Actual Startup Time": 1.519,
                                                                                                        "Actual Total Time": 1.519,
                                                                                                        "Actual Rows": 1,
                                                                                                        "Actual Loops": 6,
                                                                                                        "Hash Buckets": 1024,
                                                                                                        "Original Hash Buckets": 1024,
                                                                                                        "Hash Batches": 1,
                                                                                                        "Original Hash Batches": 1,
                                                                                                        "Peak Memory Usage": 104,
                                                                                                        "Workers": [],
                                                                                                        "Plans": [
                                                                                                            {
                                                                                                                "Node Type": "Seq Scan",
                                                                                                                "Parent Relationship": "Outer",
                                                                                                                "Parallel Aware": true,
                                                                                                                "Async Capable": false,
                                                                                                                "Relation Name": "tag",
                                                                                                                "Alias": "t2",
                                                                                                                "Startup Cost": 0.0,
                                                                                                                "Total Cost": 2573.31,
                                                                                                                "Plan Rows": 2,
                                                                                                                "Plan Width": 8,
                                                                                                                "Actual Startup Time": 0.531,
                                                                                                                "Actual Total Time": 1.484,
                                                                                                                "Actual Rows": 1,
                                                                                                                "Actual Loops": 6,
                                                                                                                "Filter": "((name)::text = 'quantum-mechanics'::text)",
                                                                                                                "Rows Removed by Filter": 31127,
                                                                                                                "Workers": []
                                                                                                            }
                                                                                                        ]
                                                                                                    }
                                                                                                ]
                                                                                            }
                                                                                        ]
                                                                                    },
                                                                                    {
                                                                                        "Node Type": "Sort",
                                                                                        "Parent Relationship": "Inner",
                                                                                        "Parallel Aware": false,
                                                                                        "Async Capable": false,
                                                                                        "Startup Cost": 3775.63,
                                                                                        "Total Cost": 3775.64,
                                                                                        "Plan Rows": 1,
                                                                                        "Plan Width": 32,
                                                                                        "Actual Startup Time": 894.799,
                                                                                        "Actual Total Time": 895.205,
                                                                                        "Actual Rows": 5758,
                                                                                        "Actual Loops": 6,
                                                                                        "Sort Key": [
                                                                                            "u1.account_id"
                                                                                        ],
                                                                                        "Sort Method": "quicksort",
                                                                                        "Sort Space Used": 511,
                                                                                        "Sort Space Type": "Memory",
                                                                                        "Workers": [
                                                                                            {
                                                                                                "Worker Number": 0,
                                                                                                "Sort Method": "quicksort",
                                                                                                "Sort Space Used": 511,
                                                                                                "Sort Space Type": "Memory"
                                                                                            },
                                                                                            {
                                                                                                "Worker Number": 1,
                                                                                                "Sort Method": "quicksort",
                                                                                                "Sort Space Used": 511,
                                                                                                "Sort Space Type": "Memory"
                                                                                            },
                                                                                            {
                                                                                                "Worker Number": 2,
                                                                                                "Sort Method": "quicksort",
                                                                                                "Sort Space Used": 511,
                                                                                                "Sort Space Type": "Memory"
                                                                                            },
                                                                                            {
                                                                                                "Worker Number": 3,
                                                                                                "Sort Method": "quicksort",
                                                                                                "Sort Space Used": 511,
                                                                                                "Sort Space Type": "Memory"
                                                                                            },
                                                                                            {
                                                                                                "Worker Number": 4,
                                                                                                "Sort Method": "quicksort",
                                                                                                "Sort Space Used": 511,
                                                                                                "Sort Space Type": "Memory"
                                                                                            }
                                                                                        ],
                                                                                        "Plans": [
                                                                                            {
                                                                                                "Node Type": "Nested Loop",
                                                                                                "Parent Relationship": "Outer",
                                                                                                "Parallel Aware": false,
                                                                                                "Async Capable": false,
                                                                                                "Join Type": "Inner",
                                                                                                "Startup Cost": 1.44,
                                                                                                "Total Cost": 3775.62,
                                                                                                "Plan Rows": 1,
                                                                                                "Plan Width": 32,
                                                                                                "Actual Startup Time": 5.642,
                                                                                                "Actual Total Time": 891.924,
                                                                                                "Actual Rows": 5815,
                                                                                                "Actual Loops": 6,
                                                                                                "Inner Unique": true,
                                                                                                "Join Filter": "(t1.site_id = u1.site_id)",
                                                                                                "Rows Removed by Join Filter": 0,
                                                                                                "Workers": [],
                                                                                                "Plans": [
                                                                                                    {
                                                                                                        "Node Type": "Nested Loop",
                                                                                                        "Parent Relationship": "Outer",
                                                                                                        "Parallel Aware": false,
                                                                                                        "Async Capable": false,
                                                                                                        "Join Type": "Inner",
                                                                                                        "Startup Cost": 1.0,
                                                                                                        "Total Cost": 3767.98,
                                                                                                        "Plan Rows": 1,
                                                                                                        "Plan Width": 28,
                                                                                                        "Actual Startup Time": 5.497,
                                                                                                        "Actual Total Time": 498.126,
                                                                                                        "Actual Rows": 5815,
                                                                                                        "Actual Loops": 6,
                                                                                                        "Inner Unique": false,
                                                                                                        "Join Filter": "(t1.site_id = a1.site_id)",
                                                                                                        "Rows Removed by Join Filter": 0,
                                                                                                        "Workers": [],
                                                                                                        "Plans": [
                                                                                                            {
                                                                                                                "Node Type": "Nested Loop",
                                                                                                                "Parent Relationship": "Outer",
                                                                                                                "Parallel Aware": false,
                                                                                                                "Async Capable": false,
                                                                                                                "Join Type": "Inner",
                                                                                                                "Startup Cost": 0.56,
                                                                                                                "Total Cost": 3600.17,
                                                                                                                "Plan Rows": 22,
                                                                                                                "Plan Width": 16,
                                                                                                                "Actual Startup Time": 5.472,
                                                                                                                "Actual Total Time": 123.91,
                                                                                                                "Actual Rows": 17825,
                                                                                                                "Actual Loops": 6,
                                                                                                                "Inner Unique": false,
                                                                                                                "Workers": [],
                                                                                                                "Plans": [
                                                                                                                    {
                                                                                                                        "Node Type": "Nested Loop",
                                                                                                                        "Parent Relationship": "Outer",
                                                                                                                        "Parallel Aware": false,
                                                                                                                        "Async Capable": false,
                                                                                                                        "Join Type": "Inner",
                                                                                                                        "Startup Cost": 0.0,
                                                                                                                        "Total Cost": 3538.34,
                                                                                                                        "Plan Rows": 1,
                                                                                                                        "Plan Width": 12,
                                                                                                                        "Actual Startup Time": 4.307,
                                                                                                                        "Actual Total Time": 9.785,
                                                                                                                        "Actual Rows": 1,
                                                                                                                        "Actual Loops": 6,
                                                                                                                        "Inner Unique": false,
                                                                                                                        "Join Filter": "(t1.site_id = s1.site_id)",
                                                                                                                        "Rows Removed by Join Filter": 36,
                                                                                                                        "Workers": [],
                                                                                                                        "Plans": [
                                                                                                                            {
                                                                                                                                "Node Type": "Seq Scan",
                                                                                                                                "Parent Relationship": "Outer",
                                                                                                                                "Parallel Aware": false,
                                                                                                                                "Async Capable": false,
                                                                                                                                "Relation Name": "site",
                                                                                                                                "Alias": "s1",
                                                                                                                                "Startup Cost": 0.0,
                                                                                                                                "Total Cost": 3.16,
                                                                                                                                "Plan Rows": 1,
                                                                                                                                "Plan Width": 4,
                                                                                                                                "Actual Startup Time": 0.009,
                                                                                                                                "Actual Total Time": 0.011,
                                                                                                                                "Actual Rows": 1,
                                                                                                                                "Actual Loops": 6,
                                                                                                                                "Filter": "((site_name)::text = 'stackoverflow'::text)",
                                                                                                                                "Rows Removed by Filter": 172,
                                                                                                                                "Workers": []
                                                                                                                            },
                                                                                                                            {
                                                                                                                                "Node Type": "Seq Scan",
                                                                                                                                "Parent Relationship": "Inner",
                                                                                                                                "Parallel Aware": false,
                                                                                                                                "Async Capable": false,
                                                                                                                                "Relation Name": "tag",
                                                                                                                                "Alias": "t1",
                                                                                                                                "Startup Cost": 0.0,
                                                                                                                                "Total Cost": 3534.62,
                                                                                                                                "Plan Rows": 44,
                                                                                                                                "Plan Width": 8,
                                                                                                                                "Actual Startup Time": 0.117,
                                                                                                                                "Actual Total Time": 9.767,
                                                                                                                                "Actual Rows": 37,
                                                                                                                                "Actual Loops": 6,
                                                                                                                                "Filter": "((name)::text = 'authentication'::text)",
                                                                                                                                "Rows Removed by Filter": 186733,
                                                                                                                                "Workers": []
                                                                                                                            }
                                                                                                                        ]
                                                                                                                    },
                                                                                                                    {
                                                                                                                        "Node Type": "Index Only Scan",
                                                                                                                        "Parent Relationship": "Inner",
                                                                                                                        "Parallel Aware": false,
                                                                                                                        "Async Capable": false,
                                                                                                                        "Scan Direction": "Forward",
                                                                                                                        "Index Name": "tag_question_site_id_tag_id_question_id_idx",
                                                                                                                        "Relation Name": "tag_question",
                                                                                                                        "Alias": "tq1",
                                                                                                                        "Startup Cost": 0.56,
                                                                                                                        "Total Cost": 61.53,
                                                                                                                        "Plan Rows": 31,
                                                                                                                        "Plan Width": 12,
                                                                                                                        "Actual Startup Time": 1.162,
                                                                                                                        "Actual Total Time": 111.29,
                                                                                                                        "Actual Rows": 17825,
                                                                                                                        "Actual Loops": 6,
                                                                                                                        "Index Cond": "((site_id = t1.site_id) AND (tag_id = t1.id))",
                                                                                                                        "Rows Removed by Index Recheck": 0,
                                                                                                                        "Heap Fetches": 106950,
                                                                                                                        "Workers": []
                                                                                                                    }
                                                                                                                ]
                                                                                                            },
                                                                                                            {
                                                                                                                "Node Type": "Index Scan",
                                                                                                                "Parent Relationship": "Inner",
                                                                                                                "Parallel Aware": false,
                                                                                                                "Async Capable": false,
                                                                                                                "Scan Direction": "Forward",
                                                                                                                "Index Name": "answer_site_id_question_id_idx",
                                                                                                                "Relation Name": "answer",
                                                                                                                "Alias": "a1",
                                                                                                                "Startup Cost": 0.43,
                                                                                                                "Total Cost": 7.62,
                                                                                                                "Plan Rows": 1,
                                                                                                                "Plan Width": 12,
                                                                                                                "Actual Startup Time": 0.02,
                                                                                                                "Actual Total Time": 0.021,
                                                                                                                "Actual Rows": 0,
                                                                                                                "Actual Loops": 106950,
                                                                                                                "Index Cond": "((site_id = tq1.site_id) AND (question_id = tq1.question_id))",
                                                                                                                "Rows Removed by Index Recheck": 0,
                                                                                                                "Workers": []
                                                                                                            }
                                                                                                        ]
                                                                                                    },
                                                                                                    {
                                                                                                        "Node Type": "Index Scan",
                                                                                                        "Parent Relationship": "Inner",
                                                                                                        "Parallel Aware": false,
                                                                                                        "Async Capable": false,
                                                                                                        "Scan Direction": "Forward",
                                                                                                        "Index Name": "so_user_pkey",
                                                                                                        "Relation Name": "so_user",
                                                                                                        "Alias": "u1",
                                                                                                        "Startup Cost": 0.44,
                                                                                                        "Total Cost": 7.63,
                                                                                                        "Plan Rows": 1,
                                                                                                        "Plan Width": 12,
                                                                                                        "Actual Startup Time": 0.067,
                                                                                                        "Actual Total Time": 0.067,
                                                                                                        "Actual Rows": 1,
                                                                                                        "Actual Loops": 34890,
                                                                                                        "Index Cond": "((id = a1.owner_user_id) AND (site_id = a1.site_id))",
                                                                                                        "Rows Removed by Index Recheck": 0,
                                                                                                        "Workers": []
                                                                                                    }
                                                                                                ]
                                                                                            }
                                                                                        ]
                                                                                    }
                                                                                ]
                                                                            },
                                                                            {
                                                                                "Node Type": "Index Scan",
                                                                                "Parent Relationship": "Inner",
                                                                                "Parallel Aware": false,
                                                                                "Async Capable": false,
                                                                                "Scan Direction": "Forward",
                                                                                "Index Name": "question_owner_user_id_idx",
                                                                                "Relation Name": "question",
                                                                                "Alias": "q2",
                                                                                "Startup Cost": 0.43,
                                                                                "Total Cost": 74.45,
                                                                                "Plan Rows": 1,
                                                                                "Plan Width": 12,
                                                                                "Actual Startup Time": 0.147,
                                                                                "Actual Total Time": 0.16,
                                                                                "Actual Rows": 0,
                                                                                "Actual Loops": 637,
                                                                                "Index Cond": "(owner_user_id = u2.id)",
                                                                                "Rows Removed by Index Recheck": 0,
                                                                                "Filter": "(site_id = u2.site_id)",
                                                                                "Rows Removed by Filter": 36,
                                                                                "Workers": []
                                                                            }
                                                                        ]
                                                                    },
                                                                    {
                                                                        "Node Type": "Index Only Scan",
                                                                        "Parent Relationship": "Inner",
                                                                        "Parallel Aware": false,
                                                                        "Async Capable": false,
                                                                        "Scan Direction": "Forward",
                                                                        "Index Name": "question_pkey",
                                                                        "Relation Name": "question",
                                                                        "Alias": "q1",
                                                                        "Startup Cost": 0.43,
                                                                        "Total Cost": 4.04,
                                                                        "Plan Rows": 1,
                                                                        "Plan Width": 8,
                                                                        "Actual Startup Time": 0.004,
                                                                        "Actual Total Time": 0.004,
                                                                        "Actual Rows": 1,
                                                                        "Actual Loops": 316,
                                                                        "Index Cond": "((id = tq1.question_id) AND (site_id = tq1.site_id))",
                                                                        "Rows Removed by Index Recheck": 0,
                                                                        "Heap Fetches": 0,
                                                                        "Workers": []
                                                                    }
                                                                ]
                                                            },
                                                            {
                                                                "Node Type": "Index Only Scan",
                                                                "Parent Relationship": "Inner",
                                                                "Parallel Aware": false,
                                                                "Async Capable": false,
                                                                "Scan Direction": "Forward",
                                                                "Index Name": "tag_question_pkey",
                                                                "Relation Name": "tag_question",
                                                                "Alias": "tq2",
                                                                "Startup Cost": 0.56,
                                                                "Total Cost": 7.77,
                                                                "Plan Rows": 1,
                                                                "Plan Width": 12,
                                                                "Actual Startup Time": 0.062,
                                                                "Actual Total Time": 0.064,
                                                                "Actual Rows": 3,
                                                                "Actual Loops": 316,
                                                                "Index Cond": "((site_id = q2.site_id) AND (question_id = q2.id))",
                                                                "Rows Removed by Index Recheck": 0,
                                                                "Heap Fetches": 908,
                                                                "Workers": []
                                                            }
                                                        ]
                                                    },
                                                    {
                                                        "Node Type": "Index Scan",
                                                        "Parent Relationship": "Inner",
                                                        "Parallel Aware": false,
                                                        "Async Capable": false,
                                                        "Scan Direction": "Forward",
                                                        "Index Name": "account_pkey",
                                                        "Relation Name": "account",
                                                        "Alias": "account",
                                                        "Startup Cost": 0.43,
                                                        "Total Cost": 7.62,
                                                        "Plan Rows": 1,
                                                        "Plan Width": 15,
                                                        "Actual Startup Time": 0.052,
                                                        "Actual Total Time": 0.052,
                                                        "Actual Rows": 1,
                                                        "Actual Loops": 23,
                                                        "Index Cond": "(id = u1.account_id)",
                                                        "Rows Removed by Index Recheck": 0,
                                                        "Workers": []
                                                    }
                                                ]
                                            }
                                        ]
                                    }
                                ]
                            }
                        ]
                    },
                    "Planning Time": 91.627,
                    "Triggers": [],
                    "Execution Time": 1277.371
                }
            ],
            "hints": [
                "SET enable_hashjoin TO on",
                "SET enable_indexonlyscan TO on",
                "SET enable_indexscan TO on",
                "SET enable_mergejoin TO on",
                "SET enable_nestloop TO on",
                "SET enable_seqscan TO on"
            ]
        },
        {
            "arm": 1,
            "execution_time": 30000,
            "plan": "Query execution error: canceling statement due to statement timeout\n",
            "hints": [
                "SET enable_hashjoin TO on",
                "SET enable_indexonlyscan TO on",
                "SET enable_indexscan TO on",
                "SET enable_mergejoin TO on",
                "SET enable_nestloop TO off",
                "SET enable_seqscan TO on"
            ]
        },
        {
            "arm": 2,
            "execution_time": 423.143,
            "plan": [
                {
                    "Plan": {
                        "Node Type": "Aggregate",
                        "Strategy": "Plain",
                        "Partial Mode": "Simple",
                        "Parallel Aware": false,
                        "Async Capable": false,
                        "Startup Cost": 257399.02,
                        "Total Cost": 257399.03,
                        "Plan Rows": 1,
                        "Plan Width": 8,
                        "Actual Startup Time": 406.833,
                        "Actual Total Time": 423.063,
                        "Actual Rows": 1,
                        "Actual Loops": 1,
                        "Plans": [
                            {
                                "Node Type": "Gather Merge",
                                "Parent Relationship": "Outer",
                                "Parallel Aware": false,
                                "Async Capable": false,
                                "Startup Cost": 257398.89,
                                "Total Cost": 257399.02,
                                "Plan Rows": 1,
                                "Plan Width": 11,
                                "Actual Startup Time": 406.822,
                                "Actual Total Time": 423.055,
                                "Actual Rows": 23,
                                "Actual Loops": 1,
                                "Workers Planned": 5,
                                "Workers Launched": 5,
                                "Plans": [
                                    {
                                        "Node Type": "Sort",
                                        "Parent Relationship": "Outer",
                                        "Parallel Aware": false,
                                        "Async Capable": false,
                                        "Startup Cost": 256398.81,
                                        "Total Cost": 256398.82,
                                        "Plan Rows": 1,
                                        "Plan Width": 11,
                                        "Actual Startup Time": 403.952,
                                        "Actual Total Time": 403.962,
                                        "Actual Rows": 4,
                                        "Actual Loops": 6,
                                        "Sort Key": [
                                            "account.display_name"
                                        ],
                                        "Sort Method": "quicksort",
                                        "Sort Space Used": 25,
                                        "Sort Space Type": "Memory",
                                        "Workers": [
                                            {
                                                "Worker Number": 0,
                                                "Sort Method": "quicksort",
                                                "Sort Space Used": 25,
                                                "Sort Space Type": "Memory"
                                            },
                                            {
                                                "Worker Number": 1,
                                                "Sort Method": "quicksort",
                                                "Sort Space Used": 25,
                                                "Sort Space Type": "Memory"
                                            },
                                            {
                                                "Worker Number": 2,
                                                "Sort Method": "quicksort",
                                                "Sort Space Used": 25,
                                                "Sort Space Type": "Memory"
                                            },
                                            {
                                                "Worker Number": 3,
                                                "Sort Method": "quicksort",
                                                "Sort Space Used": 25,
                                                "Sort Space Type": "Memory"
                                            },
                                            {
                                                "Worker Number": 4,
                                                "Sort Method": "quicksort",
                                                "Sort Space Used": 25,
                                                "Sort Space Type": "Memory"
                                            }
                                        ],
                                        "Plans": [
                                            {
                                                "Node Type": "Nested Loop",
                                                "Parent Relationship": "Outer",
                                                "Parallel Aware": false,
                                                "Async Capable": false,
                                                "Join Type": "Inner",
                                                "Startup Cost": 5410.77,
                                                "Total Cost": 256398.8,
                                                "Plan Rows": 1,
                                                "Plan Width": 11,
                                                "Actual Startup Time": 267.872,
                                                "Actual Total Time": 403.927,
                                                "Actual Rows": 4,
                                                "Actual Loops": 6,
                                                "Inner Unique": true,
                                                "Workers": [],
                                                "Plans": [
                                                    {
                                                        "Node Type": "Nested Loop",
                                                        "Parent Relationship": "Outer",
                                                        "Parallel Aware": false,
                                                        "Async Capable": false,
                                                        "Join Type": "Inner",
                                                        "Startup Cost": 5406.74,
                                                        "Total Cost": 256390.76,
                                                        "Plan Rows": 1,
                                                        "Plan Width": 8,
                                                        "Actual Startup Time": 267.858,
                                                        "Actual Total Time": 403.894,
                                                        "Actual Rows": 4,
                                                        "Actual Loops": 6,
                                                        "Inner Unique": true,
                                                        "Join Filter": "((t2.site_id = tq2.site_id) AND (t2.id = tq2.tag_id))",
                                                        "Rows Removed by Join Filter": 147,
                                                        "Workers": [],
                                                        "Plans": [
                                                            {
                                                                "Node Type": "Nested Loop",
                                                                "Parent Relationship": "Outer",
                                                                "Parallel Aware": false,
                                                                "Async Capable": false,
                                                                "Join Type": "Inner",
                                                                "Startup Cost": 5402.58,
                                                                "Total Cost": 256382.57,
                                                                "Plan Rows": 1,
                                                                "Plan Width": 32,
                                                                "Actual Startup Time": 198.128,
                                                                "Actual Total Time": 403.573,
                                                                "Actual Rows": 53,
                                                                "Actual Loops": 6,
                                                                "Inner Unique": true,
                                                                "Join Filter": "(t1.site_id = q1.site_id)",
                                                                "Rows Removed by Join Filter": 0,
                                                                "Workers": [],
                                                                "Plans": [
                                                                    {
                                                                        "Node Type": "Nested Loop",
                                                                        "Parent Relationship": "Outer",
                                                                        "Parallel Aware": false,
                                                                        "Async Capable": false,
                                                                        "Join Type": "Inner",
                                                                        "Startup Cost": 5398.55,
                                                                        "Total Cost": 256374.51,
                                                                        "Plan Rows": 1,
                                                                        "Plan Width": 60,
                                                                        "Actual Startup Time": 198.102,
                                                                        "Actual Total Time": 403.287,
                                                                        "Actual Rows": 53,
                                                                        "Actual Loops": 6,
                                                                        "Inner Unique": false,
                                                                        "Join Filter": "(t2.site_id = q2.site_id)",
                                                                        "Rows Removed by Join Filter": 0,
                                                                        "Workers": [],
                                                                        "Plans": [
                                                                            {
                                                                                "Node Type": "Hash Join",
                                                                                "Parent Relationship": "Outer",
                                                                                "Parallel Aware": true,
                                                                                "Async Capable": false,
                                                                                "Join Type": "Inner",
                                                                                "Startup Cost": 5394.3,
                                                                                "Total Cost": 256258.13,
                                                                                "Plan Rows": 1,
                                                                                "Plan Width": 56,
                                                                                "Actual Startup Time": 197.462,
                                                                                "Actual Total Time": 398.377,
                                                                                "Actual Rows": 106,
                                                                                "Actual Loops": 6,
                                                                                "Inner Unique": false,
                                                                                "Hash Cond": "(u2.account_id = u1.account_id)",
                                                                                "Workers": [],
                                                                                "Plans": [
                                                                                    {
                                                                                        "Node Type": "Hash Join",
                                                                                        "Parent Relationship": "Outer",
                                                                                        "Parallel Aware": true,
                                                                                        "Async Capable": false,
                                                                                        "Join Type": "Inner",
                                                                                        "Startup Cost": 2576.51,
                                                                                        "Total Cost": 253438.74,
                                                                                        "Plan Rows": 423,
                                                                                        "Plan Width": 24,
                                                                                        "Actual Startup Time": 88.606,
                                                                                        "Actual Total Time": 288.039,
                                                                                        "Actual Rows": 29403,
                                                                                        "Actual Loops": 6,
                                                                                        "Inner Unique": false,
                                                                                        "Hash Cond": "(s2.site_id = t2.site_id)",
                                                                                        "Workers": [],
                                                                                        "Plans": [
                                                                                            {
                                                                                                "Node Type": "Hash Join",
                                                                                                "Parent Relationship": "Outer",
                                                                                                "Parallel Aware": false,
                                                                                                "Async Capable": false,
                                                                                                "Join Type": "Inner",
                                                                                                "Startup Cost": 3.18,
                                                                                                "Total Cost": 250740.65,
                                                                                                "Plan Rows": 24388,
                                                                                                "Plan Width": 16,
                                                                                                "Actual Startup Time": 86.451,
                                                                                                "Actual Total Time": 283.403,
                                                                                                "Actual Rows": 29403,
                                                                                                "Actual Loops": 6,
                                                                                                "Inner Unique": true,
                                                                                                "Hash Cond": "(u2.site_id = s2.site_id)",
                                                                                                "Workers": [],
                                                                                                "Plans": [
                                                                                                    {
                                                                                                        "Node Type": "Seq Scan",
                                                                                                        "Parent Relationship": "Outer",
                                                                                                        "Parallel Aware": true,
                                                                                                        "Async Capable": false,
                                                                                                        "Relation Name": "so_user",
                                                                                                        "Alias": "u2",
                                                                                                        "Startup Cost": 0.0,
                                                                                                        "Total Cost": 239391.02,
                                                                                                        "Plan Rows": 4219102,
                                                                                                        "Plan Width": 12,
                                                                                                        "Actual Startup Time": 0.026,
                                                                                                        "Actual Total Time": 160.599,
                                                                                                        "Actual Rows": 3516217,
                                                                                                        "Actual Loops": 6,
                                                                                                        "Workers": []
                                                                                                    },
                                                                                                    {
                                                                                                        "Node Type": "Hash",
                                                                                                        "Parent Relationship": "Inner",
                                                                                                        "Parallel Aware": false,
                                                                                                        "Async Capable": false,
                                                                                                        "Startup Cost": 3.16,
                                                                                                        "Total Cost": 3.16,
                                                                                                        "Plan Rows": 1,
                                                                                                        "Plan Width": 4,
                                                                                                        "Actual Startup Time": 0.016,
                                                                                                        "Actual Total Time": 0.016,
                                                                                                        "Actual Rows": 1,
                                                                                                        "Actual Loops": 6,
                                                                                                        "Hash Buckets": 1024,
                                                                                                        "Original Hash Buckets": 1024,
                                                                                                        "Hash Batches": 1,
                                                                                                        "Original Hash Batches": 1,
                                                                                                        "Peak Memory Usage": 9,
                                                                                                        "Workers": [],
                                                                                                        "Plans": [
                                                                                                            {
                                                                                                                "Node Type": "Seq Scan",
                                                                                                                "Parent Relationship": "Outer",
                                                                                                                "Parallel Aware": false,
                                                                                                                "Async Capable": false,
                                                                                                                "Relation Name": "site",
                                                                                                                "Alias": "s2",
                                                                                                                "Startup Cost": 0.0,
                                                                                                                "Total Cost": 3.16,
                                                                                                                "Plan Rows": 1,
                                                                                                                "Plan Width": 4,
                                                                                                                "Actual Startup Time": 0.01,
                                                                                                                "Actual Total Time": 0.013,
                                                                                                                "Actual Rows": 1,
                                                                                                                "Actual Loops": 6,
                                                                                                                "Filter": "((site_name)::text = 'physics'::text)",
                                                                                                                "Rows Removed by Filter": 172,
                                                                                                                "Workers": []
                                                                                                            }
                                                                                                        ]
                                                                                                    }
                                                                                                ]
                                                                                            },
                                                                                            {
                                                                                                "Node Type": "Hash",
                                                                                                "Parent Relationship": "Inner",
                                                                                                "Parallel Aware": true,
                                                                                                "Async Capable": false,
                                                                                                "Startup Cost": 2573.31,
                                                                                                "Total Cost": 2573.31,
                                                                                                "Plan Rows": 2,
                                                                                                "Plan Width": 8,
                                                                                                "Actual Startup Time": 2.106,
                                                                                                "Actual Total Time": 2.107,
                                                                                                "Actual Rows": 1,
                                                                                                "Actual Loops": 6,
                                                                                                "Hash Buckets": 1024,
                                                                                                "Original Hash Buckets": 1024,
                                                                                                "Hash Batches": 1,
                                                                                                "Original Hash Batches": 1,
                                                                                                "Peak Memory Usage": 136,
                                                                                                "Workers": [],
                                                                                                "Plans": [
                                                                                                    {
                                                                                                        "Node Type": "Seq Scan",
                                                                                                        "Parent Relationship": "Outer",
                                                                                                        "Parallel Aware": true,
                                                                                                        "Async Capable": false,
                                                                                                        "Relation Name": "tag",
                                                                                                        "Alias": "t2",
                                                                                                        "Startup Cost": 0.0,
                                                                                                        "Total Cost": 2573.31,
                                                                                                        "Plan Rows": 2,
                                                                                                        "Plan Width": 8,
                                                                                                        "Actual Startup Time": 1.179,
                                                                                                        "Actual Total Time": 2.088,
                                                                                                        "Actual Rows": 1,
                                                                                                        "Actual Loops": 6,
                                                                                                        "Filter": "((name)::text = 'quantum-mechanics'::text)",
                                                                                                        "Rows Removed by Filter": 31127,
                                                                                                        "Workers": []
                                                                                                    }
                                                                                                ]
                                                                                            }
                                                                                        ]
                                                                                    },
                                                                                    {
                                                                                        "Node Type": "Hash",
                                                                                        "Parent Relationship": "Inner",
                                                                                        "Parallel Aware": true,
                                                                                        "Async Capable": false,
                                                                                        "Startup Cost": 2817.78,
                                                                                        "Total Cost": 2817.78,
                                                                                        "Plan Rows": 1,
                                                                                        "Plan Width": 32,
                                                                                        "Actual Startup Time": 108.536,
                                                                                        "Actual Total Time": 108.54,
                                                                                        "Actual Rows": 969,
                                                                                        "Actual Loops": 6,
                                                                                        "Hash Buckets": 8192,
                                                                                        "Original Hash Buckets": 1024,
                                                                                        "Hash Batches": 1,
                                                                                        "Original Hash Batches": 1,
                                                                                        "Peak Memory Usage": 504,
                                                                                        "Workers": [],
                                                                                        "Plans": [
                                                                                            {
                                                                                                "Node Type": "Nested Loop",
                                                                                                "Parent Relationship": "Outer",
                                                                                                "Parallel Aware": false,
                                                                                                "Async Capable": false,
                                                                                                "Join Type": "Inner",
                                                                                                "Startup Cost": 16.11,
                                                                                                "Total Cost": 2817.78,
                                                                                                "Plan Rows": 1,
                                                                                                "Plan Width": 32,
                                                                                                "Actual Startup Time": 2.472,
                                                                                                "Actual Total Time": 19.408,
                                                                                                "Actual Rows": 969,
                                                                                                "Actual Loops": 6,
                                                                                                "Inner Unique": true,
                                                                                                "Join Filter": "(t1.site_id = u1.site_id)",
                                                                                                "Rows Removed by Join Filter": 0,
                                                                                                "Workers": [],
                                                                                                "Plans": [
                                                                                                    {
                                                                                                        "Node Type": "Nested Loop",
                                                                                                        "Parent Relationship": "Outer",
                                                                                                        "Parallel Aware": false,
                                                                                                        "Async Capable": false,
                                                                                                        "Join Type": "Inner",
                                                                                                        "Startup Cost": 12.08,
                                                                                                        "Total Cost": 2809.72,
                                                                                                        "Plan Rows": 1,
                                                                                                        "Plan Width": 28,
                                                                                                        "Actual Startup Time": 2.468,
                                                                                                        "Actual Total Time": 14.949,
                                                                                                        "Actual Rows": 969,
                                                                                                        "Actual Loops": 6,
                                                                                                        "Inner Unique": false,
                                                                                                        "Join Filter": "(t1.site_id = a1.site_id)",
                                                                                                        "Rows Removed by Join Filter": 0,
                                                                                                        "Workers": [],
                                                                                                        "Plans": [
                                                                                                            {
                                                                                                                "Node Type": "Nested Loop",
                                                                                                                "Parent Relationship": "Outer",
                                                                                                                "Parallel Aware": false,
                                                                                                                "Async Capable": false,
                                                                                                                "Join Type": "Inner",
                                                                                                                "Startup Cost": 8.06,
                                                                                                                "Total Cost": 2705.05,
                                                                                                                "Plan Rows": 13,
                                                                                                                "Plan Width": 16,
                                                                                                                "Actual Startup Time": 2.462,
                                                                                                                "Actual Total Time": 6.822,
                                                                                                                "Actual Rows": 2971,
                                                                                                                "Actual Loops": 6,
                                                                                                                "Inner Unique": false,
                                                                                                                "Workers": [],
                                                                                                                "Plans": [
                                                                                                                    {
                                                                                                                        "Node Type": "Hash Join",
                                                                                                                        "Parent Relationship": "Outer",
                                                                                                                        "Parallel Aware": false,
                                                                                                                        "Async Capable": false,
                                                                                                                        "Join Type": "Inner",
                                                                                                                        "Startup Cost": 3.18,
                                                                                                                        "Total Cost": 2576.55,
                                                                                                                        "Plan Rows": 1,
                                                                                                                        "Plan Width": 12,
                                                                                                                        "Actual Startup Time": 1.669,
                                                                                                                        "Actual Total Time": 1.671,
                                                                                                                        "Actual Rows": 0,
                                                                                                                        "Actual Loops": 6,
                                                                                                                        "Inner Unique": true,
                                                                                                                        "Hash Cond": "(t1.site_id = s1.site_id)",
                                                                                                                        "Workers": [],
                                                                                                                        "Plans": [
                                                                                                                            {
                                                                                                                                "Node Type": "Seq Scan",
                                                                                                                                "Parent Relationship": "Outer",
                                                                                                                                "Parallel Aware": true,
                                                                                                                                "Async Capable": false,
                                                                                                                                "Relation Name": "tag",
                                                                                                                                "Alias": "t1",
                                                                                                                                "Startup Cost": 0.0,
                                                                                                                                "Total Cost": 2573.31,
                                                                                                                                "Plan Rows": 26,
                                                                                                                                "Plan Width": 8,
                                                                                                                                "Actual Startup Time": 0.2,
                                                                                                                                "Actual Total Time": 1.642,
                                                                                                                                "Actual Rows": 6,
                                                                                                                                "Actual Loops": 6,
                                                                                                                                "Filter": "((name)::text = 'authentication'::text)",
                                                                                                                                "Rows Removed by Filter": 31122,
                                                                                                                                "Workers": []
                                                                                                                            },
                                                                                                                            {
                                                                                                                                "Node Type": "Hash",
                                                                                                                                "Parent Relationship": "Inner",
                                                                                                                                "Parallel Aware": false,
                                                                                                                                "Async Capable": false,
                                                                                                                                "Startup Cost": 3.16,
                                                                                                                                "Total Cost": 3.16,
                                                                                                                                "Plan Rows": 1,
                                                                                                                                "Plan Width": 4,
                                                                                                                                "Actual Startup Time": 0.021,
                                                                                                                                "Actual Total Time": 0.022,
                                                                                                                                "Actual Rows": 1,
                                                                                                                                "Actual Loops": 6,
                                                                                                                                "Hash Buckets": 1024,
                                                                                                                                "Original Hash Buckets": 1024,
                                                                                                                                "Hash Batches": 1,
                                                                                                                                "Original Hash Batches": 1,
                                                                                                                                "Peak Memory Usage": 9,
                                                                                                                                "Workers": [],
                                                                                                                                "Plans": [
                                                                                                                                    {
                                                                                                                                        "Node Type": "Seq Scan",
                                                                                                                                        "Parent Relationship": "Outer",
                                                                                                                                        "Parallel Aware": false,
                                                                                                                                        "Async Capable": false,
                                                                                                                                        "Relation Name": "site",
                                                                                                                                        "Alias": "s1",
                                                                                                                                        "Startup Cost": 0.0,
                                                                                                                                        "Total Cost": 3.16,
                                                                                                                                        "Plan Rows": 1,
                                                                                                                                        "Plan Width": 4,
                                                                                                                                        "Actual Startup Time": 0.015,
                                                                                                                                        "Actual Total Time": 0.017,
                                                                                                                                        "Actual Rows": 1,
                                                                                                                                        "Actual Loops": 6,
                                                                                                                                        "Filter": "((site_name)::text = 'stackoverflow'::text)",
                                                                                                                                        "Rows Removed by Filter": 172,
                                                                                                                                        "Workers": []
                                                                                                                                    }
                                                                                                                                ]
                                                                                                                            }
                                                                                                                        ]
                                                                                                                    },
                                                                                                                    {
                                                                                                                        "Node Type": "Bitmap Heap Scan",
                                                                                                                        "Parent Relationship": "Inner",
                                                                                                                        "Parallel Aware": false,
                                                                                                                        "Async Capable": false,
                                                                                                                        "Relation Name": "tag_question",
                                                                                                                        "Alias": "tq1",
                                                                                                                        "Startup Cost": 4.88,
                                                                                                                        "Total Cost": 128.19,
                                                                                                                        "Plan Rows": 31,
                                                                                                                        "Plan Width": 12,
                                                                                                                        "Actual Startup Time": 4.759,
                                                                                                                        "Actual Total Time": 29.73,
                                                                                                                        "Actual Rows": 17825,
                                                                                                                        "Actual Loops": 1,
                                                                                                                        "Recheck Cond": "((t1.site_id = site_id) AND (t1.id = tag_id))",
                                                                                                                        "Rows Removed by Index Recheck": 0,
                                                                                                                        "Exact Heap Blocks": 0,
                                                                                                                        "Lossy Heap Blocks": 0,
                                                                                                                        "Workers": [],
                                                                                                                        "Plans": [
                                                                                                                            {
                                                                                                                                "Node Type": "Bitmap Index Scan",
                                                                                                                                "Parent Relationship": "Outer",
                                                                                                                                "Parallel Aware": false,
                                                                                                                                "Async Capable": false,
                                                                                                                                "Index Name": "tag_question_site_id_tag_id_question_id_idx",
                                                                                                                                "Startup Cost": 0.0,
                                                                                                                                "Total Cost": 4.88,
                                                                                                                                "Plan Rows": 31,
                                                                                                                                "Plan Width": 0,
                                                                                                                                "Actual Startup Time": 2.808,
                                                                                                                                "Actual Total Time": 2.808,
                                                                                                                                "Actual Rows": 17825,
                                                                                                                                "Actual Loops": 1,
                                                                                                                                "Index Cond": "((site_id = t1.site_id) AND (tag_id = t1.id))",
                                                                                                                                "Workers": []
                                                                                                                            }
                                                                                                                        ]
                                                                                                                    }
                                                                                                                ]
                                                                                                            },
                                                                                                            {
                                                                                                                "Node Type": "Bitmap Heap Scan",
                                                                                                                "Parent Relationship": "Inner",
                                                                                                                "Parallel Aware": false,
                                                                                                                "Async Capable": false,
                                                                                                                "Relation Name": "answer",
                                                                                                                "Alias": "a1",
                                                                                                                "Startup Cost": 4.02,
                                                                                                                "Total Cost": 8.04,
                                                                                                                "Plan Rows": 1,
                                                                                                                "Plan Width": 12,
                                                                                                                "Actual Startup Time": 0.002,
                                                                                                                "Actual Total Time": 0.002,
                                                                                                                "Actual Rows": 0,
                                                                                                                "Actual Loops": 17825,
                                                                                                                "Recheck Cond": "((site_id = tq1.site_id) AND (tq1.question_id = question_id))",
                                                                                                                "Rows Removed by Index Recheck": 0,
                                                                                                                "Exact Heap Blocks": 0,
                                                                                                                "Lossy Heap Blocks": 0,
                                                                                                                "Workers": [],
                                                                                                                "Plans": [
                                                                                                                    {
                                                                                                                        "Node Type": "Bitmap Index Scan",
                                                                                                                        "Parent Relationship": "Outer",
                                                                                                                        "Parallel Aware": false,
                                                                                                                        "Async Capable": false,
                                                                                                                        "Index Name": "answer_site_id_question_id_idx",
                                                                                                                        "Startup Cost": 0.0,
                                                                                                                        "Total Cost": 4.02,
                                                                                                                        "Plan Rows": 1,
                                                                                                                        "Plan Width": 0,
                                                                                                                        "Actual Startup Time": 0.002,
                                                                                                                        "Actual Total Time": 0.002,
                                                                                                                        "Actual Rows": 0,
                                                                                                                        "Actual Loops": 17825,
                                                                                                                        "Index Cond": "((site_id = tq1.site_id) AND (question_id = tq1.question_id))",
                                                                                                                        "Workers": []
                                                                                                                    }
                                                                                                                ]
                                                                                                            }
                                                                                                        ]
                                                                                                    },
                                                                                                    {
                                                                                                        "Node Type": "Bitmap Heap Scan",
                                                                                                        "Parent Relationship": "Inner",
                                                                                                        "Parallel Aware": false,
                                                                                                        "Async Capable": false,
                                                                                                        "Relation Name": "so_user",
                                                                                                        "Alias": "u1",
                                                                                                        "Startup Cost": 4.03,
                                                                                                        "Total Cost": 8.05,
                                                                                                        "Plan Rows": 1,
                                                                                                        "Plan Width": 12,
                                                                                                        "Actual Startup Time": 0.004,
                                                                                                        "Actual Total Time": 0.004,
                                                                                                        "Actual Rows": 1,
                                                                                                        "Actual Loops": 5815,
                                                                                                        "Recheck Cond": "((id = a1.owner_user_id) AND (a1.site_id = site_id))",
                                                                                                        "Rows Removed by Index Recheck": 0,
                                                                                                        "Exact Heap Blocks": 0,
                                                                                                        "Lossy Heap Blocks": 0,
                                                                                                        "Workers": [],
                                                                                                        "Plans": [
                                                                                                            {
                                                                                                                "Node Type": "Bitmap Index Scan",
                                                                                                                "Parent Relationship": "Outer",
                                                                                                                "Parallel Aware": false,
                                                                                                                "Async Capable": false,
                                                                                                                "Index Name": "so_user_pkey",
                                                                                                                "Startup Cost": 0.0,
                                                                                                                "Total Cost": 4.03,
                                                                                                                "Plan Rows": 1,
                                                                                                                "Plan Width": 0,
                                                                                                                "Actual Startup Time": 0.003,
                                                                                                                "Actual Total Time": 0.003,
                                                                                                                "Actual Rows": 1,
                                                                                                                "Actual Loops": 5815,
                                                                                                                "Index Cond": "((id = a1.owner_user_id) AND (site_id = a1.site_id))",
                                                                                                                "Workers": []
                                                                                                            }
                                                                                                        ]
                                                                                                    }
                                                                                                ]
                                                                                            }
                                                                                        ]
                                                                                    }
                                                                                ]
                                                                            },
                                                                            {
                                                                                "Node Type": "Bitmap Heap Scan",
                                                                                "Parent Relationship": "Inner",
                                                                                "Parallel Aware": false,
                                                                                "Async Capable": false,
                                                                                "Relation Name": "question",
                                                                                "Alias": "q2",
                                                                                "Startup Cost": 4.25,
                                                                                "Total Cost": 116.37,
                                                                                "Plan Rows": 1,
                                                                                "Plan Width": 12,
                                                                                "Actual Startup Time": 0.04,
                                                                                "Actual Total Time": 0.046,
                                                                                "Actual Rows": 0,
                                                                                "Actual Loops": 637,
                                                                                "Recheck Cond": "(u2.id = owner_user_id)",
                                                                                "Rows Removed by Index Recheck": 0,
                                                                                "Filter": "(site_id = u2.site_id)",
                                                                                "Rows Removed by Filter": 36,
                                                                                "Exact Heap Blocks": 551,
                                                                                "Lossy Heap Blocks": 0,
                                                                                "Workers": [],
                                                                                "Plans": [
                                                                                    {
                                                                                        "Node Type": "Bitmap Index Scan",
                                                                                        "Parent Relationship": "Outer",
                                                                                        "Parallel Aware": false,
                                                                                        "Async Capable": false,
                                                                                        "Index Name": "question_owner_user_id_idx",
                                                                                        "Startup Cost": 0.0,
                                                                                        "Total Cost": 4.25,
                                                                                        "Plan Rows": 31,
                                                                                        "Plan Width": 0,
                                                                                        "Actual Startup Time": 0.004,
                                                                                        "Actual Total Time": 0.004,
                                                                                        "Actual Rows": 37,
                                                                                        "Actual Loops": 637,
                                                                                        "Index Cond": "(owner_user_id = u2.id)",
                                                                                        "Workers": []
                                                                                    }
                                                                                ]
                                                                            }
                                                                        ]
                                                                    },
                                                                    {
                                                                        "Node Type": "Bitmap Heap Scan",
                                                                        "Parent Relationship": "Inner",
                                                                        "Parallel Aware": false,
                                                                        "Async Capable": false,
                                                                        "Relation Name": "question",
                                                                        "Alias": "q1",
                                                                        "Startup Cost": 4.03,
                                                                        "Total Cost": 8.04,
                                                                        "Plan Rows": 1,
                                                                        "Plan Width": 8,
                                                                        "Actual Startup Time": 0.005,
                                                                        "Actual Total Time": 0.005,
                                                                        "Actual Rows": 1,
                                                                        "Actual Loops": 316,
                                                                        "Recheck Cond": "((id = tq1.question_id) AND (site_id = tq1.site_id))",
                                                                        "Rows Removed by Index Recheck": 0,
                                                                        "Exact Heap Blocks": 8,
                                                                        "Lossy Heap Blocks": 0,
                                                                        "Workers": [],
                                                                        "Plans": [
                                                                            {
                                                                                "Node Type": "Bitmap Index Scan",
                                                                                "Parent Relationship": "Outer",
                                                                                "Parallel Aware": false,
                                                                                "Async Capable": false,
                                                                                "Index Name": "question_pkey",
                                                                                "Startup Cost": 0.0,
                                                                                "Total Cost": 4.03,
                                                                                "Plan Rows": 1,
                                                                                "Plan Width": 0,
                                                                                "Actual Startup Time": 0.003,
                                                                                "Actual Total Time": 0.003,
                                                                                "Actual Rows": 1,
                                                                                "Actual Loops": 316,
                                                                                "Index Cond": "((id = tq1.question_id) AND (site_id = tq1.site_id))",
                                                                                "Workers": []
                                                                            }
                                                                        ]
                                                                    }
                                                                ]
                                                            },
                                                            {
                                                                "Node Type": "Bitmap Heap Scan",
                                                                "Parent Relationship": "Inner",
                                                                "Parallel Aware": false,
                                                                "Async Capable": false,
                                                                "Relation Name": "tag_question",
                                                                "Alias": "tq2",
                                                                "Startup Cost": 4.17,
                                                                "Total Cost": 8.18,
                                                                "Plan Rows": 1,
                                                                "Plan Width": 12,
                                                                "Actual Startup Time": 0.005,
                                                                "Actual Total Time": 0.006,
                                                                "Actual Rows": 3,
                                                                "Actual Loops": 316,
                                                                "Recheck Cond": "((q2.site_id = site_id) AND (q2.id = question_id))",
                                                                "Rows Removed by Index Recheck": 0,
                                                                "Exact Heap Blocks": 8,
                                                                "Lossy Heap Blocks": 0,
                                                                "Workers": [],
                                                                "Plans": [
                                                                    {
                                                                        "Node Type": "Bitmap Index Scan",
                                                                        "Parent Relationship": "Outer",
                                                                        "Parallel Aware": false,
                                                                        "Async Capable": false,
                                                                        "Index Name": "tag_question_pkey",
                                                                        "Startup Cost": 0.0,
                                                                        "Total Cost": 4.17,
                                                                        "Plan Rows": 1,
                                                                        "Plan Width": 0,
                                                                        "Actual Startup Time": 0.003,
                                                                        "Actual Total Time": 0.003,
                                                                        "Actual Rows": 3,
                                                                        "Actual Loops": 316,
                                                                        "Index Cond": "((site_id = q2.site_id) AND (question_id = q2.id))",
                                                                        "Workers": []
                                                                    }
                                                                ]
                                                            }
                                                        ]
                                                    },
                                                    {
                                                        "Node Type": "Bitmap Heap Scan",
                                                        "Parent Relationship": "Inner",
                                                        "Parallel Aware": false,
                                                        "Async Capable": false,
                                                        "Relation Name": "account",
                                                        "Alias": "account",
                                                        "Startup Cost": 4.03,
                                                        "Total Cost": 8.04,
                                                        "Plan Rows": 1,
                                                        "Plan Width": 15,
                                                        "Actual Startup Time": 0.007,
                                                        "Actual Total Time": 0.007,
                                                        "Actual Rows": 1,
                                                        "Actual Loops": 23,
                                                        "Recheck Cond": "(id = u1.account_id)",
                                                        "Rows Removed by Index Recheck": 0,
                                                        "Exact Heap Blocks": 1,
                                                        "Lossy Heap Blocks": 0,
                                                        "Workers": [],
                                                        "Plans": [
                                                            {
                                                                "Node Type": "Bitmap Index Scan",
                                                                "Parent Relationship": "Outer",
                                                                "Parallel Aware": false,
                                                                "Async Capable": false,
                                                                "Index Name": "account_pkey",
                                                                "Startup Cost": 0.0,
                                                                "Total Cost": 4.03,
                                                                "Plan Rows": 1,
                                                                "Plan Width": 0,
                                                                "Actual Startup Time": 0.005,
                                                                "Actual Total Time": 0.005,
                                                                "Actual Rows": 1,
                                                                "Actual Loops": 23,
                                                                "Index Cond": "(id = u1.account_id)",
                                                                "Workers": []
                                                            }
                                                        ]
                                                    }
                                                ]
                                            }
                                        ]
                                    }
                                ]
                            }
                        ]
                    },
                    "Planning Time": 50.602,
                    "Triggers": [],
                    "Execution Time": 423.143
                }
            ],
            "hints": [
                "SET enable_hashjoin TO on",
                "SET enable_indexonlyscan TO on",
                "SET enable_indexscan TO off",
                "SET enable_mergejoin TO off",
                "SET enable_nestloop TO on",
                "SET enable_seqscan TO on"
            ]
        },
        {
            "arm": 3,
            "execution_time": 30000,
            "plan": "Query execution error: canceling statement due to statement timeout\n",
            "hints": [
                "SET enable_hashjoin TO on",
                "SET enable_indexonlyscan TO on",
                "SET enable_indexscan TO off",
                "SET enable_mergejoin TO off",
                "SET enable_nestloop TO off",
                "SET enable_seqscan TO on"
            ]
        },
        {
            "arm": 4,
            "execution_time": 411.809,
            "plan": [
                {
                    "Plan": {
                        "Node Type": "Aggregate",
                        "Strategy": "Plain",
                        "Partial Mode": "Simple",
                        "Parallel Aware": false,
                        "Async Capable": false,
                        "Startup Cost": 257279.67,
                        "Total Cost": 257279.68,
                        "Plan Rows": 1,
                        "Plan Width": 8,
                        "Actual Startup Time": 390.454,
                        "Actual Total Time": 411.745,
                        "Actual Rows": 1,
                        "Actual Loops": 1,
                        "Plans": [
                            {
                                "Node Type": "Gather Merge",
                                "Parent Relationship": "Outer",
                                "Parallel Aware": false,
                                "Async Capable": false,
                                "Startup Cost": 257279.54,
                                "Total Cost": 257279.67,
                                "Plan Rows": 1,
                                "Plan Width": 11,
                                "Actual Startup Time": 390.443,
                                "Actual Total Time": 411.736,
                                "Actual Rows": 23,
                                "Actual Loops": 1,
                                "Workers Planned": 5,
                                "Workers Launched": 5,
                                "Plans": [
                                    {
                                        "Node Type": "Sort",
                                        "Parent Relationship": "Outer",
                                        "Parallel Aware": false,
                                        "Async Capable": false,
                                        "Startup Cost": 256279.46,
                                        "Total Cost": 256279.47,
                                        "Plan Rows": 1,
                                        "Plan Width": 11,
                                        "Actual Startup Time": 387.53,
                                        "Actual Total Time": 387.539,
                                        "Actual Rows": 4,
                                        "Actual Loops": 6,
                                        "Sort Key": [
                                            "account.display_name"
                                        ],
                                        "Sort Method": "quicksort",
                                        "Sort Space Used": 25,
                                        "Sort Space Type": "Memory",
                                        "Workers": [
                                            {
                                                "Worker Number": 0,
                                                "Sort Method": "quicksort",
                                                "Sort Space Used": 25,
                                                "Sort Space Type": "Memory"
                                            },
                                            {
                                                "Worker Number": 1,
                                                "Sort Method": "quicksort",
                                                "Sort Space Used": 25,
                                                "Sort Space Type": "Memory"
                                            },
                                            {
                                                "Worker Number": 2,
                                                "Sort Method": "quicksort",
                                                "Sort Space Used": 25,
                                                "Sort Space Type": "Memory"
                                            },
                                            {
                                                "Worker Number": 3,
                                                "Sort Method": "quicksort",
                                                "Sort Space Used": 25,
                                                "Sort Space Type": "Memory"
                                            },
                                            {
                                                "Worker Number": 4,
                                                "Sort Method": "quicksort",
                                                "Sort Space Used": 25,
                                                "Sort Space Type": "Memory"
                                            }
                                        ],
                                        "Plans": [
                                            {
                                                "Node Type": "Nested Loop",
                                                "Parent Relationship": "Outer",
                                                "Parallel Aware": false,
                                                "Async Capable": false,
                                                "Join Type": "Inner",
                                                "Startup Cost": 5323.58,
                                                "Total Cost": 256279.45,
                                                "Plan Rows": 1,
                                                "Plan Width": 11,
                                                "Actual Startup Time": 217.477,
                                                "Actual Total Time": 387.508,
                                                "Actual Rows": 4,
                                                "Actual Loops": 6,
                                                "Inner Unique": true,
                                                "Workers": [],
                                                "Plans": [
                                                    {
                                                        "Node Type": "Nested Loop",
                                                        "Parent Relationship": "Outer",
                                                        "Parallel Aware": false,
                                                        "Async Capable": false,
                                                        "Join Type": "Inner",
                                                        "Startup Cost": 5323.14,
                                                        "Total Cost": 256271.83,
                                                        "Plan Rows": 1,
                                                        "Plan Width": 8,
                                                        "Actual Startup Time": 217.459,
                                                        "Actual Total Time": 387.477,
                                                        "Actual Rows": 4,
                                                        "Actual Loops": 6,
                                                        "Inner Unique": true,
                                                        "Join Filter": "((t2.site_id = tq2.site_id) AND (t2.id = tq2.tag_id))",
                                                        "Rows Removed by Join Filter": 148,
                                                        "Workers": [],
                                                        "Plans": [
                                                            {
                                                                "Node Type": "Nested Loop",
                                                                "Parent Relationship": "Outer",
                                                                "Parallel Aware": false,
                                                                "Async Capable": false,
                                                                "Join Type": "Inner",
                                                                "Startup Cost": 5322.58,
                                                                "Total Cost": 256264.05,
                                                                "Plan Rows": 1,
                                                                "Plan Width": 32,
                                                                "Actual Startup Time": 181.135,
                                                                "Actual Total Time": 387.18,
                                                                "Actual Rows": 53,
                                                                "Actual Loops": 6,
                                                                "Inner Unique": true,
                                                                "Join Filter": "(t1.site_id = q1.site_id)",
                                                                "Rows Removed by Join Filter": 0,
                                                                "Workers": [],
                                                                "Plans": [
                                                                    {
                                                                        "Node Type": "Nested Loop",
                                                                        "Parent Relationship": "Outer",
                                                                        "Parallel Aware": false,
                                                                        "Async Capable": false,
                                                                        "Join Type": "Inner",
                                                                        "Startup Cost": 5322.14,
                                                                        "Total Cost": 256260.0,
                                                                        "Plan Rows": 1,
                                                                        "Plan Width": 60,
                                                                        "Actual Startup Time": 181.099,
                                                                        "Actual Total Time": 386.933,
                                                                        "Actual Rows": 53,
                                                                        "Actual Loops": 6,
                                                                        "Inner Unique": false,
                                                                        "Join Filter": "(t2.site_id = q2.site_id)",
                                                                        "Rows Removed by Join Filter": 0,
                                                                        "Workers": [],
                                                                        "Plans": [
                                                                            {
                                                                                "Node Type": "Hash Join",
                                                                                "Parent Relationship": "Outer",
                                                                                "Parallel Aware": true,
                                                                                "Async Capable": false,
                                                                                "Join Type": "Inner",
                                                                                "Startup Cost": 5321.71,
                                                                                "Total Cost": 256185.54,
                                                                                "Plan Rows": 1,
                                                                                "Plan Width": 56,
                                                                                "Actual Startup Time": 180.463,
                                                                                "Actual Total Time": 382.843,
                                                                                "Actual Rows": 106,
                                                                                "Actual Loops": 6,
                                                                                "Inner Unique": false,
                                                                                "Hash Cond": "(u2.account_id = u1.account_id)",
                                                                                "Workers": [],
                                                                                "Plans": [
                                                                                    {
                                                                                        "Node Type": "Hash Join",
                                                                                        "Parent Relationship": "Outer",
                                                                                        "Parallel Aware": true,
                                                                                        "Async Capable": false,
                                                                                        "Join Type": "Inner",
                                                                                        "Startup Cost": 2576.51,
                                                                                        "Total Cost": 253438.74,
                                                                                        "Plan Rows": 423,
                                                                                        "Plan Width": 24,
                                                                                        "Actual Startup Time": 84.847,
                                                                                        "Actual Total Time": 285.751,
                                                                                        "Actual Rows": 29403,
                                                                                        "Actual Loops": 6,
                                                                                        "Inner Unique": false,
                                                                                        "Hash Cond": "(s2.site_id = t2.site_id)",
                                                                                        "Workers": [],
                                                                                        "Plans": [
                                                                                            {
                                                                                                "Node Type": "Hash Join",
                                                                                                "Parent Relationship": "Outer",
                                                                                                "Parallel Aware": false,
                                                                                                "Async Capable": false,
                                                                                                "Join Type": "Inner",
                                                                                                "Startup Cost": 3.18,
                                                                                                "Total Cost": 250740.65,
                                                                                                "Plan Rows": 24388,
                                                                                                "Plan Width": 16,
                                                                                                "Actual Startup Time": 83.001,
                                                                                                "Actual Total Time": 281.413,
                                                                                                "Actual Rows": 29403,
                                                                                                "Actual Loops": 6,
                                                                                                "Inner Unique": true,
                                                                                                "Hash Cond": "(u2.site_id = s2.site_id)",
                                                                                                "Workers": [],
                                                                                                "Plans": [
                                                                                                    {
                                                                                                        "Node Type": "Seq Scan",
                                                                                                        "Parent Relationship": "Outer",
                                                                                                        "Parallel Aware": true,
                                                                                                        "Async Capable": false,
                                                                                                        "Relation Name": "so_user",
                                                                                                        "Alias": "u2",
                                                                                                        "Startup Cost": 0.0,
                                                                                                        "Total Cost": 239391.02,
                                                                                                        "Plan Rows": 4219102,
                                                                                                        "Plan Width": 12,
                                                                                                        "Actual Startup Time": 0.029,
                                                                                                        "Actual Total Time": 158.7,
                                                                                                        "Actual Rows": 3516217,
                                                                                                        "Actual Loops": 6,
                                                                                                        "Workers": []
                                                                                                    },
                                                                                                    {
                                                                                                        "Node Type": "Hash",
                                                                                                        "Parent Relationship": "Inner",
                                                                                                        "Parallel Aware": false,
                                                                                                        "Async Capable": false,
                                                                                                        "Startup Cost": 3.16,
                                                                                                        "Total Cost": 3.16,
                                                                                                        "Plan Rows": 1,
                                                                                                        "Plan Width": 4,
                                                                                                        "Actual Startup Time": 0.014,
                                                                                                        "Actual Total Time": 0.015,
                                                                                                        "Actual Rows": 1,
                                                                                                        "Actual Loops": 6,
                                                                                                        "Hash Buckets": 1024,
                                                                                                        "Original Hash Buckets": 1024,
                                                                                                        "Hash Batches": 1,
                                                                                                        "Original Hash Batches": 1,
                                                                                                        "Peak Memory Usage": 9,
                                                                                                        "Workers": [],
                                                                                                        "Plans": [
                                                                                                            {
                                                                                                                "Node Type": "Seq Scan",
                                                                                                                "Parent Relationship": "Outer",
                                                                                                                "Parallel Aware": false,
                                                                                                                "Async Capable": false,
                                                                                                                "Relation Name": "site",
                                                                                                                "Alias": "s2",
                                                                                                                "Startup Cost": 0.0,
                                                                                                                "Total Cost": 3.16,
                                                                                                                "Plan Rows": 1,
                                                                                                                "Plan Width": 4,
                                                                                                                "Actual Startup Time": 0.009,
                                                                                                                "Actual Total Time": 0.012,
                                                                                                                "Actual Rows": 1,
                                                                                                                "Actual Loops": 6,
                                                                                                                "Filter": "((site_name)::text = 'physics'::text)",
                                                                                                                "Rows Removed by Filter": 172,
                                                                                                                "Workers": []
                                                                                                            }
                                                                                                        ]
                                                                                                    }
                                                                                                ]
                                                                                            },
                                                                                            {
                                                                                                "Node Type": "Hash",
                                                                                                "Parent Relationship": "Inner",
                                                                                                "Parallel Aware": true,
                                                                                                "Async Capable": false,
                                                                                                "Startup Cost": 2573.31,
                                                                                                "Total Cost": 2573.31,
                                                                                                "Plan Rows": 2,
                                                                                                "Plan Width": 8,
                                                                                                "Actual Startup Time": 1.765,
                                                                                                "Actual Total Time": 1.765,
                                                                                                "Actual Rows": 1,
                                                                                                "Actual Loops": 6,
                                                                                                "Hash Buckets": 1024,
                                                                                                "Original Hash Buckets": 1024,
                                                                                                "Hash Batches": 1,
                                                                                                "Original Hash Batches": 1,
                                                                                                "Peak Memory Usage": 136,
                                                                                                "Workers": [],
                                                                                                "Plans": [
                                                                                                    {
                                                                                                        "Node Type": "Seq Scan",
                                                                                                        "Parent Relationship": "Outer",
                                                                                                        "Parallel Aware": true,
                                                                                                        "Async Capable": false,
                                                                                                        "Relation Name": "tag",
                                                                                                        "Alias": "t2",
                                                                                                        "Startup Cost": 0.0,
                                                                                                        "Total Cost": 2573.31,
                                                                                                        "Plan Rows": 2,
                                                                                                        "Plan Width": 8,
                                                                                                        "Actual Startup Time": 0.942,
                                                                                                        "Actual Total Time": 1.741,
                                                                                                        "Actual Rows": 1,
                                                                                                        "Actual Loops": 6,
                                                                                                        "Filter": "((name)::text = 'quantum-mechanics'::text)",
                                                                                                        "Rows Removed by Filter": 31127,
                                                                                                        "Workers": []
                                                                                                    }
                                                                                                ]
                                                                                            }
                                                                                        ]
                                                                                    },
                                                                                    {
                                                                                        "Node Type": "Hash",
                                                                                        "Parent Relationship": "Inner",
                                                                                        "Parallel Aware": true,
                                                                                        "Async Capable": false,
                                                                                        "Startup Cost": 2745.19,
                                                                                        "Total Cost": 2745.19,
                                                                                        "Plan Rows": 1,
                                                                                        "Plan Width": 32,
                                                                                        "Actual Startup Time": 95.317,
                                                                                        "Actual Total Time": 95.321,
                                                                                        "Actual Rows": 969,
                                                                                        "Actual Loops": 6,
                                                                                        "Hash Buckets": 8192,
                                                                                        "Original Hash Buckets": 1024,
                                                                                        "Hash Batches": 1,
                                                                                        "Original Hash Batches": 1,
                                                                                        "Peak Memory Usage": 504,
                                                                                        "Workers": [],
                                                                                        "Plans": [
                                                                                            {
                                                                                                "Node Type": "Nested Loop",
                                                                                                "Parent Relationship": "Outer",
                                                                                                "Parallel Aware": false,
                                                                                                "Async Capable": false,
                                                                                                "Join Type": "Inner",
                                                                                                "Startup Cost": 4.61,
                                                                                                "Total Cost": 2745.19,
                                                                                                "Plan Rows": 1,
                                                                                                "Plan Width": 32,
                                                                                                "Actual Startup Time": 1.708,
                                                                                                "Actual Total Time": 17.208,
                                                                                                "Actual Rows": 969,
                                                                                                "Actual Loops": 6,
                                                                                                "Inner Unique": true,
                                                                                                "Join Filter": "(t1.site_id = u1.site_id)",
                                                                                                "Rows Removed by Join Filter": 0,
                                                                                                "Workers": [],
                                                                                                "Plans": [
                                                                                                    {
                                                                                                        "Node Type": "Nested Loop",
                                                                                                        "Parent Relationship": "Outer",
                                                                                                        "Parallel Aware": false,
                                                                                                        "Async Capable": false,
                                                                                                        "Join Type": "Inner",
                                                                                                        "Startup Cost": 4.17,
                                                                                                        "Total Cost": 2737.55,
                                                                                                        "Plan Rows": 1,
                                                                                                        "Plan Width": 28,
                                                                                                        "Actual Startup Time": 1.702,
                                                                                                        "Actual Total Time": 13.032,
                                                                                                        "Actual Rows": 969,
                                                                                                        "Actual Loops": 6,
                                                                                                        "Inner Unique": false,
                                                                                                        "Join Filter": "(t1.site_id = a1.site_id)",
                                                                                                        "Rows Removed by Join Filter": 0,
                                                                                                        "Workers": [],
                                                                                                        "Plans": [
                                                                                                            {
                                                                                                                "Node Type": "Nested Loop",
                                                                                                                "Parent Relationship": "Outer",
                                                                                                                "Parallel Aware": false,
                                                                                                                "Async Capable": false,
                                                                                                                "Join Type": "Inner",
                                                                                                                "Startup Cost": 3.74,
                                                                                                                "Total Cost": 2638.39,
                                                                                                                "Plan Rows": 13,
                                                                                                                "Plan Width": 16,
                                                                                                                "Actual Startup Time": 1.695,
                                                                                                                "Actual Total Time": 5.796,
                                                                                                                "Actual Rows": 2971,
                                                                                                                "Actual Loops": 6,
                                                                                                                "Inner Unique": false,
                                                                                                                "Workers": [],
                                                                                                                "Plans": [
                                                                                                                    {
                                                                                                                        "Node Type": "Hash Join",
                                                                                                                        "Parent Relationship": "Outer",
                                                                                                                        "Parallel Aware": false,
                                                                                                                        "Async Capable": false,
                                                                                                                        "Join Type": "Inner",
                                                                                                                        "Startup Cost": 3.18,
                                                                                                                        "Total Cost": 2576.55,
                                                                                                                        "Plan Rows": 1,
                                                                                                                        "Plan Width": 12,
                                                                                                                        "Actual Startup Time": 1.683,
                                                                                                                        "Actual Total Time": 1.686,
                                                                                                                        "Actual Rows": 0,
                                                                                                                        "Actual Loops": 6,
                                                                                                                        "Inner Unique": true,
                                                                                                                        "Hash Cond": "(t1.site_id = s1.site_id)",
                                                                                                                        "Workers": [],
                                                                                                                        "Plans": [
                                                                                                                            {
                                                                                                                                "Node Type": "Seq Scan",
                                                                                                                                "Parent Relationship": "Outer",
                                                                                                                                "Parallel Aware": true,
                                                                                                                                "Async Capable": false,
                                                                                                                                "Relation Name": "tag",
                                                                                                                                "Alias": "t1",
                                                                                                                                "Startup Cost": 0.0,
                                                                                                                                "Total Cost": 2573.31,
                                                                                                                                "Plan Rows": 26,
                                                                                                                                "Plan Width": 8,
                                                                                                                                "Actual Startup Time": 0.401,
                                                                                                                                "Actual Total Time": 1.654,
                                                                                                                                "Actual Rows": 6,
                                                                                                                                "Actual Loops": 6,
                                                                                                                                "Filter": "((name)::text = 'authentication'::text)",
                                                                                                                                "Rows Removed by Filter": 31122,
                                                                                                                                "Workers": []
                                                                                                                            },
                                                                                                                            {
                                                                                                                                "Node Type": "Hash",
                                                                                                                                "Parent Relationship": "Inner",
                                                                                                                                "Parallel Aware": false,
                                                                                                                                "Async Capable": false,
                                                                                                                                "Startup Cost": 3.16,
                                                                                                                                "Total Cost": 3.16,
                                                                                                                                "Plan Rows": 1,
                                                                                                                                "Plan Width": 4,
                                                                                                                                "Actual Startup Time": 0.024,
                                                                                                                                "Actual Total Time": 0.025,
                                                                                                                                "Actual Rows": 1,
                                                                                                                                "Actual Loops": 6,
                                                                                                                                "Hash Buckets": 1024,
                                                                                                                                "Original Hash Buckets": 1024,
                                                                                                                                "Hash Batches": 1,
                                                                                                                                "Original Hash Batches": 1,
                                                                                                                                "Peak Memory Usage": 9,
                                                                                                                                "Workers": [],
                                                                                                                                "Plans": [
                                                                                                                                    {
                                                                                                                                        "Node Type": "Seq Scan",
                                                                                                                                        "Parent Relationship": "Outer",
                                                                                                                                        "Parallel Aware": false,
                                                                                                                                        "Async Capable": false,
                                                                                                                                        "Relation Name": "site",
                                                                                                                                        "Alias": "s1",
                                                                                                                                        "Startup Cost": 0.0,
                                                                                                                                        "Total Cost": 3.16,
                                                                                                                                        "Plan Rows": 1,
                                                                                                                                        "Plan Width": 4,
                                                                                                                                        "Actual Startup Time": 0.017,
                                                                                                                                        "Actual Total Time": 0.019,
                                                                                                                                        "Actual Rows": 1,
                                                                                                                                        "Actual Loops": 6,
                                                                                                                                        "Filter": "((site_name)::text = 'stackoverflow'::text)",
                                                                                                                                        "Rows Removed by Filter": 172,
                                                                                                                                        "Workers": []
                                                                                                                                    }
                                                                                                                                ]
                                                                                                                            }
                                                                                                                        ]
                                                                                                                    },
                                                                                                                    {
                                                                                                                        "Node Type": "Index Only Scan",
                                                                                                                        "Parent Relationship": "Inner",
                                                                                                                        "Parallel Aware": false,
                                                                                                                        "Async Capable": false,
                                                                                                                        "Scan Direction": "Forward",
                                                                                                                        "Index Name": "tag_question_site_id_tag_id_question_id_idx",
                                                                                                                        "Relation Name": "tag_question",
                                                                                                                        "Alias": "tq1",
                                                                                                                        "Startup Cost": 0.56,
                                                                                                                        "Total Cost": 61.53,
                                                                                                                        "Plan Rows": 31,
                                                                                                                        "Plan Width": 12,
                                                                                                                        "Actual Startup Time": 0.068,
                                                                                                                        "Actual Total Time": 23.669,
                                                                                                                        "Actual Rows": 17825,
                                                                                                                        "Actual Loops": 1,
                                                                                                                        "Index Cond": "((site_id = t1.site_id) AND (tag_id = t1.id))",
                                                                                                                        "Rows Removed by Index Recheck": 0,
                                                                                                                        "Heap Fetches": 17825,
                                                                                                                        "Workers": []
                                                                                                                    }
                                                                                                                ]
                                                                                                            },
                                                                                                            {
                                                                                                                "Node Type": "Index Scan",
                                                                                                                "Parent Relationship": "Inner",
                                                                                                                "Parallel Aware": false,
                                                                                                                "Async Capable": false,
                                                                                                                "Scan Direction": "Forward",
                                                                                                                "Index Name": "answer_site_id_question_id_idx",
                                                                                                                "Relation Name": "answer",
                                                                                                                "Alias": "a1",
                                                                                                                "Startup Cost": 0.43,
                                                                                                                "Total Cost": 7.62,
                                                                                                                "Plan Rows": 1,
                                                                                                                "Plan Width": 12,
                                                                                                                "Actual Startup Time": 0.002,
                                                                                                                "Actual Total Time": 0.002,
                                                                                                                "Actual Rows": 0,
                                                                                                                "Actual Loops": 17825,
                                                                                                                "Index Cond": "((site_id = tq1.site_id) AND (question_id = tq1.question_id))",
                                                                                                                "Rows Removed by Index Recheck": 0,
                                                                                                                "Workers": []
                                                                                                            }
                                                                                                        ]
                                                                                                    },
                                                                                                    {
                                                                                                        "Node Type": "Index Scan",
                                                                                                        "Parent Relationship": "Inner",
                                                                                                        "Parallel Aware": false,
                                                                                                        "Async Capable": false,
                                                                                                        "Scan Direction": "Forward",
                                                                                                        "Index Name": "so_user_pkey",
                                                                                                        "Relation Name": "so_user",
                                                                                                        "Alias": "u1",
                                                                                                        "Startup Cost": 0.44,
                                                                                                        "Total Cost": 7.63,
                                                                                                        "Plan Rows": 1,
                                                                                                        "Plan Width": 12,
                                                                                                        "Actual Startup Time": 0.004,
                                                                                                        "Actual Total Time": 0.004,
                                                                                                        "Actual Rows": 1,
                                                                                                        "Actual Loops": 5815,
                                                                                                        "Index Cond": "((id = a1.owner_user_id) AND (site_id = a1.site_id))",
                                                                                                        "Rows Removed by Index Recheck": 0,
                                                                                                        "Workers": []
                                                                                                    }
                                                                                                ]
                                                                                            }
                                                                                        ]
                                                                                    }
                                                                                ]
                                                                            },
                                                                            {
                                                                                "Node Type": "Index Scan",
                                                                                "Parent Relationship": "Inner",
                                                                                "Parallel Aware": false,
                                                                                "Async Capable": false,
                                                                                "Scan Direction": "Forward",
                                                                                "Index Name": "question_owner_user_id_idx",
                                                                                "Relation Name": "question",
                                                                                "Alias": "q2",
                                                                                "Startup Cost": 0.43,
                                                                                "Total Cost": 74.45,
                                                                                "Plan Rows": 1,
                                                                                "Plan Width": 12,
                                                                                "Actual Startup Time": 0.033,
                                                                                "Actual Total Time": 0.038,
                                                                                "Actual Rows": 0,
                                                                                "Actual Loops": 637,
                                                                                "Index Cond": "(owner_user_id = u2.id)",
                                                                                "Rows Removed by Index Recheck": 0,
                                                                                "Filter": "(site_id = u2.site_id)",
                                                                                "Rows Removed by Filter": 36,
                                                                                "Workers": []
                                                                            }
                                                                        ]
                                                                    },
                                                                    {
                                                                        "Node Type": "Index Only Scan",
                                                                        "Parent Relationship": "Inner",
                                                                        "Parallel Aware": false,
                                                                        "Async Capable": false,
                                                                        "Scan Direction": "Forward",
                                                                        "Index Name": "question_pkey",
                                                                        "Relation Name": "question",
                                                                        "Alias": "q1",
                                                                        "Startup Cost": 0.43,
                                                                        "Total Cost": 4.04,
                                                                        "Plan Rows": 1,
                                                                        "Plan Width": 8,
                                                                        "Actual Startup Time": 0.004,
                                                                        "Actual Total Time": 0.004,
                                                                        "Actual Rows": 1,
                                                                        "Actual Loops": 316,
                                                                        "Index Cond": "((id = tq1.question_id) AND (site_id = tq1.site_id))",
                                                                        "Rows Removed by Index Recheck": 0,
                                                                        "Heap Fetches": 0,
                                                                        "Workers": []
                                                                    }
                                                                ]
                                                            },
                                                            {
                                                                "Node Type": "Index Only Scan",
                                                                "Parent Relationship": "Inner",
                                                                "Parallel Aware": false,
                                                                "Async Capable": false,
                                                                "Scan Direction": "Forward",
                                                                "Index Name": "tag_question_pkey",
                                                                "Relation Name": "tag_question",
                                                                "Alias": "tq2",
                                                                "Startup Cost": 0.56,
                                                                "Total Cost": 7.77,
                                                                "Plan Rows": 1,
                                                                "Plan Width": 12,
                                                                "Actual Startup Time": 0.005,
                                                                "Actual Total Time": 0.005,
                                                                "Actual Rows": 3,
                                                                "Actual Loops": 316,
                                                                "Index Cond": "((site_id = q2.site_id) AND (question_id = q2.id))",
                                                                "Rows Removed by Index Recheck": 0,
                                                                "Heap Fetches": 908,
                                                                "Workers": []
                                                            }
                                                        ]
                                                    },
                                                    {
                                                        "Node Type": "Index Scan",
                                                        "Parent Relationship": "Inner",
                                                        "Parallel Aware": false,
                                                        "Async Capable": false,
                                                        "Scan Direction": "Forward",
                                                        "Index Name": "account_pkey",
                                                        "Relation Name": "account",
                                                        "Alias": "account",
                                                        "Startup Cost": 0.43,
                                                        "Total Cost": 7.62,
                                                        "Plan Rows": 1,
                                                        "Plan Width": 15,
                                                        "Actual Startup Time": 0.007,
                                                        "Actual Total Time": 0.007,
                                                        "Actual Rows": 1,
                                                        "Actual Loops": 23,
                                                        "Index Cond": "(id = u1.account_id)",
                                                        "Rows Removed by Index Recheck": 0,
                                                        "Workers": []
                                                    }
                                                ]
                                            }
                                        ]
                                    }
                                ]
                            }
                        ]
                    },
                    "Planning Time": 59.435,
                    "Triggers": [],
                    "Execution Time": 411.809
                }
            ],
            "hints": [
                "SET enable_hashjoin TO on",
                "SET enable_indexonlyscan TO on",
                "SET enable_indexscan TO on",
                "SET enable_mergejoin TO off",
                "SET enable_nestloop TO on",
                "SET enable_seqscan TO on"
            ]
        }
    ]
}