{
    "sql_file": "soload_q13-004.sql",
    "query": "SELECT acc.location, count(*)\nFROM\nsite as s,\nso_user as u1,\nquestion as q1,\nanswer as a1,\ntag as t1,\ntag_question as tq1,\nbadge as b,\naccount as acc\nWHERE\ns.site_id = q1.site_id\nAND s.site_id = u1.site_id\nAND s.site_id = a1.site_id\nAND s.site_id = t1.site_id\nAND s.site_id = tq1.site_id\nAND s.site_id = b.site_id\nAND q1.id = tq1.question_id\nAND q1.id = a1.question_id\nAND a1.owner_user_id = u1.id\nAND t1.id = tq1.tag_id\nAND b.user_id = u1.id\nAND acc.id = u1.account_id\nAND (s.site_name in ('physics','pt','ru','salesforce','serverfault'))\nAND (t1.name in ('ajax','banco-de-dados','c#','electromagnetism','electrostatics','jquery','json','laravel','linux','quantum-field-theory','thermodynamics','база-данных','регулярные-выражения'))\nAND (q1.view_count >= 0)\nAND (q1.view_count <= 100)\nAND (u1.reputation >= 10)\nAND (u1.reputation <= 100000)\nAND (b.name in ('Suffrage','Talkative'))\nGROUP BY acc.location\nORDER BY COUNT(*)\nDESC\nLIMIT 100",
    "results": [
        {
            "arm": 0,
            "execution_time": 802.72,
            "plan": [
                {
                    "Plan": {
                        "Node Type": "Limit",
                        "Parallel Aware": false,
                        "Async Capable": false,
                        "Startup Cost": 6179.05,
                        "Total Cost": 6179.05,
                        "Plan Rows": 1,
                        "Plan Width": 26,
                        "Actual Startup Time": 787.285,
                        "Actual Total Time": 802.662,
                        "Actual Rows": 100,
                        "Actual Loops": 1,
                        "Plans": [
                            {
                                "Node Type": "Sort",
                                "Parent Relationship": "Outer",
                                "Parallel Aware": false,
                                "Async Capable": false,
                                "Startup Cost": 6179.05,
                                "Total Cost": 6179.05,
                                "Plan Rows": 1,
                                "Plan Width": 26,
                                "Actual Startup Time": 787.284,
                                "Actual Total Time": 802.657,
                                "Actual Rows": 100,
                                "Actual Loops": 1,
                                "Sort Key": [
                                    "(count(*)) DESC"
                                ],
                                "Sort Method": "top-N heapsort",
                                "Sort Space Used": 37,
                                "Sort Space Type": "Memory",
                                "Plans": [
                                    {
                                        "Node Type": "Aggregate",
                                        "Strategy": "Sorted",
                                        "Partial Mode": "Simple",
                                        "Parent Relationship": "Outer",
                                        "Parallel Aware": false,
                                        "Async Capable": false,
                                        "Startup Cost": 6179.02,
                                        "Total Cost": 6179.04,
                                        "Plan Rows": 1,
                                        "Plan Width": 26,
                                        "Actual Startup Time": 786.798,
                                        "Actual Total Time": 802.606,
                                        "Actual Rows": 346,
                                        "Actual Loops": 1,
                                        "Group Key": [
                                            "acc.location"
                                        ],
                                        "Plans": [
                                            {
                                                "Node Type": "Sort",
                                                "Parent Relationship": "Outer",
                                                "Parallel Aware": false,
                                                "Async Capable": false,
                                                "Startup Cost": 6179.02,
                                                "Total Cost": 6179.02,
                                                "Plan Rows": 1,
                                                "Plan Width": 18,
                                                "Actual Startup Time": 786.792,
                                                "Actual Total Time": 802.301,
                                                "Actual Rows": 6159,
                                                "Actual Loops": 1,
                                                "Sort Key": [
                                                    "acc.location"
                                                ],
                                                "Sort Method": "quicksort",
                                                "Sort Space Used": 376,
                                                "Sort Space Type": "Memory",
                                                "Plans": [
                                                    {
                                                        "Node Type": "Nested Loop",
                                                        "Parent Relationship": "Outer",
                                                        "Parallel Aware": false,
                                                        "Async Capable": false,
                                                        "Join Type": "Inner",
                                                        "Startup Cost": 5096.33,
                                                        "Total Cost": 6179.01,
                                                        "Plan Rows": 1,
                                                        "Plan Width": 18,
                                                        "Actual Startup Time": 19.896,
                                                        "Actual Total Time": 800.658,
                                                        "Actual Rows": 6159,
                                                        "Actual Loops": 1,
                                                        "Inner Unique": true,
                                                        "Plans": [
                                                            {
                                                                "Node Type": "Gather",
                                                                "Parent Relationship": "Outer",
                                                                "Parallel Aware": false,
                                                                "Async Capable": false,
                                                                "Startup Cost": 5095.89,
                                                                "Total Cost": 6171.81,
                                                                "Plan Rows": 1,
                                                                "Plan Width": 4,
                                                                "Actual Startup Time": 19.881,
                                                                "Actual Total Time": 743.875,
                                                                "Actual Rows": 6159,
                                                                "Actual Loops": 1,
                                                                "Workers Planned": 1,
                                                                "Workers Launched": 1,
                                                                "Single Copy": false,
                                                                "Plans": [
                                                                    {
                                                                        "Node Type": "Nested Loop",
                                                                        "Parent Relationship": "Outer",
                                                                        "Parallel Aware": false,
                                                                        "Async Capable": false,
                                                                        "Join Type": "Inner",
                                                                        "Startup Cost": 4095.89,
                                                                        "Total Cost": 5171.71,
                                                                        "Plan Rows": 1,
                                                                        "Plan Width": 4,
                                                                        "Actual Startup Time": 19.886,
                                                                        "Actual Total Time": 585.312,
                                                                        "Actual Rows": 3080,
                                                                        "Actual Loops": 2,
                                                                        "Inner Unique": false,
                                                                        "Join Filter": "(s.site_id = b.site_id)",
                                                                        "Rows Removed by Join Filter": 0,
                                                                        "Workers": [],
                                                                        "Plans": [
                                                                            {
                                                                                "Node Type": "Nested Loop",
                                                                                "Parent Relationship": "Outer",
                                                                                "Parallel Aware": false,
                                                                                "Async Capable": false,
                                                                                "Join Type": "Inner",
                                                                                "Startup Cost": 4095.33,
                                                                                "Total Cost": 5164.27,
                                                                                "Plan Rows": 1,
                                                                                "Plan Width": 36,
                                                                                "Actual Startup Time": 19.266,
                                                                                "Actual Total Time": 364.399,
                                                                                "Actual Rows": 3942,
                                                                                "Actual Loops": 2,
                                                                                "Inner Unique": true,
                                                                                "Join Filter": "(s.site_id = u1.site_id)",
                                                                                "Rows Removed by Join Filter": 0,
                                                                                "Workers": [],
                                                                                "Plans": [
                                                                                    {
                                                                                        "Node Type": "Nested Loop",
                                                                                        "Parent Relationship": "Outer",
                                                                                        "Parallel Aware": false,
                                                                                        "Async Capable": false,
                                                                                        "Join Type": "Inner",
                                                                                        "Startup Cost": 4094.89,
                                                                                        "Total Cost": 5157.04,
                                                                                        "Plan Rows": 1,
                                                                                        "Plan Width": 24,
                                                                                        "Actual Startup Time": 19.158,
                                                                                        "Actual Total Time": 236.749,
                                                                                        "Actual Rows": 4301,
                                                                                        "Actual Loops": 2,
                                                                                        "Inner Unique": false,
                                                                                        "Join Filter": "((s.site_id = a1.site_id) AND (q1.id = a1.question_id))",
                                                                                        "Rows Removed by Join Filter": 0,
                                                                                        "Workers": [],
                                                                                        "Plans": [
                                                                                            {
                                                                                                "Node Type": "Nested Loop",
                                                                                                "Parent Relationship": "Outer",
                                                                                                "Parallel Aware": false,
                                                                                                "Async Capable": false,
                                                                                                "Join Type": "Inner",
                                                                                                "Startup Cost": 4094.46,
                                                                                                "Total Cost": 5149.84,
                                                                                                "Plan Rows": 1,
                                                                                                "Plan Width": 24,
                                                                                                "Actual Startup Time": 15.693,
                                                                                                "Actual Total Time": 207.089,
                                                                                                "Actual Rows": 14976,
                                                                                                "Actual Loops": 2,
                                                                                                "Inner Unique": true,
                                                                                                "Join Filter": "(s.site_id = q1.site_id)",
                                                                                                "Rows Removed by Join Filter": 0,
                                                                                                "Workers": [],
                                                                                                "Plans": [
                                                                                                    {
                                                                                                        "Node Type": "Nested Loop",
                                                                                                        "Parent Relationship": "Outer",
                                                                                                        "Parallel Aware": false,
                                                                                                        "Async Capable": false,
                                                                                                        "Join Type": "Inner",
                                                                                                        "Startup Cost": 4094.02,
                                                                                                        "Total Cost": 4399.22,
                                                                                                        "Plan Rows": 104,
                                                                                                        "Plan Width": 16,
                                                                                                        "Actual Startup Time": 14.997,
                                                                                                        "Actual Total Time": 47.981,
                                                                                                        "Actual Rows": 46191,
                                                                                                        "Actual Loops": 2,
                                                                                                        "Inner Unique": false,
                                                                                                        "Join Filter": "(s.site_id = tq1.site_id)",
                                                                                                        "Rows Removed by Join Filter": 0,
                                                                                                        "Workers": [],
                                                                                                        "Plans": [
                                                                                                            {
                                                                                                                "Node Type": "Merge Join",
                                                                                                                "Parent Relationship": "Outer",
                                                                                                                "Parallel Aware": false,
                                                                                                                "Async Capable": false,
                                                                                                                "Join Type": "Inner",
                                                                                                                "Startup Cost": 4093.46,
                                                                                                                "Total Cost": 4094.3,
                                                                                                                "Plan Rows": 5,
                                                                                                                "Plan Width": 12,
                                                                                                                "Actual Startup Time": 14.695,
                                                                                                                "Actual Total Time": 14.725,
                                                                                                                "Actual Rows": 14,
                                                                                                                "Actual Loops": 2,
                                                                                                                "Inner Unique": true,
                                                                                                                "Merge Cond": "(t1.site_id = s.site_id)",
                                                                                                                "Workers": [],
                                                                                                                "Plans": [
                                                                                                                    {
                                                                                                                        "Node Type": "Sort",
                                                                                                                        "Parent Relationship": "Outer",
                                                                                                                        "Parallel Aware": false,
                                                                                                                        "Async Capable": false,
                                                                                                                        "Startup Cost": 4089.59,
                                                                                                                        "Total Cost": 4089.98,
                                                                                                                        "Plan Rows": 155,
                                                                                                                        "Plan Width": 8,
                                                                                                                        "Actual Startup Time": 14.657,
                                                                                                                        "Actual Total Time": 14.665,
                                                                                                                        "Actual Rows": 76,
                                                                                                                        "Actual Loops": 2,
                                                                                                                        "Sort Key": [
                                                                                                                            "t1.site_id"
                                                                                                                        ],
                                                                                                                        "Sort Method": "quicksort",
                                                                                                                        "Sort Space Used": 29,
                                                                                                                        "Sort Space Type": "Memory",
                                                                                                                        "Workers": [
                                                                                                                            {
                                                                                                                                "Worker Number": 0,
                                                                                                                                "Sort Method": "quicksort",
                                                                                                                                "Sort Space Used": 27,
                                                                                                                                "Sort Space Type": "Memory"
                                                                                                                            }
                                                                                                                        ],
                                                                                                                        "Plans": [
                                                                                                                            {
                                                                                                                                "Node Type": "Seq Scan",
                                                                                                                                "Parent Relationship": "Outer",
                                                                                                                                "Parallel Aware": true,
                                                                                                                                "Async Capable": false,
                                                                                                                                "Relation Name": "tag",
                                                                                                                                "Alias": "t1",
                                                                                                                                "Startup Cost": 0.0,
                                                                                                                                "Total Cost": 4083.95,
                                                                                                                                "Plan Rows": 155,
                                                                                                                                "Plan Width": 8,
                                                                                                                                "Actual Startup Time": 0.063,
                                                                                                                                "Actual Total Time": 14.639,
                                                                                                                                "Actual Rows": 111,
                                                                                                                                "Actual Loops": 2,
                                                                                                                                "Filter": "((name)::text = ANY ('{ajax,banco-de-dados,c#,electromagnetism,electrostatics,jquery,json,laravel,linux,quantum-field-theory,thermodynamics,база-данных,регулярные-выражения}'::text[]))",
                                                                                                                                "Rows Removed by Filter": 93274,
                                                                                                                                "Workers": []
                                                                                                                            }
                                                                                                                        ]
                                                                                                                    },
                                                                                                                    {
                                                                                                                        "Node Type": "Sort",
                                                                                                                        "Parent Relationship": "Inner",
                                                                                                                        "Parallel Aware": false,
                                                                                                                        "Async Capable": false,
                                                                                                                        "Startup Cost": 3.87,
                                                                                                                        "Total Cost": 3.88,
                                                                                                                        "Plan Rows": 5,
                                                                                                                        "Plan Width": 4,
                                                                                                                        "Actual Startup Time": 0.032,
                                                                                                                        "Actual Total Time": 0.035,
                                                                                                                        "Actual Rows": 5,
                                                                                                                        "Actual Loops": 2,
                                                                                                                        "Sort Key": [
                                                                                                                            "s.site_id"
                                                                                                                        ],
                                                                                                                        "Sort Method": "quicksort",
                                                                                                                        "Sort Space Used": 25,
                                                                                                                        "Sort Space Type": "Memory",
                                                                                                                        "Workers": [
                                                                                                                            {
                                                                                                                                "Worker Number": 0,
                                                                                                                                "Sort Method": "quicksort",
                                                                                                                                "Sort Space Used": 25,
                                                                                                                                "Sort Space Type": "Memory"
                                                                                                                            }
                                                                                                                        ],
                                                                                                                        "Plans": [
                                                                                                                            {
                                                                                                                                "Node Type": "Seq Scan",
                                                                                                                                "Parent Relationship": "Outer",
                                                                                                                                "Parallel Aware": false,
                                                                                                                                "Async Capable": false,
                                                                                                                                "Relation Name": "site",
                                                                                                                                "Alias": "s",
                                                                                                                                "Startup Cost": 0.0,
                                                                                                                                "Total Cost": 3.81,
                                                                                                                                "Plan Rows": 5,
                                                                                                                                "Plan Width": 4,
                                                                                                                                "Actual Startup Time": 0.022,
                                                                                                                                "Actual Total Time": 0.026,
                                                                                                                                "Actual Rows": 5,
                                                                                                                                "Actual Loops": 2,
                                                                                                                                "Filter": "((site_name)::text = ANY ('{physics,pt,ru,salesforce,serverfault}'::text[]))",
                                                                                                                                "Rows Removed by Filter": 168,
                                                                                                                                "Workers": []
                                                                                                                            }
                                                                                                                        ]
                                                                                                                    }
                                                                                                                ]
                                                                                                            },
                                                                                                            {
                                                                                                                "Node Type": "Index Only Scan",
                                                                                                                "Parent Relationship": "Inner",
                                                                                                                "Parallel Aware": false,
                                                                                                                "Async Capable": false,
                                                                                                                "Scan Direction": "Forward",
                                                                                                                "Index Name": "tag_question_site_id_tag_id_question_id_idx",
                                                                                                                "Relation Name": "tag_question",
                                                                                                                "Alias": "tq1",
                                                                                                                "Startup Cost": 0.56,
                                                                                                                "Total Cost": 60.6,
                                                                                                                "Plan Rows": 31,
                                                                                                                "Plan Width": 12,
                                                                                                                "Actual Startup Time": 0.138,
                                                                                                                "Actual Total Time": 2.215,
                                                                                                                "Actual Rows": 3422,
                                                                                                                "Actual Loops": 27,
                                                                                                                "Index Cond": "((site_id = t1.site_id) AND (tag_id = t1.id))",
                                                                                                                "Rows Removed by Index Recheck": 0,
                                                                                                                "Heap Fetches": 92382,
                                                                                                                "Workers": []
                                                                                                            }
                                                                                                        ]
                                                                                                    },
                                                                                                    {
                                                                                                        "Node Type": "Index Scan",
                                                                                                        "Parent Relationship": "Inner",
                                                                                                        "Parallel Aware": false,
                                                                                                        "Async Capable": false,
                                                                                                        "Scan Direction": "Forward",
                                                                                                        "Index Name": "question_pkey",
                                                                                                        "Relation Name": "question",
                                                                                                        "Alias": "q1",
                                                                                                        "Startup Cost": 0.43,
                                                                                                        "Total Cost": 7.2,
                                                                                                        "Plan Rows": 1,
                                                                                                        "Plan Width": 8,
                                                                                                        "Actual Startup Time": 0.003,
                                                                                                        "Actual Total Time": 0.003,
                                                                                                        "Actual Rows": 0,
                                                                                                        "Actual Loops": 92382,
                                                                                                        "Index Cond": "((id = tq1.question_id) AND (site_id = tq1.site_id))",
                                                                                                        "Rows Removed by Index Recheck": 0,
                                                                                                        "Filter": "((view_count >= 0) AND (view_count <= 100))",
                                                                                                        "Rows Removed by Filter": 1,
                                                                                                        "Workers": []
                                                                                                    }
                                                                                                ]
                                                                                            },
                                                                                            {
                                                                                                "Node Type": "Index Scan",
                                                                                                "Parent Relationship": "Inner",
                                                                                                "Parallel Aware": false,
                                                                                                "Async Capable": false,
                                                                                                "Scan Direction": "Forward",
                                                                                                "Index Name": "answer_site_id_question_id_idx",
                                                                                                "Relation Name": "answer",
                                                                                                "Alias": "a1",
                                                                                                "Startup Cost": 0.43,
                                                                                                "Total Cost": 7.19,
                                                                                                "Plan Rows": 1,
                                                                                                "Plan Width": 12,
                                                                                                "Actual Startup Time": 0.002,
                                                                                                "Actual Total Time": 0.002,
                                                                                                "Actual Rows": 0,
                                                                                                "Actual Loops": 29953,
                                                                                                "Index Cond": "((site_id = tq1.site_id) AND (question_id = tq1.question_id))",
                                                                                                "Rows Removed by Index Recheck": 0,
                                                                                                "Workers": []
                                                                                            }
                                                                                        ]
                                                                                    },
                                                                                    {
                                                                                        "Node Type": "Index Scan",
                                                                                        "Parent Relationship": "Inner",
                                                                                        "Parallel Aware": false,
                                                                                        "Async Capable": false,
                                                                                        "Scan Direction": "Forward",
                                                                                        "Index Name": "so_user_pkey",
                                                                                        "Relation Name": "so_user",
                                                                                        "Alias": "u1",
                                                                                        "Startup Cost": 0.44,
                                                                                        "Total Cost": 7.22,
                                                                                        "Plan Rows": 1,
                                                                                        "Plan Width": 12,
                                                                                        "Actual Startup Time": 0.029,
                                                                                        "Actual Total Time": 0.029,
                                                                                        "Actual Rows": 1,
                                                                                        "Actual Loops": 8602,
                                                                                        "Index Cond": "((id = a1.owner_user_id) AND (site_id = a1.site_id))",
                                                                                        "Rows Removed by Index Recheck": 0,
                                                                                        "Filter": "((reputation >= 10) AND (reputation <= 100000))",
                                                                                        "Rows Removed by Filter": 0,
                                                                                        "Workers": []
                                                                                    }
                                                                                ]
                                                                            },
                                                                            {
                                                                                "Node Type": "Index Only Scan",
                                                                                "Parent Relationship": "Inner",
                                                                                "Parallel Aware": false,
                                                                                "Async Capable": false,
                                                                                "Scan Direction": "Forward",
                                                                                "Index Name": "badge_pkey",
                                                                                "Relation Name": "badge",
                                                                                "Alias": "b",
                                                                                "Startup Cost": 0.56,
                                                                                "Total Cost": 7.43,
                                                                                "Plan Rows": 1,
                                                                                "Plan Width": 8,
                                                                                "Actual Startup Time": 0.054,
                                                                                "Actual Total Time": 0.056,
                                                                                "Actual Rows": 1,
                                                                                "Actual Loops": 7885,
                                                                                "Index Cond": "((site_id = a1.site_id) AND (user_id = a1.owner_user_id))",
                                                                                "Rows Removed by Index Recheck": 0,
                                                                                "Filter": "((name)::text = ANY ('{Suffrage,Talkative}'::text[]))",
                                                                                "Rows Removed by Filter": 57,
                                                                                "Heap Fetches": 456780,
                                                                                "Workers": []
                                                                            }
                                                                        ]
                                                                    }
                                                                ]
                                                            },
                                                            {
                                                                "Node Type": "Index Scan",
                                                                "Parent Relationship": "Inner",
                                                                "Parallel Aware": false,
                                                                "Async Capable": false,
                                                                "Scan Direction": "Forward",
                                                                "Index Name": "account_pkey",
                                                                "Relation Name": "account",
                                                                "Alias": "acc",
                                                                "Startup Cost": 0.43,
                                                                "Total Cost": 7.2,
                                                                "Plan Rows": 1,
                                                                "Plan Width": 22,
                                                                "Actual Startup Time": 0.009,
                                                                "Actual Total Time": 0.009,
                                                                "Actual Rows": 1,
                                                                "Actual Loops": 6159,
                                                                "Index Cond": "(id = u1.account_id)",
                                                                "Rows Removed by Index Recheck": 0
                                                            }
                                                        ]
                                                    }
                                                ]
                                            }
                                        ]
                                    }
                                ]
                            }
                        ]
                    },
                    "Planning Time": 68.175,
                    "Triggers": [],
                    "Execution Time": 802.72
                }
            ],
            "hints": [
                "SET enable_hashjoin TO on",
                "SET enable_indexonlyscan TO on",
                "SET enable_indexscan TO on",
                "SET enable_mergejoin TO on",
                "SET enable_nestloop TO on",
                "SET enable_seqscan TO on"
            ]
        },
        {
            "arm": 1,
            "execution_time": 3443.891,
            "plan": [
                {
                    "Plan": {
                        "Node Type": "Limit",
                        "Parallel Aware": false,
                        "Async Capable": false,
                        "Startup Cost": 3666941.15,
                        "Total Cost": 3666941.15,
                        "Plan Rows": 1,
                        "Plan Width": 26,
                        "Actual Startup Time": 3420.81,
                        "Actual Total Time": 3443.833,
                        "Actual Rows": 100,
                        "Actual Loops": 1,
                        "Plans": [
                            {
                                "Node Type": "Sort",
                                "Parent Relationship": "Outer",
                                "Parallel Aware": false,
                                "Async Capable": false,
                                "Startup Cost": 3666941.15,
                                "Total Cost": 3666941.15,
                                "Plan Rows": 1,
                                "Plan Width": 26,
                                "Actual Startup Time": 3420.809,
                                "Actual Total Time": 3443.827,
                                "Actual Rows": 100,
                                "Actual Loops": 1,
                                "Sort Key": [
                                    "(count(*)) DESC"
                                ],
                                "Sort Method": "top-N heapsort",
                                "Sort Space Used": 37,
                                "Sort Space Type": "Memory",
                                "Plans": [
                                    {
                                        "Node Type": "Aggregate",
                                        "Strategy": "Sorted",
                                        "Partial Mode": "Simple",
                                        "Parent Relationship": "Outer",
                                        "Parallel Aware": false,
                                        "Async Capable": false,
                                        "Startup Cost": 3666941.0,
                                        "Total Cost": 3666941.14,
                                        "Plan Rows": 1,
                                        "Plan Width": 26,
                                        "Actual Startup Time": 3419.189,
                                        "Actual Total Time": 3443.765,
                                        "Actual Rows": 346,
                                        "Actual Loops": 1,
                                        "Group Key": [
                                            "acc.location"
                                        ],
                                        "Plans": [
                                            {
                                                "Node Type": "Gather Merge",
                                                "Parent Relationship": "Outer",
                                                "Parallel Aware": false,
                                                "Async Capable": false,
                                                "Startup Cost": 3666941.0,
                                                "Total Cost": 3666941.12,
                                                "Plan Rows": 1,
                                                "Plan Width": 18,
                                                "Actual Startup Time": 3419.179,
                                                "Actual Total Time": 3443.367,
                                                "Actual Rows": 6159,
                                                "Actual Loops": 1,
                                                "Workers Planned": 5,
                                                "Workers Launched": 5,
                                                "Plans": [
                                                    {
                                                        "Node Type": "Sort",
                                                        "Parent Relationship": "Outer",
                                                        "Parallel Aware": false,
                                                        "Async Capable": false,
                                                        "Startup Cost": 3665940.92,
                                                        "Total Cost": 3665940.93,
                                                        "Plan Rows": 1,
                                                        "Plan Width": 18,
                                                        "Actual Startup Time": 3416.125,
                                                        "Actual Total Time": 3416.167,
                                                        "Actual Rows": 1026,
                                                        "Actual Loops": 6,
                                                        "Sort Key": [
                                                            "acc.location"
                                                        ],
                                                        "Sort Method": "quicksort",
                                                        "Sort Space Used": 45,
                                                        "Sort Space Type": "Memory",
                                                        "Workers": [
                                                            {
                                                                "Worker Number": 0,
                                                                "Sort Method": "quicksort",
                                                                "Sort Space Used": 110,
                                                                "Sort Space Type": "Memory"
                                                            },
                                                            {
                                                                "Worker Number": 1,
                                                                "Sort Method": "quicksort",
                                                                "Sort Space Used": 47,
                                                                "Sort Space Type": "Memory"
                                                            },
                                                            {
                                                                "Worker Number": 2,
                                                                "Sort Method": "quicksort",
                                                                "Sort Space Used": 82,
                                                                "Sort Space Type": "Memory"
                                                            },
                                                            {
                                                                "Worker Number": 3,
                                                                "Sort Method": "quicksort",
                                                                "Sort Space Used": 46,
                                                                "Sort Space Type": "Memory"
                                                            },
                                                            {
                                                                "Worker Number": 4,
                                                                "Sort Method": "quicksort",
                                                                "Sort Space Used": 49,
                                                                "Sort Space Type": "Memory"
                                                            }
                                                        ],
                                                        "Plans": [
                                                            {
                                                                "Node Type": "Hash Join",
                                                                "Parent Relationship": "Outer",
                                                                "Parallel Aware": true,
                                                                "Async Capable": false,
                                                                "Join Type": "Inner",
                                                                "Startup Cost": 3513486.1,
                                                                "Total Cost": 3665940.91,
                                                                "Plan Rows": 1,
                                                                "Plan Width": 18,
                                                                "Actual Startup Time": 3170.632,
                                                                "Actual Total Time": 3415.86,
                                                                "Actual Rows": 1026,
                                                                "Actual Loops": 6,
                                                                "Inner Unique": false,
                                                                "Hash Cond": "(acc.id = u1.account_id)",
                                                                "Workers": [],
                                                                "Plans": [
                                                                    {
                                                                        "Node Type": "Seq Scan",
                                                                        "Parent Relationship": "Outer",
                                                                        "Parallel Aware": true,
                                                                        "Async Capable": false,
                                                                        "Relation Name": "account",
                                                                        "Alias": "acc",
                                                                        "Startup Cost": 0.0,
                                                                        "Total Cost": 142069.67,
                                                                        "Plan Rows": 2769367,
                                                                        "Plan Width": 22,
                                                                        "Actual Startup Time": 0.017,
                                                                        "Actual Total Time": 131.027,
                                                                        "Actual Rows": 2312026,
                                                                        "Actual Loops": 6,
                                                                        "Workers": []
                                                                    },
                                                                    {
                                                                        "Node Type": "Hash",
                                                                        "Parent Relationship": "Inner",
                                                                        "Parallel Aware": true,
                                                                        "Async Capable": false,
                                                                        "Startup Cost": 3513486.09,
                                                                        "Total Cost": 3513486.09,
                                                                        "Plan Rows": 1,
                                                                        "Plan Width": 4,
                                                                        "Actual Startup Time": 3161.255,
                                                                        "Actual Total Time": 3161.263,
                                                                        "Actual Rows": 1026,
                                                                        "Actual Loops": 6,
                                                                        "Hash Buckets": 8192,
                                                                        "Original Hash Buckets": 1024,
                                                                        "Hash Batches": 1,
                                                                        "Original Hash Batches": 1,
                                                                        "Peak Memory Usage": 472,
                                                                        "Workers": [],
                                                                        "Plans": [
                                                                            {
                                                                                "Node Type": "Hash Join",
                                                                                "Parent Relationship": "Outer",
                                                                                "Parallel Aware": true,
                                                                                "Async Capable": false,
                                                                                "Join Type": "Inner",
                                                                                "Startup Cost": 3509400.97,
                                                                                "Total Cost": 3513486.09,
                                                                                "Plan Rows": 1,
                                                                                "Plan Width": 4,
                                                                                "Actual Startup Time": 3151.146,
                                                                                "Actual Total Time": 3154.491,
                                                                                "Actual Rows": 1026,
                                                                                "Actual Loops": 6,
                                                                                "Inner Unique": false,
                                                                                "Hash Cond": "((t1.site_id = s.site_id) AND (t1.id = tq1.tag_id))",
                                                                                "Workers": [],
                                                                                "Plans": [
                                                                                    {
                                                                                        "Node Type": "Seq Scan",
                                                                                        "Parent Relationship": "Outer",
                                                                                        "Parallel Aware": true,
                                                                                        "Async Capable": false,
                                                                                        "Relation Name": "tag",
                                                                                        "Alias": "t1",
                                                                                        "Startup Cost": 0.0,
                                                                                        "Total Cost": 4083.95,
                                                                                        "Plan Rows": 155,
                                                                                        "Plan Width": 8,
                                                                                        "Actual Startup Time": 0.149,
                                                                                        "Actual Total Time": 5.929,
                                                                                        "Actual Rows": 37,
                                                                                        "Actual Loops": 6,
                                                                                        "Filter": "((name)::text = ANY ('{ajax,banco-de-dados,c#,electromagnetism,electrostatics,jquery,json,laravel,linux,quantum-field-theory,thermodynamics,база-данных,регулярные-выражения}'::text[]))",
                                                                                        "Rows Removed by Filter": 31091,
                                                                                        "Workers": []
                                                                                    },
                                                                                    {
                                                                                        "Node Type": "Hash",
                                                                                        "Parent Relationship": "Inner",
                                                                                        "Parallel Aware": true,
                                                                                        "Async Capable": false,
                                                                                        "Startup Cost": 3509400.96,
                                                                                        "Total Cost": 3509400.96,
                                                                                        "Plan Rows": 1,
                                                                                        "Plan Width": 32,
                                                                                        "Actual Startup Time": 3147.669,
                                                                                        "Actual Total Time": 3147.676,
                                                                                        "Actual Rows": 10477,
                                                                                        "Actual Loops": 6,
                                                                                        "Hash Buckets": 65536,
                                                                                        "Original Hash Buckets": 1024,
                                                                                        "Hash Batches": 1,
                                                                                        "Original Hash Batches": 1,
                                                                                        "Peak Memory Usage": 5048,
                                                                                        "Workers": [],
                                                                                        "Plans": [
                                                                                            {
                                                                                                "Node Type": "Hash Join",
                                                                                                "Parent Relationship": "Outer",
                                                                                                "Parallel Aware": true,
                                                                                                "Async Capable": false,
                                                                                                "Join Type": "Inner",
                                                                                                "Startup Cost": 3031551.79,
                                                                                                "Total Cost": 3509400.96,
                                                                                                "Plan Rows": 1,
                                                                                                "Plan Width": 32,
                                                                                                "Actual Startup Time": 2512.533,
                                                                                                "Actual Total Time": 3132.876,
                                                                                                "Actual Rows": 10477,
                                                                                                "Actual Loops": 6,
                                                                                                "Inner Unique": false,
                                                                                                "Hash Cond": "((b.site_id = s.site_id) AND (b.user_id = a1.owner_user_id))",
                                                                                                "Workers": [],
                                                                                                "Plans": [
                                                                                                    {
                                                                                                        "Node Type": "Seq Scan",
                                                                                                        "Parent Relationship": "Outer",
                                                                                                        "Parallel Aware": true,
                                                                                                        "Async Capable": false,
                                                                                                        "Relation Name": "badge",
                                                                                                        "Alias": "b",
                                                                                                        "Startup Cost": 0.0,
                                                                                                        "Total Cost": 477729.63,
                                                                                                        "Plan Rows": 15937,
                                                                                                        "Plan Width": 8,
                                                                                                        "Actual Startup Time": 0.101,
                                                                                                        "Actual Total Time": 719.011,
                                                                                                        "Actual Rows": 17038,
                                                                                                        "Actual Loops": 6,
                                                                                                        "Filter": "((name)::text = ANY ('{Suffrage,Talkative}'::text[]))",
                                                                                                        "Rows Removed by Filter": 8522446,
                                                                                                        "Workers": []
                                                                                                    },
                                                                                                    {
                                                                                                        "Node Type": "Hash",
                                                                                                        "Parent Relationship": "Inner",
                                                                                                        "Parallel Aware": true,
                                                                                                        "Async Capable": false,
                                                                                                        "Startup Cost": 3031551.77,
                                                                                                        "Total Cost": 3031551.77,
                                                                                                        "Plan Rows": 1,
                                                                                                        "Plan Width": 36,
                                                                                                        "Actual Startup Time": 2409.542,
                                                                                                        "Actual Total Time": 2409.547,
                                                                                                        "Actual Rows": 15614,
                                                                                                        "Actual Loops": 6,
                                                                                                        "Hash Buckets": 131072,
                                                                                                        "Original Hash Buckets": 1024,
                                                                                                        "Hash Batches": 1,
                                                                                                        "Original Hash Batches": 1,
                                                                                                        "Peak Memory Usage": 8760,
                                                                                                        "Workers": [],
                                                                                                        "Plans": [
                                                                                                            {
                                                                                                                "Node Type": "Hash Join",
                                                                                                                "Parent Relationship": "Outer",
                                                                                                                "Parallel Aware": true,
                                                                                                                "Async Capable": false,
                                                                                                                "Join Type": "Inner",
                                                                                                                "Startup Cost": 2760808.35,
                                                                                                                "Total Cost": 3031551.77,
                                                                                                                "Plan Rows": 1,
                                                                                                                "Plan Width": 36,
                                                                                                                "Actual Startup Time": 2293.701,
                                                                                                                "Actual Total Time": 2403.569,
                                                                                                                "Actual Rows": 15614,
                                                                                                                "Actual Loops": 6,
                                                                                                                "Inner Unique": false,
                                                                                                                "Hash Cond": "((u1.site_id = s.site_id) AND (u1.id = a1.owner_user_id))",
                                                                                                                "Workers": [],
                                                                                                                "Plans": [
                                                                                                                    {
                                                                                                                        "Node Type": "Seq Scan",
                                                                                                                        "Parent Relationship": "Outer",
                                                                                                                        "Parallel Aware": true,
                                                                                                                        "Async Capable": false,
                                                                                                                        "Relation Name": "so_user",
                                                                                                                        "Alias": "u1",
                                                                                                                        "Startup Cost": 0.0,
                                                                                                                        "Total Cost": 260486.52,
                                                                                                                        "Plan Rows": 1367585,
                                                                                                                        "Plan Width": 12,
                                                                                                                        "Actual Startup Time": 0.018,
                                                                                                                        "Actual Total Time": 216.616,
                                                                                                                        "Actual Rows": 1136150,
                                                                                                                        "Actual Loops": 6,
                                                                                                                        "Filter": "((reputation >= 10) AND (reputation <= 100000))",
                                                                                                                        "Rows Removed by Filter": 2380067,
                                                                                                                        "Workers": []
                                                                                                                    },
                                                                                                                    {
                                                                                                                        "Node Type": "Hash",
                                                                                                                        "Parent Relationship": "Inner",
                                                                                                                        "Parallel Aware": true,
                                                                                                                        "Async Capable": false,
                                                                                                                        "Startup Cost": 2760808.26,
                                                                                                                        "Total Cost": 2760808.26,
                                                                                                                        "Plan Rows": 6,
                                                                                                                        "Plan Width": 24,
                                                                                                                        "Actual Startup Time": 2101.338,
                                                                                                                        "Actual Total Time": 2101.342,
                                                                                                                        "Actual Rows": 17276,
                                                                                                                        "Actual Loops": 6,
                                                                                                                        "Hash Buckets": 131072,
                                                                                                                        "Original Hash Buckets": 1024,
                                                                                                                        "Hash Batches": 1,
                                                                                                                        "Original Hash Batches": 1,
                                                                                                                        "Peak Memory Usage": 7800,
                                                                                                                        "Workers": [],
                                                                                                                        "Plans": [
                                                                                                                            {
                                                                                                                                "Node Type": "Hash Join",
                                                                                                                                "Parent Relationship": "Outer",
                                                                                                                                "Parallel Aware": true,
                                                                                                                                "Async Capable": false,
                                                                                                                                "Join Type": "Inner",
                                                                                                                                "Startup Cost": 1991434.39,
                                                                                                                                "Total Cost": 2760808.26,
                                                                                                                                "Plan Rows": 6,
                                                                                                                                "Plan Width": 24,
                                                                                                                                "Actual Startup Time": 1474.583,
                                                                                                                                "Actual Total Time": 2064.76,
                                                                                                                                "Actual Rows": 17276,
                                                                                                                                "Actual Loops": 6,
                                                                                                                                "Inner Unique": false,
                                                                                                                                "Hash Cond": "((a1.site_id = s.site_id) AND (a1.question_id = q1.id))",
                                                                                                                                "Workers": [],
                                                                                                                                "Plans": [
                                                                                                                                    {
                                                                                                                                        "Node Type": "Seq Scan",
                                                                                                                                        "Parent Relationship": "Outer",
                                                                                                                                        "Parallel Aware": true,
                                                                                                                                        "Async Capable": false,
                                                                                                                                        "Relation Name": "answer",
                                                                                                                                        "Alias": "a1",
                                                                                                                                        "Startup Cost": 0.0,
                                                                                                                                        "Total Cost": 762572.49,
                                                                                                                                        "Plan Rows": 906849,
                                                                                                                                        "Plan Width": 12,
                                                                                                                                        "Actual Startup Time": 0.017,
                                                                                                                                        "Actual Total Time": 500.713,
                                                                                                                                        "Actual Rows": 1057926,
                                                                                                                                        "Actual Loops": 6,
                                                                                                                                        "Workers": []
                                                                                                                                    },
                                                                                                                                    {
                                                                                                                                        "Node Type": "Hash",
                                                                                                                                        "Parent Relationship": "Inner",
                                                                                                                                        "Parallel Aware": true,
                                                                                                                                        "Async Capable": false,
                                                                                                                                        "Startup Cost": 1991423.56,
                                                                                                                                        "Total Cost": 1991423.56,
                                                                                                                                        "Plan Rows": 722,
                                                                                                                                        "Plan Width": 24,
                                                                                                                                        "Actual Startup Time": 1410.867,
                                                                                                                                        "Actual Total Time": 1410.87,
                                                                                                                                        "Actual Rows": 64484,
                                                                                                                                        "Actual Loops": 6,
                                                                                                                                        "Hash Buckets": 524288,
                                                                                                                                        "Original Hash Buckets": 8192,
                                                                                                                                        "Hash Batches": 1,
                                                                                                                                        "Original Hash Batches": 1,
                                                                                                                                        "Peak Memory Usage": 29440,
                                                                                                                                        "Workers": [],
                                                                                                                                        "Plans": [
                                                                                                                                            {
                                                                                                                                                "Node Type": "Hash Join",
                                                                                                                                                "Parent Relationship": "Outer",
                                                                                                                                                "Parallel Aware": true,
                                                                                                                                                "Async Capable": false,
                                                                                                                                                "Join Type": "Inner",
                                                                                                                                                "Startup Cost": 296199.93,
                                                                                                                                                "Total Cost": 1991423.56,
                                                                                                                                                "Plan Rows": 722,
                                                                                                                                                "Plan Width": 24,
                                                                                                                                                "Actual Startup Time": 788.921,
                                                                                                                                                "Actual Total Time": 1369.685,
                                                                                                                                                "Actual Rows": 64484,
                                                                                                                                                "Actual Loops": 6,
                                                                                                                                                "Inner Unique": false,
                                                                                                                                                "Hash Cond": "((q1.site_id = s.site_id) AND (q1.id = tq1.question_id))",
                                                                                                                                                "Workers": [],
                                                                                                                                                "Plans": [
                                                                                                                                                    {
                                                                                                                                                        "Node Type": "Seq Scan",
                                                                                                                                                        "Parent Relationship": "Outer",
                                                                                                                                                        "Parallel Aware": true,
                                                                                                                                                        "Async Capable": false,
                                                                                                                                                        "Relation Name": "question",
                                                                                                                                                        "Alias": "q1",
                                                                                                                                                        "Startup Cost": 0.0,
                                                                                                                                                        "Total Cost": 1691290.18,
                                                                                                                                                        "Plan Rows": 524267,
                                                                                                                                                        "Plan Width": 8,
                                                                                                                                                        "Actual Startup Time": 0.033,
                                                                                                                                                        "Actual Total Time": 679.631,
                                                                                                                                                        "Actual Rows": 604931,
                                                                                                                                                        "Actual Loops": 6,
                                                                                                                                                        "Filter": "((view_count >= 0) AND (view_count <= 100))",
                                                                                                                                                        "Rows Removed by Filter": 1506142,
                                                                                                                                                        "Workers": []
                                                                                                                                                    },
                                                                                                                                                    {
                                                                                                                                                        "Node Type": "Hash",
                                                                                                                                                        "Parent Relationship": "Inner",
                                                                                                                                                        "Parallel Aware": true,
                                                                                                                                                        "Async Capable": false,
                                                                                                                                                        "Startup Cost": 293001.92,
                                                                                                                                                        "Total Cost": 293001.92,
                                                                                                                                                        "Plan Rows": 213201,
                                                                                                                                                        "Plan Width": 16,
                                                                                                                                                        "Actual Startup Time": 544.492,
                                                                                                                                                        "Actual Total Time": 544.494,
                                                                                                                                                        "Actual Rows": 218176,
                                                                                                                                                        "Actual Loops": 6,
                                                                                                                                                        "Hash Buckets": 2097152,
                                                                                                                                                        "Original Hash Buckets": 2097152,
                                                                                                                                                        "Hash Batches": 1,
                                                                                                                                                        "Original Hash Batches": 1,
                                                                                                                                                        "Peak Memory Usage": 77920,
                                                                                                                                                        "Workers": [],
                                                                                                                                                        "Plans": [
                                                                                                                                                            {
                                                                                                                                                                "Node Type": "Hash Join",
                                                                                                                                                                "Parent Relationship": "Outer",
                                                                                                                                                                "Parallel Aware": false,
                                                                                                                                                                "Async Capable": false,
                                                                                                                                                                "Join Type": "Inner",
                                                                                                                                                                "Startup Cost": 3.87,
                                                                                                                                                                "Total Cost": 293001.92,
                                                                                                                                                                "Plan Rows": 213201,
                                                                                                                                                                "Plan Width": 16,
                                                                                                                                                                "Actual Startup Time": 51.412,
                                                                                                                                                                "Actual Total Time": 500.641,
                                                                                                                                                                "Actual Rows": 218176,
                                                                                                                                                                "Actual Loops": 6,
                                                                                                                                                                "Inner Unique": true,
                                                                                                                                                                "Hash Cond": "(tq1.site_id = s.site_id)",
                                                                                                                                                                "Workers": [],
                                                                                                                                                                "Plans": [
                                                                                                                                                                    {
                                                                                                                                                                        "Node Type": "Seq Scan",
                                                                                                                                                                        "Parent Relationship": "Outer",
                                                                                                                                                                        "Parallel Aware": true,
                                                                                                                                                                        "Async Capable": false,
                                                                                                                                                                        "Relation Name": "tag_question",
                                                                                                                                                                        "Alias": "tq1",
                                                                                                                                                                        "Startup Cost": 0.0,
                                                                                                                                                                        "Total Cost": 273159.66,
                                                                                                                                                                        "Plan Rows": 7376766,
                                                                                                                                                                        "Plan Width": 12,
                                                                                                                                                                        "Actual Startup Time": 0.02,
                                                                                                                                                                        "Actual Total Time": 271.825,
                                                                                                                                                                        "Actual Rows": 6147303,
                                                                                                                                                                        "Actual Loops": 6,
                                                                                                                                                                        "Workers": []
                                                                                                                                                                    },
                                                                                                                                                                    {
                                                                                                                                                                        "Node Type": "Hash",
                                                                                                                                                                        "Parent Relationship": "Inner",
                                                                                                                                                                        "Parallel Aware": false,
                                                                                                                                                                        "Async Capable": false,
                                                                                                                                                                        "Startup Cost": 3.81,
                                                                                                                                                                        "Total Cost": 3.81,
                                                                                                                                                                        "Plan Rows": 5,
                                                                                                                                                                        "Plan Width": 4,
                                                                                                                                                                        "Actual Startup Time": 0.047,
                                                                                                                                                                        "Actual Total Time": 0.047,
                                                                                                                                                                        "Actual Rows": 5,
                                                                                                                                                                        "Actual Loops": 6,
                                                                                                                                                                        "Hash Buckets": 1024,
                                                                                                                                                                        "Original Hash Buckets": 1024,
                                                                                                                                                                        "Hash Batches": 1,
                                                                                                                                                                        "Original Hash Batches": 1,
                                                                                                                                                                        "Peak Memory Usage": 9,
                                                                                                                                                                        "Workers": [],
                                                                                                                                                                        "Plans": [
                                                                                                                                                                            {
                                                                                                                                                                                "Node Type": "Seq Scan",
                                                                                                                                                                                "Parent Relationship": "Outer",
                                                                                                                                                                                "Parallel Aware": false,
                                                                                                                                                                                "Async Capable": false,
                                                                                                                                                                                "Relation Name": "site",
                                                                                                                                                                                "Alias": "s",
                                                                                                                                                                                "Startup Cost": 0.0,
                                                                                                                                                                                "Total Cost": 3.81,
                                                                                                                                                                                "Plan Rows": 5,
                                                                                                                                                                                "Plan Width": 4,
                                                                                                                                                                                "Actual Startup Time": 0.036,
                                                                                                                                                                                "Actual Total Time": 0.042,
                                                                                                                                                                                "Actual Rows": 5,
                                                                                                                                                                                "Actual Loops": 6,
                                                                                                                                                                                "Filter": "((site_name)::text = ANY ('{physics,pt,ru,salesforce,serverfault}'::text[]))",
                                                                                                                                                                                "Rows Removed by Filter": 168,
                                                                                                                                                                                "Workers": []
                                                                                                                                                                            }
                                                                                                                                                                        ]
                                                                                                                                                                    }
                                                                                                                                                                ]
                                                                                                                                                            }
                                                                                                                                                        ]
                                                                                                                                                    }
                                                                                                                                                ]
                                                                                                                                            }
                                                                                                                                        ]
                                                                                                                                    }
                                                                                                                                ]
                                                                                                                            }
                                                                                                                        ]
                                                                                                                    }
                                                                                                                ]
                                                                                                            }
                                                                                                        ]
                                                                                                    }
                                                                                                ]
                                                                                            }
                                                                                        ]
                                                                                    }
                                                                                ]
                                                                            }
                                                                        ]
                                                                    }
                                                                ]
                                                            }
                                                        ]
                                                    }
                                                ]
                                            }
                                        ]
                                    }
                                ]
                            }
                        ]
                    },
                    "Planning Time": 41.741,
                    "Triggers": [],
                    "Execution Time": 3443.891
                }
            ],
            "hints": [
                "SET enable_hashjoin TO on",
                "SET enable_indexonlyscan TO on",
                "SET enable_indexscan TO on",
                "SET enable_mergejoin TO on",
                "SET enable_nestloop TO off",
                "SET enable_seqscan TO on"
            ]
        },
        {
            "arm": 2,
            "execution_time": 441.468,
            "plan": [
                {
                    "Plan": {
                        "Node Type": "Limit",
                        "Parallel Aware": false,
                        "Async Capable": false,
                        "Startup Cost": 6579.1,
                        "Total Cost": 6579.11,
                        "Plan Rows": 1,
                        "Plan Width": 26,
                        "Actual Startup Time": 416.832,
                        "Actual Total Time": 441.388,
                        "Actual Rows": 100,
                        "Actual Loops": 1,
                        "Plans": [
                            {
                                "Node Type": "Sort",
                                "Parent Relationship": "Outer",
                                "Parallel Aware": false,
                                "Async Capable": false,
                                "Startup Cost": 6579.1,
                                "Total Cost": 6579.11,
                                "Plan Rows": 1,
                                "Plan Width": 26,
                                "Actual Startup Time": 416.831,
                                "Actual Total Time": 441.382,
                                "Actual Rows": 100,
                                "Actual Loops": 1,
                                "Sort Key": [
                                    "(count(*)) DESC"
                                ],
                                "Sort Method": "top-N heapsort",
                                "Sort Space Used": 37,
                                "Sort Space Type": "Memory",
                                "Plans": [
                                    {
                                        "Node Type": "Aggregate",
                                        "Strategy": "Sorted",
                                        "Partial Mode": "Simple",
                                        "Parent Relationship": "Outer",
                                        "Parallel Aware": false,
                                        "Async Capable": false,
                                        "Startup Cost": 6579.07,
                                        "Total Cost": 6579.09,
                                        "Plan Rows": 1,
                                        "Plan Width": 26,
                                        "Actual Startup Time": 416.215,
                                        "Actual Total Time": 441.32,
                                        "Actual Rows": 346,
                                        "Actual Loops": 1,
                                        "Group Key": [
                                            "acc.location"
                                        ],
                                        "Plans": [
                                            {
                                                "Node Type": "Sort",
                                                "Parent Relationship": "Outer",
                                                "Parallel Aware": false,
                                                "Async Capable": false,
                                                "Startup Cost": 6579.07,
                                                "Total Cost": 6579.08,
                                                "Plan Rows": 1,
                                                "Plan Width": 18,
                                                "Actual Startup Time": 416.206,
                                                "Actual Total Time": 440.936,
                                                "Actual Rows": 6159,
                                                "Actual Loops": 1,
                                                "Sort Key": [
                                                    "acc.location"
                                                ],
                                                "Sort Method": "quicksort",
                                                "Sort Space Used": 376,
                                                "Sort Space Type": "Memory",
                                                "Plans": [
                                                    {
                                                        "Node Type": "Nested Loop",
                                                        "Parent Relationship": "Outer",
                                                        "Parallel Aware": false,
                                                        "Async Capable": false,
                                                        "Join Type": "Inner",
                                                        "Startup Cost": 1028.02,
                                                        "Total Cost": 6579.06,
                                                        "Plan Rows": 1,
                                                        "Plan Width": 18,
                                                        "Actual Startup Time": 12.621,
                                                        "Actual Total Time": 438.79,
                                                        "Actual Rows": 6159,
                                                        "Actual Loops": 1,
                                                        "Inner Unique": true,
                                                        "Plans": [
                                                            {
                                                                "Node Type": "Nested Loop",
                                                                "Parent Relationship": "Outer",
                                                                "Parallel Aware": false,
                                                                "Async Capable": false,
                                                                "Join Type": "Inner",
                                                                "Startup Cost": 1024.2,
                                                                "Total Cost": 6571.24,
                                                                "Plan Rows": 1,
                                                                "Plan Width": 4,
                                                                "Actual Startup Time": 12.612,
                                                                "Actual Total Time": 424.545,
                                                                "Actual Rows": 6159,
                                                                "Actual Loops": 1,
                                                                "Inner Unique": false,
                                                                "Join Filter": "((s.site_id = b.site_id) AND (b.user_id = a1.owner_user_id))",
                                                                "Rows Removed by Join Filter": 0,
                                                                "Plans": [
                                                                    {
                                                                        "Node Type": "Nested Loop",
                                                                        "Parent Relationship": "Outer",
                                                                        "Parallel Aware": false,
                                                                        "Async Capable": false,
                                                                        "Join Type": "Inner",
                                                                        "Startup Cost": 1020.21,
                                                                        "Total Cost": 6563.21,
                                                                        "Plan Rows": 1,
                                                                        "Plan Width": 36,
                                                                        "Actual Startup Time": 12.576,
                                                                        "Actual Total Time": 164.77,
                                                                        "Actual Rows": 7885,
                                                                        "Actual Loops": 1,
                                                                        "Inner Unique": true,
                                                                        "Join Filter": "(s.site_id = u1.site_id)",
                                                                        "Rows Removed by Join Filter": 0,
                                                                        "Plans": [
                                                                            {
                                                                                "Node Type": "Nested Loop",
                                                                                "Parent Relationship": "Outer",
                                                                                "Parallel Aware": false,
                                                                                "Async Capable": false,
                                                                                "Join Type": "Inner",
                                                                                "Startup Cost": 1016.38,
                                                                                "Total Cost": 6555.35,
                                                                                "Plan Rows": 1,
                                                                                "Plan Width": 24,
                                                                                "Actual Startup Time": 12.566,
                                                                                "Actual Total Time": 139.41,
                                                                                "Actual Rows": 8602,
                                                                                "Actual Loops": 1,
                                                                                "Inner Unique": false,
                                                                                "Join Filter": "((s.site_id = a1.site_id) AND (q1.id = a1.question_id))",
                                                                                "Rows Removed by Join Filter": 0,
                                                                                "Plans": [
                                                                                    {
                                                                                        "Node Type": "Gather",
                                                                                        "Parent Relationship": "Outer",
                                                                                        "Parallel Aware": false,
                                                                                        "Async Capable": false,
                                                                                        "Startup Cost": 1012.57,
                                                                                        "Total Cost": 6547.51,
                                                                                        "Plan Rows": 1,
                                                                                        "Plan Width": 24,
                                                                                        "Actual Startup Time": 10.342,
                                                                                        "Actual Total Time": 84.179,
                                                                                        "Actual Rows": 29953,
                                                                                        "Actual Loops": 1,
                                                                                        "Workers Planned": 1,
                                                                                        "Workers Launched": 1,
                                                                                        "Single Copy": false,
                                                                                        "Plans": [
                                                                                            {
                                                                                                "Node Type": "Nested Loop",
                                                                                                "Parent Relationship": "Outer",
                                                                                                "Parallel Aware": false,
                                                                                                "Async Capable": false,
                                                                                                "Join Type": "Inner",
                                                                                                "Startup Cost": 12.57,
                                                                                                "Total Cost": 5547.41,
                                                                                                "Plan Rows": 1,
                                                                                                "Plan Width": 24,
                                                                                                "Actual Startup Time": 9.63,
                                                                                                "Actual Total Time": 197.534,
                                                                                                "Actual Rows": 14976,
                                                                                                "Actual Loops": 2,
                                                                                                "Inner Unique": true,
                                                                                                "Join Filter": "(s.site_id = q1.site_id)",
                                                                                                "Rows Removed by Join Filter": 0,
                                                                                                "Workers": [],
                                                                                                "Plans": [
                                                                                                    {
                                                                                                        "Node Type": "Nested Loop",
                                                                                                        "Parent Relationship": "Outer",
                                                                                                        "Parallel Aware": false,
                                                                                                        "Async Capable": false,
                                                                                                        "Join Type": "Inner",
                                                                                                        "Startup Cost": 8.76,
                                                                                                        "Total Cost": 4731.12,
                                                                                                        "Plan Rows": 104,
                                                                                                        "Plan Width": 16,
                                                                                                        "Actual Startup Time": 8.661,
                                                                                                        "Actual Total Time": 48.261,
                                                                                                        "Actual Rows": 46191,
                                                                                                        "Actual Loops": 2,
                                                                                                        "Inner Unique": false,
                                                                                                        "Join Filter": "(s.site_id = tq1.site_id)",
                                                                                                        "Rows Removed by Join Filter": 0,
                                                                                                        "Workers": [],
                                                                                                        "Plans": [
                                                                                                            {
                                                                                                                "Node Type": "Hash Join",
                                                                                                                "Parent Relationship": "Outer",
                                                                                                                "Parallel Aware": false,
                                                                                                                "Async Capable": false,
                                                                                                                "Join Type": "Inner",
                                                                                                                "Startup Cost": 3.87,
                                                                                                                "Total Cost": 4088.24,
                                                                                                                "Plan Rows": 5,
                                                                                                                "Plan Width": 12,
                                                                                                                "Actual Startup Time": 8.14,
                                                                                                                "Actual Total Time": 18.521,
                                                                                                                "Actual Rows": 14,
                                                                                                                "Actual Loops": 2,
                                                                                                                "Inner Unique": true,
                                                                                                                "Hash Cond": "(t1.site_id = s.site_id)",
                                                                                                                "Workers": [],
                                                                                                                "Plans": [
                                                                                                                    {
                                                                                                                        "Node Type": "Seq Scan",
                                                                                                                        "Parent Relationship": "Outer",
                                                                                                                        "Parallel Aware": true,
                                                                                                                        "Async Capable": false,
                                                                                                                        "Relation Name": "tag",
                                                                                                                        "Alias": "t1",
                                                                                                                        "Startup Cost": 0.0,
                                                                                                                        "Total Cost": 4083.95,
                                                                                                                        "Plan Rows": 155,
                                                                                                                        "Plan Width": 8,
                                                                                                                        "Actual Startup Time": 0.113,
                                                                                                                        "Actual Total Time": 18.398,
                                                                                                                        "Actual Rows": 111,
                                                                                                                        "Actual Loops": 2,
                                                                                                                        "Filter": "((name)::text = ANY ('{ajax,banco-de-dados,c#,electromagnetism,electrostatics,jquery,json,laravel,linux,quantum-field-theory,thermodynamics,база-данных,регулярные-выражения}'::text[]))",
                                                                                                                        "Rows Removed by Filter": 93274,
                                                                                                                        "Workers": []
                                                                                                                    },
                                                                                                                    {
                                                                                                                        "Node Type": "Hash",
                                                                                                                        "Parent Relationship": "Inner",
                                                                                                                        "Parallel Aware": false,
                                                                                                                        "Async Capable": false,
                                                                                                                        "Startup Cost": 3.81,
                                                                                                                        "Total Cost": 3.81,
                                                                                                                        "Plan Rows": 5,
                                                                                                                        "Plan Width": 4,
                                                                                                                        "Actual Startup Time": 0.034,
                                                                                                                        "Actual Total Time": 0.035,
                                                                                                                        "Actual Rows": 5,
                                                                                                                        "Actual Loops": 2,
                                                                                                                        "Hash Buckets": 1024,
                                                                                                                        "Original Hash Buckets": 1024,
                                                                                                                        "Hash Batches": 1,
                                                                                                                        "Original Hash Batches": 1,
                                                                                                                        "Peak Memory Usage": 9,
                                                                                                                        "Workers": [],
                                                                                                                        "Plans": [
                                                                                                                            {
                                                                                                                                "Node Type": "Seq Scan",
                                                                                                                                "Parent Relationship": "Outer",
                                                                                                                                "Parallel Aware": false,
                                                                                                                                "Async Capable": false,
                                                                                                                                "Relation Name": "site",
                                                                                                                                "Alias": "s",
                                                                                                                                "Startup Cost": 0.0,
                                                                                                                                "Total Cost": 3.81,
                                                                                                                                "Plan Rows": 5,
                                                                                                                                "Plan Width": 4,
                                                                                                                                "Actual Startup Time": 0.023,
                                                                                                                                "Actual Total Time": 0.029,
                                                                                                                                "Actual Rows": 5,
                                                                                                                                "Actual Loops": 2,
                                                                                                                                "Filter": "((site_name)::text = ANY ('{physics,pt,ru,salesforce,serverfault}'::text[]))",
                                                                                                                                "Rows Removed by Filter": 168,
                                                                                                                                "Workers": []
                                                                                                                            }
                                                                                                                        ]
                                                                                                                    }
                                                                                                                ]
                                                                                                            },
                                                                                                            {
                                                                                                                "Node Type": "Bitmap Heap Scan",
                                                                                                                "Parent Relationship": "Inner",
                                                                                                                "Parallel Aware": false,
                                                                                                                "Async Capable": false,
                                                                                                                "Relation Name": "tag_question",
                                                                                                                "Alias": "tq1",
                                                                                                                "Startup Cost": 4.88,
                                                                                                                "Total Cost": 128.19,
                                                                                                                "Plan Rows": 31,
                                                                                                                "Plan Width": 12,
                                                                                                                "Actual Startup Time": 0.297,
                                                                                                                "Actual Total Time": 1.884,
                                                                                                                "Actual Rows": 3422,
                                                                                                                "Actual Loops": 27,
                                                                                                                "Recheck Cond": "((t1.site_id = site_id) AND (t1.id = tag_id))",
                                                                                                                "Rows Removed by Index Recheck": 0,
                                                                                                                "Exact Heap Blocks": 4461,
                                                                                                                "Lossy Heap Blocks": 0,
                                                                                                                "Workers": [],
                                                                                                                "Plans": [
                                                                                                                    {
                                                                                                                        "Node Type": "Bitmap Index Scan",
                                                                                                                        "Parent Relationship": "Outer",
                                                                                                                        "Parallel Aware": false,
                                                                                                                        "Async Capable": false,
                                                                                                                        "Index Name": "tag_question_site_id_tag_id_question_id_idx",
                                                                                                                        "Startup Cost": 0.0,
                                                                                                                        "Total Cost": 4.88,
                                                                                                                        "Plan Rows": 31,
                                                                                                                        "Plan Width": 0,
                                                                                                                        "Actual Startup Time": 0.205,
                                                                                                                        "Actual Total Time": 0.205,
                                                                                                                        "Actual Rows": 3422,
                                                                                                                        "Actual Loops": 27,
                                                                                                                        "Index Cond": "((site_id = t1.site_id) AND (tag_id = t1.id))",
                                                                                                                        "Workers": []
                                                                                                                    }
                                                                                                                ]
                                                                                                            }
                                                                                                        ]
                                                                                                    },
                                                                                                    {
                                                                                                        "Node Type": "Bitmap Heap Scan",
                                                                                                        "Parent Relationship": "Inner",
                                                                                                        "Parallel Aware": false,
                                                                                                        "Async Capable": false,
                                                                                                        "Relation Name": "question",
                                                                                                        "Alias": "q1",
                                                                                                        "Startup Cost": 3.82,
                                                                                                        "Total Cost": 7.84,
                                                                                                        "Plan Rows": 1,
                                                                                                        "Plan Width": 8,
                                                                                                        "Actual Startup Time": 0.003,
                                                                                                        "Actual Total Time": 0.003,
                                                                                                        "Actual Rows": 0,
                                                                                                        "Actual Loops": 92382,
                                                                                                        "Recheck Cond": "((id = tq1.question_id) AND (site_id = tq1.site_id))",
                                                                                                        "Rows Removed by Index Recheck": 0,
                                                                                                        "Filter": "((view_count >= 0) AND (view_count <= 100))",
                                                                                                        "Rows Removed by Filter": 1,
                                                                                                        "Exact Heap Blocks": 12776,
                                                                                                        "Lossy Heap Blocks": 0,
                                                                                                        "Workers": [],
                                                                                                        "Plans": [
                                                                                                            {
                                                                                                                "Node Type": "Bitmap Index Scan",
                                                                                                                "Parent Relationship": "Outer",
                                                                                                                "Parallel Aware": false,
                                                                                                                "Async Capable": false,
                                                                                                                "Index Name": "question_pkey",
                                                                                                                "Startup Cost": 0.0,
                                                                                                                "Total Cost": 3.82,
                                                                                                                "Plan Rows": 1,
                                                                                                                "Plan Width": 0,
                                                                                                                "Actual Startup Time": 0.002,
                                                                                                                "Actual Total Time": 0.002,
                                                                                                                "Actual Rows": 1,
                                                                                                                "Actual Loops": 92382,
                                                                                                                "Index Cond": "((id = tq1.question_id) AND (site_id = tq1.site_id))",
                                                                                                                "Workers": []
                                                                                                            }
                                                                                                        ]
                                                                                                    }
                                                                                                ]
                                                                                            }
                                                                                        ]
                                                                                    },
                                                                                    {
                                                                                        "Node Type": "Bitmap Heap Scan",
                                                                                        "Parent Relationship": "Inner",
                                                                                        "Parallel Aware": false,
                                                                                        "Async Capable": false,
                                                                                        "Relation Name": "answer",
                                                                                        "Alias": "a1",
                                                                                        "Startup Cost": 3.81,
                                                                                        "Total Cost": 7.83,
                                                                                        "Plan Rows": 1,
                                                                                        "Plan Width": 12,
                                                                                        "Actual Startup Time": 0.001,
                                                                                        "Actual Total Time": 0.001,
                                                                                        "Actual Rows": 0,
                                                                                        "Actual Loops": 29953,
                                                                                        "Recheck Cond": "((site_id = tq1.site_id) AND (tq1.question_id = question_id))",
                                                                                        "Rows Removed by Index Recheck": 0,
                                                                                        "Exact Heap Blocks": 8291,
                                                                                        "Lossy Heap Blocks": 0,
                                                                                        "Plans": [
                                                                                            {
                                                                                                "Node Type": "Bitmap Index Scan",
                                                                                                "Parent Relationship": "Outer",
                                                                                                "Parallel Aware": false,
                                                                                                "Async Capable": false,
                                                                                                "Index Name": "answer_site_id_question_id_idx",
                                                                                                "Startup Cost": 0.0,
                                                                                                "Total Cost": 3.81,
                                                                                                "Plan Rows": 1,
                                                                                                "Plan Width": 0,
                                                                                                "Actual Startup Time": 0.001,
                                                                                                "Actual Total Time": 0.001,
                                                                                                "Actual Rows": 0,
                                                                                                "Actual Loops": 29953,
                                                                                                "Index Cond": "((site_id = tq1.site_id) AND (question_id = tq1.question_id))"
                                                                                            }
                                                                                        ]
                                                                                    }
                                                                                ]
                                                                            },
                                                                            {
                                                                                "Node Type": "Bitmap Heap Scan",
                                                                                "Parent Relationship": "Inner",
                                                                                "Parallel Aware": false,
                                                                                "Async Capable": false,
                                                                                "Relation Name": "so_user",
                                                                                "Alias": "u1",
                                                                                "Startup Cost": 3.82,
                                                                                "Total Cost": 7.84,
                                                                                "Plan Rows": 1,
                                                                                "Plan Width": 12,
                                                                                "Actual Startup Time": 0.002,
                                                                                "Actual Total Time": 0.002,
                                                                                "Actual Rows": 1,
                                                                                "Actual Loops": 8602,
                                                                                "Recheck Cond": "((id = a1.owner_user_id) AND (site_id = a1.site_id))",
                                                                                "Rows Removed by Index Recheck": 0,
                                                                                "Filter": "((reputation >= 10) AND (reputation <= 100000))",
                                                                                "Rows Removed by Filter": 0,
                                                                                "Exact Heap Blocks": 8602,
                                                                                "Lossy Heap Blocks": 0,
                                                                                "Plans": [
                                                                                    {
                                                                                        "Node Type": "Bitmap Index Scan",
                                                                                        "Parent Relationship": "Outer",
                                                                                        "Parallel Aware": false,
                                                                                        "Async Capable": false,
                                                                                        "Index Name": "so_user_pkey",
                                                                                        "Startup Cost": 0.0,
                                                                                        "Total Cost": 3.82,
                                                                                        "Plan Rows": 1,
                                                                                        "Plan Width": 0,
                                                                                        "Actual Startup Time": 0.002,
                                                                                        "Actual Total Time": 0.002,
                                                                                        "Actual Rows": 1,
                                                                                        "Actual Loops": 8602,
                                                                                        "Index Cond": "((id = a1.owner_user_id) AND (site_id = a1.site_id))"
                                                                                    }
                                                                                ]
                                                                            }
                                                                        ]
                                                                    },
                                                                    {
                                                                        "Node Type": "Bitmap Heap Scan",
                                                                        "Parent Relationship": "Inner",
                                                                        "Parallel Aware": false,
                                                                        "Async Capable": false,
                                                                        "Relation Name": "badge",
                                                                        "Alias": "b",
                                                                        "Startup Cost": 4.0,
                                                                        "Total Cost": 8.01,
                                                                        "Plan Rows": 1,
                                                                        "Plan Width": 8,
                                                                        "Actual Startup Time": 0.018,
                                                                        "Actual Total Time": 0.032,
                                                                        "Actual Rows": 1,
                                                                        "Actual Loops": 7885,
                                                                        "Recheck Cond": "((u1.site_id = site_id) AND (u1.id = user_id))",
                                                                        "Rows Removed by Index Recheck": 0,
                                                                        "Filter": "((name)::text = ANY ('{Suffrage,Talkative}'::text[]))",
                                                                        "Rows Removed by Filter": 57,
                                                                        "Exact Heap Blocks": 374608,
                                                                        "Lossy Heap Blocks": 0,
                                                                        "Plans": [
                                                                            {
                                                                                "Node Type": "Bitmap Index Scan",
                                                                                "Parent Relationship": "Outer",
                                                                                "Parallel Aware": false,
                                                                                "Async Capable": false,
                                                                                "Index Name": "badge_pkey",
                                                                                "Startup Cost": 0.0,
                                                                                "Total Cost": 4.0,
                                                                                "Plan Rows": 1,
                                                                                "Plan Width": 0,
                                                                                "Actual Startup Time": 0.004,
                                                                                "Actual Total Time": 0.004,
                                                                                "Actual Rows": 58,
                                                                                "Actual Loops": 7885,
                                                                                "Index Cond": "((site_id = u1.site_id) AND (user_id = u1.id))"
                                                                            }
                                                                        ]
                                                                    }
                                                                ]
                                                            },
                                                            {
                                                                "Node Type": "Bitmap Heap Scan",
                                                                "Parent Relationship": "Inner",
                                                                "Parallel Aware": false,
                                                                "Async Capable": false,
                                                                "Relation Name": "account",
                                                                "Alias": "acc",
                                                                "Startup Cost": 3.81,
                                                                "Total Cost": 7.83,
                                                                "Plan Rows": 1,
                                                                "Plan Width": 22,
                                                                "Actual Startup Time": 0.002,
                                                                "Actual Total Time": 0.002,
                                                                "Actual Rows": 1,
                                                                "Actual Loops": 6159,
                                                                "Recheck Cond": "(id = u1.account_id)",
                                                                "Rows Removed by Index Recheck": 0,
                                                                "Exact Heap Blocks": 6159,
                                                                "Lossy Heap Blocks": 0,
                                                                "Plans": [
                                                                    {
                                                                        "Node Type": "Bitmap Index Scan",
                                                                        "Parent Relationship": "Outer",
                                                                        "Parallel Aware": false,
                                                                        "Async Capable": false,
                                                                        "Index Name": "account_pkey",
                                                                        "Startup Cost": 0.0,
                                                                        "Total Cost": 3.81,
                                                                        "Plan Rows": 1,
                                                                        "Plan Width": 0,
                                                                        "Actual Startup Time": 0.001,
                                                                        "Actual Total Time": 0.001,
                                                                        "Actual Rows": 1,
                                                                        "Actual Loops": 6159,
                                                                        "Index Cond": "(id = u1.account_id)"
                                                                    }
                                                                ]
                                                            }
                                                        ]
                                                    }
                                                ]
                                            }
                                        ]
                                    }
                                ]
                            }
                        ]
                    },
                    "Planning Time": 27.23,
                    "Triggers": [],
                    "Execution Time": 441.468
                }
            ],
            "hints": [
                "SET enable_hashjoin TO on",
                "SET enable_indexonlyscan TO on",
                "SET enable_indexscan TO off",
                "SET enable_mergejoin TO off",
                "SET enable_nestloop TO on",
                "SET enable_seqscan TO on"
            ]
        },
        {
            "arm": 3,
            "execution_time": 30000,
            "plan": "Query execution error: canceling statement due to statement timeout\n",
            "hints": [
                "SET enable_hashjoin TO on",
                "SET enable_indexonlyscan TO on",
                "SET enable_indexscan TO off",
                "SET enable_mergejoin TO off",
                "SET enable_nestloop TO off",
                "SET enable_seqscan TO on"
            ]
        },
        {
            "arm": 4,
            "execution_time": 300.336,
            "plan": [
                {
                    "Plan": {
                        "Node Type": "Limit",
                        "Parallel Aware": false,
                        "Async Capable": false,
                        "Startup Cost": 6172.99,
                        "Total Cost": 6173.0,
                        "Plan Rows": 1,
                        "Plan Width": 26,
                        "Actual Startup Time": 286.54,
                        "Actual Total Time": 300.272,
                        "Actual Rows": 100,
                        "Actual Loops": 1,
                        "Plans": [
                            {
                                "Node Type": "Sort",
                                "Parent Relationship": "Outer",
                                "Parallel Aware": false,
                                "Async Capable": false,
                                "Startup Cost": 6172.99,
                                "Total Cost": 6173.0,
                                "Plan Rows": 1,
                                "Plan Width": 26,
                                "Actual Startup Time": 286.539,
                                "Actual Total Time": 300.266,
                                "Actual Rows": 100,
                                "Actual Loops": 1,
                                "Sort Key": [
                                    "(count(*)) DESC"
                                ],
                                "Sort Method": "top-N heapsort",
                                "Sort Space Used": 37,
                                "Sort Space Type": "Memory",
                                "Plans": [
                                    {
                                        "Node Type": "Aggregate",
                                        "Strategy": "Sorted",
                                        "Partial Mode": "Simple",
                                        "Parent Relationship": "Outer",
                                        "Parallel Aware": false,
                                        "Async Capable": false,
                                        "Startup Cost": 6172.96,
                                        "Total Cost": 6172.98,
                                        "Plan Rows": 1,
                                        "Plan Width": 26,
                                        "Actual Startup Time": 286.025,
                                        "Actual Total Time": 300.212,
                                        "Actual Rows": 346,
                                        "Actual Loops": 1,
                                        "Group Key": [
                                            "acc.location"
                                        ],
                                        "Plans": [
                                            {
                                                "Node Type": "Sort",
                                                "Parent Relationship": "Outer",
                                                "Parallel Aware": false,
                                                "Async Capable": false,
                                                "Startup Cost": 6172.96,
                                                "Total Cost": 6172.97,
                                                "Plan Rows": 1,
                                                "Plan Width": 18,
                                                "Actual Startup Time": 286.018,
                                                "Actual Total Time": 299.886,
                                                "Actual Rows": 6159,
                                                "Actual Loops": 1,
                                                "Sort Key": [
                                                    "acc.location"
                                                ],
                                                "Sort Method": "quicksort",
                                                "Sort Space Used": 376,
                                                "Sort Space Type": "Memory",
                                                "Plans": [
                                                    {
                                                        "Node Type": "Nested Loop",
                                                        "Parent Relationship": "Outer",
                                                        "Parallel Aware": false,
                                                        "Async Capable": false,
                                                        "Join Type": "Inner",
                                                        "Startup Cost": 1006.74,
                                                        "Total Cost": 6172.95,
                                                        "Plan Rows": 1,
                                                        "Plan Width": 18,
                                                        "Actual Startup Time": 9.587,
                                                        "Actual Total Time": 298.06,
                                                        "Actual Rows": 6159,
                                                        "Actual Loops": 1,
                                                        "Inner Unique": true,
                                                        "Plans": [
                                                            {
                                                                "Node Type": "Nested Loop",
                                                                "Parent Relationship": "Outer",
                                                                "Parallel Aware": false,
                                                                "Async Capable": false,
                                                                "Join Type": "Inner",
                                                                "Startup Cost": 1006.31,
                                                                "Total Cost": 6165.75,
                                                                "Plan Rows": 1,
                                                                "Plan Width": 4,
                                                                "Actual Startup Time": 9.581,
                                                                "Actual Total Time": 288.312,
                                                                "Actual Rows": 6159,
                                                                "Actual Loops": 1,
                                                                "Inner Unique": false,
                                                                "Join Filter": "(s.site_id = b.site_id)",
                                                                "Rows Removed by Join Filter": 0,
                                                                "Plans": [
                                                                    {
                                                                        "Node Type": "Nested Loop",
                                                                        "Parent Relationship": "Outer",
                                                                        "Parallel Aware": false,
                                                                        "Async Capable": false,
                                                                        "Join Type": "Inner",
                                                                        "Startup Cost": 1005.74,
                                                                        "Total Cost": 6158.31,
                                                                        "Plan Rows": 1,
                                                                        "Plan Width": 36,
                                                                        "Actual Startup Time": 9.508,
                                                                        "Actual Total Time": 124.232,
                                                                        "Actual Rows": 7885,
                                                                        "Actual Loops": 1,
                                                                        "Inner Unique": true,
                                                                        "Join Filter": "(s.site_id = u1.site_id)",
                                                                        "Rows Removed by Join Filter": 0,
                                                                        "Plans": [
                                                                            {
                                                                                "Node Type": "Nested Loop",
                                                                                "Parent Relationship": "Outer",
                                                                                "Parallel Aware": false,
                                                                                "Async Capable": false,
                                                                                "Join Type": "Inner",
                                                                                "Startup Cost": 1005.31,
                                                                                "Total Cost": 6151.08,
                                                                                "Plan Rows": 1,
                                                                                "Plan Width": 24,
                                                                                "Actual Startup Time": 9.5,
                                                                                "Actual Total Time": 105.457,
                                                                                "Actual Rows": 8602,
                                                                                "Actual Loops": 1,
                                                                                "Inner Unique": false,
                                                                                "Join Filter": "((s.site_id = a1.site_id) AND (q1.id = a1.question_id))",
                                                                                "Rows Removed by Join Filter": 0,
                                                                                "Plans": [
                                                                                    {
                                                                                        "Node Type": "Gather",
                                                                                        "Parent Relationship": "Outer",
                                                                                        "Parallel Aware": false,
                                                                                        "Async Capable": false,
                                                                                        "Startup Cost": 1004.87,
                                                                                        "Total Cost": 6143.88,
                                                                                        "Plan Rows": 1,
                                                                                        "Plan Width": 24,
                                                                                        "Actual Startup Time": 8.754,
                                                                                        "Actual Total Time": 68.198,
                                                                                        "Actual Rows": 29953,
                                                                                        "Actual Loops": 1,
                                                                                        "Workers Planned": 1,
                                                                                        "Workers Launched": 1,
                                                                                        "Single Copy": false,
                                                                                        "Plans": [
                                                                                            {
                                                                                                "Node Type": "Nested Loop",
                                                                                                "Parent Relationship": "Outer",
                                                                                                "Parallel Aware": false,
                                                                                                "Async Capable": false,
                                                                                                "Join Type": "Inner",
                                                                                                "Startup Cost": 4.87,
                                                                                                "Total Cost": 5143.78,
                                                                                                "Plan Rows": 1,
                                                                                                "Plan Width": 24,
                                                                                                "Actual Startup Time": 6.996,
                                                                                                "Actual Total Time": 151.618,
                                                                                                "Actual Rows": 14976,
                                                                                                "Actual Loops": 2,
                                                                                                "Inner Unique": true,
                                                                                                "Join Filter": "(s.site_id = q1.site_id)",
                                                                                                "Rows Removed by Join Filter": 0,
                                                                                                "Workers": [],
                                                                                                "Plans": [
                                                                                                    {
                                                                                                        "Node Type": "Nested Loop",
                                                                                                        "Parent Relationship": "Outer",
                                                                                                        "Parallel Aware": false,
                                                                                                        "Async Capable": false,
                                                                                                        "Join Type": "Inner",
                                                                                                        "Startup Cost": 4.44,
                                                                                                        "Total Cost": 4393.17,
                                                                                                        "Plan Rows": 104,
                                                                                                        "Plan Width": 16,
                                                                                                        "Actual Startup Time": 6.489,
                                                                                                        "Actual Total Time": 39.133,
                                                                                                        "Actual Rows": 46191,
                                                                                                        "Actual Loops": 2,
                                                                                                        "Inner Unique": false,
                                                                                                        "Join Filter": "(s.site_id = tq1.site_id)",
                                                                                                        "Rows Removed by Join Filter": 0,
                                                                                                        "Workers": [],
                                                                                                        "Plans": [
                                                                                                            {
                                                                                                                "Node Type": "Hash Join",
                                                                                                                "Parent Relationship": "Outer",
                                                                                                                "Parallel Aware": false,
                                                                                                                "Async Capable": false,
                                                                                                                "Join Type": "Inner",
                                                                                                                "Startup Cost": 3.87,
                                                                                                                "Total Cost": 4088.24,
                                                                                                                "Plan Rows": 5,
                                                                                                                "Plan Width": 12,
                                                                                                                "Actual Startup Time": 6.447,
                                                                                                                "Actual Total Time": 15.237,
                                                                                                                "Actual Rows": 14,
                                                                                                                "Actual Loops": 2,
                                                                                                                "Inner Unique": true,
                                                                                                                "Hash Cond": "(t1.site_id = s.site_id)",
                                                                                                                "Workers": [],
                                                                                                                "Plans": [
                                                                                                                    {
                                                                                                                        "Node Type": "Seq Scan",
                                                                                                                        "Parent Relationship": "Outer",
                                                                                                                        "Parallel Aware": true,
                                                                                                                        "Async Capable": false,
                                                                                                                        "Relation Name": "tag",
                                                                                                                        "Alias": "t1",
                                                                                                                        "Startup Cost": 0.0,
                                                                                                                        "Total Cost": 4083.95,
                                                                                                                        "Plan Rows": 155,
                                                                                                                        "Plan Width": 8,
                                                                                                                        "Actual Startup Time": 0.099,
                                                                                                                        "Actual Total Time": 15.136,
                                                                                                                        "Actual Rows": 111,
                                                                                                                        "Actual Loops": 2,
                                                                                                                        "Filter": "((name)::text = ANY ('{ajax,banco-de-dados,c#,electromagnetism,electrostatics,jquery,json,laravel,linux,quantum-field-theory,thermodynamics,база-данных,регулярные-выражения}'::text[]))",
                                                                                                                        "Rows Removed by Filter": 93274,
                                                                                                                        "Workers": []
                                                                                                                    },
                                                                                                                    {
                                                                                                                        "Node Type": "Hash",
                                                                                                                        "Parent Relationship": "Inner",
                                                                                                                        "Parallel Aware": false,
                                                                                                                        "Async Capable": false,
                                                                                                                        "Startup Cost": 3.81,
                                                                                                                        "Total Cost": 3.81,
                                                                                                                        "Plan Rows": 5,
                                                                                                                        "Plan Width": 4,
                                                                                                                        "Actual Startup Time": 0.027,
                                                                                                                        "Actual Total Time": 0.028,
                                                                                                                        "Actual Rows": 5,
                                                                                                                        "Actual Loops": 2,
                                                                                                                        "Hash Buckets": 1024,
                                                                                                                        "Original Hash Buckets": 1024,
                                                                                                                        "Hash Batches": 1,
                                                                                                                        "Original Hash Batches": 1,
                                                                                                                        "Peak Memory Usage": 9,
                                                                                                                        "Workers": [],
                                                                                                                        "Plans": [
                                                                                                                            {
                                                                                                                                "Node Type": "Seq Scan",
                                                                                                                                "Parent Relationship": "Outer",
                                                                                                                                "Parallel Aware": false,
                                                                                                                                "Async Capable": false,
                                                                                                                                "Relation Name": "site",
                                                                                                                                "Alias": "s",
                                                                                                                                "Startup Cost": 0.0,
                                                                                                                                "Total Cost": 3.81,
                                                                                                                                "Plan Rows": 5,
                                                                                                                                "Plan Width": 4,
                                                                                                                                "Actual Startup Time": 0.018,
                                                                                                                                "Actual Total Time": 0.023,
                                                                                                                                "Actual Rows": 5,
                                                                                                                                "Actual Loops": 2,
                                                                                                                                "Filter": "((site_name)::text = ANY ('{physics,pt,ru,salesforce,serverfault}'::text[]))",
                                                                                                                                "Rows Removed by Filter": 168,
                                                                                                                                "Workers": []
                                                                                                                            }
                                                                                                                        ]
                                                                                                                    }
                                                                                                                ]
                                                                                                            },
                                                                                                            {
                                                                                                                "Node Type": "Index Only Scan",
                                                                                                                "Parent Relationship": "Inner",
                                                                                                                "Parallel Aware": false,
                                                                                                                "Async Capable": false,
                                                                                                                "Scan Direction": "Forward",
                                                                                                                "Index Name": "tag_question_site_id_tag_id_question_id_idx",
                                                                                                                "Relation Name": "tag_question",
                                                                                                                "Alias": "tq1",
                                                                                                                "Startup Cost": 0.56,
                                                                                                                "Total Cost": 60.6,
                                                                                                                "Plan Rows": 31,
                                                                                                                "Plan Width": 12,
                                                                                                                "Actual Startup Time": 0.012,
                                                                                                                "Actual Total Time": 1.555,
                                                                                                                "Actual Rows": 3422,
                                                                                                                "Actual Loops": 27,
                                                                                                                "Index Cond": "((site_id = t1.site_id) AND (tag_id = t1.id))",
                                                                                                                "Rows Removed by Index Recheck": 0,
                                                                                                                "Heap Fetches": 92382,
                                                                                                                "Workers": []
                                                                                                            }
                                                                                                        ]
                                                                                                    },
                                                                                                    {
                                                                                                        "Node Type": "Index Scan",
                                                                                                        "Parent Relationship": "Inner",
                                                                                                        "Parallel Aware": false,
                                                                                                        "Async Capable": false,
                                                                                                        "Scan Direction": "Forward",
                                                                                                        "Index Name": "question_pkey",
                                                                                                        "Relation Name": "question",
                                                                                                        "Alias": "q1",
                                                                                                        "Startup Cost": 0.43,
                                                                                                        "Total Cost": 7.2,
                                                                                                        "Plan Rows": 1,
                                                                                                        "Plan Width": 8,
                                                                                                        "Actual Startup Time": 0.002,
                                                                                                        "Actual Total Time": 0.002,
                                                                                                        "Actual Rows": 0,
                                                                                                        "Actual Loops": 92382,
                                                                                                        "Index Cond": "((id = tq1.question_id) AND (site_id = tq1.site_id))",
                                                                                                        "Rows Removed by Index Recheck": 0,
                                                                                                        "Filter": "((view_count >= 0) AND (view_count <= 100))",
                                                                                                        "Rows Removed by Filter": 1,
                                                                                                        "Workers": []
                                                                                                    }
                                                                                                ]
                                                                                            }
                                                                                        ]
                                                                                    },
                                                                                    {
                                                                                        "Node Type": "Index Scan",
                                                                                        "Parent Relationship": "Inner",
                                                                                        "Parallel Aware": false,
                                                                                        "Async Capable": false,
                                                                                        "Scan Direction": "Forward",
                                                                                        "Index Name": "answer_site_id_question_id_idx",
                                                                                        "Relation Name": "answer",
                                                                                        "Alias": "a1",
                                                                                        "Startup Cost": 0.43,
                                                                                        "Total Cost": 7.19,
                                                                                        "Plan Rows": 1,
                                                                                        "Plan Width": 12,
                                                                                        "Actual Startup Time": 0.001,
                                                                                        "Actual Total Time": 0.001,
                                                                                        "Actual Rows": 0,
                                                                                        "Actual Loops": 29953,
                                                                                        "Index Cond": "((site_id = tq1.site_id) AND (question_id = tq1.question_id))",
                                                                                        "Rows Removed by Index Recheck": 0
                                                                                    }
                                                                                ]
                                                                            },
                                                                            {
                                                                                "Node Type": "Index Scan",
                                                                                "Parent Relationship": "Inner",
                                                                                "Parallel Aware": false,
                                                                                "Async Capable": false,
                                                                                "Scan Direction": "Forward",
                                                                                "Index Name": "so_user_pkey",
                                                                                "Relation Name": "so_user",
                                                                                "Alias": "u1",
                                                                                "Startup Cost": 0.44,
                                                                                "Total Cost": 7.22,
                                                                                "Plan Rows": 1,
                                                                                "Plan Width": 12,
                                                                                "Actual Startup Time": 0.002,
                                                                                "Actual Total Time": 0.002,
                                                                                "Actual Rows": 1,
                                                                                "Actual Loops": 8602,
                                                                                "Index Cond": "((id = a1.owner_user_id) AND (site_id = a1.site_id))",
                                                                                "Rows Removed by Index Recheck": 0,
                                                                                "Filter": "((reputation >= 10) AND (reputation <= 100000))",
                                                                                "Rows Removed by Filter": 0
                                                                            }
                                                                        ]
                                                                    },
                                                                    {
                                                                        "Node Type": "Index Only Scan",
                                                                        "Parent Relationship": "Inner",
                                                                        "Parallel Aware": false,
                                                                        "Async Capable": false,
                                                                        "Scan Direction": "Forward",
                                                                        "Index Name": "badge_pkey",
                                                                        "Relation Name": "badge",
                                                                        "Alias": "b",
                                                                        "Startup Cost": 0.56,
                                                                        "Total Cost": 7.43,
                                                                        "Plan Rows": 1,
                                                                        "Plan Width": 8,
                                                                        "Actual Startup Time": 0.019,
                                                                        "Actual Total Time": 0.021,
                                                                        "Actual Rows": 1,
                                                                        "Actual Loops": 7885,
                                                                        "Index Cond": "((site_id = a1.site_id) AND (user_id = a1.owner_user_id))",
                                                                        "Rows Removed by Index Recheck": 0,
                                                                        "Filter": "((name)::text = ANY ('{Suffrage,Talkative}'::text[]))",
                                                                        "Rows Removed by Filter": 57,
                                                                        "Heap Fetches": 456780
                                                                    }
                                                                ]
                                                            },
                                                            {
                                                                "Node Type": "Index Scan",
                                                                "Parent Relationship": "Inner",
                                                                "Parallel Aware": false,
                                                                "Async Capable": false,
                                                                "Scan Direction": "Forward",
                                                                "Index Name": "account_pkey",
                                                                "Relation Name": "account",
                                                                "Alias": "acc",
                                                                "Startup Cost": 0.43,
                                                                "Total Cost": 7.2,
                                                                "Plan Rows": 1,
                                                                "Plan Width": 22,
                                                                "Actual Startup Time": 0.001,
                                                                "Actual Total Time": 0.001,
                                                                "Actual Rows": 1,
                                                                "Actual Loops": 6159,
                                                                "Index Cond": "(id = u1.account_id)",
                                                                "Rows Removed by Index Recheck": 0
                                                            }
                                                        ]
                                                    }
                                                ]
                                            }
                                        ]
                                    }
                                ]
                            }
                        ]
                    },
                    "Planning Time": 34.923,
                    "Triggers": [],
                    "Execution Time": 300.336
                }
            ],
            "hints": [
                "SET enable_hashjoin TO on",
                "SET enable_indexonlyscan TO on",
                "SET enable_indexscan TO on",
                "SET enable_mergejoin TO off",
                "SET enable_nestloop TO on",
                "SET enable_seqscan TO on"
            ]
        }
    ]
}