{
    "sql_file": "soload_q2-003.sql",
    "query": "select distinct account.display_name\nfrom\ntag t1, site s1, question q1, tag_question tq1, so_user u1,\ntag t2, site s2, question q2, tag_question tq2, so_user u2,\naccount\nwhere\n-- group theory askers\ns1.site_name='drupal' and\nt1.name  = 'theming' and\nt1.site_id = s1.site_id and\nq1.site_id = s1.site_id and\ntq1.site_id = s1.site_id and\ntq1.question_id = q1.id and\ntq1.tag_id = t1.id and\nq1.owner_user_id = u1.id and\nq1.site_id = u1.site_id and\n\n-- D&D askers\ns2.site_name='ru' and\nt2.name  = 'php' and\nt2.site_id = s2.site_id and\nq2.site_id = s2.site_id and\ntq2.site_id = s2.site_id and\ntq2.question_id = q2.id and\ntq2.tag_id = t2.id and\nq2.owner_user_id = u2.id and\nq2.site_id = u2.site_id and\n\n-- intersect\nu1.account_id = u2.account_id and\naccount.id = u1.account_id;",
    "results": [
        {
            "arm": 0,
            "execution_time": 601.423,
            "plan": [
                {
                    "Plan": {
                        "Node Type": "Unique",
                        "Parallel Aware": false,
                        "Async Capable": false,
                        "Startup Cost": 6494.3,
                        "Total Cost": 6494.3,
                        "Plan Rows": 1,
                        "Plan Width": 11,
                        "Actual Startup Time": 601.11,
                        "Actual Total Time": 601.364,
                        "Actual Rows": 5,
                        "Actual Loops": 1,
                        "Plans": [
                            {
                                "Node Type": "Sort",
                                "Parent Relationship": "Outer",
                                "Parallel Aware": false,
                                "Async Capable": false,
                                "Startup Cost": 6494.3,
                                "Total Cost": 6494.3,
                                "Plan Rows": 1,
                                "Plan Width": 11,
                                "Actual Startup Time": 601.108,
                                "Actual Total Time": 601.359,
                                "Actual Rows": 7,
                                "Actual Loops": 1,
                                "Sort Key": [
                                    "account.display_name"
                                ],
                                "Sort Method": "quicksort",
                                "Sort Space Used": 25,
                                "Sort Space Type": "Memory",
                                "Plans": [
                                    {
                                        "Node Type": "Nested Loop",
                                        "Parent Relationship": "Outer",
                                        "Parallel Aware": false,
                                        "Async Capable": false,
                                        "Join Type": "Inner",
                                        "Startup Cost": 6321.72,
                                        "Total Cost": 6494.29,
                                        "Plan Rows": 1,
                                        "Plan Width": 11,
                                        "Actual Startup Time": 527.967,
                                        "Actual Total Time": 601.348,
                                        "Actual Rows": 7,
                                        "Actual Loops": 1,
                                        "Inner Unique": true,
                                        "Plans": [
                                            {
                                                "Node Type": "Gather",
                                                "Parent Relationship": "Outer",
                                                "Parallel Aware": false,
                                                "Async Capable": false,
                                                "Startup Cost": 6321.28,
                                                "Total Cost": 6486.81,
                                                "Plan Rows": 1,
                                                "Plan Width": 8,
                                                "Actual Startup Time": 527.865,
                                                "Actual Total Time": 601.04,
                                                "Actual Rows": 7,
                                                "Actual Loops": 1,
                                                "Workers Planned": 1,
                                                "Workers Launched": 1,
                                                "Single Copy": false,
                                                "Plans": [
                                                    {
                                                        "Node Type": "Hash Join",
                                                        "Parent Relationship": "Outer",
                                                        "Parallel Aware": true,
                                                        "Async Capable": false,
                                                        "Join Type": "Inner",
                                                        "Startup Cost": 5321.28,
                                                        "Total Cost": 5486.71,
                                                        "Plan Rows": 1,
                                                        "Plan Width": 8,
                                                        "Actual Startup Time": 456.337,
                                                        "Actual Total Time": 492.803,
                                                        "Actual Rows": 4,
                                                        "Actual Loops": 2,
                                                        "Inner Unique": false,
                                                        "Hash Cond": "(u1.account_id = u2.account_id)",
                                                        "Workers": [],
                                                        "Plans": [
                                                            {
                                                                "Node Type": "Nested Loop",
                                                                "Parent Relationship": "Outer",
                                                                "Parallel Aware": false,
                                                                "Async Capable": false,
                                                                "Join Type": "Inner",
                                                                "Startup Cost": 2577.93,
                                                                "Total Cost": 2743.34,
                                                                "Plan Rows": 1,
                                                                "Plan Width": 4,
                                                                "Actual Startup Time": 4.367,
                                                                "Actual Total Time": 109.931,
                                                                "Actual Rows": 2714,
                                                                "Actual Loops": 2,
                                                                "Inner Unique": true,
                                                                "Join Filter": "(t1.site_id = u1.site_id)",
                                                                "Rows Removed by Join Filter": 0,
                                                                "Workers": [],
                                                                "Plans": [
                                                                    {
                                                                        "Node Type": "Nested Loop",
                                                                        "Parent Relationship": "Outer",
                                                                        "Parallel Aware": false,
                                                                        "Async Capable": false,
                                                                        "Join Type": "Inner",
                                                                        "Startup Cost": 2577.49,
                                                                        "Total Cost": 2735.85,
                                                                        "Plan Rows": 1,
                                                                        "Plan Width": 20,
                                                                        "Actual Startup Time": 4.317,
                                                                        "Actual Total Time": 11.16,
                                                                        "Actual Rows": 2714,
                                                                        "Actual Loops": 2,
                                                                        "Inner Unique": true,
                                                                        "Join Filter": "(t1.site_id = q1.site_id)",
                                                                        "Rows Removed by Join Filter": 0,
                                                                        "Workers": [],
                                                                        "Plans": [
                                                                            {
                                                                                "Node Type": "Nested Loop",
                                                                                "Parent Relationship": "Outer",
                                                                                "Parallel Aware": false,
                                                                                "Async Capable": false,
                                                                                "Join Type": "Inner",
                                                                                "Startup Cost": 2577.06,
                                                                                "Total Cost": 2638.51,
                                                                                "Plan Rows": 13,
                                                                                "Plan Width": 16,
                                                                                "Actual Startup Time": 4.313,
                                                                                "Actual Total Time": 5.396,
                                                                                "Actual Rows": 2714,
                                                                                "Actual Loops": 2,
                                                                                "Inner Unique": false,
                                                                                "Workers": [],
                                                                                "Plans": [
                                                                                    {
                                                                                        "Node Type": "Merge Join",
                                                                                        "Parent Relationship": "Outer",
                                                                                        "Parallel Aware": false,
                                                                                        "Async Capable": false,
                                                                                        "Join Type": "Inner",
                                                                                        "Startup Cost": 2576.49,
                                                                                        "Total Cost": 2576.52,
                                                                                        "Plan Rows": 1,
                                                                                        "Plan Width": 12,
                                                                                        "Actual Startup Time": 4.204,
                                                                                        "Actual Total Time": 4.207,
                                                                                        "Actual Rows": 0,
                                                                                        "Actual Loops": 2,
                                                                                        "Inner Unique": true,
                                                                                        "Merge Cond": "(t1.site_id = s1.site_id)",
                                                                                        "Workers": [],
                                                                                        "Plans": [
                                                                                            {
                                                                                                "Node Type": "Sort",
                                                                                                "Parent Relationship": "Outer",
                                                                                                "Parallel Aware": false,
                                                                                                "Async Capable": false,
                                                                                                "Startup Cost": 2573.32,
                                                                                                "Total Cost": 2573.32,
                                                                                                "Plan Rows": 2,
                                                                                                "Plan Width": 8,
                                                                                                "Actual Startup Time": 4.194,
                                                                                                "Actual Total Time": 4.194,
                                                                                                "Actual Rows": 1,
                                                                                                "Actual Loops": 2,
                                                                                                "Sort Key": [
                                                                                                    "t1.site_id"
                                                                                                ],
                                                                                                "Sort Method": "quicksort",
                                                                                                "Sort Space Used": 25,
                                                                                                "Sort Space Type": "Memory",
                                                                                                "Workers": [
                                                                                                    {
                                                                                                        "Worker Number": 0,
                                                                                                        "Sort Method": "quicksort",
                                                                                                        "Sort Space Used": 25,
                                                                                                        "Sort Space Type": "Memory"
                                                                                                    }
                                                                                                ],
                                                                                                "Plans": [
                                                                                                    {
                                                                                                        "Node Type": "Seq Scan",
                                                                                                        "Parent Relationship": "Outer",
                                                                                                        "Parallel Aware": true,
                                                                                                        "Async Capable": false,
                                                                                                        "Relation Name": "tag",
                                                                                                        "Alias": "t1",
                                                                                                        "Startup Cost": 0.0,
                                                                                                        "Total Cost": 2573.31,
                                                                                                        "Plan Rows": 2,
                                                                                                        "Plan Width": 8,
                                                                                                        "Actual Startup Time": 2.392,
                                                                                                        "Actual Total Time": 4.181,
                                                                                                        "Actual Rows": 1,
                                                                                                        "Actual Loops": 2,
                                                                                                        "Filter": "((name)::text = 'theming'::text)",
                                                                                                        "Rows Removed by Filter": 93384,
                                                                                                        "Workers": []
                                                                                                    }
                                                                                                ]
                                                                                            },
                                                                                            {
                                                                                                "Node Type": "Sort",
                                                                                                "Parent Relationship": "Inner",
                                                                                                "Parallel Aware": false,
                                                                                                "Async Capable": false,
                                                                                                "Startup Cost": 3.17,
                                                                                                "Total Cost": 3.18,
                                                                                                "Plan Rows": 1,
                                                                                                "Plan Width": 4,
                                                                                                "Actual Startup Time": 0.017,
                                                                                                "Actual Total Time": 0.018,
                                                                                                "Actual Rows": 1,
                                                                                                "Actual Loops": 1,
                                                                                                "Sort Key": [
                                                                                                    "s1.site_id"
                                                                                                ],
                                                                                                "Sort Method": "quicksort",
                                                                                                "Sort Space Used": 25,
                                                                                                "Sort Space Type": "Memory",
                                                                                                "Workers": [],
                                                                                                "Plans": [
                                                                                                    {
                                                                                                        "Node Type": "Seq Scan",
                                                                                                        "Parent Relationship": "Outer",
                                                                                                        "Parallel Aware": false,
                                                                                                        "Async Capable": false,
                                                                                                        "Relation Name": "site",
                                                                                                        "Alias": "s1",
                                                                                                        "Startup Cost": 0.0,
                                                                                                        "Total Cost": 3.16,
                                                                                                        "Plan Rows": 1,
                                                                                                        "Plan Width": 4,
                                                                                                        "Actual Startup Time": 0.009,
                                                                                                        "Actual Total Time": 0.013,
                                                                                                        "Actual Rows": 1,
                                                                                                        "Actual Loops": 1,
                                                                                                        "Filter": "((site_name)::text = 'drupal'::text)",
                                                                                                        "Rows Removed by Filter": 172,
                                                                                                        "Workers": []
                                                                                                    }
                                                                                                ]
                                                                                            }
                                                                                        ]
                                                                                    },
                                                                                    {
                                                                                        "Node Type": "Index Only Scan",
                                                                                        "Parent Relationship": "Inner",
                                                                                        "Parallel Aware": false,
                                                                                        "Async Capable": false,
                                                                                        "Scan Direction": "Forward",
                                                                                        "Index Name": "tag_question_site_id_tag_id_question_id_idx",
                                                                                        "Relation Name": "tag_question",
                                                                                        "Alias": "tq1",
                                                                                        "Startup Cost": 0.56,
                                                                                        "Total Cost": 61.69,
                                                                                        "Plan Rows": 31,
                                                                                        "Plan Width": 12,
                                                                                        "Actual Startup Time": 0.216,
                                                                                        "Actual Total Time": 2.031,
                                                                                        "Actual Rows": 5427,
                                                                                        "Actual Loops": 1,
                                                                                        "Index Cond": "((site_id = t1.site_id) AND (tag_id = t1.id))",
                                                                                        "Rows Removed by Index Recheck": 0,
                                                                                        "Heap Fetches": 5427,
                                                                                        "Workers": []
                                                                                    }
                                                                                ]
                                                                            },
                                                                            {
                                                                                "Node Type": "Index Scan",
                                                                                "Parent Relationship": "Inner",
                                                                                "Parallel Aware": false,
                                                                                "Async Capable": false,
                                                                                "Scan Direction": "Forward",
                                                                                "Index Name": "question_pkey",
                                                                                "Relation Name": "question",
                                                                                "Alias": "q1",
                                                                                "Startup Cost": 0.43,
                                                                                "Total Cost": 7.47,
                                                                                "Plan Rows": 1,
                                                                                "Plan Width": 12,
                                                                                "Actual Startup Time": 0.002,
                                                                                "Actual Total Time": 0.002,
                                                                                "Actual Rows": 1,
                                                                                "Actual Loops": 5427,
                                                                                "Index Cond": "((id = tq1.question_id) AND (site_id = tq1.site_id))",
                                                                                "Rows Removed by Index Recheck": 0,
                                                                                "Workers": []
                                                                            }
                                                                        ]
                                                                    },
                                                                    {
                                                                        "Node Type": "Index Scan",
                                                                        "Parent Relationship": "Inner",
                                                                        "Parallel Aware": false,
                                                                        "Async Capable": false,
                                                                        "Scan Direction": "Forward",
                                                                        "Index Name": "so_user_pkey",
                                                                        "Relation Name": "so_user",
                                                                        "Alias": "u1",
                                                                        "Startup Cost": 0.44,
                                                                        "Total Cost": 7.48,
                                                                        "Plan Rows": 1,
                                                                        "Plan Width": 12,
                                                                        "Actual Startup Time": 0.036,
                                                                        "Actual Total Time": 0.036,
                                                                        "Actual Rows": 1,
                                                                        "Actual Loops": 5427,
                                                                        "Index Cond": "((id = q1.owner_user_id) AND (site_id = q1.site_id))",
                                                                        "Rows Removed by Index Recheck": 0,
                                                                        "Workers": []
                                                                    }
                                                                ]
                                                            },
                                                            {
                                                                "Node Type": "Hash",
                                                                "Parent Relationship": "Inner",
                                                                "Parallel Aware": true,
                                                                "Async Capable": false,
                                                                "Startup Cost": 2743.34,
                                                                "Total Cost": 2743.34,
                                                                "Plan Rows": 1,
                                                                "Plan Width": 4,
                                                                "Actual Startup Time": 382.173,
                                                                "Actual Total Time": 382.176,
                                                                "Actual Rows": 10210,
                                                                "Actual Loops": 2,
                                                                "Hash Buckets": 32768,
                                                                "Original Hash Buckets": 1024,
                                                                "Hash Batches": 1,
                                                                "Original Hash Batches": 1,
                                                                "Peak Memory Usage": 1304,
                                                                "Workers": [],
                                                                "Plans": [
                                                                    {
                                                                        "Node Type": "Nested Loop",
                                                                        "Parent Relationship": "Outer",
                                                                        "Parallel Aware": false,
                                                                        "Async Capable": false,
                                                                        "Join Type": "Inner",
                                                                        "Startup Cost": 2577.93,
                                                                        "Total Cost": 2743.34,
                                                                        "Plan Rows": 1,
                                                                        "Plan Width": 4,
                                                                        "Actual Startup Time": 4.347,
                                                                        "Actual Total Time": 191.342,
                                                                        "Actual Rows": 10210,
                                                                        "Actual Loops": 2,
                                                                        "Inner Unique": true,
                                                                        "Join Filter": "(t2.site_id = u2.site_id)",
                                                                        "Rows Removed by Join Filter": 0,
                                                                        "Workers": [],
                                                                        "Plans": [
                                                                            {
                                                                                "Node Type": "Nested Loop",
                                                                                "Parent Relationship": "Outer",
                                                                                "Parallel Aware": false,
                                                                                "Async Capable": false,
                                                                                "Join Type": "Inner",
                                                                                "Startup Cost": 2577.49,
                                                                                "Total Cost": 2735.85,
                                                                                "Plan Rows": 1,
                                                                                "Plan Width": 20,
                                                                                "Actual Startup Time": 4.298,
                                                                                "Actual Total Time": 26.679,
                                                                                "Actual Rows": 10210,
                                                                                "Actual Loops": 2,
                                                                                "Inner Unique": true,
                                                                                "Join Filter": "(t2.site_id = q2.site_id)",
                                                                                "Rows Removed by Join Filter": 0,
                                                                                "Workers": [],
                                                                                "Plans": [
                                                                                    {
                                                                                        "Node Type": "Nested Loop",
                                                                                        "Parent Relationship": "Outer",
                                                                                        "Parallel Aware": false,
                                                                                        "Async Capable": false,
                                                                                        "Join Type": "Inner",
                                                                                        "Startup Cost": 2577.06,
                                                                                        "Total Cost": 2638.51,
                                                                                        "Plan Rows": 13,
                                                                                        "Plan Width": 16,
                                                                                        "Actual Startup Time": 4.293,
                                                                                        "Actual Total Time": 7.804,
                                                                                        "Actual Rows": 10210,
                                                                                        "Actual Loops": 2,
                                                                                        "Inner Unique": false,
                                                                                        "Workers": [],
                                                                                        "Plans": [
                                                                                            {
                                                                                                "Node Type": "Merge Join",
                                                                                                "Parent Relationship": "Outer",
                                                                                                "Parallel Aware": false,
                                                                                                "Async Capable": false,
                                                                                                "Join Type": "Inner",
                                                                                                "Startup Cost": 2576.49,
                                                                                                "Total Cost": 2576.52,
                                                                                                "Plan Rows": 1,
                                                                                                "Plan Width": 12,
                                                                                                "Actual Startup Time": 4.175,
                                                                                                "Actual Total Time": 4.178,
                                                                                                "Actual Rows": 0,
                                                                                                "Actual Loops": 2,
                                                                                                "Inner Unique": true,
                                                                                                "Merge Cond": "(t2.site_id = s2.site_id)",
                                                                                                "Workers": [],
                                                                                                "Plans": [
                                                                                                    {
                                                                                                        "Node Type": "Sort",
                                                                                                        "Parent Relationship": "Outer",
                                                                                                        "Parallel Aware": false,
                                                                                                        "Async Capable": false,
                                                                                                        "Startup Cost": 2573.32,
                                                                                                        "Total Cost": 2573.32,
                                                                                                        "Plan Rows": 2,
                                                                                                        "Plan Width": 8,
                                                                                                        "Actual Startup Time": 4.152,
                                                                                                        "Actual Total Time": 4.154,
                                                                                                        "Actual Rows": 14,
                                                                                                        "Actual Loops": 2,
                                                                                                        "Sort Key": [
                                                                                                            "t2.site_id"
                                                                                                        ],
                                                                                                        "Sort Method": "quicksort",
                                                                                                        "Sort Space Used": 26,
                                                                                                        "Sort Space Type": "Memory",
                                                                                                        "Workers": [
                                                                                                            {
                                                                                                                "Worker Number": 0,
                                                                                                                "Sort Method": "quicksort",
                                                                                                                "Sort Space Used": 25,
                                                                                                                "Sort Space Type": "Memory"
                                                                                                            }
                                                                                                        ],
                                                                                                        "Plans": [
                                                                                                            {
                                                                                                                "Node Type": "Seq Scan",
                                                                                                                "Parent Relationship": "Outer",
                                                                                                                "Parallel Aware": true,
                                                                                                                "Async Capable": false,
                                                                                                                "Relation Name": "tag",
                                                                                                                "Alias": "t2",
                                                                                                                "Startup Cost": 0.0,
                                                                                                                "Total Cost": 2573.31,
                                                                                                                "Plan Rows": 2,
                                                                                                                "Plan Width": 8,
                                                                                                                "Actual Startup Time": 0.177,
                                                                                                                "Actual Total Time": 4.142,
                                                                                                                "Actual Rows": 20,
                                                                                                                "Actual Loops": 2,
                                                                                                                "Filter": "((name)::text = 'php'::text)",
                                                                                                                "Rows Removed by Filter": 93365,
                                                                                                                "Workers": []
                                                                                                            }
                                                                                                        ]
                                                                                                    },
                                                                                                    {
                                                                                                        "Node Type": "Sort",
                                                                                                        "Parent Relationship": "Inner",
                                                                                                        "Parallel Aware": false,
                                                                                                        "Async Capable": false,
                                                                                                        "Startup Cost": 3.17,
                                                                                                        "Total Cost": 3.18,
                                                                                                        "Plan Rows": 1,
                                                                                                        "Plan Width": 4,
                                                                                                        "Actual Startup Time": 0.019,
                                                                                                        "Actual Total Time": 0.02,
                                                                                                        "Actual Rows": 1,
                                                                                                        "Actual Loops": 2,
                                                                                                        "Sort Key": [
                                                                                                            "s2.site_id"
                                                                                                        ],
                                                                                                        "Sort Method": "quicksort",
                                                                                                        "Sort Space Used": 25,
                                                                                                        "Sort Space Type": "Memory",
                                                                                                        "Workers": [
                                                                                                            {
                                                                                                                "Worker Number": 0,
                                                                                                                "Sort Method": "quicksort",
                                                                                                                "Sort Space Used": 25,
                                                                                                                "Sort Space Type": "Memory"
                                                                                                            }
                                                                                                        ],
                                                                                                        "Plans": [
                                                                                                            {
                                                                                                                "Node Type": "Seq Scan",
                                                                                                                "Parent Relationship": "Outer",
                                                                                                                "Parallel Aware": false,
                                                                                                                "Async Capable": false,
                                                                                                                "Relation Name": "site",
                                                                                                                "Alias": "s2",
                                                                                                                "Startup Cost": 0.0,
                                                                                                                "Total Cost": 3.16,
                                                                                                                "Plan Rows": 1,
                                                                                                                "Plan Width": 4,
                                                                                                                "Actual Startup Time": 0.013,
                                                                                                                "Actual Total Time": 0.014,
                                                                                                                "Actual Rows": 1,
                                                                                                                "Actual Loops": 2,
                                                                                                                "Filter": "((site_name)::text = 'ru'::text)",
                                                                                                                "Rows Removed by Filter": 172,
                                                                                                                "Workers": []
                                                                                                            }
                                                                                                        ]
                                                                                                    }
                                                                                                ]
                                                                                            },
                                                                                            {
                                                                                                "Node Type": "Index Only Scan",
                                                                                                "Parent Relationship": "Inner",
                                                                                                "Parallel Aware": false,
                                                                                                "Async Capable": false,
                                                                                                "Scan Direction": "Forward",
                                                                                                "Index Name": "tag_question_site_id_tag_id_question_id_idx",
                                                                                                "Relation Name": "tag_question",
                                                                                                "Alias": "tq2",
                                                                                                "Startup Cost": 0.56,
                                                                                                "Total Cost": 61.69,
                                                                                                "Plan Rows": 31,
                                                                                                "Plan Width": 12,
                                                                                                "Actual Startup Time": 0.234,
                                                                                                "Actual Total Time": 6.116,
                                                                                                "Actual Rows": 20421,
                                                                                                "Actual Loops": 1,
                                                                                                "Index Cond": "((site_id = t2.site_id) AND (tag_id = t2.id))",
                                                                                                "Rows Removed by Index Recheck": 0,
                                                                                                "Heap Fetches": 20421,
                                                                                                "Workers": []
                                                                                            }
                                                                                        ]
                                                                                    },
                                                                                    {
                                                                                        "Node Type": "Index Scan",
                                                                                        "Parent Relationship": "Inner",
                                                                                        "Parallel Aware": false,
                                                                                        "Async Capable": false,
                                                                                        "Scan Direction": "Forward",
                                                                                        "Index Name": "question_pkey",
                                                                                        "Relation Name": "question",
                                                                                        "Alias": "q2",
                                                                                        "Startup Cost": 0.43,
                                                                                        "Total Cost": 7.47,
                                                                                        "Plan Rows": 1,
                                                                                        "Plan Width": 12,
                                                                                        "Actual Startup Time": 0.002,
                                                                                        "Actual Total Time": 0.002,
                                                                                        "Actual Rows": 1,
                                                                                        "Actual Loops": 20421,
                                                                                        "Index Cond": "((id = tq2.question_id) AND (site_id = tq2.site_id))",
                                                                                        "Rows Removed by Index Recheck": 0,
                                                                                        "Workers": []
                                                                                    }
                                                                                ]
                                                                            },
                                                                            {
                                                                                "Node Type": "Index Scan",
                                                                                "Parent Relationship": "Inner",
                                                                                "Parallel Aware": false,
                                                                                "Async Capable": false,
                                                                                "Scan Direction": "Forward",
                                                                                "Index Name": "so_user_pkey",
                                                                                "Relation Name": "so_user",
                                                                                "Alias": "u2",
                                                                                "Startup Cost": 0.44,
                                                                                "Total Cost": 7.48,
                                                                                "Plan Rows": 1,
                                                                                "Plan Width": 12,
                                                                                "Actual Startup Time": 0.016,
                                                                                "Actual Total Time": 0.016,
                                                                                "Actual Rows": 1,
                                                                                "Actual Loops": 20421,
                                                                                "Index Cond": "((id = q2.owner_user_id) AND (site_id = q2.site_id))",
                                                                                "Rows Removed by Index Recheck": 0,
                                                                                "Workers": []
                                                                            }
                                                                        ]
                                                                    }
                                                                ]
                                                            }
                                                        ]
                                                    }
                                                ]
                                            },
                                            {
                                                "Node Type": "Index Scan",
                                                "Parent Relationship": "Inner",
                                                "Parallel Aware": false,
                                                "Async Capable": false,
                                                "Scan Direction": "Forward",
                                                "Index Name": "account_pkey",
                                                "Relation Name": "account",
                                                "Alias": "account",
                                                "Startup Cost": 0.43,
                                                "Total Cost": 7.47,
                                                "Plan Rows": 1,
                                                "Plan Width": 15,
                                                "Actual Startup Time": 0.043,
                                                "Actual Total Time": 0.043,
                                                "Actual Rows": 1,
                                                "Actual Loops": 7,
                                                "Index Cond": "(id = u1.account_id)",
                                                "Rows Removed by Index Recheck": 0
                                            }
                                        ]
                                    }
                                ]
                            }
                        ]
                    },
                    "Planning Time": 67.058,
                    "Triggers": [],
                    "Execution Time": 601.423
                }
            ],
            "hints": [
                "SET enable_hashjoin TO on",
                "SET enable_indexonlyscan TO on",
                "SET enable_indexscan TO on",
                "SET enable_mergejoin TO on",
                "SET enable_nestloop TO on",
                "SET enable_seqscan TO on"
            ]
        },
        {
            "arm": 1,
            "execution_time": 4479.659,
            "plan": [
                {
                    "Plan": {
                        "Node Type": "Unique",
                        "Parallel Aware": false,
                        "Async Capable": false,
                        "Startup Cost": 4661473.85,
                        "Total Cost": 4661473.98,
                        "Plan Rows": 1,
                        "Plan Width": 11,
                        "Actual Startup Time": 4460.201,
                        "Actual Total Time": 4479.602,
                        "Actual Rows": 5,
                        "Actual Loops": 1,
                        "Plans": [
                            {
                                "Node Type": "Gather Merge",
                                "Parent Relationship": "Outer",
                                "Parallel Aware": false,
                                "Async Capable": false,
                                "Startup Cost": 4661473.85,
                                "Total Cost": 4661473.98,
                                "Plan Rows": 1,
                                "Plan Width": 11,
                                "Actual Startup Time": 4460.2,
                                "Actual Total Time": 4479.597,
                                "Actual Rows": 7,
                                "Actual Loops": 1,
                                "Workers Planned": 5,
                                "Workers Launched": 5,
                                "Plans": [
                                    {
                                        "Node Type": "Sort",
                                        "Parent Relationship": "Outer",
                                        "Parallel Aware": false,
                                        "Async Capable": false,
                                        "Startup Cost": 4660473.77,
                                        "Total Cost": 4660473.78,
                                        "Plan Rows": 1,
                                        "Plan Width": 11,
                                        "Actual Startup Time": 4457.579,
                                        "Actual Total Time": 4457.593,
                                        "Actual Rows": 1,
                                        "Actual Loops": 6,
                                        "Sort Key": [
                                            "account.display_name"
                                        ],
                                        "Sort Method": "quicksort",
                                        "Sort Space Used": 25,
                                        "Sort Space Type": "Memory",
                                        "Workers": [
                                            {
                                                "Worker Number": 0,
                                                "Sort Method": "quicksort",
                                                "Sort Space Used": 25,
                                                "Sort Space Type": "Memory"
                                            },
                                            {
                                                "Worker Number": 1,
                                                "Sort Method": "quicksort",
                                                "Sort Space Used": 25,
                                                "Sort Space Type": "Memory"
                                            },
                                            {
                                                "Worker Number": 2,
                                                "Sort Method": "quicksort",
                                                "Sort Space Used": 25,
                                                "Sort Space Type": "Memory"
                                            },
                                            {
                                                "Worker Number": 3,
                                                "Sort Method": "quicksort",
                                                "Sort Space Used": 25,
                                                "Sort Space Type": "Memory"
                                            },
                                            {
                                                "Worker Number": 4,
                                                "Sort Method": "quicksort",
                                                "Sort Space Used": 25,
                                                "Sort Space Type": "Memory"
                                            }
                                        ],
                                        "Plans": [
                                            {
                                                "Node Type": "Hash Join",
                                                "Parent Relationship": "Outer",
                                                "Parallel Aware": true,
                                                "Async Capable": false,
                                                "Join Type": "Inner",
                                                "Startup Cost": 4508018.96,
                                                "Total Cost": 4660473.76,
                                                "Plan Rows": 1,
                                                "Plan Width": 11,
                                                "Actual Startup Time": 4402.844,
                                                "Actual Total Time": 4457.502,
                                                "Actual Rows": 1,
                                                "Actual Loops": 6,
                                                "Inner Unique": false,
                                                "Hash Cond": "(account.id = u1.account_id)",
                                                "Workers": [],
                                                "Plans": [
                                                    {
                                                        "Node Type": "Seq Scan",
                                                        "Parent Relationship": "Outer",
                                                        "Parallel Aware": true,
                                                        "Async Capable": false,
                                                        "Relation Name": "account",
                                                        "Alias": "account",
                                                        "Startup Cost": 0.0,
                                                        "Total Cost": 142069.67,
                                                        "Plan Rows": 2769367,
                                                        "Plan Width": 15,
                                                        "Actual Startup Time": 0.019,
                                                        "Actual Total Time": 111.576,
                                                        "Actual Rows": 2312026,
                                                        "Actual Loops": 6,
                                                        "Workers": []
                                                    },
                                                    {
                                                        "Node Type": "Hash",
                                                        "Parent Relationship": "Inner",
                                                        "Parallel Aware": true,
                                                        "Async Capable": false,
                                                        "Startup Cost": 4508018.94,
                                                        "Total Cost": 4508018.94,
                                                        "Plan Rows": 1,
                                                        "Plan Width": 8,
                                                        "Actual Startup Time": 4262.961,
                                                        "Actual Total Time": 4262.974,
                                                        "Actual Rows": 1,
                                                        "Actual Loops": 6,
                                                        "Hash Buckets": 1024,
                                                        "Original Hash Buckets": 1024,
                                                        "Hash Batches": 1,
                                                        "Original Hash Batches": 1,
                                                        "Peak Memory Usage": 72,
                                                        "Workers": [],
                                                        "Plans": [
                                                            {
                                                                "Node Type": "Hash Join",
                                                                "Parent Relationship": "Outer",
                                                                "Parallel Aware": true,
                                                                "Async Capable": false,
                                                                "Join Type": "Inner",
                                                                "Startup Cost": 4214797.0,
                                                                "Total Cost": 4508018.94,
                                                                "Plan Rows": 1,
                                                                "Plan Width": 8,
                                                                "Actual Startup Time": 4210.213,
                                                                "Actual Total Time": 4262.396,
                                                                "Actual Rows": 1,
                                                                "Actual Loops": 6,
                                                                "Inner Unique": false,
                                                                "Hash Cond": "((t1.site_id = q1.site_id) AND (tq1.question_id = q1.id))",
                                                                "Workers": [],
                                                                "Plans": [
                                                                    {
                                                                        "Node Type": "Hash Join",
                                                                        "Parent Relationship": "Outer",
                                                                        "Parallel Aware": true,
                                                                        "Async Capable": false,
                                                                        "Join Type": "Inner",
                                                                        "Startup Cost": 2576.51,
                                                                        "Total Cost": 295798.42,
                                                                        "Plan Rows": 4,
                                                                        "Plan Width": 16,
                                                                        "Actual Startup Time": 330.177,
                                                                        "Actual Total Time": 461.888,
                                                                        "Actual Rows": 904,
                                                                        "Actual Loops": 6,
                                                                        "Inner Unique": true,
                                                                        "Hash Cond": "((s1.site_id = t1.site_id) AND (tq1.tag_id = t1.id))",
                                                                        "Workers": [],
                                                                        "Plans": [
                                                                            {
                                                                                "Node Type": "Hash Join",
                                                                                "Parent Relationship": "Outer",
                                                                                "Parallel Aware": false,
                                                                                "Async Capable": false,
                                                                                "Join Type": "Inner",
                                                                                "Startup Cost": 3.18,
                                                                                "Total Cost": 293001.22,
                                                                                "Plan Rows": 42640,
                                                                                "Plan Width": 16,
                                                                                "Actual Startup Time": 328.653,
                                                                                "Actual Total Time": 459.782,
                                                                                "Actual Rows": 15235,
                                                                                "Actual Loops": 6,
                                                                                "Inner Unique": true,
                                                                                "Hash Cond": "(tq1.site_id = s1.site_id)",
                                                                                "Workers": [],
                                                                                "Plans": [
                                                                                    {
                                                                                        "Node Type": "Seq Scan",
                                                                                        "Parent Relationship": "Outer",
                                                                                        "Parallel Aware": true,
                                                                                        "Async Capable": false,
                                                                                        "Relation Name": "tag_question",
                                                                                        "Alias": "tq1",
                                                                                        "Startup Cost": 0.0,
                                                                                        "Total Cost": 273159.66,
                                                                                        "Plan Rows": 7376766,
                                                                                        "Plan Width": 12,
                                                                                        "Actual Startup Time": 0.011,
                                                                                        "Actual Total Time": 247.852,
                                                                                        "Actual Rows": 6147303,
                                                                                        "Actual Loops": 6,
                                                                                        "Workers": []
                                                                                    },
                                                                                    {
                                                                                        "Node Type": "Hash",
                                                                                        "Parent Relationship": "Inner",
                                                                                        "Parallel Aware": false,
                                                                                        "Async Capable": false,
                                                                                        "Startup Cost": 3.16,
                                                                                        "Total Cost": 3.16,
                                                                                        "Plan Rows": 1,
                                                                                        "Plan Width": 4,
                                                                                        "Actual Startup Time": 0.013,
                                                                                        "Actual Total Time": 0.014,
                                                                                        "Actual Rows": 1,
                                                                                        "Actual Loops": 6,
                                                                                        "Hash Buckets": 1024,
                                                                                        "Original Hash Buckets": 1024,
                                                                                        "Hash Batches": 1,
                                                                                        "Original Hash Batches": 1,
                                                                                        "Peak Memory Usage": 9,
                                                                                        "Workers": [],
                                                                                        "Plans": [
                                                                                            {
                                                                                                "Node Type": "Seq Scan",
                                                                                                "Parent Relationship": "Outer",
                                                                                                "Parallel Aware": false,
                                                                                                "Async Capable": false,
                                                                                                "Relation Name": "site",
                                                                                                "Alias": "s1",
                                                                                                "Startup Cost": 0.0,
                                                                                                "Total Cost": 3.16,
                                                                                                "Plan Rows": 1,
                                                                                                "Plan Width": 4,
                                                                                                "Actual Startup Time": 0.006,
                                                                                                "Actual Total Time": 0.011,
                                                                                                "Actual Rows": 1,
                                                                                                "Actual Loops": 6,
                                                                                                "Filter": "((site_name)::text = 'drupal'::text)",
                                                                                                "Rows Removed by Filter": 172,
                                                                                                "Workers": []
                                                                                            }
                                                                                        ]
                                                                                    }
                                                                                ]
                                                                            },
                                                                            {
                                                                                "Node Type": "Hash",
                                                                                "Parent Relationship": "Inner",
                                                                                "Parallel Aware": true,
                                                                                "Async Capable": false,
                                                                                "Startup Cost": 2573.31,
                                                                                "Total Cost": 2573.31,
                                                                                "Plan Rows": 2,
                                                                                "Plan Width": 8,
                                                                                "Actual Startup Time": 1.491,
                                                                                "Actual Total Time": 1.492,
                                                                                "Actual Rows": 0,
                                                                                "Actual Loops": 6,
                                                                                "Hash Buckets": 1024,
                                                                                "Original Hash Buckets": 1024,
                                                                                "Hash Batches": 1,
                                                                                "Original Hash Batches": 1,
                                                                                "Peak Memory Usage": 72,
                                                                                "Workers": [],
                                                                                "Plans": [
                                                                                    {
                                                                                        "Node Type": "Seq Scan",
                                                                                        "Parent Relationship": "Outer",
                                                                                        "Parallel Aware": true,
                                                                                        "Async Capable": false,
                                                                                        "Relation Name": "tag",
                                                                                        "Alias": "t1",
                                                                                        "Startup Cost": 0.0,
                                                                                        "Total Cost": 2573.31,
                                                                                        "Plan Rows": 2,
                                                                                        "Plan Width": 8,
                                                                                        "Actual Startup Time": 1.177,
                                                                                        "Actual Total Time": 1.48,
                                                                                        "Actual Rows": 0,
                                                                                        "Actual Loops": 6,
                                                                                        "Filter": "((name)::text = 'theming'::text)",
                                                                                        "Rows Removed by Filter": 31128,
                                                                                        "Workers": []
                                                                                    }
                                                                                ]
                                                                            }
                                                                        ]
                                                                    },
                                                                    {
                                                                        "Node Type": "Hash",
                                                                        "Parent Relationship": "Inner",
                                                                        "Parallel Aware": true,
                                                                        "Async Capable": false,
                                                                        "Startup Cost": 4212220.47,
                                                                        "Total Cost": 4212220.47,
                                                                        "Plan Rows": 1,
                                                                        "Plan Width": 20,
                                                                        "Actual Startup Time": 3800.166,
                                                                        "Actual Total Time": 3800.175,
                                                                        "Actual Rows": 102556,
                                                                        "Actual Loops": 6,
                                                                        "Hash Buckets": 1048576,
                                                                        "Original Hash Buckets": 1024,
                                                                        "Hash Batches": 1,
                                                                        "Original Hash Batches": 1,
                                                                        "Peak Memory Usage": 50200,
                                                                        "Workers": [],
                                                                        "Plans": [
                                                                            {
                                                                                "Node Type": "Hash Join",
                                                                                "Parent Relationship": "Outer",
                                                                                "Parallel Aware": true,
                                                                                "Async Capable": false,
                                                                                "Join Type": "Inner",
                                                                                "Startup Cost": 2516411.25,
                                                                                "Total Cost": 4212220.47,
                                                                                "Plan Rows": 1,
                                                                                "Plan Width": 20,
                                                                                "Actual Startup Time": 2614.816,
                                                                                "Actual Total Time": 3356.586,
                                                                                "Actual Rows": 102556,
                                                                                "Actual Loops": 6,
                                                                                "Inner Unique": false,
                                                                                "Hash Cond": "((q1.site_id = u1.site_id) AND (q1.owner_user_id = u1.id))",
                                                                                "Workers": [],
                                                                                "Plans": [
                                                                                    {
                                                                                        "Node Type": "Seq Scan",
                                                                                        "Parent Relationship": "Outer",
                                                                                        "Parallel Aware": true,
                                                                                        "Async Capable": false,
                                                                                        "Relation Name": "question",
                                                                                        "Alias": "q1",
                                                                                        "Startup Cost": 0.0,
                                                                                        "Total Cost": 1682252.12,
                                                                                        "Plan Rows": 1807612,
                                                                                        "Plan Width": 12,
                                                                                        "Actual Startup Time": 0.009,
                                                                                        "Actual Total Time": 500.932,
                                                                                        "Actual Rows": 2111074,
                                                                                        "Actual Loops": 6,
                                                                                        "Workers": []
                                                                                    },
                                                                                    {
                                                                                        "Node Type": "Hash",
                                                                                        "Parent Relationship": "Inner",
                                                                                        "Parallel Aware": true,
                                                                                        "Async Capable": false,
                                                                                        "Startup Cost": 2516411.23,
                                                                                        "Total Cost": 2516411.23,
                                                                                        "Plan Rows": 1,
                                                                                        "Plan Width": 16,
                                                                                        "Actual Startup Time": 2611.547,
                                                                                        "Actual Total Time": 2611.554,
                                                                                        "Actual Rows": 8098,
                                                                                        "Actual Loops": 6,
                                                                                        "Hash Buckets": 65536,
                                                                                        "Original Hash Buckets": 1024,
                                                                                        "Hash Batches": 1,
                                                                                        "Original Hash Batches": 1,
                                                                                        "Peak Memory Usage": 3320,
                                                                                        "Workers": [],
                                                                                        "Plans": [
                                                                                            {
                                                                                                "Node Type": "Hash Join",
                                                                                                "Parent Relationship": "Outer",
                                                                                                "Parallel Aware": true,
                                                                                                "Async Capable": false,
                                                                                                "Join Type": "Inner",
                                                                                                "Startup Cost": 2261198.58,
                                                                                                "Total Cost": 2516411.23,
                                                                                                "Plan Rows": 1,
                                                                                                "Plan Width": 16,
                                                                                                "Actual Startup Time": 2205.124,
                                                                                                "Actual Total Time": 2560.455,
                                                                                                "Actual Rows": 8098,
                                                                                                "Actual Loops": 6,
                                                                                                "Inner Unique": false,
                                                                                                "Hash Cond": "(u1.account_id = u2.account_id)",
                                                                                                "Workers": [],
                                                                                                "Plans": [
                                                                                                    {
                                                                                                        "Node Type": "Seq Scan",
                                                                                                        "Parent Relationship": "Outer",
                                                                                                        "Parallel Aware": true,
                                                                                                        "Async Capable": false,
                                                                                                        "Relation Name": "so_user",
                                                                                                        "Alias": "u1",
                                                                                                        "Startup Cost": 0.0,
                                                                                                        "Total Cost": 239391.02,
                                                                                                        "Plan Rows": 4219102,
                                                                                                        "Plan Width": 12,
                                                                                                        "Actual Startup Time": 0.011,
                                                                                                        "Actual Total Time": 156.823,
                                                                                                        "Actual Rows": 3516217,
                                                                                                        "Actual Loops": 6,
                                                                                                        "Workers": []
                                                                                                    },
                                                                                                    {
                                                                                                        "Node Type": "Hash",
                                                                                                        "Parent Relationship": "Inner",
                                                                                                        "Parallel Aware": true,
                                                                                                        "Async Capable": false,
                                                                                                        "Startup Cost": 2261198.56,
                                                                                                        "Total Cost": 2261198.56,
                                                                                                        "Plan Rows": 1,
                                                                                                        "Plan Width": 4,
                                                                                                        "Actual Startup Time": 2204.93,
                                                                                                        "Actual Total Time": 2204.936,
                                                                                                        "Actual Rows": 3404,
                                                                                                        "Actual Loops": 6,
                                                                                                        "Hash Buckets": 32768,
                                                                                                        "Original Hash Buckets": 1024,
                                                                                                        "Hash Batches": 1,
                                                                                                        "Original Hash Batches": 1,
                                                                                                        "Peak Memory Usage": 1432,
                                                                                                        "Workers": [],
                                                                                                        "Plans": [
                                                                                                            {
                                                                                                                "Node Type": "Hash Join",
                                                                                                                "Parent Relationship": "Outer",
                                                                                                                "Parallel Aware": true,
                                                                                                                "Async Capable": false,
                                                                                                                "Join Type": "Inner",
                                                                                                                "Startup Cost": 2010278.17,
                                                                                                                "Total Cost": 2261198.56,
                                                                                                                "Plan Rows": 1,
                                                                                                                "Plan Width": 4,
                                                                                                                "Actual Startup Time": 1767.163,
                                                                                                                "Actual Total Time": 2054.791,
                                                                                                                "Actual Rows": 3404,
                                                                                                                "Actual Loops": 6,
                                                                                                                "Inner Unique": false,
                                                                                                                "Hash Cond": "((s2.site_id = t2.site_id) AND (u2.id = q2.owner_user_id))",
                                                                                                                "Workers": [],
                                                                                                                "Plans": [
                                                                                                                    {
                                                                                                                        "Node Type": "Hash Join",
                                                                                                                        "Parent Relationship": "Outer",
                                                                                                                        "Parallel Aware": false,
                                                                                                                        "Async Capable": false,
                                                                                                                        "Join Type": "Inner",
                                                                                                                        "Startup Cost": 3.18,
                                                                                                                        "Total Cost": 250740.65,
                                                                                                                        "Plan Rows": 24388,
                                                                                                                        "Plan Width": 16,
                                                                                                                        "Actual Startup Time": 0.048,
                                                                                                                        "Actual Total Time": 281.184,
                                                                                                                        "Actual Rows": 27666,
                                                                                                                        "Actual Loops": 6,
                                                                                                                        "Inner Unique": true,
                                                                                                                        "Hash Cond": "(u2.site_id = s2.site_id)",
                                                                                                                        "Workers": [],
                                                                                                                        "Plans": [
                                                                                                                            {
                                                                                                                                "Node Type": "Seq Scan",
                                                                                                                                "Parent Relationship": "Outer",
                                                                                                                                "Parallel Aware": true,
                                                                                                                                "Async Capable": false,
                                                                                                                                "Relation Name": "so_user",
                                                                                                                                "Alias": "u2",
                                                                                                                                "Startup Cost": 0.0,
                                                                                                                                "Total Cost": 239391.02,
                                                                                                                                "Plan Rows": 4219102,
                                                                                                                                "Plan Width": 12,
                                                                                                                                "Actual Startup Time": 0.005,
                                                                                                                                "Actual Total Time": 159.899,
                                                                                                                                "Actual Rows": 3516217,
                                                                                                                                "Actual Loops": 6,
                                                                                                                                "Workers": []
                                                                                                                            },
                                                                                                                            {
                                                                                                                                "Node Type": "Hash",
                                                                                                                                "Parent Relationship": "Inner",
                                                                                                                                "Parallel Aware": false,
                                                                                                                                "Async Capable": false,
                                                                                                                                "Startup Cost": 3.16,
                                                                                                                                "Total Cost": 3.16,
                                                                                                                                "Plan Rows": 1,
                                                                                                                                "Plan Width": 4,
                                                                                                                                "Actual Startup Time": 0.025,
                                                                                                                                "Actual Total Time": 0.025,
                                                                                                                                "Actual Rows": 1,
                                                                                                                                "Actual Loops": 6,
                                                                                                                                "Hash Buckets": 1024,
                                                                                                                                "Original Hash Buckets": 1024,
                                                                                                                                "Hash Batches": 1,
                                                                                                                                "Original Hash Batches": 1,
                                                                                                                                "Peak Memory Usage": 9,
                                                                                                                                "Workers": [],
                                                                                                                                "Plans": [
                                                                                                                                    {
                                                                                                                                        "Node Type": "Seq Scan",
                                                                                                                                        "Parent Relationship": "Outer",
                                                                                                                                        "Parallel Aware": false,
                                                                                                                                        "Async Capable": false,
                                                                                                                                        "Relation Name": "site",
                                                                                                                                        "Alias": "s2",
                                                                                                                                        "Startup Cost": 0.0,
                                                                                                                                        "Total Cost": 3.16,
                                                                                                                                        "Plan Rows": 1,
                                                                                                                                        "Plan Width": 4,
                                                                                                                                        "Actual Startup Time": 0.021,
                                                                                                                                        "Actual Total Time": 0.023,
                                                                                                                                        "Actual Rows": 1,
                                                                                                                                        "Actual Loops": 6,
                                                                                                                                        "Filter": "((site_name)::text = 'ru'::text)",
                                                                                                                                        "Rows Removed by Filter": 172,
                                                                                                                                        "Workers": []
                                                                                                                                    }
                                                                                                                                ]
                                                                                                                            }
                                                                                                                        ]
                                                                                                                    },
                                                                                                                    {
                                                                                                                        "Node Type": "Hash",
                                                                                                                        "Parent Relationship": "Inner",
                                                                                                                        "Parallel Aware": true,
                                                                                                                        "Async Capable": false,
                                                                                                                        "Startup Cost": 2010274.21,
                                                                                                                        "Total Cost": 2010274.21,
                                                                                                                        "Plan Rows": 52,
                                                                                                                        "Plan Width": 16,
                                                                                                                        "Actual Startup Time": 1766.663,
                                                                                                                        "Actual Total Time": 1766.666,
                                                                                                                        "Actual Rows": 124858,
                                                                                                                        "Actual Loops": 6,
                                                                                                                        "Hash Buckets": 1048576,
                                                                                                                        "Original Hash Buckets": 1024,
                                                                                                                        "Hash Batches": 1,
                                                                                                                        "Original Hash Batches": 1,
                                                                                                                        "Peak Memory Usage": 51640,
                                                                                                                        "Workers": [],
                                                                                                                        "Plans": [
                                                                                                                            {
                                                                                                                                "Node Type": "Hash Join",
                                                                                                                                "Parent Relationship": "Outer",
                                                                                                                                "Parallel Aware": true,
                                                                                                                                "Async Capable": false,
                                                                                                                                "Join Type": "Inner",
                                                                                                                                "Startup Cost": 314464.9,
                                                                                                                                "Total Cost": 2010274.21,
                                                                                                                                "Plan Rows": 52,
                                                                                                                                "Plan Width": 16,
                                                                                                                                "Actual Startup Time": 641.359,
                                                                                                                                "Actual Total Time": 1686.783,
                                                                                                                                "Actual Rows": 124858,
                                                                                                                                "Actual Loops": 6,
                                                                                                                                "Inner Unique": false,
                                                                                                                                "Hash Cond": "((q2.site_id = t2.site_id) AND (q2.id = tq2.question_id))",
                                                                                                                                "Workers": [],
                                                                                                                                "Plans": [
                                                                                                                                    {
                                                                                                                                        "Node Type": "Seq Scan",
                                                                                                                                        "Parent Relationship": "Outer",
                                                                                                                                        "Parallel Aware": true,
                                                                                                                                        "Async Capable": false,
                                                                                                                                        "Relation Name": "question",
                                                                                                                                        "Alias": "q2",
                                                                                                                                        "Startup Cost": 0.0,
                                                                                                                                        "Total Cost": 1682252.12,
                                                                                                                                        "Plan Rows": 1807612,
                                                                                                                                        "Plan Width": 12,
                                                                                                                                        "Actual Startup Time": 0.011,
                                                                                                                                        "Actual Total Time": 549.553,
                                                                                                                                        "Actual Rows": 2111074,
                                                                                                                                        "Actual Loops": 6,
                                                                                                                                        "Workers": []
                                                                                                                                    },
                                                                                                                                    {
                                                                                                                                        "Node Type": "Hash",
                                                                                                                                        "Parent Relationship": "Inner",
                                                                                                                                        "Parallel Aware": true,
                                                                                                                                        "Async Capable": false,
                                                                                                                                        "Startup Cost": 314463.13,
                                                                                                                                        "Total Cost": 314463.13,
                                                                                                                                        "Plan Rows": 118,
                                                                                                                                        "Plan Width": 12,
                                                                                                                                        "Actual Startup Time": 640.487,
                                                                                                                                        "Actual Total Time": 640.489,
                                                                                                                                        "Actual Rows": 124858,
                                                                                                                                        "Actual Loops": 6,
                                                                                                                                        "Hash Buckets": 1048576,
                                                                                                                                        "Original Hash Buckets": 1024,
                                                                                                                                        "Hash Batches": 1,
                                                                                                                                        "Original Hash Batches": 1,
                                                                                                                                        "Peak Memory Usage": 51640,
                                                                                                                                        "Workers": [],
                                                                                                                                        "Plans": [
                                                                                                                                            {
                                                                                                                                                "Node Type": "Hash Join",
                                                                                                                                                "Parent Relationship": "Outer",
                                                                                                                                                "Parallel Aware": true,
                                                                                                                                                "Async Capable": false,
                                                                                                                                                "Join Type": "Inner",
                                                                                                                                                "Startup Cost": 2573.34,
                                                                                                                                                "Total Cost": 314463.13,
                                                                                                                                                "Plan Rows": 118,
                                                                                                                                                "Plan Width": 12,
                                                                                                                                                "Actual Startup Time": 1.974,
                                                                                                                                                "Actual Total Time": 592.502,
                                                                                                                                                "Actual Rows": 124858,
                                                                                                                                                "Actual Loops": 6,
                                                                                                                                                "Inner Unique": true,
                                                                                                                                                "Hash Cond": "((tq2.site_id = t2.site_id) AND (tq2.tag_id = t2.id))",
                                                                                                                                                "Workers": [],
                                                                                                                                                "Plans": [
                                                                                                                                                    {
                                                                                                                                                        "Node Type": "Seq Scan",
                                                                                                                                                        "Parent Relationship": "Outer",
                                                                                                                                                        "Parallel Aware": true,
                                                                                                                                                        "Async Capable": false,
                                                                                                                                                        "Relation Name": "tag_question",
                                                                                                                                                        "Alias": "tq2",
                                                                                                                                                        "Startup Cost": 0.0,
                                                                                                                                                        "Total Cost": 273159.66,
                                                                                                                                                        "Plan Rows": 7376766,
                                                                                                                                                        "Plan Width": 12,
                                                                                                                                                        "Actual Startup Time": 0.027,
                                                                                                                                                        "Actual Total Time": 315.189,
                                                                                                                                                        "Actual Rows": 6147303,
                                                                                                                                                        "Actual Loops": 6,
                                                                                                                                                        "Workers": []
                                                                                                                                                    },
                                                                                                                                                    {
                                                                                                                                                        "Node Type": "Hash",
                                                                                                                                                        "Parent Relationship": "Inner",
                                                                                                                                                        "Parallel Aware": true,
                                                                                                                                                        "Async Capable": false,
                                                                                                                                                        "Startup Cost": 2573.31,
                                                                                                                                                        "Total Cost": 2573.31,
                                                                                                                                                        "Plan Rows": 2,
                                                                                                                                                        "Plan Width": 8,
                                                                                                                                                        "Actual Startup Time": 1.847,
                                                                                                                                                        "Actual Total Time": 1.847,
                                                                                                                                                        "Actual Rows": 7,
                                                                                                                                                        "Actual Loops": 6,
                                                                                                                                                        "Hash Buckets": 1024,
                                                                                                                                                        "Original Hash Buckets": 1024,
                                                                                                                                                        "Hash Batches": 1,
                                                                                                                                                        "Original Hash Batches": 1,
                                                                                                                                                        "Peak Memory Usage": 200,
                                                                                                                                                        "Workers": [],
                                                                                                                                                        "Plans": [
                                                                                                                                                            {
                                                                                                                                                                "Node Type": "Seq Scan",
                                                                                                                                                                "Parent Relationship": "Outer",
                                                                                                                                                                "Parallel Aware": true,
                                                                                                                                                                "Async Capable": false,
                                                                                                                                                                "Relation Name": "tag",
                                                                                                                                                                "Alias": "t2",
                                                                                                                                                                "Startup Cost": 0.0,
                                                                                                                                                                "Total Cost": 2573.31,
                                                                                                                                                                "Plan Rows": 2,
                                                                                                                                                                "Plan Width": 8,
                                                                                                                                                                "Actual Startup Time": 0.169,
                                                                                                                                                                "Actual Total Time": 1.788,
                                                                                                                                                                "Actual Rows": 7,
                                                                                                                                                                "Actual Loops": 6,
                                                                                                                                                                "Filter": "((name)::text = 'php'::text)",
                                                                                                                                                                "Rows Removed by Filter": 31122,
                                                                                                                                                                "Workers": []
                                                                                                                                                            }
                                                                                                                                                        ]
                                                                                                                                                    }
                                                                                                                                                ]
                                                                                                                                            }
                                                                                                                                        ]
                                                                                                                                    }
                                                                                                                                ]
                                                                                                                            }
                                                                                                                        ]
                                                                                                                    }
                                                                                                                ]
                                                                                                            }
                                                                                                        ]
                                                                                                    }
                                                                                                ]
                                                                                            }
                                                                                        ]
                                                                                    }
                                                                                ]
                                                                            }
                                                                        ]
                                                                    }
                                                                ]
                                                            }
                                                        ]
                                                    }
                                                ]
                                            }
                                        ]
                                    }
                                ]
                            }
                        ]
                    },
                    "Planning Time": 73.675,
                    "Triggers": [],
                    "Execution Time": 4479.659
                }
            ],
            "hints": [
                "SET enable_hashjoin TO on",
                "SET enable_indexonlyscan TO on",
                "SET enable_indexscan TO on",
                "SET enable_mergejoin TO on",
                "SET enable_nestloop TO off",
                "SET enable_seqscan TO on"
            ]
        },
        {
            "arm": 2,
            "execution_time": 121.276,
            "plan": [
                {
                    "Plan": {
                        "Node Type": "Unique",
                        "Parallel Aware": false,
                        "Async Capable": false,
                        "Startup Cost": 6641.58,
                        "Total Cost": 6641.59,
                        "Plan Rows": 1,
                        "Plan Width": 11,
                        "Actual Startup Time": 120.975,
                        "Actual Total Time": 121.213,
                        "Actual Rows": 5,
                        "Actual Loops": 1,
                        "Plans": [
                            {
                                "Node Type": "Sort",
                                "Parent Relationship": "Outer",
                                "Parallel Aware": false,
                                "Async Capable": false,
                                "Startup Cost": 6641.58,
                                "Total Cost": 6641.59,
                                "Plan Rows": 1,
                                "Plan Width": 11,
                                "Actual Startup Time": 120.973,
                                "Actual Total Time": 121.209,
                                "Actual Rows": 7,
                                "Actual Loops": 1,
                                "Sort Key": [
                                    "account.display_name"
                                ],
                                "Sort Method": "quicksort",
                                "Sort Space Used": 25,
                                "Sort Space Type": "Memory",
                                "Plans": [
                                    {
                                        "Node Type": "Nested Loop",
                                        "Parent Relationship": "Outer",
                                        "Parallel Aware": false,
                                        "Async Capable": false,
                                        "Join Type": "Inner",
                                        "Startup Cost": 3836.68,
                                        "Total Cost": 6641.57,
                                        "Plan Rows": 1,
                                        "Plan Width": 11,
                                        "Actual Startup Time": 112.148,
                                        "Actual Total Time": 121.199,
                                        "Actual Rows": 7,
                                        "Actual Loops": 1,
                                        "Inner Unique": true,
                                        "Plans": [
                                            {
                                                "Node Type": "Gather",
                                                "Parent Relationship": "Outer",
                                                "Parallel Aware": false,
                                                "Async Capable": false,
                                                "Startup Cost": 3832.72,
                                                "Total Cost": 6633.61,
                                                "Plan Rows": 1,
                                                "Plan Width": 8,
                                                "Actual Startup Time": 112.139,
                                                "Actual Total Time": 121.166,
                                                "Actual Rows": 7,
                                                "Actual Loops": 1,
                                                "Workers Planned": 1,
                                                "Workers Launched": 1,
                                                "Single Copy": false,
                                                "Plans": [
                                                    {
                                                        "Node Type": "Hash Join",
                                                        "Parent Relationship": "Outer",
                                                        "Parallel Aware": true,
                                                        "Async Capable": false,
                                                        "Join Type": "Inner",
                                                        "Startup Cost": 2832.72,
                                                        "Total Cost": 5633.51,
                                                        "Plan Rows": 1,
                                                        "Plan Width": 8,
                                                        "Actual Startup Time": 104.395,
                                                        "Actual Total Time": 108.795,
                                                        "Actual Rows": 4,
                                                        "Actual Loops": 2,
                                                        "Inner Unique": false,
                                                        "Hash Cond": "(u1.account_id = u2.account_id)",
                                                        "Workers": [],
                                                        "Plans": [
                                                            {
                                                                "Node Type": "Nested Loop",
                                                                "Parent Relationship": "Outer",
                                                                "Parallel Aware": false,
                                                                "Async Capable": false,
                                                                "Join Type": "Inner",
                                                                "Startup Cost": 15.97,
                                                                "Total Cost": 2816.74,
                                                                "Plan Rows": 1,
                                                                "Plan Width": 4,
                                                                "Actual Startup Time": 4.058,
                                                                "Actual Total Time": 17.184,
                                                                "Actual Rows": 2714,
                                                                "Actual Loops": 2,
                                                                "Inner Unique": true,
                                                                "Join Filter": "(t1.site_id = u1.site_id)",
                                                                "Rows Removed by Join Filter": 0,
                                                                "Workers": [],
                                                                "Plans": [
                                                                    {
                                                                        "Node Type": "Nested Loop",
                                                                        "Parent Relationship": "Outer",
                                                                        "Parallel Aware": false,
                                                                        "Async Capable": false,
                                                                        "Join Type": "Inner",
                                                                        "Startup Cost": 12.01,
                                                                        "Total Cost": 2808.75,
                                                                        "Plan Rows": 1,
                                                                        "Plan Width": 20,
                                                                        "Actual Startup Time": 4.054,
                                                                        "Actual Total Time": 11.028,
                                                                        "Actual Rows": 2714,
                                                                        "Actual Loops": 2,
                                                                        "Inner Unique": true,
                                                                        "Join Filter": "(t1.site_id = q1.site_id)",
                                                                        "Rows Removed by Join Filter": 0,
                                                                        "Workers": [],
                                                                        "Plans": [
                                                                            {
                                                                                "Node Type": "Nested Loop",
                                                                                "Parent Relationship": "Outer",
                                                                                "Parallel Aware": false,
                                                                                "Async Capable": false,
                                                                                "Join Type": "Inner",
                                                                                "Startup Cost": 8.06,
                                                                                "Total Cost": 2704.99,
                                                                                "Plan Rows": 13,
                                                                                "Plan Width": 16,
                                                                                "Actual Startup Time": 4.051,
                                                                                "Actual Total Time": 4.739,
                                                                                "Actual Rows": 2714,
                                                                                "Actual Loops": 2,
                                                                                "Inner Unique": false,
                                                                                "Workers": [],
                                                                                "Plans": [
                                                                                    {
                                                                                        "Node Type": "Hash Join",
                                                                                        "Parent Relationship": "Outer",
                                                                                        "Parallel Aware": false,
                                                                                        "Async Capable": false,
                                                                                        "Join Type": "Inner",
                                                                                        "Startup Cost": 3.18,
                                                                                        "Total Cost": 2576.49,
                                                                                        "Plan Rows": 1,
                                                                                        "Plan Width": 12,
                                                                                        "Actual Startup Time": 3.944,
                                                                                        "Actual Total Time": 3.949,
                                                                                        "Actual Rows": 0,
                                                                                        "Actual Loops": 2,
                                                                                        "Inner Unique": true,
                                                                                        "Hash Cond": "(t1.site_id = s1.site_id)",
                                                                                        "Workers": [],
                                                                                        "Plans": [
                                                                                            {
                                                                                                "Node Type": "Seq Scan",
                                                                                                "Parent Relationship": "Outer",
                                                                                                "Parallel Aware": true,
                                                                                                "Async Capable": false,
                                                                                                "Relation Name": "tag",
                                                                                                "Alias": "t1",
                                                                                                "Startup Cost": 0.0,
                                                                                                "Total Cost": 2573.31,
                                                                                                "Plan Rows": 2,
                                                                                                "Plan Width": 8,
                                                                                                "Actual Startup Time": 2.514,
                                                                                                "Actual Total Time": 3.92,
                                                                                                "Actual Rows": 1,
                                                                                                "Actual Loops": 2,
                                                                                                "Filter": "((name)::text = 'theming'::text)",
                                                                                                "Rows Removed by Filter": 93384,
                                                                                                "Workers": []
                                                                                            },
                                                                                            {
                                                                                                "Node Type": "Hash",
                                                                                                "Parent Relationship": "Inner",
                                                                                                "Parallel Aware": false,
                                                                                                "Async Capable": false,
                                                                                                "Startup Cost": 3.16,
                                                                                                "Total Cost": 3.16,
                                                                                                "Plan Rows": 1,
                                                                                                "Plan Width": 4,
                                                                                                "Actual Startup Time": 0.013,
                                                                                                "Actual Total Time": 0.013,
                                                                                                "Actual Rows": 1,
                                                                                                "Actual Loops": 2,
                                                                                                "Hash Buckets": 1024,
                                                                                                "Original Hash Buckets": 1024,
                                                                                                "Hash Batches": 1,
                                                                                                "Original Hash Batches": 1,
                                                                                                "Peak Memory Usage": 9,
                                                                                                "Workers": [],
                                                                                                "Plans": [
                                                                                                    {
                                                                                                        "Node Type": "Seq Scan",
                                                                                                        "Parent Relationship": "Outer",
                                                                                                        "Parallel Aware": false,
                                                                                                        "Async Capable": false,
                                                                                                        "Relation Name": "site",
                                                                                                        "Alias": "s1",
                                                                                                        "Startup Cost": 0.0,
                                                                                                        "Total Cost": 3.16,
                                                                                                        "Plan Rows": 1,
                                                                                                        "Plan Width": 4,
                                                                                                        "Actual Startup Time": 0.006,
                                                                                                        "Actual Total Time": 0.011,
                                                                                                        "Actual Rows": 1,
                                                                                                        "Actual Loops": 2,
                                                                                                        "Filter": "((site_name)::text = 'drupal'::text)",
                                                                                                        "Rows Removed by Filter": 172,
                                                                                                        "Workers": []
                                                                                                    }
                                                                                                ]
                                                                                            }
                                                                                        ]
                                                                                    },
                                                                                    {
                                                                                        "Node Type": "Bitmap Heap Scan",
                                                                                        "Parent Relationship": "Inner",
                                                                                        "Parallel Aware": false,
                                                                                        "Async Capable": false,
                                                                                        "Relation Name": "tag_question",
                                                                                        "Alias": "tq1",
                                                                                        "Startup Cost": 4.88,
                                                                                        "Total Cost": 128.19,
                                                                                        "Plan Rows": 31,
                                                                                        "Plan Width": 12,
                                                                                        "Actual Startup Time": 0.211,
                                                                                        "Actual Total Time": 1.215,
                                                                                        "Actual Rows": 5427,
                                                                                        "Actual Loops": 1,
                                                                                        "Recheck Cond": "((t1.site_id = site_id) AND (t1.id = tag_id))",
                                                                                        "Rows Removed by Index Recheck": 0,
                                                                                        "Exact Heap Blocks": 494,
                                                                                        "Lossy Heap Blocks": 0,
                                                                                        "Workers": [],
                                                                                        "Plans": [
                                                                                            {
                                                                                                "Node Type": "Bitmap Index Scan",
                                                                                                "Parent Relationship": "Outer",
                                                                                                "Parallel Aware": false,
                                                                                                "Async Capable": false,
                                                                                                "Index Name": "tag_question_site_id_tag_id_question_id_idx",
                                                                                                "Startup Cost": 0.0,
                                                                                                "Total Cost": 4.88,
                                                                                                "Plan Rows": 31,
                                                                                                "Plan Width": 0,
                                                                                                "Actual Startup Time": 0.166,
                                                                                                "Actual Total Time": 0.166,
                                                                                                "Actual Rows": 5427,
                                                                                                "Actual Loops": 1,
                                                                                                "Index Cond": "((site_id = t1.site_id) AND (tag_id = t1.id))",
                                                                                                "Workers": []
                                                                                            }
                                                                                        ]
                                                                                    }
                                                                                ]
                                                                            },
                                                                            {
                                                                                "Node Type": "Bitmap Heap Scan",
                                                                                "Parent Relationship": "Inner",
                                                                                "Parallel Aware": false,
                                                                                "Async Capable": false,
                                                                                "Relation Name": "question",
                                                                                "Alias": "q1",
                                                                                "Startup Cost": 3.95,
                                                                                "Total Cost": 7.97,
                                                                                "Plan Rows": 1,
                                                                                "Plan Width": 12,
                                                                                "Actual Startup Time": 0.002,
                                                                                "Actual Total Time": 0.002,
                                                                                "Actual Rows": 1,
                                                                                "Actual Loops": 5427,
                                                                                "Recheck Cond": "((id = tq1.question_id) AND (site_id = tq1.site_id))",
                                                                                "Rows Removed by Index Recheck": 0,
                                                                                "Exact Heap Blocks": 5427,
                                                                                "Lossy Heap Blocks": 0,
                                                                                "Workers": [],
                                                                                "Plans": [
                                                                                    {
                                                                                        "Node Type": "Bitmap Index Scan",
                                                                                        "Parent Relationship": "Outer",
                                                                                        "Parallel Aware": false,
                                                                                        "Async Capable": false,
                                                                                        "Index Name": "question_pkey",
                                                                                        "Startup Cost": 0.0,
                                                                                        "Total Cost": 3.95,
                                                                                        "Plan Rows": 1,
                                                                                        "Plan Width": 0,
                                                                                        "Actual Startup Time": 0.001,
                                                                                        "Actual Total Time": 0.001,
                                                                                        "Actual Rows": 1,
                                                                                        "Actual Loops": 5427,
                                                                                        "Index Cond": "((id = tq1.question_id) AND (site_id = tq1.site_id))",
                                                                                        "Workers": []
                                                                                    }
                                                                                ]
                                                                            }
                                                                        ]
                                                                    },
                                                                    {
                                                                        "Node Type": "Bitmap Heap Scan",
                                                                        "Parent Relationship": "Inner",
                                                                        "Parallel Aware": false,
                                                                        "Async Capable": false,
                                                                        "Relation Name": "so_user",
                                                                        "Alias": "u1",
                                                                        "Startup Cost": 3.96,
                                                                        "Total Cost": 7.97,
                                                                        "Plan Rows": 1,
                                                                        "Plan Width": 12,
                                                                        "Actual Startup Time": 0.002,
                                                                        "Actual Total Time": 0.002,
                                                                        "Actual Rows": 1,
                                                                        "Actual Loops": 5427,
                                                                        "Recheck Cond": "((id = q1.owner_user_id) AND (q1.site_id = site_id))",
                                                                        "Rows Removed by Index Recheck": 0,
                                                                        "Exact Heap Blocks": 5427,
                                                                        "Lossy Heap Blocks": 0,
                                                                        "Workers": [],
                                                                        "Plans": [
                                                                            {
                                                                                "Node Type": "Bitmap Index Scan",
                                                                                "Parent Relationship": "Outer",
                                                                                "Parallel Aware": false,
                                                                                "Async Capable": false,
                                                                                "Index Name": "so_user_pkey",
                                                                                "Startup Cost": 0.0,
                                                                                "Total Cost": 3.96,
                                                                                "Plan Rows": 1,
                                                                                "Plan Width": 0,
                                                                                "Actual Startup Time": 0.001,
                                                                                "Actual Total Time": 0.001,
                                                                                "Actual Rows": 1,
                                                                                "Actual Loops": 5427,
                                                                                "Index Cond": "((id = q1.owner_user_id) AND (site_id = q1.site_id))",
                                                                                "Workers": []
                                                                            }
                                                                        ]
                                                                    }
                                                                ]
                                                            },
                                                            {
                                                                "Node Type": "Hash",
                                                                "Parent Relationship": "Inner",
                                                                "Parallel Aware": true,
                                                                "Async Capable": false,
                                                                "Startup Cost": 2816.74,
                                                                "Total Cost": 2816.74,
                                                                "Plan Rows": 1,
                                                                "Plan Width": 4,
                                                                "Actual Startup Time": 91.091,
                                                                "Actual Total Time": 91.094,
                                                                "Actual Rows": 10210,
                                                                "Actual Loops": 2,
                                                                "Hash Buckets": 32768,
                                                                "Original Hash Buckets": 1024,
                                                                "Hash Batches": 1,
                                                                "Original Hash Batches": 1,
                                                                "Peak Memory Usage": 1304,
                                                                "Workers": [],
                                                                "Plans": [
                                                                    {
                                                                        "Node Type": "Nested Loop",
                                                                        "Parent Relationship": "Outer",
                                                                        "Parallel Aware": false,
                                                                        "Async Capable": false,
                                                                        "Join Type": "Inner",
                                                                        "Startup Cost": 15.97,
                                                                        "Total Cost": 2816.74,
                                                                        "Plan Rows": 1,
                                                                        "Plan Width": 4,
                                                                        "Actual Startup Time": 5.033,
                                                                        "Actual Total Time": 47.81,
                                                                        "Actual Rows": 10210,
                                                                        "Actual Loops": 2,
                                                                        "Inner Unique": true,
                                                                        "Join Filter": "(t2.site_id = u2.site_id)",
                                                                        "Rows Removed by Join Filter": 0,
                                                                        "Workers": [],
                                                                        "Plans": [
                                                                            {
                                                                                "Node Type": "Nested Loop",
                                                                                "Parent Relationship": "Outer",
                                                                                "Parallel Aware": false,
                                                                                "Async Capable": false,
                                                                                "Join Type": "Inner",
                                                                                "Startup Cost": 12.01,
                                                                                "Total Cost": 2808.75,
                                                                                "Plan Rows": 1,
                                                                                "Plan Width": 20,
                                                                                "Actual Startup Time": 5.029,
                                                                                "Actual Total Time": 27.839,
                                                                                "Actual Rows": 10210,
                                                                                "Actual Loops": 2,
                                                                                "Inner Unique": true,
                                                                                "Join Filter": "(t2.site_id = q2.site_id)",
                                                                                "Rows Removed by Join Filter": 0,
                                                                                "Workers": [],
                                                                                "Plans": [
                                                                                    {
                                                                                        "Node Type": "Nested Loop",
                                                                                        "Parent Relationship": "Outer",
                                                                                        "Parallel Aware": false,
                                                                                        "Async Capable": false,
                                                                                        "Join Type": "Inner",
                                                                                        "Startup Cost": 8.06,
                                                                                        "Total Cost": 2704.99,
                                                                                        "Plan Rows": 13,
                                                                                        "Plan Width": 16,
                                                                                        "Actual Startup Time": 5.024,
                                                                                        "Actual Total Time": 7.528,
                                                                                        "Actual Rows": 10210,
                                                                                        "Actual Loops": 2,
                                                                                        "Inner Unique": false,
                                                                                        "Workers": [],
                                                                                        "Plans": [
                                                                                            {
                                                                                                "Node Type": "Hash Join",
                                                                                                "Parent Relationship": "Outer",
                                                                                                "Parallel Aware": false,
                                                                                                "Async Capable": false,
                                                                                                "Join Type": "Inner",
                                                                                                "Startup Cost": 3.18,
                                                                                                "Total Cost": 2576.49,
                                                                                                "Plan Rows": 1,
                                                                                                "Plan Width": 12,
                                                                                                "Actual Startup Time": 4.627,
                                                                                                "Actual Total Time": 4.631,
                                                                                                "Actual Rows": 0,
                                                                                                "Actual Loops": 2,
                                                                                                "Inner Unique": true,
                                                                                                "Hash Cond": "(t2.site_id = s2.site_id)",
                                                                                                "Workers": [],
                                                                                                "Plans": [
                                                                                                    {
                                                                                                        "Node Type": "Seq Scan",
                                                                                                        "Parent Relationship": "Outer",
                                                                                                        "Parallel Aware": true,
                                                                                                        "Async Capable": false,
                                                                                                        "Relation Name": "tag",
                                                                                                        "Alias": "t2",
                                                                                                        "Startup Cost": 0.0,
                                                                                                        "Total Cost": 2573.31,
                                                                                                        "Plan Rows": 2,
                                                                                                        "Plan Width": 8,
                                                                                                        "Actual Startup Time": 0.154,
                                                                                                        "Actual Total Time": 4.604,
                                                                                                        "Actual Rows": 20,
                                                                                                        "Actual Loops": 2,
                                                                                                        "Filter": "((name)::text = 'php'::text)",
                                                                                                        "Rows Removed by Filter": 93365,
                                                                                                        "Workers": []
                                                                                                    },
                                                                                                    {
                                                                                                        "Node Type": "Hash",
                                                                                                        "Parent Relationship": "Inner",
                                                                                                        "Parallel Aware": false,
                                                                                                        "Async Capable": false,
                                                                                                        "Startup Cost": 3.16,
                                                                                                        "Total Cost": 3.16,
                                                                                                        "Plan Rows": 1,
                                                                                                        "Plan Width": 4,
                                                                                                        "Actual Startup Time": 0.017,
                                                                                                        "Actual Total Time": 0.018,
                                                                                                        "Actual Rows": 1,
                                                                                                        "Actual Loops": 2,
                                                                                                        "Hash Buckets": 1024,
                                                                                                        "Original Hash Buckets": 1024,
                                                                                                        "Hash Batches": 1,
                                                                                                        "Original Hash Batches": 1,
                                                                                                        "Peak Memory Usage": 9,
                                                                                                        "Workers": [],
                                                                                                        "Plans": [
                                                                                                            {
                                                                                                                "Node Type": "Seq Scan",
                                                                                                                "Parent Relationship": "Outer",
                                                                                                                "Parallel Aware": false,
                                                                                                                "Async Capable": false,
                                                                                                                "Relation Name": "site",
                                                                                                                "Alias": "s2",
                                                                                                                "Startup Cost": 0.0,
                                                                                                                "Total Cost": 3.16,
                                                                                                                "Plan Rows": 1,
                                                                                                                "Plan Width": 4,
                                                                                                                "Actual Startup Time": 0.012,
                                                                                                                "Actual Total Time": 0.014,
                                                                                                                "Actual Rows": 1,
                                                                                                                "Actual Loops": 2,
                                                                                                                "Filter": "((site_name)::text = 'ru'::text)",
                                                                                                                "Rows Removed by Filter": 172,
                                                                                                                "Workers": []
                                                                                                            }
                                                                                                        ]
                                                                                                    }
                                                                                                ]
                                                                                            },
                                                                                            {
                                                                                                "Node Type": "Bitmap Heap Scan",
                                                                                                "Parent Relationship": "Inner",
                                                                                                "Parallel Aware": false,
                                                                                                "Async Capable": false,
                                                                                                "Relation Name": "tag_question",
                                                                                                "Alias": "tq2",
                                                                                                "Startup Cost": 4.88,
                                                                                                "Total Cost": 128.19,
                                                                                                "Plan Rows": 31,
                                                                                                "Plan Width": 12,
                                                                                                "Actual Startup Time": 0.791,
                                                                                                "Actual Total Time": 4.575,
                                                                                                "Actual Rows": 20421,
                                                                                                "Actual Loops": 1,
                                                                                                "Recheck Cond": "((t2.site_id = site_id) AND (t2.id = tag_id))",
                                                                                                "Rows Removed by Index Recheck": 0,
                                                                                                "Exact Heap Blocks": 2010,
                                                                                                "Lossy Heap Blocks": 0,
                                                                                                "Workers": [],
                                                                                                "Plans": [
                                                                                                    {
                                                                                                        "Node Type": "Bitmap Index Scan",
                                                                                                        "Parent Relationship": "Outer",
                                                                                                        "Parallel Aware": false,
                                                                                                        "Async Capable": false,
                                                                                                        "Index Name": "tag_question_site_id_tag_id_question_id_idx",
                                                                                                        "Startup Cost": 0.0,
                                                                                                        "Total Cost": 4.88,
                                                                                                        "Plan Rows": 31,
                                                                                                        "Plan Width": 0,
                                                                                                        "Actual Startup Time": 0.601,
                                                                                                        "Actual Total Time": 0.601,
                                                                                                        "Actual Rows": 20421,
                                                                                                        "Actual Loops": 1,
                                                                                                        "Index Cond": "((site_id = t2.site_id) AND (tag_id = t2.id))",
                                                                                                        "Workers": []
                                                                                                    }
                                                                                                ]
                                                                                            }
                                                                                        ]
                                                                                    },
                                                                                    {
                                                                                        "Node Type": "Bitmap Heap Scan",
                                                                                        "Parent Relationship": "Inner",
                                                                                        "Parallel Aware": false,
                                                                                        "Async Capable": false,
                                                                                        "Relation Name": "question",
                                                                                        "Alias": "q2",
                                                                                        "Startup Cost": 3.95,
                                                                                        "Total Cost": 7.97,
                                                                                        "Plan Rows": 1,
                                                                                        "Plan Width": 12,
                                                                                        "Actual Startup Time": 0.002,
                                                                                        "Actual Total Time": 0.002,
                                                                                        "Actual Rows": 1,
                                                                                        "Actual Loops": 20421,
                                                                                        "Recheck Cond": "((id = tq2.question_id) AND (site_id = tq2.site_id))",
                                                                                        "Rows Removed by Index Recheck": 0,
                                                                                        "Exact Heap Blocks": 20421,
                                                                                        "Lossy Heap Blocks": 0,
                                                                                        "Workers": [],
                                                                                        "Plans": [
                                                                                            {
                                                                                                "Node Type": "Bitmap Index Scan",
                                                                                                "Parent Relationship": "Outer",
                                                                                                "Parallel Aware": false,
                                                                                                "Async Capable": false,
                                                                                                "Index Name": "question_pkey",
                                                                                                "Startup Cost": 0.0,
                                                                                                "Total Cost": 3.95,
                                                                                                "Plan Rows": 1,
                                                                                                "Plan Width": 0,
                                                                                                "Actual Startup Time": 0.001,
                                                                                                "Actual Total Time": 0.001,
                                                                                                "Actual Rows": 1,
                                                                                                "Actual Loops": 20421,
                                                                                                "Index Cond": "((id = tq2.question_id) AND (site_id = tq2.site_id))",
                                                                                                "Workers": []
                                                                                            }
                                                                                        ]
                                                                                    }
                                                                                ]
                                                                            },
                                                                            {
                                                                                "Node Type": "Bitmap Heap Scan",
                                                                                "Parent Relationship": "Inner",
                                                                                "Parallel Aware": false,
                                                                                "Async Capable": false,
                                                                                "Relation Name": "so_user",
                                                                                "Alias": "u2",
                                                                                "Startup Cost": 3.96,
                                                                                "Total Cost": 7.97,
                                                                                "Plan Rows": 1,
                                                                                "Plan Width": 12,
                                                                                "Actual Startup Time": 0.002,
                                                                                "Actual Total Time": 0.002,
                                                                                "Actual Rows": 1,
                                                                                "Actual Loops": 20421,
                                                                                "Recheck Cond": "((id = q2.owner_user_id) AND (q2.site_id = site_id))",
                                                                                "Rows Removed by Index Recheck": 0,
                                                                                "Exact Heap Blocks": 20421,
                                                                                "Lossy Heap Blocks": 0,
                                                                                "Workers": [],
                                                                                "Plans": [
                                                                                    {
                                                                                        "Node Type": "Bitmap Index Scan",
                                                                                        "Parent Relationship": "Outer",
                                                                                        "Parallel Aware": false,
                                                                                        "Async Capable": false,
                                                                                        "Index Name": "so_user_pkey",
                                                                                        "Startup Cost": 0.0,
                                                                                        "Total Cost": 3.96,
                                                                                        "Plan Rows": 1,
                                                                                        "Plan Width": 0,
                                                                                        "Actual Startup Time": 0.001,
                                                                                        "Actual Total Time": 0.001,
                                                                                        "Actual Rows": 1,
                                                                                        "Actual Loops": 20421,
                                                                                        "Index Cond": "((id = q2.owner_user_id) AND (site_id = q2.site_id))",
                                                                                        "Workers": []
                                                                                    }
                                                                                ]
                                                                            }
                                                                        ]
                                                                    }
                                                                ]
                                                            }
                                                        ]
                                                    }
                                                ]
                                            },
                                            {
                                                "Node Type": "Bitmap Heap Scan",
                                                "Parent Relationship": "Inner",
                                                "Parallel Aware": false,
                                                "Async Capable": false,
                                                "Relation Name": "account",
                                                "Alias": "account",
                                                "Startup Cost": 3.95,
                                                "Total Cost": 7.96,
                                                "Plan Rows": 1,
                                                "Plan Width": 15,
                                                "Actual Startup Time": 0.004,
                                                "Actual Total Time": 0.004,
                                                "Actual Rows": 1,
                                                "Actual Loops": 7,
                                                "Recheck Cond": "(id = u1.account_id)",
                                                "Rows Removed by Index Recheck": 0,
                                                "Exact Heap Blocks": 7,
                                                "Lossy Heap Blocks": 0,
                                                "Plans": [
                                                    {
                                                        "Node Type": "Bitmap Index Scan",
                                                        "Parent Relationship": "Outer",
                                                        "Parallel Aware": false,
                                                        "Async Capable": false,
                                                        "Index Name": "account_pkey",
                                                        "Startup Cost": 0.0,
                                                        "Total Cost": 3.95,
                                                        "Plan Rows": 1,
                                                        "Plan Width": 0,
                                                        "Actual Startup Time": 0.003,
                                                        "Actual Total Time": 0.003,
                                                        "Actual Rows": 1,
                                                        "Actual Loops": 7,
                                                        "Index Cond": "(id = u1.account_id)"
                                                    }
                                                ]
                                            }
                                        ]
                                    }
                                ]
                            }
                        ]
                    },
                    "Planning Time": 31.038,
                    "Triggers": [],
                    "Execution Time": 121.276
                }
            ],
            "hints": [
                "SET enable_hashjoin TO on",
                "SET enable_indexonlyscan TO on",
                "SET enable_indexscan TO off",
                "SET enable_mergejoin TO off",
                "SET enable_nestloop TO on",
                "SET enable_seqscan TO on"
            ]
        },
        {
            "arm": 3,
            "execution_time": 5076.407,
            "plan": [
                {
                    "Plan": {
                        "Node Type": "Unique",
                        "Parallel Aware": false,
                        "Async Capable": false,
                        "Startup Cost": 4659002.5,
                        "Total Cost": 4659002.62,
                        "Plan Rows": 1,
                        "Plan Width": 11,
                        "Actual Startup Time": 5057.25,
                        "Actual Total Time": 5076.344,
                        "Actual Rows": 5,
                        "Actual Loops": 1,
                        "Plans": [
                            {
                                "Node Type": "Gather Merge",
                                "Parent Relationship": "Outer",
                                "Parallel Aware": false,
                                "Async Capable": false,
                                "Startup Cost": 4659002.5,
                                "Total Cost": 4659002.62,
                                "Plan Rows": 1,
                                "Plan Width": 11,
                                "Actual Startup Time": 5057.25,
                                "Actual Total Time": 5076.338,
                                "Actual Rows": 7,
                                "Actual Loops": 1,
                                "Workers Planned": 5,
                                "Workers Launched": 5,
                                "Plans": [
                                    {
                                        "Node Type": "Sort",
                                        "Parent Relationship": "Outer",
                                        "Parallel Aware": false,
                                        "Async Capable": false,
                                        "Startup Cost": 4658002.42,
                                        "Total Cost": 4658002.42,
                                        "Plan Rows": 1,
                                        "Plan Width": 11,
                                        "Actual Startup Time": 5054.565,
                                        "Actual Total Time": 5054.579,
                                        "Actual Rows": 1,
                                        "Actual Loops": 6,
                                        "Sort Key": [
                                            "account.display_name"
                                        ],
                                        "Sort Method": "quicksort",
                                        "Sort Space Used": 25,
                                        "Sort Space Type": "Memory",
                                        "Workers": [
                                            {
                                                "Worker Number": 0,
                                                "Sort Method": "quicksort",
                                                "Sort Space Used": 25,
                                                "Sort Space Type": "Memory"
                                            },
                                            {
                                                "Worker Number": 1,
                                                "Sort Method": "quicksort",
                                                "Sort Space Used": 25,
                                                "Sort Space Type": "Memory"
                                            },
                                            {
                                                "Worker Number": 2,
                                                "Sort Method": "quicksort",
                                                "Sort Space Used": 25,
                                                "Sort Space Type": "Memory"
                                            },
                                            {
                                                "Worker Number": 3,
                                                "Sort Method": "quicksort",
                                                "Sort Space Used": 25,
                                                "Sort Space Type": "Memory"
                                            },
                                            {
                                                "Worker Number": 4,
                                                "Sort Method": "quicksort",
                                                "Sort Space Used": 25,
                                                "Sort Space Type": "Memory"
                                            }
                                        ],
                                        "Plans": [
                                            {
                                                "Node Type": "Hash Join",
                                                "Parent Relationship": "Outer",
                                                "Parallel Aware": true,
                                                "Async Capable": false,
                                                "Join Type": "Inner",
                                                "Startup Cost": 4505547.6,
                                                "Total Cost": 4658002.41,
                                                "Plan Rows": 1,
                                                "Plan Width": 11,
                                                "Actual Startup Time": 4964.053,
                                                "Actual Total Time": 5054.495,
                                                "Actual Rows": 1,
                                                "Actual Loops": 6,
                                                "Inner Unique": false,
                                                "Hash Cond": "(account.id = u1.account_id)",
                                                "Workers": [],
                                                "Plans": [
                                                    {
                                                        "Node Type": "Seq Scan",
                                                        "Parent Relationship": "Outer",
                                                        "Parallel Aware": true,
                                                        "Async Capable": false,
                                                        "Relation Name": "account",
                                                        "Alias": "account",
                                                        "Startup Cost": 0.0,
                                                        "Total Cost": 142069.67,
                                                        "Plan Rows": 2769367,
                                                        "Plan Width": 15,
                                                        "Actual Startup Time": 0.021,
                                                        "Actual Total Time": 118.966,
                                                        "Actual Rows": 2312026,
                                                        "Actual Loops": 6,
                                                        "Workers": []
                                                    },
                                                    {
                                                        "Node Type": "Hash",
                                                        "Parent Relationship": "Inner",
                                                        "Parallel Aware": true,
                                                        "Async Capable": false,
                                                        "Startup Cost": 4505547.59,
                                                        "Total Cost": 4505547.59,
                                                        "Plan Rows": 1,
                                                        "Plan Width": 8,
                                                        "Actual Startup Time": 4838.105,
                                                        "Actual Total Time": 4838.119,
                                                        "Actual Rows": 1,
                                                        "Actual Loops": 6,
                                                        "Hash Buckets": 1024,
                                                        "Original Hash Buckets": 1024,
                                                        "Hash Batches": 1,
                                                        "Original Hash Batches": 1,
                                                        "Peak Memory Usage": 72,
                                                        "Workers": [],
                                                        "Plans": [
                                                            {
                                                                "Node Type": "Hash Join",
                                                                "Parent Relationship": "Outer",
                                                                "Parallel Aware": true,
                                                                "Async Capable": false,
                                                                "Join Type": "Inner",
                                                                "Startup Cost": 2802959.82,
                                                                "Total Cost": 4505547.59,
                                                                "Plan Rows": 1,
                                                                "Plan Width": 8,
                                                                "Actual Startup Time": 4790.966,
                                                                "Actual Total Time": 4837.511,
                                                                "Actual Rows": 1,
                                                                "Actual Loops": 6,
                                                                "Inner Unique": false,
                                                                "Hash Cond": "((q1.site_id = t1.site_id) AND (q1.id = tq1.question_id) AND (q1.owner_user_id = u1.id))",
                                                                "Workers": [],
                                                                "Plans": [
                                                                    {
                                                                        "Node Type": "Seq Scan",
                                                                        "Parent Relationship": "Outer",
                                                                        "Parallel Aware": true,
                                                                        "Async Capable": false,
                                                                        "Relation Name": "question",
                                                                        "Alias": "q1",
                                                                        "Startup Cost": 0.0,
                                                                        "Total Cost": 1682252.12,
                                                                        "Plan Rows": 1807612,
                                                                        "Plan Width": 12,
                                                                        "Actual Startup Time": 0.008,
                                                                        "Actual Total Time": 592.271,
                                                                        "Actual Rows": 2111074,
                                                                        "Actual Loops": 6,
                                                                        "Workers": []
                                                                    },
                                                                    {
                                                                        "Node Type": "Hash",
                                                                        "Parent Relationship": "Inner",
                                                                        "Parallel Aware": true,
                                                                        "Async Capable": false,
                                                                        "Startup Cost": 2802959.81,
                                                                        "Total Cost": 2802959.81,
                                                                        "Plan Rows": 1,
                                                                        "Plan Width": 32,
                                                                        "Actual Startup Time": 3788.72,
                                                                        "Actual Total Time": 3788.733,
                                                                        "Actual Rows": 151052,
                                                                        "Actual Loops": 6,
                                                                        "Hash Buckets": 1048576,
                                                                        "Original Hash Buckets": 1024,
                                                                        "Hash Batches": 1,
                                                                        "Original Hash Batches": 1,
                                                                        "Peak Memory Usage": 73208,
                                                                        "Workers": [],
                                                                        "Plans": [
                                                                            {
                                                                                "Node Type": "Hash Join",
                                                                                "Parent Relationship": "Outer",
                                                                                "Parallel Aware": true,
                                                                                "Async Capable": false,
                                                                                "Join Type": "Inner",
                                                                                "Startup Cost": 2501710.74,
                                                                                "Total Cost": 2802959.81,
                                                                                "Plan Rows": 1,
                                                                                "Plan Width": 32,
                                                                                "Actual Startup Time": 2883.188,
                                                                                "Actual Total Time": 3187.957,
                                                                                "Actual Rows": 151052,
                                                                                "Actual Loops": 6,
                                                                                "Inner Unique": true,
                                                                                "Hash Cond": "((s1.site_id = t1.site_id) AND (tq1.tag_id = t1.id))",
                                                                                "Workers": [],
                                                                                "Plans": [
                                                                                    {
                                                                                        "Node Type": "Hash Join",
                                                                                        "Parent Relationship": "Outer",
                                                                                        "Parallel Aware": true,
                                                                                        "Async Capable": false,
                                                                                        "Join Type": "Inner",
                                                                                        "Startup Cost": 2499137.4,
                                                                                        "Total Cost": 2800386.34,
                                                                                        "Plan Rows": 25,
                                                                                        "Plan Width": 32,
                                                                                        "Actual Startup Time": 2881.136,
                                                                                        "Actual Total Time": 3064.906,
                                                                                        "Actual Rows": 2544301,
                                                                                        "Actual Loops": 6,
                                                                                        "Inner Unique": false,
                                                                                        "Hash Cond": "(tq1.site_id = s1.site_id)",
                                                                                        "Workers": [],
                                                                                        "Plans": [
                                                                                            {
                                                                                                "Node Type": "Seq Scan",
                                                                                                "Parent Relationship": "Outer",
                                                                                                "Parallel Aware": true,
                                                                                                "Async Capable": false,
                                                                                                "Relation Name": "tag_question",
                                                                                                "Alias": "tq1",
                                                                                                "Startup Cost": 0.0,
                                                                                                "Total Cost": 273159.66,
                                                                                                "Plan Rows": 7376766,
                                                                                                "Plan Width": 12,
                                                                                                "Actual Startup Time": 0.007,
                                                                                                "Actual Total Time": 313.302,
                                                                                                "Actual Rows": 6147303,
                                                                                                "Actual Loops": 6,
                                                                                                "Workers": []
                                                                                            },
                                                                                            {
                                                                                                "Node Type": "Hash",
                                                                                                "Parent Relationship": "Inner",
                                                                                                "Parallel Aware": true,
                                                                                                "Async Capable": false,
                                                                                                "Startup Cost": 2499137.39,
                                                                                                "Total Cost": 2499137.39,
                                                                                                "Plan Rows": 1,
                                                                                                "Plan Width": 20,
                                                                                                "Actual Startup Time": 2278.519,
                                                                                                "Actual Total Time": 2278.529,
                                                                                                "Actual Rows": 28,
                                                                                                "Actual Loops": 6,
                                                                                                "Hash Buckets": 1024,
                                                                                                "Original Hash Buckets": 1024,
                                                                                                "Hash Batches": 1,
                                                                                                "Original Hash Batches": 1,
                                                                                                "Peak Memory Usage": 200,
                                                                                                "Workers": [],
                                                                                                "Plans": [
                                                                                                    {
                                                                                                        "Node Type": "Hash Join",
                                                                                                        "Parent Relationship": "Outer",
                                                                                                        "Parallel Aware": true,
                                                                                                        "Async Capable": false,
                                                                                                        "Join Type": "Inner",
                                                                                                        "Startup Cost": 2242653.22,
                                                                                                        "Total Cost": 2499137.39,
                                                                                                        "Plan Rows": 1,
                                                                                                        "Plan Width": 20,
                                                                                                        "Actual Startup Time": 1798.883,
                                                                                                        "Actual Total Time": 2278.458,
                                                                                                        "Actual Rows": 28,
                                                                                                        "Actual Loops": 6,
                                                                                                        "Inner Unique": false,
                                                                                                        "Hash Cond": "((u2.site_id = t2.site_id) AND (u2.id = q2.owner_user_id))",
                                                                                                        "Workers": [],
                                                                                                        "Plans": [
                                                                                                            {
                                                                                                                "Node Type": "Hash Join",
                                                                                                                "Parent Relationship": "Outer",
                                                                                                                "Parallel Aware": true,
                                                                                                                "Async Capable": false,
                                                                                                                "Join Type": "Inner",
                                                                                                                "Startup Cost": 251045.5,
                                                                                                                "Total Cost": 506525.84,
                                                                                                                "Plan Rows": 133843,
                                                                                                                "Plan Width": 28,
                                                                                                                "Actual Startup Time": 355.578,
                                                                                                                "Actual Total Time": 828.442,
                                                                                                                "Actual Rows": 66834,
                                                                                                                "Actual Loops": 6,
                                                                                                                "Inner Unique": false,
                                                                                                                "Hash Cond": "(u2.account_id = u1.account_id)",
                                                                                                                "Workers": [],
                                                                                                                "Plans": [
                                                                                                                    {
                                                                                                                        "Node Type": "Seq Scan",
                                                                                                                        "Parent Relationship": "Outer",
                                                                                                                        "Parallel Aware": true,
                                                                                                                        "Async Capable": false,
                                                                                                                        "Relation Name": "so_user",
                                                                                                                        "Alias": "u2",
                                                                                                                        "Startup Cost": 0.0,
                                                                                                                        "Total Cost": 239391.02,
                                                                                                                        "Plan Rows": 4219102,
                                                                                                                        "Plan Width": 12,
                                                                                                                        "Actual Startup Time": 0.003,
                                                                                                                        "Actual Total Time": 193.063,
                                                                                                                        "Actual Rows": 3516217,
                                                                                                                        "Actual Loops": 6,
                                                                                                                        "Workers": []
                                                                                                                    },
                                                                                                                    {
                                                                                                                        "Node Type": "Hash",
                                                                                                                        "Parent Relationship": "Inner",
                                                                                                                        "Parallel Aware": true,
                                                                                                                        "Async Capable": false,
                                                                                                                        "Startup Cost": 250740.65,
                                                                                                                        "Total Cost": 250740.65,
                                                                                                                        "Plan Rows": 24388,
                                                                                                                        "Plan Width": 16,
                                                                                                                        "Actual Startup Time": 355.434,
                                                                                                                        "Actual Total Time": 355.436,
                                                                                                                        "Actual Rows": 9819,
                                                                                                                        "Actual Loops": 6,
                                                                                                                        "Hash Buckets": 131072,
                                                                                                                        "Original Hash Buckets": 131072,
                                                                                                                        "Hash Batches": 1,
                                                                                                                        "Original Hash Batches": 1,
                                                                                                                        "Peak Memory Usage": 3904,
                                                                                                                        "Workers": [],
                                                                                                                        "Plans": [
                                                                                                                            {
                                                                                                                                "Node Type": "Hash Join",
                                                                                                                                "Parent Relationship": "Outer",
                                                                                                                                "Parallel Aware": false,
                                                                                                                                "Async Capable": false,
                                                                                                                                "Join Type": "Inner",
                                                                                                                                "Startup Cost": 3.18,
                                                                                                                                "Total Cost": 250740.65,
                                                                                                                                "Plan Rows": 24388,
                                                                                                                                "Plan Width": 16,
                                                                                                                                "Actual Startup Time": 302.287,
                                                                                                                                "Actual Total Time": 353.174,
                                                                                                                                "Actual Rows": 9819,
                                                                                                                                "Actual Loops": 6,
                                                                                                                                "Inner Unique": true,
                                                                                                                                "Hash Cond": "(u1.site_id = s1.site_id)",
                                                                                                                                "Workers": [],
                                                                                                                                "Plans": [
                                                                                                                                    {
                                                                                                                                        "Node Type": "Seq Scan",
                                                                                                                                        "Parent Relationship": "Outer",
                                                                                                                                        "Parallel Aware": true,
                                                                                                                                        "Async Capable": false,
                                                                                                                                        "Relation Name": "so_user",
                                                                                                                                        "Alias": "u1",
                                                                                                                                        "Startup Cost": 0.0,
                                                                                                                                        "Total Cost": 239391.02,
                                                                                                                                        "Plan Rows": 4219102,
                                                                                                                                        "Plan Width": 12,
                                                                                                                                        "Actual Startup Time": 0.004,
                                                                                                                                        "Actual Total Time": 189.221,
                                                                                                                                        "Actual Rows": 3516217,
                                                                                                                                        "Actual Loops": 6,
                                                                                                                                        "Workers": []
                                                                                                                                    },
                                                                                                                                    {
                                                                                                                                        "Node Type": "Hash",
                                                                                                                                        "Parent Relationship": "Inner",
                                                                                                                                        "Parallel Aware": false,
                                                                                                                                        "Async Capable": false,
                                                                                                                                        "Startup Cost": 3.16,
                                                                                                                                        "Total Cost": 3.16,
                                                                                                                                        "Plan Rows": 1,
                                                                                                                                        "Plan Width": 4,
                                                                                                                                        "Actual Startup Time": 0.018,
                                                                                                                                        "Actual Total Time": 0.019,
                                                                                                                                        "Actual Rows": 1,
                                                                                                                                        "Actual Loops": 6,
                                                                                                                                        "Hash Buckets": 1024,
                                                                                                                                        "Original Hash Buckets": 1024,
                                                                                                                                        "Hash Batches": 1,
                                                                                                                                        "Original Hash Batches": 1,
                                                                                                                                        "Peak Memory Usage": 9,
                                                                                                                                        "Workers": [],
                                                                                                                                        "Plans": [
                                                                                                                                            {
                                                                                                                                                "Node Type": "Seq Scan",
                                                                                                                                                "Parent Relationship": "Outer",
                                                                                                                                                "Parallel Aware": false,
                                                                                                                                                "Async Capable": false,
                                                                                                                                                "Relation Name": "site",
                                                                                                                                                "Alias": "s1",
                                                                                                                                                "Startup Cost": 0.0,
                                                                                                                                                "Total Cost": 3.16,
                                                                                                                                                "Plan Rows": 1,
                                                                                                                                                "Plan Width": 4,
                                                                                                                                                "Actual Startup Time": 0.01,
                                                                                                                                                "Actual Total Time": 0.016,
                                                                                                                                                "Actual Rows": 1,
                                                                                                                                                "Actual Loops": 6,
                                                                                                                                                "Filter": "((site_name)::text = 'drupal'::text)",
                                                                                                                                                "Rows Removed by Filter": 172,
                                                                                                                                                "Workers": []
                                                                                                                                            }
                                                                                                                                        ]
                                                                                                                                    }
                                                                                                                                ]
                                                                                                                            }
                                                                                                                        ]
                                                                                                                    }
                                                                                                                ]
                                                                                                            },
                                                                                                            {
                                                                                                                "Node Type": "Hash",
                                                                                                                "Parent Relationship": "Inner",
                                                                                                                "Parallel Aware": true,
                                                                                                                "Async Capable": false,
                                                                                                                "Startup Cost": 1991607.7,
                                                                                                                "Total Cost": 1991607.7,
                                                                                                                "Plan Rows": 1,
                                                                                                                "Plan Width": 20,
                                                                                                                "Actual Startup Time": 1442.245,
                                                                                                                "Actual Total Time": 1442.25,
                                                                                                                "Actual Rows": 3404,
                                                                                                                "Actual Loops": 6,
                                                                                                                "Hash Buckets": 32768,
                                                                                                                "Original Hash Buckets": 1024,
                                                                                                                "Hash Batches": 1,
                                                                                                                "Original Hash Batches": 1,
                                                                                                                "Peak Memory Usage": 1784,
                                                                                                                "Workers": [],
                                                                                                                "Plans": [
                                                                                                                    {
                                                                                                                        "Node Type": "Hash Join",
                                                                                                                        "Parent Relationship": "Outer",
                                                                                                                        "Parallel Aware": true,
                                                                                                                        "Async Capable": false,
                                                                                                                        "Join Type": "Inner",
                                                                                                                        "Startup Cost": 295798.48,
                                                                                                                        "Total Cost": 1991607.7,
                                                                                                                        "Plan Rows": 1,
                                                                                                                        "Plan Width": 20,
                                                                                                                        "Actual Startup Time": 1301.45,
                                                                                                                        "Actual Total Time": 1435.012,
                                                                                                                        "Actual Rows": 3404,
                                                                                                                        "Actual Loops": 6,
                                                                                                                        "Inner Unique": false,
                                                                                                                        "Hash Cond": "((q2.site_id = t2.site_id) AND (q2.id = tq2.question_id))",
                                                                                                                        "Workers": [],
                                                                                                                        "Plans": [
                                                                                                                            {
                                                                                                                                "Node Type": "Seq Scan",
                                                                                                                                "Parent Relationship": "Outer",
                                                                                                                                "Parallel Aware": true,
                                                                                                                                "Async Capable": false,
                                                                                                                                "Relation Name": "question",
                                                                                                                                "Alias": "q2",
                                                                                                                                "Startup Cost": 0.0,
                                                                                                                                "Total Cost": 1682252.12,
                                                                                                                                "Plan Rows": 1807612,
                                                                                                                                "Plan Width": 12,
                                                                                                                                "Actual Startup Time": 0.016,
                                                                                                                                "Actual Total Time": 549.981,
                                                                                                                                "Actual Rows": 2111074,
                                                                                                                                "Actual Loops": 6,
                                                                                                                                "Workers": []
                                                                                                                            },
                                                                                                                            {
                                                                                                                                "Node Type": "Hash",
                                                                                                                                "Parent Relationship": "Inner",
                                                                                                                                "Parallel Aware": true,
                                                                                                                                "Async Capable": false,
                                                                                                                                "Startup Cost": 295798.42,
                                                                                                                                "Total Cost": 295798.42,
                                                                                                                                "Plan Rows": 4,
                                                                                                                                "Plan Width": 16,
                                                                                                                                "Actual Startup Time": 687.794,
                                                                                                                                "Actual Total Time": 687.797,
                                                                                                                                "Actual Rows": 3404,
                                                                                                                                "Actual Loops": 6,
                                                                                                                                "Hash Buckets": 32768,
                                                                                                                                "Original Hash Buckets": 1024,
                                                                                                                                "Hash Batches": 1,
                                                                                                                                "Original Hash Batches": 1,
                                                                                                                                "Peak Memory Usage": 1592,
                                                                                                                                "Workers": [],
                                                                                                                                "Plans": [
                                                                                                                                    {
                                                                                                                                        "Node Type": "Hash Join",
                                                                                                                                        "Parent Relationship": "Outer",
                                                                                                                                        "Parallel Aware": true,
                                                                                                                                        "Async Capable": false,
                                                                                                                                        "Join Type": "Inner",
                                                                                                                                        "Startup Cost": 2576.51,
                                                                                                                                        "Total Cost": 295798.42,
                                                                                                                                        "Plan Rows": 4,
                                                                                                                                        "Plan Width": 16,
                                                                                                                                        "Actual Startup Time": 368.256,
                                                                                                                                        "Actual Total Time": 479.434,
                                                                                                                                        "Actual Rows": 3404,
                                                                                                                                        "Actual Loops": 6,
                                                                                                                                        "Inner Unique": true,
                                                                                                                                        "Hash Cond": "((s2.site_id = t2.site_id) AND (tq2.tag_id = t2.id))",
                                                                                                                                        "Workers": [],
                                                                                                                                        "Plans": [
                                                                                                                                            {
                                                                                                                                                "Node Type": "Hash Join",
                                                                                                                                                "Parent Relationship": "Outer",
                                                                                                                                                "Parallel Aware": false,
                                                                                                                                                "Async Capable": false,
                                                                                                                                                "Join Type": "Inner",
                                                                                                                                                "Startup Cost": 3.18,
                                                                                                                                                "Total Cost": 293001.22,
                                                                                                                                                "Plan Rows": 42640,
                                                                                                                                                "Plan Width": 16,
                                                                                                                                                "Actual Startup Time": 366.328,
                                                                                                                                                "Actual Total Time": 475.024,
                                                                                                                                                "Actual Rows": 62082,
                                                                                                                                                "Actual Loops": 6,
                                                                                                                                                "Inner Unique": true,
                                                                                                                                                "Hash Cond": "(tq2.site_id = s2.site_id)",
                                                                                                                                                "Workers": [],
                                                                                                                                                "Plans": [
                                                                                                                                                    {
                                                                                                                                                        "Node Type": "Seq Scan",
                                                                                                                                                        "Parent Relationship": "Outer",
                                                                                                                                                        "Parallel Aware": true,
                                                                                                                                                        "Async Capable": false,
                                                                                                                                                        "Relation Name": "tag_question",
                                                                                                                                                        "Alias": "tq2",
                                                                                                                                                        "Startup Cost": 0.0,
                                                                                                                                                        "Total Cost": 273159.66,
                                                                                                                                                        "Plan Rows": 7376766,
                                                                                                                                                        "Plan Width": 12,
                                                                                                                                                        "Actual Startup Time": 0.036,
                                                                                                                                                        "Actual Total Time": 256.523,
                                                                                                                                                        "Actual Rows": 6147303,
                                                                                                                                                        "Actual Loops": 6,
                                                                                                                                                        "Workers": []
                                                                                                                                                    },
                                                                                                                                                    {
                                                                                                                                                        "Node Type": "Hash",
                                                                                                                                                        "Parent Relationship": "Inner",
                                                                                                                                                        "Parallel Aware": false,
                                                                                                                                                        "Async Capable": false,
                                                                                                                                                        "Startup Cost": 3.16,
                                                                                                                                                        "Total Cost": 3.16,
                                                                                                                                                        "Plan Rows": 1,
                                                                                                                                                        "Plan Width": 4,
                                                                                                                                                        "Actual Startup Time": 0.018,
                                                                                                                                                        "Actual Total Time": 0.019,
                                                                                                                                                        "Actual Rows": 1,
                                                                                                                                                        "Actual Loops": 6,
                                                                                                                                                        "Hash Buckets": 1024,
                                                                                                                                                        "Original Hash Buckets": 1024,
                                                                                                                                                        "Hash Batches": 1,
                                                                                                                                                        "Original Hash Batches": 1,
                                                                                                                                                        "Peak Memory Usage": 9,
                                                                                                                                                        "Workers": [],
                                                                                                                                                        "Plans": [
                                                                                                                                                            {
                                                                                                                                                                "Node Type": "Seq Scan",
                                                                                                                                                                "Parent Relationship": "Outer",
                                                                                                                                                                "Parallel Aware": false,
                                                                                                                                                                "Async Capable": false,
                                                                                                                                                                "Relation Name": "site",
                                                                                                                                                                "Alias": "s2",
                                                                                                                                                                "Startup Cost": 0.0,
                                                                                                                                                                "Total Cost": 3.16,
                                                                                                                                                                "Plan Rows": 1,
                                                                                                                                                                "Plan Width": 4,
                                                                                                                                                                "Actual Startup Time": 0.014,
                                                                                                                                                                "Actual Total Time": 0.016,
                                                                                                                                                                "Actual Rows": 1,
                                                                                                                                                                "Actual Loops": 6,
                                                                                                                                                                "Filter": "((site_name)::text = 'ru'::text)",
                                                                                                                                                                "Rows Removed by Filter": 172,
                                                                                                                                                                "Workers": []
                                                                                                                                                            }
                                                                                                                                                        ]
                                                                                                                                                    }
                                                                                                                                                ]
                                                                                                                                            },
                                                                                                                                            {
                                                                                                                                                "Node Type": "Hash",
                                                                                                                                                "Parent Relationship": "Inner",
                                                                                                                                                "Parallel Aware": true,
                                                                                                                                                "Async Capable": false,
                                                                                                                                                "Startup Cost": 2573.31,
                                                                                                                                                "Total Cost": 2573.31,
                                                                                                                                                "Plan Rows": 2,
                                                                                                                                                "Plan Width": 8,
                                                                                                                                                "Actual Startup Time": 1.789,
                                                                                                                                                "Actual Total Time": 1.79,
                                                                                                                                                "Actual Rows": 7,
                                                                                                                                                "Actual Loops": 6,
                                                                                                                                                "Hash Buckets": 1024,
                                                                                                                                                "Original Hash Buckets": 1024,
                                                                                                                                                "Hash Batches": 1,
                                                                                                                                                "Original Hash Batches": 1,
                                                                                                                                                "Peak Memory Usage": 200,
                                                                                                                                                "Workers": [],
                                                                                                                                                "Plans": [
                                                                                                                                                    {
                                                                                                                                                        "Node Type": "Seq Scan",
                                                                                                                                                        "Parent Relationship": "Outer",
                                                                                                                                                        "Parallel Aware": true,
                                                                                                                                                        "Async Capable": false,
                                                                                                                                                        "Relation Name": "tag",
                                                                                                                                                        "Alias": "t2",
                                                                                                                                                        "Startup Cost": 0.0,
                                                                                                                                                        "Total Cost": 2573.31,
                                                                                                                                                        "Plan Rows": 2,
                                                                                                                                                        "Plan Width": 8,
                                                                                                                                                        "Actual Startup Time": 0.307,
                                                                                                                                                        "Actual Total Time": 1.725,
                                                                                                                                                        "Actual Rows": 7,
                                                                                                                                                        "Actual Loops": 6,
                                                                                                                                                        "Filter": "((name)::text = 'php'::text)",
                                                                                                                                                        "Rows Removed by Filter": 31122,
                                                                                                                                                        "Workers": []
                                                                                                                                                    }
                                                                                                                                                ]
                                                                                                                                            }
                                                                                                                                        ]
                                                                                                                                    }
                                                                                                                                ]
                                                                                                                            }
                                                                                                                        ]
                                                                                                                    }
                                                                                                                ]
                                                                                                            }
                                                                                                        ]
                                                                                                    }
                                                                                                ]
                                                                                            }
                                                                                        ]
                                                                                    },
                                                                                    {
                                                                                        "Node Type": "Hash",
                                                                                        "Parent Relationship": "Inner",
                                                                                        "Parallel Aware": true,
                                                                                        "Async Capable": false,
                                                                                        "Startup Cost": 2573.31,
                                                                                        "Total Cost": 2573.31,
                                                                                        "Plan Rows": 2,
                                                                                        "Plan Width": 8,
                                                                                        "Actual Startup Time": 1.78,
                                                                                        "Actual Total Time": 1.78,
                                                                                        "Actual Rows": 0,
                                                                                        "Actual Loops": 6,
                                                                                        "Hash Buckets": 1024,
                                                                                        "Original Hash Buckets": 1024,
                                                                                        "Hash Batches": 1,
                                                                                        "Original Hash Batches": 1,
                                                                                        "Peak Memory Usage": 72,
                                                                                        "Workers": [],
                                                                                        "Plans": [
                                                                                            {
                                                                                                "Node Type": "Seq Scan",
                                                                                                "Parent Relationship": "Outer",
                                                                                                "Parallel Aware": true,
                                                                                                "Async Capable": false,
                                                                                                "Relation Name": "tag",
                                                                                                "Alias": "t1",
                                                                                                "Startup Cost": 0.0,
                                                                                                "Total Cost": 2573.31,
                                                                                                "Plan Rows": 2,
                                                                                                "Plan Width": 8,
                                                                                                "Actual Startup Time": 1.134,
                                                                                                "Actual Total Time": 1.762,
                                                                                                "Actual Rows": 0,
                                                                                                "Actual Loops": 6,
                                                                                                "Filter": "((name)::text = 'theming'::text)",
                                                                                                "Rows Removed by Filter": 31128,
                                                                                                "Workers": []
                                                                                            }
                                                                                        ]
                                                                                    }
                                                                                ]
                                                                            }
                                                                        ]
                                                                    }
                                                                ]
                                                            }
                                                        ]
                                                    }
                                                ]
                                            }
                                        ]
                                    }
                                ]
                            }
                        ]
                    },
                    "Planning Time": 35.227,
                    "Triggers": [],
                    "Execution Time": 5076.407
                }
            ],
            "hints": [
                "SET enable_hashjoin TO on",
                "SET enable_indexonlyscan TO on",
                "SET enable_indexscan TO off",
                "SET enable_mergejoin TO off",
                "SET enable_nestloop TO off",
                "SET enable_seqscan TO on"
            ]
        },
        {
            "arm": 4,
            "execution_time": 103.295,
            "plan": [
                {
                    "Plan": {
                        "Node Type": "Unique",
                        "Parallel Aware": false,
                        "Async Capable": false,
                        "Startup Cost": 6494.24,
                        "Total Cost": 6494.24,
                        "Plan Rows": 1,
                        "Plan Width": 11,
                        "Actual Startup Time": 102.994,
                        "Actual Total Time": 103.241,
                        "Actual Rows": 5,
                        "Actual Loops": 1,
                        "Plans": [
                            {
                                "Node Type": "Sort",
                                "Parent Relationship": "Outer",
                                "Parallel Aware": false,
                                "Async Capable": false,
                                "Startup Cost": 6494.24,
                                "Total Cost": 6494.24,
                                "Plan Rows": 1,
                                "Plan Width": 11,
                                "Actual Startup Time": 102.992,
                                "Actual Total Time": 103.237,
                                "Actual Rows": 7,
                                "Actual Loops": 1,
                                "Sort Key": [
                                    "account.display_name"
                                ],
                                "Sort Method": "quicksort",
                                "Sort Space Used": 25,
                                "Sort Space Type": "Memory",
                                "Plans": [
                                    {
                                        "Node Type": "Nested Loop",
                                        "Parent Relationship": "Outer",
                                        "Parallel Aware": false,
                                        "Async Capable": false,
                                        "Join Type": "Inner",
                                        "Startup Cost": 3748.37,
                                        "Total Cost": 6494.23,
                                        "Plan Rows": 1,
                                        "Plan Width": 11,
                                        "Actual Startup Time": 95.505,
                                        "Actual Total Time": 103.226,
                                        "Actual Rows": 7,
                                        "Actual Loops": 1,
                                        "Inner Unique": true,
                                        "Plans": [
                                            {
                                                "Node Type": "Gather",
                                                "Parent Relationship": "Outer",
                                                "Parallel Aware": false,
                                                "Async Capable": false,
                                                "Startup Cost": 3747.94,
                                                "Total Cost": 6486.75,
                                                "Plan Rows": 1,
                                                "Plan Width": 8,
                                                "Actual Startup Time": 95.497,
                                                "Actual Total Time": 103.197,
                                                "Actual Rows": 7,
                                                "Actual Loops": 1,
                                                "Workers Planned": 1,
                                                "Workers Launched": 1,
                                                "Single Copy": false,
                                                "Plans": [
                                                    {
                                                        "Node Type": "Hash Join",
                                                        "Parent Relationship": "Outer",
                                                        "Parallel Aware": true,
                                                        "Async Capable": false,
                                                        "Join Type": "Inner",
                                                        "Startup Cost": 2747.94,
                                                        "Total Cost": 5486.65,
                                                        "Plan Rows": 1,
                                                        "Plan Width": 8,
                                                        "Actual Startup Time": 89.205,
                                                        "Actual Total Time": 92.937,
                                                        "Actual Rows": 4,
                                                        "Actual Loops": 2,
                                                        "Inner Unique": false,
                                                        "Hash Cond": "(u1.account_id = u2.account_id)",
                                                        "Workers": [],
                                                        "Plans": [
                                                            {
                                                                "Node Type": "Nested Loop",
                                                                "Parent Relationship": "Outer",
                                                                "Parallel Aware": false,
                                                                "Async Capable": false,
                                                                "Join Type": "Inner",
                                                                "Startup Cost": 4.61,
                                                                "Total Cost": 2743.31,
                                                                "Plan Rows": 1,
                                                                "Plan Width": 4,
                                                                "Actual Startup Time": 4.073,
                                                                "Actual Total Time": 15.447,
                                                                "Actual Rows": 2714,
                                                                "Actual Loops": 2,
                                                                "Inner Unique": true,
                                                                "Join Filter": "(t1.site_id = u1.site_id)",
                                                                "Rows Removed by Join Filter": 0,
                                                                "Workers": [],
                                                                "Plans": [
                                                                    {
                                                                        "Node Type": "Nested Loop",
                                                                        "Parent Relationship": "Outer",
                                                                        "Parallel Aware": false,
                                                                        "Async Capable": false,
                                                                        "Join Type": "Inner",
                                                                        "Startup Cost": 4.17,
                                                                        "Total Cost": 2735.82,
                                                                        "Plan Rows": 1,
                                                                        "Plan Width": 20,
                                                                        "Actual Startup Time": 4.07,
                                                                        "Actual Total Time": 10.293,
                                                                        "Actual Rows": 2714,
                                                                        "Actual Loops": 2,
                                                                        "Inner Unique": true,
                                                                        "Join Filter": "(t1.site_id = q1.site_id)",
                                                                        "Rows Removed by Join Filter": 0,
                                                                        "Workers": [],
                                                                        "Plans": [
                                                                            {
                                                                                "Node Type": "Nested Loop",
                                                                                "Parent Relationship": "Outer",
                                                                                "Parallel Aware": false,
                                                                                "Async Capable": false,
                                                                                "Join Type": "Inner",
                                                                                "Startup Cost": 3.74,
                                                                                "Total Cost": 2638.48,
                                                                                "Plan Rows": 13,
                                                                                "Plan Width": 16,
                                                                                "Actual Startup Time": 4.066,
                                                                                "Actual Total Time": 4.909,
                                                                                "Actual Rows": 2714,
                                                                                "Actual Loops": 2,
                                                                                "Inner Unique": false,
                                                                                "Workers": [],
                                                                                "Plans": [
                                                                                    {
                                                                                        "Node Type": "Hash Join",
                                                                                        "Parent Relationship": "Outer",
                                                                                        "Parallel Aware": false,
                                                                                        "Async Capable": false,
                                                                                        "Join Type": "Inner",
                                                                                        "Startup Cost": 3.18,
                                                                                        "Total Cost": 2576.49,
                                                                                        "Plan Rows": 1,
                                                                                        "Plan Width": 12,
                                                                                        "Actual Startup Time": 4.057,
                                                                                        "Actual Total Time": 4.063,
                                                                                        "Actual Rows": 0,
                                                                                        "Actual Loops": 2,
                                                                                        "Inner Unique": true,
                                                                                        "Hash Cond": "(t1.site_id = s1.site_id)",
                                                                                        "Workers": [],
                                                                                        "Plans": [
                                                                                            {
                                                                                                "Node Type": "Seq Scan",
                                                                                                "Parent Relationship": "Outer",
                                                                                                "Parallel Aware": true,
                                                                                                "Async Capable": false,
                                                                                                "Relation Name": "tag",
                                                                                                "Alias": "t1",
                                                                                                "Startup Cost": 0.0,
                                                                                                "Total Cost": 2573.31,
                                                                                                "Plan Rows": 2,
                                                                                                "Plan Width": 8,
                                                                                                "Actual Startup Time": 2.603,
                                                                                                "Actual Total Time": 4.033,
                                                                                                "Actual Rows": 1,
                                                                                                "Actual Loops": 2,
                                                                                                "Filter": "((name)::text = 'theming'::text)",
                                                                                                "Rows Removed by Filter": 93384,
                                                                                                "Workers": []
                                                                                            },
                                                                                            {
                                                                                                "Node Type": "Hash",
                                                                                                "Parent Relationship": "Inner",
                                                                                                "Parallel Aware": false,
                                                                                                "Async Capable": false,
                                                                                                "Startup Cost": 3.16,
                                                                                                "Total Cost": 3.16,
                                                                                                "Plan Rows": 1,
                                                                                                "Plan Width": 4,
                                                                                                "Actual Startup Time": 0.015,
                                                                                                "Actual Total Time": 0.015,
                                                                                                "Actual Rows": 1,
                                                                                                "Actual Loops": 2,
                                                                                                "Hash Buckets": 1024,
                                                                                                "Original Hash Buckets": 1024,
                                                                                                "Hash Batches": 1,
                                                                                                "Original Hash Batches": 1,
                                                                                                "Peak Memory Usage": 9,
                                                                                                "Workers": [],
                                                                                                "Plans": [
                                                                                                    {
                                                                                                        "Node Type": "Seq Scan",
                                                                                                        "Parent Relationship": "Outer",
                                                                                                        "Parallel Aware": false,
                                                                                                        "Async Capable": false,
                                                                                                        "Relation Name": "site",
                                                                                                        "Alias": "s1",
                                                                                                        "Startup Cost": 0.0,
                                                                                                        "Total Cost": 3.16,
                                                                                                        "Plan Rows": 1,
                                                                                                        "Plan Width": 4,
                                                                                                        "Actual Startup Time": 0.008,
                                                                                                        "Actual Total Time": 0.013,
                                                                                                        "Actual Rows": 1,
                                                                                                        "Actual Loops": 2,
                                                                                                        "Filter": "((site_name)::text = 'drupal'::text)",
                                                                                                        "Rows Removed by Filter": 172,
                                                                                                        "Workers": []
                                                                                                    }
                                                                                                ]
                                                                                            }
                                                                                        ]
                                                                                    },
                                                                                    {
                                                                                        "Node Type": "Index Only Scan",
                                                                                        "Parent Relationship": "Inner",
                                                                                        "Parallel Aware": false,
                                                                                        "Async Capable": false,
                                                                                        "Scan Direction": "Forward",
                                                                                        "Index Name": "tag_question_site_id_tag_id_question_id_idx",
                                                                                        "Relation Name": "tag_question",
                                                                                        "Alias": "tq1",
                                                                                        "Startup Cost": 0.56,
                                                                                        "Total Cost": 61.69,
                                                                                        "Plan Rows": 31,
                                                                                        "Plan Width": 12,
                                                                                        "Actual Startup Time": 0.014,
                                                                                        "Actual Total Time": 1.412,
                                                                                        "Actual Rows": 5427,
                                                                                        "Actual Loops": 1,
                                                                                        "Index Cond": "((site_id = t1.site_id) AND (tag_id = t1.id))",
                                                                                        "Rows Removed by Index Recheck": 0,
                                                                                        "Heap Fetches": 5427,
                                                                                        "Workers": []
                                                                                    }
                                                                                ]
                                                                            },
                                                                            {
                                                                                "Node Type": "Index Scan",
                                                                                "Parent Relationship": "Inner",
                                                                                "Parallel Aware": false,
                                                                                "Async Capable": false,
                                                                                "Scan Direction": "Forward",
                                                                                "Index Name": "question_pkey",
                                                                                "Relation Name": "question",
                                                                                "Alias": "q1",
                                                                                "Startup Cost": 0.43,
                                                                                "Total Cost": 7.47,
                                                                                "Plan Rows": 1,
                                                                                "Plan Width": 12,
                                                                                "Actual Startup Time": 0.002,
                                                                                "Actual Total Time": 0.002,
                                                                                "Actual Rows": 1,
                                                                                "Actual Loops": 5427,
                                                                                "Index Cond": "((id = tq1.question_id) AND (site_id = tq1.site_id))",
                                                                                "Rows Removed by Index Recheck": 0,
                                                                                "Workers": []
                                                                            }
                                                                        ]
                                                                    },
                                                                    {
                                                                        "Node Type": "Index Scan",
                                                                        "Parent Relationship": "Inner",
                                                                        "Parallel Aware": false,
                                                                        "Async Capable": false,
                                                                        "Scan Direction": "Forward",
                                                                        "Index Name": "so_user_pkey",
                                                                        "Relation Name": "so_user",
                                                                        "Alias": "u1",
                                                                        "Startup Cost": 0.44,
                                                                        "Total Cost": 7.48,
                                                                        "Plan Rows": 1,
                                                                        "Plan Width": 12,
                                                                        "Actual Startup Time": 0.002,
                                                                        "Actual Total Time": 0.002,
                                                                        "Actual Rows": 1,
                                                                        "Actual Loops": 5427,
                                                                        "Index Cond": "((id = q1.owner_user_id) AND (site_id = q1.site_id))",
                                                                        "Rows Removed by Index Recheck": 0,
                                                                        "Workers": []
                                                                    }
                                                                ]
                                                            },
                                                            {
                                                                "Node Type": "Hash",
                                                                "Parent Relationship": "Inner",
                                                                "Parallel Aware": true,
                                                                "Async Capable": false,
                                                                "Startup Cost": 2743.31,
                                                                "Total Cost": 2743.31,
                                                                "Plan Rows": 1,
                                                                "Plan Width": 4,
                                                                "Actual Startup Time": 76.901,
                                                                "Actual Total Time": 76.904,
                                                                "Actual Rows": 10210,
                                                                "Actual Loops": 2,
                                                                "Hash Buckets": 32768,
                                                                "Original Hash Buckets": 1024,
                                                                "Hash Batches": 1,
                                                                "Original Hash Batches": 1,
                                                                "Peak Memory Usage": 1304,
                                                                "Workers": [],
                                                                "Plans": [
                                                                    {
                                                                        "Node Type": "Nested Loop",
                                                                        "Parent Relationship": "Outer",
                                                                        "Parallel Aware": false,
                                                                        "Async Capable": false,
                                                                        "Join Type": "Inner",
                                                                        "Startup Cost": 4.61,
                                                                        "Total Cost": 2743.31,
                                                                        "Plan Rows": 1,
                                                                        "Plan Width": 4,
                                                                        "Actual Startup Time": 4.772,
                                                                        "Actual Total Time": 40.827,
                                                                        "Actual Rows": 10210,
                                                                        "Actual Loops": 2,
                                                                        "Inner Unique": true,
                                                                        "Join Filter": "(t2.site_id = u2.site_id)",
                                                                        "Rows Removed by Join Filter": 0,
                                                                        "Workers": [],
                                                                        "Plans": [
                                                                            {
                                                                                "Node Type": "Nested Loop",
                                                                                "Parent Relationship": "Outer",
                                                                                "Parallel Aware": false,
                                                                                "Async Capable": false,
                                                                                "Join Type": "Inner",
                                                                                "Startup Cost": 4.17,
                                                                                "Total Cost": 2735.82,
                                                                                "Plan Rows": 1,
                                                                                "Plan Width": 20,
                                                                                "Actual Startup Time": 4.768,
                                                                                "Actual Total Time": 24.598,
                                                                                "Actual Rows": 10210,
                                                                                "Actual Loops": 2,
                                                                                "Inner Unique": true,
                                                                                "Join Filter": "(t2.site_id = q2.site_id)",
                                                                                "Rows Removed by Join Filter": 0,
                                                                                "Workers": [],
                                                                                "Plans": [
                                                                                    {
                                                                                        "Node Type": "Nested Loop",
                                                                                        "Parent Relationship": "Outer",
                                                                                        "Parallel Aware": false,
                                                                                        "Async Capable": false,
                                                                                        "Join Type": "Inner",
                                                                                        "Startup Cost": 3.74,
                                                                                        "Total Cost": 2638.48,
                                                                                        "Plan Rows": 13,
                                                                                        "Plan Width": 16,
                                                                                        "Actual Startup Time": 4.763,
                                                                                        "Actual Total Time": 7.738,
                                                                                        "Actual Rows": 10210,
                                                                                        "Actual Loops": 2,
                                                                                        "Inner Unique": false,
                                                                                        "Workers": [],
                                                                                        "Plans": [
                                                                                            {
                                                                                                "Node Type": "Hash Join",
                                                                                                "Parent Relationship": "Outer",
                                                                                                "Parallel Aware": false,
                                                                                                "Async Capable": false,
                                                                                                "Join Type": "Inner",
                                                                                                "Startup Cost": 3.18,
                                                                                                "Total Cost": 2576.49,
                                                                                                "Plan Rows": 1,
                                                                                                "Plan Width": 12,
                                                                                                "Actual Startup Time": 4.752,
                                                                                                "Actual Total Time": 4.757,
                                                                                                "Actual Rows": 0,
                                                                                                "Actual Loops": 2,
                                                                                                "Inner Unique": true,
                                                                                                "Hash Cond": "(t2.site_id = s2.site_id)",
                                                                                                "Workers": [],
                                                                                                "Plans": [
                                                                                                    {
                                                                                                        "Node Type": "Seq Scan",
                                                                                                        "Parent Relationship": "Outer",
                                                                                                        "Parallel Aware": true,
                                                                                                        "Async Capable": false,
                                                                                                        "Relation Name": "tag",
                                                                                                        "Alias": "t2",
                                                                                                        "Startup Cost": 0.0,
                                                                                                        "Total Cost": 2573.31,
                                                                                                        "Plan Rows": 2,
                                                                                                        "Plan Width": 8,
                                                                                                        "Actual Startup Time": 0.116,
                                                                                                        "Actual Total Time": 4.726,
                                                                                                        "Actual Rows": 20,
                                                                                                        "Actual Loops": 2,
                                                                                                        "Filter": "((name)::text = 'php'::text)",
                                                                                                        "Rows Removed by Filter": 93365,
                                                                                                        "Workers": []
                                                                                                    },
                                                                                                    {
                                                                                                        "Node Type": "Hash",
                                                                                                        "Parent Relationship": "Inner",
                                                                                                        "Parallel Aware": false,
                                                                                                        "Async Capable": false,
                                                                                                        "Startup Cost": 3.16,
                                                                                                        "Total Cost": 3.16,
                                                                                                        "Plan Rows": 1,
                                                                                                        "Plan Width": 4,
                                                                                                        "Actual Startup Time": 0.02,
                                                                                                        "Actual Total Time": 0.02,
                                                                                                        "Actual Rows": 1,
                                                                                                        "Actual Loops": 2,
                                                                                                        "Hash Buckets": 1024,
                                                                                                        "Original Hash Buckets": 1024,
                                                                                                        "Hash Batches": 1,
                                                                                                        "Original Hash Batches": 1,
                                                                                                        "Peak Memory Usage": 9,
                                                                                                        "Workers": [],
                                                                                                        "Plans": [
                                                                                                            {
                                                                                                                "Node Type": "Seq Scan",
                                                                                                                "Parent Relationship": "Outer",
                                                                                                                "Parallel Aware": false,
                                                                                                                "Async Capable": false,
                                                                                                                "Relation Name": "site",
                                                                                                                "Alias": "s2",
                                                                                                                "Startup Cost": 0.0,
                                                                                                                "Total Cost": 3.16,
                                                                                                                "Plan Rows": 1,
                                                                                                                "Plan Width": 4,
                                                                                                                "Actual Startup Time": 0.014,
                                                                                                                "Actual Total Time": 0.016,
                                                                                                                "Actual Rows": 1,
                                                                                                                "Actual Loops": 2,
                                                                                                                "Filter": "((site_name)::text = 'ru'::text)",
                                                                                                                "Rows Removed by Filter": 172,
                                                                                                                "Workers": []
                                                                                                            }
                                                                                                        ]
                                                                                                    }
                                                                                                ]
                                                                                            },
                                                                                            {
                                                                                                "Node Type": "Index Only Scan",
                                                                                                "Parent Relationship": "Inner",
                                                                                                "Parallel Aware": false,
                                                                                                "Async Capable": false,
                                                                                                "Scan Direction": "Forward",
                                                                                                "Index Name": "tag_question_site_id_tag_id_question_id_idx",
                                                                                                "Relation Name": "tag_question",
                                                                                                "Alias": "tq2",
                                                                                                "Startup Cost": 0.56,
                                                                                                "Total Cost": 61.69,
                                                                                                "Plan Rows": 31,
                                                                                                "Plan Width": 12,
                                                                                                "Actual Startup Time": 0.019,
                                                                                                "Actual Total Time": 4.962,
                                                                                                "Actual Rows": 20421,
                                                                                                "Actual Loops": 1,
                                                                                                "Index Cond": "((site_id = t2.site_id) AND (tag_id = t2.id))",
                                                                                                "Rows Removed by Index Recheck": 0,
                                                                                                "Heap Fetches": 20421,
                                                                                                "Workers": []
                                                                                            }
                                                                                        ]
                                                                                    },
                                                                                    {
                                                                                        "Node Type": "Index Scan",
                                                                                        "Parent Relationship": "Inner",
                                                                                        "Parallel Aware": false,
                                                                                        "Async Capable": false,
                                                                                        "Scan Direction": "Forward",
                                                                                        "Index Name": "question_pkey",
                                                                                        "Relation Name": "question",
                                                                                        "Alias": "q2",
                                                                                        "Startup Cost": 0.43,
                                                                                        "Total Cost": 7.47,
                                                                                        "Plan Rows": 1,
                                                                                        "Plan Width": 12,
                                                                                        "Actual Startup Time": 0.001,
                                                                                        "Actual Total Time": 0.001,
                                                                                        "Actual Rows": 1,
                                                                                        "Actual Loops": 20421,
                                                                                        "Index Cond": "((id = tq2.question_id) AND (site_id = tq2.site_id))",
                                                                                        "Rows Removed by Index Recheck": 0,
                                                                                        "Workers": []
                                                                                    }
                                                                                ]
                                                                            },
                                                                            {
                                                                                "Node Type": "Index Scan",
                                                                                "Parent Relationship": "Inner",
                                                                                "Parallel Aware": false,
                                                                                "Async Capable": false,
                                                                                "Scan Direction": "Forward",
                                                                                "Index Name": "so_user_pkey",
                                                                                "Relation Name": "so_user",
                                                                                "Alias": "u2",
                                                                                "Startup Cost": 0.44,
                                                                                "Total Cost": 7.48,
                                                                                "Plan Rows": 1,
                                                                                "Plan Width": 12,
                                                                                "Actual Startup Time": 0.001,
                                                                                "Actual Total Time": 0.001,
                                                                                "Actual Rows": 1,
                                                                                "Actual Loops": 20421,
                                                                                "Index Cond": "((id = q2.owner_user_id) AND (site_id = q2.site_id))",
                                                                                "Rows Removed by Index Recheck": 0,
                                                                                "Workers": []
                                                                            }
                                                                        ]
                                                                    }
                                                                ]
                                                            }
                                                        ]
                                                    }
                                                ]
                                            },
                                            {
                                                "Node Type": "Index Scan",
                                                "Parent Relationship": "Inner",
                                                "Parallel Aware": false,
                                                "Async Capable": false,
                                                "Scan Direction": "Forward",
                                                "Index Name": "account_pkey",
                                                "Relation Name": "account",
                                                "Alias": "account",
                                                "Startup Cost": 0.43,
                                                "Total Cost": 7.47,
                                                "Plan Rows": 1,
                                                "Plan Width": 15,
                                                "Actual Startup Time": 0.003,
                                                "Actual Total Time": 0.003,
                                                "Actual Rows": 1,
                                                "Actual Loops": 7,
                                                "Index Cond": "(id = u1.account_id)",
                                                "Rows Removed by Index Recheck": 0
                                            }
                                        ]
                                    }
                                ]
                            }
                        ]
                    },
                    "Planning Time": 34.234,
                    "Triggers": [],
                    "Execution Time": 103.295
                }
            ],
            "hints": [
                "SET enable_hashjoin TO on",
                "SET enable_indexonlyscan TO on",
                "SET enable_indexscan TO on",
                "SET enable_mergejoin TO off",
                "SET enable_nestloop TO on",
                "SET enable_seqscan TO on"
            ]
        }
    ]
}