{
    "sql_file": "soload_q1-004.sql",
    "query": "select count(*) from tag, site, question, tag_question\nwhere\nsite.site_name='softwareengineering' and\ntag.name='heatmap' and\ntag.site_id = site.site_id and\nquestion.site_id = site.site_id and\ntag_question.site_id = site.site_id and\ntag_question.question_id = question.id and\ntag_question.tag_id = tag.id",
    "results": [
        {
            "arm": 0,
            "execution_time": 7.582,
            "plan": [
                {
                    "Plan": {
                        "Node Type": "Aggregate",
                        "Strategy": "Plain",
                        "Partial Mode": "Simple",
                        "Parallel Aware": false,
                        "Async Capable": false,
                        "Startup Cost": 3673.82,
                        "Total Cost": 3673.83,
                        "Plan Rows": 1,
                        "Plan Width": 8,
                        "Actual Startup Time": 7.564,
                        "Actual Total Time": 7.565,
                        "Actual Rows": 1,
                        "Actual Loops": 1,
                        "Plans": [
                            {
                                "Node Type": "Nested Loop",
                                "Parent Relationship": "Outer",
                                "Parallel Aware": false,
                                "Async Capable": false,
                                "Join Type": "Inner",
                                "Startup Cost": 1.0,
                                "Total Cost": 3673.82,
                                "Plan Rows": 1,
                                "Plan Width": 0,
                                "Actual Startup Time": 4.308,
                                "Actual Total Time": 7.562,
                                "Actual Rows": 1,
                                "Actual Loops": 1,
                                "Inner Unique": true,
                                "Join Filter": "(tag.site_id = question.site_id)",
                                "Rows Removed by Join Filter": 0,
                                "Plans": [
                                    {
                                        "Node Type": "Nested Loop",
                                        "Parent Relationship": "Outer",
                                        "Parallel Aware": false,
                                        "Async Capable": false,
                                        "Join Type": "Inner",
                                        "Startup Cost": 0.56,
                                        "Total Cost": 3599.82,
                                        "Plan Rows": 22,
                                        "Plan Width": 16,
                                        "Actual Startup Time": 4.302,
                                        "Actual Total Time": 7.556,
                                        "Actual Rows": 1,
                                        "Actual Loops": 1,
                                        "Inner Unique": false,
                                        "Plans": [
                                            {
                                                "Node Type": "Nested Loop",
                                                "Parent Relationship": "Outer",
                                                "Parallel Aware": false,
                                                "Async Capable": false,
                                                "Join Type": "Inner",
                                                "Startup Cost": 0.0,
                                                "Total Cost": 3537.82,
                                                "Plan Rows": 1,
                                                "Plan Width": 12,
                                                "Actual Startup Time": 4.092,
                                                "Actual Total Time": 7.345,
                                                "Actual Rows": 1,
                                                "Actual Loops": 1,
                                                "Inner Unique": false,
                                                "Join Filter": "(tag.site_id = site.site_id)",
                                                "Rows Removed by Join Filter": 8,
                                                "Plans": [
                                                    {
                                                        "Node Type": "Seq Scan",
                                                        "Parent Relationship": "Outer",
                                                        "Parallel Aware": false,
                                                        "Async Capable": false,
                                                        "Relation Name": "site",
                                                        "Alias": "site",
                                                        "Startup Cost": 0.0,
                                                        "Total Cost": 3.16,
                                                        "Plan Rows": 1,
                                                        "Plan Width": 4,
                                                        "Actual Startup Time": 0.008,
                                                        "Actual Total Time": 0.009,
                                                        "Actual Rows": 1,
                                                        "Actual Loops": 1,
                                                        "Filter": "((site_name)::text = 'softwareengineering'::text)",
                                                        "Rows Removed by Filter": 172
                                                    },
                                                    {
                                                        "Node Type": "Seq Scan",
                                                        "Parent Relationship": "Inner",
                                                        "Parallel Aware": false,
                                                        "Async Capable": false,
                                                        "Relation Name": "tag",
                                                        "Alias": "tag",
                                                        "Startup Cost": 0.0,
                                                        "Total Cost": 3534.62,
                                                        "Plan Rows": 3,
                                                        "Plan Width": 8,
                                                        "Actual Startup Time": 0.444,
                                                        "Actual Total Time": 7.333,
                                                        "Actual Rows": 9,
                                                        "Actual Loops": 1,
                                                        "Filter": "((name)::text = 'heatmap'::text)",
                                                        "Rows Removed by Filter": 186761
                                                    }
                                                ]
                                            },
                                            {
                                                "Node Type": "Index Only Scan",
                                                "Parent Relationship": "Inner",
                                                "Parallel Aware": false,
                                                "Async Capable": false,
                                                "Scan Direction": "Forward",
                                                "Index Name": "tag_question_site_id_tag_id_question_id_idx",
                                                "Relation Name": "tag_question",
                                                "Alias": "tag_question",
                                                "Startup Cost": 0.56,
                                                "Total Cost": 61.69,
                                                "Plan Rows": 31,
                                                "Plan Width": 12,
                                                "Actual Startup Time": 0.209,
                                                "Actual Total Time": 0.209,
                                                "Actual Rows": 1,
                                                "Actual Loops": 1,
                                                "Index Cond": "((site_id = tag.site_id) AND (tag_id = tag.id))",
                                                "Rows Removed by Index Recheck": 0,
                                                "Heap Fetches": 1
                                            }
                                        ]
                                    },
                                    {
                                        "Node Type": "Index Only Scan",
                                        "Parent Relationship": "Inner",
                                        "Parallel Aware": false,
                                        "Async Capable": false,
                                        "Scan Direction": "Forward",
                                        "Index Name": "question_pkey",
                                        "Relation Name": "question",
                                        "Alias": "question",
                                        "Startup Cost": 0.43,
                                        "Total Cost": 3.35,
                                        "Plan Rows": 1,
                                        "Plan Width": 8,
                                        "Actual Startup Time": 0.004,
                                        "Actual Total Time": 0.004,
                                        "Actual Rows": 1,
                                        "Actual Loops": 1,
                                        "Index Cond": "((id = tag_question.question_id) AND (site_id = tag_question.site_id))",
                                        "Rows Removed by Index Recheck": 0,
                                        "Heap Fetches": 0
                                    }
                                ]
                            }
                        ]
                    },
                    "Planning Time": 0.656,
                    "Triggers": [],
                    "Execution Time": 7.582
                }
            ],
            "hints": [
                "SET enable_hashjoin TO on",
                "SET enable_indexonlyscan TO on",
                "SET enable_indexscan TO on",
                "SET enable_mergejoin TO on",
                "SET enable_nestloop TO on",
                "SET enable_seqscan TO on"
            ]
        },
        {
            "arm": 1,
            "execution_time": 768.145,
            "plan": [
                {
                    "Plan": {
                        "Node Type": "Aggregate",
                        "Strategy": "Plain",
                        "Partial Mode": "Simple",
                        "Parallel Aware": false,
                        "Async Capable": false,
                        "Startup Cost": 536099.56,
                        "Total Cost": 536099.57,
                        "Plan Rows": 1,
                        "Plan Width": 8,
                        "Actual Startup Time": 758.811,
                        "Actual Total Time": 768.119,
                        "Actual Rows": 1,
                        "Actual Loops": 1,
                        "Plans": [
                            {
                                "Node Type": "Gather",
                                "Parent Relationship": "Outer",
                                "Parallel Aware": false,
                                "Async Capable": false,
                                "Startup Cost": 296798.91,
                                "Total Cost": 536099.56,
                                "Plan Rows": 1,
                                "Plan Width": 0,
                                "Actual Startup Time": 758.747,
                                "Actual Total Time": 768.113,
                                "Actual Rows": 1,
                                "Actual Loops": 1,
                                "Workers Planned": 6,
                                "Workers Launched": 6,
                                "Single Copy": false,
                                "Plans": [
                                    {
                                        "Node Type": "Hash Join",
                                        "Parent Relationship": "Outer",
                                        "Parallel Aware": true,
                                        "Async Capable": false,
                                        "Join Type": "Inner",
                                        "Startup Cost": 295798.91,
                                        "Total Cost": 535099.46,
                                        "Plan Rows": 1,
                                        "Plan Width": 0,
                                        "Actual Startup Time": 713.082,
                                        "Actual Total Time": 756.597,
                                        "Actual Rows": 0,
                                        "Actual Loops": 7,
                                        "Inner Unique": false,
                                        "Hash Cond": "((question.site_id = tag.site_id) AND (question.id = tag_question.question_id))",
                                        "Workers": [],
                                        "Plans": [
                                            {
                                                "Node Type": "Index Only Scan",
                                                "Parent Relationship": "Outer",
                                                "Parallel Aware": true,
                                                "Async Capable": false,
                                                "Scan Direction": "Forward",
                                                "Index Name": "question_pkey",
                                                "Relation Name": "question",
                                                "Alias": "question",
                                                "Startup Cost": 0.43,
                                                "Total Cost": 223484.36,
                                                "Plan Rows": 2108881,
                                                "Plan Width": 8,
                                                "Actual Startup Time": 6.201,
                                                "Actual Total Time": 294.064,
                                                "Actual Rows": 1809492,
                                                "Actual Loops": 7,
                                                "Heap Fetches": 0,
                                                "Workers": []
                                            },
                                            {
                                                "Node Type": "Hash",
                                                "Parent Relationship": "Inner",
                                                "Parallel Aware": true,
                                                "Async Capable": false,
                                                "Startup Cost": 295798.42,
                                                "Total Cost": 295798.42,
                                                "Plan Rows": 4,
                                                "Plan Width": 16,
                                                "Actual Startup Time": 399.961,
                                                "Actual Total Time": 399.964,
                                                "Actual Rows": 0,
                                                "Actual Loops": 7,
                                                "Hash Buckets": 1024,
                                                "Original Hash Buckets": 1024,
                                                "Hash Batches": 1,
                                                "Original Hash Batches": 1,
                                                "Peak Memory Usage": 40,
                                                "Workers": [],
                                                "Plans": [
                                                    {
                                                        "Node Type": "Hash Join",
                                                        "Parent Relationship": "Outer",
                                                        "Parallel Aware": true,
                                                        "Async Capable": false,
                                                        "Join Type": "Inner",
                                                        "Startup Cost": 2576.51,
                                                        "Total Cost": 295798.42,
                                                        "Plan Rows": 4,
                                                        "Plan Width": 16,
                                                        "Actual Startup Time": 351.24,
                                                        "Actual Total Time": 399.902,
                                                        "Actual Rows": 0,
                                                        "Actual Loops": 7,
                                                        "Inner Unique": true,
                                                        "Hash Cond": "((site.site_id = tag.site_id) AND (tag_question.tag_id = tag.id))",
                                                        "Workers": [],
                                                        "Plans": [
                                                            {
                                                                "Node Type": "Hash Join",
                                                                "Parent Relationship": "Outer",
                                                                "Parallel Aware": false,
                                                                "Async Capable": false,
                                                                "Join Type": "Inner",
                                                                "Startup Cost": 3.18,
                                                                "Total Cost": 293001.22,
                                                                "Plan Rows": 42640,
                                                                "Plan Width": 16,
                                                                "Actual Startup Time": 203.004,
                                                                "Actual Total Time": 398.023,
                                                                "Actual Rows": 10800,
                                                                "Actual Loops": 7,
                                                                "Inner Unique": true,
                                                                "Hash Cond": "(tag_question.site_id = site.site_id)",
                                                                "Workers": [],
                                                                "Plans": [
                                                                    {
                                                                        "Node Type": "Seq Scan",
                                                                        "Parent Relationship": "Outer",
                                                                        "Parallel Aware": true,
                                                                        "Async Capable": false,
                                                                        "Relation Name": "tag_question",
                                                                        "Alias": "tag_question",
                                                                        "Startup Cost": 0.0,
                                                                        "Total Cost": 273159.66,
                                                                        "Plan Rows": 7376766,
                                                                        "Plan Width": 12,
                                                                        "Actual Startup Time": 0.013,
                                                                        "Actual Total Time": 215.097,
                                                                        "Actual Rows": 5269117,
                                                                        "Actual Loops": 7,
                                                                        "Workers": []
                                                                    },
                                                                    {
                                                                        "Node Type": "Hash",
                                                                        "Parent Relationship": "Inner",
                                                                        "Parallel Aware": false,
                                                                        "Async Capable": false,
                                                                        "Startup Cost": 3.16,
                                                                        "Total Cost": 3.16,
                                                                        "Plan Rows": 1,
                                                                        "Plan Width": 4,
                                                                        "Actual Startup Time": 0.02,
                                                                        "Actual Total Time": 0.02,
                                                                        "Actual Rows": 1,
                                                                        "Actual Loops": 7,
                                                                        "Hash Buckets": 1024,
                                                                        "Original Hash Buckets": 1024,
                                                                        "Hash Batches": 1,
                                                                        "Original Hash Batches": 1,
                                                                        "Peak Memory Usage": 9,
                                                                        "Workers": [],
                                                                        "Plans": [
                                                                            {
                                                                                "Node Type": "Seq Scan",
                                                                                "Parent Relationship": "Outer",
                                                                                "Parallel Aware": false,
                                                                                "Async Capable": false,
                                                                                "Relation Name": "site",
                                                                                "Alias": "site",
                                                                                "Startup Cost": 0.0,
                                                                                "Total Cost": 3.16,
                                                                                "Plan Rows": 1,
                                                                                "Plan Width": 4,
                                                                                "Actual Startup Time": 0.015,
                                                                                "Actual Total Time": 0.017,
                                                                                "Actual Rows": 1,
                                                                                "Actual Loops": 7,
                                                                                "Filter": "((site_name)::text = 'softwareengineering'::text)",
                                                                                "Rows Removed by Filter": 172,
                                                                                "Workers": []
                                                                            }
                                                                        ]
                                                                    }
                                                                ]
                                                            },
                                                            {
                                                                "Node Type": "Hash",
                                                                "Parent Relationship": "Inner",
                                                                "Parallel Aware": true,
                                                                "Async Capable": false,
                                                                "Startup Cost": 2573.31,
                                                                "Total Cost": 2573.31,
                                                                "Plan Rows": 2,
                                                                "Plan Width": 8,
                                                                "Actual Startup Time": 1.48,
                                                                "Actual Total Time": 1.48,
                                                                "Actual Rows": 1,
                                                                "Actual Loops": 7,
                                                                "Hash Buckets": 1024,
                                                                "Original Hash Buckets": 1024,
                                                                "Hash Batches": 1,
                                                                "Original Hash Batches": 1,
                                                                "Peak Memory Usage": 136,
                                                                "Workers": [],
                                                                "Plans": [
                                                                    {
                                                                        "Node Type": "Seq Scan",
                                                                        "Parent Relationship": "Outer",
                                                                        "Parallel Aware": true,
                                                                        "Async Capable": false,
                                                                        "Relation Name": "tag",
                                                                        "Alias": "tag",
                                                                        "Startup Cost": 0.0,
                                                                        "Total Cost": 2573.31,
                                                                        "Plan Rows": 2,
                                                                        "Plan Width": 8,
                                                                        "Actual Startup Time": 0.83,
                                                                        "Actual Total Time": 1.461,
                                                                        "Actual Rows": 1,
                                                                        "Actual Loops": 7,
                                                                        "Filter": "((name)::text = 'heatmap'::text)",
                                                                        "Rows Removed by Filter": 26680,
                                                                        "Workers": []
                                                                    }
                                                                ]
                                                            }
                                                        ]
                                                    }
                                                ]
                                            }
                                        ]
                                    }
                                ]
                            }
                        ]
                    },
                    "Planning Time": 0.665,
                    "Triggers": [],
                    "Execution Time": 768.145
                }
            ],
            "hints": [
                "SET enable_hashjoin TO on",
                "SET enable_indexonlyscan TO on",
                "SET enable_indexscan TO on",
                "SET enable_mergejoin TO on",
                "SET enable_nestloop TO off",
                "SET enable_seqscan TO on"
            ]
        },
        {
            "arm": 2,
            "execution_time": 7.529,
            "plan": [
                {
                    "Plan": {
                        "Node Type": "Aggregate",
                        "Strategy": "Plain",
                        "Partial Mode": "Simple",
                        "Parallel Aware": false,
                        "Async Capable": false,
                        "Startup Cost": 3828.44,
                        "Total Cost": 3828.45,
                        "Plan Rows": 1,
                        "Plan Width": 8,
                        "Actual Startup Time": 7.504,
                        "Actual Total Time": 7.506,
                        "Actual Rows": 1,
                        "Actual Loops": 1,
                        "Plans": [
                            {
                                "Node Type": "Nested Loop",
                                "Parent Relationship": "Outer",
                                "Parallel Aware": false,
                                "Async Capable": false,
                                "Join Type": "Inner",
                                "Startup Cost": 8.22,
                                "Total Cost": 3828.44,
                                "Plan Rows": 1,
                                "Plan Width": 0,
                                "Actual Startup Time": 4.262,
                                "Actual Total Time": 7.502,
                                "Actual Rows": 1,
                                "Actual Loops": 1,
                                "Inner Unique": true,
                                "Join Filter": "(tag.site_id = question.site_id)",
                                "Rows Removed by Join Filter": 0,
                                "Plans": [
                                    {
                                        "Node Type": "Nested Loop",
                                        "Parent Relationship": "Outer",
                                        "Parallel Aware": false,
                                        "Async Capable": false,
                                        "Join Type": "Inner",
                                        "Startup Cost": 4.88,
                                        "Total Cost": 3666.32,
                                        "Plan Rows": 22,
                                        "Plan Width": 16,
                                        "Actual Startup Time": 4.246,
                                        "Actual Total Time": 7.486,
                                        "Actual Rows": 1,
                                        "Actual Loops": 1,
                                        "Inner Unique": false,
                                        "Plans": [
                                            {
                                                "Node Type": "Nested Loop",
                                                "Parent Relationship": "Outer",
                                                "Parallel Aware": false,
                                                "Async Capable": false,
                                                "Join Type": "Inner",
                                                "Startup Cost": 0.0,
                                                "Total Cost": 3537.82,
                                                "Plan Rows": 1,
                                                "Plan Width": 12,
                                                "Actual Startup Time": 4.23,
                                                "Actual Total Time": 7.469,
                                                "Actual Rows": 1,
                                                "Actual Loops": 1,
                                                "Inner Unique": false,
                                                "Join Filter": "(tag.site_id = site.site_id)",
                                                "Rows Removed by Join Filter": 8,
                                                "Plans": [
                                                    {
                                                        "Node Type": "Seq Scan",
                                                        "Parent Relationship": "Outer",
                                                        "Parallel Aware": false,
                                                        "Async Capable": false,
                                                        "Relation Name": "site",
                                                        "Alias": "site",
                                                        "Startup Cost": 0.0,
                                                        "Total Cost": 3.16,
                                                        "Plan Rows": 1,
                                                        "Plan Width": 4,
                                                        "Actual Startup Time": 0.011,
                                                        "Actual Total Time": 0.013,
                                                        "Actual Rows": 1,
                                                        "Actual Loops": 1,
                                                        "Filter": "((site_name)::text = 'softwareengineering'::text)",
                                                        "Rows Removed by Filter": 172
                                                    },
                                                    {
                                                        "Node Type": "Seq Scan",
                                                        "Parent Relationship": "Inner",
                                                        "Parallel Aware": false,
                                                        "Async Capable": false,
                                                        "Relation Name": "tag",
                                                        "Alias": "tag",
                                                        "Startup Cost": 0.0,
                                                        "Total Cost": 3534.62,
                                                        "Plan Rows": 3,
                                                        "Plan Width": 8,
                                                        "Actual Startup Time": 0.464,
                                                        "Actual Total Time": 7.453,
                                                        "Actual Rows": 9,
                                                        "Actual Loops": 1,
                                                        "Filter": "((name)::text = 'heatmap'::text)",
                                                        "Rows Removed by Filter": 186761
                                                    }
                                                ]
                                            },
                                            {
                                                "Node Type": "Bitmap Heap Scan",
                                                "Parent Relationship": "Inner",
                                                "Parallel Aware": false,
                                                "Async Capable": false,
                                                "Relation Name": "tag_question",
                                                "Alias": "tag_question",
                                                "Startup Cost": 4.88,
                                                "Total Cost": 128.19,
                                                "Plan Rows": 31,
                                                "Plan Width": 12,
                                                "Actual Startup Time": 0.013,
                                                "Actual Total Time": 0.013,
                                                "Actual Rows": 1,
                                                "Actual Loops": 1,
                                                "Recheck Cond": "((tag.site_id = site_id) AND (tag.id = tag_id))",
                                                "Rows Removed by Index Recheck": 0,
                                                "Exact Heap Blocks": 1,
                                                "Lossy Heap Blocks": 0,
                                                "Plans": [
                                                    {
                                                        "Node Type": "Bitmap Index Scan",
                                                        "Parent Relationship": "Outer",
                                                        "Parallel Aware": false,
                                                        "Async Capable": false,
                                                        "Index Name": "tag_question_site_id_tag_id_question_id_idx",
                                                        "Startup Cost": 0.0,
                                                        "Total Cost": 4.88,
                                                        "Plan Rows": 31,
                                                        "Plan Width": 0,
                                                        "Actual Startup Time": 0.009,
                                                        "Actual Total Time": 0.01,
                                                        "Actual Rows": 1,
                                                        "Actual Loops": 1,
                                                        "Index Cond": "((site_id = tag.site_id) AND (tag_id = tag.id))"
                                                    }
                                                ]
                                            }
                                        ]
                                    },
                                    {
                                        "Node Type": "Bitmap Heap Scan",
                                        "Parent Relationship": "Inner",
                                        "Parallel Aware": false,
                                        "Async Capable": false,
                                        "Relation Name": "question",
                                        "Alias": "question",
                                        "Startup Cost": 3.34,
                                        "Total Cost": 7.36,
                                        "Plan Rows": 1,
                                        "Plan Width": 8,
                                        "Actual Startup Time": 0.013,
                                        "Actual Total Time": 0.014,
                                        "Actual Rows": 1,
                                        "Actual Loops": 1,
                                        "Recheck Cond": "((id = tag_question.question_id) AND (site_id = tag_question.site_id))",
                                        "Rows Removed by Index Recheck": 0,
                                        "Exact Heap Blocks": 1,
                                        "Lossy Heap Blocks": 0,
                                        "Plans": [
                                            {
                                                "Node Type": "Bitmap Index Scan",
                                                "Parent Relationship": "Outer",
                                                "Parallel Aware": false,
                                                "Async Capable": false,
                                                "Index Name": "question_pkey",
                                                "Startup Cost": 0.0,
                                                "Total Cost": 3.34,
                                                "Plan Rows": 1,
                                                "Plan Width": 0,
                                                "Actual Startup Time": 0.005,
                                                "Actual Total Time": 0.005,
                                                "Actual Rows": 1,
                                                "Actual Loops": 1,
                                                "Index Cond": "((id = tag_question.question_id) AND (site_id = tag_question.site_id))"
                                            }
                                        ]
                                    }
                                ]
                            }
                        ]
                    },
                    "Planning Time": 0.387,
                    "Triggers": [],
                    "Execution Time": 7.529
                }
            ],
            "hints": [
                "SET enable_hashjoin TO on",
                "SET enable_indexonlyscan TO on",
                "SET enable_indexscan TO off",
                "SET enable_mergejoin TO off",
                "SET enable_nestloop TO on",
                "SET enable_seqscan TO on"
            ]
        },
        {
            "arm": 3,
            "execution_time": 837.92,
            "plan": [
                {
                    "Plan": {
                        "Node Type": "Aggregate",
                        "Strategy": "Plain",
                        "Partial Mode": "Simple",
                        "Parallel Aware": false,
                        "Async Capable": false,
                        "Startup Cost": 1992607.8,
                        "Total Cost": 1992607.81,
                        "Plan Rows": 1,
                        "Plan Width": 8,
                        "Actual Startup Time": 829.222,
                        "Actual Total Time": 837.894,
                        "Actual Rows": 1,
                        "Actual Loops": 1,
                        "Plans": [
                            {
                                "Node Type": "Gather",
                                "Parent Relationship": "Outer",
                                "Parallel Aware": false,
                                "Async Capable": false,
                                "Startup Cost": 296798.48,
                                "Total Cost": 1992607.8,
                                "Plan Rows": 1,
                                "Plan Width": 0,
                                "Actual Startup Time": 829.162,
                                "Actual Total Time": 837.887,
                                "Actual Rows": 1,
                                "Actual Loops": 1,
                                "Workers Planned": 7,
                                "Workers Launched": 7,
                                "Single Copy": false,
                                "Plans": [
                                    {
                                        "Node Type": "Hash Join",
                                        "Parent Relationship": "Outer",
                                        "Parallel Aware": true,
                                        "Async Capable": false,
                                        "Join Type": "Inner",
                                        "Startup Cost": 295798.48,
                                        "Total Cost": 1991607.7,
                                        "Plan Rows": 1,
                                        "Plan Width": 0,
                                        "Actual Startup Time": 785.932,
                                        "Actual Total Time": 826.759,
                                        "Actual Rows": 0,
                                        "Actual Loops": 8,
                                        "Inner Unique": false,
                                        "Hash Cond": "((question.site_id = tag.site_id) AND (question.id = tag_question.question_id))",
                                        "Workers": [],
                                        "Plans": [
                                            {
                                                "Node Type": "Seq Scan",
                                                "Parent Relationship": "Outer",
                                                "Parallel Aware": true,
                                                "Async Capable": false,
                                                "Relation Name": "question",
                                                "Alias": "question",
                                                "Startup Cost": 0.0,
                                                "Total Cost": 1682252.12,
                                                "Plan Rows": 1807612,
                                                "Plan Width": 8,
                                                "Actual Startup Time": 0.023,
                                                "Actual Total Time": 384.826,
                                                "Actual Rows": 1583305,
                                                "Actual Loops": 8,
                                                "Workers": []
                                            },
                                            {
                                                "Node Type": "Hash",
                                                "Parent Relationship": "Inner",
                                                "Parallel Aware": true,
                                                "Async Capable": false,
                                                "Startup Cost": 295798.42,
                                                "Total Cost": 295798.42,
                                                "Plan Rows": 4,
                                                "Plan Width": 16,
                                                "Actual Startup Time": 350.031,
                                                "Actual Total Time": 350.034,
                                                "Actual Rows": 0,
                                                "Actual Loops": 8,
                                                "Hash Buckets": 1024,
                                                "Original Hash Buckets": 1024,
                                                "Hash Batches": 1,
                                                "Original Hash Batches": 1,
                                                "Peak Memory Usage": 40,
                                                "Workers": [],
                                                "Plans": [
                                                    {
                                                        "Node Type": "Hash Join",
                                                        "Parent Relationship": "Outer",
                                                        "Parallel Aware": true,
                                                        "Async Capable": false,
                                                        "Join Type": "Inner",
                                                        "Startup Cost": 2576.51,
                                                        "Total Cost": 295798.42,
                                                        "Plan Rows": 4,
                                                        "Plan Width": 16,
                                                        "Actual Startup Time": 312.641,
                                                        "Actual Total Time": 349.976,
                                                        "Actual Rows": 0,
                                                        "Actual Loops": 8,
                                                        "Inner Unique": true,
                                                        "Hash Cond": "((site.site_id = tag.site_id) AND (tag_question.tag_id = tag.id))",
                                                        "Workers": [],
                                                        "Plans": [
                                                            {
                                                                "Node Type": "Hash Join",
                                                                "Parent Relationship": "Outer",
                                                                "Parallel Aware": false,
                                                                "Async Capable": false,
                                                                "Join Type": "Inner",
                                                                "Startup Cost": 3.18,
                                                                "Total Cost": 293001.22,
                                                                "Plan Rows": 42640,
                                                                "Plan Width": 16,
                                                                "Actual Startup Time": 198.525,
                                                                "Actual Total Time": 348.135,
                                                                "Actual Rows": 9450,
                                                                "Actual Loops": 8,
                                                                "Inner Unique": true,
                                                                "Hash Cond": "(tag_question.site_id = site.site_id)",
                                                                "Workers": [],
                                                                "Plans": [
                                                                    {
                                                                        "Node Type": "Seq Scan",
                                                                        "Parent Relationship": "Outer",
                                                                        "Parallel Aware": true,
                                                                        "Async Capable": false,
                                                                        "Relation Name": "tag_question",
                                                                        "Alias": "tag_question",
                                                                        "Startup Cost": 0.0,
                                                                        "Total Cost": 273159.66,
                                                                        "Plan Rows": 7376766,
                                                                        "Plan Width": 12,
                                                                        "Actual Startup Time": 0.018,
                                                                        "Actual Total Time": 188.279,
                                                                        "Actual Rows": 4610477,
                                                                        "Actual Loops": 8,
                                                                        "Workers": []
                                                                    },
                                                                    {
                                                                        "Node Type": "Hash",
                                                                        "Parent Relationship": "Inner",
                                                                        "Parallel Aware": false,
                                                                        "Async Capable": false,
                                                                        "Startup Cost": 3.16,
                                                                        "Total Cost": 3.16,
                                                                        "Plan Rows": 1,
                                                                        "Plan Width": 4,
                                                                        "Actual Startup Time": 0.022,
                                                                        "Actual Total Time": 0.023,
                                                                        "Actual Rows": 1,
                                                                        "Actual Loops": 8,
                                                                        "Hash Buckets": 1024,
                                                                        "Original Hash Buckets": 1024,
                                                                        "Hash Batches": 1,
                                                                        "Original Hash Batches": 1,
                                                                        "Peak Memory Usage": 9,
                                                                        "Workers": [],
                                                                        "Plans": [
                                                                            {
                                                                                "Node Type": "Seq Scan",
                                                                                "Parent Relationship": "Outer",
                                                                                "Parallel Aware": false,
                                                                                "Async Capable": false,
                                                                                "Relation Name": "site",
                                                                                "Alias": "site",
                                                                                "Startup Cost": 0.0,
                                                                                "Total Cost": 3.16,
                                                                                "Plan Rows": 1,
                                                                                "Plan Width": 4,
                                                                                "Actual Startup Time": 0.017,
                                                                                "Actual Total Time": 0.018,
                                                                                "Actual Rows": 1,
                                                                                "Actual Loops": 8,
                                                                                "Filter": "((site_name)::text = 'softwareengineering'::text)",
                                                                                "Rows Removed by Filter": 172,
                                                                                "Workers": []
                                                                            }
                                                                        ]
                                                                    }
                                                                ]
                                                            },
                                                            {
                                                                "Node Type": "Hash",
                                                                "Parent Relationship": "Inner",
                                                                "Parallel Aware": true,
                                                                "Async Capable": false,
                                                                "Startup Cost": 2573.31,
                                                                "Total Cost": 2573.31,
                                                                "Plan Rows": 2,
                                                                "Plan Width": 8,
                                                                "Actual Startup Time": 1.387,
                                                                "Actual Total Time": 1.388,
                                                                "Actual Rows": 1,
                                                                "Actual Loops": 8,
                                                                "Hash Buckets": 1024,
                                                                "Original Hash Buckets": 1024,
                                                                "Hash Batches": 1,
                                                                "Original Hash Batches": 1,
                                                                "Peak Memory Usage": 200,
                                                                "Workers": [],
                                                                "Plans": [
                                                                    {
                                                                        "Node Type": "Seq Scan",
                                                                        "Parent Relationship": "Outer",
                                                                        "Parallel Aware": true,
                                                                        "Async Capable": false,
                                                                        "Relation Name": "tag",
                                                                        "Alias": "tag",
                                                                        "Startup Cost": 0.0,
                                                                        "Total Cost": 2573.31,
                                                                        "Plan Rows": 2,
                                                                        "Plan Width": 8,
                                                                        "Actual Startup Time": 0.577,
                                                                        "Actual Total Time": 1.333,
                                                                        "Actual Rows": 1,
                                                                        "Actual Loops": 8,
                                                                        "Filter": "((name)::text = 'heatmap'::text)",
                                                                        "Rows Removed by Filter": 23345,
                                                                        "Workers": []
                                                                    }
                                                                ]
                                                            }
                                                        ]
                                                    }
                                                ]
                                            }
                                        ]
                                    }
                                ]
                            }
                        ]
                    },
                    "Planning Time": 0.374,
                    "Triggers": [],
                    "Execution Time": 837.92
                }
            ],
            "hints": [
                "SET enable_hashjoin TO on",
                "SET enable_indexonlyscan TO on",
                "SET enable_indexscan TO off",
                "SET enable_mergejoin TO off",
                "SET enable_nestloop TO off",
                "SET enable_seqscan TO on"
            ]
        },
        {
            "arm": 4,
            "execution_time": 8.636,
            "plan": [
                {
                    "Plan": {
                        "Node Type": "Aggregate",
                        "Strategy": "Plain",
                        "Partial Mode": "Simple",
                        "Parallel Aware": false,
                        "Async Capable": false,
                        "Startup Cost": 3673.82,
                        "Total Cost": 3673.83,
                        "Plan Rows": 1,
                        "Plan Width": 8,
                        "Actual Startup Time": 8.612,
                        "Actual Total Time": 8.613,
                        "Actual Rows": 1,
                        "Actual Loops": 1,
                        "Plans": [
                            {
                                "Node Type": "Nested Loop",
                                "Parent Relationship": "Outer",
                                "Parallel Aware": false,
                                "Async Capable": false,
                                "Join Type": "Inner",
                                "Startup Cost": 1.0,
                                "Total Cost": 3673.82,
                                "Plan Rows": 1,
                                "Plan Width": 0,
                                "Actual Startup Time": 5.103,
                                "Actual Total Time": 8.609,
                                "Actual Rows": 1,
                                "Actual Loops": 1,
                                "Inner Unique": true,
                                "Join Filter": "(tag.site_id = question.site_id)",
                                "Rows Removed by Join Filter": 0,
                                "Plans": [
                                    {
                                        "Node Type": "Nested Loop",
                                        "Parent Relationship": "Outer",
                                        "Parallel Aware": false,
                                        "Async Capable": false,
                                        "Join Type": "Inner",
                                        "Startup Cost": 0.56,
                                        "Total Cost": 3599.82,
                                        "Plan Rows": 22,
                                        "Plan Width": 16,
                                        "Actual Startup Time": 5.095,
                                        "Actual Total Time": 8.601,
                                        "Actual Rows": 1,
                                        "Actual Loops": 1,
                                        "Inner Unique": false,
                                        "Plans": [
                                            {
                                                "Node Type": "Nested Loop",
                                                "Parent Relationship": "Outer",
                                                "Parallel Aware": false,
                                                "Async Capable": false,
                                                "Join Type": "Inner",
                                                "Startup Cost": 0.0,
                                                "Total Cost": 3537.82,
                                                "Plan Rows": 1,
                                                "Plan Width": 12,
                                                "Actual Startup Time": 5.078,
                                                "Actual Total Time": 8.583,
                                                "Actual Rows": 1,
                                                "Actual Loops": 1,
                                                "Inner Unique": false,
                                                "Join Filter": "(tag.site_id = site.site_id)",
                                                "Rows Removed by Join Filter": 8,
                                                "Plans": [
                                                    {
                                                        "Node Type": "Seq Scan",
                                                        "Parent Relationship": "Outer",
                                                        "Parallel Aware": false,
                                                        "Async Capable": false,
                                                        "Relation Name": "site",
                                                        "Alias": "site",
                                                        "Startup Cost": 0.0,
                                                        "Total Cost": 3.16,
                                                        "Plan Rows": 1,
                                                        "Plan Width": 4,
                                                        "Actual Startup Time": 0.014,
                                                        "Actual Total Time": 0.016,
                                                        "Actual Rows": 1,
                                                        "Actual Loops": 1,
                                                        "Filter": "((site_name)::text = 'softwareengineering'::text)",
                                                        "Rows Removed by Filter": 172
                                                    },
                                                    {
                                                        "Node Type": "Seq Scan",
                                                        "Parent Relationship": "Inner",
                                                        "Parallel Aware": false,
                                                        "Async Capable": false,
                                                        "Relation Name": "tag",
                                                        "Alias": "tag",
                                                        "Startup Cost": 0.0,
                                                        "Total Cost": 3534.62,
                                                        "Plan Rows": 3,
                                                        "Plan Width": 8,
                                                        "Actual Startup Time": 0.571,
                                                        "Actual Total Time": 8.564,
                                                        "Actual Rows": 9,
                                                        "Actual Loops": 1,
                                                        "Filter": "((name)::text = 'heatmap'::text)",
                                                        "Rows Removed by Filter": 186761
                                                    }
                                                ]
                                            },
                                            {
                                                "Node Type": "Index Only Scan",
                                                "Parent Relationship": "Inner",
                                                "Parallel Aware": false,
                                                "Async Capable": false,
                                                "Scan Direction": "Forward",
                                                "Index Name": "tag_question_site_id_tag_id_question_id_idx",
                                                "Relation Name": "tag_question",
                                                "Alias": "tag_question",
                                                "Startup Cost": 0.56,
                                                "Total Cost": 61.69,
                                                "Plan Rows": 31,
                                                "Plan Width": 12,
                                                "Actual Startup Time": 0.015,
                                                "Actual Total Time": 0.016,
                                                "Actual Rows": 1,
                                                "Actual Loops": 1,
                                                "Index Cond": "((site_id = tag.site_id) AND (tag_id = tag.id))",
                                                "Rows Removed by Index Recheck": 0,
                                                "Heap Fetches": 1
                                            }
                                        ]
                                    },
                                    {
                                        "Node Type": "Index Only Scan",
                                        "Parent Relationship": "Inner",
                                        "Parallel Aware": false,
                                        "Async Capable": false,
                                        "Scan Direction": "Forward",
                                        "Index Name": "question_pkey",
                                        "Relation Name": "question",
                                        "Alias": "question",
                                        "Startup Cost": 0.43,
                                        "Total Cost": 3.35,
                                        "Plan Rows": 1,
                                        "Plan Width": 8,
                                        "Actual Startup Time": 0.006,
                                        "Actual Total Time": 0.007,
                                        "Actual Rows": 1,
                                        "Actual Loops": 1,
                                        "Index Cond": "((id = tag_question.question_id) AND (site_id = tag_question.site_id))",
                                        "Rows Removed by Index Recheck": 0,
                                        "Heap Fetches": 0
                                    }
                                ]
                            }
                        ]
                    },
                    "Planning Time": 0.522,
                    "Triggers": [],
                    "Execution Time": 8.636
                }
            ],
            "hints": [
                "SET enable_hashjoin TO on",
                "SET enable_indexonlyscan TO on",
                "SET enable_indexscan TO on",
                "SET enable_mergejoin TO off",
                "SET enable_nestloop TO on",
                "SET enable_seqscan TO on"
            ]
        }
    ]
}