{
    "sql_file": "soload_q8-002.sql",
    "query": "select count(distinct q1.id) from\nsite, post_link pl, question q1, question q2, comment c1, comment c2,\ntag, tag_question tq1, tag_question tq2\nwhere\nsite.site_name = 'german' and\npl.site_id = site.site_id and\n\npl.site_id = q1.site_id and\npl.post_id_from = q1.id and\npl.site_id = q2.site_id and\npl.post_id_to = q2.id and\n\nc1.site_id = q1.site_id and\nc1.post_id = q1.id and\n\nc2.site_id = q2.site_id and\nc2.post_id = q2.id and\n\nc1.date > c2.date and\n\ntag.name in ('angularjs', 'excel') and\ntag.id = tq1.tag_id and\ntag.site_id = tq1.site_id and\ntag.id = tq2.tag_id and\ntag.site_id = tq1.site_id and\n\ntag.site_id = pl.site_id and\n\ntq1.site_id = q1.site_id and\ntq1.question_id = q1.id and\ntq2.site_id = q2.site_id and\ntq2.question_id = q2.id;",
    "results": [
        {
            "arm": 0,
            "execution_time": 10.042,
            "plan": [
                {
                    "Plan": {
                        "Node Type": "Aggregate",
                        "Strategy": "Plain",
                        "Partial Mode": "Simple",
                        "Parallel Aware": false,
                        "Async Capable": false,
                        "Startup Cost": 3729.94,
                        "Total Cost": 3729.95,
                        "Plan Rows": 1,
                        "Plan Width": 8,
                        "Actual Startup Time": 9.993,
                        "Actual Total Time": 9.995,
                        "Actual Rows": 1,
                        "Actual Loops": 1,
                        "Plans": [
                            {
                                "Node Type": "Sort",
                                "Parent Relationship": "Outer",
                                "Parallel Aware": false,
                                "Async Capable": false,
                                "Startup Cost": 3729.93,
                                "Total Cost": 3729.94,
                                "Plan Rows": 1,
                                "Plan Width": 4,
                                "Actual Startup Time": 9.991,
                                "Actual Total Time": 9.993,
                                "Actual Rows": 0,
                                "Actual Loops": 1,
                                "Sort Key": [
                                    "q1.id"
                                ],
                                "Sort Method": "quicksort",
                                "Sort Space Used": 25,
                                "Sort Space Type": "Memory",
                                "Plans": [
                                    {
                                        "Node Type": "Nested Loop",
                                        "Parent Relationship": "Outer",
                                        "Parallel Aware": false,
                                        "Async Capable": false,
                                        "Join Type": "Inner",
                                        "Startup Cost": 3.56,
                                        "Total Cost": 3729.92,
                                        "Plan Rows": 1,
                                        "Plan Width": 4,
                                        "Actual Startup Time": 9.987,
                                        "Actual Total Time": 9.989,
                                        "Actual Rows": 0,
                                        "Actual Loops": 1,
                                        "Inner Unique": false,
                                        "Join Filter": "((c1.date > c2.date) AND (pl.post_id_to = c2.post_id) AND (c2.site_id = tag.site_id))",
                                        "Rows Removed by Join Filter": 0,
                                        "Plans": [
                                            {
                                                "Node Type": "Nested Loop",
                                                "Parent Relationship": "Outer",
                                                "Parallel Aware": false,
                                                "Async Capable": false,
                                                "Join Type": "Inner",
                                                "Startup Cost": 3.0,
                                                "Total Cost": 3721.76,
                                                "Plan Rows": 1,
                                                "Plan Width": 56,
                                                "Actual Startup Time": 9.987,
                                                "Actual Total Time": 9.989,
                                                "Actual Rows": 0,
                                                "Actual Loops": 1,
                                                "Inner Unique": true,
                                                "Join Filter": "((tag.id = tq2.tag_id) AND (tag.site_id = tq2.site_id))",
                                                "Rows Removed by Join Filter": 0,
                                                "Plans": [
                                                    {
                                                        "Node Type": "Nested Loop",
                                                        "Parent Relationship": "Outer",
                                                        "Parallel Aware": false,
                                                        "Async Capable": false,
                                                        "Join Type": "Inner",
                                                        "Startup Cost": 2.43,
                                                        "Total Cost": 3713.6,
                                                        "Plan Rows": 1,
                                                        "Plan Width": 56,
                                                        "Actual Startup Time": 9.987,
                                                        "Actual Total Time": 9.988,
                                                        "Actual Rows": 0,
                                                        "Actual Loops": 1,
                                                        "Inner Unique": true,
                                                        "Join Filter": "(q2.site_id = tag.site_id)",
                                                        "Rows Removed by Join Filter": 0,
                                                        "Plans": [
                                                            {
                                                                "Node Type": "Nested Loop",
                                                                "Parent Relationship": "Outer",
                                                                "Parallel Aware": false,
                                                                "Async Capable": false,
                                                                "Join Type": "Inner",
                                                                "Startup Cost": 2.0,
                                                                "Total Cost": 3709.36,
                                                                "Plan Rows": 1,
                                                                "Plan Width": 48,
                                                                "Actual Startup Time": 9.987,
                                                                "Actual Total Time": 9.988,
                                                                "Actual Rows": 0,
                                                                "Actual Loops": 1,
                                                                "Inner Unique": false,
                                                                "Join Filter": "(pl.site_id = tag.site_id)",
                                                                "Rows Removed by Join Filter": 0,
                                                                "Plans": [
                                                                    {
                                                                        "Node Type": "Nested Loop",
                                                                        "Parent Relationship": "Outer",
                                                                        "Parallel Aware": false,
                                                                        "Async Capable": false,
                                                                        "Join Type": "Inner",
                                                                        "Startup Cost": 1.57,
                                                                        "Total Cost": 3701.35,
                                                                        "Plan Rows": 1,
                                                                        "Plan Width": 48,
                                                                        "Actual Startup Time": 9.987,
                                                                        "Actual Total Time": 9.988,
                                                                        "Actual Rows": 0,
                                                                        "Actual Loops": 1,
                                                                        "Inner Unique": false,
                                                                        "Join Filter": "(c1.site_id = tag.site_id)",
                                                                        "Rows Removed by Join Filter": 0,
                                                                        "Plans": [
                                                                            {
                                                                                "Node Type": "Nested Loop",
                                                                                "Parent Relationship": "Outer",
                                                                                "Parallel Aware": false,
                                                                                "Async Capable": false,
                                                                                "Join Type": "Inner",
                                                                                "Startup Cost": 1.0,
                                                                                "Total Cost": 3693.19,
                                                                                "Plan Rows": 1,
                                                                                "Plan Width": 32,
                                                                                "Actual Startup Time": 9.986,
                                                                                "Actual Total Time": 9.987,
                                                                                "Actual Rows": 0,
                                                                                "Actual Loops": 1,
                                                                                "Inner Unique": true,
                                                                                "Join Filter": "(q1.site_id = tag.site_id)",
                                                                                "Rows Removed by Join Filter": 0,
                                                                                "Plans": [
                                                                                    {
                                                                                        "Node Type": "Nested Loop",
                                                                                        "Parent Relationship": "Outer",
                                                                                        "Parallel Aware": false,
                                                                                        "Async Capable": false,
                                                                                        "Join Type": "Inner",
                                                                                        "Startup Cost": 0.56,
                                                                                        "Total Cost": 3599.84,
                                                                                        "Plan Rows": 22,
                                                                                        "Plan Width": 24,
                                                                                        "Actual Startup Time": 9.986,
                                                                                        "Actual Total Time": 9.987,
                                                                                        "Actual Rows": 0,
                                                                                        "Actual Loops": 1,
                                                                                        "Inner Unique": false,
                                                                                        "Plans": [
                                                                                            {
                                                                                                "Node Type": "Nested Loop",
                                                                                                "Parent Relationship": "Outer",
                                                                                                "Parallel Aware": false,
                                                                                                "Async Capable": false,
                                                                                                "Join Type": "Inner",
                                                                                                "Startup Cost": 0.0,
                                                                                                "Total Cost": 3537.85,
                                                                                                "Plan Rows": 1,
                                                                                                "Plan Width": 12,
                                                                                                "Actual Startup Time": 9.986,
                                                                                                "Actual Total Time": 9.987,
                                                                                                "Actual Rows": 0,
                                                                                                "Actual Loops": 1,
                                                                                                "Inner Unique": false,
                                                                                                "Join Filter": "(site.site_id = tag.site_id)",
                                                                                                "Rows Removed by Join Filter": 37,
                                                                                                "Plans": [
                                                                                                    {
                                                                                                        "Node Type": "Seq Scan",
                                                                                                        "Parent Relationship": "Outer",
                                                                                                        "Parallel Aware": false,
                                                                                                        "Async Capable": false,
                                                                                                        "Relation Name": "site",
                                                                                                        "Alias": "site",
                                                                                                        "Startup Cost": 0.0,
                                                                                                        "Total Cost": 3.16,
                                                                                                        "Plan Rows": 1,
                                                                                                        "Plan Width": 4,
                                                                                                        "Actual Startup Time": 0.012,
                                                                                                        "Actual Total Time": 0.016,
                                                                                                        "Actual Rows": 1,
                                                                                                        "Actual Loops": 1,
                                                                                                        "Filter": "((site_name)::text = 'german'::text)",
                                                                                                        "Rows Removed by Filter": 172
                                                                                                    },
                                                                                                    {
                                                                                                        "Node Type": "Seq Scan",
                                                                                                        "Parent Relationship": "Inner",
                                                                                                        "Parallel Aware": false,
                                                                                                        "Async Capable": false,
                                                                                                        "Relation Name": "tag",
                                                                                                        "Alias": "tag",
                                                                                                        "Startup Cost": 0.0,
                                                                                                        "Total Cost": 3534.62,
                                                                                                        "Plan Rows": 5,
                                                                                                        "Plan Width": 8,
                                                                                                        "Actual Startup Time": 0.08,
                                                                                                        "Actual Total Time": 9.968,
                                                                                                        "Actual Rows": 37,
                                                                                                        "Actual Loops": 1,
                                                                                                        "Filter": "((name)::text = ANY ('{angularjs,excel}'::text[]))",
                                                                                                        "Rows Removed by Filter": 186733
                                                                                                    }
                                                                                                ]
                                                                                            },
                                                                                            {
                                                                                                "Node Type": "Index Only Scan",
                                                                                                "Parent Relationship": "Inner",
                                                                                                "Parallel Aware": false,
                                                                                                "Async Capable": false,
                                                                                                "Scan Direction": "Forward",
                                                                                                "Index Name": "tag_question_site_id_tag_id_question_id_idx",
                                                                                                "Relation Name": "tag_question",
                                                                                                "Alias": "tq1",
                                                                                                "Startup Cost": 0.56,
                                                                                                "Total Cost": 61.69,
                                                                                                "Plan Rows": 31,
                                                                                                "Plan Width": 12,
                                                                                                "Actual Startup Time": 0.0,
                                                                                                "Actual Total Time": 0.0,
                                                                                                "Actual Rows": 0,
                                                                                                "Actual Loops": 0,
                                                                                                "Index Cond": "((site_id = tag.site_id) AND (tag_id = tag.id))",
                                                                                                "Rows Removed by Index Recheck": 0,
                                                                                                "Heap Fetches": 0
                                                                                            }
                                                                                        ]
                                                                                    },
                                                                                    {
                                                                                        "Node Type": "Index Only Scan",
                                                                                        "Parent Relationship": "Inner",
                                                                                        "Parallel Aware": false,
                                                                                        "Async Capable": false,
                                                                                        "Scan Direction": "Forward",
                                                                                        "Index Name": "question_pkey",
                                                                                        "Relation Name": "question",
                                                                                        "Alias": "q1",
                                                                                        "Startup Cost": 0.43,
                                                                                        "Total Cost": 4.23,
                                                                                        "Plan Rows": 1,
                                                                                        "Plan Width": 8,
                                                                                        "Actual Startup Time": 0.0,
                                                                                        "Actual Total Time": 0.0,
                                                                                        "Actual Rows": 0,
                                                                                        "Actual Loops": 0,
                                                                                        "Index Cond": "((id = tq1.question_id) AND (site_id = tq1.site_id))",
                                                                                        "Rows Removed by Index Recheck": 0,
                                                                                        "Heap Fetches": 0
                                                                                    }
                                                                                ]
                                                                            },
                                                                            {
                                                                                "Node Type": "Index Scan",
                                                                                "Parent Relationship": "Inner",
                                                                                "Parallel Aware": false,
                                                                                "Async Capable": false,
                                                                                "Scan Direction": "Forward",
                                                                                "Index Name": "comment_site_id_post_id_idx",
                                                                                "Relation Name": "comment",
                                                                                "Alias": "c1",
                                                                                "Startup Cost": 0.57,
                                                                                "Total Cost": 8.15,
                                                                                "Plan Rows": 1,
                                                                                "Plan Width": 16,
                                                                                "Actual Startup Time": 0.0,
                                                                                "Actual Total Time": 0.0,
                                                                                "Actual Rows": 0,
                                                                                "Actual Loops": 0,
                                                                                "Index Cond": "((site_id = q1.site_id) AND (post_id = q1.id))",
                                                                                "Rows Removed by Index Recheck": 0
                                                                            }
                                                                        ]
                                                                    },
                                                                    {
                                                                        "Node Type": "Index Only Scan",
                                                                        "Parent Relationship": "Inner",
                                                                        "Parallel Aware": false,
                                                                        "Async Capable": false,
                                                                        "Scan Direction": "Forward",
                                                                        "Index Name": "post_link_pkey",
                                                                        "Relation Name": "post_link",
                                                                        "Alias": "pl",
                                                                        "Startup Cost": 0.43,
                                                                        "Total Cost": 8.0,
                                                                        "Plan Rows": 1,
                                                                        "Plan Width": 12,
                                                                        "Actual Startup Time": 0.0,
                                                                        "Actual Total Time": 0.0,
                                                                        "Actual Rows": 0,
                                                                        "Actual Loops": 0,
                                                                        "Index Cond": "((site_id = q1.site_id) AND (post_id_from = q1.id))",
                                                                        "Rows Removed by Index Recheck": 0,
                                                                        "Heap Fetches": 0
                                                                    }
                                                                ]
                                                            },
                                                            {
                                                                "Node Type": "Index Only Scan",
                                                                "Parent Relationship": "Inner",
                                                                "Parallel Aware": false,
                                                                "Async Capable": false,
                                                                "Scan Direction": "Forward",
                                                                "Index Name": "question_pkey",
                                                                "Relation Name": "question",
                                                                "Alias": "q2",
                                                                "Startup Cost": 0.43,
                                                                "Total Cost": 4.23,
                                                                "Plan Rows": 1,
                                                                "Plan Width": 8,
                                                                "Actual Startup Time": 0.0,
                                                                "Actual Total Time": 0.0,
                                                                "Actual Rows": 0,
                                                                "Actual Loops": 0,
                                                                "Index Cond": "((id = pl.post_id_to) AND (site_id = pl.site_id))",
                                                                "Rows Removed by Index Recheck": 0,
                                                                "Heap Fetches": 0
                                                            }
                                                        ]
                                                    },
                                                    {
                                                        "Node Type": "Index Only Scan",
                                                        "Parent Relationship": "Inner",
                                                        "Parallel Aware": false,
                                                        "Async Capable": false,
                                                        "Scan Direction": "Forward",
                                                        "Index Name": "tag_question_pkey",
                                                        "Relation Name": "tag_question",
                                                        "Alias": "tq2",
                                                        "Startup Cost": 0.56,
                                                        "Total Cost": 8.14,
                                                        "Plan Rows": 1,
                                                        "Plan Width": 12,
                                                        "Actual Startup Time": 0.0,
                                                        "Actual Total Time": 0.0,
                                                        "Actual Rows": 0,
                                                        "Actual Loops": 0,
                                                        "Index Cond": "((site_id = pl.site_id) AND (question_id = pl.post_id_to))",
                                                        "Rows Removed by Index Recheck": 0,
                                                        "Heap Fetches": 0
                                                    }
                                                ]
                                            },
                                            {
                                                "Node Type": "Index Scan",
                                                "Parent Relationship": "Inner",
                                                "Parallel Aware": false,
                                                "Async Capable": false,
                                                "Scan Direction": "Forward",
                                                "Index Name": "comment_site_id_post_id_idx",
                                                "Relation Name": "comment",
                                                "Alias": "c2",
                                                "Startup Cost": 0.57,
                                                "Total Cost": 8.15,
                                                "Plan Rows": 1,
                                                "Plan Width": 16,
                                                "Actual Startup Time": 0.0,
                                                "Actual Total Time": 0.0,
                                                "Actual Rows": 0,
                                                "Actual Loops": 0,
                                                "Index Cond": "((site_id = tq2.site_id) AND (post_id = tq2.question_id))",
                                                "Rows Removed by Index Recheck": 0
                                            }
                                        ]
                                    }
                                ]
                            }
                        ]
                    },
                    "Planning Time": 264.068,
                    "Triggers": [],
                    "Execution Time": 10.042
                }
            ],
            "hints": [
                "SET enable_hashjoin TO on",
                "SET enable_indexonlyscan TO on",
                "SET enable_indexscan TO on",
                "SET enable_mergejoin TO on",
                "SET enable_nestloop TO on",
                "SET enable_seqscan TO on"
            ]
        },
        {
            "arm": 1,
            "execution_time": 5556.665,
            "plan": [
                {
                    "Plan": {
                        "Node Type": "Aggregate",
                        "Strategy": "Plain",
                        "Partial Mode": "Simple",
                        "Parallel Aware": false,
                        "Async Capable": false,
                        "Startup Cost": 7101176.25,
                        "Total Cost": 7101176.26,
                        "Plan Rows": 1,
                        "Plan Width": 8,
                        "Actual Startup Time": 5538.301,
                        "Actual Total Time": 5556.607,
                        "Actual Rows": 1,
                        "Actual Loops": 1,
                        "Plans": [
                            {
                                "Node Type": "Sort",
                                "Parent Relationship": "Outer",
                                "Parallel Aware": false,
                                "Async Capable": false,
                                "Startup Cost": 7101176.24,
                                "Total Cost": 7101176.25,
                                "Plan Rows": 1,
                                "Plan Width": 4,
                                "Actual Startup Time": 5538.298,
                                "Actual Total Time": 5556.603,
                                "Actual Rows": 0,
                                "Actual Loops": 1,
                                "Sort Key": [
                                    "q1.id"
                                ],
                                "Sort Method": "quicksort",
                                "Sort Space Used": 25,
                                "Sort Space Type": "Memory",
                                "Plans": [
                                    {
                                        "Node Type": "Gather",
                                        "Parent Relationship": "Outer",
                                        "Parallel Aware": false,
                                        "Async Capable": false,
                                        "Startup Cost": 4094995.43,
                                        "Total Cost": 7101176.23,
                                        "Plan Rows": 1,
                                        "Plan Width": 4,
                                        "Actual Startup Time": 5538.293,
                                        "Actual Total Time": 5556.598,
                                        "Actual Rows": 0,
                                        "Actual Loops": 1,
                                        "Workers Planned": 8,
                                        "Workers Launched": 7,
                                        "Single Copy": false,
                                        "Plans": [
                                            {
                                                "Node Type": "Hash Join",
                                                "Parent Relationship": "Outer",
                                                "Parallel Aware": true,
                                                "Async Capable": false,
                                                "Join Type": "Inner",
                                                "Startup Cost": 4093995.43,
                                                "Total Cost": 7100176.13,
                                                "Plan Rows": 1,
                                                "Plan Width": 4,
                                                "Actual Startup Time": 5534.939,
                                                "Actual Total Time": 5534.98,
                                                "Actual Rows": 0,
                                                "Actual Loops": 8,
                                                "Inner Unique": false,
                                                "Hash Cond": "((c2.post_id = pl.post_id_to) AND (c2.site_id = tag.site_id))",
                                                "Join Filter": "(c1.date > c2.date)",
                                                "Rows Removed by Join Filter": 0,
                                                "Workers": [],
                                                "Plans": [
                                                    {
                                                        "Node Type": "Seq Scan",
                                                        "Parent Relationship": "Outer",
                                                        "Parallel Aware": true,
                                                        "Async Capable": false,
                                                        "Relation Name": "comment",
                                                        "Alias": "c2",
                                                        "Startup Cost": 0.0,
                                                        "Total Cost": 2909153.53,
                                                        "Plan Rows": 12936953,
                                                        "Plan Width": 16,
                                                        "Actual Startup Time": 0.0,
                                                        "Actual Total Time": 0.0,
                                                        "Actual Rows": 0,
                                                        "Actual Loops": 0,
                                                        "Workers": []
                                                    },
                                                    {
                                                        "Node Type": "Hash",
                                                        "Parent Relationship": "Inner",
                                                        "Parallel Aware": true,
                                                        "Async Capable": false,
                                                        "Startup Cost": 4093995.41,
                                                        "Total Cost": 4093995.41,
                                                        "Plan Rows": 1,
                                                        "Plan Width": 56,
                                                        "Actual Startup Time": 5534.795,
                                                        "Actual Total Time": 5534.835,
                                                        "Actual Rows": 0,
                                                        "Actual Loops": 8,
                                                        "Hash Buckets": 1024,
                                                        "Original Hash Buckets": 1024,
                                                        "Hash Batches": 1,
                                                        "Original Hash Batches": 1,
                                                        "Peak Memory Usage": 0,
                                                        "Workers": [],
                                                        "Plans": [
                                                            {
                                                                "Node Type": "Hash Join",
                                                                "Parent Relationship": "Outer",
                                                                "Parallel Aware": true,
                                                                "Async Capable": false,
                                                                "Join Type": "Inner",
                                                                "Startup Cost": 3854638.76,
                                                                "Total Cost": 4093995.41,
                                                                "Plan Rows": 1,
                                                                "Plan Width": 56,
                                                                "Actual Startup Time": 5534.777,
                                                                "Actual Total Time": 5534.817,
                                                                "Actual Rows": 0,
                                                                "Actual Loops": 8,
                                                                "Inner Unique": false,
                                                                "Hash Cond": "((q2.id = pl.post_id_to) AND (q2.site_id = tag.site_id))",
                                                                "Workers": [],
                                                                "Plans": [
                                                                    {
                                                                        "Node Type": "Index Only Scan",
                                                                        "Parent Relationship": "Outer",
                                                                        "Parallel Aware": true,
                                                                        "Async Capable": false,
                                                                        "Scan Direction": "Forward",
                                                                        "Index Name": "question_pkey",
                                                                        "Relation Name": "question",
                                                                        "Alias": "q2",
                                                                        "Startup Cost": 0.43,
                                                                        "Total Cost": 223540.47,
                                                                        "Plan Rows": 2108881,
                                                                        "Plan Width": 8,
                                                                        "Actual Startup Time": 0.0,
                                                                        "Actual Total Time": 0.0,
                                                                        "Actual Rows": 0,
                                                                        "Actual Loops": 0,
                                                                        "Heap Fetches": 0,
                                                                        "Workers": []
                                                                    },
                                                                    {
                                                                        "Node Type": "Hash",
                                                                        "Parent Relationship": "Inner",
                                                                        "Parallel Aware": true,
                                                                        "Async Capable": false,
                                                                        "Startup Cost": 3854638.31,
                                                                        "Total Cost": 3854638.31,
                                                                        "Plan Rows": 1,
                                                                        "Plan Width": 48,
                                                                        "Actual Startup Time": 5534.762,
                                                                        "Actual Total Time": 5534.802,
                                                                        "Actual Rows": 0,
                                                                        "Actual Loops": 8,
                                                                        "Hash Buckets": 1024,
                                                                        "Original Hash Buckets": 1024,
                                                                        "Hash Batches": 1,
                                                                        "Original Hash Batches": 1,
                                                                        "Peak Memory Usage": 0,
                                                                        "Workers": [],
                                                                        "Plans": [
                                                                            {
                                                                                "Node Type": "Hash Join",
                                                                                "Parent Relationship": "Outer",
                                                                                "Parallel Aware": true,
                                                                                "Async Capable": false,
                                                                                "Join Type": "Inner",
                                                                                "Startup Cost": 3526151.68,
                                                                                "Total Cost": 3854638.31,
                                                                                "Plan Rows": 1,
                                                                                "Plan Width": 48,
                                                                                "Actual Startup Time": 5534.643,
                                                                                "Actual Total Time": 5534.683,
                                                                                "Actual Rows": 0,
                                                                                "Actual Loops": 8,
                                                                                "Inner Unique": false,
                                                                                "Hash Cond": "((q1.id = pl.post_id_from) AND (tq1.tag_id = tag.id) AND (tq1.site_id = tag.site_id))",
                                                                                "Workers": [],
                                                                                "Plans": [
                                                                                    {
                                                                                        "Node Type": "Hash Join",
                                                                                        "Parent Relationship": "Outer",
                                                                                        "Parallel Aware": true,
                                                                                        "Async Capable": false,
                                                                                        "Join Type": "Inner",
                                                                                        "Startup Cost": 3184453.42,
                                                                                        "Total Cost": 3512938.99,
                                                                                        "Plan Rows": 93,
                                                                                        "Plan Width": 40,
                                                                                        "Actual Startup Time": 4889.483,
                                                                                        "Actual Total Time": 4891.462,
                                                                                        "Actual Rows": 6333,
                                                                                        "Actual Loops": 8,
                                                                                        "Inner Unique": false,
                                                                                        "Hash Cond": "((tq1.question_id = q1.id) AND (tq1.site_id = site.site_id))",
                                                                                        "Workers": [],
                                                                                        "Plans": [
                                                                                            {
                                                                                                "Node Type": "Seq Scan",
                                                                                                "Parent Relationship": "Outer",
                                                                                                "Parallel Aware": true,
                                                                                                "Async Capable": false,
                                                                                                "Relation Name": "tag_question",
                                                                                                "Alias": "tq1",
                                                                                                "Startup Cost": 0.0,
                                                                                                "Total Cost": 273159.66,
                                                                                                "Plan Rows": 7376766,
                                                                                                "Plan Width": 12,
                                                                                                "Actual Startup Time": 0.006,
                                                                                                "Actual Total Time": 188.324,
                                                                                                "Actual Rows": 4610477,
                                                                                                "Actual Loops": 8,
                                                                                                "Workers": []
                                                                                            },
                                                                                            {
                                                                                                "Node Type": "Hash",
                                                                                                "Parent Relationship": "Inner",
                                                                                                "Parallel Aware": true,
                                                                                                "Async Capable": false,
                                                                                                "Startup Cost": 3184428.95,
                                                                                                "Total Cost": 3184428.95,
                                                                                                "Plan Rows": 1631,
                                                                                                "Plan Width": 28,
                                                                                                "Actual Startup Time": 4458.458,
                                                                                                "Actual Total Time": 4458.494,
                                                                                                "Actual Rows": 3075,
                                                                                                "Actual Loops": 8,
                                                                                                "Hash Buckets": 32768,
                                                                                                "Original Hash Buckets": 16384,
                                                                                                "Hash Batches": 1,
                                                                                                "Original Hash Batches": 1,
                                                                                                "Peak Memory Usage": 2080,
                                                                                                "Workers": [],
                                                                                                "Plans": [
                                                                                                    {
                                                                                                        "Node Type": "Hash Join",
                                                                                                        "Parent Relationship": "Outer",
                                                                                                        "Parallel Aware": true,
                                                                                                        "Async Capable": false,
                                                                                                        "Join Type": "Inner",
                                                                                                        "Startup Cost": 2945070.27,
                                                                                                        "Total Cost": 3184428.95,
                                                                                                        "Plan Rows": 1631,
                                                                                                        "Plan Width": 28,
                                                                                                        "Actual Startup Time": 4146.766,
                                                                                                        "Actual Total Time": 4456.525,
                                                                                                        "Actual Rows": 3075,
                                                                                                        "Actual Loops": 8,
                                                                                                        "Inner Unique": false,
                                                                                                        "Hash Cond": "((q1.id = c1.post_id) AND (q1.site_id = site.site_id))",
                                                                                                        "Workers": [],
                                                                                                        "Plans": [
                                                                                                            {
                                                                                                                "Node Type": "Index Only Scan",
                                                                                                                "Parent Relationship": "Outer",
                                                                                                                "Parallel Aware": true,
                                                                                                                "Async Capable": false,
                                                                                                                "Scan Direction": "Forward",
                                                                                                                "Index Name": "question_pkey",
                                                                                                                "Relation Name": "question",
                                                                                                                "Alias": "q1",
                                                                                                                "Startup Cost": 0.43,
                                                                                                                "Total Cost": 223540.47,
                                                                                                                "Plan Rows": 2108881,
                                                                                                                "Plan Width": 8,
                                                                                                                "Actual Startup Time": 0.292,
                                                                                                                "Actual Total Time": 218.794,
                                                                                                                "Actual Rows": 1583305,
                                                                                                                "Actual Loops": 8,
                                                                                                                "Heap Fetches": 0,
                                                                                                                "Workers": []
                                                                                                            },
                                                                                                            {
                                                                                                                "Node Type": "Hash",
                                                                                                                "Parent Relationship": "Inner",
                                                                                                                "Parallel Aware": true,
                                                                                                                "Async Capable": false,
                                                                                                                "Startup Cost": 2943948.13,
                                                                                                                "Total Cost": 2943948.13,
                                                                                                                "Plan Rows": 74780,
                                                                                                                "Plan Width": 20,
                                                                                                                "Actual Startup Time": 4145.444,
                                                                                                                "Actual Total Time": 4145.446,
                                                                                                                "Actual Rows": 11310,
                                                                                                                "Actual Loops": 8,
                                                                                                                "Hash Buckets": 1048576,
                                                                                                                "Original Hash Buckets": 1048576,
                                                                                                                "Hash Batches": 1,
                                                                                                                "Original Hash Batches": 1,
                                                                                                                "Peak Memory Usage": 13184,
                                                                                                                "Workers": [],
                                                                                                                "Plans": [
                                                                                                                    {
                                                                                                                        "Node Type": "Hash Join",
                                                                                                                        "Parent Relationship": "Outer",
                                                                                                                        "Parallel Aware": false,
                                                                                                                        "Async Capable": false,
                                                                                                                        "Join Type": "Inner",
                                                                                                                        "Startup Cost": 3.18,
                                                                                                                        "Total Cost": 2943948.13,
                                                                                                                        "Plan Rows": 74780,
                                                                                                                        "Plan Width": 20,
                                                                                                                        "Actual Startup Time": 2735.981,
                                                                                                                        "Actual Total Time": 4141.035,
                                                                                                                        "Actual Rows": 11310,
                                                                                                                        "Actual Loops": 8,
                                                                                                                        "Inner Unique": true,
                                                                                                                        "Hash Cond": "(c1.site_id = site.site_id)",
                                                                                                                        "Workers": [],
                                                                                                                        "Plans": [
                                                                                                                            {
                                                                                                                                "Node Type": "Seq Scan",
                                                                                                                                "Parent Relationship": "Outer",
                                                                                                                                "Parallel Aware": true,
                                                                                                                                "Async Capable": false,
                                                                                                                                "Relation Name": "comment",
                                                                                                                                "Alias": "c1",
                                                                                                                                "Startup Cost": 0.0,
                                                                                                                                "Total Cost": 2909153.53,
                                                                                                                                "Plan Rows": 12936953,
                                                                                                                                "Plan Width": 16,
                                                                                                                                "Actual Startup Time": 0.17,
                                                                                                                                "Actual Total Time": 3667.353,
                                                                                                                                "Actual Rows": 12932495,
                                                                                                                                "Actual Loops": 8,
                                                                                                                                "Workers": []
                                                                                                                            },
                                                                                                                            {
                                                                                                                                "Node Type": "Hash",
                                                                                                                                "Parent Relationship": "Inner",
                                                                                                                                "Parallel Aware": false,
                                                                                                                                "Async Capable": false,
                                                                                                                                "Startup Cost": 3.16,
                                                                                                                                "Total Cost": 3.16,
                                                                                                                                "Plan Rows": 1,
                                                                                                                                "Plan Width": 4,
                                                                                                                                "Actual Startup Time": 0.025,
                                                                                                                                "Actual Total Time": 0.026,
                                                                                                                                "Actual Rows": 1,
                                                                                                                                "Actual Loops": 8,
                                                                                                                                "Hash Buckets": 1024,
                                                                                                                                "Original Hash Buckets": 1024,
                                                                                                                                "Hash Batches": 1,
                                                                                                                                "Original Hash Batches": 1,
                                                                                                                                "Peak Memory Usage": 9,
                                                                                                                                "Workers": [],
                                                                                                                                "Plans": [
                                                                                                                                    {
                                                                                                                                        "Node Type": "Seq Scan",
                                                                                                                                        "Parent Relationship": "Outer",
                                                                                                                                        "Parallel Aware": false,
                                                                                                                                        "Async Capable": false,
                                                                                                                                        "Relation Name": "site",
                                                                                                                                        "Alias": "site",
                                                                                                                                        "Startup Cost": 0.0,
                                                                                                                                        "Total Cost": 3.16,
                                                                                                                                        "Plan Rows": 1,
                                                                                                                                        "Plan Width": 4,
                                                                                                                                        "Actual Startup Time": 0.017,
                                                                                                                                        "Actual Total Time": 0.021,
                                                                                                                                        "Actual Rows": 1,
                                                                                                                                        "Actual Loops": 8,
                                                                                                                                        "Filter": "((site_name)::text = 'german'::text)",
                                                                                                                                        "Rows Removed by Filter": 172,
                                                                                                                                        "Workers": []
                                                                                                                                    }
                                                                                                                                ]
                                                                                                                            }
                                                                                                                        ]
                                                                                                                    }
                                                                                                                ]
                                                                                                            }
                                                                                                        ]
                                                                                                    }
                                                                                                ]
                                                                                            }
                                                                                        ]
                                                                                    },
                                                                                    {
                                                                                        "Node Type": "Hash",
                                                                                        "Parent Relationship": "Inner",
                                                                                        "Parallel Aware": true,
                                                                                        "Async Capable": false,
                                                                                        "Startup Cost": 341696.8,
                                                                                        "Total Cost": 341696.8,
                                                                                        "Plan Rows": 84,
                                                                                        "Plan Width": 32,
                                                                                        "Actual Startup Time": 642.639,
                                                                                        "Actual Total Time": 642.642,
                                                                                        "Actual Rows": 3298,
                                                                                        "Actual Loops": 8,
                                                                                        "Hash Buckets": 32768,
                                                                                        "Original Hash Buckets": 1024,
                                                                                        "Hash Batches": 1,
                                                                                        "Original Hash Batches": 1,
                                                                                        "Peak Memory Usage": 2296,
                                                                                        "Workers": [],
                                                                                        "Plans": [
                                                                                            {
                                                                                                "Node Type": "Hash Join",
                                                                                                "Parent Relationship": "Outer",
                                                                                                "Parallel Aware": true,
                                                                                                "Async Capable": false,
                                                                                                "Join Type": "Inner",
                                                                                                "Startup Cost": 314466.1,
                                                                                                "Total Cost": 341696.8,
                                                                                                "Plan Rows": 84,
                                                                                                "Plan Width": 32,
                                                                                                "Actual Startup Time": 532.623,
                                                                                                "Actual Total Time": 625.975,
                                                                                                "Actual Rows": 3298,
                                                                                                "Actual Loops": 8,
                                                                                                "Inner Unique": false,
                                                                                                "Hash Cond": "((pl.post_id_to = tq2.question_id) AND (pl.site_id = tag.site_id))",
                                                                                                "Workers": [],
                                                                                                "Plans": [
                                                                                                    {
                                                                                                        "Node Type": "Seq Scan",
                                                                                                        "Parent Relationship": "Outer",
                                                                                                        "Parallel Aware": true,
                                                                                                        "Async Capable": false,
                                                                                                        "Relation Name": "post_link",
                                                                                                        "Alias": "pl",
                                                                                                        "Startup Cost": 0.0,
                                                                                                        "Total Cost": 21752.3,
                                                                                                        "Plan Rows": 730430,
                                                                                                        "Plan Width": 12,
                                                                                                        "Actual Startup Time": 7.351,
                                                                                                        "Actual Total Time": 82.515,
                                                                                                        "Actual Rows": 283042,
                                                                                                        "Actual Loops": 8,
                                                                                                        "Workers": []
                                                                                                    },
                                                                                                    {
                                                                                                        "Node Type": "Hash",
                                                                                                        "Parent Relationship": "Inner",
                                                                                                        "Parallel Aware": true,
                                                                                                        "Async Capable": false,
                                                                                                        "Startup Cost": 314463.15,
                                                                                                        "Total Cost": 314463.15,
                                                                                                        "Plan Rows": 197,
                                                                                                        "Plan Width": 20,
                                                                                                        "Actual Startup Time": 517.071,
                                                                                                        "Actual Total Time": 517.072,
                                                                                                        "Actual Rows": 28628,
                                                                                                        "Actual Loops": 8,
                                                                                                        "Hash Buckets": 262144,
                                                                                                        "Original Hash Buckets": 1024,
                                                                                                        "Hash Batches": 1,
                                                                                                        "Original Hash Batches": 1,
                                                                                                        "Peak Memory Usage": 16760,
                                                                                                        "Workers": [],
                                                                                                        "Plans": [
                                                                                                            {
                                                                                                                "Node Type": "Hash Join",
                                                                                                                "Parent Relationship": "Outer",
                                                                                                                "Parallel Aware": true,
                                                                                                                "Async Capable": false,
                                                                                                                "Join Type": "Inner",
                                                                                                                "Startup Cost": 2573.35,
                                                                                                                "Total Cost": 314463.15,
                                                                                                                "Plan Rows": 197,
                                                                                                                "Plan Width": 20,
                                                                                                                "Actual Startup Time": 16.014,
                                                                                                                "Actual Total Time": 409.823,
                                                                                                                "Actual Rows": 28628,
                                                                                                                "Actual Loops": 8,
                                                                                                                "Inner Unique": true,
                                                                                                                "Hash Cond": "((tq2.tag_id = tag.id) AND (tq2.site_id = tag.site_id))",
                                                                                                                "Workers": [],
                                                                                                                "Plans": [
                                                                                                                    {
                                                                                                                        "Node Type": "Seq Scan",
                                                                                                                        "Parent Relationship": "Outer",
                                                                                                                        "Parallel Aware": true,
                                                                                                                        "Async Capable": false,
                                                                                                                        "Relation Name": "tag_question",
                                                                                                                        "Alias": "tq2",
                                                                                                                        "Startup Cost": 0.0,
                                                                                                                        "Total Cost": 273159.66,
                                                                                                                        "Plan Rows": 7376766,
                                                                                                                        "Plan Width": 12,
                                                                                                                        "Actual Startup Time": 0.025,
                                                                                                                        "Actual Total Time": 192.924,
                                                                                                                        "Actual Rows": 4610477,
                                                                                                                        "Actual Loops": 8,
                                                                                                                        "Workers": []
                                                                                                                    },
                                                                                                                    {
                                                                                                                        "Node Type": "Hash",
                                                                                                                        "Parent Relationship": "Inner",
                                                                                                                        "Parallel Aware": true,
                                                                                                                        "Async Capable": false,
                                                                                                                        "Startup Cost": 2573.31,
                                                                                                                        "Total Cost": 2573.31,
                                                                                                                        "Plan Rows": 3,
                                                                                                                        "Plan Width": 8,
                                                                                                                        "Actual Startup Time": 1.847,
                                                                                                                        "Actual Total Time": 1.847,
                                                                                                                        "Actual Rows": 5,
                                                                                                                        "Actual Loops": 8,
                                                                                                                        "Hash Buckets": 1024,
                                                                                                                        "Original Hash Buckets": 1024,
                                                                                                                        "Hash Batches": 1,
                                                                                                                        "Original Hash Batches": 1,
                                                                                                                        "Peak Memory Usage": 264,
                                                                                                                        "Workers": [],
                                                                                                                        "Plans": [
                                                                                                                            {
                                                                                                                                "Node Type": "Seq Scan",
                                                                                                                                "Parent Relationship": "Outer",
                                                                                                                                "Parallel Aware": true,
                                                                                                                                "Async Capable": false,
                                                                                                                                "Relation Name": "tag",
                                                                                                                                "Alias": "tag",
                                                                                                                                "Startup Cost": 0.0,
                                                                                                                                "Total Cost": 2573.31,
                                                                                                                                "Plan Rows": 3,
                                                                                                                                "Plan Width": 8,
                                                                                                                                "Actual Startup Time": 0.19,
                                                                                                                                "Actual Total Time": 1.756,
                                                                                                                                "Actual Rows": 5,
                                                                                                                                "Actual Loops": 8,
                                                                                                                                "Filter": "((name)::text = ANY ('{angularjs,excel}'::text[]))",
                                                                                                                                "Rows Removed by Filter": 23342,
                                                                                                                                "Workers": []
                                                                                                                            }
                                                                                                                        ]
                                                                                                                    }
                                                                                                                ]
                                                                                                            }
                                                                                                        ]
                                                                                                    }
                                                                                                ]
                                                                                            }
                                                                                        ]
                                                                                    }
                                                                                ]
                                                                            }
                                                                        ]
                                                                    }
                                                                ]
                                                            }
                                                        ]
                                                    }
                                                ]
                                            }
                                        ]
                                    }
                                ]
                            }
                        ]
                    },
                    "Planning Time": 250.627,
                    "Triggers": [],
                    "Execution Time": 5556.665
                }
            ],
            "hints": [
                "SET enable_hashjoin TO on",
                "SET enable_indexonlyscan TO on",
                "SET enable_indexscan TO on",
                "SET enable_mergejoin TO on",
                "SET enable_nestloop TO off",
                "SET enable_seqscan TO on"
            ]
        },
        {
            "arm": 2,
            "execution_time": 7.784,
            "plan": [
                {
                    "Plan": {
                        "Node Type": "Aggregate",
                        "Strategy": "Plain",
                        "Partial Mode": "Simple",
                        "Parallel Aware": false,
                        "Async Capable": false,
                        "Startup Cost": 3853.93,
                        "Total Cost": 3853.94,
                        "Plan Rows": 1,
                        "Plan Width": 8,
                        "Actual Startup Time": 6.921,
                        "Actual Total Time": 7.725,
                        "Actual Rows": 1,
                        "Actual Loops": 1,
                        "Plans": [
                            {
                                "Node Type": "Nested Loop",
                                "Parent Relationship": "Outer",
                                "Parallel Aware": false,
                                "Async Capable": false,
                                "Join Type": "Inner",
                                "Startup Cost": 3833.67,
                                "Total Cost": 3853.93,
                                "Plan Rows": 1,
                                "Plan Width": 4,
                                "Actual Startup Time": 6.919,
                                "Actual Total Time": 7.723,
                                "Actual Rows": 0,
                                "Actual Loops": 1,
                                "Inner Unique": true,
                                "Join Filter": "((tag.id = tq2.tag_id) AND (tag.site_id = tq2.site_id))",
                                "Rows Removed by Join Filter": 0,
                                "Plans": [
                                    {
                                        "Node Type": "Nested Loop",
                                        "Parent Relationship": "Outer",
                                        "Parallel Aware": false,
                                        "Async Capable": false,
                                        "Join Type": "Inner",
                                        "Startup Cost": 3829.32,
                                        "Total Cost": 3845.55,
                                        "Plan Rows": 1,
                                        "Plan Width": 56,
                                        "Actual Startup Time": 6.919,
                                        "Actual Total Time": 7.722,
                                        "Actual Rows": 0,
                                        "Actual Loops": 1,
                                        "Inner Unique": false,
                                        "Join Filter": "((c1.date > c2.date) AND (c2.site_id = tag.site_id))",
                                        "Rows Removed by Join Filter": 0,
                                        "Plans": [
                                            {
                                                "Node Type": "Nested Loop",
                                                "Parent Relationship": "Outer",
                                                "Parallel Aware": false,
                                                "Async Capable": false,
                                                "Join Type": "Inner",
                                                "Startup Cost": 3824.96,
                                                "Total Cost": 3837.16,
                                                "Plan Rows": 1,
                                                "Plan Width": 56,
                                                "Actual Startup Time": 6.918,
                                                "Actual Total Time": 7.722,
                                                "Actual Rows": 0,
                                                "Actual Loops": 1,
                                                "Inner Unique": false,
                                                "Join Filter": "(c1.site_id = tag.site_id)",
                                                "Rows Removed by Join Filter": 0,
                                                "Plans": [
                                                    {
                                                        "Node Type": "Nested Loop",
                                                        "Parent Relationship": "Outer",
                                                        "Parallel Aware": false,
                                                        "Async Capable": false,
                                                        "Join Type": "Inner",
                                                        "Startup Cost": 3820.6,
                                                        "Total Cost": 3828.77,
                                                        "Plan Rows": 1,
                                                        "Plan Width": 52,
                                                        "Actual Startup Time": 6.918,
                                                        "Actual Total Time": 7.721,
                                                        "Actual Rows": 0,
                                                        "Actual Loops": 1,
                                                        "Inner Unique": true,
                                                        "Join Filter": "(q2.site_id = tag.site_id)",
                                                        "Rows Removed by Join Filter": 0,
                                                        "Plans": [
                                                            {
                                                                "Node Type": "Nested Loop",
                                                                "Parent Relationship": "Outer",
                                                                "Parallel Aware": false,
                                                                "Async Capable": false,
                                                                "Join Type": "Inner",
                                                                "Startup Cost": 3816.38,
                                                                "Total Cost": 3820.53,
                                                                "Plan Rows": 1,
                                                                "Plan Width": 44,
                                                                "Actual Startup Time": 6.918,
                                                                "Actual Total Time": 7.721,
                                                                "Actual Rows": 0,
                                                                "Actual Loops": 1,
                                                                "Inner Unique": true,
                                                                "Join Filter": "(q1.site_id = tag.site_id)",
                                                                "Rows Removed by Join Filter": 0,
                                                                "Plans": [
                                                                    {
                                                                        "Node Type": "Gather Merge",
                                                                        "Parent Relationship": "Outer",
                                                                        "Parallel Aware": false,
                                                                        "Async Capable": false,
                                                                        "Startup Cost": 3812.16,
                                                                        "Total Cost": 3812.28,
                                                                        "Plan Rows": 1,
                                                                        "Plan Width": 36,
                                                                        "Actual Startup Time": 6.918,
                                                                        "Actual Total Time": 7.72,
                                                                        "Actual Rows": 0,
                                                                        "Actual Loops": 1,
                                                                        "Workers Planned": 1,
                                                                        "Workers Launched": 1,
                                                                        "Plans": [
                                                                            {
                                                                                "Node Type": "Sort",
                                                                                "Parent Relationship": "Outer",
                                                                                "Parallel Aware": false,
                                                                                "Async Capable": false,
                                                                                "Startup Cost": 2812.15,
                                                                                "Total Cost": 2812.15,
                                                                                "Plan Rows": 1,
                                                                                "Plan Width": 36,
                                                                                "Actual Startup Time": 5.545,
                                                                                "Actual Total Time": 5.547,
                                                                                "Actual Rows": 0,
                                                                                "Actual Loops": 2,
                                                                                "Sort Key": [
                                                                                    "pl.post_id_from"
                                                                                ],
                                                                                "Sort Method": "quicksort",
                                                                                "Sort Space Used": 25,
                                                                                "Sort Space Type": "Memory",
                                                                                "Workers": [
                                                                                    {
                                                                                        "Worker Number": 0,
                                                                                        "Sort Method": "quicksort",
                                                                                        "Sort Space Used": 25,
                                                                                        "Sort Space Type": "Memory"
                                                                                    }
                                                                                ],
                                                                                "Plans": [
                                                                                    {
                                                                                        "Node Type": "Nested Loop",
                                                                                        "Parent Relationship": "Outer",
                                                                                        "Parallel Aware": false,
                                                                                        "Async Capable": false,
                                                                                        "Join Type": "Inner",
                                                                                        "Startup Cost": 12.27,
                                                                                        "Total Cost": 2812.14,
                                                                                        "Plan Rows": 1,
                                                                                        "Plan Width": 36,
                                                                                        "Actual Startup Time": 5.466,
                                                                                        "Actual Total Time": 5.468,
                                                                                        "Actual Rows": 0,
                                                                                        "Actual Loops": 2,
                                                                                        "Inner Unique": false,
                                                                                        "Join Filter": "(pl.site_id = tag.site_id)",
                                                                                        "Rows Removed by Join Filter": 0,
                                                                                        "Workers": [],
                                                                                        "Plans": [
                                                                                            {
                                                                                                "Node Type": "Nested Loop",
                                                                                                "Parent Relationship": "Outer",
                                                                                                "Parallel Aware": false,
                                                                                                "Async Capable": false,
                                                                                                "Join Type": "Inner",
                                                                                                "Startup Cost": 8.06,
                                                                                                "Total Cost": 2704.99,
                                                                                                "Plan Rows": 13,
                                                                                                "Plan Width": 24,
                                                                                                "Actual Startup Time": 5.466,
                                                                                                "Actual Total Time": 5.467,
                                                                                                "Actual Rows": 0,
                                                                                                "Actual Loops": 2,
                                                                                                "Inner Unique": false,
                                                                                                "Workers": [],
                                                                                                "Plans": [
                                                                                                    {
                                                                                                        "Node Type": "Hash Join",
                                                                                                        "Parent Relationship": "Outer",
                                                                                                        "Parallel Aware": false,
                                                                                                        "Async Capable": false,
                                                                                                        "Join Type": "Inner",
                                                                                                        "Startup Cost": 3.18,
                                                                                                        "Total Cost": 2576.49,
                                                                                                        "Plan Rows": 1,
                                                                                                        "Plan Width": 12,
                                                                                                        "Actual Startup Time": 5.465,
                                                                                                        "Actual Total Time": 5.466,
                                                                                                        "Actual Rows": 0,
                                                                                                        "Actual Loops": 2,
                                                                                                        "Inner Unique": true,
                                                                                                        "Hash Cond": "(tag.site_id = site.site_id)",
                                                                                                        "Workers": [],
                                                                                                        "Plans": [
                                                                                                            {
                                                                                                                "Node Type": "Seq Scan",
                                                                                                                "Parent Relationship": "Outer",
                                                                                                                "Parallel Aware": true,
                                                                                                                "Async Capable": false,
                                                                                                                "Relation Name": "tag",
                                                                                                                "Alias": "tag",
                                                                                                                "Startup Cost": 0.0,
                                                                                                                "Total Cost": 2573.31,
                                                                                                                "Plan Rows": 3,
                                                                                                                "Plan Width": 8,
                                                                                                                "Actual Startup Time": 0.125,
                                                                                                                "Actual Total Time": 5.413,
                                                                                                                "Actual Rows": 18,
                                                                                                                "Actual Loops": 2,
                                                                                                                "Filter": "((name)::text = ANY ('{angularjs,excel}'::text[]))",
                                                                                                                "Rows Removed by Filter": 93366,
                                                                                                                "Workers": []
                                                                                                            },
                                                                                                            {
                                                                                                                "Node Type": "Hash",
                                                                                                                "Parent Relationship": "Inner",
                                                                                                                "Parallel Aware": false,
                                                                                                                "Async Capable": false,
                                                                                                                "Startup Cost": 3.16,
                                                                                                                "Total Cost": 3.16,
                                                                                                                "Plan Rows": 1,
                                                                                                                "Plan Width": 4,
                                                                                                                "Actual Startup Time": 0.015,
                                                                                                                "Actual Total Time": 0.015,
                                                                                                                "Actual Rows": 1,
                                                                                                                "Actual Loops": 2,
                                                                                                                "Hash Buckets": 1024,
                                                                                                                "Original Hash Buckets": 1024,
                                                                                                                "Hash Batches": 1,
                                                                                                                "Original Hash Batches": 1,
                                                                                                                "Peak Memory Usage": 9,
                                                                                                                "Workers": [],
                                                                                                                "Plans": [
                                                                                                                    {
                                                                                                                        "Node Type": "Seq Scan",
                                                                                                                        "Parent Relationship": "Outer",
                                                                                                                        "Parallel Aware": false,
                                                                                                                        "Async Capable": false,
                                                                                                                        "Relation Name": "site",
                                                                                                                        "Alias": "site",
                                                                                                                        "Startup Cost": 0.0,
                                                                                                                        "Total Cost": 3.16,
                                                                                                                        "Plan Rows": 1,
                                                                                                                        "Plan Width": 4,
                                                                                                                        "Actual Startup Time": 0.008,
                                                                                                                        "Actual Total Time": 0.012,
                                                                                                                        "Actual Rows": 1,
                                                                                                                        "Actual Loops": 2,
                                                                                                                        "Filter": "((site_name)::text = 'german'::text)",
                                                                                                                        "Rows Removed by Filter": 172,
                                                                                                                        "Workers": []
                                                                                                                    }
                                                                                                                ]
                                                                                                            }
                                                                                                        ]
                                                                                                    },
                                                                                                    {
                                                                                                        "Node Type": "Bitmap Heap Scan",
                                                                                                        "Parent Relationship": "Inner",
                                                                                                        "Parallel Aware": false,
                                                                                                        "Async Capable": false,
                                                                                                        "Relation Name": "tag_question",
                                                                                                        "Alias": "tq1",
                                                                                                        "Startup Cost": 4.88,
                                                                                                        "Total Cost": 128.19,
                                                                                                        "Plan Rows": 31,
                                                                                                        "Plan Width": 12,
                                                                                                        "Actual Startup Time": 0.0,
                                                                                                        "Actual Total Time": 0.0,
                                                                                                        "Actual Rows": 0,
                                                                                                        "Actual Loops": 0,
                                                                                                        "Recheck Cond": "((tag.site_id = site_id) AND (tag.id = tag_id))",
                                                                                                        "Rows Removed by Index Recheck": 0,
                                                                                                        "Exact Heap Blocks": 0,
                                                                                                        "Lossy Heap Blocks": 0,
                                                                                                        "Workers": [],
                                                                                                        "Plans": [
                                                                                                            {
                                                                                                                "Node Type": "Bitmap Index Scan",
                                                                                                                "Parent Relationship": "Outer",
                                                                                                                "Parallel Aware": false,
                                                                                                                "Async Capable": false,
                                                                                                                "Index Name": "tag_question_site_id_tag_id_question_id_idx",
                                                                                                                "Startup Cost": 0.0,
                                                                                                                "Total Cost": 4.88,
                                                                                                                "Plan Rows": 31,
                                                                                                                "Plan Width": 0,
                                                                                                                "Actual Startup Time": 0.0,
                                                                                                                "Actual Total Time": 0.0,
                                                                                                                "Actual Rows": 0,
                                                                                                                "Actual Loops": 0,
                                                                                                                "Index Cond": "((site_id = tag.site_id) AND (tag_id = tag.id))",
                                                                                                                "Workers": []
                                                                                                            }
                                                                                                        ]
                                                                                                    }
                                                                                                ]
                                                                                            },
                                                                                            {
                                                                                                "Node Type": "Bitmap Heap Scan",
                                                                                                "Parent Relationship": "Inner",
                                                                                                "Parallel Aware": false,
                                                                                                "Async Capable": false,
                                                                                                "Relation Name": "post_link",
                                                                                                "Alias": "pl",
                                                                                                "Startup Cost": 4.21,
                                                                                                "Total Cost": 8.23,
                                                                                                "Plan Rows": 1,
                                                                                                "Plan Width": 12,
                                                                                                "Actual Startup Time": 0.0,
                                                                                                "Actual Total Time": 0.0,
                                                                                                "Actual Rows": 0,
                                                                                                "Actual Loops": 0,
                                                                                                "Recheck Cond": "((site_id = tq1.site_id) AND (post_id_from = tq1.question_id))",
                                                                                                "Rows Removed by Index Recheck": 0,
                                                                                                "Exact Heap Blocks": 0,
                                                                                                "Lossy Heap Blocks": 0,
                                                                                                "Workers": [],
                                                                                                "Plans": [
                                                                                                    {
                                                                                                        "Node Type": "Bitmap Index Scan",
                                                                                                        "Parent Relationship": "Outer",
                                                                                                        "Parallel Aware": false,
                                                                                                        "Async Capable": false,
                                                                                                        "Index Name": "post_link_pkey",
                                                                                                        "Startup Cost": 0.0,
                                                                                                        "Total Cost": 4.21,
                                                                                                        "Plan Rows": 1,
                                                                                                        "Plan Width": 0,
                                                                                                        "Actual Startup Time": 0.0,
                                                                                                        "Actual Total Time": 0.0,
                                                                                                        "Actual Rows": 0,
                                                                                                        "Actual Loops": 0,
                                                                                                        "Index Cond": "((site_id = tq1.site_id) AND (post_id_from = tq1.question_id))",
                                                                                                        "Workers": []
                                                                                                    }
                                                                                                ]
                                                                                            }
                                                                                        ]
                                                                                    }
                                                                                ]
                                                                            }
                                                                        ]
                                                                    },
                                                                    {
                                                                        "Node Type": "Bitmap Heap Scan",
                                                                        "Parent Relationship": "Inner",
                                                                        "Parallel Aware": false,
                                                                        "Async Capable": false,
                                                                        "Relation Name": "question",
                                                                        "Alias": "q1",
                                                                        "Startup Cost": 4.22,
                                                                        "Total Cost": 8.24,
                                                                        "Plan Rows": 1,
                                                                        "Plan Width": 8,
                                                                        "Actual Startup Time": 0.0,
                                                                        "Actual Total Time": 0.0,
                                                                        "Actual Rows": 0,
                                                                        "Actual Loops": 0,
                                                                        "Recheck Cond": "((pl.post_id_from = id) AND (pl.site_id = site_id))",
                                                                        "Rows Removed by Index Recheck": 0,
                                                                        "Exact Heap Blocks": 0,
                                                                        "Lossy Heap Blocks": 0,
                                                                        "Plans": [
                                                                            {
                                                                                "Node Type": "Bitmap Index Scan",
                                                                                "Parent Relationship": "Outer",
                                                                                "Parallel Aware": false,
                                                                                "Async Capable": false,
                                                                                "Index Name": "question_pkey",
                                                                                "Startup Cost": 0.0,
                                                                                "Total Cost": 4.22,
                                                                                "Plan Rows": 1,
                                                                                "Plan Width": 0,
                                                                                "Actual Startup Time": 0.0,
                                                                                "Actual Total Time": 0.0,
                                                                                "Actual Rows": 0,
                                                                                "Actual Loops": 0,
                                                                                "Index Cond": "((id = pl.post_id_from) AND (site_id = pl.site_id))"
                                                                            }
                                                                        ]
                                                                    }
                                                                ]
                                                            },
                                                            {
                                                                "Node Type": "Bitmap Heap Scan",
                                                                "Parent Relationship": "Inner",
                                                                "Parallel Aware": false,
                                                                "Async Capable": false,
                                                                "Relation Name": "question",
                                                                "Alias": "q2",
                                                                "Startup Cost": 4.22,
                                                                "Total Cost": 8.24,
                                                                "Plan Rows": 1,
                                                                "Plan Width": 8,
                                                                "Actual Startup Time": 0.0,
                                                                "Actual Total Time": 0.0,
                                                                "Actual Rows": 0,
                                                                "Actual Loops": 0,
                                                                "Recheck Cond": "((pl.post_id_to = id) AND (pl.site_id = site_id))",
                                                                "Rows Removed by Index Recheck": 0,
                                                                "Exact Heap Blocks": 0,
                                                                "Lossy Heap Blocks": 0,
                                                                "Plans": [
                                                                    {
                                                                        "Node Type": "Bitmap Index Scan",
                                                                        "Parent Relationship": "Outer",
                                                                        "Parallel Aware": false,
                                                                        "Async Capable": false,
                                                                        "Index Name": "question_pkey",
                                                                        "Startup Cost": 0.0,
                                                                        "Total Cost": 4.22,
                                                                        "Plan Rows": 1,
                                                                        "Plan Width": 0,
                                                                        "Actual Startup Time": 0.0,
                                                                        "Actual Total Time": 0.0,
                                                                        "Actual Rows": 0,
                                                                        "Actual Loops": 0,
                                                                        "Index Cond": "((id = pl.post_id_to) AND (site_id = pl.site_id))"
                                                                    }
                                                                ]
                                                            }
                                                        ]
                                                    },
                                                    {
                                                        "Node Type": "Bitmap Heap Scan",
                                                        "Parent Relationship": "Inner",
                                                        "Parallel Aware": false,
                                                        "Async Capable": false,
                                                        "Relation Name": "comment",
                                                        "Alias": "c1",
                                                        "Startup Cost": 4.36,
                                                        "Total Cost": 8.37,
                                                        "Plan Rows": 1,
                                                        "Plan Width": 16,
                                                        "Actual Startup Time": 0.0,
                                                        "Actual Total Time": 0.0,
                                                        "Actual Rows": 0,
                                                        "Actual Loops": 0,
                                                        "Recheck Cond": "((pl.site_id = site_id) AND (pl.post_id_from = post_id))",
                                                        "Rows Removed by Index Recheck": 0,
                                                        "Exact Heap Blocks": 0,
                                                        "Lossy Heap Blocks": 0,
                                                        "Plans": [
                                                            {
                                                                "Node Type": "Bitmap Index Scan",
                                                                "Parent Relationship": "Outer",
                                                                "Parallel Aware": false,
                                                                "Async Capable": false,
                                                                "Index Name": "comment_site_id_post_id_idx",
                                                                "Startup Cost": 0.0,
                                                                "Total Cost": 4.36,
                                                                "Plan Rows": 1,
                                                                "Plan Width": 0,
                                                                "Actual Startup Time": 0.0,
                                                                "Actual Total Time": 0.0,
                                                                "Actual Rows": 0,
                                                                "Actual Loops": 0,
                                                                "Index Cond": "((site_id = pl.site_id) AND (post_id = pl.post_id_from))"
                                                            }
                                                        ]
                                                    }
                                                ]
                                            },
                                            {
                                                "Node Type": "Bitmap Heap Scan",
                                                "Parent Relationship": "Inner",
                                                "Parallel Aware": false,
                                                "Async Capable": false,
                                                "Relation Name": "comment",
                                                "Alias": "c2",
                                                "Startup Cost": 4.36,
                                                "Total Cost": 8.37,
                                                "Plan Rows": 1,
                                                "Plan Width": 16,
                                                "Actual Startup Time": 0.0,
                                                "Actual Total Time": 0.0,
                                                "Actual Rows": 0,
                                                "Actual Loops": 0,
                                                "Recheck Cond": "((pl.site_id = site_id) AND (pl.post_id_to = post_id))",
                                                "Rows Removed by Index Recheck": 0,
                                                "Exact Heap Blocks": 0,
                                                "Lossy Heap Blocks": 0,
                                                "Plans": [
                                                    {
                                                        "Node Type": "Bitmap Index Scan",
                                                        "Parent Relationship": "Outer",
                                                        "Parallel Aware": false,
                                                        "Async Capable": false,
                                                        "Index Name": "comment_site_id_post_id_idx",
                                                        "Startup Cost": 0.0,
                                                        "Total Cost": 4.36,
                                                        "Plan Rows": 1,
                                                        "Plan Width": 0,
                                                        "Actual Startup Time": 0.0,
                                                        "Actual Total Time": 0.0,
                                                        "Actual Rows": 0,
                                                        "Actual Loops": 0,
                                                        "Index Cond": "((site_id = pl.site_id) AND (post_id = pl.post_id_to))"
                                                    }
                                                ]
                                            }
                                        ]
                                    },
                                    {
                                        "Node Type": "Bitmap Heap Scan",
                                        "Parent Relationship": "Inner",
                                        "Parallel Aware": false,
                                        "Async Capable": false,
                                        "Relation Name": "tag_question",
                                        "Alias": "tq2",
                                        "Startup Cost": 4.35,
                                        "Total Cost": 8.37,
                                        "Plan Rows": 1,
                                        "Plan Width": 12,
                                        "Actual Startup Time": 0.0,
                                        "Actual Total Time": 0.0,
                                        "Actual Rows": 0,
                                        "Actual Loops": 0,
                                        "Recheck Cond": "((pl.site_id = site_id) AND (pl.post_id_to = question_id))",
                                        "Rows Removed by Index Recheck": 0,
                                        "Exact Heap Blocks": 0,
                                        "Lossy Heap Blocks": 0,
                                        "Plans": [
                                            {
                                                "Node Type": "Bitmap Index Scan",
                                                "Parent Relationship": "Outer",
                                                "Parallel Aware": false,
                                                "Async Capable": false,
                                                "Index Name": "tag_question_pkey",
                                                "Startup Cost": 0.0,
                                                "Total Cost": 4.35,
                                                "Plan Rows": 1,
                                                "Plan Width": 0,
                                                "Actual Startup Time": 0.0,
                                                "Actual Total Time": 0.0,
                                                "Actual Rows": 0,
                                                "Actual Loops": 0,
                                                "Index Cond": "((site_id = pl.site_id) AND (question_id = pl.post_id_to))"
                                            }
                                        ]
                                    }
                                ]
                            }
                        ]
                    },
                    "Planning Time": 65.04,
                    "Triggers": [],
                    "Execution Time": 7.784
                }
            ],
            "hints": [
                "SET enable_hashjoin TO on",
                "SET enable_indexonlyscan TO on",
                "SET enable_indexscan TO off",
                "SET enable_mergejoin TO off",
                "SET enable_nestloop TO on",
                "SET enable_seqscan TO on"
            ]
        },
        {
            "arm": 3,
            "execution_time": 3319.968,
            "plan": [
                {
                    "Plan": {
                        "Node Type": "Aggregate",
                        "Strategy": "Plain",
                        "Partial Mode": "Simple",
                        "Parallel Aware": false,
                        "Async Capable": false,
                        "Startup Cost": 10014076.7,
                        "Total Cost": 10014076.71,
                        "Plan Rows": 1,
                        "Plan Width": 8,
                        "Actual Startup Time": 3305.957,
                        "Actual Total Time": 3319.915,
                        "Actual Rows": 1,
                        "Actual Loops": 1,
                        "Plans": [
                            {
                                "Node Type": "Sort",
                                "Parent Relationship": "Outer",
                                "Parallel Aware": false,
                                "Async Capable": false,
                                "Startup Cost": 10014076.69,
                                "Total Cost": 10014076.7,
                                "Plan Rows": 1,
                                "Plan Width": 4,
                                "Actual Startup Time": 3305.953,
                                "Actual Total Time": 3319.912,
                                "Actual Rows": 0,
                                "Actual Loops": 1,
                                "Sort Key": [
                                    "q1.id"
                                ],
                                "Sort Method": "quicksort",
                                "Sort Space Used": 25,
                                "Sort Space Type": "Memory",
                                "Plans": [
                                    {
                                        "Node Type": "Gather",
                                        "Parent Relationship": "Outer",
                                        "Parallel Aware": false,
                                        "Async Capable": false,
                                        "Startup Cost": 7007895.88,
                                        "Total Cost": 10014076.68,
                                        "Plan Rows": 1,
                                        "Plan Width": 4,
                                        "Actual Startup Time": 3305.946,
                                        "Actual Total Time": 3319.903,
                                        "Actual Rows": 0,
                                        "Actual Loops": 1,
                                        "Workers Planned": 8,
                                        "Workers Launched": 7,
                                        "Single Copy": false,
                                        "Plans": [
                                            {
                                                "Node Type": "Hash Join",
                                                "Parent Relationship": "Outer",
                                                "Parallel Aware": true,
                                                "Async Capable": false,
                                                "Join Type": "Inner",
                                                "Startup Cost": 7006895.88,
                                                "Total Cost": 10013076.58,
                                                "Plan Rows": 1,
                                                "Plan Width": 4,
                                                "Actual Startup Time": 3302.701,
                                                "Actual Total Time": 3302.754,
                                                "Actual Rows": 0,
                                                "Actual Loops": 8,
                                                "Inner Unique": false,
                                                "Hash Cond": "((c2.post_id = pl.post_id_to) AND (c2.site_id = tag.site_id))",
                                                "Join Filter": "(c1.date > c2.date)",
                                                "Rows Removed by Join Filter": 0,
                                                "Workers": [],
                                                "Plans": [
                                                    {
                                                        "Node Type": "Seq Scan",
                                                        "Parent Relationship": "Outer",
                                                        "Parallel Aware": true,
                                                        "Async Capable": false,
                                                        "Relation Name": "comment",
                                                        "Alias": "c2",
                                                        "Startup Cost": 0.0,
                                                        "Total Cost": 2909153.53,
                                                        "Plan Rows": 12936953,
                                                        "Plan Width": 16,
                                                        "Actual Startup Time": 0.0,
                                                        "Actual Total Time": 0.0,
                                                        "Actual Rows": 0,
                                                        "Actual Loops": 0,
                                                        "Workers": []
                                                    },
                                                    {
                                                        "Node Type": "Hash",
                                                        "Parent Relationship": "Inner",
                                                        "Parallel Aware": true,
                                                        "Async Capable": false,
                                                        "Startup Cost": 7006895.86,
                                                        "Total Cost": 7006895.86,
                                                        "Plan Rows": 1,
                                                        "Plan Width": 56,
                                                        "Actual Startup Time": 3302.549,
                                                        "Actual Total Time": 3302.601,
                                                        "Actual Rows": 0,
                                                        "Actual Loops": 8,
                                                        "Hash Buckets": 1024,
                                                        "Original Hash Buckets": 1024,
                                                        "Hash Batches": 1,
                                                        "Original Hash Batches": 1,
                                                        "Peak Memory Usage": 0,
                                                        "Workers": [],
                                                        "Plans": [
                                                            {
                                                                "Node Type": "Hash Join",
                                                                "Parent Relationship": "Outer",
                                                                "Parallel Aware": true,
                                                                "Async Capable": false,
                                                                "Join Type": "Inner",
                                                                "Startup Cost": 5311086.64,
                                                                "Total Cost": 7006895.86,
                                                                "Plan Rows": 1,
                                                                "Plan Width": 56,
                                                                "Actual Startup Time": 3302.531,
                                                                "Actual Total Time": 3302.583,
                                                                "Actual Rows": 0,
                                                                "Actual Loops": 8,
                                                                "Inner Unique": false,
                                                                "Hash Cond": "((q2.id = pl.post_id_to) AND (q2.site_id = tag.site_id))",
                                                                "Workers": [],
                                                                "Plans": [
                                                                    {
                                                                        "Node Type": "Seq Scan",
                                                                        "Parent Relationship": "Outer",
                                                                        "Parallel Aware": true,
                                                                        "Async Capable": false,
                                                                        "Relation Name": "question",
                                                                        "Alias": "q2",
                                                                        "Startup Cost": 0.0,
                                                                        "Total Cost": 1682252.12,
                                                                        "Plan Rows": 1807612,
                                                                        "Plan Width": 8,
                                                                        "Actual Startup Time": 0.0,
                                                                        "Actual Total Time": 0.0,
                                                                        "Actual Rows": 0,
                                                                        "Actual Loops": 0,
                                                                        "Workers": []
                                                                    },
                                                                    {
                                                                        "Node Type": "Hash",
                                                                        "Parent Relationship": "Inner",
                                                                        "Parallel Aware": true,
                                                                        "Async Capable": false,
                                                                        "Startup Cost": 5311086.63,
                                                                        "Total Cost": 5311086.63,
                                                                        "Plan Rows": 1,
                                                                        "Plan Width": 48,
                                                                        "Actual Startup Time": 3302.511,
                                                                        "Actual Total Time": 3302.563,
                                                                        "Actual Rows": 0,
                                                                        "Actual Loops": 8,
                                                                        "Hash Buckets": 1024,
                                                                        "Original Hash Buckets": 1024,
                                                                        "Hash Batches": 1,
                                                                        "Original Hash Batches": 1,
                                                                        "Peak Memory Usage": 0,
                                                                        "Workers": [],
                                                                        "Plans": [
                                                                            {
                                                                                "Node Type": "Hash Join",
                                                                                "Parent Relationship": "Outer",
                                                                                "Parallel Aware": true,
                                                                                "Async Capable": false,
                                                                                "Join Type": "Inner",
                                                                                "Startup Cost": 4982600.03,
                                                                                "Total Cost": 5311086.63,
                                                                                "Plan Rows": 1,
                                                                                "Plan Width": 48,
                                                                                "Actual Startup Time": 3302.367,
                                                                                "Actual Total Time": 3302.419,
                                                                                "Actual Rows": 0,
                                                                                "Actual Loops": 8,
                                                                                "Inner Unique": false,
                                                                                "Hash Cond": "((q1.id = pl.post_id_from) AND (tq1.tag_id = tag.id) AND (tq1.site_id = tag.site_id))",
                                                                                "Workers": [],
                                                                                "Plans": [
                                                                                    {
                                                                                        "Node Type": "Hash Join",
                                                                                        "Parent Relationship": "Outer",
                                                                                        "Parallel Aware": true,
                                                                                        "Async Capable": false,
                                                                                        "Join Type": "Inner",
                                                                                        "Startup Cost": 4640901.77,
                                                                                        "Total Cost": 4969387.3,
                                                                                        "Plan Rows": 93,
                                                                                        "Plan Width": 40,
                                                                                        "Actual Startup Time": 2738.494,
                                                                                        "Actual Total Time": 2740.918,
                                                                                        "Actual Rows": 6333,
                                                                                        "Actual Loops": 8,
                                                                                        "Inner Unique": false,
                                                                                        "Hash Cond": "((tq1.question_id = q1.id) AND (tq1.site_id = site.site_id))",
                                                                                        "Workers": [],
                                                                                        "Plans": [
                                                                                            {
                                                                                                "Node Type": "Seq Scan",
                                                                                                "Parent Relationship": "Outer",
                                                                                                "Parallel Aware": true,
                                                                                                "Async Capable": false,
                                                                                                "Relation Name": "tag_question",
                                                                                                "Alias": "tq1",
                                                                                                "Startup Cost": 0.0,
                                                                                                "Total Cost": 273159.66,
                                                                                                "Plan Rows": 7376766,
                                                                                                "Plan Width": 12,
                                                                                                "Actual Startup Time": 0.01,
                                                                                                "Actual Total Time": 234.897,
                                                                                                "Actual Rows": 4610477,
                                                                                                "Actual Loops": 8,
                                                                                                "Workers": []
                                                                                            },
                                                                                            {
                                                                                                "Node Type": "Hash",
                                                                                                "Parent Relationship": "Inner",
                                                                                                "Parallel Aware": true,
                                                                                                "Async Capable": false,
                                                                                                "Startup Cost": 4640880.8,
                                                                                                "Total Cost": 4640880.8,
                                                                                                "Plan Rows": 1398,
                                                                                                "Plan Width": 28,
                                                                                                "Actual Startup Time": 2206.727,
                                                                                                "Actual Total Time": 2206.774,
                                                                                                "Actual Rows": 3075,
                                                                                                "Actual Loops": 8,
                                                                                                "Hash Buckets": 32768,
                                                                                                "Original Hash Buckets": 16384,
                                                                                                "Hash Batches": 1,
                                                                                                "Original Hash Batches": 1,
                                                                                                "Peak Memory Usage": 2016,
                                                                                                "Workers": [],
                                                                                                "Plans": [
                                                                                                    {
                                                                                                        "Node Type": "Hash Join",
                                                                                                        "Parent Relationship": "Outer",
                                                                                                        "Parallel Aware": true,
                                                                                                        "Async Capable": false,
                                                                                                        "Join Type": "Inner",
                                                                                                        "Startup Cost": 2945069.83,
                                                                                                        "Total Cost": 4640880.8,
                                                                                                        "Plan Rows": 1398,
                                                                                                        "Plan Width": 28,
                                                                                                        "Actual Startup Time": 1915.395,
                                                                                                        "Actual Total Time": 2131.959,
                                                                                                        "Actual Rows": 3075,
                                                                                                        "Actual Loops": 8,
                                                                                                        "Inner Unique": false,
                                                                                                        "Hash Cond": "((q1.id = c1.post_id) AND (q1.site_id = site.site_id))",
                                                                                                        "Workers": [],
                                                                                                        "Plans": [
                                                                                                            {
                                                                                                                "Node Type": "Seq Scan",
                                                                                                                "Parent Relationship": "Outer",
                                                                                                                "Parallel Aware": true,
                                                                                                                "Async Capable": false,
                                                                                                                "Relation Name": "question",
                                                                                                                "Alias": "q1",
                                                                                                                "Startup Cost": 0.0,
                                                                                                                "Total Cost": 1682252.12,
                                                                                                                "Plan Rows": 1807612,
                                                                                                                "Plan Width": 8,
                                                                                                                "Actual Startup Time": 0.037,
                                                                                                                "Actual Total Time": 440.547,
                                                                                                                "Actual Rows": 1583305,
                                                                                                                "Actual Loops": 8,
                                                                                                                "Workers": []
                                                                                                            },
                                                                                                            {
                                                                                                                "Node Type": "Hash",
                                                                                                                "Parent Relationship": "Inner",
                                                                                                                "Parallel Aware": true,
                                                                                                                "Async Capable": false,
                                                                                                                "Startup Cost": 2943948.13,
                                                                                                                "Total Cost": 2943948.13,
                                                                                                                "Plan Rows": 74780,
                                                                                                                "Plan Width": 20,
                                                                                                                "Actual Startup Time": 1517.058,
                                                                                                                "Actual Total Time": 1517.06,
                                                                                                                "Actual Rows": 11310,
                                                                                                                "Actual Loops": 8,
                                                                                                                "Hash Buckets": 1048576,
                                                                                                                "Original Hash Buckets": 1048576,
                                                                                                                "Hash Batches": 1,
                                                                                                                "Original Hash Batches": 1,
                                                                                                                "Peak Memory Usage": 13184,
                                                                                                                "Workers": [],
                                                                                                                "Plans": [
                                                                                                                    {
                                                                                                                        "Node Type": "Hash Join",
                                                                                                                        "Parent Relationship": "Outer",
                                                                                                                        "Parallel Aware": false,
                                                                                                                        "Async Capable": false,
                                                                                                                        "Join Type": "Inner",
                                                                                                                        "Startup Cost": 3.18,
                                                                                                                        "Total Cost": 2943948.13,
                                                                                                                        "Plan Rows": 74780,
                                                                                                                        "Plan Width": 20,
                                                                                                                        "Actual Startup Time": 990.089,
                                                                                                                        "Actual Total Time": 1512.975,
                                                                                                                        "Actual Rows": 11310,
                                                                                                                        "Actual Loops": 8,
                                                                                                                        "Inner Unique": true,
                                                                                                                        "Hash Cond": "(c1.site_id = site.site_id)",
                                                                                                                        "Workers": [],
                                                                                                                        "Plans": [
                                                                                                                            {
                                                                                                                                "Node Type": "Seq Scan",
                                                                                                                                "Parent Relationship": "Outer",
                                                                                                                                "Parallel Aware": true,
                                                                                                                                "Async Capable": false,
                                                                                                                                "Relation Name": "comment",
                                                                                                                                "Alias": "c1",
                                                                                                                                "Startup Cost": 0.0,
                                                                                                                                "Total Cost": 2909153.53,
                                                                                                                                "Plan Rows": 12936953,
                                                                                                                                "Plan Width": 16,
                                                                                                                                "Actual Startup Time": 0.043,
                                                                                                                                "Actual Total Time": 999.67,
                                                                                                                                "Actual Rows": 12932495,
                                                                                                                                "Actual Loops": 8,
                                                                                                                                "Workers": []
                                                                                                                            },
                                                                                                                            {
                                                                                                                                "Node Type": "Hash",
                                                                                                                                "Parent Relationship": "Inner",
                                                                                                                                "Parallel Aware": false,
                                                                                                                                "Async Capable": false,
                                                                                                                                "Startup Cost": 3.16,
                                                                                                                                "Total Cost": 3.16,
                                                                                                                                "Plan Rows": 1,
                                                                                                                                "Plan Width": 4,
                                                                                                                                "Actual Startup Time": 0.02,
                                                                                                                                "Actual Total Time": 0.021,
                                                                                                                                "Actual Rows": 1,
                                                                                                                                "Actual Loops": 8,
                                                                                                                                "Hash Buckets": 1024,
                                                                                                                                "Original Hash Buckets": 1024,
                                                                                                                                "Hash Batches": 1,
                                                                                                                                "Original Hash Batches": 1,
                                                                                                                                "Peak Memory Usage": 9,
                                                                                                                                "Workers": [],
                                                                                                                                "Plans": [
                                                                                                                                    {
                                                                                                                                        "Node Type": "Seq Scan",
                                                                                                                                        "Parent Relationship": "Outer",
                                                                                                                                        "Parallel Aware": false,
                                                                                                                                        "Async Capable": false,
                                                                                                                                        "Relation Name": "site",
                                                                                                                                        "Alias": "site",
                                                                                                                                        "Startup Cost": 0.0,
                                                                                                                                        "Total Cost": 3.16,
                                                                                                                                        "Plan Rows": 1,
                                                                                                                                        "Plan Width": 4,
                                                                                                                                        "Actual Startup Time": 0.014,
                                                                                                                                        "Actual Total Time": 0.018,
                                                                                                                                        "Actual Rows": 1,
                                                                                                                                        "Actual Loops": 8,
                                                                                                                                        "Filter": "((site_name)::text = 'german'::text)",
                                                                                                                                        "Rows Removed by Filter": 172,
                                                                                                                                        "Workers": []
                                                                                                                                    }
                                                                                                                                ]
                                                                                                                            }
                                                                                                                        ]
                                                                                                                    }
                                                                                                                ]
                                                                                                            }
                                                                                                        ]
                                                                                                    }
                                                                                                ]
                                                                                            }
                                                                                        ]
                                                                                    },
                                                                                    {
                                                                                        "Node Type": "Hash",
                                                                                        "Parent Relationship": "Inner",
                                                                                        "Parallel Aware": true,
                                                                                        "Async Capable": false,
                                                                                        "Startup Cost": 341696.8,
                                                                                        "Total Cost": 341696.8,
                                                                                        "Plan Rows": 84,
                                                                                        "Plan Width": 32,
                                                                                        "Actual Startup Time": 560.727,
                                                                                        "Actual Total Time": 560.73,
                                                                                        "Actual Rows": 3298,
                                                                                        "Actual Loops": 8,
                                                                                        "Hash Buckets": 32768,
                                                                                        "Original Hash Buckets": 1024,
                                                                                        "Hash Batches": 1,
                                                                                        "Original Hash Batches": 1,
                                                                                        "Peak Memory Usage": 2296,
                                                                                        "Workers": [],
                                                                                        "Plans": [
                                                                                            {
                                                                                                "Node Type": "Hash Join",
                                                                                                "Parent Relationship": "Outer",
                                                                                                "Parallel Aware": true,
                                                                                                "Async Capable": false,
                                                                                                "Join Type": "Inner",
                                                                                                "Startup Cost": 314466.1,
                                                                                                "Total Cost": 341696.8,
                                                                                                "Plan Rows": 84,
                                                                                                "Plan Width": 32,
                                                                                                "Actual Startup Time": 512.553,
                                                                                                "Actual Total Time": 547.6,
                                                                                                "Actual Rows": 3298,
                                                                                                "Actual Loops": 8,
                                                                                                "Inner Unique": false,
                                                                                                "Hash Cond": "((pl.post_id_to = tq2.question_id) AND (pl.site_id = tag.site_id))",
                                                                                                "Workers": [],
                                                                                                "Plans": [
                                                                                                    {
                                                                                                        "Node Type": "Seq Scan",
                                                                                                        "Parent Relationship": "Outer",
                                                                                                        "Parallel Aware": true,
                                                                                                        "Async Capable": false,
                                                                                                        "Relation Name": "post_link",
                                                                                                        "Alias": "pl",
                                                                                                        "Startup Cost": 0.0,
                                                                                                        "Total Cost": 21752.3,
                                                                                                        "Plan Rows": 730430,
                                                                                                        "Plan Width": 12,
                                                                                                        "Actual Startup Time": 0.005,
                                                                                                        "Actual Total Time": 13.164,
                                                                                                        "Actual Rows": 283042,
                                                                                                        "Actual Loops": 8,
                                                                                                        "Workers": []
                                                                                                    },
                                                                                                    {
                                                                                                        "Node Type": "Hash",
                                                                                                        "Parent Relationship": "Inner",
                                                                                                        "Parallel Aware": true,
                                                                                                        "Async Capable": false,
                                                                                                        "Startup Cost": 314463.15,
                                                                                                        "Total Cost": 314463.15,
                                                                                                        "Plan Rows": 197,
                                                                                                        "Plan Width": 20,
                                                                                                        "Actual Startup Time": 509.632,
                                                                                                        "Actual Total Time": 509.634,
                                                                                                        "Actual Rows": 28628,
                                                                                                        "Actual Loops": 8,
                                                                                                        "Hash Buckets": 262144,
                                                                                                        "Original Hash Buckets": 1024,
                                                                                                        "Hash Batches": 1,
                                                                                                        "Original Hash Batches": 1,
                                                                                                        "Peak Memory Usage": 16760,
                                                                                                        "Workers": [],
                                                                                                        "Plans": [
                                                                                                            {
                                                                                                                "Node Type": "Hash Join",
                                                                                                                "Parent Relationship": "Outer",
                                                                                                                "Parallel Aware": true,
                                                                                                                "Async Capable": false,
                                                                                                                "Join Type": "Inner",
                                                                                                                "Startup Cost": 2573.35,
                                                                                                                "Total Cost": 314463.15,
                                                                                                                "Plan Rows": 197,
                                                                                                                "Plan Width": 20,
                                                                                                                "Actual Startup Time": 15.71,
                                                                                                                "Actual Total Time": 413.28,
                                                                                                                "Actual Rows": 28628,
                                                                                                                "Actual Loops": 8,
                                                                                                                "Inner Unique": true,
                                                                                                                "Hash Cond": "((tq2.tag_id = tag.id) AND (tq2.site_id = tag.site_id))",
                                                                                                                "Workers": [],
                                                                                                                "Plans": [
                                                                                                                    {
                                                                                                                        "Node Type": "Seq Scan",
                                                                                                                        "Parent Relationship": "Outer",
                                                                                                                        "Parallel Aware": true,
                                                                                                                        "Async Capable": false,
                                                                                                                        "Relation Name": "tag_question",
                                                                                                                        "Alias": "tq2",
                                                                                                                        "Startup Cost": 0.0,
                                                                                                                        "Total Cost": 273159.66,
                                                                                                                        "Plan Rows": 7376766,
                                                                                                                        "Plan Width": 12,
                                                                                                                        "Actual Startup Time": 0.015,
                                                                                                                        "Actual Total Time": 194.202,
                                                                                                                        "Actual Rows": 4610477,
                                                                                                                        "Actual Loops": 8,
                                                                                                                        "Workers": []
                                                                                                                    },
                                                                                                                    {
                                                                                                                        "Node Type": "Hash",
                                                                                                                        "Parent Relationship": "Inner",
                                                                                                                        "Parallel Aware": true,
                                                                                                                        "Async Capable": false,
                                                                                                                        "Startup Cost": 2573.31,
                                                                                                                        "Total Cost": 2573.31,
                                                                                                                        "Plan Rows": 3,
                                                                                                                        "Plan Width": 8,
                                                                                                                        "Actual Startup Time": 1.71,
                                                                                                                        "Actual Total Time": 1.71,
                                                                                                                        "Actual Rows": 5,
                                                                                                                        "Actual Loops": 8,
                                                                                                                        "Hash Buckets": 1024,
                                                                                                                        "Original Hash Buckets": 1024,
                                                                                                                        "Hash Batches": 1,
                                                                                                                        "Original Hash Batches": 1,
                                                                                                                        "Peak Memory Usage": 264,
                                                                                                                        "Workers": [],
                                                                                                                        "Plans": [
                                                                                                                            {
                                                                                                                                "Node Type": "Seq Scan",
                                                                                                                                "Parent Relationship": "Outer",
                                                                                                                                "Parallel Aware": true,
                                                                                                                                "Async Capable": false,
                                                                                                                                "Relation Name": "tag",
                                                                                                                                "Alias": "tag",
                                                                                                                                "Startup Cost": 0.0,
                                                                                                                                "Total Cost": 2573.31,
                                                                                                                                "Plan Rows": 3,
                                                                                                                                "Plan Width": 8,
                                                                                                                                "Actual Startup Time": 0.347,
                                                                                                                                "Actual Total Time": 1.673,
                                                                                                                                "Actual Rows": 5,
                                                                                                                                "Actual Loops": 8,
                                                                                                                                "Filter": "((name)::text = ANY ('{angularjs,excel}'::text[]))",
                                                                                                                                "Rows Removed by Filter": 23342,
                                                                                                                                "Workers": []
                                                                                                                            }
                                                                                                                        ]
                                                                                                                    }
                                                                                                                ]
                                                                                                            }
                                                                                                        ]
                                                                                                    }
                                                                                                ]
                                                                                            }
                                                                                        ]
                                                                                    }
                                                                                ]
                                                                            }
                                                                        ]
                                                                    }
                                                                ]
                                                            }
                                                        ]
                                                    }
                                                ]
                                            }
                                        ]
                                    }
                                ]
                            }
                        ]
                    },
                    "Planning Time": 69.564,
                    "Triggers": [],
                    "Execution Time": 3319.968
                }
            ],
            "hints": [
                "SET enable_hashjoin TO on",
                "SET enable_indexonlyscan TO on",
                "SET enable_indexscan TO off",
                "SET enable_mergejoin TO off",
                "SET enable_nestloop TO off",
                "SET enable_seqscan TO on"
            ]
        },
        {
            "arm": 4,
            "execution_time": 12.572,
            "plan": [
                {
                    "Plan": {
                        "Node Type": "Aggregate",
                        "Strategy": "Plain",
                        "Partial Mode": "Simple",
                        "Parallel Aware": false,
                        "Async Capable": false,
                        "Startup Cost": 3729.94,
                        "Total Cost": 3729.95,
                        "Plan Rows": 1,
                        "Plan Width": 8,
                        "Actual Startup Time": 12.514,
                        "Actual Total Time": 12.517,
                        "Actual Rows": 1,
                        "Actual Loops": 1,
                        "Plans": [
                            {
                                "Node Type": "Sort",
                                "Parent Relationship": "Outer",
                                "Parallel Aware": false,
                                "Async Capable": false,
                                "Startup Cost": 3729.93,
                                "Total Cost": 3729.94,
                                "Plan Rows": 1,
                                "Plan Width": 4,
                                "Actual Startup Time": 12.511,
                                "Actual Total Time": 12.514,
                                "Actual Rows": 0,
                                "Actual Loops": 1,
                                "Sort Key": [
                                    "q1.id"
                                ],
                                "Sort Method": "quicksort",
                                "Sort Space Used": 25,
                                "Sort Space Type": "Memory",
                                "Plans": [
                                    {
                                        "Node Type": "Nested Loop",
                                        "Parent Relationship": "Outer",
                                        "Parallel Aware": false,
                                        "Async Capable": false,
                                        "Join Type": "Inner",
                                        "Startup Cost": 3.56,
                                        "Total Cost": 3729.92,
                                        "Plan Rows": 1,
                                        "Plan Width": 4,
                                        "Actual Startup Time": 12.506,
                                        "Actual Total Time": 12.509,
                                        "Actual Rows": 0,
                                        "Actual Loops": 1,
                                        "Inner Unique": false,
                                        "Join Filter": "((c1.date > c2.date) AND (pl.post_id_to = c2.post_id) AND (c2.site_id = tag.site_id))",
                                        "Rows Removed by Join Filter": 0,
                                        "Plans": [
                                            {
                                                "Node Type": "Nested Loop",
                                                "Parent Relationship": "Outer",
                                                "Parallel Aware": false,
                                                "Async Capable": false,
                                                "Join Type": "Inner",
                                                "Startup Cost": 3.0,
                                                "Total Cost": 3721.76,
                                                "Plan Rows": 1,
                                                "Plan Width": 56,
                                                "Actual Startup Time": 12.506,
                                                "Actual Total Time": 12.508,
                                                "Actual Rows": 0,
                                                "Actual Loops": 1,
                                                "Inner Unique": true,
                                                "Join Filter": "((tag.id = tq2.tag_id) AND (tag.site_id = tq2.site_id))",
                                                "Rows Removed by Join Filter": 0,
                                                "Plans": [
                                                    {
                                                        "Node Type": "Nested Loop",
                                                        "Parent Relationship": "Outer",
                                                        "Parallel Aware": false,
                                                        "Async Capable": false,
                                                        "Join Type": "Inner",
                                                        "Startup Cost": 2.43,
                                                        "Total Cost": 3713.6,
                                                        "Plan Rows": 1,
                                                        "Plan Width": 56,
                                                        "Actual Startup Time": 12.506,
                                                        "Actual Total Time": 12.508,
                                                        "Actual Rows": 0,
                                                        "Actual Loops": 1,
                                                        "Inner Unique": true,
                                                        "Join Filter": "(q2.site_id = tag.site_id)",
                                                        "Rows Removed by Join Filter": 0,
                                                        "Plans": [
                                                            {
                                                                "Node Type": "Nested Loop",
                                                                "Parent Relationship": "Outer",
                                                                "Parallel Aware": false,
                                                                "Async Capable": false,
                                                                "Join Type": "Inner",
                                                                "Startup Cost": 2.0,
                                                                "Total Cost": 3709.36,
                                                                "Plan Rows": 1,
                                                                "Plan Width": 48,
                                                                "Actual Startup Time": 12.506,
                                                                "Actual Total Time": 12.507,
                                                                "Actual Rows": 0,
                                                                "Actual Loops": 1,
                                                                "Inner Unique": false,
                                                                "Join Filter": "(pl.site_id = tag.site_id)",
                                                                "Rows Removed by Join Filter": 0,
                                                                "Plans": [
                                                                    {
                                                                        "Node Type": "Nested Loop",
                                                                        "Parent Relationship": "Outer",
                                                                        "Parallel Aware": false,
                                                                        "Async Capable": false,
                                                                        "Join Type": "Inner",
                                                                        "Startup Cost": 1.57,
                                                                        "Total Cost": 3701.35,
                                                                        "Plan Rows": 1,
                                                                        "Plan Width": 48,
                                                                        "Actual Startup Time": 12.505,
                                                                        "Actual Total Time": 12.507,
                                                                        "Actual Rows": 0,
                                                                        "Actual Loops": 1,
                                                                        "Inner Unique": false,
                                                                        "Join Filter": "(c1.site_id = tag.site_id)",
                                                                        "Rows Removed by Join Filter": 0,
                                                                        "Plans": [
                                                                            {
                                                                                "Node Type": "Nested Loop",
                                                                                "Parent Relationship": "Outer",
                                                                                "Parallel Aware": false,
                                                                                "Async Capable": false,
                                                                                "Join Type": "Inner",
                                                                                "Startup Cost": 1.0,
                                                                                "Total Cost": 3693.19,
                                                                                "Plan Rows": 1,
                                                                                "Plan Width": 32,
                                                                                "Actual Startup Time": 12.505,
                                                                                "Actual Total Time": 12.506,
                                                                                "Actual Rows": 0,
                                                                                "Actual Loops": 1,
                                                                                "Inner Unique": true,
                                                                                "Join Filter": "(q1.site_id = tag.site_id)",
                                                                                "Rows Removed by Join Filter": 0,
                                                                                "Plans": [
                                                                                    {
                                                                                        "Node Type": "Nested Loop",
                                                                                        "Parent Relationship": "Outer",
                                                                                        "Parallel Aware": false,
                                                                                        "Async Capable": false,
                                                                                        "Join Type": "Inner",
                                                                                        "Startup Cost": 0.56,
                                                                                        "Total Cost": 3599.84,
                                                                                        "Plan Rows": 22,
                                                                                        "Plan Width": 24,
                                                                                        "Actual Startup Time": 12.505,
                                                                                        "Actual Total Time": 12.506,
                                                                                        "Actual Rows": 0,
                                                                                        "Actual Loops": 1,
                                                                                        "Inner Unique": false,
                                                                                        "Plans": [
                                                                                            {
                                                                                                "Node Type": "Nested Loop",
                                                                                                "Parent Relationship": "Outer",
                                                                                                "Parallel Aware": false,
                                                                                                "Async Capable": false,
                                                                                                "Join Type": "Inner",
                                                                                                "Startup Cost": 0.0,
                                                                                                "Total Cost": 3537.85,
                                                                                                "Plan Rows": 1,
                                                                                                "Plan Width": 12,
                                                                                                "Actual Startup Time": 12.505,
                                                                                                "Actual Total Time": 12.505,
                                                                                                "Actual Rows": 0,
                                                                                                "Actual Loops": 1,
                                                                                                "Inner Unique": false,
                                                                                                "Join Filter": "(site.site_id = tag.site_id)",
                                                                                                "Rows Removed by Join Filter": 37,
                                                                                                "Plans": [
                                                                                                    {
                                                                                                        "Node Type": "Seq Scan",
                                                                                                        "Parent Relationship": "Outer",
                                                                                                        "Parallel Aware": false,
                                                                                                        "Async Capable": false,
                                                                                                        "Relation Name": "site",
                                                                                                        "Alias": "site",
                                                                                                        "Startup Cost": 0.0,
                                                                                                        "Total Cost": 3.16,
                                                                                                        "Plan Rows": 1,
                                                                                                        "Plan Width": 4,
                                                                                                        "Actual Startup Time": 0.015,
                                                                                                        "Actual Total Time": 0.02,
                                                                                                        "Actual Rows": 1,
                                                                                                        "Actual Loops": 1,
                                                                                                        "Filter": "((site_name)::text = 'german'::text)",
                                                                                                        "Rows Removed by Filter": 172
                                                                                                    },
                                                                                                    {
                                                                                                        "Node Type": "Seq Scan",
                                                                                                        "Parent Relationship": "Inner",
                                                                                                        "Parallel Aware": false,
                                                                                                        "Async Capable": false,
                                                                                                        "Relation Name": "tag",
                                                                                                        "Alias": "tag",
                                                                                                        "Startup Cost": 0.0,
                                                                                                        "Total Cost": 3534.62,
                                                                                                        "Plan Rows": 5,
                                                                                                        "Plan Width": 8,
                                                                                                        "Actual Startup Time": 0.096,
                                                                                                        "Actual Total Time": 12.482,
                                                                                                        "Actual Rows": 37,
                                                                                                        "Actual Loops": 1,
                                                                                                        "Filter": "((name)::text = ANY ('{angularjs,excel}'::text[]))",
                                                                                                        "Rows Removed by Filter": 186733
                                                                                                    }
                                                                                                ]
                                                                                            },
                                                                                            {
                                                                                                "Node Type": "Index Only Scan",
                                                                                                "Parent Relationship": "Inner",
                                                                                                "Parallel Aware": false,
                                                                                                "Async Capable": false,
                                                                                                "Scan Direction": "Forward",
                                                                                                "Index Name": "tag_question_site_id_tag_id_question_id_idx",
                                                                                                "Relation Name": "tag_question",
                                                                                                "Alias": "tq1",
                                                                                                "Startup Cost": 0.56,
                                                                                                "Total Cost": 61.69,
                                                                                                "Plan Rows": 31,
                                                                                                "Plan Width": 12,
                                                                                                "Actual Startup Time": 0.0,
                                                                                                "Actual Total Time": 0.0,
                                                                                                "Actual Rows": 0,
                                                                                                "Actual Loops": 0,
                                                                                                "Index Cond": "((site_id = tag.site_id) AND (tag_id = tag.id))",
                                                                                                "Rows Removed by Index Recheck": 0,
                                                                                                "Heap Fetches": 0
                                                                                            }
                                                                                        ]
                                                                                    },
                                                                                    {
                                                                                        "Node Type": "Index Only Scan",
                                                                                        "Parent Relationship": "Inner",
                                                                                        "Parallel Aware": false,
                                                                                        "Async Capable": false,
                                                                                        "Scan Direction": "Forward",
                                                                                        "Index Name": "question_pkey",
                                                                                        "Relation Name": "question",
                                                                                        "Alias": "q1",
                                                                                        "Startup Cost": 0.43,
                                                                                        "Total Cost": 4.23,
                                                                                        "Plan Rows": 1,
                                                                                        "Plan Width": 8,
                                                                                        "Actual Startup Time": 0.0,
                                                                                        "Actual Total Time": 0.0,
                                                                                        "Actual Rows": 0,
                                                                                        "Actual Loops": 0,
                                                                                        "Index Cond": "((id = tq1.question_id) AND (site_id = tq1.site_id))",
                                                                                        "Rows Removed by Index Recheck": 0,
                                                                                        "Heap Fetches": 0
                                                                                    }
                                                                                ]
                                                                            },
                                                                            {
                                                                                "Node Type": "Index Scan",
                                                                                "Parent Relationship": "Inner",
                                                                                "Parallel Aware": false,
                                                                                "Async Capable": false,
                                                                                "Scan Direction": "Forward",
                                                                                "Index Name": "comment_site_id_post_id_idx",
                                                                                "Relation Name": "comment",
                                                                                "Alias": "c1",
                                                                                "Startup Cost": 0.57,
                                                                                "Total Cost": 8.15,
                                                                                "Plan Rows": 1,
                                                                                "Plan Width": 16,
                                                                                "Actual Startup Time": 0.0,
                                                                                "Actual Total Time": 0.0,
                                                                                "Actual Rows": 0,
                                                                                "Actual Loops": 0,
                                                                                "Index Cond": "((site_id = q1.site_id) AND (post_id = q1.id))",
                                                                                "Rows Removed by Index Recheck": 0
                                                                            }
                                                                        ]
                                                                    },
                                                                    {
                                                                        "Node Type": "Index Only Scan",
                                                                        "Parent Relationship": "Inner",
                                                                        "Parallel Aware": false,
                                                                        "Async Capable": false,
                                                                        "Scan Direction": "Forward",
                                                                        "Index Name": "post_link_pkey",
                                                                        "Relation Name": "post_link",
                                                                        "Alias": "pl",
                                                                        "Startup Cost": 0.43,
                                                                        "Total Cost": 8.0,
                                                                        "Plan Rows": 1,
                                                                        "Plan Width": 12,
                                                                        "Actual Startup Time": 0.0,
                                                                        "Actual Total Time": 0.0,
                                                                        "Actual Rows": 0,
                                                                        "Actual Loops": 0,
                                                                        "Index Cond": "((site_id = q1.site_id) AND (post_id_from = q1.id))",
                                                                        "Rows Removed by Index Recheck": 0,
                                                                        "Heap Fetches": 0
                                                                    }
                                                                ]
                                                            },
                                                            {
                                                                "Node Type": "Index Only Scan",
                                                                "Parent Relationship": "Inner",
                                                                "Parallel Aware": false,
                                                                "Async Capable": false,
                                                                "Scan Direction": "Forward",
                                                                "Index Name": "question_pkey",
                                                                "Relation Name": "question",
                                                                "Alias": "q2",
                                                                "Startup Cost": 0.43,
                                                                "Total Cost": 4.23,
                                                                "Plan Rows": 1,
                                                                "Plan Width": 8,
                                                                "Actual Startup Time": 0.0,
                                                                "Actual Total Time": 0.0,
                                                                "Actual Rows": 0,
                                                                "Actual Loops": 0,
                                                                "Index Cond": "((id = pl.post_id_to) AND (site_id = pl.site_id))",
                                                                "Rows Removed by Index Recheck": 0,
                                                                "Heap Fetches": 0
                                                            }
                                                        ]
                                                    },
                                                    {
                                                        "Node Type": "Index Only Scan",
                                                        "Parent Relationship": "Inner",
                                                        "Parallel Aware": false,
                                                        "Async Capable": false,
                                                        "Scan Direction": "Forward",
                                                        "Index Name": "tag_question_pkey",
                                                        "Relation Name": "tag_question",
                                                        "Alias": "tq2",
                                                        "Startup Cost": 0.56,
                                                        "Total Cost": 8.14,
                                                        "Plan Rows": 1,
                                                        "Plan Width": 12,
                                                        "Actual Startup Time": 0.0,
                                                        "Actual Total Time": 0.0,
                                                        "Actual Rows": 0,
                                                        "Actual Loops": 0,
                                                        "Index Cond": "((site_id = pl.site_id) AND (question_id = pl.post_id_to))",
                                                        "Rows Removed by Index Recheck": 0,
                                                        "Heap Fetches": 0
                                                    }
                                                ]
                                            },
                                            {
                                                "Node Type": "Index Scan",
                                                "Parent Relationship": "Inner",
                                                "Parallel Aware": false,
                                                "Async Capable": false,
                                                "Scan Direction": "Forward",
                                                "Index Name": "comment_site_id_post_id_idx",
                                                "Relation Name": "comment",
                                                "Alias": "c2",
                                                "Startup Cost": 0.57,
                                                "Total Cost": 8.15,
                                                "Plan Rows": 1,
                                                "Plan Width": 16,
                                                "Actual Startup Time": 0.0,
                                                "Actual Total Time": 0.0,
                                                "Actual Rows": 0,
                                                "Actual Loops": 0,
                                                "Index Cond": "((site_id = tq2.site_id) AND (post_id = tq2.question_id))",
                                                "Rows Removed by Index Recheck": 0
                                            }
                                        ]
                                    }
                                ]
                            }
                        ]
                    },
                    "Planning Time": 78.721,
                    "Triggers": [],
                    "Execution Time": 12.572
                }
            ],
            "hints": [
                "SET enable_hashjoin TO on",
                "SET enable_indexonlyscan TO on",
                "SET enable_indexscan TO on",
                "SET enable_mergejoin TO off",
                "SET enable_nestloop TO on",
                "SET enable_seqscan TO on"
            ]
        }
    ]
}