{
    "sql_file": "soload_q1-003.sql",
    "query": "select count(*) from tag, site, question, tag_question\nwhere\nsite.site_name='diy' and\ntag.name='rivets' and\ntag.site_id = site.site_id and\nquestion.site_id = site.site_id and\ntag_question.site_id = site.site_id and\ntag_question.question_id = question.id and\ntag_question.tag_id = tag.id",
    "results": [
        {
            "arm": 0,
            "execution_time": 7.674,
            "plan": [
                {
                    "Plan": {
                        "Node Type": "Aggregate",
                        "Strategy": "Plain",
                        "Partial Mode": "Simple",
                        "Parallel Aware": false,
                        "Async Capable": false,
                        "Startup Cost": 3673.82,
                        "Total Cost": 3673.83,
                        "Plan Rows": 1,
                        "Plan Width": 8,
                        "Actual Startup Time": 7.65,
                        "Actual Total Time": 7.652,
                        "Actual Rows": 1,
                        "Actual Loops": 1,
                        "Plans": [
                            {
                                "Node Type": "Nested Loop",
                                "Parent Relationship": "Outer",
                                "Parallel Aware": false,
                                "Async Capable": false,
                                "Join Type": "Inner",
                                "Startup Cost": 1.0,
                                "Total Cost": 3673.82,
                                "Plan Rows": 1,
                                "Plan Width": 0,
                                "Actual Startup Time": 1.203,
                                "Actual Total Time": 7.649,
                                "Actual Rows": 1,
                                "Actual Loops": 1,
                                "Inner Unique": true,
                                "Join Filter": "(tag.site_id = question.site_id)",
                                "Rows Removed by Join Filter": 0,
                                "Plans": [
                                    {
                                        "Node Type": "Nested Loop",
                                        "Parent Relationship": "Outer",
                                        "Parallel Aware": false,
                                        "Async Capable": false,
                                        "Join Type": "Inner",
                                        "Startup Cost": 0.56,
                                        "Total Cost": 3599.82,
                                        "Plan Rows": 22,
                                        "Plan Width": 16,
                                        "Actual Startup Time": 1.197,
                                        "Actual Total Time": 7.642,
                                        "Actual Rows": 1,
                                        "Actual Loops": 1,
                                        "Inner Unique": false,
                                        "Plans": [
                                            {
                                                "Node Type": "Nested Loop",
                                                "Parent Relationship": "Outer",
                                                "Parallel Aware": false,
                                                "Async Capable": false,
                                                "Join Type": "Inner",
                                                "Startup Cost": 0.0,
                                                "Total Cost": 3537.82,
                                                "Plan Rows": 1,
                                                "Plan Width": 12,
                                                "Actual Startup Time": 0.998,
                                                "Actual Total Time": 7.443,
                                                "Actual Rows": 1,
                                                "Actual Loops": 1,
                                                "Inner Unique": false,
                                                "Join Filter": "(tag.site_id = site.site_id)",
                                                "Rows Removed by Join Filter": 2,
                                                "Plans": [
                                                    {
                                                        "Node Type": "Seq Scan",
                                                        "Parent Relationship": "Outer",
                                                        "Parallel Aware": false,
                                                        "Async Capable": false,
                                                        "Relation Name": "site",
                                                        "Alias": "site",
                                                        "Startup Cost": 0.0,
                                                        "Total Cost": 3.16,
                                                        "Plan Rows": 1,
                                                        "Plan Width": 4,
                                                        "Actual Startup Time": 0.005,
                                                        "Actual Total Time": 0.01,
                                                        "Actual Rows": 1,
                                                        "Actual Loops": 1,
                                                        "Filter": "((site_name)::text = 'diy'::text)",
                                                        "Rows Removed by Filter": 172
                                                    },
                                                    {
                                                        "Node Type": "Seq Scan",
                                                        "Parent Relationship": "Inner",
                                                        "Parallel Aware": false,
                                                        "Async Capable": false,
                                                        "Relation Name": "tag",
                                                        "Alias": "tag",
                                                        "Startup Cost": 0.0,
                                                        "Total Cost": 3534.62,
                                                        "Plan Rows": 3,
                                                        "Plan Width": 8,
                                                        "Actual Startup Time": 0.992,
                                                        "Actual Total Time": 7.431,
                                                        "Actual Rows": 3,
                                                        "Actual Loops": 1,
                                                        "Filter": "((name)::text = 'rivets'::text)",
                                                        "Rows Removed by Filter": 186767
                                                    }
                                                ]
                                            },
                                            {
                                                "Node Type": "Index Only Scan",
                                                "Parent Relationship": "Inner",
                                                "Parallel Aware": false,
                                                "Async Capable": false,
                                                "Scan Direction": "Forward",
                                                "Index Name": "tag_question_site_id_tag_id_question_id_idx",
                                                "Relation Name": "tag_question",
                                                "Alias": "tag_question",
                                                "Startup Cost": 0.56,
                                                "Total Cost": 61.69,
                                                "Plan Rows": 31,
                                                "Plan Width": 12,
                                                "Actual Startup Time": 0.197,
                                                "Actual Total Time": 0.198,
                                                "Actual Rows": 1,
                                                "Actual Loops": 1,
                                                "Index Cond": "((site_id = tag.site_id) AND (tag_id = tag.id))",
                                                "Rows Removed by Index Recheck": 0,
                                                "Heap Fetches": 1
                                            }
                                        ]
                                    },
                                    {
                                        "Node Type": "Index Only Scan",
                                        "Parent Relationship": "Inner",
                                        "Parallel Aware": false,
                                        "Async Capable": false,
                                        "Scan Direction": "Forward",
                                        "Index Name": "question_pkey",
                                        "Relation Name": "question",
                                        "Alias": "question",
                                        "Startup Cost": 0.43,
                                        "Total Cost": 3.35,
                                        "Plan Rows": 1,
                                        "Plan Width": 8,
                                        "Actual Startup Time": 0.005,
                                        "Actual Total Time": 0.005,
                                        "Actual Rows": 1,
                                        "Actual Loops": 1,
                                        "Index Cond": "((id = tag_question.question_id) AND (site_id = tag_question.site_id))",
                                        "Rows Removed by Index Recheck": 0,
                                        "Heap Fetches": 0
                                    }
                                ]
                            }
                        ]
                    },
                    "Planning Time": 0.669,
                    "Triggers": [],
                    "Execution Time": 7.674
                }
            ],
            "hints": [
                "SET enable_hashjoin TO on",
                "SET enable_indexonlyscan TO on",
                "SET enable_indexscan TO on",
                "SET enable_mergejoin TO on",
                "SET enable_nestloop TO on",
                "SET enable_seqscan TO on"
            ]
        },
        {
            "arm": 1,
            "execution_time": 660.708,
            "plan": [
                {
                    "Plan": {
                        "Node Type": "Aggregate",
                        "Strategy": "Plain",
                        "Partial Mode": "Simple",
                        "Parallel Aware": false,
                        "Async Capable": false,
                        "Startup Cost": 536099.56,
                        "Total Cost": 536099.57,
                        "Plan Rows": 1,
                        "Plan Width": 8,
                        "Actual Startup Time": 652.04,
                        "Actual Total Time": 660.684,
                        "Actual Rows": 1,
                        "Actual Loops": 1,
                        "Plans": [
                            {
                                "Node Type": "Gather",
                                "Parent Relationship": "Outer",
                                "Parallel Aware": false,
                                "Async Capable": false,
                                "Startup Cost": 296798.91,
                                "Total Cost": 536099.56,
                                "Plan Rows": 1,
                                "Plan Width": 0,
                                "Actual Startup Time": 651.974,
                                "Actual Total Time": 660.678,
                                "Actual Rows": 1,
                                "Actual Loops": 1,
                                "Workers Planned": 6,
                                "Workers Launched": 6,
                                "Single Copy": false,
                                "Plans": [
                                    {
                                        "Node Type": "Hash Join",
                                        "Parent Relationship": "Outer",
                                        "Parallel Aware": true,
                                        "Async Capable": false,
                                        "Join Type": "Inner",
                                        "Startup Cost": 295798.91,
                                        "Total Cost": 535099.46,
                                        "Plan Rows": 1,
                                        "Plan Width": 0,
                                        "Actual Startup Time": 615.371,
                                        "Actual Total Time": 649.716,
                                        "Actual Rows": 0,
                                        "Actual Loops": 7,
                                        "Inner Unique": false,
                                        "Hash Cond": "((question.site_id = tag.site_id) AND (question.id = tag_question.question_id))",
                                        "Workers": [],
                                        "Plans": [
                                            {
                                                "Node Type": "Index Only Scan",
                                                "Parent Relationship": "Outer",
                                                "Parallel Aware": true,
                                                "Async Capable": false,
                                                "Scan Direction": "Forward",
                                                "Index Name": "question_pkey",
                                                "Relation Name": "question",
                                                "Alias": "question",
                                                "Startup Cost": 0.43,
                                                "Total Cost": 223484.36,
                                                "Plan Rows": 2108881,
                                                "Plan Width": 8,
                                                "Actual Startup Time": 0.05,
                                                "Actual Total Time": 188.055,
                                                "Actual Rows": 1809492,
                                                "Actual Loops": 7,
                                                "Heap Fetches": 0,
                                                "Workers": []
                                            },
                                            {
                                                "Node Type": "Hash",
                                                "Parent Relationship": "Inner",
                                                "Parallel Aware": true,
                                                "Async Capable": false,
                                                "Startup Cost": 295798.42,
                                                "Total Cost": 295798.42,
                                                "Plan Rows": 4,
                                                "Plan Width": 16,
                                                "Actual Startup Time": 401.31,
                                                "Actual Total Time": 401.312,
                                                "Actual Rows": 0,
                                                "Actual Loops": 7,
                                                "Hash Buckets": 1024,
                                                "Original Hash Buckets": 1024,
                                                "Hash Batches": 1,
                                                "Original Hash Batches": 1,
                                                "Peak Memory Usage": 40,
                                                "Workers": [],
                                                "Plans": [
                                                    {
                                                        "Node Type": "Hash Join",
                                                        "Parent Relationship": "Outer",
                                                        "Parallel Aware": true,
                                                        "Async Capable": false,
                                                        "Join Type": "Inner",
                                                        "Startup Cost": 2576.51,
                                                        "Total Cost": 295798.42,
                                                        "Plan Rows": 4,
                                                        "Plan Width": 16,
                                                        "Actual Startup Time": 392.055,
                                                        "Actual Total Time": 401.261,
                                                        "Actual Rows": 0,
                                                        "Actual Loops": 7,
                                                        "Inner Unique": true,
                                                        "Hash Cond": "((site.site_id = tag.site_id) AND (tag_question.tag_id = tag.id))",
                                                        "Workers": [],
                                                        "Plans": [
                                                            {
                                                                "Node Type": "Hash Join",
                                                                "Parent Relationship": "Outer",
                                                                "Parallel Aware": false,
                                                                "Async Capable": false,
                                                                "Join Type": "Inner",
                                                                "Startup Cost": 3.18,
                                                                "Total Cost": 293001.22,
                                                                "Plan Rows": 42640,
                                                                "Plan Width": 16,
                                                                "Actual Startup Time": 371.521,
                                                                "Actual Total Time": 399.368,
                                                                "Actual Rows": 7756,
                                                                "Actual Loops": 7,
                                                                "Inner Unique": true,
                                                                "Hash Cond": "(tag_question.site_id = site.site_id)",
                                                                "Workers": [],
                                                                "Plans": [
                                                                    {
                                                                        "Node Type": "Seq Scan",
                                                                        "Parent Relationship": "Outer",
                                                                        "Parallel Aware": true,
                                                                        "Async Capable": false,
                                                                        "Relation Name": "tag_question",
                                                                        "Alias": "tag_question",
                                                                        "Startup Cost": 0.0,
                                                                        "Total Cost": 273159.66,
                                                                        "Plan Rows": 7376766,
                                                                        "Plan Width": 12,
                                                                        "Actual Startup Time": 0.023,
                                                                        "Actual Total Time": 217.302,
                                                                        "Actual Rows": 5269117,
                                                                        "Actual Loops": 7,
                                                                        "Workers": []
                                                                    },
                                                                    {
                                                                        "Node Type": "Hash",
                                                                        "Parent Relationship": "Inner",
                                                                        "Parallel Aware": false,
                                                                        "Async Capable": false,
                                                                        "Startup Cost": 3.16,
                                                                        "Total Cost": 3.16,
                                                                        "Plan Rows": 1,
                                                                        "Plan Width": 4,
                                                                        "Actual Startup Time": 0.019,
                                                                        "Actual Total Time": 0.02,
                                                                        "Actual Rows": 1,
                                                                        "Actual Loops": 7,
                                                                        "Hash Buckets": 1024,
                                                                        "Original Hash Buckets": 1024,
                                                                        "Hash Batches": 1,
                                                                        "Original Hash Batches": 1,
                                                                        "Peak Memory Usage": 9,
                                                                        "Workers": [],
                                                                        "Plans": [
                                                                            {
                                                                                "Node Type": "Seq Scan",
                                                                                "Parent Relationship": "Outer",
                                                                                "Parallel Aware": false,
                                                                                "Async Capable": false,
                                                                                "Relation Name": "site",
                                                                                "Alias": "site",
                                                                                "Startup Cost": 0.0,
                                                                                "Total Cost": 3.16,
                                                                                "Plan Rows": 1,
                                                                                "Plan Width": 4,
                                                                                "Actual Startup Time": 0.011,
                                                                                "Actual Total Time": 0.016,
                                                                                "Actual Rows": 1,
                                                                                "Actual Loops": 7,
                                                                                "Filter": "((site_name)::text = 'diy'::text)",
                                                                                "Rows Removed by Filter": 172,
                                                                                "Workers": []
                                                                            }
                                                                        ]
                                                                    }
                                                                ]
                                                            },
                                                            {
                                                                "Node Type": "Hash",
                                                                "Parent Relationship": "Inner",
                                                                "Parallel Aware": true,
                                                                "Async Capable": false,
                                                                "Startup Cost": 2573.31,
                                                                "Total Cost": 2573.31,
                                                                "Plan Rows": 2,
                                                                "Plan Width": 8,
                                                                "Actual Startup Time": 1.548,
                                                                "Actual Total Time": 1.549,
                                                                "Actual Rows": 0,
                                                                "Actual Loops": 7,
                                                                "Hash Buckets": 1024,
                                                                "Original Hash Buckets": 1024,
                                                                "Hash Batches": 1,
                                                                "Original Hash Batches": 1,
                                                                "Peak Memory Usage": 72,
                                                                "Workers": [],
                                                                "Plans": [
                                                                    {
                                                                        "Node Type": "Seq Scan",
                                                                        "Parent Relationship": "Outer",
                                                                        "Parallel Aware": true,
                                                                        "Async Capable": false,
                                                                        "Relation Name": "tag",
                                                                        "Alias": "tag",
                                                                        "Startup Cost": 0.0,
                                                                        "Total Cost": 2573.31,
                                                                        "Plan Rows": 2,
                                                                        "Plan Width": 8,
                                                                        "Actual Startup Time": 1.152,
                                                                        "Actual Total Time": 1.53,
                                                                        "Actual Rows": 0,
                                                                        "Actual Loops": 7,
                                                                        "Filter": "((name)::text = 'rivets'::text)",
                                                                        "Rows Removed by Filter": 26681,
                                                                        "Workers": []
                                                                    }
                                                                ]
                                                            }
                                                        ]
                                                    }
                                                ]
                                            }
                                        ]
                                    }
                                ]
                            }
                        ]
                    },
                    "Planning Time": 0.643,
                    "Triggers": [],
                    "Execution Time": 660.708
                }
            ],
            "hints": [
                "SET enable_hashjoin TO on",
                "SET enable_indexonlyscan TO on",
                "SET enable_indexscan TO on",
                "SET enable_mergejoin TO on",
                "SET enable_nestloop TO off",
                "SET enable_seqscan TO on"
            ]
        },
        {
            "arm": 2,
            "execution_time": 7.881,
            "plan": [
                {
                    "Plan": {
                        "Node Type": "Aggregate",
                        "Strategy": "Plain",
                        "Partial Mode": "Simple",
                        "Parallel Aware": false,
                        "Async Capable": false,
                        "Startup Cost": 3828.44,
                        "Total Cost": 3828.45,
                        "Plan Rows": 1,
                        "Plan Width": 8,
                        "Actual Startup Time": 7.854,
                        "Actual Total Time": 7.856,
                        "Actual Rows": 1,
                        "Actual Loops": 1,
                        "Plans": [
                            {
                                "Node Type": "Nested Loop",
                                "Parent Relationship": "Outer",
                                "Parallel Aware": false,
                                "Async Capable": false,
                                "Join Type": "Inner",
                                "Startup Cost": 8.22,
                                "Total Cost": 3828.44,
                                "Plan Rows": 1,
                                "Plan Width": 0,
                                "Actual Startup Time": 1.121,
                                "Actual Total Time": 7.853,
                                "Actual Rows": 1,
                                "Actual Loops": 1,
                                "Inner Unique": true,
                                "Join Filter": "(tag.site_id = question.site_id)",
                                "Rows Removed by Join Filter": 0,
                                "Plans": [
                                    {
                                        "Node Type": "Nested Loop",
                                        "Parent Relationship": "Outer",
                                        "Parallel Aware": false,
                                        "Async Capable": false,
                                        "Join Type": "Inner",
                                        "Startup Cost": 4.88,
                                        "Total Cost": 3666.32,
                                        "Plan Rows": 22,
                                        "Plan Width": 16,
                                        "Actual Startup Time": 1.102,
                                        "Actual Total Time": 7.832,
                                        "Actual Rows": 1,
                                        "Actual Loops": 1,
                                        "Inner Unique": false,
                                        "Plans": [
                                            {
                                                "Node Type": "Nested Loop",
                                                "Parent Relationship": "Outer",
                                                "Parallel Aware": false,
                                                "Async Capable": false,
                                                "Join Type": "Inner",
                                                "Startup Cost": 0.0,
                                                "Total Cost": 3537.82,
                                                "Plan Rows": 1,
                                                "Plan Width": 12,
                                                "Actual Startup Time": 1.087,
                                                "Actual Total Time": 7.816,
                                                "Actual Rows": 1,
                                                "Actual Loops": 1,
                                                "Inner Unique": false,
                                                "Join Filter": "(tag.site_id = site.site_id)",
                                                "Rows Removed by Join Filter": 2,
                                                "Plans": [
                                                    {
                                                        "Node Type": "Seq Scan",
                                                        "Parent Relationship": "Outer",
                                                        "Parallel Aware": false,
                                                        "Async Capable": false,
                                                        "Relation Name": "site",
                                                        "Alias": "site",
                                                        "Startup Cost": 0.0,
                                                        "Total Cost": 3.16,
                                                        "Plan Rows": 1,
                                                        "Plan Width": 4,
                                                        "Actual Startup Time": 0.009,
                                                        "Actual Total Time": 0.014,
                                                        "Actual Rows": 1,
                                                        "Actual Loops": 1,
                                                        "Filter": "((site_name)::text = 'diy'::text)",
                                                        "Rows Removed by Filter": 172
                                                    },
                                                    {
                                                        "Node Type": "Seq Scan",
                                                        "Parent Relationship": "Inner",
                                                        "Parallel Aware": false,
                                                        "Async Capable": false,
                                                        "Relation Name": "tag",
                                                        "Alias": "tag",
                                                        "Startup Cost": 0.0,
                                                        "Total Cost": 3534.62,
                                                        "Plan Rows": 3,
                                                        "Plan Width": 8,
                                                        "Actual Startup Time": 1.076,
                                                        "Actual Total Time": 7.799,
                                                        "Actual Rows": 3,
                                                        "Actual Loops": 1,
                                                        "Filter": "((name)::text = 'rivets'::text)",
                                                        "Rows Removed by Filter": 186767
                                                    }
                                                ]
                                            },
                                            {
                                                "Node Type": "Bitmap Heap Scan",
                                                "Parent Relationship": "Inner",
                                                "Parallel Aware": false,
                                                "Async Capable": false,
                                                "Relation Name": "tag_question",
                                                "Alias": "tag_question",
                                                "Startup Cost": 4.88,
                                                "Total Cost": 128.19,
                                                "Plan Rows": 31,
                                                "Plan Width": 12,
                                                "Actual Startup Time": 0.012,
                                                "Actual Total Time": 0.013,
                                                "Actual Rows": 1,
                                                "Actual Loops": 1,
                                                "Recheck Cond": "((tag.site_id = site_id) AND (tag.id = tag_id))",
                                                "Rows Removed by Index Recheck": 0,
                                                "Exact Heap Blocks": 1,
                                                "Lossy Heap Blocks": 0,
                                                "Plans": [
                                                    {
                                                        "Node Type": "Bitmap Index Scan",
                                                        "Parent Relationship": "Outer",
                                                        "Parallel Aware": false,
                                                        "Async Capable": false,
                                                        "Index Name": "tag_question_site_id_tag_id_question_id_idx",
                                                        "Startup Cost": 0.0,
                                                        "Total Cost": 4.88,
                                                        "Plan Rows": 31,
                                                        "Plan Width": 0,
                                                        "Actual Startup Time": 0.01,
                                                        "Actual Total Time": 0.01,
                                                        "Actual Rows": 1,
                                                        "Actual Loops": 1,
                                                        "Index Cond": "((site_id = tag.site_id) AND (tag_id = tag.id))"
                                                    }
                                                ]
                                            }
                                        ]
                                    },
                                    {
                                        "Node Type": "Bitmap Heap Scan",
                                        "Parent Relationship": "Inner",
                                        "Parallel Aware": false,
                                        "Async Capable": false,
                                        "Relation Name": "question",
                                        "Alias": "question",
                                        "Startup Cost": 3.34,
                                        "Total Cost": 7.36,
                                        "Plan Rows": 1,
                                        "Plan Width": 8,
                                        "Actual Startup Time": 0.018,
                                        "Actual Total Time": 0.019,
                                        "Actual Rows": 1,
                                        "Actual Loops": 1,
                                        "Recheck Cond": "((id = tag_question.question_id) AND (site_id = tag_question.site_id))",
                                        "Rows Removed by Index Recheck": 0,
                                        "Exact Heap Blocks": 1,
                                        "Lossy Heap Blocks": 0,
                                        "Plans": [
                                            {
                                                "Node Type": "Bitmap Index Scan",
                                                "Parent Relationship": "Outer",
                                                "Parallel Aware": false,
                                                "Async Capable": false,
                                                "Index Name": "question_pkey",
                                                "Startup Cost": 0.0,
                                                "Total Cost": 3.34,
                                                "Plan Rows": 1,
                                                "Plan Width": 0,
                                                "Actual Startup Time": 0.005,
                                                "Actual Total Time": 0.005,
                                                "Actual Rows": 1,
                                                "Actual Loops": 1,
                                                "Index Cond": "((id = tag_question.question_id) AND (site_id = tag_question.site_id))"
                                            }
                                        ]
                                    }
                                ]
                            }
                        ]
                    },
                    "Planning Time": 0.423,
                    "Triggers": [],
                    "Execution Time": 7.881
                }
            ],
            "hints": [
                "SET enable_hashjoin TO on",
                "SET enable_indexonlyscan TO on",
                "SET enable_indexscan TO off",
                "SET enable_mergejoin TO off",
                "SET enable_nestloop TO on",
                "SET enable_seqscan TO on"
            ]
        },
        {
            "arm": 3,
            "execution_time": 844.395,
            "plan": [
                {
                    "Plan": {
                        "Node Type": "Aggregate",
                        "Strategy": "Plain",
                        "Partial Mode": "Simple",
                        "Parallel Aware": false,
                        "Async Capable": false,
                        "Startup Cost": 1992607.8,
                        "Total Cost": 1992607.81,
                        "Plan Rows": 1,
                        "Plan Width": 8,
                        "Actual Startup Time": 837.574,
                        "Actual Total Time": 844.369,
                        "Actual Rows": 1,
                        "Actual Loops": 1,
                        "Plans": [
                            {
                                "Node Type": "Gather",
                                "Parent Relationship": "Outer",
                                "Parallel Aware": false,
                                "Async Capable": false,
                                "Startup Cost": 296798.48,
                                "Total Cost": 1992607.8,
                                "Plan Rows": 1,
                                "Plan Width": 0,
                                "Actual Startup Time": 837.514,
                                "Actual Total Time": 844.363,
                                "Actual Rows": 1,
                                "Actual Loops": 1,
                                "Workers Planned": 7,
                                "Workers Launched": 7,
                                "Single Copy": false,
                                "Plans": [
                                    {
                                        "Node Type": "Hash Join",
                                        "Parent Relationship": "Outer",
                                        "Parallel Aware": true,
                                        "Async Capable": false,
                                        "Join Type": "Inner",
                                        "Startup Cost": 295798.48,
                                        "Total Cost": 1991607.7,
                                        "Plan Rows": 1,
                                        "Plan Width": 0,
                                        "Actual Startup Time": 776.468,
                                        "Actual Total Time": 835.199,
                                        "Actual Rows": 0,
                                        "Actual Loops": 8,
                                        "Inner Unique": false,
                                        "Hash Cond": "((question.site_id = tag.site_id) AND (question.id = tag_question.question_id))",
                                        "Workers": [],
                                        "Plans": [
                                            {
                                                "Node Type": "Seq Scan",
                                                "Parent Relationship": "Outer",
                                                "Parallel Aware": true,
                                                "Async Capable": false,
                                                "Relation Name": "question",
                                                "Alias": "question",
                                                "Startup Cost": 0.0,
                                                "Total Cost": 1682252.12,
                                                "Plan Rows": 1807612,
                                                "Plan Width": 8,
                                                "Actual Startup Time": 0.019,
                                                "Actual Total Time": 397.035,
                                                "Actual Rows": 1583305,
                                                "Actual Loops": 8,
                                                "Workers": []
                                            },
                                            {
                                                "Node Type": "Hash",
                                                "Parent Relationship": "Inner",
                                                "Parallel Aware": true,
                                                "Async Capable": false,
                                                "Startup Cost": 295798.42,
                                                "Total Cost": 295798.42,
                                                "Plan Rows": 4,
                                                "Plan Width": 16,
                                                "Actual Startup Time": 353.821,
                                                "Actual Total Time": 353.824,
                                                "Actual Rows": 0,
                                                "Actual Loops": 8,
                                                "Hash Buckets": 1024,
                                                "Original Hash Buckets": 1024,
                                                "Hash Batches": 1,
                                                "Original Hash Batches": 1,
                                                "Peak Memory Usage": 40,
                                                "Workers": [],
                                                "Plans": [
                                                    {
                                                        "Node Type": "Hash Join",
                                                        "Parent Relationship": "Outer",
                                                        "Parallel Aware": true,
                                                        "Async Capable": false,
                                                        "Join Type": "Inner",
                                                        "Startup Cost": 2576.51,
                                                        "Total Cost": 295798.42,
                                                        "Plan Rows": 4,
                                                        "Plan Width": 16,
                                                        "Actual Startup Time": 346.691,
                                                        "Actual Total Time": 353.723,
                                                        "Actual Rows": 0,
                                                        "Actual Loops": 8,
                                                        "Inner Unique": true,
                                                        "Hash Cond": "((site.site_id = tag.site_id) AND (tag_question.tag_id = tag.id))",
                                                        "Workers": [],
                                                        "Plans": [
                                                            {
                                                                "Node Type": "Hash Join",
                                                                "Parent Relationship": "Outer",
                                                                "Parallel Aware": false,
                                                                "Async Capable": false,
                                                                "Join Type": "Inner",
                                                                "Startup Cost": 3.18,
                                                                "Total Cost": 293001.22,
                                                                "Plan Rows": 42640,
                                                                "Plan Width": 16,
                                                                "Actual Startup Time": 330.554,
                                                                "Actual Total Time": 351.974,
                                                                "Actual Rows": 6786,
                                                                "Actual Loops": 8,
                                                                "Inner Unique": true,
                                                                "Hash Cond": "(tag_question.site_id = site.site_id)",
                                                                "Workers": [],
                                                                "Plans": [
                                                                    {
                                                                        "Node Type": "Seq Scan",
                                                                        "Parent Relationship": "Outer",
                                                                        "Parallel Aware": true,
                                                                        "Async Capable": false,
                                                                        "Relation Name": "tag_question",
                                                                        "Alias": "tag_question",
                                                                        "Startup Cost": 0.0,
                                                                        "Total Cost": 273159.66,
                                                                        "Plan Rows": 7376766,
                                                                        "Plan Width": 12,
                                                                        "Actual Startup Time": 0.02,
                                                                        "Actual Total Time": 191.672,
                                                                        "Actual Rows": 4610477,
                                                                        "Actual Loops": 8,
                                                                        "Workers": []
                                                                    },
                                                                    {
                                                                        "Node Type": "Hash",
                                                                        "Parent Relationship": "Inner",
                                                                        "Parallel Aware": false,
                                                                        "Async Capable": false,
                                                                        "Startup Cost": 3.16,
                                                                        "Total Cost": 3.16,
                                                                        "Plan Rows": 1,
                                                                        "Plan Width": 4,
                                                                        "Actual Startup Time": 0.023,
                                                                        "Actual Total Time": 0.024,
                                                                        "Actual Rows": 1,
                                                                        "Actual Loops": 8,
                                                                        "Hash Buckets": 1024,
                                                                        "Original Hash Buckets": 1024,
                                                                        "Hash Batches": 1,
                                                                        "Original Hash Batches": 1,
                                                                        "Peak Memory Usage": 9,
                                                                        "Workers": [],
                                                                        "Plans": [
                                                                            {
                                                                                "Node Type": "Seq Scan",
                                                                                "Parent Relationship": "Outer",
                                                                                "Parallel Aware": false,
                                                                                "Async Capable": false,
                                                                                "Relation Name": "site",
                                                                                "Alias": "site",
                                                                                "Startup Cost": 0.0,
                                                                                "Total Cost": 3.16,
                                                                                "Plan Rows": 1,
                                                                                "Plan Width": 4,
                                                                                "Actual Startup Time": 0.012,
                                                                                "Actual Total Time": 0.017,
                                                                                "Actual Rows": 1,
                                                                                "Actual Loops": 8,
                                                                                "Filter": "((site_name)::text = 'diy'::text)",
                                                                                "Rows Removed by Filter": 172,
                                                                                "Workers": []
                                                                            }
                                                                        ]
                                                                    }
                                                                ]
                                                            },
                                                            {
                                                                "Node Type": "Hash",
                                                                "Parent Relationship": "Inner",
                                                                "Parallel Aware": true,
                                                                "Async Capable": false,
                                                                "Startup Cost": 2573.31,
                                                                "Total Cost": 2573.31,
                                                                "Plan Rows": 2,
                                                                "Plan Width": 8,
                                                                "Actual Startup Time": 1.439,
                                                                "Actual Total Time": 1.439,
                                                                "Actual Rows": 0,
                                                                "Actual Loops": 8,
                                                                "Hash Buckets": 1024,
                                                                "Original Hash Buckets": 1024,
                                                                "Hash Batches": 1,
                                                                "Original Hash Batches": 1,
                                                                "Peak Memory Usage": 40,
                                                                "Workers": [],
                                                                "Plans": [
                                                                    {
                                                                        "Node Type": "Seq Scan",
                                                                        "Parent Relationship": "Outer",
                                                                        "Parallel Aware": true,
                                                                        "Async Capable": false,
                                                                        "Relation Name": "tag",
                                                                        "Alias": "tag",
                                                                        "Startup Cost": 0.0,
                                                                        "Total Cost": 2573.31,
                                                                        "Plan Rows": 2,
                                                                        "Plan Width": 8,
                                                                        "Actual Startup Time": 1.149,
                                                                        "Actual Total Time": 1.409,
                                                                        "Actual Rows": 0,
                                                                        "Actual Loops": 8,
                                                                        "Filter": "((name)::text = 'rivets'::text)",
                                                                        "Rows Removed by Filter": 23346,
                                                                        "Workers": []
                                                                    }
                                                                ]
                                                            }
                                                        ]
                                                    }
                                                ]
                                            }
                                        ]
                                    }
                                ]
                            }
                        ]
                    },
                    "Planning Time": 0.401,
                    "Triggers": [],
                    "Execution Time": 844.395
                }
            ],
            "hints": [
                "SET enable_hashjoin TO on",
                "SET enable_indexonlyscan TO on",
                "SET enable_indexscan TO off",
                "SET enable_mergejoin TO off",
                "SET enable_nestloop TO off",
                "SET enable_seqscan TO on"
            ]
        },
        {
            "arm": 4,
            "execution_time": 8.67,
            "plan": [
                {
                    "Plan": {
                        "Node Type": "Aggregate",
                        "Strategy": "Plain",
                        "Partial Mode": "Simple",
                        "Parallel Aware": false,
                        "Async Capable": false,
                        "Startup Cost": 3673.82,
                        "Total Cost": 3673.83,
                        "Plan Rows": 1,
                        "Plan Width": 8,
                        "Actual Startup Time": 8.642,
                        "Actual Total Time": 8.644,
                        "Actual Rows": 1,
                        "Actual Loops": 1,
                        "Plans": [
                            {
                                "Node Type": "Nested Loop",
                                "Parent Relationship": "Outer",
                                "Parallel Aware": false,
                                "Async Capable": false,
                                "Join Type": "Inner",
                                "Startup Cost": 1.0,
                                "Total Cost": 3673.82,
                                "Plan Rows": 1,
                                "Plan Width": 0,
                                "Actual Startup Time": 1.339,
                                "Actual Total Time": 8.641,
                                "Actual Rows": 1,
                                "Actual Loops": 1,
                                "Inner Unique": true,
                                "Join Filter": "(tag.site_id = question.site_id)",
                                "Rows Removed by Join Filter": 0,
                                "Plans": [
                                    {
                                        "Node Type": "Nested Loop",
                                        "Parent Relationship": "Outer",
                                        "Parallel Aware": false,
                                        "Async Capable": false,
                                        "Join Type": "Inner",
                                        "Startup Cost": 0.56,
                                        "Total Cost": 3599.82,
                                        "Plan Rows": 22,
                                        "Plan Width": 16,
                                        "Actual Startup Time": 1.331,
                                        "Actual Total Time": 8.633,
                                        "Actual Rows": 1,
                                        "Actual Loops": 1,
                                        "Inner Unique": false,
                                        "Plans": [
                                            {
                                                "Node Type": "Nested Loop",
                                                "Parent Relationship": "Outer",
                                                "Parallel Aware": false,
                                                "Async Capable": false,
                                                "Join Type": "Inner",
                                                "Startup Cost": 0.0,
                                                "Total Cost": 3537.82,
                                                "Plan Rows": 1,
                                                "Plan Width": 12,
                                                "Actual Startup Time": 1.316,
                                                "Actual Total Time": 8.616,
                                                "Actual Rows": 1,
                                                "Actual Loops": 1,
                                                "Inner Unique": false,
                                                "Join Filter": "(tag.site_id = site.site_id)",
                                                "Rows Removed by Join Filter": 2,
                                                "Plans": [
                                                    {
                                                        "Node Type": "Seq Scan",
                                                        "Parent Relationship": "Outer",
                                                        "Parallel Aware": false,
                                                        "Async Capable": false,
                                                        "Relation Name": "site",
                                                        "Alias": "site",
                                                        "Startup Cost": 0.0,
                                                        "Total Cost": 3.16,
                                                        "Plan Rows": 1,
                                                        "Plan Width": 4,
                                                        "Actual Startup Time": 0.011,
                                                        "Actual Total Time": 0.017,
                                                        "Actual Rows": 1,
                                                        "Actual Loops": 1,
                                                        "Filter": "((site_name)::text = 'diy'::text)",
                                                        "Rows Removed by Filter": 172
                                                    },
                                                    {
                                                        "Node Type": "Seq Scan",
                                                        "Parent Relationship": "Inner",
                                                        "Parallel Aware": false,
                                                        "Async Capable": false,
                                                        "Relation Name": "tag",
                                                        "Alias": "tag",
                                                        "Startup Cost": 0.0,
                                                        "Total Cost": 3534.62,
                                                        "Plan Rows": 3,
                                                        "Plan Width": 8,
                                                        "Actual Startup Time": 1.303,
                                                        "Actual Total Time": 8.596,
                                                        "Actual Rows": 3,
                                                        "Actual Loops": 1,
                                                        "Filter": "((name)::text = 'rivets'::text)",
                                                        "Rows Removed by Filter": 186767
                                                    }
                                                ]
                                            },
                                            {
                                                "Node Type": "Index Only Scan",
                                                "Parent Relationship": "Inner",
                                                "Parallel Aware": false,
                                                "Async Capable": false,
                                                "Scan Direction": "Forward",
                                                "Index Name": "tag_question_site_id_tag_id_question_id_idx",
                                                "Relation Name": "tag_question",
                                                "Alias": "tag_question",
                                                "Startup Cost": 0.56,
                                                "Total Cost": 61.69,
                                                "Plan Rows": 31,
                                                "Plan Width": 12,
                                                "Actual Startup Time": 0.014,
                                                "Actual Total Time": 0.014,
                                                "Actual Rows": 1,
                                                "Actual Loops": 1,
                                                "Index Cond": "((site_id = tag.site_id) AND (tag_id = tag.id))",
                                                "Rows Removed by Index Recheck": 0,
                                                "Heap Fetches": 1
                                            }
                                        ]
                                    },
                                    {
                                        "Node Type": "Index Only Scan",
                                        "Parent Relationship": "Inner",
                                        "Parallel Aware": false,
                                        "Async Capable": false,
                                        "Scan Direction": "Forward",
                                        "Index Name": "question_pkey",
                                        "Relation Name": "question",
                                        "Alias": "question",
                                        "Startup Cost": 0.43,
                                        "Total Cost": 3.35,
                                        "Plan Rows": 1,
                                        "Plan Width": 8,
                                        "Actual Startup Time": 0.006,
                                        "Actual Total Time": 0.006,
                                        "Actual Rows": 1,
                                        "Actual Loops": 1,
                                        "Index Cond": "((id = tag_question.question_id) AND (site_id = tag_question.site_id))",
                                        "Rows Removed by Index Recheck": 0,
                                        "Heap Fetches": 0
                                    }
                                ]
                            }
                        ]
                    },
                    "Planning Time": 0.569,
                    "Triggers": [],
                    "Execution Time": 8.67
                }
            ],
            "hints": [
                "SET enable_hashjoin TO on",
                "SET enable_indexonlyscan TO on",
                "SET enable_indexscan TO on",
                "SET enable_mergejoin TO off",
                "SET enable_nestloop TO on",
                "SET enable_seqscan TO on"
            ]
        }
    ]
}