{
    "sql_file": "soload_q1-002.sql",
    "query": "select count(*) from tag, site, question, tag_question\nwhere\nsite.site_name='pm' and\ntag.name='delays' and\ntag.site_id = site.site_id and\nquestion.site_id = site.site_id and\ntag_question.site_id = site.site_id and\ntag_question.question_id = question.id and\ntag_question.tag_id = tag.id",
    "results": [
        {
            "arm": 0,
            "execution_time": 9.012,
            "plan": [
                {
                    "Plan": {
                        "Node Type": "Aggregate",
                        "Strategy": "Plain",
                        "Partial Mode": "Simple",
                        "Parallel Aware": false,
                        "Async Capable": false,
                        "Startup Cost": 3673.82,
                        "Total Cost": 3673.83,
                        "Plan Rows": 1,
                        "Plan Width": 8,
                        "Actual Startup Time": 8.991,
                        "Actual Total Time": 8.992,
                        "Actual Rows": 1,
                        "Actual Loops": 1,
                        "Plans": [
                            {
                                "Node Type": "Nested Loop",
                                "Parent Relationship": "Outer",
                                "Parallel Aware": false,
                                "Async Capable": false,
                                "Join Type": "Inner",
                                "Startup Cost": 1.0,
                                "Total Cost": 3673.82,
                                "Plan Rows": 1,
                                "Plan Width": 0,
                                "Actual Startup Time": 4.564,
                                "Actual Total Time": 8.987,
                                "Actual Rows": 1,
                                "Actual Loops": 1,
                                "Inner Unique": true,
                                "Join Filter": "(tag.site_id = question.site_id)",
                                "Rows Removed by Join Filter": 0,
                                "Plans": [
                                    {
                                        "Node Type": "Nested Loop",
                                        "Parent Relationship": "Outer",
                                        "Parallel Aware": false,
                                        "Async Capable": false,
                                        "Join Type": "Inner",
                                        "Startup Cost": 0.56,
                                        "Total Cost": 3599.82,
                                        "Plan Rows": 22,
                                        "Plan Width": 16,
                                        "Actual Startup Time": 4.534,
                                        "Actual Total Time": 8.957,
                                        "Actual Rows": 1,
                                        "Actual Loops": 1,
                                        "Inner Unique": false,
                                        "Plans": [
                                            {
                                                "Node Type": "Nested Loop",
                                                "Parent Relationship": "Outer",
                                                "Parallel Aware": false,
                                                "Async Capable": false,
                                                "Join Type": "Inner",
                                                "Startup Cost": 0.0,
                                                "Total Cost": 3537.82,
                                                "Plan Rows": 1,
                                                "Plan Width": 12,
                                                "Actual Startup Time": 3.339,
                                                "Actual Total Time": 7.759,
                                                "Actual Rows": 1,
                                                "Actual Loops": 1,
                                                "Inner Unique": false,
                                                "Join Filter": "(tag.site_id = site.site_id)",
                                                "Rows Removed by Join Filter": 1,
                                                "Plans": [
                                                    {
                                                        "Node Type": "Seq Scan",
                                                        "Parent Relationship": "Outer",
                                                        "Parallel Aware": false,
                                                        "Async Capable": false,
                                                        "Relation Name": "site",
                                                        "Alias": "site",
                                                        "Startup Cost": 0.0,
                                                        "Total Cost": 3.16,
                                                        "Plan Rows": 1,
                                                        "Plan Width": 4,
                                                        "Actual Startup Time": 0.009,
                                                        "Actual Total Time": 0.012,
                                                        "Actual Rows": 1,
                                                        "Actual Loops": 1,
                                                        "Filter": "((site_name)::text = 'pm'::text)",
                                                        "Rows Removed by Filter": 172
                                                    },
                                                    {
                                                        "Node Type": "Seq Scan",
                                                        "Parent Relationship": "Inner",
                                                        "Parallel Aware": false,
                                                        "Async Capable": false,
                                                        "Relation Name": "tag",
                                                        "Alias": "tag",
                                                        "Startup Cost": 0.0,
                                                        "Total Cost": 3534.62,
                                                        "Plan Rows": 3,
                                                        "Plan Width": 8,
                                                        "Actual Startup Time": 3.328,
                                                        "Actual Total Time": 7.745,
                                                        "Actual Rows": 2,
                                                        "Actual Loops": 1,
                                                        "Filter": "((name)::text = 'delays'::text)",
                                                        "Rows Removed by Filter": 186768
                                                    }
                                                ]
                                            },
                                            {
                                                "Node Type": "Index Only Scan",
                                                "Parent Relationship": "Inner",
                                                "Parallel Aware": false,
                                                "Async Capable": false,
                                                "Scan Direction": "Forward",
                                                "Index Name": "tag_question_site_id_tag_id_question_id_idx",
                                                "Relation Name": "tag_question",
                                                "Alias": "tag_question",
                                                "Startup Cost": 0.56,
                                                "Total Cost": 61.69,
                                                "Plan Rows": 31,
                                                "Plan Width": 12,
                                                "Actual Startup Time": 1.192,
                                                "Actual Total Time": 1.195,
                                                "Actual Rows": 1,
                                                "Actual Loops": 1,
                                                "Index Cond": "((site_id = tag.site_id) AND (tag_id = tag.id))",
                                                "Rows Removed by Index Recheck": 0,
                                                "Heap Fetches": 1
                                            }
                                        ]
                                    },
                                    {
                                        "Node Type": "Index Only Scan",
                                        "Parent Relationship": "Inner",
                                        "Parallel Aware": false,
                                        "Async Capable": false,
                                        "Scan Direction": "Forward",
                                        "Index Name": "question_pkey",
                                        "Relation Name": "question",
                                        "Alias": "question",
                                        "Startup Cost": 0.43,
                                        "Total Cost": 3.35,
                                        "Plan Rows": 1,
                                        "Plan Width": 8,
                                        "Actual Startup Time": 0.026,
                                        "Actual Total Time": 0.026,
                                        "Actual Rows": 1,
                                        "Actual Loops": 1,
                                        "Index Cond": "((id = tag_question.question_id) AND (site_id = tag_question.site_id))",
                                        "Rows Removed by Index Recheck": 0,
                                        "Heap Fetches": 0
                                    }
                                ]
                            }
                        ]
                    },
                    "Planning Time": 0.703,
                    "Triggers": [],
                    "Execution Time": 9.012
                }
            ],
            "hints": [
                "SET enable_hashjoin TO on",
                "SET enable_indexonlyscan TO on",
                "SET enable_indexscan TO on",
                "SET enable_mergejoin TO on",
                "SET enable_nestloop TO on",
                "SET enable_seqscan TO on"
            ]
        },
        {
            "arm": 1,
            "execution_time": 737.646,
            "plan": [
                {
                    "Plan": {
                        "Node Type": "Aggregate",
                        "Strategy": "Plain",
                        "Partial Mode": "Simple",
                        "Parallel Aware": false,
                        "Async Capable": false,
                        "Startup Cost": 536099.56,
                        "Total Cost": 536099.57,
                        "Plan Rows": 1,
                        "Plan Width": 8,
                        "Actual Startup Time": 729.218,
                        "Actual Total Time": 737.621,
                        "Actual Rows": 1,
                        "Actual Loops": 1,
                        "Plans": [
                            {
                                "Node Type": "Gather",
                                "Parent Relationship": "Outer",
                                "Parallel Aware": false,
                                "Async Capable": false,
                                "Startup Cost": 296798.91,
                                "Total Cost": 536099.56,
                                "Plan Rows": 1,
                                "Plan Width": 0,
                                "Actual Startup Time": 729.156,
                                "Actual Total Time": 737.615,
                                "Actual Rows": 1,
                                "Actual Loops": 1,
                                "Workers Planned": 6,
                                "Workers Launched": 6,
                                "Single Copy": false,
                                "Plans": [
                                    {
                                        "Node Type": "Hash Join",
                                        "Parent Relationship": "Outer",
                                        "Parallel Aware": true,
                                        "Async Capable": false,
                                        "Join Type": "Inner",
                                        "Startup Cost": 295798.91,
                                        "Total Cost": 535099.46,
                                        "Plan Rows": 1,
                                        "Plan Width": 0,
                                        "Actual Startup Time": 693.225,
                                        "Actual Total Time": 726.882,
                                        "Actual Rows": 0,
                                        "Actual Loops": 7,
                                        "Inner Unique": false,
                                        "Hash Cond": "((question.site_id = tag.site_id) AND (question.id = tag_question.question_id))",
                                        "Workers": [],
                                        "Plans": [
                                            {
                                                "Node Type": "Index Only Scan",
                                                "Parent Relationship": "Outer",
                                                "Parallel Aware": true,
                                                "Async Capable": false,
                                                "Scan Direction": "Forward",
                                                "Index Name": "question_pkey",
                                                "Relation Name": "question",
                                                "Alias": "question",
                                                "Startup Cost": 0.43,
                                                "Total Cost": 223484.36,
                                                "Plan Rows": 2108881,
                                                "Plan Width": 8,
                                                "Actual Startup Time": 0.062,
                                                "Actual Total Time": 186.792,
                                                "Actual Rows": 1809492,
                                                "Actual Loops": 7,
                                                "Heap Fetches": 0,
                                                "Workers": []
                                            },
                                            {
                                                "Node Type": "Hash",
                                                "Parent Relationship": "Inner",
                                                "Parallel Aware": true,
                                                "Async Capable": false,
                                                "Startup Cost": 295798.42,
                                                "Total Cost": 295798.42,
                                                "Plan Rows": 4,
                                                "Plan Width": 16,
                                                "Actual Startup Time": 479.798,
                                                "Actual Total Time": 479.801,
                                                "Actual Rows": 0,
                                                "Actual Loops": 7,
                                                "Hash Buckets": 1024,
                                                "Original Hash Buckets": 1024,
                                                "Hash Batches": 1,
                                                "Original Hash Batches": 1,
                                                "Peak Memory Usage": 40,
                                                "Workers": [],
                                                "Plans": [
                                                    {
                                                        "Node Type": "Hash Join",
                                                        "Parent Relationship": "Outer",
                                                        "Parallel Aware": true,
                                                        "Async Capable": false,
                                                        "Join Type": "Inner",
                                                        "Startup Cost": 2576.51,
                                                        "Total Cost": 295798.42,
                                                        "Plan Rows": 4,
                                                        "Plan Width": 16,
                                                        "Actual Startup Time": 476.026,
                                                        "Actual Total Time": 479.764,
                                                        "Actual Rows": 0,
                                                        "Actual Loops": 7,
                                                        "Inner Unique": true,
                                                        "Hash Cond": "((site.site_id = tag.site_id) AND (tag_question.tag_id = tag.id))",
                                                        "Workers": [],
                                                        "Plans": [
                                                            {
                                                                "Node Type": "Hash Join",
                                                                "Parent Relationship": "Outer",
                                                                "Parallel Aware": false,
                                                                "Async Capable": false,
                                                                "Join Type": "Inner",
                                                                "Startup Cost": 3.18,
                                                                "Total Cost": 293001.22,
                                                                "Plan Rows": 42640,
                                                                "Plan Width": 16,
                                                                "Actual Startup Time": 474.276,
                                                                "Actual Total Time": 478.127,
                                                                "Actual Rows": 1100,
                                                                "Actual Loops": 7,
                                                                "Inner Unique": true,
                                                                "Hash Cond": "(tag_question.site_id = site.site_id)",
                                                                "Workers": [],
                                                                "Plans": [
                                                                    {
                                                                        "Node Type": "Seq Scan",
                                                                        "Parent Relationship": "Outer",
                                                                        "Parallel Aware": true,
                                                                        "Async Capable": false,
                                                                        "Relation Name": "tag_question",
                                                                        "Alias": "tag_question",
                                                                        "Startup Cost": 0.0,
                                                                        "Total Cost": 273159.66,
                                                                        "Plan Rows": 7376766,
                                                                        "Plan Width": 12,
                                                                        "Actual Startup Time": 0.025,
                                                                        "Actual Total Time": 292.178,
                                                                        "Actual Rows": 5269117,
                                                                        "Actual Loops": 7,
                                                                        "Workers": []
                                                                    },
                                                                    {
                                                                        "Node Type": "Hash",
                                                                        "Parent Relationship": "Inner",
                                                                        "Parallel Aware": false,
                                                                        "Async Capable": false,
                                                                        "Startup Cost": 3.16,
                                                                        "Total Cost": 3.16,
                                                                        "Plan Rows": 1,
                                                                        "Plan Width": 4,
                                                                        "Actual Startup Time": 0.02,
                                                                        "Actual Total Time": 0.02,
                                                                        "Actual Rows": 1,
                                                                        "Actual Loops": 7,
                                                                        "Hash Buckets": 1024,
                                                                        "Original Hash Buckets": 1024,
                                                                        "Hash Batches": 1,
                                                                        "Original Hash Batches": 1,
                                                                        "Peak Memory Usage": 9,
                                                                        "Workers": [],
                                                                        "Plans": [
                                                                            {
                                                                                "Node Type": "Seq Scan",
                                                                                "Parent Relationship": "Outer",
                                                                                "Parallel Aware": false,
                                                                                "Async Capable": false,
                                                                                "Relation Name": "site",
                                                                                "Alias": "site",
                                                                                "Startup Cost": 0.0,
                                                                                "Total Cost": 3.16,
                                                                                "Plan Rows": 1,
                                                                                "Plan Width": 4,
                                                                                "Actual Startup Time": 0.014,
                                                                                "Actual Total Time": 0.016,
                                                                                "Actual Rows": 1,
                                                                                "Actual Loops": 7,
                                                                                "Filter": "((site_name)::text = 'pm'::text)",
                                                                                "Rows Removed by Filter": 172,
                                                                                "Workers": []
                                                                            }
                                                                        ]
                                                                    }
                                                                ]
                                                            },
                                                            {
                                                                "Node Type": "Hash",
                                                                "Parent Relationship": "Inner",
                                                                "Parallel Aware": true,
                                                                "Async Capable": false,
                                                                "Startup Cost": 2573.31,
                                                                "Total Cost": 2573.31,
                                                                "Plan Rows": 2,
                                                                "Plan Width": 8,
                                                                "Actual Startup Time": 1.57,
                                                                "Actual Total Time": 1.571,
                                                                "Actual Rows": 0,
                                                                "Actual Loops": 7,
                                                                "Hash Buckets": 1024,
                                                                "Original Hash Buckets": 1024,
                                                                "Hash Batches": 1,
                                                                "Original Hash Batches": 1,
                                                                "Peak Memory Usage": 40,
                                                                "Workers": [],
                                                                "Plans": [
                                                                    {
                                                                        "Node Type": "Seq Scan",
                                                                        "Parent Relationship": "Outer",
                                                                        "Parallel Aware": true,
                                                                        "Async Capable": false,
                                                                        "Relation Name": "tag",
                                                                        "Alias": "tag",
                                                                        "Startup Cost": 0.0,
                                                                        "Total Cost": 2573.31,
                                                                        "Plan Rows": 2,
                                                                        "Plan Width": 8,
                                                                        "Actual Startup Time": 1.406,
                                                                        "Actual Total Time": 1.551,
                                                                        "Actual Rows": 0,
                                                                        "Actual Loops": 7,
                                                                        "Filter": "((name)::text = 'delays'::text)",
                                                                        "Rows Removed by Filter": 26681,
                                                                        "Workers": []
                                                                    }
                                                                ]
                                                            }
                                                        ]
                                                    }
                                                ]
                                            }
                                        ]
                                    }
                                ]
                            }
                        ]
                    },
                    "Planning Time": 0.708,
                    "Triggers": [],
                    "Execution Time": 737.646
                }
            ],
            "hints": [
                "SET enable_hashjoin TO on",
                "SET enable_indexonlyscan TO on",
                "SET enable_indexscan TO on",
                "SET enable_mergejoin TO on",
                "SET enable_nestloop TO off",
                "SET enable_seqscan TO on"
            ]
        },
        {
            "arm": 2,
            "execution_time": 7.832,
            "plan": [
                {
                    "Plan": {
                        "Node Type": "Aggregate",
                        "Strategy": "Plain",
                        "Partial Mode": "Simple",
                        "Parallel Aware": false,
                        "Async Capable": false,
                        "Startup Cost": 3828.44,
                        "Total Cost": 3828.45,
                        "Plan Rows": 1,
                        "Plan Width": 8,
                        "Actual Startup Time": 7.806,
                        "Actual Total Time": 7.808,
                        "Actual Rows": 1,
                        "Actual Loops": 1,
                        "Plans": [
                            {
                                "Node Type": "Nested Loop",
                                "Parent Relationship": "Outer",
                                "Parallel Aware": false,
                                "Async Capable": false,
                                "Join Type": "Inner",
                                "Startup Cost": 8.22,
                                "Total Cost": 3828.44,
                                "Plan Rows": 1,
                                "Plan Width": 0,
                                "Actual Startup Time": 3.349,
                                "Actual Total Time": 7.805,
                                "Actual Rows": 1,
                                "Actual Loops": 1,
                                "Inner Unique": true,
                                "Join Filter": "(tag.site_id = question.site_id)",
                                "Rows Removed by Join Filter": 0,
                                "Plans": [
                                    {
                                        "Node Type": "Nested Loop",
                                        "Parent Relationship": "Outer",
                                        "Parallel Aware": false,
                                        "Async Capable": false,
                                        "Join Type": "Inner",
                                        "Startup Cost": 4.88,
                                        "Total Cost": 3666.32,
                                        "Plan Rows": 22,
                                        "Plan Width": 16,
                                        "Actual Startup Time": 3.334,
                                        "Actual Total Time": 7.789,
                                        "Actual Rows": 1,
                                        "Actual Loops": 1,
                                        "Inner Unique": false,
                                        "Plans": [
                                            {
                                                "Node Type": "Nested Loop",
                                                "Parent Relationship": "Outer",
                                                "Parallel Aware": false,
                                                "Async Capable": false,
                                                "Join Type": "Inner",
                                                "Startup Cost": 0.0,
                                                "Total Cost": 3537.82,
                                                "Plan Rows": 1,
                                                "Plan Width": 12,
                                                "Actual Startup Time": 3.318,
                                                "Actual Total Time": 7.772,
                                                "Actual Rows": 1,
                                                "Actual Loops": 1,
                                                "Inner Unique": false,
                                                "Join Filter": "(tag.site_id = site.site_id)",
                                                "Rows Removed by Join Filter": 1,
                                                "Plans": [
                                                    {
                                                        "Node Type": "Seq Scan",
                                                        "Parent Relationship": "Outer",
                                                        "Parallel Aware": false,
                                                        "Async Capable": false,
                                                        "Relation Name": "site",
                                                        "Alias": "site",
                                                        "Startup Cost": 0.0,
                                                        "Total Cost": 3.16,
                                                        "Plan Rows": 1,
                                                        "Plan Width": 4,
                                                        "Actual Startup Time": 0.011,
                                                        "Actual Total Time": 0.014,
                                                        "Actual Rows": 1,
                                                        "Actual Loops": 1,
                                                        "Filter": "((site_name)::text = 'pm'::text)",
                                                        "Rows Removed by Filter": 172
                                                    },
                                                    {
                                                        "Node Type": "Seq Scan",
                                                        "Parent Relationship": "Inner",
                                                        "Parallel Aware": false,
                                                        "Async Capable": false,
                                                        "Relation Name": "tag",
                                                        "Alias": "tag",
                                                        "Startup Cost": 0.0,
                                                        "Total Cost": 3534.62,
                                                        "Plan Rows": 3,
                                                        "Plan Width": 8,
                                                        "Actual Startup Time": 3.305,
                                                        "Actual Total Time": 7.755,
                                                        "Actual Rows": 2,
                                                        "Actual Loops": 1,
                                                        "Filter": "((name)::text = 'delays'::text)",
                                                        "Rows Removed by Filter": 186768
                                                    }
                                                ]
                                            },
                                            {
                                                "Node Type": "Bitmap Heap Scan",
                                                "Parent Relationship": "Inner",
                                                "Parallel Aware": false,
                                                "Async Capable": false,
                                                "Relation Name": "tag_question",
                                                "Alias": "tag_question",
                                                "Startup Cost": 4.88,
                                                "Total Cost": 128.19,
                                                "Plan Rows": 31,
                                                "Plan Width": 12,
                                                "Actual Startup Time": 0.013,
                                                "Actual Total Time": 0.013,
                                                "Actual Rows": 1,
                                                "Actual Loops": 1,
                                                "Recheck Cond": "((tag.site_id = site_id) AND (tag.id = tag_id))",
                                                "Rows Removed by Index Recheck": 0,
                                                "Exact Heap Blocks": 1,
                                                "Lossy Heap Blocks": 0,
                                                "Plans": [
                                                    {
                                                        "Node Type": "Bitmap Index Scan",
                                                        "Parent Relationship": "Outer",
                                                        "Parallel Aware": false,
                                                        "Async Capable": false,
                                                        "Index Name": "tag_question_site_id_tag_id_question_id_idx",
                                                        "Startup Cost": 0.0,
                                                        "Total Cost": 4.88,
                                                        "Plan Rows": 31,
                                                        "Plan Width": 0,
                                                        "Actual Startup Time": 0.01,
                                                        "Actual Total Time": 0.01,
                                                        "Actual Rows": 1,
                                                        "Actual Loops": 1,
                                                        "Index Cond": "((site_id = tag.site_id) AND (tag_id = tag.id))"
                                                    }
                                                ]
                                            }
                                        ]
                                    },
                                    {
                                        "Node Type": "Bitmap Heap Scan",
                                        "Parent Relationship": "Inner",
                                        "Parallel Aware": false,
                                        "Async Capable": false,
                                        "Relation Name": "question",
                                        "Alias": "question",
                                        "Startup Cost": 3.34,
                                        "Total Cost": 7.36,
                                        "Plan Rows": 1,
                                        "Plan Width": 8,
                                        "Actual Startup Time": 0.013,
                                        "Actual Total Time": 0.014,
                                        "Actual Rows": 1,
                                        "Actual Loops": 1,
                                        "Recheck Cond": "((id = tag_question.question_id) AND (site_id = tag_question.site_id))",
                                        "Rows Removed by Index Recheck": 0,
                                        "Exact Heap Blocks": 1,
                                        "Lossy Heap Blocks": 0,
                                        "Plans": [
                                            {
                                                "Node Type": "Bitmap Index Scan",
                                                "Parent Relationship": "Outer",
                                                "Parallel Aware": false,
                                                "Async Capable": false,
                                                "Index Name": "question_pkey",
                                                "Startup Cost": 0.0,
                                                "Total Cost": 3.34,
                                                "Plan Rows": 1,
                                                "Plan Width": 0,
                                                "Actual Startup Time": 0.005,
                                                "Actual Total Time": 0.005,
                                                "Actual Rows": 1,
                                                "Actual Loops": 1,
                                                "Index Cond": "((id = tag_question.question_id) AND (site_id = tag_question.site_id))"
                                            }
                                        ]
                                    }
                                ]
                            }
                        ]
                    },
                    "Planning Time": 0.393,
                    "Triggers": [],
                    "Execution Time": 7.832
                }
            ],
            "hints": [
                "SET enable_hashjoin TO on",
                "SET enable_indexonlyscan TO on",
                "SET enable_indexscan TO off",
                "SET enable_mergejoin TO off",
                "SET enable_nestloop TO on",
                "SET enable_seqscan TO on"
            ]
        },
        {
            "arm": 3,
            "execution_time": 845.279,
            "plan": [
                {
                    "Plan": {
                        "Node Type": "Aggregate",
                        "Strategy": "Plain",
                        "Partial Mode": "Simple",
                        "Parallel Aware": false,
                        "Async Capable": false,
                        "Startup Cost": 1992607.8,
                        "Total Cost": 1992607.81,
                        "Plan Rows": 1,
                        "Plan Width": 8,
                        "Actual Startup Time": 838.56,
                        "Actual Total Time": 845.253,
                        "Actual Rows": 1,
                        "Actual Loops": 1,
                        "Plans": [
                            {
                                "Node Type": "Gather",
                                "Parent Relationship": "Outer",
                                "Parallel Aware": false,
                                "Async Capable": false,
                                "Startup Cost": 296798.48,
                                "Total Cost": 1992607.8,
                                "Plan Rows": 1,
                                "Plan Width": 0,
                                "Actual Startup Time": 838.472,
                                "Actual Total Time": 845.246,
                                "Actual Rows": 1,
                                "Actual Loops": 1,
                                "Workers Planned": 7,
                                "Workers Launched": 7,
                                "Single Copy": false,
                                "Plans": [
                                    {
                                        "Node Type": "Hash Join",
                                        "Parent Relationship": "Outer",
                                        "Parallel Aware": true,
                                        "Async Capable": false,
                                        "Join Type": "Inner",
                                        "Startup Cost": 295798.48,
                                        "Total Cost": 1991607.7,
                                        "Plan Rows": 1,
                                        "Plan Width": 0,
                                        "Actual Startup Time": 783.758,
                                        "Actual Total Time": 836.103,
                                        "Actual Rows": 0,
                                        "Actual Loops": 8,
                                        "Inner Unique": false,
                                        "Hash Cond": "((question.site_id = tag.site_id) AND (question.id = tag_question.question_id))",
                                        "Workers": [],
                                        "Plans": [
                                            {
                                                "Node Type": "Seq Scan",
                                                "Parent Relationship": "Outer",
                                                "Parallel Aware": true,
                                                "Async Capable": false,
                                                "Relation Name": "question",
                                                "Alias": "question",
                                                "Startup Cost": 0.0,
                                                "Total Cost": 1682252.12,
                                                "Plan Rows": 1807612,
                                                "Plan Width": 8,
                                                "Actual Startup Time": 0.022,
                                                "Actual Total Time": 398.04,
                                                "Actual Rows": 1583305,
                                                "Actual Loops": 8,
                                                "Workers": []
                                            },
                                            {
                                                "Node Type": "Hash",
                                                "Parent Relationship": "Inner",
                                                "Parallel Aware": true,
                                                "Async Capable": false,
                                                "Startup Cost": 295798.42,
                                                "Total Cost": 295798.42,
                                                "Plan Rows": 4,
                                                "Plan Width": 16,
                                                "Actual Startup Time": 353.721,
                                                "Actual Total Time": 353.725,
                                                "Actual Rows": 0,
                                                "Actual Loops": 8,
                                                "Hash Buckets": 1024,
                                                "Original Hash Buckets": 1024,
                                                "Hash Batches": 1,
                                                "Original Hash Batches": 1,
                                                "Peak Memory Usage": 40,
                                                "Workers": [],
                                                "Plans": [
                                                    {
                                                        "Node Type": "Hash Join",
                                                        "Parent Relationship": "Outer",
                                                        "Parallel Aware": true,
                                                        "Async Capable": false,
                                                        "Join Type": "Inner",
                                                        "Startup Cost": 2576.51,
                                                        "Total Cost": 295798.42,
                                                        "Plan Rows": 4,
                                                        "Plan Width": 16,
                                                        "Actual Startup Time": 351.271,
                                                        "Actual Total Time": 353.623,
                                                        "Actual Rows": 0,
                                                        "Actual Loops": 8,
                                                        "Inner Unique": true,
                                                        "Hash Cond": "((site.site_id = tag.site_id) AND (tag_question.tag_id = tag.id))",
                                                        "Workers": [],
                                                        "Plans": [
                                                            {
                                                                "Node Type": "Hash Join",
                                                                "Parent Relationship": "Outer",
                                                                "Parallel Aware": false,
                                                                "Async Capable": false,
                                                                "Join Type": "Inner",
                                                                "Startup Cost": 3.18,
                                                                "Total Cost": 293001.22,
                                                                "Plan Rows": 42640,
                                                                "Plan Width": 16,
                                                                "Actual Startup Time": 349.683,
                                                                "Actual Total Time": 352.134,
                                                                "Actual Rows": 963,
                                                                "Actual Loops": 8,
                                                                "Inner Unique": true,
                                                                "Hash Cond": "(tag_question.site_id = site.site_id)",
                                                                "Workers": [],
                                                                "Plans": [
                                                                    {
                                                                        "Node Type": "Seq Scan",
                                                                        "Parent Relationship": "Outer",
                                                                        "Parallel Aware": true,
                                                                        "Async Capable": false,
                                                                        "Relation Name": "tag_question",
                                                                        "Alias": "tag_question",
                                                                        "Startup Cost": 0.0,
                                                                        "Total Cost": 273159.66,
                                                                        "Plan Rows": 7376766,
                                                                        "Plan Width": 12,
                                                                        "Actual Startup Time": 0.026,
                                                                        "Actual Total Time": 191.965,
                                                                        "Actual Rows": 4610477,
                                                                        "Actual Loops": 8,
                                                                        "Workers": []
                                                                    },
                                                                    {
                                                                        "Node Type": "Hash",
                                                                        "Parent Relationship": "Inner",
                                                                        "Parallel Aware": false,
                                                                        "Async Capable": false,
                                                                        "Startup Cost": 3.16,
                                                                        "Total Cost": 3.16,
                                                                        "Plan Rows": 1,
                                                                        "Plan Width": 4,
                                                                        "Actual Startup Time": 0.022,
                                                                        "Actual Total Time": 0.023,
                                                                        "Actual Rows": 1,
                                                                        "Actual Loops": 8,
                                                                        "Hash Buckets": 1024,
                                                                        "Original Hash Buckets": 1024,
                                                                        "Hash Batches": 1,
                                                                        "Original Hash Batches": 1,
                                                                        "Peak Memory Usage": 9,
                                                                        "Workers": [],
                                                                        "Plans": [
                                                                            {
                                                                                "Node Type": "Seq Scan",
                                                                                "Parent Relationship": "Outer",
                                                                                "Parallel Aware": false,
                                                                                "Async Capable": false,
                                                                                "Relation Name": "site",
                                                                                "Alias": "site",
                                                                                "Startup Cost": 0.0,
                                                                                "Total Cost": 3.16,
                                                                                "Plan Rows": 1,
                                                                                "Plan Width": 4,
                                                                                "Actual Startup Time": 0.015,
                                                                                "Actual Total Time": 0.017,
                                                                                "Actual Rows": 1,
                                                                                "Actual Loops": 8,
                                                                                "Filter": "((site_name)::text = 'pm'::text)",
                                                                                "Rows Removed by Filter": 172,
                                                                                "Workers": []
                                                                            }
                                                                        ]
                                                                    }
                                                                ]
                                                            },
                                                            {
                                                                "Node Type": "Hash",
                                                                "Parent Relationship": "Inner",
                                                                "Parallel Aware": true,
                                                                "Async Capable": false,
                                                                "Startup Cost": 2573.31,
                                                                "Total Cost": 2573.31,
                                                                "Plan Rows": 2,
                                                                "Plan Width": 8,
                                                                "Actual Startup Time": 1.404,
                                                                "Actual Total Time": 1.405,
                                                                "Actual Rows": 0,
                                                                "Actual Loops": 8,
                                                                "Hash Buckets": 1024,
                                                                "Original Hash Buckets": 1024,
                                                                "Hash Batches": 1,
                                                                "Original Hash Batches": 1,
                                                                "Peak Memory Usage": 72,
                                                                "Workers": [],
                                                                "Plans": [
                                                                    {
                                                                        "Node Type": "Seq Scan",
                                                                        "Parent Relationship": "Outer",
                                                                        "Parallel Aware": true,
                                                                        "Async Capable": false,
                                                                        "Relation Name": "tag",
                                                                        "Alias": "tag",
                                                                        "Startup Cost": 0.0,
                                                                        "Total Cost": 2573.31,
                                                                        "Plan Rows": 2,
                                                                        "Plan Width": 8,
                                                                        "Actual Startup Time": 1.246,
                                                                        "Actual Total Time": 1.368,
                                                                        "Actual Rows": 0,
                                                                        "Actual Loops": 8,
                                                                        "Filter": "((name)::text = 'delays'::text)",
                                                                        "Rows Removed by Filter": 23346,
                                                                        "Workers": []
                                                                    }
                                                                ]
                                                            }
                                                        ]
                                                    }
                                                ]
                                            }
                                        ]
                                    }
                                ]
                            }
                        ]
                    },
                    "Planning Time": 0.38,
                    "Triggers": [],
                    "Execution Time": 845.279
                }
            ],
            "hints": [
                "SET enable_hashjoin TO on",
                "SET enable_indexonlyscan TO on",
                "SET enable_indexscan TO off",
                "SET enable_mergejoin TO off",
                "SET enable_nestloop TO off",
                "SET enable_seqscan TO on"
            ]
        },
        {
            "arm": 4,
            "execution_time": 7.97,
            "plan": [
                {
                    "Plan": {
                        "Node Type": "Aggregate",
                        "Strategy": "Plain",
                        "Partial Mode": "Simple",
                        "Parallel Aware": false,
                        "Async Capable": false,
                        "Startup Cost": 3673.82,
                        "Total Cost": 3673.83,
                        "Plan Rows": 1,
                        "Plan Width": 8,
                        "Actual Startup Time": 7.947,
                        "Actual Total Time": 7.948,
                        "Actual Rows": 1,
                        "Actual Loops": 1,
                        "Plans": [
                            {
                                "Node Type": "Nested Loop",
                                "Parent Relationship": "Outer",
                                "Parallel Aware": false,
                                "Async Capable": false,
                                "Join Type": "Inner",
                                "Startup Cost": 1.0,
                                "Total Cost": 3673.82,
                                "Plan Rows": 1,
                                "Plan Width": 0,
                                "Actual Startup Time": 3.504,
                                "Actual Total Time": 7.945,
                                "Actual Rows": 1,
                                "Actual Loops": 1,
                                "Inner Unique": true,
                                "Join Filter": "(tag.site_id = question.site_id)",
                                "Rows Removed by Join Filter": 0,
                                "Plans": [
                                    {
                                        "Node Type": "Nested Loop",
                                        "Parent Relationship": "Outer",
                                        "Parallel Aware": false,
                                        "Async Capable": false,
                                        "Join Type": "Inner",
                                        "Startup Cost": 0.56,
                                        "Total Cost": 3599.82,
                                        "Plan Rows": 22,
                                        "Plan Width": 16,
                                        "Actual Startup Time": 3.496,
                                        "Actual Total Time": 7.937,
                                        "Actual Rows": 1,
                                        "Actual Loops": 1,
                                        "Inner Unique": false,
                                        "Plans": [
                                            {
                                                "Node Type": "Nested Loop",
                                                "Parent Relationship": "Outer",
                                                "Parallel Aware": false,
                                                "Async Capable": false,
                                                "Join Type": "Inner",
                                                "Startup Cost": 0.0,
                                                "Total Cost": 3537.82,
                                                "Plan Rows": 1,
                                                "Plan Width": 12,
                                                "Actual Startup Time": 3.479,
                                                "Actual Total Time": 7.919,
                                                "Actual Rows": 1,
                                                "Actual Loops": 1,
                                                "Inner Unique": false,
                                                "Join Filter": "(tag.site_id = site.site_id)",
                                                "Rows Removed by Join Filter": 1,
                                                "Plans": [
                                                    {
                                                        "Node Type": "Seq Scan",
                                                        "Parent Relationship": "Outer",
                                                        "Parallel Aware": false,
                                                        "Async Capable": false,
                                                        "Relation Name": "site",
                                                        "Alias": "site",
                                                        "Startup Cost": 0.0,
                                                        "Total Cost": 3.16,
                                                        "Plan Rows": 1,
                                                        "Plan Width": 4,
                                                        "Actual Startup Time": 0.013,
                                                        "Actual Total Time": 0.016,
                                                        "Actual Rows": 1,
                                                        "Actual Loops": 1,
                                                        "Filter": "((site_name)::text = 'pm'::text)",
                                                        "Rows Removed by Filter": 172
                                                    },
                                                    {
                                                        "Node Type": "Seq Scan",
                                                        "Parent Relationship": "Inner",
                                                        "Parallel Aware": false,
                                                        "Async Capable": false,
                                                        "Relation Name": "tag",
                                                        "Alias": "tag",
                                                        "Startup Cost": 0.0,
                                                        "Total Cost": 3534.62,
                                                        "Plan Rows": 3,
                                                        "Plan Width": 8,
                                                        "Actual Startup Time": 3.465,
                                                        "Actual Total Time": 7.901,
                                                        "Actual Rows": 2,
                                                        "Actual Loops": 1,
                                                        "Filter": "((name)::text = 'delays'::text)",
                                                        "Rows Removed by Filter": 186768
                                                    }
                                                ]
                                            },
                                            {
                                                "Node Type": "Index Only Scan",
                                                "Parent Relationship": "Inner",
                                                "Parallel Aware": false,
                                                "Async Capable": false,
                                                "Scan Direction": "Forward",
                                                "Index Name": "tag_question_site_id_tag_id_question_id_idx",
                                                "Relation Name": "tag_question",
                                                "Alias": "tag_question",
                                                "Startup Cost": 0.56,
                                                "Total Cost": 61.69,
                                                "Plan Rows": 31,
                                                "Plan Width": 12,
                                                "Actual Startup Time": 0.014,
                                                "Actual Total Time": 0.014,
                                                "Actual Rows": 1,
                                                "Actual Loops": 1,
                                                "Index Cond": "((site_id = tag.site_id) AND (tag_id = tag.id))",
                                                "Rows Removed by Index Recheck": 0,
                                                "Heap Fetches": 1
                                            }
                                        ]
                                    },
                                    {
                                        "Node Type": "Index Only Scan",
                                        "Parent Relationship": "Inner",
                                        "Parallel Aware": false,
                                        "Async Capable": false,
                                        "Scan Direction": "Forward",
                                        "Index Name": "question_pkey",
                                        "Relation Name": "question",
                                        "Alias": "question",
                                        "Startup Cost": 0.43,
                                        "Total Cost": 3.35,
                                        "Plan Rows": 1,
                                        "Plan Width": 8,
                                        "Actual Startup Time": 0.006,
                                        "Actual Total Time": 0.006,
                                        "Actual Rows": 1,
                                        "Actual Loops": 1,
                                        "Index Cond": "((id = tag_question.question_id) AND (site_id = tag_question.site_id))",
                                        "Rows Removed by Index Recheck": 0,
                                        "Heap Fetches": 0
                                    }
                                ]
                            }
                        ]
                    },
                    "Planning Time": 0.466,
                    "Triggers": [],
                    "Execution Time": 7.97
                }
            ],
            "hints": [
                "SET enable_hashjoin TO on",
                "SET enable_indexonlyscan TO on",
                "SET enable_indexscan TO on",
                "SET enable_mergejoin TO off",
                "SET enable_nestloop TO on",
                "SET enable_seqscan TO on"
            ]
        }
    ]
}