{
    "sql_file": "soload_q11-004.sql",
    "query": "SELECT COUNT(*)\nFROM\ntag as t,\nsite as s,\nquestion as q,\ntag_question as tq\nWHERE\nt.site_id = s.site_id\nAND q.site_id = s.site_id\nAND tq.site_id = s.site_id\nAND tq.question_id = q.id\nAND tq.tag_id = t.id\nAND (s.site_name in ('stackoverflow'))\nAND (t.name in ('browser','data-binding','json','unix'))\nAND (q.favorite_count >= 1)\nAND (q.favorite_count <= 10)",
    "results": [
        {
            "arm": 0,
            "execution_time": 1979.676,
            "plan": [
                {
                    "Plan": {
                        "Node Type": "Aggregate",
                        "Strategy": "Plain",
                        "Partial Mode": "Simple",
                        "Parallel Aware": false,
                        "Async Capable": false,
                        "Startup Cost": 3995.96,
                        "Total Cost": 3995.97,
                        "Plan Rows": 1,
                        "Plan Width": 8,
                        "Actual Startup Time": 1979.605,
                        "Actual Total Time": 1979.647,
                        "Actual Rows": 1,
                        "Actual Loops": 1,
                        "Plans": [
                            {
                                "Node Type": "Gather",
                                "Parent Relationship": "Outer",
                                "Parallel Aware": false,
                                "Async Capable": false,
                                "Startup Cost": 3853.38,
                                "Total Cost": 3995.96,
                                "Plan Rows": 1,
                                "Plan Width": 0,
                                "Actual Startup Time": 9.737,
                                "Actual Total Time": 1977.499,
                                "Actual Rows": 33909,
                                "Actual Loops": 1,
                                "Workers Planned": 1,
                                "Workers Launched": 1,
                                "Single Copy": false,
                                "Plans": [
                                    {
                                        "Node Type": "Nested Loop",
                                        "Parent Relationship": "Outer",
                                        "Parallel Aware": false,
                                        "Async Capable": false,
                                        "Join Type": "Inner",
                                        "Startup Cost": 2853.38,
                                        "Total Cost": 2995.86,
                                        "Plan Rows": 1,
                                        "Plan Width": 0,
                                        "Actual Startup Time": 8.371,
                                        "Actual Total Time": 1204.324,
                                        "Actual Rows": 16954,
                                        "Actual Loops": 2,
                                        "Inner Unique": true,
                                        "Join Filter": "(t.site_id = q.site_id)",
                                        "Rows Removed by Join Filter": 0,
                                        "Workers": [],
                                        "Plans": [
                                            {
                                                "Node Type": "Nested Loop",
                                                "Parent Relationship": "Outer",
                                                "Parallel Aware": false,
                                                "Async Capable": false,
                                                "Join Type": "Inner",
                                                "Startup Cost": 2852.94,
                                                "Total Cost": 2914.32,
                                                "Plan Rows": 13,
                                                "Plan Width": 16,
                                                "Actual Startup Time": 8.074,
                                                "Actual Total Time": 324.397,
                                                "Actual Rows": 95728,
                                                "Actual Loops": 2,
                                                "Inner Unique": false,
                                                "Workers": [],
                                                "Plans": [
                                                    {
                                                        "Node Type": "Merge Join",
                                                        "Parent Relationship": "Outer",
                                                        "Parallel Aware": false,
                                                        "Async Capable": false,
                                                        "Join Type": "Inner",
                                                        "Startup Cost": 2852.38,
                                                        "Total Cost": 2852.62,
                                                        "Plan Rows": 1,
                                                        "Plan Width": 12,
                                                        "Actual Startup Time": 7.686,
                                                        "Actual Total Time": 7.696,
                                                        "Actual Rows": 2,
                                                        "Actual Loops": 2,
                                                        "Inner Unique": true,
                                                        "Merge Cond": "(t.site_id = s.site_id)",
                                                        "Workers": [],
                                                        "Plans": [
                                                            {
                                                                "Node Type": "Sort",
                                                                "Parent Relationship": "Outer",
                                                                "Parallel Aware": false,
                                                                "Async Capable": false,
                                                                "Startup Cost": 2849.21,
                                                                "Total Cost": 2849.32,
                                                                "Plan Rows": 45,
                                                                "Plan Width": 8,
                                                                "Actual Startup Time": 7.657,
                                                                "Actual Total Time": 7.661,
                                                                "Actual Rows": 34,
                                                                "Actual Loops": 2,
                                                                "Sort Key": [
                                                                    "t.site_id"
                                                                ],
                                                                "Sort Method": "quicksort",
                                                                "Sort Space Used": 26,
                                                                "Sort Space Type": "Memory",
                                                                "Workers": [
                                                                    {
                                                                        "Worker Number": 0,
                                                                        "Sort Method": "quicksort",
                                                                        "Sort Space Used": 25,
                                                                        "Sort Space Type": "Memory"
                                                                    }
                                                                ],
                                                                "Plans": [
                                                                    {
                                                                        "Node Type": "Seq Scan",
                                                                        "Parent Relationship": "Outer",
                                                                        "Parallel Aware": true,
                                                                        "Async Capable": false,
                                                                        "Relation Name": "tag",
                                                                        "Alias": "t",
                                                                        "Startup Cost": 0.0,
                                                                        "Total Cost": 2847.97,
                                                                        "Plan Rows": 45,
                                                                        "Plan Width": 8,
                                                                        "Actual Startup Time": 0.129,
                                                                        "Actual Total Time": 7.643,
                                                                        "Actual Rows": 41,
                                                                        "Actual Loops": 2,
                                                                        "Filter": "((name)::text = ANY ('{browser,data-binding,json,unix}'::text[]))",
                                                                        "Rows Removed by Filter": 93344,
                                                                        "Workers": []
                                                                    }
                                                                ]
                                                            },
                                                            {
                                                                "Node Type": "Sort",
                                                                "Parent Relationship": "Inner",
                                                                "Parallel Aware": false,
                                                                "Async Capable": false,
                                                                "Startup Cost": 3.17,
                                                                "Total Cost": 3.18,
                                                                "Plan Rows": 1,
                                                                "Plan Width": 4,
                                                                "Actual Startup Time": 0.024,
                                                                "Actual Total Time": 0.025,
                                                                "Actual Rows": 1,
                                                                "Actual Loops": 2,
                                                                "Sort Key": [
                                                                    "s.site_id"
                                                                ],
                                                                "Sort Method": "quicksort",
                                                                "Sort Space Used": 25,
                                                                "Sort Space Type": "Memory",
                                                                "Workers": [
                                                                    {
                                                                        "Worker Number": 0,
                                                                        "Sort Method": "quicksort",
                                                                        "Sort Space Used": 25,
                                                                        "Sort Space Type": "Memory"
                                                                    }
                                                                ],
                                                                "Plans": [
                                                                    {
                                                                        "Node Type": "Seq Scan",
                                                                        "Parent Relationship": "Outer",
                                                                        "Parallel Aware": false,
                                                                        "Async Capable": false,
                                                                        "Relation Name": "site",
                                                                        "Alias": "s",
                                                                        "Startup Cost": 0.0,
                                                                        "Total Cost": 3.16,
                                                                        "Plan Rows": 1,
                                                                        "Plan Width": 4,
                                                                        "Actual Startup Time": 0.017,
                                                                        "Actual Total Time": 0.018,
                                                                        "Actual Rows": 1,
                                                                        "Actual Loops": 2,
                                                                        "Filter": "((site_name)::text = 'stackoverflow'::text)",
                                                                        "Rows Removed by Filter": 172,
                                                                        "Workers": []
                                                                    }
                                                                ]
                                                            }
                                                        ]
                                                    },
                                                    {
                                                        "Node Type": "Index Only Scan",
                                                        "Parent Relationship": "Inner",
                                                        "Parallel Aware": false,
                                                        "Async Capable": false,
                                                        "Scan Direction": "Forward",
                                                        "Index Name": "tag_question_site_id_tag_id_question_id_idx",
                                                        "Relation Name": "tag_question",
                                                        "Alias": "tq",
                                                        "Startup Cost": 0.56,
                                                        "Total Cost": 61.39,
                                                        "Plan Rows": 31,
                                                        "Plan Width": 12,
                                                        "Actual Startup Time": 0.301,
                                                        "Actual Total Time": 154.377,
                                                        "Actual Rows": 47864,
                                                        "Actual Loops": 4,
                                                        "Index Cond": "((site_id = t.site_id) AND (tag_id = t.id))",
                                                        "Rows Removed by Index Recheck": 0,
                                                        "Heap Fetches": 191457,
                                                        "Workers": []
                                                    }
                                                ]
                                            },
                                            {
                                                "Node Type": "Index Scan",
                                                "Parent Relationship": "Inner",
                                                "Parallel Aware": false,
                                                "Async Capable": false,
                                                "Scan Direction": "Forward",
                                                "Index Name": "question_pkey",
                                                "Relation Name": "question",
                                                "Alias": "q",
                                                "Startup Cost": 0.43,
                                                "Total Cost": 6.26,
                                                "Plan Rows": 1,
                                                "Plan Width": 8,
                                                "Actual Startup Time": 0.009,
                                                "Actual Total Time": 0.009,
                                                "Actual Rows": 0,
                                                "Actual Loops": 191457,
                                                "Index Cond": "((id = tq.question_id) AND (site_id = tq.site_id))",
                                                "Rows Removed by Index Recheck": 0,
                                                "Filter": "((favorite_count >= 1) AND (favorite_count <= 10))",
                                                "Rows Removed by Filter": 1,
                                                "Workers": []
                                            }
                                        ]
                                    }
                                ]
                            }
                        ]
                    },
                    "Planning Time": 0.828,
                    "Triggers": [],
                    "Execution Time": 1979.676
                }
            ],
            "hints": [
                "SET enable_hashjoin TO on",
                "SET enable_indexonlyscan TO on",
                "SET enable_indexscan TO on",
                "SET enable_mergejoin TO on",
                "SET enable_nestloop TO on",
                "SET enable_seqscan TO on"
            ]
        },
        {
            "arm": 1,
            "execution_time": 1370.49,
            "plan": [
                {
                    "Plan": {
                        "Node Type": "Aggregate",
                        "Strategy": "Plain",
                        "Partial Mode": "Simple",
                        "Parallel Aware": false,
                        "Async Capable": false,
                        "Startup Cost": 1991292.86,
                        "Total Cost": 1991292.87,
                        "Plan Rows": 1,
                        "Plan Width": 8,
                        "Actual Startup Time": 1357.23,
                        "Actual Total Time": 1370.461,
                        "Actual Rows": 1,
                        "Actual Loops": 1,
                        "Plans": [
                            {
                                "Node Type": "Gather",
                                "Parent Relationship": "Outer",
                                "Parallel Aware": false,
                                "Async Capable": false,
                                "Startup Cost": 297073.79,
                                "Total Cost": 1991292.86,
                                "Plan Rows": 1,
                                "Plan Width": 0,
                                "Actual Startup Time": 854.546,
                                "Actual Total Time": 1369.318,
                                "Actual Rows": 33909,
                                "Actual Loops": 1,
                                "Workers Planned": 7,
                                "Workers Launched": 7,
                                "Single Copy": false,
                                "Plans": [
                                    {
                                        "Node Type": "Hash Join",
                                        "Parent Relationship": "Outer",
                                        "Parallel Aware": true,
                                        "Async Capable": false,
                                        "Join Type": "Inner",
                                        "Startup Cost": 296073.79,
                                        "Total Cost": 1990292.76,
                                        "Plan Rows": 1,
                                        "Plan Width": 0,
                                        "Actual Startup Time": 851.918,
                                        "Actual Total Time": 1353.193,
                                        "Actual Rows": 4239,
                                        "Actual Loops": 8,
                                        "Inner Unique": false,
                                        "Hash Cond": "((q.site_id = t.site_id) AND (q.id = tq.question_id))",
                                        "Workers": [],
                                        "Plans": [
                                            {
                                                "Node Type": "Seq Scan",
                                                "Parent Relationship": "Outer",
                                                "Parallel Aware": true,
                                                "Async Capable": false,
                                                "Relation Name": "question",
                                                "Alias": "q",
                                                "Startup Cost": 0.0,
                                                "Total Cost": 1691290.18,
                                                "Plan Rows": 390504,
                                                "Plan Width": 8,
                                                "Actual Startup Time": 0.022,
                                                "Actual Total Time": 566.564,
                                                "Actual Rows": 345332,
                                                "Actual Loops": 8,
                                                "Filter": "((favorite_count >= 1) AND (favorite_count <= 10))",
                                                "Rows Removed by Filter": 1237973,
                                                "Workers": []
                                            },
                                            {
                                                "Node Type": "Hash",
                                                "Parent Relationship": "Inner",
                                                "Parallel Aware": true,
                                                "Async Capable": false,
                                                "Startup Cost": 296073.73,
                                                "Total Cost": 296073.73,
                                                "Plan Rows": 4,
                                                "Plan Width": 16,
                                                "Actual Startup Time": 727.658,
                                                "Actual Total Time": 727.732,
                                                "Actual Rows": 23932,
                                                "Actual Loops": 8,
                                                "Hash Buckets": 262144,
                                                "Original Hash Buckets": 1024,
                                                "Hash Batches": 1,
                                                "Original Hash Batches": 1,
                                                "Peak Memory Usage": 13208,
                                                "Workers": [],
                                                "Plans": [
                                                    {
                                                        "Node Type": "Hash Join",
                                                        "Parent Relationship": "Outer",
                                                        "Parallel Aware": true,
                                                        "Async Capable": false,
                                                        "Join Type": "Inner",
                                                        "Startup Cost": 2851.82,
                                                        "Total Cost": 296073.73,
                                                        "Plan Rows": 4,
                                                        "Plan Width": 16,
                                                        "Actual Startup Time": 3.889,
                                                        "Actual Total Time": 648.069,
                                                        "Actual Rows": 23932,
                                                        "Actual Loops": 8,
                                                        "Inner Unique": true,
                                                        "Hash Cond": "((s.site_id = t.site_id) AND (tq.tag_id = t.id))",
                                                        "Workers": [],
                                                        "Plans": [
                                                            {
                                                                "Node Type": "Hash Join",
                                                                "Parent Relationship": "Outer",
                                                                "Parallel Aware": false,
                                                                "Async Capable": false,
                                                                "Join Type": "Inner",
                                                                "Startup Cost": 3.18,
                                                                "Total Cost": 293001.22,
                                                                "Plan Rows": 42640,
                                                                "Plan Width": 16,
                                                                "Actual Startup Time": 1.404,
                                                                "Actual Total Time": 518.815,
                                                                "Actual Rows": 3477604,
                                                                "Actual Loops": 8,
                                                                "Inner Unique": true,
                                                                "Hash Cond": "(tq.site_id = s.site_id)",
                                                                "Workers": [],
                                                                "Plans": [
                                                                    {
                                                                        "Node Type": "Seq Scan",
                                                                        "Parent Relationship": "Outer",
                                                                        "Parallel Aware": true,
                                                                        "Async Capable": false,
                                                                        "Relation Name": "tag_question",
                                                                        "Alias": "tq",
                                                                        "Startup Cost": 0.0,
                                                                        "Total Cost": 273159.66,
                                                                        "Plan Rows": 7376766,
                                                                        "Plan Width": 12,
                                                                        "Actual Startup Time": 0.088,
                                                                        "Actual Total Time": 204.265,
                                                                        "Actual Rows": 4610477,
                                                                        "Actual Loops": 8,
                                                                        "Workers": []
                                                                    },
                                                                    {
                                                                        "Node Type": "Hash",
                                                                        "Parent Relationship": "Inner",
                                                                        "Parallel Aware": false,
                                                                        "Async Capable": false,
                                                                        "Startup Cost": 3.16,
                                                                        "Total Cost": 3.16,
                                                                        "Plan Rows": 1,
                                                                        "Plan Width": 4,
                                                                        "Actual Startup Time": 0.02,
                                                                        "Actual Total Time": 0.022,
                                                                        "Actual Rows": 1,
                                                                        "Actual Loops": 8,
                                                                        "Hash Buckets": 1024,
                                                                        "Original Hash Buckets": 1024,
                                                                        "Hash Batches": 1,
                                                                        "Original Hash Batches": 1,
                                                                        "Peak Memory Usage": 9,
                                                                        "Workers": [],
                                                                        "Plans": [
                                                                            {
                                                                                "Node Type": "Seq Scan",
                                                                                "Parent Relationship": "Outer",
                                                                                "Parallel Aware": false,
                                                                                "Async Capable": false,
                                                                                "Relation Name": "site",
                                                                                "Alias": "s",
                                                                                "Startup Cost": 0.0,
                                                                                "Total Cost": 3.16,
                                                                                "Plan Rows": 1,
                                                                                "Plan Width": 4,
                                                                                "Actual Startup Time": 0.016,
                                                                                "Actual Total Time": 0.017,
                                                                                "Actual Rows": 1,
                                                                                "Actual Loops": 8,
                                                                                "Filter": "((site_name)::text = 'stackoverflow'::text)",
                                                                                "Rows Removed by Filter": 172,
                                                                                "Workers": []
                                                                            }
                                                                        ]
                                                                    }
                                                                ]
                                                            },
                                                            {
                                                                "Node Type": "Hash",
                                                                "Parent Relationship": "Inner",
                                                                "Parallel Aware": true,
                                                                "Async Capable": false,
                                                                "Startup Cost": 2847.97,
                                                                "Total Cost": 2847.97,
                                                                "Plan Rows": 45,
                                                                "Plan Width": 8,
                                                                "Actual Startup Time": 2.42,
                                                                "Actual Total Time": 2.421,
                                                                "Actual Rows": 10,
                                                                "Actual Loops": 8,
                                                                "Hash Buckets": 1024,
                                                                "Original Hash Buckets": 1024,
                                                                "Hash Batches": 1,
                                                                "Original Hash Batches": 1,
                                                                "Peak Memory Usage": 264,
                                                                "Workers": [],
                                                                "Plans": [
                                                                    {
                                                                        "Node Type": "Seq Scan",
                                                                        "Parent Relationship": "Outer",
                                                                        "Parallel Aware": true,
                                                                        "Async Capable": false,
                                                                        "Relation Name": "tag",
                                                                        "Alias": "t",
                                                                        "Startup Cost": 0.0,
                                                                        "Total Cost": 2847.97,
                                                                        "Plan Rows": 45,
                                                                        "Plan Width": 8,
                                                                        "Actual Startup Time": 0.256,
                                                                        "Actual Total Time": 2.388,
                                                                        "Actual Rows": 10,
                                                                        "Actual Loops": 8,
                                                                        "Filter": "((name)::text = ANY ('{browser,data-binding,json,unix}'::text[]))",
                                                                        "Rows Removed by Filter": 23336,
                                                                        "Workers": []
                                                                    }
                                                                ]
                                                            }
                                                        ]
                                                    }
                                                ]
                                            }
                                        ]
                                    }
                                ]
                            }
                        ]
                    },
                    "Planning Time": 0.845,
                    "Triggers": [],
                    "Execution Time": 1370.49
                }
            ],
            "hints": [
                "SET enable_hashjoin TO on",
                "SET enable_indexonlyscan TO on",
                "SET enable_indexscan TO on",
                "SET enable_mergejoin TO on",
                "SET enable_nestloop TO off",
                "SET enable_seqscan TO on"
            ]
        },
        {
            "arm": 2,
            "execution_time": 845.634,
            "plan": [
                {
                    "Plan": {
                        "Node Type": "Aggregate",
                        "Strategy": "Plain",
                        "Partial Mode": "Simple",
                        "Parallel Aware": false,
                        "Async Capable": false,
                        "Startup Cost": 4075.72,
                        "Total Cost": 4075.73,
                        "Plan Rows": 1,
                        "Plan Width": 8,
                        "Actual Startup Time": 845.543,
                        "Actual Total Time": 845.603,
                        "Actual Rows": 1,
                        "Actual Loops": 1,
                        "Plans": [
                            {
                                "Node Type": "Gather",
                                "Parent Relationship": "Outer",
                                "Parallel Aware": false,
                                "Async Capable": false,
                                "Startup Cost": 1011.4,
                                "Total Cost": 4075.72,
                                "Plan Rows": 1,
                                "Plan Width": 0,
                                "Actual Startup Time": 8.653,
                                "Actual Total Time": 844.096,
                                "Actual Rows": 33909,
                                "Actual Loops": 1,
                                "Workers Planned": 1,
                                "Workers Launched": 1,
                                "Single Copy": false,
                                "Plans": [
                                    {
                                        "Node Type": "Nested Loop",
                                        "Parent Relationship": "Outer",
                                        "Parallel Aware": false,
                                        "Async Capable": false,
                                        "Join Type": "Inner",
                                        "Startup Cost": 11.4,
                                        "Total Cost": 3075.62,
                                        "Plan Rows": 1,
                                        "Plan Width": 0,
                                        "Actual Startup Time": 7.459,
                                        "Actual Total Time": 582.699,
                                        "Actual Rows": 16954,
                                        "Actual Loops": 2,
                                        "Inner Unique": true,
                                        "Join Filter": "(t.site_id = q.site_id)",
                                        "Rows Removed by Join Filter": 0,
                                        "Workers": [],
                                        "Plans": [
                                            {
                                                "Node Type": "Nested Loop",
                                                "Parent Relationship": "Outer",
                                                "Parallel Aware": false,
                                                "Async Capable": false,
                                                "Join Type": "Inner",
                                                "Startup Cost": 8.06,
                                                "Total Cost": 2979.76,
                                                "Plan Rows": 13,
                                                "Plan Width": 16,
                                                "Actual Startup Time": 7.222,
                                                "Actual Total Time": 187.272,
                                                "Actual Rows": 95728,
                                                "Actual Loops": 2,
                                                "Inner Unique": false,
                                                "Workers": [],
                                                "Plans": [
                                                    {
                                                        "Node Type": "Hash Join",
                                                        "Parent Relationship": "Outer",
                                                        "Parallel Aware": false,
                                                        "Async Capable": false,
                                                        "Join Type": "Inner",
                                                        "Startup Cost": 3.18,
                                                        "Total Cost": 2851.26,
                                                        "Plan Rows": 1,
                                                        "Plan Width": 12,
                                                        "Actual Startup Time": 4.811,
                                                        "Actual Total Time": 7.851,
                                                        "Actual Rows": 2,
                                                        "Actual Loops": 2,
                                                        "Inner Unique": true,
                                                        "Hash Cond": "(t.site_id = s.site_id)",
                                                        "Workers": [],
                                                        "Plans": [
                                                            {
                                                                "Node Type": "Seq Scan",
                                                                "Parent Relationship": "Outer",
                                                                "Parallel Aware": true,
                                                                "Async Capable": false,
                                                                "Relation Name": "tag",
                                                                "Alias": "t",
                                                                "Startup Cost": 0.0,
                                                                "Total Cost": 2847.97,
                                                                "Plan Rows": 45,
                                                                "Plan Width": 8,
                                                                "Actual Startup Time": 0.166,
                                                                "Actual Total Time": 7.753,
                                                                "Actual Rows": 41,
                                                                "Actual Loops": 2,
                                                                "Filter": "((name)::text = ANY ('{browser,data-binding,json,unix}'::text[]))",
                                                                "Rows Removed by Filter": 93344,
                                                                "Workers": []
                                                            },
                                                            {
                                                                "Node Type": "Hash",
                                                                "Parent Relationship": "Inner",
                                                                "Parallel Aware": false,
                                                                "Async Capable": false,
                                                                "Startup Cost": 3.16,
                                                                "Total Cost": 3.16,
                                                                "Plan Rows": 1,
                                                                "Plan Width": 4,
                                                                "Actual Startup Time": 0.023,
                                                                "Actual Total Time": 0.024,
                                                                "Actual Rows": 1,
                                                                "Actual Loops": 2,
                                                                "Hash Buckets": 1024,
                                                                "Original Hash Buckets": 1024,
                                                                "Hash Batches": 1,
                                                                "Original Hash Batches": 1,
                                                                "Peak Memory Usage": 9,
                                                                "Workers": [],
                                                                "Plans": [
                                                                    {
                                                                        "Node Type": "Seq Scan",
                                                                        "Parent Relationship": "Outer",
                                                                        "Parallel Aware": false,
                                                                        "Async Capable": false,
                                                                        "Relation Name": "site",
                                                                        "Alias": "s",
                                                                        "Startup Cost": 0.0,
                                                                        "Total Cost": 3.16,
                                                                        "Plan Rows": 1,
                                                                        "Plan Width": 4,
                                                                        "Actual Startup Time": 0.015,
                                                                        "Actual Total Time": 0.017,
                                                                        "Actual Rows": 1,
                                                                        "Actual Loops": 2,
                                                                        "Filter": "((site_name)::text = 'stackoverflow'::text)",
                                                                        "Rows Removed by Filter": 172,
                                                                        "Workers": []
                                                                    }
                                                                ]
                                                            }
                                                        ]
                                                    },
                                                    {
                                                        "Node Type": "Bitmap Heap Scan",
                                                        "Parent Relationship": "Inner",
                                                        "Parallel Aware": false,
                                                        "Async Capable": false,
                                                        "Relation Name": "tag_question",
                                                        "Alias": "tq",
                                                        "Startup Cost": 4.88,
                                                        "Total Cost": 128.19,
                                                        "Plan Rows": 31,
                                                        "Plan Width": 12,
                                                        "Actual Startup Time": 7.925,
                                                        "Actual Total Time": 86.237,
                                                        "Actual Rows": 47864,
                                                        "Actual Loops": 4,
                                                        "Recheck Cond": "((t.site_id = site_id) AND (t.id = tag_id))",
                                                        "Rows Removed by Index Recheck": 0,
                                                        "Exact Heap Blocks": 103141,
                                                        "Lossy Heap Blocks": 0,
                                                        "Workers": [],
                                                        "Plans": [
                                                            {
                                                                "Node Type": "Bitmap Index Scan",
                                                                "Parent Relationship": "Outer",
                                                                "Parallel Aware": false,
                                                                "Async Capable": false,
                                                                "Index Name": "tag_question_site_id_tag_id_question_id_idx",
                                                                "Startup Cost": 0.0,
                                                                "Total Cost": 4.88,
                                                                "Plan Rows": 31,
                                                                "Plan Width": 0,
                                                                "Actual Startup Time": 3.719,
                                                                "Actual Total Time": 3.719,
                                                                "Actual Rows": 47864,
                                                                "Actual Loops": 4,
                                                                "Index Cond": "((site_id = t.site_id) AND (tag_id = t.id))",
                                                                "Workers": []
                                                            }
                                                        ]
                                                    }
                                                ]
                                            },
                                            {
                                                "Node Type": "Bitmap Heap Scan",
                                                "Parent Relationship": "Inner",
                                                "Parallel Aware": false,
                                                "Async Capable": false,
                                                "Relation Name": "question",
                                                "Alias": "q",
                                                "Startup Cost": 3.34,
                                                "Total Cost": 7.36,
                                                "Plan Rows": 1,
                                                "Plan Width": 8,
                                                "Actual Startup Time": 0.004,
                                                "Actual Total Time": 0.004,
                                                "Actual Rows": 0,
                                                "Actual Loops": 191457,
                                                "Recheck Cond": "((id = tq.question_id) AND (site_id = tq.site_id))",
                                                "Rows Removed by Index Recheck": 0,
                                                "Filter": "((favorite_count >= 1) AND (favorite_count <= 10))",
                                                "Rows Removed by Filter": 1,
                                                "Exact Heap Blocks": 159049,
                                                "Lossy Heap Blocks": 0,
                                                "Workers": [],
                                                "Plans": [
                                                    {
                                                        "Node Type": "Bitmap Index Scan",
                                                        "Parent Relationship": "Outer",
                                                        "Parallel Aware": false,
                                                        "Async Capable": false,
                                                        "Index Name": "question_pkey",
                                                        "Startup Cost": 0.0,
                                                        "Total Cost": 3.34,
                                                        "Plan Rows": 1,
                                                        "Plan Width": 0,
                                                        "Actual Startup Time": 0.002,
                                                        "Actual Total Time": 0.002,
                                                        "Actual Rows": 1,
                                                        "Actual Loops": 191457,
                                                        "Index Cond": "((id = tq.question_id) AND (site_id = tq.site_id))",
                                                        "Workers": []
                                                    }
                                                ]
                                            }
                                        ]
                                    }
                                ]
                            }
                        ]
                    },
                    "Planning Time": 0.435,
                    "Triggers": [],
                    "Execution Time": 845.634
                }
            ],
            "hints": [
                "SET enable_hashjoin TO on",
                "SET enable_indexonlyscan TO on",
                "SET enable_indexscan TO off",
                "SET enable_mergejoin TO off",
                "SET enable_nestloop TO on",
                "SET enable_seqscan TO on"
            ]
        },
        {
            "arm": 3,
            "execution_time": 1267.326,
            "plan": [
                {
                    "Plan": {
                        "Node Type": "Aggregate",
                        "Strategy": "Plain",
                        "Partial Mode": "Simple",
                        "Parallel Aware": false,
                        "Async Capable": false,
                        "Startup Cost": 1991292.86,
                        "Total Cost": 1991292.87,
                        "Plan Rows": 1,
                        "Plan Width": 8,
                        "Actual Startup Time": 1256.491,
                        "Actual Total Time": 1267.293,
                        "Actual Rows": 1,
                        "Actual Loops": 1,
                        "Plans": [
                            {
                                "Node Type": "Gather",
                                "Parent Relationship": "Outer",
                                "Parallel Aware": false,
                                "Async Capable": false,
                                "Startup Cost": 297073.79,
                                "Total Cost": 1991292.86,
                                "Plan Rows": 1,
                                "Plan Width": 0,
                                "Actual Startup Time": 811.166,
                                "Actual Total Time": 1266.268,
                                "Actual Rows": 33909,
                                "Actual Loops": 1,
                                "Workers Planned": 7,
                                "Workers Launched": 7,
                                "Single Copy": false,
                                "Plans": [
                                    {
                                        "Node Type": "Hash Join",
                                        "Parent Relationship": "Outer",
                                        "Parallel Aware": true,
                                        "Async Capable": false,
                                        "Join Type": "Inner",
                                        "Startup Cost": 296073.79,
                                        "Total Cost": 1990292.76,
                                        "Plan Rows": 1,
                                        "Plan Width": 0,
                                        "Actual Startup Time": 809.052,
                                        "Actual Total Time": 1252.757,
                                        "Actual Rows": 4239,
                                        "Actual Loops": 8,
                                        "Inner Unique": false,
                                        "Hash Cond": "((q.site_id = t.site_id) AND (q.id = tq.question_id))",
                                        "Workers": [],
                                        "Plans": [
                                            {
                                                "Node Type": "Seq Scan",
                                                "Parent Relationship": "Outer",
                                                "Parallel Aware": true,
                                                "Async Capable": false,
                                                "Relation Name": "question",
                                                "Alias": "q",
                                                "Startup Cost": 0.0,
                                                "Total Cost": 1691290.18,
                                                "Plan Rows": 390504,
                                                "Plan Width": 8,
                                                "Actual Startup Time": 0.022,
                                                "Actual Total Time": 482.89,
                                                "Actual Rows": 345332,
                                                "Actual Loops": 8,
                                                "Filter": "((favorite_count >= 1) AND (favorite_count <= 10))",
                                                "Rows Removed by Filter": 1237973,
                                                "Workers": []
                                            },
                                            {
                                                "Node Type": "Hash",
                                                "Parent Relationship": "Inner",
                                                "Parallel Aware": true,
                                                "Async Capable": false,
                                                "Startup Cost": 296073.73,
                                                "Total Cost": 296073.73,
                                                "Plan Rows": 4,
                                                "Plan Width": 16,
                                                "Actual Startup Time": 714.082,
                                                "Actual Total Time": 714.104,
                                                "Actual Rows": 23932,
                                                "Actual Loops": 8,
                                                "Hash Buckets": 262144,
                                                "Original Hash Buckets": 1024,
                                                "Hash Batches": 1,
                                                "Original Hash Batches": 1,
                                                "Peak Memory Usage": 13208,
                                                "Workers": [],
                                                "Plans": [
                                                    {
                                                        "Node Type": "Hash Join",
                                                        "Parent Relationship": "Outer",
                                                        "Parallel Aware": true,
                                                        "Async Capable": false,
                                                        "Join Type": "Inner",
                                                        "Startup Cost": 2851.82,
                                                        "Total Cost": 296073.73,
                                                        "Plan Rows": 4,
                                                        "Plan Width": 16,
                                                        "Actual Startup Time": 3.88,
                                                        "Actual Total Time": 633.243,
                                                        "Actual Rows": 23932,
                                                        "Actual Loops": 8,
                                                        "Inner Unique": true,
                                                        "Hash Cond": "((s.site_id = t.site_id) AND (tq.tag_id = t.id))",
                                                        "Workers": [],
                                                        "Plans": [
                                                            {
                                                                "Node Type": "Hash Join",
                                                                "Parent Relationship": "Outer",
                                                                "Parallel Aware": false,
                                                                "Async Capable": false,
                                                                "Join Type": "Inner",
                                                                "Startup Cost": 3.18,
                                                                "Total Cost": 293001.22,
                                                                "Plan Rows": 42640,
                                                                "Plan Width": 16,
                                                                "Actual Startup Time": 1.442,
                                                                "Actual Total Time": 504.567,
                                                                "Actual Rows": 3477604,
                                                                "Actual Loops": 8,
                                                                "Inner Unique": true,
                                                                "Hash Cond": "(tq.site_id = s.site_id)",
                                                                "Workers": [],
                                                                "Plans": [
                                                                    {
                                                                        "Node Type": "Seq Scan",
                                                                        "Parent Relationship": "Outer",
                                                                        "Parallel Aware": true,
                                                                        "Async Capable": false,
                                                                        "Relation Name": "tag_question",
                                                                        "Alias": "tq",
                                                                        "Startup Cost": 0.0,
                                                                        "Total Cost": 273159.66,
                                                                        "Plan Rows": 7376766,
                                                                        "Plan Width": 12,
                                                                        "Actual Startup Time": 0.028,
                                                                        "Actual Total Time": 190.905,
                                                                        "Actual Rows": 4610477,
                                                                        "Actual Loops": 8,
                                                                        "Workers": []
                                                                    },
                                                                    {
                                                                        "Node Type": "Hash",
                                                                        "Parent Relationship": "Inner",
                                                                        "Parallel Aware": false,
                                                                        "Async Capable": false,
                                                                        "Startup Cost": 3.16,
                                                                        "Total Cost": 3.16,
                                                                        "Plan Rows": 1,
                                                                        "Plan Width": 4,
                                                                        "Actual Startup Time": 0.022,
                                                                        "Actual Total Time": 0.022,
                                                                        "Actual Rows": 1,
                                                                        "Actual Loops": 8,
                                                                        "Hash Buckets": 1024,
                                                                        "Original Hash Buckets": 1024,
                                                                        "Hash Batches": 1,
                                                                        "Original Hash Batches": 1,
                                                                        "Peak Memory Usage": 9,
                                                                        "Workers": [],
                                                                        "Plans": [
                                                                            {
                                                                                "Node Type": "Seq Scan",
                                                                                "Parent Relationship": "Outer",
                                                                                "Parallel Aware": false,
                                                                                "Async Capable": false,
                                                                                "Relation Name": "site",
                                                                                "Alias": "s",
                                                                                "Startup Cost": 0.0,
                                                                                "Total Cost": 3.16,
                                                                                "Plan Rows": 1,
                                                                                "Plan Width": 4,
                                                                                "Actual Startup Time": 0.016,
                                                                                "Actual Total Time": 0.017,
                                                                                "Actual Rows": 1,
                                                                                "Actual Loops": 8,
                                                                                "Filter": "((site_name)::text = 'stackoverflow'::text)",
                                                                                "Rows Removed by Filter": 172,
                                                                                "Workers": []
                                                                            }
                                                                        ]
                                                                    }
                                                                ]
                                                            },
                                                            {
                                                                "Node Type": "Hash",
                                                                "Parent Relationship": "Inner",
                                                                "Parallel Aware": true,
                                                                "Async Capable": false,
                                                                "Startup Cost": 2847.97,
                                                                "Total Cost": 2847.97,
                                                                "Plan Rows": 45,
                                                                "Plan Width": 8,
                                                                "Actual Startup Time": 2.3,
                                                                "Actual Total Time": 2.3,
                                                                "Actual Rows": 10,
                                                                "Actual Loops": 8,
                                                                "Hash Buckets": 1024,
                                                                "Original Hash Buckets": 1024,
                                                                "Hash Batches": 1,
                                                                "Original Hash Batches": 1,
                                                                "Peak Memory Usage": 264,
                                                                "Workers": [],
                                                                "Plans": [
                                                                    {
                                                                        "Node Type": "Seq Scan",
                                                                        "Parent Relationship": "Outer",
                                                                        "Parallel Aware": true,
                                                                        "Async Capable": false,
                                                                        "Relation Name": "tag",
                                                                        "Alias": "t",
                                                                        "Startup Cost": 0.0,
                                                                        "Total Cost": 2847.97,
                                                                        "Plan Rows": 45,
                                                                        "Plan Width": 8,
                                                                        "Actual Startup Time": 0.137,
                                                                        "Actual Total Time": 2.219,
                                                                        "Actual Rows": 10,
                                                                        "Actual Loops": 8,
                                                                        "Filter": "((name)::text = ANY ('{browser,data-binding,json,unix}'::text[]))",
                                                                        "Rows Removed by Filter": 23336,
                                                                        "Workers": []
                                                                    }
                                                                ]
                                                            }
                                                        ]
                                                    }
                                                ]
                                            }
                                        ]
                                    }
                                ]
                            }
                        ]
                    },
                    "Planning Time": 0.553,
                    "Triggers": [],
                    "Execution Time": 1267.326
                }
            ],
            "hints": [
                "SET enable_hashjoin TO on",
                "SET enable_indexonlyscan TO on",
                "SET enable_indexscan TO off",
                "SET enable_mergejoin TO off",
                "SET enable_nestloop TO off",
                "SET enable_seqscan TO on"
            ]
        },
        {
            "arm": 4,
            "execution_time": 726.96,
            "plan": [
                {
                    "Plan": {
                        "Node Type": "Aggregate",
                        "Strategy": "Plain",
                        "Partial Mode": "Simple",
                        "Parallel Aware": false,
                        "Async Capable": false,
                        "Startup Cost": 3994.6,
                        "Total Cost": 3994.61,
                        "Plan Rows": 1,
                        "Plan Width": 8,
                        "Actual Startup Time": 726.877,
                        "Actual Total Time": 726.932,
                        "Actual Rows": 1,
                        "Actual Loops": 1,
                        "Plans": [
                            {
                                "Node Type": "Gather",
                                "Parent Relationship": "Outer",
                                "Parallel Aware": false,
                                "Async Capable": false,
                                "Startup Cost": 1004.17,
                                "Total Cost": 3994.6,
                                "Plan Rows": 1,
                                "Plan Width": 0,
                                "Actual Startup Time": 5.925,
                                "Actual Total Time": 725.419,
                                "Actual Rows": 33909,
                                "Actual Loops": 1,
                                "Workers Planned": 1,
                                "Workers Launched": 1,
                                "Single Copy": false,
                                "Plans": [
                                    {
                                        "Node Type": "Nested Loop",
                                        "Parent Relationship": "Outer",
                                        "Parallel Aware": false,
                                        "Async Capable": false,
                                        "Join Type": "Inner",
                                        "Startup Cost": 4.17,
                                        "Total Cost": 2994.5,
                                        "Plan Rows": 1,
                                        "Plan Width": 0,
                                        "Actual Startup Time": 4.726,
                                        "Actual Total Time": 508.9,
                                        "Actual Rows": 16954,
                                        "Actual Loops": 2,
                                        "Inner Unique": true,
                                        "Join Filter": "(t.site_id = q.site_id)",
                                        "Rows Removed by Join Filter": 0,
                                        "Workers": [],
                                        "Plans": [
                                            {
                                                "Node Type": "Nested Loop",
                                                "Parent Relationship": "Outer",
                                                "Parallel Aware": false,
                                                "Async Capable": false,
                                                "Join Type": "Inner",
                                                "Startup Cost": 3.74,
                                                "Total Cost": 2912.96,
                                                "Plan Rows": 13,
                                                "Plan Width": 16,
                                                "Actual Startup Time": 4.586,
                                                "Actual Total Time": 146.301,
                                                "Actual Rows": 95728,
                                                "Actual Loops": 2,
                                                "Inner Unique": false,
                                                "Workers": [],
                                                "Plans": [
                                                    {
                                                        "Node Type": "Hash Join",
                                                        "Parent Relationship": "Outer",
                                                        "Parallel Aware": false,
                                                        "Async Capable": false,
                                                        "Join Type": "Inner",
                                                        "Startup Cost": 3.18,
                                                        "Total Cost": 2851.26,
                                                        "Plan Rows": 1,
                                                        "Plan Width": 12,
                                                        "Actual Startup Time": 4.407,
                                                        "Actual Total Time": 7.456,
                                                        "Actual Rows": 2,
                                                        "Actual Loops": 2,
                                                        "Inner Unique": true,
                                                        "Hash Cond": "(t.site_id = s.site_id)",
                                                        "Workers": [],
                                                        "Plans": [
                                                            {
                                                                "Node Type": "Seq Scan",
                                                                "Parent Relationship": "Outer",
                                                                "Parallel Aware": true,
                                                                "Async Capable": false,
                                                                "Relation Name": "tag",
                                                                "Alias": "t",
                                                                "Startup Cost": 0.0,
                                                                "Total Cost": 2847.97,
                                                                "Plan Rows": 45,
                                                                "Plan Width": 8,
                                                                "Actual Startup Time": 0.067,
                                                                "Actual Total Time": 7.391,
                                                                "Actual Rows": 41,
                                                                "Actual Loops": 2,
                                                                "Filter": "((name)::text = ANY ('{browser,data-binding,json,unix}'::text[]))",
                                                                "Rows Removed by Filter": 93344,
                                                                "Workers": []
                                                            },
                                                            {
                                                                "Node Type": "Hash",
                                                                "Parent Relationship": "Inner",
                                                                "Parallel Aware": false,
                                                                "Async Capable": false,
                                                                "Startup Cost": 3.16,
                                                                "Total Cost": 3.16,
                                                                "Plan Rows": 1,
                                                                "Plan Width": 4,
                                                                "Actual Startup Time": 0.015,
                                                                "Actual Total Time": 0.016,
                                                                "Actual Rows": 1,
                                                                "Actual Loops": 2,
                                                                "Hash Buckets": 1024,
                                                                "Original Hash Buckets": 1024,
                                                                "Hash Batches": 1,
                                                                "Original Hash Batches": 1,
                                                                "Peak Memory Usage": 9,
                                                                "Workers": [],
                                                                "Plans": [
                                                                    {
                                                                        "Node Type": "Seq Scan",
                                                                        "Parent Relationship": "Outer",
                                                                        "Parallel Aware": false,
                                                                        "Async Capable": false,
                                                                        "Relation Name": "site",
                                                                        "Alias": "s",
                                                                        "Startup Cost": 0.0,
                                                                        "Total Cost": 3.16,
                                                                        "Plan Rows": 1,
                                                                        "Plan Width": 4,
                                                                        "Actual Startup Time": 0.012,
                                                                        "Actual Total Time": 0.013,
                                                                        "Actual Rows": 1,
                                                                        "Actual Loops": 2,
                                                                        "Filter": "((site_name)::text = 'stackoverflow'::text)",
                                                                        "Rows Removed by Filter": 172,
                                                                        "Workers": []
                                                                    }
                                                                ]
                                                            }
                                                        ]
                                                    },
                                                    {
                                                        "Node Type": "Index Only Scan",
                                                        "Parent Relationship": "Inner",
                                                        "Parallel Aware": false,
                                                        "Async Capable": false,
                                                        "Scan Direction": "Forward",
                                                        "Index Name": "tag_question_site_id_tag_id_question_id_idx",
                                                        "Relation Name": "tag_question",
                                                        "Alias": "tq",
                                                        "Startup Cost": 0.56,
                                                        "Total Cost": 61.39,
                                                        "Plan Rows": 31,
                                                        "Plan Width": 12,
                                                        "Actual Startup Time": 0.095,
                                                        "Actual Total Time": 66.438,
                                                        "Actual Rows": 47864,
                                                        "Actual Loops": 4,
                                                        "Index Cond": "((site_id = t.site_id) AND (tag_id = t.id))",
                                                        "Rows Removed by Index Recheck": 0,
                                                        "Heap Fetches": 191457,
                                                        "Workers": []
                                                    }
                                                ]
                                            },
                                            {
                                                "Node Type": "Index Scan",
                                                "Parent Relationship": "Inner",
                                                "Parallel Aware": false,
                                                "Async Capable": false,
                                                "Scan Direction": "Forward",
                                                "Index Name": "question_pkey",
                                                "Relation Name": "question",
                                                "Alias": "q",
                                                "Startup Cost": 0.43,
                                                "Total Cost": 6.26,
                                                "Plan Rows": 1,
                                                "Plan Width": 8,
                                                "Actual Startup Time": 0.004,
                                                "Actual Total Time": 0.004,
                                                "Actual Rows": 0,
                                                "Actual Loops": 191457,
                                                "Index Cond": "((id = tq.question_id) AND (site_id = tq.site_id))",
                                                "Rows Removed by Index Recheck": 0,
                                                "Filter": "((favorite_count >= 1) AND (favorite_count <= 10))",
                                                "Rows Removed by Filter": 1,
                                                "Workers": []
                                            }
                                        ]
                                    }
                                ]
                            }
                        ]
                    },
                    "Planning Time": 0.45,
                    "Triggers": [],
                    "Execution Time": 726.96
                }
            ],
            "hints": [
                "SET enable_hashjoin TO on",
                "SET enable_indexonlyscan TO on",
                "SET enable_indexscan TO on",
                "SET enable_mergejoin TO off",
                "SET enable_nestloop TO on",
                "SET enable_seqscan TO on"
            ]
        }
    ]
}