{
    "sql_file": "soload_q13-005.sql",
    "query": "SELECT acc.location, count(*)\nFROM\nsite as s,\nso_user as u1,\nquestion as q1,\nanswer as a1,\ntag as t1,\ntag_question as tq1,\nbadge as b,\naccount as acc\nWHERE\ns.site_id = q1.site_id\nAND s.site_id = u1.site_id\nAND s.site_id = a1.site_id\nAND s.site_id = t1.site_id\nAND s.site_id = tq1.site_id\nAND s.site_id = b.site_id\nAND q1.id = tq1.question_id\nAND q1.id = a1.question_id\nAND a1.owner_user_id = u1.id\nAND t1.id = tq1.tag_id\nAND b.user_id = u1.id\nAND acc.id = u1.account_id\nAND (s.site_name in ('stackoverflow','superuser'))\nAND (t1.name in ('apache-poi','branch','csrf','focus','glassfish','grand-central-dispatch','interpolation','osgi','pyqt4','return-value','textarea','uilabel','window'))\nAND (q1.favorite_count >= 0)\nAND (q1.favorite_count <= 10000)\nAND (u1.downvotes >= 0)\nAND (u1.downvotes <= 10)\nAND (b.name in ('Commentator','Curious','Good Question','Organizer','Revival','Scholar','Self-Learner','Student','Supporter','Tumbleweed'))\nGROUP BY acc.location\nORDER BY COUNT(*)\nDESC\nLIMIT 100",
    "results": [
        {
            "arm": 0,
            "execution_time": 2110.733,
            "plan": [
                {
                    "Plan": {
                        "Node Type": "Limit",
                        "Parallel Aware": false,
                        "Async Capable": false,
                        "Startup Cost": 5272.49,
                        "Total Cost": 5272.5,
                        "Plan Rows": 1,
                        "Plan Width": 26,
                        "Actual Startup Time": 2110.601,
                        "Actual Total Time": 2110.675,
                        "Actual Rows": 100,
                        "Actual Loops": 1,
                        "Plans": [
                            {
                                "Node Type": "Sort",
                                "Parent Relationship": "Outer",
                                "Parallel Aware": false,
                                "Async Capable": false,
                                "Startup Cost": 5272.49,
                                "Total Cost": 5272.5,
                                "Plan Rows": 1,
                                "Plan Width": 26,
                                "Actual Startup Time": 2110.599,
                                "Actual Total Time": 2110.668,
                                "Actual Rows": 100,
                                "Actual Loops": 1,
                                "Sort Key": [
                                    "(count(*)) DESC"
                                ],
                                "Sort Method": "top-N heapsort",
                                "Sort Space Used": 35,
                                "Sort Space Type": "Memory",
                                "Plans": [
                                    {
                                        "Node Type": "Aggregate",
                                        "Strategy": "Sorted",
                                        "Partial Mode": "Simple",
                                        "Parent Relationship": "Outer",
                                        "Parallel Aware": false,
                                        "Async Capable": false,
                                        "Startup Cost": 5272.46,
                                        "Total Cost": 5272.48,
                                        "Plan Rows": 1,
                                        "Plan Width": 26,
                                        "Actual Startup Time": 2108.587,
                                        "Actual Total Time": 2110.536,
                                        "Actual Rows": 910,
                                        "Actual Loops": 1,
                                        "Group Key": [
                                            "acc.location"
                                        ],
                                        "Plans": [
                                            {
                                                "Node Type": "Sort",
                                                "Parent Relationship": "Outer",
                                                "Parallel Aware": false,
                                                "Async Capable": false,
                                                "Startup Cost": 5272.46,
                                                "Total Cost": 5272.47,
                                                "Plan Rows": 1,
                                                "Plan Width": 18,
                                                "Actual Startup Time": 2108.57,
                                                "Actual Total Time": 2109.296,
                                                "Actual Rows": 20909,
                                                "Actual Loops": 1,
                                                "Sort Key": [
                                                    "acc.location"
                                                ],
                                                "Sort Method": "quicksort",
                                                "Sort Space Used": 1137,
                                                "Sort Space Type": "Memory",
                                                "Plans": [
                                                    {
                                                        "Node Type": "Nested Loop",
                                                        "Parent Relationship": "Outer",
                                                        "Parallel Aware": false,
                                                        "Async Capable": false,
                                                        "Join Type": "Inner",
                                                        "Startup Cost": 5090.42,
                                                        "Total Cost": 5272.45,
                                                        "Plan Rows": 1,
                                                        "Plan Width": 18,
                                                        "Actual Startup Time": 22.07,
                                                        "Actual Total Time": 2102.299,
                                                        "Actual Rows": 20909,
                                                        "Actual Loops": 1,
                                                        "Inner Unique": true,
                                                        "Plans": [
                                                            {
                                                                "Node Type": "Gather",
                                                                "Parent Relationship": "Outer",
                                                                "Parallel Aware": false,
                                                                "Async Capable": false,
                                                                "Startup Cost": 5089.99,
                                                                "Total Cost": 5265.26,
                                                                "Plan Rows": 1,
                                                                "Plan Width": 4,
                                                                "Actual Startup Time": 22.061,
                                                                "Actual Total Time": 2001.493,
                                                                "Actual Rows": 20909,
                                                                "Actual Loops": 1,
                                                                "Workers Planned": 1,
                                                                "Workers Launched": 1,
                                                                "Single Copy": false,
                                                                "Plans": [
                                                                    {
                                                                        "Node Type": "Nested Loop",
                                                                        "Parent Relationship": "Outer",
                                                                        "Parallel Aware": false,
                                                                        "Async Capable": false,
                                                                        "Join Type": "Inner",
                                                                        "Startup Cost": 4089.99,
                                                                        "Total Cost": 4265.16,
                                                                        "Plan Rows": 1,
                                                                        "Plan Width": 4,
                                                                        "Actual Startup Time": 18.881,
                                                                        "Actual Total Time": 1701.284,
                                                                        "Actual Rows": 10454,
                                                                        "Actual Loops": 2,
                                                                        "Inner Unique": false,
                                                                        "Join Filter": "((s.site_id = b.site_id) AND (b.user_id = a1.owner_user_id))",
                                                                        "Rows Removed by Join Filter": 0,
                                                                        "Workers": [],
                                                                        "Plans": [
                                                                            {
                                                                                "Node Type": "Nested Loop",
                                                                                "Parent Relationship": "Outer",
                                                                                "Parallel Aware": false,
                                                                                "Async Capable": false,
                                                                                "Join Type": "Inner",
                                                                                "Startup Cost": 4089.42,
                                                                                "Total Cost": 4257.71,
                                                                                "Plan Rows": 1,
                                                                                "Plan Width": 36,
                                                                                "Actual Startup Time": 18.653,
                                                                                "Actual Total Time": 1371.099,
                                                                                "Actual Rows": 2005,
                                                                                "Actual Loops": 2,
                                                                                "Inner Unique": true,
                                                                                "Join Filter": "(s.site_id = q1.site_id)",
                                                                                "Rows Removed by Join Filter": 0,
                                                                                "Workers": [],
                                                                                "Plans": [
                                                                                    {
                                                                                        "Node Type": "Nested Loop",
                                                                                        "Parent Relationship": "Outer",
                                                                                        "Parallel Aware": false,
                                                                                        "Async Capable": false,
                                                                                        "Join Type": "Inner",
                                                                                        "Startup Cost": 4088.99,
                                                                                        "Total Cost": 4250.49,
                                                                                        "Plan Rows": 1,
                                                                                        "Plan Width": 40,
                                                                                        "Actual Startup Time": 18.232,
                                                                                        "Actual Total Time": 1298.137,
                                                                                        "Actual Rows": 3812,
                                                                                        "Actual Loops": 2,
                                                                                        "Inner Unique": true,
                                                                                        "Join Filter": "(s.site_id = u1.site_id)",
                                                                                        "Rows Removed by Join Filter": 0,
                                                                                        "Workers": [],
                                                                                        "Plans": [
                                                                                            {
                                                                                                "Node Type": "Nested Loop",
                                                                                                "Parent Relationship": "Outer",
                                                                                                "Parallel Aware": false,
                                                                                                "Async Capable": false,
                                                                                                "Join Type": "Inner",
                                                                                                "Startup Cost": 4088.55,
                                                                                                "Total Cost": 4243.26,
                                                                                                "Plan Rows": 1,
                                                                                                "Plan Width": 28,
                                                                                                "Actual Startup Time": 17.478,
                                                                                                "Actual Total Time": 1022.033,
                                                                                                "Actual Rows": 8502,
                                                                                                "Actual Loops": 2,
                                                                                                "Inner Unique": false,
                                                                                                "Join Filter": "(s.site_id = a1.site_id)",
                                                                                                "Rows Removed by Join Filter": 0,
                                                                                                "Workers": [],
                                                                                                "Plans": [
                                                                                                    {
                                                                                                        "Node Type": "Nested Loop",
                                                                                                        "Parent Relationship": "Outer",
                                                                                                        "Parallel Aware": false,
                                                                                                        "Async Capable": false,
                                                                                                        "Join Type": "Inner",
                                                                                                        "Startup Cost": 4088.12,
                                                                                                        "Total Cost": 4149.64,
                                                                                                        "Plan Rows": 13,
                                                                                                        "Plan Width": 16,
                                                                                                        "Actual Startup Time": 16.968,
                                                                                                        "Actual Total Time": 74.743,
                                                                                                        "Actual Rows": 18470,
                                                                                                        "Actual Loops": 2,
                                                                                                        "Inner Unique": false,
                                                                                                        "Join Filter": "(s.site_id = tq1.site_id)",
                                                                                                        "Rows Removed by Join Filter": 0,
                                                                                                        "Workers": [],
                                                                                                        "Plans": [
                                                                                                            {
                                                                                                                "Node Type": "Merge Join",
                                                                                                                "Parent Relationship": "Outer",
                                                                                                                "Parallel Aware": false,
                                                                                                                "Async Capable": false,
                                                                                                                "Join Type": "Inner",
                                                                                                                "Startup Cost": 4087.55,
                                                                                                                "Total Cost": 4087.67,
                                                                                                                "Plan Rows": 1,
                                                                                                                "Plan Width": 12,
                                                                                                                "Actual Startup Time": 16.545,
                                                                                                                "Actual Total Time": 16.571,
                                                                                                                "Actual Rows": 8,
                                                                                                                "Actual Loops": 2,
                                                                                                                "Inner Unique": true,
                                                                                                                "Merge Cond": "(t1.site_id = s.site_id)",
                                                                                                                "Workers": [],
                                                                                                                "Plans": [
                                                                                                                    {
                                                                                                                        "Node Type": "Sort",
                                                                                                                        "Parent Relationship": "Outer",
                                                                                                                        "Parallel Aware": false,
                                                                                                                        "Async Capable": false,
                                                                                                                        "Startup Cost": 4084.38,
                                                                                                                        "Total Cost": 4084.43,
                                                                                                                        "Plan Rows": 20,
                                                                                                                        "Plan Width": 8,
                                                                                                                        "Actual Startup Time": 16.513,
                                                                                                                        "Actual Total Time": 16.52,
                                                                                                                        "Actual Rows": 46,
                                                                                                                        "Actual Loops": 2,
                                                                                                                        "Sort Key": [
                                                                                                                            "t1.site_id"
                                                                                                                        ],
                                                                                                                        "Sort Method": "quicksort",
                                                                                                                        "Sort Space Used": 26,
                                                                                                                        "Sort Space Type": "Memory",
                                                                                                                        "Workers": [
                                                                                                                            {
                                                                                                                                "Worker Number": 0,
                                                                                                                                "Sort Method": "quicksort",
                                                                                                                                "Sort Space Used": 25,
                                                                                                                                "Sort Space Type": "Memory"
                                                                                                                            }
                                                                                                                        ],
                                                                                                                        "Plans": [
                                                                                                                            {
                                                                                                                                "Node Type": "Seq Scan",
                                                                                                                                "Parent Relationship": "Outer",
                                                                                                                                "Parallel Aware": true,
                                                                                                                                "Async Capable": false,
                                                                                                                                "Relation Name": "tag",
                                                                                                                                "Alias": "t1",
                                                                                                                                "Startup Cost": 0.0,
                                                                                                                                "Total Cost": 4083.95,
                                                                                                                                "Plan Rows": 20,
                                                                                                                                "Plan Width": 8,
                                                                                                                                "Actual Startup Time": 0.139,
                                                                                                                                "Actual Total Time": 16.493,
                                                                                                                                "Actual Rows": 46,
                                                                                                                                "Actual Loops": 2,
                                                                                                                                "Filter": "((name)::text = ANY ('{apache-poi,branch,csrf,focus,glassfish,grand-central-dispatch,interpolation,osgi,pyqt4,return-value,textarea,uilabel,window}'::text[]))",
                                                                                                                                "Rows Removed by Filter": 93338,
                                                                                                                                "Workers": []
                                                                                                                            }
                                                                                                                        ]
                                                                                                                    },
                                                                                                                    {
                                                                                                                        "Node Type": "Sort",
                                                                                                                        "Parent Relationship": "Inner",
                                                                                                                        "Parallel Aware": false,
                                                                                                                        "Async Capable": false,
                                                                                                                        "Startup Cost": 3.17,
                                                                                                                        "Total Cost": 3.18,
                                                                                                                        "Plan Rows": 2,
                                                                                                                        "Plan Width": 4,
                                                                                                                        "Actual Startup Time": 0.027,
                                                                                                                        "Actual Total Time": 0.028,
                                                                                                                        "Actual Rows": 2,
                                                                                                                        "Actual Loops": 2,
                                                                                                                        "Sort Key": [
                                                                                                                            "s.site_id"
                                                                                                                        ],
                                                                                                                        "Sort Method": "quicksort",
                                                                                                                        "Sort Space Used": 25,
                                                                                                                        "Sort Space Type": "Memory",
                                                                                                                        "Workers": [
                                                                                                                            {
                                                                                                                                "Worker Number": 0,
                                                                                                                                "Sort Method": "quicksort",
                                                                                                                                "Sort Space Used": 25,
                                                                                                                                "Sort Space Type": "Memory"
                                                                                                                            }
                                                                                                                        ],
                                                                                                                        "Plans": [
                                                                                                                            {
                                                                                                                                "Node Type": "Seq Scan",
                                                                                                                                "Parent Relationship": "Outer",
                                                                                                                                "Parallel Aware": false,
                                                                                                                                "Async Capable": false,
                                                                                                                                "Relation Name": "site",
                                                                                                                                "Alias": "s",
                                                                                                                                "Startup Cost": 0.0,
                                                                                                                                "Total Cost": 3.16,
                                                                                                                                "Plan Rows": 2,
                                                                                                                                "Plan Width": 4,
                                                                                                                                "Actual Startup Time": 0.021,
                                                                                                                                "Actual Total Time": 0.022,
                                                                                                                                "Actual Rows": 2,
                                                                                                                                "Actual Loops": 2,
                                                                                                                                "Filter": "((site_name)::text = ANY ('{stackoverflow,superuser}'::text[]))",
                                                                                                                                "Rows Removed by Filter": 171,
                                                                                                                                "Workers": []
                                                                                                                            }
                                                                                                                        ]
                                                                                                                    }
                                                                                                                ]
                                                                                                            },
                                                                                                            {
                                                                                                                "Node Type": "Index Only Scan",
                                                                                                                "Parent Relationship": "Inner",
                                                                                                                "Parallel Aware": false,
                                                                                                                "Async Capable": false,
                                                                                                                "Scan Direction": "Forward",
                                                                                                                "Index Name": "tag_question_site_id_tag_id_question_id_idx",
                                                                                                                "Relation Name": "tag_question",
                                                                                                                "Alias": "tq1",
                                                                                                                "Startup Cost": 0.56,
                                                                                                                "Total Cost": 61.58,
                                                                                                                "Plan Rows": 31,
                                                                                                                "Plan Width": 12,
                                                                                                                "Actual Startup Time": 0.192,
                                                                                                                "Actual Total Time": 6.624,
                                                                                                                "Actual Rows": 2173,
                                                                                                                "Actual Loops": 17,
                                                                                                                "Index Cond": "((site_id = t1.site_id) AND (tag_id = t1.id))",
                                                                                                                "Rows Removed by Index Recheck": 0,
                                                                                                                "Heap Fetches": 36941,
                                                                                                                "Workers": []
                                                                                                            }
                                                                                                        ]
                                                                                                    },
                                                                                                    {
                                                                                                        "Node Type": "Index Scan",
                                                                                                        "Parent Relationship": "Inner",
                                                                                                        "Parallel Aware": false,
                                                                                                        "Async Capable": false,
                                                                                                        "Scan Direction": "Forward",
                                                                                                        "Index Name": "answer_site_id_question_id_idx",
                                                                                                        "Relation Name": "answer",
                                                                                                        "Alias": "a1",
                                                                                                        "Startup Cost": 0.43,
                                                                                                        "Total Cost": 7.19,
                                                                                                        "Plan Rows": 1,
                                                                                                        "Plan Width": 12,
                                                                                                        "Actual Startup Time": 0.042,
                                                                                                        "Actual Total Time": 0.051,
                                                                                                        "Actual Rows": 0,
                                                                                                        "Actual Loops": 36941,
                                                                                                        "Index Cond": "((site_id = tq1.site_id) AND (question_id = tq1.question_id))",
                                                                                                        "Rows Removed by Index Recheck": 0,
                                                                                                        "Workers": []
                                                                                                    }
                                                                                                ]
                                                                                            },
                                                                                            {
                                                                                                "Node Type": "Index Scan",
                                                                                                "Parent Relationship": "Inner",
                                                                                                "Parallel Aware": false,
                                                                                                "Async Capable": false,
                                                                                                "Scan Direction": "Forward",
                                                                                                "Index Name": "so_user_pkey",
                                                                                                "Relation Name": "so_user",
                                                                                                "Alias": "u1",
                                                                                                "Startup Cost": 0.44,
                                                                                                "Total Cost": 7.22,
                                                                                                "Plan Rows": 1,
                                                                                                "Plan Width": 12,
                                                                                                "Actual Startup Time": 0.032,
                                                                                                "Actual Total Time": 0.032,
                                                                                                "Actual Rows": 0,
                                                                                                "Actual Loops": 17003,
                                                                                                "Index Cond": "((id = a1.owner_user_id) AND (site_id = a1.site_id))",
                                                                                                "Rows Removed by Index Recheck": 0,
                                                                                                "Filter": "((downvotes >= 0) AND (downvotes <= 10))",
                                                                                                "Rows Removed by Filter": 1,
                                                                                                "Workers": []
                                                                                            }
                                                                                        ]
                                                                                    },
                                                                                    {
                                                                                        "Node Type": "Index Scan",
                                                                                        "Parent Relationship": "Inner",
                                                                                        "Parallel Aware": false,
                                                                                        "Async Capable": false,
                                                                                        "Scan Direction": "Forward",
                                                                                        "Index Name": "question_pkey",
                                                                                        "Relation Name": "question",
                                                                                        "Alias": "q1",
                                                                                        "Startup Cost": 0.43,
                                                                                        "Total Cost": 7.2,
                                                                                        "Plan Rows": 1,
                                                                                        "Plan Width": 8,
                                                                                        "Actual Startup Time": 0.019,
                                                                                        "Actual Total Time": 0.019,
                                                                                        "Actual Rows": 1,
                                                                                        "Actual Loops": 7623,
                                                                                        "Index Cond": "((id = tq1.question_id) AND (site_id = tq1.site_id))",
                                                                                        "Rows Removed by Index Recheck": 0,
                                                                                        "Filter": "((favorite_count >= 0) AND (favorite_count <= 10000))",
                                                                                        "Rows Removed by Filter": 0,
                                                                                        "Workers": []
                                                                                    }
                                                                                ]
                                                                            },
                                                                            {
                                                                                "Node Type": "Index Only Scan",
                                                                                "Parent Relationship": "Inner",
                                                                                "Parallel Aware": false,
                                                                                "Async Capable": false,
                                                                                "Scan Direction": "Forward",
                                                                                "Index Name": "badge_pkey",
                                                                                "Relation Name": "badge",
                                                                                "Alias": "b",
                                                                                "Startup Cost": 0.56,
                                                                                "Total Cost": 7.44,
                                                                                "Plan Rows": 1,
                                                                                "Plan Width": 8,
                                                                                "Actual Startup Time": 0.085,
                                                                                "Actual Total Time": 0.164,
                                                                                "Actual Rows": 5,
                                                                                "Actual Loops": 4010,
                                                                                "Index Cond": "((site_id = u1.site_id) AND (user_id = u1.id))",
                                                                                "Rows Removed by Index Recheck": 0,
                                                                                "Filter": "((name)::text = ANY ('{Commentator,Curious,\"Good Question\",Organizer,Revival,Scholar,Self-Learner,Student,Supporter,Tumbleweed}'::text[]))",
                                                                                "Rows Removed by Filter": 38,
                                                                                "Heap Fetches": 173221,
                                                                                "Workers": []
                                                                            }
                                                                        ]
                                                                    }
                                                                ]
                                                            },
                                                            {
                                                                "Node Type": "Index Scan",
                                                                "Parent Relationship": "Inner",
                                                                "Parallel Aware": false,
                                                                "Async Capable": false,
                                                                "Scan Direction": "Forward",
                                                                "Index Name": "account_pkey",
                                                                "Relation Name": "account",
                                                                "Alias": "acc",
                                                                "Startup Cost": 0.43,
                                                                "Total Cost": 7.2,
                                                                "Plan Rows": 1,
                                                                "Plan Width": 22,
                                                                "Actual Startup Time": 0.005,
                                                                "Actual Total Time": 0.005,
                                                                "Actual Rows": 1,
                                                                "Actual Loops": 20909,
                                                                "Index Cond": "(id = u1.account_id)",
                                                                "Rows Removed by Index Recheck": 0
                                                            }
                                                        ]
                                                    }
                                                ]
                                            }
                                        ]
                                    }
                                ]
                            }
                        ]
                    },
                    "Planning Time": 74.673,
                    "Triggers": [],
                    "Execution Time": 2110.733
                }
            ],
            "hints": [
                "SET enable_hashjoin TO on",
                "SET enable_indexonlyscan TO on",
                "SET enable_indexscan TO on",
                "SET enable_mergejoin TO on",
                "SET enable_nestloop TO on",
                "SET enable_seqscan TO on"
            ]
        },
        {
            "arm": 1,
            "execution_time": 30000,
            "plan": "Query execution error: canceling statement due to statement timeout\n",
            "hints": [
                "SET enable_hashjoin TO on",
                "SET enable_indexonlyscan TO on",
                "SET enable_indexscan TO on",
                "SET enable_mergejoin TO on",
                "SET enable_nestloop TO off",
                "SET enable_seqscan TO on"
            ]
        },
        {
            "arm": 2,
            "execution_time": 506.851,
            "plan": [
                {
                    "Plan": {
                        "Node Type": "Limit",
                        "Parallel Aware": false,
                        "Async Capable": false,
                        "Startup Cost": 5349.36,
                        "Total Cost": 5349.37,
                        "Plan Rows": 1,
                        "Plan Width": 26,
                        "Actual Startup Time": 506.723,
                        "Actual Total Time": 506.787,
                        "Actual Rows": 100,
                        "Actual Loops": 1,
                        "Plans": [
                            {
                                "Node Type": "Sort",
                                "Parent Relationship": "Outer",
                                "Parallel Aware": false,
                                "Async Capable": false,
                                "Startup Cost": 5349.36,
                                "Total Cost": 5349.37,
                                "Plan Rows": 1,
                                "Plan Width": 26,
                                "Actual Startup Time": 506.721,
                                "Actual Total Time": 506.781,
                                "Actual Rows": 100,
                                "Actual Loops": 1,
                                "Sort Key": [
                                    "(count(*)) DESC"
                                ],
                                "Sort Method": "top-N heapsort",
                                "Sort Space Used": 35,
                                "Sort Space Type": "Memory",
                                "Plans": [
                                    {
                                        "Node Type": "Aggregate",
                                        "Strategy": "Sorted",
                                        "Partial Mode": "Simple",
                                        "Parent Relationship": "Outer",
                                        "Parallel Aware": false,
                                        "Async Capable": false,
                                        "Startup Cost": 5349.33,
                                        "Total Cost": 5349.35,
                                        "Plan Rows": 1,
                                        "Plan Width": 26,
                                        "Actual Startup Time": 505.175,
                                        "Actual Total Time": 506.677,
                                        "Actual Rows": 910,
                                        "Actual Loops": 1,
                                        "Group Key": [
                                            "acc.location"
                                        ],
                                        "Plans": [
                                            {
                                                "Node Type": "Sort",
                                                "Parent Relationship": "Outer",
                                                "Parallel Aware": false,
                                                "Async Capable": false,
                                                "Startup Cost": 5349.33,
                                                "Total Cost": 5349.34,
                                                "Plan Rows": 1,
                                                "Plan Width": 18,
                                                "Actual Startup Time": 505.16,
                                                "Actual Total Time": 505.708,
                                                "Actual Rows": 20909,
                                                "Actual Loops": 1,
                                                "Sort Key": [
                                                    "acc.location"
                                                ],
                                                "Sort Method": "quicksort",
                                                "Sort Space Used": 1137,
                                                "Sort Space Type": "Memory",
                                                "Plans": [
                                                    {
                                                        "Node Type": "Nested Loop",
                                                        "Parent Relationship": "Outer",
                                                        "Parallel Aware": false,
                                                        "Async Capable": false,
                                                        "Join Type": "Inner",
                                                        "Startup Cost": 1027.33,
                                                        "Total Cost": 5349.32,
                                                        "Plan Rows": 1,
                                                        "Plan Width": 18,
                                                        "Actual Startup Time": 15.748,
                                                        "Actual Total Time": 500.186,
                                                        "Actual Rows": 20909,
                                                        "Actual Loops": 1,
                                                        "Inner Unique": true,
                                                        "Plans": [
                                                            {
                                                                "Node Type": "Nested Loop",
                                                                "Parent Relationship": "Outer",
                                                                "Parallel Aware": false,
                                                                "Async Capable": false,
                                                                "Join Type": "Inner",
                                                                "Startup Cost": 1023.51,
                                                                "Total Cost": 5341.5,
                                                                "Plan Rows": 1,
                                                                "Plan Width": 4,
                                                                "Actual Startup Time": 15.74,
                                                                "Actual Total Time": 466.024,
                                                                "Actual Rows": 20909,
                                                                "Actual Loops": 1,
                                                                "Inner Unique": false,
                                                                "Join Filter": "((s.site_id = b.site_id) AND (b.user_id = a1.owner_user_id))",
                                                                "Rows Removed by Join Filter": 0,
                                                                "Plans": [
                                                                    {
                                                                        "Node Type": "Nested Loop",
                                                                        "Parent Relationship": "Outer",
                                                                        "Parallel Aware": false,
                                                                        "Async Capable": false,
                                                                        "Join Type": "Inner",
                                                                        "Startup Cost": 1019.52,
                                                                        "Total Cost": 5333.46,
                                                                        "Plan Rows": 1,
                                                                        "Plan Width": 36,
                                                                        "Actual Startup Time": 15.51,
                                                                        "Actual Total Time": 241.161,
                                                                        "Actual Rows": 4010,
                                                                        "Actual Loops": 1,
                                                                        "Inner Unique": true,
                                                                        "Join Filter": "(s.site_id = q1.site_id)",
                                                                        "Rows Removed by Join Filter": 0,
                                                                        "Plans": [
                                                                            {
                                                                                "Node Type": "Nested Loop",
                                                                                "Parent Relationship": "Outer",
                                                                                "Parallel Aware": false,
                                                                                "Async Capable": false,
                                                                                "Join Type": "Inner",
                                                                                "Startup Cost": 1015.7,
                                                                                "Total Cost": 5325.61,
                                                                                "Plan Rows": 1,
                                                                                "Plan Width": 40,
                                                                                "Actual Startup Time": 14.833,
                                                                                "Actual Total Time": 203.692,
                                                                                "Actual Rows": 7623,
                                                                                "Actual Loops": 1,
                                                                                "Inner Unique": true,
                                                                                "Join Filter": "(s.site_id = u1.site_id)",
                                                                                "Rows Removed by Join Filter": 0,
                                                                                "Plans": [
                                                                                    {
                                                                                        "Node Type": "Gather",
                                                                                        "Parent Relationship": "Outer",
                                                                                        "Parallel Aware": false,
                                                                                        "Async Capable": false,
                                                                                        "Startup Cost": 1011.88,
                                                                                        "Total Cost": 5317.76,
                                                                                        "Plan Rows": 1,
                                                                                        "Plan Width": 28,
                                                                                        "Actual Startup Time": 13.169,
                                                                                        "Actual Total Time": 113.069,
                                                                                        "Actual Rows": 17003,
                                                                                        "Actual Loops": 1,
                                                                                        "Workers Planned": 1,
                                                                                        "Workers Launched": 1,
                                                                                        "Single Copy": false,
                                                                                        "Plans": [
                                                                                            {
                                                                                                "Node Type": "Nested Loop",
                                                                                                "Parent Relationship": "Outer",
                                                                                                "Parallel Aware": false,
                                                                                                "Async Capable": false,
                                                                                                "Join Type": "Inner",
                                                                                                "Startup Cost": 11.88,
                                                                                                "Total Cost": 4317.66,
                                                                                                "Plan Rows": 1,
                                                                                                "Plan Width": 28,
                                                                                                "Actual Startup Time": 10.878,
                                                                                                "Actual Total Time": 172.972,
                                                                                                "Actual Rows": 8502,
                                                                                                "Actual Loops": 2,
                                                                                                "Inner Unique": false,
                                                                                                "Join Filter": "(s.site_id = a1.site_id)",
                                                                                                "Rows Removed by Join Filter": 0,
                                                                                                "Workers": [],
                                                                                                "Plans": [
                                                                                                    {
                                                                                                        "Node Type": "Nested Loop",
                                                                                                        "Parent Relationship": "Outer",
                                                                                                        "Parallel Aware": false,
                                                                                                        "Async Capable": false,
                                                                                                        "Join Type": "Inner",
                                                                                                        "Startup Cost": 8.07,
                                                                                                        "Total Cost": 4215.76,
                                                                                                        "Plan Rows": 13,
                                                                                                        "Plan Width": 16,
                                                                                                        "Actual Startup Time": 10.679,
                                                                                                        "Actual Total Time": 51.318,
                                                                                                        "Actual Rows": 18470,
                                                                                                        "Actual Loops": 2,
                                                                                                        "Inner Unique": false,
                                                                                                        "Join Filter": "(s.site_id = tq1.site_id)",
                                                                                                        "Rows Removed by Join Filter": 0,
                                                                                                        "Workers": [],
                                                                                                        "Plans": [
                                                                                                            {
                                                                                                                "Node Type": "Hash Join",
                                                                                                                "Parent Relationship": "Outer",
                                                                                                                "Parallel Aware": false,
                                                                                                                "Async Capable": false,
                                                                                                                "Join Type": "Inner",
                                                                                                                "Startup Cost": 3.19,
                                                                                                                "Total Cost": 4087.19,
                                                                                                                "Plan Rows": 1,
                                                                                                                "Plan Width": 12,
                                                                                                                "Actual Startup Time": 9.775,
                                                                                                                "Actual Total Time": 16.054,
                                                                                                                "Actual Rows": 8,
                                                                                                                "Actual Loops": 2,
                                                                                                                "Inner Unique": true,
                                                                                                                "Hash Cond": "(t1.site_id = s.site_id)",
                                                                                                                "Workers": [],
                                                                                                                "Plans": [
                                                                                                                    {
                                                                                                                        "Node Type": "Seq Scan",
                                                                                                                        "Parent Relationship": "Outer",
                                                                                                                        "Parallel Aware": true,
                                                                                                                        "Async Capable": false,
                                                                                                                        "Relation Name": "tag",
                                                                                                                        "Alias": "t1",
                                                                                                                        "Startup Cost": 0.0,
                                                                                                                        "Total Cost": 4083.95,
                                                                                                                        "Plan Rows": 20,
                                                                                                                        "Plan Width": 8,
                                                                                                                        "Actual Startup Time": 0.164,
                                                                                                                        "Actual Total Time": 15.938,
                                                                                                                        "Actual Rows": 46,
                                                                                                                        "Actual Loops": 2,
                                                                                                                        "Filter": "((name)::text = ANY ('{apache-poi,branch,csrf,focus,glassfish,grand-central-dispatch,interpolation,osgi,pyqt4,return-value,textarea,uilabel,window}'::text[]))",
                                                                                                                        "Rows Removed by Filter": 93338,
                                                                                                                        "Workers": []
                                                                                                                    },
                                                                                                                    {
                                                                                                                        "Node Type": "Hash",
                                                                                                                        "Parent Relationship": "Inner",
                                                                                                                        "Parallel Aware": false,
                                                                                                                        "Async Capable": false,
                                                                                                                        "Startup Cost": 3.16,
                                                                                                                        "Total Cost": 3.16,
                                                                                                                        "Plan Rows": 2,
                                                                                                                        "Plan Width": 4,
                                                                                                                        "Actual Startup Time": 0.026,
                                                                                                                        "Actual Total Time": 0.027,
                                                                                                                        "Actual Rows": 2,
                                                                                                                        "Actual Loops": 2,
                                                                                                                        "Hash Buckets": 1024,
                                                                                                                        "Original Hash Buckets": 1024,
                                                                                                                        "Hash Batches": 1,
                                                                                                                        "Original Hash Batches": 1,
                                                                                                                        "Peak Memory Usage": 9,
                                                                                                                        "Workers": [],
                                                                                                                        "Plans": [
                                                                                                                            {
                                                                                                                                "Node Type": "Seq Scan",
                                                                                                                                "Parent Relationship": "Outer",
                                                                                                                                "Parallel Aware": false,
                                                                                                                                "Async Capable": false,
                                                                                                                                "Relation Name": "site",
                                                                                                                                "Alias": "s",
                                                                                                                                "Startup Cost": 0.0,
                                                                                                                                "Total Cost": 3.16,
                                                                                                                                "Plan Rows": 2,
                                                                                                                                "Plan Width": 4,
                                                                                                                                "Actual Startup Time": 0.017,
                                                                                                                                "Actual Total Time": 0.019,
                                                                                                                                "Actual Rows": 2,
                                                                                                                                "Actual Loops": 2,
                                                                                                                                "Filter": "((site_name)::text = ANY ('{stackoverflow,superuser}'::text[]))",
                                                                                                                                "Rows Removed by Filter": 171,
                                                                                                                                "Workers": []
                                                                                                                            }
                                                                                                                        ]
                                                                                                                    }
                                                                                                                ]
                                                                                                            },
                                                                                                            {
                                                                                                                "Node Type": "Bitmap Heap Scan",
                                                                                                                "Parent Relationship": "Inner",
                                                                                                                "Parallel Aware": false,
                                                                                                                "Async Capable": false,
                                                                                                                "Relation Name": "tag_question",
                                                                                                                "Alias": "tq1",
                                                                                                                "Startup Cost": 4.88,
                                                                                                                "Total Cost": 128.19,
                                                                                                                "Plan Rows": 31,
                                                                                                                "Plan Width": 12,
                                                                                                                "Actual Startup Time": 0.506,
                                                                                                                "Actual Total Time": 3.968,
                                                                                                                "Actual Rows": 2173,
                                                                                                                "Actual Loops": 17,
                                                                                                                "Recheck Cond": "((t1.site_id = site_id) AND (t1.id = tag_id))",
                                                                                                                "Rows Removed by Index Recheck": 0,
                                                                                                                "Exact Heap Blocks": 1905,
                                                                                                                "Lossy Heap Blocks": 0,
                                                                                                                "Workers": [],
                                                                                                                "Plans": [
                                                                                                                    {
                                                                                                                        "Node Type": "Bitmap Index Scan",
                                                                                                                        "Parent Relationship": "Outer",
                                                                                                                        "Parallel Aware": false,
                                                                                                                        "Async Capable": false,
                                                                                                                        "Index Name": "tag_question_site_id_tag_id_question_id_idx",
                                                                                                                        "Startup Cost": 0.0,
                                                                                                                        "Total Cost": 4.88,
                                                                                                                        "Plan Rows": 31,
                                                                                                                        "Plan Width": 0,
                                                                                                                        "Actual Startup Time": 0.287,
                                                                                                                        "Actual Total Time": 0.287,
                                                                                                                        "Actual Rows": 2173,
                                                                                                                        "Actual Loops": 17,
                                                                                                                        "Index Cond": "((site_id = t1.site_id) AND (tag_id = t1.id))",
                                                                                                                        "Workers": []
                                                                                                                    }
                                                                                                                ]
                                                                                                            }
                                                                                                        ]
                                                                                                    },
                                                                                                    {
                                                                                                        "Node Type": "Bitmap Heap Scan",
                                                                                                        "Parent Relationship": "Inner",
                                                                                                        "Parallel Aware": false,
                                                                                                        "Async Capable": false,
                                                                                                        "Relation Name": "answer",
                                                                                                        "Alias": "a1",
                                                                                                        "Startup Cost": 3.81,
                                                                                                        "Total Cost": 7.83,
                                                                                                        "Plan Rows": 1,
                                                                                                        "Plan Width": 12,
                                                                                                        "Actual Startup Time": 0.005,
                                                                                                        "Actual Total Time": 0.006,
                                                                                                        "Actual Rows": 0,
                                                                                                        "Actual Loops": 36941,
                                                                                                        "Recheck Cond": "((site_id = tq1.site_id) AND (tq1.question_id = question_id))",
                                                                                                        "Rows Removed by Index Recheck": 0,
                                                                                                        "Exact Heap Blocks": 962,
                                                                                                        "Lossy Heap Blocks": 0,
                                                                                                        "Workers": [],
                                                                                                        "Plans": [
                                                                                                            {
                                                                                                                "Node Type": "Bitmap Index Scan",
                                                                                                                "Parent Relationship": "Outer",
                                                                                                                "Parallel Aware": false,
                                                                                                                "Async Capable": false,
                                                                                                                "Index Name": "answer_site_id_question_id_idx",
                                                                                                                "Startup Cost": 0.0,
                                                                                                                "Total Cost": 3.81,
                                                                                                                "Plan Rows": 1,
                                                                                                                "Plan Width": 0,
                                                                                                                "Actual Startup Time": 0.002,
                                                                                                                "Actual Total Time": 0.002,
                                                                                                                "Actual Rows": 0,
                                                                                                                "Actual Loops": 36941,
                                                                                                                "Index Cond": "((site_id = tq1.site_id) AND (question_id = tq1.question_id))",
                                                                                                                "Workers": []
                                                                                                            }
                                                                                                        ]
                                                                                                    }
                                                                                                ]
                                                                                            }
                                                                                        ]
                                                                                    },
                                                                                    {
                                                                                        "Node Type": "Bitmap Heap Scan",
                                                                                        "Parent Relationship": "Inner",
                                                                                        "Parallel Aware": false,
                                                                                        "Async Capable": false,
                                                                                        "Relation Name": "so_user",
                                                                                        "Alias": "u1",
                                                                                        "Startup Cost": 3.82,
                                                                                        "Total Cost": 7.84,
                                                                                        "Plan Rows": 1,
                                                                                        "Plan Width": 12,
                                                                                        "Actual Startup Time": 0.005,
                                                                                        "Actual Total Time": 0.005,
                                                                                        "Actual Rows": 0,
                                                                                        "Actual Loops": 17003,
                                                                                        "Recheck Cond": "((id = a1.owner_user_id) AND (site_id = a1.site_id))",
                                                                                        "Rows Removed by Index Recheck": 0,
                                                                                        "Filter": "((downvotes >= 0) AND (downvotes <= 10))",
                                                                                        "Rows Removed by Filter": 1,
                                                                                        "Exact Heap Blocks": 17003,
                                                                                        "Lossy Heap Blocks": 0,
                                                                                        "Plans": [
                                                                                            {
                                                                                                "Node Type": "Bitmap Index Scan",
                                                                                                "Parent Relationship": "Outer",
                                                                                                "Parallel Aware": false,
                                                                                                "Async Capable": false,
                                                                                                "Index Name": "so_user_pkey",
                                                                                                "Startup Cost": 0.0,
                                                                                                "Total Cost": 3.82,
                                                                                                "Plan Rows": 1,
                                                                                                "Plan Width": 0,
                                                                                                "Actual Startup Time": 0.004,
                                                                                                "Actual Total Time": 0.004,
                                                                                                "Actual Rows": 1,
                                                                                                "Actual Loops": 17003,
                                                                                                "Index Cond": "((id = a1.owner_user_id) AND (site_id = a1.site_id))"
                                                                                            }
                                                                                        ]
                                                                                    }
                                                                                ]
                                                                            },
                                                                            {
                                                                                "Node Type": "Bitmap Heap Scan",
                                                                                "Parent Relationship": "Inner",
                                                                                "Parallel Aware": false,
                                                                                "Async Capable": false,
                                                                                "Relation Name": "question",
                                                                                "Alias": "q1",
                                                                                "Startup Cost": 3.82,
                                                                                "Total Cost": 7.84,
                                                                                "Plan Rows": 1,
                                                                                "Plan Width": 8,
                                                                                "Actual Startup Time": 0.005,
                                                                                "Actual Total Time": 0.005,
                                                                                "Actual Rows": 1,
                                                                                "Actual Loops": 7623,
                                                                                "Recheck Cond": "((id = tq1.question_id) AND (site_id = tq1.site_id))",
                                                                                "Rows Removed by Index Recheck": 0,
                                                                                "Filter": "((favorite_count >= 0) AND (favorite_count <= 10000))",
                                                                                "Rows Removed by Filter": 0,
                                                                                "Exact Heap Blocks": 7623,
                                                                                "Lossy Heap Blocks": 0,
                                                                                "Plans": [
                                                                                    {
                                                                                        "Node Type": "Bitmap Index Scan",
                                                                                        "Parent Relationship": "Outer",
                                                                                        "Parallel Aware": false,
                                                                                        "Async Capable": false,
                                                                                        "Index Name": "question_pkey",
                                                                                        "Startup Cost": 0.0,
                                                                                        "Total Cost": 3.82,
                                                                                        "Plan Rows": 1,
                                                                                        "Plan Width": 0,
                                                                                        "Actual Startup Time": 0.004,
                                                                                        "Actual Total Time": 0.004,
                                                                                        "Actual Rows": 1,
                                                                                        "Actual Loops": 7623,
                                                                                        "Index Cond": "((id = tq1.question_id) AND (site_id = tq1.site_id))"
                                                                                    }
                                                                                ]
                                                                            }
                                                                        ]
                                                                    },
                                                                    {
                                                                        "Node Type": "Bitmap Heap Scan",
                                                                        "Parent Relationship": "Inner",
                                                                        "Parallel Aware": false,
                                                                        "Async Capable": false,
                                                                        "Relation Name": "badge",
                                                                        "Alias": "b",
                                                                        "Startup Cost": 3.99,
                                                                        "Total Cost": 8.02,
                                                                        "Plan Rows": 1,
                                                                        "Plan Width": 8,
                                                                        "Actual Startup Time": 0.016,
                                                                        "Actual Total Time": 0.055,
                                                                        "Actual Rows": 5,
                                                                        "Actual Loops": 4010,
                                                                        "Recheck Cond": "((u1.site_id = site_id) AND (u1.id = user_id))",
                                                                        "Rows Removed by Index Recheck": 0,
                                                                        "Filter": "((name)::text = ANY ('{Commentator,Curious,\"Good Question\",Organizer,Revival,Scholar,Self-Learner,Student,Supporter,Tumbleweed}'::text[]))",
                                                                        "Rows Removed by Filter": 38,
                                                                        "Exact Heap Blocks": 168592,
                                                                        "Lossy Heap Blocks": 0,
                                                                        "Plans": [
                                                                            {
                                                                                "Node Type": "Bitmap Index Scan",
                                                                                "Parent Relationship": "Outer",
                                                                                "Parallel Aware": false,
                                                                                "Async Capable": false,
                                                                                "Index Name": "badge_pkey",
                                                                                "Startup Cost": 0.0,
                                                                                "Total Cost": 3.99,
                                                                                "Plan Rows": 1,
                                                                                "Plan Width": 0,
                                                                                "Actual Startup Time": 0.011,
                                                                                "Actual Total Time": 0.011,
                                                                                "Actual Rows": 43,
                                                                                "Actual Loops": 4010,
                                                                                "Index Cond": "((site_id = u1.site_id) AND (user_id = u1.id))"
                                                                            }
                                                                        ]
                                                                    }
                                                                ]
                                                            },
                                                            {
                                                                "Node Type": "Bitmap Heap Scan",
                                                                "Parent Relationship": "Inner",
                                                                "Parallel Aware": false,
                                                                "Async Capable": false,
                                                                "Relation Name": "account",
                                                                "Alias": "acc",
                                                                "Startup Cost": 3.81,
                                                                "Total Cost": 7.83,
                                                                "Plan Rows": 1,
                                                                "Plan Width": 22,
                                                                "Actual Startup Time": 0.001,
                                                                "Actual Total Time": 0.001,
                                                                "Actual Rows": 1,
                                                                "Actual Loops": 20909,
                                                                "Recheck Cond": "(id = u1.account_id)",
                                                                "Rows Removed by Index Recheck": 0,
                                                                "Exact Heap Blocks": 20909,
                                                                "Lossy Heap Blocks": 0,
                                                                "Plans": [
                                                                    {
                                                                        "Node Type": "Bitmap Index Scan",
                                                                        "Parent Relationship": "Outer",
                                                                        "Parallel Aware": false,
                                                                        "Async Capable": false,
                                                                        "Index Name": "account_pkey",
                                                                        "Startup Cost": 0.0,
                                                                        "Total Cost": 3.81,
                                                                        "Plan Rows": 1,
                                                                        "Plan Width": 0,
                                                                        "Actual Startup Time": 0.001,
                                                                        "Actual Total Time": 0.001,
                                                                        "Actual Rows": 1,
                                                                        "Actual Loops": 20909,
                                                                        "Index Cond": "(id = u1.account_id)"
                                                                    }
                                                                ]
                                                            }
                                                        ]
                                                    }
                                                ]
                                            }
                                        ]
                                    }
                                ]
                            }
                        ]
                    },
                    "Planning Time": 22.819,
                    "Triggers": [],
                    "Execution Time": 506.851
                }
            ],
            "hints": [
                "SET enable_hashjoin TO on",
                "SET enable_indexonlyscan TO on",
                "SET enable_indexscan TO off",
                "SET enable_mergejoin TO off",
                "SET enable_nestloop TO on",
                "SET enable_seqscan TO on"
            ]
        },
        {
            "arm": 3,
            "execution_time": 30000,
            "plan": "Query execution error: canceling statement due to statement timeout\n",
            "hints": [
                "SET enable_hashjoin TO on",
                "SET enable_indexonlyscan TO on",
                "SET enable_indexscan TO off",
                "SET enable_mergejoin TO off",
                "SET enable_nestloop TO off",
                "SET enable_seqscan TO on"
            ]
        },
        {
            "arm": 4,
            "execution_time": 267.698,
            "plan": [
                {
                    "Plan": {
                        "Node Type": "Limit",
                        "Parallel Aware": false,
                        "Async Capable": false,
                        "Startup Cost": 5272.01,
                        "Total Cost": 5272.01,
                        "Plan Rows": 1,
                        "Plan Width": 26,
                        "Actual Startup Time": 265.286,
                        "Actual Total Time": 267.639,
                        "Actual Rows": 100,
                        "Actual Loops": 1,
                        "Plans": [
                            {
                                "Node Type": "Sort",
                                "Parent Relationship": "Outer",
                                "Parallel Aware": false,
                                "Async Capable": false,
                                "Startup Cost": 5272.01,
                                "Total Cost": 5272.01,
                                "Plan Rows": 1,
                                "Plan Width": 26,
                                "Actual Startup Time": 265.284,
                                "Actual Total Time": 267.634,
                                "Actual Rows": 100,
                                "Actual Loops": 1,
                                "Sort Key": [
                                    "(count(*)) DESC"
                                ],
                                "Sort Method": "top-N heapsort",
                                "Sort Space Used": 35,
                                "Sort Space Type": "Memory",
                                "Plans": [
                                    {
                                        "Node Type": "Aggregate",
                                        "Strategy": "Sorted",
                                        "Partial Mode": "Simple",
                                        "Parent Relationship": "Outer",
                                        "Parallel Aware": false,
                                        "Async Capable": false,
                                        "Startup Cost": 5271.98,
                                        "Total Cost": 5272.0,
                                        "Plan Rows": 1,
                                        "Plan Width": 26,
                                        "Actual Startup Time": 263.678,
                                        "Actual Total Time": 267.526,
                                        "Actual Rows": 910,
                                        "Actual Loops": 1,
                                        "Group Key": [
                                            "acc.location"
                                        ],
                                        "Plans": [
                                            {
                                                "Node Type": "Sort",
                                                "Parent Relationship": "Outer",
                                                "Parallel Aware": false,
                                                "Async Capable": false,
                                                "Startup Cost": 5271.98,
                                                "Total Cost": 5271.98,
                                                "Plan Rows": 1,
                                                "Plan Width": 18,
                                                "Actual Startup Time": 263.664,
                                                "Actual Total Time": 266.505,
                                                "Actual Rows": 20909,
                                                "Actual Loops": 1,
                                                "Sort Key": [
                                                    "acc.location"
                                                ],
                                                "Sort Method": "quicksort",
                                                "Sort Space Used": 1137,
                                                "Sort Space Type": "Memory",
                                                "Plans": [
                                                    {
                                                        "Node Type": "Nested Loop",
                                                        "Parent Relationship": "Outer",
                                                        "Parallel Aware": false,
                                                        "Async Capable": false,
                                                        "Join Type": "Inner",
                                                        "Startup Cost": 1006.06,
                                                        "Total Cost": 5271.97,
                                                        "Plan Rows": 1,
                                                        "Plan Width": 18,
                                                        "Actual Startup Time": 11.427,
                                                        "Actual Total Time": 261.006,
                                                        "Actual Rows": 20909,
                                                        "Actual Loops": 1,
                                                        "Inner Unique": true,
                                                        "Plans": [
                                                            {
                                                                "Node Type": "Nested Loop",
                                                                "Parent Relationship": "Outer",
                                                                "Parallel Aware": false,
                                                                "Async Capable": false,
                                                                "Join Type": "Inner",
                                                                "Startup Cost": 1005.62,
                                                                "Total Cost": 5264.77,
                                                                "Plan Rows": 1,
                                                                "Plan Width": 4,
                                                                "Actual Startup Time": 11.42,
                                                                "Actual Total Time": 235.441,
                                                                "Actual Rows": 20909,
                                                                "Actual Loops": 1,
                                                                "Inner Unique": false,
                                                                "Join Filter": "((s.site_id = b.site_id) AND (b.user_id = a1.owner_user_id))",
                                                                "Rows Removed by Join Filter": 0,
                                                                "Plans": [
                                                                    {
                                                                        "Node Type": "Nested Loop",
                                                                        "Parent Relationship": "Outer",
                                                                        "Parallel Aware": false,
                                                                        "Async Capable": false,
                                                                        "Join Type": "Inner",
                                                                        "Startup Cost": 1005.06,
                                                                        "Total Cost": 5257.32,
                                                                        "Plan Rows": 1,
                                                                        "Plan Width": 36,
                                                                        "Actual Startup Time": 11.398,
                                                                        "Actual Total Time": 82.854,
                                                                        "Actual Rows": 4010,
                                                                        "Actual Loops": 1,
                                                                        "Inner Unique": true,
                                                                        "Join Filter": "(s.site_id = q1.site_id)",
                                                                        "Rows Removed by Join Filter": 0,
                                                                        "Plans": [
                                                                            {
                                                                                "Node Type": "Nested Loop",
                                                                                "Parent Relationship": "Outer",
                                                                                "Parallel Aware": false,
                                                                                "Async Capable": false,
                                                                                "Join Type": "Inner",
                                                                                "Startup Cost": 1004.62,
                                                                                "Total Cost": 5250.1,
                                                                                "Plan Rows": 1,
                                                                                "Plan Width": 40,
                                                                                "Actual Startup Time": 11.371,
                                                                                "Actual Total Time": 64.283,
                                                                                "Actual Rows": 7623,
                                                                                "Actual Loops": 1,
                                                                                "Inner Unique": true,
                                                                                "Join Filter": "(s.site_id = u1.site_id)",
                                                                                "Rows Removed by Join Filter": 0,
                                                                                "Plans": [
                                                                                    {
                                                                                        "Node Type": "Gather",
                                                                                        "Parent Relationship": "Outer",
                                                                                        "Parallel Aware": false,
                                                                                        "Async Capable": false,
                                                                                        "Startup Cost": 1004.18,
                                                                                        "Total Cost": 5242.88,
                                                                                        "Plan Rows": 1,
                                                                                        "Plan Width": 28,
                                                                                        "Actual Startup Time": 11.327,
                                                                                        "Actual Total Time": 20.405,
                                                                                        "Actual Rows": 17003,
                                                                                        "Actual Loops": 1,
                                                                                        "Workers Planned": 1,
                                                                                        "Workers Launched": 1,
                                                                                        "Single Copy": false,
                                                                                        "Plans": [
                                                                                            {
                                                                                                "Node Type": "Nested Loop",
                                                                                                "Parent Relationship": "Outer",
                                                                                                "Parallel Aware": false,
                                                                                                "Async Capable": false,
                                                                                                "Join Type": "Inner",
                                                                                                "Startup Cost": 4.18,
                                                                                                "Total Cost": 4242.78,
                                                                                                "Plan Rows": 1,
                                                                                                "Plan Width": 28,
                                                                                                "Actual Startup Time": 9.865,
                                                                                                "Actual Total Time": 93.024,
                                                                                                "Actual Rows": 8502,
                                                                                                "Actual Loops": 2,
                                                                                                "Inner Unique": false,
                                                                                                "Join Filter": "(s.site_id = a1.site_id)",
                                                                                                "Rows Removed by Join Filter": 0,
                                                                                                "Workers": [],
                                                                                                "Plans": [
                                                                                                    {
                                                                                                        "Node Type": "Nested Loop",
                                                                                                        "Parent Relationship": "Outer",
                                                                                                        "Parallel Aware": false,
                                                                                                        "Async Capable": false,
                                                                                                        "Join Type": "Inner",
                                                                                                        "Startup Cost": 3.75,
                                                                                                        "Total Cost": 4149.16,
                                                                                                        "Plan Rows": 13,
                                                                                                        "Plan Width": 16,
                                                                                                        "Actual Startup Time": 9.845,
                                                                                                        "Actual Total Time": 43.581,
                                                                                                        "Actual Rows": 18470,
                                                                                                        "Actual Loops": 2,
                                                                                                        "Inner Unique": false,
                                                                                                        "Join Filter": "(s.site_id = tq1.site_id)",
                                                                                                        "Rows Removed by Join Filter": 0,
                                                                                                        "Workers": [],
                                                                                                        "Plans": [
                                                                                                            {
                                                                                                                "Node Type": "Hash Join",
                                                                                                                "Parent Relationship": "Outer",
                                                                                                                "Parallel Aware": false,
                                                                                                                "Async Capable": false,
                                                                                                                "Join Type": "Inner",
                                                                                                                "Startup Cost": 3.19,
                                                                                                                "Total Cost": 4087.19,
                                                                                                                "Plan Rows": 1,
                                                                                                                "Plan Width": 12,
                                                                                                                "Actual Startup Time": 9.79,
                                                                                                                "Actual Total Time": 16.14,
                                                                                                                "Actual Rows": 8,
                                                                                                                "Actual Loops": 2,
                                                                                                                "Inner Unique": true,
                                                                                                                "Hash Cond": "(t1.site_id = s.site_id)",
                                                                                                                "Workers": [],
                                                                                                                "Plans": [
                                                                                                                    {
                                                                                                                        "Node Type": "Seq Scan",
                                                                                                                        "Parent Relationship": "Outer",
                                                                                                                        "Parallel Aware": true,
                                                                                                                        "Async Capable": false,
                                                                                                                        "Relation Name": "tag",
                                                                                                                        "Alias": "t1",
                                                                                                                        "Startup Cost": 0.0,
                                                                                                                        "Total Cost": 4083.95,
                                                                                                                        "Plan Rows": 20,
                                                                                                                        "Plan Width": 8,
                                                                                                                        "Actual Startup Time": 0.286,
                                                                                                                        "Actual Total Time": 16.042,
                                                                                                                        "Actual Rows": 46,
                                                                                                                        "Actual Loops": 2,
                                                                                                                        "Filter": "((name)::text = ANY ('{apache-poi,branch,csrf,focus,glassfish,grand-central-dispatch,interpolation,osgi,pyqt4,return-value,textarea,uilabel,window}'::text[]))",
                                                                                                                        "Rows Removed by Filter": 93338,
                                                                                                                        "Workers": []
                                                                                                                    },
                                                                                                                    {
                                                                                                                        "Node Type": "Hash",
                                                                                                                        "Parent Relationship": "Inner",
                                                                                                                        "Parallel Aware": false,
                                                                                                                        "Async Capable": false,
                                                                                                                        "Startup Cost": 3.16,
                                                                                                                        "Total Cost": 3.16,
                                                                                                                        "Plan Rows": 2,
                                                                                                                        "Plan Width": 4,
                                                                                                                        "Actual Startup Time": 0.025,
                                                                                                                        "Actual Total Time": 0.025,
                                                                                                                        "Actual Rows": 2,
                                                                                                                        "Actual Loops": 2,
                                                                                                                        "Hash Buckets": 1024,
                                                                                                                        "Original Hash Buckets": 1024,
                                                                                                                        "Hash Batches": 1,
                                                                                                                        "Original Hash Batches": 1,
                                                                                                                        "Peak Memory Usage": 9,
                                                                                                                        "Workers": [],
                                                                                                                        "Plans": [
                                                                                                                            {
                                                                                                                                "Node Type": "Seq Scan",
                                                                                                                                "Parent Relationship": "Outer",
                                                                                                                                "Parallel Aware": false,
                                                                                                                                "Async Capable": false,
                                                                                                                                "Relation Name": "site",
                                                                                                                                "Alias": "s",
                                                                                                                                "Startup Cost": 0.0,
                                                                                                                                "Total Cost": 3.16,
                                                                                                                                "Plan Rows": 2,
                                                                                                                                "Plan Width": 4,
                                                                                                                                "Actual Startup Time": 0.019,
                                                                                                                                "Actual Total Time": 0.021,
                                                                                                                                "Actual Rows": 2,
                                                                                                                                "Actual Loops": 2,
                                                                                                                                "Filter": "((site_name)::text = ANY ('{stackoverflow,superuser}'::text[]))",
                                                                                                                                "Rows Removed by Filter": 171,
                                                                                                                                "Workers": []
                                                                                                                            }
                                                                                                                        ]
                                                                                                                    }
                                                                                                                ]
                                                                                                            },
                                                                                                            {
                                                                                                                "Node Type": "Index Only Scan",
                                                                                                                "Parent Relationship": "Inner",
                                                                                                                "Parallel Aware": false,
                                                                                                                "Async Capable": false,
                                                                                                                "Scan Direction": "Forward",
                                                                                                                "Index Name": "tag_question_site_id_tag_id_question_id_idx",
                                                                                                                "Relation Name": "tag_question",
                                                                                                                "Alias": "tq1",
                                                                                                                "Startup Cost": 0.56,
                                                                                                                "Total Cost": 61.58,
                                                                                                                "Plan Rows": 31,
                                                                                                                "Plan Width": 12,
                                                                                                                "Actual Startup Time": 0.016,
                                                                                                                "Actual Total Time": 3.079,
                                                                                                                "Actual Rows": 2173,
                                                                                                                "Actual Loops": 17,
                                                                                                                "Index Cond": "((site_id = t1.site_id) AND (tag_id = t1.id))",
                                                                                                                "Rows Removed by Index Recheck": 0,
                                                                                                                "Heap Fetches": 36941,
                                                                                                                "Workers": []
                                                                                                            }
                                                                                                        ]
                                                                                                    },
                                                                                                    {
                                                                                                        "Node Type": "Index Scan",
                                                                                                        "Parent Relationship": "Inner",
                                                                                                        "Parallel Aware": false,
                                                                                                        "Async Capable": false,
                                                                                                        "Scan Direction": "Forward",
                                                                                                        "Index Name": "answer_site_id_question_id_idx",
                                                                                                        "Relation Name": "answer",
                                                                                                        "Alias": "a1",
                                                                                                        "Startup Cost": 0.43,
                                                                                                        "Total Cost": 7.19,
                                                                                                        "Plan Rows": 1,
                                                                                                        "Plan Width": 12,
                                                                                                        "Actual Startup Time": 0.002,
                                                                                                        "Actual Total Time": 0.002,
                                                                                                        "Actual Rows": 0,
                                                                                                        "Actual Loops": 36941,
                                                                                                        "Index Cond": "((site_id = tq1.site_id) AND (question_id = tq1.question_id))",
                                                                                                        "Rows Removed by Index Recheck": 0,
                                                                                                        "Workers": []
                                                                                                    }
                                                                                                ]
                                                                                            }
                                                                                        ]
                                                                                    },
                                                                                    {
                                                                                        "Node Type": "Index Scan",
                                                                                        "Parent Relationship": "Inner",
                                                                                        "Parallel Aware": false,
                                                                                        "Async Capable": false,
                                                                                        "Scan Direction": "Forward",
                                                                                        "Index Name": "so_user_pkey",
                                                                                        "Relation Name": "so_user",
                                                                                        "Alias": "u1",
                                                                                        "Startup Cost": 0.44,
                                                                                        "Total Cost": 7.22,
                                                                                        "Plan Rows": 1,
                                                                                        "Plan Width": 12,
                                                                                        "Actual Startup Time": 0.002,
                                                                                        "Actual Total Time": 0.002,
                                                                                        "Actual Rows": 0,
                                                                                        "Actual Loops": 17003,
                                                                                        "Index Cond": "((id = a1.owner_user_id) AND (site_id = a1.site_id))",
                                                                                        "Rows Removed by Index Recheck": 0,
                                                                                        "Filter": "((downvotes >= 0) AND (downvotes <= 10))",
                                                                                        "Rows Removed by Filter": 1
                                                                                    }
                                                                                ]
                                                                            },
                                                                            {
                                                                                "Node Type": "Index Scan",
                                                                                "Parent Relationship": "Inner",
                                                                                "Parallel Aware": false,
                                                                                "Async Capable": false,
                                                                                "Scan Direction": "Forward",
                                                                                "Index Name": "question_pkey",
                                                                                "Relation Name": "question",
                                                                                "Alias": "q1",
                                                                                "Startup Cost": 0.43,
                                                                                "Total Cost": 7.2,
                                                                                "Plan Rows": 1,
                                                                                "Plan Width": 8,
                                                                                "Actual Startup Time": 0.002,
                                                                                "Actual Total Time": 0.002,
                                                                                "Actual Rows": 1,
                                                                                "Actual Loops": 7623,
                                                                                "Index Cond": "((id = tq1.question_id) AND (site_id = tq1.site_id))",
                                                                                "Rows Removed by Index Recheck": 0,
                                                                                "Filter": "((favorite_count >= 0) AND (favorite_count <= 10000))",
                                                                                "Rows Removed by Filter": 0
                                                                            }
                                                                        ]
                                                                    },
                                                                    {
                                                                        "Node Type": "Index Only Scan",
                                                                        "Parent Relationship": "Inner",
                                                                        "Parallel Aware": false,
                                                                        "Async Capable": false,
                                                                        "Scan Direction": "Forward",
                                                                        "Index Name": "badge_pkey",
                                                                        "Relation Name": "badge",
                                                                        "Alias": "b",
                                                                        "Startup Cost": 0.56,
                                                                        "Total Cost": 7.44,
                                                                        "Plan Rows": 1,
                                                                        "Plan Width": 8,
                                                                        "Actual Startup Time": 0.008,
                                                                        "Actual Total Time": 0.038,
                                                                        "Actual Rows": 5,
                                                                        "Actual Loops": 4010,
                                                                        "Index Cond": "((site_id = u1.site_id) AND (user_id = u1.id))",
                                                                        "Rows Removed by Index Recheck": 0,
                                                                        "Filter": "((name)::text = ANY ('{Commentator,Curious,\"Good Question\",Organizer,Revival,Scholar,Self-Learner,Student,Supporter,Tumbleweed}'::text[]))",
                                                                        "Rows Removed by Filter": 38,
                                                                        "Heap Fetches": 173221
                                                                    }
                                                                ]
                                                            },
                                                            {
                                                                "Node Type": "Index Scan",
                                                                "Parent Relationship": "Inner",
                                                                "Parallel Aware": false,
                                                                "Async Capable": false,
                                                                "Scan Direction": "Forward",
                                                                "Index Name": "account_pkey",
                                                                "Relation Name": "account",
                                                                "Alias": "acc",
                                                                "Startup Cost": 0.43,
                                                                "Total Cost": 7.2,
                                                                "Plan Rows": 1,
                                                                "Plan Width": 22,
                                                                "Actual Startup Time": 0.001,
                                                                "Actual Total Time": 0.001,
                                                                "Actual Rows": 1,
                                                                "Actual Loops": 20909,
                                                                "Index Cond": "(id = u1.account_id)",
                                                                "Rows Removed by Index Recheck": 0
                                                            }
                                                        ]
                                                    }
                                                ]
                                            }
                                        ]
                                    }
                                ]
                            }
                        ]
                    },
                    "Planning Time": 35.977,
                    "Triggers": [],
                    "Execution Time": 267.698
                }
            ],
            "hints": [
                "SET enable_hashjoin TO on",
                "SET enable_indexonlyscan TO on",
                "SET enable_indexscan TO on",
                "SET enable_mergejoin TO off",
                "SET enable_nestloop TO on",
                "SET enable_seqscan TO on"
            ]
        }
    ]
}