{
    "sql_file": "soload_q14-003.sql",
    "query": "SELECT COUNT(*)\nFROM\nsite as s,\nso_user as u1,\nquestion as q1,\nanswer as a1,\ntag as t1,\ntag_question as tq1,\nbadge as b,\naccount as acc\nWHERE\ns.site_id = q1.site_id\nAND s.site_id = u1.site_id\nAND s.site_id = a1.site_id\nAND s.site_id = t1.site_id\nAND s.site_id = tq1.site_id\nAND s.site_id = b.site_id\nAND q1.id = tq1.question_id\nAND q1.id = a1.question_id\nAND a1.owner_user_id = u1.id\nAND t1.id = tq1.tag_id\nAND b.user_id = u1.id\nAND acc.id = u1.account_id\nAND (s.site_name in ('stackoverflow','superuser'))\nAND (t1.name in ('aes','bios','build','decorator','foreach','html-table','prototype','tags','ubuntu-16.04'))\nAND (q1.view_count >= 100)\nAND (q1.view_count <= 100000)\nAND (u1.downvotes >= 0)\nAND (u1.downvotes <= 10)\nAND (b.name in ('Cleanup','Fanatic','Inquisitive','Mortarboard','Tag Editor','Talkative'))",
    "results": [
        {
            "arm": 0,
            "execution_time": 3094.469,
            "plan": [
                {
                    "Plan": {
                        "Node Type": "Aggregate",
                        "Strategy": "Plain",
                        "Partial Mode": "Simple",
                        "Parallel Aware": false,
                        "Async Capable": false,
                        "Startup Cost": 4722.96,
                        "Total Cost": 4722.97,
                        "Plan Rows": 1,
                        "Plan Width": 8,
                        "Actual Startup Time": 3094.329,
                        "Actual Total Time": 3094.417,
                        "Actual Rows": 1,
                        "Actual Loops": 1,
                        "Plans": [
                            {
                                "Node Type": "Nested Loop",
                                "Parent Relationship": "Outer",
                                "Parallel Aware": false,
                                "Async Capable": false,
                                "Join Type": "Inner",
                                "Startup Cost": 4540.93,
                                "Total Cost": 4722.96,
                                "Plan Rows": 1,
                                "Plan Width": 0,
                                "Actual Startup Time": 20.693,
                                "Actual Total Time": 3094.005,
                                "Actual Rows": 3290,
                                "Actual Loops": 1,
                                "Inner Unique": true,
                                "Plans": [
                                    {
                                        "Node Type": "Gather",
                                        "Parent Relationship": "Outer",
                                        "Parallel Aware": false,
                                        "Async Capable": false,
                                        "Startup Cost": 4540.5,
                                        "Total Cost": 4715.76,
                                        "Plan Rows": 1,
                                        "Plan Width": 4,
                                        "Actual Startup Time": 20.587,
                                        "Actual Total Time": 2959.107,
                                        "Actual Rows": 3290,
                                        "Actual Loops": 1,
                                        "Workers Planned": 1,
                                        "Workers Launched": 1,
                                        "Single Copy": false,
                                        "Plans": [
                                            {
                                                "Node Type": "Nested Loop",
                                                "Parent Relationship": "Outer",
                                                "Parallel Aware": false,
                                                "Async Capable": false,
                                                "Join Type": "Inner",
                                                "Startup Cost": 3540.5,
                                                "Total Cost": 3715.66,
                                                "Plan Rows": 1,
                                                "Plan Width": 4,
                                                "Actual Startup Time": 18.098,
                                                "Actual Total Time": 1612.751,
                                                "Actual Rows": 1645,
                                                "Actual Loops": 2,
                                                "Inner Unique": false,
                                                "Join Filter": "((s.site_id = b.site_id) AND (b.user_id = a1.owner_user_id))",
                                                "Rows Removed by Join Filter": 0,
                                                "Workers": [],
                                                "Plans": [
                                                    {
                                                        "Node Type": "Nested Loop",
                                                        "Parent Relationship": "Outer",
                                                        "Parallel Aware": false,
                                                        "Async Capable": false,
                                                        "Join Type": "Inner",
                                                        "Startup Cost": 3539.93,
                                                        "Total Cost": 3708.22,
                                                        "Plan Rows": 1,
                                                        "Plan Width": 36,
                                                        "Actual Startup Time": 15.538,
                                                        "Actual Total Time": 845.525,
                                                        "Actual Rows": 3928,
                                                        "Actual Loops": 2,
                                                        "Inner Unique": true,
                                                        "Join Filter": "(s.site_id = q1.site_id)",
                                                        "Rows Removed by Join Filter": 0,
                                                        "Workers": [],
                                                        "Plans": [
                                                            {
                                                                "Node Type": "Nested Loop",
                                                                "Parent Relationship": "Outer",
                                                                "Parallel Aware": false,
                                                                "Async Capable": false,
                                                                "Join Type": "Inner",
                                                                "Startup Cost": 3539.5,
                                                                "Total Cost": 3701.0,
                                                                "Plan Rows": 1,
                                                                "Plan Width": 40,
                                                                "Actual Startup Time": 15.263,
                                                                "Actual Total Time": 760.759,
                                                                "Actual Rows": 5330,
                                                                "Actual Loops": 2,
                                                                "Inner Unique": true,
                                                                "Join Filter": "(s.site_id = u1.site_id)",
                                                                "Rows Removed by Join Filter": 0,
                                                                "Workers": [],
                                                                "Plans": [
                                                                    {
                                                                        "Node Type": "Nested Loop",
                                                                        "Parent Relationship": "Outer",
                                                                        "Parallel Aware": false,
                                                                        "Async Capable": false,
                                                                        "Join Type": "Inner",
                                                                        "Startup Cost": 3539.06,
                                                                        "Total Cost": 3693.77,
                                                                        "Plan Rows": 1,
                                                                        "Plan Width": 28,
                                                                        "Actual Startup Time": 14.876,
                                                                        "Actual Total Time": 297.792,
                                                                        "Actual Rows": 13676,
                                                                        "Actual Loops": 2,
                                                                        "Inner Unique": false,
                                                                        "Join Filter": "(s.site_id = a1.site_id)",
                                                                        "Rows Removed by Join Filter": 0,
                                                                        "Workers": [],
                                                                        "Plans": [
                                                                            {
                                                                                "Node Type": "Nested Loop",
                                                                                "Parent Relationship": "Outer",
                                                                                "Parallel Aware": false,
                                                                                "Async Capable": false,
                                                                                "Join Type": "Inner",
                                                                                "Startup Cost": 3538.63,
                                                                                "Total Cost": 3600.15,
                                                                                "Plan Rows": 13,
                                                                                "Plan Width": 16,
                                                                                "Actual Startup Time": 14.613,
                                                                                "Actual Total Time": 84.085,
                                                                                "Actual Rows": 25960,
                                                                                "Actual Loops": 2,
                                                                                "Inner Unique": false,
                                                                                "Join Filter": "(s.site_id = tq1.site_id)",
                                                                                "Rows Removed by Join Filter": 0,
                                                                                "Workers": [],
                                                                                "Plans": [
                                                                                    {
                                                                                        "Node Type": "Merge Join",
                                                                                        "Parent Relationship": "Outer",
                                                                                        "Parallel Aware": false,
                                                                                        "Async Capable": false,
                                                                                        "Join Type": "Inner",
                                                                                        "Startup Cost": 3538.06,
                                                                                        "Total Cost": 3538.15,
                                                                                        "Plan Rows": 1,
                                                                                        "Plan Width": 12,
                                                                                        "Actual Startup Time": 14.399,
                                                                                        "Actual Total Time": 14.419,
                                                                                        "Actual Rows": 7,
                                                                                        "Actual Loops": 2,
                                                                                        "Inner Unique": true,
                                                                                        "Merge Cond": "(t1.site_id = s.site_id)",
                                                                                        "Workers": [],
                                                                                        "Plans": [
                                                                                            {
                                                                                                "Node Type": "Sort",
                                                                                                "Parent Relationship": "Outer",
                                                                                                "Parallel Aware": false,
                                                                                                "Async Capable": false,
                                                                                                "Startup Cost": 3534.89,
                                                                                                "Total Cost": 3534.93,
                                                                                                "Plan Rows": 14,
                                                                                                "Plan Width": 8,
                                                                                                "Actual Startup Time": 14.361,
                                                                                                "Actual Total Time": 14.368,
                                                                                                "Actual Rows": 34,
                                                                                                "Actual Loops": 2,
                                                                                                "Sort Key": [
                                                                                                    "t1.site_id"
                                                                                                ],
                                                                                                "Sort Method": "quicksort",
                                                                                                "Sort Space Used": 26,
                                                                                                "Sort Space Type": "Memory",
                                                                                                "Workers": [
                                                                                                    {
                                                                                                        "Worker Number": 0,
                                                                                                        "Sort Method": "quicksort",
                                                                                                        "Sort Space Used": 25,
                                                                                                        "Sort Space Type": "Memory"
                                                                                                    }
                                                                                                ],
                                                                                                "Plans": [
                                                                                                    {
                                                                                                        "Node Type": "Seq Scan",
                                                                                                        "Parent Relationship": "Outer",
                                                                                                        "Parallel Aware": true,
                                                                                                        "Async Capable": false,
                                                                                                        "Relation Name": "tag",
                                                                                                        "Alias": "t1",
                                                                                                        "Startup Cost": 0.0,
                                                                                                        "Total Cost": 3534.62,
                                                                                                        "Plan Rows": 14,
                                                                                                        "Plan Width": 8,
                                                                                                        "Actual Startup Time": 0.687,
                                                                                                        "Actual Total Time": 14.343,
                                                                                                        "Actual Rows": 37,
                                                                                                        "Actual Loops": 2,
                                                                                                        "Filter": "((name)::text = ANY ('{aes,bios,build,decorator,foreach,html-table,prototype,tags,ubuntu-16.04}'::text[]))",
                                                                                                        "Rows Removed by Filter": 93348,
                                                                                                        "Workers": []
                                                                                                    }
                                                                                                ]
                                                                                            },
                                                                                            {
                                                                                                "Node Type": "Sort",
                                                                                                "Parent Relationship": "Inner",
                                                                                                "Parallel Aware": false,
                                                                                                "Async Capable": false,
                                                                                                "Startup Cost": 3.17,
                                                                                                "Total Cost": 3.18,
                                                                                                "Plan Rows": 2,
                                                                                                "Plan Width": 4,
                                                                                                "Actual Startup Time": 0.033,
                                                                                                "Actual Total Time": 0.034,
                                                                                                "Actual Rows": 2,
                                                                                                "Actual Loops": 2,
                                                                                                "Sort Key": [
                                                                                                    "s.site_id"
                                                                                                ],
                                                                                                "Sort Method": "quicksort",
                                                                                                "Sort Space Used": 25,
                                                                                                "Sort Space Type": "Memory",
                                                                                                "Workers": [
                                                                                                    {
                                                                                                        "Worker Number": 0,
                                                                                                        "Sort Method": "quicksort",
                                                                                                        "Sort Space Used": 25,
                                                                                                        "Sort Space Type": "Memory"
                                                                                                    }
                                                                                                ],
                                                                                                "Plans": [
                                                                                                    {
                                                                                                        "Node Type": "Seq Scan",
                                                                                                        "Parent Relationship": "Outer",
                                                                                                        "Parallel Aware": false,
                                                                                                        "Async Capable": false,
                                                                                                        "Relation Name": "site",
                                                                                                        "Alias": "s",
                                                                                                        "Startup Cost": 0.0,
                                                                                                        "Total Cost": 3.16,
                                                                                                        "Plan Rows": 2,
                                                                                                        "Plan Width": 4,
                                                                                                        "Actual Startup Time": 0.025,
                                                                                                        "Actual Total Time": 0.027,
                                                                                                        "Actual Rows": 2,
                                                                                                        "Actual Loops": 2,
                                                                                                        "Filter": "((site_name)::text = ANY ('{stackoverflow,superuser}'::text[]))",
                                                                                                        "Rows Removed by Filter": 171,
                                                                                                        "Workers": []
                                                                                                    }
                                                                                                ]
                                                                                            }
                                                                                        ]
                                                                                    },
                                                                                    {
                                                                                        "Node Type": "Index Only Scan",
                                                                                        "Parent Relationship": "Inner",
                                                                                        "Parallel Aware": false,
                                                                                        "Async Capable": false,
                                                                                        "Scan Direction": "Forward",
                                                                                        "Index Name": "tag_question_site_id_tag_id_question_id_idx",
                                                                                        "Relation Name": "tag_question",
                                                                                        "Alias": "tq1",
                                                                                        "Startup Cost": 0.56,
                                                                                        "Total Cost": 61.61,
                                                                                        "Plan Rows": 31,
                                                                                        "Plan Width": 12,
                                                                                        "Actual Startup Time": 0.191,
                                                                                        "Actual Total Time": 9.526,
                                                                                        "Actual Rows": 3709,
                                                                                        "Actual Loops": 14,
                                                                                        "Index Cond": "((site_id = t1.site_id) AND (tag_id = t1.id))",
                                                                                        "Rows Removed by Index Recheck": 0,
                                                                                        "Heap Fetches": 51920,
                                                                                        "Workers": []
                                                                                    }
                                                                                ]
                                                                            },
                                                                            {
                                                                                "Node Type": "Index Scan",
                                                                                "Parent Relationship": "Inner",
                                                                                "Parallel Aware": false,
                                                                                "Async Capable": false,
                                                                                "Scan Direction": "Forward",
                                                                                "Index Name": "answer_site_id_question_id_idx",
                                                                                "Relation Name": "answer",
                                                                                "Alias": "a1",
                                                                                "Startup Cost": 0.43,
                                                                                "Total Cost": 7.19,
                                                                                "Plan Rows": 1,
                                                                                "Plan Width": 12,
                                                                                "Actual Startup Time": 0.008,
                                                                                "Actual Total Time": 0.008,
                                                                                "Actual Rows": 1,
                                                                                "Actual Loops": 51920,
                                                                                "Index Cond": "((site_id = tq1.site_id) AND (question_id = tq1.question_id))",
                                                                                "Rows Removed by Index Recheck": 0,
                                                                                "Workers": []
                                                                            }
                                                                        ]
                                                                    },
                                                                    {
                                                                        "Node Type": "Index Scan",
                                                                        "Parent Relationship": "Inner",
                                                                        "Parallel Aware": false,
                                                                        "Async Capable": false,
                                                                        "Scan Direction": "Forward",
                                                                        "Index Name": "so_user_pkey",
                                                                        "Relation Name": "so_user",
                                                                        "Alias": "u1",
                                                                        "Startup Cost": 0.44,
                                                                        "Total Cost": 7.22,
                                                                        "Plan Rows": 1,
                                                                        "Plan Width": 12,
                                                                        "Actual Startup Time": 0.034,
                                                                        "Actual Total Time": 0.034,
                                                                        "Actual Rows": 0,
                                                                        "Actual Loops": 27353,
                                                                        "Index Cond": "((id = a1.owner_user_id) AND (site_id = a1.site_id))",
                                                                        "Rows Removed by Index Recheck": 0,
                                                                        "Filter": "((downvotes >= 0) AND (downvotes <= 10))",
                                                                        "Rows Removed by Filter": 1,
                                                                        "Workers": []
                                                                    }
                                                                ]
                                                            },
                                                            {
                                                                "Node Type": "Index Scan",
                                                                "Parent Relationship": "Inner",
                                                                "Parallel Aware": false,
                                                                "Async Capable": false,
                                                                "Scan Direction": "Forward",
                                                                "Index Name": "question_pkey",
                                                                "Relation Name": "question",
                                                                "Alias": "q1",
                                                                "Startup Cost": 0.43,
                                                                "Total Cost": 7.2,
                                                                "Plan Rows": 1,
                                                                "Plan Width": 8,
                                                                "Actual Startup Time": 0.015,
                                                                "Actual Total Time": 0.015,
                                                                "Actual Rows": 1,
                                                                "Actual Loops": 10660,
                                                                "Index Cond": "((id = tq1.question_id) AND (site_id = tq1.site_id))",
                                                                "Rows Removed by Index Recheck": 0,
                                                                "Filter": "((view_count >= 100) AND (view_count <= 100000))",
                                                                "Rows Removed by Filter": 0,
                                                                "Workers": []
                                                            }
                                                        ]
                                                    },
                                                    {
                                                        "Node Type": "Index Only Scan",
                                                        "Parent Relationship": "Inner",
                                                        "Parallel Aware": false,
                                                        "Async Capable": false,
                                                        "Scan Direction": "Forward",
                                                        "Index Name": "badge_pkey",
                                                        "Relation Name": "badge",
                                                        "Alias": "b",
                                                        "Startup Cost": 0.56,
                                                        "Total Cost": 7.43,
                                                        "Plan Rows": 1,
                                                        "Plan Width": 8,
                                                        "Actual Startup Time": 0.152,
                                                        "Actual Total Time": 0.195,
                                                        "Actual Rows": 0,
                                                        "Actual Loops": 7857,
                                                        "Index Cond": "((site_id = u1.site_id) AND (user_id = u1.id))",
                                                        "Rows Removed by Index Recheck": 0,
                                                        "Filter": "((name)::text = ANY ('{Cleanup,Fanatic,Inquisitive,Mortarboard,\"Tag Editor\",Talkative}'::text[]))",
                                                        "Rows Removed by Filter": 39,
                                                        "Heap Fetches": 310138,
                                                        "Workers": []
                                                    }
                                                ]
                                            }
                                        ]
                                    },
                                    {
                                        "Node Type": "Index Only Scan",
                                        "Parent Relationship": "Inner",
                                        "Parallel Aware": false,
                                        "Async Capable": false,
                                        "Scan Direction": "Forward",
                                        "Index Name": "account_pkey",
                                        "Relation Name": "account",
                                        "Alias": "acc",
                                        "Startup Cost": 0.43,
                                        "Total Cost": 7.2,
                                        "Plan Rows": 1,
                                        "Plan Width": 4,
                                        "Actual Startup Time": 0.041,
                                        "Actual Total Time": 0.041,
                                        "Actual Rows": 1,
                                        "Actual Loops": 3290,
                                        "Index Cond": "(id = u1.account_id)",
                                        "Rows Removed by Index Recheck": 0,
                                        "Heap Fetches": 3290
                                    }
                                ]
                            }
                        ]
                    },
                    "Planning Time": 33.982,
                    "Triggers": [],
                    "Execution Time": 3094.469
                }
            ],
            "hints": [
                "SET enable_hashjoin TO on",
                "SET enable_indexonlyscan TO on",
                "SET enable_indexscan TO on",
                "SET enable_mergejoin TO on",
                "SET enable_nestloop TO on",
                "SET enable_seqscan TO on"
            ]
        },
        {
            "arm": 1,
            "execution_time": 30000,
            "plan": "Query execution error: canceling statement due to statement timeout\n",
            "hints": [
                "SET enable_hashjoin TO on",
                "SET enable_indexonlyscan TO on",
                "SET enable_indexscan TO on",
                "SET enable_mergejoin TO on",
                "SET enable_nestloop TO off",
                "SET enable_seqscan TO on"
            ]
        },
        {
            "arm": 2,
            "execution_time": 5824.255,
            "plan": [
                {
                    "Plan": {
                        "Node Type": "Aggregate",
                        "Strategy": "Plain",
                        "Partial Mode": "Simple",
                        "Parallel Aware": false,
                        "Async Capable": false,
                        "Startup Cost": 4799.98,
                        "Total Cost": 4799.99,
                        "Plan Rows": 1,
                        "Plan Width": 8,
                        "Actual Startup Time": 5824.141,
                        "Actual Total Time": 5824.203,
                        "Actual Rows": 1,
                        "Actual Loops": 1,
                        "Plans": [
                            {
                                "Node Type": "Nested Loop",
                                "Parent Relationship": "Outer",
                                "Parallel Aware": false,
                                "Async Capable": false,
                                "Join Type": "Inner",
                                "Startup Cost": 1027.33,
                                "Total Cost": 4799.98,
                                "Plan Rows": 1,
                                "Plan Width": 0,
                                "Actual Startup Time": 22.725,
                                "Actual Total Time": 5823.79,
                                "Actual Rows": 3290,
                                "Actual Loops": 1,
                                "Inner Unique": true,
                                "Plans": [
                                    {
                                        "Node Type": "Nested Loop",
                                        "Parent Relationship": "Outer",
                                        "Parallel Aware": false,
                                        "Async Capable": false,
                                        "Join Type": "Inner",
                                        "Startup Cost": 1023.52,
                                        "Total Cost": 4792.15,
                                        "Plan Rows": 1,
                                        "Plan Width": 4,
                                        "Actual Startup Time": 22.566,
                                        "Actual Total Time": 5736.34,
                                        "Actual Rows": 3290,
                                        "Actual Loops": 1,
                                        "Inner Unique": false,
                                        "Join Filter": "(s.site_id = b.site_id)",
                                        "Rows Removed by Join Filter": 0,
                                        "Plans": [
                                            {
                                                "Node Type": "Nested Loop",
                                                "Parent Relationship": "Outer",
                                                "Parallel Aware": false,
                                                "Async Capable": false,
                                                "Join Type": "Inner",
                                                "Startup Cost": 1019.52,
                                                "Total Cost": 4784.12,
                                                "Plan Rows": 1,
                                                "Plan Width": 36,
                                                "Actual Startup Time": 14.995,
                                                "Actual Total Time": 1300.892,
                                                "Actual Rows": 7857,
                                                "Actual Loops": 1,
                                                "Inner Unique": true,
                                                "Join Filter": "(s.site_id = q1.site_id)",
                                                "Rows Removed by Join Filter": 0,
                                                "Plans": [
                                                    {
                                                        "Node Type": "Nested Loop",
                                                        "Parent Relationship": "Outer",
                                                        "Parallel Aware": false,
                                                        "Async Capable": false,
                                                        "Join Type": "Inner",
                                                        "Startup Cost": 1015.7,
                                                        "Total Cost": 4776.27,
                                                        "Plan Rows": 1,
                                                        "Plan Width": 40,
                                                        "Actual Startup Time": 14.986,
                                                        "Actual Total Time": 919.288,
                                                        "Actual Rows": 10660,
                                                        "Actual Loops": 1,
                                                        "Inner Unique": true,
                                                        "Join Filter": "(s.site_id = u1.site_id)",
                                                        "Rows Removed by Join Filter": 0,
                                                        "Plans": [
                                                            {
                                                                "Node Type": "Gather",
                                                                "Parent Relationship": "Outer",
                                                                "Parallel Aware": false,
                                                                "Async Capable": false,
                                                                "Startup Cost": 1011.88,
                                                                "Total Cost": 4768.42,
                                                                "Plan Rows": 1,
                                                                "Plan Width": 28,
                                                                "Actual Startup Time": 14.414,
                                                                "Actual Total Time": 53.901,
                                                                "Actual Rows": 27353,
                                                                "Actual Loops": 1,
                                                                "Workers Planned": 1,
                                                                "Workers Launched": 1,
                                                                "Single Copy": false,
                                                                "Plans": [
                                                                    {
                                                                        "Node Type": "Nested Loop",
                                                                        "Parent Relationship": "Outer",
                                                                        "Parallel Aware": false,
                                                                        "Async Capable": false,
                                                                        "Join Type": "Inner",
                                                                        "Startup Cost": 11.88,
                                                                        "Total Cost": 3768.32,
                                                                        "Plan Rows": 1,
                                                                        "Plan Width": 28,
                                                                        "Actual Startup Time": 13.944,
                                                                        "Actual Total Time": 252.277,
                                                                        "Actual Rows": 13676,
                                                                        "Actual Loops": 2,
                                                                        "Inner Unique": false,
                                                                        "Join Filter": "(s.site_id = a1.site_id)",
                                                                        "Rows Removed by Join Filter": 0,
                                                                        "Workers": [],
                                                                        "Plans": [
                                                                            {
                                                                                "Node Type": "Nested Loop",
                                                                                "Parent Relationship": "Outer",
                                                                                "Parallel Aware": false,
                                                                                "Async Capable": false,
                                                                                "Join Type": "Inner",
                                                                                "Startup Cost": 8.07,
                                                                                "Total Cost": 3666.42,
                                                                                "Plan Rows": 13,
                                                                                "Plan Width": 16,
                                                                                "Actual Startup Time": 13.74,
                                                                                "Actual Total Time": 115.605,
                                                                                "Actual Rows": 25960,
                                                                                "Actual Loops": 2,
                                                                                "Inner Unique": false,
                                                                                "Join Filter": "(s.site_id = tq1.site_id)",
                                                                                "Rows Removed by Join Filter": 0,
                                                                                "Workers": [],
                                                                                "Plans": [
                                                                                    {
                                                                                        "Node Type": "Hash Join",
                                                                                        "Parent Relationship": "Outer",
                                                                                        "Parallel Aware": false,
                                                                                        "Async Capable": false,
                                                                                        "Join Type": "Inner",
                                                                                        "Startup Cost": 3.19,
                                                                                        "Total Cost": 3537.85,
                                                                                        "Plan Rows": 1,
                                                                                        "Plan Width": 12,
                                                                                        "Actual Startup Time": 7.185,
                                                                                        "Actual Total Time": 12.018,
                                                                                        "Actual Rows": 7,
                                                                                        "Actual Loops": 2,
                                                                                        "Inner Unique": true,
                                                                                        "Hash Cond": "(t1.site_id = s.site_id)",
                                                                                        "Workers": [],
                                                                                        "Plans": [
                                                                                            {
                                                                                                "Node Type": "Seq Scan",
                                                                                                "Parent Relationship": "Outer",
                                                                                                "Parallel Aware": true,
                                                                                                "Async Capable": false,
                                                                                                "Relation Name": "tag",
                                                                                                "Alias": "t1",
                                                                                                "Startup Cost": 0.0,
                                                                                                "Total Cost": 3534.62,
                                                                                                "Plan Rows": 14,
                                                                                                "Plan Width": 8,
                                                                                                "Actual Startup Time": 0.494,
                                                                                                "Actual Total Time": 11.925,
                                                                                                "Actual Rows": 37,
                                                                                                "Actual Loops": 2,
                                                                                                "Filter": "((name)::text = ANY ('{aes,bios,build,decorator,foreach,html-table,prototype,tags,ubuntu-16.04}'::text[]))",
                                                                                                "Rows Removed by Filter": 93348,
                                                                                                "Workers": []
                                                                                            },
                                                                                            {
                                                                                                "Node Type": "Hash",
                                                                                                "Parent Relationship": "Inner",
                                                                                                "Parallel Aware": false,
                                                                                                "Async Capable": false,
                                                                                                "Startup Cost": 3.16,
                                                                                                "Total Cost": 3.16,
                                                                                                "Plan Rows": 2,
                                                                                                "Plan Width": 4,
                                                                                                "Actual Startup Time": 0.024,
                                                                                                "Actual Total Time": 0.024,
                                                                                                "Actual Rows": 2,
                                                                                                "Actual Loops": 2,
                                                                                                "Hash Buckets": 1024,
                                                                                                "Original Hash Buckets": 1024,
                                                                                                "Hash Batches": 1,
                                                                                                "Original Hash Batches": 1,
                                                                                                "Peak Memory Usage": 9,
                                                                                                "Workers": [],
                                                                                                "Plans": [
                                                                                                    {
                                                                                                        "Node Type": "Seq Scan",
                                                                                                        "Parent Relationship": "Outer",
                                                                                                        "Parallel Aware": false,
                                                                                                        "Async Capable": false,
                                                                                                        "Relation Name": "site",
                                                                                                        "Alias": "s",
                                                                                                        "Startup Cost": 0.0,
                                                                                                        "Total Cost": 3.16,
                                                                                                        "Plan Rows": 2,
                                                                                                        "Plan Width": 4,
                                                                                                        "Actual Startup Time": 0.018,
                                                                                                        "Actual Total Time": 0.02,
                                                                                                        "Actual Rows": 2,
                                                                                                        "Actual Loops": 2,
                                                                                                        "Filter": "((site_name)::text = ANY ('{stackoverflow,superuser}'::text[]))",
                                                                                                        "Rows Removed by Filter": 171,
                                                                                                        "Workers": []
                                                                                                    }
                                                                                                ]
                                                                                            }
                                                                                        ]
                                                                                    },
                                                                                    {
                                                                                        "Node Type": "Bitmap Heap Scan",
                                                                                        "Parent Relationship": "Inner",
                                                                                        "Parallel Aware": false,
                                                                                        "Async Capable": false,
                                                                                        "Relation Name": "tag_question",
                                                                                        "Alias": "tq1",
                                                                                        "Startup Cost": 4.88,
                                                                                        "Total Cost": 128.19,
                                                                                        "Plan Rows": 31,
                                                                                        "Plan Width": 12,
                                                                                        "Actual Startup Time": 1.738,
                                                                                        "Actual Total Time": 14.447,
                                                                                        "Actual Rows": 3709,
                                                                                        "Actual Loops": 14,
                                                                                        "Recheck Cond": "((t1.site_id = site_id) AND (t1.id = tag_id))",
                                                                                        "Rows Removed by Index Recheck": 0,
                                                                                        "Exact Heap Blocks": 4496,
                                                                                        "Lossy Heap Blocks": 0,
                                                                                        "Workers": [],
                                                                                        "Plans": [
                                                                                            {
                                                                                                "Node Type": "Bitmap Index Scan",
                                                                                                "Parent Relationship": "Outer",
                                                                                                "Parallel Aware": false,
                                                                                                "Async Capable": false,
                                                                                                "Index Name": "tag_question_site_id_tag_id_question_id_idx",
                                                                                                "Startup Cost": 0.0,
                                                                                                "Total Cost": 4.88,
                                                                                                "Plan Rows": 31,
                                                                                                "Plan Width": 0,
                                                                                                "Actual Startup Time": 1.34,
                                                                                                "Actual Total Time": 1.34,
                                                                                                "Actual Rows": 3709,
                                                                                                "Actual Loops": 14,
                                                                                                "Index Cond": "((site_id = t1.site_id) AND (tag_id = t1.id))",
                                                                                                "Workers": []
                                                                                            }
                                                                                        ]
                                                                                    }
                                                                                ]
                                                                            },
                                                                            {
                                                                                "Node Type": "Bitmap Heap Scan",
                                                                                "Parent Relationship": "Inner",
                                                                                "Parallel Aware": false,
                                                                                "Async Capable": false,
                                                                                "Relation Name": "answer",
                                                                                "Alias": "a1",
                                                                                "Startup Cost": 3.81,
                                                                                "Total Cost": 7.83,
                                                                                "Plan Rows": 1,
                                                                                "Plan Width": 12,
                                                                                "Actual Startup Time": 0.004,
                                                                                "Actual Total Time": 0.005,
                                                                                "Actual Rows": 1,
                                                                                "Actual Loops": 51920,
                                                                                "Recheck Cond": "((site_id = tq1.site_id) AND (tq1.question_id = question_id))",
                                                                                "Rows Removed by Index Recheck": 0,
                                                                                "Exact Heap Blocks": 2084,
                                                                                "Lossy Heap Blocks": 0,
                                                                                "Workers": [],
                                                                                "Plans": [
                                                                                    {
                                                                                        "Node Type": "Bitmap Index Scan",
                                                                                        "Parent Relationship": "Outer",
                                                                                        "Parallel Aware": false,
                                                                                        "Async Capable": false,
                                                                                        "Index Name": "answer_site_id_question_id_idx",
                                                                                        "Startup Cost": 0.0,
                                                                                        "Total Cost": 3.81,
                                                                                        "Plan Rows": 1,
                                                                                        "Plan Width": 0,
                                                                                        "Actual Startup Time": 0.003,
                                                                                        "Actual Total Time": 0.003,
                                                                                        "Actual Rows": 1,
                                                                                        "Actual Loops": 51920,
                                                                                        "Index Cond": "((site_id = tq1.site_id) AND (question_id = tq1.question_id))",
                                                                                        "Workers": []
                                                                                    }
                                                                                ]
                                                                            }
                                                                        ]
                                                                    }
                                                                ]
                                                            },
                                                            {
                                                                "Node Type": "Bitmap Heap Scan",
                                                                "Parent Relationship": "Inner",
                                                                "Parallel Aware": false,
                                                                "Async Capable": false,
                                                                "Relation Name": "so_user",
                                                                "Alias": "u1",
                                                                "Startup Cost": 3.82,
                                                                "Total Cost": 7.84,
                                                                "Plan Rows": 1,
                                                                "Plan Width": 12,
                                                                "Actual Startup Time": 0.031,
                                                                "Actual Total Time": 0.031,
                                                                "Actual Rows": 0,
                                                                "Actual Loops": 27353,
                                                                "Recheck Cond": "((id = a1.owner_user_id) AND (site_id = a1.site_id))",
                                                                "Rows Removed by Index Recheck": 0,
                                                                "Filter": "((downvotes >= 0) AND (downvotes <= 10))",
                                                                "Rows Removed by Filter": 1,
                                                                "Exact Heap Blocks": 27353,
                                                                "Lossy Heap Blocks": 0,
                                                                "Plans": [
                                                                    {
                                                                        "Node Type": "Bitmap Index Scan",
                                                                        "Parent Relationship": "Outer",
                                                                        "Parallel Aware": false,
                                                                        "Async Capable": false,
                                                                        "Index Name": "so_user_pkey",
                                                                        "Startup Cost": 0.0,
                                                                        "Total Cost": 3.82,
                                                                        "Plan Rows": 1,
                                                                        "Plan Width": 0,
                                                                        "Actual Startup Time": 0.029,
                                                                        "Actual Total Time": 0.029,
                                                                        "Actual Rows": 1,
                                                                        "Actual Loops": 27353,
                                                                        "Index Cond": "((id = a1.owner_user_id) AND (site_id = a1.site_id))"
                                                                    }
                                                                ]
                                                            }
                                                        ]
                                                    },
                                                    {
                                                        "Node Type": "Bitmap Heap Scan",
                                                        "Parent Relationship": "Inner",
                                                        "Parallel Aware": false,
                                                        "Async Capable": false,
                                                        "Relation Name": "question",
                                                        "Alias": "q1",
                                                        "Startup Cost": 3.82,
                                                        "Total Cost": 7.84,
                                                        "Plan Rows": 1,
                                                        "Plan Width": 8,
                                                        "Actual Startup Time": 0.035,
                                                        "Actual Total Time": 0.035,
                                                        "Actual Rows": 1,
                                                        "Actual Loops": 10660,
                                                        "Recheck Cond": "((id = tq1.question_id) AND (site_id = tq1.site_id))",
                                                        "Rows Removed by Index Recheck": 0,
                                                        "Filter": "((view_count >= 100) AND (view_count <= 100000))",
                                                        "Rows Removed by Filter": 0,
                                                        "Exact Heap Blocks": 10660,
                                                        "Lossy Heap Blocks": 0,
                                                        "Plans": [
                                                            {
                                                                "Node Type": "Bitmap Index Scan",
                                                                "Parent Relationship": "Outer",
                                                                "Parallel Aware": false,
                                                                "Async Capable": false,
                                                                "Index Name": "question_pkey",
                                                                "Startup Cost": 0.0,
                                                                "Total Cost": 3.82,
                                                                "Plan Rows": 1,
                                                                "Plan Width": 0,
                                                                "Actual Startup Time": 0.033,
                                                                "Actual Total Time": 0.033,
                                                                "Actual Rows": 1,
                                                                "Actual Loops": 10660,
                                                                "Index Cond": "((id = tq1.question_id) AND (site_id = tq1.site_id))"
                                                            }
                                                        ]
                                                    }
                                                ]
                                            },
                                            {
                                                "Node Type": "Bitmap Heap Scan",
                                                "Parent Relationship": "Inner",
                                                "Parallel Aware": false,
                                                "Async Capable": false,
                                                "Relation Name": "badge",
                                                "Alias": "b",
                                                "Startup Cost": 4.0,
                                                "Total Cost": 8.02,
                                                "Plan Rows": 1,
                                                "Plan Width": 8,
                                                "Actual Startup Time": 0.372,
                                                "Actual Total Time": 0.564,
                                                "Actual Rows": 0,
                                                "Actual Loops": 7857,
                                                "Recheck Cond": "((a1.site_id = site_id) AND (user_id = a1.owner_user_id))",
                                                "Rows Removed by Index Recheck": 0,
                                                "Filter": "((name)::text = ANY ('{Cleanup,Fanatic,Inquisitive,Mortarboard,\"Tag Editor\",Talkative}'::text[]))",
                                                "Rows Removed by Filter": 39,
                                                "Exact Heap Blocks": 300618,
                                                "Lossy Heap Blocks": 0,
                                                "Plans": [
                                                    {
                                                        "Node Type": "Bitmap Index Scan",
                                                        "Parent Relationship": "Outer",
                                                        "Parallel Aware": false,
                                                        "Async Capable": false,
                                                        "Index Name": "badge_pkey",
                                                        "Startup Cost": 0.0,
                                                        "Total Cost": 4.0,
                                                        "Plan Rows": 1,
                                                        "Plan Width": 0,
                                                        "Actual Startup Time": 0.091,
                                                        "Actual Total Time": 0.091,
                                                        "Actual Rows": 39,
                                                        "Actual Loops": 7857,
                                                        "Index Cond": "((site_id = a1.site_id) AND (user_id = a1.owner_user_id))"
                                                    }
                                                ]
                                            }
                                        ]
                                    },
                                    {
                                        "Node Type": "Bitmap Heap Scan",
                                        "Parent Relationship": "Inner",
                                        "Parallel Aware": false,
                                        "Async Capable": false,
                                        "Relation Name": "account",
                                        "Alias": "acc",
                                        "Startup Cost": 3.81,
                                        "Total Cost": 7.83,
                                        "Plan Rows": 1,
                                        "Plan Width": 4,
                                        "Actual Startup Time": 0.026,
                                        "Actual Total Time": 0.026,
                                        "Actual Rows": 1,
                                        "Actual Loops": 3290,
                                        "Recheck Cond": "(id = u1.account_id)",
                                        "Rows Removed by Index Recheck": 0,
                                        "Exact Heap Blocks": 3290,
                                        "Lossy Heap Blocks": 0,
                                        "Plans": [
                                            {
                                                "Node Type": "Bitmap Index Scan",
                                                "Parent Relationship": "Outer",
                                                "Parallel Aware": false,
                                                "Async Capable": false,
                                                "Index Name": "account_pkey",
                                                "Startup Cost": 0.0,
                                                "Total Cost": 3.81,
                                                "Plan Rows": 1,
                                                "Plan Width": 0,
                                                "Actual Startup Time": 0.023,
                                                "Actual Total Time": 0.023,
                                                "Actual Rows": 1,
                                                "Actual Loops": 3290,
                                                "Index Cond": "(id = u1.account_id)"
                                            }
                                        ]
                                    }
                                ]
                            }
                        ]
                    },
                    "Planning Time": 12.55,
                    "Triggers": [],
                    "Execution Time": 5824.255
                }
            ],
            "hints": [
                "SET enable_hashjoin TO on",
                "SET enable_indexonlyscan TO on",
                "SET enable_indexscan TO off",
                "SET enable_mergejoin TO off",
                "SET enable_nestloop TO on",
                "SET enable_seqscan TO on"
            ]
        },
        {
            "arm": 3,
            "execution_time": 30000,
            "plan": "Query execution error: canceling statement due to statement timeout\n",
            "hints": [
                "SET enable_hashjoin TO on",
                "SET enable_indexonlyscan TO on",
                "SET enable_indexscan TO off",
                "SET enable_mergejoin TO off",
                "SET enable_nestloop TO off",
                "SET enable_seqscan TO on"
            ]
        },
        {
            "arm": 4,
            "execution_time": 5664.428,
            "plan": [
                {
                    "Plan": {
                        "Node Type": "Aggregate",
                        "Strategy": "Plain",
                        "Partial Mode": "Simple",
                        "Parallel Aware": false,
                        "Async Capable": false,
                        "Startup Cost": 4722.66,
                        "Total Cost": 4722.67,
                        "Plan Rows": 1,
                        "Plan Width": 8,
                        "Actual Startup Time": 5664.332,
                        "Actual Total Time": 5664.383,
                        "Actual Rows": 1,
                        "Actual Loops": 1,
                        "Plans": [
                            {
                                "Node Type": "Nested Loop",
                                "Parent Relationship": "Outer",
                                "Parallel Aware": false,
                                "Async Capable": false,
                                "Join Type": "Inner",
                                "Startup Cost": 1006.06,
                                "Total Cost": 4722.65,
                                "Plan Rows": 1,
                                "Plan Width": 0,
                                "Actual Startup Time": 23.971,
                                "Actual Total Time": 5664.015,
                                "Actual Rows": 3290,
                                "Actual Loops": 1,
                                "Inner Unique": true,
                                "Plans": [
                                    {
                                        "Node Type": "Nested Loop",
                                        "Parent Relationship": "Outer",
                                        "Parallel Aware": false,
                                        "Async Capable": false,
                                        "Join Type": "Inner",
                                        "Startup Cost": 1005.62,
                                        "Total Cost": 4715.46,
                                        "Plan Rows": 1,
                                        "Plan Width": 4,
                                        "Actual Startup Time": 23.959,
                                        "Actual Total Time": 5580.777,
                                        "Actual Rows": 3290,
                                        "Actual Loops": 1,
                                        "Inner Unique": false,
                                        "Join Filter": "((s.site_id = b.site_id) AND (b.user_id = a1.owner_user_id))",
                                        "Rows Removed by Join Filter": 0,
                                        "Plans": [
                                            {
                                                "Node Type": "Nested Loop",
                                                "Parent Relationship": "Outer",
                                                "Parallel Aware": false,
                                                "Async Capable": false,
                                                "Join Type": "Inner",
                                                "Startup Cost": 1005.06,
                                                "Total Cost": 4708.01,
                                                "Plan Rows": 1,
                                                "Plan Width": 36,
                                                "Actual Startup Time": 12.46,
                                                "Actual Total Time": 1359.292,
                                                "Actual Rows": 7857,
                                                "Actual Loops": 1,
                                                "Inner Unique": true,
                                                "Join Filter": "(s.site_id = q1.site_id)",
                                                "Rows Removed by Join Filter": 0,
                                                "Plans": [
                                                    {
                                                        "Node Type": "Nested Loop",
                                                        "Parent Relationship": "Outer",
                                                        "Parallel Aware": false,
                                                        "Async Capable": false,
                                                        "Join Type": "Inner",
                                                        "Startup Cost": 1004.62,
                                                        "Total Cost": 4700.79,
                                                        "Plan Rows": 1,
                                                        "Plan Width": 40,
                                                        "Actual Startup Time": 12.446,
                                                        "Actual Total Time": 913.428,
                                                        "Actual Rows": 10660,
                                                        "Actual Loops": 1,
                                                        "Inner Unique": true,
                                                        "Join Filter": "(s.site_id = u1.site_id)",
                                                        "Rows Removed by Join Filter": 0,
                                                        "Plans": [
                                                            {
                                                                "Node Type": "Gather",
                                                                "Parent Relationship": "Outer",
                                                                "Parallel Aware": false,
                                                                "Async Capable": false,
                                                                "Startup Cost": 1004.18,
                                                                "Total Cost": 4693.57,
                                                                "Plan Rows": 1,
                                                                "Plan Width": 28,
                                                                "Actual Startup Time": 10.953,
                                                                "Actual Total Time": 46.168,
                                                                "Actual Rows": 27353,
                                                                "Actual Loops": 1,
                                                                "Workers Planned": 1,
                                                                "Workers Launched": 1,
                                                                "Single Copy": false,
                                                                "Plans": [
                                                                    {
                                                                        "Node Type": "Nested Loop",
                                                                        "Parent Relationship": "Outer",
                                                                        "Parallel Aware": false,
                                                                        "Async Capable": false,
                                                                        "Join Type": "Inner",
                                                                        "Startup Cost": 4.18,
                                                                        "Total Cost": 3693.47,
                                                                        "Plan Rows": 1,
                                                                        "Plan Width": 28,
                                                                        "Actual Startup Time": 9.331,
                                                                        "Actual Total Time": 232.118,
                                                                        "Actual Rows": 13676,
                                                                        "Actual Loops": 2,
                                                                        "Inner Unique": false,
                                                                        "Join Filter": "(s.site_id = a1.site_id)",
                                                                        "Rows Removed by Join Filter": 0,
                                                                        "Workers": [],
                                                                        "Plans": [
                                                                            {
                                                                                "Node Type": "Nested Loop",
                                                                                "Parent Relationship": "Outer",
                                                                                "Parallel Aware": false,
                                                                                "Async Capable": false,
                                                                                "Join Type": "Inner",
                                                                                "Startup Cost": 3.75,
                                                                                "Total Cost": 3599.85,
                                                                                "Plan Rows": 13,
                                                                                "Plan Width": 16,
                                                                                "Actual Startup Time": 9.1,
                                                                                "Actual Total Time": 92.366,
                                                                                "Actual Rows": 25960,
                                                                                "Actual Loops": 2,
                                                                                "Inner Unique": false,
                                                                                "Join Filter": "(s.site_id = tq1.site_id)",
                                                                                "Rows Removed by Join Filter": 0,
                                                                                "Workers": [],
                                                                                "Plans": [
                                                                                    {
                                                                                        "Node Type": "Hash Join",
                                                                                        "Parent Relationship": "Outer",
                                                                                        "Parallel Aware": false,
                                                                                        "Async Capable": false,
                                                                                        "Join Type": "Inner",
                                                                                        "Startup Cost": 3.19,
                                                                                        "Total Cost": 3537.85,
                                                                                        "Plan Rows": 1,
                                                                                        "Plan Width": 12,
                                                                                        "Actual Startup Time": 7.279,
                                                                                        "Actual Total Time": 12.817,
                                                                                        "Actual Rows": 7,
                                                                                        "Actual Loops": 2,
                                                                                        "Inner Unique": true,
                                                                                        "Hash Cond": "(t1.site_id = s.site_id)",
                                                                                        "Workers": [],
                                                                                        "Plans": [
                                                                                            {
                                                                                                "Node Type": "Seq Scan",
                                                                                                "Parent Relationship": "Outer",
                                                                                                "Parallel Aware": true,
                                                                                                "Async Capable": false,
                                                                                                "Relation Name": "tag",
                                                                                                "Alias": "t1",
                                                                                                "Startup Cost": 0.0,
                                                                                                "Total Cost": 3534.62,
                                                                                                "Plan Rows": 14,
                                                                                                "Plan Width": 8,
                                                                                                "Actual Startup Time": 0.375,
                                                                                                "Actual Total Time": 12.709,
                                                                                                "Actual Rows": 37,
                                                                                                "Actual Loops": 2,
                                                                                                "Filter": "((name)::text = ANY ('{aes,bios,build,decorator,foreach,html-table,prototype,tags,ubuntu-16.04}'::text[]))",
                                                                                                "Rows Removed by Filter": 93348,
                                                                                                "Workers": []
                                                                                            },
                                                                                            {
                                                                                                "Node Type": "Hash",
                                                                                                "Parent Relationship": "Inner",
                                                                                                "Parallel Aware": false,
                                                                                                "Async Capable": false,
                                                                                                "Startup Cost": 3.16,
                                                                                                "Total Cost": 3.16,
                                                                                                "Plan Rows": 2,
                                                                                                "Plan Width": 4,
                                                                                                "Actual Startup Time": 0.027,
                                                                                                "Actual Total Time": 0.027,
                                                                                                "Actual Rows": 2,
                                                                                                "Actual Loops": 2,
                                                                                                "Hash Buckets": 1024,
                                                                                                "Original Hash Buckets": 1024,
                                                                                                "Hash Batches": 1,
                                                                                                "Original Hash Batches": 1,
                                                                                                "Peak Memory Usage": 9,
                                                                                                "Workers": [],
                                                                                                "Plans": [
                                                                                                    {
                                                                                                        "Node Type": "Seq Scan",
                                                                                                        "Parent Relationship": "Outer",
                                                                                                        "Parallel Aware": false,
                                                                                                        "Async Capable": false,
                                                                                                        "Relation Name": "site",
                                                                                                        "Alias": "s",
                                                                                                        "Startup Cost": 0.0,
                                                                                                        "Total Cost": 3.16,
                                                                                                        "Plan Rows": 2,
                                                                                                        "Plan Width": 4,
                                                                                                        "Actual Startup Time": 0.02,
                                                                                                        "Actual Total Time": 0.022,
                                                                                                        "Actual Rows": 2,
                                                                                                        "Actual Loops": 2,
                                                                                                        "Filter": "((site_name)::text = ANY ('{stackoverflow,superuser}'::text[]))",
                                                                                                        "Rows Removed by Filter": 171,
                                                                                                        "Workers": []
                                                                                                    }
                                                                                                ]
                                                                                            }
                                                                                        ]
                                                                                    },
                                                                                    {
                                                                                        "Node Type": "Index Only Scan",
                                                                                        "Parent Relationship": "Inner",
                                                                                        "Parallel Aware": false,
                                                                                        "Async Capable": false,
                                                                                        "Scan Direction": "Forward",
                                                                                        "Index Name": "tag_question_site_id_tag_id_question_id_idx",
                                                                                        "Relation Name": "tag_question",
                                                                                        "Alias": "tq1",
                                                                                        "Startup Cost": 0.56,
                                                                                        "Total Cost": 61.61,
                                                                                        "Plan Rows": 31,
                                                                                        "Plan Width": 12,
                                                                                        "Actual Startup Time": 0.419,
                                                                                        "Actual Total Time": 11.062,
                                                                                        "Actual Rows": 3709,
                                                                                        "Actual Loops": 14,
                                                                                        "Index Cond": "((site_id = t1.site_id) AND (tag_id = t1.id))",
                                                                                        "Rows Removed by Index Recheck": 0,
                                                                                        "Heap Fetches": 51920,
                                                                                        "Workers": []
                                                                                    }
                                                                                ]
                                                                            },
                                                                            {
                                                                                "Node Type": "Index Scan",
                                                                                "Parent Relationship": "Inner",
                                                                                "Parallel Aware": false,
                                                                                "Async Capable": false,
                                                                                "Scan Direction": "Forward",
                                                                                "Index Name": "answer_site_id_question_id_idx",
                                                                                "Relation Name": "answer",
                                                                                "Alias": "a1",
                                                                                "Startup Cost": 0.43,
                                                                                "Total Cost": 7.19,
                                                                                "Plan Rows": 1,
                                                                                "Plan Width": 12,
                                                                                "Actual Startup Time": 0.005,
                                                                                "Actual Total Time": 0.005,
                                                                                "Actual Rows": 1,
                                                                                "Actual Loops": 51920,
                                                                                "Index Cond": "((site_id = tq1.site_id) AND (question_id = tq1.question_id))",
                                                                                "Rows Removed by Index Recheck": 0,
                                                                                "Workers": []
                                                                            }
                                                                        ]
                                                                    }
                                                                ]
                                                            },
                                                            {
                                                                "Node Type": "Index Scan",
                                                                "Parent Relationship": "Inner",
                                                                "Parallel Aware": false,
                                                                "Async Capable": false,
                                                                "Scan Direction": "Forward",
                                                                "Index Name": "so_user_pkey",
                                                                "Relation Name": "so_user",
                                                                "Alias": "u1",
                                                                "Startup Cost": 0.44,
                                                                "Total Cost": 7.22,
                                                                "Plan Rows": 1,
                                                                "Plan Width": 12,
                                                                "Actual Startup Time": 0.031,
                                                                "Actual Total Time": 0.031,
                                                                "Actual Rows": 0,
                                                                "Actual Loops": 27353,
                                                                "Index Cond": "((id = a1.owner_user_id) AND (site_id = a1.site_id))",
                                                                "Rows Removed by Index Recheck": 0,
                                                                "Filter": "((downvotes >= 0) AND (downvotes <= 10))",
                                                                "Rows Removed by Filter": 1
                                                            }
                                                        ]
                                                    },
                                                    {
                                                        "Node Type": "Index Scan",
                                                        "Parent Relationship": "Inner",
                                                        "Parallel Aware": false,
                                                        "Async Capable": false,
                                                        "Scan Direction": "Forward",
                                                        "Index Name": "question_pkey",
                                                        "Relation Name": "question",
                                                        "Alias": "q1",
                                                        "Startup Cost": 0.43,
                                                        "Total Cost": 7.2,
                                                        "Plan Rows": 1,
                                                        "Plan Width": 8,
                                                        "Actual Startup Time": 0.042,
                                                        "Actual Total Time": 0.042,
                                                        "Actual Rows": 1,
                                                        "Actual Loops": 10660,
                                                        "Index Cond": "((id = tq1.question_id) AND (site_id = tq1.site_id))",
                                                        "Rows Removed by Index Recheck": 0,
                                                        "Filter": "((view_count >= 100) AND (view_count <= 100000))",
                                                        "Rows Removed by Filter": 0
                                                    }
                                                ]
                                            },
                                            {
                                                "Node Type": "Index Only Scan",
                                                "Parent Relationship": "Inner",
                                                "Parallel Aware": false,
                                                "Async Capable": false,
                                                "Scan Direction": "Forward",
                                                "Index Name": "badge_pkey",
                                                "Relation Name": "badge",
                                                "Alias": "b",
                                                "Startup Cost": 0.56,
                                                "Total Cost": 7.43,
                                                "Plan Rows": 1,
                                                "Plan Width": 8,
                                                "Actual Startup Time": 0.37,
                                                "Actual Total Time": 0.537,
                                                "Actual Rows": 0,
                                                "Actual Loops": 7857,
                                                "Index Cond": "((site_id = u1.site_id) AND (user_id = u1.id))",
                                                "Rows Removed by Index Recheck": 0,
                                                "Filter": "((name)::text = ANY ('{Cleanup,Fanatic,Inquisitive,Mortarboard,\"Tag Editor\",Talkative}'::text[]))",
                                                "Rows Removed by Filter": 39,
                                                "Heap Fetches": 310138
                                            }
                                        ]
                                    },
                                    {
                                        "Node Type": "Index Only Scan",
                                        "Parent Relationship": "Inner",
                                        "Parallel Aware": false,
                                        "Async Capable": false,
                                        "Scan Direction": "Forward",
                                        "Index Name": "account_pkey",
                                        "Relation Name": "account",
                                        "Alias": "acc",
                                        "Startup Cost": 0.43,
                                        "Total Cost": 7.2,
                                        "Plan Rows": 1,
                                        "Plan Width": 4,
                                        "Actual Startup Time": 0.025,
                                        "Actual Total Time": 0.025,
                                        "Actual Rows": 1,
                                        "Actual Loops": 3290,
                                        "Index Cond": "(id = u1.account_id)",
                                        "Rows Removed by Index Recheck": 0,
                                        "Heap Fetches": 3290
                                    }
                                ]
                            }
                        ]
                    },
                    "Planning Time": 13.417,
                    "Triggers": [],
                    "Execution Time": 5664.428
                }
            ],
            "hints": [
                "SET enable_hashjoin TO on",
                "SET enable_indexonlyscan TO on",
                "SET enable_indexscan TO on",
                "SET enable_mergejoin TO off",
                "SET enable_nestloop TO on",
                "SET enable_seqscan TO on"
            ]
        }
    ]
}