{
    "sql_file": "soload_q6-005.sql",
    "query": "select COUNT(distinct account.display_name)\nfrom\ntag t1, site s1, question q1, tag_question tq1, so_user u1, comment c1,\naccount\nwhere\n-- underappreciated (high votes, low views) questions with at least one comment\ns1.site_name='avp' and\nt1.name in ('editing', 'footage', 'nikon', 'cc-2017') and\nt1.site_id = s1.site_id and\nq1.site_id = s1.site_id and\ntq1.site_id = s1.site_id and\ntq1.question_id = q1.id and\ntq1.tag_id = t1.id and\nq1.owner_user_id = u1.id and\nq1.site_id = u1.site_id and\nc1.site_id = q1.site_id and\nc1.post_id = q1.id and\nc1.score > q1.score and\n\n-- to get the display name\naccount.id = u1.account_id;",
    "results": [
        {
            "arm": 0,
            "execution_time": 38.389,
            "plan": [
                {
                    "Plan": {
                        "Node Type": "Aggregate",
                        "Strategy": "Plain",
                        "Partial Mode": "Simple",
                        "Parallel Aware": false,
                        "Async Capable": false,
                        "Startup Cost": 4035.58,
                        "Total Cost": 4035.59,
                        "Plan Rows": 1,
                        "Plan Width": 8,
                        "Actual Startup Time": 38.295,
                        "Actual Total Time": 38.348,
                        "Actual Rows": 1,
                        "Actual Loops": 1,
                        "Plans": [
                            {
                                "Node Type": "Sort",
                                "Parent Relationship": "Outer",
                                "Parallel Aware": false,
                                "Async Capable": false,
                                "Startup Cost": 4035.57,
                                "Total Cost": 4035.58,
                                "Plan Rows": 1,
                                "Plan Width": 11,
                                "Actual Startup Time": 38.287,
                                "Actual Total Time": 38.34,
                                "Actual Rows": 20,
                                "Actual Loops": 1,
                                "Sort Key": [
                                    "account.display_name"
                                ],
                                "Sort Method": "quicksort",
                                "Sort Space Used": 25,
                                "Sort Space Type": "Memory",
                                "Plans": [
                                    {
                                        "Node Type": "Nested Loop",
                                        "Parent Relationship": "Outer",
                                        "Parallel Aware": false,
                                        "Async Capable": false,
                                        "Join Type": "Inner",
                                        "Startup Cost": 3853.66,
                                        "Total Cost": 4035.56,
                                        "Plan Rows": 1,
                                        "Plan Width": 11,
                                        "Actual Startup Time": 16.345,
                                        "Actual Total Time": 38.328,
                                        "Actual Rows": 20,
                                        "Actual Loops": 1,
                                        "Inner Unique": true,
                                        "Plans": [
                                            {
                                                "Node Type": "Gather",
                                                "Parent Relationship": "Outer",
                                                "Parallel Aware": false,
                                                "Async Capable": false,
                                                "Startup Cost": 3853.23,
                                                "Total Cost": 4027.95,
                                                "Plan Rows": 1,
                                                "Plan Width": 4,
                                                "Actual Startup Time": 16.336,
                                                "Actual Total Time": 37.623,
                                                "Actual Rows": 20,
                                                "Actual Loops": 1,
                                                "Workers Planned": 1,
                                                "Workers Launched": 1,
                                                "Single Copy": false,
                                                "Plans": [
                                                    {
                                                        "Node Type": "Nested Loop",
                                                        "Parent Relationship": "Outer",
                                                        "Parallel Aware": false,
                                                        "Async Capable": false,
                                                        "Join Type": "Inner",
                                                        "Startup Cost": 2853.23,
                                                        "Total Cost": 3027.85,
                                                        "Plan Rows": 1,
                                                        "Plan Width": 4,
                                                        "Actual Startup Time": 11.445,
                                                        "Actual Total Time": 22.062,
                                                        "Actual Rows": 10,
                                                        "Actual Loops": 2,
                                                        "Inner Unique": false,
                                                        "Join Filter": "((c1.score > q1.score) AND (t1.site_id = c1.site_id))",
                                                        "Rows Removed by Join Filter": 120,
                                                        "Workers": [],
                                                        "Plans": [
                                                            {
                                                                "Node Type": "Nested Loop",
                                                                "Parent Relationship": "Outer",
                                                                "Parallel Aware": false,
                                                                "Async Capable": false,
                                                                "Join Type": "Inner",
                                                                "Startup Cost": 2852.66,
                                                                "Total Cost": 3020.06,
                                                                "Plan Rows": 1,
                                                                "Plan Width": 36,
                                                                "Actual Startup Time": 8.319,
                                                                "Actual Total Time": 21.493,
                                                                "Actual Rows": 80,
                                                                "Actual Loops": 2,
                                                                "Inner Unique": true,
                                                                "Join Filter": "(t1.site_id = u1.site_id)",
                                                                "Rows Removed by Join Filter": 0,
                                                                "Workers": [],
                                                                "Plans": [
                                                                    {
                                                                        "Node Type": "Nested Loop",
                                                                        "Parent Relationship": "Outer",
                                                                        "Parallel Aware": false,
                                                                        "Async Capable": false,
                                                                        "Join Type": "Inner",
                                                                        "Startup Cost": 2852.22,
                                                                        "Total Cost": 3012.43,
                                                                        "Plan Rows": 1,
                                                                        "Plan Width": 32,
                                                                        "Actual Startup Time": 8.27,
                                                                        "Actual Total Time": 14.892,
                                                                        "Actual Rows": 80,
                                                                        "Actual Loops": 2,
                                                                        "Inner Unique": true,
                                                                        "Join Filter": "(t1.site_id = q1.site_id)",
                                                                        "Rows Removed by Join Filter": 0,
                                                                        "Workers": [],
                                                                        "Plans": [
                                                                            {
                                                                                "Node Type": "Nested Loop",
                                                                                "Parent Relationship": "Outer",
                                                                                "Parallel Aware": false,
                                                                                "Async Capable": false,
                                                                                "Join Type": "Inner",
                                                                                "Startup Cost": 2851.79,
                                                                                "Total Cost": 2913.26,
                                                                                "Plan Rows": 13,
                                                                                "Plan Width": 16,
                                                                                "Actual Startup Time": 8.22,
                                                                                "Actual Total Time": 8.37,
                                                                                "Actual Rows": 80,
                                                                                "Actual Loops": 2,
                                                                                "Inner Unique": false,
                                                                                "Workers": [],
                                                                                "Plans": [
                                                                                    {
                                                                                        "Node Type": "Merge Join",
                                                                                        "Parent Relationship": "Outer",
                                                                                        "Parallel Aware": false,
                                                                                        "Async Capable": false,
                                                                                        "Join Type": "Inner",
                                                                                        "Startup Cost": 2851.22,
                                                                                        "Total Cost": 2851.27,
                                                                                        "Plan Rows": 1,
                                                                                        "Plan Width": 12,
                                                                                        "Actual Startup Time": 8.102,
                                                                                        "Actual Total Time": 8.104,
                                                                                        "Actual Rows": 2,
                                                                                        "Actual Loops": 2,
                                                                                        "Inner Unique": true,
                                                                                        "Merge Cond": "(t1.site_id = s1.site_id)",
                                                                                        "Workers": [],
                                                                                        "Plans": [
                                                                                            {
                                                                                                "Node Type": "Sort",
                                                                                                "Parent Relationship": "Outer",
                                                                                                "Parallel Aware": false,
                                                                                                "Async Capable": false,
                                                                                                "Startup Cost": 2848.05,
                                                                                                "Total Cost": 2848.06,
                                                                                                "Plan Rows": 6,
                                                                                                "Plan Width": 8,
                                                                                                "Actual Startup Time": 8.075,
                                                                                                "Actual Total Time": 8.076,
                                                                                                "Actual Rows": 4,
                                                                                                "Actual Loops": 2,
                                                                                                "Sort Key": [
                                                                                                    "t1.site_id"
                                                                                                ],
                                                                                                "Sort Method": "quicksort",
                                                                                                "Sort Space Used": 25,
                                                                                                "Sort Space Type": "Memory",
                                                                                                "Workers": [
                                                                                                    {
                                                                                                        "Worker Number": 0,
                                                                                                        "Sort Method": "quicksort",
                                                                                                        "Sort Space Used": 25,
                                                                                                        "Sort Space Type": "Memory"
                                                                                                    }
                                                                                                ],
                                                                                                "Plans": [
                                                                                                    {
                                                                                                        "Node Type": "Seq Scan",
                                                                                                        "Parent Relationship": "Outer",
                                                                                                        "Parallel Aware": true,
                                                                                                        "Async Capable": false,
                                                                                                        "Relation Name": "tag",
                                                                                                        "Alias": "t1",
                                                                                                        "Startup Cost": 0.0,
                                                                                                        "Total Cost": 2847.97,
                                                                                                        "Plan Rows": 6,
                                                                                                        "Plan Width": 8,
                                                                                                        "Actual Startup Time": 0.283,
                                                                                                        "Actual Total Time": 8.062,
                                                                                                        "Actual Rows": 12,
                                                                                                        "Actual Loops": 2,
                                                                                                        "Filter": "((name)::text = ANY ('{editing,footage,nikon,cc-2017}'::text[]))",
                                                                                                        "Rows Removed by Filter": 93373,
                                                                                                        "Workers": []
                                                                                                    }
                                                                                                ]
                                                                                            },
                                                                                            {
                                                                                                "Node Type": "Sort",
                                                                                                "Parent Relationship": "Inner",
                                                                                                "Parallel Aware": false,
                                                                                                "Async Capable": false,
                                                                                                "Startup Cost": 3.17,
                                                                                                "Total Cost": 3.18,
                                                                                                "Plan Rows": 1,
                                                                                                "Plan Width": 4,
                                                                                                "Actual Startup Time": 0.024,
                                                                                                "Actual Total Time": 0.025,
                                                                                                "Actual Rows": 1,
                                                                                                "Actual Loops": 2,
                                                                                                "Sort Key": [
                                                                                                    "s1.site_id"
                                                                                                ],
                                                                                                "Sort Method": "quicksort",
                                                                                                "Sort Space Used": 25,
                                                                                                "Sort Space Type": "Memory",
                                                                                                "Workers": [
                                                                                                    {
                                                                                                        "Worker Number": 0,
                                                                                                        "Sort Method": "quicksort",
                                                                                                        "Sort Space Used": 25,
                                                                                                        "Sort Space Type": "Memory"
                                                                                                    }
                                                                                                ],
                                                                                                "Plans": [
                                                                                                    {
                                                                                                        "Node Type": "Seq Scan",
                                                                                                        "Parent Relationship": "Outer",
                                                                                                        "Parallel Aware": false,
                                                                                                        "Async Capable": false,
                                                                                                        "Relation Name": "site",
                                                                                                        "Alias": "s1",
                                                                                                        "Startup Cost": 0.0,
                                                                                                        "Total Cost": 3.16,
                                                                                                        "Plan Rows": 1,
                                                                                                        "Plan Width": 4,
                                                                                                        "Actual Startup Time": 0.012,
                                                                                                        "Actual Total Time": 0.018,
                                                                                                        "Actual Rows": 1,
                                                                                                        "Actual Loops": 2,
                                                                                                        "Filter": "((site_name)::text = 'avp'::text)",
                                                                                                        "Rows Removed by Filter": 172,
                                                                                                        "Workers": []
                                                                                                    }
                                                                                                ]
                                                                                            }
                                                                                        ]
                                                                                    },
                                                                                    {
                                                                                        "Node Type": "Index Only Scan",
                                                                                        "Parent Relationship": "Inner",
                                                                                        "Parallel Aware": false,
                                                                                        "Async Capable": false,
                                                                                        "Scan Direction": "Forward",
                                                                                        "Index Name": "tag_question_site_id_tag_id_question_id_idx",
                                                                                        "Relation Name": "tag_question",
                                                                                        "Alias": "tq1",
                                                                                        "Startup Cost": 0.56,
                                                                                        "Total Cost": 61.69,
                                                                                        "Plan Rows": 31,
                                                                                        "Plan Width": 12,
                                                                                        "Actual Startup Time": 0.105,
                                                                                        "Actual Total Time": 0.129,
                                                                                        "Actual Rows": 40,
                                                                                        "Actual Loops": 4,
                                                                                        "Index Cond": "((site_id = t1.site_id) AND (tag_id = t1.id))",
                                                                                        "Rows Removed by Index Recheck": 0,
                                                                                        "Heap Fetches": 159,
                                                                                        "Workers": []
                                                                                    }
                                                                                ]
                                                                            },
                                                                            {
                                                                                "Node Type": "Index Scan",
                                                                                "Parent Relationship": "Inner",
                                                                                "Parallel Aware": false,
                                                                                "Async Capable": false,
                                                                                "Scan Direction": "Forward",
                                                                                "Index Name": "question_pkey",
                                                                                "Relation Name": "question",
                                                                                "Alias": "q1",
                                                                                "Startup Cost": 0.43,
                                                                                "Total Cost": 7.62,
                                                                                "Plan Rows": 1,
                                                                                "Plan Width": 16,
                                                                                "Actual Startup Time": 0.082,
                                                                                "Actual Total Time": 0.082,
                                                                                "Actual Rows": 1,
                                                                                "Actual Loops": 159,
                                                                                "Index Cond": "((id = tq1.question_id) AND (site_id = tq1.site_id))",
                                                                                "Rows Removed by Index Recheck": 0,
                                                                                "Workers": []
                                                                            }
                                                                        ]
                                                                    },
                                                                    {
                                                                        "Node Type": "Index Scan",
                                                                        "Parent Relationship": "Inner",
                                                                        "Parallel Aware": false,
                                                                        "Async Capable": false,
                                                                        "Scan Direction": "Forward",
                                                                        "Index Name": "so_user_pkey",
                                                                        "Relation Name": "so_user",
                                                                        "Alias": "u1",
                                                                        "Startup Cost": 0.44,
                                                                        "Total Cost": 7.62,
                                                                        "Plan Rows": 1,
                                                                        "Plan Width": 12,
                                                                        "Actual Startup Time": 0.083,
                                                                        "Actual Total Time": 0.083,
                                                                        "Actual Rows": 1,
                                                                        "Actual Loops": 159,
                                                                        "Index Cond": "((id = q1.owner_user_id) AND (site_id = q1.site_id))",
                                                                        "Rows Removed by Index Recheck": 0,
                                                                        "Workers": []
                                                                    }
                                                                ]
                                                            },
                                                            {
                                                                "Node Type": "Index Scan",
                                                                "Parent Relationship": "Inner",
                                                                "Parallel Aware": false,
                                                                "Async Capable": false,
                                                                "Scan Direction": "Forward",
                                                                "Index Name": "comment_site_id_post_id_idx",
                                                                "Relation Name": "comment",
                                                                "Alias": "c1",
                                                                "Startup Cost": 0.57,
                                                                "Total Cost": 7.77,
                                                                "Plan Rows": 1,
                                                                "Plan Width": 12,
                                                                "Actual Startup Time": 0.006,
                                                                "Actual Total Time": 0.007,
                                                                "Actual Rows": 2,
                                                                "Actual Loops": 159,
                                                                "Index Cond": "((site_id = tq1.site_id) AND (post_id = tq1.question_id))",
                                                                "Rows Removed by Index Recheck": 0,
                                                                "Workers": []
                                                            }
                                                        ]
                                                    }
                                                ]
                                            },
                                            {
                                                "Node Type": "Index Scan",
                                                "Parent Relationship": "Inner",
                                                "Parallel Aware": false,
                                                "Async Capable": false,
                                                "Scan Direction": "Forward",
                                                "Index Name": "account_pkey",
                                                "Relation Name": "account",
                                                "Alias": "account",
                                                "Startup Cost": 0.43,
                                                "Total Cost": 7.61,
                                                "Plan Rows": 1,
                                                "Plan Width": 15,
                                                "Actual Startup Time": 0.035,
                                                "Actual Total Time": 0.035,
                                                "Actual Rows": 1,
                                                "Actual Loops": 20,
                                                "Index Cond": "(id = u1.account_id)",
                                                "Rows Removed by Index Recheck": 0
                                            }
                                        ]
                                    }
                                ]
                            }
                        ]
                    },
                    "Planning Time": 8.157,
                    "Triggers": [],
                    "Execution Time": 38.389
                }
            ],
            "hints": [
                "SET enable_hashjoin TO on",
                "SET enable_indexonlyscan TO on",
                "SET enable_indexscan TO on",
                "SET enable_mergejoin TO on",
                "SET enable_nestloop TO on",
                "SET enable_seqscan TO on"
            ]
        },
        {
            "arm": 1,
            "execution_time": 5632.333,
            "plan": [
                {
                    "Plan": {
                        "Node Type": "Aggregate",
                        "Strategy": "Plain",
                        "Partial Mode": "Simple",
                        "Parallel Aware": false,
                        "Async Capable": false,
                        "Startup Cost": 5379560.21,
                        "Total Cost": 5379560.22,
                        "Plan Rows": 1,
                        "Plan Width": 8,
                        "Actual Startup Time": 5622.81,
                        "Actual Total Time": 5632.29,
                        "Actual Rows": 1,
                        "Actual Loops": 1,
                        "Plans": [
                            {
                                "Node Type": "Sort",
                                "Parent Relationship": "Outer",
                                "Parallel Aware": false,
                                "Async Capable": false,
                                "Startup Cost": 5379560.21,
                                "Total Cost": 5379560.21,
                                "Plan Rows": 1,
                                "Plan Width": 11,
                                "Actual Startup Time": 5622.802,
                                "Actual Total Time": 5632.283,
                                "Actual Rows": 20,
                                "Actual Loops": 1,
                                "Sort Key": [
                                    "account.display_name"
                                ],
                                "Sort Method": "quicksort",
                                "Sort Space Used": 25,
                                "Sort Space Type": "Memory",
                                "Plans": [
                                    {
                                        "Node Type": "Gather",
                                        "Parent Relationship": "Outer",
                                        "Parallel Aware": false,
                                        "Async Capable": false,
                                        "Startup Cost": 5227105.29,
                                        "Total Cost": 5379560.2,
                                        "Plan Rows": 1,
                                        "Plan Width": 11,
                                        "Actual Startup Time": 5622.695,
                                        "Actual Total Time": 5632.268,
                                        "Actual Rows": 20,
                                        "Actual Loops": 1,
                                        "Workers Planned": 5,
                                        "Workers Launched": 5,
                                        "Single Copy": false,
                                        "Plans": [
                                            {
                                                "Node Type": "Hash Join",
                                                "Parent Relationship": "Outer",
                                                "Parallel Aware": true,
                                                "Async Capable": false,
                                                "Join Type": "Inner",
                                                "Startup Cost": 5226105.29,
                                                "Total Cost": 5378560.1,
                                                "Plan Rows": 1,
                                                "Plan Width": 11,
                                                "Actual Startup Time": 5611.137,
                                                "Actual Total Time": 5620.376,
                                                "Actual Rows": 3,
                                                "Actual Loops": 6,
                                                "Inner Unique": false,
                                                "Hash Cond": "(account.id = u1.account_id)",
                                                "Workers": [],
                                                "Plans": [
                                                    {
                                                        "Node Type": "Seq Scan",
                                                        "Parent Relationship": "Outer",
                                                        "Parallel Aware": true,
                                                        "Async Capable": false,
                                                        "Relation Name": "account",
                                                        "Alias": "account",
                                                        "Startup Cost": 0.0,
                                                        "Total Cost": 142069.67,
                                                        "Plan Rows": 2769367,
                                                        "Plan Width": 15,
                                                        "Actual Startup Time": 0.018,
                                                        "Actual Total Time": 106.8,
                                                        "Actual Rows": 2312026,
                                                        "Actual Loops": 6,
                                                        "Workers": []
                                                    },
                                                    {
                                                        "Node Type": "Hash",
                                                        "Parent Relationship": "Inner",
                                                        "Parallel Aware": true,
                                                        "Async Capable": false,
                                                        "Startup Cost": 5226105.28,
                                                        "Total Cost": 5226105.28,
                                                        "Plan Rows": 1,
                                                        "Plan Width": 4,
                                                        "Actual Startup Time": 5430.918,
                                                        "Actual Total Time": 5430.925,
                                                        "Actual Rows": 3,
                                                        "Actual Loops": 6,
                                                        "Hash Buckets": 1024,
                                                        "Original Hash Buckets": 1024,
                                                        "Hash Batches": 1,
                                                        "Original Hash Batches": 1,
                                                        "Peak Memory Usage": 40,
                                                        "Workers": [],
                                                        "Plans": [
                                                            {
                                                                "Node Type": "Hash Join",
                                                                "Parent Relationship": "Outer",
                                                                "Parallel Aware": true,
                                                                "Async Capable": false,
                                                                "Join Type": "Inner",
                                                                "Startup Cost": 2281599.46,
                                                                "Total Cost": 5226105.28,
                                                                "Plan Rows": 1,
                                                                "Plan Width": 4,
                                                                "Actual Startup Time": 4798.217,
                                                                "Actual Total Time": 5430.891,
                                                                "Actual Rows": 3,
                                                                "Actual Loops": 6,
                                                                "Inner Unique": false,
                                                                "Hash Cond": "((s1.site_id = t1.site_id) AND (c1.post_id = tq1.question_id))",
                                                                "Join Filter": "(c1.score > q1.score)",
                                                                "Rows Removed by Join Filter": 40,
                                                                "Workers": [],
                                                                "Plans": [
                                                                    {
                                                                        "Node Type": "Hash Join",
                                                                        "Parent Relationship": "Outer",
                                                                        "Parallel Aware": false,
                                                                        "Async Capable": false,
                                                                        "Join Type": "Inner",
                                                                        "Startup Cost": 3.18,
                                                                        "Total Cost": 2943948.13,
                                                                        "Plan Rows": 74780,
                                                                        "Plan Width": 16,
                                                                        "Actual Startup Time": 1941.04,
                                                                        "Actual Total Time": 3837.857,
                                                                        "Actual Rows": 2972,
                                                                        "Actual Loops": 6,
                                                                        "Inner Unique": true,
                                                                        "Hash Cond": "(c1.site_id = s1.site_id)",
                                                                        "Workers": [],
                                                                        "Plans": [
                                                                            {
                                                                                "Node Type": "Seq Scan",
                                                                                "Parent Relationship": "Outer",
                                                                                "Parallel Aware": true,
                                                                                "Async Capable": false,
                                                                                "Relation Name": "comment",
                                                                                "Alias": "c1",
                                                                                "Startup Cost": 0.0,
                                                                                "Total Cost": 2909153.53,
                                                                                "Plan Rows": 12936953,
                                                                                "Plan Width": 12,
                                                                                "Actual Startup Time": 0.085,
                                                                                "Actual Total Time": 3220.928,
                                                                                "Actual Rows": 17243326,
                                                                                "Actual Loops": 6,
                                                                                "Workers": []
                                                                            },
                                                                            {
                                                                                "Node Type": "Hash",
                                                                                "Parent Relationship": "Inner",
                                                                                "Parallel Aware": false,
                                                                                "Async Capable": false,
                                                                                "Startup Cost": 3.16,
                                                                                "Total Cost": 3.16,
                                                                                "Plan Rows": 1,
                                                                                "Plan Width": 4,
                                                                                "Actual Startup Time": 0.017,
                                                                                "Actual Total Time": 0.017,
                                                                                "Actual Rows": 1,
                                                                                "Actual Loops": 6,
                                                                                "Hash Buckets": 1024,
                                                                                "Original Hash Buckets": 1024,
                                                                                "Hash Batches": 1,
                                                                                "Original Hash Batches": 1,
                                                                                "Peak Memory Usage": 9,
                                                                                "Workers": [],
                                                                                "Plans": [
                                                                                    {
                                                                                        "Node Type": "Seq Scan",
                                                                                        "Parent Relationship": "Outer",
                                                                                        "Parallel Aware": false,
                                                                                        "Async Capable": false,
                                                                                        "Relation Name": "site",
                                                                                        "Alias": "s1",
                                                                                        "Startup Cost": 0.0,
                                                                                        "Total Cost": 3.16,
                                                                                        "Plan Rows": 1,
                                                                                        "Plan Width": 4,
                                                                                        "Actual Startup Time": 0.009,
                                                                                        "Actual Total Time": 0.015,
                                                                                        "Actual Rows": 1,
                                                                                        "Actual Loops": 6,
                                                                                        "Filter": "((site_name)::text = 'avp'::text)",
                                                                                        "Rows Removed by Filter": 172,
                                                                                        "Workers": []
                                                                                    }
                                                                                ]
                                                                            }
                                                                        ]
                                                                    },
                                                                    {
                                                                        "Node Type": "Hash",
                                                                        "Parent Relationship": "Inner",
                                                                        "Parallel Aware": true,
                                                                        "Async Capable": false,
                                                                        "Startup Cost": 2281592.25,
                                                                        "Total Cost": 2281592.25,
                                                                        "Plan Rows": 269,
                                                                        "Plan Width": 32,
                                                                        "Actual Startup Time": 1592.742,
                                                                        "Actual Total Time": 1592.746,
                                                                        "Actual Rows": 601,
                                                                        "Actual Loops": 6,
                                                                        "Hash Buckets": 2048,
                                                                        "Original Hash Buckets": 2048,
                                                                        "Hash Batches": 1,
                                                                        "Original Hash Batches": 1,
                                                                        "Peak Memory Usage": 336,
                                                                        "Workers": [],
                                                                        "Plans": [
                                                                            {
                                                                                "Node Type": "Hash Join",
                                                                                "Parent Relationship": "Outer",
                                                                                "Parallel Aware": true,
                                                                                "Async Capable": false,
                                                                                "Join Type": "Inner",
                                                                                "Startup Cost": 2010556.83,
                                                                                "Total Cost": 2281592.25,
                                                                                "Plan Rows": 269,
                                                                                "Plan Width": 32,
                                                                                "Actual Startup Time": 1195.373,
                                                                                "Actual Total Time": 1592.58,
                                                                                "Actual Rows": 601,
                                                                                "Actual Loops": 6,
                                                                                "Inner Unique": false,
                                                                                "Hash Cond": "((u1.site_id = t1.site_id) AND (u1.id = q1.owner_user_id))",
                                                                                "Workers": [],
                                                                                "Plans": [
                                                                                    {
                                                                                        "Node Type": "Seq Scan",
                                                                                        "Parent Relationship": "Outer",
                                                                                        "Parallel Aware": true,
                                                                                        "Async Capable": false,
                                                                                        "Relation Name": "so_user",
                                                                                        "Alias": "u1",
                                                                                        "Startup Cost": 0.0,
                                                                                        "Total Cost": 239391.02,
                                                                                        "Plan Rows": 4219102,
                                                                                        "Plan Width": 12,
                                                                                        "Actual Startup Time": 0.01,
                                                                                        "Actual Total Time": 155.679,
                                                                                        "Actual Rows": 3516217,
                                                                                        "Actual Loops": 6,
                                                                                        "Workers": []
                                                                                    },
                                                                                    {
                                                                                        "Node Type": "Hash",
                                                                                        "Parent Relationship": "Inner",
                                                                                        "Parallel Aware": true,
                                                                                        "Async Capable": false,
                                                                                        "Startup Cost": 2010553.95,
                                                                                        "Total Cost": 2010553.95,
                                                                                        "Plan Rows": 192,
                                                                                        "Plan Width": 28,
                                                                                        "Actual Startup Time": 1194.879,
                                                                                        "Actual Total Time": 1194.882,
                                                                                        "Actual Rows": 601,
                                                                                        "Actual Loops": 6,
                                                                                        "Hash Buckets": 2048,
                                                                                        "Original Hash Buckets": 2048,
                                                                                        "Hash Batches": 1,
                                                                                        "Original Hash Batches": 1,
                                                                                        "Peak Memory Usage": 336,
                                                                                        "Workers": [],
                                                                                        "Plans": [
                                                                                            {
                                                                                                "Node Type": "Hash Join",
                                                                                                "Parent Relationship": "Outer",
                                                                                                "Parallel Aware": true,
                                                                                                "Async Capable": false,
                                                                                                "Join Type": "Inner",
                                                                                                "Startup Cost": 314744.36,
                                                                                                "Total Cost": 2010553.95,
                                                                                                "Plan Rows": 192,
                                                                                                "Plan Width": 28,
                                                                                                "Actual Startup Time": 516.973,
                                                                                                "Actual Total Time": 1194.657,
                                                                                                "Actual Rows": 601,
                                                                                                "Actual Loops": 6,
                                                                                                "Inner Unique": false,
                                                                                                "Hash Cond": "((q1.site_id = t1.site_id) AND (q1.id = tq1.question_id))",
                                                                                                "Workers": [],
                                                                                                "Plans": [
                                                                                                    {
                                                                                                        "Node Type": "Seq Scan",
                                                                                                        "Parent Relationship": "Outer",
                                                                                                        "Parallel Aware": true,
                                                                                                        "Async Capable": false,
                                                                                                        "Relation Name": "question",
                                                                                                        "Alias": "q1",
                                                                                                        "Startup Cost": 0.0,
                                                                                                        "Total Cost": 1682252.12,
                                                                                                        "Plan Rows": 1807612,
                                                                                                        "Plan Width": 16,
                                                                                                        "Actual Startup Time": 0.024,
                                                                                                        "Actual Total Time": 522.156,
                                                                                                        "Actual Rows": 2111074,
                                                                                                        "Actual Loops": 6,
                                                                                                        "Workers": []
                                                                                                    },
                                                                                                    {
                                                                                                        "Node Type": "Hash",
                                                                                                        "Parent Relationship": "Inner",
                                                                                                        "Parallel Aware": true,
                                                                                                        "Async Capable": false,
                                                                                                        "Startup Cost": 314737.85,
                                                                                                        "Total Cost": 314737.85,
                                                                                                        "Plan Rows": 434,
                                                                                                        "Plan Width": 12,
                                                                                                        "Actual Startup Time": 516.818,
                                                                                                        "Actual Total Time": 516.82,
                                                                                                        "Actual Rows": 601,
                                                                                                        "Actual Loops": 6,
                                                                                                        "Hash Buckets": 4096,
                                                                                                        "Original Hash Buckets": 4096,
                                                                                                        "Hash Batches": 1,
                                                                                                        "Original Hash Batches": 1,
                                                                                                        "Peak Memory Usage": 288,
                                                                                                        "Workers": [],
                                                                                                        "Plans": [
                                                                                                            {
                                                                                                                "Node Type": "Hash Join",
                                                                                                                "Parent Relationship": "Outer",
                                                                                                                "Parallel Aware": true,
                                                                                                                "Async Capable": false,
                                                                                                                "Join Type": "Inner",
                                                                                                                "Startup Cost": 2848.06,
                                                                                                                "Total Cost": 314737.85,
                                                                                                                "Plan Rows": 434,
                                                                                                                "Plan Width": 12,
                                                                                                                "Actual Startup Time": 5.177,
                                                                                                                "Actual Total Time": 516.609,
                                                                                                                "Actual Rows": 601,
                                                                                                                "Actual Loops": 6,
                                                                                                                "Inner Unique": true,
                                                                                                                "Hash Cond": "((tq1.site_id = t1.site_id) AND (tq1.tag_id = t1.id))",
                                                                                                                "Workers": [],
                                                                                                                "Plans": [
                                                                                                                    {
                                                                                                                        "Node Type": "Seq Scan",
                                                                                                                        "Parent Relationship": "Outer",
                                                                                                                        "Parallel Aware": true,
                                                                                                                        "Async Capable": false,
                                                                                                                        "Relation Name": "tag_question",
                                                                                                                        "Alias": "tq1",
                                                                                                                        "Startup Cost": 0.0,
                                                                                                                        "Total Cost": 273159.66,
                                                                                                                        "Plan Rows": 7376766,
                                                                                                                        "Plan Width": 12,
                                                                                                                        "Actual Startup Time": 0.034,
                                                                                                                        "Actual Total Time": 255.145,
                                                                                                                        "Actual Rows": 6147303,
                                                                                                                        "Actual Loops": 6,
                                                                                                                        "Workers": []
                                                                                                                    },
                                                                                                                    {
                                                                                                                        "Node Type": "Hash",
                                                                                                                        "Parent Relationship": "Inner",
                                                                                                                        "Parallel Aware": true,
                                                                                                                        "Async Capable": false,
                                                                                                                        "Startup Cost": 2847.97,
                                                                                                                        "Total Cost": 2847.97,
                                                                                                                        "Plan Rows": 6,
                                                                                                                        "Plan Width": 8,
                                                                                                                        "Actual Startup Time": 3.1,
                                                                                                                        "Actual Total Time": 3.1,
                                                                                                                        "Actual Rows": 4,
                                                                                                                        "Actual Loops": 6,
                                                                                                                        "Hash Buckets": 1024,
                                                                                                                        "Original Hash Buckets": 1024,
                                                                                                                        "Hash Batches": 1,
                                                                                                                        "Original Hash Batches": 1,
                                                                                                                        "Peak Memory Usage": 200,
                                                                                                                        "Workers": [],
                                                                                                                        "Plans": [
                                                                                                                            {
                                                                                                                                "Node Type": "Seq Scan",
                                                                                                                                "Parent Relationship": "Outer",
                                                                                                                                "Parallel Aware": true,
                                                                                                                                "Async Capable": false,
                                                                                                                                "Relation Name": "tag",
                                                                                                                                "Alias": "t1",
                                                                                                                                "Startup Cost": 0.0,
                                                                                                                                "Total Cost": 2847.97,
                                                                                                                                "Plan Rows": 6,
                                                                                                                                "Plan Width": 8,
                                                                                                                                "Actual Startup Time": 0.437,
                                                                                                                                "Actual Total Time": 3.074,
                                                                                                                                "Actual Rows": 4,
                                                                                                                                "Actual Loops": 6,
                                                                                                                                "Filter": "((name)::text = ANY ('{editing,footage,nikon,cc-2017}'::text[]))",
                                                                                                                                "Rows Removed by Filter": 31124,
                                                                                                                                "Workers": []
                                                                                                                            }
                                                                                                                        ]
                                                                                                                    }
                                                                                                                ]
                                                                                                            }
                                                                                                        ]
                                                                                                    }
                                                                                                ]
                                                                                            }
                                                                                        ]
                                                                                    }
                                                                                ]
                                                                            }
                                                                        ]
                                                                    }
                                                                ]
                                                            }
                                                        ]
                                                    }
                                                ]
                                            }
                                        ]
                                    }
                                ]
                            }
                        ]
                    },
                    "Planning Time": 8.428,
                    "Triggers": [],
                    "Execution Time": 5632.333
                }
            ],
            "hints": [
                "SET enable_hashjoin TO on",
                "SET enable_indexonlyscan TO on",
                "SET enable_indexscan TO on",
                "SET enable_mergejoin TO on",
                "SET enable_nestloop TO off",
                "SET enable_seqscan TO on"
            ]
        },
        {
            "arm": 2,
            "execution_time": 11.1,
            "plan": [
                {
                    "Plan": {
                        "Node Type": "Aggregate",
                        "Strategy": "Plain",
                        "Partial Mode": "Simple",
                        "Parallel Aware": false,
                        "Async Capable": false,
                        "Startup Cost": 4108.75,
                        "Total Cost": 4108.76,
                        "Plan Rows": 1,
                        "Plan Width": 8,
                        "Actual Startup Time": 10.223,
                        "Actual Total Time": 11.055,
                        "Actual Rows": 1,
                        "Actual Loops": 1,
                        "Plans": [
                            {
                                "Node Type": "Sort",
                                "Parent Relationship": "Outer",
                                "Parallel Aware": false,
                                "Async Capable": false,
                                "Startup Cost": 4108.74,
                                "Total Cost": 4108.75,
                                "Plan Rows": 1,
                                "Plan Width": 11,
                                "Actual Startup Time": 10.217,
                                "Actual Total Time": 11.05,
                                "Actual Rows": 20,
                                "Actual Loops": 1,
                                "Sort Key": [
                                    "account.display_name"
                                ],
                                "Sort Method": "quicksort",
                                "Sort Space Used": 25,
                                "Sort Space Type": "Memory",
                                "Plans": [
                                    {
                                        "Node Type": "Nested Loop",
                                        "Parent Relationship": "Outer",
                                        "Parallel Aware": false,
                                        "Async Capable": false,
                                        "Join Type": "Inner",
                                        "Startup Cost": 1024.3,
                                        "Total Cost": 4108.73,
                                        "Plan Rows": 1,
                                        "Plan Width": 11,
                                        "Actual Startup Time": 1.303,
                                        "Actual Total Time": 11.038,
                                        "Actual Rows": 20,
                                        "Actual Loops": 1,
                                        "Inner Unique": true,
                                        "Plans": [
                                            {
                                                "Node Type": "Nested Loop",
                                                "Parent Relationship": "Outer",
                                                "Parallel Aware": false,
                                                "Async Capable": false,
                                                "Join Type": "Inner",
                                                "Startup Cost": 1020.28,
                                                "Total Cost": 4100.7,
                                                "Plan Rows": 1,
                                                "Plan Width": 4,
                                                "Actual Startup Time": 1.295,
                                                "Actual Total Time": 10.975,
                                                "Actual Rows": 20,
                                                "Actual Loops": 1,
                                                "Inner Unique": false,
                                                "Join Filter": "((c1.score > q1.score) AND (t1.site_id = c1.site_id))",
                                                "Rows Removed by Join Filter": 239,
                                                "Plans": [
                                                    {
                                                        "Node Type": "Nested Loop",
                                                        "Parent Relationship": "Outer",
                                                        "Parallel Aware": false,
                                                        "Async Capable": false,
                                                        "Join Type": "Inner",
                                                        "Startup Cost": 1016.11,
                                                        "Total Cost": 4092.5,
                                                        "Plan Rows": 1,
                                                        "Plan Width": 36,
                                                        "Actual Startup Time": 0.975,
                                                        "Actual Total Time": 10.55,
                                                        "Actual Rows": 159,
                                                        "Actual Loops": 1,
                                                        "Inner Unique": true,
                                                        "Join Filter": "(t1.site_id = u1.site_id)",
                                                        "Rows Removed by Join Filter": 0,
                                                        "Plans": [
                                                            {
                                                                "Node Type": "Gather",
                                                                "Parent Relationship": "Outer",
                                                                "Parallel Aware": false,
                                                                "Async Capable": false,
                                                                "Startup Cost": 1012.08,
                                                                "Total Cost": 4084.44,
                                                                "Plan Rows": 1,
                                                                "Plan Width": 32,
                                                                "Actual Startup Time": 0.967,
                                                                "Actual Total Time": 10.094,
                                                                "Actual Rows": 159,
                                                                "Actual Loops": 1,
                                                                "Workers Planned": 1,
                                                                "Workers Launched": 1,
                                                                "Single Copy": false,
                                                                "Plans": [
                                                                    {
                                                                        "Node Type": "Nested Loop",
                                                                        "Parent Relationship": "Outer",
                                                                        "Parallel Aware": false,
                                                                        "Async Capable": false,
                                                                        "Join Type": "Inner",
                                                                        "Startup Cost": 12.08,
                                                                        "Total Cost": 3084.34,
                                                                        "Plan Rows": 1,
                                                                        "Plan Width": 32,
                                                                        "Actual Startup Time": 3.856,
                                                                        "Actual Total Time": 7.914,
                                                                        "Actual Rows": 80,
                                                                        "Actual Loops": 2,
                                                                        "Inner Unique": true,
                                                                        "Join Filter": "(t1.site_id = q1.site_id)",
                                                                        "Rows Removed by Join Filter": 0,
                                                                        "Workers": [],
                                                                        "Plans": [
                                                                            {
                                                                                "Node Type": "Nested Loop",
                                                                                "Parent Relationship": "Outer",
                                                                                "Parallel Aware": false,
                                                                                "Async Capable": false,
                                                                                "Join Type": "Inner",
                                                                                "Startup Cost": 8.06,
                                                                                "Total Cost": 2979.66,
                                                                                "Plan Rows": 13,
                                                                                "Plan Width": 16,
                                                                                "Actual Startup Time": 3.852,
                                                                                "Actual Total Time": 7.689,
                                                                                "Actual Rows": 80,
                                                                                "Actual Loops": 2,
                                                                                "Inner Unique": false,
                                                                                "Workers": [],
                                                                                "Plans": [
                                                                                    {
                                                                                        "Node Type": "Hash Join",
                                                                                        "Parent Relationship": "Outer",
                                                                                        "Parallel Aware": false,
                                                                                        "Async Capable": false,
                                                                                        "Join Type": "Inner",
                                                                                        "Startup Cost": 3.18,
                                                                                        "Total Cost": 2851.16,
                                                                                        "Plan Rows": 1,
                                                                                        "Plan Width": 12,
                                                                                        "Actual Startup Time": 3.841,
                                                                                        "Actual Total Time": 7.641,
                                                                                        "Actual Rows": 2,
                                                                                        "Actual Loops": 2,
                                                                                        "Inner Unique": true,
                                                                                        "Hash Cond": "(t1.site_id = s1.site_id)",
                                                                                        "Workers": [],
                                                                                        "Plans": [
                                                                                            {
                                                                                                "Node Type": "Seq Scan",
                                                                                                "Parent Relationship": "Outer",
                                                                                                "Parallel Aware": true,
                                                                                                "Async Capable": false,
                                                                                                "Relation Name": "tag",
                                                                                                "Alias": "t1",
                                                                                                "Startup Cost": 0.0,
                                                                                                "Total Cost": 2847.97,
                                                                                                "Plan Rows": 6,
                                                                                                "Plan Width": 8,
                                                                                                "Actual Startup Time": 0.287,
                                                                                                "Actual Total Time": 7.566,
                                                                                                "Actual Rows": 12,
                                                                                                "Actual Loops": 2,
                                                                                                "Filter": "((name)::text = ANY ('{editing,footage,nikon,cc-2017}'::text[]))",
                                                                                                "Rows Removed by Filter": 93373,
                                                                                                "Workers": []
                                                                                            },
                                                                                            {
                                                                                                "Node Type": "Hash",
                                                                                                "Parent Relationship": "Inner",
                                                                                                "Parallel Aware": false,
                                                                                                "Async Capable": false,
                                                                                                "Startup Cost": 3.16,
                                                                                                "Total Cost": 3.16,
                                                                                                "Plan Rows": 1,
                                                                                                "Plan Width": 4,
                                                                                                "Actual Startup Time": 0.022,
                                                                                                "Actual Total Time": 0.023,
                                                                                                "Actual Rows": 1,
                                                                                                "Actual Loops": 2,
                                                                                                "Hash Buckets": 1024,
                                                                                                "Original Hash Buckets": 1024,
                                                                                                "Hash Batches": 1,
                                                                                                "Original Hash Batches": 1,
                                                                                                "Peak Memory Usage": 9,
                                                                                                "Workers": [],
                                                                                                "Plans": [
                                                                                                    {
                                                                                                        "Node Type": "Seq Scan",
                                                                                                        "Parent Relationship": "Outer",
                                                                                                        "Parallel Aware": false,
                                                                                                        "Async Capable": false,
                                                                                                        "Relation Name": "site",
                                                                                                        "Alias": "s1",
                                                                                                        "Startup Cost": 0.0,
                                                                                                        "Total Cost": 3.16,
                                                                                                        "Plan Rows": 1,
                                                                                                        "Plan Width": 4,
                                                                                                        "Actual Startup Time": 0.008,
                                                                                                        "Actual Total Time": 0.014,
                                                                                                        "Actual Rows": 1,
                                                                                                        "Actual Loops": 2,
                                                                                                        "Filter": "((site_name)::text = 'avp'::text)",
                                                                                                        "Rows Removed by Filter": 172,
                                                                                                        "Workers": []
                                                                                                    }
                                                                                                ]
                                                                                            }
                                                                                        ]
                                                                                    },
                                                                                    {
                                                                                        "Node Type": "Bitmap Heap Scan",
                                                                                        "Parent Relationship": "Inner",
                                                                                        "Parallel Aware": false,
                                                                                        "Async Capable": false,
                                                                                        "Relation Name": "tag_question",
                                                                                        "Alias": "tq1",
                                                                                        "Startup Cost": 4.88,
                                                                                        "Total Cost": 128.19,
                                                                                        "Plan Rows": 31,
                                                                                        "Plan Width": 12,
                                                                                        "Actual Startup Time": 0.008,
                                                                                        "Actual Total Time": 0.02,
                                                                                        "Actual Rows": 40,
                                                                                        "Actual Loops": 4,
                                                                                        "Recheck Cond": "((t1.site_id = site_id) AND (t1.id = tag_id))",
                                                                                        "Rows Removed by Index Recheck": 0,
                                                                                        "Exact Heap Blocks": 41,
                                                                                        "Lossy Heap Blocks": 0,
                                                                                        "Workers": [],
                                                                                        "Plans": [
                                                                                            {
                                                                                                "Node Type": "Bitmap Index Scan",
                                                                                                "Parent Relationship": "Outer",
                                                                                                "Parallel Aware": false,
                                                                                                "Async Capable": false,
                                                                                                "Index Name": "tag_question_site_id_tag_id_question_id_idx",
                                                                                                "Startup Cost": 0.0,
                                                                                                "Total Cost": 4.88,
                                                                                                "Plan Rows": 31,
                                                                                                "Plan Width": 0,
                                                                                                "Actual Startup Time": 0.006,
                                                                                                "Actual Total Time": 0.006,
                                                                                                "Actual Rows": 40,
                                                                                                "Actual Loops": 4,
                                                                                                "Index Cond": "((site_id = t1.site_id) AND (tag_id = t1.id))",
                                                                                                "Workers": []
                                                                                            }
                                                                                        ]
                                                                                    }
                                                                                ]
                                                                            },
                                                                            {
                                                                                "Node Type": "Bitmap Heap Scan",
                                                                                "Parent Relationship": "Inner",
                                                                                "Parallel Aware": false,
                                                                                "Async Capable": false,
                                                                                "Relation Name": "question",
                                                                                "Alias": "q1",
                                                                                "Startup Cost": 4.03,
                                                                                "Total Cost": 8.04,
                                                                                "Plan Rows": 1,
                                                                                "Plan Width": 16,
                                                                                "Actual Startup Time": 0.002,
                                                                                "Actual Total Time": 0.002,
                                                                                "Actual Rows": 1,
                                                                                "Actual Loops": 159,
                                                                                "Recheck Cond": "((id = tq1.question_id) AND (site_id = tq1.site_id))",
                                                                                "Rows Removed by Index Recheck": 0,
                                                                                "Exact Heap Blocks": 159,
                                                                                "Lossy Heap Blocks": 0,
                                                                                "Workers": [],
                                                                                "Plans": [
                                                                                    {
                                                                                        "Node Type": "Bitmap Index Scan",
                                                                                        "Parent Relationship": "Outer",
                                                                                        "Parallel Aware": false,
                                                                                        "Async Capable": false,
                                                                                        "Index Name": "question_pkey",
                                                                                        "Startup Cost": 0.0,
                                                                                        "Total Cost": 4.02,
                                                                                        "Plan Rows": 1,
                                                                                        "Plan Width": 0,
                                                                                        "Actual Startup Time": 0.002,
                                                                                        "Actual Total Time": 0.002,
                                                                                        "Actual Rows": 1,
                                                                                        "Actual Loops": 159,
                                                                                        "Index Cond": "((id = tq1.question_id) AND (site_id = tq1.site_id))",
                                                                                        "Workers": []
                                                                                    }
                                                                                ]
                                                                            }
                                                                        ]
                                                                    }
                                                                ]
                                                            },
                                                            {
                                                                "Node Type": "Bitmap Heap Scan",
                                                                "Parent Relationship": "Inner",
                                                                "Parallel Aware": false,
                                                                "Async Capable": false,
                                                                "Relation Name": "so_user",
                                                                "Alias": "u1",
                                                                "Startup Cost": 4.03,
                                                                "Total Cost": 8.04,
                                                                "Plan Rows": 1,
                                                                "Plan Width": 12,
                                                                "Actual Startup Time": 0.002,
                                                                "Actual Total Time": 0.002,
                                                                "Actual Rows": 1,
                                                                "Actual Loops": 159,
                                                                "Recheck Cond": "((id = q1.owner_user_id) AND (q1.site_id = site_id))",
                                                                "Rows Removed by Index Recheck": 0,
                                                                "Exact Heap Blocks": 159,
                                                                "Lossy Heap Blocks": 0,
                                                                "Plans": [
                                                                    {
                                                                        "Node Type": "Bitmap Index Scan",
                                                                        "Parent Relationship": "Outer",
                                                                        "Parallel Aware": false,
                                                                        "Async Capable": false,
                                                                        "Index Name": "so_user_pkey",
                                                                        "Startup Cost": 0.0,
                                                                        "Total Cost": 4.03,
                                                                        "Plan Rows": 1,
                                                                        "Plan Width": 0,
                                                                        "Actual Startup Time": 0.002,
                                                                        "Actual Total Time": 0.002,
                                                                        "Actual Rows": 1,
                                                                        "Actual Loops": 159,
                                                                        "Index Cond": "((id = q1.owner_user_id) AND (site_id = q1.site_id))"
                                                                    }
                                                                ]
                                                            }
                                                        ]
                                                    },
                                                    {
                                                        "Node Type": "Bitmap Heap Scan",
                                                        "Parent Relationship": "Inner",
                                                        "Parallel Aware": false,
                                                        "Async Capable": false,
                                                        "Relation Name": "comment",
                                                        "Alias": "c1",
                                                        "Startup Cost": 4.17,
                                                        "Total Cost": 8.18,
                                                        "Plan Rows": 1,
                                                        "Plan Width": 12,
                                                        "Actual Startup Time": 0.002,
                                                        "Actual Total Time": 0.002,
                                                        "Actual Rows": 2,
                                                        "Actual Loops": 159,
                                                        "Recheck Cond": "((tq1.site_id = site_id) AND (tq1.question_id = post_id))",
                                                        "Rows Removed by Index Recheck": 0,
                                                        "Exact Heap Blocks": 142,
                                                        "Lossy Heap Blocks": 0,
                                                        "Plans": [
                                                            {
                                                                "Node Type": "Bitmap Index Scan",
                                                                "Parent Relationship": "Outer",
                                                                "Parallel Aware": false,
                                                                "Async Capable": false,
                                                                "Index Name": "comment_site_id_post_id_idx",
                                                                "Startup Cost": 0.0,
                                                                "Total Cost": 4.17,
                                                                "Plan Rows": 1,
                                                                "Plan Width": 0,
                                                                "Actual Startup Time": 0.001,
                                                                "Actual Total Time": 0.001,
                                                                "Actual Rows": 2,
                                                                "Actual Loops": 159,
                                                                "Index Cond": "((site_id = tq1.site_id) AND (post_id = tq1.question_id))"
                                                            }
                                                        ]
                                                    }
                                                ]
                                            },
                                            {
                                                "Node Type": "Bitmap Heap Scan",
                                                "Parent Relationship": "Inner",
                                                "Parallel Aware": false,
                                                "Async Capable": false,
                                                "Relation Name": "account",
                                                "Alias": "account",
                                                "Startup Cost": 4.02,
                                                "Total Cost": 8.04,
                                                "Plan Rows": 1,
                                                "Plan Width": 15,
                                                "Actual Startup Time": 0.003,
                                                "Actual Total Time": 0.003,
                                                "Actual Rows": 1,
                                                "Actual Loops": 20,
                                                "Recheck Cond": "(id = u1.account_id)",
                                                "Rows Removed by Index Recheck": 0,
                                                "Exact Heap Blocks": 20,
                                                "Lossy Heap Blocks": 0,
                                                "Plans": [
                                                    {
                                                        "Node Type": "Bitmap Index Scan",
                                                        "Parent Relationship": "Outer",
                                                        "Parallel Aware": false,
                                                        "Async Capable": false,
                                                        "Index Name": "account_pkey",
                                                        "Startup Cost": 0.0,
                                                        "Total Cost": 4.02,
                                                        "Plan Rows": 1,
                                                        "Plan Width": 0,
                                                        "Actual Startup Time": 0.002,
                                                        "Actual Total Time": 0.002,
                                                        "Actual Rows": 1,
                                                        "Actual Loops": 20,
                                                        "Index Cond": "(id = u1.account_id)"
                                                    }
                                                ]
                                            }
                                        ]
                                    }
                                ]
                            }
                        ]
                    },
                    "Planning Time": 3.857,
                    "Triggers": [],
                    "Execution Time": 11.1
                }
            ],
            "hints": [
                "SET enable_hashjoin TO on",
                "SET enable_indexonlyscan TO on",
                "SET enable_indexscan TO off",
                "SET enable_mergejoin TO off",
                "SET enable_nestloop TO on",
                "SET enable_seqscan TO on"
            ]
        },
        {
            "arm": 3,
            "execution_time": 3545.029,
            "plan": [
                {
                    "Plan": {
                        "Node Type": "Aggregate",
                        "Strategy": "Plain",
                        "Partial Mode": "Simple",
                        "Parallel Aware": false,
                        "Async Capable": false,
                        "Startup Cost": 5379551.84,
                        "Total Cost": 5379551.85,
                        "Plan Rows": 1,
                        "Plan Width": 8,
                        "Actual Startup Time": 3535.252,
                        "Actual Total Time": 3544.99,
                        "Actual Rows": 1,
                        "Actual Loops": 1,
                        "Plans": [
                            {
                                "Node Type": "Sort",
                                "Parent Relationship": "Outer",
                                "Parallel Aware": false,
                                "Async Capable": false,
                                "Startup Cost": 5379551.83,
                                "Total Cost": 5379551.84,
                                "Plan Rows": 1,
                                "Plan Width": 11,
                                "Actual Startup Time": 3535.245,
                                "Actual Total Time": 3544.983,
                                "Actual Rows": 20,
                                "Actual Loops": 1,
                                "Sort Key": [
                                    "account.display_name"
                                ],
                                "Sort Method": "quicksort",
                                "Sort Space Used": 25,
                                "Sort Space Type": "Memory",
                                "Plans": [
                                    {
                                        "Node Type": "Gather",
                                        "Parent Relationship": "Outer",
                                        "Parallel Aware": false,
                                        "Async Capable": false,
                                        "Startup Cost": 5227096.91,
                                        "Total Cost": 5379551.82,
                                        "Plan Rows": 1,
                                        "Plan Width": 11,
                                        "Actual Startup Time": 3531.287,
                                        "Actual Total Time": 3544.969,
                                        "Actual Rows": 20,
                                        "Actual Loops": 1,
                                        "Workers Planned": 5,
                                        "Workers Launched": 5,
                                        "Single Copy": false,
                                        "Plans": [
                                            {
                                                "Node Type": "Hash Join",
                                                "Parent Relationship": "Outer",
                                                "Parallel Aware": true,
                                                "Async Capable": false,
                                                "Join Type": "Inner",
                                                "Startup Cost": 5226096.91,
                                                "Total Cost": 5378551.72,
                                                "Plan Rows": 1,
                                                "Plan Width": 11,
                                                "Actual Startup Time": 3523.423,
                                                "Actual Total Time": 3532.983,
                                                "Actual Rows": 3,
                                                "Actual Loops": 6,
                                                "Inner Unique": false,
                                                "Hash Cond": "(account.id = u1.account_id)",
                                                "Workers": [],
                                                "Plans": [
                                                    {
                                                        "Node Type": "Seq Scan",
                                                        "Parent Relationship": "Outer",
                                                        "Parallel Aware": true,
                                                        "Async Capable": false,
                                                        "Relation Name": "account",
                                                        "Alias": "account",
                                                        "Startup Cost": 0.0,
                                                        "Total Cost": 142069.67,
                                                        "Plan Rows": 2769367,
                                                        "Plan Width": 15,
                                                        "Actual Startup Time": 0.016,
                                                        "Actual Total Time": 105.657,
                                                        "Actual Rows": 2312026,
                                                        "Actual Loops": 6,
                                                        "Workers": []
                                                    },
                                                    {
                                                        "Node Type": "Hash",
                                                        "Parent Relationship": "Inner",
                                                        "Parallel Aware": true,
                                                        "Async Capable": false,
                                                        "Startup Cost": 5226096.9,
                                                        "Total Cost": 5226096.9,
                                                        "Plan Rows": 1,
                                                        "Plan Width": 4,
                                                        "Actual Startup Time": 3344.656,
                                                        "Actual Total Time": 3344.663,
                                                        "Actual Rows": 3,
                                                        "Actual Loops": 6,
                                                        "Hash Buckets": 1024,
                                                        "Original Hash Buckets": 1024,
                                                        "Hash Batches": 1,
                                                        "Original Hash Batches": 1,
                                                        "Peak Memory Usage": 72,
                                                        "Workers": [],
                                                        "Plans": [
                                                            {
                                                                "Node Type": "Hash Join",
                                                                "Parent Relationship": "Outer",
                                                                "Parallel Aware": true,
                                                                "Async Capable": false,
                                                                "Join Type": "Inner",
                                                                "Startup Cost": 4955062.61,
                                                                "Total Cost": 5226096.9,
                                                                "Plan Rows": 1,
                                                                "Plan Width": 4,
                                                                "Actual Startup Time": 3313.28,
                                                                "Actual Total Time": 3344.632,
                                                                "Actual Rows": 3,
                                                                "Actual Loops": 6,
                                                                "Inner Unique": false,
                                                                "Hash Cond": "((u1.site_id = t1.site_id) AND (u1.id = q1.owner_user_id))",
                                                                "Workers": [],
                                                                "Plans": [
                                                                    {
                                                                        "Node Type": "Seq Scan",
                                                                        "Parent Relationship": "Outer",
                                                                        "Parallel Aware": true,
                                                                        "Async Capable": false,
                                                                        "Relation Name": "so_user",
                                                                        "Alias": "u1",
                                                                        "Startup Cost": 0.0,
                                                                        "Total Cost": 239391.02,
                                                                        "Plan Rows": 4219102,
                                                                        "Plan Width": 12,
                                                                        "Actual Startup Time": 0.01,
                                                                        "Actual Total Time": 156.361,
                                                                        "Actual Rows": 3516217,
                                                                        "Actual Loops": 6,
                                                                        "Workers": []
                                                                    },
                                                                    {
                                                                        "Node Type": "Hash",
                                                                        "Parent Relationship": "Inner",
                                                                        "Parallel Aware": true,
                                                                        "Async Capable": false,
                                                                        "Startup Cost": 4955062.6,
                                                                        "Total Cost": 4955062.6,
                                                                        "Plan Rows": 1,
                                                                        "Plan Width": 24,
                                                                        "Actual Startup Time": 3040.642,
                                                                        "Actual Total Time": 3040.648,
                                                                        "Actual Rows": 3,
                                                                        "Actual Loops": 6,
                                                                        "Hash Buckets": 1024,
                                                                        "Original Hash Buckets": 1024,
                                                                        "Hash Batches": 1,
                                                                        "Original Hash Batches": 1,
                                                                        "Peak Memory Usage": 104,
                                                                        "Workers": [],
                                                                        "Plans": [
                                                                            {
                                                                                "Node Type": "Hash Join",
                                                                                "Parent Relationship": "Outer",
                                                                                "Parallel Aware": true,
                                                                                "Async Capable": false,
                                                                                "Join Type": "Inner",
                                                                                "Startup Cost": 3259253.37,
                                                                                "Total Cost": 4955062.6,
                                                                                "Plan Rows": 1,
                                                                                "Plan Width": 24,
                                                                                "Actual Startup Time": 3024.46,
                                                                                "Actual Total Time": 3040.622,
                                                                                "Actual Rows": 3,
                                                                                "Actual Loops": 6,
                                                                                "Inner Unique": false,
                                                                                "Hash Cond": "((q1.site_id = t1.site_id) AND (q1.id = tq1.question_id))",
                                                                                "Join Filter": "(c1.score > q1.score)",
                                                                                "Rows Removed by Join Filter": 40,
                                                                                "Workers": [],
                                                                                "Plans": [
                                                                                    {
                                                                                        "Node Type": "Seq Scan",
                                                                                        "Parent Relationship": "Outer",
                                                                                        "Parallel Aware": true,
                                                                                        "Async Capable": false,
                                                                                        "Relation Name": "question",
                                                                                        "Alias": "q1",
                                                                                        "Startup Cost": 0.0,
                                                                                        "Total Cost": 1682252.12,
                                                                                        "Plan Rows": 1807612,
                                                                                        "Plan Width": 16,
                                                                                        "Actual Startup Time": 0.017,
                                                                                        "Actual Total Time": 516.202,
                                                                                        "Actual Rows": 2111074,
                                                                                        "Actual Loops": 6,
                                                                                        "Workers": []
                                                                                    },
                                                                                    {
                                                                                        "Node Type": "Hash",
                                                                                        "Parent Relationship": "Inner",
                                                                                        "Parallel Aware": true,
                                                                                        "Async Capable": false,
                                                                                        "Startup Cost": 3259253.36,
                                                                                        "Total Cost": 3259253.36,
                                                                                        "Plan Rows": 1,
                                                                                        "Plan Width": 28,
                                                                                        "Actual Startup Time": 2407.823,
                                                                                        "Actual Total Time": 2407.828,
                                                                                        "Actual Rows": 43,
                                                                                        "Actual Loops": 6,
                                                                                        "Hash Buckets": 1024,
                                                                                        "Original Hash Buckets": 1024,
                                                                                        "Hash Batches": 1,
                                                                                        "Original Hash Batches": 1,
                                                                                        "Peak Memory Usage": 40,
                                                                                        "Workers": [],
                                                                                        "Plans": [
                                                                                            {
                                                                                                "Node Type": "Hash Join",
                                                                                                "Parent Relationship": "Outer",
                                                                                                "Parallel Aware": true,
                                                                                                "Async Capable": false,
                                                                                                "Join Type": "Inner",
                                                                                                "Startup Cost": 314747.54,
                                                                                                "Total Cost": 3259253.36,
                                                                                                "Plan Rows": 1,
                                                                                                "Plan Width": 28,
                                                                                                "Actual Startup Time": 2099.488,
                                                                                                "Actual Total Time": 2407.792,
                                                                                                "Actual Rows": 43,
                                                                                                "Actual Loops": 6,
                                                                                                "Inner Unique": false,
                                                                                                "Hash Cond": "((s1.site_id = t1.site_id) AND (c1.post_id = tq1.question_id))",
                                                                                                "Workers": [],
                                                                                                "Plans": [
                                                                                                    {
                                                                                                        "Node Type": "Hash Join",
                                                                                                        "Parent Relationship": "Outer",
                                                                                                        "Parallel Aware": false,
                                                                                                        "Async Capable": false,
                                                                                                        "Join Type": "Inner",
                                                                                                        "Startup Cost": 3.18,
                                                                                                        "Total Cost": 2943948.13,
                                                                                                        "Plan Rows": 74780,
                                                                                                        "Plan Width": 16,
                                                                                                        "Actual Startup Time": 967.816,
                                                                                                        "Actual Total Time": 1891.491,
                                                                                                        "Actual Rows": 2972,
                                                                                                        "Actual Loops": 6,
                                                                                                        "Inner Unique": true,
                                                                                                        "Hash Cond": "(c1.site_id = s1.site_id)",
                                                                                                        "Workers": [],
                                                                                                        "Plans": [
                                                                                                            {
                                                                                                                "Node Type": "Seq Scan",
                                                                                                                "Parent Relationship": "Outer",
                                                                                                                "Parallel Aware": true,
                                                                                                                "Async Capable": false,
                                                                                                                "Relation Name": "comment",
                                                                                                                "Alias": "c1",
                                                                                                                "Startup Cost": 0.0,
                                                                                                                "Total Cost": 2909153.53,
                                                                                                                "Plan Rows": 12936953,
                                                                                                                "Plan Width": 12,
                                                                                                                "Actual Startup Time": 0.045,
                                                                                                                "Actual Total Time": 1280.499,
                                                                                                                "Actual Rows": 17243326,
                                                                                                                "Actual Loops": 6,
                                                                                                                "Workers": []
                                                                                                            },
                                                                                                            {
                                                                                                                "Node Type": "Hash",
                                                                                                                "Parent Relationship": "Inner",
                                                                                                                "Parallel Aware": false,
                                                                                                                "Async Capable": false,
                                                                                                                "Startup Cost": 3.16,
                                                                                                                "Total Cost": 3.16,
                                                                                                                "Plan Rows": 1,
                                                                                                                "Plan Width": 4,
                                                                                                                "Actual Startup Time": 0.017,
                                                                                                                "Actual Total Time": 0.018,
                                                                                                                "Actual Rows": 1,
                                                                                                                "Actual Loops": 6,
                                                                                                                "Hash Buckets": 1024,
                                                                                                                "Original Hash Buckets": 1024,
                                                                                                                "Hash Batches": 1,
                                                                                                                "Original Hash Batches": 1,
                                                                                                                "Peak Memory Usage": 9,
                                                                                                                "Workers": [],
                                                                                                                "Plans": [
                                                                                                                    {
                                                                                                                        "Node Type": "Seq Scan",
                                                                                                                        "Parent Relationship": "Outer",
                                                                                                                        "Parallel Aware": false,
                                                                                                                        "Async Capable": false,
                                                                                                                        "Relation Name": "site",
                                                                                                                        "Alias": "s1",
                                                                                                                        "Startup Cost": 0.0,
                                                                                                                        "Total Cost": 3.16,
                                                                                                                        "Plan Rows": 1,
                                                                                                                        "Plan Width": 4,
                                                                                                                        "Actual Startup Time": 0.01,
                                                                                                                        "Actual Total Time": 0.015,
                                                                                                                        "Actual Rows": 1,
                                                                                                                        "Actual Loops": 6,
                                                                                                                        "Filter": "((site_name)::text = 'avp'::text)",
                                                                                                                        "Rows Removed by Filter": 172,
                                                                                                                        "Workers": []
                                                                                                                    }
                                                                                                                ]
                                                                                                            }
                                                                                                        ]
                                                                                                    },
                                                                                                    {
                                                                                                        "Node Type": "Hash",
                                                                                                        "Parent Relationship": "Inner",
                                                                                                        "Parallel Aware": true,
                                                                                                        "Async Capable": false,
                                                                                                        "Startup Cost": 314737.85,
                                                                                                        "Total Cost": 314737.85,
                                                                                                        "Plan Rows": 434,
                                                                                                        "Plan Width": 12,
                                                                                                        "Actual Startup Time": 516.006,
                                                                                                        "Actual Total Time": 516.008,
                                                                                                        "Actual Rows": 601,
                                                                                                        "Actual Loops": 6,
                                                                                                        "Hash Buckets": 4096,
                                                                                                        "Original Hash Buckets": 4096,
                                                                                                        "Hash Batches": 1,
                                                                                                        "Original Hash Batches": 1,
                                                                                                        "Peak Memory Usage": 288,
                                                                                                        "Workers": [],
                                                                                                        "Plans": [
                                                                                                            {
                                                                                                                "Node Type": "Hash Join",
                                                                                                                "Parent Relationship": "Outer",
                                                                                                                "Parallel Aware": true,
                                                                                                                "Async Capable": false,
                                                                                                                "Join Type": "Inner",
                                                                                                                "Startup Cost": 2848.06,
                                                                                                                "Total Cost": 314737.85,
                                                                                                                "Plan Rows": 434,
                                                                                                                "Plan Width": 12,
                                                                                                                "Actual Startup Time": 5.073,
                                                                                                                "Actual Total Time": 515.831,
                                                                                                                "Actual Rows": 601,
                                                                                                                "Actual Loops": 6,
                                                                                                                "Inner Unique": true,
                                                                                                                "Hash Cond": "((tq1.site_id = t1.site_id) AND (tq1.tag_id = t1.id))",
                                                                                                                "Workers": [],
                                                                                                                "Plans": [
                                                                                                                    {
                                                                                                                        "Node Type": "Seq Scan",
                                                                                                                        "Parent Relationship": "Outer",
                                                                                                                        "Parallel Aware": true,
                                                                                                                        "Async Capable": false,
                                                                                                                        "Relation Name": "tag_question",
                                                                                                                        "Alias": "tq1",
                                                                                                                        "Startup Cost": 0.0,
                                                                                                                        "Total Cost": 273159.66,
                                                                                                                        "Plan Rows": 7376766,
                                                                                                                        "Plan Width": 12,
                                                                                                                        "Actual Startup Time": 0.024,
                                                                                                                        "Actual Total Time": 255.091,
                                                                                                                        "Actual Rows": 6147303,
                                                                                                                        "Actual Loops": 6,
                                                                                                                        "Workers": []
                                                                                                                    },
                                                                                                                    {
                                                                                                                        "Node Type": "Hash",
                                                                                                                        "Parent Relationship": "Inner",
                                                                                                                        "Parallel Aware": true,
                                                                                                                        "Async Capable": false,
                                                                                                                        "Startup Cost": 2847.97,
                                                                                                                        "Total Cost": 2847.97,
                                                                                                                        "Plan Rows": 6,
                                                                                                                        "Plan Width": 8,
                                                                                                                        "Actual Startup Time": 3.006,
                                                                                                                        "Actual Total Time": 3.007,
                                                                                                                        "Actual Rows": 4,
                                                                                                                        "Actual Loops": 6,
                                                                                                                        "Hash Buckets": 1024,
                                                                                                                        "Original Hash Buckets": 1024,
                                                                                                                        "Hash Batches": 1,
                                                                                                                        "Original Hash Batches": 1,
                                                                                                                        "Peak Memory Usage": 200,
                                                                                                                        "Workers": [],
                                                                                                                        "Plans": [
                                                                                                                            {
                                                                                                                                "Node Type": "Seq Scan",
                                                                                                                                "Parent Relationship": "Outer",
                                                                                                                                "Parallel Aware": true,
                                                                                                                                "Async Capable": false,
                                                                                                                                "Relation Name": "tag",
                                                                                                                                "Alias": "t1",
                                                                                                                                "Startup Cost": 0.0,
                                                                                                                                "Total Cost": 2847.97,
                                                                                                                                "Plan Rows": 6,
                                                                                                                                "Plan Width": 8,
                                                                                                                                "Actual Startup Time": 0.552,
                                                                                                                                "Actual Total Time": 2.971,
                                                                                                                                "Actual Rows": 4,
                                                                                                                                "Actual Loops": 6,
                                                                                                                                "Filter": "((name)::text = ANY ('{editing,footage,nikon,cc-2017}'::text[]))",
                                                                                                                                "Rows Removed by Filter": 31124,
                                                                                                                                "Workers": []
                                                                                                                            }
                                                                                                                        ]
                                                                                                                    }
                                                                                                                ]
                                                                                                            }
                                                                                                        ]
                                                                                                    }
                                                                                                ]
                                                                                            }
                                                                                        ]
                                                                                    }
                                                                                ]
                                                                            }
                                                                        ]
                                                                    }
                                                                ]
                                                            }
                                                        ]
                                                    }
                                                ]
                                            }
                                        ]
                                    }
                                ]
                            }
                        ]
                    },
                    "Planning Time": 4.031,
                    "Triggers": [],
                    "Execution Time": 3545.029
                }
            ],
            "hints": [
                "SET enable_hashjoin TO on",
                "SET enable_indexonlyscan TO on",
                "SET enable_indexscan TO off",
                "SET enable_mergejoin TO off",
                "SET enable_nestloop TO off",
                "SET enable_seqscan TO on"
            ]
        },
        {
            "arm": 4,
            "execution_time": 11.069,
            "plan": [
                {
                    "Plan": {
                        "Node Type": "Aggregate",
                        "Strategy": "Plain",
                        "Partial Mode": "Simple",
                        "Parallel Aware": false,
                        "Async Capable": false,
                        "Startup Cost": 4035.47,
                        "Total Cost": 4035.48,
                        "Plan Rows": 1,
                        "Plan Width": 8,
                        "Actual Startup Time": 10.368,
                        "Actual Total Time": 11.029,
                        "Actual Rows": 1,
                        "Actual Loops": 1,
                        "Plans": [
                            {
                                "Node Type": "Sort",
                                "Parent Relationship": "Outer",
                                "Parallel Aware": false,
                                "Async Capable": false,
                                "Startup Cost": 4035.47,
                                "Total Cost": 4035.47,
                                "Plan Rows": 1,
                                "Plan Width": 11,
                                "Actual Startup Time": 10.361,
                                "Actual Total Time": 11.023,
                                "Actual Rows": 20,
                                "Actual Loops": 1,
                                "Sort Key": [
                                    "account.display_name"
                                ],
                                "Sort Method": "quicksort",
                                "Sort Space Used": 25,
                                "Sort Space Type": "Memory",
                                "Plans": [
                                    {
                                        "Node Type": "Nested Loop",
                                        "Parent Relationship": "Outer",
                                        "Parallel Aware": false,
                                        "Async Capable": false,
                                        "Join Type": "Inner",
                                        "Startup Cost": 1005.61,
                                        "Total Cost": 4035.46,
                                        "Plan Rows": 1,
                                        "Plan Width": 11,
                                        "Actual Startup Time": 1.216,
                                        "Actual Total Time": 11.012,
                                        "Actual Rows": 20,
                                        "Actual Loops": 1,
                                        "Inner Unique": true,
                                        "Plans": [
                                            {
                                                "Node Type": "Nested Loop",
                                                "Parent Relationship": "Outer",
                                                "Parallel Aware": false,
                                                "Async Capable": false,
                                                "Join Type": "Inner",
                                                "Startup Cost": 1005.18,
                                                "Total Cost": 4027.84,
                                                "Plan Rows": 1,
                                                "Plan Width": 4,
                                                "Actual Startup Time": 1.21,
                                                "Actual Total Time": 10.954,
                                                "Actual Rows": 20,
                                                "Actual Loops": 1,
                                                "Inner Unique": false,
                                                "Join Filter": "((c1.score > q1.score) AND (t1.site_id = c1.site_id))",
                                                "Rows Removed by Join Filter": 239,
                                                "Plans": [
                                                    {
                                                        "Node Type": "Nested Loop",
                                                        "Parent Relationship": "Outer",
                                                        "Parallel Aware": false,
                                                        "Async Capable": false,
                                                        "Join Type": "Inner",
                                                        "Startup Cost": 1004.61,
                                                        "Total Cost": 4020.06,
                                                        "Plan Rows": 1,
                                                        "Plan Width": 36,
                                                        "Actual Startup Time": 0.943,
                                                        "Actual Total Time": 10.616,
                                                        "Actual Rows": 159,
                                                        "Actual Loops": 1,
                                                        "Inner Unique": true,
                                                        "Join Filter": "(t1.site_id = u1.site_id)",
                                                        "Rows Removed by Join Filter": 0,
                                                        "Plans": [
                                                            {
                                                                "Node Type": "Gather",
                                                                "Parent Relationship": "Outer",
                                                                "Parallel Aware": false,
                                                                "Async Capable": false,
                                                                "Startup Cost": 1004.17,
                                                                "Total Cost": 4012.42,
                                                                "Plan Rows": 1,
                                                                "Plan Width": 32,
                                                                "Actual Startup Time": 0.936,
                                                                "Actual Total Time": 10.222,
                                                                "Actual Rows": 159,
                                                                "Actual Loops": 1,
                                                                "Workers Planned": 1,
                                                                "Workers Launched": 1,
                                                                "Single Copy": false,
                                                                "Plans": [
                                                                    {
                                                                        "Node Type": "Nested Loop",
                                                                        "Parent Relationship": "Outer",
                                                                        "Parallel Aware": false,
                                                                        "Async Capable": false,
                                                                        "Join Type": "Inner",
                                                                        "Startup Cost": 4.17,
                                                                        "Total Cost": 3012.32,
                                                                        "Plan Rows": 1,
                                                                        "Plan Width": 32,
                                                                        "Actual Startup Time": 4.12,
                                                                        "Actual Total Time": 8.348,
                                                                        "Actual Rows": 80,
                                                                        "Actual Loops": 2,
                                                                        "Inner Unique": true,
                                                                        "Join Filter": "(t1.site_id = q1.site_id)",
                                                                        "Rows Removed by Join Filter": 0,
                                                                        "Workers": [],
                                                                        "Plans": [
                                                                            {
                                                                                "Node Type": "Nested Loop",
                                                                                "Parent Relationship": "Outer",
                                                                                "Parallel Aware": false,
                                                                                "Async Capable": false,
                                                                                "Join Type": "Inner",
                                                                                "Startup Cost": 3.74,
                                                                                "Total Cost": 2913.16,
                                                                                "Plan Rows": 13,
                                                                                "Plan Width": 16,
                                                                                "Actual Startup Time": 4.117,
                                                                                "Actual Total Time": 8.149,
                                                                                "Actual Rows": 80,
                                                                                "Actual Loops": 2,
                                                                                "Inner Unique": false,
                                                                                "Workers": [],
                                                                                "Plans": [
                                                                                    {
                                                                                        "Node Type": "Hash Join",
                                                                                        "Parent Relationship": "Outer",
                                                                                        "Parallel Aware": false,
                                                                                        "Async Capable": false,
                                                                                        "Join Type": "Inner",
                                                                                        "Startup Cost": 3.18,
                                                                                        "Total Cost": 2851.16,
                                                                                        "Plan Rows": 1,
                                                                                        "Plan Width": 12,
                                                                                        "Actual Startup Time": 4.108,
                                                                                        "Actual Total Time": 8.105,
                                                                                        "Actual Rows": 2,
                                                                                        "Actual Loops": 2,
                                                                                        "Inner Unique": true,
                                                                                        "Hash Cond": "(t1.site_id = s1.site_id)",
                                                                                        "Workers": [],
                                                                                        "Plans": [
                                                                                            {
                                                                                                "Node Type": "Seq Scan",
                                                                                                "Parent Relationship": "Outer",
                                                                                                "Parallel Aware": true,
                                                                                                "Async Capable": false,
                                                                                                "Relation Name": "tag",
                                                                                                "Alias": "t1",
                                                                                                "Startup Cost": 0.0,
                                                                                                "Total Cost": 2847.97,
                                                                                                "Plan Rows": 6,
                                                                                                "Plan Width": 8,
                                                                                                "Actual Startup Time": 0.681,
                                                                                                "Actual Total Time": 8.032,
                                                                                                "Actual Rows": 12,
                                                                                                "Actual Loops": 2,
                                                                                                "Filter": "((name)::text = ANY ('{editing,footage,nikon,cc-2017}'::text[]))",
                                                                                                "Rows Removed by Filter": 93373,
                                                                                                "Workers": []
                                                                                            },
                                                                                            {
                                                                                                "Node Type": "Hash",
                                                                                                "Parent Relationship": "Inner",
                                                                                                "Parallel Aware": false,
                                                                                                "Async Capable": false,
                                                                                                "Startup Cost": 3.16,
                                                                                                "Total Cost": 3.16,
                                                                                                "Plan Rows": 1,
                                                                                                "Plan Width": 4,
                                                                                                "Actual Startup Time": 0.019,
                                                                                                "Actual Total Time": 0.019,
                                                                                                "Actual Rows": 1,
                                                                                                "Actual Loops": 2,
                                                                                                "Hash Buckets": 1024,
                                                                                                "Original Hash Buckets": 1024,
                                                                                                "Hash Batches": 1,
                                                                                                "Original Hash Batches": 1,
                                                                                                "Peak Memory Usage": 9,
                                                                                                "Workers": [],
                                                                                                "Plans": [
                                                                                                    {
                                                                                                        "Node Type": "Seq Scan",
                                                                                                        "Parent Relationship": "Outer",
                                                                                                        "Parallel Aware": false,
                                                                                                        "Async Capable": false,
                                                                                                        "Relation Name": "site",
                                                                                                        "Alias": "s1",
                                                                                                        "Startup Cost": 0.0,
                                                                                                        "Total Cost": 3.16,
                                                                                                        "Plan Rows": 1,
                                                                                                        "Plan Width": 4,
                                                                                                        "Actual Startup Time": 0.009,
                                                                                                        "Actual Total Time": 0.015,
                                                                                                        "Actual Rows": 1,
                                                                                                        "Actual Loops": 2,
                                                                                                        "Filter": "((site_name)::text = 'avp'::text)",
                                                                                                        "Rows Removed by Filter": 172,
                                                                                                        "Workers": []
                                                                                                    }
                                                                                                ]
                                                                                            }
                                                                                        ]
                                                                                    },
                                                                                    {
                                                                                        "Node Type": "Index Only Scan",
                                                                                        "Parent Relationship": "Inner",
                                                                                        "Parallel Aware": false,
                                                                                        "Async Capable": false,
                                                                                        "Scan Direction": "Forward",
                                                                                        "Index Name": "tag_question_site_id_tag_id_question_id_idx",
                                                                                        "Relation Name": "tag_question",
                                                                                        "Alias": "tq1",
                                                                                        "Startup Cost": 0.56,
                                                                                        "Total Cost": 61.69,
                                                                                        "Plan Rows": 31,
                                                                                        "Plan Width": 12,
                                                                                        "Actual Startup Time": 0.006,
                                                                                        "Actual Total Time": 0.019,
                                                                                        "Actual Rows": 40,
                                                                                        "Actual Loops": 4,
                                                                                        "Index Cond": "((site_id = t1.site_id) AND (tag_id = t1.id))",
                                                                                        "Rows Removed by Index Recheck": 0,
                                                                                        "Heap Fetches": 159,
                                                                                        "Workers": []
                                                                                    }
                                                                                ]
                                                                            },
                                                                            {
                                                                                "Node Type": "Index Scan",
                                                                                "Parent Relationship": "Inner",
                                                                                "Parallel Aware": false,
                                                                                "Async Capable": false,
                                                                                "Scan Direction": "Forward",
                                                                                "Index Name": "question_pkey",
                                                                                "Relation Name": "question",
                                                                                "Alias": "q1",
                                                                                "Startup Cost": 0.43,
                                                                                "Total Cost": 7.62,
                                                                                "Plan Rows": 1,
                                                                                "Plan Width": 16,
                                                                                "Actual Startup Time": 0.002,
                                                                                "Actual Total Time": 0.002,
                                                                                "Actual Rows": 1,
                                                                                "Actual Loops": 159,
                                                                                "Index Cond": "((id = tq1.question_id) AND (site_id = tq1.site_id))",
                                                                                "Rows Removed by Index Recheck": 0,
                                                                                "Workers": []
                                                                            }
                                                                        ]
                                                                    }
                                                                ]
                                                            },
                                                            {
                                                                "Node Type": "Index Scan",
                                                                "Parent Relationship": "Inner",
                                                                "Parallel Aware": false,
                                                                "Async Capable": false,
                                                                "Scan Direction": "Forward",
                                                                "Index Name": "so_user_pkey",
                                                                "Relation Name": "so_user",
                                                                "Alias": "u1",
                                                                "Startup Cost": 0.44,
                                                                "Total Cost": 7.62,
                                                                "Plan Rows": 1,
                                                                "Plan Width": 12,
                                                                "Actual Startup Time": 0.002,
                                                                "Actual Total Time": 0.002,
                                                                "Actual Rows": 1,
                                                                "Actual Loops": 159,
                                                                "Index Cond": "((id = q1.owner_user_id) AND (site_id = q1.site_id))",
                                                                "Rows Removed by Index Recheck": 0
                                                            }
                                                        ]
                                                    },
                                                    {
                                                        "Node Type": "Index Scan",
                                                        "Parent Relationship": "Inner",
                                                        "Parallel Aware": false,
                                                        "Async Capable": false,
                                                        "Scan Direction": "Forward",
                                                        "Index Name": "comment_site_id_post_id_idx",
                                                        "Relation Name": "comment",
                                                        "Alias": "c1",
                                                        "Startup Cost": 0.57,
                                                        "Total Cost": 7.77,
                                                        "Plan Rows": 1,
                                                        "Plan Width": 12,
                                                        "Actual Startup Time": 0.002,
                                                        "Actual Total Time": 0.002,
                                                        "Actual Rows": 2,
                                                        "Actual Loops": 159,
                                                        "Index Cond": "((site_id = tq1.site_id) AND (post_id = tq1.question_id))",
                                                        "Rows Removed by Index Recheck": 0
                                                    }
                                                ]
                                            },
                                            {
                                                "Node Type": "Index Scan",
                                                "Parent Relationship": "Inner",
                                                "Parallel Aware": false,
                                                "Async Capable": false,
                                                "Scan Direction": "Forward",
                                                "Index Name": "account_pkey",
                                                "Relation Name": "account",
                                                "Alias": "account",
                                                "Startup Cost": 0.43,
                                                "Total Cost": 7.61,
                                                "Plan Rows": 1,
                                                "Plan Width": 15,
                                                "Actual Startup Time": 0.003,
                                                "Actual Total Time": 0.003,
                                                "Actual Rows": 1,
                                                "Actual Loops": 20,
                                                "Index Cond": "(id = u1.account_id)",
                                                "Rows Removed by Index Recheck": 0
                                            }
                                        ]
                                    }
                                ]
                            }
                        ]
                    },
                    "Planning Time": 4.204,
                    "Triggers": [],
                    "Execution Time": 11.069
                }
            ],
            "hints": [
                "SET enable_hashjoin TO on",
                "SET enable_indexonlyscan TO on",
                "SET enable_indexscan TO on",
                "SET enable_mergejoin TO off",
                "SET enable_nestloop TO on",
                "SET enable_seqscan TO on"
            ]
        }
    ]
}