{
    "sql_file": "soload_q12-001.sql",
    "query": "SELECT t1.name, count(*)\nFROM\nsite as s,\nso_user as u1,\nquestion as q1,\nanswer as a1,\ntag as t1,\ntag_question as tq1\nWHERE\nq1.owner_user_id = u1.id\nAND a1.question_id = q1.id\nAND a1.owner_user_id = u1.id\nAND s.site_id = q1.site_id\nAND s.site_id = a1.site_id\nAND s.site_id = u1.site_id\nAND s.site_id = tq1.site_id\nAND s.site_id = t1.site_id\nAND q1.id = tq1.question_id\nAND t1.id = tq1.tag_id\nAND (s.site_name in ('android','gamedev','judaism','sharepoint'))\nAND (t1.name in ('java','opengl','powershell','sharepoint-enterprise','sharepoint-foundation','sharepoint-online','sources-mekorot','web-part','xna'))\nAND (q1.view_count >= 10)\nAND (q1.view_count <= 1000)\nAND (u1.reputation >= 10)\nAND (u1.reputation <= 100000)\nGROUP BY t1.name",
    "results": [
        {
            "arm": 0,
            "execution_time": 203.21,
            "plan": [
                {
                    "Plan": {
                        "Node Type": "Aggregate",
                        "Strategy": "Sorted",
                        "Partial Mode": "Simple",
                        "Parallel Aware": false,
                        "Async Capable": false,
                        "Startup Cost": 4797.61,
                        "Total Cost": 4797.63,
                        "Plan Rows": 1,
                        "Plan Width": 19,
                        "Actual Startup Time": 203.109,
                        "Actual Total Time": 203.169,
                        "Actual Rows": 9,
                        "Actual Loops": 1,
                        "Group Key": [
                            "t1.name"
                        ],
                        "Plans": [
                            {
                                "Node Type": "Sort",
                                "Parent Relationship": "Outer",
                                "Parallel Aware": false,
                                "Async Capable": false,
                                "Startup Cost": 4797.61,
                                "Total Cost": 4797.62,
                                "Plan Rows": 1,
                                "Plan Width": 11,
                                "Actual Startup Time": 203.101,
                                "Actual Total Time": 203.149,
                                "Actual Rows": 300,
                                "Actual Loops": 1,
                                "Sort Key": [
                                    "t1.name"
                                ],
                                "Sort Method": "quicksort",
                                "Sort Space Used": 32,
                                "Sort Space Type": "Memory",
                                "Plans": [
                                    {
                                        "Node Type": "Gather",
                                        "Parent Relationship": "Outer",
                                        "Parallel Aware": false,
                                        "Async Capable": false,
                                        "Startup Cost": 4541.76,
                                        "Total Cost": 4797.6,
                                        "Plan Rows": 1,
                                        "Plan Width": 11,
                                        "Actual Startup Time": 24.496,
                                        "Actual Total Time": 203.078,
                                        "Actual Rows": 300,
                                        "Actual Loops": 1,
                                        "Workers Planned": 1,
                                        "Workers Launched": 1,
                                        "Single Copy": false,
                                        "Plans": [
                                            {
                                                "Node Type": "Nested Loop",
                                                "Parent Relationship": "Outer",
                                                "Parallel Aware": false,
                                                "Async Capable": false,
                                                "Join Type": "Inner",
                                                "Startup Cost": 3541.76,
                                                "Total Cost": 3797.5,
                                                "Plan Rows": 1,
                                                "Plan Width": 11,
                                                "Actual Startup Time": 22.248,
                                                "Actual Total Time": 145.845,
                                                "Actual Rows": 150,
                                                "Actual Loops": 2,
                                                "Inner Unique": true,
                                                "Join Filter": "(s.site_id = u1.site_id)",
                                                "Rows Removed by Join Filter": 0,
                                                "Workers": [],
                                                "Plans": [
                                                    {
                                                        "Node Type": "Nested Loop",
                                                        "Parent Relationship": "Outer",
                                                        "Parallel Aware": false,
                                                        "Async Capable": false,
                                                        "Join Type": "Inner",
                                                        "Startup Cost": 3541.32,
                                                        "Total Cost": 3790.49,
                                                        "Plan Rows": 1,
                                                        "Plan Width": 39,
                                                        "Actual Startup Time": 22.141,
                                                        "Actual Total Time": 133.101,
                                                        "Actual Rows": 162,
                                                        "Actual Loops": 2,
                                                        "Inner Unique": true,
                                                        "Join Filter": "((a1.owner_user_id = q1.owner_user_id) AND (q1.id = a1.question_id) AND (s.site_id = q1.site_id))",
                                                        "Rows Removed by Join Filter": 1870,
                                                        "Workers": [],
                                                        "Plans": [
                                                            {
                                                                "Node Type": "Nested Loop",
                                                                "Parent Relationship": "Outer",
                                                                "Parallel Aware": false,
                                                                "Async Capable": false,
                                                                "Join Type": "Inner",
                                                                "Startup Cost": 3540.88,
                                                                "Total Cost": 3783.48,
                                                                "Plan Rows": 1,
                                                                "Plan Width": 39,
                                                                "Actual Startup Time": 14.085,
                                                                "Actual Total Time": 114.566,
                                                                "Actual Rows": 3723,
                                                                "Actual Loops": 2,
                                                                "Inner Unique": false,
                                                                "Join Filter": "(s.site_id = a1.site_id)",
                                                                "Rows Removed by Join Filter": 0,
                                                                "Workers": [],
                                                                "Plans": [
                                                                    {
                                                                        "Node Type": "Nested Loop",
                                                                        "Parent Relationship": "Outer",
                                                                        "Parallel Aware": false,
                                                                        "Async Capable": false,
                                                                        "Join Type": "Inner",
                                                                        "Startup Cost": 3540.45,
                                                                        "Total Cost": 3601.87,
                                                                        "Plan Rows": 26,
                                                                        "Plan Width": 27,
                                                                        "Actual Startup Time": 13.807,
                                                                        "Actual Total Time": 21.916,
                                                                        "Actual Rows": 11090,
                                                                        "Actual Loops": 2,
                                                                        "Inner Unique": false,
                                                                        "Join Filter": "(s.site_id = tq1.site_id)",
                                                                        "Rows Removed by Join Filter": 0,
                                                                        "Workers": [],
                                                                        "Plans": [
                                                                            {
                                                                                "Node Type": "Merge Join",
                                                                                "Parent Relationship": "Outer",
                                                                                "Parallel Aware": false,
                                                                                "Async Capable": false,
                                                                                "Join Type": "Inner",
                                                                                "Startup Cost": 3539.89,
                                                                                "Total Cost": 3540.2,
                                                                                "Plan Rows": 1,
                                                                                "Plan Width": 23,
                                                                                "Actual Startup Time": 13.488,
                                                                                "Actual Total Time": 13.5,
                                                                                "Actual Rows": 6,
                                                                                "Actual Loops": 2,
                                                                                "Inner Unique": true,
                                                                                "Merge Cond": "(t1.site_id = s.site_id)",
                                                                                "Workers": [],
                                                                                "Plans": [
                                                                                    {
                                                                                        "Node Type": "Sort",
                                                                                        "Parent Relationship": "Outer",
                                                                                        "Parallel Aware": false,
                                                                                        "Async Capable": false,
                                                                                        "Startup Cost": 3536.25,
                                                                                        "Total Cost": 3536.39,
                                                                                        "Plan Rows": 56,
                                                                                        "Plan Width": 19,
                                                                                        "Actual Startup Time": 13.458,
                                                                                        "Actual Total Time": 13.462,
                                                                                        "Actual Rows": 39,
                                                                                        "Actual Loops": 2,
                                                                                        "Sort Key": [
                                                                                            "t1.site_id"
                                                                                        ],
                                                                                        "Sort Method": "quicksort",
                                                                                        "Sort Space Used": 27,
                                                                                        "Sort Space Type": "Memory",
                                                                                        "Workers": [
                                                                                            {
                                                                                                "Worker Number": 0,
                                                                                                "Sort Method": "quicksort",
                                                                                                "Sort Space Used": 26,
                                                                                                "Sort Space Type": "Memory"
                                                                                            }
                                                                                        ],
                                                                                        "Plans": [
                                                                                            {
                                                                                                "Node Type": "Seq Scan",
                                                                                                "Parent Relationship": "Outer",
                                                                                                "Parallel Aware": true,
                                                                                                "Async Capable": false,
                                                                                                "Relation Name": "tag",
                                                                                                "Alias": "t1",
                                                                                                "Startup Cost": 0.0,
                                                                                                "Total Cost": 3534.62,
                                                                                                "Plan Rows": 56,
                                                                                                "Plan Width": 19,
                                                                                                "Actual Startup Time": 0.163,
                                                                                                "Actual Total Time": 13.436,
                                                                                                "Actual Rows": 53,
                                                                                                "Actual Loops": 2,
                                                                                                "Filter": "((name)::text = ANY ('{java,opengl,powershell,sharepoint-enterprise,sharepoint-foundation,sharepoint-online,sources-mekorot,web-part,xna}'::text[]))",
                                                                                                "Rows Removed by Filter": 93332,
                                                                                                "Workers": []
                                                                                            }
                                                                                        ]
                                                                                    },
                                                                                    {
                                                                                        "Node Type": "Sort",
                                                                                        "Parent Relationship": "Inner",
                                                                                        "Parallel Aware": false,
                                                                                        "Async Capable": false,
                                                                                        "Startup Cost": 3.63,
                                                                                        "Total Cost": 3.64,
                                                                                        "Plan Rows": 4,
                                                                                        "Plan Width": 4,
                                                                                        "Actual Startup Time": 0.026,
                                                                                        "Actual Total Time": 0.027,
                                                                                        "Actual Rows": 4,
                                                                                        "Actual Loops": 2,
                                                                                        "Sort Key": [
                                                                                            "s.site_id"
                                                                                        ],
                                                                                        "Sort Method": "quicksort",
                                                                                        "Sort Space Used": 25,
                                                                                        "Sort Space Type": "Memory",
                                                                                        "Workers": [
                                                                                            {
                                                                                                "Worker Number": 0,
                                                                                                "Sort Method": "quicksort",
                                                                                                "Sort Space Used": 25,
                                                                                                "Sort Space Type": "Memory"
                                                                                            }
                                                                                        ],
                                                                                        "Plans": [
                                                                                            {
                                                                                                "Node Type": "Seq Scan",
                                                                                                "Parent Relationship": "Outer",
                                                                                                "Parallel Aware": false,
                                                                                                "Async Capable": false,
                                                                                                "Relation Name": "site",
                                                                                                "Alias": "s",
                                                                                                "Startup Cost": 0.0,
                                                                                                "Total Cost": 3.59,
                                                                                                "Plan Rows": 4,
                                                                                                "Plan Width": 4,
                                                                                                "Actual Startup Time": 0.01,
                                                                                                "Actual Total Time": 0.021,
                                                                                                "Actual Rows": 4,
                                                                                                "Actual Loops": 2,
                                                                                                "Filter": "((site_name)::text = ANY ('{android,gamedev,judaism,sharepoint}'::text[]))",
                                                                                                "Rows Removed by Filter": 169,
                                                                                                "Workers": []
                                                                                            }
                                                                                        ]
                                                                                    }
                                                                                ]
                                                                            },
                                                                            {
                                                                                "Node Type": "Index Only Scan",
                                                                                "Parent Relationship": "Inner",
                                                                                "Parallel Aware": false,
                                                                                "Async Capable": false,
                                                                                "Scan Direction": "Forward",
                                                                                "Index Name": "tag_question_site_id_tag_id_question_id_idx",
                                                                                "Relation Name": "tag_question",
                                                                                "Alias": "tq1",
                                                                                "Startup Cost": 0.56,
                                                                                "Total Cost": 61.28,
                                                                                "Plan Rows": 31,
                                                                                "Plan Width": 12,
                                                                                "Actual Startup Time": 0.153,
                                                                                "Actual Total Time": 1.339,
                                                                                "Actual Rows": 2016,
                                                                                "Actual Loops": 11,
                                                                                "Index Cond": "((site_id = t1.site_id) AND (tag_id = t1.id))",
                                                                                "Rows Removed by Index Recheck": 0,
                                                                                "Heap Fetches": 22179,
                                                                                "Workers": []
                                                                            }
                                                                        ]
                                                                    },
                                                                    {
                                                                        "Node Type": "Index Scan",
                                                                        "Parent Relationship": "Inner",
                                                                        "Parallel Aware": false,
                                                                        "Async Capable": false,
                                                                        "Scan Direction": "Forward",
                                                                        "Index Name": "answer_site_id_question_id_idx",
                                                                        "Relation Name": "answer",
                                                                        "Alias": "a1",
                                                                        "Startup Cost": 0.43,
                                                                        "Total Cost": 6.97,
                                                                        "Plan Rows": 1,
                                                                        "Plan Width": 12,
                                                                        "Actual Startup Time": 0.007,
                                                                        "Actual Total Time": 0.008,
                                                                        "Actual Rows": 0,
                                                                        "Actual Loops": 22179,
                                                                        "Index Cond": "((site_id = tq1.site_id) AND (question_id = tq1.question_id))",
                                                                        "Rows Removed by Index Recheck": 0,
                                                                        "Workers": []
                                                                    }
                                                                ]
                                                            },
                                                            {
                                                                "Node Type": "Index Scan",
                                                                "Parent Relationship": "Inner",
                                                                "Parallel Aware": false,
                                                                "Async Capable": false,
                                                                "Scan Direction": "Forward",
                                                                "Index Name": "question_pkey",
                                                                "Relation Name": "question",
                                                                "Alias": "q1",
                                                                "Startup Cost": 0.43,
                                                                "Total Cost": 6.99,
                                                                "Plan Rows": 1,
                                                                "Plan Width": 12,
                                                                "Actual Startup Time": 0.005,
                                                                "Actual Total Time": 0.005,
                                                                "Actual Rows": 1,
                                                                "Actual Loops": 7446,
                                                                "Index Cond": "((id = tq1.question_id) AND (site_id = tq1.site_id))",
                                                                "Rows Removed by Index Recheck": 0,
                                                                "Filter": "((view_count >= 10) AND (view_count <= 1000))",
                                                                "Rows Removed by Filter": 0,
                                                                "Workers": []
                                                            }
                                                        ]
                                                    },
                                                    {
                                                        "Node Type": "Index Scan",
                                                        "Parent Relationship": "Inner",
                                                        "Parallel Aware": false,
                                                        "Async Capable": false,
                                                        "Scan Direction": "Forward",
                                                        "Index Name": "so_user_pkey",
                                                        "Relation Name": "so_user",
                                                        "Alias": "u1",
                                                        "Startup Cost": 0.44,
                                                        "Total Cost": 7.0,
                                                        "Plan Rows": 1,
                                                        "Plan Width": 8,
                                                        "Actual Startup Time": 0.078,
                                                        "Actual Total Time": 0.078,
                                                        "Actual Rows": 1,
                                                        "Actual Loops": 325,
                                                        "Index Cond": "((id = q1.owner_user_id) AND (site_id = q1.site_id))",
                                                        "Rows Removed by Index Recheck": 0,
                                                        "Filter": "((reputation >= 10) AND (reputation <= 100000))",
                                                        "Rows Removed by Filter": 0,
                                                        "Workers": []
                                                    }
                                                ]
                                            }
                                        ]
                                    }
                                ]
                            }
                        ]
                    },
                    "Planning Time": 12.438,
                    "Triggers": [],
                    "Execution Time": 203.21
                }
            ],
            "hints": [
                "SET enable_hashjoin TO on",
                "SET enable_indexonlyscan TO on",
                "SET enable_indexscan TO on",
                "SET enable_mergejoin TO on",
                "SET enable_nestloop TO on",
                "SET enable_seqscan TO on"
            ]
        },
        {
            "arm": 1,
            "execution_time": 12887.277,
            "plan": [
                {
                    "Plan": {
                        "Node Type": "Aggregate",
                        "Strategy": "Sorted",
                        "Partial Mode": "Simple",
                        "Parallel Aware": false,
                        "Async Capable": false,
                        "Startup Cost": 3044799.15,
                        "Total Cost": 3044799.28,
                        "Plan Rows": 1,
                        "Plan Width": 19,
                        "Actual Startup Time": 11977.587,
                        "Actual Total Time": 12887.231,
                        "Actual Rows": 9,
                        "Actual Loops": 1,
                        "Group Key": [
                            "t1.name"
                        ],
                        "Plans": [
                            {
                                "Node Type": "Gather Merge",
                                "Parent Relationship": "Outer",
                                "Parallel Aware": false,
                                "Async Capable": false,
                                "Startup Cost": 3044799.15,
                                "Total Cost": 3044799.27,
                                "Plan Rows": 1,
                                "Plan Width": 11,
                                "Actual Startup Time": 11977.579,
                                "Actual Total Time": 12887.21,
                                "Actual Rows": 300,
                                "Actual Loops": 1,
                                "Workers Planned": 1,
                                "Workers Launched": 1,
                                "Plans": [
                                    {
                                        "Node Type": "Sort",
                                        "Parent Relationship": "Outer",
                                        "Parallel Aware": false,
                                        "Async Capable": false,
                                        "Startup Cost": 3043799.14,
                                        "Total Cost": 3043799.14,
                                        "Plan Rows": 1,
                                        "Plan Width": 11,
                                        "Actual Startup Time": 11976.302,
                                        "Actual Total Time": 11976.312,
                                        "Actual Rows": 150,
                                        "Actual Loops": 2,
                                        "Sort Key": [
                                            "t1.name"
                                        ],
                                        "Sort Method": "quicksort",
                                        "Sort Space Used": 28,
                                        "Sort Space Type": "Memory",
                                        "Workers": [
                                            {
                                                "Worker Number": 0,
                                                "Sort Method": "quicksort",
                                                "Sort Space Used": 28,
                                                "Sort Space Type": "Memory"
                                            }
                                        ],
                                        "Plans": [
                                            {
                                                "Node Type": "Hash Join",
                                                "Parent Relationship": "Outer",
                                                "Parallel Aware": true,
                                                "Async Capable": false,
                                                "Join Type": "Inner",
                                                "Startup Cost": 3040264.07,
                                                "Total Cost": 3043799.13,
                                                "Plan Rows": 1,
                                                "Plan Width": 11,
                                                "Actual Startup Time": 11967.63,
                                                "Actual Total Time": 11976.24,
                                                "Actual Rows": 150,
                                                "Actual Loops": 2,
                                                "Inner Unique": false,
                                                "Hash Cond": "((t1.site_id = s.site_id) AND (t1.id = tq1.tag_id))",
                                                "Workers": [],
                                                "Plans": [
                                                    {
                                                        "Node Type": "Seq Scan",
                                                        "Parent Relationship": "Outer",
                                                        "Parallel Aware": true,
                                                        "Async Capable": false,
                                                        "Relation Name": "tag",
                                                        "Alias": "t1",
                                                        "Startup Cost": 0.0,
                                                        "Total Cost": 3534.62,
                                                        "Plan Rows": 56,
                                                        "Plan Width": 19,
                                                        "Actual Startup Time": 0.103,
                                                        "Actual Total Time": 11.845,
                                                        "Actual Rows": 53,
                                                        "Actual Loops": 2,
                                                        "Filter": "((name)::text = ANY ('{java,opengl,powershell,sharepoint-enterprise,sharepoint-foundation,sharepoint-online,sources-mekorot,web-part,xna}'::text[]))",
                                                        "Rows Removed by Filter": 93332,
                                                        "Workers": []
                                                    },
                                                    {
                                                        "Node Type": "Hash",
                                                        "Parent Relationship": "Inner",
                                                        "Parallel Aware": true,
                                                        "Async Capable": false,
                                                        "Startup Cost": 3040264.06,
                                                        "Total Cost": 3040264.06,
                                                        "Plan Rows": 1,
                                                        "Plan Width": 24,
                                                        "Actual Startup Time": 11963.25,
                                                        "Actual Total Time": 11963.255,
                                                        "Actual Rows": 2306,
                                                        "Actual Loops": 2,
                                                        "Hash Buckets": 4096,
                                                        "Original Hash Buckets": 1024,
                                                        "Hash Batches": 1,
                                                        "Original Hash Batches": 1,
                                                        "Peak Memory Usage": 312,
                                                        "Workers": [],
                                                        "Plans": [
                                                            {
                                                                "Node Type": "Hash Join",
                                                                "Parent Relationship": "Outer",
                                                                "Parallel Aware": true,
                                                                "Async Capable": false,
                                                                "Join Type": "Inner",
                                                                "Startup Cost": 2267489.5,
                                                                "Total Cost": 3040264.06,
                                                                "Plan Rows": 1,
                                                                "Plan Width": 24,
                                                                "Actual Startup Time": 8581.149,
                                                                "Actual Total Time": 11918.105,
                                                                "Actual Rows": 2306,
                                                                "Actual Loops": 2,
                                                                "Inner Unique": false,
                                                                "Hash Cond": "((a1.owner_user_id = q1.owner_user_id) AND (a1.question_id = q1.id) AND (a1.site_id = s.site_id))",
                                                                "Workers": [],
                                                                "Plans": [
                                                                    {
                                                                        "Node Type": "Seq Scan",
                                                                        "Parent Relationship": "Outer",
                                                                        "Parallel Aware": true,
                                                                        "Async Capable": false,
                                                                        "Relation Name": "answer",
                                                                        "Alias": "a1",
                                                                        "Startup Cost": 0.0,
                                                                        "Total Cost": 762572.49,
                                                                        "Plan Rows": 906849,
                                                                        "Plan Width": 12,
                                                                        "Actual Startup Time": 1.84,
                                                                        "Actual Total Time": 3143.587,
                                                                        "Actual Rows": 3173776,
                                                                        "Actual Loops": 2,
                                                                        "Workers": []
                                                                    },
                                                                    {
                                                                        "Node Type": "Hash",
                                                                        "Parent Relationship": "Inner",
                                                                        "Parallel Aware": true,
                                                                        "Async Capable": false,
                                                                        "Startup Cost": 2267488.26,
                                                                        "Total Cost": 2267488.26,
                                                                        "Plan Rows": 71,
                                                                        "Plan Width": 36,
                                                                        "Actual Startup Time": 8395.321,
                                                                        "Actual Total Time": 8395.325,
                                                                        "Actual Rows": 86776,
                                                                        "Actual Loops": 2,
                                                                        "Hash Buckets": 262144,
                                                                        "Original Hash Buckets": 1024,
                                                                        "Hash Batches": 1,
                                                                        "Original Hash Batches": 1,
                                                                        "Peak Memory Usage": 16344,
                                                                        "Workers": [],
                                                                        "Plans": [
                                                                            {
                                                                                "Node Type": "Hash Join",
                                                                                "Parent Relationship": "Outer",
                                                                                "Parallel Aware": true,
                                                                                "Async Capable": false,
                                                                                "Join Type": "Inner",
                                                                                "Startup Cost": 1996744.75,
                                                                                "Total Cost": 2267488.26,
                                                                                "Plan Rows": 71,
                                                                                "Plan Width": 36,
                                                                                "Actual Startup Time": 7682.04,
                                                                                "Actual Total Time": 8263.492,
                                                                                "Actual Rows": 86776,
                                                                                "Actual Loops": 2,
                                                                                "Inner Unique": false,
                                                                                "Hash Cond": "((u1.id = q1.owner_user_id) AND (u1.site_id = s.site_id))",
                                                                                "Workers": [],
                                                                                "Plans": [
                                                                                    {
                                                                                        "Node Type": "Seq Scan",
                                                                                        "Parent Relationship": "Outer",
                                                                                        "Parallel Aware": true,
                                                                                        "Async Capable": false,
                                                                                        "Relation Name": "so_user",
                                                                                        "Alias": "u1",
                                                                                        "Startup Cost": 0.0,
                                                                                        "Total Cost": 260486.52,
                                                                                        "Plan Rows": 1367585,
                                                                                        "Plan Width": 8,
                                                                                        "Actual Startup Time": 0.027,
                                                                                        "Actual Total Time": 529.089,
                                                                                        "Actual Rows": 3408451,
                                                                                        "Actual Loops": 2,
                                                                                        "Filter": "((reputation >= 10) AND (reputation <= 100000))",
                                                                                        "Rows Removed by Filter": 7140200,
                                                                                        "Workers": []
                                                                                    },
                                                                                    {
                                                                                        "Node Type": "Hash",
                                                                                        "Parent Relationship": "Inner",
                                                                                        "Parallel Aware": true,
                                                                                        "Async Capable": false,
                                                                                        "Startup Cost": 1996722.98,
                                                                                        "Total Cost": 1996722.98,
                                                                                        "Plan Rows": 1451,
                                                                                        "Plan Width": 28,
                                                                                        "Actual Startup Time": 7481.561,
                                                                                        "Actual Total Time": 7481.565,
                                                                                        "Actual Rows": 103768,
                                                                                        "Actual Loops": 2,
                                                                                        "Hash Buckets": 262144,
                                                                                        "Original Hash Buckets": 16384,
                                                                                        "Hash Batches": 1,
                                                                                        "Original Hash Batches": 1,
                                                                                        "Peak Memory Usage": 16992,
                                                                                        "Workers": [],
                                                                                        "Plans": [
                                                                                            {
                                                                                                "Node Type": "Hash Join",
                                                                                                "Parent Relationship": "Outer",
                                                                                                "Parallel Aware": true,
                                                                                                "Async Capable": false,
                                                                                                "Join Type": "Inner",
                                                                                                "Startup Cost": 295560.1,
                                                                                                "Total Cost": 1996722.98,
                                                                                                "Plan Rows": 1451,
                                                                                                "Plan Width": 28,
                                                                                                "Actual Startup Time": 6164.999,
                                                                                                "Actual Total Time": 7322.881,
                                                                                                "Actual Rows": 103768,
                                                                                                "Actual Loops": 2,
                                                                                                "Inner Unique": false,
                                                                                                "Hash Cond": "((q1.id = tq1.question_id) AND (q1.site_id = s.site_id))",
                                                                                                "Workers": [],
                                                                                                "Plans": [
                                                                                                    {
                                                                                                        "Node Type": "Seq Scan",
                                                                                                        "Parent Relationship": "Outer",
                                                                                                        "Parallel Aware": true,
                                                                                                        "Async Capable": false,
                                                                                                        "Relation Name": "question",
                                                                                                        "Alias": "q1",
                                                                                                        "Startup Cost": 0.0,
                                                                                                        "Total Cost": 1691290.18,
                                                                                                        "Plan Rows": 1315973,
                                                                                                        "Plan Width": 12,
                                                                                                        "Actual Startup Time": 0.011,
                                                                                                        "Actual Total Time": 1854.072,
                                                                                                        "Actual Rows": 4622574,
                                                                                                        "Actual Loops": 2,
                                                                                                        "Filter": "((view_count >= 10) AND (view_count <= 1000))",
                                                                                                        "Rows Removed by Filter": 1710646,
                                                                                                        "Workers": []
                                                                                                    },
                                                                                                    {
                                                                                                        "Node Type": "Hash",
                                                                                                        "Parent Relationship": "Inner",
                                                                                                        "Parallel Aware": true,
                                                                                                        "Async Capable": false,
                                                                                                        "Startup Cost": 293001.69,
                                                                                                        "Total Cost": 293001.69,
                                                                                                        "Plan Rows": 170561,
                                                                                                        "Plan Width": 16,
                                                                                                        "Actual Startup Time": 1590.198,
                                                                                                        "Actual Total Time": 1590.2,
                                                                                                        "Actual Rows": 151726,
                                                                                                        "Actual Loops": 2,
                                                                                                        "Hash Buckets": 524288,
                                                                                                        "Original Hash Buckets": 524288,
                                                                                                        "Hash Batches": 4,
                                                                                                        "Original Hash Batches": 4,
                                                                                                        "Peak Memory Usage": 7680,
                                                                                                        "Workers": [],
                                                                                                        "Plans": [
                                                                                                            {
                                                                                                                "Node Type": "Hash Join",
                                                                                                                "Parent Relationship": "Outer",
                                                                                                                "Parallel Aware": false,
                                                                                                                "Async Capable": false,
                                                                                                                "Join Type": "Inner",
                                                                                                                "Startup Cost": 3.64,
                                                                                                                "Total Cost": 293001.69,
                                                                                                                "Plan Rows": 170561,
                                                                                                                "Plan Width": 16,
                                                                                                                "Actual Startup Time": 161.698,
                                                                                                                "Actual Total Time": 1573.324,
                                                                                                                "Actual Rows": 151726,
                                                                                                                "Actual Loops": 2,
                                                                                                                "Inner Unique": true,
                                                                                                                "Hash Cond": "(tq1.site_id = s.site_id)",
                                                                                                                "Workers": [],
                                                                                                                "Plans": [
                                                                                                                    {
                                                                                                                        "Node Type": "Seq Scan",
                                                                                                                        "Parent Relationship": "Outer",
                                                                                                                        "Parallel Aware": true,
                                                                                                                        "Async Capable": false,
                                                                                                                        "Relation Name": "tag_question",
                                                                                                                        "Alias": "tq1",
                                                                                                                        "Startup Cost": 0.0,
                                                                                                                        "Total Cost": 273159.66,
                                                                                                                        "Plan Rows": 7376766,
                                                                                                                        "Plan Width": 12,
                                                                                                                        "Actual Startup Time": 0.01,
                                                                                                                        "Actual Total Time": 909.314,
                                                                                                                        "Actual Rows": 18441910,
                                                                                                                        "Actual Loops": 2,
                                                                                                                        "Workers": []
                                                                                                                    },
                                                                                                                    {
                                                                                                                        "Node Type": "Hash",
                                                                                                                        "Parent Relationship": "Inner",
                                                                                                                        "Parallel Aware": false,
                                                                                                                        "Async Capable": false,
                                                                                                                        "Startup Cost": 3.59,
                                                                                                                        "Total Cost": 3.59,
                                                                                                                        "Plan Rows": 4,
                                                                                                                        "Plan Width": 4,
                                                                                                                        "Actual Startup Time": 0.023,
                                                                                                                        "Actual Total Time": 0.024,
                                                                                                                        "Actual Rows": 4,
                                                                                                                        "Actual Loops": 2,
                                                                                                                        "Hash Buckets": 1024,
                                                                                                                        "Original Hash Buckets": 1024,
                                                                                                                        "Hash Batches": 1,
                                                                                                                        "Original Hash Batches": 1,
                                                                                                                        "Peak Memory Usage": 9,
                                                                                                                        "Workers": [],
                                                                                                                        "Plans": [
                                                                                                                            {
                                                                                                                                "Node Type": "Seq Scan",
                                                                                                                                "Parent Relationship": "Outer",
                                                                                                                                "Parallel Aware": false,
                                                                                                                                "Async Capable": false,
                                                                                                                                "Relation Name": "site",
                                                                                                                                "Alias": "s",
                                                                                                                                "Startup Cost": 0.0,
                                                                                                                                "Total Cost": 3.59,
                                                                                                                                "Plan Rows": 4,
                                                                                                                                "Plan Width": 4,
                                                                                                                                "Actual Startup Time": 0.009,
                                                                                                                                "Actual Total Time": 0.02,
                                                                                                                                "Actual Rows": 4,
                                                                                                                                "Actual Loops": 2,
                                                                                                                                "Filter": "((site_name)::text = ANY ('{android,gamedev,judaism,sharepoint}'::text[]))",
                                                                                                                                "Rows Removed by Filter": 169,
                                                                                                                                "Workers": []
                                                                                                                            }
                                                                                                                        ]
                                                                                                                    }
                                                                                                                ]
                                                                                                            }
                                                                                                        ]
                                                                                                    }
                                                                                                ]
                                                                                            }
                                                                                        ]
                                                                                    }
                                                                                ]
                                                                            }
                                                                        ]
                                                                    }
                                                                ]
                                                            }
                                                        ]
                                                    }
                                                ]
                                            }
                                        ]
                                    }
                                ]
                            }
                        ]
                    },
                    "Planning Time": 6.769,
                    "Triggers": [],
                    "Execution Time": 12887.277
                }
            ],
            "hints": [
                "SET enable_hashjoin TO on",
                "SET enable_indexonlyscan TO on",
                "SET enable_indexscan TO on",
                "SET enable_mergejoin TO on",
                "SET enable_nestloop TO off",
                "SET enable_seqscan TO on"
            ]
        },
        {
            "arm": 2,
            "execution_time": 51.983,
            "plan": [
                {
                    "Plan": {
                        "Node Type": "Aggregate",
                        "Strategy": "Sorted",
                        "Partial Mode": "Simple",
                        "Parallel Aware": false,
                        "Async Capable": false,
                        "Startup Cost": 4883.56,
                        "Total Cost": 4883.58,
                        "Plan Rows": 1,
                        "Plan Width": 19,
                        "Actual Startup Time": 49.112,
                        "Actual Total Time": 51.93,
                        "Actual Rows": 9,
                        "Actual Loops": 1,
                        "Group Key": [
                            "t1.name"
                        ],
                        "Plans": [
                            {
                                "Node Type": "Sort",
                                "Parent Relationship": "Outer",
                                "Parallel Aware": false,
                                "Async Capable": false,
                                "Startup Cost": 4883.56,
                                "Total Cost": 4883.57,
                                "Plan Rows": 1,
                                "Plan Width": 11,
                                "Actual Startup Time": 49.103,
                                "Actual Total Time": 51.903,
                                "Actual Rows": 300,
                                "Actual Loops": 1,
                                "Sort Key": [
                                    "t1.name"
                                ],
                                "Sort Method": "quicksort",
                                "Sort Space Used": 32,
                                "Sort Space Type": "Memory",
                                "Plans": [
                                    {
                                        "Node Type": "Nested Loop",
                                        "Parent Relationship": "Outer",
                                        "Parallel Aware": false,
                                        "Async Capable": false,
                                        "Join Type": "Inner",
                                        "Startup Cost": 1019.66,
                                        "Total Cost": 4883.55,
                                        "Plan Rows": 1,
                                        "Plan Width": 11,
                                        "Actual Startup Time": 6.748,
                                        "Actual Total Time": 51.839,
                                        "Actual Rows": 300,
                                        "Actual Loops": 1,
                                        "Inner Unique": true,
                                        "Join Filter": "(s.site_id = u1.site_id)",
                                        "Rows Removed by Join Filter": 0,
                                        "Plans": [
                                            {
                                                "Node Type": "Nested Loop",
                                                "Parent Relationship": "Outer",
                                                "Parallel Aware": false,
                                                "Async Capable": false,
                                                "Join Type": "Inner",
                                                "Startup Cost": 1015.94,
                                                "Total Cost": 4875.8,
                                                "Plan Rows": 1,
                                                "Plan Width": 39,
                                                "Actual Startup Time": 6.739,
                                                "Actual Total Time": 50.682,
                                                "Actual Rows": 325,
                                                "Actual Loops": 1,
                                                "Inner Unique": true,
                                                "Join Filter": "(s.site_id = q1.site_id)",
                                                "Rows Removed by Join Filter": 0,
                                                "Plans": [
                                                    {
                                                        "Node Type": "Gather",
                                                        "Parent Relationship": "Outer",
                                                        "Parallel Aware": false,
                                                        "Async Capable": false,
                                                        "Startup Cost": 1012.23,
                                                        "Total Cost": 4868.06,
                                                        "Plan Rows": 1,
                                                        "Plan Width": 39,
                                                        "Actual Startup Time": 0.41,
                                                        "Actual Total Time": 32.105,
                                                        "Actual Rows": 7446,
                                                        "Actual Loops": 1,
                                                        "Workers Planned": 1,
                                                        "Workers Launched": 1,
                                                        "Single Copy": false,
                                                        "Plans": [
                                                            {
                                                                "Node Type": "Nested Loop",
                                                                "Parent Relationship": "Outer",
                                                                "Parallel Aware": false,
                                                                "Async Capable": false,
                                                                "Join Type": "Inner",
                                                                "Startup Cost": 12.23,
                                                                "Total Cost": 3867.96,
                                                                "Plan Rows": 1,
                                                                "Plan Width": 39,
                                                                "Actual Startup Time": 0.622,
                                                                "Actual Total Time": 32.901,
                                                                "Actual Rows": 3723,
                                                                "Actual Loops": 2,
                                                                "Inner Unique": false,
                                                                "Join Filter": "(s.site_id = a1.site_id)",
                                                                "Rows Removed by Join Filter": 0,
                                                                "Workers": [],
                                                                "Plans": [
                                                                    {
                                                                        "Node Type": "Nested Loop",
                                                                        "Parent Relationship": "Outer",
                                                                        "Parallel Aware": false,
                                                                        "Async Capable": false,
                                                                        "Join Type": "Inner",
                                                                        "Startup Cost": 8.53,
                                                                        "Total Cost": 3666.99,
                                                                        "Plan Rows": 26,
                                                                        "Plan Width": 27,
                                                                        "Actual Startup Time": 0.607,
                                                                        "Actual Total Time": 16.273,
                                                                        "Actual Rows": 11090,
                                                                        "Actual Loops": 2,
                                                                        "Inner Unique": false,
                                                                        "Join Filter": "(s.site_id = tq1.site_id)",
                                                                        "Rows Removed by Join Filter": 0,
                                                                        "Workers": [],
                                                                        "Plans": [
                                                                            {
                                                                                "Node Type": "Hash Join",
                                                                                "Parent Relationship": "Outer",
                                                                                "Parallel Aware": false,
                                                                                "Async Capable": false,
                                                                                "Join Type": "Inner",
                                                                                "Startup Cost": 3.64,
                                                                                "Total Cost": 3538.42,
                                                                                "Plan Rows": 1,
                                                                                "Plan Width": 23,
                                                                                "Actual Startup Time": 0.502,
                                                                                "Actual Total Time": 11.513,
                                                                                "Actual Rows": 6,
                                                                                "Actual Loops": 2,
                                                                                "Inner Unique": true,
                                                                                "Hash Cond": "(t1.site_id = s.site_id)",
                                                                                "Workers": [],
                                                                                "Plans": [
                                                                                    {
                                                                                        "Node Type": "Seq Scan",
                                                                                        "Parent Relationship": "Outer",
                                                                                        "Parallel Aware": true,
                                                                                        "Async Capable": false,
                                                                                        "Relation Name": "tag",
                                                                                        "Alias": "t1",
                                                                                        "Startup Cost": 0.0,
                                                                                        "Total Cost": 3534.62,
                                                                                        "Plan Rows": 56,
                                                                                        "Plan Width": 19,
                                                                                        "Actual Startup Time": 0.128,
                                                                                        "Actual Total Time": 11.436,
                                                                                        "Actual Rows": 53,
                                                                                        "Actual Loops": 2,
                                                                                        "Filter": "((name)::text = ANY ('{java,opengl,powershell,sharepoint-enterprise,sharepoint-foundation,sharepoint-online,sources-mekorot,web-part,xna}'::text[]))",
                                                                                        "Rows Removed by Filter": 93332,
                                                                                        "Workers": []
                                                                                    },
                                                                                    {
                                                                                        "Node Type": "Hash",
                                                                                        "Parent Relationship": "Inner",
                                                                                        "Parallel Aware": false,
                                                                                        "Async Capable": false,
                                                                                        "Startup Cost": 3.59,
                                                                                        "Total Cost": 3.59,
                                                                                        "Plan Rows": 4,
                                                                                        "Plan Width": 4,
                                                                                        "Actual Startup Time": 0.023,
                                                                                        "Actual Total Time": 0.023,
                                                                                        "Actual Rows": 4,
                                                                                        "Actual Loops": 2,
                                                                                        "Hash Buckets": 1024,
                                                                                        "Original Hash Buckets": 1024,
                                                                                        "Hash Batches": 1,
                                                                                        "Original Hash Batches": 1,
                                                                                        "Peak Memory Usage": 9,
                                                                                        "Workers": [],
                                                                                        "Plans": [
                                                                                            {
                                                                                                "Node Type": "Seq Scan",
                                                                                                "Parent Relationship": "Outer",
                                                                                                "Parallel Aware": false,
                                                                                                "Async Capable": false,
                                                                                                "Relation Name": "site",
                                                                                                "Alias": "s",
                                                                                                "Startup Cost": 0.0,
                                                                                                "Total Cost": 3.59,
                                                                                                "Plan Rows": 4,
                                                                                                "Plan Width": 4,
                                                                                                "Actual Startup Time": 0.006,
                                                                                                "Actual Total Time": 0.019,
                                                                                                "Actual Rows": 4,
                                                                                                "Actual Loops": 2,
                                                                                                "Filter": "((site_name)::text = ANY ('{android,gamedev,judaism,sharepoint}'::text[]))",
                                                                                                "Rows Removed by Filter": 169,
                                                                                                "Workers": []
                                                                                            }
                                                                                        ]
                                                                                    }
                                                                                ]
                                                                            },
                                                                            {
                                                                                "Node Type": "Bitmap Heap Scan",
                                                                                "Parent Relationship": "Inner",
                                                                                "Parallel Aware": false,
                                                                                "Async Capable": false,
                                                                                "Relation Name": "tag_question",
                                                                                "Alias": "tq1",
                                                                                "Startup Cost": 4.88,
                                                                                "Total Cost": 128.19,
                                                                                "Plan Rows": 31,
                                                                                "Plan Width": 12,
                                                                                "Actual Startup Time": 0.128,
                                                                                "Actual Total Time": 0.718,
                                                                                "Actual Rows": 2016,
                                                                                "Actual Loops": 11,
                                                                                "Recheck Cond": "((t1.site_id = site_id) AND (t1.id = tag_id))",
                                                                                "Rows Removed by Index Recheck": 0,
                                                                                "Exact Heap Blocks": 1430,
                                                                                "Lossy Heap Blocks": 0,
                                                                                "Workers": [],
                                                                                "Plans": [
                                                                                    {
                                                                                        "Node Type": "Bitmap Index Scan",
                                                                                        "Parent Relationship": "Outer",
                                                                                        "Parallel Aware": false,
                                                                                        "Async Capable": false,
                                                                                        "Index Name": "tag_question_site_id_tag_id_question_id_idx",
                                                                                        "Startup Cost": 0.0,
                                                                                        "Total Cost": 4.88,
                                                                                        "Plan Rows": 31,
                                                                                        "Plan Width": 0,
                                                                                        "Actual Startup Time": 0.095,
                                                                                        "Actual Total Time": 0.095,
                                                                                        "Actual Rows": 2016,
                                                                                        "Actual Loops": 11,
                                                                                        "Index Cond": "((site_id = t1.site_id) AND (tag_id = t1.id))",
                                                                                        "Workers": []
                                                                                    }
                                                                                ]
                                                                            }
                                                                        ]
                                                                    },
                                                                    {
                                                                        "Node Type": "Bitmap Heap Scan",
                                                                        "Parent Relationship": "Inner",
                                                                        "Parallel Aware": false,
                                                                        "Async Capable": false,
                                                                        "Relation Name": "answer",
                                                                        "Alias": "a1",
                                                                        "Startup Cost": 3.7,
                                                                        "Total Cost": 7.72,
                                                                        "Plan Rows": 1,
                                                                        "Plan Width": 12,
                                                                        "Actual Startup Time": 0.001,
                                                                        "Actual Total Time": 0.001,
                                                                        "Actual Rows": 0,
                                                                        "Actual Loops": 22179,
                                                                        "Recheck Cond": "((site_id = tq1.site_id) AND (tq1.question_id = question_id))",
                                                                        "Rows Removed by Index Recheck": 0,
                                                                        "Exact Heap Blocks": 1839,
                                                                        "Lossy Heap Blocks": 0,
                                                                        "Workers": [],
                                                                        "Plans": [
                                                                            {
                                                                                "Node Type": "Bitmap Index Scan",
                                                                                "Parent Relationship": "Outer",
                                                                                "Parallel Aware": false,
                                                                                "Async Capable": false,
                                                                                "Index Name": "answer_site_id_question_id_idx",
                                                                                "Startup Cost": 0.0,
                                                                                "Total Cost": 3.7,
                                                                                "Plan Rows": 1,
                                                                                "Plan Width": 0,
                                                                                "Actual Startup Time": 0.001,
                                                                                "Actual Total Time": 0.001,
                                                                                "Actual Rows": 0,
                                                                                "Actual Loops": 22179,
                                                                                "Index Cond": "((site_id = tq1.site_id) AND (question_id = tq1.question_id))",
                                                                                "Workers": []
                                                                            }
                                                                        ]
                                                                    }
                                                                ]
                                                            }
                                                        ]
                                                    },
                                                    {
                                                        "Node Type": "Bitmap Heap Scan",
                                                        "Parent Relationship": "Inner",
                                                        "Parallel Aware": false,
                                                        "Async Capable": false,
                                                        "Relation Name": "question",
                                                        "Alias": "q1",
                                                        "Startup Cost": 3.71,
                                                        "Total Cost": 7.73,
                                                        "Plan Rows": 1,
                                                        "Plan Width": 12,
                                                        "Actual Startup Time": 0.002,
                                                        "Actual Total Time": 0.002,
                                                        "Actual Rows": 0,
                                                        "Actual Loops": 7446,
                                                        "Recheck Cond": "((id = a1.question_id) AND (site_id = a1.site_id))",
                                                        "Rows Removed by Index Recheck": 0,
                                                        "Filter": "((view_count >= 10) AND (view_count <= 1000) AND (a1.owner_user_id = owner_user_id))",
                                                        "Rows Removed by Filter": 1,
                                                        "Exact Heap Blocks": 7446,
                                                        "Lossy Heap Blocks": 0,
                                                        "Plans": [
                                                            {
                                                                "Node Type": "Bitmap Index Scan",
                                                                "Parent Relationship": "Outer",
                                                                "Parallel Aware": false,
                                                                "Async Capable": false,
                                                                "Index Name": "question_pkey",
                                                                "Startup Cost": 0.0,
                                                                "Total Cost": 3.71,
                                                                "Plan Rows": 1,
                                                                "Plan Width": 0,
                                                                "Actual Startup Time": 0.001,
                                                                "Actual Total Time": 0.001,
                                                                "Actual Rows": 1,
                                                                "Actual Loops": 7446,
                                                                "Index Cond": "((id = a1.question_id) AND (site_id = a1.site_id))"
                                                            }
                                                        ]
                                                    }
                                                ]
                                            },
                                            {
                                                "Node Type": "Bitmap Heap Scan",
                                                "Parent Relationship": "Inner",
                                                "Parallel Aware": false,
                                                "Async Capable": false,
                                                "Relation Name": "so_user",
                                                "Alias": "u1",
                                                "Startup Cost": 3.72,
                                                "Total Cost": 7.74,
                                                "Plan Rows": 1,
                                                "Plan Width": 8,
                                                "Actual Startup Time": 0.003,
                                                "Actual Total Time": 0.003,
                                                "Actual Rows": 1,
                                                "Actual Loops": 325,
                                                "Recheck Cond": "((id = q1.owner_user_id) AND (site_id = q1.site_id))",
                                                "Rows Removed by Index Recheck": 0,
                                                "Filter": "((reputation >= 10) AND (reputation <= 100000))",
                                                "Rows Removed by Filter": 0,
                                                "Exact Heap Blocks": 325,
                                                "Lossy Heap Blocks": 0,
                                                "Plans": [
                                                    {
                                                        "Node Type": "Bitmap Index Scan",
                                                        "Parent Relationship": "Outer",
                                                        "Parallel Aware": false,
                                                        "Async Capable": false,
                                                        "Index Name": "so_user_pkey",
                                                        "Startup Cost": 0.0,
                                                        "Total Cost": 3.72,
                                                        "Plan Rows": 1,
                                                        "Plan Width": 0,
                                                        "Actual Startup Time": 0.002,
                                                        "Actual Total Time": 0.002,
                                                        "Actual Rows": 1,
                                                        "Actual Loops": 325,
                                                        "Index Cond": "((id = q1.owner_user_id) AND (site_id = q1.site_id))"
                                                    }
                                                ]
                                            }
                                        ]
                                    }
                                ]
                            }
                        ]
                    },
                    "Planning Time": 3.593,
                    "Triggers": [],
                    "Execution Time": 51.983
                }
            ],
            "hints": [
                "SET enable_hashjoin TO on",
                "SET enable_indexonlyscan TO on",
                "SET enable_indexscan TO off",
                "SET enable_mergejoin TO off",
                "SET enable_nestloop TO on",
                "SET enable_seqscan TO on"
            ]
        },
        {
            "arm": 3,
            "execution_time": 3694.49,
            "plan": [
                {
                    "Plan": {
                        "Node Type": "Aggregate",
                        "Strategy": "Sorted",
                        "Partial Mode": "Simple",
                        "Parallel Aware": false,
                        "Async Capable": false,
                        "Startup Cost": 3043110.86,
                        "Total Cost": 3043111.01,
                        "Plan Rows": 1,
                        "Plan Width": 19,
                        "Actual Startup Time": 3682.385,
                        "Actual Total Time": 3694.445,
                        "Actual Rows": 9,
                        "Actual Loops": 1,
                        "Group Key": [
                            "t1.name"
                        ],
                        "Plans": [
                            {
                                "Node Type": "Gather Merge",
                                "Parent Relationship": "Outer",
                                "Parallel Aware": false,
                                "Async Capable": false,
                                "Startup Cost": 3043110.86,
                                "Total Cost": 3043110.99,
                                "Plan Rows": 1,
                                "Plan Width": 11,
                                "Actual Startup Time": 3682.374,
                                "Actual Total Time": 3694.421,
                                "Actual Rows": 300,
                                "Actual Loops": 1,
                                "Workers Planned": 7,
                                "Workers Launched": 7,
                                "Plans": [
                                    {
                                        "Node Type": "Sort",
                                        "Parent Relationship": "Outer",
                                        "Parallel Aware": false,
                                        "Async Capable": false,
                                        "Startup Cost": 3042110.74,
                                        "Total Cost": 3042110.75,
                                        "Plan Rows": 1,
                                        "Plan Width": 11,
                                        "Actual Startup Time": 3679.574,
                                        "Actual Total Time": 3679.582,
                                        "Actual Rows": 38,
                                        "Actual Loops": 8,
                                        "Sort Key": [
                                            "t1.name"
                                        ],
                                        "Sort Method": "quicksort",
                                        "Sort Space Used": 25,
                                        "Sort Space Type": "Memory",
                                        "Workers": [
                                            {
                                                "Worker Number": 0,
                                                "Sort Method": "quicksort",
                                                "Sort Space Used": 26,
                                                "Sort Space Type": "Memory"
                                            },
                                            {
                                                "Worker Number": 1,
                                                "Sort Method": "quicksort",
                                                "Sort Space Used": 26,
                                                "Sort Space Type": "Memory"
                                            },
                                            {
                                                "Worker Number": 2,
                                                "Sort Method": "quicksort",
                                                "Sort Space Used": 27,
                                                "Sort Space Type": "Memory"
                                            },
                                            {
                                                "Worker Number": 3,
                                                "Sort Method": "quicksort",
                                                "Sort Space Used": 25,
                                                "Sort Space Type": "Memory"
                                            },
                                            {
                                                "Worker Number": 4,
                                                "Sort Method": "quicksort",
                                                "Sort Space Used": 25,
                                                "Sort Space Type": "Memory"
                                            },
                                            {
                                                "Worker Number": 5,
                                                "Sort Method": "quicksort",
                                                "Sort Space Used": 25,
                                                "Sort Space Type": "Memory"
                                            },
                                            {
                                                "Worker Number": 6,
                                                "Sort Method": "quicksort",
                                                "Sort Space Used": 25,
                                                "Sort Space Type": "Memory"
                                            }
                                        ],
                                        "Plans": [
                                            {
                                                "Node Type": "Hash Join",
                                                "Parent Relationship": "Outer",
                                                "Parallel Aware": true,
                                                "Async Capable": false,
                                                "Join Type": "Inner",
                                                "Startup Cost": 2269336.18,
                                                "Total Cost": 3042110.73,
                                                "Plan Rows": 1,
                                                "Plan Width": 11,
                                                "Actual Startup Time": 3501.588,
                                                "Actual Total Time": 3679.489,
                                                "Actual Rows": 38,
                                                "Actual Loops": 8,
                                                "Inner Unique": false,
                                                "Hash Cond": "((a1.owner_user_id = q1.owner_user_id) AND (a1.question_id = q1.id) AND (a1.site_id = s.site_id))",
                                                "Workers": [],
                                                "Plans": [
                                                    {
                                                        "Node Type": "Seq Scan",
                                                        "Parent Relationship": "Outer",
                                                        "Parallel Aware": true,
                                                        "Async Capable": false,
                                                        "Relation Name": "answer",
                                                        "Alias": "a1",
                                                        "Startup Cost": 0.0,
                                                        "Total Cost": 762572.49,
                                                        "Plan Rows": 906849,
                                                        "Plan Width": 12,
                                                        "Actual Startup Time": 0.032,
                                                        "Actual Total Time": 184.17,
                                                        "Actual Rows": 793444,
                                                        "Actual Loops": 8,
                                                        "Workers": []
                                                    },
                                                    {
                                                        "Node Type": "Hash",
                                                        "Parent Relationship": "Inner",
                                                        "Parallel Aware": true,
                                                        "Async Capable": false,
                                                        "Startup Cost": 2269336.16,
                                                        "Total Cost": 2269336.16,
                                                        "Plan Rows": 1,
                                                        "Plan Width": 47,
                                                        "Actual Startup Time": 3415.168,
                                                        "Actual Total Time": 3415.175,
                                                        "Actual Rows": 1642,
                                                        "Actual Loops": 8,
                                                        "Hash Buckets": 16384,
                                                        "Original Hash Buckets": 1024,
                                                        "Hash Batches": 1,
                                                        "Original Hash Batches": 1,
                                                        "Peak Memory Usage": 1528,
                                                        "Workers": [],
                                                        "Plans": [
                                                            {
                                                                "Node Type": "Hash Join",
                                                                "Parent Relationship": "Outer",
                                                                "Parallel Aware": true,
                                                                "Async Capable": false,
                                                                "Join Type": "Inner",
                                                                "Startup Cost": 1998592.74,
                                                                "Total Cost": 2269336.16,
                                                                "Plan Rows": 1,
                                                                "Plan Width": 47,
                                                                "Actual Startup Time": 2752.057,
                                                                "Actual Total Time": 2882.851,
                                                                "Actual Rows": 1642,
                                                                "Actual Loops": 8,
                                                                "Inner Unique": false,
                                                                "Hash Cond": "((u1.id = q1.owner_user_id) AND (u1.site_id = s.site_id))",
                                                                "Workers": [],
                                                                "Plans": [
                                                                    {
                                                                        "Node Type": "Seq Scan",
                                                                        "Parent Relationship": "Outer",
                                                                        "Parallel Aware": true,
                                                                        "Async Capable": false,
                                                                        "Relation Name": "so_user",
                                                                        "Alias": "u1",
                                                                        "Startup Cost": 0.0,
                                                                        "Total Cost": 260486.52,
                                                                        "Plan Rows": 1367585,
                                                                        "Plan Width": 8,
                                                                        "Actual Startup Time": 0.034,
                                                                        "Actual Total Time": 138.958,
                                                                        "Actual Rows": 852113,
                                                                        "Actual Loops": 8,
                                                                        "Filter": "((reputation >= 10) AND (reputation <= 100000))",
                                                                        "Rows Removed by Filter": 1785050,
                                                                        "Workers": []
                                                                    },
                                                                    {
                                                                        "Node Type": "Hash",
                                                                        "Parent Relationship": "Inner",
                                                                        "Parallel Aware": true,
                                                                        "Async Capable": false,
                                                                        "Startup Cost": 1998592.72,
                                                                        "Total Cost": 1998592.72,
                                                                        "Plan Rows": 1,
                                                                        "Plan Width": 39,
                                                                        "Actual Startup Time": 2690.172,
                                                                        "Actual Total Time": 2690.177,
                                                                        "Actual Rows": 1979,
                                                                        "Actual Loops": 8,
                                                                        "Hash Buckets": 16384,
                                                                        "Original Hash Buckets": 1024,
                                                                        "Hash Batches": 1,
                                                                        "Original Hash Batches": 1,
                                                                        "Peak Memory Usage": 1592,
                                                                        "Workers": [],
                                                                        "Plans": [
                                                                            {
                                                                                "Node Type": "Hash Join",
                                                                                "Parent Relationship": "Outer",
                                                                                "Parallel Aware": true,
                                                                                "Async Capable": false,
                                                                                "Join Type": "Inner",
                                                                                "Startup Cost": 297432.73,
                                                                                "Total Cost": 1998592.72,
                                                                                "Plan Rows": 1,
                                                                                "Plan Width": 39,
                                                                                "Actual Startup Time": 1585.884,
                                                                                "Actual Total Time": 1791.953,
                                                                                "Actual Rows": 1979,
                                                                                "Actual Loops": 8,
                                                                                "Inner Unique": false,
                                                                                "Hash Cond": "((q1.id = tq1.question_id) AND (q1.site_id = s.site_id))",
                                                                                "Workers": [],
                                                                                "Plans": [
                                                                                    {
                                                                                        "Node Type": "Seq Scan",
                                                                                        "Parent Relationship": "Outer",
                                                                                        "Parallel Aware": true,
                                                                                        "Async Capable": false,
                                                                                        "Relation Name": "question",
                                                                                        "Alias": "q1",
                                                                                        "Startup Cost": 0.0,
                                                                                        "Total Cost": 1691290.18,
                                                                                        "Plan Rows": 1315973,
                                                                                        "Plan Width": 12,
                                                                                        "Actual Startup Time": 0.03,
                                                                                        "Actual Total Time": 419.156,
                                                                                        "Actual Rows": 1155644,
                                                                                        "Actual Loops": 8,
                                                                                        "Filter": "((view_count >= 10) AND (view_count <= 1000))",
                                                                                        "Rows Removed by Filter": 427662,
                                                                                        "Workers": []
                                                                                    },
                                                                                    {
                                                                                        "Node Type": "Hash",
                                                                                        "Parent Relationship": "Inner",
                                                                                        "Parallel Aware": true,
                                                                                        "Async Capable": false,
                                                                                        "Startup Cost": 297432.6,
                                                                                        "Total Cost": 297432.6,
                                                                                        "Plan Rows": 9,
                                                                                        "Plan Width": 27,
                                                                                        "Actual Startup Time": 1285.739,
                                                                                        "Actual Total Time": 1285.743,
                                                                                        "Actual Rows": 2772,
                                                                                        "Actual Loops": 8,
                                                                                        "Hash Buckets": 32768,
                                                                                        "Original Hash Buckets": 1024,
                                                                                        "Hash Batches": 1,
                                                                                        "Original Hash Batches": 1,
                                                                                        "Peak Memory Usage": 2072,
                                                                                        "Workers": [],
                                                                                        "Plans": [
                                                                                            {
                                                                                                "Node Type": "Hash Join",
                                                                                                "Parent Relationship": "Outer",
                                                                                                "Parallel Aware": true,
                                                                                                "Async Capable": false,
                                                                                                "Join Type": "Inner",
                                                                                                "Startup Cost": 3539.11,
                                                                                                "Total Cost": 297432.6,
                                                                                                "Plan Rows": 9,
                                                                                                "Plan Width": 27,
                                                                                                "Actual Startup Time": 82.199,
                                                                                                "Actual Total Time": 394.432,
                                                                                                "Actual Rows": 2772,
                                                                                                "Actual Loops": 8,
                                                                                                "Inner Unique": true,
                                                                                                "Hash Cond": "((s.site_id = t1.site_id) AND (tq1.tag_id = t1.id))",
                                                                                                "Workers": [],
                                                                                                "Plans": [
                                                                                                    {
                                                                                                        "Node Type": "Hash Join",
                                                                                                        "Parent Relationship": "Outer",
                                                                                                        "Parallel Aware": false,
                                                                                                        "Async Capable": false,
                                                                                                        "Join Type": "Inner",
                                                                                                        "Startup Cost": 3.64,
                                                                                                        "Total Cost": 293001.69,
                                                                                                        "Plan Rows": 170561,
                                                                                                        "Plan Width": 16,
                                                                                                        "Actual Startup Time": 78.331,
                                                                                                        "Actual Total Time": 389.034,
                                                                                                        "Actual Rows": 37932,
                                                                                                        "Actual Loops": 8,
                                                                                                        "Inner Unique": true,
                                                                                                        "Hash Cond": "(tq1.site_id = s.site_id)",
                                                                                                        "Workers": [],
                                                                                                        "Plans": [
                                                                                                            {
                                                                                                                "Node Type": "Seq Scan",
                                                                                                                "Parent Relationship": "Outer",
                                                                                                                "Parallel Aware": true,
                                                                                                                "Async Capable": false,
                                                                                                                "Relation Name": "tag_question",
                                                                                                                "Alias": "tq1",
                                                                                                                "Startup Cost": 0.0,
                                                                                                                "Total Cost": 273159.66,
                                                                                                                "Plan Rows": 7376766,
                                                                                                                "Plan Width": 12,
                                                                                                                "Actual Startup Time": 0.036,
                                                                                                                "Actual Total Time": 225.686,
                                                                                                                "Actual Rows": 4610477,
                                                                                                                "Actual Loops": 8,
                                                                                                                "Workers": []
                                                                                                            },
                                                                                                            {
                                                                                                                "Node Type": "Hash",
                                                                                                                "Parent Relationship": "Inner",
                                                                                                                "Parallel Aware": false,
                                                                                                                "Async Capable": false,
                                                                                                                "Startup Cost": 3.59,
                                                                                                                "Total Cost": 3.59,
                                                                                                                "Plan Rows": 4,
                                                                                                                "Plan Width": 4,
                                                                                                                "Actual Startup Time": 0.027,
                                                                                                                "Actual Total Time": 0.028,
                                                                                                                "Actual Rows": 4,
                                                                                                                "Actual Loops": 8,
                                                                                                                "Hash Buckets": 1024,
                                                                                                                "Original Hash Buckets": 1024,
                                                                                                                "Hash Batches": 1,
                                                                                                                "Original Hash Batches": 1,
                                                                                                                "Peak Memory Usage": 9,
                                                                                                                "Workers": [],
                                                                                                                "Plans": [
                                                                                                                    {
                                                                                                                        "Node Type": "Seq Scan",
                                                                                                                        "Parent Relationship": "Outer",
                                                                                                                        "Parallel Aware": false,
                                                                                                                        "Async Capable": false,
                                                                                                                        "Relation Name": "site",
                                                                                                                        "Alias": "s",
                                                                                                                        "Startup Cost": 0.0,
                                                                                                                        "Total Cost": 3.59,
                                                                                                                        "Plan Rows": 4,
                                                                                                                        "Plan Width": 4,
                                                                                                                        "Actual Startup Time": 0.011,
                                                                                                                        "Actual Total Time": 0.025,
                                                                                                                        "Actual Rows": 4,
                                                                                                                        "Actual Loops": 8,
                                                                                                                        "Filter": "((site_name)::text = ANY ('{android,gamedev,judaism,sharepoint}'::text[]))",
                                                                                                                        "Rows Removed by Filter": 169,
                                                                                                                        "Workers": []
                                                                                                                    }
                                                                                                                ]
                                                                                                            }
                                                                                                        ]
                                                                                                    },
                                                                                                    {
                                                                                                        "Node Type": "Hash",
                                                                                                        "Parent Relationship": "Inner",
                                                                                                        "Parallel Aware": true,
                                                                                                        "Async Capable": false,
                                                                                                        "Startup Cost": 3534.62,
                                                                                                        "Total Cost": 3534.62,
                                                                                                        "Plan Rows": 56,
                                                                                                        "Plan Width": 19,
                                                                                                        "Actual Startup Time": 3.645,
                                                                                                        "Actual Total Time": 3.646,
                                                                                                        "Actual Rows": 13,
                                                                                                        "Actual Loops": 8,
                                                                                                        "Hash Buckets": 1024,
                                                                                                        "Original Hash Buckets": 1024,
                                                                                                        "Hash Batches": 1,
                                                                                                        "Original Hash Batches": 1,
                                                                                                        "Peak Memory Usage": 264,
                                                                                                        "Workers": [],
                                                                                                        "Plans": [
                                                                                                            {
                                                                                                                "Node Type": "Seq Scan",
                                                                                                                "Parent Relationship": "Outer",
                                                                                                                "Parallel Aware": true,
                                                                                                                "Async Capable": false,
                                                                                                                "Relation Name": "tag",
                                                                                                                "Alias": "t1",
                                                                                                                "Startup Cost": 0.0,
                                                                                                                "Total Cost": 3534.62,
                                                                                                                "Plan Rows": 56,
                                                                                                                "Plan Width": 19,
                                                                                                                "Actual Startup Time": 0.135,
                                                                                                                "Actual Total Time": 3.562,
                                                                                                                "Actual Rows": 13,
                                                                                                                "Actual Loops": 8,
                                                                                                                "Filter": "((name)::text = ANY ('{java,opengl,powershell,sharepoint-enterprise,sharepoint-foundation,sharepoint-online,sources-mekorot,web-part,xna}'::text[]))",
                                                                                                                "Rows Removed by Filter": 23333,
                                                                                                                "Workers": []
                                                                                                            }
                                                                                                        ]
                                                                                                    }
                                                                                                ]
                                                                                            }
                                                                                        ]
                                                                                    }
                                                                                ]
                                                                            }
                                                                        ]
                                                                    }
                                                                ]
                                                            }
                                                        ]
                                                    }
                                                ]
                                            }
                                        ]
                                    }
                                ]
                            }
                        ]
                    },
                    "Planning Time": 3.759,
                    "Triggers": [],
                    "Execution Time": 3694.49
                }
            ],
            "hints": [
                "SET enable_hashjoin TO on",
                "SET enable_indexonlyscan TO on",
                "SET enable_indexscan TO off",
                "SET enable_mergejoin TO off",
                "SET enable_nestloop TO off",
                "SET enable_seqscan TO on"
            ]
        },
        {
            "arm": 4,
            "execution_time": 41.225,
            "plan": [
                {
                    "Plan": {
                        "Node Type": "Aggregate",
                        "Strategy": "Sorted",
                        "Partial Mode": "Simple",
                        "Parallel Aware": false,
                        "Async Capable": false,
                        "Startup Cost": 4795.83,
                        "Total Cost": 4795.85,
                        "Plan Rows": 1,
                        "Plan Width": 19,
                        "Actual Startup Time": 38.856,
                        "Actual Total Time": 41.186,
                        "Actual Rows": 9,
                        "Actual Loops": 1,
                        "Group Key": [
                            "t1.name"
                        ],
                        "Plans": [
                            {
                                "Node Type": "Sort",
                                "Parent Relationship": "Outer",
                                "Parallel Aware": false,
                                "Async Capable": false,
                                "Startup Cost": 4795.83,
                                "Total Cost": 4795.84,
                                "Plan Rows": 1,
                                "Plan Width": 11,
                                "Actual Startup Time": 38.851,
                                "Actual Total Time": 41.167,
                                "Actual Rows": 300,
                                "Actual Loops": 1,
                                "Sort Key": [
                                    "t1.name"
                                ],
                                "Sort Method": "quicksort",
                                "Sort Space Used": 32,
                                "Sort Space Type": "Memory",
                                "Plans": [
                                    {
                                        "Node Type": "Nested Loop",
                                        "Parent Relationship": "Outer",
                                        "Parallel Aware": false,
                                        "Async Capable": false,
                                        "Join Type": "Inner",
                                        "Startup Cost": 1005.51,
                                        "Total Cost": 4795.82,
                                        "Plan Rows": 1,
                                        "Plan Width": 11,
                                        "Actual Startup Time": 7.233,
                                        "Actual Total Time": 41.116,
                                        "Actual Rows": 300,
                                        "Actual Loops": 1,
                                        "Inner Unique": true,
                                        "Join Filter": "(s.site_id = u1.site_id)",
                                        "Rows Removed by Join Filter": 0,
                                        "Plans": [
                                            {
                                                "Node Type": "Nested Loop",
                                                "Parent Relationship": "Outer",
                                                "Parallel Aware": false,
                                                "Async Capable": false,
                                                "Join Type": "Inner",
                                                "Startup Cost": 1005.08,
                                                "Total Cost": 4788.81,
                                                "Plan Rows": 1,
                                                "Plan Width": 39,
                                                "Actual Startup Time": 7.225,
                                                "Actual Total Time": 40.267,
                                                "Actual Rows": 325,
                                                "Actual Loops": 1,
                                                "Inner Unique": true,
                                                "Join Filter": "((a1.owner_user_id = q1.owner_user_id) AND (q1.id = a1.question_id) AND (s.site_id = q1.site_id))",
                                                "Rows Removed by Join Filter": 3740,
                                                "Plans": [
                                                    {
                                                        "Node Type": "Gather",
                                                        "Parent Relationship": "Outer",
                                                        "Parallel Aware": false,
                                                        "Async Capable": false,
                                                        "Startup Cost": 1004.64,
                                                        "Total Cost": 4781.8,
                                                        "Plan Rows": 1,
                                                        "Plan Width": 39,
                                                        "Actual Startup Time": 0.489,
                                                        "Actual Total Time": 26.087,
                                                        "Actual Rows": 7446,
                                                        "Actual Loops": 1,
                                                        "Workers Planned": 1,
                                                        "Workers Launched": 1,
                                                        "Single Copy": false,
                                                        "Plans": [
                                                            {
                                                                "Node Type": "Nested Loop",
                                                                "Parent Relationship": "Outer",
                                                                "Parallel Aware": false,
                                                                "Async Capable": false,
                                                                "Join Type": "Inner",
                                                                "Startup Cost": 4.64,
                                                                "Total Cost": 3781.7,
                                                                "Plan Rows": 1,
                                                                "Plan Width": 39,
                                                                "Actual Startup Time": 1.121,
                                                                "Actual Total Time": 29.342,
                                                                "Actual Rows": 3723,
                                                                "Actual Loops": 2,
                                                                "Inner Unique": false,
                                                                "Join Filter": "(s.site_id = a1.site_id)",
                                                                "Rows Removed by Join Filter": 0,
                                                                "Workers": [],
                                                                "Plans": [
                                                                    {
                                                                        "Node Type": "Nested Loop",
                                                                        "Parent Relationship": "Outer",
                                                                        "Parallel Aware": false,
                                                                        "Async Capable": false,
                                                                        "Join Type": "Inner",
                                                                        "Startup Cost": 4.21,
                                                                        "Total Cost": 3600.09,
                                                                        "Plan Rows": 26,
                                                                        "Plan Width": 27,
                                                                        "Actual Startup Time": 1.104,
                                                                        "Actual Total Time": 16.582,
                                                                        "Actual Rows": 11090,
                                                                        "Actual Loops": 2,
                                                                        "Inner Unique": false,
                                                                        "Join Filter": "(s.site_id = tq1.site_id)",
                                                                        "Rows Removed by Join Filter": 0,
                                                                        "Workers": [],
                                                                        "Plans": [
                                                                            {
                                                                                "Node Type": "Hash Join",
                                                                                "Parent Relationship": "Outer",
                                                                                "Parallel Aware": false,
                                                                                "Async Capable": false,
                                                                                "Join Type": "Inner",
                                                                                "Startup Cost": 3.64,
                                                                                "Total Cost": 3538.42,
                                                                                "Plan Rows": 1,
                                                                                "Plan Width": 23,
                                                                                "Actual Startup Time": 1.064,
                                                                                "Actual Total Time": 12.345,
                                                                                "Actual Rows": 6,
                                                                                "Actual Loops": 2,
                                                                                "Inner Unique": true,
                                                                                "Hash Cond": "(t1.site_id = s.site_id)",
                                                                                "Workers": [],
                                                                                "Plans": [
                                                                                    {
                                                                                        "Node Type": "Seq Scan",
                                                                                        "Parent Relationship": "Outer",
                                                                                        "Parallel Aware": true,
                                                                                        "Async Capable": false,
                                                                                        "Relation Name": "tag",
                                                                                        "Alias": "t1",
                                                                                        "Startup Cost": 0.0,
                                                                                        "Total Cost": 3534.62,
                                                                                        "Plan Rows": 56,
                                                                                        "Plan Width": 19,
                                                                                        "Actual Startup Time": 0.202,
                                                                                        "Actual Total Time": 12.262,
                                                                                        "Actual Rows": 53,
                                                                                        "Actual Loops": 2,
                                                                                        "Filter": "((name)::text = ANY ('{java,opengl,powershell,sharepoint-enterprise,sharepoint-foundation,sharepoint-online,sources-mekorot,web-part,xna}'::text[]))",
                                                                                        "Rows Removed by Filter": 93332,
                                                                                        "Workers": []
                                                                                    },
                                                                                    {
                                                                                        "Node Type": "Hash",
                                                                                        "Parent Relationship": "Inner",
                                                                                        "Parallel Aware": false,
                                                                                        "Async Capable": false,
                                                                                        "Startup Cost": 3.59,
                                                                                        "Total Cost": 3.59,
                                                                                        "Plan Rows": 4,
                                                                                        "Plan Width": 4,
                                                                                        "Actual Startup Time": 0.027,
                                                                                        "Actual Total Time": 0.027,
                                                                                        "Actual Rows": 4,
                                                                                        "Actual Loops": 2,
                                                                                        "Hash Buckets": 1024,
                                                                                        "Original Hash Buckets": 1024,
                                                                                        "Hash Batches": 1,
                                                                                        "Original Hash Batches": 1,
                                                                                        "Peak Memory Usage": 9,
                                                                                        "Workers": [],
                                                                                        "Plans": [
                                                                                            {
                                                                                                "Node Type": "Seq Scan",
                                                                                                "Parent Relationship": "Outer",
                                                                                                "Parallel Aware": false,
                                                                                                "Async Capable": false,
                                                                                                "Relation Name": "site",
                                                                                                "Alias": "s",
                                                                                                "Startup Cost": 0.0,
                                                                                                "Total Cost": 3.59,
                                                                                                "Plan Rows": 4,
                                                                                                "Plan Width": 4,
                                                                                                "Actual Startup Time": 0.008,
                                                                                                "Actual Total Time": 0.022,
                                                                                                "Actual Rows": 4,
                                                                                                "Actual Loops": 2,
                                                                                                "Filter": "((site_name)::text = ANY ('{android,gamedev,judaism,sharepoint}'::text[]))",
                                                                                                "Rows Removed by Filter": 169,
                                                                                                "Workers": []
                                                                                            }
                                                                                        ]
                                                                                    }
                                                                                ]
                                                                            },
                                                                            {
                                                                                "Node Type": "Index Only Scan",
                                                                                "Parent Relationship": "Inner",
                                                                                "Parallel Aware": false,
                                                                                "Async Capable": false,
                                                                                "Scan Direction": "Forward",
                                                                                "Index Name": "tag_question_site_id_tag_id_question_id_idx",
                                                                                "Relation Name": "tag_question",
                                                                                "Alias": "tq1",
                                                                                "Startup Cost": 0.56,
                                                                                "Total Cost": 61.28,
                                                                                "Plan Rows": 31,
                                                                                "Plan Width": 12,
                                                                                "Actual Startup Time": 0.014,
                                                                                "Actual Total Time": 0.653,
                                                                                "Actual Rows": 2016,
                                                                                "Actual Loops": 11,
                                                                                "Index Cond": "((site_id = t1.site_id) AND (tag_id = t1.id))",
                                                                                "Rows Removed by Index Recheck": 0,
                                                                                "Heap Fetches": 22179,
                                                                                "Workers": []
                                                                            }
                                                                        ]
                                                                    },
                                                                    {
                                                                        "Node Type": "Index Scan",
                                                                        "Parent Relationship": "Inner",
                                                                        "Parallel Aware": false,
                                                                        "Async Capable": false,
                                                                        "Scan Direction": "Forward",
                                                                        "Index Name": "answer_site_id_question_id_idx",
                                                                        "Relation Name": "answer",
                                                                        "Alias": "a1",
                                                                        "Startup Cost": 0.43,
                                                                        "Total Cost": 6.97,
                                                                        "Plan Rows": 1,
                                                                        "Plan Width": 12,
                                                                        "Actual Startup Time": 0.001,
                                                                        "Actual Total Time": 0.001,
                                                                        "Actual Rows": 0,
                                                                        "Actual Loops": 22179,
                                                                        "Index Cond": "((site_id = tq1.site_id) AND (question_id = tq1.question_id))",
                                                                        "Rows Removed by Index Recheck": 0,
                                                                        "Workers": []
                                                                    }
                                                                ]
                                                            }
                                                        ]
                                                    },
                                                    {
                                                        "Node Type": "Index Scan",
                                                        "Parent Relationship": "Inner",
                                                        "Parallel Aware": false,
                                                        "Async Capable": false,
                                                        "Scan Direction": "Forward",
                                                        "Index Name": "question_pkey",
                                                        "Relation Name": "question",
                                                        "Alias": "q1",
                                                        "Startup Cost": 0.43,
                                                        "Total Cost": 6.99,
                                                        "Plan Rows": 1,
                                                        "Plan Width": 12,
                                                        "Actual Startup Time": 0.002,
                                                        "Actual Total Time": 0.002,
                                                        "Actual Rows": 1,
                                                        "Actual Loops": 7446,
                                                        "Index Cond": "((id = tq1.question_id) AND (site_id = tq1.site_id))",
                                                        "Rows Removed by Index Recheck": 0,
                                                        "Filter": "((view_count >= 10) AND (view_count <= 1000))",
                                                        "Rows Removed by Filter": 0
                                                    }
                                                ]
                                            },
                                            {
                                                "Node Type": "Index Scan",
                                                "Parent Relationship": "Inner",
                                                "Parallel Aware": false,
                                                "Async Capable": false,
                                                "Scan Direction": "Forward",
                                                "Index Name": "so_user_pkey",
                                                "Relation Name": "so_user",
                                                "Alias": "u1",
                                                "Startup Cost": 0.44,
                                                "Total Cost": 7.0,
                                                "Plan Rows": 1,
                                                "Plan Width": 8,
                                                "Actual Startup Time": 0.002,
                                                "Actual Total Time": 0.002,
                                                "Actual Rows": 1,
                                                "Actual Loops": 325,
                                                "Index Cond": "((id = q1.owner_user_id) AND (site_id = q1.site_id))",
                                                "Rows Removed by Index Recheck": 0,
                                                "Filter": "((reputation >= 10) AND (reputation <= 100000))",
                                                "Rows Removed by Filter": 0
                                            }
                                        ]
                                    }
                                ]
                            }
                        ]
                    },
                    "Planning Time": 3.833,
                    "Triggers": [],
                    "Execution Time": 41.225
                }
            ],
            "hints": [
                "SET enable_hashjoin TO on",
                "SET enable_indexonlyscan TO on",
                "SET enable_indexscan TO on",
                "SET enable_mergejoin TO off",
                "SET enable_nestloop TO on",
                "SET enable_seqscan TO on"
            ]
        }
    ]
}