{
    "sql_file": "soload_q7-001.sql",
    "query": "select count(distinct account.display_name) from account, so_user, badge b1, badge b2 where\naccount.website_url != '' and\naccount.id = so_user.account_id and\n\nb1.site_id = so_user.site_id and\nb1.user_id = so_user.id and\nb1.name = 'Famous Question' and\n\nb2.site_id = so_user.site_id and\nb2.user_id = so_user.id and\nb2.name = 'Constable' and\nb2.date > b1.date + '7 months'::interval",
    "results": [
        {
            "arm": 0,
            "execution_time": 514.088,
            "plan": [
                {
                    "Plan": {
                        "Node Type": "Aggregate",
                        "Strategy": "Plain",
                        "Partial Mode": "Simple",
                        "Parallel Aware": false,
                        "Async Capable": false,
                        "Startup Cost": 489693.04,
                        "Total Cost": 489693.05,
                        "Plan Rows": 1,
                        "Plan Width": 8,
                        "Actual Startup Time": 506.675,
                        "Actual Total Time": 514.059,
                        "Actual Rows": 1,
                        "Actual Loops": 1,
                        "Plans": [
                            {
                                "Node Type": "Sort",
                                "Parent Relationship": "Outer",
                                "Parallel Aware": false,
                                "Async Capable": false,
                                "Startup Cost": 489693.02,
                                "Total Cost": 489693.03,
                                "Plan Rows": 5,
                                "Plan Width": 11,
                                "Actual Startup Time": 506.667,
                                "Actual Total Time": 514.051,
                                "Actual Rows": 44,
                                "Actual Loops": 1,
                                "Sort Key": [
                                    "account.display_name"
                                ],
                                "Sort Method": "quicksort",
                                "Sort Space Used": 25,
                                "Sort Space Type": "Memory",
                                "Plans": [
                                    {
                                        "Node Type": "Gather",
                                        "Parent Relationship": "Outer",
                                        "Parallel Aware": false,
                                        "Async Capable": false,
                                        "Startup Cost": 1001.44,
                                        "Total Cost": 489692.96,
                                        "Plan Rows": 5,
                                        "Plan Width": 11,
                                        "Actual Startup Time": 12.223,
                                        "Actual Total Time": 514.032,
                                        "Actual Rows": 44,
                                        "Actual Loops": 1,
                                        "Workers Planned": 6,
                                        "Workers Launched": 6,
                                        "Single Copy": false,
                                        "Plans": [
                                            {
                                                "Node Type": "Nested Loop",
                                                "Parent Relationship": "Outer",
                                                "Parallel Aware": false,
                                                "Async Capable": false,
                                                "Join Type": "Inner",
                                                "Startup Cost": 1.44,
                                                "Total Cost": 488692.46,
                                                "Plan Rows": 1,
                                                "Plan Width": 11,
                                                "Actual Startup Time": 47.449,
                                                "Actual Total Time": 504.247,
                                                "Actual Rows": 6,
                                                "Actual Loops": 7,
                                                "Inner Unique": true,
                                                "Workers": [],
                                                "Plans": [
                                                    {
                                                        "Node Type": "Nested Loop",
                                                        "Parent Relationship": "Outer",
                                                        "Parallel Aware": false,
                                                        "Async Capable": false,
                                                        "Join Type": "Inner",
                                                        "Startup Cost": 1.0,
                                                        "Total Cost": 488618.59,
                                                        "Plan Rows": 16,
                                                        "Plan Width": 4,
                                                        "Actual Startup Time": 19.736,
                                                        "Actual Total Time": 503.797,
                                                        "Actual Rows": 13,
                                                        "Actual Loops": 7,
                                                        "Inner Unique": true,
                                                        "Workers": [],
                                                        "Plans": [
                                                            {
                                                                "Node Type": "Nested Loop",
                                                                "Parent Relationship": "Outer",
                                                                "Parallel Aware": false,
                                                                "Async Capable": false,
                                                                "Join Type": "Inner",
                                                                "Startup Cost": 0.56,
                                                                "Total Cost": 486761.04,
                                                                "Plan Rows": 384,
                                                                "Plan Width": 16,
                                                                "Actual Startup Time": 19.588,
                                                                "Actual Total Time": 503.184,
                                                                "Actual Rows": 13,
                                                                "Actual Loops": 7,
                                                                "Inner Unique": false,
                                                                "Workers": [],
                                                                "Plans": [
                                                                    {
                                                                        "Node Type": "Seq Scan",
                                                                        "Parent Relationship": "Outer",
                                                                        "Parallel Aware": true,
                                                                        "Async Capable": false,
                                                                        "Relation Name": "badge",
                                                                        "Alias": "b2",
                                                                        "Startup Cost": 0.0,
                                                                        "Total Cost": 477729.63,
                                                                        "Plan Rows": 1059,
                                                                        "Plan Width": 16,
                                                                        "Actual Startup Time": 3.351,
                                                                        "Actual Total Time": 490.365,
                                                                        "Actual Rows": 101,
                                                                        "Actual Loops": 7,
                                                                        "Filter": "((name)::text = 'Constable'::text)",
                                                                        "Rows Removed by Filter": 7319457,
                                                                        "Workers": []
                                                                    },
                                                                    {
                                                                        "Node Type": "Index Only Scan",
                                                                        "Parent Relationship": "Inner",
                                                                        "Parallel Aware": false,
                                                                        "Async Capable": false,
                                                                        "Scan Direction": "Forward",
                                                                        "Index Name": "badge_pkey",
                                                                        "Relation Name": "badge",
                                                                        "Alias": "b1",
                                                                        "Startup Cost": 0.56,
                                                                        "Total Cost": 8.52,
                                                                        "Plan Rows": 1,
                                                                        "Plan Width": 16,
                                                                        "Actual Startup Time": 0.126,
                                                                        "Actual Total Time": 0.127,
                                                                        "Actual Rows": 0,
                                                                        "Actual Loops": 704,
                                                                        "Index Cond": "((site_id = b2.site_id) AND (user_id = b2.user_id) AND (name = 'Famous Question'::text))",
                                                                        "Rows Removed by Index Recheck": 0,
                                                                        "Filter": "(b2.date > (date + '7 mons'::interval))",
                                                                        "Rows Removed by Filter": 3,
                                                                        "Heap Fetches": 1958,
                                                                        "Workers": []
                                                                    }
                                                                ]
                                                            },
                                                            {
                                                                "Node Type": "Index Scan",
                                                                "Parent Relationship": "Inner",
                                                                "Parallel Aware": false,
                                                                "Async Capable": false,
                                                                "Scan Direction": "Forward",
                                                                "Index Name": "so_user_pkey",
                                                                "Relation Name": "so_user",
                                                                "Alias": "so_user",
                                                                "Startup Cost": 0.44,
                                                                "Total Cost": 4.84,
                                                                "Plan Rows": 1,
                                                                "Plan Width": 12,
                                                                "Actual Startup Time": 0.048,
                                                                "Actual Total Time": 0.048,
                                                                "Actual Rows": 1,
                                                                "Actual Loops": 88,
                                                                "Index Cond": "((id = b1.user_id) AND (site_id = b1.site_id))",
                                                                "Rows Removed by Index Recheck": 0,
                                                                "Workers": []
                                                            }
                                                        ]
                                                    },
                                                    {
                                                        "Node Type": "Index Scan",
                                                        "Parent Relationship": "Inner",
                                                        "Parallel Aware": false,
                                                        "Async Capable": false,
                                                        "Scan Direction": "Forward",
                                                        "Index Name": "account_pkey",
                                                        "Relation Name": "account",
                                                        "Alias": "account",
                                                        "Startup Cost": 0.43,
                                                        "Total Cost": 4.62,
                                                        "Plan Rows": 1,
                                                        "Plan Width": 15,
                                                        "Actual Startup Time": 0.035,
                                                        "Actual Total Time": 0.035,
                                                        "Actual Rows": 0,
                                                        "Actual Loops": 88,
                                                        "Index Cond": "(id = so_user.account_id)",
                                                        "Rows Removed by Index Recheck": 0,
                                                        "Filter": "((website_url)::text <> ''::text)",
                                                        "Rows Removed by Filter": 0,
                                                        "Workers": []
                                                    }
                                                ]
                                            }
                                        ]
                                    }
                                ]
                            }
                        ]
                    },
                    "Planning Time": 0.493,
                    "Triggers": [],
                    "Execution Time": 514.088
                }
            ],
            "hints": [
                "SET enable_hashjoin TO on",
                "SET enable_indexonlyscan TO on",
                "SET enable_indexscan TO on",
                "SET enable_mergejoin TO on",
                "SET enable_nestloop TO on",
                "SET enable_seqscan TO on"
            ]
        },
        {
            "arm": 1,
            "execution_time": 1608.548,
            "plan": [
                {
                    "Plan": {
                        "Node Type": "Aggregate",
                        "Strategy": "Plain",
                        "Partial Mode": "Simple",
                        "Parallel Aware": false,
                        "Async Capable": false,
                        "Startup Cost": 1362211.34,
                        "Total Cost": 1362211.35,
                        "Plan Rows": 1,
                        "Plan Width": 8,
                        "Actual Startup Time": 1585.702,
                        "Actual Total Time": 1608.506,
                        "Actual Rows": 1,
                        "Actual Loops": 1,
                        "Plans": [
                            {
                                "Node Type": "Sort",
                                "Parent Relationship": "Outer",
                                "Parallel Aware": false,
                                "Async Capable": false,
                                "Startup Cost": 1362211.31,
                                "Total Cost": 1362211.32,
                                "Plan Rows": 5,
                                "Plan Width": 11,
                                "Actual Startup Time": 1585.693,
                                "Actual Total Time": 1608.498,
                                "Actual Rows": 44,
                                "Actual Loops": 1,
                                "Sort Key": [
                                    "account.display_name"
                                ],
                                "Sort Method": "quicksort",
                                "Sort Space Used": 25,
                                "Sort Space Type": "Memory",
                                "Plans": [
                                    {
                                        "Node Type": "Gather",
                                        "Parent Relationship": "Outer",
                                        "Parallel Aware": false,
                                        "Async Capable": false,
                                        "Startup Cost": 883272.99,
                                        "Total Cost": 1362211.25,
                                        "Plan Rows": 5,
                                        "Plan Width": 11,
                                        "Actual Startup Time": 1241.276,
                                        "Actual Total Time": 1608.479,
                                        "Actual Rows": 44,
                                        "Actual Loops": 1,
                                        "Workers Planned": 6,
                                        "Workers Launched": 6,
                                        "Single Copy": false,
                                        "Plans": [
                                            {
                                                "Node Type": "Hash Join",
                                                "Parent Relationship": "Outer",
                                                "Parallel Aware": true,
                                                "Async Capable": false,
                                                "Join Type": "Inner",
                                                "Startup Cost": 882272.99,
                                                "Total Cost": 1361210.75,
                                                "Plan Rows": 1,
                                                "Plan Width": 11,
                                                "Actual Startup Time": 1294.308,
                                                "Actual Total Time": 1579.773,
                                                "Actual Rows": 6,
                                                "Actual Loops": 7,
                                                "Inner Unique": false,
                                                "Hash Cond": "((b1.site_id = so_user.site_id) AND (b1.user_id = so_user.id))",
                                                "Join Filter": "(b2.date > (b1.date + '7 mons'::interval))",
                                                "Rows Removed by Join Filter": 156,
                                                "Workers": [],
                                                "Plans": [
                                                    {
                                                        "Node Type": "Seq Scan",
                                                        "Parent Relationship": "Outer",
                                                        "Parallel Aware": true,
                                                        "Async Capable": false,
                                                        "Relation Name": "badge",
                                                        "Alias": "b1",
                                                        "Startup Cost": 0.0,
                                                        "Total Cost": 477729.63,
                                                        "Plan Rows": 161078,
                                                        "Plan Width": 16,
                                                        "Actual Startup Time": 0.03,
                                                        "Actual Total Time": 347.499,
                                                        "Actual Rows": 130059,
                                                        "Actual Loops": 7,
                                                        "Filter": "((name)::text = 'Famous Question'::text)",
                                                        "Rows Removed by Filter": 7189499,
                                                        "Workers": []
                                                    },
                                                    {
                                                        "Node Type": "Hash",
                                                        "Parent Relationship": "Inner",
                                                        "Parallel Aware": true,
                                                        "Async Capable": false,
                                                        "Startup Cost": 882272.16,
                                                        "Total Cost": 882272.16,
                                                        "Plan Rows": 55,
                                                        "Plan Width": 35,
                                                        "Actual Startup Time": 1225.045,
                                                        "Actual Total Time": 1225.081,
                                                        "Actual Rows": 59,
                                                        "Actual Loops": 7,
                                                        "Hash Buckets": 1024,
                                                        "Original Hash Buckets": 1024,
                                                        "Hash Batches": 1,
                                                        "Original Hash Batches": 1,
                                                        "Peak Memory Usage": 232,
                                                        "Workers": [],
                                                        "Plans": [
                                                            {
                                                                "Node Type": "Hash Join",
                                                                "Parent Relationship": "Outer",
                                                                "Parallel Aware": true,
                                                                "Async Capable": false,
                                                                "Join Type": "Inner",
                                                                "Startup Cost": 404533.91,
                                                                "Total Cost": 882272.16,
                                                                "Plan Rows": 55,
                                                                "Plan Width": 35,
                                                                "Actual Startup Time": 1211.631,
                                                                "Actual Total Time": 1225.008,
                                                                "Actual Rows": 59,
                                                                "Actual Loops": 7,
                                                                "Inner Unique": false,
                                                                "Hash Cond": "((b2.site_id = so_user.site_id) AND (b2.user_id = so_user.id))",
                                                                "Workers": [],
                                                                "Plans": [
                                                                    {
                                                                        "Node Type": "Seq Scan",
                                                                        "Parent Relationship": "Outer",
                                                                        "Parallel Aware": true,
                                                                        "Async Capable": false,
                                                                        "Relation Name": "badge",
                                                                        "Alias": "b2",
                                                                        "Startup Cost": 0.0,
                                                                        "Total Cost": 477729.63,
                                                                        "Plan Rows": 1059,
                                                                        "Plan Width": 16,
                                                                        "Actual Startup Time": 1.956,
                                                                        "Actual Total Time": 355.389,
                                                                        "Actual Rows": 101,
                                                                        "Actual Loops": 7,
                                                                        "Filter": "((name)::text = 'Constable'::text)",
                                                                        "Rows Removed by Filter": 7319457,
                                                                        "Workers": []
                                                                    },
                                                                    {
                                                                        "Node Type": "Hash",
                                                                        "Parent Relationship": "Inner",
                                                                        "Parallel Aware": true,
                                                                        "Async Capable": false,
                                                                        "Startup Cost": 401253.56,
                                                                        "Total Cost": 401253.56,
                                                                        "Plan Rows": 218690,
                                                                        "Plan Width": 19,
                                                                        "Actual Startup Time": 845.086,
                                                                        "Actual Total Time": 845.121,
                                                                        "Actual Rows": 362270,
                                                                        "Actual Loops": 7,
                                                                        "Hash Buckets": 524288,
                                                                        "Original Hash Buckets": 2097152,
                                                                        "Hash Batches": 16,
                                                                        "Original Hash Batches": 1,
                                                                        "Peak Memory Usage": 12640,
                                                                        "Workers": [],
                                                                        "Plans": [
                                                                            {
                                                                                "Node Type": "Hash Join",
                                                                                "Parent Relationship": "Outer",
                                                                                "Parallel Aware": true,
                                                                                "Async Capable": false,
                                                                                "Join Type": "Inner",
                                                                                "Startup Cost": 150787.4,
                                                                                "Total Cost": 401253.56,
                                                                                "Plan Rows": 218690,
                                                                                "Plan Width": 19,
                                                                                "Actual Startup Time": 133.472,
                                                                                "Actual Total Time": 714.694,
                                                                                "Actual Rows": 362270,
                                                                                "Actual Loops": 7,
                                                                                "Inner Unique": true,
                                                                                "Hash Cond": "(so_user.account_id = account.id)",
                                                                                "Workers": [],
                                                                                "Plans": [
                                                                                    {
                                                                                        "Node Type": "Seq Scan",
                                                                                        "Parent Relationship": "Outer",
                                                                                        "Parallel Aware": true,
                                                                                        "Async Capable": false,
                                                                                        "Relation Name": "so_user",
                                                                                        "Alias": "so_user",
                                                                                        "Startup Cost": 0.0,
                                                                                        "Total Cost": 239391.02,
                                                                                        "Plan Rows": 4219102,
                                                                                        "Plan Width": 12,
                                                                                        "Actual Startup Time": 0.014,
                                                                                        "Actual Total Time": 147.746,
                                                                                        "Actual Rows": 3013900,
                                                                                        "Actual Loops": 7,
                                                                                        "Workers": []
                                                                                    },
                                                                                    {
                                                                                        "Node Type": "Hash",
                                                                                        "Parent Relationship": "Inner",
                                                                                        "Parallel Aware": true,
                                                                                        "Async Capable": false,
                                                                                        "Startup Cost": 148993.09,
                                                                                        "Total Cost": 148993.09,
                                                                                        "Plan Rows": 143545,
                                                                                        "Plan Width": 15,
                                                                                        "Actual Startup Time": 132.96,
                                                                                        "Actual Total Time": 132.961,
                                                                                        "Actual Rows": 103524,
                                                                                        "Actual Loops": 7,
                                                                                        "Hash Buckets": 1048576,
                                                                                        "Original Hash Buckets": 1048576,
                                                                                        "Hash Batches": 1,
                                                                                        "Original Hash Batches": 1,
                                                                                        "Peak Memory Usage": 44576,
                                                                                        "Workers": [],
                                                                                        "Plans": [
                                                                                            {
                                                                                                "Node Type": "Seq Scan",
                                                                                                "Parent Relationship": "Outer",
                                                                                                "Parallel Aware": true,
                                                                                                "Async Capable": false,
                                                                                                "Relation Name": "account",
                                                                                                "Alias": "account",
                                                                                                "Startup Cost": 0.0,
                                                                                                "Total Cost": 148993.09,
                                                                                                "Plan Rows": 143545,
                                                                                                "Plan Width": 15,
                                                                                                "Actual Startup Time": 0.034,
                                                                                                "Actual Total Time": 107.997,
                                                                                                "Actual Rows": 103524,
                                                                                                "Actual Loops": 7,
                                                                                                "Filter": "((website_url)::text <> ''::text)",
                                                                                                "Rows Removed by Filter": 1878212,
                                                                                                "Workers": []
                                                                                            }
                                                                                        ]
                                                                                    }
                                                                                ]
                                                                            }
                                                                        ]
                                                                    }
                                                                ]
                                                            }
                                                        ]
                                                    }
                                                ]
                                            }
                                        ]
                                    }
                                ]
                            }
                        ]
                    },
                    "Planning Time": 0.501,
                    "Triggers": [],
                    "Execution Time": 1608.548
                }
            ],
            "hints": [
                "SET enable_hashjoin TO on",
                "SET enable_indexonlyscan TO on",
                "SET enable_indexscan TO on",
                "SET enable_mergejoin TO on",
                "SET enable_nestloop TO off",
                "SET enable_seqscan TO on"
            ]
        },
        {
            "arm": 2,
            "execution_time": 373.081,
            "plan": [
                {
                    "Plan": {
                        "Node Type": "Aggregate",
                        "Strategy": "Plain",
                        "Partial Mode": "Simple",
                        "Parallel Aware": false,
                        "Async Capable": false,
                        "Startup Cost": 490448.25,
                        "Total Cost": 490448.26,
                        "Plan Rows": 1,
                        "Plan Width": 8,
                        "Actual Startup Time": 365.158,
                        "Actual Total Time": 373.045,
                        "Actual Rows": 1,
                        "Actual Loops": 1,
                        "Plans": [
                            {
                                "Node Type": "Sort",
                                "Parent Relationship": "Outer",
                                "Parallel Aware": false,
                                "Async Capable": false,
                                "Startup Cost": 490448.23,
                                "Total Cost": 490448.24,
                                "Plan Rows": 5,
                                "Plan Width": 11,
                                "Actual Startup Time": 365.149,
                                "Actual Total Time": 373.037,
                                "Actual Rows": 44,
                                "Actual Loops": 1,
                                "Sort Key": [
                                    "account.display_name"
                                ],
                                "Sort Method": "quicksort",
                                "Sort Space Used": 25,
                                "Sort Space Type": "Memory",
                                "Plans": [
                                    {
                                        "Node Type": "Gather",
                                        "Parent Relationship": "Outer",
                                        "Parallel Aware": false,
                                        "Async Capable": false,
                                        "Startup Cost": 1009.66,
                                        "Total Cost": 490448.17,
                                        "Plan Rows": 5,
                                        "Plan Width": 11,
                                        "Actual Startup Time": 16.936,
                                        "Actual Total Time": 373.017,
                                        "Actual Rows": 44,
                                        "Actual Loops": 1,
                                        "Workers Planned": 6,
                                        "Workers Launched": 6,
                                        "Single Copy": false,
                                        "Plans": [
                                            {
                                                "Node Type": "Nested Loop",
                                                "Parent Relationship": "Outer",
                                                "Parallel Aware": false,
                                                "Async Capable": false,
                                                "Join Type": "Inner",
                                                "Startup Cost": 9.66,
                                                "Total Cost": 489447.67,
                                                "Plan Rows": 1,
                                                "Plan Width": 11,
                                                "Actual Startup Time": 72.555,
                                                "Actual Total Time": 362.718,
                                                "Actual Rows": 6,
                                                "Actual Loops": 7,
                                                "Inner Unique": true,
                                                "Workers": [],
                                                "Plans": [
                                                    {
                                                        "Node Type": "Nested Loop",
                                                        "Parent Relationship": "Outer",
                                                        "Parallel Aware": false,
                                                        "Async Capable": false,
                                                        "Join Type": "Inner",
                                                        "Startup Cost": 7.13,
                                                        "Total Cost": 489343.06,
                                                        "Plan Rows": 16,
                                                        "Plan Width": 4,
                                                        "Actual Startup Time": 16.216,
                                                        "Actual Total Time": 362.623,
                                                        "Actual Rows": 13,
                                                        "Actual Loops": 7,
                                                        "Inner Unique": true,
                                                        "Workers": [],
                                                        "Plans": [
                                                            {
                                                                "Node Type": "Nested Loop",
                                                                "Parent Relationship": "Outer",
                                                                "Parallel Aware": false,
                                                                "Async Capable": false,
                                                                "Join Type": "Inner",
                                                                "Startup Cost": 4.54,
                                                                "Total Cost": 486804.57,
                                                                "Plan Rows": 384,
                                                                "Plan Width": 16,
                                                                "Actual Startup Time": 16.19,
                                                                "Actual Total Time": 362.542,
                                                                "Actual Rows": 13,
                                                                "Actual Loops": 7,
                                                                "Inner Unique": false,
                                                                "Workers": [],
                                                                "Plans": [
                                                                    {
                                                                        "Node Type": "Seq Scan",
                                                                        "Parent Relationship": "Outer",
                                                                        "Parallel Aware": true,
                                                                        "Async Capable": false,
                                                                        "Relation Name": "badge",
                                                                        "Alias": "b2",
                                                                        "Startup Cost": 0.0,
                                                                        "Total Cost": 477729.63,
                                                                        "Plan Rows": 1059,
                                                                        "Plan Width": 16,
                                                                        "Actual Startup Time": 2.352,
                                                                        "Actual Total Time": 361.368,
                                                                        "Actual Rows": 101,
                                                                        "Actual Loops": 7,
                                                                        "Filter": "((name)::text = 'Constable'::text)",
                                                                        "Rows Removed by Filter": 7319457,
                                                                        "Workers": []
                                                                    },
                                                                    {
                                                                        "Node Type": "Bitmap Heap Scan",
                                                                        "Parent Relationship": "Inner",
                                                                        "Parallel Aware": false,
                                                                        "Async Capable": false,
                                                                        "Relation Name": "badge",
                                                                        "Alias": "b1",
                                                                        "Startup Cost": 4.54,
                                                                        "Total Cost": 8.56,
                                                                        "Plan Rows": 1,
                                                                        "Plan Width": 16,
                                                                        "Actual Startup Time": 0.011,
                                                                        "Actual Total Time": 0.011,
                                                                        "Actual Rows": 0,
                                                                        "Actual Loops": 704,
                                                                        "Recheck Cond": "((site_id = b2.site_id) AND (user_id = b2.user_id) AND ((name)::text = 'Famous Question'::text))",
                                                                        "Rows Removed by Index Recheck": 0,
                                                                        "Filter": "(b2.date > (date + '7 mons'::interval))",
                                                                        "Rows Removed by Filter": 3,
                                                                        "Exact Heap Blocks": 267,
                                                                        "Lossy Heap Blocks": 0,
                                                                        "Workers": [],
                                                                        "Plans": [
                                                                            {
                                                                                "Node Type": "Bitmap Index Scan",
                                                                                "Parent Relationship": "Outer",
                                                                                "Parallel Aware": false,
                                                                                "Async Capable": false,
                                                                                "Index Name": "badge_pkey",
                                                                                "Startup Cost": 0.0,
                                                                                "Total Cost": 4.54,
                                                                                "Plan Rows": 1,
                                                                                "Plan Width": 0,
                                                                                "Actual Startup Time": 0.006,
                                                                                "Actual Total Time": 0.006,
                                                                                "Actual Rows": 3,
                                                                                "Actual Loops": 704,
                                                                                "Index Cond": "((site_id = b2.site_id) AND (user_id = b2.user_id) AND ((name)::text = 'Famous Question'::text))",
                                                                                "Workers": []
                                                                            }
                                                                        ]
                                                                    }
                                                                ]
                                                            },
                                                            {
                                                                "Node Type": "Bitmap Heap Scan",
                                                                "Parent Relationship": "Inner",
                                                                "Parallel Aware": false,
                                                                "Async Capable": false,
                                                                "Relation Name": "so_user",
                                                                "Alias": "so_user",
                                                                "Startup Cost": 2.6,
                                                                "Total Cost": 6.61,
                                                                "Plan Rows": 1,
                                                                "Plan Width": 12,
                                                                "Actual Startup Time": 0.005,
                                                                "Actual Total Time": 0.005,
                                                                "Actual Rows": 1,
                                                                "Actual Loops": 88,
                                                                "Recheck Cond": "((id = b1.user_id) AND (site_id = b1.site_id))",
                                                                "Rows Removed by Index Recheck": 0,
                                                                "Exact Heap Blocks": 8,
                                                                "Lossy Heap Blocks": 0,
                                                                "Workers": [],
                                                                "Plans": [
                                                                    {
                                                                        "Node Type": "Bitmap Index Scan",
                                                                        "Parent Relationship": "Outer",
                                                                        "Parallel Aware": false,
                                                                        "Async Capable": false,
                                                                        "Index Name": "so_user_pkey",
                                                                        "Startup Cost": 0.0,
                                                                        "Total Cost": 2.6,
                                                                        "Plan Rows": 1,
                                                                        "Plan Width": 0,
                                                                        "Actual Startup Time": 0.004,
                                                                        "Actual Total Time": 0.004,
                                                                        "Actual Rows": 1,
                                                                        "Actual Loops": 88,
                                                                        "Index Cond": "((id = b1.user_id) AND (site_id = b1.site_id))",
                                                                        "Workers": []
                                                                    }
                                                                ]
                                                            }
                                                        ]
                                                    },
                                                    {
                                                        "Node Type": "Bitmap Heap Scan",
                                                        "Parent Relationship": "Inner",
                                                        "Parallel Aware": false,
                                                        "Async Capable": false,
                                                        "Relation Name": "account",
                                                        "Alias": "account",
                                                        "Startup Cost": 2.52,
                                                        "Total Cost": 6.54,
                                                        "Plan Rows": 1,
                                                        "Plan Width": 15,
                                                        "Actual Startup Time": 0.007,
                                                        "Actual Total Time": 0.007,
                                                        "Actual Rows": 0,
                                                        "Actual Loops": 88,
                                                        "Recheck Cond": "(id = so_user.account_id)",
                                                        "Rows Removed by Index Recheck": 0,
                                                        "Filter": "((website_url)::text <> ''::text)",
                                                        "Rows Removed by Filter": 0,
                                                        "Exact Heap Blocks": 8,
                                                        "Lossy Heap Blocks": 0,
                                                        "Workers": [],
                                                        "Plans": [
                                                            {
                                                                "Node Type": "Bitmap Index Scan",
                                                                "Parent Relationship": "Outer",
                                                                "Parallel Aware": false,
                                                                "Async Capable": false,
                                                                "Index Name": "account_pkey",
                                                                "Startup Cost": 0.0,
                                                                "Total Cost": 2.52,
                                                                "Plan Rows": 1,
                                                                "Plan Width": 0,
                                                                "Actual Startup Time": 0.005,
                                                                "Actual Total Time": 0.005,
                                                                "Actual Rows": 1,
                                                                "Actual Loops": 88,
                                                                "Index Cond": "(id = so_user.account_id)",
                                                                "Workers": []
                                                            }
                                                        ]
                                                    }
                                                ]
                                            }
                                        ]
                                    }
                                ]
                            }
                        ]
                    },
                    "Planning Time": 0.352,
                    "Triggers": [],
                    "Execution Time": 373.081
                }
            ],
            "hints": [
                "SET enable_hashjoin TO on",
                "SET enable_indexonlyscan TO on",
                "SET enable_indexscan TO off",
                "SET enable_mergejoin TO off",
                "SET enable_nestloop TO on",
                "SET enable_seqscan TO on"
            ]
        },
        {
            "arm": 3,
            "execution_time": 1611.278,
            "plan": [
                {
                    "Plan": {
                        "Node Type": "Aggregate",
                        "Strategy": "Plain",
                        "Partial Mode": "Simple",
                        "Parallel Aware": false,
                        "Async Capable": false,
                        "Startup Cost": 1362211.34,
                        "Total Cost": 1362211.35,
                        "Plan Rows": 1,
                        "Plan Width": 8,
                        "Actual Startup Time": 1589.297,
                        "Actual Total Time": 1611.247,
                        "Actual Rows": 1,
                        "Actual Loops": 1,
                        "Plans": [
                            {
                                "Node Type": "Sort",
                                "Parent Relationship": "Outer",
                                "Parallel Aware": false,
                                "Async Capable": false,
                                "Startup Cost": 1362211.31,
                                "Total Cost": 1362211.32,
                                "Plan Rows": 5,
                                "Plan Width": 11,
                                "Actual Startup Time": 1589.288,
                                "Actual Total Time": 1611.238,
                                "Actual Rows": 44,
                                "Actual Loops": 1,
                                "Sort Key": [
                                    "account.display_name"
                                ],
                                "Sort Method": "quicksort",
                                "Sort Space Used": 25,
                                "Sort Space Type": "Memory",
                                "Plans": [
                                    {
                                        "Node Type": "Gather",
                                        "Parent Relationship": "Outer",
                                        "Parallel Aware": false,
                                        "Async Capable": false,
                                        "Startup Cost": 883272.99,
                                        "Total Cost": 1362211.25,
                                        "Plan Rows": 5,
                                        "Plan Width": 11,
                                        "Actual Startup Time": 1268.763,
                                        "Actual Total Time": 1611.219,
                                        "Actual Rows": 44,
                                        "Actual Loops": 1,
                                        "Workers Planned": 6,
                                        "Workers Launched": 6,
                                        "Single Copy": false,
                                        "Plans": [
                                            {
                                                "Node Type": "Hash Join",
                                                "Parent Relationship": "Outer",
                                                "Parallel Aware": true,
                                                "Async Capable": false,
                                                "Join Type": "Inner",
                                                "Startup Cost": 882272.99,
                                                "Total Cost": 1361210.75,
                                                "Plan Rows": 1,
                                                "Plan Width": 11,
                                                "Actual Startup Time": 1301.29,
                                                "Actual Total Time": 1583.602,
                                                "Actual Rows": 6,
                                                "Actual Loops": 7,
                                                "Inner Unique": false,
                                                "Hash Cond": "((b1.site_id = so_user.site_id) AND (b1.user_id = so_user.id))",
                                                "Join Filter": "(b2.date > (b1.date + '7 mons'::interval))",
                                                "Rows Removed by Join Filter": 156,
                                                "Workers": [],
                                                "Plans": [
                                                    {
                                                        "Node Type": "Seq Scan",
                                                        "Parent Relationship": "Outer",
                                                        "Parallel Aware": true,
                                                        "Async Capable": false,
                                                        "Relation Name": "badge",
                                                        "Alias": "b1",
                                                        "Startup Cost": 0.0,
                                                        "Total Cost": 477729.63,
                                                        "Plan Rows": 161078,
                                                        "Plan Width": 16,
                                                        "Actual Startup Time": 0.02,
                                                        "Actual Total Time": 346.006,
                                                        "Actual Rows": 130059,
                                                        "Actual Loops": 7,
                                                        "Filter": "((name)::text = 'Famous Question'::text)",
                                                        "Rows Removed by Filter": 7189499,
                                                        "Workers": []
                                                    },
                                                    {
                                                        "Node Type": "Hash",
                                                        "Parent Relationship": "Inner",
                                                        "Parallel Aware": true,
                                                        "Async Capable": false,
                                                        "Startup Cost": 882272.16,
                                                        "Total Cost": 882272.16,
                                                        "Plan Rows": 55,
                                                        "Plan Width": 35,
                                                        "Actual Startup Time": 1229.306,
                                                        "Actual Total Time": 1229.768,
                                                        "Actual Rows": 59,
                                                        "Actual Loops": 7,
                                                        "Hash Buckets": 1024,
                                                        "Original Hash Buckets": 1024,
                                                        "Hash Batches": 1,
                                                        "Original Hash Batches": 1,
                                                        "Peak Memory Usage": 232,
                                                        "Workers": [],
                                                        "Plans": [
                                                            {
                                                                "Node Type": "Hash Join",
                                                                "Parent Relationship": "Outer",
                                                                "Parallel Aware": true,
                                                                "Async Capable": false,
                                                                "Join Type": "Inner",
                                                                "Startup Cost": 404533.91,
                                                                "Total Cost": 882272.16,
                                                                "Plan Rows": 55,
                                                                "Plan Width": 35,
                                                                "Actual Startup Time": 1215.624,
                                                                "Actual Total Time": 1229.551,
                                                                "Actual Rows": 59,
                                                                "Actual Loops": 7,
                                                                "Inner Unique": false,
                                                                "Hash Cond": "((b2.site_id = so_user.site_id) AND (b2.user_id = so_user.id))",
                                                                "Workers": [],
                                                                "Plans": [
                                                                    {
                                                                        "Node Type": "Seq Scan",
                                                                        "Parent Relationship": "Outer",
                                                                        "Parallel Aware": true,
                                                                        "Async Capable": false,
                                                                        "Relation Name": "badge",
                                                                        "Alias": "b2",
                                                                        "Startup Cost": 0.0,
                                                                        "Total Cost": 477729.63,
                                                                        "Plan Rows": 1059,
                                                                        "Plan Width": 16,
                                                                        "Actual Startup Time": 1.979,
                                                                        "Actual Total Time": 355.982,
                                                                        "Actual Rows": 101,
                                                                        "Actual Loops": 7,
                                                                        "Filter": "((name)::text = 'Constable'::text)",
                                                                        "Rows Removed by Filter": 7319457,
                                                                        "Workers": []
                                                                    },
                                                                    {
                                                                        "Node Type": "Hash",
                                                                        "Parent Relationship": "Inner",
                                                                        "Parallel Aware": true,
                                                                        "Async Capable": false,
                                                                        "Startup Cost": 401253.56,
                                                                        "Total Cost": 401253.56,
                                                                        "Plan Rows": 218690,
                                                                        "Plan Width": 19,
                                                                        "Actual Startup Time": 848.421,
                                                                        "Actual Total Time": 848.456,
                                                                        "Actual Rows": 362270,
                                                                        "Actual Loops": 7,
                                                                        "Hash Buckets": 524288,
                                                                        "Original Hash Buckets": 2097152,
                                                                        "Hash Batches": 16,
                                                                        "Original Hash Batches": 1,
                                                                        "Peak Memory Usage": 12704,
                                                                        "Workers": [],
                                                                        "Plans": [
                                                                            {
                                                                                "Node Type": "Hash Join",
                                                                                "Parent Relationship": "Outer",
                                                                                "Parallel Aware": true,
                                                                                "Async Capable": false,
                                                                                "Join Type": "Inner",
                                                                                "Startup Cost": 150787.4,
                                                                                "Total Cost": 401253.56,
                                                                                "Plan Rows": 218690,
                                                                                "Plan Width": 19,
                                                                                "Actual Startup Time": 133.852,
                                                                                "Actual Total Time": 717.671,
                                                                                "Actual Rows": 362270,
                                                                                "Actual Loops": 7,
                                                                                "Inner Unique": true,
                                                                                "Hash Cond": "(so_user.account_id = account.id)",
                                                                                "Workers": [],
                                                                                "Plans": [
                                                                                    {
                                                                                        "Node Type": "Seq Scan",
                                                                                        "Parent Relationship": "Outer",
                                                                                        "Parallel Aware": true,
                                                                                        "Async Capable": false,
                                                                                        "Relation Name": "so_user",
                                                                                        "Alias": "so_user",
                                                                                        "Startup Cost": 0.0,
                                                                                        "Total Cost": 239391.02,
                                                                                        "Plan Rows": 4219102,
                                                                                        "Plan Width": 12,
                                                                                        "Actual Startup Time": 0.015,
                                                                                        "Actual Total Time": 147.335,
                                                                                        "Actual Rows": 3013900,
                                                                                        "Actual Loops": 7,
                                                                                        "Workers": []
                                                                                    },
                                                                                    {
                                                                                        "Node Type": "Hash",
                                                                                        "Parent Relationship": "Inner",
                                                                                        "Parallel Aware": true,
                                                                                        "Async Capable": false,
                                                                                        "Startup Cost": 148993.09,
                                                                                        "Total Cost": 148993.09,
                                                                                        "Plan Rows": 143545,
                                                                                        "Plan Width": 15,
                                                                                        "Actual Startup Time": 133.324,
                                                                                        "Actual Total Time": 133.324,
                                                                                        "Actual Rows": 103524,
                                                                                        "Actual Loops": 7,
                                                                                        "Hash Buckets": 1048576,
                                                                                        "Original Hash Buckets": 1048576,
                                                                                        "Hash Batches": 1,
                                                                                        "Original Hash Batches": 1,
                                                                                        "Peak Memory Usage": 44576,
                                                                                        "Workers": [],
                                                                                        "Plans": [
                                                                                            {
                                                                                                "Node Type": "Seq Scan",
                                                                                                "Parent Relationship": "Outer",
                                                                                                "Parallel Aware": true,
                                                                                                "Async Capable": false,
                                                                                                "Relation Name": "account",
                                                                                                "Alias": "account",
                                                                                                "Startup Cost": 0.0,
                                                                                                "Total Cost": 148993.09,
                                                                                                "Plan Rows": 143545,
                                                                                                "Plan Width": 15,
                                                                                                "Actual Startup Time": 0.031,
                                                                                                "Actual Total Time": 108.649,
                                                                                                "Actual Rows": 103524,
                                                                                                "Actual Loops": 7,
                                                                                                "Filter": "((website_url)::text <> ''::text)",
                                                                                                "Rows Removed by Filter": 1878212,
                                                                                                "Workers": []
                                                                                            }
                                                                                        ]
                                                                                    }
                                                                                ]
                                                                            }
                                                                        ]
                                                                    }
                                                                ]
                                                            }
                                                        ]
                                                    }
                                                ]
                                            }
                                        ]
                                    }
                                ]
                            }
                        ]
                    },
                    "Planning Time": 0.341,
                    "Triggers": [],
                    "Execution Time": 1611.278
                }
            ],
            "hints": [
                "SET enable_hashjoin TO on",
                "SET enable_indexonlyscan TO on",
                "SET enable_indexscan TO off",
                "SET enable_mergejoin TO off",
                "SET enable_nestloop TO off",
                "SET enable_seqscan TO on"
            ]
        },
        {
            "arm": 4,
            "execution_time": 369.509,
            "plan": [
                {
                    "Plan": {
                        "Node Type": "Aggregate",
                        "Strategy": "Plain",
                        "Partial Mode": "Simple",
                        "Parallel Aware": false,
                        "Async Capable": false,
                        "Startup Cost": 489693.04,
                        "Total Cost": 489693.05,
                        "Plan Rows": 1,
                        "Plan Width": 8,
                        "Actual Startup Time": 361.804,
                        "Actual Total Time": 369.474,
                        "Actual Rows": 1,
                        "Actual Loops": 1,
                        "Plans": [
                            {
                                "Node Type": "Sort",
                                "Parent Relationship": "Outer",
                                "Parallel Aware": false,
                                "Async Capable": false,
                                "Startup Cost": 489693.02,
                                "Total Cost": 489693.03,
                                "Plan Rows": 5,
                                "Plan Width": 11,
                                "Actual Startup Time": 361.795,
                                "Actual Total Time": 369.465,
                                "Actual Rows": 44,
                                "Actual Loops": 1,
                                "Sort Key": [
                                    "account.display_name"
                                ],
                                "Sort Method": "quicksort",
                                "Sort Space Used": 25,
                                "Sort Space Type": "Memory",
                                "Plans": [
                                    {
                                        "Node Type": "Gather",
                                        "Parent Relationship": "Outer",
                                        "Parallel Aware": false,
                                        "Async Capable": false,
                                        "Startup Cost": 1001.44,
                                        "Total Cost": 489692.96,
                                        "Plan Rows": 5,
                                        "Plan Width": 11,
                                        "Actual Startup Time": 36.2,
                                        "Actual Total Time": 369.446,
                                        "Actual Rows": 44,
                                        "Actual Loops": 1,
                                        "Workers Planned": 6,
                                        "Workers Launched": 6,
                                        "Single Copy": false,
                                        "Plans": [
                                            {
                                                "Node Type": "Nested Loop",
                                                "Parent Relationship": "Outer",
                                                "Parallel Aware": false,
                                                "Async Capable": false,
                                                "Join Type": "Inner",
                                                "Startup Cost": 1.44,
                                                "Total Cost": 488692.46,
                                                "Plan Rows": 1,
                                                "Plan Width": 11,
                                                "Actual Startup Time": 88.116,
                                                "Actual Total Time": 359.365,
                                                "Actual Rows": 6,
                                                "Actual Loops": 7,
                                                "Inner Unique": true,
                                                "Workers": [],
                                                "Plans": [
                                                    {
                                                        "Node Type": "Nested Loop",
                                                        "Parent Relationship": "Outer",
                                                        "Parallel Aware": false,
                                                        "Async Capable": false,
                                                        "Join Type": "Inner",
                                                        "Startup Cost": 1.0,
                                                        "Total Cost": 488618.59,
                                                        "Plan Rows": 16,
                                                        "Plan Width": 4,
                                                        "Actual Startup Time": 30.855,
                                                        "Actual Total Time": 359.287,
                                                        "Actual Rows": 13,
                                                        "Actual Loops": 7,
                                                        "Inner Unique": true,
                                                        "Workers": [],
                                                        "Plans": [
                                                            {
                                                                "Node Type": "Nested Loop",
                                                                "Parent Relationship": "Outer",
                                                                "Parallel Aware": false,
                                                                "Async Capable": false,
                                                                "Join Type": "Inner",
                                                                "Startup Cost": 0.56,
                                                                "Total Cost": 486761.04,
                                                                "Plan Rows": 384,
                                                                "Plan Width": 16,
                                                                "Actual Startup Time": 30.833,
                                                                "Actual Total Time": 359.219,
                                                                "Actual Rows": 13,
                                                                "Actual Loops": 7,
                                                                "Inner Unique": false,
                                                                "Workers": [],
                                                                "Plans": [
                                                                    {
                                                                        "Node Type": "Seq Scan",
                                                                        "Parent Relationship": "Outer",
                                                                        "Parallel Aware": true,
                                                                        "Async Capable": false,
                                                                        "Relation Name": "badge",
                                                                        "Alias": "b2",
                                                                        "Startup Cost": 0.0,
                                                                        "Total Cost": 477729.63,
                                                                        "Plan Rows": 1059,
                                                                        "Plan Width": 16,
                                                                        "Actual Startup Time": 3.469,
                                                                        "Actual Total Time": 358.169,
                                                                        "Actual Rows": 101,
                                                                        "Actual Loops": 7,
                                                                        "Filter": "((name)::text = 'Constable'::text)",
                                                                        "Rows Removed by Filter": 7319457,
                                                                        "Workers": []
                                                                    },
                                                                    {
                                                                        "Node Type": "Index Only Scan",
                                                                        "Parent Relationship": "Inner",
                                                                        "Parallel Aware": false,
                                                                        "Async Capable": false,
                                                                        "Scan Direction": "Forward",
                                                                        "Index Name": "badge_pkey",
                                                                        "Relation Name": "badge",
                                                                        "Alias": "b1",
                                                                        "Startup Cost": 0.56,
                                                                        "Total Cost": 8.52,
                                                                        "Plan Rows": 1,
                                                                        "Plan Width": 16,
                                                                        "Actual Startup Time": 0.01,
                                                                        "Actual Total Time": 0.01,
                                                                        "Actual Rows": 0,
                                                                        "Actual Loops": 704,
                                                                        "Index Cond": "((site_id = b2.site_id) AND (user_id = b2.user_id) AND (name = 'Famous Question'::text))",
                                                                        "Rows Removed by Index Recheck": 0,
                                                                        "Filter": "(b2.date > (date + '7 mons'::interval))",
                                                                        "Rows Removed by Filter": 3,
                                                                        "Heap Fetches": 1958,
                                                                        "Workers": []
                                                                    }
                                                                ]
                                                            },
                                                            {
                                                                "Node Type": "Index Scan",
                                                                "Parent Relationship": "Inner",
                                                                "Parallel Aware": false,
                                                                "Async Capable": false,
                                                                "Scan Direction": "Forward",
                                                                "Index Name": "so_user_pkey",
                                                                "Relation Name": "so_user",
                                                                "Alias": "so_user",
                                                                "Startup Cost": 0.44,
                                                                "Total Cost": 4.84,
                                                                "Plan Rows": 1,
                                                                "Plan Width": 12,
                                                                "Actual Startup Time": 0.005,
                                                                "Actual Total Time": 0.005,
                                                                "Actual Rows": 1,
                                                                "Actual Loops": 88,
                                                                "Index Cond": "((id = b1.user_id) AND (site_id = b1.site_id))",
                                                                "Rows Removed by Index Recheck": 0,
                                                                "Workers": []
                                                            }
                                                        ]
                                                    },
                                                    {
                                                        "Node Type": "Index Scan",
                                                        "Parent Relationship": "Inner",
                                                        "Parallel Aware": false,
                                                        "Async Capable": false,
                                                        "Scan Direction": "Forward",
                                                        "Index Name": "account_pkey",
                                                        "Relation Name": "account",
                                                        "Alias": "account",
                                                        "Startup Cost": 0.43,
                                                        "Total Cost": 4.62,
                                                        "Plan Rows": 1,
                                                        "Plan Width": 15,
                                                        "Actual Startup Time": 0.006,
                                                        "Actual Total Time": 0.006,
                                                        "Actual Rows": 0,
                                                        "Actual Loops": 88,
                                                        "Index Cond": "(id = so_user.account_id)",
                                                        "Rows Removed by Index Recheck": 0,
                                                        "Filter": "((website_url)::text <> ''::text)",
                                                        "Rows Removed by Filter": 0,
                                                        "Workers": []
                                                    }
                                                ]
                                            }
                                        ]
                                    }
                                ]
                            }
                        ]
                    },
                    "Planning Time": 0.342,
                    "Triggers": [],
                    "Execution Time": 369.509
                }
            ],
            "hints": [
                "SET enable_hashjoin TO on",
                "SET enable_indexonlyscan TO on",
                "SET enable_indexscan TO on",
                "SET enable_mergejoin TO off",
                "SET enable_nestloop TO on",
                "SET enable_seqscan TO on"
            ]
        }
    ]
}