{
    "sql_file": "soload_q16-004.sql",
    "query": "SELECT COUNT(*)\nFROM\nsite as s,\nso_user as u1,\ntag as t1,\ntag_question as tq1,\nquestion as q1,\nbadge as b1,\naccount as acc\nWHERE\ns.site_id = u1.site_id\nAND s.site_id = b1.site_id\nAND s.site_id = t1.site_id\nAND s.site_id = tq1.site_id\nAND s.site_id = q1.site_id\nAND t1.id = tq1.tag_id\nAND q1.id = tq1.question_id\nAND q1.owner_user_id = u1.id\nAND acc.id = u1.account_id\nAND b1.user_id = u1.id\nAND (q1.favorite_count >= 0)\nAND (q1.favorite_count <= 1)\nAND s.site_name = 'stackoverflow'\nAND (t1.name in ('excel','google-cloud-storage','javafx-2','listview','mobile-safari','npgsql','out-of-memory','system.reactive','word-wrap','wxpython'))\nAND (acc.website_url ILIKE ('%de'))",
    "results": [
        {
            "arm": 0,
            "execution_time": 5220.702,
            "plan": [
                {
                    "Plan": {
                        "Node Type": "Aggregate",
                        "Strategy": "Plain",
                        "Partial Mode": "Simple",
                        "Parallel Aware": false,
                        "Async Capable": false,
                        "Startup Cost": 4030.62,
                        "Total Cost": 4030.63,
                        "Plan Rows": 1,
                        "Plan Width": 8,
                        "Actual Startup Time": 5220.588,
                        "Actual Total Time": 5220.657,
                        "Actual Rows": 1,
                        "Actual Loops": 1,
                        "Plans": [
                            {
                                "Node Type": "Nested Loop",
                                "Parent Relationship": "Outer",
                                "Parallel Aware": false,
                                "Async Capable": false,
                                "Join Type": "Inner",
                                "Startup Cost": 3853.9,
                                "Total Cost": 4030.62,
                                "Plan Rows": 1,
                                "Plan Width": 0,
                                "Actual Startup Time": 67.725,
                                "Actual Total Time": 5220.558,
                                "Actual Rows": 1791,
                                "Actual Loops": 1,
                                "Inner Unique": true,
                                "Plans": [
                                    {
                                        "Node Type": "Gather",
                                        "Parent Relationship": "Outer",
                                        "Parallel Aware": false,
                                        "Async Capable": false,
                                        "Startup Cost": 3853.46,
                                        "Total Cost": 4023.61,
                                        "Plan Rows": 1,
                                        "Plan Width": 4,
                                        "Actual Startup Time": 8.326,
                                        "Actual Total Time": 3425.661,
                                        "Actual Rows": 866262,
                                        "Actual Loops": 1,
                                        "Workers Planned": 1,
                                        "Workers Launched": 1,
                                        "Single Copy": false,
                                        "Plans": [
                                            {
                                                "Node Type": "Nested Loop",
                                                "Parent Relationship": "Outer",
                                                "Parallel Aware": false,
                                                "Async Capable": false,
                                                "Join Type": "Inner",
                                                "Startup Cost": 2853.46,
                                                "Total Cost": 3023.51,
                                                "Plan Rows": 1,
                                                "Plan Width": 4,
                                                "Actual Startup Time": 7.425,
                                                "Actual Total Time": 2739.128,
                                                "Actual Rows": 433131,
                                                "Actual Loops": 2,
                                                "Inner Unique": false,
                                                "Join Filter": "((s.site_id = b1.site_id) AND (b1.user_id = q1.owner_user_id))",
                                                "Rows Removed by Join Filter": 0,
                                                "Workers": [],
                                                "Plans": [
                                                    {
                                                        "Node Type": "Nested Loop",
                                                        "Parent Relationship": "Outer",
                                                        "Parallel Aware": false,
                                                        "Async Capable": false,
                                                        "Join Type": "Inner",
                                                        "Startup Cost": 2852.9,
                                                        "Total Cost": 3016.38,
                                                        "Plan Rows": 1,
                                                        "Plan Width": 32,
                                                        "Actual Startup Time": 7.231,
                                                        "Actual Total Time": 968.42,
                                                        "Actual Rows": 10219,
                                                        "Actual Loops": 2,
                                                        "Inner Unique": true,
                                                        "Join Filter": "(s.site_id = u1.site_id)",
                                                        "Rows Removed by Join Filter": 0,
                                                        "Workers": [],
                                                        "Plans": [
                                                            {
                                                                "Node Type": "Nested Loop",
                                                                "Parent Relationship": "Outer",
                                                                "Parallel Aware": false,
                                                                "Async Capable": false,
                                                                "Join Type": "Inner",
                                                                "Startup Cost": 2852.46,
                                                                "Total Cost": 3002.64,
                                                                "Plan Rows": 2,
                                                                "Plan Width": 20,
                                                                "Actual Startup Time": 7.118,
                                                                "Actual Total Time": 610.282,
                                                                "Actual Rows": 10219,
                                                                "Actual Loops": 2,
                                                                "Inner Unique": true,
                                                                "Join Filter": "(s.site_id = q1.site_id)",
                                                                "Rows Removed by Join Filter": 0,
                                                                "Workers": [],
                                                                "Plans": [
                                                                    {
                                                                        "Node Type": "Nested Loop",
                                                                        "Parent Relationship": "Outer",
                                                                        "Parallel Aware": false,
                                                                        "Async Capable": false,
                                                                        "Join Type": "Inner",
                                                                        "Startup Cost": 2852.03,
                                                                        "Total Cost": 2913.56,
                                                                        "Plan Rows": 13,
                                                                        "Plan Width": 16,
                                                                        "Actual Startup Time": 6.979,
                                                                        "Actual Total Time": 154.71,
                                                                        "Actual Rows": 70740,
                                                                        "Actual Loops": 2,
                                                                        "Inner Unique": false,
                                                                        "Join Filter": "(s.site_id = tq1.site_id)",
                                                                        "Rows Removed by Join Filter": 0,
                                                                        "Workers": [],
                                                                        "Plans": [
                                                                            {
                                                                                "Node Type": "Merge Join",
                                                                                "Parent Relationship": "Outer",
                                                                                "Parallel Aware": false,
                                                                                "Async Capable": false,
                                                                                "Join Type": "Inner",
                                                                                "Startup Cost": 2851.46,
                                                                                "Total Cost": 2851.55,
                                                                                "Plan Rows": 1,
                                                                                "Plan Width": 12,
                                                                                "Actual Startup Time": 6.693,
                                                                                "Actual Total Time": 6.707,
                                                                                "Actual Rows": 5,
                                                                                "Actual Loops": 2,
                                                                                "Inner Unique": true,
                                                                                "Merge Cond": "(t1.site_id = s.site_id)",
                                                                                "Workers": [],
                                                                                "Plans": [
                                                                                    {
                                                                                        "Node Type": "Sort",
                                                                                        "Parent Relationship": "Outer",
                                                                                        "Parallel Aware": false,
                                                                                        "Async Capable": false,
                                                                                        "Startup Cost": 2848.29,
                                                                                        "Total Cost": 2848.33,
                                                                                        "Plan Rows": 15,
                                                                                        "Plan Width": 8,
                                                                                        "Actual Startup Time": 6.673,
                                                                                        "Actual Total Time": 6.678,
                                                                                        "Actual Rows": 23,
                                                                                        "Actual Loops": 2,
                                                                                        "Sort Key": [
                                                                                            "t1.site_id"
                                                                                        ],
                                                                                        "Sort Method": "quicksort",
                                                                                        "Sort Space Used": 26,
                                                                                        "Sort Space Type": "Memory",
                                                                                        "Workers": [
                                                                                            {
                                                                                                "Worker Number": 0,
                                                                                                "Sort Method": "quicksort",
                                                                                                "Sort Space Used": 25,
                                                                                                "Sort Space Type": "Memory"
                                                                                            }
                                                                                        ],
                                                                                        "Plans": [
                                                                                            {
                                                                                                "Node Type": "Seq Scan",
                                                                                                "Parent Relationship": "Outer",
                                                                                                "Parallel Aware": true,
                                                                                                "Async Capable": false,
                                                                                                "Relation Name": "tag",
                                                                                                "Alias": "t1",
                                                                                                "Startup Cost": 0.03,
                                                                                                "Total Cost": 2848.0,
                                                                                                "Plan Rows": 15,
                                                                                                "Plan Width": 8,
                                                                                                "Actual Startup Time": 0.28,
                                                                                                "Actual Total Time": 6.662,
                                                                                                "Actual Rows": 26,
                                                                                                "Actual Loops": 2,
                                                                                                "Filter": "((name)::text = ANY ('{excel,google-cloud-storage,javafx-2,listview,mobile-safari,npgsql,out-of-memory,system.reactive,word-wrap,wxpython}'::text[]))",
                                                                                                "Rows Removed by Filter": 93359,
                                                                                                "Workers": []
                                                                                            }
                                                                                        ]
                                                                                    },
                                                                                    {
                                                                                        "Node Type": "Sort",
                                                                                        "Parent Relationship": "Inner",
                                                                                        "Parallel Aware": false,
                                                                                        "Async Capable": false,
                                                                                        "Startup Cost": 3.17,
                                                                                        "Total Cost": 3.18,
                                                                                        "Plan Rows": 1,
                                                                                        "Plan Width": 4,
                                                                                        "Actual Startup Time": 0.016,
                                                                                        "Actual Total Time": 0.017,
                                                                                        "Actual Rows": 1,
                                                                                        "Actual Loops": 2,
                                                                                        "Sort Key": [
                                                                                            "s.site_id"
                                                                                        ],
                                                                                        "Sort Method": "quicksort",
                                                                                        "Sort Space Used": 25,
                                                                                        "Sort Space Type": "Memory",
                                                                                        "Workers": [
                                                                                            {
                                                                                                "Worker Number": 0,
                                                                                                "Sort Method": "quicksort",
                                                                                                "Sort Space Used": 25,
                                                                                                "Sort Space Type": "Memory"
                                                                                            }
                                                                                        ],
                                                                                        "Plans": [
                                                                                            {
                                                                                                "Node Type": "Seq Scan",
                                                                                                "Parent Relationship": "Outer",
                                                                                                "Parallel Aware": false,
                                                                                                "Async Capable": false,
                                                                                                "Relation Name": "site",
                                                                                                "Alias": "s",
                                                                                                "Startup Cost": 0.0,
                                                                                                "Total Cost": 3.16,
                                                                                                "Plan Rows": 1,
                                                                                                "Plan Width": 4,
                                                                                                "Actual Startup Time": 0.011,
                                                                                                "Actual Total Time": 0.012,
                                                                                                "Actual Rows": 1,
                                                                                                "Actual Loops": 2,
                                                                                                "Filter": "((site_name)::text = 'stackoverflow'::text)",
                                                                                                "Rows Removed by Filter": 172,
                                                                                                "Workers": []
                                                                                            }
                                                                                        ]
                                                                                    }
                                                                                ]
                                                                            },
                                                                            {
                                                                                "Node Type": "Index Only Scan",
                                                                                "Parent Relationship": "Inner",
                                                                                "Parallel Aware": false,
                                                                                "Async Capable": false,
                                                                                "Scan Direction": "Forward",
                                                                                "Index Name": "tag_question_site_id_tag_id_question_id_idx",
                                                                                "Relation Name": "tag_question",
                                                                                "Alias": "tq1",
                                                                                "Startup Cost": 0.56,
                                                                                "Total Cost": 61.62,
                                                                                "Plan Rows": 31,
                                                                                "Plan Width": 12,
                                                                                "Actual Startup Time": 0.204,
                                                                                "Actual Total Time": 28.36,
                                                                                "Actual Rows": 14148,
                                                                                "Actual Loops": 10,
                                                                                "Index Cond": "((site_id = t1.site_id) AND (tag_id = t1.id))",
                                                                                "Rows Removed by Index Recheck": 0,
                                                                                "Heap Fetches": 141479,
                                                                                "Workers": []
                                                                            }
                                                                        ]
                                                                    },
                                                                    {
                                                                        "Node Type": "Index Scan",
                                                                        "Parent Relationship": "Inner",
                                                                        "Parallel Aware": false,
                                                                        "Async Capable": false,
                                                                        "Scan Direction": "Forward",
                                                                        "Index Name": "question_pkey",
                                                                        "Relation Name": "question",
                                                                        "Alias": "q1",
                                                                        "Startup Cost": 0.43,
                                                                        "Total Cost": 6.84,
                                                                        "Plan Rows": 1,
                                                                        "Plan Width": 12,
                                                                        "Actual Startup Time": 0.006,
                                                                        "Actual Total Time": 0.006,
                                                                        "Actual Rows": 0,
                                                                        "Actual Loops": 141479,
                                                                        "Index Cond": "((id = tq1.question_id) AND (site_id = tq1.site_id))",
                                                                        "Rows Removed by Index Recheck": 0,
                                                                        "Filter": "((favorite_count >= 0) AND (favorite_count <= 1))",
                                                                        "Rows Removed by Filter": 1,
                                                                        "Workers": []
                                                                    }
                                                                ]
                                                            },
                                                            {
                                                                "Node Type": "Index Scan",
                                                                "Parent Relationship": "Inner",
                                                                "Parallel Aware": false,
                                                                "Async Capable": false,
                                                                "Scan Direction": "Forward",
                                                                "Index Name": "so_user_pkey",
                                                                "Relation Name": "so_user",
                                                                "Alias": "u1",
                                                                "Startup Cost": 0.44,
                                                                "Total Cost": 6.86,
                                                                "Plan Rows": 1,
                                                                "Plan Width": 12,
                                                                "Actual Startup Time": 0.035,
                                                                "Actual Total Time": 0.035,
                                                                "Actual Rows": 1,
                                                                "Actual Loops": 20438,
                                                                "Index Cond": "((id = q1.owner_user_id) AND (site_id = q1.site_id))",
                                                                "Rows Removed by Index Recheck": 0,
                                                                "Workers": []
                                                            }
                                                        ]
                                                    },
                                                    {
                                                        "Node Type": "Index Only Scan",
                                                        "Parent Relationship": "Inner",
                                                        "Parallel Aware": false,
                                                        "Async Capable": false,
                                                        "Scan Direction": "Forward",
                                                        "Index Name": "badge_pkey",
                                                        "Relation Name": "badge",
                                                        "Alias": "b1",
                                                        "Startup Cost": 0.56,
                                                        "Total Cost": 7.12,
                                                        "Plan Rows": 1,
                                                        "Plan Width": 8,
                                                        "Actual Startup Time": 0.079,
                                                        "Actual Total Time": 0.17,
                                                        "Actual Rows": 42,
                                                        "Actual Loops": 20438,
                                                        "Index Cond": "((site_id = u1.site_id) AND (user_id = u1.id))",
                                                        "Rows Removed by Index Recheck": 0,
                                                        "Heap Fetches": 866262,
                                                        "Workers": []
                                                    }
                                                ]
                                            }
                                        ]
                                    },
                                    {
                                        "Node Type": "Index Scan",
                                        "Parent Relationship": "Inner",
                                        "Parallel Aware": false,
                                        "Async Capable": false,
                                        "Scan Direction": "Forward",
                                        "Index Name": "account_pkey",
                                        "Relation Name": "account",
                                        "Alias": "acc",
                                        "Startup Cost": 0.43,
                                        "Total Cost": 6.83,
                                        "Plan Rows": 1,
                                        "Plan Width": 4,
                                        "Actual Startup Time": 0.002,
                                        "Actual Total Time": 0.002,
                                        "Actual Rows": 0,
                                        "Actual Loops": 866262,
                                        "Index Cond": "(id = u1.account_id)",
                                        "Rows Removed by Index Recheck": 0,
                                        "Filter": "((website_url)::text ~~* '%de'::text)",
                                        "Rows Removed by Filter": 1
                                    }
                                ]
                            }
                        ]
                    },
                    "Planning Time": 7.91,
                    "Triggers": [],
                    "Execution Time": 5220.702
                }
            ],
            "hints": [
                "SET enable_hashjoin TO on",
                "SET enable_indexonlyscan TO on",
                "SET enable_indexscan TO on",
                "SET enable_mergejoin TO on",
                "SET enable_nestloop TO on",
                "SET enable_seqscan TO on"
            ]
        },
        {
            "arm": 1,
            "execution_time": 30000,
            "plan": "Query execution error: canceling statement due to statement timeout\n",
            "hints": [
                "SET enable_hashjoin TO on",
                "SET enable_indexonlyscan TO on",
                "SET enable_indexscan TO on",
                "SET enable_mergejoin TO on",
                "SET enable_nestloop TO off",
                "SET enable_seqscan TO on"
            ]
        },
        {
            "arm": 2,
            "execution_time": 10436.224,
            "plan": [
                {
                    "Plan": {
                        "Node Type": "Aggregate",
                        "Strategy": "Plain",
                        "Partial Mode": "Simple",
                        "Parallel Aware": false,
                        "Async Capable": false,
                        "Startup Cost": 4110.51,
                        "Total Cost": 4110.52,
                        "Plan Rows": 1,
                        "Plan Width": 8,
                        "Actual Startup Time": 10436.108,
                        "Actual Total Time": 10436.176,
                        "Actual Rows": 1,
                        "Actual Loops": 1,
                        "Plans": [
                            {
                                "Node Type": "Nested Loop",
                                "Parent Relationship": "Outer",
                                "Parallel Aware": false,
                                "Async Capable": false,
                                "Join Type": "Inner",
                                "Startup Cost": 1022.83,
                                "Total Cost": 4110.51,
                                "Plan Rows": 1,
                                "Plan Width": 0,
                                "Actual Startup Time": 1326.609,
                                "Actual Total Time": 10436.067,
                                "Actual Rows": 1791,
                                "Actual Loops": 1,
                                "Inner Unique": true,
                                "Plans": [
                                    {
                                        "Node Type": "Nested Loop",
                                        "Parent Relationship": "Outer",
                                        "Parallel Aware": false,
                                        "Async Capable": false,
                                        "Join Type": "Inner",
                                        "Startup Cost": 1019.2,
                                        "Total Cost": 4102.75,
                                        "Plan Rows": 1,
                                        "Plan Width": 4,
                                        "Actual Startup Time": 28.35,
                                        "Actual Total Time": 7918.696,
                                        "Actual Rows": 866262,
                                        "Actual Loops": 1,
                                        "Inner Unique": false,
                                        "Join Filter": "((s.site_id = b1.site_id) AND (b1.user_id = q1.owner_user_id))",
                                        "Rows Removed by Join Filter": 0,
                                        "Plans": [
                                            {
                                                "Node Type": "Gather",
                                                "Parent Relationship": "Outer",
                                                "Parallel Aware": false,
                                                "Async Capable": false,
                                                "Startup Cost": 1015.36,
                                                "Total Cost": 4094.88,
                                                "Plan Rows": 1,
                                                "Plan Width": 32,
                                                "Actual Startup Time": 28.122,
                                                "Actual Total Time": 1888.418,
                                                "Actual Rows": 20438,
                                                "Actual Loops": 1,
                                                "Workers Planned": 1,
                                                "Workers Launched": 1,
                                                "Single Copy": false,
                                                "Plans": [
                                                    {
                                                        "Node Type": "Nested Loop",
                                                        "Parent Relationship": "Outer",
                                                        "Parallel Aware": false,
                                                        "Async Capable": false,
                                                        "Join Type": "Inner",
                                                        "Startup Cost": 15.36,
                                                        "Total Cost": 3094.78,
                                                        "Plan Rows": 1,
                                                        "Plan Width": 32,
                                                        "Actual Startup Time": 21.405,
                                                        "Actual Total Time": 1738.855,
                                                        "Actual Rows": 10219,
                                                        "Actual Loops": 2,
                                                        "Inner Unique": true,
                                                        "Join Filter": "(s.site_id = u1.site_id)",
                                                        "Rows Removed by Join Filter": 0,
                                                        "Workers": [],
                                                        "Plans": [
                                                            {
                                                                "Node Type": "Nested Loop",
                                                                "Parent Relationship": "Outer",
                                                                "Parallel Aware": false,
                                                                "Async Capable": false,
                                                                "Join Type": "Inner",
                                                                "Startup Cost": 11.72,
                                                                "Total Cost": 3079.44,
                                                                "Plan Rows": 2,
                                                                "Plan Width": 20,
                                                                "Actual Startup Time": 21.194,
                                                                "Actual Total Time": 1085.632,
                                                                "Actual Rows": 10219,
                                                                "Actual Loops": 2,
                                                                "Inner Unique": true,
                                                                "Join Filter": "(s.site_id = q1.site_id)",
                                                                "Rows Removed by Join Filter": 0,
                                                                "Workers": [],
                                                                "Plans": [
                                                                    {
                                                                        "Node Type": "Nested Loop",
                                                                        "Parent Relationship": "Outer",
                                                                        "Parallel Aware": false,
                                                                        "Async Capable": false,
                                                                        "Join Type": "Inner",
                                                                        "Startup Cost": 8.08,
                                                                        "Total Cost": 2979.79,
                                                                        "Plan Rows": 13,
                                                                        "Plan Width": 16,
                                                                        "Actual Startup Time": 20.478,
                                                                        "Actual Total Time": 354.276,
                                                                        "Actual Rows": 70740,
                                                                        "Actual Loops": 2,
                                                                        "Inner Unique": false,
                                                                        "Join Filter": "(s.site_id = tq1.site_id)",
                                                                        "Rows Removed by Join Filter": 0,
                                                                        "Workers": [],
                                                                        "Plans": [
                                                                            {
                                                                                "Node Type": "Hash Join",
                                                                                "Parent Relationship": "Outer",
                                                                                "Parallel Aware": false,
                                                                                "Async Capable": false,
                                                                                "Join Type": "Inner",
                                                                                "Startup Cost": 3.2,
                                                                                "Total Cost": 2851.21,
                                                                                "Plan Rows": 1,
                                                                                "Plan Width": 12,
                                                                                "Actual Startup Time": 9.064,
                                                                                "Actual Total Time": 12.88,
                                                                                "Actual Rows": 5,
                                                                                "Actual Loops": 2,
                                                                                "Inner Unique": true,
                                                                                "Hash Cond": "(t1.site_id = s.site_id)",
                                                                                "Workers": [],
                                                                                "Plans": [
                                                                                    {
                                                                                        "Node Type": "Seq Scan",
                                                                                        "Parent Relationship": "Outer",
                                                                                        "Parallel Aware": true,
                                                                                        "Async Capable": false,
                                                                                        "Relation Name": "tag",
                                                                                        "Alias": "t1",
                                                                                        "Startup Cost": 0.03,
                                                                                        "Total Cost": 2848.0,
                                                                                        "Plan Rows": 15,
                                                                                        "Plan Width": 8,
                                                                                        "Actual Startup Time": 1.284,
                                                                                        "Actual Total Time": 12.808,
                                                                                        "Actual Rows": 26,
                                                                                        "Actual Loops": 2,
                                                                                        "Filter": "((name)::text = ANY ('{excel,google-cloud-storage,javafx-2,listview,mobile-safari,npgsql,out-of-memory,system.reactive,word-wrap,wxpython}'::text[]))",
                                                                                        "Rows Removed by Filter": 93359,
                                                                                        "Workers": []
                                                                                    },
                                                                                    {
                                                                                        "Node Type": "Hash",
                                                                                        "Parent Relationship": "Inner",
                                                                                        "Parallel Aware": false,
                                                                                        "Async Capable": false,
                                                                                        "Startup Cost": 3.16,
                                                                                        "Total Cost": 3.16,
                                                                                        "Plan Rows": 1,
                                                                                        "Plan Width": 4,
                                                                                        "Actual Startup Time": 0.017,
                                                                                        "Actual Total Time": 0.017,
                                                                                        "Actual Rows": 1,
                                                                                        "Actual Loops": 2,
                                                                                        "Hash Buckets": 1024,
                                                                                        "Original Hash Buckets": 1024,
                                                                                        "Hash Batches": 1,
                                                                                        "Original Hash Batches": 1,
                                                                                        "Peak Memory Usage": 9,
                                                                                        "Workers": [],
                                                                                        "Plans": [
                                                                                            {
                                                                                                "Node Type": "Seq Scan",
                                                                                                "Parent Relationship": "Outer",
                                                                                                "Parallel Aware": false,
                                                                                                "Async Capable": false,
                                                                                                "Relation Name": "site",
                                                                                                "Alias": "s",
                                                                                                "Startup Cost": 0.0,
                                                                                                "Total Cost": 3.16,
                                                                                                "Plan Rows": 1,
                                                                                                "Plan Width": 4,
                                                                                                "Actual Startup Time": 0.01,
                                                                                                "Actual Total Time": 0.012,
                                                                                                "Actual Rows": 1,
                                                                                                "Actual Loops": 2,
                                                                                                "Filter": "((site_name)::text = 'stackoverflow'::text)",
                                                                                                "Rows Removed by Filter": 172,
                                                                                                "Workers": []
                                                                                            }
                                                                                        ]
                                                                                    }
                                                                                ]
                                                                            },
                                                                            {
                                                                                "Node Type": "Bitmap Heap Scan",
                                                                                "Parent Relationship": "Inner",
                                                                                "Parallel Aware": false,
                                                                                "Async Capable": false,
                                                                                "Relation Name": "tag_question",
                                                                                "Alias": "tq1",
                                                                                "Startup Cost": 4.88,
                                                                                "Total Cost": 128.19,
                                                                                "Plan Rows": 31,
                                                                                "Plan Width": 12,
                                                                                "Actual Startup Time": 2.991,
                                                                                "Actual Total Time": 66.41,
                                                                                "Actual Rows": 14148,
                                                                                "Actual Loops": 10,
                                                                                "Recheck Cond": "((t1.site_id = site_id) AND (t1.id = tag_id))",
                                                                                "Rows Removed by Index Recheck": 0,
                                                                                "Exact Heap Blocks": 68635,
                                                                                "Lossy Heap Blocks": 0,
                                                                                "Workers": [],
                                                                                "Plans": [
                                                                                    {
                                                                                        "Node Type": "Bitmap Index Scan",
                                                                                        "Parent Relationship": "Outer",
                                                                                        "Parallel Aware": false,
                                                                                        "Async Capable": false,
                                                                                        "Index Name": "tag_question_site_id_tag_id_question_id_idx",
                                                                                        "Startup Cost": 0.0,
                                                                                        "Total Cost": 4.88,
                                                                                        "Plan Rows": 31,
                                                                                        "Plan Width": 0,
                                                                                        "Actual Startup Time": 1.624,
                                                                                        "Actual Total Time": 1.624,
                                                                                        "Actual Rows": 14148,
                                                                                        "Actual Loops": 10,
                                                                                        "Index Cond": "((site_id = t1.site_id) AND (tag_id = t1.id))",
                                                                                        "Workers": []
                                                                                    }
                                                                                ]
                                                                            }
                                                                        ]
                                                                    },
                                                                    {
                                                                        "Node Type": "Bitmap Heap Scan",
                                                                        "Parent Relationship": "Inner",
                                                                        "Parallel Aware": false,
                                                                        "Async Capable": false,
                                                                        "Relation Name": "question",
                                                                        "Alias": "q1",
                                                                        "Startup Cost": 3.63,
                                                                        "Total Cost": 7.65,
                                                                        "Plan Rows": 1,
                                                                        "Plan Width": 12,
                                                                        "Actual Startup Time": 0.01,
                                                                        "Actual Total Time": 0.01,
                                                                        "Actual Rows": 0,
                                                                        "Actual Loops": 141479,
                                                                        "Recheck Cond": "((tq1.question_id = id) AND (tq1.site_id = site_id))",
                                                                        "Rows Removed by Index Recheck": 0,
                                                                        "Filter": "((favorite_count >= 0) AND (favorite_count <= 1))",
                                                                        "Rows Removed by Filter": 1,
                                                                        "Exact Heap Blocks": 98609,
                                                                        "Lossy Heap Blocks": 0,
                                                                        "Workers": [],
                                                                        "Plans": [
                                                                            {
                                                                                "Node Type": "Bitmap Index Scan",
                                                                                "Parent Relationship": "Outer",
                                                                                "Parallel Aware": false,
                                                                                "Async Capable": false,
                                                                                "Index Name": "question_pkey",
                                                                                "Startup Cost": 0.0,
                                                                                "Total Cost": 3.63,
                                                                                "Plan Rows": 1,
                                                                                "Plan Width": 0,
                                                                                "Actual Startup Time": 0.006,
                                                                                "Actual Total Time": 0.006,
                                                                                "Actual Rows": 1,
                                                                                "Actual Loops": 141479,
                                                                                "Index Cond": "((id = tq1.question_id) AND (site_id = tq1.site_id))",
                                                                                "Workers": []
                                                                            }
                                                                        ]
                                                                    }
                                                                ]
                                                            },
                                                            {
                                                                "Node Type": "Bitmap Heap Scan",
                                                                "Parent Relationship": "Inner",
                                                                "Parallel Aware": false,
                                                                "Async Capable": false,
                                                                "Relation Name": "so_user",
                                                                "Alias": "u1",
                                                                "Startup Cost": 3.65,
                                                                "Total Cost": 7.66,
                                                                "Plan Rows": 1,
                                                                "Plan Width": 12,
                                                                "Actual Startup Time": 0.063,
                                                                "Actual Total Time": 0.063,
                                                                "Actual Rows": 1,
                                                                "Actual Loops": 20438,
                                                                "Recheck Cond": "((id = q1.owner_user_id) AND (site_id = q1.site_id))",
                                                                "Rows Removed by Index Recheck": 0,
                                                                "Exact Heap Blocks": 13232,
                                                                "Lossy Heap Blocks": 0,
                                                                "Workers": [],
                                                                "Plans": [
                                                                    {
                                                                        "Node Type": "Bitmap Index Scan",
                                                                        "Parent Relationship": "Outer",
                                                                        "Parallel Aware": false,
                                                                        "Async Capable": false,
                                                                        "Index Name": "so_user_pkey",
                                                                        "Startup Cost": 0.0,
                                                                        "Total Cost": 3.64,
                                                                        "Plan Rows": 1,
                                                                        "Plan Width": 0,
                                                                        "Actual Startup Time": 0.059,
                                                                        "Actual Total Time": 0.059,
                                                                        "Actual Rows": 1,
                                                                        "Actual Loops": 20438,
                                                                        "Index Cond": "((id = q1.owner_user_id) AND (site_id = q1.site_id))",
                                                                        "Workers": []
                                                                    }
                                                                ]
                                                            }
                                                        ]
                                                    }
                                                ]
                                            },
                                            {
                                                "Node Type": "Bitmap Heap Scan",
                                                "Parent Relationship": "Inner",
                                                "Parallel Aware": false,
                                                "Async Capable": false,
                                                "Relation Name": "badge",
                                                "Alias": "b1",
                                                "Startup Cost": 3.84,
                                                "Total Cost": 7.86,
                                                "Plan Rows": 1,
                                                "Plan Width": 8,
                                                "Actual Startup Time": 0.101,
                                                "Actual Total Time": 0.29,
                                                "Actual Rows": 42,
                                                "Actual Loops": 20438,
                                                "Recheck Cond": "((u1.site_id = site_id) AND (u1.id = user_id))",
                                                "Rows Removed by Index Recheck": 0,
                                                "Exact Heap Blocks": 851983,
                                                "Lossy Heap Blocks": 0,
                                                "Plans": [
                                                    {
                                                        "Node Type": "Bitmap Index Scan",
                                                        "Parent Relationship": "Outer",
                                                        "Parallel Aware": false,
                                                        "Async Capable": false,
                                                        "Index Name": "badge_pkey",
                                                        "Startup Cost": 0.0,
                                                        "Total Cost": 3.84,
                                                        "Plan Rows": 1,
                                                        "Plan Width": 0,
                                                        "Actual Startup Time": 0.092,
                                                        "Actual Total Time": 0.092,
                                                        "Actual Rows": 42,
                                                        "Actual Loops": 20438,
                                                        "Index Cond": "((site_id = u1.site_id) AND (user_id = u1.id))"
                                                    }
                                                ]
                                            }
                                        ]
                                    },
                                    {
                                        "Node Type": "Bitmap Heap Scan",
                                        "Parent Relationship": "Inner",
                                        "Parallel Aware": false,
                                        "Async Capable": false,
                                        "Relation Name": "account",
                                        "Alias": "acc",
                                        "Startup Cost": 3.63,
                                        "Total Cost": 7.65,
                                        "Plan Rows": 1,
                                        "Plan Width": 4,
                                        "Actual Startup Time": 0.003,
                                        "Actual Total Time": 0.003,
                                        "Actual Rows": 0,
                                        "Actual Loops": 866262,
                                        "Recheck Cond": "(id = u1.account_id)",
                                        "Rows Removed by Index Recheck": 0,
                                        "Filter": "((website_url)::text ~~* '%de'::text)",
                                        "Rows Removed by Filter": 1,
                                        "Exact Heap Blocks": 866262,
                                        "Lossy Heap Blocks": 0,
                                        "Plans": [
                                            {
                                                "Node Type": "Bitmap Index Scan",
                                                "Parent Relationship": "Outer",
                                                "Parallel Aware": false,
                                                "Async Capable": false,
                                                "Index Name": "account_pkey",
                                                "Startup Cost": 0.0,
                                                "Total Cost": 3.63,
                                                "Plan Rows": 1,
                                                "Plan Width": 0,
                                                "Actual Startup Time": 0.002,
                                                "Actual Total Time": 0.002,
                                                "Actual Rows": 1,
                                                "Actual Loops": 866262,
                                                "Index Cond": "(id = u1.account_id)"
                                            }
                                        ]
                                    }
                                ]
                            }
                        ]
                    },
                    "Planning Time": 3.763,
                    "Triggers": [],
                    "Execution Time": 10436.224
                }
            ],
            "hints": [
                "SET enable_hashjoin TO on",
                "SET enable_indexonlyscan TO on",
                "SET enable_indexscan TO off",
                "SET enable_mergejoin TO off",
                "SET enable_nestloop TO on",
                "SET enable_seqscan TO on"
            ]
        },
        {
            "arm": 3,
            "execution_time": 30000,
            "plan": "Query execution error: canceling statement due to statement timeout\n",
            "hints": [
                "SET enable_hashjoin TO on",
                "SET enable_indexonlyscan TO on",
                "SET enable_indexscan TO off",
                "SET enable_mergejoin TO off",
                "SET enable_nestloop TO off",
                "SET enable_seqscan TO on"
            ]
        },
        {
            "arm": 4,
            "execution_time": 2829.473,
            "plan": [
                {
                    "Plan": {
                        "Node Type": "Aggregate",
                        "Strategy": "Plain",
                        "Partial Mode": "Simple",
                        "Parallel Aware": false,
                        "Async Capable": false,
                        "Startup Cost": 4030.28,
                        "Total Cost": 4030.29,
                        "Plan Rows": 1,
                        "Plan Width": 8,
                        "Actual Startup Time": 2829.375,
                        "Actual Total Time": 2829.43,
                        "Actual Rows": 1,
                        "Actual Loops": 1,
                        "Plans": [
                            {
                                "Node Type": "Nested Loop",
                                "Parent Relationship": "Outer",
                                "Parallel Aware": false,
                                "Async Capable": false,
                                "Join Type": "Inner",
                                "Startup Cost": 1005.64,
                                "Total Cost": 4030.28,
                                "Plan Rows": 1,
                                "Plan Width": 0,
                                "Actual Startup Time": 59.669,
                                "Actual Total Time": 2829.348,
                                "Actual Rows": 1791,
                                "Actual Loops": 1,
                                "Inner Unique": true,
                                "Plans": [
                                    {
                                        "Node Type": "Nested Loop",
                                        "Parent Relationship": "Outer",
                                        "Parallel Aware": false,
                                        "Async Capable": false,
                                        "Join Type": "Inner",
                                        "Startup Cost": 1005.2,
                                        "Total Cost": 4023.27,
                                        "Plan Rows": 1,
                                        "Plan Width": 4,
                                        "Actual Startup Time": 14.575,
                                        "Actual Total Time": 1798.502,
                                        "Actual Rows": 866262,
                                        "Actual Loops": 1,
                                        "Inner Unique": false,
                                        "Join Filter": "((s.site_id = b1.site_id) AND (b1.user_id = q1.owner_user_id))",
                                        "Rows Removed by Join Filter": 0,
                                        "Plans": [
                                            {
                                                "Node Type": "Gather",
                                                "Parent Relationship": "Outer",
                                                "Parallel Aware": false,
                                                "Async Capable": false,
                                                "Startup Cost": 1004.64,
                                                "Total Cost": 4016.14,
                                                "Plan Rows": 1,
                                                "Plan Width": 32,
                                                "Actual Startup Time": 14.397,
                                                "Actual Total Time": 201.292,
                                                "Actual Rows": 20438,
                                                "Actual Loops": 1,
                                                "Workers Planned": 1,
                                                "Workers Launched": 1,
                                                "Single Copy": false,
                                                "Plans": [
                                                    {
                                                        "Node Type": "Nested Loop",
                                                        "Parent Relationship": "Outer",
                                                        "Parallel Aware": false,
                                                        "Async Capable": false,
                                                        "Join Type": "Inner",
                                                        "Startup Cost": 4.64,
                                                        "Total Cost": 3016.04,
                                                        "Plan Rows": 1,
                                                        "Plan Width": 32,
                                                        "Actual Startup Time": 12.771,
                                                        "Actual Total Time": 580.679,
                                                        "Actual Rows": 10219,
                                                        "Actual Loops": 2,
                                                        "Inner Unique": true,
                                                        "Join Filter": "(s.site_id = u1.site_id)",
                                                        "Rows Removed by Join Filter": 0,
                                                        "Workers": [],
                                                        "Plans": [
                                                            {
                                                                "Node Type": "Nested Loop",
                                                                "Parent Relationship": "Outer",
                                                                "Parallel Aware": false,
                                                                "Async Capable": false,
                                                                "Join Type": "Inner",
                                                                "Startup Cost": 4.2,
                                                                "Total Cost": 3002.29,
                                                                "Plan Rows": 2,
                                                                "Plan Width": 20,
                                                                "Actual Startup Time": 12.747,
                                                                "Actual Total Time": 508.102,
                                                                "Actual Rows": 10219,
                                                                "Actual Loops": 2,
                                                                "Inner Unique": true,
                                                                "Join Filter": "(s.site_id = q1.site_id)",
                                                                "Rows Removed by Join Filter": 0,
                                                                "Workers": [],
                                                                "Plans": [
                                                                    {
                                                                        "Node Type": "Nested Loop",
                                                                        "Parent Relationship": "Outer",
                                                                        "Parallel Aware": false,
                                                                        "Async Capable": false,
                                                                        "Join Type": "Inner",
                                                                        "Startup Cost": 3.77,
                                                                        "Total Cost": 2913.22,
                                                                        "Plan Rows": 13,
                                                                        "Plan Width": 16,
                                                                        "Actual Startup Time": 12.475,
                                                                        "Actual Total Time": 174.197,
                                                                        "Actual Rows": 70740,
                                                                        "Actual Loops": 2,
                                                                        "Inner Unique": false,
                                                                        "Join Filter": "(s.site_id = tq1.site_id)",
                                                                        "Rows Removed by Join Filter": 0,
                                                                        "Workers": [],
                                                                        "Plans": [
                                                                            {
                                                                                "Node Type": "Hash Join",
                                                                                "Parent Relationship": "Outer",
                                                                                "Parallel Aware": false,
                                                                                "Async Capable": false,
                                                                                "Join Type": "Inner",
                                                                                "Startup Cost": 3.2,
                                                                                "Total Cost": 2851.21,
                                                                                "Plan Rows": 1,
                                                                                "Plan Width": 12,
                                                                                "Actual Startup Time": 4.02,
                                                                                "Actual Total Time": 7.196,
                                                                                "Actual Rows": 5,
                                                                                "Actual Loops": 2,
                                                                                "Inner Unique": true,
                                                                                "Hash Cond": "(t1.site_id = s.site_id)",
                                                                                "Workers": [],
                                                                                "Plans": [
                                                                                    {
                                                                                        "Node Type": "Seq Scan",
                                                                                        "Parent Relationship": "Outer",
                                                                                        "Parallel Aware": true,
                                                                                        "Async Capable": false,
                                                                                        "Relation Name": "tag",
                                                                                        "Alias": "t1",
                                                                                        "Startup Cost": 0.03,
                                                                                        "Total Cost": 2848.0,
                                                                                        "Plan Rows": 15,
                                                                                        "Plan Width": 8,
                                                                                        "Actual Startup Time": 0.154,
                                                                                        "Actual Total Time": 7.129,
                                                                                        "Actual Rows": 26,
                                                                                        "Actual Loops": 2,
                                                                                        "Filter": "((name)::text = ANY ('{excel,google-cloud-storage,javafx-2,listview,mobile-safari,npgsql,out-of-memory,system.reactive,word-wrap,wxpython}'::text[]))",
                                                                                        "Rows Removed by Filter": 93359,
                                                                                        "Workers": []
                                                                                    },
                                                                                    {
                                                                                        "Node Type": "Hash",
                                                                                        "Parent Relationship": "Inner",
                                                                                        "Parallel Aware": false,
                                                                                        "Async Capable": false,
                                                                                        "Startup Cost": 3.16,
                                                                                        "Total Cost": 3.16,
                                                                                        "Plan Rows": 1,
                                                                                        "Plan Width": 4,
                                                                                        "Actual Startup Time": 0.014,
                                                                                        "Actual Total Time": 0.015,
                                                                                        "Actual Rows": 1,
                                                                                        "Actual Loops": 2,
                                                                                        "Hash Buckets": 1024,
                                                                                        "Original Hash Buckets": 1024,
                                                                                        "Hash Batches": 1,
                                                                                        "Original Hash Batches": 1,
                                                                                        "Peak Memory Usage": 9,
                                                                                        "Workers": [],
                                                                                        "Plans": [
                                                                                            {
                                                                                                "Node Type": "Seq Scan",
                                                                                                "Parent Relationship": "Outer",
                                                                                                "Parallel Aware": false,
                                                                                                "Async Capable": false,
                                                                                                "Relation Name": "site",
                                                                                                "Alias": "s",
                                                                                                "Startup Cost": 0.0,
                                                                                                "Total Cost": 3.16,
                                                                                                "Plan Rows": 1,
                                                                                                "Plan Width": 4,
                                                                                                "Actual Startup Time": 0.011,
                                                                                                "Actual Total Time": 0.012,
                                                                                                "Actual Rows": 1,
                                                                                                "Actual Loops": 2,
                                                                                                "Filter": "((site_name)::text = 'stackoverflow'::text)",
                                                                                                "Rows Removed by Filter": 172,
                                                                                                "Workers": []
                                                                                            }
                                                                                        ]
                                                                                    }
                                                                                ]
                                                                            },
                                                                            {
                                                                                "Node Type": "Index Only Scan",
                                                                                "Parent Relationship": "Inner",
                                                                                "Parallel Aware": false,
                                                                                "Async Capable": false,
                                                                                "Scan Direction": "Forward",
                                                                                "Index Name": "tag_question_site_id_tag_id_question_id_idx",
                                                                                "Relation Name": "tag_question",
                                                                                "Alias": "tq1",
                                                                                "Startup Cost": 0.56,
                                                                                "Total Cost": 61.62,
                                                                                "Plan Rows": 31,
                                                                                "Plan Width": 12,
                                                                                "Actual Startup Time": 1.732,
                                                                                "Actual Total Time": 32.287,
                                                                                "Actual Rows": 14148,
                                                                                "Actual Loops": 10,
                                                                                "Index Cond": "((site_id = t1.site_id) AND (tag_id = t1.id))",
                                                                                "Rows Removed by Index Recheck": 0,
                                                                                "Heap Fetches": 141479,
                                                                                "Workers": []
                                                                            }
                                                                        ]
                                                                    },
                                                                    {
                                                                        "Node Type": "Index Scan",
                                                                        "Parent Relationship": "Inner",
                                                                        "Parallel Aware": false,
                                                                        "Async Capable": false,
                                                                        "Scan Direction": "Forward",
                                                                        "Index Name": "question_pkey",
                                                                        "Relation Name": "question",
                                                                        "Alias": "q1",
                                                                        "Startup Cost": 0.43,
                                                                        "Total Cost": 6.84,
                                                                        "Plan Rows": 1,
                                                                        "Plan Width": 12,
                                                                        "Actual Startup Time": 0.005,
                                                                        "Actual Total Time": 0.005,
                                                                        "Actual Rows": 0,
                                                                        "Actual Loops": 141479,
                                                                        "Index Cond": "((id = tq1.question_id) AND (site_id = tq1.site_id))",
                                                                        "Rows Removed by Index Recheck": 0,
                                                                        "Filter": "((favorite_count >= 0) AND (favorite_count <= 1))",
                                                                        "Rows Removed by Filter": 1,
                                                                        "Workers": []
                                                                    }
                                                                ]
                                                            },
                                                            {
                                                                "Node Type": "Index Scan",
                                                                "Parent Relationship": "Inner",
                                                                "Parallel Aware": false,
                                                                "Async Capable": false,
                                                                "Scan Direction": "Forward",
                                                                "Index Name": "so_user_pkey",
                                                                "Relation Name": "so_user",
                                                                "Alias": "u1",
                                                                "Startup Cost": 0.44,
                                                                "Total Cost": 6.86,
                                                                "Plan Rows": 1,
                                                                "Plan Width": 12,
                                                                "Actual Startup Time": 0.007,
                                                                "Actual Total Time": 0.007,
                                                                "Actual Rows": 1,
                                                                "Actual Loops": 20438,
                                                                "Index Cond": "((id = q1.owner_user_id) AND (site_id = q1.site_id))",
                                                                "Rows Removed by Index Recheck": 0,
                                                                "Workers": []
                                                            }
                                                        ]
                                                    }
                                                ]
                                            },
                                            {
                                                "Node Type": "Index Only Scan",
                                                "Parent Relationship": "Inner",
                                                "Parallel Aware": false,
                                                "Async Capable": false,
                                                "Scan Direction": "Forward",
                                                "Index Name": "badge_pkey",
                                                "Relation Name": "badge",
                                                "Alias": "b1",
                                                "Startup Cost": 0.56,
                                                "Total Cost": 7.12,
                                                "Plan Rows": 1,
                                                "Plan Width": 8,
                                                "Actual Startup Time": 0.007,
                                                "Actual Total Time": 0.075,
                                                "Actual Rows": 42,
                                                "Actual Loops": 20438,
                                                "Index Cond": "((site_id = u1.site_id) AND (user_id = u1.id))",
                                                "Rows Removed by Index Recheck": 0,
                                                "Heap Fetches": 866262
                                            }
                                        ]
                                    },
                                    {
                                        "Node Type": "Index Scan",
                                        "Parent Relationship": "Inner",
                                        "Parallel Aware": false,
                                        "Async Capable": false,
                                        "Scan Direction": "Forward",
                                        "Index Name": "account_pkey",
                                        "Relation Name": "account",
                                        "Alias": "acc",
                                        "Startup Cost": 0.43,
                                        "Total Cost": 6.83,
                                        "Plan Rows": 1,
                                        "Plan Width": 4,
                                        "Actual Startup Time": 0.001,
                                        "Actual Total Time": 0.001,
                                        "Actual Rows": 0,
                                        "Actual Loops": 866262,
                                        "Index Cond": "(id = u1.account_id)",
                                        "Rows Removed by Index Recheck": 0,
                                        "Filter": "((website_url)::text ~~* '%de'::text)",
                                        "Rows Removed by Filter": 1
                                    }
                                ]
                            }
                        ]
                    },
                    "Planning Time": 4.81,
                    "Triggers": [],
                    "Execution Time": 2829.473
                }
            ],
            "hints": [
                "SET enable_hashjoin TO on",
                "SET enable_indexonlyscan TO on",
                "SET enable_indexscan TO on",
                "SET enable_mergejoin TO off",
                "SET enable_nestloop TO on",
                "SET enable_seqscan TO on"
            ]
        }
    ]
}