{
    "sql_file": "soload_q2-002.sql",
    "query": "select distinct account.display_name\nfrom\ntag t1, site s1, question q1, tag_question tq1, so_user u1,\ntag t2, site s2, question q2, tag_question tq2, so_user u2,\naccount\nwhere\n-- group theory askers\ns1.site_name='stackoverflow' and\nt1.name  = 'web-scraping' and\nt1.site_id = s1.site_id and\nq1.site_id = s1.site_id and\ntq1.site_id = s1.site_id and\ntq1.question_id = q1.id and\ntq1.tag_id = t1.id and\nq1.owner_user_id = u1.id and\nq1.site_id = u1.site_id and\n\n-- D&D askers\ns2.site_name='superuser' and\nt2.name  = 'microsoft-excel' and\nt2.site_id = s2.site_id and\nq2.site_id = s2.site_id and\ntq2.site_id = s2.site_id and\ntq2.question_id = q2.id and\ntq2.tag_id = t2.id and\nq2.owner_user_id = u2.id and\nq2.site_id = u2.site_id and\n\n-- intersect\nu1.account_id = u2.account_id and\naccount.id = u1.account_id;",
    "results": [
        {
            "arm": 0,
            "execution_time": 1340.291,
            "plan": [
                {
                    "Plan": {
                        "Node Type": "Unique",
                        "Parallel Aware": false,
                        "Async Capable": false,
                        "Startup Cost": 6494.3,
                        "Total Cost": 6494.3,
                        "Plan Rows": 1,
                        "Plan Width": 11,
                        "Actual Startup Time": 1340.063,
                        "Actual Total Time": 1340.23,
                        "Actual Rows": 80,
                        "Actual Loops": 1,
                        "Plans": [
                            {
                                "Node Type": "Sort",
                                "Parent Relationship": "Outer",
                                "Parallel Aware": false,
                                "Async Capable": false,
                                "Startup Cost": 6494.3,
                                "Total Cost": 6494.3,
                                "Plan Rows": 1,
                                "Plan Width": 11,
                                "Actual Startup Time": 1340.061,
                                "Actual Total Time": 1340.211,
                                "Actual Rows": 169,
                                "Actual Loops": 1,
                                "Sort Key": [
                                    "account.display_name"
                                ],
                                "Sort Method": "quicksort",
                                "Sort Space Used": 28,
                                "Sort Space Type": "Memory",
                                "Plans": [
                                    {
                                        "Node Type": "Nested Loop",
                                        "Parent Relationship": "Outer",
                                        "Parallel Aware": false,
                                        "Async Capable": false,
                                        "Join Type": "Inner",
                                        "Startup Cost": 6321.72,
                                        "Total Cost": 6494.29,
                                        "Plan Rows": 1,
                                        "Plan Width": 11,
                                        "Actual Startup Time": 321.873,
                                        "Actual Total Time": 1340.103,
                                        "Actual Rows": 169,
                                        "Actual Loops": 1,
                                        "Inner Unique": true,
                                        "Plans": [
                                            {
                                                "Node Type": "Gather",
                                                "Parent Relationship": "Outer",
                                                "Parallel Aware": false,
                                                "Async Capable": false,
                                                "Startup Cost": 6321.28,
                                                "Total Cost": 6486.81,
                                                "Plan Rows": 1,
                                                "Plan Width": 8,
                                                "Actual Startup Time": 321.697,
                                                "Actual Total Time": 1334.714,
                                                "Actual Rows": 169,
                                                "Actual Loops": 1,
                                                "Workers Planned": 1,
                                                "Workers Launched": 1,
                                                "Single Copy": false,
                                                "Plans": [
                                                    {
                                                        "Node Type": "Hash Join",
                                                        "Parent Relationship": "Outer",
                                                        "Parallel Aware": true,
                                                        "Async Capable": false,
                                                        "Join Type": "Inner",
                                                        "Startup Cost": 5321.28,
                                                        "Total Cost": 5486.71,
                                                        "Plan Rows": 1,
                                                        "Plan Width": 8,
                                                        "Actual Startup Time": 318.972,
                                                        "Actual Total Time": 825.395,
                                                        "Actual Rows": 84,
                                                        "Actual Loops": 2,
                                                        "Inner Unique": false,
                                                        "Hash Cond": "(u1.account_id = u2.account_id)",
                                                        "Workers": [],
                                                        "Plans": [
                                                            {
                                                                "Node Type": "Nested Loop",
                                                                "Parent Relationship": "Outer",
                                                                "Parallel Aware": false,
                                                                "Async Capable": false,
                                                                "Join Type": "Inner",
                                                                "Startup Cost": 2577.93,
                                                                "Total Cost": 2743.34,
                                                                "Plan Rows": 1,
                                                                "Plan Width": 4,
                                                                "Actual Startup Time": 4.523,
                                                                "Actual Total Time": 510.17,
                                                                "Actual Rows": 6591,
                                                                "Actual Loops": 2,
                                                                "Inner Unique": true,
                                                                "Join Filter": "(t1.site_id = u1.site_id)",
                                                                "Rows Removed by Join Filter": 0,
                                                                "Workers": [],
                                                                "Plans": [
                                                                    {
                                                                        "Node Type": "Nested Loop",
                                                                        "Parent Relationship": "Outer",
                                                                        "Parallel Aware": false,
                                                                        "Async Capable": false,
                                                                        "Join Type": "Inner",
                                                                        "Startup Cost": 2577.49,
                                                                        "Total Cost": 2735.85,
                                                                        "Plan Rows": 1,
                                                                        "Plan Width": 20,
                                                                        "Actual Startup Time": 4.442,
                                                                        "Actual Total Time": 217.728,
                                                                        "Actual Rows": 6591,
                                                                        "Actual Loops": 2,
                                                                        "Inner Unique": true,
                                                                        "Join Filter": "(t1.site_id = q1.site_id)",
                                                                        "Rows Removed by Join Filter": 0,
                                                                        "Workers": [],
                                                                        "Plans": [
                                                                            {
                                                                                "Node Type": "Nested Loop",
                                                                                "Parent Relationship": "Outer",
                                                                                "Parallel Aware": false,
                                                                                "Async Capable": false,
                                                                                "Join Type": "Inner",
                                                                                "Startup Cost": 2577.06,
                                                                                "Total Cost": 2638.51,
                                                                                "Plan Rows": 13,
                                                                                "Plan Width": 16,
                                                                                "Actual Startup Time": 4.436,
                                                                                "Actual Total Time": 39.028,
                                                                                "Actual Rows": 6591,
                                                                                "Actual Loops": 2,
                                                                                "Inner Unique": false,
                                                                                "Workers": [],
                                                                                "Plans": [
                                                                                    {
                                                                                        "Node Type": "Merge Join",
                                                                                        "Parent Relationship": "Outer",
                                                                                        "Parallel Aware": false,
                                                                                        "Async Capable": false,
                                                                                        "Join Type": "Inner",
                                                                                        "Startup Cost": 2576.49,
                                                                                        "Total Cost": 2576.52,
                                                                                        "Plan Rows": 1,
                                                                                        "Plan Width": 12,
                                                                                        "Actual Startup Time": 4.3,
                                                                                        "Actual Total Time": 4.302,
                                                                                        "Actual Rows": 0,
                                                                                        "Actual Loops": 2,
                                                                                        "Inner Unique": true,
                                                                                        "Merge Cond": "(t1.site_id = s1.site_id)",
                                                                                        "Workers": [],
                                                                                        "Plans": [
                                                                                            {
                                                                                                "Node Type": "Sort",
                                                                                                "Parent Relationship": "Outer",
                                                                                                "Parallel Aware": false,
                                                                                                "Async Capable": false,
                                                                                                "Startup Cost": 2573.32,
                                                                                                "Total Cost": 2573.32,
                                                                                                "Plan Rows": 2,
                                                                                                "Plan Width": 8,
                                                                                                "Actual Startup Time": 4.281,
                                                                                                "Actual Total Time": 4.282,
                                                                                                "Actual Rows": 3,
                                                                                                "Actual Loops": 2,
                                                                                                "Sort Key": [
                                                                                                    "t1.site_id"
                                                                                                ],
                                                                                                "Sort Method": "quicksort",
                                                                                                "Sort Space Used": 25,
                                                                                                "Sort Space Type": "Memory",
                                                                                                "Workers": [
                                                                                                    {
                                                                                                        "Worker Number": 0,
                                                                                                        "Sort Method": "quicksort",
                                                                                                        "Sort Space Used": 25,
                                                                                                        "Sort Space Type": "Memory"
                                                                                                    }
                                                                                                ],
                                                                                                "Plans": [
                                                                                                    {
                                                                                                        "Node Type": "Seq Scan",
                                                                                                        "Parent Relationship": "Outer",
                                                                                                        "Parallel Aware": true,
                                                                                                        "Async Capable": false,
                                                                                                        "Relation Name": "tag",
                                                                                                        "Alias": "t1",
                                                                                                        "Startup Cost": 0.0,
                                                                                                        "Total Cost": 2573.31,
                                                                                                        "Plan Rows": 2,
                                                                                                        "Plan Width": 8,
                                                                                                        "Actual Startup Time": 0.86,
                                                                                                        "Actual Total Time": 4.268,
                                                                                                        "Actual Rows": 3,
                                                                                                        "Actual Loops": 2,
                                                                                                        "Filter": "((name)::text = 'web-scraping'::text)",
                                                                                                        "Rows Removed by Filter": 93382,
                                                                                                        "Workers": []
                                                                                                    }
                                                                                                ]
                                                                                            },
                                                                                            {
                                                                                                "Node Type": "Sort",
                                                                                                "Parent Relationship": "Inner",
                                                                                                "Parallel Aware": false,
                                                                                                "Async Capable": false,
                                                                                                "Startup Cost": 3.17,
                                                                                                "Total Cost": 3.18,
                                                                                                "Plan Rows": 1,
                                                                                                "Plan Width": 4,
                                                                                                "Actual Startup Time": 0.016,
                                                                                                "Actual Total Time": 0.016,
                                                                                                "Actual Rows": 1,
                                                                                                "Actual Loops": 2,
                                                                                                "Sort Key": [
                                                                                                    "s1.site_id"
                                                                                                ],
                                                                                                "Sort Method": "quicksort",
                                                                                                "Sort Space Used": 25,
                                                                                                "Sort Space Type": "Memory",
                                                                                                "Workers": [
                                                                                                    {
                                                                                                        "Worker Number": 0,
                                                                                                        "Sort Method": "quicksort",
                                                                                                        "Sort Space Used": 25,
                                                                                                        "Sort Space Type": "Memory"
                                                                                                    }
                                                                                                ],
                                                                                                "Plans": [
                                                                                                    {
                                                                                                        "Node Type": "Seq Scan",
                                                                                                        "Parent Relationship": "Outer",
                                                                                                        "Parallel Aware": false,
                                                                                                        "Async Capable": false,
                                                                                                        "Relation Name": "site",
                                                                                                        "Alias": "s1",
                                                                                                        "Startup Cost": 0.0,
                                                                                                        "Total Cost": 3.16,
                                                                                                        "Plan Rows": 1,
                                                                                                        "Plan Width": 4,
                                                                                                        "Actual Startup Time": 0.01,
                                                                                                        "Actual Total Time": 0.011,
                                                                                                        "Actual Rows": 1,
                                                                                                        "Actual Loops": 2,
                                                                                                        "Filter": "((site_name)::text = 'stackoverflow'::text)",
                                                                                                        "Rows Removed by Filter": 172,
                                                                                                        "Workers": []
                                                                                                    }
                                                                                                ]
                                                                                            }
                                                                                        ]
                                                                                    },
                                                                                    {
                                                                                        "Node Type": "Index Only Scan",
                                                                                        "Parent Relationship": "Inner",
                                                                                        "Parallel Aware": false,
                                                                                        "Async Capable": false,
                                                                                        "Scan Direction": "Forward",
                                                                                        "Index Name": "tag_question_site_id_tag_id_question_id_idx",
                                                                                        "Relation Name": "tag_question",
                                                                                        "Alias": "tq1",
                                                                                        "Startup Cost": 0.56,
                                                                                        "Total Cost": 61.69,
                                                                                        "Plan Rows": 31,
                                                                                        "Plan Width": 12,
                                                                                        "Actual Startup Time": 0.269,
                                                                                        "Actual Total Time": 68.548,
                                                                                        "Actual Rows": 13182,
                                                                                        "Actual Loops": 1,
                                                                                        "Index Cond": "((site_id = t1.site_id) AND (tag_id = t1.id))",
                                                                                        "Rows Removed by Index Recheck": 0,
                                                                                        "Heap Fetches": 13182,
                                                                                        "Workers": []
                                                                                    }
                                                                                ]
                                                                            },
                                                                            {
                                                                                "Node Type": "Index Scan",
                                                                                "Parent Relationship": "Inner",
                                                                                "Parallel Aware": false,
                                                                                "Async Capable": false,
                                                                                "Scan Direction": "Forward",
                                                                                "Index Name": "question_pkey",
                                                                                "Relation Name": "question",
                                                                                "Alias": "q1",
                                                                                "Startup Cost": 0.43,
                                                                                "Total Cost": 7.47,
                                                                                "Plan Rows": 1,
                                                                                "Plan Width": 12,
                                                                                "Actual Startup Time": 0.027,
                                                                                "Actual Total Time": 0.027,
                                                                                "Actual Rows": 1,
                                                                                "Actual Loops": 13182,
                                                                                "Index Cond": "((id = tq1.question_id) AND (site_id = tq1.site_id))",
                                                                                "Rows Removed by Index Recheck": 0,
                                                                                "Workers": []
                                                                            }
                                                                        ]
                                                                    },
                                                                    {
                                                                        "Node Type": "Index Scan",
                                                                        "Parent Relationship": "Inner",
                                                                        "Parallel Aware": false,
                                                                        "Async Capable": false,
                                                                        "Scan Direction": "Forward",
                                                                        "Index Name": "so_user_pkey",
                                                                        "Relation Name": "so_user",
                                                                        "Alias": "u1",
                                                                        "Startup Cost": 0.44,
                                                                        "Total Cost": 7.48,
                                                                        "Plan Rows": 1,
                                                                        "Plan Width": 12,
                                                                        "Actual Startup Time": 0.044,
                                                                        "Actual Total Time": 0.044,
                                                                        "Actual Rows": 1,
                                                                        "Actual Loops": 13182,
                                                                        "Index Cond": "((id = q1.owner_user_id) AND (site_id = q1.site_id))",
                                                                        "Rows Removed by Index Recheck": 0,
                                                                        "Workers": []
                                                                    }
                                                                ]
                                                            },
                                                            {
                                                                "Node Type": "Hash",
                                                                "Parent Relationship": "Inner",
                                                                "Parallel Aware": true,
                                                                "Async Capable": false,
                                                                "Startup Cost": 2743.34,
                                                                "Total Cost": 2743.34,
                                                                "Plan Rows": 1,
                                                                "Plan Width": 4,
                                                                "Actual Startup Time": 313.498,
                                                                "Actual Total Time": 313.501,
                                                                "Actual Rows": 5499,
                                                                "Actual Loops": 2,
                                                                "Hash Buckets": 16384,
                                                                "Original Hash Buckets": 1024,
                                                                "Hash Batches": 1,
                                                                "Original Hash Batches": 1,
                                                                "Peak Memory Usage": 696,
                                                                "Workers": [],
                                                                "Plans": [
                                                                    {
                                                                        "Node Type": "Nested Loop",
                                                                        "Parent Relationship": "Outer",
                                                                        "Parallel Aware": false,
                                                                        "Async Capable": false,
                                                                        "Join Type": "Inner",
                                                                        "Startup Cost": 2577.93,
                                                                        "Total Cost": 2743.34,
                                                                        "Plan Rows": 1,
                                                                        "Plan Width": 4,
                                                                        "Actual Startup Time": 4.497,
                                                                        "Actual Total Time": 157.93,
                                                                        "Actual Rows": 5499,
                                                                        "Actual Loops": 2,
                                                                        "Inner Unique": true,
                                                                        "Join Filter": "(t2.site_id = u2.site_id)",
                                                                        "Rows Removed by Join Filter": 0,
                                                                        "Workers": [],
                                                                        "Plans": [
                                                                            {
                                                                                "Node Type": "Nested Loop",
                                                                                "Parent Relationship": "Outer",
                                                                                "Parallel Aware": false,
                                                                                "Async Capable": false,
                                                                                "Join Type": "Inner",
                                                                                "Startup Cost": 2577.49,
                                                                                "Total Cost": 2735.85,
                                                                                "Plan Rows": 1,
                                                                                "Plan Width": 20,
                                                                                "Actual Startup Time": 4.48,
                                                                                "Actual Total Time": 40.686,
                                                                                "Actual Rows": 5499,
                                                                                "Actual Loops": 2,
                                                                                "Inner Unique": true,
                                                                                "Join Filter": "(t2.site_id = q2.site_id)",
                                                                                "Rows Removed by Join Filter": 0,
                                                                                "Workers": [],
                                                                                "Plans": [
                                                                                    {
                                                                                        "Node Type": "Nested Loop",
                                                                                        "Parent Relationship": "Outer",
                                                                                        "Parallel Aware": false,
                                                                                        "Async Capable": false,
                                                                                        "Join Type": "Inner",
                                                                                        "Startup Cost": 2577.06,
                                                                                        "Total Cost": 2638.51,
                                                                                        "Plan Rows": 13,
                                                                                        "Plan Width": 16,
                                                                                        "Actual Startup Time": 4.387,
                                                                                        "Actual Total Time": 9.146,
                                                                                        "Actual Rows": 5499,
                                                                                        "Actual Loops": 2,
                                                                                        "Inner Unique": false,
                                                                                        "Workers": [],
                                                                                        "Plans": [
                                                                                            {
                                                                                                "Node Type": "Merge Join",
                                                                                                "Parent Relationship": "Outer",
                                                                                                "Parallel Aware": false,
                                                                                                "Async Capable": false,
                                                                                                "Join Type": "Inner",
                                                                                                "Startup Cost": 2576.49,
                                                                                                "Total Cost": 2576.52,
                                                                                                "Plan Rows": 1,
                                                                                                "Plan Width": 12,
                                                                                                "Actual Startup Time": 4.242,
                                                                                                "Actual Total Time": 4.245,
                                                                                                "Actual Rows": 0,
                                                                                                "Actual Loops": 2,
                                                                                                "Inner Unique": true,
                                                                                                "Merge Cond": "(t2.site_id = s2.site_id)",
                                                                                                "Workers": [],
                                                                                                "Plans": [
                                                                                                    {
                                                                                                        "Node Type": "Sort",
                                                                                                        "Parent Relationship": "Outer",
                                                                                                        "Parallel Aware": false,
                                                                                                        "Async Capable": false,
                                                                                                        "Startup Cost": 2573.32,
                                                                                                        "Total Cost": 2573.32,
                                                                                                        "Plan Rows": 2,
                                                                                                        "Plan Width": 8,
                                                                                                        "Actual Startup Time": 4.221,
                                                                                                        "Actual Total Time": 4.223,
                                                                                                        "Actual Rows": 2,
                                                                                                        "Actual Loops": 2,
                                                                                                        "Sort Key": [
                                                                                                            "t2.site_id"
                                                                                                        ],
                                                                                                        "Sort Method": "quicksort",
                                                                                                        "Sort Space Used": 25,
                                                                                                        "Sort Space Type": "Memory",
                                                                                                        "Workers": [
                                                                                                            {
                                                                                                                "Worker Number": 0,
                                                                                                                "Sort Method": "quicksort",
                                                                                                                "Sort Space Used": 25,
                                                                                                                "Sort Space Type": "Memory"
                                                                                                            }
                                                                                                        ],
                                                                                                        "Plans": [
                                                                                                            {
                                                                                                                "Node Type": "Seq Scan",
                                                                                                                "Parent Relationship": "Outer",
                                                                                                                "Parallel Aware": true,
                                                                                                                "Async Capable": false,
                                                                                                                "Relation Name": "tag",
                                                                                                                "Alias": "t2",
                                                                                                                "Startup Cost": 0.0,
                                                                                                                "Total Cost": 2573.31,
                                                                                                                "Plan Rows": 2,
                                                                                                                "Plan Width": 8,
                                                                                                                "Actual Startup Time": 2.153,
                                                                                                                "Actual Total Time": 4.213,
                                                                                                                "Actual Rows": 2,
                                                                                                                "Actual Loops": 2,
                                                                                                                "Filter": "((name)::text = 'microsoft-excel'::text)",
                                                                                                                "Rows Removed by Filter": 93382,
                                                                                                                "Workers": []
                                                                                                            }
                                                                                                        ]
                                                                                                    },
                                                                                                    {
                                                                                                        "Node Type": "Sort",
                                                                                                        "Parent Relationship": "Inner",
                                                                                                        "Parallel Aware": false,
                                                                                                        "Async Capable": false,
                                                                                                        "Startup Cost": 3.17,
                                                                                                        "Total Cost": 3.18,
                                                                                                        "Plan Rows": 1,
                                                                                                        "Plan Width": 4,
                                                                                                        "Actual Startup Time": 0.018,
                                                                                                        "Actual Total Time": 0.018,
                                                                                                        "Actual Rows": 1,
                                                                                                        "Actual Loops": 2,
                                                                                                        "Sort Key": [
                                                                                                            "s2.site_id"
                                                                                                        ],
                                                                                                        "Sort Method": "quicksort",
                                                                                                        "Sort Space Used": 25,
                                                                                                        "Sort Space Type": "Memory",
                                                                                                        "Workers": [
                                                                                                            {
                                                                                                                "Worker Number": 0,
                                                                                                                "Sort Method": "quicksort",
                                                                                                                "Sort Space Used": 25,
                                                                                                                "Sort Space Type": "Memory"
                                                                                                            }
                                                                                                        ],
                                                                                                        "Plans": [
                                                                                                            {
                                                                                                                "Node Type": "Seq Scan",
                                                                                                                "Parent Relationship": "Outer",
                                                                                                                "Parallel Aware": false,
                                                                                                                "Async Capable": false,
                                                                                                                "Relation Name": "site",
                                                                                                                "Alias": "s2",
                                                                                                                "Startup Cost": 0.0,
                                                                                                                "Total Cost": 3.16,
                                                                                                                "Plan Rows": 1,
                                                                                                                "Plan Width": 4,
                                                                                                                "Actual Startup Time": 0.012,
                                                                                                                "Actual Total Time": 0.013,
                                                                                                                "Actual Rows": 1,
                                                                                                                "Actual Loops": 2,
                                                                                                                "Filter": "((site_name)::text = 'superuser'::text)",
                                                                                                                "Rows Removed by Filter": 172,
                                                                                                                "Workers": []
                                                                                                            }
                                                                                                        ]
                                                                                                    }
                                                                                                ]
                                                                                            },
                                                                                            {
                                                                                                "Node Type": "Index Only Scan",
                                                                                                "Parent Relationship": "Inner",
                                                                                                "Parallel Aware": false,
                                                                                                "Async Capable": false,
                                                                                                "Scan Direction": "Forward",
                                                                                                "Index Name": "tag_question_site_id_tag_id_question_id_idx",
                                                                                                "Relation Name": "tag_question",
                                                                                                "Alias": "tq2",
                                                                                                "Startup Cost": 0.56,
                                                                                                "Total Cost": 61.69,
                                                                                                "Plan Rows": 31,
                                                                                                "Plan Width": 12,
                                                                                                "Actual Startup Time": 0.289,
                                                                                                "Actual Total Time": 8.987,
                                                                                                "Actual Rows": 10998,
                                                                                                "Actual Loops": 1,
                                                                                                "Index Cond": "((site_id = t2.site_id) AND (tag_id = t2.id))",
                                                                                                "Rows Removed by Index Recheck": 0,
                                                                                                "Heap Fetches": 10998,
                                                                                                "Workers": []
                                                                                            }
                                                                                        ]
                                                                                    },
                                                                                    {
                                                                                        "Node Type": "Index Scan",
                                                                                        "Parent Relationship": "Inner",
                                                                                        "Parallel Aware": false,
                                                                                        "Async Capable": false,
                                                                                        "Scan Direction": "Forward",
                                                                                        "Index Name": "question_pkey",
                                                                                        "Relation Name": "question",
                                                                                        "Alias": "q2",
                                                                                        "Startup Cost": 0.43,
                                                                                        "Total Cost": 7.47,
                                                                                        "Plan Rows": 1,
                                                                                        "Plan Width": 12,
                                                                                        "Actual Startup Time": 0.005,
                                                                                        "Actual Total Time": 0.005,
                                                                                        "Actual Rows": 1,
                                                                                        "Actual Loops": 10998,
                                                                                        "Index Cond": "((id = tq2.question_id) AND (site_id = tq2.site_id))",
                                                                                        "Rows Removed by Index Recheck": 0,
                                                                                        "Workers": []
                                                                                    }
                                                                                ]
                                                                            },
                                                                            {
                                                                                "Node Type": "Index Scan",
                                                                                "Parent Relationship": "Inner",
                                                                                "Parallel Aware": false,
                                                                                "Async Capable": false,
                                                                                "Scan Direction": "Forward",
                                                                                "Index Name": "so_user_pkey",
                                                                                "Relation Name": "so_user",
                                                                                "Alias": "u2",
                                                                                "Startup Cost": 0.44,
                                                                                "Total Cost": 7.48,
                                                                                "Plan Rows": 1,
                                                                                "Plan Width": 12,
                                                                                "Actual Startup Time": 0.021,
                                                                                "Actual Total Time": 0.021,
                                                                                "Actual Rows": 1,
                                                                                "Actual Loops": 10998,
                                                                                "Index Cond": "((id = q2.owner_user_id) AND (site_id = q2.site_id))",
                                                                                "Rows Removed by Index Recheck": 0,
                                                                                "Workers": []
                                                                            }
                                                                        ]
                                                                    }
                                                                ]
                                                            }
                                                        ]
                                                    }
                                                ]
                                            },
                                            {
                                                "Node Type": "Index Scan",
                                                "Parent Relationship": "Inner",
                                                "Parallel Aware": false,
                                                "Async Capable": false,
                                                "Scan Direction": "Forward",
                                                "Index Name": "account_pkey",
                                                "Relation Name": "account",
                                                "Alias": "account",
                                                "Startup Cost": 0.43,
                                                "Total Cost": 7.47,
                                                "Plan Rows": 1,
                                                "Plan Width": 15,
                                                "Actual Startup Time": 0.031,
                                                "Actual Total Time": 0.031,
                                                "Actual Rows": 1,
                                                "Actual Loops": 169,
                                                "Index Cond": "(id = u1.account_id)",
                                                "Rows Removed by Index Recheck": 0
                                            }
                                        ]
                                    }
                                ]
                            }
                        ]
                    },
                    "Planning Time": 66.252,
                    "Triggers": [],
                    "Execution Time": 1340.291
                }
            ],
            "hints": [
                "SET enable_hashjoin TO on",
                "SET enable_indexonlyscan TO on",
                "SET enable_indexscan TO on",
                "SET enable_mergejoin TO on",
                "SET enable_nestloop TO on",
                "SET enable_seqscan TO on"
            ]
        },
        {
            "arm": 1,
            "execution_time": 8213.32,
            "plan": [
                {
                    "Plan": {
                        "Node Type": "Unique",
                        "Parallel Aware": false,
                        "Async Capable": false,
                        "Startup Cost": 4661473.85,
                        "Total Cost": 4661473.98,
                        "Plan Rows": 1,
                        "Plan Width": 11,
                        "Actual Startup Time": 8195.041,
                        "Actual Total Time": 8213.266,
                        "Actual Rows": 80,
                        "Actual Loops": 1,
                        "Plans": [
                            {
                                "Node Type": "Gather Merge",
                                "Parent Relationship": "Outer",
                                "Parallel Aware": false,
                                "Async Capable": false,
                                "Startup Cost": 4661473.85,
                                "Total Cost": 4661473.98,
                                "Plan Rows": 1,
                                "Plan Width": 11,
                                "Actual Startup Time": 8195.041,
                                "Actual Total Time": 8213.252,
                                "Actual Rows": 169,
                                "Actual Loops": 1,
                                "Workers Planned": 5,
                                "Workers Launched": 5,
                                "Plans": [
                                    {
                                        "Node Type": "Sort",
                                        "Parent Relationship": "Outer",
                                        "Parallel Aware": false,
                                        "Async Capable": false,
                                        "Startup Cost": 4660473.77,
                                        "Total Cost": 4660473.78,
                                        "Plan Rows": 1,
                                        "Plan Width": 11,
                                        "Actual Startup Time": 8192.348,
                                        "Actual Total Time": 8192.361,
                                        "Actual Rows": 28,
                                        "Actual Loops": 6,
                                        "Sort Key": [
                                            "account.display_name"
                                        ],
                                        "Sort Method": "quicksort",
                                        "Sort Space Used": 25,
                                        "Sort Space Type": "Memory",
                                        "Workers": [
                                            {
                                                "Worker Number": 0,
                                                "Sort Method": "quicksort",
                                                "Sort Space Used": 25,
                                                "Sort Space Type": "Memory"
                                            },
                                            {
                                                "Worker Number": 1,
                                                "Sort Method": "quicksort",
                                                "Sort Space Used": 25,
                                                "Sort Space Type": "Memory"
                                            },
                                            {
                                                "Worker Number": 2,
                                                "Sort Method": "quicksort",
                                                "Sort Space Used": 25,
                                                "Sort Space Type": "Memory"
                                            },
                                            {
                                                "Worker Number": 3,
                                                "Sort Method": "quicksort",
                                                "Sort Space Used": 25,
                                                "Sort Space Type": "Memory"
                                            },
                                            {
                                                "Worker Number": 4,
                                                "Sort Method": "quicksort",
                                                "Sort Space Used": 25,
                                                "Sort Space Type": "Memory"
                                            }
                                        ],
                                        "Plans": [
                                            {
                                                "Node Type": "Hash Join",
                                                "Parent Relationship": "Outer",
                                                "Parallel Aware": true,
                                                "Async Capable": false,
                                                "Join Type": "Inner",
                                                "Startup Cost": 4508018.96,
                                                "Total Cost": 4660473.76,
                                                "Plan Rows": 1,
                                                "Plan Width": 11,
                                                "Actual Startup Time": 7992.143,
                                                "Actual Total Time": 8192.269,
                                                "Actual Rows": 28,
                                                "Actual Loops": 6,
                                                "Inner Unique": false,
                                                "Hash Cond": "(account.id = u1.account_id)",
                                                "Workers": [],
                                                "Plans": [
                                                    {
                                                        "Node Type": "Seq Scan",
                                                        "Parent Relationship": "Outer",
                                                        "Parallel Aware": true,
                                                        "Async Capable": false,
                                                        "Relation Name": "account",
                                                        "Alias": "account",
                                                        "Startup Cost": 0.0,
                                                        "Total Cost": 142069.67,
                                                        "Plan Rows": 2769367,
                                                        "Plan Width": 15,
                                                        "Actual Startup Time": 0.019,
                                                        "Actual Total Time": 121.991,
                                                        "Actual Rows": 2312026,
                                                        "Actual Loops": 6,
                                                        "Workers": []
                                                    },
                                                    {
                                                        "Node Type": "Hash",
                                                        "Parent Relationship": "Inner",
                                                        "Parallel Aware": true,
                                                        "Async Capable": false,
                                                        "Startup Cost": 4508018.94,
                                                        "Total Cost": 4508018.94,
                                                        "Plan Rows": 1,
                                                        "Plan Width": 8,
                                                        "Actual Startup Time": 7981.934,
                                                        "Actual Total Time": 7981.945,
                                                        "Actual Rows": 28,
                                                        "Actual Loops": 6,
                                                        "Hash Buckets": 1024,
                                                        "Original Hash Buckets": 1024,
                                                        "Hash Batches": 1,
                                                        "Original Hash Batches": 1,
                                                        "Peak Memory Usage": 200,
                                                        "Workers": [],
                                                        "Plans": [
                                                            {
                                                                "Node Type": "Hash Join",
                                                                "Parent Relationship": "Outer",
                                                                "Parallel Aware": true,
                                                                "Async Capable": false,
                                                                "Join Type": "Inner",
                                                                "Startup Cost": 4214797.0,
                                                                "Total Cost": 4508018.94,
                                                                "Plan Rows": 1,
                                                                "Plan Width": 8,
                                                                "Actual Startup Time": 7320.312,
                                                                "Actual Total Time": 7981.549,
                                                                "Actual Rows": 28,
                                                                "Actual Loops": 6,
                                                                "Inner Unique": false,
                                                                "Hash Cond": "((t1.site_id = q1.site_id) AND (tq1.question_id = q1.id))",
                                                                "Workers": [],
                                                                "Plans": [
                                                                    {
                                                                        "Node Type": "Hash Join",
                                                                        "Parent Relationship": "Outer",
                                                                        "Parallel Aware": true,
                                                                        "Async Capable": false,
                                                                        "Join Type": "Inner",
                                                                        "Startup Cost": 2576.51,
                                                                        "Total Cost": 295798.42,
                                                                        "Plan Rows": 4,
                                                                        "Plan Width": 16,
                                                                        "Actual Startup Time": 109.016,
                                                                        "Actual Total Time": 814.838,
                                                                        "Actual Rows": 2197,
                                                                        "Actual Loops": 6,
                                                                        "Inner Unique": true,
                                                                        "Hash Cond": "((s1.site_id = t1.site_id) AND (tq1.tag_id = t1.id))",
                                                                        "Workers": [],
                                                                        "Plans": [
                                                                            {
                                                                                "Node Type": "Hash Join",
                                                                                "Parent Relationship": "Outer",
                                                                                "Parallel Aware": false,
                                                                                "Async Capable": false,
                                                                                "Join Type": "Inner",
                                                                                "Startup Cost": 3.18,
                                                                                "Total Cost": 293001.22,
                                                                                "Plan Rows": 42640,
                                                                                "Plan Width": 16,
                                                                                "Actual Startup Time": 102.661,
                                                                                "Actual Total Time": 654.944,
                                                                                "Actual Rows": 4636805,
                                                                                "Actual Loops": 6,
                                                                                "Inner Unique": true,
                                                                                "Hash Cond": "(tq1.site_id = s1.site_id)",
                                                                                "Workers": [],
                                                                                "Plans": [
                                                                                    {
                                                                                        "Node Type": "Seq Scan",
                                                                                        "Parent Relationship": "Outer",
                                                                                        "Parallel Aware": true,
                                                                                        "Async Capable": false,
                                                                                        "Relation Name": "tag_question",
                                                                                        "Alias": "tq1",
                                                                                        "Startup Cost": 0.0,
                                                                                        "Total Cost": 273159.66,
                                                                                        "Plan Rows": 7376766,
                                                                                        "Plan Width": 12,
                                                                                        "Actual Startup Time": 0.011,
                                                                                        "Actual Total Time": 242.673,
                                                                                        "Actual Rows": 6147303,
                                                                                        "Actual Loops": 6,
                                                                                        "Workers": []
                                                                                    },
                                                                                    {
                                                                                        "Node Type": "Hash",
                                                                                        "Parent Relationship": "Inner",
                                                                                        "Parallel Aware": false,
                                                                                        "Async Capable": false,
                                                                                        "Startup Cost": 3.16,
                                                                                        "Total Cost": 3.16,
                                                                                        "Plan Rows": 1,
                                                                                        "Plan Width": 4,
                                                                                        "Actual Startup Time": 0.013,
                                                                                        "Actual Total Time": 0.014,
                                                                                        "Actual Rows": 1,
                                                                                        "Actual Loops": 6,
                                                                                        "Hash Buckets": 1024,
                                                                                        "Original Hash Buckets": 1024,
                                                                                        "Hash Batches": 1,
                                                                                        "Original Hash Batches": 1,
                                                                                        "Peak Memory Usage": 9,
                                                                                        "Workers": [],
                                                                                        "Plans": [
                                                                                            {
                                                                                                "Node Type": "Seq Scan",
                                                                                                "Parent Relationship": "Outer",
                                                                                                "Parallel Aware": false,
                                                                                                "Async Capable": false,
                                                                                                "Relation Name": "site",
                                                                                                "Alias": "s1",
                                                                                                "Startup Cost": 0.0,
                                                                                                "Total Cost": 3.16,
                                                                                                "Plan Rows": 1,
                                                                                                "Plan Width": 4,
                                                                                                "Actual Startup Time": 0.01,
                                                                                                "Actual Total Time": 0.011,
                                                                                                "Actual Rows": 1,
                                                                                                "Actual Loops": 6,
                                                                                                "Filter": "((site_name)::text = 'stackoverflow'::text)",
                                                                                                "Rows Removed by Filter": 172,
                                                                                                "Workers": []
                                                                                            }
                                                                                        ]
                                                                                    }
                                                                                ]
                                                                            },
                                                                            {
                                                                                "Node Type": "Hash",
                                                                                "Parent Relationship": "Inner",
                                                                                "Parallel Aware": true,
                                                                                "Async Capable": false,
                                                                                "Startup Cost": 2573.31,
                                                                                "Total Cost": 2573.31,
                                                                                "Plan Rows": 2,
                                                                                "Plan Width": 8,
                                                                                "Actual Startup Time": 1.465,
                                                                                "Actual Total Time": 1.465,
                                                                                "Actual Rows": 1,
                                                                                "Actual Loops": 6,
                                                                                "Hash Buckets": 1024,
                                                                                "Original Hash Buckets": 1024,
                                                                                "Hash Batches": 1,
                                                                                "Original Hash Batches": 1,
                                                                                "Peak Memory Usage": 104,
                                                                                "Workers": [],
                                                                                "Plans": [
                                                                                    {
                                                                                        "Node Type": "Seq Scan",
                                                                                        "Parent Relationship": "Outer",
                                                                                        "Parallel Aware": true,
                                                                                        "Async Capable": false,
                                                                                        "Relation Name": "tag",
                                                                                        "Alias": "t1",
                                                                                        "Startup Cost": 0.0,
                                                                                        "Total Cost": 2573.31,
                                                                                        "Plan Rows": 2,
                                                                                        "Plan Width": 8,
                                                                                        "Actual Startup Time": 0.992,
                                                                                        "Actual Total Time": 1.443,
                                                                                        "Actual Rows": 1,
                                                                                        "Actual Loops": 6,
                                                                                        "Filter": "((name)::text = 'web-scraping'::text)",
                                                                                        "Rows Removed by Filter": 31127,
                                                                                        "Workers": []
                                                                                    }
                                                                                ]
                                                                            }
                                                                        ]
                                                                    },
                                                                    {
                                                                        "Node Type": "Hash",
                                                                        "Parent Relationship": "Inner",
                                                                        "Parallel Aware": true,
                                                                        "Async Capable": false,
                                                                        "Startup Cost": 4212220.47,
                                                                        "Total Cost": 4212220.47,
                                                                        "Plan Rows": 1,
                                                                        "Plan Width": 20,
                                                                        "Actual Startup Time": 7165.766,
                                                                        "Actual Total Time": 7165.774,
                                                                        "Actual Rows": 52076,
                                                                        "Actual Loops": 6,
                                                                        "Hash Buckets": 524288,
                                                                        "Original Hash Buckets": 1024,
                                                                        "Hash Batches": 1,
                                                                        "Original Hash Batches": 1,
                                                                        "Peak Memory Usage": 25400,
                                                                        "Workers": [],
                                                                        "Plans": [
                                                                            {
                                                                                "Node Type": "Hash Join",
                                                                                "Parent Relationship": "Outer",
                                                                                "Parallel Aware": true,
                                                                                "Async Capable": false,
                                                                                "Join Type": "Inner",
                                                                                "Startup Cost": 2516411.25,
                                                                                "Total Cost": 4212220.47,
                                                                                "Plan Rows": 1,
                                                                                "Plan Width": 20,
                                                                                "Actual Startup Time": 6369.693,
                                                                                "Actual Total Time": 7129.467,
                                                                                "Actual Rows": 52076,
                                                                                "Actual Loops": 6,
                                                                                "Inner Unique": false,
                                                                                "Hash Cond": "((q1.site_id = u1.site_id) AND (q1.owner_user_id = u1.id))",
                                                                                "Workers": [],
                                                                                "Plans": [
                                                                                    {
                                                                                        "Node Type": "Seq Scan",
                                                                                        "Parent Relationship": "Outer",
                                                                                        "Parallel Aware": true,
                                                                                        "Async Capable": false,
                                                                                        "Relation Name": "question",
                                                                                        "Alias": "q1",
                                                                                        "Startup Cost": 0.0,
                                                                                        "Total Cost": 1682252.12,
                                                                                        "Plan Rows": 1807612,
                                                                                        "Plan Width": 12,
                                                                                        "Actual Startup Time": 0.005,
                                                                                        "Actual Total Time": 499.823,
                                                                                        "Actual Rows": 2111074,
                                                                                        "Actual Loops": 6,
                                                                                        "Workers": []
                                                                                    },
                                                                                    {
                                                                                        "Node Type": "Hash",
                                                                                        "Parent Relationship": "Inner",
                                                                                        "Parallel Aware": true,
                                                                                        "Async Capable": false,
                                                                                        "Startup Cost": 2516411.23,
                                                                                        "Total Cost": 2516411.23,
                                                                                        "Plan Rows": 1,
                                                                                        "Plan Width": 16,
                                                                                        "Actual Startup Time": 6369.629,
                                                                                        "Actual Total Time": 6369.636,
                                                                                        "Actual Rows": 15024,
                                                                                        "Actual Loops": 6,
                                                                                        "Hash Buckets": 131072,
                                                                                        "Original Hash Buckets": 1024,
                                                                                        "Hash Batches": 1,
                                                                                        "Original Hash Batches": 1,
                                                                                        "Peak Memory Usage": 6360,
                                                                                        "Workers": [],
                                                                                        "Plans": [
                                                                                            {
                                                                                                "Node Type": "Hash Join",
                                                                                                "Parent Relationship": "Outer",
                                                                                                "Parallel Aware": true,
                                                                                                "Async Capable": false,
                                                                                                "Join Type": "Inner",
                                                                                                "Startup Cost": 2261198.58,
                                                                                                "Total Cost": 2516411.23,
                                                                                                "Plan Rows": 1,
                                                                                                "Plan Width": 16,
                                                                                                "Actual Startup Time": 5954.531,
                                                                                                "Actual Total Time": 6319.043,
                                                                                                "Actual Rows": 15024,
                                                                                                "Actual Loops": 6,
                                                                                                "Inner Unique": false,
                                                                                                "Hash Cond": "(u1.account_id = u2.account_id)",
                                                                                                "Workers": [],
                                                                                                "Plans": [
                                                                                                    {
                                                                                                        "Node Type": "Seq Scan",
                                                                                                        "Parent Relationship": "Outer",
                                                                                                        "Parallel Aware": true,
                                                                                                        "Async Capable": false,
                                                                                                        "Relation Name": "so_user",
                                                                                                        "Alias": "u1",
                                                                                                        "Startup Cost": 0.0,
                                                                                                        "Total Cost": 239391.02,
                                                                                                        "Plan Rows": 4219102,
                                                                                                        "Plan Width": 12,
                                                                                                        "Actual Startup Time": 0.01,
                                                                                                        "Actual Total Time": 155.273,
                                                                                                        "Actual Rows": 3516217,
                                                                                                        "Actual Loops": 6,
                                                                                                        "Workers": []
                                                                                                    },
                                                                                                    {
                                                                                                        "Node Type": "Hash",
                                                                                                        "Parent Relationship": "Inner",
                                                                                                        "Parallel Aware": true,
                                                                                                        "Async Capable": false,
                                                                                                        "Startup Cost": 2261198.56,
                                                                                                        "Total Cost": 2261198.56,
                                                                                                        "Plan Rows": 1,
                                                                                                        "Plan Width": 4,
                                                                                                        "Actual Startup Time": 5954.4,
                                                                                                        "Actual Total Time": 5954.405,
                                                                                                        "Actual Rows": 1833,
                                                                                                        "Actual Loops": 6,
                                                                                                        "Hash Buckets": 16384,
                                                                                                        "Original Hash Buckets": 1024,
                                                                                                        "Hash Batches": 1,
                                                                                                        "Original Hash Batches": 1,
                                                                                                        "Peak Memory Usage": 792,
                                                                                                        "Workers": [],
                                                                                                        "Plans": [
                                                                                                            {
                                                                                                                "Node Type": "Hash Join",
                                                                                                                "Parent Relationship": "Outer",
                                                                                                                "Parallel Aware": true,
                                                                                                                "Async Capable": false,
                                                                                                                "Join Type": "Inner",
                                                                                                                "Startup Cost": 2010278.17,
                                                                                                                "Total Cost": 2261198.56,
                                                                                                                "Plan Rows": 1,
                                                                                                                "Plan Width": 4,
                                                                                                                "Actual Startup Time": 5815.684,
                                                                                                                "Actual Total Time": 5921.248,
                                                                                                                "Actual Rows": 1833,
                                                                                                                "Actual Loops": 6,
                                                                                                                "Inner Unique": false,
                                                                                                                "Hash Cond": "((s2.site_id = t2.site_id) AND (u2.id = q2.owner_user_id))",
                                                                                                                "Workers": [],
                                                                                                                "Plans": [
                                                                                                                    {
                                                                                                                        "Node Type": "Hash Join",
                                                                                                                        "Parent Relationship": "Outer",
                                                                                                                        "Parallel Aware": false,
                                                                                                                        "Async Capable": false,
                                                                                                                        "Join Type": "Inner",
                                                                                                                        "Startup Cost": 3.18,
                                                                                                                        "Total Cost": 250740.65,
                                                                                                                        "Plan Rows": 24388,
                                                                                                                        "Plan Width": 16,
                                                                                                                        "Actual Startup Time": 214.746,
                                                                                                                        "Actual Total Time": 311.188,
                                                                                                                        "Actual Rows": 133921,
                                                                                                                        "Actual Loops": 6,
                                                                                                                        "Inner Unique": true,
                                                                                                                        "Hash Cond": "(u2.site_id = s2.site_id)",
                                                                                                                        "Workers": [],
                                                                                                                        "Plans": [
                                                                                                                            {
                                                                                                                                "Node Type": "Seq Scan",
                                                                                                                                "Parent Relationship": "Outer",
                                                                                                                                "Parallel Aware": true,
                                                                                                                                "Async Capable": false,
                                                                                                                                "Relation Name": "so_user",
                                                                                                                                "Alias": "u2",
                                                                                                                                "Startup Cost": 0.0,
                                                                                                                                "Total Cost": 239391.02,
                                                                                                                                "Plan Rows": 4219102,
                                                                                                                                "Plan Width": 12,
                                                                                                                                "Actual Startup Time": 0.019,
                                                                                                                                "Actual Total Time": 181.122,
                                                                                                                                "Actual Rows": 3516217,
                                                                                                                                "Actual Loops": 6,
                                                                                                                                "Workers": []
                                                                                                                            },
                                                                                                                            {
                                                                                                                                "Node Type": "Hash",
                                                                                                                                "Parent Relationship": "Inner",
                                                                                                                                "Parallel Aware": false,
                                                                                                                                "Async Capable": false,
                                                                                                                                "Startup Cost": 3.16,
                                                                                                                                "Total Cost": 3.16,
                                                                                                                                "Plan Rows": 1,
                                                                                                                                "Plan Width": 4,
                                                                                                                                "Actual Startup Time": 0.022,
                                                                                                                                "Actual Total Time": 0.022,
                                                                                                                                "Actual Rows": 1,
                                                                                                                                "Actual Loops": 6,
                                                                                                                                "Hash Buckets": 1024,
                                                                                                                                "Original Hash Buckets": 1024,
                                                                                                                                "Hash Batches": 1,
                                                                                                                                "Original Hash Batches": 1,
                                                                                                                                "Peak Memory Usage": 9,
                                                                                                                                "Workers": [],
                                                                                                                                "Plans": [
                                                                                                                                    {
                                                                                                                                        "Node Type": "Seq Scan",
                                                                                                                                        "Parent Relationship": "Outer",
                                                                                                                                        "Parallel Aware": false,
                                                                                                                                        "Async Capable": false,
                                                                                                                                        "Relation Name": "site",
                                                                                                                                        "Alias": "s2",
                                                                                                                                        "Startup Cost": 0.0,
                                                                                                                                        "Total Cost": 3.16,
                                                                                                                                        "Plan Rows": 1,
                                                                                                                                        "Plan Width": 4,
                                                                                                                                        "Actual Startup Time": 0.018,
                                                                                                                                        "Actual Total Time": 0.02,
                                                                                                                                        "Actual Rows": 1,
                                                                                                                                        "Actual Loops": 6,
                                                                                                                                        "Filter": "((site_name)::text = 'superuser'::text)",
                                                                                                                                        "Rows Removed by Filter": 172,
                                                                                                                                        "Workers": []
                                                                                                                                    }
                                                                                                                                ]
                                                                                                                            }
                                                                                                                        ]
                                                                                                                    },
                                                                                                                    {
                                                                                                                        "Node Type": "Hash",
                                                                                                                        "Parent Relationship": "Inner",
                                                                                                                        "Parallel Aware": true,
                                                                                                                        "Async Capable": false,
                                                                                                                        "Startup Cost": 2010274.21,
                                                                                                                        "Total Cost": 2010274.21,
                                                                                                                        "Plan Rows": 52,
                                                                                                                        "Plan Width": 16,
                                                                                                                        "Actual Startup Time": 5600.814,
                                                                                                                        "Actual Total Time": 5600.817,
                                                                                                                        "Actual Rows": 1854,
                                                                                                                        "Actual Loops": 6,
                                                                                                                        "Hash Buckets": 8192,
                                                                                                                        "Original Hash Buckets": 1024,
                                                                                                                        "Hash Batches": 1,
                                                                                                                        "Original Hash Batches": 1,
                                                                                                                        "Peak Memory Usage": 696,
                                                                                                                        "Workers": [],
                                                                                                                        "Plans": [
                                                                                                                            {
                                                                                                                                "Node Type": "Hash Join",
                                                                                                                                "Parent Relationship": "Outer",
                                                                                                                                "Parallel Aware": true,
                                                                                                                                "Async Capable": false,
                                                                                                                                "Join Type": "Inner",
                                                                                                                                "Startup Cost": 314464.9,
                                                                                                                                "Total Cost": 2010274.21,
                                                                                                                                "Plan Rows": 52,
                                                                                                                                "Plan Width": 16,
                                                                                                                                "Actual Startup Time": 633.452,
                                                                                                                                "Actual Total Time": 1468.798,
                                                                                                                                "Actual Rows": 1854,
                                                                                                                                "Actual Loops": 6,
                                                                                                                                "Inner Unique": false,
                                                                                                                                "Hash Cond": "((q2.site_id = t2.site_id) AND (q2.id = tq2.question_id))",
                                                                                                                                "Workers": [],
                                                                                                                                "Plans": [
                                                                                                                                    {
                                                                                                                                        "Node Type": "Seq Scan",
                                                                                                                                        "Parent Relationship": "Outer",
                                                                                                                                        "Parallel Aware": true,
                                                                                                                                        "Async Capable": false,
                                                                                                                                        "Relation Name": "question",
                                                                                                                                        "Alias": "q2",
                                                                                                                                        "Startup Cost": 0.0,
                                                                                                                                        "Total Cost": 1682252.12,
                                                                                                                                        "Plan Rows": 1807612,
                                                                                                                                        "Plan Width": 12,
                                                                                                                                        "Actual Startup Time": 0.011,
                                                                                                                                        "Actual Total Time": 611.952,
                                                                                                                                        "Actual Rows": 2111074,
                                                                                                                                        "Actual Loops": 6,
                                                                                                                                        "Workers": []
                                                                                                                                    },
                                                                                                                                    {
                                                                                                                                        "Node Type": "Hash",
                                                                                                                                        "Parent Relationship": "Inner",
                                                                                                                                        "Parallel Aware": true,
                                                                                                                                        "Async Capable": false,
                                                                                                                                        "Startup Cost": 314463.13,
                                                                                                                                        "Total Cost": 314463.13,
                                                                                                                                        "Plan Rows": 118,
                                                                                                                                        "Plan Width": 12,
                                                                                                                                        "Actual Startup Time": 633.417,
                                                                                                                                        "Actual Total Time": 633.418,
                                                                                                                                        "Actual Rows": 1854,
                                                                                                                                        "Actual Loops": 6,
                                                                                                                                        "Hash Buckets": 8192,
                                                                                                                                        "Original Hash Buckets": 1024,
                                                                                                                                        "Hash Batches": 1,
                                                                                                                                        "Original Hash Batches": 1,
                                                                                                                                        "Peak Memory Usage": 664,
                                                                                                                                        "Workers": [],
                                                                                                                                        "Plans": [
                                                                                                                                            {
                                                                                                                                                "Node Type": "Hash Join",
                                                                                                                                                "Parent Relationship": "Outer",
                                                                                                                                                "Parallel Aware": true,
                                                                                                                                                "Async Capable": false,
                                                                                                                                                "Join Type": "Inner",
                                                                                                                                                "Startup Cost": 2573.34,
                                                                                                                                                "Total Cost": 314463.13,
                                                                                                                                                "Plan Rows": 118,
                                                                                                                                                "Plan Width": 12,
                                                                                                                                                "Actual Startup Time": 25.371,
                                                                                                                                                "Actual Total Time": 628.561,
                                                                                                                                                "Actual Rows": 1854,
                                                                                                                                                "Actual Loops": 6,
                                                                                                                                                "Inner Unique": true,
                                                                                                                                                "Hash Cond": "((tq2.site_id = t2.site_id) AND (tq2.tag_id = t2.id))",
                                                                                                                                                "Workers": [],
                                                                                                                                                "Plans": [
                                                                                                                                                    {
                                                                                                                                                        "Node Type": "Seq Scan",
                                                                                                                                                        "Parent Relationship": "Outer",
                                                                                                                                                        "Parallel Aware": true,
                                                                                                                                                        "Async Capable": false,
                                                                                                                                                        "Relation Name": "tag_question",
                                                                                                                                                        "Alias": "tq2",
                                                                                                                                                        "Startup Cost": 0.0,
                                                                                                                                                        "Total Cost": 273159.66,
                                                                                                                                                        "Plan Rows": 7376766,
                                                                                                                                                        "Plan Width": 12,
                                                                                                                                                        "Actual Startup Time": 0.026,
                                                                                                                                                        "Actual Total Time": 364.237,
                                                                                                                                                        "Actual Rows": 6147303,
                                                                                                                                                        "Actual Loops": 6,
                                                                                                                                                        "Workers": []
                                                                                                                                                    },
                                                                                                                                                    {
                                                                                                                                                        "Node Type": "Hash",
                                                                                                                                                        "Parent Relationship": "Inner",
                                                                                                                                                        "Parallel Aware": true,
                                                                                                                                                        "Async Capable": false,
                                                                                                                                                        "Startup Cost": 2573.31,
                                                                                                                                                        "Total Cost": 2573.31,
                                                                                                                                                        "Plan Rows": 2,
                                                                                                                                                        "Plan Width": 8,
                                                                                                                                                        "Actual Startup Time": 1.723,
                                                                                                                                                        "Actual Total Time": 1.724,
                                                                                                                                                        "Actual Rows": 1,
                                                                                                                                                        "Actual Loops": 6,
                                                                                                                                                        "Hash Buckets": 1024,
                                                                                                                                                        "Original Hash Buckets": 1024,
                                                                                                                                                        "Hash Batches": 1,
                                                                                                                                                        "Original Hash Batches": 1,
                                                                                                                                                        "Peak Memory Usage": 72,
                                                                                                                                                        "Workers": [],
                                                                                                                                                        "Plans": [
                                                                                                                                                            {
                                                                                                                                                                "Node Type": "Seq Scan",
                                                                                                                                                                "Parent Relationship": "Outer",
                                                                                                                                                                "Parallel Aware": true,
                                                                                                                                                                "Async Capable": false,
                                                                                                                                                                "Relation Name": "tag",
                                                                                                                                                                "Alias": "t2",
                                                                                                                                                                "Startup Cost": 0.0,
                                                                                                                                                                "Total Cost": 2573.31,
                                                                                                                                                                "Plan Rows": 2,
                                                                                                                                                                "Plan Width": 8,
                                                                                                                                                                "Actual Startup Time": 1.183,
                                                                                                                                                                "Actual Total Time": 1.701,
                                                                                                                                                                "Actual Rows": 1,
                                                                                                                                                                "Actual Loops": 6,
                                                                                                                                                                "Filter": "((name)::text = 'microsoft-excel'::text)",
                                                                                                                                                                "Rows Removed by Filter": 31128,
                                                                                                                                                                "Workers": []
                                                                                                                                                            }
                                                                                                                                                        ]
                                                                                                                                                    }
                                                                                                                                                ]
                                                                                                                                            }
                                                                                                                                        ]
                                                                                                                                    }
                                                                                                                                ]
                                                                                                                            }
                                                                                                                        ]
                                                                                                                    }
                                                                                                                ]
                                                                                                            }
                                                                                                        ]
                                                                                                    }
                                                                                                ]
                                                                                            }
                                                                                        ]
                                                                                    }
                                                                                ]
                                                                            }
                                                                        ]
                                                                    }
                                                                ]
                                                            }
                                                        ]
                                                    }
                                                ]
                                            }
                                        ]
                                    }
                                ]
                            }
                        ]
                    },
                    "Planning Time": 72.118,
                    "Triggers": [],
                    "Execution Time": 8213.32
                }
            ],
            "hints": [
                "SET enable_hashjoin TO on",
                "SET enable_indexonlyscan TO on",
                "SET enable_indexscan TO on",
                "SET enable_mergejoin TO on",
                "SET enable_nestloop TO off",
                "SET enable_seqscan TO on"
            ]
        },
        {
            "arm": 2,
            "execution_time": 178.897,
            "plan": [
                {
                    "Plan": {
                        "Node Type": "Unique",
                        "Parallel Aware": false,
                        "Async Capable": false,
                        "Startup Cost": 6641.58,
                        "Total Cost": 6641.59,
                        "Plan Rows": 1,
                        "Plan Width": 11,
                        "Actual Startup Time": 178.675,
                        "Actual Total Time": 178.838,
                        "Actual Rows": 80,
                        "Actual Loops": 1,
                        "Plans": [
                            {
                                "Node Type": "Sort",
                                "Parent Relationship": "Outer",
                                "Parallel Aware": false,
                                "Async Capable": false,
                                "Startup Cost": 6641.58,
                                "Total Cost": 6641.59,
                                "Plan Rows": 1,
                                "Plan Width": 11,
                                "Actual Startup Time": 178.673,
                                "Actual Total Time": 178.822,
                                "Actual Rows": 169,
                                "Actual Loops": 1,
                                "Sort Key": [
                                    "account.display_name"
                                ],
                                "Sort Method": "quicksort",
                                "Sort Space Used": 28,
                                "Sort Space Type": "Memory",
                                "Plans": [
                                    {
                                        "Node Type": "Nested Loop",
                                        "Parent Relationship": "Outer",
                                        "Parallel Aware": false,
                                        "Async Capable": false,
                                        "Join Type": "Inner",
                                        "Startup Cost": 3836.68,
                                        "Total Cost": 6641.57,
                                        "Plan Rows": 1,
                                        "Plan Width": 11,
                                        "Actual Startup Time": 98.32,
                                        "Actual Total Time": 178.744,
                                        "Actual Rows": 169,
                                        "Actual Loops": 1,
                                        "Inner Unique": true,
                                        "Plans": [
                                            {
                                                "Node Type": "Gather",
                                                "Parent Relationship": "Outer",
                                                "Parallel Aware": false,
                                                "Async Capable": false,
                                                "Startup Cost": 3832.72,
                                                "Total Cost": 6633.61,
                                                "Plan Rows": 1,
                                                "Plan Width": 8,
                                                "Actual Startup Time": 98.312,
                                                "Actual Total Time": 178.288,
                                                "Actual Rows": 169,
                                                "Actual Loops": 1,
                                                "Workers Planned": 1,
                                                "Workers Launched": 1,
                                                "Single Copy": false,
                                                "Plans": [
                                                    {
                                                        "Node Type": "Hash Join",
                                                        "Parent Relationship": "Outer",
                                                        "Parallel Aware": true,
                                                        "Async Capable": false,
                                                        "Join Type": "Inner",
                                                        "Startup Cost": 2832.72,
                                                        "Total Cost": 5633.51,
                                                        "Plan Rows": 1,
                                                        "Plan Width": 8,
                                                        "Actual Startup Time": 96.802,
                                                        "Actual Total Time": 136.719,
                                                        "Actual Rows": 84,
                                                        "Actual Loops": 2,
                                                        "Inner Unique": false,
                                                        "Hash Cond": "(u1.account_id = u2.account_id)",
                                                        "Workers": [],
                                                        "Plans": [
                                                            {
                                                                "Node Type": "Nested Loop",
                                                                "Parent Relationship": "Outer",
                                                                "Parallel Aware": false,
                                                                "Async Capable": false,
                                                                "Join Type": "Inner",
                                                                "Startup Cost": 15.97,
                                                                "Total Cost": 2816.74,
                                                                "Plan Rows": 1,
                                                                "Plan Width": 4,
                                                                "Actual Startup Time": 5.337,
                                                                "Actual Total Time": 44.51,
                                                                "Actual Rows": 6591,
                                                                "Actual Loops": 2,
                                                                "Inner Unique": true,
                                                                "Join Filter": "(t1.site_id = u1.site_id)",
                                                                "Rows Removed by Join Filter": 0,
                                                                "Workers": [],
                                                                "Plans": [
                                                                    {
                                                                        "Node Type": "Nested Loop",
                                                                        "Parent Relationship": "Outer",
                                                                        "Parallel Aware": false,
                                                                        "Async Capable": false,
                                                                        "Join Type": "Inner",
                                                                        "Startup Cost": 12.01,
                                                                        "Total Cost": 2808.75,
                                                                        "Plan Rows": 1,
                                                                        "Plan Width": 20,
                                                                        "Actual Startup Time": 5.332,
                                                                        "Actual Total Time": 27.321,
                                                                        "Actual Rows": 6591,
                                                                        "Actual Loops": 2,
                                                                        "Inner Unique": true,
                                                                        "Join Filter": "(t1.site_id = q1.site_id)",
                                                                        "Rows Removed by Join Filter": 0,
                                                                        "Workers": [],
                                                                        "Plans": [
                                                                            {
                                                                                "Node Type": "Nested Loop",
                                                                                "Parent Relationship": "Outer",
                                                                                "Parallel Aware": false,
                                                                                "Async Capable": false,
                                                                                "Join Type": "Inner",
                                                                                "Startup Cost": 8.06,
                                                                                "Total Cost": 2704.99,
                                                                                "Plan Rows": 13,
                                                                                "Plan Width": 16,
                                                                                "Actual Startup Time": 5.327,
                                                                                "Actual Total Time": 10.746,
                                                                                "Actual Rows": 6591,
                                                                                "Actual Loops": 2,
                                                                                "Inner Unique": false,
                                                                                "Workers": [],
                                                                                "Plans": [
                                                                                    {
                                                                                        "Node Type": "Hash Join",
                                                                                        "Parent Relationship": "Outer",
                                                                                        "Parallel Aware": false,
                                                                                        "Async Capable": false,
                                                                                        "Join Type": "Inner",
                                                                                        "Startup Cost": 3.18,
                                                                                        "Total Cost": 2576.49,
                                                                                        "Plan Rows": 1,
                                                                                        "Plan Width": 12,
                                                                                        "Actual Startup Time": 4.134,
                                                                                        "Actual Total Time": 4.137,
                                                                                        "Actual Rows": 0,
                                                                                        "Actual Loops": 2,
                                                                                        "Inner Unique": true,
                                                                                        "Hash Cond": "(t1.site_id = s1.site_id)",
                                                                                        "Workers": [],
                                                                                        "Plans": [
                                                                                            {
                                                                                                "Node Type": "Seq Scan",
                                                                                                "Parent Relationship": "Outer",
                                                                                                "Parallel Aware": true,
                                                                                                "Async Capable": false,
                                                                                                "Relation Name": "tag",
                                                                                                "Alias": "t1",
                                                                                                "Startup Cost": 0.0,
                                                                                                "Total Cost": 2573.31,
                                                                                                "Plan Rows": 2,
                                                                                                "Plan Width": 8,
                                                                                                "Actual Startup Time": 1.221,
                                                                                                "Actual Total Time": 4.116,
                                                                                                "Actual Rows": 3,
                                                                                                "Actual Loops": 2,
                                                                                                "Filter": "((name)::text = 'web-scraping'::text)",
                                                                                                "Rows Removed by Filter": 93382,
                                                                                                "Workers": []
                                                                                            },
                                                                                            {
                                                                                                "Node Type": "Hash",
                                                                                                "Parent Relationship": "Inner",
                                                                                                "Parallel Aware": false,
                                                                                                "Async Capable": false,
                                                                                                "Startup Cost": 3.16,
                                                                                                "Total Cost": 3.16,
                                                                                                "Plan Rows": 1,
                                                                                                "Plan Width": 4,
                                                                                                "Actual Startup Time": 0.012,
                                                                                                "Actual Total Time": 0.013,
                                                                                                "Actual Rows": 1,
                                                                                                "Actual Loops": 2,
                                                                                                "Hash Buckets": 1024,
                                                                                                "Original Hash Buckets": 1024,
                                                                                                "Hash Batches": 1,
                                                                                                "Original Hash Batches": 1,
                                                                                                "Peak Memory Usage": 9,
                                                                                                "Workers": [],
                                                                                                "Plans": [
                                                                                                    {
                                                                                                        "Node Type": "Seq Scan",
                                                                                                        "Parent Relationship": "Outer",
                                                                                                        "Parallel Aware": false,
                                                                                                        "Async Capable": false,
                                                                                                        "Relation Name": "site",
                                                                                                        "Alias": "s1",
                                                                                                        "Startup Cost": 0.0,
                                                                                                        "Total Cost": 3.16,
                                                                                                        "Plan Rows": 1,
                                                                                                        "Plan Width": 4,
                                                                                                        "Actual Startup Time": 0.01,
                                                                                                        "Actual Total Time": 0.011,
                                                                                                        "Actual Rows": 1,
                                                                                                        "Actual Loops": 2,
                                                                                                        "Filter": "((site_name)::text = 'stackoverflow'::text)",
                                                                                                        "Rows Removed by Filter": 172,
                                                                                                        "Workers": []
                                                                                                    }
                                                                                                ]
                                                                                            }
                                                                                        ]
                                                                                    },
                                                                                    {
                                                                                        "Node Type": "Bitmap Heap Scan",
                                                                                        "Parent Relationship": "Inner",
                                                                                        "Parallel Aware": false,
                                                                                        "Async Capable": false,
                                                                                        "Relation Name": "tag_question",
                                                                                        "Alias": "tq1",
                                                                                        "Startup Cost": 4.88,
                                                                                        "Total Cost": 128.19,
                                                                                        "Plan Rows": 31,
                                                                                        "Plan Width": 12,
                                                                                        "Actual Startup Time": 2.381,
                                                                                        "Actual Total Time": 12.331,
                                                                                        "Actual Rows": 13182,
                                                                                        "Actual Loops": 1,
                                                                                        "Recheck Cond": "((t1.site_id = site_id) AND (t1.id = tag_id))",
                                                                                        "Rows Removed by Index Recheck": 0,
                                                                                        "Exact Heap Blocks": 12376,
                                                                                        "Lossy Heap Blocks": 0,
                                                                                        "Workers": [],
                                                                                        "Plans": [
                                                                                            {
                                                                                                "Node Type": "Bitmap Index Scan",
                                                                                                "Parent Relationship": "Outer",
                                                                                                "Parallel Aware": false,
                                                                                                "Async Capable": false,
                                                                                                "Index Name": "tag_question_site_id_tag_id_question_id_idx",
                                                                                                "Startup Cost": 0.0,
                                                                                                "Total Cost": 4.88,
                                                                                                "Plan Rows": 31,
                                                                                                "Plan Width": 0,
                                                                                                "Actual Startup Time": 0.966,
                                                                                                "Actual Total Time": 0.966,
                                                                                                "Actual Rows": 13182,
                                                                                                "Actual Loops": 1,
                                                                                                "Index Cond": "((site_id = t1.site_id) AND (tag_id = t1.id))",
                                                                                                "Workers": []
                                                                                            }
                                                                                        ]
                                                                                    }
                                                                                ]
                                                                            },
                                                                            {
                                                                                "Node Type": "Bitmap Heap Scan",
                                                                                "Parent Relationship": "Inner",
                                                                                "Parallel Aware": false,
                                                                                "Async Capable": false,
                                                                                "Relation Name": "question",
                                                                                "Alias": "q1",
                                                                                "Startup Cost": 3.95,
                                                                                "Total Cost": 7.97,
                                                                                "Plan Rows": 1,
                                                                                "Plan Width": 12,
                                                                                "Actual Startup Time": 0.002,
                                                                                "Actual Total Time": 0.002,
                                                                                "Actual Rows": 1,
                                                                                "Actual Loops": 13182,
                                                                                "Recheck Cond": "((id = tq1.question_id) AND (site_id = tq1.site_id))",
                                                                                "Rows Removed by Index Recheck": 0,
                                                                                "Exact Heap Blocks": 13182,
                                                                                "Lossy Heap Blocks": 0,
                                                                                "Workers": [],
                                                                                "Plans": [
                                                                                    {
                                                                                        "Node Type": "Bitmap Index Scan",
                                                                                        "Parent Relationship": "Outer",
                                                                                        "Parallel Aware": false,
                                                                                        "Async Capable": false,
                                                                                        "Index Name": "question_pkey",
                                                                                        "Startup Cost": 0.0,
                                                                                        "Total Cost": 3.95,
                                                                                        "Plan Rows": 1,
                                                                                        "Plan Width": 0,
                                                                                        "Actual Startup Time": 0.001,
                                                                                        "Actual Total Time": 0.001,
                                                                                        "Actual Rows": 1,
                                                                                        "Actual Loops": 13182,
                                                                                        "Index Cond": "((id = tq1.question_id) AND (site_id = tq1.site_id))",
                                                                                        "Workers": []
                                                                                    }
                                                                                ]
                                                                            }
                                                                        ]
                                                                    },
                                                                    {
                                                                        "Node Type": "Bitmap Heap Scan",
                                                                        "Parent Relationship": "Inner",
                                                                        "Parallel Aware": false,
                                                                        "Async Capable": false,
                                                                        "Relation Name": "so_user",
                                                                        "Alias": "u1",
                                                                        "Startup Cost": 3.96,
                                                                        "Total Cost": 7.97,
                                                                        "Plan Rows": 1,
                                                                        "Plan Width": 12,
                                                                        "Actual Startup Time": 0.002,
                                                                        "Actual Total Time": 0.002,
                                                                        "Actual Rows": 1,
                                                                        "Actual Loops": 13182,
                                                                        "Recheck Cond": "((id = q1.owner_user_id) AND (q1.site_id = site_id))",
                                                                        "Rows Removed by Index Recheck": 0,
                                                                        "Exact Heap Blocks": 13182,
                                                                        "Lossy Heap Blocks": 0,
                                                                        "Workers": [],
                                                                        "Plans": [
                                                                            {
                                                                                "Node Type": "Bitmap Index Scan",
                                                                                "Parent Relationship": "Outer",
                                                                                "Parallel Aware": false,
                                                                                "Async Capable": false,
                                                                                "Index Name": "so_user_pkey",
                                                                                "Startup Cost": 0.0,
                                                                                "Total Cost": 3.96,
                                                                                "Plan Rows": 1,
                                                                                "Plan Width": 0,
                                                                                "Actual Startup Time": 0.002,
                                                                                "Actual Total Time": 0.002,
                                                                                "Actual Rows": 1,
                                                                                "Actual Loops": 13182,
                                                                                "Index Cond": "((id = q1.owner_user_id) AND (site_id = q1.site_id))",
                                                                                "Workers": []
                                                                            }
                                                                        ]
                                                                    }
                                                                ]
                                                            },
                                                            {
                                                                "Node Type": "Hash",
                                                                "Parent Relationship": "Inner",
                                                                "Parallel Aware": true,
                                                                "Async Capable": false,
                                                                "Startup Cost": 2816.74,
                                                                "Total Cost": 2816.74,
                                                                "Plan Rows": 1,
                                                                "Plan Width": 4,
                                                                "Actual Startup Time": 91.222,
                                                                "Actual Total Time": 91.224,
                                                                "Actual Rows": 5499,
                                                                "Actual Loops": 2,
                                                                "Hash Buckets": 16384,
                                                                "Original Hash Buckets": 1024,
                                                                "Hash Batches": 1,
                                                                "Original Hash Batches": 1,
                                                                "Peak Memory Usage": 696,
                                                                "Workers": [],
                                                                "Plans": [
                                                                    {
                                                                        "Node Type": "Nested Loop",
                                                                        "Parent Relationship": "Outer",
                                                                        "Parallel Aware": false,
                                                                        "Async Capable": false,
                                                                        "Join Type": "Inner",
                                                                        "Startup Cost": 15.97,
                                                                        "Total Cost": 2816.74,
                                                                        "Plan Rows": 1,
                                                                        "Plan Width": 4,
                                                                        "Actual Startup Time": 4.558,
                                                                        "Actual Total Time": 47.071,
                                                                        "Actual Rows": 5499,
                                                                        "Actual Loops": 2,
                                                                        "Inner Unique": true,
                                                                        "Join Filter": "(t2.site_id = u2.site_id)",
                                                                        "Rows Removed by Join Filter": 0,
                                                                        "Workers": [],
                                                                        "Plans": [
                                                                            {
                                                                                "Node Type": "Nested Loop",
                                                                                "Parent Relationship": "Outer",
                                                                                "Parallel Aware": false,
                                                                                "Async Capable": false,
                                                                                "Join Type": "Inner",
                                                                                "Startup Cost": 12.01,
                                                                                "Total Cost": 2808.75,
                                                                                "Plan Rows": 1,
                                                                                "Plan Width": 20,
                                                                                "Actual Startup Time": 4.546,
                                                                                "Actual Total Time": 26.111,
                                                                                "Actual Rows": 5499,
                                                                                "Actual Loops": 2,
                                                                                "Inner Unique": true,
                                                                                "Join Filter": "(t2.site_id = q2.site_id)",
                                                                                "Rows Removed by Join Filter": 0,
                                                                                "Workers": [],
                                                                                "Plans": [
                                                                                    {
                                                                                        "Node Type": "Nested Loop",
                                                                                        "Parent Relationship": "Outer",
                                                                                        "Parallel Aware": false,
                                                                                        "Async Capable": false,
                                                                                        "Join Type": "Inner",
                                                                                        "Startup Cost": 8.06,
                                                                                        "Total Cost": 2704.99,
                                                                                        "Plan Rows": 13,
                                                                                        "Plan Width": 16,
                                                                                        "Actual Startup Time": 4.531,
                                                                                        "Actual Total Time": 8.119,
                                                                                        "Actual Rows": 5499,
                                                                                        "Actual Loops": 2,
                                                                                        "Inner Unique": false,
                                                                                        "Workers": [],
                                                                                        "Plans": [
                                                                                            {
                                                                                                "Node Type": "Hash Join",
                                                                                                "Parent Relationship": "Outer",
                                                                                                "Parallel Aware": false,
                                                                                                "Async Capable": false,
                                                                                                "Join Type": "Inner",
                                                                                                "Startup Cost": 3.18,
                                                                                                "Total Cost": 2576.49,
                                                                                                "Plan Rows": 1,
                                                                                                "Plan Width": 12,
                                                                                                "Actual Startup Time": 4.017,
                                                                                                "Actual Total Time": 4.022,
                                                                                                "Actual Rows": 0,
                                                                                                "Actual Loops": 2,
                                                                                                "Inner Unique": true,
                                                                                                "Hash Cond": "(t2.site_id = s2.site_id)",
                                                                                                "Workers": [],
                                                                                                "Plans": [
                                                                                                    {
                                                                                                        "Node Type": "Seq Scan",
                                                                                                        "Parent Relationship": "Outer",
                                                                                                        "Parallel Aware": true,
                                                                                                        "Async Capable": false,
                                                                                                        "Relation Name": "tag",
                                                                                                        "Alias": "t2",
                                                                                                        "Startup Cost": 0.0,
                                                                                                        "Total Cost": 2573.31,
                                                                                                        "Plan Rows": 2,
                                                                                                        "Plan Width": 8,
                                                                                                        "Actual Startup Time": 1.39,
                                                                                                        "Actual Total Time": 3.996,
                                                                                                        "Actual Rows": 2,
                                                                                                        "Actual Loops": 2,
                                                                                                        "Filter": "((name)::text = 'microsoft-excel'::text)",
                                                                                                        "Rows Removed by Filter": 93382,
                                                                                                        "Workers": []
                                                                                                    },
                                                                                                    {
                                                                                                        "Node Type": "Hash",
                                                                                                        "Parent Relationship": "Inner",
                                                                                                        "Parallel Aware": false,
                                                                                                        "Async Capable": false,
                                                                                                        "Startup Cost": 3.16,
                                                                                                        "Total Cost": 3.16,
                                                                                                        "Plan Rows": 1,
                                                                                                        "Plan Width": 4,
                                                                                                        "Actual Startup Time": 0.017,
                                                                                                        "Actual Total Time": 0.017,
                                                                                                        "Actual Rows": 1,
                                                                                                        "Actual Loops": 2,
                                                                                                        "Hash Buckets": 1024,
                                                                                                        "Original Hash Buckets": 1024,
                                                                                                        "Hash Batches": 1,
                                                                                                        "Original Hash Batches": 1,
                                                                                                        "Peak Memory Usage": 9,
                                                                                                        "Workers": [],
                                                                                                        "Plans": [
                                                                                                            {
                                                                                                                "Node Type": "Seq Scan",
                                                                                                                "Parent Relationship": "Outer",
                                                                                                                "Parallel Aware": false,
                                                                                                                "Async Capable": false,
                                                                                                                "Relation Name": "site",
                                                                                                                "Alias": "s2",
                                                                                                                "Startup Cost": 0.0,
                                                                                                                "Total Cost": 3.16,
                                                                                                                "Plan Rows": 1,
                                                                                                                "Plan Width": 4,
                                                                                                                "Actual Startup Time": 0.013,
                                                                                                                "Actual Total Time": 0.014,
                                                                                                                "Actual Rows": 1,
                                                                                                                "Actual Loops": 2,
                                                                                                                "Filter": "((site_name)::text = 'superuser'::text)",
                                                                                                                "Rows Removed by Filter": 172,
                                                                                                                "Workers": []
                                                                                                            }
                                                                                                        ]
                                                                                                    }
                                                                                                ]
                                                                                            },
                                                                                            {
                                                                                                "Node Type": "Bitmap Heap Scan",
                                                                                                "Parent Relationship": "Inner",
                                                                                                "Parallel Aware": false,
                                                                                                "Async Capable": false,
                                                                                                "Relation Name": "tag_question",
                                                                                                "Alias": "tq2",
                                                                                                "Startup Cost": 4.88,
                                                                                                "Total Cost": 128.19,
                                                                                                "Plan Rows": 31,
                                                                                                "Plan Width": 12,
                                                                                                "Actual Startup Time": 1.023,
                                                                                                "Actual Total Time": 7.398,
                                                                                                "Actual Rows": 10998,
                                                                                                "Actual Loops": 1,
                                                                                                "Recheck Cond": "((t2.site_id = site_id) AND (t2.id = tag_id))",
                                                                                                "Rows Removed by Index Recheck": 0,
                                                                                                "Exact Heap Blocks": 0,
                                                                                                "Lossy Heap Blocks": 0,
                                                                                                "Workers": [],
                                                                                                "Plans": [
                                                                                                    {
                                                                                                        "Node Type": "Bitmap Index Scan",
                                                                                                        "Parent Relationship": "Outer",
                                                                                                        "Parallel Aware": false,
                                                                                                        "Async Capable": false,
                                                                                                        "Index Name": "tag_question_site_id_tag_id_question_id_idx",
                                                                                                        "Startup Cost": 0.0,
                                                                                                        "Total Cost": 4.88,
                                                                                                        "Plan Rows": 31,
                                                                                                        "Plan Width": 0,
                                                                                                        "Actual Startup Time": 0.752,
                                                                                                        "Actual Total Time": 0.752,
                                                                                                        "Actual Rows": 10998,
                                                                                                        "Actual Loops": 1,
                                                                                                        "Index Cond": "((site_id = t2.site_id) AND (tag_id = t2.id))",
                                                                                                        "Workers": []
                                                                                                    }
                                                                                                ]
                                                                                            }
                                                                                        ]
                                                                                    },
                                                                                    {
                                                                                        "Node Type": "Bitmap Heap Scan",
                                                                                        "Parent Relationship": "Inner",
                                                                                        "Parallel Aware": false,
                                                                                        "Async Capable": false,
                                                                                        "Relation Name": "question",
                                                                                        "Alias": "q2",
                                                                                        "Startup Cost": 3.95,
                                                                                        "Total Cost": 7.97,
                                                                                        "Plan Rows": 1,
                                                                                        "Plan Width": 12,
                                                                                        "Actual Startup Time": 0.003,
                                                                                        "Actual Total Time": 0.003,
                                                                                        "Actual Rows": 1,
                                                                                        "Actual Loops": 10998,
                                                                                        "Recheck Cond": "((id = tq2.question_id) AND (site_id = tq2.site_id))",
                                                                                        "Rows Removed by Index Recheck": 0,
                                                                                        "Exact Heap Blocks": 0,
                                                                                        "Lossy Heap Blocks": 0,
                                                                                        "Workers": [],
                                                                                        "Plans": [
                                                                                            {
                                                                                                "Node Type": "Bitmap Index Scan",
                                                                                                "Parent Relationship": "Outer",
                                                                                                "Parallel Aware": false,
                                                                                                "Async Capable": false,
                                                                                                "Index Name": "question_pkey",
                                                                                                "Startup Cost": 0.0,
                                                                                                "Total Cost": 3.95,
                                                                                                "Plan Rows": 1,
                                                                                                "Plan Width": 0,
                                                                                                "Actual Startup Time": 0.001,
                                                                                                "Actual Total Time": 0.001,
                                                                                                "Actual Rows": 1,
                                                                                                "Actual Loops": 10998,
                                                                                                "Index Cond": "((id = tq2.question_id) AND (site_id = tq2.site_id))",
                                                                                                "Workers": []
                                                                                            }
                                                                                        ]
                                                                                    }
                                                                                ]
                                                                            },
                                                                            {
                                                                                "Node Type": "Bitmap Heap Scan",
                                                                                "Parent Relationship": "Inner",
                                                                                "Parallel Aware": false,
                                                                                "Async Capable": false,
                                                                                "Relation Name": "so_user",
                                                                                "Alias": "u2",
                                                                                "Startup Cost": 3.96,
                                                                                "Total Cost": 7.97,
                                                                                "Plan Rows": 1,
                                                                                "Plan Width": 12,
                                                                                "Actual Startup Time": 0.003,
                                                                                "Actual Total Time": 0.003,
                                                                                "Actual Rows": 1,
                                                                                "Actual Loops": 10998,
                                                                                "Recheck Cond": "((id = q2.owner_user_id) AND (q2.site_id = site_id))",
                                                                                "Rows Removed by Index Recheck": 0,
                                                                                "Exact Heap Blocks": 0,
                                                                                "Lossy Heap Blocks": 0,
                                                                                "Workers": [],
                                                                                "Plans": [
                                                                                    {
                                                                                        "Node Type": "Bitmap Index Scan",
                                                                                        "Parent Relationship": "Outer",
                                                                                        "Parallel Aware": false,
                                                                                        "Async Capable": false,
                                                                                        "Index Name": "so_user_pkey",
                                                                                        "Startup Cost": 0.0,
                                                                                        "Total Cost": 3.96,
                                                                                        "Plan Rows": 1,
                                                                                        "Plan Width": 0,
                                                                                        "Actual Startup Time": 0.002,
                                                                                        "Actual Total Time": 0.002,
                                                                                        "Actual Rows": 1,
                                                                                        "Actual Loops": 10998,
                                                                                        "Index Cond": "((id = q2.owner_user_id) AND (site_id = q2.site_id))",
                                                                                        "Workers": []
                                                                                    }
                                                                                ]
                                                                            }
                                                                        ]
                                                                    }
                                                                ]
                                                            }
                                                        ]
                                                    }
                                                ]
                                            },
                                            {
                                                "Node Type": "Bitmap Heap Scan",
                                                "Parent Relationship": "Inner",
                                                "Parallel Aware": false,
                                                "Async Capable": false,
                                                "Relation Name": "account",
                                                "Alias": "account",
                                                "Startup Cost": 3.95,
                                                "Total Cost": 7.96,
                                                "Plan Rows": 1,
                                                "Plan Width": 15,
                                                "Actual Startup Time": 0.002,
                                                "Actual Total Time": 0.002,
                                                "Actual Rows": 1,
                                                "Actual Loops": 169,
                                                "Recheck Cond": "(id = u1.account_id)",
                                                "Rows Removed by Index Recheck": 0,
                                                "Exact Heap Blocks": 169,
                                                "Lossy Heap Blocks": 0,
                                                "Plans": [
                                                    {
                                                        "Node Type": "Bitmap Index Scan",
                                                        "Parent Relationship": "Outer",
                                                        "Parallel Aware": false,
                                                        "Async Capable": false,
                                                        "Index Name": "account_pkey",
                                                        "Startup Cost": 0.0,
                                                        "Total Cost": 3.95,
                                                        "Plan Rows": 1,
                                                        "Plan Width": 0,
                                                        "Actual Startup Time": 0.002,
                                                        "Actual Total Time": 0.002,
                                                        "Actual Rows": 1,
                                                        "Actual Loops": 169,
                                                        "Index Cond": "(id = u1.account_id)"
                                                    }
                                                ]
                                            }
                                        ]
                                    }
                                ]
                            }
                        ]
                    },
                    "Planning Time": 29.635,
                    "Triggers": [],
                    "Execution Time": 178.897
                }
            ],
            "hints": [
                "SET enable_hashjoin TO on",
                "SET enable_indexonlyscan TO on",
                "SET enable_indexscan TO off",
                "SET enable_mergejoin TO off",
                "SET enable_nestloop TO on",
                "SET enable_seqscan TO on"
            ]
        },
        {
            "arm": 3,
            "execution_time": 30000,
            "plan": "Query execution error: canceling statement due to statement timeout\n",
            "hints": [
                "SET enable_hashjoin TO on",
                "SET enable_indexonlyscan TO on",
                "SET enable_indexscan TO off",
                "SET enable_mergejoin TO off",
                "SET enable_nestloop TO off",
                "SET enable_seqscan TO on"
            ]
        },
        {
            "arm": 4,
            "execution_time": 126.137,
            "plan": [
                {
                    "Plan": {
                        "Node Type": "Unique",
                        "Parallel Aware": false,
                        "Async Capable": false,
                        "Startup Cost": 6494.24,
                        "Total Cost": 6494.24,
                        "Plan Rows": 1,
                        "Plan Width": 11,
                        "Actual Startup Time": 125.877,
                        "Actual Total Time": 126.085,
                        "Actual Rows": 80,
                        "Actual Loops": 1,
                        "Plans": [
                            {
                                "Node Type": "Sort",
                                "Parent Relationship": "Outer",
                                "Parallel Aware": false,
                                "Async Capable": false,
                                "Startup Cost": 6494.24,
                                "Total Cost": 6494.24,
                                "Plan Rows": 1,
                                "Plan Width": 11,
                                "Actual Startup Time": 125.875,
                                "Actual Total Time": 126.069,
                                "Actual Rows": 169,
                                "Actual Loops": 1,
                                "Sort Key": [
                                    "account.display_name"
                                ],
                                "Sort Method": "quicksort",
                                "Sort Space Used": 28,
                                "Sort Space Type": "Memory",
                                "Plans": [
                                    {
                                        "Node Type": "Nested Loop",
                                        "Parent Relationship": "Outer",
                                        "Parallel Aware": false,
                                        "Async Capable": false,
                                        "Join Type": "Inner",
                                        "Startup Cost": 3748.37,
                                        "Total Cost": 6494.23,
                                        "Plan Rows": 1,
                                        "Plan Width": 11,
                                        "Actual Startup Time": 55.955,
                                        "Actual Total Time": 125.995,
                                        "Actual Rows": 169,
                                        "Actual Loops": 1,
                                        "Inner Unique": true,
                                        "Plans": [
                                            {
                                                "Node Type": "Gather",
                                                "Parent Relationship": "Outer",
                                                "Parallel Aware": false,
                                                "Async Capable": false,
                                                "Startup Cost": 3747.94,
                                                "Total Cost": 6486.75,
                                                "Plan Rows": 1,
                                                "Plan Width": 8,
                                                "Actual Startup Time": 55.948,
                                                "Actual Total Time": 125.602,
                                                "Actual Rows": 169,
                                                "Actual Loops": 1,
                                                "Workers Planned": 1,
                                                "Workers Launched": 1,
                                                "Single Copy": false,
                                                "Plans": [
                                                    {
                                                        "Node Type": "Hash Join",
                                                        "Parent Relationship": "Outer",
                                                        "Parallel Aware": true,
                                                        "Async Capable": false,
                                                        "Join Type": "Inner",
                                                        "Startup Cost": 2747.94,
                                                        "Total Cost": 5486.65,
                                                        "Plan Rows": 1,
                                                        "Plan Width": 8,
                                                        "Actual Startup Time": 55.426,
                                                        "Actual Total Time": 90.127,
                                                        "Actual Rows": 84,
                                                        "Actual Loops": 2,
                                                        "Inner Unique": false,
                                                        "Hash Cond": "(u1.account_id = u2.account_id)",
                                                        "Workers": [],
                                                        "Plans": [
                                                            {
                                                                "Node Type": "Nested Loop",
                                                                "Parent Relationship": "Outer",
                                                                "Parallel Aware": false,
                                                                "Async Capable": false,
                                                                "Join Type": "Inner",
                                                                "Startup Cost": 4.61,
                                                                "Total Cost": 2743.31,
                                                                "Plan Rows": 1,
                                                                "Plan Width": 4,
                                                                "Actual Startup Time": 4.137,
                                                                "Actual Total Time": 38.081,
                                                                "Actual Rows": 6591,
                                                                "Actual Loops": 2,
                                                                "Inner Unique": true,
                                                                "Join Filter": "(t1.site_id = u1.site_id)",
                                                                "Rows Removed by Join Filter": 0,
                                                                "Workers": [],
                                                                "Plans": [
                                                                    {
                                                                        "Node Type": "Nested Loop",
                                                                        "Parent Relationship": "Outer",
                                                                        "Parallel Aware": false,
                                                                        "Async Capable": false,
                                                                        "Join Type": "Inner",
                                                                        "Startup Cost": 4.17,
                                                                        "Total Cost": 2735.82,
                                                                        "Plan Rows": 1,
                                                                        "Plan Width": 20,
                                                                        "Actual Startup Time": 4.133,
                                                                        "Actual Total Time": 23.293,
                                                                        "Actual Rows": 6591,
                                                                        "Actual Loops": 2,
                                                                        "Inner Unique": true,
                                                                        "Join Filter": "(t1.site_id = q1.site_id)",
                                                                        "Rows Removed by Join Filter": 0,
                                                                        "Workers": [],
                                                                        "Plans": [
                                                                            {
                                                                                "Node Type": "Nested Loop",
                                                                                "Parent Relationship": "Outer",
                                                                                "Parallel Aware": false,
                                                                                "Async Capable": false,
                                                                                "Join Type": "Inner",
                                                                                "Startup Cost": 3.74,
                                                                                "Total Cost": 2638.48,
                                                                                "Plan Rows": 13,
                                                                                "Plan Width": 16,
                                                                                "Actual Startup Time": 4.13,
                                                                                "Actual Total Time": 8.894,
                                                                                "Actual Rows": 6591,
                                                                                "Actual Loops": 2,
                                                                                "Inner Unique": false,
                                                                                "Workers": [],
                                                                                "Plans": [
                                                                                    {
                                                                                        "Node Type": "Hash Join",
                                                                                        "Parent Relationship": "Outer",
                                                                                        "Parallel Aware": false,
                                                                                        "Async Capable": false,
                                                                                        "Join Type": "Inner",
                                                                                        "Startup Cost": 3.18,
                                                                                        "Total Cost": 2576.49,
                                                                                        "Plan Rows": 1,
                                                                                        "Plan Width": 12,
                                                                                        "Actual Startup Time": 4.124,
                                                                                        "Actual Total Time": 4.126,
                                                                                        "Actual Rows": 0,
                                                                                        "Actual Loops": 2,
                                                                                        "Inner Unique": true,
                                                                                        "Hash Cond": "(t1.site_id = s1.site_id)",
                                                                                        "Workers": [],
                                                                                        "Plans": [
                                                                                            {
                                                                                                "Node Type": "Seq Scan",
                                                                                                "Parent Relationship": "Outer",
                                                                                                "Parallel Aware": true,
                                                                                                "Async Capable": false,
                                                                                                "Relation Name": "tag",
                                                                                                "Alias": "t1",
                                                                                                "Startup Cost": 0.0,
                                                                                                "Total Cost": 2573.31,
                                                                                                "Plan Rows": 2,
                                                                                                "Plan Width": 8,
                                                                                                "Actual Startup Time": 1.147,
                                                                                                "Actual Total Time": 4.105,
                                                                                                "Actual Rows": 3,
                                                                                                "Actual Loops": 2,
                                                                                                "Filter": "((name)::text = 'web-scraping'::text)",
                                                                                                "Rows Removed by Filter": 93382,
                                                                                                "Workers": []
                                                                                            },
                                                                                            {
                                                                                                "Node Type": "Hash",
                                                                                                "Parent Relationship": "Inner",
                                                                                                "Parallel Aware": false,
                                                                                                "Async Capable": false,
                                                                                                "Startup Cost": 3.16,
                                                                                                "Total Cost": 3.16,
                                                                                                "Plan Rows": 1,
                                                                                                "Plan Width": 4,
                                                                                                "Actual Startup Time": 0.011,
                                                                                                "Actual Total Time": 0.012,
                                                                                                "Actual Rows": 1,
                                                                                                "Actual Loops": 2,
                                                                                                "Hash Buckets": 1024,
                                                                                                "Original Hash Buckets": 1024,
                                                                                                "Hash Batches": 1,
                                                                                                "Original Hash Batches": 1,
                                                                                                "Peak Memory Usage": 9,
                                                                                                "Workers": [],
                                                                                                "Plans": [
                                                                                                    {
                                                                                                        "Node Type": "Seq Scan",
                                                                                                        "Parent Relationship": "Outer",
                                                                                                        "Parallel Aware": false,
                                                                                                        "Async Capable": false,
                                                                                                        "Relation Name": "site",
                                                                                                        "Alias": "s1",
                                                                                                        "Startup Cost": 0.0,
                                                                                                        "Total Cost": 3.16,
                                                                                                        "Plan Rows": 1,
                                                                                                        "Plan Width": 4,
                                                                                                        "Actual Startup Time": 0.008,
                                                                                                        "Actual Total Time": 0.009,
                                                                                                        "Actual Rows": 1,
                                                                                                        "Actual Loops": 2,
                                                                                                        "Filter": "((site_name)::text = 'stackoverflow'::text)",
                                                                                                        "Rows Removed by Filter": 172,
                                                                                                        "Workers": []
                                                                                                    }
                                                                                                ]
                                                                                            }
                                                                                        ]
                                                                                    },
                                                                                    {
                                                                                        "Node Type": "Index Only Scan",
                                                                                        "Parent Relationship": "Inner",
                                                                                        "Parallel Aware": false,
                                                                                        "Async Capable": false,
                                                                                        "Scan Direction": "Forward",
                                                                                        "Index Name": "tag_question_site_id_tag_id_question_id_idx",
                                                                                        "Relation Name": "tag_question",
                                                                                        "Alias": "tq1",
                                                                                        "Startup Cost": 0.56,
                                                                                        "Total Cost": 61.69,
                                                                                        "Plan Rows": 31,
                                                                                        "Plan Width": 12,
                                                                                        "Actual Startup Time": 0.01,
                                                                                        "Actual Total Time": 8.805,
                                                                                        "Actual Rows": 13182,
                                                                                        "Actual Loops": 1,
                                                                                        "Index Cond": "((site_id = t1.site_id) AND (tag_id = t1.id))",
                                                                                        "Rows Removed by Index Recheck": 0,
                                                                                        "Heap Fetches": 13182,
                                                                                        "Workers": []
                                                                                    }
                                                                                ]
                                                                            },
                                                                            {
                                                                                "Node Type": "Index Scan",
                                                                                "Parent Relationship": "Inner",
                                                                                "Parallel Aware": false,
                                                                                "Async Capable": false,
                                                                                "Scan Direction": "Forward",
                                                                                "Index Name": "question_pkey",
                                                                                "Relation Name": "question",
                                                                                "Alias": "q1",
                                                                                "Startup Cost": 0.43,
                                                                                "Total Cost": 7.47,
                                                                                "Plan Rows": 1,
                                                                                "Plan Width": 12,
                                                                                "Actual Startup Time": 0.002,
                                                                                "Actual Total Time": 0.002,
                                                                                "Actual Rows": 1,
                                                                                "Actual Loops": 13182,
                                                                                "Index Cond": "((id = tq1.question_id) AND (site_id = tq1.site_id))",
                                                                                "Rows Removed by Index Recheck": 0,
                                                                                "Workers": []
                                                                            }
                                                                        ]
                                                                    },
                                                                    {
                                                                        "Node Type": "Index Scan",
                                                                        "Parent Relationship": "Inner",
                                                                        "Parallel Aware": false,
                                                                        "Async Capable": false,
                                                                        "Scan Direction": "Forward",
                                                                        "Index Name": "so_user_pkey",
                                                                        "Relation Name": "so_user",
                                                                        "Alias": "u1",
                                                                        "Startup Cost": 0.44,
                                                                        "Total Cost": 7.48,
                                                                        "Plan Rows": 1,
                                                                        "Plan Width": 12,
                                                                        "Actual Startup Time": 0.002,
                                                                        "Actual Total Time": 0.002,
                                                                        "Actual Rows": 1,
                                                                        "Actual Loops": 13182,
                                                                        "Index Cond": "((id = q1.owner_user_id) AND (site_id = q1.site_id))",
                                                                        "Rows Removed by Index Recheck": 0,
                                                                        "Workers": []
                                                                    }
                                                                ]
                                                            },
                                                            {
                                                                "Node Type": "Hash",
                                                                "Parent Relationship": "Inner",
                                                                "Parallel Aware": true,
                                                                "Async Capable": false,
                                                                "Startup Cost": 2743.31,
                                                                "Total Cost": 2743.31,
                                                                "Plan Rows": 1,
                                                                "Plan Width": 4,
                                                                "Actual Startup Time": 51.112,
                                                                "Actual Total Time": 51.114,
                                                                "Actual Rows": 5499,
                                                                "Actual Loops": 2,
                                                                "Hash Buckets": 16384,
                                                                "Original Hash Buckets": 1024,
                                                                "Hash Batches": 1,
                                                                "Original Hash Batches": 1,
                                                                "Peak Memory Usage": 696,
                                                                "Workers": [],
                                                                "Plans": [
                                                                    {
                                                                        "Node Type": "Nested Loop",
                                                                        "Parent Relationship": "Outer",
                                                                        "Parallel Aware": false,
                                                                        "Async Capable": false,
                                                                        "Join Type": "Inner",
                                                                        "Startup Cost": 4.61,
                                                                        "Total Cost": 2743.31,
                                                                        "Plan Rows": 1,
                                                                        "Plan Width": 4,
                                                                        "Actual Startup Time": 4.154,
                                                                        "Actual Total Time": 27.155,
                                                                        "Actual Rows": 5499,
                                                                        "Actual Loops": 2,
                                                                        "Inner Unique": true,
                                                                        "Join Filter": "(t2.site_id = u2.site_id)",
                                                                        "Rows Removed by Join Filter": 0,
                                                                        "Workers": [],
                                                                        "Plans": [
                                                                            {
                                                                                "Node Type": "Nested Loop",
                                                                                "Parent Relationship": "Outer",
                                                                                "Parallel Aware": false,
                                                                                "Async Capable": false,
                                                                                "Join Type": "Inner",
                                                                                "Startup Cost": 4.17,
                                                                                "Total Cost": 2735.82,
                                                                                "Plan Rows": 1,
                                                                                "Plan Width": 20,
                                                                                "Actual Startup Time": 4.15,
                                                                                "Actual Total Time": 16.012,
                                                                                "Actual Rows": 5499,
                                                                                "Actual Loops": 2,
                                                                                "Inner Unique": true,
                                                                                "Join Filter": "(t2.site_id = q2.site_id)",
                                                                                "Rows Removed by Join Filter": 0,
                                                                                "Workers": [],
                                                                                "Plans": [
                                                                                    {
                                                                                        "Node Type": "Nested Loop",
                                                                                        "Parent Relationship": "Outer",
                                                                                        "Parallel Aware": false,
                                                                                        "Async Capable": false,
                                                                                        "Join Type": "Inner",
                                                                                        "Startup Cost": 3.74,
                                                                                        "Total Cost": 2638.48,
                                                                                        "Plan Rows": 13,
                                                                                        "Plan Width": 16,
                                                                                        "Actual Startup Time": 4.146,
                                                                                        "Actual Total Time": 6.432,
                                                                                        "Actual Rows": 5499,
                                                                                        "Actual Loops": 2,
                                                                                        "Inner Unique": false,
                                                                                        "Workers": [],
                                                                                        "Plans": [
                                                                                            {
                                                                                                "Node Type": "Hash Join",
                                                                                                "Parent Relationship": "Outer",
                                                                                                "Parallel Aware": false,
                                                                                                "Async Capable": false,
                                                                                                "Join Type": "Inner",
                                                                                                "Startup Cost": 3.18,
                                                                                                "Total Cost": 2576.49,
                                                                                                "Plan Rows": 1,
                                                                                                "Plan Width": 12,
                                                                                                "Actual Startup Time": 4.138,
                                                                                                "Actual Total Time": 4.142,
                                                                                                "Actual Rows": 0,
                                                                                                "Actual Loops": 2,
                                                                                                "Inner Unique": true,
                                                                                                "Hash Cond": "(t2.site_id = s2.site_id)",
                                                                                                "Workers": [],
                                                                                                "Plans": [
                                                                                                    {
                                                                                                        "Node Type": "Seq Scan",
                                                                                                        "Parent Relationship": "Outer",
                                                                                                        "Parallel Aware": true,
                                                                                                        "Async Capable": false,
                                                                                                        "Relation Name": "tag",
                                                                                                        "Alias": "t2",
                                                                                                        "Startup Cost": 0.0,
                                                                                                        "Total Cost": 2573.31,
                                                                                                        "Plan Rows": 2,
                                                                                                        "Plan Width": 8,
                                                                                                        "Actual Startup Time": 2.312,
                                                                                                        "Actual Total Time": 4.115,
                                                                                                        "Actual Rows": 2,
                                                                                                        "Actual Loops": 2,
                                                                                                        "Filter": "((name)::text = 'microsoft-excel'::text)",
                                                                                                        "Rows Removed by Filter": 93382,
                                                                                                        "Workers": []
                                                                                                    },
                                                                                                    {
                                                                                                        "Node Type": "Hash",
                                                                                                        "Parent Relationship": "Inner",
                                                                                                        "Parallel Aware": false,
                                                                                                        "Async Capable": false,
                                                                                                        "Startup Cost": 3.16,
                                                                                                        "Total Cost": 3.16,
                                                                                                        "Plan Rows": 1,
                                                                                                        "Plan Width": 4,
                                                                                                        "Actual Startup Time": 0.018,
                                                                                                        "Actual Total Time": 0.019,
                                                                                                        "Actual Rows": 1,
                                                                                                        "Actual Loops": 2,
                                                                                                        "Hash Buckets": 1024,
                                                                                                        "Original Hash Buckets": 1024,
                                                                                                        "Hash Batches": 1,
                                                                                                        "Original Hash Batches": 1,
                                                                                                        "Peak Memory Usage": 9,
                                                                                                        "Workers": [],
                                                                                                        "Plans": [
                                                                                                            {
                                                                                                                "Node Type": "Seq Scan",
                                                                                                                "Parent Relationship": "Outer",
                                                                                                                "Parallel Aware": false,
                                                                                                                "Async Capable": false,
                                                                                                                "Relation Name": "site",
                                                                                                                "Alias": "s2",
                                                                                                                "Startup Cost": 0.0,
                                                                                                                "Total Cost": 3.16,
                                                                                                                "Plan Rows": 1,
                                                                                                                "Plan Width": 4,
                                                                                                                "Actual Startup Time": 0.013,
                                                                                                                "Actual Total Time": 0.014,
                                                                                                                "Actual Rows": 1,
                                                                                                                "Actual Loops": 2,
                                                                                                                "Filter": "((site_name)::text = 'superuser'::text)",
                                                                                                                "Rows Removed by Filter": 172,
                                                                                                                "Workers": []
                                                                                                            }
                                                                                                        ]
                                                                                                    }
                                                                                                ]
                                                                                            },
                                                                                            {
                                                                                                "Node Type": "Index Only Scan",
                                                                                                "Parent Relationship": "Inner",
                                                                                                "Parallel Aware": false,
                                                                                                "Async Capable": false,
                                                                                                "Scan Direction": "Forward",
                                                                                                "Index Name": "tag_question_site_id_tag_id_question_id_idx",
                                                                                                "Relation Name": "tag_question",
                                                                                                "Alias": "tq2",
                                                                                                "Startup Cost": 0.56,
                                                                                                "Total Cost": 61.69,
                                                                                                "Plan Rows": 31,
                                                                                                "Plan Width": 12,
                                                                                                "Actual Startup Time": 0.013,
                                                                                                "Actual Total Time": 3.977,
                                                                                                "Actual Rows": 10998,
                                                                                                "Actual Loops": 1,
                                                                                                "Index Cond": "((site_id = t2.site_id) AND (tag_id = t2.id))",
                                                                                                "Rows Removed by Index Recheck": 0,
                                                                                                "Heap Fetches": 10998,
                                                                                                "Workers": []
                                                                                            }
                                                                                        ]
                                                                                    },
                                                                                    {
                                                                                        "Node Type": "Index Scan",
                                                                                        "Parent Relationship": "Inner",
                                                                                        "Parallel Aware": false,
                                                                                        "Async Capable": false,
                                                                                        "Scan Direction": "Forward",
                                                                                        "Index Name": "question_pkey",
                                                                                        "Relation Name": "question",
                                                                                        "Alias": "q2",
                                                                                        "Startup Cost": 0.43,
                                                                                        "Total Cost": 7.47,
                                                                                        "Plan Rows": 1,
                                                                                        "Plan Width": 12,
                                                                                        "Actual Startup Time": 0.001,
                                                                                        "Actual Total Time": 0.001,
                                                                                        "Actual Rows": 1,
                                                                                        "Actual Loops": 10998,
                                                                                        "Index Cond": "((id = tq2.question_id) AND (site_id = tq2.site_id))",
                                                                                        "Rows Removed by Index Recheck": 0,
                                                                                        "Workers": []
                                                                                    }
                                                                                ]
                                                                            },
                                                                            {
                                                                                "Node Type": "Index Scan",
                                                                                "Parent Relationship": "Inner",
                                                                                "Parallel Aware": false,
                                                                                "Async Capable": false,
                                                                                "Scan Direction": "Forward",
                                                                                "Index Name": "so_user_pkey",
                                                                                "Relation Name": "so_user",
                                                                                "Alias": "u2",
                                                                                "Startup Cost": 0.44,
                                                                                "Total Cost": 7.48,
                                                                                "Plan Rows": 1,
                                                                                "Plan Width": 12,
                                                                                "Actual Startup Time": 0.002,
                                                                                "Actual Total Time": 0.002,
                                                                                "Actual Rows": 1,
                                                                                "Actual Loops": 10998,
                                                                                "Index Cond": "((id = q2.owner_user_id) AND (site_id = q2.site_id))",
                                                                                "Rows Removed by Index Recheck": 0,
                                                                                "Workers": []
                                                                            }
                                                                        ]
                                                                    }
                                                                ]
                                                            }
                                                        ]
                                                    }
                                                ]
                                            },
                                            {
                                                "Node Type": "Index Scan",
                                                "Parent Relationship": "Inner",
                                                "Parallel Aware": false,
                                                "Async Capable": false,
                                                "Scan Direction": "Forward",
                                                "Index Name": "account_pkey",
                                                "Relation Name": "account",
                                                "Alias": "account",
                                                "Startup Cost": 0.43,
                                                "Total Cost": 7.47,
                                                "Plan Rows": 1,
                                                "Plan Width": 15,
                                                "Actual Startup Time": 0.002,
                                                "Actual Total Time": 0.002,
                                                "Actual Rows": 1,
                                                "Actual Loops": 169,
                                                "Index Cond": "(id = u1.account_id)",
                                                "Rows Removed by Index Recheck": 0
                                            }
                                        ]
                                    }
                                ]
                            }
                        ]
                    },
                    "Planning Time": 33.807,
                    "Triggers": [],
                    "Execution Time": 126.137
                }
            ],
            "hints": [
                "SET enable_hashjoin TO on",
                "SET enable_indexonlyscan TO on",
                "SET enable_indexscan TO on",
                "SET enable_mergejoin TO off",
                "SET enable_nestloop TO on",
                "SET enable_seqscan TO on"
            ]
        }
    ]
}