{
    "sql_file": "soload_q11-001.sql",
    "query": "SELECT COUNT(*)\nFROM\ntag as t,\nsite as s,\nquestion as q,\ntag_question as tq\nWHERE\nt.site_id = s.site_id\nAND q.site_id = s.site_id\nAND tq.site_id = s.site_id\nAND tq.question_id = q.id\nAND tq.tag_id = t.id\nAND (s.site_name in ('stackoverflow'))\nAND (t.name in ('api','audio','events','file-io','forms','functional-programming','java-ee','serialization','sqlite','ubuntu','unicode'))\nAND (q.favorite_count >= 5)\nAND (q.favorite_count <= 5000)",
    "results": [
        {
            "arm": 0,
            "execution_time": 960.165,
            "plan": [
                {
                    "Plan": {
                        "Node Type": "Aggregate",
                        "Strategy": "Plain",
                        "Partial Mode": "Simple",
                        "Parallel Aware": false,
                        "Async Capable": false,
                        "Startup Cost": 3997.27,
                        "Total Cost": 3997.28,
                        "Plan Rows": 1,
                        "Plan Width": 8,
                        "Actual Startup Time": 932.979,
                        "Actual Total Time": 960.137,
                        "Actual Rows": 1,
                        "Actual Loops": 1,
                        "Plans": [
                            {
                                "Node Type": "Gather",
                                "Parent Relationship": "Outer",
                                "Parallel Aware": false,
                                "Async Capable": false,
                                "Startup Cost": 3854.78,
                                "Total Cost": 3997.26,
                                "Plan Rows": 1,
                                "Plan Width": 0,
                                "Actual Startup Time": 7.864,
                                "Actual Total Time": 959.757,
                                "Actual Rows": 7146,
                                "Actual Loops": 1,
                                "Workers Planned": 1,
                                "Workers Launched": 1,
                                "Single Copy": false,
                                "Plans": [
                                    {
                                        "Node Type": "Nested Loop",
                                        "Parent Relationship": "Outer",
                                        "Parallel Aware": false,
                                        "Async Capable": false,
                                        "Join Type": "Inner",
                                        "Startup Cost": 2854.78,
                                        "Total Cost": 2997.16,
                                        "Plan Rows": 1,
                                        "Plan Width": 0,
                                        "Actual Startup Time": 6.852,
                                        "Actual Total Time": 752.149,
                                        "Actual Rows": 3573,
                                        "Actual Loops": 2,
                                        "Inner Unique": true,
                                        "Join Filter": "(t.site_id = q.site_id)",
                                        "Rows Removed by Join Filter": 0,
                                        "Workers": [],
                                        "Plans": [
                                            {
                                                "Node Type": "Nested Loop",
                                                "Parent Relationship": "Outer",
                                                "Parallel Aware": false,
                                                "Async Capable": false,
                                                "Join Type": "Inner",
                                                "Startup Cost": 2854.34,
                                                "Total Cost": 2915.62,
                                                "Plan Rows": 13,
                                                "Plan Width": 16,
                                                "Actual Startup Time": 6.816,
                                                "Actual Total Time": 221.534,
                                                "Actual Rows": 115428,
                                                "Actual Loops": 2,
                                                "Inner Unique": false,
                                                "Workers": [],
                                                "Plans": [
                                                    {
                                                        "Node Type": "Merge Join",
                                                        "Parent Relationship": "Outer",
                                                        "Parallel Aware": false,
                                                        "Async Capable": false,
                                                        "Join Type": "Inner",
                                                        "Startup Cost": 2853.78,
                                                        "Total Cost": 2854.2,
                                                        "Plan Rows": 1,
                                                        "Plan Width": 12,
                                                        "Actual Startup Time": 6.429,
                                                        "Actual Total Time": 6.445,
                                                        "Actual Rows": 6,
                                                        "Actual Loops": 2,
                                                        "Inner Unique": true,
                                                        "Merge Cond": "(t.site_id = s.site_id)",
                                                        "Workers": [],
                                                        "Plans": [
                                                            {
                                                                "Node Type": "Sort",
                                                                "Parent Relationship": "Outer",
                                                                "Parallel Aware": false,
                                                                "Async Capable": false,
                                                                "Startup Cost": 2850.6,
                                                                "Total Cost": 2850.81,
                                                                "Plan Rows": 82,
                                                                "Plan Width": 8,
                                                                "Actual Startup Time": 6.407,
                                                                "Actual Total Time": 6.413,
                                                                "Actual Rows": 96,
                                                                "Actual Loops": 2,
                                                                "Sort Key": [
                                                                    "t.site_id"
                                                                ],
                                                                "Sort Method": "quicksort",
                                                                "Sort Space Used": 29,
                                                                "Sort Space Type": "Memory",
                                                                "Workers": [
                                                                    {
                                                                        "Worker Number": 0,
                                                                        "Sort Method": "quicksort",
                                                                        "Sort Space Used": 27,
                                                                        "Sort Space Type": "Memory"
                                                                    }
                                                                ],
                                                                "Plans": [
                                                                    {
                                                                        "Node Type": "Seq Scan",
                                                                        "Parent Relationship": "Outer",
                                                                        "Parallel Aware": true,
                                                                        "Async Capable": false,
                                                                        "Relation Name": "tag",
                                                                        "Alias": "t",
                                                                        "Startup Cost": 0.03,
                                                                        "Total Cost": 2848.0,
                                                                        "Plan Rows": 82,
                                                                        "Plan Width": 8,
                                                                        "Actual Startup Time": 0.076,
                                                                        "Actual Total Time": 6.391,
                                                                        "Actual Rows": 117,
                                                                        "Actual Loops": 2,
                                                                        "Filter": "((name)::text = ANY ('{api,audio,events,file-io,forms,functional-programming,java-ee,serialization,sqlite,ubuntu,unicode}'::text[]))",
                                                                        "Rows Removed by Filter": 93268,
                                                                        "Workers": []
                                                                    }
                                                                ]
                                                            },
                                                            {
                                                                "Node Type": "Sort",
                                                                "Parent Relationship": "Inner",
                                                                "Parallel Aware": false,
                                                                "Async Capable": false,
                                                                "Startup Cost": 3.17,
                                                                "Total Cost": 3.18,
                                                                "Plan Rows": 1,
                                                                "Plan Width": 4,
                                                                "Actual Startup Time": 0.015,
                                                                "Actual Total Time": 0.016,
                                                                "Actual Rows": 1,
                                                                "Actual Loops": 2,
                                                                "Sort Key": [
                                                                    "s.site_id"
                                                                ],
                                                                "Sort Method": "quicksort",
                                                                "Sort Space Used": 25,
                                                                "Sort Space Type": "Memory",
                                                                "Workers": [
                                                                    {
                                                                        "Worker Number": 0,
                                                                        "Sort Method": "quicksort",
                                                                        "Sort Space Used": 25,
                                                                        "Sort Space Type": "Memory"
                                                                    }
                                                                ],
                                                                "Plans": [
                                                                    {
                                                                        "Node Type": "Seq Scan",
                                                                        "Parent Relationship": "Outer",
                                                                        "Parallel Aware": false,
                                                                        "Async Capable": false,
                                                                        "Relation Name": "site",
                                                                        "Alias": "s",
                                                                        "Startup Cost": 0.0,
                                                                        "Total Cost": 3.16,
                                                                        "Plan Rows": 1,
                                                                        "Plan Width": 4,
                                                                        "Actual Startup Time": 0.011,
                                                                        "Actual Total Time": 0.011,
                                                                        "Actual Rows": 1,
                                                                        "Actual Loops": 2,
                                                                        "Filter": "((site_name)::text = 'stackoverflow'::text)",
                                                                        "Rows Removed by Filter": 172,
                                                                        "Workers": []
                                                                    }
                                                                ]
                                                            }
                                                        ]
                                                    },
                                                    {
                                                        "Node Type": "Index Only Scan",
                                                        "Parent Relationship": "Inner",
                                                        "Parallel Aware": false,
                                                        "Async Capable": false,
                                                        "Scan Direction": "Forward",
                                                        "Index Name": "tag_question_site_id_tag_id_question_id_idx",
                                                        "Relation Name": "tag_question",
                                                        "Alias": "tq",
                                                        "Startup Cost": 0.56,
                                                        "Total Cost": 61.11,
                                                        "Plan Rows": 31,
                                                        "Plan Width": 12,
                                                        "Actual Startup Time": 0.251,
                                                        "Actual Total Time": 37.751,
                                                        "Actual Rows": 20987,
                                                        "Actual Loops": 11,
                                                        "Index Cond": "((site_id = t.site_id) AND (tag_id = t.id))",
                                                        "Rows Removed by Index Recheck": 0,
                                                        "Heap Fetches": 230855,
                                                        "Workers": []
                                                    }
                                                ]
                                            },
                                            {
                                                "Node Type": "Index Scan",
                                                "Parent Relationship": "Inner",
                                                "Parallel Aware": false,
                                                "Async Capable": false,
                                                "Scan Direction": "Forward",
                                                "Index Name": "question_pkey",
                                                "Relation Name": "question",
                                                "Alias": "q",
                                                "Startup Cost": 0.43,
                                                "Total Cost": 6.26,
                                                "Plan Rows": 1,
                                                "Plan Width": 8,
                                                "Actual Startup Time": 0.004,
                                                "Actual Total Time": 0.004,
                                                "Actual Rows": 0,
                                                "Actual Loops": 230855,
                                                "Index Cond": "((id = tq.question_id) AND (site_id = tq.site_id))",
                                                "Rows Removed by Index Recheck": 0,
                                                "Filter": "((favorite_count >= 5) AND (favorite_count <= 5000))",
                                                "Rows Removed by Filter": 1,
                                                "Workers": []
                                            }
                                        ]
                                    }
                                ]
                            }
                        ]
                    },
                    "Planning Time": 0.711,
                    "Triggers": [],
                    "Execution Time": 960.165
                }
            ],
            "hints": [
                "SET enable_hashjoin TO on",
                "SET enable_indexonlyscan TO on",
                "SET enable_indexscan TO on",
                "SET enable_mergejoin TO on",
                "SET enable_nestloop TO on",
                "SET enable_seqscan TO on"
            ]
        },
        {
            "arm": 1,
            "execution_time": 1227.378,
            "plan": [
                {
                    "Plan": {
                        "Node Type": "Aggregate",
                        "Strategy": "Plain",
                        "Partial Mode": "Simple",
                        "Parallel Aware": false,
                        "Async Capable": false,
                        "Startup Cost": 1988716.67,
                        "Total Cost": 1988716.68,
                        "Plan Rows": 1,
                        "Plan Width": 8,
                        "Actual Startup Time": 1214.632,
                        "Actual Total Time": 1227.35,
                        "Actual Rows": 1,
                        "Actual Loops": 1,
                        "Plans": [
                            {
                                "Node Type": "Gather",
                                "Parent Relationship": "Outer",
                                "Parallel Aware": false,
                                "Async Capable": false,
                                "Startup Cost": 297074.37,
                                "Total Cost": 1988716.67,
                                "Plan Rows": 1,
                                "Plan Width": 0,
                                "Actual Startup Time": 782.538,
                                "Actual Total Time": 1227.079,
                                "Actual Rows": 7146,
                                "Actual Loops": 1,
                                "Workers Planned": 7,
                                "Workers Launched": 7,
                                "Single Copy": false,
                                "Plans": [
                                    {
                                        "Node Type": "Hash Join",
                                        "Parent Relationship": "Outer",
                                        "Parallel Aware": true,
                                        "Async Capable": false,
                                        "Join Type": "Inner",
                                        "Startup Cost": 296074.37,
                                        "Total Cost": 1987716.57,
                                        "Plan Rows": 1,
                                        "Plan Width": 0,
                                        "Actual Startup Time": 781.045,
                                        "Actual Total Time": 1212.078,
                                        "Actual Rows": 893,
                                        "Actual Loops": 8,
                                        "Inner Unique": false,
                                        "Hash Cond": "((q.site_id = t.site_id) AND (q.id = tq.question_id))",
                                        "Workers": [],
                                        "Plans": [
                                            {
                                                "Node Type": "Seq Scan",
                                                "Parent Relationship": "Outer",
                                                "Parallel Aware": true,
                                                "Async Capable": false,
                                                "Relation Name": "question",
                                                "Alias": "q",
                                                "Startup Cost": 0.0,
                                                "Total Cost": 1691290.18,
                                                "Plan Rows": 46935,
                                                "Plan Width": 8,
                                                "Actual Startup Time": 0.081,
                                                "Actual Total Time": 480.528,
                                                "Actual Rows": 43554,
                                                "Actual Loops": 8,
                                                "Filter": "((favorite_count >= 5) AND (favorite_count <= 5000))",
                                                "Rows Removed by Filter": 1539751,
                                                "Workers": []
                                            },
                                            {
                                                "Node Type": "Hash",
                                                "Parent Relationship": "Inner",
                                                "Parallel Aware": true,
                                                "Async Capable": false,
                                                "Startup Cost": 296074.31,
                                                "Total Cost": 296074.31,
                                                "Plan Rows": 4,
                                                "Plan Width": 16,
                                                "Actual Startup Time": 719.116,
                                                "Actual Total Time": 719.136,
                                                "Actual Rows": 28857,
                                                "Actual Loops": 8,
                                                "Hash Buckets": 262144,
                                                "Original Hash Buckets": 1024,
                                                "Hash Batches": 1,
                                                "Original Hash Batches": 1,
                                                "Peak Memory Usage": 15032,
                                                "Workers": [],
                                                "Plans": [
                                                    {
                                                        "Node Type": "Hash Join",
                                                        "Parent Relationship": "Outer",
                                                        "Parallel Aware": true,
                                                        "Async Capable": false,
                                                        "Join Type": "Inner",
                                                        "Startup Cost": 2852.4,
                                                        "Total Cost": 296074.31,
                                                        "Plan Rows": 4,
                                                        "Plan Width": 16,
                                                        "Actual Startup Time": 48.778,
                                                        "Actual Total Time": 655.852,
                                                        "Actual Rows": 28857,
                                                        "Actual Loops": 8,
                                                        "Inner Unique": true,
                                                        "Hash Cond": "((s.site_id = t.site_id) AND (tq.tag_id = t.id))",
                                                        "Workers": [],
                                                        "Plans": [
                                                            {
                                                                "Node Type": "Hash Join",
                                                                "Parent Relationship": "Outer",
                                                                "Parallel Aware": false,
                                                                "Async Capable": false,
                                                                "Join Type": "Inner",
                                                                "Startup Cost": 3.18,
                                                                "Total Cost": 293001.22,
                                                                "Plan Rows": 42640,
                                                                "Plan Width": 16,
                                                                "Actual Startup Time": 46.67,
                                                                "Actual Total Time": 516.861,
                                                                "Actual Rows": 3477604,
                                                                "Actual Loops": 8,
                                                                "Inner Unique": true,
                                                                "Hash Cond": "(tq.site_id = s.site_id)",
                                                                "Workers": [],
                                                                "Plans": [
                                                                    {
                                                                        "Node Type": "Seq Scan",
                                                                        "Parent Relationship": "Outer",
                                                                        "Parallel Aware": true,
                                                                        "Async Capable": false,
                                                                        "Relation Name": "tag_question",
                                                                        "Alias": "tq",
                                                                        "Startup Cost": 0.0,
                                                                        "Total Cost": 273159.66,
                                                                        "Plan Rows": 7376766,
                                                                        "Plan Width": 12,
                                                                        "Actual Startup Time": 0.035,
                                                                        "Actual Total Time": 201.319,
                                                                        "Actual Rows": 4610477,
                                                                        "Actual Loops": 8,
                                                                        "Workers": []
                                                                    },
                                                                    {
                                                                        "Node Type": "Hash",
                                                                        "Parent Relationship": "Inner",
                                                                        "Parallel Aware": false,
                                                                        "Async Capable": false,
                                                                        "Startup Cost": 3.16,
                                                                        "Total Cost": 3.16,
                                                                        "Plan Rows": 1,
                                                                        "Plan Width": 4,
                                                                        "Actual Startup Time": 0.019,
                                                                        "Actual Total Time": 0.02,
                                                                        "Actual Rows": 1,
                                                                        "Actual Loops": 8,
                                                                        "Hash Buckets": 1024,
                                                                        "Original Hash Buckets": 1024,
                                                                        "Hash Batches": 1,
                                                                        "Original Hash Batches": 1,
                                                                        "Peak Memory Usage": 9,
                                                                        "Workers": [],
                                                                        "Plans": [
                                                                            {
                                                                                "Node Type": "Seq Scan",
                                                                                "Parent Relationship": "Outer",
                                                                                "Parallel Aware": false,
                                                                                "Async Capable": false,
                                                                                "Relation Name": "site",
                                                                                "Alias": "s",
                                                                                "Startup Cost": 0.0,
                                                                                "Total Cost": 3.16,
                                                                                "Plan Rows": 1,
                                                                                "Plan Width": 4,
                                                                                "Actual Startup Time": 0.015,
                                                                                "Actual Total Time": 0.016,
                                                                                "Actual Rows": 1,
                                                                                "Actual Loops": 8,
                                                                                "Filter": "((site_name)::text = 'stackoverflow'::text)",
                                                                                "Rows Removed by Filter": 172,
                                                                                "Workers": []
                                                                            }
                                                                        ]
                                                                    }
                                                                ]
                                                            },
                                                            {
                                                                "Node Type": "Hash",
                                                                "Parent Relationship": "Inner",
                                                                "Parallel Aware": true,
                                                                "Async Capable": false,
                                                                "Startup Cost": 2848.0,
                                                                "Total Cost": 2848.0,
                                                                "Plan Rows": 82,
                                                                "Plan Width": 8,
                                                                "Actual Startup Time": 2.064,
                                                                "Actual Total Time": 2.064,
                                                                "Actual Rows": 29,
                                                                "Actual Loops": 8,
                                                                "Hash Buckets": 1024,
                                                                "Original Hash Buckets": 1024,
                                                                "Hash Batches": 1,
                                                                "Original Hash Batches": 1,
                                                                "Peak Memory Usage": 264,
                                                                "Workers": [],
                                                                "Plans": [
                                                                    {
                                                                        "Node Type": "Seq Scan",
                                                                        "Parent Relationship": "Outer",
                                                                        "Parallel Aware": true,
                                                                        "Async Capable": false,
                                                                        "Relation Name": "tag",
                                                                        "Alias": "t",
                                                                        "Startup Cost": 0.03,
                                                                        "Total Cost": 2848.0,
                                                                        "Plan Rows": 82,
                                                                        "Plan Width": 8,
                                                                        "Actual Startup Time": 0.094,
                                                                        "Actual Total Time": 2.023,
                                                                        "Actual Rows": 29,
                                                                        "Actual Loops": 8,
                                                                        "Filter": "((name)::text = ANY ('{api,audio,events,file-io,forms,functional-programming,java-ee,serialization,sqlite,ubuntu,unicode}'::text[]))",
                                                                        "Rows Removed by Filter": 23317,
                                                                        "Workers": []
                                                                    }
                                                                ]
                                                            }
                                                        ]
                                                    }
                                                ]
                                            }
                                        ]
                                    }
                                ]
                            }
                        ]
                    },
                    "Planning Time": 0.75,
                    "Triggers": [],
                    "Execution Time": 1227.378
                }
            ],
            "hints": [
                "SET enable_hashjoin TO on",
                "SET enable_indexonlyscan TO on",
                "SET enable_indexscan TO on",
                "SET enable_mergejoin TO on",
                "SET enable_nestloop TO off",
                "SET enable_seqscan TO on"
            ]
        },
        {
            "arm": 2,
            "execution_time": 809.617,
            "plan": [
                {
                    "Plan": {
                        "Node Type": "Aggregate",
                        "Strategy": "Plain",
                        "Partial Mode": "Simple",
                        "Parallel Aware": false,
                        "Async Capable": false,
                        "Startup Cost": 4075.85,
                        "Total Cost": 4075.86,
                        "Plan Rows": 1,
                        "Plan Width": 8,
                        "Actual Startup Time": 783.168,
                        "Actual Total Time": 809.578,
                        "Actual Rows": 1,
                        "Actual Loops": 1,
                        "Plans": [
                            {
                                "Node Type": "Gather",
                                "Parent Relationship": "Outer",
                                "Parallel Aware": false,
                                "Async Capable": false,
                                "Startup Cost": 1011.43,
                                "Total Cost": 4075.85,
                                "Plan Rows": 1,
                                "Plan Width": 0,
                                "Actual Startup Time": 19.991,
                                "Actual Total Time": 809.229,
                                "Actual Rows": 7146,
                                "Actual Loops": 1,
                                "Workers Planned": 1,
                                "Workers Launched": 1,
                                "Single Copy": false,
                                "Plans": [
                                    {
                                        "Node Type": "Nested Loop",
                                        "Parent Relationship": "Outer",
                                        "Parallel Aware": false,
                                        "Async Capable": false,
                                        "Join Type": "Inner",
                                        "Startup Cost": 11.43,
                                        "Total Cost": 3075.75,
                                        "Plan Rows": 1,
                                        "Plan Width": 0,
                                        "Actual Startup Time": 16.741,
                                        "Actual Total Time": 745.778,
                                        "Actual Rows": 3573,
                                        "Actual Loops": 2,
                                        "Inner Unique": true,
                                        "Join Filter": "(t.site_id = q.site_id)",
                                        "Rows Removed by Join Filter": 0,
                                        "Workers": [],
                                        "Plans": [
                                            {
                                                "Node Type": "Nested Loop",
                                                "Parent Relationship": "Outer",
                                                "Parallel Aware": false,
                                                "Async Capable": false,
                                                "Join Type": "Inner",
                                                "Startup Cost": 8.09,
                                                "Total Cost": 2979.89,
                                                "Plan Rows": 13,
                                                "Plan Width": 16,
                                                "Actual Startup Time": 12.51,
                                                "Actual Total Time": 237.47,
                                                "Actual Rows": 115428,
                                                "Actual Loops": 2,
                                                "Inner Unique": false,
                                                "Workers": [],
                                                "Plans": [
                                                    {
                                                        "Node Type": "Hash Join",
                                                        "Parent Relationship": "Outer",
                                                        "Parallel Aware": false,
                                                        "Async Capable": false,
                                                        "Join Type": "Inner",
                                                        "Startup Cost": 3.2,
                                                        "Total Cost": 2851.39,
                                                        "Plan Rows": 1,
                                                        "Plan Width": 12,
                                                        "Actual Startup Time": 3.965,
                                                        "Actual Total Time": 7.897,
                                                        "Actual Rows": 6,
                                                        "Actual Loops": 2,
                                                        "Inner Unique": true,
                                                        "Hash Cond": "(t.site_id = s.site_id)",
                                                        "Workers": [],
                                                        "Plans": [
                                                            {
                                                                "Node Type": "Seq Scan",
                                                                "Parent Relationship": "Outer",
                                                                "Parallel Aware": true,
                                                                "Async Capable": false,
                                                                "Relation Name": "tag",
                                                                "Alias": "t",
                                                                "Startup Cost": 0.03,
                                                                "Total Cost": 2848.0,
                                                                "Plan Rows": 82,
                                                                "Plan Width": 8,
                                                                "Actual Startup Time": 0.076,
                                                                "Actual Total Time": 7.826,
                                                                "Actual Rows": 117,
                                                                "Actual Loops": 2,
                                                                "Filter": "((name)::text = ANY ('{api,audio,events,file-io,forms,functional-programming,java-ee,serialization,sqlite,ubuntu,unicode}'::text[]))",
                                                                "Rows Removed by Filter": 93268,
                                                                "Workers": []
                                                            },
                                                            {
                                                                "Node Type": "Hash",
                                                                "Parent Relationship": "Inner",
                                                                "Parallel Aware": false,
                                                                "Async Capable": false,
                                                                "Startup Cost": 3.16,
                                                                "Total Cost": 3.16,
                                                                "Plan Rows": 1,
                                                                "Plan Width": 4,
                                                                "Actual Startup Time": 0.013,
                                                                "Actual Total Time": 0.014,
                                                                "Actual Rows": 1,
                                                                "Actual Loops": 2,
                                                                "Hash Buckets": 1024,
                                                                "Original Hash Buckets": 1024,
                                                                "Hash Batches": 1,
                                                                "Original Hash Batches": 1,
                                                                "Peak Memory Usage": 9,
                                                                "Workers": [],
                                                                "Plans": [
                                                                    {
                                                                        "Node Type": "Seq Scan",
                                                                        "Parent Relationship": "Outer",
                                                                        "Parallel Aware": false,
                                                                        "Async Capable": false,
                                                                        "Relation Name": "site",
                                                                        "Alias": "s",
                                                                        "Startup Cost": 0.0,
                                                                        "Total Cost": 3.16,
                                                                        "Plan Rows": 1,
                                                                        "Plan Width": 4,
                                                                        "Actual Startup Time": 0.01,
                                                                        "Actual Total Time": 0.012,
                                                                        "Actual Rows": 1,
                                                                        "Actual Loops": 2,
                                                                        "Filter": "((site_name)::text = 'stackoverflow'::text)",
                                                                        "Rows Removed by Filter": 172,
                                                                        "Workers": []
                                                                    }
                                                                ]
                                                            }
                                                        ]
                                                    },
                                                    {
                                                        "Node Type": "Bitmap Heap Scan",
                                                        "Parent Relationship": "Inner",
                                                        "Parallel Aware": false,
                                                        "Async Capable": false,
                                                        "Relation Name": "tag_question",
                                                        "Alias": "tq",
                                                        "Startup Cost": 4.88,
                                                        "Total Cost": 128.19,
                                                        "Plan Rows": 31,
                                                        "Plan Width": 12,
                                                        "Actual Startup Time": 4.412,
                                                        "Actual Total Time": 40.199,
                                                        "Actual Rows": 20987,
                                                        "Actual Loops": 11,
                                                        "Recheck Cond": "((t.site_id = site_id) AND (t.id = tag_id))",
                                                        "Rows Removed by Index Recheck": 0,
                                                        "Exact Heap Blocks": 111046,
                                                        "Lossy Heap Blocks": 0,
                                                        "Workers": [],
                                                        "Plans": [
                                                            {
                                                                "Node Type": "Bitmap Index Scan",
                                                                "Parent Relationship": "Outer",
                                                                "Parallel Aware": false,
                                                                "Async Capable": false,
                                                                "Index Name": "tag_question_site_id_tag_id_question_id_idx",
                                                                "Startup Cost": 0.0,
                                                                "Total Cost": 4.88,
                                                                "Plan Rows": 31,
                                                                "Plan Width": 0,
                                                                "Actual Startup Time": 2.098,
                                                                "Actual Total Time": 2.098,
                                                                "Actual Rows": 20987,
                                                                "Actual Loops": 11,
                                                                "Index Cond": "((site_id = t.site_id) AND (tag_id = t.id))",
                                                                "Workers": []
                                                            }
                                                        ]
                                                    }
                                                ]
                                            },
                                            {
                                                "Node Type": "Bitmap Heap Scan",
                                                "Parent Relationship": "Inner",
                                                "Parallel Aware": false,
                                                "Async Capable": false,
                                                "Relation Name": "question",
                                                "Alias": "q",
                                                "Startup Cost": 3.34,
                                                "Total Cost": 7.36,
                                                "Plan Rows": 1,
                                                "Plan Width": 8,
                                                "Actual Startup Time": 0.004,
                                                "Actual Total Time": 0.004,
                                                "Actual Rows": 0,
                                                "Actual Loops": 230855,
                                                "Recheck Cond": "((id = tq.question_id) AND (site_id = tq.site_id))",
                                                "Rows Removed by Index Recheck": 0,
                                                "Filter": "((favorite_count >= 5) AND (favorite_count <= 5000))",
                                                "Rows Removed by Filter": 1,
                                                "Exact Heap Blocks": 119033,
                                                "Lossy Heap Blocks": 0,
                                                "Workers": [],
                                                "Plans": [
                                                    {
                                                        "Node Type": "Bitmap Index Scan",
                                                        "Parent Relationship": "Outer",
                                                        "Parallel Aware": false,
                                                        "Async Capable": false,
                                                        "Index Name": "question_pkey",
                                                        "Startup Cost": 0.0,
                                                        "Total Cost": 3.34,
                                                        "Plan Rows": 1,
                                                        "Plan Width": 0,
                                                        "Actual Startup Time": 0.002,
                                                        "Actual Total Time": 0.002,
                                                        "Actual Rows": 1,
                                                        "Actual Loops": 230855,
                                                        "Index Cond": "((id = tq.question_id) AND (site_id = tq.site_id))",
                                                        "Workers": []
                                                    }
                                                ]
                                            }
                                        ]
                                    }
                                ]
                            }
                        ]
                    },
                    "Planning Time": 0.482,
                    "Triggers": [],
                    "Execution Time": 809.617
                }
            ],
            "hints": [
                "SET enable_hashjoin TO on",
                "SET enable_indexonlyscan TO on",
                "SET enable_indexscan TO off",
                "SET enable_mergejoin TO off",
                "SET enable_nestloop TO on",
                "SET enable_seqscan TO on"
            ]
        },
        {
            "arm": 3,
            "execution_time": 1223.041,
            "plan": [
                {
                    "Plan": {
                        "Node Type": "Aggregate",
                        "Strategy": "Plain",
                        "Partial Mode": "Simple",
                        "Parallel Aware": false,
                        "Async Capable": false,
                        "Startup Cost": 1988716.67,
                        "Total Cost": 1988716.68,
                        "Plan Rows": 1,
                        "Plan Width": 8,
                        "Actual Startup Time": 1209.378,
                        "Actual Total Time": 1223.014,
                        "Actual Rows": 1,
                        "Actual Loops": 1,
                        "Plans": [
                            {
                                "Node Type": "Gather",
                                "Parent Relationship": "Outer",
                                "Parallel Aware": false,
                                "Async Capable": false,
                                "Startup Cost": 297074.37,
                                "Total Cost": 1988716.67,
                                "Plan Rows": 1,
                                "Plan Width": 0,
                                "Actual Startup Time": 776.613,
                                "Actual Total Time": 1222.741,
                                "Actual Rows": 7146,
                                "Actual Loops": 1,
                                "Workers Planned": 7,
                                "Workers Launched": 7,
                                "Single Copy": false,
                                "Plans": [
                                    {
                                        "Node Type": "Hash Join",
                                        "Parent Relationship": "Outer",
                                        "Parallel Aware": true,
                                        "Async Capable": false,
                                        "Join Type": "Inner",
                                        "Startup Cost": 296074.37,
                                        "Total Cost": 1987716.57,
                                        "Plan Rows": 1,
                                        "Plan Width": 0,
                                        "Actual Startup Time": 774.667,
                                        "Actual Total Time": 1206.798,
                                        "Actual Rows": 893,
                                        "Actual Loops": 8,
                                        "Inner Unique": false,
                                        "Hash Cond": "((q.site_id = t.site_id) AND (q.id = tq.question_id))",
                                        "Workers": [],
                                        "Plans": [
                                            {
                                                "Node Type": "Seq Scan",
                                                "Parent Relationship": "Outer",
                                                "Parallel Aware": true,
                                                "Async Capable": false,
                                                "Relation Name": "question",
                                                "Alias": "q",
                                                "Startup Cost": 0.0,
                                                "Total Cost": 1691290.18,
                                                "Plan Rows": 46935,
                                                "Plan Width": 8,
                                                "Actual Startup Time": 0.08,
                                                "Actual Total Time": 481.511,
                                                "Actual Rows": 43554,
                                                "Actual Loops": 8,
                                                "Filter": "((favorite_count >= 5) AND (favorite_count <= 5000))",
                                                "Rows Removed by Filter": 1539751,
                                                "Workers": []
                                            },
                                            {
                                                "Node Type": "Hash",
                                                "Parent Relationship": "Inner",
                                                "Parallel Aware": true,
                                                "Async Capable": false,
                                                "Startup Cost": 296074.31,
                                                "Total Cost": 296074.31,
                                                "Plan Rows": 4,
                                                "Plan Width": 16,
                                                "Actual Startup Time": 712.866,
                                                "Actual Total Time": 712.889,
                                                "Actual Rows": 28857,
                                                "Actual Loops": 8,
                                                "Hash Buckets": 262144,
                                                "Original Hash Buckets": 1024,
                                                "Hash Batches": 1,
                                                "Original Hash Batches": 1,
                                                "Peak Memory Usage": 15064,
                                                "Workers": [],
                                                "Plans": [
                                                    {
                                                        "Node Type": "Hash Join",
                                                        "Parent Relationship": "Outer",
                                                        "Parallel Aware": true,
                                                        "Async Capable": false,
                                                        "Join Type": "Inner",
                                                        "Startup Cost": 2852.4,
                                                        "Total Cost": 296074.31,
                                                        "Plan Rows": 4,
                                                        "Plan Width": 16,
                                                        "Actual Startup Time": 57.462,
                                                        "Actual Total Time": 658.392,
                                                        "Actual Rows": 28857,
                                                        "Actual Loops": 8,
                                                        "Inner Unique": true,
                                                        "Hash Cond": "((s.site_id = t.site_id) AND (tq.tag_id = t.id))",
                                                        "Workers": [],
                                                        "Plans": [
                                                            {
                                                                "Node Type": "Hash Join",
                                                                "Parent Relationship": "Outer",
                                                                "Parallel Aware": false,
                                                                "Async Capable": false,
                                                                "Join Type": "Inner",
                                                                "Startup Cost": 3.18,
                                                                "Total Cost": 293001.22,
                                                                "Plan Rows": 42640,
                                                                "Plan Width": 16,
                                                                "Actual Startup Time": 55.185,
                                                                "Actual Total Time": 519.437,
                                                                "Actual Rows": 3477604,
                                                                "Actual Loops": 8,
                                                                "Inner Unique": true,
                                                                "Hash Cond": "(tq.site_id = s.site_id)",
                                                                "Workers": [],
                                                                "Plans": [
                                                                    {
                                                                        "Node Type": "Seq Scan",
                                                                        "Parent Relationship": "Outer",
                                                                        "Parallel Aware": true,
                                                                        "Async Capable": false,
                                                                        "Relation Name": "tag_question",
                                                                        "Alias": "tq",
                                                                        "Startup Cost": 0.0,
                                                                        "Total Cost": 273159.66,
                                                                        "Plan Rows": 7376766,
                                                                        "Plan Width": 12,
                                                                        "Actual Startup Time": 0.024,
                                                                        "Actual Total Time": 200.664,
                                                                        "Actual Rows": 4610477,
                                                                        "Actual Loops": 8,
                                                                        "Workers": []
                                                                    },
                                                                    {
                                                                        "Node Type": "Hash",
                                                                        "Parent Relationship": "Inner",
                                                                        "Parallel Aware": false,
                                                                        "Async Capable": false,
                                                                        "Startup Cost": 3.16,
                                                                        "Total Cost": 3.16,
                                                                        "Plan Rows": 1,
                                                                        "Plan Width": 4,
                                                                        "Actual Startup Time": 0.02,
                                                                        "Actual Total Time": 0.021,
                                                                        "Actual Rows": 1,
                                                                        "Actual Loops": 8,
                                                                        "Hash Buckets": 1024,
                                                                        "Original Hash Buckets": 1024,
                                                                        "Hash Batches": 1,
                                                                        "Original Hash Batches": 1,
                                                                        "Peak Memory Usage": 9,
                                                                        "Workers": [],
                                                                        "Plans": [
                                                                            {
                                                                                "Node Type": "Seq Scan",
                                                                                "Parent Relationship": "Outer",
                                                                                "Parallel Aware": false,
                                                                                "Async Capable": false,
                                                                                "Relation Name": "site",
                                                                                "Alias": "s",
                                                                                "Startup Cost": 0.0,
                                                                                "Total Cost": 3.16,
                                                                                "Plan Rows": 1,
                                                                                "Plan Width": 4,
                                                                                "Actual Startup Time": 0.015,
                                                                                "Actual Total Time": 0.016,
                                                                                "Actual Rows": 1,
                                                                                "Actual Loops": 8,
                                                                                "Filter": "((site_name)::text = 'stackoverflow'::text)",
                                                                                "Rows Removed by Filter": 172,
                                                                                "Workers": []
                                                                            }
                                                                        ]
                                                                    }
                                                                ]
                                                            },
                                                            {
                                                                "Node Type": "Hash",
                                                                "Parent Relationship": "Inner",
                                                                "Parallel Aware": true,
                                                                "Async Capable": false,
                                                                "Startup Cost": 2848.0,
                                                                "Total Cost": 2848.0,
                                                                "Plan Rows": 82,
                                                                "Plan Width": 8,
                                                                "Actual Startup Time": 2.164,
                                                                "Actual Total Time": 2.165,
                                                                "Actual Rows": 29,
                                                                "Actual Loops": 8,
                                                                "Hash Buckets": 1024,
                                                                "Original Hash Buckets": 1024,
                                                                "Hash Batches": 1,
                                                                "Original Hash Batches": 1,
                                                                "Peak Memory Usage": 264,
                                                                "Workers": [],
                                                                "Plans": [
                                                                    {
                                                                        "Node Type": "Seq Scan",
                                                                        "Parent Relationship": "Outer",
                                                                        "Parallel Aware": true,
                                                                        "Async Capable": false,
                                                                        "Relation Name": "tag",
                                                                        "Alias": "t",
                                                                        "Startup Cost": 0.03,
                                                                        "Total Cost": 2848.0,
                                                                        "Plan Rows": 82,
                                                                        "Plan Width": 8,
                                                                        "Actual Startup Time": 0.093,
                                                                        "Actual Total Time": 2.094,
                                                                        "Actual Rows": 29,
                                                                        "Actual Loops": 8,
                                                                        "Filter": "((name)::text = ANY ('{api,audio,events,file-io,forms,functional-programming,java-ee,serialization,sqlite,ubuntu,unicode}'::text[]))",
                                                                        "Rows Removed by Filter": 23317,
                                                                        "Workers": []
                                                                    }
                                                                ]
                                                            }
                                                        ]
                                                    }
                                                ]
                                            }
                                        ]
                                    }
                                ]
                            }
                        ]
                    },
                    "Planning Time": 0.474,
                    "Triggers": [],
                    "Execution Time": 1223.041
                }
            ],
            "hints": [
                "SET enable_hashjoin TO on",
                "SET enable_indexonlyscan TO on",
                "SET enable_indexscan TO off",
                "SET enable_mergejoin TO off",
                "SET enable_nestloop TO off",
                "SET enable_seqscan TO on"
            ]
        },
        {
            "arm": 4,
            "execution_time": 694.727,
            "plan": [
                {
                    "Plan": {
                        "Node Type": "Aggregate",
                        "Strategy": "Plain",
                        "Partial Mode": "Simple",
                        "Parallel Aware": false,
                        "Async Capable": false,
                        "Startup Cost": 3994.45,
                        "Total Cost": 3994.46,
                        "Plan Rows": 1,
                        "Plan Width": 8,
                        "Actual Startup Time": 676.41,
                        "Actual Total Time": 694.7,
                        "Actual Rows": 1,
                        "Actual Loops": 1,
                        "Plans": [
                            {
                                "Node Type": "Gather",
                                "Parent Relationship": "Outer",
                                "Parallel Aware": false,
                                "Async Capable": false,
                                "Startup Cost": 1004.2,
                                "Total Cost": 3994.45,
                                "Plan Rows": 1,
                                "Plan Width": 0,
                                "Actual Startup Time": 5.372,
                                "Actual Total Time": 694.379,
                                "Actual Rows": 7146,
                                "Actual Loops": 1,
                                "Workers Planned": 1,
                                "Workers Launched": 1,
                                "Single Copy": false,
                                "Plans": [
                                    {
                                        "Node Type": "Nested Loop",
                                        "Parent Relationship": "Outer",
                                        "Parallel Aware": false,
                                        "Async Capable": false,
                                        "Join Type": "Inner",
                                        "Startup Cost": 4.2,
                                        "Total Cost": 2994.35,
                                        "Plan Rows": 1,
                                        "Plan Width": 0,
                                        "Actual Startup Time": 8.597,
                                        "Actual Total Time": 670.594,
                                        "Actual Rows": 3573,
                                        "Actual Loops": 2,
                                        "Inner Unique": true,
                                        "Join Filter": "(t.site_id = q.site_id)",
                                        "Rows Removed by Join Filter": 0,
                                        "Workers": [],
                                        "Plans": [
                                            {
                                                "Node Type": "Nested Loop",
                                                "Parent Relationship": "Outer",
                                                "Parallel Aware": false,
                                                "Async Capable": false,
                                                "Join Type": "Inner",
                                                "Startup Cost": 3.77,
                                                "Total Cost": 2912.8,
                                                "Plan Rows": 13,
                                                "Plan Width": 16,
                                                "Actual Startup Time": 4.067,
                                                "Actual Total Time": 197.466,
                                                "Actual Rows": 115428,
                                                "Actual Loops": 2,
                                                "Inner Unique": false,
                                                "Workers": [],
                                                "Plans": [
                                                    {
                                                        "Node Type": "Hash Join",
                                                        "Parent Relationship": "Outer",
                                                        "Parallel Aware": false,
                                                        "Async Capable": false,
                                                        "Join Type": "Inner",
                                                        "Startup Cost": 3.2,
                                                        "Total Cost": 2851.39,
                                                        "Plan Rows": 1,
                                                        "Plan Width": 12,
                                                        "Actual Startup Time": 3.927,
                                                        "Actual Total Time": 7.281,
                                                        "Actual Rows": 6,
                                                        "Actual Loops": 2,
                                                        "Inner Unique": true,
                                                        "Hash Cond": "(t.site_id = s.site_id)",
                                                        "Workers": [],
                                                        "Plans": [
                                                            {
                                                                "Node Type": "Seq Scan",
                                                                "Parent Relationship": "Outer",
                                                                "Parallel Aware": true,
                                                                "Async Capable": false,
                                                                "Relation Name": "tag",
                                                                "Alias": "t",
                                                                "Startup Cost": 0.03,
                                                                "Total Cost": 2848.0,
                                                                "Plan Rows": 82,
                                                                "Plan Width": 8,
                                                                "Actual Startup Time": 0.223,
                                                                "Actual Total Time": 7.205,
                                                                "Actual Rows": 117,
                                                                "Actual Loops": 2,
                                                                "Filter": "((name)::text = ANY ('{api,audio,events,file-io,forms,functional-programming,java-ee,serialization,sqlite,ubuntu,unicode}'::text[]))",
                                                                "Rows Removed by Filter": 93268,
                                                                "Workers": []
                                                            },
                                                            {
                                                                "Node Type": "Hash",
                                                                "Parent Relationship": "Inner",
                                                                "Parallel Aware": false,
                                                                "Async Capable": false,
                                                                "Startup Cost": 3.16,
                                                                "Total Cost": 3.16,
                                                                "Plan Rows": 1,
                                                                "Plan Width": 4,
                                                                "Actual Startup Time": 0.014,
                                                                "Actual Total Time": 0.015,
                                                                "Actual Rows": 1,
                                                                "Actual Loops": 2,
                                                                "Hash Buckets": 1024,
                                                                "Original Hash Buckets": 1024,
                                                                "Hash Batches": 1,
                                                                "Original Hash Batches": 1,
                                                                "Peak Memory Usage": 9,
                                                                "Workers": [],
                                                                "Plans": [
                                                                    {
                                                                        "Node Type": "Seq Scan",
                                                                        "Parent Relationship": "Outer",
                                                                        "Parallel Aware": false,
                                                                        "Async Capable": false,
                                                                        "Relation Name": "site",
                                                                        "Alias": "s",
                                                                        "Startup Cost": 0.0,
                                                                        "Total Cost": 3.16,
                                                                        "Plan Rows": 1,
                                                                        "Plan Width": 4,
                                                                        "Actual Startup Time": 0.011,
                                                                        "Actual Total Time": 0.012,
                                                                        "Actual Rows": 1,
                                                                        "Actual Loops": 2,
                                                                        "Filter": "((site_name)::text = 'stackoverflow'::text)",
                                                                        "Rows Removed by Filter": 172,
                                                                        "Workers": []
                                                                    }
                                                                ]
                                                            }
                                                        ]
                                                    },
                                                    {
                                                        "Node Type": "Index Only Scan",
                                                        "Parent Relationship": "Inner",
                                                        "Parallel Aware": false,
                                                        "Async Capable": false,
                                                        "Scan Direction": "Forward",
                                                        "Index Name": "tag_question_site_id_tag_id_question_id_idx",
                                                        "Relation Name": "tag_question",
                                                        "Alias": "tq",
                                                        "Startup Cost": 0.56,
                                                        "Total Cost": 61.11,
                                                        "Plan Rows": 31,
                                                        "Plan Width": 12,
                                                        "Actual Startup Time": 0.038,
                                                        "Actual Total Time": 33.289,
                                                        "Actual Rows": 20987,
                                                        "Actual Loops": 11,
                                                        "Index Cond": "((site_id = t.site_id) AND (tag_id = t.id))",
                                                        "Rows Removed by Index Recheck": 0,
                                                        "Heap Fetches": 230855,
                                                        "Workers": []
                                                    }
                                                ]
                                            },
                                            {
                                                "Node Type": "Index Scan",
                                                "Parent Relationship": "Inner",
                                                "Parallel Aware": false,
                                                "Async Capable": false,
                                                "Scan Direction": "Forward",
                                                "Index Name": "question_pkey",
                                                "Relation Name": "question",
                                                "Alias": "q",
                                                "Startup Cost": 0.43,
                                                "Total Cost": 6.26,
                                                "Plan Rows": 1,
                                                "Plan Width": 8,
                                                "Actual Startup Time": 0.004,
                                                "Actual Total Time": 0.004,
                                                "Actual Rows": 0,
                                                "Actual Loops": 230855,
                                                "Index Cond": "((id = tq.question_id) AND (site_id = tq.site_id))",
                                                "Rows Removed by Index Recheck": 0,
                                                "Filter": "((favorite_count >= 5) AND (favorite_count <= 5000))",
                                                "Rows Removed by Filter": 1,
                                                "Workers": []
                                            }
                                        ]
                                    }
                                ]
                            }
                        ]
                    },
                    "Planning Time": 0.469,
                    "Triggers": [],
                    "Execution Time": 694.727
                }
            ],
            "hints": [
                "SET enable_hashjoin TO on",
                "SET enable_indexonlyscan TO on",
                "SET enable_indexscan TO on",
                "SET enable_mergejoin TO off",
                "SET enable_nestloop TO on",
                "SET enable_seqscan TO on"
            ]
        }
    ]
}