{
    "sql_file": "soload_q9-003.sql",
    "query": "select count(distinct account.id) from\naccount, site, so_user, question q, post_link pl, tag, tag_question tq where\nnot exists (select * from answer a where a.site_id = q.site_id and a.question_id = q.id) and\nsite.site_name = 'stackoverflow' and\nsite.site_id = q.site_id and\npl.site_id = q.site_id and\npl.post_id_to = q.id and\n\ntag.name = 'debugging' and\ntag.site_id = q.site_id and\n\nq.creation_date > '2018-01-01'::date and\n\ntq.site_id = tag.site_id and\ntq.tag_id = tag.id and\ntq.question_id = q.id and\n\nq.owner_user_id = so_user.id and\nq.site_id = so_user.site_id and\nso_user.reputation > 118 and\n\naccount.id = so_user.account_id and\naccount.website_url != '';",
    "results": [
        {
            "arm": 0,
            "execution_time": 5941.141,
            "plan": [
                {
                    "Plan": {
                        "Node Type": "Aggregate",
                        "Strategy": "Plain",
                        "Partial Mode": "Simple",
                        "Parallel Aware": false,
                        "Async Capable": false,
                        "Startup Cost": 4082.36,
                        "Total Cost": 4082.37,
                        "Plan Rows": 1,
                        "Plan Width": 8,
                        "Actual Startup Time": 5941.02,
                        "Actual Total Time": 5941.082,
                        "Actual Rows": 1,
                        "Actual Loops": 1,
                        "Plans": [
                            {
                                "Node Type": "Nested Loop",
                                "Parent Relationship": "Outer",
                                "Parallel Aware": false,
                                "Async Capable": false,
                                "Join Type": "Anti",
                                "Startup Cost": 3739.28,
                                "Total Cost": 4082.36,
                                "Plan Rows": 1,
                                "Plan Width": 4,
                                "Actual Startup Time": 700.831,
                                "Actual Total Time": 5941.063,
                                "Actual Rows": 9,
                                "Actual Loops": 1,
                                "Inner Unique": false,
                                "Plans": [
                                    {
                                        "Node Type": "Nested Loop",
                                        "Parent Relationship": "Outer",
                                        "Parallel Aware": false,
                                        "Async Capable": false,
                                        "Join Type": "Inner",
                                        "Startup Cost": 3738.84,
                                        "Total Cost": 4072.24,
                                        "Plan Rows": 1,
                                        "Plan Width": 12,
                                        "Actual Startup Time": 520.395,
                                        "Actual Total Time": 5938.975,
                                        "Actual Rows": 26,
                                        "Actual Loops": 1,
                                        "Inner Unique": false,
                                        "Join Filter": "(site.site_id = pl.site_id)",
                                        "Rows Removed by Join Filter": 0,
                                        "Plans": [
                                            {
                                                "Node Type": "Nested Loop",
                                                "Parent Relationship": "Outer",
                                                "Parallel Aware": false,
                                                "Async Capable": false,
                                                "Join Type": "Inner",
                                                "Startup Cost": 3738.41,
                                                "Total Cost": 3745.15,
                                                "Plan Rows": 1,
                                                "Plan Width": 32,
                                                "Actual Startup Time": 401.468,
                                                "Actual Total Time": 556.011,
                                                "Actual Rows": 280,
                                                "Actual Loops": 1,
                                                "Inner Unique": true,
                                                "Plans": [
                                                    {
                                                        "Node Type": "Gather Merge",
                                                        "Parent Relationship": "Outer",
                                                        "Parallel Aware": false,
                                                        "Async Capable": false,
                                                        "Startup Cost": 3737.98,
                                                        "Total Cost": 3738.1,
                                                        "Plan Rows": 1,
                                                        "Plan Width": 32,
                                                        "Actual Startup Time": 401.436,
                                                        "Actual Total Time": 401.813,
                                                        "Actual Rows": 1172,
                                                        "Actual Loops": 1,
                                                        "Workers Planned": 1,
                                                        "Workers Launched": 1,
                                                        "Plans": [
                                                            {
                                                                "Node Type": "Sort",
                                                                "Parent Relationship": "Outer",
                                                                "Parallel Aware": false,
                                                                "Async Capable": false,
                                                                "Startup Cost": 2737.97,
                                                                "Total Cost": 2737.97,
                                                                "Plan Rows": 1,
                                                                "Plan Width": 32,
                                                                "Actual Startup Time": 202.206,
                                                                "Actual Total Time": 202.232,
                                                                "Actual Rows": 586,
                                                                "Actual Loops": 2,
                                                                "Sort Key": [
                                                                    "so_user.account_id"
                                                                ],
                                                                "Sort Method": "quicksort",
                                                                "Sort Space Used": 25,
                                                                "Sort Space Type": "Memory",
                                                                "Workers": [
                                                                    {
                                                                        "Worker Number": 0,
                                                                        "Sort Method": "quicksort",
                                                                        "Sort Space Used": 113,
                                                                        "Sort Space Type": "Memory"
                                                                    }
                                                                ],
                                                                "Plans": [
                                                                    {
                                                                        "Node Type": "Nested Loop",
                                                                        "Parent Relationship": "Outer",
                                                                        "Parallel Aware": false,
                                                                        "Async Capable": false,
                                                                        "Join Type": "Inner",
                                                                        "Startup Cost": 2578.41,
                                                                        "Total Cost": 2737.96,
                                                                        "Plan Rows": 1,
                                                                        "Plan Width": 32,
                                                                        "Actual Startup Time": 86.25,
                                                                        "Actual Total Time": 201.998,
                                                                        "Actual Rows": 586,
                                                                        "Actual Loops": 2,
                                                                        "Inner Unique": true,
                                                                        "Join Filter": "(site.site_id = so_user.site_id)",
                                                                        "Rows Removed by Join Filter": 0,
                                                                        "Workers": [],
                                                                        "Plans": [
                                                                            {
                                                                                "Node Type": "Nested Loop",
                                                                                "Parent Relationship": "Outer",
                                                                                "Parallel Aware": false,
                                                                                "Async Capable": false,
                                                                                "Join Type": "Inner",
                                                                                "Startup Cost": 2577.97,
                                                                                "Total Cost": 2730.88,
                                                                                "Plan Rows": 1,
                                                                                "Plan Width": 28,
                                                                                "Actual Startup Time": 86.189,
                                                                                "Actual Total Time": 101.505,
                                                                                "Actual Rows": 1291,
                                                                                "Actual Loops": 2,
                                                                                "Inner Unique": true,
                                                                                "Join Filter": "(site.site_id = q.site_id)",
                                                                                "Rows Removed by Join Filter": 0,
                                                                                "Workers": [],
                                                                                "Plans": [
                                                                                    {
                                                                                        "Node Type": "Nested Loop",
                                                                                        "Parent Relationship": "Outer",
                                                                                        "Parallel Aware": false,
                                                                                        "Async Capable": false,
                                                                                        "Join Type": "Inner",
                                                                                        "Startup Cost": 2577.54,
                                                                                        "Total Cost": 2639.03,
                                                                                        "Plan Rows": 13,
                                                                                        "Plan Width": 16,
                                                                                        "Actual Startup Time": 4.764,
                                                                                        "Actual Total Time": 37.293,
                                                                                        "Actual Rows": 10116,
                                                                                        "Actual Loops": 2,
                                                                                        "Inner Unique": false,
                                                                                        "Join Filter": "(site.site_id = tq.site_id)",
                                                                                        "Rows Removed by Join Filter": 0,
                                                                                        "Workers": [],
                                                                                        "Plans": [
                                                                                            {
                                                                                                "Node Type": "Merge Join",
                                                                                                "Parent Relationship": "Outer",
                                                                                                "Parallel Aware": false,
                                                                                                "Async Capable": false,
                                                                                                "Join Type": "Inner",
                                                                                                "Startup Cost": 2576.97,
                                                                                                "Total Cost": 2577.1,
                                                                                                "Plan Rows": 1,
                                                                                                "Plan Width": 12,
                                                                                                "Actual Startup Time": 4.612,
                                                                                                "Actual Total Time": 4.616,
                                                                                                "Actual Rows": 0,
                                                                                                "Actual Loops": 2,
                                                                                                "Inner Unique": true,
                                                                                                "Merge Cond": "(tag.site_id = site.site_id)",
                                                                                                "Workers": [],
                                                                                                "Plans": [
                                                                                                    {
                                                                                                        "Node Type": "Sort",
                                                                                                        "Parent Relationship": "Outer",
                                                                                                        "Parallel Aware": false,
                                                                                                        "Async Capable": false,
                                                                                                        "Startup Cost": 2573.8,
                                                                                                        "Total Cost": 2573.85,
                                                                                                        "Plan Rows": 22,
                                                                                                        "Plan Width": 8,
                                                                                                        "Actual Startup Time": 4.584,
                                                                                                        "Actual Total Time": 4.586,
                                                                                                        "Actual Rows": 16,
                                                                                                        "Actual Loops": 2,
                                                                                                        "Sort Key": [
                                                                                                            "tag.site_id"
                                                                                                        ],
                                                                                                        "Sort Method": "quicksort",
                                                                                                        "Sort Space Used": 25,
                                                                                                        "Sort Space Type": "Memory",
                                                                                                        "Workers": [
                                                                                                            {
                                                                                                                "Worker Number": 0,
                                                                                                                "Sort Method": "quicksort",
                                                                                                                "Sort Space Used": 25,
                                                                                                                "Sort Space Type": "Memory"
                                                                                                            }
                                                                                                        ],
                                                                                                        "Plans": [
                                                                                                            {
                                                                                                                "Node Type": "Seq Scan",
                                                                                                                "Parent Relationship": "Outer",
                                                                                                                "Parallel Aware": true,
                                                                                                                "Async Capable": false,
                                                                                                                "Relation Name": "tag",
                                                                                                                "Alias": "tag",
                                                                                                                "Startup Cost": 0.0,
                                                                                                                "Total Cost": 2573.31,
                                                                                                                "Plan Rows": 22,
                                                                                                                "Plan Width": 8,
                                                                                                                "Actual Startup Time": 0.574,
                                                                                                                "Actual Total Time": 4.578,
                                                                                                                "Actual Rows": 16,
                                                                                                                "Actual Loops": 2,
                                                                                                                "Filter": "((name)::text = 'debugging'::text)",
                                                                                                                "Rows Removed by Filter": 93369,
                                                                                                                "Workers": []
                                                                                                            }
                                                                                                        ]
                                                                                                    },
                                                                                                    {
                                                                                                        "Node Type": "Sort",
                                                                                                        "Parent Relationship": "Inner",
                                                                                                        "Parallel Aware": false,
                                                                                                        "Async Capable": false,
                                                                                                        "Startup Cost": 3.17,
                                                                                                        "Total Cost": 3.18,
                                                                                                        "Plan Rows": 1,
                                                                                                        "Plan Width": 4,
                                                                                                        "Actual Startup Time": 0.025,
                                                                                                        "Actual Total Time": 0.025,
                                                                                                        "Actual Rows": 1,
                                                                                                        "Actual Loops": 2,
                                                                                                        "Sort Key": [
                                                                                                            "site.site_id"
                                                                                                        ],
                                                                                                        "Sort Method": "quicksort",
                                                                                                        "Sort Space Used": 25,
                                                                                                        "Sort Space Type": "Memory",
                                                                                                        "Workers": [
                                                                                                            {
                                                                                                                "Worker Number": 0,
                                                                                                                "Sort Method": "quicksort",
                                                                                                                "Sort Space Used": 25,
                                                                                                                "Sort Space Type": "Memory"
                                                                                                            }
                                                                                                        ],
                                                                                                        "Plans": [
                                                                                                            {
                                                                                                                "Node Type": "Seq Scan",
                                                                                                                "Parent Relationship": "Outer",
                                                                                                                "Parallel Aware": false,
                                                                                                                "Async Capable": false,
                                                                                                                "Relation Name": "site",
                                                                                                                "Alias": "site",
                                                                                                                "Startup Cost": 0.0,
                                                                                                                "Total Cost": 3.16,
                                                                                                                "Plan Rows": 1,
                                                                                                                "Plan Width": 4,
                                                                                                                "Actual Startup Time": 0.017,
                                                                                                                "Actual Total Time": 0.018,
                                                                                                                "Actual Rows": 1,
                                                                                                                "Actual Loops": 2,
                                                                                                                "Filter": "((site_name)::text = 'stackoverflow'::text)",
                                                                                                                "Rows Removed by Filter": 172,
                                                                                                                "Workers": []
                                                                                                            }
                                                                                                        ]
                                                                                                    }
                                                                                                ]
                                                                                            },
                                                                                            {
                                                                                                "Node Type": "Index Only Scan",
                                                                                                "Parent Relationship": "Inner",
                                                                                                "Parallel Aware": false,
                                                                                                "Async Capable": false,
                                                                                                "Scan Direction": "Forward",
                                                                                                "Index Name": "tag_question_site_id_tag_id_question_id_idx",
                                                                                                "Relation Name": "tag_question",
                                                                                                "Alias": "tq",
                                                                                                "Startup Cost": 0.56,
                                                                                                "Total Cost": 61.54,
                                                                                                "Plan Rows": 31,
                                                                                                "Plan Width": 12,
                                                                                                "Actual Startup Time": 0.3,
                                                                                                "Actual Total Time": 63.57,
                                                                                                "Actual Rows": 20231,
                                                                                                "Actual Loops": 1,
                                                                                                "Index Cond": "((site_id = tag.site_id) AND (tag_id = tag.id))",
                                                                                                "Rows Removed by Index Recheck": 0,
                                                                                                "Heap Fetches": 20231,
                                                                                                "Workers": []
                                                                                            }
                                                                                        ]
                                                                                    },
                                                                                    {
                                                                                        "Node Type": "Index Scan",
                                                                                        "Parent Relationship": "Inner",
                                                                                        "Parallel Aware": false,
                                                                                        "Async Capable": false,
                                                                                        "Scan Direction": "Forward",
                                                                                        "Index Name": "question_pkey",
                                                                                        "Relation Name": "question",
                                                                                        "Alias": "q",
                                                                                        "Startup Cost": 0.43,
                                                                                        "Total Cost": 7.05,
                                                                                        "Plan Rows": 1,
                                                                                        "Plan Width": 12,
                                                                                        "Actual Startup Time": 0.006,
                                                                                        "Actual Total Time": 0.006,
                                                                                        "Actual Rows": 0,
                                                                                        "Actual Loops": 20231,
                                                                                        "Index Cond": "((id = tq.question_id) AND (site_id = tq.site_id))",
                                                                                        "Rows Removed by Index Recheck": 0,
                                                                                        "Filter": "(creation_date > '2018-01-01'::date)",
                                                                                        "Rows Removed by Filter": 1,
                                                                                        "Workers": []
                                                                                    }
                                                                                ]
                                                                            },
                                                                            {
                                                                                "Node Type": "Index Scan",
                                                                                "Parent Relationship": "Inner",
                                                                                "Parallel Aware": false,
                                                                                "Async Capable": false,
                                                                                "Scan Direction": "Forward",
                                                                                "Index Name": "so_user_pkey",
                                                                                "Relation Name": "so_user",
                                                                                "Alias": "so_user",
                                                                                "Startup Cost": 0.44,
                                                                                "Total Cost": 7.07,
                                                                                "Plan Rows": 1,
                                                                                "Plan Width": 12,
                                                                                "Actual Startup Time": 0.078,
                                                                                "Actual Total Time": 0.078,
                                                                                "Actual Rows": 0,
                                                                                "Actual Loops": 2582,
                                                                                "Index Cond": "((id = q.owner_user_id) AND (site_id = q.site_id))",
                                                                                "Rows Removed by Index Recheck": 0,
                                                                                "Filter": "(reputation > 118)",
                                                                                "Rows Removed by Filter": 1,
                                                                                "Workers": []
                                                                            }
                                                                        ]
                                                                    }
                                                                ]
                                                            }
                                                        ]
                                                    },
                                                    {
                                                        "Node Type": "Index Scan",
                                                        "Parent Relationship": "Inner",
                                                        "Parallel Aware": false,
                                                        "Async Capable": false,
                                                        "Scan Direction": "Forward",
                                                        "Index Name": "account_pkey",
                                                        "Relation Name": "account",
                                                        "Alias": "account",
                                                        "Startup Cost": 0.43,
                                                        "Total Cost": 7.06,
                                                        "Plan Rows": 1,
                                                        "Plan Width": 4,
                                                        "Actual Startup Time": 0.131,
                                                        "Actual Total Time": 0.131,
                                                        "Actual Rows": 0,
                                                        "Actual Loops": 1172,
                                                        "Index Cond": "(id = so_user.account_id)",
                                                        "Rows Removed by Index Recheck": 0,
                                                        "Filter": "((website_url)::text <> ''::text)",
                                                        "Rows Removed by Filter": 1
                                                    }
                                                ]
                                            },
                                            {
                                                "Node Type": "Index Only Scan",
                                                "Parent Relationship": "Inner",
                                                "Parallel Aware": false,
                                                "Async Capable": false,
                                                "Scan Direction": "Forward",
                                                "Index Name": "post_link_pkey",
                                                "Relation Name": "post_link",
                                                "Alias": "pl",
                                                "Startup Cost": 0.43,
                                                "Total Cost": 327.07,
                                                "Plan Rows": 1,
                                                "Plan Width": 8,
                                                "Actual Startup Time": 18.968,
                                                "Actual Total Time": 19.224,
                                                "Actual Rows": 0,
                                                "Actual Loops": 280,
                                                "Index Cond": "((site_id = q.site_id) AND (post_id_to = q.id))",
                                                "Rows Removed by Index Recheck": 0,
                                                "Heap Fetches": 26
                                            }
                                        ]
                                    },
                                    {
                                        "Node Type": "Index Only Scan",
                                        "Parent Relationship": "Inner",
                                        "Parallel Aware": false,
                                        "Async Capable": false,
                                        "Scan Direction": "Forward",
                                        "Index Name": "answer_site_id_question_id_idx",
                                        "Relation Name": "answer",
                                        "Alias": "a",
                                        "Startup Cost": 0.43,
                                        "Total Cost": 7.06,
                                        "Plan Rows": 1,
                                        "Plan Width": 8,
                                        "Actual Startup Time": 0.079,
                                        "Actual Total Time": 0.079,
                                        "Actual Rows": 1,
                                        "Actual Loops": 26,
                                        "Index Cond": "((site_id = q.site_id) AND (question_id = q.id))",
                                        "Rows Removed by Index Recheck": 0,
                                        "Heap Fetches": 17
                                    }
                                ]
                            }
                        ]
                    },
                    "Planning Time": 18.247,
                    "Triggers": [],
                    "Execution Time": 5941.141
                }
            ],
            "hints": [
                "SET enable_hashjoin TO on",
                "SET enable_indexonlyscan TO on",
                "SET enable_indexscan TO on",
                "SET enable_mergejoin TO on",
                "SET enable_nestloop TO on",
                "SET enable_seqscan TO on"
            ]
        },
        {
            "arm": 1,
            "execution_time": 3283.705,
            "plan": [
                {
                    "Plan": {
                        "Node Type": "Aggregate",
                        "Strategy": "Plain",
                        "Partial Mode": "Simple",
                        "Parallel Aware": false,
                        "Async Capable": false,
                        "Startup Cost": 3184779.77,
                        "Total Cost": 3184779.78,
                        "Plan Rows": 1,
                        "Plan Width": 8,
                        "Actual Startup Time": 3266.623,
                        "Actual Total Time": 3283.657,
                        "Actual Rows": 1,
                        "Actual Loops": 1,
                        "Plans": [
                            {
                                "Node Type": "Sort",
                                "Parent Relationship": "Outer",
                                "Parallel Aware": false,
                                "Async Capable": false,
                                "Startup Cost": 3184779.76,
                                "Total Cost": 3184779.77,
                                "Plan Rows": 1,
                                "Plan Width": 4,
                                "Actual Startup Time": 3266.614,
                                "Actual Total Time": 3283.648,
                                "Actual Rows": 9,
                                "Actual Loops": 1,
                                "Sort Key": [
                                    "account.id"
                                ],
                                "Sort Method": "quicksort",
                                "Sort Space Used": 25,
                                "Sort Space Type": "Memory",
                                "Plans": [
                                    {
                                        "Node Type": "Gather",
                                        "Parent Relationship": "Outer",
                                        "Parallel Aware": false,
                                        "Async Capable": false,
                                        "Startup Cost": 2415403.83,
                                        "Total Cost": 3184779.75,
                                        "Plan Rows": 1,
                                        "Plan Width": 4,
                                        "Actual Startup Time": 3265.248,
                                        "Actual Total Time": 3283.636,
                                        "Actual Rows": 9,
                                        "Actual Loops": 1,
                                        "Workers Planned": 7,
                                        "Workers Launched": 7,
                                        "Single Copy": false,
                                        "Plans": [
                                            {
                                                "Node Type": "Hash Join",
                                                "Parent Relationship": "Outer",
                                                "Parallel Aware": true,
                                                "Async Capable": false,
                                                "Join Type": "Inner",
                                                "Startup Cost": 2414403.83,
                                                "Total Cost": 3183779.65,
                                                "Plan Rows": 1,
                                                "Plan Width": 4,
                                                "Actual Startup Time": 3260.195,
                                                "Actual Total Time": 3260.463,
                                                "Actual Rows": 1,
                                                "Actual Loops": 8,
                                                "Inner Unique": false,
                                                "Hash Cond": "((q.site_id = site.site_id) AND (pl.post_id_to = tq.question_id))",
                                                "Workers": [],
                                                "Plans": [
                                                    {
                                                        "Node Type": "Hash Join",
                                                        "Parent Relationship": "Outer",
                                                        "Parallel Aware": true,
                                                        "Async Capable": false,
                                                        "Join Type": "Right Anti",
                                                        "Startup Cost": 2118605.05,
                                                        "Total Cost": 2887979.47,
                                                        "Plan Rows": 186,
                                                        "Plan Width": 24,
                                                        "Actual Startup Time": 2352.469,
                                                        "Actual Total Time": 2352.626,
                                                        "Actual Rows": 667,
                                                        "Actual Loops": 8,
                                                        "Inner Unique": false,
                                                        "Hash Cond": "((a.site_id = q.site_id) AND (a.question_id = q.id))",
                                                        "Workers": [],
                                                        "Plans": [
                                                            {
                                                                "Node Type": "Seq Scan",
                                                                "Parent Relationship": "Outer",
                                                                "Parallel Aware": true,
                                                                "Async Capable": false,
                                                                "Relation Name": "answer",
                                                                "Alias": "a",
                                                                "Startup Cost": 0.0,
                                                                "Total Cost": 762572.49,
                                                                "Plan Rows": 906849,
                                                                "Plan Width": 8,
                                                                "Actual Startup Time": 0.156,
                                                                "Actual Total Time": 1242.307,
                                                                "Actual Rows": 793444,
                                                                "Actual Loops": 8,
                                                                "Workers": []
                                                            },
                                                            {
                                                                "Node Type": "Hash",
                                                                "Parent Relationship": "Inner",
                                                                "Parallel Aware": true,
                                                                "Async Capable": false,
                                                                "Startup Cost": 2118597.0,
                                                                "Total Cost": 2118597.0,
                                                                "Plan Rows": 537,
                                                                "Plan Width": 24,
                                                                "Actual Startup Time": 1013.01,
                                                                "Actual Total Time": 1013.017,
                                                                "Actual Rows": 1954,
                                                                "Actual Loops": 8,
                                                                "Hash Buckets": 16384,
                                                                "Original Hash Buckets": 2048,
                                                                "Hash Batches": 1,
                                                                "Original Hash Batches": 1,
                                                                "Peak Memory Usage": 1200,
                                                                "Workers": [],
                                                                "Plans": [
                                                                    {
                                                                        "Node Type": "Hash Join",
                                                                        "Parent Relationship": "Outer",
                                                                        "Parallel Aware": true,
                                                                        "Async Capable": false,
                                                                        "Join Type": "Inner",
                                                                        "Startup Cost": 2091365.32,
                                                                        "Total Cost": 2118597.0,
                                                                        "Plan Rows": 537,
                                                                        "Plan Width": 24,
                                                                        "Actual Startup Time": 871.315,
                                                                        "Actual Total Time": 960.447,
                                                                        "Actual Rows": 1954,
                                                                        "Actual Loops": 8,
                                                                        "Inner Unique": false,
                                                                        "Hash Cond": "((pl.site_id = q.site_id) AND (pl.post_id_to = q.id))",
                                                                        "Workers": [],
                                                                        "Plans": [
                                                                            {
                                                                                "Node Type": "Seq Scan",
                                                                                "Parent Relationship": "Outer",
                                                                                "Parallel Aware": true,
                                                                                "Async Capable": false,
                                                                                "Relation Name": "post_link",
                                                                                "Alias": "pl",
                                                                                "Startup Cost": 0.0,
                                                                                "Total Cost": 21752.3,
                                                                                "Plan Rows": 730430,
                                                                                "Plan Width": 8,
                                                                                "Actual Startup Time": 0.152,
                                                                                "Actual Total Time": 64.316,
                                                                                "Actual Rows": 283042,
                                                                                "Actual Loops": 8,
                                                                                "Workers": []
                                                                            },
                                                                            {
                                                                                "Node Type": "Hash",
                                                                                "Parent Relationship": "Inner",
                                                                                "Parallel Aware": true,
                                                                                "Async Capable": false,
                                                                                "Startup Cost": 2091345.37,
                                                                                "Total Cost": 2091345.37,
                                                                                "Plan Rows": 1330,
                                                                                "Plan Width": 16,
                                                                                "Actual Startup Time": 870.219,
                                                                                "Actual Total Time": 870.224,
                                                                                "Actual Rows": 24479,
                                                                                "Actual Loops": 8,
                                                                                "Hash Buckets": 262144,
                                                                                "Original Hash Buckets": 16384,
                                                                                "Hash Batches": 1,
                                                                                "Original Hash Batches": 1,
                                                                                "Peak Memory Usage": 13312,
                                                                                "Workers": [],
                                                                                "Plans": [
                                                                                    {
                                                                                        "Node Type": "Hash Join",
                                                                                        "Parent Relationship": "Outer",
                                                                                        "Parallel Aware": true,
                                                                                        "Async Capable": false,
                                                                                        "Join Type": "Inner",
                                                                                        "Startup Cost": 401690.67,
                                                                                        "Total Cost": 2091345.37,
                                                                                        "Plan Rows": 1330,
                                                                                        "Plan Width": 16,
                                                                                        "Actual Startup Time": 298.563,
                                                                                        "Actual Total Time": 842.909,
                                                                                        "Actual Rows": 24479,
                                                                                        "Actual Loops": 8,
                                                                                        "Inner Unique": false,
                                                                                        "Hash Cond": "((q.site_id = so_user.site_id) AND (q.owner_user_id = so_user.id))",
                                                                                        "Workers": [],
                                                                                        "Plans": [
                                                                                            {
                                                                                                "Node Type": "Seq Scan",
                                                                                                "Parent Relationship": "Outer",
                                                                                                "Parallel Aware": true,
                                                                                                "Async Capable": false,
                                                                                                "Relation Name": "question",
                                                                                                "Alias": "q",
                                                                                                "Startup Cost": 0.0,
                                                                                                "Total Cost": 1686771.15,
                                                                                                "Plan Rows": 381951,
                                                                                                "Plan Width": 12,
                                                                                                "Actual Startup Time": 0.027,
                                                                                                "Actual Total Time": 481.748,
                                                                                                "Actual Rows": 327233,
                                                                                                "Actual Loops": 8,
                                                                                                "Filter": "(creation_date > '2018-01-01'::date)",
                                                                                                "Rows Removed by Filter": 1256072,
                                                                                                "Workers": []
                                                                                            },
                                                                                            {
                                                                                                "Node Type": "Hash",
                                                                                                "Parent Relationship": "Inner",
                                                                                                "Parallel Aware": true,
                                                                                                "Async Capable": false,
                                                                                                "Startup Cost": 401470.27,
                                                                                                "Total Cost": 401470.27,
                                                                                                "Plan Rows": 14693,
                                                                                                "Plan Width": 12,
                                                                                                "Actual Startup Time": 298.381,
                                                                                                "Actual Total Time": 298.384,
                                                                                                "Actual Rows": 54155,
                                                                                                "Actual Loops": 8,
                                                                                                "Hash Buckets": 524288,
                                                                                                "Original Hash Buckets": 131072,
                                                                                                "Hash Batches": 1,
                                                                                                "Original Hash Batches": 1,
                                                                                                "Peak Memory Usage": 27648,
                                                                                                "Workers": [],
                                                                                                "Plans": [
                                                                                                    {
                                                                                                        "Node Type": "Hash Join",
                                                                                                        "Parent Relationship": "Outer",
                                                                                                        "Parallel Aware": true,
                                                                                                        "Async Capable": false,
                                                                                                        "Join Type": "Inner",
                                                                                                        "Startup Cost": 150787.4,
                                                                                                        "Total Cost": 401470.27,
                                                                                                        "Plan Rows": 14693,
                                                                                                        "Plan Width": 12,
                                                                                                        "Actual Startup Time": 120.49,
                                                                                                        "Actual Total Time": 281.203,
                                                                                                        "Actual Rows": 54155,
                                                                                                        "Actual Loops": 8,
                                                                                                        "Inner Unique": true,
                                                                                                        "Hash Cond": "(so_user.account_id = account.id)",
                                                                                                        "Workers": [],
                                                                                                        "Plans": [
                                                                                                            {
                                                                                                                "Node Type": "Seq Scan",
                                                                                                                "Parent Relationship": "Outer",
                                                                                                                "Parallel Aware": true,
                                                                                                                "Async Capable": false,
                                                                                                                "Relation Name": "so_user",
                                                                                                                "Alias": "so_user",
                                                                                                                "Startup Cost": 0.0,
                                                                                                                "Total Cost": 249938.77,
                                                                                                                "Plan Rows": 283467,
                                                                                                                "Plan Width": 12,
                                                                                                                "Actual Startup Time": 0.019,
                                                                                                                "Actual Total Time": 125.214,
                                                                                                                "Actual Rows": 170455,
                                                                                                                "Actual Loops": 8,
                                                                                                                "Filter": "(reputation > 118)",
                                                                                                                "Rows Removed by Filter": 2466707,
                                                                                                                "Workers": []
                                                                                                            },
                                                                                                            {
                                                                                                                "Node Type": "Hash",
                                                                                                                "Parent Relationship": "Inner",
                                                                                                                "Parallel Aware": true,
                                                                                                                "Async Capable": false,
                                                                                                                "Startup Cost": 148993.09,
                                                                                                                "Total Cost": 148993.09,
                                                                                                                "Plan Rows": 143545,
                                                                                                                "Plan Width": 4,
                                                                                                                "Actual Startup Time": 119.973,
                                                                                                                "Actual Total Time": 119.974,
                                                                                                                "Actual Rows": 90584,
                                                                                                                "Actual Loops": 8,
                                                                                                                "Hash Buckets": 1048576,
                                                                                                                "Original Hash Buckets": 1048576,
                                                                                                                "Hash Batches": 1,
                                                                                                                "Original Hash Batches": 1,
                                                                                                                "Peak Memory Usage": 36672,
                                                                                                                "Workers": [],
                                                                                                                "Plans": [
                                                                                                                    {
                                                                                                                        "Node Type": "Seq Scan",
                                                                                                                        "Parent Relationship": "Outer",
                                                                                                                        "Parallel Aware": true,
                                                                                                                        "Async Capable": false,
                                                                                                                        "Relation Name": "account",
                                                                                                                        "Alias": "account",
                                                                                                                        "Startup Cost": 0.0,
                                                                                                                        "Total Cost": 148993.09,
                                                                                                                        "Plan Rows": 143545,
                                                                                                                        "Plan Width": 4,
                                                                                                                        "Actual Startup Time": 0.018,
                                                                                                                        "Actual Total Time": 100.132,
                                                                                                                        "Actual Rows": 90584,
                                                                                                                        "Actual Loops": 8,
                                                                                                                        "Filter": "((website_url)::text <> ''::text)",
                                                                                                                        "Rows Removed by Filter": 1643435,
                                                                                                                        "Workers": []
                                                                                                                    }
                                                                                                                ]
                                                                                                            }
                                                                                                        ]
                                                                                                    }
                                                                                                ]
                                                                                            }
                                                                                        ]
                                                                                    }
                                                                                ]
                                                                            }
                                                                        ]
                                                                    }
                                                                ]
                                                            }
                                                        ]
                                                    },
                                                    {
                                                        "Node Type": "Hash",
                                                        "Parent Relationship": "Inner",
                                                        "Parallel Aware": true,
                                                        "Async Capable": false,
                                                        "Startup Cost": 295798.72,
                                                        "Total Cost": 295798.72,
                                                        "Plan Rows": 4,
                                                        "Plan Width": 16,
                                                        "Actual Startup Time": 907.408,
                                                        "Actual Total Time": 907.412,
                                                        "Actual Rows": 2529,
                                                        "Actual Loops": 8,
                                                        "Hash Buckets": 32768,
                                                        "Original Hash Buckets": 1024,
                                                        "Hash Batches": 1,
                                                        "Original Hash Batches": 1,
                                                        "Peak Memory Usage": 1624,
                                                        "Workers": [],
                                                        "Plans": [
                                                            {
                                                                "Node Type": "Hash Join",
                                                                "Parent Relationship": "Outer",
                                                                "Parallel Aware": true,
                                                                "Async Capable": false,
                                                                "Join Type": "Inner",
                                                                "Startup Cost": 2576.81,
                                                                "Total Cost": 295798.72,
                                                                "Plan Rows": 4,
                                                                "Plan Width": 16,
                                                                "Actual Startup Time": 1.851,
                                                                "Actual Total Time": 645.012,
                                                                "Actual Rows": 2529,
                                                                "Actual Loops": 8,
                                                                "Inner Unique": true,
                                                                "Hash Cond": "((site.site_id = tag.site_id) AND (tq.tag_id = tag.id))",
                                                                "Workers": [],
                                                                "Plans": [
                                                                    {
                                                                        "Node Type": "Hash Join",
                                                                        "Parent Relationship": "Outer",
                                                                        "Parallel Aware": false,
                                                                        "Async Capable": false,
                                                                        "Join Type": "Inner",
                                                                        "Startup Cost": 3.18,
                                                                        "Total Cost": 293001.22,
                                                                        "Plan Rows": 42640,
                                                                        "Plan Width": 16,
                                                                        "Actual Startup Time": 0.22,
                                                                        "Actual Total Time": 521.509,
                                                                        "Actual Rows": 3477604,
                                                                        "Actual Loops": 8,
                                                                        "Inner Unique": true,
                                                                        "Hash Cond": "(tq.site_id = site.site_id)",
                                                                        "Workers": [],
                                                                        "Plans": [
                                                                            {
                                                                                "Node Type": "Seq Scan",
                                                                                "Parent Relationship": "Outer",
                                                                                "Parallel Aware": true,
                                                                                "Async Capable": false,
                                                                                "Relation Name": "tag_question",
                                                                                "Alias": "tq",
                                                                                "Startup Cost": 0.0,
                                                                                "Total Cost": 273159.66,
                                                                                "Plan Rows": 7376766,
                                                                                "Plan Width": 12,
                                                                                "Actual Startup Time": 0.183,
                                                                                "Actual Total Time": 205.342,
                                                                                "Actual Rows": 4610477,
                                                                                "Actual Loops": 8,
                                                                                "Workers": []
                                                                            },
                                                                            {
                                                                                "Node Type": "Hash",
                                                                                "Parent Relationship": "Inner",
                                                                                "Parallel Aware": false,
                                                                                "Async Capable": false,
                                                                                "Startup Cost": 3.16,
                                                                                "Total Cost": 3.16,
                                                                                "Plan Rows": 1,
                                                                                "Plan Width": 4,
                                                                                "Actual Startup Time": 0.023,
                                                                                "Actual Total Time": 0.024,
                                                                                "Actual Rows": 1,
                                                                                "Actual Loops": 8,
                                                                                "Hash Buckets": 1024,
                                                                                "Original Hash Buckets": 1024,
                                                                                "Hash Batches": 1,
                                                                                "Original Hash Batches": 1,
                                                                                "Peak Memory Usage": 9,
                                                                                "Workers": [],
                                                                                "Plans": [
                                                                                    {
                                                                                        "Node Type": "Seq Scan",
                                                                                        "Parent Relationship": "Outer",
                                                                                        "Parallel Aware": false,
                                                                                        "Async Capable": false,
                                                                                        "Relation Name": "site",
                                                                                        "Alias": "site",
                                                                                        "Startup Cost": 0.0,
                                                                                        "Total Cost": 3.16,
                                                                                        "Plan Rows": 1,
                                                                                        "Plan Width": 4,
                                                                                        "Actual Startup Time": 0.017,
                                                                                        "Actual Total Time": 0.019,
                                                                                        "Actual Rows": 1,
                                                                                        "Actual Loops": 8,
                                                                                        "Filter": "((site_name)::text = 'stackoverflow'::text)",
                                                                                        "Rows Removed by Filter": 172,
                                                                                        "Workers": []
                                                                                    }
                                                                                ]
                                                                            }
                                                                        ]
                                                                    },
                                                                    {
                                                                        "Node Type": "Hash",
                                                                        "Parent Relationship": "Inner",
                                                                        "Parallel Aware": true,
                                                                        "Async Capable": false,
                                                                        "Startup Cost": 2573.31,
                                                                        "Total Cost": 2573.31,
                                                                        "Plan Rows": 22,
                                                                        "Plan Width": 8,
                                                                        "Actual Startup Time": 1.284,
                                                                        "Actual Total Time": 1.285,
                                                                        "Actual Rows": 4,
                                                                        "Actual Loops": 8,
                                                                        "Hash Buckets": 1024,
                                                                        "Original Hash Buckets": 1024,
                                                                        "Hash Batches": 1,
                                                                        "Original Hash Batches": 1,
                                                                        "Peak Memory Usage": 232,
                                                                        "Workers": [],
                                                                        "Plans": [
                                                                            {
                                                                                "Node Type": "Seq Scan",
                                                                                "Parent Relationship": "Outer",
                                                                                "Parallel Aware": true,
                                                                                "Async Capable": false,
                                                                                "Relation Name": "tag",
                                                                                "Alias": "tag",
                                                                                "Startup Cost": 0.0,
                                                                                "Total Cost": 2573.31,
                                                                                "Plan Rows": 22,
                                                                                "Plan Width": 8,
                                                                                "Actual Startup Time": 0.354,
                                                                                "Actual Total Time": 1.441,
                                                                                "Actual Rows": 5,
                                                                                "Actual Loops": 7,
                                                                                "Filter": "((name)::text = 'debugging'::text)",
                                                                                "Rows Removed by Filter": 26677,
                                                                                "Workers": []
                                                                            }
                                                                        ]
                                                                    }
                                                                ]
                                                            }
                                                        ]
                                                    }
                                                ]
                                            }
                                        ]
                                    }
                                ]
                            }
                        ]
                    },
                    "Planning Time": 14.027,
                    "Triggers": [],
                    "Execution Time": 3283.705
                }
            ],
            "hints": [
                "SET enable_hashjoin TO on",
                "SET enable_indexonlyscan TO on",
                "SET enable_indexscan TO on",
                "SET enable_mergejoin TO on",
                "SET enable_nestloop TO off",
                "SET enable_seqscan TO on"
            ]
        },
        {
            "arm": 2,
            "execution_time": 5793.582,
            "plan": [
                {
                    "Plan": {
                        "Node Type": "Aggregate",
                        "Strategy": "Plain",
                        "Partial Mode": "Simple",
                        "Parallel Aware": false,
                        "Async Capable": false,
                        "Startup Cost": 4159.23,
                        "Total Cost": 4159.24,
                        "Plan Rows": 1,
                        "Plan Width": 8,
                        "Actual Startup Time": 5793.453,
                        "Actual Total Time": 5793.521,
                        "Actual Rows": 1,
                        "Actual Loops": 1,
                        "Plans": [
                            {
                                "Node Type": "Nested Loop",
                                "Parent Relationship": "Outer",
                                "Parallel Aware": false,
                                "Async Capable": false,
                                "Join Type": "Anti",
                                "Startup Cost": 4145.2,
                                "Total Cost": 4159.23,
                                "Plan Rows": 1,
                                "Plan Width": 4,
                                "Actual Startup Time": 549.541,
                                "Actual Total Time": 5793.505,
                                "Actual Rows": 9,
                                "Actual Loops": 1,
                                "Inner Unique": false,
                                "Plans": [
                                    {
                                        "Node Type": "Nested Loop",
                                        "Parent Relationship": "Outer",
                                        "Parallel Aware": false,
                                        "Async Capable": false,
                                        "Join Type": "Inner",
                                        "Startup Cost": 4141.46,
                                        "Total Cost": 4149.62,
                                        "Plan Rows": 1,
                                        "Plan Width": 12,
                                        "Actual Startup Time": 381.861,
                                        "Actual Total Time": 5793.316,
                                        "Actual Rows": 26,
                                        "Actual Loops": 1,
                                        "Inner Unique": false,
                                        "Join Filter": "(site.site_id = pl.site_id)",
                                        "Rows Removed by Join Filter": 0,
                                        "Plans": [
                                            {
                                                "Node Type": "Nested Loop",
                                                "Parent Relationship": "Outer",
                                                "Parallel Aware": false,
                                                "Async Capable": false,
                                                "Join Type": "Inner",
                                                "Startup Cost": 3817.69,
                                                "Total Cost": 3821.82,
                                                "Plan Rows": 1,
                                                "Plan Width": 32,
                                                "Actual Startup Time": 284.187,
                                                "Actual Total Time": 296.151,
                                                "Actual Rows": 280,
                                                "Actual Loops": 1,
                                                "Inner Unique": true,
                                                "Plans": [
                                                    {
                                                        "Node Type": "Gather Merge",
                                                        "Parent Relationship": "Outer",
                                                        "Parallel Aware": false,
                                                        "Async Capable": false,
                                                        "Startup Cost": 3813.94,
                                                        "Total Cost": 3814.06,
                                                        "Plan Rows": 1,
                                                        "Plan Width": 32,
                                                        "Actual Startup Time": 284.171,
                                                        "Actual Total Time": 284.583,
                                                        "Actual Rows": 1172,
                                                        "Actual Loops": 1,
                                                        "Workers Planned": 1,
                                                        "Workers Launched": 1,
                                                        "Plans": [
                                                            {
                                                                "Node Type": "Sort",
                                                                "Parent Relationship": "Outer",
                                                                "Parallel Aware": false,
                                                                "Async Capable": false,
                                                                "Startup Cost": 2813.93,
                                                                "Total Cost": 2813.94,
                                                                "Plan Rows": 1,
                                                                "Plan Width": 32,
                                                                "Actual Startup Time": 145.52,
                                                                "Actual Total Time": 145.64,
                                                                "Actual Rows": 586,
                                                                "Actual Loops": 2,
                                                                "Sort Key": [
                                                                    "so_user.account_id"
                                                                ],
                                                                "Sort Method": "quicksort",
                                                                "Sort Space Used": 113,
                                                                "Sort Space Type": "Memory",
                                                                "Workers": [
                                                                    {
                                                                        "Worker Number": 0,
                                                                        "Sort Method": "quicksort",
                                                                        "Sort Space Used": 25,
                                                                        "Sort Space Type": "Memory"
                                                                    }
                                                                ],
                                                                "Plans": [
                                                                    {
                                                                        "Node Type": "Nested Loop",
                                                                        "Parent Relationship": "Outer",
                                                                        "Parallel Aware": false,
                                                                        "Async Capable": false,
                                                                        "Join Type": "Inner",
                                                                        "Startup Cost": 15.55,
                                                                        "Total Cost": 2813.92,
                                                                        "Plan Rows": 1,
                                                                        "Plan Width": 32,
                                                                        "Actual Startup Time": 106.522,
                                                                        "Actual Total Time": 145.286,
                                                                        "Actual Rows": 586,
                                                                        "Actual Loops": 2,
                                                                        "Inner Unique": true,
                                                                        "Join Filter": "(site.site_id = so_user.site_id)",
                                                                        "Rows Removed by Join Filter": 0,
                                                                        "Workers": [],
                                                                        "Plans": [
                                                                            {
                                                                                "Node Type": "Nested Loop",
                                                                                "Parent Relationship": "Outer",
                                                                                "Parallel Aware": false,
                                                                                "Async Capable": false,
                                                                                "Join Type": "Inner",
                                                                                "Startup Cost": 11.8,
                                                                                "Total Cost": 2806.14,
                                                                                "Plan Rows": 1,
                                                                                "Plan Width": 28,
                                                                                "Actual Startup Time": 106.511,
                                                                                "Actual Total Time": 138.287,
                                                                                "Actual Rows": 1291,
                                                                                "Actual Loops": 2,
                                                                                "Inner Unique": true,
                                                                                "Join Filter": "(site.site_id = q.site_id)",
                                                                                "Rows Removed by Join Filter": 0,
                                                                                "Workers": [],
                                                                                "Plans": [
                                                                                    {
                                                                                        "Node Type": "Nested Loop",
                                                                                        "Parent Relationship": "Outer",
                                                                                        "Parallel Aware": false,
                                                                                        "Async Capable": false,
                                                                                        "Join Type": "Inner",
                                                                                        "Startup Cost": 8.06,
                                                                                        "Total Cost": 2705.12,
                                                                                        "Plan Rows": 13,
                                                                                        "Plan Width": 16,
                                                                                        "Actual Startup Time": 8.391,
                                                                                        "Actual Total Time": 20.113,
                                                                                        "Actual Rows": 10116,
                                                                                        "Actual Loops": 2,
                                                                                        "Inner Unique": false,
                                                                                        "Join Filter": "(site.site_id = tq.site_id)",
                                                                                        "Rows Removed by Join Filter": 0,
                                                                                        "Workers": [],
                                                                                        "Plans": [
                                                                                            {
                                                                                                "Node Type": "Hash Join",
                                                                                                "Parent Relationship": "Outer",
                                                                                                "Parallel Aware": false,
                                                                                                "Async Capable": false,
                                                                                                "Join Type": "Inner",
                                                                                                "Startup Cost": 3.18,
                                                                                                "Total Cost": 2576.54,
                                                                                                "Plan Rows": 1,
                                                                                                "Plan Width": 12,
                                                                                                "Actual Startup Time": 6.34,
                                                                                                "Actual Total Time": 6.349,
                                                                                                "Actual Rows": 0,
                                                                                                "Actual Loops": 2,
                                                                                                "Inner Unique": true,
                                                                                                "Hash Cond": "(tag.site_id = site.site_id)",
                                                                                                "Workers": [],
                                                                                                "Plans": [
                                                                                                    {
                                                                                                        "Node Type": "Seq Scan",
                                                                                                        "Parent Relationship": "Outer",
                                                                                                        "Parallel Aware": true,
                                                                                                        "Async Capable": false,
                                                                                                        "Relation Name": "tag",
                                                                                                        "Alias": "tag",
                                                                                                        "Startup Cost": 0.0,
                                                                                                        "Total Cost": 2573.31,
                                                                                                        "Plan Rows": 22,
                                                                                                        "Plan Width": 8,
                                                                                                        "Actual Startup Time": 0.384,
                                                                                                        "Actual Total Time": 6.283,
                                                                                                        "Actual Rows": 16,
                                                                                                        "Actual Loops": 2,
                                                                                                        "Filter": "((name)::text = 'debugging'::text)",
                                                                                                        "Rows Removed by Filter": 93369,
                                                                                                        "Workers": []
                                                                                                    },
                                                                                                    {
                                                                                                        "Node Type": "Hash",
                                                                                                        "Parent Relationship": "Inner",
                                                                                                        "Parallel Aware": false,
                                                                                                        "Async Capable": false,
                                                                                                        "Startup Cost": 3.16,
                                                                                                        "Total Cost": 3.16,
                                                                                                        "Plan Rows": 1,
                                                                                                        "Plan Width": 4,
                                                                                                        "Actual Startup Time": 0.017,
                                                                                                        "Actual Total Time": 0.017,
                                                                                                        "Actual Rows": 1,
                                                                                                        "Actual Loops": 2,
                                                                                                        "Hash Buckets": 1024,
                                                                                                        "Original Hash Buckets": 1024,
                                                                                                        "Hash Batches": 1,
                                                                                                        "Original Hash Batches": 1,
                                                                                                        "Peak Memory Usage": 9,
                                                                                                        "Workers": [],
                                                                                                        "Plans": [
                                                                                                            {
                                                                                                                "Node Type": "Seq Scan",
                                                                                                                "Parent Relationship": "Outer",
                                                                                                                "Parallel Aware": false,
                                                                                                                "Async Capable": false,
                                                                                                                "Relation Name": "site",
                                                                                                                "Alias": "site",
                                                                                                                "Startup Cost": 0.0,
                                                                                                                "Total Cost": 3.16,
                                                                                                                "Plan Rows": 1,
                                                                                                                "Plan Width": 4,
                                                                                                                "Actual Startup Time": 0.012,
                                                                                                                "Actual Total Time": 0.014,
                                                                                                                "Actual Rows": 1,
                                                                                                                "Actual Loops": 2,
                                                                                                                "Filter": "((site_name)::text = 'stackoverflow'::text)",
                                                                                                                "Rows Removed by Filter": 172,
                                                                                                                "Workers": []
                                                                                                            }
                                                                                                        ]
                                                                                                    }
                                                                                                ]
                                                                                            },
                                                                                            {
                                                                                                "Node Type": "Bitmap Heap Scan",
                                                                                                "Parent Relationship": "Inner",
                                                                                                "Parallel Aware": false,
                                                                                                "Async Capable": false,
                                                                                                "Relation Name": "tag_question",
                                                                                                "Alias": "tq",
                                                                                                "Startup Cost": 4.88,
                                                                                                "Total Cost": 128.19,
                                                                                                "Plan Rows": 31,
                                                                                                "Plan Width": 12,
                                                                                                "Actual Startup Time": 4.093,
                                                                                                "Actual Total Time": 24.901,
                                                                                                "Actual Rows": 20231,
                                                                                                "Actual Loops": 1,
                                                                                                "Recheck Cond": "((tag.site_id = site_id) AND (tag.id = tag_id))",
                                                                                                "Rows Removed by Index Recheck": 0,
                                                                                                "Exact Heap Blocks": 18673,
                                                                                                "Lossy Heap Blocks": 0,
                                                                                                "Workers": [],
                                                                                                "Plans": [
                                                                                                    {
                                                                                                        "Node Type": "Bitmap Index Scan",
                                                                                                        "Parent Relationship": "Outer",
                                                                                                        "Parallel Aware": false,
                                                                                                        "Async Capable": false,
                                                                                                        "Index Name": "tag_question_site_id_tag_id_question_id_idx",
                                                                                                        "Startup Cost": 0.0,
                                                                                                        "Total Cost": 4.88,
                                                                                                        "Plan Rows": 31,
                                                                                                        "Plan Width": 0,
                                                                                                        "Actual Startup Time": 1.875,
                                                                                                        "Actual Total Time": 1.875,
                                                                                                        "Actual Rows": 20231,
                                                                                                        "Actual Loops": 1,
                                                                                                        "Index Cond": "((site_id = tag.site_id) AND (tag_id = tag.id))",
                                                                                                        "Workers": []
                                                                                                    }
                                                                                                ]
                                                                                            }
                                                                                        ]
                                                                                    },
                                                                                    {
                                                                                        "Node Type": "Bitmap Heap Scan",
                                                                                        "Parent Relationship": "Inner",
                                                                                        "Parallel Aware": false,
                                                                                        "Async Capable": false,
                                                                                        "Relation Name": "question",
                                                                                        "Alias": "q",
                                                                                        "Startup Cost": 3.74,
                                                                                        "Total Cost": 7.76,
                                                                                        "Plan Rows": 1,
                                                                                        "Plan Width": 12,
                                                                                        "Actual Startup Time": 0.011,
                                                                                        "Actual Total Time": 0.011,
                                                                                        "Actual Rows": 0,
                                                                                        "Actual Loops": 20231,
                                                                                        "Recheck Cond": "((id = tq.question_id) AND (site_id = tq.site_id))",
                                                                                        "Rows Removed by Index Recheck": 0,
                                                                                        "Filter": "(creation_date > '2018-01-01'::date)",
                                                                                        "Rows Removed by Filter": 1,
                                                                                        "Exact Heap Blocks": 20231,
                                                                                        "Lossy Heap Blocks": 0,
                                                                                        "Workers": [],
                                                                                        "Plans": [
                                                                                            {
                                                                                                "Node Type": "Bitmap Index Scan",
                                                                                                "Parent Relationship": "Outer",
                                                                                                "Parallel Aware": false,
                                                                                                "Async Capable": false,
                                                                                                "Index Name": "question_pkey",
                                                                                                "Startup Cost": 0.0,
                                                                                                "Total Cost": 3.74,
                                                                                                "Plan Rows": 1,
                                                                                                "Plan Width": 0,
                                                                                                "Actual Startup Time": 0.01,
                                                                                                "Actual Total Time": 0.01,
                                                                                                "Actual Rows": 1,
                                                                                                "Actual Loops": 20231,
                                                                                                "Index Cond": "((id = tq.question_id) AND (site_id = tq.site_id))",
                                                                                                "Workers": []
                                                                                            }
                                                                                        ]
                                                                                    }
                                                                                ]
                                                                            },
                                                                            {
                                                                                "Node Type": "Bitmap Heap Scan",
                                                                                "Parent Relationship": "Inner",
                                                                                "Parallel Aware": false,
                                                                                "Async Capable": false,
                                                                                "Relation Name": "so_user",
                                                                                "Alias": "so_user",
                                                                                "Startup Cost": 3.75,
                                                                                "Total Cost": 7.77,
                                                                                "Plan Rows": 1,
                                                                                "Plan Width": 12,
                                                                                "Actual Startup Time": 0.005,
                                                                                "Actual Total Time": 0.005,
                                                                                "Actual Rows": 0,
                                                                                "Actual Loops": 2582,
                                                                                "Recheck Cond": "((id = q.owner_user_id) AND (site_id = q.site_id))",
                                                                                "Rows Removed by Index Recheck": 0,
                                                                                "Filter": "(reputation > 118)",
                                                                                "Rows Removed by Filter": 1,
                                                                                "Exact Heap Blocks": 2582,
                                                                                "Lossy Heap Blocks": 0,
                                                                                "Workers": [],
                                                                                "Plans": [
                                                                                    {
                                                                                        "Node Type": "Bitmap Index Scan",
                                                                                        "Parent Relationship": "Outer",
                                                                                        "Parallel Aware": false,
                                                                                        "Async Capable": false,
                                                                                        "Index Name": "so_user_pkey",
                                                                                        "Startup Cost": 0.0,
                                                                                        "Total Cost": 3.75,
                                                                                        "Plan Rows": 1,
                                                                                        "Plan Width": 0,
                                                                                        "Actual Startup Time": 0.003,
                                                                                        "Actual Total Time": 0.003,
                                                                                        "Actual Rows": 1,
                                                                                        "Actual Loops": 2582,
                                                                                        "Index Cond": "((id = q.owner_user_id) AND (site_id = q.site_id))",
                                                                                        "Workers": []
                                                                                    }
                                                                                ]
                                                                            }
                                                                        ]
                                                                    }
                                                                ]
                                                            }
                                                        ]
                                                    },
                                                    {
                                                        "Node Type": "Bitmap Heap Scan",
                                                        "Parent Relationship": "Inner",
                                                        "Parallel Aware": false,
                                                        "Async Capable": false,
                                                        "Relation Name": "account",
                                                        "Alias": "account",
                                                        "Startup Cost": 3.74,
                                                        "Total Cost": 7.76,
                                                        "Plan Rows": 1,
                                                        "Plan Width": 4,
                                                        "Actual Startup Time": 0.009,
                                                        "Actual Total Time": 0.009,
                                                        "Actual Rows": 0,
                                                        "Actual Loops": 1172,
                                                        "Recheck Cond": "(id = so_user.account_id)",
                                                        "Rows Removed by Index Recheck": 0,
                                                        "Filter": "((website_url)::text <> ''::text)",
                                                        "Rows Removed by Filter": 1,
                                                        "Exact Heap Blocks": 1172,
                                                        "Lossy Heap Blocks": 0,
                                                        "Plans": [
                                                            {
                                                                "Node Type": "Bitmap Index Scan",
                                                                "Parent Relationship": "Outer",
                                                                "Parallel Aware": false,
                                                                "Async Capable": false,
                                                                "Index Name": "account_pkey",
                                                                "Startup Cost": 0.0,
                                                                "Total Cost": 3.74,
                                                                "Plan Rows": 1,
                                                                "Plan Width": 0,
                                                                "Actual Startup Time": 0.004,
                                                                "Actual Total Time": 0.004,
                                                                "Actual Rows": 1,
                                                                "Actual Loops": 1172,
                                                                "Index Cond": "(id = so_user.account_id)"
                                                            }
                                                        ]
                                                    }
                                                ]
                                            },
                                            {
                                                "Node Type": "Bitmap Heap Scan",
                                                "Parent Relationship": "Inner",
                                                "Parallel Aware": false,
                                                "Async Capable": false,
                                                "Relation Name": "post_link",
                                                "Alias": "pl",
                                                "Startup Cost": 323.77,
                                                "Total Cost": 327.79,
                                                "Plan Rows": 1,
                                                "Plan Width": 8,
                                                "Actual Startup Time": 19.631,
                                                "Actual Total Time": 19.631,
                                                "Actual Rows": 0,
                                                "Actual Loops": 280,
                                                "Recheck Cond": "((q.site_id = site_id) AND (q.id = post_id_to))",
                                                "Rows Removed by Index Recheck": 0,
                                                "Exact Heap Blocks": 25,
                                                "Lossy Heap Blocks": 0,
                                                "Plans": [
                                                    {
                                                        "Node Type": "Bitmap Index Scan",
                                                        "Parent Relationship": "Outer",
                                                        "Parallel Aware": false,
                                                        "Async Capable": false,
                                                        "Index Name": "post_link_pkey",
                                                        "Startup Cost": 0.0,
                                                        "Total Cost": 323.77,
                                                        "Plan Rows": 1,
                                                        "Plan Width": 0,
                                                        "Actual Startup Time": 19.631,
                                                        "Actual Total Time": 19.631,
                                                        "Actual Rows": 0,
                                                        "Actual Loops": 280,
                                                        "Index Cond": "((site_id = q.site_id) AND (post_id_to = q.id))"
                                                    }
                                                ]
                                            }
                                        ]
                                    },
                                    {
                                        "Node Type": "Bitmap Heap Scan",
                                        "Parent Relationship": "Inner",
                                        "Parallel Aware": false,
                                        "Async Capable": false,
                                        "Relation Name": "answer",
                                        "Alias": "a",
                                        "Startup Cost": 3.73,
                                        "Total Cost": 7.75,
                                        "Plan Rows": 1,
                                        "Plan Width": 8,
                                        "Actual Startup Time": 0.005,
                                        "Actual Total Time": 0.005,
                                        "Actual Rows": 1,
                                        "Actual Loops": 26,
                                        "Recheck Cond": "((site_id = q.site_id) AND (question_id = q.id))",
                                        "Rows Removed by Index Recheck": 0,
                                        "Exact Heap Blocks": 17,
                                        "Lossy Heap Blocks": 0,
                                        "Plans": [
                                            {
                                                "Node Type": "Bitmap Index Scan",
                                                "Parent Relationship": "Outer",
                                                "Parallel Aware": false,
                                                "Async Capable": false,
                                                "Index Name": "answer_site_id_question_id_idx",
                                                "Startup Cost": 0.0,
                                                "Total Cost": 3.73,
                                                "Plan Rows": 1,
                                                "Plan Width": 0,
                                                "Actual Startup Time": 0.004,
                                                "Actual Total Time": 0.004,
                                                "Actual Rows": 1,
                                                "Actual Loops": 26,
                                                "Index Cond": "((site_id = q.site_id) AND (question_id = q.id))"
                                            }
                                        ]
                                    }
                                ]
                            }
                        ]
                    },
                    "Planning Time": 6.2,
                    "Triggers": [],
                    "Execution Time": 5793.582
                }
            ],
            "hints": [
                "SET enable_hashjoin TO on",
                "SET enable_indexonlyscan TO on",
                "SET enable_indexscan TO off",
                "SET enable_mergejoin TO off",
                "SET enable_nestloop TO on",
                "SET enable_seqscan TO on"
            ]
        },
        {
            "arm": 3,
            "execution_time": 1870.534,
            "plan": [
                {
                    "Plan": {
                        "Node Type": "Aggregate",
                        "Strategy": "Plain",
                        "Partial Mode": "Simple",
                        "Parallel Aware": false,
                        "Async Capable": false,
                        "Startup Cost": 3184619.62,
                        "Total Cost": 3184619.63,
                        "Plan Rows": 1,
                        "Plan Width": 8,
                        "Actual Startup Time": 1857.502,
                        "Actual Total Time": 1870.487,
                        "Actual Rows": 1,
                        "Actual Loops": 1,
                        "Plans": [
                            {
                                "Node Type": "Sort",
                                "Parent Relationship": "Outer",
                                "Parallel Aware": false,
                                "Async Capable": false,
                                "Startup Cost": 3184619.61,
                                "Total Cost": 3184619.62,
                                "Plan Rows": 1,
                                "Plan Width": 4,
                                "Actual Startup Time": 1857.495,
                                "Actual Total Time": 1870.48,
                                "Actual Rows": 9,
                                "Actual Loops": 1,
                                "Sort Key": [
                                    "account.id"
                                ],
                                "Sort Method": "quicksort",
                                "Sort Space Used": 25,
                                "Sort Space Type": "Memory",
                                "Plans": [
                                    {
                                        "Node Type": "Gather",
                                        "Parent Relationship": "Outer",
                                        "Parallel Aware": false,
                                        "Async Capable": false,
                                        "Startup Cost": 2415245.63,
                                        "Total Cost": 3184619.6,
                                        "Plan Rows": 1,
                                        "Plan Width": 4,
                                        "Actual Startup Time": 1856.53,
                                        "Actual Total Time": 1870.473,
                                        "Actual Rows": 9,
                                        "Actual Loops": 1,
                                        "Workers Planned": 7,
                                        "Workers Launched": 7,
                                        "Single Copy": false,
                                        "Plans": [
                                            {
                                                "Node Type": "Hash Join",
                                                "Parent Relationship": "Outer",
                                                "Parallel Aware": true,
                                                "Async Capable": false,
                                                "Join Type": "Right Anti",
                                                "Startup Cost": 2414245.63,
                                                "Total Cost": 3183619.5,
                                                "Plan Rows": 1,
                                                "Plan Width": 4,
                                                "Actual Startup Time": 1853.804,
                                                "Actual Total Time": 1853.814,
                                                "Actual Rows": 1,
                                                "Actual Loops": 8,
                                                "Inner Unique": false,
                                                "Hash Cond": "((a.site_id = q.site_id) AND (a.question_id = q.id))",
                                                "Workers": [],
                                                "Plans": [
                                                    {
                                                        "Node Type": "Seq Scan",
                                                        "Parent Relationship": "Outer",
                                                        "Parallel Aware": true,
                                                        "Async Capable": false,
                                                        "Relation Name": "answer",
                                                        "Alias": "a",
                                                        "Startup Cost": 0.0,
                                                        "Total Cost": 762572.49,
                                                        "Plan Rows": 906849,
                                                        "Plan Width": 8,
                                                        "Actual Startup Time": 0.029,
                                                        "Actual Total Time": 186.829,
                                                        "Actual Rows": 793444,
                                                        "Actual Loops": 8,
                                                        "Workers": []
                                                    },
                                                    {
                                                        "Node Type": "Hash",
                                                        "Parent Relationship": "Inner",
                                                        "Parallel Aware": true,
                                                        "Async Capable": false,
                                                        "Startup Cost": 2414245.62,
                                                        "Total Cost": 2414245.62,
                                                        "Plan Rows": 1,
                                                        "Plan Width": 12,
                                                        "Actual Startup Time": 1623.189,
                                                        "Actual Total Time": 1623.198,
                                                        "Actual Rows": 3,
                                                        "Actual Loops": 8,
                                                        "Hash Buckets": 1024,
                                                        "Original Hash Buckets": 1024,
                                                        "Hash Batches": 1,
                                                        "Original Hash Batches": 1,
                                                        "Peak Memory Usage": 232,
                                                        "Workers": [],
                                                        "Plans": [
                                                            {
                                                                "Node Type": "Hash Join",
                                                                "Parent Relationship": "Outer",
                                                                "Parallel Aware": true,
                                                                "Async Capable": false,
                                                                "Join Type": "Inner",
                                                                "Startup Cost": 2387015.08,
                                                                "Total Cost": 2414245.62,
                                                                "Plan Rows": 1,
                                                                "Plan Width": 12,
                                                                "Actual Startup Time": 1618.392,
                                                                "Actual Total Time": 1623.164,
                                                                "Actual Rows": 3,
                                                                "Actual Loops": 8,
                                                                "Inner Unique": false,
                                                                "Hash Cond": "((pl.site_id = site.site_id) AND (pl.post_id_to = q.id))",
                                                                "Workers": [],
                                                                "Plans": [
                                                                    {
                                                                        "Node Type": "Seq Scan",
                                                                        "Parent Relationship": "Outer",
                                                                        "Parallel Aware": true,
                                                                        "Async Capable": false,
                                                                        "Relation Name": "post_link",
                                                                        "Alias": "pl",
                                                                        "Startup Cost": 0.0,
                                                                        "Total Cost": 21752.3,
                                                                        "Plan Rows": 730430,
                                                                        "Plan Width": 8,
                                                                        "Actual Startup Time": 0.008,
                                                                        "Actual Total Time": 12.55,
                                                                        "Actual Rows": 283042,
                                                                        "Actual Loops": 8,
                                                                        "Workers": []
                                                                    },
                                                                    {
                                                                        "Node Type": "Hash",
                                                                        "Parent Relationship": "Inner",
                                                                        "Parallel Aware": true,
                                                                        "Async Capable": false,
                                                                        "Startup Cost": 2387015.07,
                                                                        "Total Cost": 2387015.07,
                                                                        "Plan Rows": 1,
                                                                        "Plan Width": 32,
                                                                        "Actual Startup Time": 1596.441,
                                                                        "Actual Total Time": 1596.449,
                                                                        "Actual Rows": 35,
                                                                        "Actual Loops": 8,
                                                                        "Hash Buckets": 1024,
                                                                        "Original Hash Buckets": 1024,
                                                                        "Hash Batches": 1,
                                                                        "Original Hash Batches": 1,
                                                                        "Peak Memory Usage": 264,
                                                                        "Workers": [],
                                                                        "Plans": [
                                                                            {
                                                                                "Node Type": "Hash Join",
                                                                                "Parent Relationship": "Outer",
                                                                                "Parallel Aware": true,
                                                                                "Async Capable": false,
                                                                                "Join Type": "Inner",
                                                                                "Startup Cost": 2136221.99,
                                                                                "Total Cost": 2387015.07,
                                                                                "Plan Rows": 1,
                                                                                "Plan Width": 32,
                                                                                "Actual Startup Time": 1499.389,
                                                                                "Actual Total Time": 1596.22,
                                                                                "Actual Rows": 35,
                                                                                "Actual Loops": 8,
                                                                                "Inner Unique": false,
                                                                                "Hash Cond": "((so_user.site_id = site.site_id) AND (so_user.id = q.owner_user_id))",
                                                                                "Workers": [],
                                                                                "Plans": [
                                                                                    {
                                                                                        "Node Type": "Hash Join",
                                                                                        "Parent Relationship": "Outer",
                                                                                        "Parallel Aware": true,
                                                                                        "Async Capable": false,
                                                                                        "Join Type": "Inner",
                                                                                        "Startup Cost": 150787.4,
                                                                                        "Total Cost": 401470.27,
                                                                                        "Plan Rows": 14693,
                                                                                        "Plan Width": 12,
                                                                                        "Actual Startup Time": 113.885,
                                                                                        "Actual Total Time": 269.512,
                                                                                        "Actual Rows": 54155,
                                                                                        "Actual Loops": 8,
                                                                                        "Inner Unique": true,
                                                                                        "Hash Cond": "(so_user.account_id = account.id)",
                                                                                        "Workers": [],
                                                                                        "Plans": [
                                                                                            {
                                                                                                "Node Type": "Seq Scan",
                                                                                                "Parent Relationship": "Outer",
                                                                                                "Parallel Aware": true,
                                                                                                "Async Capable": false,
                                                                                                "Relation Name": "so_user",
                                                                                                "Alias": "so_user",
                                                                                                "Startup Cost": 0.0,
                                                                                                "Total Cost": 249938.77,
                                                                                                "Plan Rows": 283467,
                                                                                                "Plan Width": 12,
                                                                                                "Actual Startup Time": 0.016,
                                                                                                "Actual Total Time": 122.313,
                                                                                                "Actual Rows": 170455,
                                                                                                "Actual Loops": 8,
                                                                                                "Filter": "(reputation > 118)",
                                                                                                "Rows Removed by Filter": 2466707,
                                                                                                "Workers": []
                                                                                            },
                                                                                            {
                                                                                                "Node Type": "Hash",
                                                                                                "Parent Relationship": "Inner",
                                                                                                "Parallel Aware": true,
                                                                                                "Async Capable": false,
                                                                                                "Startup Cost": 148993.09,
                                                                                                "Total Cost": 148993.09,
                                                                                                "Plan Rows": 143545,
                                                                                                "Plan Width": 4,
                                                                                                "Actual Startup Time": 113.452,
                                                                                                "Actual Total Time": 113.452,
                                                                                                "Actual Rows": 90584,
                                                                                                "Actual Loops": 8,
                                                                                                "Hash Buckets": 1048576,
                                                                                                "Original Hash Buckets": 1048576,
                                                                                                "Hash Batches": 1,
                                                                                                "Original Hash Batches": 1,
                                                                                                "Peak Memory Usage": 36672,
                                                                                                "Workers": [],
                                                                                                "Plans": [
                                                                                                    {
                                                                                                        "Node Type": "Seq Scan",
                                                                                                        "Parent Relationship": "Outer",
                                                                                                        "Parallel Aware": true,
                                                                                                        "Async Capable": false,
                                                                                                        "Relation Name": "account",
                                                                                                        "Alias": "account",
                                                                                                        "Startup Cost": 0.0,
                                                                                                        "Total Cost": 148993.09,
                                                                                                        "Plan Rows": 143545,
                                                                                                        "Plan Width": 4,
                                                                                                        "Actual Startup Time": 0.022,
                                                                                                        "Actual Total Time": 93.863,
                                                                                                        "Actual Rows": 90584,
                                                                                                        "Actual Loops": 8,
                                                                                                        "Filter": "((website_url)::text <> ''::text)",
                                                                                                        "Rows Removed by Filter": 1643435,
                                                                                                        "Workers": []
                                                                                                    }
                                                                                                ]
                                                                                            }
                                                                                        ]
                                                                                    },
                                                                                    {
                                                                                        "Node Type": "Hash",
                                                                                        "Parent Relationship": "Inner",
                                                                                        "Parallel Aware": true,
                                                                                        "Async Capable": false,
                                                                                        "Startup Cost": 1985434.57,
                                                                                        "Total Cost": 1985434.57,
                                                                                        "Plan Rows": 1,
                                                                                        "Plan Width": 28,
                                                                                        "Actual Startup Time": 1321.376,
                                                                                        "Actual Total Time": 1321.381,
                                                                                        "Actual Rows": 323,
                                                                                        "Actual Loops": 8,
                                                                                        "Hash Buckets": 1024,
                                                                                        "Original Hash Buckets": 1024,
                                                                                        "Hash Batches": 1,
                                                                                        "Original Hash Batches": 1,
                                                                                        "Peak Memory Usage": 264,
                                                                                        "Workers": [],
                                                                                        "Plans": [
                                                                                            {
                                                                                                "Node Type": "Hash Join",
                                                                                                "Parent Relationship": "Outer",
                                                                                                "Parallel Aware": true,
                                                                                                "Async Capable": false,
                                                                                                "Join Type": "Inner",
                                                                                                "Startup Cost": 295798.78,
                                                                                                "Total Cost": 1985434.57,
                                                                                                "Plan Rows": 1,
                                                                                                "Plan Width": 28,
                                                                                                "Actual Startup Time": 854.784,
                                                                                                "Actual Total Time": 1321.242,
                                                                                                "Actual Rows": 323,
                                                                                                "Actual Loops": 8,
                                                                                                "Inner Unique": false,
                                                                                                "Hash Cond": "((q.site_id = site.site_id) AND (q.id = tq.question_id))",
                                                                                                "Workers": [],
                                                                                                "Plans": [
                                                                                                    {
                                                                                                        "Node Type": "Seq Scan",
                                                                                                        "Parent Relationship": "Outer",
                                                                                                        "Parallel Aware": true,
                                                                                                        "Async Capable": false,
                                                                                                        "Relation Name": "question",
                                                                                                        "Alias": "q",
                                                                                                        "Startup Cost": 0.0,
                                                                                                        "Total Cost": 1686771.15,
                                                                                                        "Plan Rows": 381951,
                                                                                                        "Plan Width": 12,
                                                                                                        "Actual Startup Time": 0.026,
                                                                                                        "Actual Total Time": 441.924,
                                                                                                        "Actual Rows": 327233,
                                                                                                        "Actual Loops": 8,
                                                                                                        "Filter": "(creation_date > '2018-01-01'::date)",
                                                                                                        "Rows Removed by Filter": 1256072,
                                                                                                        "Workers": []
                                                                                                    },
                                                                                                    {
                                                                                                        "Node Type": "Hash",
                                                                                                        "Parent Relationship": "Inner",
                                                                                                        "Parallel Aware": true,
                                                                                                        "Async Capable": false,
                                                                                                        "Startup Cost": 295798.72,
                                                                                                        "Total Cost": 295798.72,
                                                                                                        "Plan Rows": 4,
                                                                                                        "Plan Width": 16,
                                                                                                        "Actual Startup Time": 854.22,
                                                                                                        "Actual Total Time": 854.223,
                                                                                                        "Actual Rows": 2529,
                                                                                                        "Actual Loops": 8,
                                                                                                        "Hash Buckets": 32768,
                                                                                                        "Original Hash Buckets": 1024,
                                                                                                        "Hash Batches": 1,
                                                                                                        "Original Hash Batches": 1,
                                                                                                        "Peak Memory Usage": 1624,
                                                                                                        "Workers": [],
                                                                                                        "Plans": [
                                                                                                            {
                                                                                                                "Node Type": "Hash Join",
                                                                                                                "Parent Relationship": "Outer",
                                                                                                                "Parallel Aware": true,
                                                                                                                "Async Capable": false,
                                                                                                                "Join Type": "Inner",
                                                                                                                "Startup Cost": 2576.81,
                                                                                                                "Total Cost": 295798.72,
                                                                                                                "Plan Rows": 4,
                                                                                                                "Plan Width": 16,
                                                                                                                "Actual Startup Time": 2.051,
                                                                                                                "Actual Total Time": 628.861,
                                                                                                                "Actual Rows": 2529,
                                                                                                                "Actual Loops": 8,
                                                                                                                "Inner Unique": true,
                                                                                                                "Hash Cond": "((site.site_id = tag.site_id) AND (tq.tag_id = tag.id))",
                                                                                                                "Workers": [],
                                                                                                                "Plans": [
                                                                                                                    {
                                                                                                                        "Node Type": "Hash Join",
                                                                                                                        "Parent Relationship": "Outer",
                                                                                                                        "Parallel Aware": false,
                                                                                                                        "Async Capable": false,
                                                                                                                        "Join Type": "Inner",
                                                                                                                        "Startup Cost": 3.18,
                                                                                                                        "Total Cost": 293001.22,
                                                                                                                        "Plan Rows": 42640,
                                                                                                                        "Plan Width": 16,
                                                                                                                        "Actual Startup Time": 0.053,
                                                                                                                        "Actual Total Time": 506.308,
                                                                                                                        "Actual Rows": 3477604,
                                                                                                                        "Actual Loops": 8,
                                                                                                                        "Inner Unique": true,
                                                                                                                        "Hash Cond": "(tq.site_id = site.site_id)",
                                                                                                                        "Workers": [],
                                                                                                                        "Plans": [
                                                                                                                            {
                                                                                                                                "Node Type": "Seq Scan",
                                                                                                                                "Parent Relationship": "Outer",
                                                                                                                                "Parallel Aware": true,
                                                                                                                                "Async Capable": false,
                                                                                                                                "Relation Name": "tag_question",
                                                                                                                                "Alias": "tq",
                                                                                                                                "Startup Cost": 0.0,
                                                                                                                                "Total Cost": 273159.66,
                                                                                                                                "Plan Rows": 7376766,
                                                                                                                                "Plan Width": 12,
                                                                                                                                "Actual Startup Time": 0.018,
                                                                                                                                "Actual Total Time": 193.509,
                                                                                                                                "Actual Rows": 4610477,
                                                                                                                                "Actual Loops": 8,
                                                                                                                                "Workers": []
                                                                                                                            },
                                                                                                                            {
                                                                                                                                "Node Type": "Hash",
                                                                                                                                "Parent Relationship": "Inner",
                                                                                                                                "Parallel Aware": false,
                                                                                                                                "Async Capable": false,
                                                                                                                                "Startup Cost": 3.16,
                                                                                                                                "Total Cost": 3.16,
                                                                                                                                "Plan Rows": 1,
                                                                                                                                "Plan Width": 4,
                                                                                                                                "Actual Startup Time": 0.024,
                                                                                                                                "Actual Total Time": 0.024,
                                                                                                                                "Actual Rows": 1,
                                                                                                                                "Actual Loops": 8,
                                                                                                                                "Hash Buckets": 1024,
                                                                                                                                "Original Hash Buckets": 1024,
                                                                                                                                "Hash Batches": 1,
                                                                                                                                "Original Hash Batches": 1,
                                                                                                                                "Peak Memory Usage": 9,
                                                                                                                                "Workers": [],
                                                                                                                                "Plans": [
                                                                                                                                    {
                                                                                                                                        "Node Type": "Seq Scan",
                                                                                                                                        "Parent Relationship": "Outer",
                                                                                                                                        "Parallel Aware": false,
                                                                                                                                        "Async Capable": false,
                                                                                                                                        "Relation Name": "site",
                                                                                                                                        "Alias": "site",
                                                                                                                                        "Startup Cost": 0.0,
                                                                                                                                        "Total Cost": 3.16,
                                                                                                                                        "Plan Rows": 1,
                                                                                                                                        "Plan Width": 4,
                                                                                                                                        "Actual Startup Time": 0.016,
                                                                                                                                        "Actual Total Time": 0.017,
                                                                                                                                        "Actual Rows": 1,
                                                                                                                                        "Actual Loops": 8,
                                                                                                                                        "Filter": "((site_name)::text = 'stackoverflow'::text)",
                                                                                                                                        "Rows Removed by Filter": 172,
                                                                                                                                        "Workers": []
                                                                                                                                    }
                                                                                                                                ]
                                                                                                                            }
                                                                                                                        ]
                                                                                                                    },
                                                                                                                    {
                                                                                                                        "Node Type": "Hash",
                                                                                                                        "Parent Relationship": "Inner",
                                                                                                                        "Parallel Aware": true,
                                                                                                                        "Async Capable": false,
                                                                                                                        "Startup Cost": 2573.31,
                                                                                                                        "Total Cost": 2573.31,
                                                                                                                        "Plan Rows": 22,
                                                                                                                        "Plan Width": 8,
                                                                                                                        "Actual Startup Time": 1.341,
                                                                                                                        "Actual Total Time": 1.342,
                                                                                                                        "Actual Rows": 4,
                                                                                                                        "Actual Loops": 8,
                                                                                                                        "Hash Buckets": 1024,
                                                                                                                        "Original Hash Buckets": 1024,
                                                                                                                        "Hash Batches": 1,
                                                                                                                        "Original Hash Batches": 1,
                                                                                                                        "Peak Memory Usage": 232,
                                                                                                                        "Workers": [],
                                                                                                                        "Plans": [
                                                                                                                            {
                                                                                                                                "Node Type": "Seq Scan",
                                                                                                                                "Parent Relationship": "Outer",
                                                                                                                                "Parallel Aware": true,
                                                                                                                                "Async Capable": false,
                                                                                                                                "Relation Name": "tag",
                                                                                                                                "Alias": "tag",
                                                                                                                                "Startup Cost": 0.0,
                                                                                                                                "Total Cost": 2573.31,
                                                                                                                                "Plan Rows": 22,
                                                                                                                                "Plan Width": 8,
                                                                                                                                "Actual Startup Time": 0.487,
                                                                                                                                "Actual Total Time": 1.302,
                                                                                                                                "Actual Rows": 4,
                                                                                                                                "Actual Loops": 8,
                                                                                                                                "Filter": "((name)::text = 'debugging'::text)",
                                                                                                                                "Rows Removed by Filter": 23342,
                                                                                                                                "Workers": []
                                                                                                                            }
                                                                                                                        ]
                                                                                                                    }
                                                                                                                ]
                                                                                                            }
                                                                                                        ]
                                                                                                    }
                                                                                                ]
                                                                                            }
                                                                                        ]
                                                                                    }
                                                                                ]
                                                                            }
                                                                        ]
                                                                    }
                                                                ]
                                                            }
                                                        ]
                                                    }
                                                ]
                                            }
                                        ]
                                    }
                                ]
                            }
                        ]
                    },
                    "Planning Time": 6.977,
                    "Triggers": [],
                    "Execution Time": 1870.534
                }
            ],
            "hints": [
                "SET enable_hashjoin TO on",
                "SET enable_indexonlyscan TO on",
                "SET enable_indexscan TO off",
                "SET enable_mergejoin TO off",
                "SET enable_nestloop TO off",
                "SET enable_seqscan TO on"
            ]
        },
        {
            "arm": 4,
            "execution_time": 6002.839,
            "plan": [
                {
                    "Plan": {
                        "Node Type": "Aggregate",
                        "Strategy": "Plain",
                        "Partial Mode": "Simple",
                        "Parallel Aware": false,
                        "Async Capable": false,
                        "Startup Cost": 4081.81,
                        "Total Cost": 4081.82,
                        "Plan Rows": 1,
                        "Plan Width": 8,
                        "Actual Startup Time": 6002.723,
                        "Actual Total Time": 6002.788,
                        "Actual Rows": 1,
                        "Actual Loops": 1,
                        "Plans": [
                            {
                                "Node Type": "Nested Loop",
                                "Parent Relationship": "Outer",
                                "Parallel Aware": false,
                                "Async Capable": false,
                                "Join Type": "Anti",
                                "Startup Cost": 3738.72,
                                "Total Cost": 4081.8,
                                "Plan Rows": 1,
                                "Plan Width": 4,
                                "Actual Startup Time": 330.586,
                                "Actual Total Time": 6002.773,
                                "Actual Rows": 9,
                                "Actual Loops": 1,
                                "Inner Unique": false,
                                "Plans": [
                                    {
                                        "Node Type": "Nested Loop",
                                        "Parent Relationship": "Outer",
                                        "Parallel Aware": false,
                                        "Async Capable": false,
                                        "Join Type": "Inner",
                                        "Startup Cost": 3738.29,
                                        "Total Cost": 4071.68,
                                        "Plan Rows": 1,
                                        "Plan Width": 12,
                                        "Actual Startup Time": 167.262,
                                        "Actual Total Time": 6002.628,
                                        "Actual Rows": 26,
                                        "Actual Loops": 1,
                                        "Inner Unique": false,
                                        "Join Filter": "(site.site_id = pl.site_id)",
                                        "Rows Removed by Join Filter": 0,
                                        "Plans": [
                                            {
                                                "Node Type": "Nested Loop",
                                                "Parent Relationship": "Outer",
                                                "Parallel Aware": false,
                                                "Async Capable": false,
                                                "Join Type": "Inner",
                                                "Startup Cost": 3737.86,
                                                "Total Cost": 3744.59,
                                                "Plan Rows": 1,
                                                "Plan Width": 32,
                                                "Actual Startup Time": 74.773,
                                                "Actual Total Time": 79.13,
                                                "Actual Rows": 280,
                                                "Actual Loops": 1,
                                                "Inner Unique": true,
                                                "Plans": [
                                                    {
                                                        "Node Type": "Gather Merge",
                                                        "Parent Relationship": "Outer",
                                                        "Parallel Aware": false,
                                                        "Async Capable": false,
                                                        "Startup Cost": 3737.42,
                                                        "Total Cost": 3737.54,
                                                        "Plan Rows": 1,
                                                        "Plan Width": 32,
                                                        "Actual Startup Time": 74.764,
                                                        "Actual Total Time": 75.178,
                                                        "Actual Rows": 1172,
                                                        "Actual Loops": 1,
                                                        "Workers Planned": 1,
                                                        "Workers Launched": 1,
                                                        "Plans": [
                                                            {
                                                                "Node Type": "Sort",
                                                                "Parent Relationship": "Outer",
                                                                "Parallel Aware": false,
                                                                "Async Capable": false,
                                                                "Startup Cost": 2737.41,
                                                                "Total Cost": 2737.42,
                                                                "Plan Rows": 1,
                                                                "Plan Width": 32,
                                                                "Actual Startup Time": 40.472,
                                                                "Actual Total Time": 40.593,
                                                                "Actual Rows": 586,
                                                                "Actual Loops": 2,
                                                                "Sort Key": [
                                                                    "so_user.account_id"
                                                                ],
                                                                "Sort Method": "quicksort",
                                                                "Sort Space Used": 113,
                                                                "Sort Space Type": "Memory",
                                                                "Workers": [
                                                                    {
                                                                        "Worker Number": 0,
                                                                        "Sort Method": "quicksort",
                                                                        "Sort Space Used": 25,
                                                                        "Sort Space Type": "Memory"
                                                                    }
                                                                ],
                                                                "Plans": [
                                                                    {
                                                                        "Node Type": "Nested Loop",
                                                                        "Parent Relationship": "Outer",
                                                                        "Parallel Aware": false,
                                                                        "Async Capable": false,
                                                                        "Join Type": "Inner",
                                                                        "Startup Cost": 4.61,
                                                                        "Total Cost": 2737.4,
                                                                        "Plan Rows": 1,
                                                                        "Plan Width": 32,
                                                                        "Actual Startup Time": 32.572,
                                                                        "Actual Total Time": 40.344,
                                                                        "Actual Rows": 586,
                                                                        "Actual Loops": 2,
                                                                        "Inner Unique": true,
                                                                        "Join Filter": "(site.site_id = so_user.site_id)",
                                                                        "Rows Removed by Join Filter": 0,
                                                                        "Workers": [],
                                                                        "Plans": [
                                                                            {
                                                                                "Node Type": "Nested Loop",
                                                                                "Parent Relationship": "Outer",
                                                                                "Parallel Aware": false,
                                                                                "Async Capable": false,
                                                                                "Join Type": "Inner",
                                                                                "Startup Cost": 4.17,
                                                                                "Total Cost": 2730.32,
                                                                                "Plan Rows": 1,
                                                                                "Plan Width": 28,
                                                                                "Actual Startup Time": 32.567,
                                                                                "Actual Total Time": 36.775,
                                                                                "Actual Rows": 1291,
                                                                                "Actual Loops": 2,
                                                                                "Inner Unique": true,
                                                                                "Join Filter": "(site.site_id = q.site_id)",
                                                                                "Rows Removed by Join Filter": 0,
                                                                                "Workers": [],
                                                                                "Plans": [
                                                                                    {
                                                                                        "Node Type": "Nested Loop",
                                                                                        "Parent Relationship": "Outer",
                                                                                        "Parallel Aware": false,
                                                                                        "Async Capable": false,
                                                                                        "Join Type": "Inner",
                                                                                        "Startup Cost": 3.74,
                                                                                        "Total Cost": 2638.47,
                                                                                        "Plan Rows": 13,
                                                                                        "Plan Width": 16,
                                                                                        "Actual Startup Time": 5.119,
                                                                                        "Actual Total Time": 13.025,
                                                                                        "Actual Rows": 10116,
                                                                                        "Actual Loops": 2,
                                                                                        "Inner Unique": false,
                                                                                        "Join Filter": "(site.site_id = tq.site_id)",
                                                                                        "Rows Removed by Join Filter": 0,
                                                                                        "Workers": [],
                                                                                        "Plans": [
                                                                                            {
                                                                                                "Node Type": "Hash Join",
                                                                                                "Parent Relationship": "Outer",
                                                                                                "Parallel Aware": false,
                                                                                                "Async Capable": false,
                                                                                                "Join Type": "Inner",
                                                                                                "Startup Cost": 3.18,
                                                                                                "Total Cost": 2576.54,
                                                                                                "Plan Rows": 1,
                                                                                                "Plan Width": 12,
                                                                                                "Actual Startup Time": 5.11,
                                                                                                "Actual Total Time": 5.115,
                                                                                                "Actual Rows": 0,
                                                                                                "Actual Loops": 2,
                                                                                                "Inner Unique": true,
                                                                                                "Hash Cond": "(tag.site_id = site.site_id)",
                                                                                                "Workers": [],
                                                                                                "Plans": [
                                                                                                    {
                                                                                                        "Node Type": "Seq Scan",
                                                                                                        "Parent Relationship": "Outer",
                                                                                                        "Parallel Aware": true,
                                                                                                        "Async Capable": false,
                                                                                                        "Relation Name": "tag",
                                                                                                        "Alias": "tag",
                                                                                                        "Startup Cost": 0.0,
                                                                                                        "Total Cost": 2573.31,
                                                                                                        "Plan Rows": 22,
                                                                                                        "Plan Width": 8,
                                                                                                        "Actual Startup Time": 0.376,
                                                                                                        "Actual Total Time": 5.038,
                                                                                                        "Actual Rows": 16,
                                                                                                        "Actual Loops": 2,
                                                                                                        "Filter": "((name)::text = 'debugging'::text)",
                                                                                                        "Rows Removed by Filter": 93369,
                                                                                                        "Workers": []
                                                                                                    },
                                                                                                    {
                                                                                                        "Node Type": "Hash",
                                                                                                        "Parent Relationship": "Inner",
                                                                                                        "Parallel Aware": false,
                                                                                                        "Async Capable": false,
                                                                                                        "Startup Cost": 3.16,
                                                                                                        "Total Cost": 3.16,
                                                                                                        "Plan Rows": 1,
                                                                                                        "Plan Width": 4,
                                                                                                        "Actual Startup Time": 0.019,
                                                                                                        "Actual Total Time": 0.019,
                                                                                                        "Actual Rows": 1,
                                                                                                        "Actual Loops": 2,
                                                                                                        "Hash Buckets": 1024,
                                                                                                        "Original Hash Buckets": 1024,
                                                                                                        "Hash Batches": 1,
                                                                                                        "Original Hash Batches": 1,
                                                                                                        "Peak Memory Usage": 9,
                                                                                                        "Workers": [],
                                                                                                        "Plans": [
                                                                                                            {
                                                                                                                "Node Type": "Seq Scan",
                                                                                                                "Parent Relationship": "Outer",
                                                                                                                "Parallel Aware": false,
                                                                                                                "Async Capable": false,
                                                                                                                "Relation Name": "site",
                                                                                                                "Alias": "site",
                                                                                                                "Startup Cost": 0.0,
                                                                                                                "Total Cost": 3.16,
                                                                                                                "Plan Rows": 1,
                                                                                                                "Plan Width": 4,
                                                                                                                "Actual Startup Time": 0.014,
                                                                                                                "Actual Total Time": 0.015,
                                                                                                                "Actual Rows": 1,
                                                                                                                "Actual Loops": 2,
                                                                                                                "Filter": "((site_name)::text = 'stackoverflow'::text)",
                                                                                                                "Rows Removed by Filter": 172,
                                                                                                                "Workers": []
                                                                                                            }
                                                                                                        ]
                                                                                                    }
                                                                                                ]
                                                                                            },
                                                                                            {
                                                                                                "Node Type": "Index Only Scan",
                                                                                                "Parent Relationship": "Inner",
                                                                                                "Parallel Aware": false,
                                                                                                "Async Capable": false,
                                                                                                "Scan Direction": "Forward",
                                                                                                "Index Name": "tag_question_site_id_tag_id_question_id_idx",
                                                                                                "Relation Name": "tag_question",
                                                                                                "Alias": "tq",
                                                                                                "Startup Cost": 0.56,
                                                                                                "Total Cost": 61.54,
                                                                                                "Plan Rows": 31,
                                                                                                "Plan Width": 12,
                                                                                                "Actual Startup Time": 0.017,
                                                                                                "Actual Total Time": 14.542,
                                                                                                "Actual Rows": 20231,
                                                                                                "Actual Loops": 1,
                                                                                                "Index Cond": "((site_id = tag.site_id) AND (tag_id = tag.id))",
                                                                                                "Rows Removed by Index Recheck": 0,
                                                                                                "Heap Fetches": 20231,
                                                                                                "Workers": []
                                                                                            }
                                                                                        ]
                                                                                    },
                                                                                    {
                                                                                        "Node Type": "Index Scan",
                                                                                        "Parent Relationship": "Inner",
                                                                                        "Parallel Aware": false,
                                                                                        "Async Capable": false,
                                                                                        "Scan Direction": "Forward",
                                                                                        "Index Name": "question_pkey",
                                                                                        "Relation Name": "question",
                                                                                        "Alias": "q",
                                                                                        "Startup Cost": 0.43,
                                                                                        "Total Cost": 7.05,
                                                                                        "Plan Rows": 1,
                                                                                        "Plan Width": 12,
                                                                                        "Actual Startup Time": 0.002,
                                                                                        "Actual Total Time": 0.002,
                                                                                        "Actual Rows": 0,
                                                                                        "Actual Loops": 20231,
                                                                                        "Index Cond": "((id = tq.question_id) AND (site_id = tq.site_id))",
                                                                                        "Rows Removed by Index Recheck": 0,
                                                                                        "Filter": "(creation_date > '2018-01-01'::date)",
                                                                                        "Rows Removed by Filter": 1,
                                                                                        "Workers": []
                                                                                    }
                                                                                ]
                                                                            },
                                                                            {
                                                                                "Node Type": "Index Scan",
                                                                                "Parent Relationship": "Inner",
                                                                                "Parallel Aware": false,
                                                                                "Async Capable": false,
                                                                                "Scan Direction": "Forward",
                                                                                "Index Name": "so_user_pkey",
                                                                                "Relation Name": "so_user",
                                                                                "Alias": "so_user",
                                                                                "Startup Cost": 0.44,
                                                                                "Total Cost": 7.07,
                                                                                "Plan Rows": 1,
                                                                                "Plan Width": 12,
                                                                                "Actual Startup Time": 0.003,
                                                                                "Actual Total Time": 0.003,
                                                                                "Actual Rows": 0,
                                                                                "Actual Loops": 2582,
                                                                                "Index Cond": "((id = q.owner_user_id) AND (site_id = q.site_id))",
                                                                                "Rows Removed by Index Recheck": 0,
                                                                                "Filter": "(reputation > 118)",
                                                                                "Rows Removed by Filter": 1,
                                                                                "Workers": []
                                                                            }
                                                                        ]
                                                                    }
                                                                ]
                                                            }
                                                        ]
                                                    },
                                                    {
                                                        "Node Type": "Index Scan",
                                                        "Parent Relationship": "Inner",
                                                        "Parallel Aware": false,
                                                        "Async Capable": false,
                                                        "Scan Direction": "Forward",
                                                        "Index Name": "account_pkey",
                                                        "Relation Name": "account",
                                                        "Alias": "account",
                                                        "Startup Cost": 0.43,
                                                        "Total Cost": 7.06,
                                                        "Plan Rows": 1,
                                                        "Plan Width": 4,
                                                        "Actual Startup Time": 0.003,
                                                        "Actual Total Time": 0.003,
                                                        "Actual Rows": 0,
                                                        "Actual Loops": 1172,
                                                        "Index Cond": "(id = so_user.account_id)",
                                                        "Rows Removed by Index Recheck": 0,
                                                        "Filter": "((website_url)::text <> ''::text)",
                                                        "Rows Removed by Filter": 1
                                                    }
                                                ]
                                            },
                                            {
                                                "Node Type": "Index Only Scan",
                                                "Parent Relationship": "Inner",
                                                "Parallel Aware": false,
                                                "Async Capable": false,
                                                "Scan Direction": "Forward",
                                                "Index Name": "post_link_pkey",
                                                "Relation Name": "post_link",
                                                "Alias": "pl",
                                                "Startup Cost": 0.43,
                                                "Total Cost": 327.07,
                                                "Plan Rows": 1,
                                                "Plan Width": 8,
                                                "Actual Startup Time": 20.875,
                                                "Actual Total Time": 21.154,
                                                "Actual Rows": 0,
                                                "Actual Loops": 280,
                                                "Index Cond": "((site_id = q.site_id) AND (post_id_to = q.id))",
                                                "Rows Removed by Index Recheck": 0,
                                                "Heap Fetches": 26
                                            }
                                        ]
                                    },
                                    {
                                        "Node Type": "Index Only Scan",
                                        "Parent Relationship": "Inner",
                                        "Parallel Aware": false,
                                        "Async Capable": false,
                                        "Scan Direction": "Forward",
                                        "Index Name": "answer_site_id_question_id_idx",
                                        "Relation Name": "answer",
                                        "Alias": "a",
                                        "Startup Cost": 0.43,
                                        "Total Cost": 7.06,
                                        "Plan Rows": 1,
                                        "Plan Width": 8,
                                        "Actual Startup Time": 0.004,
                                        "Actual Total Time": 0.004,
                                        "Actual Rows": 1,
                                        "Actual Loops": 26,
                                        "Index Cond": "((site_id = q.site_id) AND (question_id = q.id))",
                                        "Rows Removed by Index Recheck": 0,
                                        "Heap Fetches": 17
                                    }
                                ]
                            }
                        ]
                    },
                    "Planning Time": 6.857,
                    "Triggers": [],
                    "Execution Time": 6002.839
                }
            ],
            "hints": [
                "SET enable_hashjoin TO on",
                "SET enable_indexonlyscan TO on",
                "SET enable_indexscan TO on",
                "SET enable_mergejoin TO off",
                "SET enable_nestloop TO on",
                "SET enable_seqscan TO on"
            ]
        }
    ]
}