{
    "sql_file": "soload_q2-001.sql",
    "query": "select distinct account.display_name\nfrom\ntag t1, site s1, question q1, tag_question tq1, so_user u1,\ntag t2, site s2, question q2, tag_question tq2, so_user u2,\naccount\nwhere\n-- group theory askers\ns1.site_name='math' and\nt1.name  = 'vector-spaces' and\nt1.site_id = s1.site_id and\nq1.site_id = s1.site_id and\ntq1.site_id = s1.site_id and\ntq1.question_id = q1.id and\ntq1.tag_id = t1.id and\nq1.owner_user_id = u1.id and\nq1.site_id = u1.site_id and\n\n-- D&D askers\ns2.site_name='stackoverflow' and\nt2.name  = 'jsf' and\nt2.site_id = s2.site_id and\nq2.site_id = s2.site_id and\ntq2.site_id = s2.site_id and\ntq2.question_id = q2.id and\ntq2.tag_id = t2.id and\nq2.owner_user_id = u2.id and\nq2.site_id = u2.site_id and\n\n-- intersect\nu1.account_id = u2.account_id and\naccount.id = u1.account_id;",
    "results": [
        {
            "arm": 0,
            "execution_time": 1042.755,
            "plan": [
                {
                    "Plan": {
                        "Node Type": "Unique",
                        "Parallel Aware": false,
                        "Async Capable": false,
                        "Startup Cost": 6494.3,
                        "Total Cost": 6494.3,
                        "Plan Rows": 1,
                        "Plan Width": 11,
                        "Actual Startup Time": 1042.455,
                        "Actual Total Time": 1042.699,
                        "Actual Rows": 8,
                        "Actual Loops": 1,
                        "Plans": [
                            {
                                "Node Type": "Sort",
                                "Parent Relationship": "Outer",
                                "Parallel Aware": false,
                                "Async Capable": false,
                                "Startup Cost": 6494.3,
                                "Total Cost": 6494.3,
                                "Plan Rows": 1,
                                "Plan Width": 11,
                                "Actual Startup Time": 1042.453,
                                "Actual Total Time": 1042.692,
                                "Actual Rows": 50,
                                "Actual Loops": 1,
                                "Sort Key": [
                                    "account.display_name"
                                ],
                                "Sort Method": "quicksort",
                                "Sort Space Used": 25,
                                "Sort Space Type": "Memory",
                                "Plans": [
                                    {
                                        "Node Type": "Nested Loop",
                                        "Parent Relationship": "Outer",
                                        "Parallel Aware": false,
                                        "Async Capable": false,
                                        "Join Type": "Inner",
                                        "Startup Cost": 6321.72,
                                        "Total Cost": 6494.29,
                                        "Plan Rows": 1,
                                        "Plan Width": 11,
                                        "Actual Startup Time": 849.604,
                                        "Actual Total Time": 1042.666,
                                        "Actual Rows": 50,
                                        "Actual Loops": 1,
                                        "Inner Unique": true,
                                        "Plans": [
                                            {
                                                "Node Type": "Gather",
                                                "Parent Relationship": "Outer",
                                                "Parallel Aware": false,
                                                "Async Capable": false,
                                                "Startup Cost": 6321.28,
                                                "Total Cost": 6486.81,
                                                "Plan Rows": 1,
                                                "Plan Width": 8,
                                                "Actual Startup Time": 849.513,
                                                "Actual Total Time": 1041.969,
                                                "Actual Rows": 50,
                                                "Actual Loops": 1,
                                                "Workers Planned": 1,
                                                "Workers Launched": 1,
                                                "Single Copy": false,
                                                "Plans": [
                                                    {
                                                        "Node Type": "Hash Join",
                                                        "Parent Relationship": "Outer",
                                                        "Parallel Aware": true,
                                                        "Async Capable": false,
                                                        "Join Type": "Inner",
                                                        "Startup Cost": 5321.28,
                                                        "Total Cost": 5486.71,
                                                        "Plan Rows": 1,
                                                        "Plan Width": 8,
                                                        "Actual Startup Time": 841.721,
                                                        "Actual Total Time": 937.831,
                                                        "Actual Rows": 25,
                                                        "Actual Loops": 2,
                                                        "Inner Unique": false,
                                                        "Hash Cond": "(u1.account_id = u2.account_id)",
                                                        "Workers": [],
                                                        "Plans": [
                                                            {
                                                                "Node Type": "Nested Loop",
                                                                "Parent Relationship": "Outer",
                                                                "Parallel Aware": false,
                                                                "Async Capable": false,
                                                                "Join Type": "Inner",
                                                                "Startup Cost": 2577.93,
                                                                "Total Cost": 2743.34,
                                                                "Plan Rows": 1,
                                                                "Plan Width": 4,
                                                                "Actual Startup Time": 8.014,
                                                                "Actual Total Time": 109.145,
                                                                "Actual Rows": 3350,
                                                                "Actual Loops": 2,
                                                                "Inner Unique": true,
                                                                "Join Filter": "(t1.site_id = u1.site_id)",
                                                                "Rows Removed by Join Filter": 0,
                                                                "Workers": [],
                                                                "Plans": [
                                                                    {
                                                                        "Node Type": "Nested Loop",
                                                                        "Parent Relationship": "Outer",
                                                                        "Parallel Aware": false,
                                                                        "Async Capable": false,
                                                                        "Join Type": "Inner",
                                                                        "Startup Cost": 2577.49,
                                                                        "Total Cost": 2735.85,
                                                                        "Plan Rows": 1,
                                                                        "Plan Width": 20,
                                                                        "Actual Startup Time": 7.97,
                                                                        "Actual Total Time": 46.754,
                                                                        "Actual Rows": 3350,
                                                                        "Actual Loops": 2,
                                                                        "Inner Unique": true,
                                                                        "Join Filter": "(t1.site_id = q1.site_id)",
                                                                        "Rows Removed by Join Filter": 0,
                                                                        "Workers": [],
                                                                        "Plans": [
                                                                            {
                                                                                "Node Type": "Nested Loop",
                                                                                "Parent Relationship": "Outer",
                                                                                "Parallel Aware": false,
                                                                                "Async Capable": false,
                                                                                "Join Type": "Inner",
                                                                                "Startup Cost": 2577.06,
                                                                                "Total Cost": 2638.51,
                                                                                "Plan Rows": 13,
                                                                                "Plan Width": 16,
                                                                                "Actual Startup Time": 7.965,
                                                                                "Actual Total Time": 14.904,
                                                                                "Actual Rows": 3350,
                                                                                "Actual Loops": 2,
                                                                                "Inner Unique": false,
                                                                                "Workers": [],
                                                                                "Plans": [
                                                                                    {
                                                                                        "Node Type": "Merge Join",
                                                                                        "Parent Relationship": "Outer",
                                                                                        "Parallel Aware": false,
                                                                                        "Async Capable": false,
                                                                                        "Join Type": "Inner",
                                                                                        "Startup Cost": 2576.49,
                                                                                        "Total Cost": 2576.52,
                                                                                        "Plan Rows": 1,
                                                                                        "Plan Width": 12,
                                                                                        "Actual Startup Time": 7.87,
                                                                                        "Actual Total Time": 7.872,
                                                                                        "Actual Rows": 0,
                                                                                        "Actual Loops": 2,
                                                                                        "Inner Unique": true,
                                                                                        "Merge Cond": "(t1.site_id = s1.site_id)",
                                                                                        "Workers": [],
                                                                                        "Plans": [
                                                                                            {
                                                                                                "Node Type": "Sort",
                                                                                                "Parent Relationship": "Outer",
                                                                                                "Parallel Aware": false,
                                                                                                "Async Capable": false,
                                                                                                "Startup Cost": 2573.32,
                                                                                                "Total Cost": 2573.32,
                                                                                                "Plan Rows": 2,
                                                                                                "Plan Width": 8,
                                                                                                "Actual Startup Time": 7.839,
                                                                                                "Actual Total Time": 7.84,
                                                                                                "Actual Rows": 1,
                                                                                                "Actual Loops": 2,
                                                                                                "Sort Key": [
                                                                                                    "t1.site_id"
                                                                                                ],
                                                                                                "Sort Method": "quicksort",
                                                                                                "Sort Space Used": 25,
                                                                                                "Sort Space Type": "Memory",
                                                                                                "Workers": [
                                                                                                    {
                                                                                                        "Worker Number": 0,
                                                                                                        "Sort Method": "quicksort",
                                                                                                        "Sort Space Used": 25,
                                                                                                        "Sort Space Type": "Memory"
                                                                                                    }
                                                                                                ],
                                                                                                "Plans": [
                                                                                                    {
                                                                                                        "Node Type": "Seq Scan",
                                                                                                        "Parent Relationship": "Outer",
                                                                                                        "Parallel Aware": true,
                                                                                                        "Async Capable": false,
                                                                                                        "Relation Name": "tag",
                                                                                                        "Alias": "t1",
                                                                                                        "Startup Cost": 0.0,
                                                                                                        "Total Cost": 2573.31,
                                                                                                        "Plan Rows": 2,
                                                                                                        "Plan Width": 8,
                                                                                                        "Actual Startup Time": 3.499,
                                                                                                        "Actual Total Time": 7.809,
                                                                                                        "Actual Rows": 1,
                                                                                                        "Actual Loops": 2,
                                                                                                        "Filter": "((name)::text = 'vector-spaces'::text)",
                                                                                                        "Rows Removed by Filter": 93384,
                                                                                                        "Workers": []
                                                                                                    }
                                                                                                ]
                                                                                            },
                                                                                            {
                                                                                                "Node Type": "Sort",
                                                                                                "Parent Relationship": "Inner",
                                                                                                "Parallel Aware": false,
                                                                                                "Async Capable": false,
                                                                                                "Startup Cost": 3.17,
                                                                                                "Total Cost": 3.18,
                                                                                                "Plan Rows": 1,
                                                                                                "Plan Width": 4,
                                                                                                "Actual Startup Time": 0.028,
                                                                                                "Actual Total Time": 0.029,
                                                                                                "Actual Rows": 1,
                                                                                                "Actual Loops": 2,
                                                                                                "Sort Key": [
                                                                                                    "s1.site_id"
                                                                                                ],
                                                                                                "Sort Method": "quicksort",
                                                                                                "Sort Space Used": 25,
                                                                                                "Sort Space Type": "Memory",
                                                                                                "Workers": [
                                                                                                    {
                                                                                                        "Worker Number": 0,
                                                                                                        "Sort Method": "quicksort",
                                                                                                        "Sort Space Used": 25,
                                                                                                        "Sort Space Type": "Memory"
                                                                                                    }
                                                                                                ],
                                                                                                "Plans": [
                                                                                                    {
                                                                                                        "Node Type": "Seq Scan",
                                                                                                        "Parent Relationship": "Outer",
                                                                                                        "Parallel Aware": false,
                                                                                                        "Async Capable": false,
                                                                                                        "Relation Name": "site",
                                                                                                        "Alias": "s1",
                                                                                                        "Startup Cost": 0.0,
                                                                                                        "Total Cost": 3.16,
                                                                                                        "Plan Rows": 1,
                                                                                                        "Plan Width": 4,
                                                                                                        "Actual Startup Time": 0.01,
                                                                                                        "Actual Total Time": 0.013,
                                                                                                        "Actual Rows": 1,
                                                                                                        "Actual Loops": 2,
                                                                                                        "Filter": "((site_name)::text = 'math'::text)",
                                                                                                        "Rows Removed by Filter": 172,
                                                                                                        "Workers": []
                                                                                                    }
                                                                                                ]
                                                                                            }
                                                                                        ]
                                                                                    },
                                                                                    {
                                                                                        "Node Type": "Index Only Scan",
                                                                                        "Parent Relationship": "Inner",
                                                                                        "Parallel Aware": false,
                                                                                        "Async Capable": false,
                                                                                        "Scan Direction": "Forward",
                                                                                        "Index Name": "tag_question_site_id_tag_id_question_id_idx",
                                                                                        "Relation Name": "tag_question",
                                                                                        "Alias": "tq1",
                                                                                        "Startup Cost": 0.56,
                                                                                        "Total Cost": 61.69,
                                                                                        "Plan Rows": 31,
                                                                                        "Plan Width": 12,
                                                                                        "Actual Startup Time": 0.187,
                                                                                        "Actual Total Time": 13.35,
                                                                                        "Actual Rows": 6700,
                                                                                        "Actual Loops": 1,
                                                                                        "Index Cond": "((site_id = t1.site_id) AND (tag_id = t1.id))",
                                                                                        "Rows Removed by Index Recheck": 0,
                                                                                        "Heap Fetches": 6700,
                                                                                        "Workers": []
                                                                                    }
                                                                                ]
                                                                            },
                                                                            {
                                                                                "Node Type": "Index Scan",
                                                                                "Parent Relationship": "Inner",
                                                                                "Parallel Aware": false,
                                                                                "Async Capable": false,
                                                                                "Scan Direction": "Forward",
                                                                                "Index Name": "question_pkey",
                                                                                "Relation Name": "question",
                                                                                "Alias": "q1",
                                                                                "Startup Cost": 0.43,
                                                                                "Total Cost": 7.47,
                                                                                "Plan Rows": 1,
                                                                                "Plan Width": 12,
                                                                                "Actual Startup Time": 0.009,
                                                                                "Actual Total Time": 0.009,
                                                                                "Actual Rows": 1,
                                                                                "Actual Loops": 6700,
                                                                                "Index Cond": "((id = tq1.question_id) AND (site_id = tq1.site_id))",
                                                                                "Rows Removed by Index Recheck": 0,
                                                                                "Workers": []
                                                                            }
                                                                        ]
                                                                    },
                                                                    {
                                                                        "Node Type": "Index Scan",
                                                                        "Parent Relationship": "Inner",
                                                                        "Parallel Aware": false,
                                                                        "Async Capable": false,
                                                                        "Scan Direction": "Forward",
                                                                        "Index Name": "so_user_pkey",
                                                                        "Relation Name": "so_user",
                                                                        "Alias": "u1",
                                                                        "Startup Cost": 0.44,
                                                                        "Total Cost": 7.48,
                                                                        "Plan Rows": 1,
                                                                        "Plan Width": 12,
                                                                        "Actual Startup Time": 0.018,
                                                                        "Actual Total Time": 0.018,
                                                                        "Actual Rows": 1,
                                                                        "Actual Loops": 6700,
                                                                        "Index Cond": "((id = q1.owner_user_id) AND (site_id = q1.site_id))",
                                                                        "Rows Removed by Index Recheck": 0,
                                                                        "Workers": []
                                                                    }
                                                                ]
                                                            },
                                                            {
                                                                "Node Type": "Hash",
                                                                "Parent Relationship": "Inner",
                                                                "Parallel Aware": true,
                                                                "Async Capable": false,
                                                                "Startup Cost": 2743.34,
                                                                "Total Cost": 2743.34,
                                                                "Plan Rows": 1,
                                                                "Plan Width": 4,
                                                                "Actual Startup Time": 827.626,
                                                                "Actual Total Time": 827.629,
                                                                "Actual Rows": 10766,
                                                                "Actual Loops": 2,
                                                                "Hash Buckets": 32768,
                                                                "Original Hash Buckets": 1024,
                                                                "Hash Batches": 1,
                                                                "Original Hash Batches": 1,
                                                                "Peak Memory Usage": 1368,
                                                                "Workers": [],
                                                                "Plans": [
                                                                    {
                                                                        "Node Type": "Nested Loop",
                                                                        "Parent Relationship": "Outer",
                                                                        "Parallel Aware": false,
                                                                        "Async Capable": false,
                                                                        "Join Type": "Inner",
                                                                        "Startup Cost": 2577.93,
                                                                        "Total Cost": 2743.34,
                                                                        "Plan Rows": 1,
                                                                        "Plan Width": 4,
                                                                        "Actual Startup Time": 4.513,
                                                                        "Actual Total Time": 412.912,
                                                                        "Actual Rows": 10766,
                                                                        "Actual Loops": 2,
                                                                        "Inner Unique": true,
                                                                        "Join Filter": "(t2.site_id = u2.site_id)",
                                                                        "Rows Removed by Join Filter": 0,
                                                                        "Workers": [],
                                                                        "Plans": [
                                                                            {
                                                                                "Node Type": "Nested Loop",
                                                                                "Parent Relationship": "Outer",
                                                                                "Parallel Aware": false,
                                                                                "Async Capable": false,
                                                                                "Join Type": "Inner",
                                                                                "Startup Cost": 2577.49,
                                                                                "Total Cost": 2735.85,
                                                                                "Plan Rows": 1,
                                                                                "Plan Width": 20,
                                                                                "Actual Startup Time": 4.464,
                                                                                "Actual Total Time": 110.439,
                                                                                "Actual Rows": 10766,
                                                                                "Actual Loops": 2,
                                                                                "Inner Unique": true,
                                                                                "Join Filter": "(t2.site_id = q2.site_id)",
                                                                                "Rows Removed by Join Filter": 0,
                                                                                "Workers": [],
                                                                                "Plans": [
                                                                                    {
                                                                                        "Node Type": "Nested Loop",
                                                                                        "Parent Relationship": "Outer",
                                                                                        "Parallel Aware": false,
                                                                                        "Async Capable": false,
                                                                                        "Join Type": "Inner",
                                                                                        "Startup Cost": 2577.06,
                                                                                        "Total Cost": 2638.51,
                                                                                        "Plan Rows": 13,
                                                                                        "Plan Width": 16,
                                                                                        "Actual Startup Time": 4.458,
                                                                                        "Actual Total Time": 34.488,
                                                                                        "Actual Rows": 10766,
                                                                                        "Actual Loops": 2,
                                                                                        "Inner Unique": false,
                                                                                        "Workers": [],
                                                                                        "Plans": [
                                                                                            {
                                                                                                "Node Type": "Merge Join",
                                                                                                "Parent Relationship": "Outer",
                                                                                                "Parallel Aware": false,
                                                                                                "Async Capable": false,
                                                                                                "Join Type": "Inner",
                                                                                                "Startup Cost": 2576.49,
                                                                                                "Total Cost": 2576.52,
                                                                                                "Plan Rows": 1,
                                                                                                "Plan Width": 12,
                                                                                                "Actual Startup Time": 4.354,
                                                                                                "Actual Total Time": 4.357,
                                                                                                "Actual Rows": 0,
                                                                                                "Actual Loops": 2,
                                                                                                "Inner Unique": true,
                                                                                                "Merge Cond": "(t2.site_id = s2.site_id)",
                                                                                                "Workers": [],
                                                                                                "Plans": [
                                                                                                    {
                                                                                                        "Node Type": "Sort",
                                                                                                        "Parent Relationship": "Outer",
                                                                                                        "Parallel Aware": false,
                                                                                                        "Async Capable": false,
                                                                                                        "Startup Cost": 2573.32,
                                                                                                        "Total Cost": 2573.32,
                                                                                                        "Plan Rows": 2,
                                                                                                        "Plan Width": 8,
                                                                                                        "Actual Startup Time": 4.329,
                                                                                                        "Actual Total Time": 4.33,
                                                                                                        "Actual Rows": 4,
                                                                                                        "Actual Loops": 2,
                                                                                                        "Sort Key": [
                                                                                                            "t2.site_id"
                                                                                                        ],
                                                                                                        "Sort Method": "quicksort",
                                                                                                        "Sort Space Used": 25,
                                                                                                        "Sort Space Type": "Memory",
                                                                                                        "Workers": [
                                                                                                            {
                                                                                                                "Worker Number": 0,
                                                                                                                "Sort Method": "quicksort",
                                                                                                                "Sort Space Used": 25,
                                                                                                                "Sort Space Type": "Memory"
                                                                                                            }
                                                                                                        ],
                                                                                                        "Plans": [
                                                                                                            {
                                                                                                                "Node Type": "Seq Scan",
                                                                                                                "Parent Relationship": "Outer",
                                                                                                                "Parallel Aware": true,
                                                                                                                "Async Capable": false,
                                                                                                                "Relation Name": "tag",
                                                                                                                "Alias": "t2",
                                                                                                                "Startup Cost": 0.0,
                                                                                                                "Total Cost": 2573.31,
                                                                                                                "Plan Rows": 2,
                                                                                                                "Plan Width": 8,
                                                                                                                "Actual Startup Time": 0.385,
                                                                                                                "Actual Total Time": 4.304,
                                                                                                                "Actual Rows": 4,
                                                                                                                "Actual Loops": 2,
                                                                                                                "Filter": "((name)::text = 'jsf'::text)",
                                                                                                                "Rows Removed by Filter": 93382,
                                                                                                                "Workers": []
                                                                                                            }
                                                                                                        ]
                                                                                                    },
                                                                                                    {
                                                                                                        "Node Type": "Sort",
                                                                                                        "Parent Relationship": "Inner",
                                                                                                        "Parallel Aware": false,
                                                                                                        "Async Capable": false,
                                                                                                        "Startup Cost": 3.17,
                                                                                                        "Total Cost": 3.18,
                                                                                                        "Plan Rows": 1,
                                                                                                        "Plan Width": 4,
                                                                                                        "Actual Startup Time": 0.022,
                                                                                                        "Actual Total Time": 0.022,
                                                                                                        "Actual Rows": 1,
                                                                                                        "Actual Loops": 2,
                                                                                                        "Sort Key": [
                                                                                                            "s2.site_id"
                                                                                                        ],
                                                                                                        "Sort Method": "quicksort",
                                                                                                        "Sort Space Used": 25,
                                                                                                        "Sort Space Type": "Memory",
                                                                                                        "Workers": [
                                                                                                            {
                                                                                                                "Worker Number": 0,
                                                                                                                "Sort Method": "quicksort",
                                                                                                                "Sort Space Used": 25,
                                                                                                                "Sort Space Type": "Memory"
                                                                                                            }
                                                                                                        ],
                                                                                                        "Plans": [
                                                                                                            {
                                                                                                                "Node Type": "Seq Scan",
                                                                                                                "Parent Relationship": "Outer",
                                                                                                                "Parallel Aware": false,
                                                                                                                "Async Capable": false,
                                                                                                                "Relation Name": "site",
                                                                                                                "Alias": "s2",
                                                                                                                "Startup Cost": 0.0,
                                                                                                                "Total Cost": 3.16,
                                                                                                                "Plan Rows": 1,
                                                                                                                "Plan Width": 4,
                                                                                                                "Actual Startup Time": 0.016,
                                                                                                                "Actual Total Time": 0.017,
                                                                                                                "Actual Rows": 1,
                                                                                                                "Actual Loops": 2,
                                                                                                                "Filter": "((site_name)::text = 'stackoverflow'::text)",
                                                                                                                "Rows Removed by Filter": 172,
                                                                                                                "Workers": []
                                                                                                            }
                                                                                                        ]
                                                                                                    }
                                                                                                ]
                                                                                            },
                                                                                            {
                                                                                                "Node Type": "Index Only Scan",
                                                                                                "Parent Relationship": "Inner",
                                                                                                "Parallel Aware": false,
                                                                                                "Async Capable": false,
                                                                                                "Scan Direction": "Forward",
                                                                                                "Index Name": "tag_question_site_id_tag_id_question_id_idx",
                                                                                                "Relation Name": "tag_question",
                                                                                                "Alias": "tq2",
                                                                                                "Startup Cost": 0.56,
                                                                                                "Total Cost": 61.69,
                                                                                                "Plan Rows": 31,
                                                                                                "Plan Width": 12,
                                                                                                "Actual Startup Time": 0.205,
                                                                                                "Actual Total Time": 57.808,
                                                                                                "Actual Rows": 21532,
                                                                                                "Actual Loops": 1,
                                                                                                "Index Cond": "((site_id = t2.site_id) AND (tag_id = t2.id))",
                                                                                                "Rows Removed by Index Recheck": 0,
                                                                                                "Heap Fetches": 21532,
                                                                                                "Workers": []
                                                                                            }
                                                                                        ]
                                                                                    },
                                                                                    {
                                                                                        "Node Type": "Index Scan",
                                                                                        "Parent Relationship": "Inner",
                                                                                        "Parallel Aware": false,
                                                                                        "Async Capable": false,
                                                                                        "Scan Direction": "Forward",
                                                                                        "Index Name": "question_pkey",
                                                                                        "Relation Name": "question",
                                                                                        "Alias": "q2",
                                                                                        "Startup Cost": 0.43,
                                                                                        "Total Cost": 7.47,
                                                                                        "Plan Rows": 1,
                                                                                        "Plan Width": 12,
                                                                                        "Actual Startup Time": 0.007,
                                                                                        "Actual Total Time": 0.007,
                                                                                        "Actual Rows": 1,
                                                                                        "Actual Loops": 21532,
                                                                                        "Index Cond": "((id = tq2.question_id) AND (site_id = tq2.site_id))",
                                                                                        "Rows Removed by Index Recheck": 0,
                                                                                        "Workers": []
                                                                                    }
                                                                                ]
                                                                            },
                                                                            {
                                                                                "Node Type": "Index Scan",
                                                                                "Parent Relationship": "Inner",
                                                                                "Parallel Aware": false,
                                                                                "Async Capable": false,
                                                                                "Scan Direction": "Forward",
                                                                                "Index Name": "so_user_pkey",
                                                                                "Relation Name": "so_user",
                                                                                "Alias": "u2",
                                                                                "Startup Cost": 0.44,
                                                                                "Total Cost": 7.48,
                                                                                "Plan Rows": 1,
                                                                                "Plan Width": 12,
                                                                                "Actual Startup Time": 0.028,
                                                                                "Actual Total Time": 0.028,
                                                                                "Actual Rows": 1,
                                                                                "Actual Loops": 21532,
                                                                                "Index Cond": "((id = q2.owner_user_id) AND (site_id = q2.site_id))",
                                                                                "Rows Removed by Index Recheck": 0,
                                                                                "Workers": []
                                                                            }
                                                                        ]
                                                                    }
                                                                ]
                                                            }
                                                        ]
                                                    }
                                                ]
                                            },
                                            {
                                                "Node Type": "Index Scan",
                                                "Parent Relationship": "Inner",
                                                "Parallel Aware": false,
                                                "Async Capable": false,
                                                "Scan Direction": "Forward",
                                                "Index Name": "account_pkey",
                                                "Relation Name": "account",
                                                "Alias": "account",
                                                "Startup Cost": 0.43,
                                                "Total Cost": 7.47,
                                                "Plan Rows": 1,
                                                "Plan Width": 15,
                                                "Actual Startup Time": 0.013,
                                                "Actual Total Time": 0.013,
                                                "Actual Rows": 1,
                                                "Actual Loops": 50,
                                                "Index Cond": "(id = u1.account_id)",
                                                "Rows Removed by Index Recheck": 0
                                            }
                                        ]
                                    }
                                ]
                            }
                        ]
                    },
                    "Planning Time": 63.58,
                    "Triggers": [],
                    "Execution Time": 1042.755
                }
            ],
            "hints": [
                "SET enable_hashjoin TO on",
                "SET enable_indexonlyscan TO on",
                "SET enable_indexscan TO on",
                "SET enable_mergejoin TO on",
                "SET enable_nestloop TO on",
                "SET enable_seqscan TO on"
            ]
        },
        {
            "arm": 1,
            "execution_time": 4143.198,
            "plan": [
                {
                    "Plan": {
                        "Node Type": "Unique",
                        "Parallel Aware": false,
                        "Async Capable": false,
                        "Startup Cost": 4661473.85,
                        "Total Cost": 4661473.98,
                        "Plan Rows": 1,
                        "Plan Width": 11,
                        "Actual Startup Time": 4128.009,
                        "Actual Total Time": 4143.146,
                        "Actual Rows": 8,
                        "Actual Loops": 1,
                        "Plans": [
                            {
                                "Node Type": "Gather Merge",
                                "Parent Relationship": "Outer",
                                "Parallel Aware": false,
                                "Async Capable": false,
                                "Startup Cost": 4661473.85,
                                "Total Cost": 4661473.98,
                                "Plan Rows": 1,
                                "Plan Width": 11,
                                "Actual Startup Time": 4128.008,
                                "Actual Total Time": 4143.14,
                                "Actual Rows": 50,
                                "Actual Loops": 1,
                                "Workers Planned": 5,
                                "Workers Launched": 5,
                                "Plans": [
                                    {
                                        "Node Type": "Sort",
                                        "Parent Relationship": "Outer",
                                        "Parallel Aware": false,
                                        "Async Capable": false,
                                        "Startup Cost": 4660473.77,
                                        "Total Cost": 4660473.78,
                                        "Plan Rows": 1,
                                        "Plan Width": 11,
                                        "Actual Startup Time": 4125.124,
                                        "Actual Total Time": 4125.136,
                                        "Actual Rows": 8,
                                        "Actual Loops": 6,
                                        "Sort Key": [
                                            "account.display_name"
                                        ],
                                        "Sort Method": "quicksort",
                                        "Sort Space Used": 25,
                                        "Sort Space Type": "Memory",
                                        "Workers": [
                                            {
                                                "Worker Number": 0,
                                                "Sort Method": "quicksort",
                                                "Sort Space Used": 25,
                                                "Sort Space Type": "Memory"
                                            },
                                            {
                                                "Worker Number": 1,
                                                "Sort Method": "quicksort",
                                                "Sort Space Used": 25,
                                                "Sort Space Type": "Memory"
                                            },
                                            {
                                                "Worker Number": 2,
                                                "Sort Method": "quicksort",
                                                "Sort Space Used": 25,
                                                "Sort Space Type": "Memory"
                                            },
                                            {
                                                "Worker Number": 3,
                                                "Sort Method": "quicksort",
                                                "Sort Space Used": 25,
                                                "Sort Space Type": "Memory"
                                            },
                                            {
                                                "Worker Number": 4,
                                                "Sort Method": "quicksort",
                                                "Sort Space Used": 25,
                                                "Sort Space Type": "Memory"
                                            }
                                        ],
                                        "Plans": [
                                            {
                                                "Node Type": "Hash Join",
                                                "Parent Relationship": "Outer",
                                                "Parallel Aware": true,
                                                "Async Capable": false,
                                                "Join Type": "Inner",
                                                "Startup Cost": 4508018.96,
                                                "Total Cost": 4660473.76,
                                                "Plan Rows": 1,
                                                "Plan Width": 11,
                                                "Actual Startup Time": 4081.231,
                                                "Actual Total Time": 4125.054,
                                                "Actual Rows": 8,
                                                "Actual Loops": 6,
                                                "Inner Unique": false,
                                                "Hash Cond": "(account.id = u1.account_id)",
                                                "Workers": [],
                                                "Plans": [
                                                    {
                                                        "Node Type": "Seq Scan",
                                                        "Parent Relationship": "Outer",
                                                        "Parallel Aware": true,
                                                        "Async Capable": false,
                                                        "Relation Name": "account",
                                                        "Alias": "account",
                                                        "Startup Cost": 0.0,
                                                        "Total Cost": 142069.67,
                                                        "Plan Rows": 2769367,
                                                        "Plan Width": 15,
                                                        "Actual Startup Time": 0.012,
                                                        "Actual Total Time": 103.248,
                                                        "Actual Rows": 2312026,
                                                        "Actual Loops": 6,
                                                        "Workers": []
                                                    },
                                                    {
                                                        "Node Type": "Hash",
                                                        "Parent Relationship": "Inner",
                                                        "Parallel Aware": true,
                                                        "Async Capable": false,
                                                        "Startup Cost": 4508018.94,
                                                        "Total Cost": 4508018.94,
                                                        "Plan Rows": 1,
                                                        "Plan Width": 8,
                                                        "Actual Startup Time": 3938.611,
                                                        "Actual Total Time": 3938.622,
                                                        "Actual Rows": 8,
                                                        "Actual Loops": 6,
                                                        "Hash Buckets": 1024,
                                                        "Original Hash Buckets": 1024,
                                                        "Hash Batches": 1,
                                                        "Original Hash Batches": 1,
                                                        "Peak Memory Usage": 200,
                                                        "Workers": [],
                                                        "Plans": [
                                                            {
                                                                "Node Type": "Hash Join",
                                                                "Parent Relationship": "Outer",
                                                                "Parallel Aware": true,
                                                                "Async Capable": false,
                                                                "Join Type": "Inner",
                                                                "Startup Cost": 4214797.0,
                                                                "Total Cost": 4508018.94,
                                                                "Plan Rows": 1,
                                                                "Plan Width": 8,
                                                                "Actual Startup Time": 3738.212,
                                                                "Actual Total Time": 3937.971,
                                                                "Actual Rows": 8,
                                                                "Actual Loops": 6,
                                                                "Inner Unique": false,
                                                                "Hash Cond": "((t1.site_id = q1.site_id) AND (tq1.question_id = q1.id))",
                                                                "Workers": [],
                                                                "Plans": [
                                                                    {
                                                                        "Node Type": "Hash Join",
                                                                        "Parent Relationship": "Outer",
                                                                        "Parallel Aware": true,
                                                                        "Async Capable": false,
                                                                        "Join Type": "Inner",
                                                                        "Startup Cost": 2576.51,
                                                                        "Total Cost": 295798.42,
                                                                        "Plan Rows": 4,
                                                                        "Plan Width": 16,
                                                                        "Actual Startup Time": 270.079,
                                                                        "Actual Total Time": 477.147,
                                                                        "Actual Rows": 1117,
                                                                        "Actual Loops": 6,
                                                                        "Inner Unique": true,
                                                                        "Hash Cond": "((s1.site_id = t1.site_id) AND (tq1.tag_id = t1.id))",
                                                                        "Workers": [],
                                                                        "Plans": [
                                                                            {
                                                                                "Node Type": "Hash Join",
                                                                                "Parent Relationship": "Outer",
                                                                                "Parallel Aware": false,
                                                                                "Async Capable": false,
                                                                                "Join Type": "Inner",
                                                                                "Startup Cost": 3.18,
                                                                                "Total Cost": 293001.22,
                                                                                "Plan Rows": 42640,
                                                                                "Plan Width": 16,
                                                                                "Actual Startup Time": 268.506,
                                                                                "Actual Total Time": 467.3,
                                                                                "Actual Rows": 241046,
                                                                                "Actual Loops": 6,
                                                                                "Inner Unique": true,
                                                                                "Hash Cond": "(tq1.site_id = s1.site_id)",
                                                                                "Workers": [],
                                                                                "Plans": [
                                                                                    {
                                                                                        "Node Type": "Seq Scan",
                                                                                        "Parent Relationship": "Outer",
                                                                                        "Parallel Aware": true,
                                                                                        "Async Capable": false,
                                                                                        "Relation Name": "tag_question",
                                                                                        "Alias": "tq1",
                                                                                        "Startup Cost": 0.0,
                                                                                        "Total Cost": 273159.66,
                                                                                        "Plan Rows": 7376766,
                                                                                        "Plan Width": 12,
                                                                                        "Actual Startup Time": 0.007,
                                                                                        "Actual Total Time": 245.822,
                                                                                        "Actual Rows": 6147303,
                                                                                        "Actual Loops": 6,
                                                                                        "Workers": []
                                                                                    },
                                                                                    {
                                                                                        "Node Type": "Hash",
                                                                                        "Parent Relationship": "Inner",
                                                                                        "Parallel Aware": false,
                                                                                        "Async Capable": false,
                                                                                        "Startup Cost": 3.16,
                                                                                        "Total Cost": 3.16,
                                                                                        "Plan Rows": 1,
                                                                                        "Plan Width": 4,
                                                                                        "Actual Startup Time": 0.012,
                                                                                        "Actual Total Time": 0.013,
                                                                                        "Actual Rows": 1,
                                                                                        "Actual Loops": 6,
                                                                                        "Hash Buckets": 1024,
                                                                                        "Original Hash Buckets": 1024,
                                                                                        "Hash Batches": 1,
                                                                                        "Original Hash Batches": 1,
                                                                                        "Peak Memory Usage": 9,
                                                                                        "Workers": [],
                                                                                        "Plans": [
                                                                                            {
                                                                                                "Node Type": "Seq Scan",
                                                                                                "Parent Relationship": "Outer",
                                                                                                "Parallel Aware": false,
                                                                                                "Async Capable": false,
                                                                                                "Relation Name": "site",
                                                                                                "Alias": "s1",
                                                                                                "Startup Cost": 0.0,
                                                                                                "Total Cost": 3.16,
                                                                                                "Plan Rows": 1,
                                                                                                "Plan Width": 4,
                                                                                                "Actual Startup Time": 0.008,
                                                                                                "Actual Total Time": 0.01,
                                                                                                "Actual Rows": 1,
                                                                                                "Actual Loops": 6,
                                                                                                "Filter": "((site_name)::text = 'math'::text)",
                                                                                                "Rows Removed by Filter": 172,
                                                                                                "Workers": []
                                                                                            }
                                                                                        ]
                                                                                    }
                                                                                ]
                                                                            },
                                                                            {
                                                                                "Node Type": "Hash",
                                                                                "Parent Relationship": "Inner",
                                                                                "Parallel Aware": true,
                                                                                "Async Capable": false,
                                                                                "Startup Cost": 2573.31,
                                                                                "Total Cost": 2573.31,
                                                                                "Plan Rows": 2,
                                                                                "Plan Width": 8,
                                                                                "Actual Startup Time": 1.523,
                                                                                "Actual Total Time": 1.524,
                                                                                "Actual Rows": 0,
                                                                                "Actual Loops": 6,
                                                                                "Hash Buckets": 1024,
                                                                                "Original Hash Buckets": 1024,
                                                                                "Hash Batches": 1,
                                                                                "Original Hash Batches": 1,
                                                                                "Peak Memory Usage": 40,
                                                                                "Workers": [],
                                                                                "Plans": [
                                                                                    {
                                                                                        "Node Type": "Seq Scan",
                                                                                        "Parent Relationship": "Outer",
                                                                                        "Parallel Aware": true,
                                                                                        "Async Capable": false,
                                                                                        "Relation Name": "tag",
                                                                                        "Alias": "t1",
                                                                                        "Startup Cost": 0.0,
                                                                                        "Total Cost": 2573.31,
                                                                                        "Plan Rows": 2,
                                                                                        "Plan Width": 8,
                                                                                        "Actual Startup Time": 1.341,
                                                                                        "Actual Total Time": 1.507,
                                                                                        "Actual Rows": 0,
                                                                                        "Actual Loops": 6,
                                                                                        "Filter": "((name)::text = 'vector-spaces'::text)",
                                                                                        "Rows Removed by Filter": 31128,
                                                                                        "Workers": []
                                                                                    }
                                                                                ]
                                                                            }
                                                                        ]
                                                                    },
                                                                    {
                                                                        "Node Type": "Hash",
                                                                        "Parent Relationship": "Inner",
                                                                        "Parallel Aware": true,
                                                                        "Async Capable": false,
                                                                        "Startup Cost": 4212220.47,
                                                                        "Total Cost": 4212220.47,
                                                                        "Plan Rows": 1,
                                                                        "Plan Width": 20,
                                                                        "Actual Startup Time": 3460.333,
                                                                        "Actual Total Time": 3460.34,
                                                                        "Actual Rows": 139306,
                                                                        "Actual Loops": 6,
                                                                        "Hash Buckets": 1048576,
                                                                        "Original Hash Buckets": 1024,
                                                                        "Hash Batches": 1,
                                                                        "Original Hash Batches": 1,
                                                                        "Peak Memory Usage": 62296,
                                                                        "Workers": [],
                                                                        "Plans": [
                                                                            {
                                                                                "Node Type": "Hash Join",
                                                                                "Parent Relationship": "Outer",
                                                                                "Parallel Aware": true,
                                                                                "Async Capable": false,
                                                                                "Join Type": "Inner",
                                                                                "Startup Cost": 2516411.25,
                                                                                "Total Cost": 4212220.47,
                                                                                "Plan Rows": 1,
                                                                                "Plan Width": 20,
                                                                                "Actual Startup Time": 2637.926,
                                                                                "Actual Total Time": 3389.278,
                                                                                "Actual Rows": 139306,
                                                                                "Actual Loops": 6,
                                                                                "Inner Unique": false,
                                                                                "Hash Cond": "((q1.site_id = u1.site_id) AND (q1.owner_user_id = u1.id))",
                                                                                "Workers": [],
                                                                                "Plans": [
                                                                                    {
                                                                                        "Node Type": "Seq Scan",
                                                                                        "Parent Relationship": "Outer",
                                                                                        "Parallel Aware": true,
                                                                                        "Async Capable": false,
                                                                                        "Relation Name": "question",
                                                                                        "Alias": "q1",
                                                                                        "Startup Cost": 0.0,
                                                                                        "Total Cost": 1682252.12,
                                                                                        "Plan Rows": 1807612,
                                                                                        "Plan Width": 12,
                                                                                        "Actual Startup Time": 0.009,
                                                                                        "Actual Total Time": 497.276,
                                                                                        "Actual Rows": 2111074,
                                                                                        "Actual Loops": 6,
                                                                                        "Workers": []
                                                                                    },
                                                                                    {
                                                                                        "Node Type": "Hash",
                                                                                        "Parent Relationship": "Inner",
                                                                                        "Parallel Aware": true,
                                                                                        "Async Capable": false,
                                                                                        "Startup Cost": 2516411.23,
                                                                                        "Total Cost": 2516411.23,
                                                                                        "Plan Rows": 1,
                                                                                        "Plan Width": 16,
                                                                                        "Actual Startup Time": 2637.706,
                                                                                        "Actual Total Time": 2637.712,
                                                                                        "Actual Rows": 20591,
                                                                                        "Actual Loops": 6,
                                                                                        "Hash Buckets": 131072,
                                                                                        "Original Hash Buckets": 1024,
                                                                                        "Hash Batches": 1,
                                                                                        "Original Hash Batches": 1,
                                                                                        "Peak Memory Usage": 7960,
                                                                                        "Workers": [],
                                                                                        "Plans": [
                                                                                            {
                                                                                                "Node Type": "Hash Join",
                                                                                                "Parent Relationship": "Outer",
                                                                                                "Parallel Aware": true,
                                                                                                "Async Capable": false,
                                                                                                "Join Type": "Inner",
                                                                                                "Startup Cost": 2261198.58,
                                                                                                "Total Cost": 2516411.23,
                                                                                                "Plan Rows": 1,
                                                                                                "Plan Width": 16,
                                                                                                "Actual Startup Time": 2245.228,
                                                                                                "Actual Total Time": 2606.913,
                                                                                                "Actual Rows": 20591,
                                                                                                "Actual Loops": 6,
                                                                                                "Inner Unique": false,
                                                                                                "Hash Cond": "(u1.account_id = u2.account_id)",
                                                                                                "Workers": [],
                                                                                                "Plans": [
                                                                                                    {
                                                                                                        "Node Type": "Seq Scan",
                                                                                                        "Parent Relationship": "Outer",
                                                                                                        "Parallel Aware": true,
                                                                                                        "Async Capable": false,
                                                                                                        "Relation Name": "so_user",
                                                                                                        "Alias": "u1",
                                                                                                        "Startup Cost": 0.0,
                                                                                                        "Total Cost": 239391.02,
                                                                                                        "Plan Rows": 4219102,
                                                                                                        "Plan Width": 12,
                                                                                                        "Actual Startup Time": 0.009,
                                                                                                        "Actual Total Time": 155.409,
                                                                                                        "Actual Rows": 3516217,
                                                                                                        "Actual Loops": 6,
                                                                                                        "Workers": []
                                                                                                    },
                                                                                                    {
                                                                                                        "Node Type": "Hash",
                                                                                                        "Parent Relationship": "Inner",
                                                                                                        "Parallel Aware": true,
                                                                                                        "Async Capable": false,
                                                                                                        "Startup Cost": 2261198.56,
                                                                                                        "Total Cost": 2261198.56,
                                                                                                        "Plan Rows": 1,
                                                                                                        "Plan Width": 4,
                                                                                                        "Actual Startup Time": 2245.1,
                                                                                                        "Actual Total Time": 2245.105,
                                                                                                        "Actual Rows": 3589,
                                                                                                        "Actual Loops": 6,
                                                                                                        "Hash Buckets": 32768,
                                                                                                        "Original Hash Buckets": 1024,
                                                                                                        "Hash Batches": 1,
                                                                                                        "Original Hash Batches": 1,
                                                                                                        "Peak Memory Usage": 1528,
                                                                                                        "Workers": [],
                                                                                                        "Plans": [
                                                                                                            {
                                                                                                                "Node Type": "Hash Join",
                                                                                                                "Parent Relationship": "Outer",
                                                                                                                "Parallel Aware": true,
                                                                                                                "Async Capable": false,
                                                                                                                "Join Type": "Inner",
                                                                                                                "Startup Cost": 2010278.17,
                                                                                                                "Total Cost": 2261198.56,
                                                                                                                "Plan Rows": 1,
                                                                                                                "Plan Width": 4,
                                                                                                                "Actual Startup Time": 1734.306,
                                                                                                                "Actual Total Time": 2116.87,
                                                                                                                "Actual Rows": 3589,
                                                                                                                "Actual Loops": 6,
                                                                                                                "Inner Unique": false,
                                                                                                                "Hash Cond": "((s2.site_id = t2.site_id) AND (u2.id = q2.owner_user_id))",
                                                                                                                "Workers": [],
                                                                                                                "Plans": [
                                                                                                                    {
                                                                                                                        "Node Type": "Hash Join",
                                                                                                                        "Parent Relationship": "Outer",
                                                                                                                        "Parallel Aware": false,
                                                                                                                        "Async Capable": false,
                                                                                                                        "Join Type": "Inner",
                                                                                                                        "Startup Cost": 3.18,
                                                                                                                        "Total Cost": 250740.65,
                                                                                                                        "Plan Rows": 24388,
                                                                                                                        "Plan Width": 16,
                                                                                                                        "Actual Startup Time": 108.963,
                                                                                                                        "Actual Total Time": 391.012,
                                                                                                                        "Actual Rows": 1822004,
                                                                                                                        "Actual Loops": 6,
                                                                                                                        "Inner Unique": true,
                                                                                                                        "Hash Cond": "(u2.site_id = s2.site_id)",
                                                                                                                        "Workers": [],
                                                                                                                        "Plans": [
                                                                                                                            {
                                                                                                                                "Node Type": "Seq Scan",
                                                                                                                                "Parent Relationship": "Outer",
                                                                                                                                "Parallel Aware": true,
                                                                                                                                "Async Capable": false,
                                                                                                                                "Relation Name": "so_user",
                                                                                                                                "Alias": "u2",
                                                                                                                                "Startup Cost": 0.0,
                                                                                                                                "Total Cost": 239391.02,
                                                                                                                                "Plan Rows": 4219102,
                                                                                                                                "Plan Width": 12,
                                                                                                                                "Actual Startup Time": 0.026,
                                                                                                                                "Actual Total Time": 164.354,
                                                                                                                                "Actual Rows": 3516217,
                                                                                                                                "Actual Loops": 6,
                                                                                                                                "Workers": []
                                                                                                                            },
                                                                                                                            {
                                                                                                                                "Node Type": "Hash",
                                                                                                                                "Parent Relationship": "Inner",
                                                                                                                                "Parallel Aware": false,
                                                                                                                                "Async Capable": false,
                                                                                                                                "Startup Cost": 3.16,
                                                                                                                                "Total Cost": 3.16,
                                                                                                                                "Plan Rows": 1,
                                                                                                                                "Plan Width": 4,
                                                                                                                                "Actual Startup Time": 0.02,
                                                                                                                                "Actual Total Time": 0.021,
                                                                                                                                "Actual Rows": 1,
                                                                                                                                "Actual Loops": 6,
                                                                                                                                "Hash Buckets": 1024,
                                                                                                                                "Original Hash Buckets": 1024,
                                                                                                                                "Hash Batches": 1,
                                                                                                                                "Original Hash Batches": 1,
                                                                                                                                "Peak Memory Usage": 9,
                                                                                                                                "Workers": [],
                                                                                                                                "Plans": [
                                                                                                                                    {
                                                                                                                                        "Node Type": "Seq Scan",
                                                                                                                                        "Parent Relationship": "Outer",
                                                                                                                                        "Parallel Aware": false,
                                                                                                                                        "Async Capable": false,
                                                                                                                                        "Relation Name": "site",
                                                                                                                                        "Alias": "s2",
                                                                                                                                        "Startup Cost": 0.0,
                                                                                                                                        "Total Cost": 3.16,
                                                                                                                                        "Plan Rows": 1,
                                                                                                                                        "Plan Width": 4,
                                                                                                                                        "Actual Startup Time": 0.017,
                                                                                                                                        "Actual Total Time": 0.018,
                                                                                                                                        "Actual Rows": 1,
                                                                                                                                        "Actual Loops": 6,
                                                                                                                                        "Filter": "((site_name)::text = 'stackoverflow'::text)",
                                                                                                                                        "Rows Removed by Filter": 172,
                                                                                                                                        "Workers": []
                                                                                                                                    }
                                                                                                                                ]
                                                                                                                            }
                                                                                                                        ]
                                                                                                                    },
                                                                                                                    {
                                                                                                                        "Node Type": "Hash",
                                                                                                                        "Parent Relationship": "Inner",
                                                                                                                        "Parallel Aware": true,
                                                                                                                        "Async Capable": false,
                                                                                                                        "Startup Cost": 2010274.21,
                                                                                                                        "Total Cost": 2010274.21,
                                                                                                                        "Plan Rows": 52,
                                                                                                                        "Plan Width": 16,
                                                                                                                        "Actual Startup Time": 1625.22,
                                                                                                                        "Actual Total Time": 1625.223,
                                                                                                                        "Actual Rows": 3732,
                                                                                                                        "Actual Loops": 6,
                                                                                                                        "Hash Buckets": 32768,
                                                                                                                        "Original Hash Buckets": 1024,
                                                                                                                        "Hash Batches": 1,
                                                                                                                        "Original Hash Batches": 1,
                                                                                                                        "Peak Memory Usage": 1656,
                                                                                                                        "Workers": [],
                                                                                                                        "Plans": [
                                                                                                                            {
                                                                                                                                "Node Type": "Hash Join",
                                                                                                                                "Parent Relationship": "Outer",
                                                                                                                                "Parallel Aware": true,
                                                                                                                                "Async Capable": false,
                                                                                                                                "Join Type": "Inner",
                                                                                                                                "Startup Cost": 314464.9,
                                                                                                                                "Total Cost": 2010274.21,
                                                                                                                                "Plan Rows": 52,
                                                                                                                                "Plan Width": 16,
                                                                                                                                "Actual Startup Time": 810.046,
                                                                                                                                "Actual Total Time": 1485.164,
                                                                                                                                "Actual Rows": 3732,
                                                                                                                                "Actual Loops": 6,
                                                                                                                                "Inner Unique": false,
                                                                                                                                "Hash Cond": "((q2.site_id = t2.site_id) AND (q2.id = tq2.question_id))",
                                                                                                                                "Workers": [],
                                                                                                                                "Plans": [
                                                                                                                                    {
                                                                                                                                        "Node Type": "Seq Scan",
                                                                                                                                        "Parent Relationship": "Outer",
                                                                                                                                        "Parallel Aware": true,
                                                                                                                                        "Async Capable": false,
                                                                                                                                        "Relation Name": "question",
                                                                                                                                        "Alias": "q2",
                                                                                                                                        "Startup Cost": 0.0,
                                                                                                                                        "Total Cost": 1682252.12,
                                                                                                                                        "Plan Rows": 1807612,
                                                                                                                                        "Plan Width": 12,
                                                                                                                                        "Actual Startup Time": 0.033,
                                                                                                                                        "Actual Total Time": 496.053,
                                                                                                                                        "Actual Rows": 2111074,
                                                                                                                                        "Actual Loops": 6,
                                                                                                                                        "Workers": []
                                                                                                                                    },
                                                                                                                                    {
                                                                                                                                        "Node Type": "Hash",
                                                                                                                                        "Parent Relationship": "Inner",
                                                                                                                                        "Parallel Aware": true,
                                                                                                                                        "Async Capable": false,
                                                                                                                                        "Startup Cost": 314463.13,
                                                                                                                                        "Total Cost": 314463.13,
                                                                                                                                        "Plan Rows": 118,
                                                                                                                                        "Plan Width": 12,
                                                                                                                                        "Actual Startup Time": 809.077,
                                                                                                                                        "Actual Total Time": 809.078,
                                                                                                                                        "Actual Rows": 3732,
                                                                                                                                        "Actual Loops": 6,
                                                                                                                                        "Hash Buckets": 32768,
                                                                                                                                        "Original Hash Buckets": 1024,
                                                                                                                                        "Hash Batches": 1,
                                                                                                                                        "Original Hash Batches": 1,
                                                                                                                                        "Peak Memory Usage": 1656,
                                                                                                                                        "Workers": [],
                                                                                                                                        "Plans": [
                                                                                                                                            {
                                                                                                                                                "Node Type": "Hash Join",
                                                                                                                                                "Parent Relationship": "Outer",
                                                                                                                                                "Parallel Aware": true,
                                                                                                                                                "Async Capable": false,
                                                                                                                                                "Join Type": "Inner",
                                                                                                                                                "Startup Cost": 2573.34,
                                                                                                                                                "Total Cost": 314463.13,
                                                                                                                                                "Plan Rows": 118,
                                                                                                                                                "Plan Width": 12,
                                                                                                                                                "Actual Startup Time": 1.838,
                                                                                                                                                "Actual Total Time": 526.128,
                                                                                                                                                "Actual Rows": 3732,
                                                                                                                                                "Actual Loops": 6,
                                                                                                                                                "Inner Unique": true,
                                                                                                                                                "Hash Cond": "((tq2.site_id = t2.site_id) AND (tq2.tag_id = t2.id))",
                                                                                                                                                "Workers": [],
                                                                                                                                                "Plans": [
                                                                                                                                                    {
                                                                                                                                                        "Node Type": "Seq Scan",
                                                                                                                                                        "Parent Relationship": "Outer",
                                                                                                                                                        "Parallel Aware": true,
                                                                                                                                                        "Async Capable": false,
                                                                                                                                                        "Relation Name": "tag_question",
                                                                                                                                                        "Alias": "tq2",
                                                                                                                                                        "Startup Cost": 0.0,
                                                                                                                                                        "Total Cost": 273159.66,
                                                                                                                                                        "Plan Rows": 7376766,
                                                                                                                                                        "Plan Width": 12,
                                                                                                                                                        "Actual Startup Time": 0.027,
                                                                                                                                                        "Actual Total Time": 262.203,
                                                                                                                                                        "Actual Rows": 6147303,
                                                                                                                                                        "Actual Loops": 6,
                                                                                                                                                        "Workers": []
                                                                                                                                                    },
                                                                                                                                                    {
                                                                                                                                                        "Node Type": "Hash",
                                                                                                                                                        "Parent Relationship": "Inner",
                                                                                                                                                        "Parallel Aware": true,
                                                                                                                                                        "Async Capable": false,
                                                                                                                                                        "Startup Cost": 2573.31,
                                                                                                                                                        "Total Cost": 2573.31,
                                                                                                                                                        "Plan Rows": 2,
                                                                                                                                                        "Plan Width": 8,
                                                                                                                                                        "Actual Startup Time": 1.65,
                                                                                                                                                        "Actual Total Time": 1.651,
                                                                                                                                                        "Actual Rows": 1,
                                                                                                                                                        "Actual Loops": 6,
                                                                                                                                                        "Hash Buckets": 1024,
                                                                                                                                                        "Original Hash Buckets": 1024,
                                                                                                                                                        "Hash Batches": 1,
                                                                                                                                                        "Original Hash Batches": 1,
                                                                                                                                                        "Peak Memory Usage": 104,
                                                                                                                                                        "Workers": [],
                                                                                                                                                        "Plans": [
                                                                                                                                                            {
                                                                                                                                                                "Node Type": "Seq Scan",
                                                                                                                                                                "Parent Relationship": "Outer",
                                                                                                                                                                "Parallel Aware": true,
                                                                                                                                                                "Async Capable": false,
                                                                                                                                                                "Relation Name": "tag",
                                                                                                                                                                "Alias": "t2",
                                                                                                                                                                "Startup Cost": 0.0,
                                                                                                                                                                "Total Cost": 2573.31,
                                                                                                                                                                "Plan Rows": 2,
                                                                                                                                                                "Plan Width": 8,
                                                                                                                                                                "Actual Startup Time": 0.662,
                                                                                                                                                                "Actual Total Time": 1.631,
                                                                                                                                                                "Actual Rows": 1,
                                                                                                                                                                "Actual Loops": 6,
                                                                                                                                                                "Filter": "((name)::text = 'jsf'::text)",
                                                                                                                                                                "Rows Removed by Filter": 31127,
                                                                                                                                                                "Workers": []
                                                                                                                                                            }
                                                                                                                                                        ]
                                                                                                                                                    }
                                                                                                                                                ]
                                                                                                                                            }
                                                                                                                                        ]
                                                                                                                                    }
                                                                                                                                ]
                                                                                                                            }
                                                                                                                        ]
                                                                                                                    }
                                                                                                                ]
                                                                                                            }
                                                                                                        ]
                                                                                                    }
                                                                                                ]
                                                                                            }
                                                                                        ]
                                                                                    }
                                                                                ]
                                                                            }
                                                                        ]
                                                                    }
                                                                ]
                                                            }
                                                        ]
                                                    }
                                                ]
                                            }
                                        ]
                                    }
                                ]
                            }
                        ]
                    },
                    "Planning Time": 71.541,
                    "Triggers": [],
                    "Execution Time": 4143.198
                }
            ],
            "hints": [
                "SET enable_hashjoin TO on",
                "SET enable_indexonlyscan TO on",
                "SET enable_indexscan TO on",
                "SET enable_mergejoin TO on",
                "SET enable_nestloop TO off",
                "SET enable_seqscan TO on"
            ]
        },
        {
            "arm": 2,
            "execution_time": 206.54,
            "plan": [
                {
                    "Plan": {
                        "Node Type": "Unique",
                        "Parallel Aware": false,
                        "Async Capable": false,
                        "Startup Cost": 6641.58,
                        "Total Cost": 6641.59,
                        "Plan Rows": 1,
                        "Plan Width": 11,
                        "Actual Startup Time": 206.241,
                        "Actual Total Time": 206.488,
                        "Actual Rows": 8,
                        "Actual Loops": 1,
                        "Plans": [
                            {
                                "Node Type": "Sort",
                                "Parent Relationship": "Outer",
                                "Parallel Aware": false,
                                "Async Capable": false,
                                "Startup Cost": 6641.58,
                                "Total Cost": 6641.59,
                                "Plan Rows": 1,
                                "Plan Width": 11,
                                "Actual Startup Time": 206.24,
                                "Actual Total Time": 206.483,
                                "Actual Rows": 50,
                                "Actual Loops": 1,
                                "Sort Key": [
                                    "account.display_name"
                                ],
                                "Sort Method": "quicksort",
                                "Sort Space Used": 25,
                                "Sort Space Type": "Memory",
                                "Plans": [
                                    {
                                        "Node Type": "Nested Loop",
                                        "Parent Relationship": "Outer",
                                        "Parallel Aware": false,
                                        "Async Capable": false,
                                        "Join Type": "Inner",
                                        "Startup Cost": 3836.68,
                                        "Total Cost": 6641.57,
                                        "Plan Rows": 1,
                                        "Plan Width": 11,
                                        "Actual Startup Time": 165.616,
                                        "Actual Total Time": 206.464,
                                        "Actual Rows": 50,
                                        "Actual Loops": 1,
                                        "Inner Unique": true,
                                        "Plans": [
                                            {
                                                "Node Type": "Gather",
                                                "Parent Relationship": "Outer",
                                                "Parallel Aware": false,
                                                "Async Capable": false,
                                                "Startup Cost": 3832.72,
                                                "Total Cost": 6633.61,
                                                "Plan Rows": 1,
                                                "Plan Width": 8,
                                                "Actual Startup Time": 165.608,
                                                "Actual Total Time": 206.365,
                                                "Actual Rows": 50,
                                                "Actual Loops": 1,
                                                "Workers Planned": 1,
                                                "Workers Launched": 1,
                                                "Single Copy": false,
                                                "Plans": [
                                                    {
                                                        "Node Type": "Hash Join",
                                                        "Parent Relationship": "Outer",
                                                        "Parallel Aware": true,
                                                        "Async Capable": false,
                                                        "Join Type": "Inner",
                                                        "Startup Cost": 2832.72,
                                                        "Total Cost": 5633.51,
                                                        "Plan Rows": 1,
                                                        "Plan Width": 8,
                                                        "Actual Startup Time": 165.389,
                                                        "Actual Total Time": 185.651,
                                                        "Actual Rows": 25,
                                                        "Actual Loops": 2,
                                                        "Inner Unique": false,
                                                        "Hash Cond": "(u1.account_id = u2.account_id)",
                                                        "Workers": [],
                                                        "Plans": [
                                                            {
                                                                "Node Type": "Nested Loop",
                                                                "Parent Relationship": "Outer",
                                                                "Parallel Aware": false,
                                                                "Async Capable": false,
                                                                "Join Type": "Inner",
                                                                "Startup Cost": 15.97,
                                                                "Total Cost": 2816.74,
                                                                "Plan Rows": 1,
                                                                "Plan Width": 4,
                                                                "Actual Startup Time": 4.324,
                                                                "Actual Total Time": 25.02,
                                                                "Actual Rows": 3350,
                                                                "Actual Loops": 2,
                                                                "Inner Unique": true,
                                                                "Join Filter": "(t1.site_id = u1.site_id)",
                                                                "Rows Removed by Join Filter": 0,
                                                                "Workers": [],
                                                                "Plans": [
                                                                    {
                                                                        "Node Type": "Nested Loop",
                                                                        "Parent Relationship": "Outer",
                                                                        "Parallel Aware": false,
                                                                        "Async Capable": false,
                                                                        "Join Type": "Inner",
                                                                        "Startup Cost": 12.01,
                                                                        "Total Cost": 2808.75,
                                                                        "Plan Rows": 1,
                                                                        "Plan Width": 20,
                                                                        "Actual Startup Time": 4.321,
                                                                        "Actual Total Time": 15.937,
                                                                        "Actual Rows": 3350,
                                                                        "Actual Loops": 2,
                                                                        "Inner Unique": true,
                                                                        "Join Filter": "(t1.site_id = q1.site_id)",
                                                                        "Rows Removed by Join Filter": 0,
                                                                        "Workers": [],
                                                                        "Plans": [
                                                                            {
                                                                                "Node Type": "Nested Loop",
                                                                                "Parent Relationship": "Outer",
                                                                                "Parallel Aware": false,
                                                                                "Async Capable": false,
                                                                                "Join Type": "Inner",
                                                                                "Startup Cost": 8.06,
                                                                                "Total Cost": 2704.99,
                                                                                "Plan Rows": 13,
                                                                                "Plan Width": 16,
                                                                                "Actual Startup Time": 4.317,
                                                                                "Actual Total Time": 6.728,
                                                                                "Actual Rows": 3350,
                                                                                "Actual Loops": 2,
                                                                                "Inner Unique": false,
                                                                                "Workers": [],
                                                                                "Plans": [
                                                                                    {
                                                                                        "Node Type": "Hash Join",
                                                                                        "Parent Relationship": "Outer",
                                                                                        "Parallel Aware": false,
                                                                                        "Async Capable": false,
                                                                                        "Join Type": "Inner",
                                                                                        "Startup Cost": 3.18,
                                                                                        "Total Cost": 2576.49,
                                                                                        "Plan Rows": 1,
                                                                                        "Plan Width": 12,
                                                                                        "Actual Startup Time": 3.84,
                                                                                        "Actual Total Time": 3.845,
                                                                                        "Actual Rows": 0,
                                                                                        "Actual Loops": 2,
                                                                                        "Inner Unique": true,
                                                                                        "Hash Cond": "(t1.site_id = s1.site_id)",
                                                                                        "Workers": [],
                                                                                        "Plans": [
                                                                                            {
                                                                                                "Node Type": "Seq Scan",
                                                                                                "Parent Relationship": "Outer",
                                                                                                "Parallel Aware": true,
                                                                                                "Async Capable": false,
                                                                                                "Relation Name": "tag",
                                                                                                "Alias": "t1",
                                                                                                "Startup Cost": 0.0,
                                                                                                "Total Cost": 2573.31,
                                                                                                "Plan Rows": 2,
                                                                                                "Plan Width": 8,
                                                                                                "Actual Startup Time": 1.427,
                                                                                                "Actual Total Time": 3.819,
                                                                                                "Actual Rows": 1,
                                                                                                "Actual Loops": 2,
                                                                                                "Filter": "((name)::text = 'vector-spaces'::text)",
                                                                                                "Rows Removed by Filter": 93384,
                                                                                                "Workers": []
                                                                                            },
                                                                                            {
                                                                                                "Node Type": "Hash",
                                                                                                "Parent Relationship": "Inner",
                                                                                                "Parallel Aware": false,
                                                                                                "Async Capable": false,
                                                                                                "Startup Cost": 3.16,
                                                                                                "Total Cost": 3.16,
                                                                                                "Plan Rows": 1,
                                                                                                "Plan Width": 4,
                                                                                                "Actual Startup Time": 0.012,
                                                                                                "Actual Total Time": 0.012,
                                                                                                "Actual Rows": 1,
                                                                                                "Actual Loops": 2,
                                                                                                "Hash Buckets": 1024,
                                                                                                "Original Hash Buckets": 1024,
                                                                                                "Hash Batches": 1,
                                                                                                "Original Hash Batches": 1,
                                                                                                "Peak Memory Usage": 9,
                                                                                                "Workers": [],
                                                                                                "Plans": [
                                                                                                    {
                                                                                                        "Node Type": "Seq Scan",
                                                                                                        "Parent Relationship": "Outer",
                                                                                                        "Parallel Aware": false,
                                                                                                        "Async Capable": false,
                                                                                                        "Relation Name": "site",
                                                                                                        "Alias": "s1",
                                                                                                        "Startup Cost": 0.0,
                                                                                                        "Total Cost": 3.16,
                                                                                                        "Plan Rows": 1,
                                                                                                        "Plan Width": 4,
                                                                                                        "Actual Startup Time": 0.007,
                                                                                                        "Actual Total Time": 0.01,
                                                                                                        "Actual Rows": 1,
                                                                                                        "Actual Loops": 2,
                                                                                                        "Filter": "((site_name)::text = 'math'::text)",
                                                                                                        "Rows Removed by Filter": 172,
                                                                                                        "Workers": []
                                                                                                    }
                                                                                                ]
                                                                                            }
                                                                                        ]
                                                                                    },
                                                                                    {
                                                                                        "Node Type": "Bitmap Heap Scan",
                                                                                        "Parent Relationship": "Inner",
                                                                                        "Parallel Aware": false,
                                                                                        "Async Capable": false,
                                                                                        "Relation Name": "tag_question",
                                                                                        "Alias": "tq1",
                                                                                        "Startup Cost": 4.88,
                                                                                        "Total Cost": 128.19,
                                                                                        "Plan Rows": 31,
                                                                                        "Plan Width": 12,
                                                                                        "Actual Startup Time": 0.951,
                                                                                        "Actual Total Time": 5.198,
                                                                                        "Actual Rows": 6700,
                                                                                        "Actual Loops": 1,
                                                                                        "Recheck Cond": "((t1.site_id = site_id) AND (t1.id = tag_id))",
                                                                                        "Rows Removed by Index Recheck": 0,
                                                                                        "Exact Heap Blocks": 4377,
                                                                                        "Lossy Heap Blocks": 0,
                                                                                        "Workers": [],
                                                                                        "Plans": [
                                                                                            {
                                                                                                "Node Type": "Bitmap Index Scan",
                                                                                                "Parent Relationship": "Outer",
                                                                                                "Parallel Aware": false,
                                                                                                "Async Capable": false,
                                                                                                "Index Name": "tag_question_site_id_tag_id_question_id_idx",
                                                                                                "Startup Cost": 0.0,
                                                                                                "Total Cost": 4.88,
                                                                                                "Plan Rows": 31,
                                                                                                "Plan Width": 0,
                                                                                                "Actual Startup Time": 0.455,
                                                                                                "Actual Total Time": 0.455,
                                                                                                "Actual Rows": 6700,
                                                                                                "Actual Loops": 1,
                                                                                                "Index Cond": "((site_id = t1.site_id) AND (tag_id = t1.id))",
                                                                                                "Workers": []
                                                                                            }
                                                                                        ]
                                                                                    }
                                                                                ]
                                                                            },
                                                                            {
                                                                                "Node Type": "Bitmap Heap Scan",
                                                                                "Parent Relationship": "Inner",
                                                                                "Parallel Aware": false,
                                                                                "Async Capable": false,
                                                                                "Relation Name": "question",
                                                                                "Alias": "q1",
                                                                                "Startup Cost": 3.95,
                                                                                "Total Cost": 7.97,
                                                                                "Plan Rows": 1,
                                                                                "Plan Width": 12,
                                                                                "Actual Startup Time": 0.002,
                                                                                "Actual Total Time": 0.002,
                                                                                "Actual Rows": 1,
                                                                                "Actual Loops": 6700,
                                                                                "Recheck Cond": "((id = tq1.question_id) AND (site_id = tq1.site_id))",
                                                                                "Rows Removed by Index Recheck": 0,
                                                                                "Exact Heap Blocks": 6700,
                                                                                "Lossy Heap Blocks": 0,
                                                                                "Workers": [],
                                                                                "Plans": [
                                                                                    {
                                                                                        "Node Type": "Bitmap Index Scan",
                                                                                        "Parent Relationship": "Outer",
                                                                                        "Parallel Aware": false,
                                                                                        "Async Capable": false,
                                                                                        "Index Name": "question_pkey",
                                                                                        "Startup Cost": 0.0,
                                                                                        "Total Cost": 3.95,
                                                                                        "Plan Rows": 1,
                                                                                        "Plan Width": 0,
                                                                                        "Actual Startup Time": 0.001,
                                                                                        "Actual Total Time": 0.001,
                                                                                        "Actual Rows": 1,
                                                                                        "Actual Loops": 6700,
                                                                                        "Index Cond": "((id = tq1.question_id) AND (site_id = tq1.site_id))",
                                                                                        "Workers": []
                                                                                    }
                                                                                ]
                                                                            }
                                                                        ]
                                                                    },
                                                                    {
                                                                        "Node Type": "Bitmap Heap Scan",
                                                                        "Parent Relationship": "Inner",
                                                                        "Parallel Aware": false,
                                                                        "Async Capable": false,
                                                                        "Relation Name": "so_user",
                                                                        "Alias": "u1",
                                                                        "Startup Cost": 3.96,
                                                                        "Total Cost": 7.97,
                                                                        "Plan Rows": 1,
                                                                        "Plan Width": 12,
                                                                        "Actual Startup Time": 0.002,
                                                                        "Actual Total Time": 0.002,
                                                                        "Actual Rows": 1,
                                                                        "Actual Loops": 6700,
                                                                        "Recheck Cond": "((id = q1.owner_user_id) AND (q1.site_id = site_id))",
                                                                        "Rows Removed by Index Recheck": 0,
                                                                        "Exact Heap Blocks": 6700,
                                                                        "Lossy Heap Blocks": 0,
                                                                        "Workers": [],
                                                                        "Plans": [
                                                                            {
                                                                                "Node Type": "Bitmap Index Scan",
                                                                                "Parent Relationship": "Outer",
                                                                                "Parallel Aware": false,
                                                                                "Async Capable": false,
                                                                                "Index Name": "so_user_pkey",
                                                                                "Startup Cost": 0.0,
                                                                                "Total Cost": 3.96,
                                                                                "Plan Rows": 1,
                                                                                "Plan Width": 0,
                                                                                "Actual Startup Time": 0.002,
                                                                                "Actual Total Time": 0.002,
                                                                                "Actual Rows": 1,
                                                                                "Actual Loops": 6700,
                                                                                "Index Cond": "((id = q1.owner_user_id) AND (site_id = q1.site_id))",
                                                                                "Workers": []
                                                                            }
                                                                        ]
                                                                    }
                                                                ]
                                                            },
                                                            {
                                                                "Node Type": "Hash",
                                                                "Parent Relationship": "Inner",
                                                                "Parallel Aware": true,
                                                                "Async Capable": false,
                                                                "Startup Cost": 2816.74,
                                                                "Total Cost": 2816.74,
                                                                "Plan Rows": 1,
                                                                "Plan Width": 4,
                                                                "Actual Startup Time": 160.083,
                                                                "Actual Total Time": 160.086,
                                                                "Actual Rows": 10766,
                                                                "Actual Loops": 2,
                                                                "Hash Buckets": 32768,
                                                                "Original Hash Buckets": 1024,
                                                                "Hash Batches": 1,
                                                                "Original Hash Batches": 1,
                                                                "Peak Memory Usage": 1368,
                                                                "Workers": [],
                                                                "Plans": [
                                                                    {
                                                                        "Node Type": "Nested Loop",
                                                                        "Parent Relationship": "Outer",
                                                                        "Parallel Aware": false,
                                                                        "Async Capable": false,
                                                                        "Join Type": "Inner",
                                                                        "Startup Cost": 15.97,
                                                                        "Total Cost": 2816.74,
                                                                        "Plan Rows": 1,
                                                                        "Plan Width": 4,
                                                                        "Actual Startup Time": 5.991,
                                                                        "Actual Total Time": 81.366,
                                                                        "Actual Rows": 10766,
                                                                        "Actual Loops": 2,
                                                                        "Inner Unique": true,
                                                                        "Join Filter": "(t2.site_id = u2.site_id)",
                                                                        "Rows Removed by Join Filter": 0,
                                                                        "Workers": [],
                                                                        "Plans": [
                                                                            {
                                                                                "Node Type": "Nested Loop",
                                                                                "Parent Relationship": "Outer",
                                                                                "Parallel Aware": false,
                                                                                "Async Capable": false,
                                                                                "Join Type": "Inner",
                                                                                "Startup Cost": 12.01,
                                                                                "Total Cost": 2808.75,
                                                                                "Plan Rows": 1,
                                                                                "Plan Width": 20,
                                                                                "Actual Startup Time": 5.986,
                                                                                "Actual Total Time": 51.669,
                                                                                "Actual Rows": 10766,
                                                                                "Actual Loops": 2,
                                                                                "Inner Unique": true,
                                                                                "Join Filter": "(t2.site_id = q2.site_id)",
                                                                                "Rows Removed by Join Filter": 0,
                                                                                "Workers": [],
                                                                                "Plans": [
                                                                                    {
                                                                                        "Node Type": "Nested Loop",
                                                                                        "Parent Relationship": "Outer",
                                                                                        "Parallel Aware": false,
                                                                                        "Async Capable": false,
                                                                                        "Join Type": "Inner",
                                                                                        "Startup Cost": 8.06,
                                                                                        "Total Cost": 2704.99,
                                                                                        "Plan Rows": 13,
                                                                                        "Plan Width": 16,
                                                                                        "Actual Startup Time": 5.979,
                                                                                        "Actual Total Time": 17.144,
                                                                                        "Actual Rows": 10766,
                                                                                        "Actual Loops": 2,
                                                                                        "Inner Unique": false,
                                                                                        "Workers": [],
                                                                                        "Plans": [
                                                                                            {
                                                                                                "Node Type": "Hash Join",
                                                                                                "Parent Relationship": "Outer",
                                                                                                "Parallel Aware": false,
                                                                                                "Async Capable": false,
                                                                                                "Join Type": "Inner",
                                                                                                "Startup Cost": 3.18,
                                                                                                "Total Cost": 2576.49,
                                                                                                "Plan Rows": 1,
                                                                                                "Plan Width": 12,
                                                                                                "Actual Startup Time": 4.117,
                                                                                                "Actual Total Time": 4.124,
                                                                                                "Actual Rows": 0,
                                                                                                "Actual Loops": 2,
                                                                                                "Inner Unique": true,
                                                                                                "Hash Cond": "(t2.site_id = s2.site_id)",
                                                                                                "Workers": [],
                                                                                                "Plans": [
                                                                                                    {
                                                                                                        "Node Type": "Seq Scan",
                                                                                                        "Parent Relationship": "Outer",
                                                                                                        "Parallel Aware": true,
                                                                                                        "Async Capable": false,
                                                                                                        "Relation Name": "tag",
                                                                                                        "Alias": "t2",
                                                                                                        "Startup Cost": 0.0,
                                                                                                        "Total Cost": 2573.31,
                                                                                                        "Plan Rows": 2,
                                                                                                        "Plan Width": 8,
                                                                                                        "Actual Startup Time": 0.658,
                                                                                                        "Actual Total Time": 4.103,
                                                                                                        "Actual Rows": 4,
                                                                                                        "Actual Loops": 2,
                                                                                                        "Filter": "((name)::text = 'jsf'::text)",
                                                                                                        "Rows Removed by Filter": 93382,
                                                                                                        "Workers": []
                                                                                                    },
                                                                                                    {
                                                                                                        "Node Type": "Hash",
                                                                                                        "Parent Relationship": "Inner",
                                                                                                        "Parallel Aware": false,
                                                                                                        "Async Capable": false,
                                                                                                        "Startup Cost": 3.16,
                                                                                                        "Total Cost": 3.16,
                                                                                                        "Plan Rows": 1,
                                                                                                        "Plan Width": 4,
                                                                                                        "Actual Startup Time": 0.015,
                                                                                                        "Actual Total Time": 0.015,
                                                                                                        "Actual Rows": 1,
                                                                                                        "Actual Loops": 2,
                                                                                                        "Hash Buckets": 1024,
                                                                                                        "Original Hash Buckets": 1024,
                                                                                                        "Hash Batches": 1,
                                                                                                        "Original Hash Batches": 1,
                                                                                                        "Peak Memory Usage": 9,
                                                                                                        "Workers": [],
                                                                                                        "Plans": [
                                                                                                            {
                                                                                                                "Node Type": "Seq Scan",
                                                                                                                "Parent Relationship": "Outer",
                                                                                                                "Parallel Aware": false,
                                                                                                                "Async Capable": false,
                                                                                                                "Relation Name": "site",
                                                                                                                "Alias": "s2",
                                                                                                                "Startup Cost": 0.0,
                                                                                                                "Total Cost": 3.16,
                                                                                                                "Plan Rows": 1,
                                                                                                                "Plan Width": 4,
                                                                                                                "Actual Startup Time": 0.011,
                                                                                                                "Actual Total Time": 0.012,
                                                                                                                "Actual Rows": 1,
                                                                                                                "Actual Loops": 2,
                                                                                                                "Filter": "((site_name)::text = 'stackoverflow'::text)",
                                                                                                                "Rows Removed by Filter": 172,
                                                                                                                "Workers": []
                                                                                                            }
                                                                                                        ]
                                                                                                    }
                                                                                                ]
                                                                                            },
                                                                                            {
                                                                                                "Node Type": "Bitmap Heap Scan",
                                                                                                "Parent Relationship": "Inner",
                                                                                                "Parallel Aware": false,
                                                                                                "Async Capable": false,
                                                                                                "Relation Name": "tag_question",
                                                                                                "Alias": "tq2",
                                                                                                "Startup Cost": 4.88,
                                                                                                "Total Cost": 128.19,
                                                                                                "Plan Rows": 31,
                                                                                                "Plan Width": 12,
                                                                                                "Actual Startup Time": 3.72,
                                                                                                "Actual Total Time": 24.231,
                                                                                                "Actual Rows": 21532,
                                                                                                "Actual Loops": 1,
                                                                                                "Recheck Cond": "((t2.site_id = site_id) AND (t2.id = tag_id))",
                                                                                                "Rows Removed by Index Recheck": 0,
                                                                                                "Exact Heap Blocks": 19666,
                                                                                                "Lossy Heap Blocks": 0,
                                                                                                "Workers": [],
                                                                                                "Plans": [
                                                                                                    {
                                                                                                        "Node Type": "Bitmap Index Scan",
                                                                                                        "Parent Relationship": "Outer",
                                                                                                        "Parallel Aware": false,
                                                                                                        "Async Capable": false,
                                                                                                        "Index Name": "tag_question_site_id_tag_id_question_id_idx",
                                                                                                        "Startup Cost": 0.0,
                                                                                                        "Total Cost": 4.88,
                                                                                                        "Plan Rows": 31,
                                                                                                        "Plan Width": 0,
                                                                                                        "Actual Startup Time": 1.521,
                                                                                                        "Actual Total Time": 1.521,
                                                                                                        "Actual Rows": 21532,
                                                                                                        "Actual Loops": 1,
                                                                                                        "Index Cond": "((site_id = t2.site_id) AND (tag_id = t2.id))",
                                                                                                        "Workers": []
                                                                                                    }
                                                                                                ]
                                                                                            }
                                                                                        ]
                                                                                    },
                                                                                    {
                                                                                        "Node Type": "Bitmap Heap Scan",
                                                                                        "Parent Relationship": "Inner",
                                                                                        "Parallel Aware": false,
                                                                                        "Async Capable": false,
                                                                                        "Relation Name": "question",
                                                                                        "Alias": "q2",
                                                                                        "Startup Cost": 3.95,
                                                                                        "Total Cost": 7.97,
                                                                                        "Plan Rows": 1,
                                                                                        "Plan Width": 12,
                                                                                        "Actual Startup Time": 0.003,
                                                                                        "Actual Total Time": 0.003,
                                                                                        "Actual Rows": 1,
                                                                                        "Actual Loops": 21532,
                                                                                        "Recheck Cond": "((id = tq2.question_id) AND (site_id = tq2.site_id))",
                                                                                        "Rows Removed by Index Recheck": 0,
                                                                                        "Exact Heap Blocks": 21532,
                                                                                        "Lossy Heap Blocks": 0,
                                                                                        "Workers": [],
                                                                                        "Plans": [
                                                                                            {
                                                                                                "Node Type": "Bitmap Index Scan",
                                                                                                "Parent Relationship": "Outer",
                                                                                                "Parallel Aware": false,
                                                                                                "Async Capable": false,
                                                                                                "Index Name": "question_pkey",
                                                                                                "Startup Cost": 0.0,
                                                                                                "Total Cost": 3.95,
                                                                                                "Plan Rows": 1,
                                                                                                "Plan Width": 0,
                                                                                                "Actual Startup Time": 0.002,
                                                                                                "Actual Total Time": 0.002,
                                                                                                "Actual Rows": 1,
                                                                                                "Actual Loops": 21532,
                                                                                                "Index Cond": "((id = tq2.question_id) AND (site_id = tq2.site_id))",
                                                                                                "Workers": []
                                                                                            }
                                                                                        ]
                                                                                    }
                                                                                ]
                                                                            },
                                                                            {
                                                                                "Node Type": "Bitmap Heap Scan",
                                                                                "Parent Relationship": "Inner",
                                                                                "Parallel Aware": false,
                                                                                "Async Capable": false,
                                                                                "Relation Name": "so_user",
                                                                                "Alias": "u2",
                                                                                "Startup Cost": 3.96,
                                                                                "Total Cost": 7.97,
                                                                                "Plan Rows": 1,
                                                                                "Plan Width": 12,
                                                                                "Actual Startup Time": 0.002,
                                                                                "Actual Total Time": 0.002,
                                                                                "Actual Rows": 1,
                                                                                "Actual Loops": 21532,
                                                                                "Recheck Cond": "((id = q2.owner_user_id) AND (q2.site_id = site_id))",
                                                                                "Rows Removed by Index Recheck": 0,
                                                                                "Exact Heap Blocks": 21532,
                                                                                "Lossy Heap Blocks": 0,
                                                                                "Workers": [],
                                                                                "Plans": [
                                                                                    {
                                                                                        "Node Type": "Bitmap Index Scan",
                                                                                        "Parent Relationship": "Outer",
                                                                                        "Parallel Aware": false,
                                                                                        "Async Capable": false,
                                                                                        "Index Name": "so_user_pkey",
                                                                                        "Startup Cost": 0.0,
                                                                                        "Total Cost": 3.96,
                                                                                        "Plan Rows": 1,
                                                                                        "Plan Width": 0,
                                                                                        "Actual Startup Time": 0.002,
                                                                                        "Actual Total Time": 0.002,
                                                                                        "Actual Rows": 1,
                                                                                        "Actual Loops": 21532,
                                                                                        "Index Cond": "((id = q2.owner_user_id) AND (site_id = q2.site_id))",
                                                                                        "Workers": []
                                                                                    }
                                                                                ]
                                                                            }
                                                                        ]
                                                                    }
                                                                ]
                                                            }
                                                        ]
                                                    }
                                                ]
                                            },
                                            {
                                                "Node Type": "Bitmap Heap Scan",
                                                "Parent Relationship": "Inner",
                                                "Parallel Aware": false,
                                                "Async Capable": false,
                                                "Relation Name": "account",
                                                "Alias": "account",
                                                "Startup Cost": 3.95,
                                                "Total Cost": 7.96,
                                                "Plan Rows": 1,
                                                "Plan Width": 15,
                                                "Actual Startup Time": 0.002,
                                                "Actual Total Time": 0.002,
                                                "Actual Rows": 1,
                                                "Actual Loops": 50,
                                                "Recheck Cond": "(id = u1.account_id)",
                                                "Rows Removed by Index Recheck": 0,
                                                "Exact Heap Blocks": 50,
                                                "Lossy Heap Blocks": 0,
                                                "Plans": [
                                                    {
                                                        "Node Type": "Bitmap Index Scan",
                                                        "Parent Relationship": "Outer",
                                                        "Parallel Aware": false,
                                                        "Async Capable": false,
                                                        "Index Name": "account_pkey",
                                                        "Startup Cost": 0.0,
                                                        "Total Cost": 3.95,
                                                        "Plan Rows": 1,
                                                        "Plan Width": 0,
                                                        "Actual Startup Time": 0.001,
                                                        "Actual Total Time": 0.001,
                                                        "Actual Rows": 1,
                                                        "Actual Loops": 50,
                                                        "Index Cond": "(id = u1.account_id)"
                                                    }
                                                ]
                                            }
                                        ]
                                    }
                                ]
                            }
                        ]
                    },
                    "Planning Time": 29.415,
                    "Triggers": [],
                    "Execution Time": 206.54
                }
            ],
            "hints": [
                "SET enable_hashjoin TO on",
                "SET enable_indexonlyscan TO on",
                "SET enable_indexscan TO off",
                "SET enable_mergejoin TO off",
                "SET enable_nestloop TO on",
                "SET enable_seqscan TO on"
            ]
        },
        {
            "arm": 3,
            "execution_time": 30000,
            "plan": "Query execution error: canceling statement due to statement timeout\n",
            "hints": [
                "SET enable_hashjoin TO on",
                "SET enable_indexonlyscan TO on",
                "SET enable_indexscan TO off",
                "SET enable_mergejoin TO off",
                "SET enable_nestloop TO off",
                "SET enable_seqscan TO on"
            ]
        },
        {
            "arm": 4,
            "execution_time": 204.367,
            "plan": [
                {
                    "Plan": {
                        "Node Type": "Unique",
                        "Parallel Aware": false,
                        "Async Capable": false,
                        "Startup Cost": 6494.24,
                        "Total Cost": 6494.24,
                        "Plan Rows": 1,
                        "Plan Width": 11,
                        "Actual Startup Time": 192.161,
                        "Actual Total Time": 204.32,
                        "Actual Rows": 8,
                        "Actual Loops": 1,
                        "Plans": [
                            {
                                "Node Type": "Sort",
                                "Parent Relationship": "Outer",
                                "Parallel Aware": false,
                                "Async Capable": false,
                                "Startup Cost": 6494.24,
                                "Total Cost": 6494.24,
                                "Plan Rows": 1,
                                "Plan Width": 11,
                                "Actual Startup Time": 192.16,
                                "Actual Total Time": 204.315,
                                "Actual Rows": 50,
                                "Actual Loops": 1,
                                "Sort Key": [
                                    "account.display_name"
                                ],
                                "Sort Method": "quicksort",
                                "Sort Space Used": 25,
                                "Sort Space Type": "Memory",
                                "Plans": [
                                    {
                                        "Node Type": "Nested Loop",
                                        "Parent Relationship": "Outer",
                                        "Parallel Aware": false,
                                        "Async Capable": false,
                                        "Join Type": "Inner",
                                        "Startup Cost": 3748.37,
                                        "Total Cost": 6494.23,
                                        "Plan Rows": 1,
                                        "Plan Width": 11,
                                        "Actual Startup Time": 192.091,
                                        "Actual Total Time": 204.3,
                                        "Actual Rows": 50,
                                        "Actual Loops": 1,
                                        "Inner Unique": true,
                                        "Plans": [
                                            {
                                                "Node Type": "Gather",
                                                "Parent Relationship": "Outer",
                                                "Parallel Aware": false,
                                                "Async Capable": false,
                                                "Startup Cost": 3747.94,
                                                "Total Cost": 6486.75,
                                                "Plan Rows": 1,
                                                "Plan Width": 8,
                                                "Actual Startup Time": 192.064,
                                                "Actual Total Time": 204.22,
                                                "Actual Rows": 50,
                                                "Actual Loops": 1,
                                                "Workers Planned": 1,
                                                "Workers Launched": 1,
                                                "Single Copy": false,
                                                "Plans": [
                                                    {
                                                        "Node Type": "Hash Join",
                                                        "Parent Relationship": "Outer",
                                                        "Parallel Aware": true,
                                                        "Async Capable": false,
                                                        "Join Type": "Inner",
                                                        "Startup Cost": 2747.94,
                                                        "Total Cost": 5486.65,
                                                        "Plan Rows": 1,
                                                        "Plan Width": 8,
                                                        "Actual Startup Time": 127.018,
                                                        "Actual Total Time": 157.144,
                                                        "Actual Rows": 25,
                                                        "Actual Loops": 2,
                                                        "Inner Unique": false,
                                                        "Hash Cond": "(u1.account_id = u2.account_id)",
                                                        "Workers": [],
                                                        "Plans": [
                                                            {
                                                                "Node Type": "Nested Loop",
                                                                "Parent Relationship": "Outer",
                                                                "Parallel Aware": false,
                                                                "Async Capable": false,
                                                                "Join Type": "Inner",
                                                                "Startup Cost": 4.61,
                                                                "Total Cost": 2743.31,
                                                                "Plan Rows": 1,
                                                                "Plan Width": 4,
                                                                "Actual Startup Time": 8.581,
                                                                "Actual Total Time": 39.773,
                                                                "Actual Rows": 3350,
                                                                "Actual Loops": 2,
                                                                "Inner Unique": true,
                                                                "Join Filter": "(t1.site_id = u1.site_id)",
                                                                "Rows Removed by Join Filter": 0,
                                                                "Workers": [],
                                                                "Plans": [
                                                                    {
                                                                        "Node Type": "Nested Loop",
                                                                        "Parent Relationship": "Outer",
                                                                        "Parallel Aware": false,
                                                                        "Async Capable": false,
                                                                        "Join Type": "Inner",
                                                                        "Startup Cost": 4.17,
                                                                        "Total Cost": 2735.82,
                                                                        "Plan Rows": 1,
                                                                        "Plan Width": 20,
                                                                        "Actual Startup Time": 4.338,
                                                                        "Actual Total Time": 22.46,
                                                                        "Actual Rows": 3350,
                                                                        "Actual Loops": 2,
                                                                        "Inner Unique": true,
                                                                        "Join Filter": "(t1.site_id = q1.site_id)",
                                                                        "Rows Removed by Join Filter": 0,
                                                                        "Workers": [],
                                                                        "Plans": [
                                                                            {
                                                                                "Node Type": "Nested Loop",
                                                                                "Parent Relationship": "Outer",
                                                                                "Parallel Aware": false,
                                                                                "Async Capable": false,
                                                                                "Join Type": "Inner",
                                                                                "Startup Cost": 3.74,
                                                                                "Total Cost": 2638.48,
                                                                                "Plan Rows": 13,
                                                                                "Plan Width": 16,
                                                                                "Actual Startup Time": 4.322,
                                                                                "Actual Total Time": 8.944,
                                                                                "Actual Rows": 3350,
                                                                                "Actual Loops": 2,
                                                                                "Inner Unique": false,
                                                                                "Workers": [],
                                                                                "Plans": [
                                                                                    {
                                                                                        "Node Type": "Hash Join",
                                                                                        "Parent Relationship": "Outer",
                                                                                        "Parallel Aware": false,
                                                                                        "Async Capable": false,
                                                                                        "Join Type": "Inner",
                                                                                        "Startup Cost": 3.18,
                                                                                        "Total Cost": 2576.49,
                                                                                        "Plan Rows": 1,
                                                                                        "Plan Width": 12,
                                                                                        "Actual Startup Time": 4.296,
                                                                                        "Actual Total Time": 4.301,
                                                                                        "Actual Rows": 0,
                                                                                        "Actual Loops": 2,
                                                                                        "Inner Unique": true,
                                                                                        "Hash Cond": "(t1.site_id = s1.site_id)",
                                                                                        "Workers": [],
                                                                                        "Plans": [
                                                                                            {
                                                                                                "Node Type": "Seq Scan",
                                                                                                "Parent Relationship": "Outer",
                                                                                                "Parallel Aware": true,
                                                                                                "Async Capable": false,
                                                                                                "Relation Name": "tag",
                                                                                                "Alias": "t1",
                                                                                                "Startup Cost": 0.0,
                                                                                                "Total Cost": 2573.31,
                                                                                                "Plan Rows": 2,
                                                                                                "Plan Width": 8,
                                                                                                "Actual Startup Time": 1.621,
                                                                                                "Actual Total Time": 4.276,
                                                                                                "Actual Rows": 1,
                                                                                                "Actual Loops": 2,
                                                                                                "Filter": "((name)::text = 'vector-spaces'::text)",
                                                                                                "Rows Removed by Filter": 93384,
                                                                                                "Workers": []
                                                                                            },
                                                                                            {
                                                                                                "Node Type": "Hash",
                                                                                                "Parent Relationship": "Inner",
                                                                                                "Parallel Aware": false,
                                                                                                "Async Capable": false,
                                                                                                "Startup Cost": 3.16,
                                                                                                "Total Cost": 3.16,
                                                                                                "Plan Rows": 1,
                                                                                                "Plan Width": 4,
                                                                                                "Actual Startup Time": 0.012,
                                                                                                "Actual Total Time": 0.013,
                                                                                                "Actual Rows": 1,
                                                                                                "Actual Loops": 2,
                                                                                                "Hash Buckets": 1024,
                                                                                                "Original Hash Buckets": 1024,
                                                                                                "Hash Batches": 1,
                                                                                                "Original Hash Batches": 1,
                                                                                                "Peak Memory Usage": 9,
                                                                                                "Workers": [],
                                                                                                "Plans": [
                                                                                                    {
                                                                                                        "Node Type": "Seq Scan",
                                                                                                        "Parent Relationship": "Outer",
                                                                                                        "Parallel Aware": false,
                                                                                                        "Async Capable": false,
                                                                                                        "Relation Name": "site",
                                                                                                        "Alias": "s1",
                                                                                                        "Startup Cost": 0.0,
                                                                                                        "Total Cost": 3.16,
                                                                                                        "Plan Rows": 1,
                                                                                                        "Plan Width": 4,
                                                                                                        "Actual Startup Time": 0.008,
                                                                                                        "Actual Total Time": 0.011,
                                                                                                        "Actual Rows": 1,
                                                                                                        "Actual Loops": 2,
                                                                                                        "Filter": "((site_name)::text = 'math'::text)",
                                                                                                        "Rows Removed by Filter": 172,
                                                                                                        "Workers": []
                                                                                                    }
                                                                                                ]
                                                                                            }
                                                                                        ]
                                                                                    },
                                                                                    {
                                                                                        "Node Type": "Index Only Scan",
                                                                                        "Parent Relationship": "Inner",
                                                                                        "Parallel Aware": false,
                                                                                        "Async Capable": false,
                                                                                        "Scan Direction": "Forward",
                                                                                        "Index Name": "tag_question_site_id_tag_id_question_id_idx",
                                                                                        "Relation Name": "tag_question",
                                                                                        "Alias": "tq1",
                                                                                        "Startup Cost": 0.56,
                                                                                        "Total Cost": 61.69,
                                                                                        "Plan Rows": 31,
                                                                                        "Plan Width": 12,
                                                                                        "Actual Startup Time": 0.049,
                                                                                        "Actual Total Time": 8.863,
                                                                                        "Actual Rows": 6700,
                                                                                        "Actual Loops": 1,
                                                                                        "Index Cond": "((site_id = t1.site_id) AND (tag_id = t1.id))",
                                                                                        "Rows Removed by Index Recheck": 0,
                                                                                        "Heap Fetches": 6700,
                                                                                        "Workers": []
                                                                                    }
                                                                                ]
                                                                            },
                                                                            {
                                                                                "Node Type": "Index Scan",
                                                                                "Parent Relationship": "Inner",
                                                                                "Parallel Aware": false,
                                                                                "Async Capable": false,
                                                                                "Scan Direction": "Forward",
                                                                                "Index Name": "question_pkey",
                                                                                "Relation Name": "question",
                                                                                "Alias": "q1",
                                                                                "Startup Cost": 0.43,
                                                                                "Total Cost": 7.47,
                                                                                "Plan Rows": 1,
                                                                                "Plan Width": 12,
                                                                                "Actual Startup Time": 0.004,
                                                                                "Actual Total Time": 0.004,
                                                                                "Actual Rows": 1,
                                                                                "Actual Loops": 6700,
                                                                                "Index Cond": "((id = tq1.question_id) AND (site_id = tq1.site_id))",
                                                                                "Rows Removed by Index Recheck": 0,
                                                                                "Workers": []
                                                                            }
                                                                        ]
                                                                    },
                                                                    {
                                                                        "Node Type": "Index Scan",
                                                                        "Parent Relationship": "Inner",
                                                                        "Parallel Aware": false,
                                                                        "Async Capable": false,
                                                                        "Scan Direction": "Forward",
                                                                        "Index Name": "so_user_pkey",
                                                                        "Relation Name": "so_user",
                                                                        "Alias": "u1",
                                                                        "Startup Cost": 0.44,
                                                                        "Total Cost": 7.48,
                                                                        "Plan Rows": 1,
                                                                        "Plan Width": 12,
                                                                        "Actual Startup Time": 0.005,
                                                                        "Actual Total Time": 0.005,
                                                                        "Actual Rows": 1,
                                                                        "Actual Loops": 6700,
                                                                        "Index Cond": "((id = q1.owner_user_id) AND (site_id = q1.site_id))",
                                                                        "Rows Removed by Index Recheck": 0,
                                                                        "Workers": []
                                                                    }
                                                                ]
                                                            },
                                                            {
                                                                "Node Type": "Hash",
                                                                "Parent Relationship": "Inner",
                                                                "Parallel Aware": true,
                                                                "Async Capable": false,
                                                                "Startup Cost": 2743.31,
                                                                "Total Cost": 2743.31,
                                                                "Plan Rows": 1,
                                                                "Plan Width": 4,
                                                                "Actual Startup Time": 116.694,
                                                                "Actual Total Time": 116.697,
                                                                "Actual Rows": 10766,
                                                                "Actual Loops": 2,
                                                                "Hash Buckets": 32768,
                                                                "Original Hash Buckets": 1024,
                                                                "Hash Batches": 1,
                                                                "Original Hash Batches": 1,
                                                                "Peak Memory Usage": 1368,
                                                                "Workers": [],
                                                                "Plans": [
                                                                    {
                                                                        "Node Type": "Nested Loop",
                                                                        "Parent Relationship": "Outer",
                                                                        "Parallel Aware": false,
                                                                        "Async Capable": false,
                                                                        "Join Type": "Inner",
                                                                        "Startup Cost": 4.61,
                                                                        "Total Cost": 2743.31,
                                                                        "Plan Rows": 1,
                                                                        "Plan Width": 4,
                                                                        "Actual Startup Time": 4.122,
                                                                        "Actual Total Time": 59.722,
                                                                        "Actual Rows": 10766,
                                                                        "Actual Loops": 2,
                                                                        "Inner Unique": true,
                                                                        "Join Filter": "(t2.site_id = u2.site_id)",
                                                                        "Rows Removed by Join Filter": 0,
                                                                        "Workers": [],
                                                                        "Plans": [
                                                                            {
                                                                                "Node Type": "Nested Loop",
                                                                                "Parent Relationship": "Outer",
                                                                                "Parallel Aware": false,
                                                                                "Async Capable": false,
                                                                                "Join Type": "Inner",
                                                                                "Startup Cost": 4.17,
                                                                                "Total Cost": 2735.82,
                                                                                "Plan Rows": 1,
                                                                                "Plan Width": 20,
                                                                                "Actual Startup Time": 4.119,
                                                                                "Actual Total Time": 37.116,
                                                                                "Actual Rows": 10766,
                                                                                "Actual Loops": 2,
                                                                                "Inner Unique": true,
                                                                                "Join Filter": "(t2.site_id = q2.site_id)",
                                                                                "Rows Removed by Join Filter": 0,
                                                                                "Workers": [],
                                                                                "Plans": [
                                                                                    {
                                                                                        "Node Type": "Nested Loop",
                                                                                        "Parent Relationship": "Outer",
                                                                                        "Parallel Aware": false,
                                                                                        "Async Capable": false,
                                                                                        "Join Type": "Inner",
                                                                                        "Startup Cost": 3.74,
                                                                                        "Total Cost": 2638.48,
                                                                                        "Plan Rows": 13,
                                                                                        "Plan Width": 16,
                                                                                        "Actual Startup Time": 4.115,
                                                                                        "Actual Total Time": 12.089,
                                                                                        "Actual Rows": 10766,
                                                                                        "Actual Loops": 2,
                                                                                        "Inner Unique": false,
                                                                                        "Workers": [],
                                                                                        "Plans": [
                                                                                            {
                                                                                                "Node Type": "Hash Join",
                                                                                                "Parent Relationship": "Outer",
                                                                                                "Parallel Aware": false,
                                                                                                "Async Capable": false,
                                                                                                "Join Type": "Inner",
                                                                                                "Startup Cost": 3.18,
                                                                                                "Total Cost": 2576.49,
                                                                                                "Plan Rows": 1,
                                                                                                "Plan Width": 12,
                                                                                                "Actual Startup Time": 4.108,
                                                                                                "Actual Total Time": 4.114,
                                                                                                "Actual Rows": 0,
                                                                                                "Actual Loops": 2,
                                                                                                "Inner Unique": true,
                                                                                                "Hash Cond": "(t2.site_id = s2.site_id)",
                                                                                                "Workers": [],
                                                                                                "Plans": [
                                                                                                    {
                                                                                                        "Node Type": "Seq Scan",
                                                                                                        "Parent Relationship": "Outer",
                                                                                                        "Parallel Aware": true,
                                                                                                        "Async Capable": false,
                                                                                                        "Relation Name": "tag",
                                                                                                        "Alias": "t2",
                                                                                                        "Startup Cost": 0.0,
                                                                                                        "Total Cost": 2573.31,
                                                                                                        "Plan Rows": 2,
                                                                                                        "Plan Width": 8,
                                                                                                        "Actual Startup Time": 0.495,
                                                                                                        "Actual Total Time": 4.091,
                                                                                                        "Actual Rows": 4,
                                                                                                        "Actual Loops": 2,
                                                                                                        "Filter": "((name)::text = 'jsf'::text)",
                                                                                                        "Rows Removed by Filter": 93382,
                                                                                                        "Workers": []
                                                                                                    },
                                                                                                    {
                                                                                                        "Node Type": "Hash",
                                                                                                        "Parent Relationship": "Inner",
                                                                                                        "Parallel Aware": false,
                                                                                                        "Async Capable": false,
                                                                                                        "Startup Cost": 3.16,
                                                                                                        "Total Cost": 3.16,
                                                                                                        "Plan Rows": 1,
                                                                                                        "Plan Width": 4,
                                                                                                        "Actual Startup Time": 0.015,
                                                                                                        "Actual Total Time": 0.015,
                                                                                                        "Actual Rows": 1,
                                                                                                        "Actual Loops": 2,
                                                                                                        "Hash Buckets": 1024,
                                                                                                        "Original Hash Buckets": 1024,
                                                                                                        "Hash Batches": 1,
                                                                                                        "Original Hash Batches": 1,
                                                                                                        "Peak Memory Usage": 9,
                                                                                                        "Workers": [],
                                                                                                        "Plans": [
                                                                                                            {
                                                                                                                "Node Type": "Seq Scan",
                                                                                                                "Parent Relationship": "Outer",
                                                                                                                "Parallel Aware": false,
                                                                                                                "Async Capable": false,
                                                                                                                "Relation Name": "site",
                                                                                                                "Alias": "s2",
                                                                                                                "Startup Cost": 0.0,
                                                                                                                "Total Cost": 3.16,
                                                                                                                "Plan Rows": 1,
                                                                                                                "Plan Width": 4,
                                                                                                                "Actual Startup Time": 0.011,
                                                                                                                "Actual Total Time": 0.012,
                                                                                                                "Actual Rows": 1,
                                                                                                                "Actual Loops": 2,
                                                                                                                "Filter": "((site_name)::text = 'stackoverflow'::text)",
                                                                                                                "Rows Removed by Filter": 172,
                                                                                                                "Workers": []
                                                                                                            }
                                                                                                        ]
                                                                                                    }
                                                                                                ]
                                                                                            },
                                                                                            {
                                                                                                "Node Type": "Index Only Scan",
                                                                                                "Parent Relationship": "Inner",
                                                                                                "Parallel Aware": false,
                                                                                                "Async Capable": false,
                                                                                                "Scan Direction": "Forward",
                                                                                                "Index Name": "tag_question_site_id_tag_id_question_id_idx",
                                                                                                "Relation Name": "tag_question",
                                                                                                "Alias": "tq2",
                                                                                                "Startup Cost": 0.56,
                                                                                                "Total Cost": 61.69,
                                                                                                "Plan Rows": 31,
                                                                                                "Plan Width": 12,
                                                                                                "Actual Startup Time": 0.013,
                                                                                                "Actual Total Time": 14.804,
                                                                                                "Actual Rows": 21532,
                                                                                                "Actual Loops": 1,
                                                                                                "Index Cond": "((site_id = t2.site_id) AND (tag_id = t2.id))",
                                                                                                "Rows Removed by Index Recheck": 0,
                                                                                                "Heap Fetches": 21532,
                                                                                                "Workers": []
                                                                                            }
                                                                                        ]
                                                                                    },
                                                                                    {
                                                                                        "Node Type": "Index Scan",
                                                                                        "Parent Relationship": "Inner",
                                                                                        "Parallel Aware": false,
                                                                                        "Async Capable": false,
                                                                                        "Scan Direction": "Forward",
                                                                                        "Index Name": "question_pkey",
                                                                                        "Relation Name": "question",
                                                                                        "Alias": "q2",
                                                                                        "Startup Cost": 0.43,
                                                                                        "Total Cost": 7.47,
                                                                                        "Plan Rows": 1,
                                                                                        "Plan Width": 12,
                                                                                        "Actual Startup Time": 0.002,
                                                                                        "Actual Total Time": 0.002,
                                                                                        "Actual Rows": 1,
                                                                                        "Actual Loops": 21532,
                                                                                        "Index Cond": "((id = tq2.question_id) AND (site_id = tq2.site_id))",
                                                                                        "Rows Removed by Index Recheck": 0,
                                                                                        "Workers": []
                                                                                    }
                                                                                ]
                                                                            },
                                                                            {
                                                                                "Node Type": "Index Scan",
                                                                                "Parent Relationship": "Inner",
                                                                                "Parallel Aware": false,
                                                                                "Async Capable": false,
                                                                                "Scan Direction": "Forward",
                                                                                "Index Name": "so_user_pkey",
                                                                                "Relation Name": "so_user",
                                                                                "Alias": "u2",
                                                                                "Startup Cost": 0.44,
                                                                                "Total Cost": 7.48,
                                                                                "Plan Rows": 1,
                                                                                "Plan Width": 12,
                                                                                "Actual Startup Time": 0.002,
                                                                                "Actual Total Time": 0.002,
                                                                                "Actual Rows": 1,
                                                                                "Actual Loops": 21532,
                                                                                "Index Cond": "((id = q2.owner_user_id) AND (site_id = q2.site_id))",
                                                                                "Rows Removed by Index Recheck": 0,
                                                                                "Workers": []
                                                                            }
                                                                        ]
                                                                    }
                                                                ]
                                                            }
                                                        ]
                                                    }
                                                ]
                                            },
                                            {
                                                "Node Type": "Index Scan",
                                                "Parent Relationship": "Inner",
                                                "Parallel Aware": false,
                                                "Async Capable": false,
                                                "Scan Direction": "Forward",
                                                "Index Name": "account_pkey",
                                                "Relation Name": "account",
                                                "Alias": "account",
                                                "Startup Cost": 0.43,
                                                "Total Cost": 7.47,
                                                "Plan Rows": 1,
                                                "Plan Width": 15,
                                                "Actual Startup Time": 0.001,
                                                "Actual Total Time": 0.001,
                                                "Actual Rows": 1,
                                                "Actual Loops": 50,
                                                "Index Cond": "(id = u1.account_id)",
                                                "Rows Removed by Index Recheck": 0
                                            }
                                        ]
                                    }
                                ]
                            }
                        ]
                    },
                    "Planning Time": 33.487,
                    "Triggers": [],
                    "Execution Time": 204.367
                }
            ],
            "hints": [
                "SET enable_hashjoin TO on",
                "SET enable_indexonlyscan TO on",
                "SET enable_indexscan TO on",
                "SET enable_mergejoin TO off",
                "SET enable_nestloop TO on",
                "SET enable_seqscan TO on"
            ]
        }
    ]
}