{
    "sql_file": "soload_q10-005.sql",
    "query": "select count(distinct q1.id) from\nsite, post_link pl1, post_link pl2, question q1, question q2, question q3 where\n\nsite.site_name = 'martialarts' and\nq1.site_id = site.site_id and\nq1.site_id = q2.site_id and\nq2.site_id = q3.site_id and\n\npl1.site_id = q1.site_id and\npl1.post_id_from = q1.id and\npl1.post_id_to = q2.id and\n\npl2.site_id = q1.site_id and\npl2.post_id_from = q2.id and\npl2.post_id_to = q3.id and\n\nexists ( select * from comment where comment.site_id = q3.site_id and comment.post_id = q3.id ) and\nexists ( select * from comment where comment.site_id = q2.site_id and comment.post_id = q2.id ) and\nexists ( select * from comment where comment.site_id = q1.site_id and comment.post_id = q1.id ) and\n\nq1.score > q3.score;",
    "results": [
        {
            "arm": 0,
            "execution_time": 143.229,
            "plan": [
                {
                    "Plan": {
                        "Node Type": "Aggregate",
                        "Strategy": "Plain",
                        "Partial Mode": "Simple",
                        "Parallel Aware": false,
                        "Async Capable": false,
                        "Startup Cost": 44963.04,
                        "Total Cost": 44963.05,
                        "Plan Rows": 1,
                        "Plan Width": 8,
                        "Actual Startup Time": 141.09,
                        "Actual Total Time": 143.175,
                        "Actual Rows": 1,
                        "Actual Loops": 1,
                        "Plans": [
                            {
                                "Node Type": "Gather Merge",
                                "Parent Relationship": "Outer",
                                "Parallel Aware": false,
                                "Async Capable": false,
                                "Startup Cost": 44956.75,
                                "Total Cost": 44962.91,
                                "Plan Rows": 52,
                                "Plan Width": 4,
                                "Actual Startup Time": 141.081,
                                "Actual Total Time": 143.167,
                                "Actual Rows": 11,
                                "Actual Loops": 1,
                                "Workers Planned": 3,
                                "Workers Launched": 3,
                                "Plans": [
                                    {
                                        "Node Type": "Sort",
                                        "Parent Relationship": "Outer",
                                        "Parallel Aware": false,
                                        "Async Capable": false,
                                        "Startup Cost": 43956.71,
                                        "Total Cost": 43956.76,
                                        "Plan Rows": 17,
                                        "Plan Width": 4,
                                        "Actual Startup Time": 138.528,
                                        "Actual Total Time": 138.533,
                                        "Actual Rows": 3,
                                        "Actual Loops": 4,
                                        "Sort Key": [
                                            "q1.id"
                                        ],
                                        "Sort Method": "quicksort",
                                        "Sort Space Used": 25,
                                        "Sort Space Type": "Memory",
                                        "Workers": [
                                            {
                                                "Worker Number": 0,
                                                "Sort Method": "quicksort",
                                                "Sort Space Used": 25,
                                                "Sort Space Type": "Memory"
                                            },
                                            {
                                                "Worker Number": 1,
                                                "Sort Method": "quicksort",
                                                "Sort Space Used": 25,
                                                "Sort Space Type": "Memory"
                                            },
                                            {
                                                "Worker Number": 2,
                                                "Sort Method": "quicksort",
                                                "Sort Space Used": 25,
                                                "Sort Space Type": "Memory"
                                            }
                                        ],
                                        "Plans": [
                                            {
                                                "Node Type": "Nested Loop",
                                                "Parent Relationship": "Outer",
                                                "Parallel Aware": false,
                                                "Async Capable": false,
                                                "Join Type": "Semi",
                                                "Startup Cost": 15769.47,
                                                "Total Cost": 43956.37,
                                                "Plan Rows": 17,
                                                "Plan Width": 4,
                                                "Actual Startup Time": 108.661,
                                                "Actual Total Time": 138.515,
                                                "Actual Rows": 3,
                                                "Actual Loops": 4,
                                                "Inner Unique": false,
                                                "Join Filter": "(pl1.post_id_from = comment_2.post_id)",
                                                "Rows Removed by Join Filter": 0,
                                                "Workers": [],
                                                "Plans": [
                                                    {
                                                        "Node Type": "Nested Loop",
                                                        "Parent Relationship": "Outer",
                                                        "Parallel Aware": false,
                                                        "Async Capable": false,
                                                        "Join Type": "Semi",
                                                        "Startup Cost": 15768.9,
                                                        "Total Cost": 43933.1,
                                                        "Plan Rows": 17,
                                                        "Plan Width": 40,
                                                        "Actual Startup Time": 108.611,
                                                        "Actual Total Time": 138.412,
                                                        "Actual Rows": 4,
                                                        "Actual Loops": 4,
                                                        "Inner Unique": false,
                                                        "Join Filter": "((q1.site_id = comment_1.site_id) AND (pl1.post_id_to = comment_1.post_id))",
                                                        "Rows Removed by Join Filter": 0,
                                                        "Workers": [],
                                                        "Plans": [
                                                            {
                                                                "Node Type": "Nested Loop",
                                                                "Parent Relationship": "Outer",
                                                                "Parallel Aware": false,
                                                                "Async Capable": false,
                                                                "Join Type": "Semi",
                                                                "Startup Cost": 15768.34,
                                                                "Total Cost": 43909.83,
                                                                "Plan Rows": 17,
                                                                "Plan Width": 48,
                                                                "Actual Startup Time": 108.608,
                                                                "Actual Total Time": 138.4,
                                                                "Actual Rows": 4,
                                                                "Actual Loops": 4,
                                                                "Inner Unique": false,
                                                                "Join Filter": "((q1.site_id = comment.site_id) AND (pl2.post_id_to = comment.post_id))",
                                                                "Rows Removed by Join Filter": 0,
                                                                "Workers": [],
                                                                "Plans": [
                                                                    {
                                                                        "Node Type": "Nested Loop",
                                                                        "Parent Relationship": "Outer",
                                                                        "Parallel Aware": false,
                                                                        "Async Capable": false,
                                                                        "Join Type": "Inner",
                                                                        "Startup Cost": 15767.77,
                                                                        "Total Cost": 43886.57,
                                                                        "Plan Rows": 17,
                                                                        "Plan Width": 52,
                                                                        "Actual Startup Time": 108.532,
                                                                        "Actual Total Time": 138.247,
                                                                        "Actual Rows": 4,
                                                                        "Actual Loops": 4,
                                                                        "Inner Unique": true,
                                                                        "Join Filter": "(q1.site_id = q2.site_id)",
                                                                        "Rows Removed by Join Filter": 0,
                                                                        "Workers": [],
                                                                        "Plans": [
                                                                            {
                                                                                "Node Type": "Nested Loop",
                                                                                "Parent Relationship": "Outer",
                                                                                "Parallel Aware": false,
                                                                                "Async Capable": false,
                                                                                "Join Type": "Inner",
                                                                                "Startup Cost": 15767.33,
                                                                                "Total Cost": 43813.28,
                                                                                "Plan Rows": 17,
                                                                                "Plan Width": 44,
                                                                                "Actual Startup Time": 108.491,
                                                                                "Actual Total Time": 138.135,
                                                                                "Actual Rows": 4,
                                                                                "Actual Loops": 4,
                                                                                "Inner Unique": true,
                                                                                "Join Filter": "((q1.score > q3.score) AND (q1.site_id = q3.site_id))",
                                                                                "Rows Removed by Join Filter": 22,
                                                                                "Workers": [],
                                                                                "Plans": [
                                                                                    {
                                                                                        "Node Type": "Nested Loop",
                                                                                        "Parent Relationship": "Outer",
                                                                                        "Parallel Aware": false,
                                                                                        "Async Capable": false,
                                                                                        "Join Type": "Inner",
                                                                                        "Startup Cost": 15766.9,
                                                                                        "Total Cost": 43405.32,
                                                                                        "Plan Rows": 50,
                                                                                        "Plan Width": 40,
                                                                                        "Actual Startup Time": 108.401,
                                                                                        "Actual Total Time": 137.75,
                                                                                        "Actual Rows": 26,
                                                                                        "Actual Loops": 4,
                                                                                        "Inner Unique": true,
                                                                                        "Join Filter": "(site.site_id = q1.site_id)",
                                                                                        "Rows Removed by Join Filter": 0,
                                                                                        "Workers": [],
                                                                                        "Plans": [
                                                                                            {
                                                                                                "Node Type": "Hash Join",
                                                                                                "Parent Relationship": "Outer",
                                                                                                "Parallel Aware": false,
                                                                                                "Async Capable": false,
                                                                                                "Join Type": "Inner",
                                                                                                "Startup Cost": 15766.46,
                                                                                                "Total Cost": 42997.49,
                                                                                                "Plan Rows": 50,
                                                                                                "Plan Width": 28,
                                                                                                "Actual Startup Time": 108.374,
                                                                                                "Actual Total Time": 136.553,
                                                                                                "Actual Rows": 26,
                                                                                                "Actual Loops": 4,
                                                                                                "Inner Unique": false,
                                                                                                "Hash Cond": "((pl1.site_id = site.site_id) AND (pl1.post_id_to = pl2.post_id_from))",
                                                                                                "Workers": [],
                                                                                                "Plans": [
                                                                                                    {
                                                                                                        "Node Type": "Seq Scan",
                                                                                                        "Parent Relationship": "Outer",
                                                                                                        "Parallel Aware": true,
                                                                                                        "Async Capable": false,
                                                                                                        "Relation Name": "post_link",
                                                                                                        "Alias": "pl1",
                                                                                                        "Startup Cost": 0.0,
                                                                                                        "Total Cost": 21752.3,
                                                                                                        "Plan Rows": 730430,
                                                                                                        "Plan Width": 12,
                                                                                                        "Actual Startup Time": 0.046,
                                                                                                        "Actual Total Time": 107.295,
                                                                                                        "Actual Rows": 566083,
                                                                                                        "Actual Loops": 4,
                                                                                                        "Workers": []
                                                                                                    },
                                                                                                    {
                                                                                                        "Node Type": "Hash",
                                                                                                        "Parent Relationship": "Inner",
                                                                                                        "Parallel Aware": false,
                                                                                                        "Async Capable": false,
                                                                                                        "Startup Cost": 15570.13,
                                                                                                        "Total Cost": 15570.13,
                                                                                                        "Plan Rows": 13089,
                                                                                                        "Plan Width": 16,
                                                                                                        "Actual Startup Time": 0.787,
                                                                                                        "Actual Total Time": 0.789,
                                                                                                        "Actual Rows": 232,
                                                                                                        "Actual Loops": 4,
                                                                                                        "Hash Buckets": 16384,
                                                                                                        "Original Hash Buckets": 16384,
                                                                                                        "Hash Batches": 1,
                                                                                                        "Original Hash Batches": 1,
                                                                                                        "Peak Memory Usage": 139,
                                                                                                        "Workers": [],
                                                                                                        "Plans": [
                                                                                                            {
                                                                                                                "Node Type": "Nested Loop",
                                                                                                                "Parent Relationship": "Outer",
                                                                                                                "Parallel Aware": false,
                                                                                                                "Async Capable": false,
                                                                                                                "Join Type": "Inner",
                                                                                                                "Startup Cost": 330.94,
                                                                                                                "Total Cost": 15570.13,
                                                                                                                "Plan Rows": 13089,
                                                                                                                "Plan Width": 16,
                                                                                                                "Actual Startup Time": 0.697,
                                                                                                                "Actual Total Time": 0.762,
                                                                                                                "Actual Rows": 232,
                                                                                                                "Actual Loops": 4,
                                                                                                                "Inner Unique": false,
                                                                                                                "Workers": [],
                                                                                                                "Plans": [
                                                                                                                    {
                                                                                                                        "Node Type": "Index Scan",
                                                                                                                        "Parent Relationship": "Outer",
                                                                                                                        "Parallel Aware": false,
                                                                                                                        "Async Capable": false,
                                                                                                                        "Scan Direction": "Forward",
                                                                                                                        "Index Name": "site_pkey",
                                                                                                                        "Relation Name": "site",
                                                                                                                        "Alias": "site",
                                                                                                                        "Startup Cost": 0.14,
                                                                                                                        "Total Cost": 15.17,
                                                                                                                        "Plan Rows": 1,
                                                                                                                        "Plan Width": 4,
                                                                                                                        "Actual Startup Time": 0.055,
                                                                                                                        "Actual Total Time": 0.063,
                                                                                                                        "Actual Rows": 1,
                                                                                                                        "Actual Loops": 4,
                                                                                                                        "Filter": "((site_name)::text = 'martialarts'::text)",
                                                                                                                        "Rows Removed by Filter": 172,
                                                                                                                        "Workers": []
                                                                                                                    },
                                                                                                                    {
                                                                                                                        "Node Type": "Bitmap Heap Scan",
                                                                                                                        "Parent Relationship": "Inner",
                                                                                                                        "Parallel Aware": false,
                                                                                                                        "Async Capable": false,
                                                                                                                        "Relation Name": "post_link",
                                                                                                                        "Alias": "pl2",
                                                                                                                        "Startup Cost": 330.8,
                                                                                                                        "Total Cost": 15412.55,
                                                                                                                        "Plan Rows": 14241,
                                                                                                                        "Plan Width": 12,
                                                                                                                        "Actual Startup Time": 0.641,
                                                                                                                        "Actual Total Time": 0.683,
                                                                                                                        "Actual Rows": 232,
                                                                                                                        "Actual Loops": 4,
                                                                                                                        "Recheck Cond": "(site.site_id = site_id)",
                                                                                                                        "Rows Removed by Index Recheck": 0,
                                                                                                                        "Exact Heap Blocks": 3,
                                                                                                                        "Lossy Heap Blocks": 0,
                                                                                                                        "Workers": [],
                                                                                                                        "Plans": [
                                                                                                                            {
                                                                                                                                "Node Type": "Bitmap Index Scan",
                                                                                                                                "Parent Relationship": "Outer",
                                                                                                                                "Parallel Aware": false,
                                                                                                                                "Async Capable": false,
                                                                                                                                "Index Name": "post_link_pkey",
                                                                                                                                "Startup Cost": 0.0,
                                                                                                                                "Total Cost": 327.24,
                                                                                                                                "Plan Rows": 14241,
                                                                                                                                "Plan Width": 0,
                                                                                                                                "Actual Startup Time": 0.617,
                                                                                                                                "Actual Total Time": 0.617,
                                                                                                                                "Actual Rows": 232,
                                                                                                                                "Actual Loops": 4,
                                                                                                                                "Index Cond": "(site_id = site.site_id)",
                                                                                                                                "Workers": []
                                                                                                                            }
                                                                                                                        ]
                                                                                                                    }
                                                                                                                ]
                                                                                                            }
                                                                                                        ]
                                                                                                    }
                                                                                                ]
                                                                                            },
                                                                                            {
                                                                                                "Node Type": "Index Scan",
                                                                                                "Parent Relationship": "Inner",
                                                                                                "Parallel Aware": false,
                                                                                                "Async Capable": false,
                                                                                                "Scan Direction": "Forward",
                                                                                                "Index Name": "question_pkey",
                                                                                                "Relation Name": "question",
                                                                                                "Alias": "q1",
                                                                                                "Startup Cost": 0.43,
                                                                                                "Total Cost": 8.14,
                                                                                                "Plan Rows": 1,
                                                                                                "Plan Width": 12,
                                                                                                "Actual Startup Time": 0.045,
                                                                                                "Actual Total Time": 0.045,
                                                                                                "Actual Rows": 1,
                                                                                                "Actual Loops": 104,
                                                                                                "Index Cond": "((id = pl1.post_id_from) AND (site_id = pl1.site_id))",
                                                                                                "Rows Removed by Index Recheck": 0,
                                                                                                "Workers": []
                                                                                            }
                                                                                        ]
                                                                                    },
                                                                                    {
                                                                                        "Node Type": "Index Scan",
                                                                                        "Parent Relationship": "Inner",
                                                                                        "Parallel Aware": false,
                                                                                        "Async Capable": false,
                                                                                        "Scan Direction": "Forward",
                                                                                        "Index Name": "question_pkey",
                                                                                        "Relation Name": "question",
                                                                                        "Alias": "q3",
                                                                                        "Startup Cost": 0.43,
                                                                                        "Total Cost": 8.14,
                                                                                        "Plan Rows": 1,
                                                                                        "Plan Width": 12,
                                                                                        "Actual Startup Time": 0.014,
                                                                                        "Actual Total Time": 0.014,
                                                                                        "Actual Rows": 1,
                                                                                        "Actual Loops": 104,
                                                                                        "Index Cond": "((id = pl2.post_id_to) AND (site_id = pl2.site_id))",
                                                                                        "Rows Removed by Index Recheck": 0,
                                                                                        "Workers": []
                                                                                    }
                                                                                ]
                                                                            },
                                                                            {
                                                                                "Node Type": "Index Only Scan",
                                                                                "Parent Relationship": "Inner",
                                                                                "Parallel Aware": false,
                                                                                "Async Capable": false,
                                                                                "Scan Direction": "Forward",
                                                                                "Index Name": "question_pkey",
                                                                                "Relation Name": "question",
                                                                                "Alias": "q2",
                                                                                "Startup Cost": 0.43,
                                                                                "Total Cost": 4.3,
                                                                                "Plan Rows": 1,
                                                                                "Plan Width": 8,
                                                                                "Actual Startup Time": 0.024,
                                                                                "Actual Total Time": 0.024,
                                                                                "Actual Rows": 1,
                                                                                "Actual Loops": 18,
                                                                                "Index Cond": "((id = pl1.post_id_to) AND (site_id = pl1.site_id))",
                                                                                "Rows Removed by Index Recheck": 0,
                                                                                "Heap Fetches": 0,
                                                                                "Workers": []
                                                                            }
                                                                        ]
                                                                    },
                                                                    {
                                                                        "Node Type": "Index Only Scan",
                                                                        "Parent Relationship": "Inner",
                                                                        "Parallel Aware": false,
                                                                        "Async Capable": false,
                                                                        "Scan Direction": "Forward",
                                                                        "Index Name": "comment_site_id_post_id_idx",
                                                                        "Relation Name": "comment",
                                                                        "Alias": "comment",
                                                                        "Startup Cost": 0.57,
                                                                        "Total Cost": 8.28,
                                                                        "Plan Rows": 1,
                                                                        "Plan Width": 8,
                                                                        "Actual Startup Time": 0.033,
                                                                        "Actual Total Time": 0.033,
                                                                        "Actual Rows": 1,
                                                                        "Actual Loops": 18,
                                                                        "Index Cond": "((site_id = q3.site_id) AND (post_id = q3.id))",
                                                                        "Rows Removed by Index Recheck": 0,
                                                                        "Heap Fetches": 16,
                                                                        "Workers": []
                                                                    }
                                                                ]
                                                            },
                                                            {
                                                                "Node Type": "Index Only Scan",
                                                                "Parent Relationship": "Inner",
                                                                "Parallel Aware": false,
                                                                "Async Capable": false,
                                                                "Scan Direction": "Forward",
                                                                "Index Name": "comment_site_id_post_id_idx",
                                                                "Relation Name": "comment",
                                                                "Alias": "comment_1",
                                                                "Startup Cost": 0.57,
                                                                "Total Cost": 8.28,
                                                                "Plan Rows": 1,
                                                                "Plan Width": 8,
                                                                "Actual Startup Time": 0.002,
                                                                "Actual Total Time": 0.002,
                                                                "Actual Rows": 1,
                                                                "Actual Loops": 16,
                                                                "Index Cond": "((site_id = q2.site_id) AND (post_id = q2.id))",
                                                                "Rows Removed by Index Recheck": 0,
                                                                "Heap Fetches": 14,
                                                                "Workers": []
                                                            }
                                                        ]
                                                    },
                                                    {
                                                        "Node Type": "Index Only Scan",
                                                        "Parent Relationship": "Inner",
                                                        "Parallel Aware": false,
                                                        "Async Capable": false,
                                                        "Scan Direction": "Forward",
                                                        "Index Name": "comment_site_id_post_id_idx",
                                                        "Relation Name": "comment",
                                                        "Alias": "comment_2",
                                                        "Startup Cost": 0.57,
                                                        "Total Cost": 8.28,
                                                        "Plan Rows": 1,
                                                        "Plan Width": 8,
                                                        "Actual Startup Time": 0.029,
                                                        "Actual Total Time": 0.029,
                                                        "Actual Rows": 1,
                                                        "Actual Loops": 14,
                                                        "Index Cond": "((site_id = q1.site_id) AND (post_id = q1.id))",
                                                        "Rows Removed by Index Recheck": 0,
                                                        "Heap Fetches": 11,
                                                        "Workers": []
                                                    }
                                                ]
                                            }
                                        ]
                                    }
                                ]
                            }
                        ]
                    },
                    "Planning Time": 120.567,
                    "Triggers": [],
                    "Execution Time": 143.229
                }
            ],
            "hints": [
                "SET enable_hashjoin TO on",
                "SET enable_indexonlyscan TO on",
                "SET enable_indexscan TO on",
                "SET enable_mergejoin TO on",
                "SET enable_nestloop TO on",
                "SET enable_seqscan TO on"
            ]
        },
        {
            "arm": 1,
            "execution_time": 12972.49,
            "plan": [
                {
                    "Plan": {
                        "Node Type": "Aggregate",
                        "Strategy": "Plain",
                        "Partial Mode": "Simple",
                        "Parallel Aware": false,
                        "Async Capable": false,
                        "Startup Cost": 13289412.34,
                        "Total Cost": 13289412.35,
                        "Plan Rows": 1,
                        "Plan Width": 8,
                        "Actual Startup Time": 12111.407,
                        "Actual Total Time": 12972.43,
                        "Actual Rows": 1,
                        "Actual Loops": 1,
                        "Plans": [
                            {
                                "Node Type": "Gather Merge",
                                "Parent Relationship": "Outer",
                                "Parallel Aware": false,
                                "Async Capable": false,
                                "Startup Cost": 13289405.83,
                                "Total Cost": 13289412.21,
                                "Plan Rows": 52,
                                "Plan Width": 4,
                                "Actual Startup Time": 12111.398,
                                "Actual Total Time": 12972.421,
                                "Actual Rows": 11,
                                "Actual Loops": 1,
                                "Workers Planned": 7,
                                "Workers Launched": 7,
                                "Plans": [
                                    {
                                        "Node Type": "Sort",
                                        "Parent Relationship": "Outer",
                                        "Parallel Aware": false,
                                        "Async Capable": false,
                                        "Startup Cost": 13288405.71,
                                        "Total Cost": 13288405.72,
                                        "Plan Rows": 7,
                                        "Plan Width": 4,
                                        "Actual Startup Time": 12107.93,
                                        "Actual Total Time": 12108.082,
                                        "Actual Rows": 1,
                                        "Actual Loops": 8,
                                        "Sort Key": [
                                            "q1.id"
                                        ],
                                        "Sort Method": "quicksort",
                                        "Sort Space Used": 25,
                                        "Sort Space Type": "Memory",
                                        "Workers": [
                                            {
                                                "Worker Number": 0,
                                                "Sort Method": "quicksort",
                                                "Sort Space Used": 25,
                                                "Sort Space Type": "Memory"
                                            },
                                            {
                                                "Worker Number": 1,
                                                "Sort Method": "quicksort",
                                                "Sort Space Used": 25,
                                                "Sort Space Type": "Memory"
                                            },
                                            {
                                                "Worker Number": 2,
                                                "Sort Method": "quicksort",
                                                "Sort Space Used": 25,
                                                "Sort Space Type": "Memory"
                                            },
                                            {
                                                "Worker Number": 3,
                                                "Sort Method": "quicksort",
                                                "Sort Space Used": 25,
                                                "Sort Space Type": "Memory"
                                            },
                                            {
                                                "Worker Number": 4,
                                                "Sort Method": "quicksort",
                                                "Sort Space Used": 25,
                                                "Sort Space Type": "Memory"
                                            },
                                            {
                                                "Worker Number": 5,
                                                "Sort Method": "quicksort",
                                                "Sort Space Used": 25,
                                                "Sort Space Type": "Memory"
                                            },
                                            {
                                                "Worker Number": 6,
                                                "Sort Method": "quicksort",
                                                "Sort Space Used": 25,
                                                "Sort Space Type": "Memory"
                                            }
                                        ],
                                        "Plans": [
                                            {
                                                "Node Type": "Hash Join",
                                                "Parent Relationship": "Outer",
                                                "Parallel Aware": true,
                                                "Async Capable": false,
                                                "Join Type": "Semi",
                                                "Startup Cost": 11440963.91,
                                                "Total Cost": 13288405.61,
                                                "Plan Rows": 7,
                                                "Plan Width": 4,
                                                "Actual Startup Time": 11718.476,
                                                "Actual Total Time": 12108.031,
                                                "Actual Rows": 1,
                                                "Actual Loops": 8,
                                                "Inner Unique": false,
                                                "Hash Cond": "((q1.site_id = comment_2.site_id) AND (pl1.post_id_from = comment_2.post_id))",
                                                "Workers": [],
                                                "Plans": [
                                                    {
                                                        "Node Type": "Hash Join",
                                                        "Parent Relationship": "Outer",
                                                        "Parallel Aware": true,
                                                        "Async Capable": false,
                                                        "Join Type": "Semi",
                                                        "Startup Cost": 8287221.09,
                                                        "Total Cost": 10084125.66,
                                                        "Plan Rows": 7,
                                                        "Plan Width": 40,
                                                        "Actual Startup Time": 8304.445,
                                                        "Actual Total Time": 8523.302,
                                                        "Actual Rows": 2,
                                                        "Actual Loops": 8,
                                                        "Inner Unique": false,
                                                        "Hash Cond": "((q1.site_id = comment_1.site_id) AND (pl1.post_id_to = comment_1.post_id))",
                                                        "Workers": [],
                                                        "Plans": [
                                                            {
                                                                "Node Type": "Hash Join",
                                                                "Parent Relationship": "Outer",
                                                                "Parallel Aware": true,
                                                                "Async Capable": false,
                                                                "Join Type": "Semi",
                                                                "Startup Cost": 5133478.26,
                                                                "Total Cost": 6879835.16,
                                                                "Plan Rows": 7,
                                                                "Plan Width": 48,
                                                                "Actual Startup Time": 4855.667,
                                                                "Actual Total Time": 5118.833,
                                                                "Actual Rows": 2,
                                                                "Actual Loops": 8,
                                                                "Inner Unique": false,
                                                                "Hash Cond": "((q1.site_id = comment.site_id) AND (pl2.post_id_to = comment.post_id))",
                                                                "Workers": [],
                                                                "Plans": [
                                                                    {
                                                                        "Node Type": "Hash Join",
                                                                        "Parent Relationship": "Outer",
                                                                        "Parallel Aware": true,
                                                                        "Async Capable": false,
                                                                        "Join Type": "Inner",
                                                                        "Startup Cost": 1979735.44,
                                                                        "Total Cost": 3675544.66,
                                                                        "Plan Rows": 7,
                                                                        "Plan Width": 52,
                                                                        "Actual Startup Time": 1557.718,
                                                                        "Actual Total Time": 1616.36,
                                                                        "Actual Rows": 2,
                                                                        "Actual Loops": 8,
                                                                        "Inner Unique": false,
                                                                        "Hash Cond": "((q1.site_id = site.site_id) AND (q1.id = pl1.post_id_from))",
                                                                        "Join Filter": "(q1.score > q3.score)",
                                                                        "Rows Removed by Join Filter": 11,
                                                                        "Workers": [],
                                                                        "Plans": [
                                                                            {
                                                                                "Node Type": "Seq Scan",
                                                                                "Parent Relationship": "Outer",
                                                                                "Parallel Aware": true,
                                                                                "Async Capable": false,
                                                                                "Relation Name": "question",
                                                                                "Alias": "q1",
                                                                                "Startup Cost": 0.0,
                                                                                "Total Cost": 1682252.12,
                                                                                "Plan Rows": 1807612,
                                                                                "Plan Width": 12,
                                                                                "Actual Startup Time": 0.007,
                                                                                "Actual Total Time": 394.902,
                                                                                "Actual Rows": 1583305,
                                                                                "Actual Loops": 8,
                                                                                "Workers": []
                                                                            },
                                                                            {
                                                                                "Node Type": "Hash",
                                                                                "Parent Relationship": "Inner",
                                                                                "Parallel Aware": true,
                                                                                "Async Capable": false,
                                                                                "Startup Cost": 1979735.11,
                                                                                "Total Cost": 1979735.11,
                                                                                "Plan Rows": 22,
                                                                                "Plan Width": 48,
                                                                                "Actual Startup Time": 1131.996,
                                                                                "Actual Total Time": 1132.047,
                                                                                "Actual Rows": 13,
                                                                                "Actual Loops": 8,
                                                                                "Hash Buckets": 1024,
                                                                                "Original Hash Buckets": 1024,
                                                                                "Hash Batches": 1,
                                                                                "Original Hash Batches": 1,
                                                                                "Peak Memory Usage": 72,
                                                                                "Workers": [],
                                                                                "Plans": [
                                                                                    {
                                                                                        "Node Type": "Hash Join",
                                                                                        "Parent Relationship": "Outer",
                                                                                        "Parallel Aware": true,
                                                                                        "Async Capable": false,
                                                                                        "Join Type": "Inner",
                                                                                        "Startup Cost": 283925.88,
                                                                                        "Total Cost": 1979735.11,
                                                                                        "Plan Rows": 22,
                                                                                        "Plan Width": 48,
                                                                                        "Actual Startup Time": 1015.343,
                                                                                        "Actual Total Time": 1132.006,
                                                                                        "Actual Rows": 13,
                                                                                        "Actual Loops": 8,
                                                                                        "Inner Unique": false,
                                                                                        "Hash Cond": "((q3.site_id = site.site_id) AND (q3.id = pl2.post_id_to))",
                                                                                        "Workers": [],
                                                                                        "Plans": [
                                                                                            {
                                                                                                "Node Type": "Seq Scan",
                                                                                                "Parent Relationship": "Outer",
                                                                                                "Parallel Aware": true,
                                                                                                "Async Capable": false,
                                                                                                "Relation Name": "question",
                                                                                                "Alias": "q3",
                                                                                                "Startup Cost": 0.0,
                                                                                                "Total Cost": 1682252.12,
                                                                                                "Plan Rows": 1807612,
                                                                                                "Plan Width": 12,
                                                                                                "Actual Startup Time": 0.018,
                                                                                                "Actual Total Time": 391.987,
                                                                                                "Actual Rows": 1583305,
                                                                                                "Actual Loops": 8,
                                                                                                "Workers": []
                                                                                            },
                                                                                            {
                                                                                                "Node Type": "Hash",
                                                                                                "Parent Relationship": "Inner",
                                                                                                "Parallel Aware": true,
                                                                                                "Async Capable": false,
                                                                                                "Startup Cost": 283925.13,
                                                                                                "Total Cost": 283925.13,
                                                                                                "Plan Rows": 50,
                                                                                                "Plan Width": 36,
                                                                                                "Actual Startup Time": 650.931,
                                                                                                "Actual Total Time": 650.981,
                                                                                                "Actual Rows": 13,
                                                                                                "Actual Loops": 8,
                                                                                                "Hash Buckets": 1024,
                                                                                                "Original Hash Buckets": 1024,
                                                                                                "Hash Batches": 1,
                                                                                                "Original Hash Batches": 1,
                                                                                                "Peak Memory Usage": 40,
                                                                                                "Workers": [],
                                                                                                "Plans": [
                                                                                                    {
                                                                                                        "Node Type": "Hash Join",
                                                                                                        "Parent Relationship": "Outer",
                                                                                                        "Parallel Aware": true,
                                                                                                        "Async Capable": false,
                                                                                                        "Join Type": "Inner",
                                                                                                        "Startup Cost": 256694.57,
                                                                                                        "Total Cost": 283925.13,
                                                                                                        "Plan Rows": 50,
                                                                                                        "Plan Width": 36,
                                                                                                        "Actual Startup Time": 647.925,
                                                                                                        "Actual Total Time": 650.95,
                                                                                                        "Actual Rows": 13,
                                                                                                        "Actual Loops": 8,
                                                                                                        "Inner Unique": false,
                                                                                                        "Hash Cond": "((pl1.site_id = site.site_id) AND (pl1.post_id_to = q2.id))",
                                                                                                        "Workers": [],
                                                                                                        "Plans": [
                                                                                                            {
                                                                                                                "Node Type": "Seq Scan",
                                                                                                                "Parent Relationship": "Outer",
                                                                                                                "Parallel Aware": true,
                                                                                                                "Async Capable": false,
                                                                                                                "Relation Name": "post_link",
                                                                                                                "Alias": "pl1",
                                                                                                                "Startup Cost": 0.0,
                                                                                                                "Total Cost": 21752.3,
                                                                                                                "Plan Rows": 730430,
                                                                                                                "Plan Width": 12,
                                                                                                                "Actual Startup Time": 0.008,
                                                                                                                "Actual Total Time": 12.996,
                                                                                                                "Actual Rows": 283042,
                                                                                                                "Actual Loops": 8,
                                                                                                                "Workers": []
                                                                                                            },
                                                                                                            {
                                                                                                                "Node Type": "Hash",
                                                                                                                "Parent Relationship": "Inner",
                                                                                                                "Parallel Aware": true,
                                                                                                                "Async Capable": false,
                                                                                                                "Startup Cost": 256631.24,
                                                                                                                "Total Cost": 256631.24,
                                                                                                                "Plan Rows": 4222,
                                                                                                                "Plan Width": 24,
                                                                                                                "Actual Startup Time": 623.873,
                                                                                                                "Actual Total Time": 623.921,
                                                                                                                "Actual Rows": 29,
                                                                                                                "Actual Loops": 8,
                                                                                                                "Hash Buckets": 16384,
                                                                                                                "Original Hash Buckets": 16384,
                                                                                                                "Hash Batches": 1,
                                                                                                                "Original Hash Batches": 1,
                                                                                                                "Peak Memory Usage": 160,
                                                                                                                "Workers": [],
                                                                                                                "Plans": [
                                                                                                                    {
                                                                                                                        "Node Type": "Hash Join",
                                                                                                                        "Parent Relationship": "Outer",
                                                                                                                        "Parallel Aware": true,
                                                                                                                        "Async Capable": false,
                                                                                                                        "Join Type": "Inner",
                                                                                                                        "Startup Cost": 229400.59,
                                                                                                                        "Total Cost": 256631.24,
                                                                                                                        "Plan Rows": 4222,
                                                                                                                        "Plan Width": 24,
                                                                                                                        "Actual Startup Time": 618.818,
                                                                                                                        "Actual Total Time": 623.811,
                                                                                                                        "Actual Rows": 29,
                                                                                                                        "Actual Loops": 8,
                                                                                                                        "Inner Unique": false,
                                                                                                                        "Hash Cond": "((pl2.site_id = site.site_id) AND (pl2.post_id_from = q2.id))",
                                                                                                                        "Workers": [],
                                                                                                                        "Plans": [
                                                                                                                            {
                                                                                                                                "Node Type": "Seq Scan",
                                                                                                                                "Parent Relationship": "Outer",
                                                                                                                                "Parallel Aware": true,
                                                                                                                                "Async Capable": false,
                                                                                                                                "Relation Name": "post_link",
                                                                                                                                "Alias": "pl2",
                                                                                                                                "Startup Cost": 0.0,
                                                                                                                                "Total Cost": 21752.3,
                                                                                                                                "Plan Rows": 730430,
                                                                                                                                "Plan Width": 12,
                                                                                                                                "Actual Startup Time": 0.01,
                                                                                                                                "Actual Total Time": 22.046,
                                                                                                                                "Actual Rows": 283042,
                                                                                                                                "Actual Loops": 8,
                                                                                                                                "Workers": []
                                                                                                                            },
                                                                                                                            {
                                                                                                                                "Node Type": "Hash",
                                                                                                                                "Parent Relationship": "Inner",
                                                                                                                                "Parallel Aware": true,
                                                                                                                                "Async Capable": false,
                                                                                                                                "Startup Cost": 229217.74,
                                                                                                                                "Total Cost": 229217.74,
                                                                                                                                "Plan Rows": 12190,
                                                                                                                                "Plan Width": 12,
                                                                                                                                "Actual Startup Time": 576.66,
                                                                                                                                "Actual Total Time": 576.662,
                                                                                                                                "Actual Rows": 119,
                                                                                                                                "Actual Loops": 8,
                                                                                                                                "Hash Buckets": 131072,
                                                                                                                                "Original Hash Buckets": 131072,
                                                                                                                                "Hash Batches": 1,
                                                                                                                                "Original Hash Batches": 1,
                                                                                                                                "Peak Memory Usage": 1280,
                                                                                                                                "Workers": [],
                                                                                                                                "Plans": [
                                                                                                                                    {
                                                                                                                                        "Node Type": "Hash Join",
                                                                                                                                        "Parent Relationship": "Outer",
                                                                                                                                        "Parallel Aware": false,
                                                                                                                                        "Async Capable": false,
                                                                                                                                        "Join Type": "Inner",
                                                                                                                                        "Startup Cost": 3.61,
                                                                                                                                        "Total Cost": 229217.74,
                                                                                                                                        "Plan Rows": 12190,
                                                                                                                                        "Plan Width": 12,
                                                                                                                                        "Actual Startup Time": 9.565,
                                                                                                                                        "Actual Total Time": 576.309,
                                                                                                                                        "Actual Rows": 119,
                                                                                                                                        "Actual Loops": 8,
                                                                                                                                        "Inner Unique": true,
                                                                                                                                        "Hash Cond": "(q2.site_id = site.site_id)",
                                                                                                                                        "Workers": [],
                                                                                                                                        "Plans": [
                                                                                                                                            {
                                                                                                                                                "Node Type": "Index Only Scan",
                                                                                                                                                "Parent Relationship": "Outer",
                                                                                                                                                "Parallel Aware": true,
                                                                                                                                                "Async Capable": false,
                                                                                                                                                "Scan Direction": "Forward",
                                                                                                                                                "Index Name": "question_pkey",
                                                                                                                                                "Relation Name": "question",
                                                                                                                                                "Alias": "q2",
                                                                                                                                                "Startup Cost": 0.43,
                                                                                                                                                "Total Cost": 223543.14,
                                                                                                                                                "Plan Rows": 2108881,
                                                                                                                                                "Plan Width": 8,
                                                                                                                                                "Actual Startup Time": 8.236,
                                                                                                                                                "Actual Total Time": 527.343,
                                                                                                                                                "Actual Rows": 1583305,
                                                                                                                                                "Actual Loops": 8,
                                                                                                                                                "Heap Fetches": 0,
                                                                                                                                                "Workers": []
                                                                                                                                            },
                                                                                                                                            {
                                                                                                                                                "Node Type": "Hash",
                                                                                                                                                "Parent Relationship": "Inner",
                                                                                                                                                "Parallel Aware": false,
                                                                                                                                                "Async Capable": false,
                                                                                                                                                "Startup Cost": 3.16,
                                                                                                                                                "Total Cost": 3.16,
                                                                                                                                                "Plan Rows": 1,
                                                                                                                                                "Plan Width": 4,
                                                                                                                                                "Actual Startup Time": 0.022,
                                                                                                                                                "Actual Total Time": 0.023,
                                                                                                                                                "Actual Rows": 1,
                                                                                                                                                "Actual Loops": 8,
                                                                                                                                                "Hash Buckets": 1024,
                                                                                                                                                "Original Hash Buckets": 1024,
                                                                                                                                                "Hash Batches": 1,
                                                                                                                                                "Original Hash Batches": 1,
                                                                                                                                                "Peak Memory Usage": 9,
                                                                                                                                                "Workers": [],
                                                                                                                                                "Plans": [
                                                                                                                                                    {
                                                                                                                                                        "Node Type": "Seq Scan",
                                                                                                                                                        "Parent Relationship": "Outer",
                                                                                                                                                        "Parallel Aware": false,
                                                                                                                                                        "Async Capable": false,
                                                                                                                                                        "Relation Name": "site",
                                                                                                                                                        "Alias": "site",
                                                                                                                                                        "Startup Cost": 0.0,
                                                                                                                                                        "Total Cost": 3.16,
                                                                                                                                                        "Plan Rows": 1,
                                                                                                                                                        "Plan Width": 4,
                                                                                                                                                        "Actual Startup Time": 0.017,
                                                                                                                                                        "Actual Total Time": 0.02,
                                                                                                                                                        "Actual Rows": 1,
                                                                                                                                                        "Actual Loops": 8,
                                                                                                                                                        "Filter": "((site_name)::text = 'martialarts'::text)",
                                                                                                                                                        "Rows Removed by Filter": 172,
                                                                                                                                                        "Workers": []
                                                                                                                                                    }
                                                                                                                                                ]
                                                                                                                                            }
                                                                                                                                        ]
                                                                                                                                    }
                                                                                                                                ]
                                                                                                                            }
                                                                                                                        ]
                                                                                                                    }
                                                                                                                ]
                                                                                                            }
                                                                                                        ]
                                                                                                    }
                                                                                                ]
                                                                                            }
                                                                                        ]
                                                                                    }
                                                                                ]
                                                                            }
                                                                        ]
                                                                    },
                                                                    {
                                                                        "Node Type": "Hash",
                                                                        "Parent Relationship": "Inner",
                                                                        "Parallel Aware": true,
                                                                        "Async Capable": false,
                                                                        "Startup Cost": 2909153.53,
                                                                        "Total Cost": 2909153.53,
                                                                        "Plan Rows": 12936953,
                                                                        "Plan Width": 8,
                                                                        "Actual Startup Time": 2882.029,
                                                                        "Actual Total Time": 2882.03,
                                                                        "Actual Rows": 12932495,
                                                                        "Actual Loops": 8,
                                                                        "Hash Buckets": 524288,
                                                                        "Original Hash Buckets": 524288,
                                                                        "Hash Batches": 512,
                                                                        "Original Hash Batches": 512,
                                                                        "Peak Memory Usage": 12160,
                                                                        "Workers": [],
                                                                        "Plans": [
                                                                            {
                                                                                "Node Type": "Seq Scan",
                                                                                "Parent Relationship": "Outer",
                                                                                "Parallel Aware": true,
                                                                                "Async Capable": false,
                                                                                "Relation Name": "comment",
                                                                                "Alias": "comment",
                                                                                "Startup Cost": 0.0,
                                                                                "Total Cost": 2909153.53,
                                                                                "Plan Rows": 12936953,
                                                                                "Plan Width": 8,
                                                                                "Actual Startup Time": 0.022,
                                                                                "Actual Total Time": 1212.209,
                                                                                "Actual Rows": 12932495,
                                                                                "Actual Loops": 8,
                                                                                "Workers": []
                                                                            }
                                                                        ]
                                                                    }
                                                                ]
                                                            },
                                                            {
                                                                "Node Type": "Hash",
                                                                "Parent Relationship": "Inner",
                                                                "Parallel Aware": true,
                                                                "Async Capable": false,
                                                                "Startup Cost": 2909153.53,
                                                                "Total Cost": 2909153.53,
                                                                "Plan Rows": 12936953,
                                                                "Plan Width": 8,
                                                                "Actual Startup Time": 2801.747,
                                                                "Actual Total Time": 2801.748,
                                                                "Actual Rows": 12932495,
                                                                "Actual Loops": 8,
                                                                "Hash Buckets": 524288,
                                                                "Original Hash Buckets": 524288,
                                                                "Hash Batches": 512,
                                                                "Original Hash Batches": 512,
                                                                "Peak Memory Usage": 12160,
                                                                "Workers": [],
                                                                "Plans": [
                                                                    {
                                                                        "Node Type": "Seq Scan",
                                                                        "Parent Relationship": "Outer",
                                                                        "Parallel Aware": true,
                                                                        "Async Capable": false,
                                                                        "Relation Name": "comment",
                                                                        "Alias": "comment_1",
                                                                        "Startup Cost": 0.0,
                                                                        "Total Cost": 2909153.53,
                                                                        "Plan Rows": 12936953,
                                                                        "Plan Width": 8,
                                                                        "Actual Startup Time": 0.027,
                                                                        "Actual Total Time": 1331.628,
                                                                        "Actual Rows": 12932495,
                                                                        "Actual Loops": 8,
                                                                        "Workers": []
                                                                    }
                                                                ]
                                                            }
                                                        ]
                                                    },
                                                    {
                                                        "Node Type": "Hash",
                                                        "Parent Relationship": "Inner",
                                                        "Parallel Aware": true,
                                                        "Async Capable": false,
                                                        "Startup Cost": 2909153.53,
                                                        "Total Cost": 2909153.53,
                                                        "Plan Rows": 12936953,
                                                        "Plan Width": 8,
                                                        "Actual Startup Time": 2854.04,
                                                        "Actual Total Time": 2854.04,
                                                        "Actual Rows": 12932495,
                                                        "Actual Loops": 8,
                                                        "Hash Buckets": 524288,
                                                        "Original Hash Buckets": 524288,
                                                        "Hash Batches": 512,
                                                        "Original Hash Batches": 512,
                                                        "Peak Memory Usage": 12192,
                                                        "Workers": [],
                                                        "Plans": [
                                                            {
                                                                "Node Type": "Seq Scan",
                                                                "Parent Relationship": "Outer",
                                                                "Parallel Aware": true,
                                                                "Async Capable": false,
                                                                "Relation Name": "comment",
                                                                "Alias": "comment_2",
                                                                "Startup Cost": 0.0,
                                                                "Total Cost": 2909153.53,
                                                                "Plan Rows": 12936953,
                                                                "Plan Width": 8,
                                                                "Actual Startup Time": 0.037,
                                                                "Actual Total Time": 1359.64,
                                                                "Actual Rows": 12932495,
                                                                "Actual Loops": 8,
                                                                "Workers": []
                                                            }
                                                        ]
                                                    }
                                                ]
                                            }
                                        ]
                                    }
                                ]
                            }
                        ]
                    },
                    "Planning Time": 117.558,
                    "Triggers": [],
                    "Execution Time": 12972.49
                }
            ],
            "hints": [
                "SET enable_hashjoin TO on",
                "SET enable_indexonlyscan TO on",
                "SET enable_indexscan TO on",
                "SET enable_mergejoin TO on",
                "SET enable_nestloop TO off",
                "SET enable_seqscan TO on"
            ]
        },
        {
            "arm": 2,
            "execution_time": 62.861,
            "plan": [
                {
                    "Plan": {
                        "Node Type": "Aggregate",
                        "Strategy": "Plain",
                        "Partial Mode": "Simple",
                        "Parallel Aware": false,
                        "Async Capable": false,
                        "Startup Cost": 45212.12,
                        "Total Cost": 45212.13,
                        "Plan Rows": 1,
                        "Plan Width": 8,
                        "Actual Startup Time": 59.24,
                        "Actual Total Time": 62.797,
                        "Actual Rows": 1,
                        "Actual Loops": 1,
                        "Plans": [
                            {
                                "Node Type": "Gather Merge",
                                "Parent Relationship": "Outer",
                                "Parallel Aware": false,
                                "Async Capable": false,
                                "Startup Cost": 45205.84,
                                "Total Cost": 45211.99,
                                "Plan Rows": 52,
                                "Plan Width": 4,
                                "Actual Startup Time": 59.232,
                                "Actual Total Time": 62.79,
                                "Actual Rows": 11,
                                "Actual Loops": 1,
                                "Workers Planned": 3,
                                "Workers Launched": 3,
                                "Plans": [
                                    {
                                        "Node Type": "Sort",
                                        "Parent Relationship": "Outer",
                                        "Parallel Aware": false,
                                        "Async Capable": false,
                                        "Startup Cost": 44205.8,
                                        "Total Cost": 44205.84,
                                        "Plan Rows": 17,
                                        "Plan Width": 4,
                                        "Actual Startup Time": 56.229,
                                        "Actual Total Time": 56.235,
                                        "Actual Rows": 3,
                                        "Actual Loops": 4,
                                        "Sort Key": [
                                            "q1.id"
                                        ],
                                        "Sort Method": "quicksort",
                                        "Sort Space Used": 25,
                                        "Sort Space Type": "Memory",
                                        "Workers": [
                                            {
                                                "Worker Number": 0,
                                                "Sort Method": "quicksort",
                                                "Sort Space Used": 25,
                                                "Sort Space Type": "Memory"
                                            },
                                            {
                                                "Worker Number": 1,
                                                "Sort Method": "quicksort",
                                                "Sort Space Used": 25,
                                                "Sort Space Type": "Memory"
                                            },
                                            {
                                                "Worker Number": 2,
                                                "Sort Method": "quicksort",
                                                "Sort Space Used": 25,
                                                "Sort Space Type": "Memory"
                                            }
                                        ],
                                        "Plans": [
                                            {
                                                "Node Type": "Nested Loop",
                                                "Parent Relationship": "Outer",
                                                "Parallel Aware": false,
                                                "Async Capable": false,
                                                "Join Type": "Semi",
                                                "Startup Cost": 15780.59,
                                                "Total Cost": 44205.45,
                                                "Plan Rows": 17,
                                                "Plan Width": 4,
                                                "Actual Startup Time": 43.861,
                                                "Actual Total Time": 56.214,
                                                "Actual Rows": 3,
                                                "Actual Loops": 4,
                                                "Inner Unique": false,
                                                "Join Filter": "(pl1.post_id_from = comment_2.post_id)",
                                                "Rows Removed by Join Filter": 0,
                                                "Workers": [],
                                                "Plans": [
                                                    {
                                                        "Node Type": "Nested Loop",
                                                        "Parent Relationship": "Outer",
                                                        "Parallel Aware": false,
                                                        "Async Capable": false,
                                                        "Join Type": "Semi",
                                                        "Startup Cost": 15776.17,
                                                        "Total Cost": 44123.17,
                                                        "Plan Rows": 17,
                                                        "Plan Width": 40,
                                                        "Actual Startup Time": 43.859,
                                                        "Actual Total Time": 56.202,
                                                        "Actual Rows": 4,
                                                        "Actual Loops": 4,
                                                        "Inner Unique": false,
                                                        "Join Filter": "((q1.site_id = comment_1.site_id) AND (pl1.post_id_to = comment_1.post_id))",
                                                        "Rows Removed by Join Filter": 0,
                                                        "Workers": [],
                                                        "Plans": [
                                                            {
                                                                "Node Type": "Nested Loop",
                                                                "Parent Relationship": "Outer",
                                                                "Parallel Aware": false,
                                                                "Async Capable": false,
                                                                "Join Type": "Semi",
                                                                "Startup Cost": 15771.74,
                                                                "Total Cost": 44040.88,
                                                                "Plan Rows": 17,
                                                                "Plan Width": 48,
                                                                "Actual Startup Time": 43.858,
                                                                "Actual Total Time": 56.191,
                                                                "Actual Rows": 4,
                                                                "Actual Loops": 4,
                                                                "Inner Unique": false,
                                                                "Join Filter": "((q1.site_id = comment.site_id) AND (pl2.post_id_to = comment.post_id))",
                                                                "Rows Removed by Join Filter": 0,
                                                                "Workers": [],
                                                                "Plans": [
                                                                    {
                                                                        "Node Type": "Nested Loop",
                                                                        "Parent Relationship": "Outer",
                                                                        "Parallel Aware": false,
                                                                        "Async Capable": false,
                                                                        "Join Type": "Inner",
                                                                        "Startup Cost": 15767.32,
                                                                        "Total Cost": 43958.6,
                                                                        "Plan Rows": 17,
                                                                        "Plan Width": 52,
                                                                        "Actual Startup Time": 43.855,
                                                                        "Actual Total Time": 56.177,
                                                                        "Actual Rows": 4,
                                                                        "Actual Loops": 4,
                                                                        "Inner Unique": true,
                                                                        "Join Filter": "(q1.site_id = q2.site_id)",
                                                                        "Rows Removed by Join Filter": 0,
                                                                        "Workers": [],
                                                                        "Plans": [
                                                                            {
                                                                                "Node Type": "Nested Loop",
                                                                                "Parent Relationship": "Outer",
                                                                                "Parallel Aware": false,
                                                                                "Async Capable": false,
                                                                                "Join Type": "Inner",
                                                                                "Startup Cost": 15763.03,
                                                                                "Total Cost": 43817.22,
                                                                                "Plan Rows": 17,
                                                                                "Plan Width": 44,
                                                                                "Actual Startup Time": 43.854,
                                                                                "Actual Total Time": 56.168,
                                                                                "Actual Rows": 4,
                                                                                "Actual Loops": 4,
                                                                                "Inner Unique": true,
                                                                                "Join Filter": "((q1.score > q3.score) AND (q1.site_id = q3.site_id))",
                                                                                "Rows Removed by Join Filter": 22,
                                                                                "Workers": [],
                                                                                "Plans": [
                                                                                    {
                                                                                        "Node Type": "Nested Loop",
                                                                                        "Parent Relationship": "Outer",
                                                                                        "Parallel Aware": false,
                                                                                        "Async Capable": false,
                                                                                        "Join Type": "Inner",
                                                                                        "Startup Cost": 15758.74,
                                                                                        "Total Cost": 43401.29,
                                                                                        "Plan Rows": 50,
                                                                                        "Plan Width": 40,
                                                                                        "Actual Startup Time": 43.849,
                                                                                        "Actual Total Time": 56.125,
                                                                                        "Actual Rows": 26,
                                                                                        "Actual Loops": 4,
                                                                                        "Inner Unique": true,
                                                                                        "Join Filter": "(site.site_id = q1.site_id)",
                                                                                        "Rows Removed by Join Filter": 0,
                                                                                        "Workers": [],
                                                                                        "Plans": [
                                                                                            {
                                                                                                "Node Type": "Hash Join",
                                                                                                "Parent Relationship": "Outer",
                                                                                                "Parallel Aware": false,
                                                                                                "Async Capable": false,
                                                                                                "Join Type": "Inner",
                                                                                                "Startup Cost": 15754.45,
                                                                                                "Total Cost": 42985.48,
                                                                                                "Plan Rows": 50,
                                                                                                "Plan Width": 28,
                                                                                                "Actual Startup Time": 43.846,
                                                                                                "Actual Total Time": 56.065,
                                                                                                "Actual Rows": 26,
                                                                                                "Actual Loops": 4,
                                                                                                "Inner Unique": false,
                                                                                                "Hash Cond": "((pl1.site_id = site.site_id) AND (pl1.post_id_to = pl2.post_id_from))",
                                                                                                "Workers": [],
                                                                                                "Plans": [
                                                                                                    {
                                                                                                        "Node Type": "Seq Scan",
                                                                                                        "Parent Relationship": "Outer",
                                                                                                        "Parallel Aware": true,
                                                                                                        "Async Capable": false,
                                                                                                        "Relation Name": "post_link",
                                                                                                        "Alias": "pl1",
                                                                                                        "Startup Cost": 0.0,
                                                                                                        "Total Cost": 21752.3,
                                                                                                        "Plan Rows": 730430,
                                                                                                        "Plan Width": 12,
                                                                                                        "Actual Startup Time": 0.008,
                                                                                                        "Actual Total Time": 27.178,
                                                                                                        "Actual Rows": 566083,
                                                                                                        "Actual Loops": 4,
                                                                                                        "Workers": []
                                                                                                    },
                                                                                                    {
                                                                                                        "Node Type": "Hash",
                                                                                                        "Parent Relationship": "Inner",
                                                                                                        "Parallel Aware": false,
                                                                                                        "Async Capable": false,
                                                                                                        "Startup Cost": 15558.12,
                                                                                                        "Total Cost": 15558.12,
                                                                                                        "Plan Rows": 13089,
                                                                                                        "Plan Width": 16,
                                                                                                        "Actual Startup Time": 0.127,
                                                                                                        "Actual Total Time": 0.129,
                                                                                                        "Actual Rows": 232,
                                                                                                        "Actual Loops": 4,
                                                                                                        "Hash Buckets": 16384,
                                                                                                        "Original Hash Buckets": 16384,
                                                                                                        "Hash Batches": 1,
                                                                                                        "Original Hash Batches": 1,
                                                                                                        "Peak Memory Usage": 139,
                                                                                                        "Workers": [],
                                                                                                        "Plans": [
                                                                                                            {
                                                                                                                "Node Type": "Nested Loop",
                                                                                                                "Parent Relationship": "Outer",
                                                                                                                "Parallel Aware": false,
                                                                                                                "Async Capable": false,
                                                                                                                "Join Type": "Inner",
                                                                                                                "Startup Cost": 330.8,
                                                                                                                "Total Cost": 15558.12,
                                                                                                                "Plan Rows": 13089,
                                                                                                                "Plan Width": 16,
                                                                                                                "Actual Startup Time": 0.062,
                                                                                                                "Actual Total Time": 0.099,
                                                                                                                "Actual Rows": 232,
                                                                                                                "Actual Loops": 4,
                                                                                                                "Inner Unique": false,
                                                                                                                "Workers": [],
                                                                                                                "Plans": [
                                                                                                                    {
                                                                                                                        "Node Type": "Seq Scan",
                                                                                                                        "Parent Relationship": "Outer",
                                                                                                                        "Parallel Aware": false,
                                                                                                                        "Async Capable": false,
                                                                                                                        "Relation Name": "site",
                                                                                                                        "Alias": "site",
                                                                                                                        "Startup Cost": 0.0,
                                                                                                                        "Total Cost": 3.16,
                                                                                                                        "Plan Rows": 1,
                                                                                                                        "Plan Width": 4,
                                                                                                                        "Actual Startup Time": 0.017,
                                                                                                                        "Actual Total Time": 0.021,
                                                                                                                        "Actual Rows": 1,
                                                                                                                        "Actual Loops": 4,
                                                                                                                        "Filter": "((site_name)::text = 'martialarts'::text)",
                                                                                                                        "Rows Removed by Filter": 172,
                                                                                                                        "Workers": []
                                                                                                                    },
                                                                                                                    {
                                                                                                                        "Node Type": "Bitmap Heap Scan",
                                                                                                                        "Parent Relationship": "Inner",
                                                                                                                        "Parallel Aware": false,
                                                                                                                        "Async Capable": false,
                                                                                                                        "Relation Name": "post_link",
                                                                                                                        "Alias": "pl2",
                                                                                                                        "Startup Cost": 330.8,
                                                                                                                        "Total Cost": 15412.55,
                                                                                                                        "Plan Rows": 14241,
                                                                                                                        "Plan Width": 12,
                                                                                                                        "Actual Startup Time": 0.043,
                                                                                                                        "Actual Total Time": 0.062,
                                                                                                                        "Actual Rows": 232,
                                                                                                                        "Actual Loops": 4,
                                                                                                                        "Recheck Cond": "(site.site_id = site_id)",
                                                                                                                        "Rows Removed by Index Recheck": 0,
                                                                                                                        "Exact Heap Blocks": 3,
                                                                                                                        "Lossy Heap Blocks": 0,
                                                                                                                        "Workers": [],
                                                                                                                        "Plans": [
                                                                                                                            {
                                                                                                                                "Node Type": "Bitmap Index Scan",
                                                                                                                                "Parent Relationship": "Outer",
                                                                                                                                "Parallel Aware": false,
                                                                                                                                "Async Capable": false,
                                                                                                                                "Index Name": "post_link_pkey",
                                                                                                                                "Startup Cost": 0.0,
                                                                                                                                "Total Cost": 327.24,
                                                                                                                                "Plan Rows": 14241,
                                                                                                                                "Plan Width": 0,
                                                                                                                                "Actual Startup Time": 0.034,
                                                                                                                                "Actual Total Time": 0.034,
                                                                                                                                "Actual Rows": 232,
                                                                                                                                "Actual Loops": 4,
                                                                                                                                "Index Cond": "(site_id = site.site_id)",
                                                                                                                                "Workers": []
                                                                                                                            }
                                                                                                                        ]
                                                                                                                    }
                                                                                                                ]
                                                                                                            }
                                                                                                        ]
                                                                                                    }
                                                                                                ]
                                                                                            },
                                                                                            {
                                                                                                "Node Type": "Bitmap Heap Scan",
                                                                                                "Parent Relationship": "Inner",
                                                                                                "Parallel Aware": false,
                                                                                                "Async Capable": false,
                                                                                                "Relation Name": "question",
                                                                                                "Alias": "q1",
                                                                                                "Startup Cost": 4.29,
                                                                                                "Total Cost": 8.3,
                                                                                                "Plan Rows": 1,
                                                                                                "Plan Width": 12,
                                                                                                "Actual Startup Time": 0.002,
                                                                                                "Actual Total Time": 0.002,
                                                                                                "Actual Rows": 1,
                                                                                                "Actual Loops": 104,
                                                                                                "Recheck Cond": "((pl1.post_id_from = id) AND (pl1.site_id = site_id))",
                                                                                                "Rows Removed by Index Recheck": 0,
                                                                                                "Exact Heap Blocks": 104,
                                                                                                "Lossy Heap Blocks": 0,
                                                                                                "Workers": [],
                                                                                                "Plans": [
                                                                                                    {
                                                                                                        "Node Type": "Bitmap Index Scan",
                                                                                                        "Parent Relationship": "Outer",
                                                                                                        "Parallel Aware": false,
                                                                                                        "Async Capable": false,
                                                                                                        "Index Name": "question_pkey",
                                                                                                        "Startup Cost": 0.0,
                                                                                                        "Total Cost": 4.29,
                                                                                                        "Plan Rows": 1,
                                                                                                        "Plan Width": 0,
                                                                                                        "Actual Startup Time": 0.001,
                                                                                                        "Actual Total Time": 0.001,
                                                                                                        "Actual Rows": 1,
                                                                                                        "Actual Loops": 104,
                                                                                                        "Index Cond": "((id = pl1.post_id_from) AND (site_id = pl1.site_id))",
                                                                                                        "Workers": []
                                                                                                    }
                                                                                                ]
                                                                                            }
                                                                                        ]
                                                                                    },
                                                                                    {
                                                                                        "Node Type": "Bitmap Heap Scan",
                                                                                        "Parent Relationship": "Inner",
                                                                                        "Parallel Aware": false,
                                                                                        "Async Capable": false,
                                                                                        "Relation Name": "question",
                                                                                        "Alias": "q3",
                                                                                        "Startup Cost": 4.29,
                                                                                        "Total Cost": 8.3,
                                                                                        "Plan Rows": 1,
                                                                                        "Plan Width": 12,
                                                                                        "Actual Startup Time": 0.001,
                                                                                        "Actual Total Time": 0.001,
                                                                                        "Actual Rows": 1,
                                                                                        "Actual Loops": 104,
                                                                                        "Recheck Cond": "((pl2.post_id_to = id) AND (pl2.site_id = site_id))",
                                                                                        "Rows Removed by Index Recheck": 0,
                                                                                        "Exact Heap Blocks": 104,
                                                                                        "Lossy Heap Blocks": 0,
                                                                                        "Workers": [],
                                                                                        "Plans": [
                                                                                            {
                                                                                                "Node Type": "Bitmap Index Scan",
                                                                                                "Parent Relationship": "Outer",
                                                                                                "Parallel Aware": false,
                                                                                                "Async Capable": false,
                                                                                                "Index Name": "question_pkey",
                                                                                                "Startup Cost": 0.0,
                                                                                                "Total Cost": 4.29,
                                                                                                "Plan Rows": 1,
                                                                                                "Plan Width": 0,
                                                                                                "Actual Startup Time": 0.001,
                                                                                                "Actual Total Time": 0.001,
                                                                                                "Actual Rows": 1,
                                                                                                "Actual Loops": 104,
                                                                                                "Index Cond": "((id = pl2.post_id_to) AND (site_id = pl2.site_id))",
                                                                                                "Workers": []
                                                                                            }
                                                                                        ]
                                                                                    }
                                                                                ]
                                                                            },
                                                                            {
                                                                                "Node Type": "Bitmap Heap Scan",
                                                                                "Parent Relationship": "Inner",
                                                                                "Parallel Aware": false,
                                                                                "Async Capable": false,
                                                                                "Relation Name": "question",
                                                                                "Alias": "q2",
                                                                                "Startup Cost": 4.29,
                                                                                "Total Cost": 8.3,
                                                                                "Plan Rows": 1,
                                                                                "Plan Width": 8,
                                                                                "Actual Startup Time": 0.001,
                                                                                "Actual Total Time": 0.001,
                                                                                "Actual Rows": 1,
                                                                                "Actual Loops": 18,
                                                                                "Recheck Cond": "((pl1.post_id_to = id) AND (pl1.site_id = site_id))",
                                                                                "Rows Removed by Index Recheck": 0,
                                                                                "Exact Heap Blocks": 18,
                                                                                "Lossy Heap Blocks": 0,
                                                                                "Workers": [],
                                                                                "Plans": [
                                                                                    {
                                                                                        "Node Type": "Bitmap Index Scan",
                                                                                        "Parent Relationship": "Outer",
                                                                                        "Parallel Aware": false,
                                                                                        "Async Capable": false,
                                                                                        "Index Name": "question_pkey",
                                                                                        "Startup Cost": 0.0,
                                                                                        "Total Cost": 4.29,
                                                                                        "Plan Rows": 1,
                                                                                        "Plan Width": 0,
                                                                                        "Actual Startup Time": 0.001,
                                                                                        "Actual Total Time": 0.001,
                                                                                        "Actual Rows": 1,
                                                                                        "Actual Loops": 18,
                                                                                        "Index Cond": "((id = pl1.post_id_to) AND (site_id = pl1.site_id))",
                                                                                        "Workers": []
                                                                                    }
                                                                                ]
                                                                            }
                                                                        ]
                                                                    },
                                                                    {
                                                                        "Node Type": "Bitmap Heap Scan",
                                                                        "Parent Relationship": "Inner",
                                                                        "Parallel Aware": false,
                                                                        "Async Capable": false,
                                                                        "Relation Name": "comment",
                                                                        "Alias": "comment",
                                                                        "Startup Cost": 4.42,
                                                                        "Total Cost": 8.44,
                                                                        "Plan Rows": 1,
                                                                        "Plan Width": 8,
                                                                        "Actual Startup Time": 0.002,
                                                                        "Actual Total Time": 0.002,
                                                                        "Actual Rows": 1,
                                                                        "Actual Loops": 18,
                                                                        "Recheck Cond": "((q3.site_id = site_id) AND (q3.id = post_id))",
                                                                        "Rows Removed by Index Recheck": 0,
                                                                        "Exact Heap Blocks": 16,
                                                                        "Lossy Heap Blocks": 0,
                                                                        "Workers": [],
                                                                        "Plans": [
                                                                            {
                                                                                "Node Type": "Bitmap Index Scan",
                                                                                "Parent Relationship": "Outer",
                                                                                "Parallel Aware": false,
                                                                                "Async Capable": false,
                                                                                "Index Name": "comment_site_id_post_id_idx",
                                                                                "Startup Cost": 0.0,
                                                                                "Total Cost": 4.42,
                                                                                "Plan Rows": 1,
                                                                                "Plan Width": 0,
                                                                                "Actual Startup Time": 0.002,
                                                                                "Actual Total Time": 0.002,
                                                                                "Actual Rows": 3,
                                                                                "Actual Loops": 18,
                                                                                "Index Cond": "((site_id = q3.site_id) AND (post_id = q3.id))",
                                                                                "Workers": []
                                                                            }
                                                                        ]
                                                                    }
                                                                ]
                                                            },
                                                            {
                                                                "Node Type": "Bitmap Heap Scan",
                                                                "Parent Relationship": "Inner",
                                                                "Parallel Aware": false,
                                                                "Async Capable": false,
                                                                "Relation Name": "comment",
                                                                "Alias": "comment_1",
                                                                "Startup Cost": 4.42,
                                                                "Total Cost": 8.44,
                                                                "Plan Rows": 1,
                                                                "Plan Width": 8,
                                                                "Actual Startup Time": 0.002,
                                                                "Actual Total Time": 0.002,
                                                                "Actual Rows": 1,
                                                                "Actual Loops": 16,
                                                                "Recheck Cond": "((q2.site_id = site_id) AND (q2.id = post_id))",
                                                                "Rows Removed by Index Recheck": 0,
                                                                "Exact Heap Blocks": 14,
                                                                "Lossy Heap Blocks": 0,
                                                                "Workers": [],
                                                                "Plans": [
                                                                    {
                                                                        "Node Type": "Bitmap Index Scan",
                                                                        "Parent Relationship": "Outer",
                                                                        "Parallel Aware": false,
                                                                        "Async Capable": false,
                                                                        "Index Name": "comment_site_id_post_id_idx",
                                                                        "Startup Cost": 0.0,
                                                                        "Total Cost": 4.42,
                                                                        "Plan Rows": 1,
                                                                        "Plan Width": 0,
                                                                        "Actual Startup Time": 0.001,
                                                                        "Actual Total Time": 0.001,
                                                                        "Actual Rows": 3,
                                                                        "Actual Loops": 16,
                                                                        "Index Cond": "((site_id = q2.site_id) AND (post_id = q2.id))",
                                                                        "Workers": []
                                                                    }
                                                                ]
                                                            }
                                                        ]
                                                    },
                                                    {
                                                        "Node Type": "Bitmap Heap Scan",
                                                        "Parent Relationship": "Inner",
                                                        "Parallel Aware": false,
                                                        "Async Capable": false,
                                                        "Relation Name": "comment",
                                                        "Alias": "comment_2",
                                                        "Startup Cost": 4.42,
                                                        "Total Cost": 8.44,
                                                        "Plan Rows": 1,
                                                        "Plan Width": 8,
                                                        "Actual Startup Time": 0.003,
                                                        "Actual Total Time": 0.003,
                                                        "Actual Rows": 1,
                                                        "Actual Loops": 14,
                                                        "Recheck Cond": "((q1.site_id = site_id) AND (q1.id = post_id))",
                                                        "Rows Removed by Index Recheck": 0,
                                                        "Exact Heap Blocks": 11,
                                                        "Lossy Heap Blocks": 0,
                                                        "Workers": [],
                                                        "Plans": [
                                                            {
                                                                "Node Type": "Bitmap Index Scan",
                                                                "Parent Relationship": "Outer",
                                                                "Parallel Aware": false,
                                                                "Async Capable": false,
                                                                "Index Name": "comment_site_id_post_id_idx",
                                                                "Startup Cost": 0.0,
                                                                "Total Cost": 4.42,
                                                                "Plan Rows": 1,
                                                                "Plan Width": 0,
                                                                "Actual Startup Time": 0.002,
                                                                "Actual Total Time": 0.002,
                                                                "Actual Rows": 4,
                                                                "Actual Loops": 14,
                                                                "Index Cond": "((site_id = q1.site_id) AND (post_id = q1.id))",
                                                                "Workers": []
                                                            }
                                                        ]
                                                    }
                                                ]
                                            }
                                        ]
                                    }
                                ]
                            }
                        ]
                    },
                    "Planning Time": 61.011,
                    "Triggers": [],
                    "Execution Time": 62.861
                }
            ],
            "hints": [
                "SET enable_hashjoin TO on",
                "SET enable_indexonlyscan TO on",
                "SET enable_indexscan TO off",
                "SET enable_mergejoin TO off",
                "SET enable_nestloop TO on",
                "SET enable_seqscan TO on"
            ]
        },
        {
            "arm": 3,
            "execution_time": 12095.31,
            "plan": [
                {
                    "Plan": {
                        "Node Type": "Aggregate",
                        "Strategy": "Plain",
                        "Partial Mode": "Simple",
                        "Parallel Aware": false,
                        "Async Capable": false,
                        "Startup Cost": 14747284.89,
                        "Total Cost": 14747284.9,
                        "Plan Rows": 1,
                        "Plan Width": 8,
                        "Actual Startup Time": 11035.476,
                        "Actual Total Time": 12095.254,
                        "Actual Rows": 1,
                        "Actual Loops": 1,
                        "Plans": [
                            {
                                "Node Type": "Gather Merge",
                                "Parent Relationship": "Outer",
                                "Parallel Aware": false,
                                "Async Capable": false,
                                "Startup Cost": 14747278.37,
                                "Total Cost": 14747284.76,
                                "Plan Rows": 52,
                                "Plan Width": 4,
                                "Actual Startup Time": 11035.468,
                                "Actual Total Time": 12095.247,
                                "Actual Rows": 11,
                                "Actual Loops": 1,
                                "Workers Planned": 7,
                                "Workers Launched": 7,
                                "Plans": [
                                    {
                                        "Node Type": "Sort",
                                        "Parent Relationship": "Outer",
                                        "Parallel Aware": false,
                                        "Async Capable": false,
                                        "Startup Cost": 14746278.25,
                                        "Total Cost": 14746278.27,
                                        "Plan Rows": 7,
                                        "Plan Width": 4,
                                        "Actual Startup Time": 11032.523,
                                        "Actual Total Time": 11032.615,
                                        "Actual Rows": 1,
                                        "Actual Loops": 8,
                                        "Sort Key": [
                                            "q1.id"
                                        ],
                                        "Sort Method": "quicksort",
                                        "Sort Space Used": 25,
                                        "Sort Space Type": "Memory",
                                        "Workers": [
                                            {
                                                "Worker Number": 0,
                                                "Sort Method": "quicksort",
                                                "Sort Space Used": 25,
                                                "Sort Space Type": "Memory"
                                            },
                                            {
                                                "Worker Number": 1,
                                                "Sort Method": "quicksort",
                                                "Sort Space Used": 25,
                                                "Sort Space Type": "Memory"
                                            },
                                            {
                                                "Worker Number": 2,
                                                "Sort Method": "quicksort",
                                                "Sort Space Used": 25,
                                                "Sort Space Type": "Memory"
                                            },
                                            {
                                                "Worker Number": 3,
                                                "Sort Method": "quicksort",
                                                "Sort Space Used": 25,
                                                "Sort Space Type": "Memory"
                                            },
                                            {
                                                "Worker Number": 4,
                                                "Sort Method": "quicksort",
                                                "Sort Space Used": 25,
                                                "Sort Space Type": "Memory"
                                            },
                                            {
                                                "Worker Number": 5,
                                                "Sort Method": "quicksort",
                                                "Sort Space Used": 25,
                                                "Sort Space Type": "Memory"
                                            },
                                            {
                                                "Worker Number": 6,
                                                "Sort Method": "quicksort",
                                                "Sort Space Used": 25,
                                                "Sort Space Type": "Memory"
                                            }
                                        ],
                                        "Plans": [
                                            {
                                                "Node Type": "Hash Join",
                                                "Parent Relationship": "Outer",
                                                "Parallel Aware": true,
                                                "Async Capable": false,
                                                "Join Type": "Semi",
                                                "Startup Cost": 12898836.45,
                                                "Total Cost": 14746278.16,
                                                "Plan Rows": 7,
                                                "Plan Width": 4,
                                                "Actual Startup Time": 10640.336,
                                                "Actual Total Time": 11032.546,
                                                "Actual Rows": 1,
                                                "Actual Loops": 8,
                                                "Inner Unique": false,
                                                "Hash Cond": "((q1.site_id = comment_2.site_id) AND (pl1.post_id_from = comment_2.post_id))",
                                                "Workers": [],
                                                "Plans": [
                                                    {
                                                        "Node Type": "Hash Join",
                                                        "Parent Relationship": "Outer",
                                                        "Parallel Aware": true,
                                                        "Async Capable": false,
                                                        "Join Type": "Semi",
                                                        "Startup Cost": 9745093.63,
                                                        "Total Cost": 11541998.21,
                                                        "Plan Rows": 7,
                                                        "Plan Width": 40,
                                                        "Actual Startup Time": 7795.966,
                                                        "Actual Total Time": 7933.476,
                                                        "Actual Rows": 2,
                                                        "Actual Loops": 8,
                                                        "Inner Unique": false,
                                                        "Hash Cond": "((q1.site_id = comment_1.site_id) AND (pl1.post_id_to = comment_1.post_id))",
                                                        "Workers": [],
                                                        "Plans": [
                                                            {
                                                                "Node Type": "Hash Join",
                                                                "Parent Relationship": "Outer",
                                                                "Parallel Aware": true,
                                                                "Async Capable": false,
                                                                "Join Type": "Semi",
                                                                "Startup Cost": 6591350.8,
                                                                "Total Cost": 8337707.71,
                                                                "Plan Rows": 7,
                                                                "Plan Width": 48,
                                                                "Actual Startup Time": 4733.715,
                                                                "Actual Total Time": 4948.059,
                                                                "Actual Rows": 2,
                                                                "Actual Loops": 8,
                                                                "Inner Unique": false,
                                                                "Hash Cond": "((q1.site_id = comment.site_id) AND (pl2.post_id_to = comment.post_id))",
                                                                "Workers": [],
                                                                "Plans": [
                                                                    {
                                                                        "Node Type": "Hash Join",
                                                                        "Parent Relationship": "Outer",
                                                                        "Parallel Aware": true,
                                                                        "Async Capable": false,
                                                                        "Join Type": "Inner",
                                                                        "Startup Cost": 3437607.98,
                                                                        "Total Cost": 5133417.21,
                                                                        "Plan Rows": 7,
                                                                        "Plan Width": 52,
                                                                        "Actual Startup Time": 1456.622,
                                                                        "Actual Total Time": 1514.74,
                                                                        "Actual Rows": 2,
                                                                        "Actual Loops": 8,
                                                                        "Inner Unique": false,
                                                                        "Hash Cond": "((q2.site_id = q1.site_id) AND (q2.id = pl1.post_id_to))",
                                                                        "Workers": [],
                                                                        "Plans": [
                                                                            {
                                                                                "Node Type": "Seq Scan",
                                                                                "Parent Relationship": "Outer",
                                                                                "Parallel Aware": true,
                                                                                "Async Capable": false,
                                                                                "Relation Name": "question",
                                                                                "Alias": "q2",
                                                                                "Startup Cost": 0.0,
                                                                                "Total Cost": 1682252.12,
                                                                                "Plan Rows": 1807612,
                                                                                "Plan Width": 8,
                                                                                "Actual Startup Time": 0.007,
                                                                                "Actual Total Time": 393.772,
                                                                                "Actual Rows": 1583305,
                                                                                "Actual Loops": 8,
                                                                                "Workers": []
                                                                            },
                                                                            {
                                                                                "Node Type": "Hash",
                                                                                "Parent Relationship": "Inner",
                                                                                "Parallel Aware": true,
                                                                                "Async Capable": false,
                                                                                "Startup Cost": 3437607.87,
                                                                                "Total Cost": 3437607.87,
                                                                                "Plan Rows": 7,
                                                                                "Plan Width": 44,
                                                                                "Actual Startup Time": 1034.386,
                                                                                "Actual Total Time": 1034.393,
                                                                                "Actual Rows": 2,
                                                                                "Actual Loops": 8,
                                                                                "Hash Buckets": 1024,
                                                                                "Original Hash Buckets": 1024,
                                                                                "Hash Batches": 1,
                                                                                "Original Hash Batches": 1,
                                                                                "Peak Memory Usage": 40,
                                                                                "Workers": [],
                                                                                "Plans": [
                                                                                    {
                                                                                        "Node Type": "Hash Join",
                                                                                        "Parent Relationship": "Outer",
                                                                                        "Parallel Aware": true,
                                                                                        "Async Capable": false,
                                                                                        "Join Type": "Inner",
                                                                                        "Startup Cost": 1741798.65,
                                                                                        "Total Cost": 3437607.87,
                                                                                        "Plan Rows": 7,
                                                                                        "Plan Width": 44,
                                                                                        "Actual Startup Time": 976.096,
                                                                                        "Actual Total Time": 1034.354,
                                                                                        "Actual Rows": 2,
                                                                                        "Actual Loops": 8,
                                                                                        "Inner Unique": false,
                                                                                        "Hash Cond": "((q1.site_id = site.site_id) AND (q1.id = pl1.post_id_from))",
                                                                                        "Join Filter": "(q1.score > q3.score)",
                                                                                        "Rows Removed by Join Filter": 11,
                                                                                        "Workers": [],
                                                                                        "Plans": [
                                                                                            {
                                                                                                "Node Type": "Seq Scan",
                                                                                                "Parent Relationship": "Outer",
                                                                                                "Parallel Aware": true,
                                                                                                "Async Capable": false,
                                                                                                "Relation Name": "question",
                                                                                                "Alias": "q1",
                                                                                                "Startup Cost": 0.0,
                                                                                                "Total Cost": 1682252.12,
                                                                                                "Plan Rows": 1807612,
                                                                                                "Plan Width": 12,
                                                                                                "Actual Startup Time": 0.011,
                                                                                                "Actual Total Time": 391.724,
                                                                                                "Actual Rows": 1583305,
                                                                                                "Actual Loops": 8,
                                                                                                "Workers": []
                                                                                            },
                                                                                            {
                                                                                                "Node Type": "Hash",
                                                                                                "Parent Relationship": "Inner",
                                                                                                "Parallel Aware": true,
                                                                                                "Async Capable": false,
                                                                                                "Startup Cost": 1741797.9,
                                                                                                "Total Cost": 1741797.9,
                                                                                                "Plan Rows": 50,
                                                                                                "Plan Width": 40,
                                                                                                "Actual Startup Time": 553.268,
                                                                                                "Actual Total Time": 553.274,
                                                                                                "Actual Rows": 13,
                                                                                                "Actual Loops": 8,
                                                                                                "Hash Buckets": 1024,
                                                                                                "Original Hash Buckets": 1024,
                                                                                                "Hash Batches": 1,
                                                                                                "Original Hash Batches": 1,
                                                                                                "Peak Memory Usage": 40,
                                                                                                "Workers": [],
                                                                                                "Plans": [
                                                                                                    {
                                                                                                        "Node Type": "Hash Join",
                                                                                                        "Parent Relationship": "Outer",
                                                                                                        "Parallel Aware": true,
                                                                                                        "Async Capable": false,
                                                                                                        "Join Type": "Inner",
                                                                                                        "Startup Cost": 1714567.21,
                                                                                                        "Total Cost": 1741797.9,
                                                                                                        "Plan Rows": 50,
                                                                                                        "Plan Width": 40,
                                                                                                        "Actual Startup Time": 550.303,
                                                                                                        "Actual Total Time": 553.249,
                                                                                                        "Actual Rows": 13,
                                                                                                        "Actual Loops": 8,
                                                                                                        "Inner Unique": false,
                                                                                                        "Hash Cond": "((pl1.site_id = site.site_id) AND (pl1.post_id_to = pl2.post_id_from))",
                                                                                                        "Workers": [],
                                                                                                        "Plans": [
                                                                                                            {
                                                                                                                "Node Type": "Seq Scan",
                                                                                                                "Parent Relationship": "Outer",
                                                                                                                "Parallel Aware": true,
                                                                                                                "Async Capable": false,
                                                                                                                "Relation Name": "post_link",
                                                                                                                "Alias": "pl1",
                                                                                                                "Startup Cost": 0.0,
                                                                                                                "Total Cost": 21752.3,
                                                                                                                "Plan Rows": 730430,
                                                                                                                "Plan Width": 12,
                                                                                                                "Actual Startup Time": 0.006,
                                                                                                                "Actual Total Time": 12.672,
                                                                                                                "Actual Rows": 283042,
                                                                                                                "Actual Loops": 8,
                                                                                                                "Workers": []
                                                                                                            },
                                                                                                            {
                                                                                                                "Node Type": "Hash",
                                                                                                                "Parent Relationship": "Inner",
                                                                                                                "Parallel Aware": true,
                                                                                                                "Async Capable": false,
                                                                                                                "Startup Cost": 1714503.88,
                                                                                                                "Total Cost": 1714503.88,
                                                                                                                "Plan Rows": 4222,
                                                                                                                "Plan Width": 28,
                                                                                                                "Actual Startup Time": 526.691,
                                                                                                                "Actual Total Time": 526.695,
                                                                                                                "Actual Rows": 29,
                                                                                                                "Actual Loops": 8,
                                                                                                                "Hash Buckets": 16384,
                                                                                                                "Original Hash Buckets": 16384,
                                                                                                                "Hash Batches": 1,
                                                                                                                "Original Hash Batches": 1,
                                                                                                                "Peak Memory Usage": 160,
                                                                                                                "Workers": [],
                                                                                                                "Plans": [
                                                                                                                    {
                                                                                                                        "Node Type": "Hash Join",
                                                                                                                        "Parent Relationship": "Outer",
                                                                                                                        "Parallel Aware": true,
                                                                                                                        "Async Capable": false,
                                                                                                                        "Join Type": "Inner",
                                                                                                                        "Startup Cost": 1687273.26,
                                                                                                                        "Total Cost": 1714503.88,
                                                                                                                        "Plan Rows": 4222,
                                                                                                                        "Plan Width": 28,
                                                                                                                        "Actual Startup Time": 523.442,
                                                                                                                        "Actual Total Time": 526.584,
                                                                                                                        "Actual Rows": 29,
                                                                                                                        "Actual Loops": 8,
                                                                                                                        "Inner Unique": false,
                                                                                                                        "Hash Cond": "((pl2.site_id = site.site_id) AND (pl2.post_id_to = q3.id))",
                                                                                                                        "Workers": [],
                                                                                                                        "Plans": [
                                                                                                                            {
                                                                                                                                "Node Type": "Seq Scan",
                                                                                                                                "Parent Relationship": "Outer",
                                                                                                                                "Parallel Aware": true,
                                                                                                                                "Async Capable": false,
                                                                                                                                "Relation Name": "post_link",
                                                                                                                                "Alias": "pl2",
                                                                                                                                "Startup Cost": 0.0,
                                                                                                                                "Total Cost": 21752.3,
                                                                                                                                "Plan Rows": 730430,
                                                                                                                                "Plan Width": 12,
                                                                                                                                "Actual Startup Time": 0.008,
                                                                                                                                "Actual Total Time": 13.51,
                                                                                                                                "Actual Rows": 283042,
                                                                                                                                "Actual Loops": 8,
                                                                                                                                "Workers": []
                                                                                                                            },
                                                                                                                            {
                                                                                                                                "Node Type": "Hash",
                                                                                                                                "Parent Relationship": "Inner",
                                                                                                                                "Parallel Aware": true,
                                                                                                                                "Async Capable": false,
                                                                                                                                "Startup Cost": 1687116.52,
                                                                                                                                "Total Cost": 1687116.52,
                                                                                                                                "Plan Rows": 10449,
                                                                                                                                "Plan Width": 16,
                                                                                                                                "Actual Startup Time": 497.864,
                                                                                                                                "Actual Total Time": 497.867,
                                                                                                                                "Actual Rows": 119,
                                                                                                                                "Actual Loops": 8,
                                                                                                                                "Hash Buckets": 131072,
                                                                                                                                "Original Hash Buckets": 131072,
                                                                                                                                "Hash Batches": 1,
                                                                                                                                "Original Hash Batches": 1,
                                                                                                                                "Peak Memory Usage": 1184,
                                                                                                                                "Workers": [],
                                                                                                                                "Plans": [
                                                                                                                                    {
                                                                                                                                        "Node Type": "Hash Join",
                                                                                                                                        "Parent Relationship": "Outer",
                                                                                                                                        "Parallel Aware": false,
                                                                                                                                        "Async Capable": false,
                                                                                                                                        "Join Type": "Inner",
                                                                                                                                        "Startup Cost": 3.18,
                                                                                                                                        "Total Cost": 1687116.52,
                                                                                                                                        "Plan Rows": 10449,
                                                                                                                                        "Plan Width": 16,
                                                                                                                                        "Actual Startup Time": 256.379,
                                                                                                                                        "Actual Total Time": 497.507,
                                                                                                                                        "Actual Rows": 119,
                                                                                                                                        "Actual Loops": 8,
                                                                                                                                        "Inner Unique": true,
                                                                                                                                        "Hash Cond": "(q3.site_id = site.site_id)",
                                                                                                                                        "Workers": [],
                                                                                                                                        "Plans": [
                                                                                                                                            {
                                                                                                                                                "Node Type": "Seq Scan",
                                                                                                                                                "Parent Relationship": "Outer",
                                                                                                                                                "Parallel Aware": true,
                                                                                                                                                "Async Capable": false,
                                                                                                                                                "Relation Name": "question",
                                                                                                                                                "Alias": "q3",
                                                                                                                                                "Startup Cost": 0.0,
                                                                                                                                                "Total Cost": 1682252.12,
                                                                                                                                                "Plan Rows": 1807612,
                                                                                                                                                "Plan Width": 12,
                                                                                                                                                "Actual Startup Time": 0.03,
                                                                                                                                                "Actual Total Time": 421.867,
                                                                                                                                                "Actual Rows": 1583305,
                                                                                                                                                "Actual Loops": 8,
                                                                                                                                                "Workers": []
                                                                                                                                            },
                                                                                                                                            {
                                                                                                                                                "Node Type": "Hash",
                                                                                                                                                "Parent Relationship": "Inner",
                                                                                                                                                "Parallel Aware": false,
                                                                                                                                                "Async Capable": false,
                                                                                                                                                "Startup Cost": 3.16,
                                                                                                                                                "Total Cost": 3.16,
                                                                                                                                                "Plan Rows": 1,
                                                                                                                                                "Plan Width": 4,
                                                                                                                                                "Actual Startup Time": 0.025,
                                                                                                                                                "Actual Total Time": 0.026,
                                                                                                                                                "Actual Rows": 1,
                                                                                                                                                "Actual Loops": 8,
                                                                                                                                                "Hash Buckets": 1024,
                                                                                                                                                "Original Hash Buckets": 1024,
                                                                                                                                                "Hash Batches": 1,
                                                                                                                                                "Original Hash Batches": 1,
                                                                                                                                                "Peak Memory Usage": 9,
                                                                                                                                                "Workers": [],
                                                                                                                                                "Plans": [
                                                                                                                                                    {
                                                                                                                                                        "Node Type": "Seq Scan",
                                                                                                                                                        "Parent Relationship": "Outer",
                                                                                                                                                        "Parallel Aware": false,
                                                                                                                                                        "Async Capable": false,
                                                                                                                                                        "Relation Name": "site",
                                                                                                                                                        "Alias": "site",
                                                                                                                                                        "Startup Cost": 0.0,
                                                                                                                                                        "Total Cost": 3.16,
                                                                                                                                                        "Plan Rows": 1,
                                                                                                                                                        "Plan Width": 4,
                                                                                                                                                        "Actual Startup Time": 0.02,
                                                                                                                                                        "Actual Total Time": 0.023,
                                                                                                                                                        "Actual Rows": 1,
                                                                                                                                                        "Actual Loops": 8,
                                                                                                                                                        "Filter": "((site_name)::text = 'martialarts'::text)",
                                                                                                                                                        "Rows Removed by Filter": 172,
                                                                                                                                                        "Workers": []
                                                                                                                                                    }
                                                                                                                                                ]
                                                                                                                                            }
                                                                                                                                        ]
                                                                                                                                    }
                                                                                                                                ]
                                                                                                                            }
                                                                                                                        ]
                                                                                                                    }
                                                                                                                ]
                                                                                                            }
                                                                                                        ]
                                                                                                    }
                                                                                                ]
                                                                                            }
                                                                                        ]
                                                                                    }
                                                                                ]
                                                                            }
                                                                        ]
                                                                    },
                                                                    {
                                                                        "Node Type": "Hash",
                                                                        "Parent Relationship": "Inner",
                                                                        "Parallel Aware": true,
                                                                        "Async Capable": false,
                                                                        "Startup Cost": 2909153.53,
                                                                        "Total Cost": 2909153.53,
                                                                        "Plan Rows": 12936953,
                                                                        "Plan Width": 8,
                                                                        "Actual Startup Time": 2803.069,
                                                                        "Actual Total Time": 2803.069,
                                                                        "Actual Rows": 12932495,
                                                                        "Actual Loops": 8,
                                                                        "Hash Buckets": 524288,
                                                                        "Original Hash Buckets": 524288,
                                                                        "Hash Batches": 512,
                                                                        "Original Hash Batches": 512,
                                                                        "Peak Memory Usage": 12160,
                                                                        "Workers": [],
                                                                        "Plans": [
                                                                            {
                                                                                "Node Type": "Seq Scan",
                                                                                "Parent Relationship": "Outer",
                                                                                "Parallel Aware": true,
                                                                                "Async Capable": false,
                                                                                "Relation Name": "comment",
                                                                                "Alias": "comment",
                                                                                "Startup Cost": 0.0,
                                                                                "Total Cost": 2909153.53,
                                                                                "Plan Rows": 12936953,
                                                                                "Plan Width": 8,
                                                                                "Actual Startup Time": 0.021,
                                                                                "Actual Total Time": 1196.44,
                                                                                "Actual Rows": 12932495,
                                                                                "Actual Loops": 8,
                                                                                "Workers": []
                                                                            }
                                                                        ]
                                                                    }
                                                                ]
                                                            },
                                                            {
                                                                "Node Type": "Hash",
                                                                "Parent Relationship": "Inner",
                                                                "Parallel Aware": true,
                                                                "Async Capable": false,
                                                                "Startup Cost": 2909153.53,
                                                                "Total Cost": 2909153.53,
                                                                "Plan Rows": 12936953,
                                                                "Plan Width": 8,
                                                                "Actual Startup Time": 2380.04,
                                                                "Actual Total Time": 2380.041,
                                                                "Actual Rows": 12932495,
                                                                "Actual Loops": 8,
                                                                "Hash Buckets": 524288,
                                                                "Original Hash Buckets": 524288,
                                                                "Hash Batches": 512,
                                                                "Original Hash Batches": 512,
                                                                "Peak Memory Usage": 12160,
                                                                "Workers": [],
                                                                "Plans": [
                                                                    {
                                                                        "Node Type": "Seq Scan",
                                                                        "Parent Relationship": "Outer",
                                                                        "Parallel Aware": true,
                                                                        "Async Capable": false,
                                                                        "Relation Name": "comment",
                                                                        "Alias": "comment_1",
                                                                        "Startup Cost": 0.0,
                                                                        "Total Cost": 2909153.53,
                                                                        "Plan Rows": 12936953,
                                                                        "Plan Width": 8,
                                                                        "Actual Startup Time": 0.026,
                                                                        "Actual Total Time": 1138.043,
                                                                        "Actual Rows": 12932495,
                                                                        "Actual Loops": 8,
                                                                        "Workers": []
                                                                    }
                                                                ]
                                                            }
                                                        ]
                                                    },
                                                    {
                                                        "Node Type": "Hash",
                                                        "Parent Relationship": "Inner",
                                                        "Parallel Aware": true,
                                                        "Async Capable": false,
                                                        "Startup Cost": 2909153.53,
                                                        "Total Cost": 2909153.53,
                                                        "Plan Rows": 12936953,
                                                        "Plan Width": 8,
                                                        "Actual Startup Time": 2497.225,
                                                        "Actual Total Time": 2497.226,
                                                        "Actual Rows": 12932495,
                                                        "Actual Loops": 8,
                                                        "Hash Buckets": 524288,
                                                        "Original Hash Buckets": 524288,
                                                        "Hash Batches": 512,
                                                        "Original Hash Batches": 512,
                                                        "Peak Memory Usage": 12192,
                                                        "Workers": [],
                                                        "Plans": [
                                                            {
                                                                "Node Type": "Seq Scan",
                                                                "Parent Relationship": "Outer",
                                                                "Parallel Aware": true,
                                                                "Async Capable": false,
                                                                "Relation Name": "comment",
                                                                "Alias": "comment_2",
                                                                "Startup Cost": 0.0,
                                                                "Total Cost": 2909153.53,
                                                                "Plan Rows": 12936953,
                                                                "Plan Width": 8,
                                                                "Actual Startup Time": 0.039,
                                                                "Actual Total Time": 1178.907,
                                                                "Actual Rows": 12932495,
                                                                "Actual Loops": 8,
                                                                "Workers": []
                                                            }
                                                        ]
                                                    }
                                                ]
                                            }
                                        ]
                                    }
                                ]
                            }
                        ]
                    },
                    "Planning Time": 64.613,
                    "Triggers": [],
                    "Execution Time": 12095.31
                }
            ],
            "hints": [
                "SET enable_hashjoin TO on",
                "SET enable_indexonlyscan TO on",
                "SET enable_indexscan TO off",
                "SET enable_mergejoin TO off",
                "SET enable_nestloop TO off",
                "SET enable_seqscan TO on"
            ]
        },
        {
            "arm": 4,
            "execution_time": 69.483,
            "plan": [
                {
                    "Plan": {
                        "Node Type": "Aggregate",
                        "Strategy": "Plain",
                        "Partial Mode": "Simple",
                        "Parallel Aware": false,
                        "Async Capable": false,
                        "Startup Cost": 44963.04,
                        "Total Cost": 44963.05,
                        "Plan Rows": 1,
                        "Plan Width": 8,
                        "Actual Startup Time": 64.863,
                        "Actual Total Time": 69.419,
                        "Actual Rows": 1,
                        "Actual Loops": 1,
                        "Plans": [
                            {
                                "Node Type": "Gather Merge",
                                "Parent Relationship": "Outer",
                                "Parallel Aware": false,
                                "Async Capable": false,
                                "Startup Cost": 44956.75,
                                "Total Cost": 44962.91,
                                "Plan Rows": 52,
                                "Plan Width": 4,
                                "Actual Startup Time": 64.854,
                                "Actual Total Time": 69.411,
                                "Actual Rows": 11,
                                "Actual Loops": 1,
                                "Workers Planned": 3,
                                "Workers Launched": 3,
                                "Plans": [
                                    {
                                        "Node Type": "Sort",
                                        "Parent Relationship": "Outer",
                                        "Parallel Aware": false,
                                        "Async Capable": false,
                                        "Startup Cost": 43956.71,
                                        "Total Cost": 43956.76,
                                        "Plan Rows": 17,
                                        "Plan Width": 4,
                                        "Actual Startup Time": 62.425,
                                        "Actual Total Time": 62.43,
                                        "Actual Rows": 3,
                                        "Actual Loops": 4,
                                        "Sort Key": [
                                            "q1.id"
                                        ],
                                        "Sort Method": "quicksort",
                                        "Sort Space Used": 25,
                                        "Sort Space Type": "Memory",
                                        "Workers": [
                                            {
                                                "Worker Number": 0,
                                                "Sort Method": "quicksort",
                                                "Sort Space Used": 25,
                                                "Sort Space Type": "Memory"
                                            },
                                            {
                                                "Worker Number": 1,
                                                "Sort Method": "quicksort",
                                                "Sort Space Used": 25,
                                                "Sort Space Type": "Memory"
                                            },
                                            {
                                                "Worker Number": 2,
                                                "Sort Method": "quicksort",
                                                "Sort Space Used": 25,
                                                "Sort Space Type": "Memory"
                                            }
                                        ],
                                        "Plans": [
                                            {
                                                "Node Type": "Nested Loop",
                                                "Parent Relationship": "Outer",
                                                "Parallel Aware": false,
                                                "Async Capable": false,
                                                "Join Type": "Semi",
                                                "Startup Cost": 15769.47,
                                                "Total Cost": 43956.37,
                                                "Plan Rows": 17,
                                                "Plan Width": 4,
                                                "Actual Startup Time": 48.49,
                                                "Actual Total Time": 62.412,
                                                "Actual Rows": 3,
                                                "Actual Loops": 4,
                                                "Inner Unique": false,
                                                "Join Filter": "(pl1.post_id_from = comment_2.post_id)",
                                                "Rows Removed by Join Filter": 0,
                                                "Workers": [],
                                                "Plans": [
                                                    {
                                                        "Node Type": "Nested Loop",
                                                        "Parent Relationship": "Outer",
                                                        "Parallel Aware": false,
                                                        "Async Capable": false,
                                                        "Join Type": "Semi",
                                                        "Startup Cost": 15768.9,
                                                        "Total Cost": 43933.1,
                                                        "Plan Rows": 17,
                                                        "Plan Width": 40,
                                                        "Actual Startup Time": 48.489,
                                                        "Actual Total Time": 62.402,
                                                        "Actual Rows": 4,
                                                        "Actual Loops": 4,
                                                        "Inner Unique": false,
                                                        "Join Filter": "((q1.site_id = comment_1.site_id) AND (pl1.post_id_to = comment_1.post_id))",
                                                        "Rows Removed by Join Filter": 0,
                                                        "Workers": [],
                                                        "Plans": [
                                                            {
                                                                "Node Type": "Nested Loop",
                                                                "Parent Relationship": "Outer",
                                                                "Parallel Aware": false,
                                                                "Async Capable": false,
                                                                "Join Type": "Semi",
                                                                "Startup Cost": 15768.34,
                                                                "Total Cost": 43909.83,
                                                                "Plan Rows": 17,
                                                                "Plan Width": 48,
                                                                "Actual Startup Time": 48.488,
                                                                "Actual Total Time": 62.395,
                                                                "Actual Rows": 4,
                                                                "Actual Loops": 4,
                                                                "Inner Unique": false,
                                                                "Join Filter": "((q1.site_id = comment.site_id) AND (pl2.post_id_to = comment.post_id))",
                                                                "Rows Removed by Join Filter": 0,
                                                                "Workers": [],
                                                                "Plans": [
                                                                    {
                                                                        "Node Type": "Nested Loop",
                                                                        "Parent Relationship": "Outer",
                                                                        "Parallel Aware": false,
                                                                        "Async Capable": false,
                                                                        "Join Type": "Inner",
                                                                        "Startup Cost": 15767.77,
                                                                        "Total Cost": 43886.57,
                                                                        "Plan Rows": 17,
                                                                        "Plan Width": 52,
                                                                        "Actual Startup Time": 48.485,
                                                                        "Actual Total Time": 62.385,
                                                                        "Actual Rows": 4,
                                                                        "Actual Loops": 4,
                                                                        "Inner Unique": true,
                                                                        "Join Filter": "(q1.site_id = q2.site_id)",
                                                                        "Rows Removed by Join Filter": 0,
                                                                        "Workers": [],
                                                                        "Plans": [
                                                                            {
                                                                                "Node Type": "Nested Loop",
                                                                                "Parent Relationship": "Outer",
                                                                                "Parallel Aware": false,
                                                                                "Async Capable": false,
                                                                                "Join Type": "Inner",
                                                                                "Startup Cost": 15767.33,
                                                                                "Total Cost": 43813.28,
                                                                                "Plan Rows": 17,
                                                                                "Plan Width": 44,
                                                                                "Actual Startup Time": 48.484,
                                                                                "Actual Total Time": 62.378,
                                                                                "Actual Rows": 4,
                                                                                "Actual Loops": 4,
                                                                                "Inner Unique": true,
                                                                                "Join Filter": "((q1.score > q3.score) AND (q1.site_id = q3.site_id))",
                                                                                "Rows Removed by Join Filter": 22,
                                                                                "Workers": [],
                                                                                "Plans": [
                                                                                    {
                                                                                        "Node Type": "Nested Loop",
                                                                                        "Parent Relationship": "Outer",
                                                                                        "Parallel Aware": false,
                                                                                        "Async Capable": false,
                                                                                        "Join Type": "Inner",
                                                                                        "Startup Cost": 15766.9,
                                                                                        "Total Cost": 43405.32,
                                                                                        "Plan Rows": 50,
                                                                                        "Plan Width": 40,
                                                                                        "Actual Startup Time": 48.48,
                                                                                        "Actual Total Time": 62.342,
                                                                                        "Actual Rows": 26,
                                                                                        "Actual Loops": 4,
                                                                                        "Inner Unique": true,
                                                                                        "Join Filter": "(site.site_id = q1.site_id)",
                                                                                        "Rows Removed by Join Filter": 0,
                                                                                        "Workers": [],
                                                                                        "Plans": [
                                                                                            {
                                                                                                "Node Type": "Hash Join",
                                                                                                "Parent Relationship": "Outer",
                                                                                                "Parallel Aware": false,
                                                                                                "Async Capable": false,
                                                                                                "Join Type": "Inner",
                                                                                                "Startup Cost": 15766.46,
                                                                                                "Total Cost": 42997.49,
                                                                                                "Plan Rows": 50,
                                                                                                "Plan Width": 28,
                                                                                                "Actual Startup Time": 48.477,
                                                                                                "Actual Total Time": 62.29,
                                                                                                "Actual Rows": 26,
                                                                                                "Actual Loops": 4,
                                                                                                "Inner Unique": false,
                                                                                                "Hash Cond": "((pl1.site_id = site.site_id) AND (pl1.post_id_to = pl2.post_id_from))",
                                                                                                "Workers": [],
                                                                                                "Plans": [
                                                                                                    {
                                                                                                        "Node Type": "Seq Scan",
                                                                                                        "Parent Relationship": "Outer",
                                                                                                        "Parallel Aware": true,
                                                                                                        "Async Capable": false,
                                                                                                        "Relation Name": "post_link",
                                                                                                        "Alias": "pl1",
                                                                                                        "Startup Cost": 0.0,
                                                                                                        "Total Cost": 21752.3,
                                                                                                        "Plan Rows": 730430,
                                                                                                        "Plan Width": 12,
                                                                                                        "Actual Startup Time": 0.009,
                                                                                                        "Actual Total Time": 30.711,
                                                                                                        "Actual Rows": 566083,
                                                                                                        "Actual Loops": 4,
                                                                                                        "Workers": []
                                                                                                    },
                                                                                                    {
                                                                                                        "Node Type": "Hash",
                                                                                                        "Parent Relationship": "Inner",
                                                                                                        "Parallel Aware": false,
                                                                                                        "Async Capable": false,
                                                                                                        "Startup Cost": 15570.13,
                                                                                                        "Total Cost": 15570.13,
                                                                                                        "Plan Rows": 13089,
                                                                                                        "Plan Width": 16,
                                                                                                        "Actual Startup Time": 0.154,
                                                                                                        "Actual Total Time": 0.156,
                                                                                                        "Actual Rows": 232,
                                                                                                        "Actual Loops": 4,
                                                                                                        "Hash Buckets": 16384,
                                                                                                        "Original Hash Buckets": 16384,
                                                                                                        "Hash Batches": 1,
                                                                                                        "Original Hash Batches": 1,
                                                                                                        "Peak Memory Usage": 139,
                                                                                                        "Workers": [],
                                                                                                        "Plans": [
                                                                                                            {
                                                                                                                "Node Type": "Nested Loop",
                                                                                                                "Parent Relationship": "Outer",
                                                                                                                "Parallel Aware": false,
                                                                                                                "Async Capable": false,
                                                                                                                "Join Type": "Inner",
                                                                                                                "Startup Cost": 330.94,
                                                                                                                "Total Cost": 15570.13,
                                                                                                                "Plan Rows": 13089,
                                                                                                                "Plan Width": 16,
                                                                                                                "Actual Startup Time": 0.093,
                                                                                                                "Actual Total Time": 0.129,
                                                                                                                "Actual Rows": 232,
                                                                                                                "Actual Loops": 4,
                                                                                                                "Inner Unique": false,
                                                                                                                "Workers": [],
                                                                                                                "Plans": [
                                                                                                                    {
                                                                                                                        "Node Type": "Index Scan",
                                                                                                                        "Parent Relationship": "Outer",
                                                                                                                        "Parallel Aware": false,
                                                                                                                        "Async Capable": false,
                                                                                                                        "Scan Direction": "Forward",
                                                                                                                        "Index Name": "site_pkey",
                                                                                                                        "Relation Name": "site",
                                                                                                                        "Alias": "site",
                                                                                                                        "Startup Cost": 0.14,
                                                                                                                        "Total Cost": 15.17,
                                                                                                                        "Plan Rows": 1,
                                                                                                                        "Plan Width": 4,
                                                                                                                        "Actual Startup Time": 0.028,
                                                                                                                        "Actual Total Time": 0.034,
                                                                                                                        "Actual Rows": 1,
                                                                                                                        "Actual Loops": 4,
                                                                                                                        "Filter": "((site_name)::text = 'martialarts'::text)",
                                                                                                                        "Rows Removed by Filter": 172,
                                                                                                                        "Workers": []
                                                                                                                    },
                                                                                                                    {
                                                                                                                        "Node Type": "Bitmap Heap Scan",
                                                                                                                        "Parent Relationship": "Inner",
                                                                                                                        "Parallel Aware": false,
                                                                                                                        "Async Capable": false,
                                                                                                                        "Relation Name": "post_link",
                                                                                                                        "Alias": "pl2",
                                                                                                                        "Startup Cost": 330.8,
                                                                                                                        "Total Cost": 15412.55,
                                                                                                                        "Plan Rows": 14241,
                                                                                                                        "Plan Width": 12,
                                                                                                                        "Actual Startup Time": 0.061,
                                                                                                                        "Actual Total Time": 0.078,
                                                                                                                        "Actual Rows": 232,
                                                                                                                        "Actual Loops": 4,
                                                                                                                        "Recheck Cond": "(site.site_id = site_id)",
                                                                                                                        "Rows Removed by Index Recheck": 0,
                                                                                                                        "Exact Heap Blocks": 3,
                                                                                                                        "Lossy Heap Blocks": 0,
                                                                                                                        "Workers": [],
                                                                                                                        "Plans": [
                                                                                                                            {
                                                                                                                                "Node Type": "Bitmap Index Scan",
                                                                                                                                "Parent Relationship": "Outer",
                                                                                                                                "Parallel Aware": false,
                                                                                                                                "Async Capable": false,
                                                                                                                                "Index Name": "post_link_pkey",
                                                                                                                                "Startup Cost": 0.0,
                                                                                                                                "Total Cost": 327.24,
                                                                                                                                "Plan Rows": 14241,
                                                                                                                                "Plan Width": 0,
                                                                                                                                "Actual Startup Time": 0.055,
                                                                                                                                "Actual Total Time": 0.055,
                                                                                                                                "Actual Rows": 232,
                                                                                                                                "Actual Loops": 4,
                                                                                                                                "Index Cond": "(site_id = site.site_id)",
                                                                                                                                "Workers": []
                                                                                                                            }
                                                                                                                        ]
                                                                                                                    }
                                                                                                                ]
                                                                                                            }
                                                                                                        ]
                                                                                                    }
                                                                                                ]
                                                                                            },
                                                                                            {
                                                                                                "Node Type": "Index Scan",
                                                                                                "Parent Relationship": "Inner",
                                                                                                "Parallel Aware": false,
                                                                                                "Async Capable": false,
                                                                                                "Scan Direction": "Forward",
                                                                                                "Index Name": "question_pkey",
                                                                                                "Relation Name": "question",
                                                                                                "Alias": "q1",
                                                                                                "Startup Cost": 0.43,
                                                                                                "Total Cost": 8.14,
                                                                                                "Plan Rows": 1,
                                                                                                "Plan Width": 12,
                                                                                                "Actual Startup Time": 0.002,
                                                                                                "Actual Total Time": 0.002,
                                                                                                "Actual Rows": 1,
                                                                                                "Actual Loops": 104,
                                                                                                "Index Cond": "((id = pl1.post_id_from) AND (site_id = pl1.site_id))",
                                                                                                "Rows Removed by Index Recheck": 0,
                                                                                                "Workers": []
                                                                                            }
                                                                                        ]
                                                                                    },
                                                                                    {
                                                                                        "Node Type": "Index Scan",
                                                                                        "Parent Relationship": "Inner",
                                                                                        "Parallel Aware": false,
                                                                                        "Async Capable": false,
                                                                                        "Scan Direction": "Forward",
                                                                                        "Index Name": "question_pkey",
                                                                                        "Relation Name": "question",
                                                                                        "Alias": "q3",
                                                                                        "Startup Cost": 0.43,
                                                                                        "Total Cost": 8.14,
                                                                                        "Plan Rows": 1,
                                                                                        "Plan Width": 12,
                                                                                        "Actual Startup Time": 0.001,
                                                                                        "Actual Total Time": 0.001,
                                                                                        "Actual Rows": 1,
                                                                                        "Actual Loops": 104,
                                                                                        "Index Cond": "((id = pl2.post_id_to) AND (site_id = pl2.site_id))",
                                                                                        "Rows Removed by Index Recheck": 0,
                                                                                        "Workers": []
                                                                                    }
                                                                                ]
                                                                            },
                                                                            {
                                                                                "Node Type": "Index Only Scan",
                                                                                "Parent Relationship": "Inner",
                                                                                "Parallel Aware": false,
                                                                                "Async Capable": false,
                                                                                "Scan Direction": "Forward",
                                                                                "Index Name": "question_pkey",
                                                                                "Relation Name": "question",
                                                                                "Alias": "q2",
                                                                                "Startup Cost": 0.43,
                                                                                "Total Cost": 4.3,
                                                                                "Plan Rows": 1,
                                                                                "Plan Width": 8,
                                                                                "Actual Startup Time": 0.001,
                                                                                "Actual Total Time": 0.001,
                                                                                "Actual Rows": 1,
                                                                                "Actual Loops": 18,
                                                                                "Index Cond": "((id = pl1.post_id_to) AND (site_id = pl1.site_id))",
                                                                                "Rows Removed by Index Recheck": 0,
                                                                                "Heap Fetches": 0,
                                                                                "Workers": []
                                                                            }
                                                                        ]
                                                                    },
                                                                    {
                                                                        "Node Type": "Index Only Scan",
                                                                        "Parent Relationship": "Inner",
                                                                        "Parallel Aware": false,
                                                                        "Async Capable": false,
                                                                        "Scan Direction": "Forward",
                                                                        "Index Name": "comment_site_id_post_id_idx",
                                                                        "Relation Name": "comment",
                                                                        "Alias": "comment",
                                                                        "Startup Cost": 0.57,
                                                                        "Total Cost": 8.28,
                                                                        "Plan Rows": 1,
                                                                        "Plan Width": 8,
                                                                        "Actual Startup Time": 0.002,
                                                                        "Actual Total Time": 0.002,
                                                                        "Actual Rows": 1,
                                                                        "Actual Loops": 18,
                                                                        "Index Cond": "((site_id = q3.site_id) AND (post_id = q3.id))",
                                                                        "Rows Removed by Index Recheck": 0,
                                                                        "Heap Fetches": 16,
                                                                        "Workers": []
                                                                    }
                                                                ]
                                                            },
                                                            {
                                                                "Node Type": "Index Only Scan",
                                                                "Parent Relationship": "Inner",
                                                                "Parallel Aware": false,
                                                                "Async Capable": false,
                                                                "Scan Direction": "Forward",
                                                                "Index Name": "comment_site_id_post_id_idx",
                                                                "Relation Name": "comment",
                                                                "Alias": "comment_1",
                                                                "Startup Cost": 0.57,
                                                                "Total Cost": 8.28,
                                                                "Plan Rows": 1,
                                                                "Plan Width": 8,
                                                                "Actual Startup Time": 0.001,
                                                                "Actual Total Time": 0.001,
                                                                "Actual Rows": 1,
                                                                "Actual Loops": 16,
                                                                "Index Cond": "((site_id = q2.site_id) AND (post_id = q2.id))",
                                                                "Rows Removed by Index Recheck": 0,
                                                                "Heap Fetches": 14,
                                                                "Workers": []
                                                            }
                                                        ]
                                                    },
                                                    {
                                                        "Node Type": "Index Only Scan",
                                                        "Parent Relationship": "Inner",
                                                        "Parallel Aware": false,
                                                        "Async Capable": false,
                                                        "Scan Direction": "Forward",
                                                        "Index Name": "comment_site_id_post_id_idx",
                                                        "Relation Name": "comment",
                                                        "Alias": "comment_2",
                                                        "Startup Cost": 0.57,
                                                        "Total Cost": 8.28,
                                                        "Plan Rows": 1,
                                                        "Plan Width": 8,
                                                        "Actual Startup Time": 0.002,
                                                        "Actual Total Time": 0.002,
                                                        "Actual Rows": 1,
                                                        "Actual Loops": 14,
                                                        "Index Cond": "((site_id = q1.site_id) AND (post_id = q1.id))",
                                                        "Rows Removed by Index Recheck": 0,
                                                        "Heap Fetches": 11,
                                                        "Workers": []
                                                    }
                                                ]
                                            }
                                        ]
                                    }
                                ]
                            }
                        ]
                    },
                    "Planning Time": 73.043,
                    "Triggers": [],
                    "Execution Time": 69.483
                }
            ],
            "hints": [
                "SET enable_hashjoin TO on",
                "SET enable_indexonlyscan TO on",
                "SET enable_indexscan TO on",
                "SET enable_mergejoin TO off",
                "SET enable_nestloop TO on",
                "SET enable_seqscan TO on"
            ]
        }
    ]
}