{
    "sql_file": "soload_q14-004.sql",
    "query": "SELECT COUNT(*)\nFROM\nsite as s,\nso_user as u1,\nquestion as q1,\nanswer as a1,\ntag as t1,\ntag_question as tq1,\nbadge as b,\naccount as acc\nWHERE\ns.site_id = q1.site_id\nAND s.site_id = u1.site_id\nAND s.site_id = a1.site_id\nAND s.site_id = t1.site_id\nAND s.site_id = tq1.site_id\nAND s.site_id = b.site_id\nAND q1.id = tq1.question_id\nAND q1.id = a1.question_id\nAND a1.owner_user_id = u1.id\nAND t1.id = tq1.tag_id\nAND b.user_id = u1.id\nAND acc.id = u1.account_id\nAND (s.site_name in ('askubuntu','math'))\nAND (t1.name in ('discrete-mathematics','elementary-number-theory','ordinary-differential-equations','statistics','systems-of-equations','vectors'))\nAND (q1.view_count >= 0)\nAND (q1.view_count <= 100)\nAND (u1.downvotes >= 0)\nAND (u1.downvotes <= 1)\nAND (b.name ILIKE '%ste%')",
    "results": [
        {
            "arm": 0,
            "execution_time": 421.965,
            "plan": [
                {
                    "Plan": {
                        "Node Type": "Aggregate",
                        "Strategy": "Plain",
                        "Partial Mode": "Simple",
                        "Parallel Aware": false,
                        "Async Capable": false,
                        "Startup Cost": 4311.94,
                        "Total Cost": 4311.95,
                        "Plan Rows": 1,
                        "Plan Width": 8,
                        "Actual Startup Time": 421.862,
                        "Actual Total Time": 421.916,
                        "Actual Rows": 1,
                        "Actual Loops": 1,
                        "Plans": [
                            {
                                "Node Type": "Nested Loop",
                                "Parent Relationship": "Outer",
                                "Parallel Aware": false,
                                "Async Capable": false,
                                "Join Type": "Inner",
                                "Startup Cost": 4130.02,
                                "Total Cost": 4311.94,
                                "Plan Rows": 1,
                                "Plan Width": 0,
                                "Actual Startup Time": 31.604,
                                "Actual Total Time": 421.898,
                                "Actual Rows": 79,
                                "Actual Loops": 1,
                                "Inner Unique": true,
                                "Plans": [
                                    {
                                        "Node Type": "Gather",
                                        "Parent Relationship": "Outer",
                                        "Parallel Aware": false,
                                        "Async Capable": false,
                                        "Startup Cost": 4129.58,
                                        "Total Cost": 4304.74,
                                        "Plan Rows": 1,
                                        "Plan Width": 4,
                                        "Actual Startup Time": 31.592,
                                        "Actual Total Time": 421.014,
                                        "Actual Rows": 79,
                                        "Actual Loops": 1,
                                        "Workers Planned": 1,
                                        "Workers Launched": 1,
                                        "Single Copy": false,
                                        "Plans": [
                                            {
                                                "Node Type": "Nested Loop",
                                                "Parent Relationship": "Outer",
                                                "Parallel Aware": false,
                                                "Async Capable": false,
                                                "Join Type": "Inner",
                                                "Startup Cost": 3129.58,
                                                "Total Cost": 3304.64,
                                                "Plan Rows": 1,
                                                "Plan Width": 4,
                                                "Actual Startup Time": 35.213,
                                                "Actual Total Time": 395.369,
                                                "Actual Rows": 40,
                                                "Actual Loops": 2,
                                                "Inner Unique": false,
                                                "Join Filter": "((s.site_id = b.site_id) AND (b.user_id = a1.owner_user_id))",
                                                "Rows Removed by Join Filter": 0,
                                                "Workers": [],
                                                "Plans": [
                                                    {
                                                        "Node Type": "Nested Loop",
                                                        "Parent Relationship": "Outer",
                                                        "Parallel Aware": false,
                                                        "Async Capable": false,
                                                        "Join Type": "Inner",
                                                        "Startup Cost": 3129.02,
                                                        "Total Cost": 3297.2,
                                                        "Plan Rows": 1,
                                                        "Plan Width": 36,
                                                        "Actual Startup Time": 23.148,
                                                        "Actual Total Time": 278.049,
                                                        "Actual Rows": 719,
                                                        "Actual Loops": 2,
                                                        "Inner Unique": true,
                                                        "Join Filter": "(s.site_id = q1.site_id)",
                                                        "Rows Removed by Join Filter": 0,
                                                        "Workers": [],
                                                        "Plans": [
                                                            {
                                                                "Node Type": "Nested Loop",
                                                                "Parent Relationship": "Outer",
                                                                "Parallel Aware": false,
                                                                "Async Capable": false,
                                                                "Join Type": "Inner",
                                                                "Startup Cost": 3128.58,
                                                                "Total Cost": 3289.98,
                                                                "Plan Rows": 1,
                                                                "Plan Width": 40,
                                                                "Actual Startup Time": 11.729,
                                                                "Actual Total Time": 263.51,
                                                                "Actual Rows": 2522,
                                                                "Actual Loops": 2,
                                                                "Inner Unique": true,
                                                                "Join Filter": "(s.site_id = u1.site_id)",
                                                                "Rows Removed by Join Filter": 0,
                                                                "Workers": [],
                                                                "Plans": [
                                                                    {
                                                                        "Node Type": "Nested Loop",
                                                                        "Parent Relationship": "Outer",
                                                                        "Parallel Aware": false,
                                                                        "Async Capable": false,
                                                                        "Join Type": "Inner",
                                                                        "Startup Cost": 3128.14,
                                                                        "Total Cost": 3282.75,
                                                                        "Plan Rows": 1,
                                                                        "Plan Width": 28,
                                                                        "Actual Startup Time": 11.505,
                                                                        "Actual Total Time": 133.879,
                                                                        "Actual Rows": 18093,
                                                                        "Actual Loops": 2,
                                                                        "Inner Unique": false,
                                                                        "Join Filter": "(s.site_id = a1.site_id)",
                                                                        "Rows Removed by Join Filter": 0,
                                                                        "Workers": [],
                                                                        "Plans": [
                                                                            {
                                                                                "Node Type": "Nested Loop",
                                                                                "Parent Relationship": "Outer",
                                                                                "Parallel Aware": false,
                                                                                "Async Capable": false,
                                                                                "Join Type": "Inner",
                                                                                "Startup Cost": 3127.71,
                                                                                "Total Cost": 3189.14,
                                                                                "Plan Rows": 13,
                                                                                "Plan Width": 16,
                                                                                "Actual Startup Time": 11.35,
                                                                                "Actual Total Time": 41.473,
                                                                                "Actual Rows": 34382,
                                                                                "Actual Loops": 2,
                                                                                "Inner Unique": false,
                                                                                "Join Filter": "(s.site_id = tq1.site_id)",
                                                                                "Rows Removed by Join Filter": 0,
                                                                                "Workers": [],
                                                                                "Plans": [
                                                                                    {
                                                                                        "Node Type": "Merge Join",
                                                                                        "Parent Relationship": "Outer",
                                                                                        "Parallel Aware": false,
                                                                                        "Async Capable": false,
                                                                                        "Join Type": "Inner",
                                                                                        "Startup Cost": 3127.15,
                                                                                        "Total Cost": 3127.41,
                                                                                        "Plan Rows": 1,
                                                                                        "Plan Width": 12,
                                                                                        "Actual Startup Time": 11.169,
                                                                                        "Actual Total Time": 11.177,
                                                                                        "Actual Rows": 3,
                                                                                        "Actual Loops": 2,
                                                                                        "Inner Unique": true,
                                                                                        "Merge Cond": "(t1.site_id = s.site_id)",
                                                                                        "Workers": [],
                                                                                        "Plans": [
                                                                                            {
                                                                                                "Node Type": "Sort",
                                                                                                "Parent Relationship": "Outer",
                                                                                                "Parallel Aware": false,
                                                                                                "Async Capable": false,
                                                                                                "Startup Cost": 3123.97,
                                                                                                "Total Cost": 3124.09,
                                                                                                "Plan Rows": 48,
                                                                                                "Plan Width": 8,
                                                                                                "Actual Startup Time": 11.134,
                                                                                                "Actual Total Time": 11.137,
                                                                                                "Actual Rows": 24,
                                                                                                "Actual Loops": 2,
                                                                                                "Sort Key": [
                                                                                                    "t1.site_id"
                                                                                                ],
                                                                                                "Sort Method": "quicksort",
                                                                                                "Sort Space Used": 26,
                                                                                                "Sort Space Type": "Memory",
                                                                                                "Workers": [
                                                                                                    {
                                                                                                        "Worker Number": 0,
                                                                                                        "Sort Method": "quicksort",
                                                                                                        "Sort Space Used": 25,
                                                                                                        "Sort Space Type": "Memory"
                                                                                                    }
                                                                                                ],
                                                                                                "Plans": [
                                                                                                    {
                                                                                                        "Node Type": "Seq Scan",
                                                                                                        "Parent Relationship": "Outer",
                                                                                                        "Parallel Aware": true,
                                                                                                        "Async Capable": false,
                                                                                                        "Relation Name": "tag",
                                                                                                        "Alias": "t1",
                                                                                                        "Startup Cost": 0.0,
                                                                                                        "Total Cost": 3122.63,
                                                                                                        "Plan Rows": 48,
                                                                                                        "Plan Width": 8,
                                                                                                        "Actual Startup Time": 0.113,
                                                                                                        "Actual Total Time": 11.117,
                                                                                                        "Actual Rows": 42,
                                                                                                        "Actual Loops": 2,
                                                                                                        "Filter": "((name)::text = ANY ('{discrete-mathematics,elementary-number-theory,ordinary-differential-equations,statistics,systems-of-equations,vectors}'::text[]))",
                                                                                                        "Rows Removed by Filter": 93343,
                                                                                                        "Workers": []
                                                                                                    }
                                                                                                ]
                                                                                            },
                                                                                            {
                                                                                                "Node Type": "Sort",
                                                                                                "Parent Relationship": "Inner",
                                                                                                "Parallel Aware": false,
                                                                                                "Async Capable": false,
                                                                                                "Startup Cost": 3.17,
                                                                                                "Total Cost": 3.18,
                                                                                                "Plan Rows": 2,
                                                                                                "Plan Width": 4,
                                                                                                "Actual Startup Time": 0.03,
                                                                                                "Actual Total Time": 0.031,
                                                                                                "Actual Rows": 2,
                                                                                                "Actual Loops": 2,
                                                                                                "Sort Key": [
                                                                                                    "s.site_id"
                                                                                                ],
                                                                                                "Sort Method": "quicksort",
                                                                                                "Sort Space Used": 25,
                                                                                                "Sort Space Type": "Memory",
                                                                                                "Workers": [
                                                                                                    {
                                                                                                        "Worker Number": 0,
                                                                                                        "Sort Method": "quicksort",
                                                                                                        "Sort Space Used": 25,
                                                                                                        "Sort Space Type": "Memory"
                                                                                                    }
                                                                                                ],
                                                                                                "Plans": [
                                                                                                    {
                                                                                                        "Node Type": "Seq Scan",
                                                                                                        "Parent Relationship": "Outer",
                                                                                                        "Parallel Aware": false,
                                                                                                        "Async Capable": false,
                                                                                                        "Relation Name": "site",
                                                                                                        "Alias": "s",
                                                                                                        "Startup Cost": 0.0,
                                                                                                        "Total Cost": 3.16,
                                                                                                        "Plan Rows": 2,
                                                                                                        "Plan Width": 4,
                                                                                                        "Actual Startup Time": 0.014,
                                                                                                        "Actual Total Time": 0.024,
                                                                                                        "Actual Rows": 2,
                                                                                                        "Actual Loops": 2,
                                                                                                        "Filter": "((site_name)::text = ANY ('{askubuntu,math}'::text[]))",
                                                                                                        "Rows Removed by Filter": 171,
                                                                                                        "Workers": []
                                                                                                    }
                                                                                                ]
                                                                                            }
                                                                                        ]
                                                                                    },
                                                                                    {
                                                                                        "Node Type": "Index Only Scan",
                                                                                        "Parent Relationship": "Inner",
                                                                                        "Parallel Aware": false,
                                                                                        "Async Capable": false,
                                                                                        "Scan Direction": "Forward",
                                                                                        "Index Name": "tag_question_site_id_tag_id_question_id_idx",
                                                                                        "Relation Name": "tag_question",
                                                                                        "Alias": "tq1",
                                                                                        "Startup Cost": 0.56,
                                                                                        "Total Cost": 61.34,
                                                                                        "Plan Rows": 31,
                                                                                        "Plan Width": 12,
                                                                                        "Actual Startup Time": 0.183,
                                                                                        "Actual Total Time": 9.209,
                                                                                        "Actual Rows": 11461,
                                                                                        "Actual Loops": 6,
                                                                                        "Index Cond": "((site_id = t1.site_id) AND (tag_id = t1.id))",
                                                                                        "Rows Removed by Index Recheck": 0,
                                                                                        "Heap Fetches": 68765,
                                                                                        "Workers": []
                                                                                    }
                                                                                ]
                                                                            },
                                                                            {
                                                                                "Node Type": "Index Scan",
                                                                                "Parent Relationship": "Inner",
                                                                                "Parallel Aware": false,
                                                                                "Async Capable": false,
                                                                                "Scan Direction": "Forward",
                                                                                "Index Name": "answer_site_id_question_id_idx",
                                                                                "Relation Name": "answer",
                                                                                "Alias": "a1",
                                                                                "Startup Cost": 0.43,
                                                                                "Total Cost": 7.19,
                                                                                "Plan Rows": 1,
                                                                                "Plan Width": 12,
                                                                                "Actual Startup Time": 0.002,
                                                                                "Actual Total Time": 0.002,
                                                                                "Actual Rows": 1,
                                                                                "Actual Loops": 68765,
                                                                                "Index Cond": "((site_id = tq1.site_id) AND (question_id = tq1.question_id))",
                                                                                "Rows Removed by Index Recheck": 0,
                                                                                "Workers": []
                                                                            }
                                                                        ]
                                                                    },
                                                                    {
                                                                        "Node Type": "Index Scan",
                                                                        "Parent Relationship": "Inner",
                                                                        "Parallel Aware": false,
                                                                        "Async Capable": false,
                                                                        "Scan Direction": "Forward",
                                                                        "Index Name": "so_user_pkey",
                                                                        "Relation Name": "so_user",
                                                                        "Alias": "u1",
                                                                        "Startup Cost": 0.44,
                                                                        "Total Cost": 7.22,
                                                                        "Plan Rows": 1,
                                                                        "Plan Width": 12,
                                                                        "Actual Startup Time": 0.007,
                                                                        "Actual Total Time": 0.007,
                                                                        "Actual Rows": 0,
                                                                        "Actual Loops": 36186,
                                                                        "Index Cond": "((id = a1.owner_user_id) AND (site_id = a1.site_id))",
                                                                        "Rows Removed by Index Recheck": 0,
                                                                        "Filter": "((downvotes >= 0) AND (downvotes <= 1))",
                                                                        "Rows Removed by Filter": 1,
                                                                        "Workers": []
                                                                    }
                                                                ]
                                                            },
                                                            {
                                                                "Node Type": "Index Scan",
                                                                "Parent Relationship": "Inner",
                                                                "Parallel Aware": false,
                                                                "Async Capable": false,
                                                                "Scan Direction": "Forward",
                                                                "Index Name": "question_pkey",
                                                                "Relation Name": "question",
                                                                "Alias": "q1",
                                                                "Startup Cost": 0.43,
                                                                "Total Cost": 7.2,
                                                                "Plan Rows": 1,
                                                                "Plan Width": 8,
                                                                "Actual Startup Time": 0.006,
                                                                "Actual Total Time": 0.006,
                                                                "Actual Rows": 0,
                                                                "Actual Loops": 5043,
                                                                "Index Cond": "((id = tq1.question_id) AND (site_id = tq1.site_id))",
                                                                "Rows Removed by Index Recheck": 0,
                                                                "Filter": "((view_count >= 0) AND (view_count <= 100))",
                                                                "Rows Removed by Filter": 1,
                                                                "Workers": []
                                                            }
                                                        ]
                                                    },
                                                    {
                                                        "Node Type": "Index Only Scan",
                                                        "Parent Relationship": "Inner",
                                                        "Parallel Aware": false,
                                                        "Async Capable": false,
                                                        "Scan Direction": "Forward",
                                                        "Index Name": "badge_pkey",
                                                        "Relation Name": "badge",
                                                        "Alias": "b",
                                                        "Startup Cost": 0.56,
                                                        "Total Cost": 7.43,
                                                        "Plan Rows": 1,
                                                        "Plan Width": 8,
                                                        "Actual Startup Time": 0.162,
                                                        "Actual Total Time": 0.163,
                                                        "Actual Rows": 0,
                                                        "Actual Loops": 1438,
                                                        "Index Cond": "((site_id = u1.site_id) AND (user_id = u1.id))",
                                                        "Rows Removed by Index Recheck": 0,
                                                        "Filter": "((name)::text ~~* '%ste%'::text)",
                                                        "Rows Removed by Filter": 100,
                                                        "Heap Fetches": 144575,
                                                        "Workers": []
                                                    }
                                                ]
                                            }
                                        ]
                                    },
                                    {
                                        "Node Type": "Index Only Scan",
                                        "Parent Relationship": "Inner",
                                        "Parallel Aware": false,
                                        "Async Capable": false,
                                        "Scan Direction": "Forward",
                                        "Index Name": "account_pkey",
                                        "Relation Name": "account",
                                        "Alias": "acc",
                                        "Startup Cost": 0.43,
                                        "Total Cost": 7.2,
                                        "Plan Rows": 1,
                                        "Plan Width": 4,
                                        "Actual Startup Time": 0.011,
                                        "Actual Total Time": 0.011,
                                        "Actual Rows": 1,
                                        "Actual Loops": 79,
                                        "Index Cond": "(id = u1.account_id)",
                                        "Rows Removed by Index Recheck": 0,
                                        "Heap Fetches": 79
                                    }
                                ]
                            }
                        ]
                    },
                    "Planning Time": 32.248,
                    "Triggers": [],
                    "Execution Time": 421.965
                }
            ],
            "hints": [
                "SET enable_hashjoin TO on",
                "SET enable_indexonlyscan TO on",
                "SET enable_indexscan TO on",
                "SET enable_mergejoin TO on",
                "SET enable_nestloop TO on",
                "SET enable_seqscan TO on"
            ]
        },
        {
            "arm": 1,
            "execution_time": 30000,
            "plan": "Query execution error: canceling statement due to statement timeout\n",
            "hints": [
                "SET enable_hashjoin TO on",
                "SET enable_indexonlyscan TO on",
                "SET enable_indexscan TO on",
                "SET enable_mergejoin TO on",
                "SET enable_nestloop TO off",
                "SET enable_seqscan TO on"
            ]
        },
        {
            "arm": 2,
            "execution_time": 239.213,
            "plan": [
                {
                    "Plan": {
                        "Node Type": "Aggregate",
                        "Strategy": "Plain",
                        "Partial Mode": "Simple",
                        "Parallel Aware": false,
                        "Async Capable": false,
                        "Startup Cost": 4388.07,
                        "Total Cost": 4388.08,
                        "Plan Rows": 1,
                        "Plan Width": 8,
                        "Actual Startup Time": 239.093,
                        "Actual Total Time": 239.155,
                        "Actual Rows": 1,
                        "Actual Loops": 1,
                        "Plans": [
                            {
                                "Node Type": "Nested Loop",
                                "Parent Relationship": "Outer",
                                "Parallel Aware": false,
                                "Async Capable": false,
                                "Join Type": "Inner",
                                "Startup Cost": 1027.33,
                                "Total Cost": 4388.07,
                                "Plan Rows": 1,
                                "Plan Width": 0,
                                "Actual Startup Time": 11.506,
                                "Actual Total Time": 239.141,
                                "Actual Rows": 79,
                                "Actual Loops": 1,
                                "Inner Unique": true,
                                "Plans": [
                                    {
                                        "Node Type": "Nested Loop",
                                        "Parent Relationship": "Outer",
                                        "Parallel Aware": false,
                                        "Async Capable": false,
                                        "Join Type": "Inner",
                                        "Startup Cost": 1023.52,
                                        "Total Cost": 4380.24,
                                        "Plan Rows": 1,
                                        "Plan Width": 4,
                                        "Actual Startup Time": 11.499,
                                        "Actual Total Time": 238.94,
                                        "Actual Rows": 79,
                                        "Actual Loops": 1,
                                        "Inner Unique": false,
                                        "Join Filter": "(s.site_id = b.site_id)",
                                        "Rows Removed by Join Filter": 0,
                                        "Plans": [
                                            {
                                                "Node Type": "Nested Loop",
                                                "Parent Relationship": "Outer",
                                                "Parallel Aware": false,
                                                "Async Capable": false,
                                                "Join Type": "Inner",
                                                "Startup Cost": 1019.52,
                                                "Total Cost": 4372.22,
                                                "Plan Rows": 1,
                                                "Plan Width": 36,
                                                "Actual Startup Time": 7.319,
                                                "Actual Total Time": 130.154,
                                                "Actual Rows": 1438,
                                                "Actual Loops": 1,
                                                "Inner Unique": true,
                                                "Join Filter": "(s.site_id = q1.site_id)",
                                                "Rows Removed by Join Filter": 0,
                                                "Plans": [
                                                    {
                                                        "Node Type": "Nested Loop",
                                                        "Parent Relationship": "Outer",
                                                        "Parallel Aware": false,
                                                        "Async Capable": false,
                                                        "Join Type": "Inner",
                                                        "Startup Cost": 1015.7,
                                                        "Total Cost": 4364.37,
                                                        "Plan Rows": 1,
                                                        "Plan Width": 40,
                                                        "Actual Startup Time": 6.215,
                                                        "Actual Total Time": 117.163,
                                                        "Actual Rows": 5043,
                                                        "Actual Loops": 1,
                                                        "Inner Unique": true,
                                                        "Join Filter": "(s.site_id = u1.site_id)",
                                                        "Rows Removed by Join Filter": 0,
                                                        "Plans": [
                                                            {
                                                                "Node Type": "Gather",
                                                                "Parent Relationship": "Outer",
                                                                "Parallel Aware": false,
                                                                "Async Capable": false,
                                                                "Startup Cost": 1011.88,
                                                                "Total Cost": 4356.51,
                                                                "Plan Rows": 1,
                                                                "Plan Width": 28,
                                                                "Actual Startup Time": 6.177,
                                                                "Actual Total Time": 47.569,
                                                                "Actual Rows": 36186,
                                                                "Actual Loops": 1,
                                                                "Workers Planned": 1,
                                                                "Workers Launched": 1,
                                                                "Single Copy": false,
                                                                "Plans": [
                                                                    {
                                                                        "Node Type": "Nested Loop",
                                                                        "Parent Relationship": "Outer",
                                                                        "Parallel Aware": false,
                                                                        "Async Capable": false,
                                                                        "Join Type": "Inner",
                                                                        "Startup Cost": 11.88,
                                                                        "Total Cost": 3356.41,
                                                                        "Plan Rows": 1,
                                                                        "Plan Width": 28,
                                                                        "Actual Startup Time": 4.737,
                                                                        "Actual Total Time": 99.566,
                                                                        "Actual Rows": 18093,
                                                                        "Actual Loops": 2,
                                                                        "Inner Unique": false,
                                                                        "Join Filter": "(s.site_id = a1.site_id)",
                                                                        "Rows Removed by Join Filter": 0,
                                                                        "Workers": [],
                                                                        "Plans": [
                                                                            {
                                                                                "Node Type": "Nested Loop",
                                                                                "Parent Relationship": "Outer",
                                                                                "Parallel Aware": false,
                                                                                "Async Capable": false,
                                                                                "Join Type": "Inner",
                                                                                "Startup Cost": 8.07,
                                                                                "Total Cost": 3254.52,
                                                                                "Plan Rows": 13,
                                                                                "Plan Width": 16,
                                                                                "Actual Startup Time": 4.724,
                                                                                "Actual Total Time": 36.405,
                                                                                "Actual Rows": 34382,
                                                                                "Actual Loops": 2,
                                                                                "Inner Unique": false,
                                                                                "Join Filter": "(s.site_id = tq1.site_id)",
                                                                                "Rows Removed by Join Filter": 0,
                                                                                "Workers": [],
                                                                                "Plans": [
                                                                                    {
                                                                                        "Node Type": "Hash Join",
                                                                                        "Parent Relationship": "Outer",
                                                                                        "Parallel Aware": false,
                                                                                        "Async Capable": false,
                                                                                        "Join Type": "Inner",
                                                                                        "Startup Cost": 3.19,
                                                                                        "Total Cost": 3125.95,
                                                                                        "Plan Rows": 1,
                                                                                        "Plan Width": 12,
                                                                                        "Actual Startup Time": 3.083,
                                                                                        "Actual Total Time": 9.125,
                                                                                        "Actual Rows": 3,
                                                                                        "Actual Loops": 2,
                                                                                        "Inner Unique": true,
                                                                                        "Hash Cond": "(t1.site_id = s.site_id)",
                                                                                        "Workers": [],
                                                                                        "Plans": [
                                                                                            {
                                                                                                "Node Type": "Seq Scan",
                                                                                                "Parent Relationship": "Outer",
                                                                                                "Parallel Aware": true,
                                                                                                "Async Capable": false,
                                                                                                "Relation Name": "tag",
                                                                                                "Alias": "t1",
                                                                                                "Startup Cost": 0.0,
                                                                                                "Total Cost": 3122.63,
                                                                                                "Plan Rows": 48,
                                                                                                "Plan Width": 8,
                                                                                                "Actual Startup Time": 0.652,
                                                                                                "Actual Total Time": 9.034,
                                                                                                "Actual Rows": 42,
                                                                                                "Actual Loops": 2,
                                                                                                "Filter": "((name)::text = ANY ('{discrete-mathematics,elementary-number-theory,ordinary-differential-equations,statistics,systems-of-equations,vectors}'::text[]))",
                                                                                                "Rows Removed by Filter": 93343,
                                                                                                "Workers": []
                                                                                            },
                                                                                            {
                                                                                                "Node Type": "Hash",
                                                                                                "Parent Relationship": "Inner",
                                                                                                "Parallel Aware": false,
                                                                                                "Async Capable": false,
                                                                                                "Startup Cost": 3.16,
                                                                                                "Total Cost": 3.16,
                                                                                                "Plan Rows": 2,
                                                                                                "Plan Width": 4,
                                                                                                "Actual Startup Time": 0.024,
                                                                                                "Actual Total Time": 0.025,
                                                                                                "Actual Rows": 2,
                                                                                                "Actual Loops": 2,
                                                                                                "Hash Buckets": 1024,
                                                                                                "Original Hash Buckets": 1024,
                                                                                                "Hash Batches": 1,
                                                                                                "Original Hash Batches": 1,
                                                                                                "Peak Memory Usage": 9,
                                                                                                "Workers": [],
                                                                                                "Plans": [
                                                                                                    {
                                                                                                        "Node Type": "Seq Scan",
                                                                                                        "Parent Relationship": "Outer",
                                                                                                        "Parallel Aware": false,
                                                                                                        "Async Capable": false,
                                                                                                        "Relation Name": "site",
                                                                                                        "Alias": "s",
                                                                                                        "Startup Cost": 0.0,
                                                                                                        "Total Cost": 3.16,
                                                                                                        "Plan Rows": 2,
                                                                                                        "Plan Width": 4,
                                                                                                        "Actual Startup Time": 0.011,
                                                                                                        "Actual Total Time": 0.019,
                                                                                                        "Actual Rows": 2,
                                                                                                        "Actual Loops": 2,
                                                                                                        "Filter": "((site_name)::text = ANY ('{askubuntu,math}'::text[]))",
                                                                                                        "Rows Removed by Filter": 171,
                                                                                                        "Workers": []
                                                                                                    }
                                                                                                ]
                                                                                            }
                                                                                        ]
                                                                                    },
                                                                                    {
                                                                                        "Node Type": "Bitmap Heap Scan",
                                                                                        "Parent Relationship": "Inner",
                                                                                        "Parallel Aware": false,
                                                                                        "Async Capable": false,
                                                                                        "Relation Name": "tag_question",
                                                                                        "Alias": "tq1",
                                                                                        "Startup Cost": 4.88,
                                                                                        "Total Cost": 128.19,
                                                                                        "Plan Rows": 31,
                                                                                        "Plan Width": 12,
                                                                                        "Actual Startup Time": 1.267,
                                                                                        "Actual Total Time": 8.266,
                                                                                        "Actual Rows": 11461,
                                                                                        "Actual Loops": 6,
                                                                                        "Recheck Cond": "((t1.site_id = site_id) AND (t1.id = tag_id))",
                                                                                        "Rows Removed by Index Recheck": 0,
                                                                                        "Exact Heap Blocks": 6868,
                                                                                        "Lossy Heap Blocks": 0,
                                                                                        "Workers": [],
                                                                                        "Plans": [
                                                                                            {
                                                                                                "Node Type": "Bitmap Index Scan",
                                                                                                "Parent Relationship": "Outer",
                                                                                                "Parallel Aware": false,
                                                                                                "Async Capable": false,
                                                                                                "Index Name": "tag_question_site_id_tag_id_question_id_idx",
                                                                                                "Startup Cost": 0.0,
                                                                                                "Total Cost": 4.88,
                                                                                                "Plan Rows": 31,
                                                                                                "Plan Width": 0,
                                                                                                "Actual Startup Time": 0.737,
                                                                                                "Actual Total Time": 0.737,
                                                                                                "Actual Rows": 11461,
                                                                                                "Actual Loops": 6,
                                                                                                "Index Cond": "((site_id = t1.site_id) AND (tag_id = t1.id))",
                                                                                                "Workers": []
                                                                                            }
                                                                                        ]
                                                                                    }
                                                                                ]
                                                                            },
                                                                            {
                                                                                "Node Type": "Bitmap Heap Scan",
                                                                                "Parent Relationship": "Inner",
                                                                                "Parallel Aware": false,
                                                                                "Async Capable": false,
                                                                                "Relation Name": "answer",
                                                                                "Alias": "a1",
                                                                                "Startup Cost": 3.81,
                                                                                "Total Cost": 7.83,
                                                                                "Plan Rows": 1,
                                                                                "Plan Width": 12,
                                                                                "Actual Startup Time": 0.001,
                                                                                "Actual Total Time": 0.001,
                                                                                "Actual Rows": 1,
                                                                                "Actual Loops": 68765,
                                                                                "Recheck Cond": "((site_id = tq1.site_id) AND (tq1.question_id = question_id))",
                                                                                "Rows Removed by Index Recheck": 0,
                                                                                "Exact Heap Blocks": 10831,
                                                                                "Lossy Heap Blocks": 0,
                                                                                "Workers": [],
                                                                                "Plans": [
                                                                                    {
                                                                                        "Node Type": "Bitmap Index Scan",
                                                                                        "Parent Relationship": "Outer",
                                                                                        "Parallel Aware": false,
                                                                                        "Async Capable": false,
                                                                                        "Index Name": "answer_site_id_question_id_idx",
                                                                                        "Startup Cost": 0.0,
                                                                                        "Total Cost": 3.81,
                                                                                        "Plan Rows": 1,
                                                                                        "Plan Width": 0,
                                                                                        "Actual Startup Time": 0.001,
                                                                                        "Actual Total Time": 0.001,
                                                                                        "Actual Rows": 1,
                                                                                        "Actual Loops": 68765,
                                                                                        "Index Cond": "((site_id = tq1.site_id) AND (question_id = tq1.question_id))",
                                                                                        "Workers": []
                                                                                    }
                                                                                ]
                                                                            }
                                                                        ]
                                                                    }
                                                                ]
                                                            },
                                                            {
                                                                "Node Type": "Bitmap Heap Scan",
                                                                "Parent Relationship": "Inner",
                                                                "Parallel Aware": false,
                                                                "Async Capable": false,
                                                                "Relation Name": "so_user",
                                                                "Alias": "u1",
                                                                "Startup Cost": 3.82,
                                                                "Total Cost": 7.84,
                                                                "Plan Rows": 1,
                                                                "Plan Width": 12,
                                                                "Actual Startup Time": 0.002,
                                                                "Actual Total Time": 0.002,
                                                                "Actual Rows": 0,
                                                                "Actual Loops": 36186,
                                                                "Recheck Cond": "((id = a1.owner_user_id) AND (site_id = a1.site_id))",
                                                                "Rows Removed by Index Recheck": 0,
                                                                "Filter": "((downvotes >= 0) AND (downvotes <= 1))",
                                                                "Rows Removed by Filter": 1,
                                                                "Exact Heap Blocks": 36186,
                                                                "Lossy Heap Blocks": 0,
                                                                "Plans": [
                                                                    {
                                                                        "Node Type": "Bitmap Index Scan",
                                                                        "Parent Relationship": "Outer",
                                                                        "Parallel Aware": false,
                                                                        "Async Capable": false,
                                                                        "Index Name": "so_user_pkey",
                                                                        "Startup Cost": 0.0,
                                                                        "Total Cost": 3.82,
                                                                        "Plan Rows": 1,
                                                                        "Plan Width": 0,
                                                                        "Actual Startup Time": 0.001,
                                                                        "Actual Total Time": 0.001,
                                                                        "Actual Rows": 1,
                                                                        "Actual Loops": 36186,
                                                                        "Index Cond": "((id = a1.owner_user_id) AND (site_id = a1.site_id))"
                                                                    }
                                                                ]
                                                            }
                                                        ]
                                                    },
                                                    {
                                                        "Node Type": "Bitmap Heap Scan",
                                                        "Parent Relationship": "Inner",
                                                        "Parallel Aware": false,
                                                        "Async Capable": false,
                                                        "Relation Name": "question",
                                                        "Alias": "q1",
                                                        "Startup Cost": 3.82,
                                                        "Total Cost": 7.84,
                                                        "Plan Rows": 1,
                                                        "Plan Width": 8,
                                                        "Actual Startup Time": 0.002,
                                                        "Actual Total Time": 0.002,
                                                        "Actual Rows": 0,
                                                        "Actual Loops": 5043,
                                                        "Recheck Cond": "((id = tq1.question_id) AND (site_id = tq1.site_id))",
                                                        "Rows Removed by Index Recheck": 0,
                                                        "Filter": "((view_count >= 0) AND (view_count <= 100))",
                                                        "Rows Removed by Filter": 1,
                                                        "Exact Heap Blocks": 5043,
                                                        "Lossy Heap Blocks": 0,
                                                        "Plans": [
                                                            {
                                                                "Node Type": "Bitmap Index Scan",
                                                                "Parent Relationship": "Outer",
                                                                "Parallel Aware": false,
                                                                "Async Capable": false,
                                                                "Index Name": "question_pkey",
                                                                "Startup Cost": 0.0,
                                                                "Total Cost": 3.82,
                                                                "Plan Rows": 1,
                                                                "Plan Width": 0,
                                                                "Actual Startup Time": 0.002,
                                                                "Actual Total Time": 0.002,
                                                                "Actual Rows": 1,
                                                                "Actual Loops": 5043,
                                                                "Index Cond": "((id = tq1.question_id) AND (site_id = tq1.site_id))"
                                                            }
                                                        ]
                                                    }
                                                ]
                                            },
                                            {
                                                "Node Type": "Bitmap Heap Scan",
                                                "Parent Relationship": "Inner",
                                                "Parallel Aware": false,
                                                "Async Capable": false,
                                                "Relation Name": "badge",
                                                "Alias": "b",
                                                "Startup Cost": 4.0,
                                                "Total Cost": 8.01,
                                                "Plan Rows": 1,
                                                "Plan Width": 8,
                                                "Actual Startup Time": 0.062,
                                                "Actual Total Time": 0.075,
                                                "Actual Rows": 0,
                                                "Actual Loops": 1438,
                                                "Recheck Cond": "((a1.site_id = site_id) AND (user_id = a1.owner_user_id))",
                                                "Rows Removed by Index Recheck": 0,
                                                "Filter": "((name)::text ~~* '%ste%'::text)",
                                                "Rows Removed by Filter": 100,
                                                "Exact Heap Blocks": 119262,
                                                "Lossy Heap Blocks": 0,
                                                "Plans": [
                                                    {
                                                        "Node Type": "Bitmap Index Scan",
                                                        "Parent Relationship": "Outer",
                                                        "Parallel Aware": false,
                                                        "Async Capable": false,
                                                        "Index Name": "badge_pkey",
                                                        "Startup Cost": 0.0,
                                                        "Total Cost": 4.0,
                                                        "Plan Rows": 1,
                                                        "Plan Width": 0,
                                                        "Actual Startup Time": 0.007,
                                                        "Actual Total Time": 0.007,
                                                        "Actual Rows": 101,
                                                        "Actual Loops": 1438,
                                                        "Index Cond": "((site_id = a1.site_id) AND (user_id = a1.owner_user_id))"
                                                    }
                                                ]
                                            }
                                        ]
                                    },
                                    {
                                        "Node Type": "Bitmap Heap Scan",
                                        "Parent Relationship": "Inner",
                                        "Parallel Aware": false,
                                        "Async Capable": false,
                                        "Relation Name": "account",
                                        "Alias": "acc",
                                        "Startup Cost": 3.81,
                                        "Total Cost": 7.83,
                                        "Plan Rows": 1,
                                        "Plan Width": 4,
                                        "Actual Startup Time": 0.002,
                                        "Actual Total Time": 0.002,
                                        "Actual Rows": 1,
                                        "Actual Loops": 79,
                                        "Recheck Cond": "(id = u1.account_id)",
                                        "Rows Removed by Index Recheck": 0,
                                        "Exact Heap Blocks": 79,
                                        "Lossy Heap Blocks": 0,
                                        "Plans": [
                                            {
                                                "Node Type": "Bitmap Index Scan",
                                                "Parent Relationship": "Outer",
                                                "Parallel Aware": false,
                                                "Async Capable": false,
                                                "Index Name": "account_pkey",
                                                "Startup Cost": 0.0,
                                                "Total Cost": 3.81,
                                                "Plan Rows": 1,
                                                "Plan Width": 0,
                                                "Actual Startup Time": 0.001,
                                                "Actual Total Time": 0.001,
                                                "Actual Rows": 1,
                                                "Actual Loops": 79,
                                                "Index Cond": "(id = u1.account_id)"
                                            }
                                        ]
                                    }
                                ]
                            }
                        ]
                    },
                    "Planning Time": 12.97,
                    "Triggers": [],
                    "Execution Time": 239.213
                }
            ],
            "hints": [
                "SET enable_hashjoin TO on",
                "SET enable_indexonlyscan TO on",
                "SET enable_indexscan TO off",
                "SET enable_mergejoin TO off",
                "SET enable_nestloop TO on",
                "SET enable_seqscan TO on"
            ]
        },
        {
            "arm": 3,
            "execution_time": 30000,
            "plan": "Query execution error: canceling statement due to statement timeout\n",
            "hints": [
                "SET enable_hashjoin TO on",
                "SET enable_indexonlyscan TO on",
                "SET enable_indexscan TO off",
                "SET enable_mergejoin TO off",
                "SET enable_nestloop TO off",
                "SET enable_seqscan TO on"
            ]
        },
        {
            "arm": 4,
            "execution_time": 200.335,
            "plan": [
                {
                    "Plan": {
                        "Node Type": "Aggregate",
                        "Strategy": "Plain",
                        "Partial Mode": "Simple",
                        "Parallel Aware": false,
                        "Async Capable": false,
                        "Startup Cost": 4310.48,
                        "Total Cost": 4310.49,
                        "Plan Rows": 1,
                        "Plan Width": 8,
                        "Actual Startup Time": 200.239,
                        "Actual Total Time": 200.286,
                        "Actual Rows": 1,
                        "Actual Loops": 1,
                        "Plans": [
                            {
                                "Node Type": "Nested Loop",
                                "Parent Relationship": "Outer",
                                "Parallel Aware": false,
                                "Async Capable": false,
                                "Join Type": "Inner",
                                "Startup Cost": 1006.06,
                                "Total Cost": 4310.48,
                                "Plan Rows": 1,
                                "Plan Width": 0,
                                "Actual Startup Time": 9.719,
                                "Actual Total Time": 200.273,
                                "Actual Rows": 79,
                                "Actual Loops": 1,
                                "Inner Unique": true,
                                "Plans": [
                                    {
                                        "Node Type": "Nested Loop",
                                        "Parent Relationship": "Outer",
                                        "Parallel Aware": false,
                                        "Async Capable": false,
                                        "Join Type": "Inner",
                                        "Startup Cost": 1005.62,
                                        "Total Cost": 4303.28,
                                        "Plan Rows": 1,
                                        "Plan Width": 4,
                                        "Actual Startup Time": 9.712,
                                        "Actual Total Time": 200.099,
                                        "Actual Rows": 79,
                                        "Actual Loops": 1,
                                        "Inner Unique": false,
                                        "Join Filter": "((s.site_id = b.site_id) AND (b.user_id = a1.owner_user_id))",
                                        "Rows Removed by Join Filter": 0,
                                        "Plans": [
                                            {
                                                "Node Type": "Nested Loop",
                                                "Parent Relationship": "Outer",
                                                "Parallel Aware": false,
                                                "Async Capable": false,
                                                "Join Type": "Inner",
                                                "Startup Cost": 1005.06,
                                                "Total Cost": 4295.84,
                                                "Plan Rows": 1,
                                                "Plan Width": 36,
                                                "Actual Startup Time": 5.426,
                                                "Actual Total Time": 110.245,
                                                "Actual Rows": 1438,
                                                "Actual Loops": 1,
                                                "Inner Unique": true,
                                                "Join Filter": "(s.site_id = q1.site_id)",
                                                "Rows Removed by Join Filter": 0,
                                                "Plans": [
                                                    {
                                                        "Node Type": "Nested Loop",
                                                        "Parent Relationship": "Outer",
                                                        "Parallel Aware": false,
                                                        "Async Capable": false,
                                                        "Join Type": "Inner",
                                                        "Startup Cost": 1004.62,
                                                        "Total Cost": 4288.62,
                                                        "Plan Rows": 1,
                                                        "Plan Width": 40,
                                                        "Actual Startup Time": 4.501,
                                                        "Actual Total Time": 98.659,
                                                        "Actual Rows": 5043,
                                                        "Actual Loops": 1,
                                                        "Inner Unique": true,
                                                        "Join Filter": "(s.site_id = u1.site_id)",
                                                        "Rows Removed by Join Filter": 0,
                                                        "Plans": [
                                                            {
                                                                "Node Type": "Gather",
                                                                "Parent Relationship": "Outer",
                                                                "Parallel Aware": false,
                                                                "Async Capable": false,
                                                                "Startup Cost": 1004.18,
                                                                "Total Cost": 4281.39,
                                                                "Plan Rows": 1,
                                                                "Plan Width": 28,
                                                                "Actual Startup Time": 4.467,
                                                                "Actual Total Time": 39.784,
                                                                "Actual Rows": 36186,
                                                                "Actual Loops": 1,
                                                                "Workers Planned": 1,
                                                                "Workers Launched": 1,
                                                                "Single Copy": false,
                                                                "Plans": [
                                                                    {
                                                                        "Node Type": "Nested Loop",
                                                                        "Parent Relationship": "Outer",
                                                                        "Parallel Aware": false,
                                                                        "Async Capable": false,
                                                                        "Join Type": "Inner",
                                                                        "Startup Cost": 4.18,
                                                                        "Total Cost": 3281.29,
                                                                        "Plan Rows": 1,
                                                                        "Plan Width": 28,
                                                                        "Actual Startup Time": 3.082,
                                                                        "Actual Total Time": 85.223,
                                                                        "Actual Rows": 18093,
                                                                        "Actual Loops": 2,
                                                                        "Inner Unique": false,
                                                                        "Join Filter": "(s.site_id = a1.site_id)",
                                                                        "Rows Removed by Join Filter": 0,
                                                                        "Workers": [],
                                                                        "Plans": [
                                                                            {
                                                                                "Node Type": "Nested Loop",
                                                                                "Parent Relationship": "Outer",
                                                                                "Parallel Aware": false,
                                                                                "Async Capable": false,
                                                                                "Join Type": "Inner",
                                                                                "Startup Cost": 3.75,
                                                                                "Total Cost": 3187.68,
                                                                                "Plan Rows": 13,
                                                                                "Plan Width": 16,
                                                                                "Actual Startup Time": 3.068,
                                                                                "Actual Total Time": 32.951,
                                                                                "Actual Rows": 34382,
                                                                                "Actual Loops": 2,
                                                                                "Inner Unique": false,
                                                                                "Join Filter": "(s.site_id = tq1.site_id)",
                                                                                "Rows Removed by Join Filter": 0,
                                                                                "Workers": [],
                                                                                "Plans": [
                                                                                    {
                                                                                        "Node Type": "Hash Join",
                                                                                        "Parent Relationship": "Outer",
                                                                                        "Parallel Aware": false,
                                                                                        "Async Capable": false,
                                                                                        "Join Type": "Inner",
                                                                                        "Startup Cost": 3.19,
                                                                                        "Total Cost": 3125.95,
                                                                                        "Plan Rows": 1,
                                                                                        "Plan Width": 12,
                                                                                        "Actual Startup Time": 3.035,
                                                                                        "Actual Total Time": 9.155,
                                                                                        "Actual Rows": 3,
                                                                                        "Actual Loops": 2,
                                                                                        "Inner Unique": true,
                                                                                        "Hash Cond": "(t1.site_id = s.site_id)",
                                                                                        "Workers": [],
                                                                                        "Plans": [
                                                                                            {
                                                                                                "Node Type": "Seq Scan",
                                                                                                "Parent Relationship": "Outer",
                                                                                                "Parallel Aware": true,
                                                                                                "Async Capable": false,
                                                                                                "Relation Name": "tag",
                                                                                                "Alias": "t1",
                                                                                                "Startup Cost": 0.0,
                                                                                                "Total Cost": 3122.63,
                                                                                                "Plan Rows": 48,
                                                                                                "Plan Width": 8,
                                                                                                "Actual Startup Time": 0.235,
                                                                                                "Actual Total Time": 9.084,
                                                                                                "Actual Rows": 42,
                                                                                                "Actual Loops": 2,
                                                                                                "Filter": "((name)::text = ANY ('{discrete-mathematics,elementary-number-theory,ordinary-differential-equations,statistics,systems-of-equations,vectors}'::text[]))",
                                                                                                "Rows Removed by Filter": 93343,
                                                                                                "Workers": []
                                                                                            },
                                                                                            {
                                                                                                "Node Type": "Hash",
                                                                                                "Parent Relationship": "Inner",
                                                                                                "Parallel Aware": false,
                                                                                                "Async Capable": false,
                                                                                                "Startup Cost": 3.16,
                                                                                                "Total Cost": 3.16,
                                                                                                "Plan Rows": 2,
                                                                                                "Plan Width": 4,
                                                                                                "Actual Startup Time": 0.02,
                                                                                                "Actual Total Time": 0.02,
                                                                                                "Actual Rows": 2,
                                                                                                "Actual Loops": 2,
                                                                                                "Hash Buckets": 1024,
                                                                                                "Original Hash Buckets": 1024,
                                                                                                "Hash Batches": 1,
                                                                                                "Original Hash Batches": 1,
                                                                                                "Peak Memory Usage": 9,
                                                                                                "Workers": [],
                                                                                                "Plans": [
                                                                                                    {
                                                                                                        "Node Type": "Seq Scan",
                                                                                                        "Parent Relationship": "Outer",
                                                                                                        "Parallel Aware": false,
                                                                                                        "Async Capable": false,
                                                                                                        "Relation Name": "site",
                                                                                                        "Alias": "s",
                                                                                                        "Startup Cost": 0.0,
                                                                                                        "Total Cost": 3.16,
                                                                                                        "Plan Rows": 2,
                                                                                                        "Plan Width": 4,
                                                                                                        "Actual Startup Time": 0.008,
                                                                                                        "Actual Total Time": 0.017,
                                                                                                        "Actual Rows": 2,
                                                                                                        "Actual Loops": 2,
                                                                                                        "Filter": "((site_name)::text = ANY ('{askubuntu,math}'::text[]))",
                                                                                                        "Rows Removed by Filter": 171,
                                                                                                        "Workers": []
                                                                                                    }
                                                                                                ]
                                                                                            }
                                                                                        ]
                                                                                    },
                                                                                    {
                                                                                        "Node Type": "Index Only Scan",
                                                                                        "Parent Relationship": "Inner",
                                                                                        "Parallel Aware": false,
                                                                                        "Async Capable": false,
                                                                                        "Scan Direction": "Forward",
                                                                                        "Index Name": "tag_question_site_id_tag_id_question_id_idx",
                                                                                        "Relation Name": "tag_question",
                                                                                        "Alias": "tq1",
                                                                                        "Startup Cost": 0.56,
                                                                                        "Total Cost": 61.34,
                                                                                        "Plan Rows": 31,
                                                                                        "Plan Width": 12,
                                                                                        "Actual Startup Time": 0.018,
                                                                                        "Actual Total Time": 7.252,
                                                                                        "Actual Rows": 11461,
                                                                                        "Actual Loops": 6,
                                                                                        "Index Cond": "((site_id = t1.site_id) AND (tag_id = t1.id))",
                                                                                        "Rows Removed by Index Recheck": 0,
                                                                                        "Heap Fetches": 68765,
                                                                                        "Workers": []
                                                                                    }
                                                                                ]
                                                                            },
                                                                            {
                                                                                "Node Type": "Index Scan",
                                                                                "Parent Relationship": "Inner",
                                                                                "Parallel Aware": false,
                                                                                "Async Capable": false,
                                                                                "Scan Direction": "Forward",
                                                                                "Index Name": "answer_site_id_question_id_idx",
                                                                                "Relation Name": "answer",
                                                                                "Alias": "a1",
                                                                                "Startup Cost": 0.43,
                                                                                "Total Cost": 7.19,
                                                                                "Plan Rows": 1,
                                                                                "Plan Width": 12,
                                                                                "Actual Startup Time": 0.001,
                                                                                "Actual Total Time": 0.001,
                                                                                "Actual Rows": 1,
                                                                                "Actual Loops": 68765,
                                                                                "Index Cond": "((site_id = tq1.site_id) AND (question_id = tq1.question_id))",
                                                                                "Rows Removed by Index Recheck": 0,
                                                                                "Workers": []
                                                                            }
                                                                        ]
                                                                    }
                                                                ]
                                                            },
                                                            {
                                                                "Node Type": "Index Scan",
                                                                "Parent Relationship": "Inner",
                                                                "Parallel Aware": false,
                                                                "Async Capable": false,
                                                                "Scan Direction": "Forward",
                                                                "Index Name": "so_user_pkey",
                                                                "Relation Name": "so_user",
                                                                "Alias": "u1",
                                                                "Startup Cost": 0.44,
                                                                "Total Cost": 7.22,
                                                                "Plan Rows": 1,
                                                                "Plan Width": 12,
                                                                "Actual Startup Time": 0.002,
                                                                "Actual Total Time": 0.002,
                                                                "Actual Rows": 0,
                                                                "Actual Loops": 36186,
                                                                "Index Cond": "((id = a1.owner_user_id) AND (site_id = a1.site_id))",
                                                                "Rows Removed by Index Recheck": 0,
                                                                "Filter": "((downvotes >= 0) AND (downvotes <= 1))",
                                                                "Rows Removed by Filter": 1
                                                            }
                                                        ]
                                                    },
                                                    {
                                                        "Node Type": "Index Scan",
                                                        "Parent Relationship": "Inner",
                                                        "Parallel Aware": false,
                                                        "Async Capable": false,
                                                        "Scan Direction": "Forward",
                                                        "Index Name": "question_pkey",
                                                        "Relation Name": "question",
                                                        "Alias": "q1",
                                                        "Startup Cost": 0.43,
                                                        "Total Cost": 7.2,
                                                        "Plan Rows": 1,
                                                        "Plan Width": 8,
                                                        "Actual Startup Time": 0.002,
                                                        "Actual Total Time": 0.002,
                                                        "Actual Rows": 0,
                                                        "Actual Loops": 5043,
                                                        "Index Cond": "((id = tq1.question_id) AND (site_id = tq1.site_id))",
                                                        "Rows Removed by Index Recheck": 0,
                                                        "Filter": "((view_count >= 0) AND (view_count <= 100))",
                                                        "Rows Removed by Filter": 1
                                                    }
                                                ]
                                            },
                                            {
                                                "Node Type": "Index Only Scan",
                                                "Parent Relationship": "Inner",
                                                "Parallel Aware": false,
                                                "Async Capable": false,
                                                "Scan Direction": "Forward",
                                                "Index Name": "badge_pkey",
                                                "Relation Name": "badge",
                                                "Alias": "b",
                                                "Startup Cost": 0.56,
                                                "Total Cost": 7.43,
                                                "Plan Rows": 1,
                                                "Plan Width": 8,
                                                "Actual Startup Time": 0.062,
                                                "Actual Total Time": 0.062,
                                                "Actual Rows": 0,
                                                "Actual Loops": 1438,
                                                "Index Cond": "((site_id = u1.site_id) AND (user_id = u1.id))",
                                                "Rows Removed by Index Recheck": 0,
                                                "Filter": "((name)::text ~~* '%ste%'::text)",
                                                "Rows Removed by Filter": 100,
                                                "Heap Fetches": 144575
                                            }
                                        ]
                                    },
                                    {
                                        "Node Type": "Index Only Scan",
                                        "Parent Relationship": "Inner",
                                        "Parallel Aware": false,
                                        "Async Capable": false,
                                        "Scan Direction": "Forward",
                                        "Index Name": "account_pkey",
                                        "Relation Name": "account",
                                        "Alias": "acc",
                                        "Startup Cost": 0.43,
                                        "Total Cost": 7.2,
                                        "Plan Rows": 1,
                                        "Plan Width": 4,
                                        "Actual Startup Time": 0.002,
                                        "Actual Total Time": 0.002,
                                        "Actual Rows": 1,
                                        "Actual Loops": 79,
                                        "Index Cond": "(id = u1.account_id)",
                                        "Rows Removed by Index Recheck": 0,
                                        "Heap Fetches": 79
                                    }
                                ]
                            }
                        ]
                    },
                    "Planning Time": 14.126,
                    "Triggers": [],
                    "Execution Time": 200.335
                }
            ],
            "hints": [
                "SET enable_hashjoin TO on",
                "SET enable_indexonlyscan TO on",
                "SET enable_indexscan TO on",
                "SET enable_mergejoin TO off",
                "SET enable_nestloop TO on",
                "SET enable_seqscan TO on"
            ]
        }
    ]
}