{
    "sql_file": "soload_q7-003.sql",
    "query": "select count(distinct account.display_name) from account, so_user, badge b1, badge b2 where\naccount.website_url != '' and\naccount.id = so_user.account_id and\n\nb1.site_id = so_user.site_id and\nb1.user_id = so_user.id and\nb1.name = 'API Evangelist' and\n\nb2.site_id = so_user.site_id and\nb2.user_id = so_user.id and\nb2.name = 'Documentation Pioneer' and\nb2.date > b1.date + '7 months'::interval",
    "results": [
        {
            "arm": 0,
            "execution_time": 373.06,
            "plan": [
                {
                    "Plan": {
                        "Node Type": "Aggregate",
                        "Strategy": "Plain",
                        "Partial Mode": "Simple",
                        "Parallel Aware": false,
                        "Async Capable": false,
                        "Startup Cost": 487782.15,
                        "Total Cost": 487782.16,
                        "Plan Rows": 1,
                        "Plan Width": 8,
                        "Actual Startup Time": 363.115,
                        "Actual Total Time": 373.025,
                        "Actual Rows": 1,
                        "Actual Loops": 1,
                        "Plans": [
                            {
                                "Node Type": "Sort",
                                "Parent Relationship": "Outer",
                                "Parallel Aware": false,
                                "Async Capable": false,
                                "Startup Cost": 487782.14,
                                "Total Cost": 487782.14,
                                "Plan Rows": 1,
                                "Plan Width": 11,
                                "Actual Startup Time": 363.112,
                                "Actual Total Time": 373.021,
                                "Actual Rows": 0,
                                "Actual Loops": 1,
                                "Sort Key": [
                                    "account.display_name"
                                ],
                                "Sort Method": "quicksort",
                                "Sort Space Used": 25,
                                "Sort Space Type": "Memory",
                                "Plans": [
                                    {
                                        "Node Type": "Nested Loop",
                                        "Parent Relationship": "Outer",
                                        "Parallel Aware": false,
                                        "Async Capable": false,
                                        "Join Type": "Inner",
                                        "Startup Cost": 1001.44,
                                        "Total Cost": 487782.13,
                                        "Plan Rows": 1,
                                        "Plan Width": 11,
                                        "Actual Startup Time": 363.108,
                                        "Actual Total Time": 373.017,
                                        "Actual Rows": 0,
                                        "Actual Loops": 1,
                                        "Inner Unique": true,
                                        "Plans": [
                                            {
                                                "Node Type": "Gather",
                                                "Parent Relationship": "Outer",
                                                "Parallel Aware": false,
                                                "Async Capable": false,
                                                "Startup Cost": 1001.0,
                                                "Total Cost": 487777.51,
                                                "Plan Rows": 1,
                                                "Plan Width": 4,
                                                "Actual Startup Time": 363.108,
                                                "Actual Total Time": 373.015,
                                                "Actual Rows": 0,
                                                "Actual Loops": 1,
                                                "Workers Planned": 6,
                                                "Workers Launched": 6,
                                                "Single Copy": false,
                                                "Plans": [
                                                    {
                                                        "Node Type": "Nested Loop",
                                                        "Parent Relationship": "Outer",
                                                        "Parallel Aware": false,
                                                        "Async Capable": false,
                                                        "Join Type": "Inner",
                                                        "Startup Cost": 1.0,
                                                        "Total Cost": 486777.41,
                                                        "Plan Rows": 1,
                                                        "Plan Width": 4,
                                                        "Actual Startup Time": 359.463,
                                                        "Actual Total Time": 359.464,
                                                        "Actual Rows": 0,
                                                        "Actual Loops": 7,
                                                        "Inner Unique": true,
                                                        "Workers": [],
                                                        "Plans": [
                                                            {
                                                                "Node Type": "Nested Loop",
                                                                "Parent Relationship": "Outer",
                                                                "Parallel Aware": false,
                                                                "Async Capable": false,
                                                                "Join Type": "Inner",
                                                                "Startup Cost": 0.57,
                                                                "Total Cost": 486761.04,
                                                                "Plan Rows": 2,
                                                                "Plan Width": 16,
                                                                "Actual Startup Time": 359.462,
                                                                "Actual Total Time": 359.463,
                                                                "Actual Rows": 0,
                                                                "Actual Loops": 7,
                                                                "Inner Unique": false,
                                                                "Workers": [],
                                                                "Plans": [
                                                                    {
                                                                        "Node Type": "Seq Scan",
                                                                        "Parent Relationship": "Outer",
                                                                        "Parallel Aware": true,
                                                                        "Async Capable": false,
                                                                        "Relation Name": "badge",
                                                                        "Alias": "b1",
                                                                        "Startup Cost": 0.0,
                                                                        "Total Cost": 477729.63,
                                                                        "Plan Rows": 1059,
                                                                        "Plan Width": 16,
                                                                        "Actual Startup Time": 323.562,
                                                                        "Actual Total Time": 359.208,
                                                                        "Actual Rows": 2,
                                                                        "Actual Loops": 7,
                                                                        "Filter": "((name)::text = 'API Evangelist'::text)",
                                                                        "Rows Removed by Filter": 7319555,
                                                                        "Workers": []
                                                                    },
                                                                    {
                                                                        "Node Type": "Index Only Scan",
                                                                        "Parent Relationship": "Inner",
                                                                        "Parallel Aware": false,
                                                                        "Async Capable": false,
                                                                        "Scan Direction": "Forward",
                                                                        "Index Name": "badge_pkey",
                                                                        "Relation Name": "badge",
                                                                        "Alias": "b2",
                                                                        "Startup Cost": 0.57,
                                                                        "Total Cost": 8.52,
                                                                        "Plan Rows": 1,
                                                                        "Plan Width": 16,
                                                                        "Actual Startup Time": 0.118,
                                                                        "Actual Total Time": 0.118,
                                                                        "Actual Rows": 0,
                                                                        "Actual Loops": 15,
                                                                        "Index Cond": "((site_id = b1.site_id) AND (user_id = b1.user_id) AND (name = 'Documentation Pioneer'::text) AND (date > (b1.date + '7 mons'::interval)))",
                                                                        "Rows Removed by Index Recheck": 0,
                                                                        "Heap Fetches": 0,
                                                                        "Workers": []
                                                                    }
                                                                ]
                                                            },
                                                            {
                                                                "Node Type": "Index Scan",
                                                                "Parent Relationship": "Inner",
                                                                "Parallel Aware": false,
                                                                "Async Capable": false,
                                                                "Scan Direction": "Forward",
                                                                "Index Name": "so_user_pkey",
                                                                "Relation Name": "so_user",
                                                                "Alias": "so_user",
                                                                "Startup Cost": 0.44,
                                                                "Total Cost": 8.19,
                                                                "Plan Rows": 1,
                                                                "Plan Width": 12,
                                                                "Actual Startup Time": 0.0,
                                                                "Actual Total Time": 0.0,
                                                                "Actual Rows": 0,
                                                                "Actual Loops": 0,
                                                                "Index Cond": "((id = b1.user_id) AND (site_id = b1.site_id))",
                                                                "Rows Removed by Index Recheck": 0,
                                                                "Workers": []
                                                            }
                                                        ]
                                                    }
                                                ]
                                            },
                                            {
                                                "Node Type": "Index Scan",
                                                "Parent Relationship": "Inner",
                                                "Parallel Aware": false,
                                                "Async Capable": false,
                                                "Scan Direction": "Forward",
                                                "Index Name": "account_pkey",
                                                "Relation Name": "account",
                                                "Alias": "account",
                                                "Startup Cost": 0.43,
                                                "Total Cost": 4.62,
                                                "Plan Rows": 1,
                                                "Plan Width": 15,
                                                "Actual Startup Time": 0.0,
                                                "Actual Total Time": 0.0,
                                                "Actual Rows": 0,
                                                "Actual Loops": 0,
                                                "Index Cond": "(id = so_user.account_id)",
                                                "Rows Removed by Index Recheck": 0,
                                                "Filter": "((website_url)::text <> ''::text)",
                                                "Rows Removed by Filter": 0
                                            }
                                        ]
                                    }
                                ]
                            }
                        ]
                    },
                    "Planning Time": 0.621,
                    "Triggers": [],
                    "Execution Time": 373.06
                }
            ],
            "hints": [
                "SET enable_hashjoin TO on",
                "SET enable_indexonlyscan TO on",
                "SET enable_indexscan TO on",
                "SET enable_mergejoin TO on",
                "SET enable_nestloop TO on",
                "SET enable_seqscan TO on"
            ]
        },
        {
            "arm": 1,
            "execution_time": 1662.758,
            "plan": [
                {
                    "Plan": {
                        "Node Type": "Aggregate",
                        "Strategy": "Plain",
                        "Partial Mode": "Simple",
                        "Parallel Aware": false,
                        "Async Capable": false,
                        "Startup Cost": 1361010.7,
                        "Total Cost": 1361010.71,
                        "Plan Rows": 1,
                        "Plan Width": 8,
                        "Actual Startup Time": 1636.106,
                        "Actual Total Time": 1662.724,
                        "Actual Rows": 1,
                        "Actual Loops": 1,
                        "Plans": [
                            {
                                "Node Type": "Sort",
                                "Parent Relationship": "Outer",
                                "Parallel Aware": false,
                                "Async Capable": false,
                                "Startup Cost": 1361010.69,
                                "Total Cost": 1361010.7,
                                "Plan Rows": 1,
                                "Plan Width": 11,
                                "Actual Startup Time": 1636.102,
                                "Actual Total Time": 1662.72,
                                "Actual Rows": 0,
                                "Actual Loops": 1,
                                "Sort Key": [
                                    "account.display_name"
                                ],
                                "Sort Method": "quicksort",
                                "Sort Space Used": 25,
                                "Sort Space Type": "Memory",
                                "Plans": [
                                    {
                                        "Node Type": "Gather",
                                        "Parent Relationship": "Outer",
                                        "Parallel Aware": false,
                                        "Async Capable": false,
                                        "Startup Cost": 883272.99,
                                        "Total Cost": 1361010.68,
                                        "Plan Rows": 1,
                                        "Plan Width": 11,
                                        "Actual Startup Time": 1636.094,
                                        "Actual Total Time": 1662.711,
                                        "Actual Rows": 0,
                                        "Actual Loops": 1,
                                        "Workers Planned": 6,
                                        "Workers Launched": 6,
                                        "Single Copy": false,
                                        "Plans": [
                                            {
                                                "Node Type": "Hash Join",
                                                "Parent Relationship": "Outer",
                                                "Parallel Aware": true,
                                                "Async Capable": false,
                                                "Join Type": "Inner",
                                                "Startup Cost": 882272.99,
                                                "Total Cost": 1360010.58,
                                                "Plan Rows": 1,
                                                "Plan Width": 11,
                                                "Actual Startup Time": 1630.471,
                                                "Actual Total Time": 1631.077,
                                                "Actual Rows": 0,
                                                "Actual Loops": 7,
                                                "Inner Unique": false,
                                                "Hash Cond": "((b1.site_id = so_user.site_id) AND (b1.user_id = so_user.id))",
                                                "Join Filter": "(b2.date > (b1.date + '7 mons'::interval))",
                                                "Rows Removed by Join Filter": 0,
                                                "Workers": [],
                                                "Plans": [
                                                    {
                                                        "Node Type": "Seq Scan",
                                                        "Parent Relationship": "Outer",
                                                        "Parallel Aware": true,
                                                        "Async Capable": false,
                                                        "Relation Name": "badge",
                                                        "Alias": "b1",
                                                        "Startup Cost": 0.0,
                                                        "Total Cost": 477729.63,
                                                        "Plan Rows": 1059,
                                                        "Plan Width": 16,
                                                        "Actual Startup Time": 311.248,
                                                        "Actual Total Time": 346.188,
                                                        "Actual Rows": 2,
                                                        "Actual Loops": 7,
                                                        "Filter": "((name)::text = 'API Evangelist'::text)",
                                                        "Rows Removed by Filter": 7319555,
                                                        "Workers": []
                                                    },
                                                    {
                                                        "Node Type": "Hash",
                                                        "Parent Relationship": "Inner",
                                                        "Parallel Aware": true,
                                                        "Async Capable": false,
                                                        "Startup Cost": 882272.16,
                                                        "Total Cost": 882272.16,
                                                        "Plan Rows": 55,
                                                        "Plan Width": 35,
                                                        "Actual Startup Time": 1284.083,
                                                        "Actual Total Time": 1284.687,
                                                        "Actual Rows": 149,
                                                        "Actual Loops": 7,
                                                        "Hash Buckets": 1024,
                                                        "Original Hash Buckets": 1024,
                                                        "Hash Batches": 1,
                                                        "Original Hash Batches": 1,
                                                        "Peak Memory Usage": 232,
                                                        "Workers": [],
                                                        "Plans": [
                                                            {
                                                                "Node Type": "Hash Join",
                                                                "Parent Relationship": "Outer",
                                                                "Parallel Aware": true,
                                                                "Async Capable": false,
                                                                "Join Type": "Inner",
                                                                "Startup Cost": 404533.91,
                                                                "Total Cost": 882272.16,
                                                                "Plan Rows": 55,
                                                                "Plan Width": 35,
                                                                "Actual Startup Time": 1269.124,
                                                                "Actual Total Time": 1284.593,
                                                                "Actual Rows": 149,
                                                                "Actual Loops": 7,
                                                                "Inner Unique": false,
                                                                "Hash Cond": "((b2.site_id = so_user.site_id) AND (b2.user_id = so_user.id))",
                                                                "Workers": [],
                                                                "Plans": [
                                                                    {
                                                                        "Node Type": "Seq Scan",
                                                                        "Parent Relationship": "Outer",
                                                                        "Parallel Aware": true,
                                                                        "Async Capable": false,
                                                                        "Relation Name": "badge",
                                                                        "Alias": "b2",
                                                                        "Startup Cost": 0.0,
                                                                        "Total Cost": 477729.63,
                                                                        "Plan Rows": 1059,
                                                                        "Plan Width": 16,
                                                                        "Actual Startup Time": 227.277,
                                                                        "Actual Total Time": 347.698,
                                                                        "Actual Rows": 336,
                                                                        "Actual Loops": 7,
                                                                        "Filter": "((name)::text = 'Documentation Pioneer'::text)",
                                                                        "Rows Removed by Filter": 7319221,
                                                                        "Workers": []
                                                                    },
                                                                    {
                                                                        "Node Type": "Hash",
                                                                        "Parent Relationship": "Inner",
                                                                        "Parallel Aware": true,
                                                                        "Async Capable": false,
                                                                        "Startup Cost": 401253.56,
                                                                        "Total Cost": 401253.56,
                                                                        "Plan Rows": 218690,
                                                                        "Plan Width": 19,
                                                                        "Actual Startup Time": 909.106,
                                                                        "Actual Total Time": 909.27,
                                                                        "Actual Rows": 362270,
                                                                        "Actual Loops": 7,
                                                                        "Hash Buckets": 524288,
                                                                        "Original Hash Buckets": 2097152,
                                                                        "Hash Batches": 16,
                                                                        "Original Hash Batches": 1,
                                                                        "Peak Memory Usage": 12640,
                                                                        "Workers": [],
                                                                        "Plans": [
                                                                            {
                                                                                "Node Type": "Hash Join",
                                                                                "Parent Relationship": "Outer",
                                                                                "Parallel Aware": true,
                                                                                "Async Capable": false,
                                                                                "Join Type": "Inner",
                                                                                "Startup Cost": 150787.4,
                                                                                "Total Cost": 401253.56,
                                                                                "Plan Rows": 218690,
                                                                                "Plan Width": 19,
                                                                                "Actual Startup Time": 133.992,
                                                                                "Actual Total Time": 767.954,
                                                                                "Actual Rows": 362270,
                                                                                "Actual Loops": 7,
                                                                                "Inner Unique": true,
                                                                                "Hash Cond": "(so_user.account_id = account.id)",
                                                                                "Workers": [],
                                                                                "Plans": [
                                                                                    {
                                                                                        "Node Type": "Seq Scan",
                                                                                        "Parent Relationship": "Outer",
                                                                                        "Parallel Aware": true,
                                                                                        "Async Capable": false,
                                                                                        "Relation Name": "so_user",
                                                                                        "Alias": "so_user",
                                                                                        "Startup Cost": 0.0,
                                                                                        "Total Cost": 239391.02,
                                                                                        "Plan Rows": 4219102,
                                                                                        "Plan Width": 12,
                                                                                        "Actual Startup Time": 0.007,
                                                                                        "Actual Total Time": 144.774,
                                                                                        "Actual Rows": 3013900,
                                                                                        "Actual Loops": 7,
                                                                                        "Workers": []
                                                                                    },
                                                                                    {
                                                                                        "Node Type": "Hash",
                                                                                        "Parent Relationship": "Inner",
                                                                                        "Parallel Aware": true,
                                                                                        "Async Capable": false,
                                                                                        "Startup Cost": 148993.09,
                                                                                        "Total Cost": 148993.09,
                                                                                        "Plan Rows": 143545,
                                                                                        "Plan Width": 15,
                                                                                        "Actual Startup Time": 133.465,
                                                                                        "Actual Total Time": 133.466,
                                                                                        "Actual Rows": 103524,
                                                                                        "Actual Loops": 7,
                                                                                        "Hash Buckets": 1048576,
                                                                                        "Original Hash Buckets": 1048576,
                                                                                        "Hash Batches": 1,
                                                                                        "Original Hash Batches": 1,
                                                                                        "Peak Memory Usage": 44576,
                                                                                        "Workers": [],
                                                                                        "Plans": [
                                                                                            {
                                                                                                "Node Type": "Seq Scan",
                                                                                                "Parent Relationship": "Outer",
                                                                                                "Parallel Aware": true,
                                                                                                "Async Capable": false,
                                                                                                "Relation Name": "account",
                                                                                                "Alias": "account",
                                                                                                "Startup Cost": 0.0,
                                                                                                "Total Cost": 148993.09,
                                                                                                "Plan Rows": 143545,
                                                                                                "Plan Width": 15,
                                                                                                "Actual Startup Time": 0.035,
                                                                                                "Actual Total Time": 105.796,
                                                                                                "Actual Rows": 103524,
                                                                                                "Actual Loops": 7,
                                                                                                "Filter": "((website_url)::text <> ''::text)",
                                                                                                "Rows Removed by Filter": 1878212,
                                                                                                "Workers": []
                                                                                            }
                                                                                        ]
                                                                                    }
                                                                                ]
                                                                            }
                                                                        ]
                                                                    }
                                                                ]
                                                            }
                                                        ]
                                                    }
                                                ]
                                            }
                                        ]
                                    }
                                ]
                            }
                        ]
                    },
                    "Planning Time": 0.5,
                    "Triggers": [],
                    "Execution Time": 1662.758
                }
            ],
            "hints": [
                "SET enable_hashjoin TO on",
                "SET enable_indexonlyscan TO on",
                "SET enable_indexscan TO on",
                "SET enable_mergejoin TO on",
                "SET enable_nestloop TO off",
                "SET enable_seqscan TO on"
            ]
        },
        {
            "arm": 2,
            "execution_time": 389.385,
            "plan": [
                {
                    "Plan": {
                        "Node Type": "Aggregate",
                        "Strategy": "Plain",
                        "Partial Mode": "Simple",
                        "Parallel Aware": false,
                        "Async Capable": false,
                        "Startup Cost": 487827.73,
                        "Total Cost": 487827.74,
                        "Plan Rows": 1,
                        "Plan Width": 8,
                        "Actual Startup Time": 379.486,
                        "Actual Total Time": 389.35,
                        "Actual Rows": 1,
                        "Actual Loops": 1,
                        "Plans": [
                            {
                                "Node Type": "Sort",
                                "Parent Relationship": "Outer",
                                "Parallel Aware": false,
                                "Async Capable": false,
                                "Startup Cost": 487827.73,
                                "Total Cost": 487827.73,
                                "Plan Rows": 1,
                                "Plan Width": 11,
                                "Actual Startup Time": 379.483,
                                "Actual Total Time": 389.346,
                                "Actual Rows": 0,
                                "Actual Loops": 1,
                                "Sort Key": [
                                    "account.display_name"
                                ],
                                "Sort Method": "quicksort",
                                "Sort Space Used": 25,
                                "Sort Space Type": "Memory",
                                "Plans": [
                                    {
                                        "Node Type": "Nested Loop",
                                        "Parent Relationship": "Outer",
                                        "Parallel Aware": false,
                                        "Async Capable": false,
                                        "Join Type": "Inner",
                                        "Startup Cost": 1011.3,
                                        "Total Cost": 487827.72,
                                        "Plan Rows": 1,
                                        "Plan Width": 11,
                                        "Actual Startup Time": 379.48,
                                        "Actual Total Time": 389.342,
                                        "Actual Rows": 0,
                                        "Actual Loops": 1,
                                        "Inner Unique": true,
                                        "Plans": [
                                            {
                                                "Node Type": "Gather",
                                                "Parent Relationship": "Outer",
                                                "Parallel Aware": false,
                                                "Async Capable": false,
                                                "Startup Cost": 1008.78,
                                                "Total Cost": 487821.18,
                                                "Plan Rows": 1,
                                                "Plan Width": 4,
                                                "Actual Startup Time": 379.479,
                                                "Actual Total Time": 389.34,
                                                "Actual Rows": 0,
                                                "Actual Loops": 1,
                                                "Workers Planned": 6,
                                                "Workers Launched": 6,
                                                "Single Copy": false,
                                                "Plans": [
                                                    {
                                                        "Node Type": "Nested Loop",
                                                        "Parent Relationship": "Outer",
                                                        "Parallel Aware": false,
                                                        "Async Capable": false,
                                                        "Join Type": "Inner",
                                                        "Startup Cost": 8.78,
                                                        "Total Cost": 486821.08,
                                                        "Plan Rows": 1,
                                                        "Plan Width": 4,
                                                        "Actual Startup Time": 377.011,
                                                        "Actual Total Time": 377.013,
                                                        "Actual Rows": 0,
                                                        "Actual Loops": 7,
                                                        "Inner Unique": true,
                                                        "Workers": [],
                                                        "Plans": [
                                                            {
                                                                "Node Type": "Nested Loop",
                                                                "Parent Relationship": "Outer",
                                                                "Parallel Aware": false,
                                                                "Async Capable": false,
                                                                "Join Type": "Inner",
                                                                "Startup Cost": 4.54,
                                                                "Total Cost": 486804.57,
                                                                "Plan Rows": 2,
                                                                "Plan Width": 16,
                                                                "Actual Startup Time": 377.01,
                                                                "Actual Total Time": 377.011,
                                                                "Actual Rows": 0,
                                                                "Actual Loops": 7,
                                                                "Inner Unique": false,
                                                                "Workers": [],
                                                                "Plans": [
                                                                    {
                                                                        "Node Type": "Seq Scan",
                                                                        "Parent Relationship": "Outer",
                                                                        "Parallel Aware": true,
                                                                        "Async Capable": false,
                                                                        "Relation Name": "badge",
                                                                        "Alias": "b2",
                                                                        "Startup Cost": 0.0,
                                                                        "Total Cost": 477729.63,
                                                                        "Plan Rows": 1059,
                                                                        "Plan Width": 16,
                                                                        "Actual Startup Time": 232.915,
                                                                        "Actual Total Time": 355.587,
                                                                        "Actual Rows": 336,
                                                                        "Actual Loops": 7,
                                                                        "Filter": "((name)::text = 'Documentation Pioneer'::text)",
                                                                        "Rows Removed by Filter": 7319221,
                                                                        "Workers": []
                                                                    },
                                                                    {
                                                                        "Node Type": "Bitmap Heap Scan",
                                                                        "Parent Relationship": "Inner",
                                                                        "Parallel Aware": false,
                                                                        "Async Capable": false,
                                                                        "Relation Name": "badge",
                                                                        "Alias": "b1",
                                                                        "Startup Cost": 4.54,
                                                                        "Total Cost": 8.56,
                                                                        "Plan Rows": 1,
                                                                        "Plan Width": 16,
                                                                        "Actual Startup Time": 0.063,
                                                                        "Actual Total Time": 0.063,
                                                                        "Actual Rows": 0,
                                                                        "Actual Loops": 2353,
                                                                        "Recheck Cond": "((site_id = b2.site_id) AND (user_id = b2.user_id) AND ((name)::text = 'API Evangelist'::text))",
                                                                        "Rows Removed by Index Recheck": 0,
                                                                        "Filter": "(b2.date > (date + '7 mons'::interval))",
                                                                        "Rows Removed by Filter": 0,
                                                                        "Exact Heap Blocks": 0,
                                                                        "Lossy Heap Blocks": 0,
                                                                        "Workers": [],
                                                                        "Plans": [
                                                                            {
                                                                                "Node Type": "Bitmap Index Scan",
                                                                                "Parent Relationship": "Outer",
                                                                                "Parallel Aware": false,
                                                                                "Async Capable": false,
                                                                                "Index Name": "badge_pkey",
                                                                                "Startup Cost": 0.0,
                                                                                "Total Cost": 4.54,
                                                                                "Plan Rows": 1,
                                                                                "Plan Width": 0,
                                                                                "Actual Startup Time": 0.063,
                                                                                "Actual Total Time": 0.063,
                                                                                "Actual Rows": 0,
                                                                                "Actual Loops": 2353,
                                                                                "Index Cond": "((site_id = b2.site_id) AND (user_id = b2.user_id) AND ((name)::text = 'API Evangelist'::text))",
                                                                                "Workers": []
                                                                            }
                                                                        ]
                                                                    }
                                                                ]
                                                            },
                                                            {
                                                                "Node Type": "Bitmap Heap Scan",
                                                                "Parent Relationship": "Inner",
                                                                "Parallel Aware": false,
                                                                "Async Capable": false,
                                                                "Relation Name": "so_user",
                                                                "Alias": "so_user",
                                                                "Startup Cost": 4.24,
                                                                "Total Cost": 8.26,
                                                                "Plan Rows": 1,
                                                                "Plan Width": 12,
                                                                "Actual Startup Time": 0.0,
                                                                "Actual Total Time": 0.0,
                                                                "Actual Rows": 0,
                                                                "Actual Loops": 0,
                                                                "Recheck Cond": "((id = b1.user_id) AND (site_id = b1.site_id))",
                                                                "Rows Removed by Index Recheck": 0,
                                                                "Exact Heap Blocks": 0,
                                                                "Lossy Heap Blocks": 0,
                                                                "Workers": [],
                                                                "Plans": [
                                                                    {
                                                                        "Node Type": "Bitmap Index Scan",
                                                                        "Parent Relationship": "Outer",
                                                                        "Parallel Aware": false,
                                                                        "Async Capable": false,
                                                                        "Index Name": "so_user_pkey",
                                                                        "Startup Cost": 0.0,
                                                                        "Total Cost": 4.24,
                                                                        "Plan Rows": 1,
                                                                        "Plan Width": 0,
                                                                        "Actual Startup Time": 0.0,
                                                                        "Actual Total Time": 0.0,
                                                                        "Actual Rows": 0,
                                                                        "Actual Loops": 0,
                                                                        "Index Cond": "((id = b1.user_id) AND (site_id = b1.site_id))",
                                                                        "Workers": []
                                                                    }
                                                                ]
                                                            }
                                                        ]
                                                    }
                                                ]
                                            },
                                            {
                                                "Node Type": "Bitmap Heap Scan",
                                                "Parent Relationship": "Inner",
                                                "Parallel Aware": false,
                                                "Async Capable": false,
                                                "Relation Name": "account",
                                                "Alias": "account",
                                                "Startup Cost": 2.52,
                                                "Total Cost": 6.54,
                                                "Plan Rows": 1,
                                                "Plan Width": 15,
                                                "Actual Startup Time": 0.0,
                                                "Actual Total Time": 0.0,
                                                "Actual Rows": 0,
                                                "Actual Loops": 0,
                                                "Recheck Cond": "(id = so_user.account_id)",
                                                "Rows Removed by Index Recheck": 0,
                                                "Filter": "((website_url)::text <> ''::text)",
                                                "Rows Removed by Filter": 0,
                                                "Exact Heap Blocks": 0,
                                                "Lossy Heap Blocks": 0,
                                                "Plans": [
                                                    {
                                                        "Node Type": "Bitmap Index Scan",
                                                        "Parent Relationship": "Outer",
                                                        "Parallel Aware": false,
                                                        "Async Capable": false,
                                                        "Index Name": "account_pkey",
                                                        "Startup Cost": 0.0,
                                                        "Total Cost": 2.52,
                                                        "Plan Rows": 1,
                                                        "Plan Width": 0,
                                                        "Actual Startup Time": 0.0,
                                                        "Actual Total Time": 0.0,
                                                        "Actual Rows": 0,
                                                        "Actual Loops": 0,
                                                        "Index Cond": "(id = so_user.account_id)"
                                                    }
                                                ]
                                            }
                                        ]
                                    }
                                ]
                            }
                        ]
                    },
                    "Planning Time": 0.333,
                    "Triggers": [],
                    "Execution Time": 389.385
                }
            ],
            "hints": [
                "SET enable_hashjoin TO on",
                "SET enable_indexonlyscan TO on",
                "SET enable_indexscan TO off",
                "SET enable_mergejoin TO off",
                "SET enable_nestloop TO on",
                "SET enable_seqscan TO on"
            ]
        },
        {
            "arm": 3,
            "execution_time": 1680.411,
            "plan": [
                {
                    "Plan": {
                        "Node Type": "Aggregate",
                        "Strategy": "Plain",
                        "Partial Mode": "Simple",
                        "Parallel Aware": false,
                        "Async Capable": false,
                        "Startup Cost": 1361010.7,
                        "Total Cost": 1361010.71,
                        "Plan Rows": 1,
                        "Plan Width": 8,
                        "Actual Startup Time": 1652.621,
                        "Actual Total Time": 1680.379,
                        "Actual Rows": 1,
                        "Actual Loops": 1,
                        "Plans": [
                            {
                                "Node Type": "Sort",
                                "Parent Relationship": "Outer",
                                "Parallel Aware": false,
                                "Async Capable": false,
                                "Startup Cost": 1361010.69,
                                "Total Cost": 1361010.7,
                                "Plan Rows": 1,
                                "Plan Width": 11,
                                "Actual Startup Time": 1652.617,
                                "Actual Total Time": 1680.374,
                                "Actual Rows": 0,
                                "Actual Loops": 1,
                                "Sort Key": [
                                    "account.display_name"
                                ],
                                "Sort Method": "quicksort",
                                "Sort Space Used": 25,
                                "Sort Space Type": "Memory",
                                "Plans": [
                                    {
                                        "Node Type": "Gather",
                                        "Parent Relationship": "Outer",
                                        "Parallel Aware": false,
                                        "Async Capable": false,
                                        "Startup Cost": 883272.99,
                                        "Total Cost": 1361010.68,
                                        "Plan Rows": 1,
                                        "Plan Width": 11,
                                        "Actual Startup Time": 1652.613,
                                        "Actual Total Time": 1680.369,
                                        "Actual Rows": 0,
                                        "Actual Loops": 1,
                                        "Workers Planned": 6,
                                        "Workers Launched": 6,
                                        "Single Copy": false,
                                        "Plans": [
                                            {
                                                "Node Type": "Hash Join",
                                                "Parent Relationship": "Outer",
                                                "Parallel Aware": true,
                                                "Async Capable": false,
                                                "Join Type": "Inner",
                                                "Startup Cost": 882272.99,
                                                "Total Cost": 1360010.58,
                                                "Plan Rows": 1,
                                                "Plan Width": 11,
                                                "Actual Startup Time": 1645.287,
                                                "Actual Total Time": 1646.101,
                                                "Actual Rows": 0,
                                                "Actual Loops": 7,
                                                "Inner Unique": false,
                                                "Hash Cond": "((b1.site_id = so_user.site_id) AND (b1.user_id = so_user.id))",
                                                "Join Filter": "(b2.date > (b1.date + '7 mons'::interval))",
                                                "Rows Removed by Join Filter": 0,
                                                "Workers": [],
                                                "Plans": [
                                                    {
                                                        "Node Type": "Seq Scan",
                                                        "Parent Relationship": "Outer",
                                                        "Parallel Aware": true,
                                                        "Async Capable": false,
                                                        "Relation Name": "badge",
                                                        "Alias": "b1",
                                                        "Startup Cost": 0.0,
                                                        "Total Cost": 477729.63,
                                                        "Plan Rows": 1059,
                                                        "Plan Width": 16,
                                                        "Actual Startup Time": 310.688,
                                                        "Actual Total Time": 345.621,
                                                        "Actual Rows": 2,
                                                        "Actual Loops": 7,
                                                        "Filter": "((name)::text = 'API Evangelist'::text)",
                                                        "Rows Removed by Filter": 7319555,
                                                        "Workers": []
                                                    },
                                                    {
                                                        "Node Type": "Hash",
                                                        "Parent Relationship": "Inner",
                                                        "Parallel Aware": true,
                                                        "Async Capable": false,
                                                        "Startup Cost": 882272.16,
                                                        "Total Cost": 882272.16,
                                                        "Plan Rows": 55,
                                                        "Plan Width": 35,
                                                        "Actual Startup Time": 1299.48,
                                                        "Actual Total Time": 1300.293,
                                                        "Actual Rows": 149,
                                                        "Actual Loops": 7,
                                                        "Hash Buckets": 1024,
                                                        "Original Hash Buckets": 1024,
                                                        "Hash Batches": 1,
                                                        "Original Hash Batches": 1,
                                                        "Peak Memory Usage": 232,
                                                        "Workers": [],
                                                        "Plans": [
                                                            {
                                                                "Node Type": "Hash Join",
                                                                "Parent Relationship": "Outer",
                                                                "Parallel Aware": true,
                                                                "Async Capable": false,
                                                                "Join Type": "Inner",
                                                                "Startup Cost": 404533.91,
                                                                "Total Cost": 882272.16,
                                                                "Plan Rows": 55,
                                                                "Plan Width": 35,
                                                                "Actual Startup Time": 1284.129,
                                                                "Actual Total Time": 1300.198,
                                                                "Actual Rows": 149,
                                                                "Actual Loops": 7,
                                                                "Inner Unique": false,
                                                                "Hash Cond": "((b2.site_id = so_user.site_id) AND (b2.user_id = so_user.id))",
                                                                "Workers": [],
                                                                "Plans": [
                                                                    {
                                                                        "Node Type": "Seq Scan",
                                                                        "Parent Relationship": "Outer",
                                                                        "Parallel Aware": true,
                                                                        "Async Capable": false,
                                                                        "Relation Name": "badge",
                                                                        "Alias": "b2",
                                                                        "Startup Cost": 0.0,
                                                                        "Total Cost": 477729.63,
                                                                        "Plan Rows": 1059,
                                                                        "Plan Width": 16,
                                                                        "Actual Startup Time": 233.388,
                                                                        "Actual Total Time": 352.676,
                                                                        "Actual Rows": 336,
                                                                        "Actual Loops": 7,
                                                                        "Filter": "((name)::text = 'Documentation Pioneer'::text)",
                                                                        "Rows Removed by Filter": 7319221,
                                                                        "Workers": []
                                                                    },
                                                                    {
                                                                        "Node Type": "Hash",
                                                                        "Parent Relationship": "Inner",
                                                                        "Parallel Aware": true,
                                                                        "Async Capable": false,
                                                                        "Startup Cost": 401253.56,
                                                                        "Total Cost": 401253.56,
                                                                        "Plan Rows": 218690,
                                                                        "Plan Width": 19,
                                                                        "Actual Startup Time": 918.904,
                                                                        "Actual Total Time": 919.078,
                                                                        "Actual Rows": 362270,
                                                                        "Actual Loops": 7,
                                                                        "Hash Buckets": 524288,
                                                                        "Original Hash Buckets": 2097152,
                                                                        "Hash Batches": 16,
                                                                        "Original Hash Batches": 1,
                                                                        "Peak Memory Usage": 12672,
                                                                        "Workers": [],
                                                                        "Plans": [
                                                                            {
                                                                                "Node Type": "Hash Join",
                                                                                "Parent Relationship": "Outer",
                                                                                "Parallel Aware": true,
                                                                                "Async Capable": false,
                                                                                "Join Type": "Inner",
                                                                                "Startup Cost": 150787.4,
                                                                                "Total Cost": 401253.56,
                                                                                "Plan Rows": 218690,
                                                                                "Plan Width": 19,
                                                                                "Actual Startup Time": 140.463,
                                                                                "Actual Total Time": 779.729,
                                                                                "Actual Rows": 362270,
                                                                                "Actual Loops": 7,
                                                                                "Inner Unique": true,
                                                                                "Hash Cond": "(so_user.account_id = account.id)",
                                                                                "Workers": [],
                                                                                "Plans": [
                                                                                    {
                                                                                        "Node Type": "Seq Scan",
                                                                                        "Parent Relationship": "Outer",
                                                                                        "Parallel Aware": true,
                                                                                        "Async Capable": false,
                                                                                        "Relation Name": "so_user",
                                                                                        "Alias": "so_user",
                                                                                        "Startup Cost": 0.0,
                                                                                        "Total Cost": 239391.02,
                                                                                        "Plan Rows": 4219102,
                                                                                        "Plan Width": 12,
                                                                                        "Actual Startup Time": 0.009,
                                                                                        "Actual Total Time": 146.011,
                                                                                        "Actual Rows": 3013900,
                                                                                        "Actual Loops": 7,
                                                                                        "Workers": []
                                                                                    },
                                                                                    {
                                                                                        "Node Type": "Hash",
                                                                                        "Parent Relationship": "Inner",
                                                                                        "Parallel Aware": true,
                                                                                        "Async Capable": false,
                                                                                        "Startup Cost": 148993.09,
                                                                                        "Total Cost": 148993.09,
                                                                                        "Plan Rows": 143545,
                                                                                        "Plan Width": 15,
                                                                                        "Actual Startup Time": 139.851,
                                                                                        "Actual Total Time": 139.852,
                                                                                        "Actual Rows": 103524,
                                                                                        "Actual Loops": 7,
                                                                                        "Hash Buckets": 1048576,
                                                                                        "Original Hash Buckets": 1048576,
                                                                                        "Hash Batches": 1,
                                                                                        "Original Hash Batches": 1,
                                                                                        "Peak Memory Usage": 44576,
                                                                                        "Workers": [],
                                                                                        "Plans": [
                                                                                            {
                                                                                                "Node Type": "Seq Scan",
                                                                                                "Parent Relationship": "Outer",
                                                                                                "Parallel Aware": true,
                                                                                                "Async Capable": false,
                                                                                                "Relation Name": "account",
                                                                                                "Alias": "account",
                                                                                                "Startup Cost": 0.0,
                                                                                                "Total Cost": 148993.09,
                                                                                                "Plan Rows": 143545,
                                                                                                "Plan Width": 15,
                                                                                                "Actual Startup Time": 0.047,
                                                                                                "Actual Total Time": 109.951,
                                                                                                "Actual Rows": 103524,
                                                                                                "Actual Loops": 7,
                                                                                                "Filter": "((website_url)::text <> ''::text)",
                                                                                                "Rows Removed by Filter": 1878212,
                                                                                                "Workers": []
                                                                                            }
                                                                                        ]
                                                                                    }
                                                                                ]
                                                                            }
                                                                        ]
                                                                    }
                                                                ]
                                                            }
                                                        ]
                                                    }
                                                ]
                                            }
                                        ]
                                    }
                                ]
                            }
                        ]
                    },
                    "Planning Time": 0.327,
                    "Triggers": [],
                    "Execution Time": 1680.411
                }
            ],
            "hints": [
                "SET enable_hashjoin TO on",
                "SET enable_indexonlyscan TO on",
                "SET enable_indexscan TO off",
                "SET enable_mergejoin TO off",
                "SET enable_nestloop TO off",
                "SET enable_seqscan TO on"
            ]
        },
        {
            "arm": 4,
            "execution_time": 375.082,
            "plan": [
                {
                    "Plan": {
                        "Node Type": "Aggregate",
                        "Strategy": "Plain",
                        "Partial Mode": "Simple",
                        "Parallel Aware": false,
                        "Async Capable": false,
                        "Startup Cost": 487782.15,
                        "Total Cost": 487782.16,
                        "Plan Rows": 1,
                        "Plan Width": 8,
                        "Actual Startup Time": 365.339,
                        "Actual Total Time": 375.052,
                        "Actual Rows": 1,
                        "Actual Loops": 1,
                        "Plans": [
                            {
                                "Node Type": "Sort",
                                "Parent Relationship": "Outer",
                                "Parallel Aware": false,
                                "Async Capable": false,
                                "Startup Cost": 487782.14,
                                "Total Cost": 487782.14,
                                "Plan Rows": 1,
                                "Plan Width": 11,
                                "Actual Startup Time": 365.336,
                                "Actual Total Time": 375.048,
                                "Actual Rows": 0,
                                "Actual Loops": 1,
                                "Sort Key": [
                                    "account.display_name"
                                ],
                                "Sort Method": "quicksort",
                                "Sort Space Used": 25,
                                "Sort Space Type": "Memory",
                                "Plans": [
                                    {
                                        "Node Type": "Nested Loop",
                                        "Parent Relationship": "Outer",
                                        "Parallel Aware": false,
                                        "Async Capable": false,
                                        "Join Type": "Inner",
                                        "Startup Cost": 1001.44,
                                        "Total Cost": 487782.13,
                                        "Plan Rows": 1,
                                        "Plan Width": 11,
                                        "Actual Startup Time": 365.332,
                                        "Actual Total Time": 375.044,
                                        "Actual Rows": 0,
                                        "Actual Loops": 1,
                                        "Inner Unique": true,
                                        "Plans": [
                                            {
                                                "Node Type": "Gather",
                                                "Parent Relationship": "Outer",
                                                "Parallel Aware": false,
                                                "Async Capable": false,
                                                "Startup Cost": 1001.0,
                                                "Total Cost": 487777.51,
                                                "Plan Rows": 1,
                                                "Plan Width": 4,
                                                "Actual Startup Time": 365.332,
                                                "Actual Total Time": 375.043,
                                                "Actual Rows": 0,
                                                "Actual Loops": 1,
                                                "Workers Planned": 6,
                                                "Workers Launched": 6,
                                                "Single Copy": false,
                                                "Plans": [
                                                    {
                                                        "Node Type": "Nested Loop",
                                                        "Parent Relationship": "Outer",
                                                        "Parallel Aware": false,
                                                        "Async Capable": false,
                                                        "Join Type": "Inner",
                                                        "Startup Cost": 1.0,
                                                        "Total Cost": 486777.41,
                                                        "Plan Rows": 1,
                                                        "Plan Width": 4,
                                                        "Actual Startup Time": 362.856,
                                                        "Actual Total Time": 362.857,
                                                        "Actual Rows": 0,
                                                        "Actual Loops": 7,
                                                        "Inner Unique": true,
                                                        "Workers": [],
                                                        "Plans": [
                                                            {
                                                                "Node Type": "Nested Loop",
                                                                "Parent Relationship": "Outer",
                                                                "Parallel Aware": false,
                                                                "Async Capable": false,
                                                                "Join Type": "Inner",
                                                                "Startup Cost": 0.57,
                                                                "Total Cost": 486761.04,
                                                                "Plan Rows": 2,
                                                                "Plan Width": 16,
                                                                "Actual Startup Time": 362.856,
                                                                "Actual Total Time": 362.856,
                                                                "Actual Rows": 0,
                                                                "Actual Loops": 7,
                                                                "Inner Unique": false,
                                                                "Workers": [],
                                                                "Plans": [
                                                                    {
                                                                        "Node Type": "Seq Scan",
                                                                        "Parent Relationship": "Outer",
                                                                        "Parallel Aware": true,
                                                                        "Async Capable": false,
                                                                        "Relation Name": "badge",
                                                                        "Alias": "b1",
                                                                        "Startup Cost": 0.0,
                                                                        "Total Cost": 477729.63,
                                                                        "Plan Rows": 1059,
                                                                        "Plan Width": 16,
                                                                        "Actual Startup Time": 326.937,
                                                                        "Actual Total Time": 362.84,
                                                                        "Actual Rows": 2,
                                                                        "Actual Loops": 7,
                                                                        "Filter": "((name)::text = 'API Evangelist'::text)",
                                                                        "Rows Removed by Filter": 7319555,
                                                                        "Workers": []
                                                                    },
                                                                    {
                                                                        "Node Type": "Index Only Scan",
                                                                        "Parent Relationship": "Inner",
                                                                        "Parallel Aware": false,
                                                                        "Async Capable": false,
                                                                        "Scan Direction": "Forward",
                                                                        "Index Name": "badge_pkey",
                                                                        "Relation Name": "badge",
                                                                        "Alias": "b2",
                                                                        "Startup Cost": 0.57,
                                                                        "Total Cost": 8.52,
                                                                        "Plan Rows": 1,
                                                                        "Plan Width": 16,
                                                                        "Actual Startup Time": 0.006,
                                                                        "Actual Total Time": 0.006,
                                                                        "Actual Rows": 0,
                                                                        "Actual Loops": 15,
                                                                        "Index Cond": "((site_id = b1.site_id) AND (user_id = b1.user_id) AND (name = 'Documentation Pioneer'::text) AND (date > (b1.date + '7 mons'::interval)))",
                                                                        "Rows Removed by Index Recheck": 0,
                                                                        "Heap Fetches": 0,
                                                                        "Workers": []
                                                                    }
                                                                ]
                                                            },
                                                            {
                                                                "Node Type": "Index Scan",
                                                                "Parent Relationship": "Inner",
                                                                "Parallel Aware": false,
                                                                "Async Capable": false,
                                                                "Scan Direction": "Forward",
                                                                "Index Name": "so_user_pkey",
                                                                "Relation Name": "so_user",
                                                                "Alias": "so_user",
                                                                "Startup Cost": 0.44,
                                                                "Total Cost": 8.19,
                                                                "Plan Rows": 1,
                                                                "Plan Width": 12,
                                                                "Actual Startup Time": 0.0,
                                                                "Actual Total Time": 0.0,
                                                                "Actual Rows": 0,
                                                                "Actual Loops": 0,
                                                                "Index Cond": "((id = b1.user_id) AND (site_id = b1.site_id))",
                                                                "Rows Removed by Index Recheck": 0,
                                                                "Workers": []
                                                            }
                                                        ]
                                                    }
                                                ]
                                            },
                                            {
                                                "Node Type": "Index Scan",
                                                "Parent Relationship": "Inner",
                                                "Parallel Aware": false,
                                                "Async Capable": false,
                                                "Scan Direction": "Forward",
                                                "Index Name": "account_pkey",
                                                "Relation Name": "account",
                                                "Alias": "account",
                                                "Startup Cost": 0.43,
                                                "Total Cost": 4.62,
                                                "Plan Rows": 1,
                                                "Plan Width": 15,
                                                "Actual Startup Time": 0.0,
                                                "Actual Total Time": 0.0,
                                                "Actual Rows": 0,
                                                "Actual Loops": 0,
                                                "Index Cond": "(id = so_user.account_id)",
                                                "Rows Removed by Index Recheck": 0,
                                                "Filter": "((website_url)::text <> ''::text)",
                                                "Rows Removed by Filter": 0
                                            }
                                        ]
                                    }
                                ]
                            }
                        ]
                    },
                    "Planning Time": 0.34,
                    "Triggers": [],
                    "Execution Time": 375.082
                }
            ],
            "hints": [
                "SET enable_hashjoin TO on",
                "SET enable_indexonlyscan TO on",
                "SET enable_indexscan TO on",
                "SET enable_mergejoin TO off",
                "SET enable_nestloop TO on",
                "SET enable_seqscan TO on"
            ]
        }
    ]
}