{"Plan": {"Node Type": "Sort", "Parallel Aware": false, "Async Capable": false, "Startup Cost": 101555.01, "Total Cost": 101555.04, "Plan Rows": 13, "Plan Width": 228, "Sort Key": ["wswscs.d_week_seq NULLS FIRST"], "Plans": [{"Node Type": "Aggregate", "Strategy": "Hashed", "Partial Mode": "Finalize", "Parent Relationship": "InitPlan", "Subplan Name": "CTE wswscs", "Parallel Aware": false, "Async Capable": false, "Startup Cost": 95976.5, "Total Cost": 96262.77, "Plan Rows": 10410, "Plan Width": 228, "Group Key": ["date_dim_2.d_week_seq"], "Planned Partitions": 0, "Plans": [{"Node Type": "Gather", "Parent Relationship": "Outer", "Parallel Aware": false, "Async Capable": false, "Startup Cost": 89964.72, "Total Cost": 94415.0, "Plan Rows": 41640, "Plan Width": 228, "Workers Planned": 4, "Single Copy": false, "Plans": [{"Node Type": "Aggregate", "Strategy": "Hashed", "Partial Mode": "Partial", "Parent Relationship": "Outer", "Parallel Aware": false, "Async Capable": false, "Startup Cost": 88964.72, "Total Cost": 89251.0, "Plan Rows": 10410, "Plan Width": 228, "Group Key": ["date_dim_2.d_week_seq"], "Planned Partitions": 0, "Plans": [{"Node Type": "Hash Join", "Parent Relationship": "Outer", "Parallel Aware": true, "Async Capable": false, "Join Type": "Inner", "Startup Cost": 2390.82, "Total Cost": 68706.43, "Plan Rows": 540221, "Plan Width": 20, "Inner Unique": true, "Hash Cond": "(catalog_sales.cs_sold_date_sk = date_dim_2.d_date_sk)", "Plans": [{"Node Type": "Append", "Parent Relationship": "Outer", "Parallel Aware": true, "Async Capable": false, "Startup Cost": 0.0, "Total Cost": 64897.45, "Plan Rows": 540221, "Plan Width": 10, "Subplans Removed": 0, "Plans": [{"Node Type": "Seq Scan", "Parent Relationship": "Member", "Parallel Aware": true, "Async Capable": false, "Relation Name": "catalog_sales", "Alias": "catalog_sales", "Startup Cost": 0.0, "Total Cost": 41051.75, "Plan Rows": 360375, "Plan Width": 10}, {"Node Type": "Seq Scan", "Parent Relationship": "Member", "Parallel Aware": true, "Async Capable": false, "Relation Name": "web_sales", "Alias": "web_sales", "Startup Cost": 0.0, "Total Cost": 21144.59, "Plan Rows": 232059, "Plan Width": 10}]}, {"Node Type": "Hash", "Parent Relationship": "Inner", "Parallel Aware": true, "Async Capable": false, "Startup Cost": 1853.7, "Total Cost": 1853.7, "Plan Rows": 42970, "Plan Width": 18, "Plans": [{"Node Type": "Seq Scan", "Parent Relationship": "Outer", "Parallel Aware": true, "Async Capable": false, "Relation Name": "date_dim", "Alias": "date_dim_2", "Startup Cost": 0.0, "Total Cost": 1853.7, "Plan Rows": 42970, "Plan Width": 18}]}]}]}]}]}, {"Node Type": "Hash Join", "Parent Relationship": "Outer", "Parallel Aware": false, "Async Capable": false, "Join Type": "Inner", "Startup Cost": 5044.17, "Total Cost": 5292.0, "Plan Rows": 13, "Plan Width": 228, "Inner Unique": false, "Hash Cond": "(wswscs.d_week_seq = date_dim.d_week_seq)", "Plans": [{"Node Type": "CTE Scan", "Parent Relationship": "Outer", "Parallel Aware": false, "Async Capable": false, "CTE Name": "wswscs", "Alias": "wswscs", "Startup Cost": 0.0, "Total Cost": 208.2, "Plan Rows": 10410, "Plan Width": 228}, {"Node Type": "Hash", "Parent Relationship": "Inner", "Parallel Aware": false, "Async Capable": false, "Startup Cost": 5044.01, "Total Cost": 5044.01, "Plan Rows": 13, "Plan Width": 232, "Plans": [{"Node Type": "Merge Join", "Parent Relationship": "Outer", "Parallel Aware": false, "Async Capable": false, "Join Type": "Inner", "Startup Cost": 5038.45, "Total Cost": 5044.01, "Plan Rows": 13, "Plan Width": 232, "Inner Unique": false, "Merge Cond": "(((wswscs_1.d_week_seq - 53)) = date_dim.d_week_seq)", "Plans": [{"Node Type": "Sort", "Parent Relationship": "Outer", "Parallel Aware": false, "Async Capable": false, "Startup Cost": 2685.95, "Total Cost": 2686.86, "Plan Rows": 362, "Plan Width": 228, "Sort Key": ["((wswscs_1.d_week_seq - 53)) NULLS FIRST"], "Plans": [{"Node Type": "Hash Join", "Parent Relationship": "Outer", "Parallel Aware": false, "Async Capable": false, "Join Type": "Inner", "Startup Cost": 2341.64, "Total Cost": 2670.57, "Plan Rows": 362, "Plan Width": 228, "Inner Unique": false, "Hash Cond": "(wswscs_1.d_week_seq = date_dim_1.d_week_seq)", "Plans": [{"Node Type": "CTE Scan", "Parent Relationship": "Outer", "Parallel Aware": false, "Async Capable": false, "CTE Name": "wswscs", "Alias": "wswscs_1", "Startup Cost": 0.0, "Total Cost": 208.2, "Plan Rows": 10410, "Plan Width": 228}, {"Node Type": "Hash", "Parent Relationship": "Inner", "Parallel Aware": false, "Async Capable": false, "Startup Cost": 2337.11, "Total Cost": 2337.11, "Plan Rows": 362, "Plan Width": 4, "Plans": [{"Node Type": "Seq Scan", "Parent Relationship": "Outer", "Parallel Aware": false, "Async Capable": false, "Relation Name": "date_dim", "Alias": "date_dim_1", "Startup Cost": 0.0, "Total Cost": 2337.11, "Plan Rows": 362, "Plan Width": 4, "Filter": "(d_year = 2002)"}]}]}]}, {"Node Type": "Sort", "Parent Relationship": "Inner", "Parallel Aware": false, "Async Capable": false, "Startup Cost": 2352.5, "Total Cost": 2353.4, "Plan Rows": 362, "Plan Width": 4, "Sort Key": ["date_dim.d_week_seq NULLS FIRST"], "Plans": [{"Node Type": "Seq Scan", "Parent Relationship": "Outer", "Parallel Aware": false, "Async Capable": false, "Relation Name": "date_dim", "Alias": "date_dim", "Startup Cost": 0.0, "Total Cost": 2337.11, "Plan Rows": 362, "Plan Width": 4, "Filter": "(d_year = 2001)"}]}]}]}]}]}}