{"Plan": {"Node Type": "Limit", "Parallel Aware": false, "Async Capable": false, "Startup Cost": 1857565.2, "Total Cost": 1857565.24, "Plan Rows": 17, "Plan Width": 11, "Plans": [{"Node Type": "Unique", "Parent Relationship": "InitPlan", "Subplan Name": "InitPlan 1 (returns $0)", "Parallel Aware": false, "Async Capable": false, "Startup Cost": 2520.41, "Total Cost": 2520.55, "Plan Rows": 28, "Plan Width": 4, "Plans": [{"Node Type": "Sort", "Parent Relationship": "Outer", "Parallel Aware": false, "Async Capable": false, "Startup Cost": 2520.41, "Total Cost": 2520.48, "Plan Rows": 28, "Plan Width": 4, "Sort Key": ["date_dim.d_month_seq"], "Plans": [{"Node Type": "Seq Scan", "Parent Relationship": "Outer", "Parallel Aware": false, "Async Capable": false, "Relation Name": "date_dim", "Alias": "date_dim", "Startup Cost": 0.0, "Total Cost": 2519.73, "Plan Rows": 28, "Plan Width": 4, "Filter": "((d_year = 2000) AND (d_moy = 2))"}]}]}, {"Node Type": "Sort", "Parent Relationship": "Outer", "Parallel Aware": false, "Async Capable": false, "Startup Cost": 1855044.65, "Total Cost": 1855044.69, "Plan Rows": 17, "Plan Width": 11, "Sort Key": ["(count(*))", "a.ca_state"], "Plans": [{"Node Type": "Aggregate", "Strategy": "Sorted", "Partial Mode": "Simple", "Parent Relationship": "Outer", "Parallel Aware": false, "Async Capable": false, "Startup Cost": 64057.45, "Total Cost": 1855044.3, "Plan Rows": 17, "Plan Width": 11, "Group Key": ["a.ca_state"], "Filter": "(count(*) >= 10)", "Plans": [{"Node Type": "Nested Loop", "Parent Relationship": "Outer", "Parallel Aware": false, "Async Capable": false, "Join Type": "Inner", "Startup Cost": 64057.45, "Total Cost": 1855041.7, "Plan Rows": 394, "Plan Width": 3, "Inner Unique": true, "Plans": [{"Node Type": "Gather Merge", "Parent Relationship": "Outer", "Parallel Aware": false, "Async Capable": false, "Startup Cost": 64057.16, "Total Cost": 64198.81, "Plan Rows": 1183, "Plan Width": 7, "Workers Planned": 4, "Params Evaluated": ["$0"], "Plans": [{"Node Type": "Sort", "Parent Relationship": "Outer", "Parallel Aware": false, "Async Capable": false, "Startup Cost": 63057.11, "Total Cost": 63057.85, "Plan Rows": 296, "Plan Width": 7, "Sort Key": ["a.ca_state"], "Plans": [{"Node Type": "Nested Loop", "Parent Relationship": "Outer", "Parallel Aware": false, "Async Capable": false, "Join Type": "Inner", "Startup Cost": 1961.93, "Total Cost": 63044.96, "Plan Rows": 296, "Plan Width": 7, "Inner Unique": true, "Plans": [{"Node Type": "Nested Loop", "Parent Relationship": "Outer", "Parallel Aware": false, "Async Capable": false, "Join Type": "Inner", "Startup Cost": 1961.64, "Total Cost": 62938.84, "Plan Rows": 296, "Plan Width": 8, "Inner Unique": true, "Plans": [{"Node Type": "Hash Join", "Parent Relationship": "Outer", "Parallel Aware": true, "Async Capable": false, "Join Type": "Inner", "Startup Cost": 1961.35, "Total Cost": 62845.79, "Plan Rows": 296, "Plan Width": 8, "Inner Unique": true, "Hash Cond": "(s.ss_sold_date_sk = d.d_date_sk)", "Plans": [{"Node Type": "Seq Scan", "Parent Relationship": "Outer", "Parallel Aware": true, "Async Capable": false, "Relation Name": "store_sales", "Alias": "s", "Startup Cost": 0.0, "Total Cost": 58993.85, "Plan Rows": 720185, "Plan Width": 12}, {"Node Type": "Hash", "Parent Relationship": "Inner", "Parallel Aware": true, "Async Capable": false, "Startup Cost": 1961.12, "Total Cost": 1961.12, "Plan Rows": 18, "Plan Width": 4, "Plans": [{"Node Type": "Seq Scan", "Parent Relationship": "Outer", "Parallel Aware": true, "Async Capable": false, "Relation Name": "date_dim", "Alias": "d", "Startup Cost": 0.0, "Total Cost": 1961.12, "Plan Rows": 18, "Plan Width": 4, "Filter": "(d_month_seq = $0)"}]}]}, {"Node Type": "Index Scan", "Parent Relationship": "Inner", "Parallel Aware": false, "Async Capable": false, "Scan Direction": "Forward", "Index Name": "customer_pkey", "Relation Name": "customer", "Alias": "c", "Startup Cost": 0.29, "Total Cost": 0.31, "Plan Rows": 1, "Plan Width": 8, "Index Cond": "(c_customer_sk = s.ss_customer_sk)"}]}, {"Node Type": "Index Scan", "Parent Relationship": "Inner", "Parallel Aware": false, "Async Capable": false, "Scan Direction": "Forward", "Index Name": "customer_address_pkey", "Relation Name": "customer_address", "Alias": "a", "Startup Cost": 0.29, "Total Cost": 0.36, "Plan Rows": 1, "Plan Width": 7, "Index Cond": "(ca_address_sk = c.c_current_addr_sk)"}]}]}]}, {"Node Type": "Index Scan", "Parent Relationship": "Inner", "Parallel Aware": false, "Async Capable": false, "Scan Direction": "Forward", "Index Name": "item_pkey", "Relation Name": "item", "Alias": "i", "Startup Cost": 0.29, "Total Cost": 1513.81, "Plan Rows": 1, "Plan Width": 4, "Index Cond": "(i_item_sk = s.ss_item_sk)", "Filter": "(i_current_price > (1.2 * (SubPlan 2)))", "Plans": [{"Node Type": "Aggregate", "Strategy": "Plain", "Partial Mode": "Simple", "Parent Relationship": "SubPlan", "Subplan Name": "SubPlan 2", "Parallel Aware": false, "Async Capable": false, "Startup Cost": 1513.49, "Total Cost": 1513.5, "Plan Rows": 1, "Plan Width": 32, "Plans": [{"Node Type": "Seq Scan", "Parent Relationship": "Outer", "Parallel Aware": false, "Async Capable": false, "Relation Name": "item", "Alias": "j", "Startup Cost": 0.0, "Total Cost": 1509.0, "Plan Rows": 1796, "Plan Width": 6, "Filter": "(i_category = i.i_category)"}]}]}]}]}]}]}}