{"Plan": {"Node Type": "Index Only Scan", "Parallel Aware": false, "Async Capable": false, "Scan Direction": "Forward", "Index Name": "reason_pkey", "Relation Name": "reason", "Alias": "reason", "Startup Cost": 959082.92, "Total Cost": 959090.95, "Plan Rows": 1, "Plan Width": 160, "Index Cond": "(r_reason_sk = 1)", "Plans": [{"Node Type": "Aggregate", "Strategy": "Plain", "Partial Mode": "Finalize", "Parent Relationship": "InitPlan", "Subplan Name": "InitPlan 1 (returns $1)", "Parallel Aware": false, "Async Capable": false, "Startup Cost": 63929.24, "Total Cost": 63929.25, "Plan Rows": 1, "Plan Width": 8, "Plans": [{"Node Type": "Gather", "Parent Relationship": "Outer", "Parallel Aware": false, "Async Capable": false, "Startup Cost": 63928.82, "Total Cost": 63929.23, "Plan Rows": 4, "Plan Width": 8, "Workers Planned": 4, "Single Copy": false, "Plans": [{"Node Type": "Aggregate", "Strategy": "Plain", "Partial Mode": "Partial", "Parent Relationship": "Outer", "Parallel Aware": false, "Async Capable": false, "Startup Cost": 62928.82, "Total Cost": 62928.83, "Plan Rows": 1, "Plan Width": 8, "Plans": [{"Node Type": "Seq Scan", "Parent Relationship": "Outer", "Parallel Aware": true, "Async Capable": false, "Relation Name": "store_sales", "Alias": "store_sales", "Startup Cost": 0.0, "Total Cost": 62594.78, "Plan Rows": 133618, "Plan Width": 0, "Filter": "((ss_quantity >= 1) AND (ss_quantity <= 20))"}]}]}]}, {"Node Type": "Aggregate", "Strategy": "Plain", "Partial Mode": "Finalize", "Parent Relationship": "InitPlan", "Subplan Name": "InitPlan 2 (returns $3)", "Parallel Aware": false, "Async Capable": false, "Startup Cost": 63929.26, "Total Cost": 63929.27, "Plan Rows": 1, "Plan Width": 32, "Plans": [{"Node Type": "Gather", "Parent Relationship": "Outer", "Parallel Aware": false, "Async Capable": false, "Startup Cost": 63928.82, "Total Cost": 63929.23, "Plan Rows": 4, "Plan Width": 32, "Workers Planned": 4, "Single Copy": false, "Plans": [{"Node Type": "Aggregate", "Strategy": "Plain", "Partial Mode": "Partial", "Parent Relationship": "Outer", "Parallel Aware": false, "Async Capable": false, "Startup Cost": 62928.82, "Total Cost": 62928.83, "Plan Rows": 1, "Plan Width": 32, "Plans": [{"Node Type": "Seq Scan", "Parent Relationship": "Outer", "Parallel Aware": true, "Async Capable": false, "Relation Name": "store_sales", "Alias": "store_sales_1", "Startup Cost": 0.0, "Total Cost": 62594.78, "Plan Rows": 133618, "Plan Width": 3, "Filter": "((ss_quantity >= 1) AND (ss_quantity <= 20))"}]}]}]}, {"Node Type": "Aggregate", "Strategy": "Plain", "Partial Mode": "Finalize", "Parent Relationship": "InitPlan", "Subplan Name": "InitPlan 3 (returns $5)", "Parallel Aware": false, "Async Capable": false, "Startup Cost": 63929.26, "Total Cost": 63929.27, "Plan Rows": 1, "Plan Width": 32, "Plans": [{"Node Type": "Gather", "Parent Relationship": "Outer", "Parallel Aware": false, "Async Capable": false, "Startup Cost": 63928.82, "Total Cost": 63929.23, "Plan Rows": 4, "Plan Width": 32, "Workers Planned": 4, "Single Copy": false, "Plans": [{"Node Type": "Aggregate", "Strategy": "Plain", "Partial Mode": "Partial", "Parent Relationship": "Outer", "Parallel Aware": false, "Async Capable": false, "Startup Cost": 62928.82, "Total Cost": 62928.83, "Plan Rows": 1, "Plan Width": 32, "Plans": [{"Node Type": "Seq Scan", "Parent Relationship": "Outer", "Parallel Aware": true, "Async Capable": false, "Relation Name": "store_sales", "Alias": "store_sales_2", "Startup Cost": 0.0, "Total Cost": 62594.78, "Plan Rows": 133618, "Plan Width": 6, "Filter": "((ss_quantity >= 1) AND (ss_quantity <= 20))"}]}]}]}, {"Node Type": "Aggregate", "Strategy": "Plain", "Partial Mode": "Finalize", "Parent Relationship": "InitPlan", "Subplan Name": "InitPlan 4 (returns $7)", "Parallel Aware": false, "Async Capable": false, "Startup Cost": 63942.99, "Total Cost": 63943.0, "Plan Rows": 1, "Plan Width": 8, "Plans": [{"Node Type": "Gather", "Parent Relationship": "Outer", "Parallel Aware": false, "Async Capable": false, "Startup Cost": 63942.57, "Total Cost": 63942.98, "Plan Rows": 4, "Plan Width": 8, "Workers Planned": 4, "Single Copy": false, "Plans": [{"Node Type": "Aggregate", "Strategy": "Plain", "Partial Mode": "Partial", "Parent Relationship": "Outer", "Parallel Aware": false, "Async Capable": false, "Startup Cost": 62942.57, "Total Cost": 62942.58, "Plan Rows": 1, "Plan Width": 8, "Plans": [{"Node Type": "Seq Scan", "Parent Relationship": "Outer", "Parallel Aware": true, "Async Capable": false, "Relation Name": "store_sales", "Alias": "store_sales_3", "Startup Cost": 0.0, "Total Cost": 62594.78, "Plan Rows": 139116, "Plan Width": 0, "Filter": "((ss_quantity >= 21) AND (ss_quantity <= 40))"}]}]}]}, {"Node Type": "Aggregate", "Strategy": "Plain", "Partial Mode": "Finalize", "Parent Relationship": "InitPlan", "Subplan Name": "InitPlan 5 (returns $9)", "Parallel Aware": false, "Async Capable": false, "Startup Cost": 63943.0, "Total Cost": 63943.01, "Plan Rows": 1, "Plan Width": 32, "Plans": [{"Node Type": "Gather", "Parent Relationship": "Outer", "Parallel Aware": false, "Async Capable": false, "Startup Cost": 63942.57, "Total Cost": 63942.98, "Plan Rows": 4, "Plan Width": 32, "Workers Planned": 4, "Single Copy": false, "Plans": [{"Node Type": "Aggregate", "Strategy": "Plain", "Partial Mode": "Partial", "Parent Relationship": "Outer", "Parallel Aware": false, "Async Capable": false, "Startup Cost": 62942.57, "Total Cost": 62942.58, "Plan Rows": 1, "Plan Width": 32, "Plans": [{"Node Type": "Seq Scan", "Parent Relationship": "Outer", "Parallel Aware": true, "Async Capable": false, "Relation Name": "store_sales", "Alias": "store_sales_4", "Startup Cost": 0.0, "Total Cost": 62594.78, "Plan Rows": 139116, "Plan Width": 3, "Filter": "((ss_quantity >= 21) AND (ss_quantity <= 40))"}]}]}]}, {"Node Type": "Aggregate", "Strategy": "Plain", "Partial Mode": "Finalize", "Parent Relationship": "InitPlan", "Subplan Name": "InitPlan 6 (returns $11)", "Parallel Aware": false, "Async Capable": false, "Startup Cost": 63943.0, "Total Cost": 63943.01, "Plan Rows": 1, "Plan Width": 32, "Plans": [{"Node Type": "Gather", "Parent Relationship": "Outer", "Parallel Aware": false, "Async Capable": false, "Startup Cost": 63942.57, "Total Cost": 63942.98, "Plan Rows": 4, "Plan Width": 32, "Workers Planned": 4, "Single Copy": false, "Plans": [{"Node Type": "Aggregate", "Strategy": "Plain", "Partial Mode": "Partial", "Parent Relationship": "Outer", "Parallel Aware": false, "Async Capable": false, "Startup Cost": 62942.57, "Total Cost": 62942.58, "Plan Rows": 1, "Plan Width": 32, "Plans": [{"Node Type": "Seq Scan", "Parent Relationship": "Outer", "Parallel Aware": true, "Async Capable": false, "Relation Name": "store_sales", "Alias": "store_sales_5", "Startup Cost": 0.0, "Total Cost": 62594.78, "Plan Rows": 139116, "Plan Width": 6, "Filter": "((ss_quantity >= 21) AND (ss_quantity <= 40))"}]}]}]}, {"Node Type": "Aggregate", "Strategy": "Plain", "Partial Mode": "Finalize", "Parent Relationship": "InitPlan", "Subplan Name": "InitPlan 7 (returns $13)", "Parallel Aware": false, "Async Capable": false, "Startup Cost": 63944.19, "Total Cost": 63944.2, "Plan Rows": 1, "Plan Width": 8, "Plans": [{"Node Type": "Gather", "Parent Relationship": "Outer", "Parallel Aware": false, "Async Capable": false, "Startup Cost": 63943.76, "Total Cost": 63944.18, "Plan Rows": 4, "Plan Width": 8, "Workers Planned": 4, "Single Copy": false, "Plans": [{"Node Type": "Aggregate", "Strategy": "Plain", "Partial Mode": "Partial", "Parent Relationship": "Outer", "Parallel Aware": false, "Async Capable": false, "Startup Cost": 62943.76, "Total Cost": 62943.78, "Plan Rows": 1, "Plan Width": 8, "Plans": [{"Node Type": "Seq Scan", "Parent Relationship": "Outer", "Parallel Aware": true, "Async Capable": false, "Relation Name": "store_sales", "Alias": "store_sales_6", "Startup Cost": 0.0, "Total Cost": 62594.78, "Plan Rows": 139596, "Plan Width": 0, "Filter": "((ss_quantity >= 41) AND (ss_quantity <= 60))"}]}]}]}, {"Node Type": "Aggregate", "Strategy": "Plain", "Partial Mode": "Finalize", "Parent Relationship": "InitPlan", "Subplan Name": "InitPlan 8 (returns $15)", "Parallel Aware": false, "Async Capable": false, "Startup Cost": 63944.2, "Total Cost": 63944.21, "Plan Rows": 1, "Plan Width": 32, "Plans": [{"Node Type": "Gather", "Parent Relationship": "Outer", "Parallel Aware": false, "Async Capable": false, "Startup Cost": 63943.77, "Total Cost": 63944.18, "Plan Rows": 4, "Plan Width": 32, "Workers Planned": 4, "Single Copy": false, "Plans": [{"Node Type": "Aggregate", "Strategy": "Plain", "Partial Mode": "Partial", "Parent Relationship": "Outer", "Parallel Aware": false, "Async Capable": false, "Startup Cost": 62943.77, "Total Cost": 62943.78, "Plan Rows": 1, "Plan Width": 32, "Plans": [{"Node Type": "Seq Scan", "Parent Relationship": "Outer", "Parallel Aware": true, "Async Capable": false, "Relation Name": "store_sales", "Alias": "store_sales_7", "Startup Cost": 0.0, "Total Cost": 62594.78, "Plan Rows": 139596, "Plan Width": 3, "Filter": "((ss_quantity >= 41) AND (ss_quantity <= 60))"}]}]}]}, {"Node Type": "Aggregate", "Strategy": "Plain", "Partial Mode": "Finalize", "Parent Relationship": "InitPlan", "Subplan Name": "InitPlan 9 (returns $17)", "Parallel Aware": false, "Async Capable": false, "Startup Cost": 63944.2, "Total Cost": 63944.21, "Plan Rows": 1, "Plan Width": 32, "Plans": [{"Node Type": "Gather", "Parent Relationship": "Outer", "Parallel Aware": false, "Async Capable": false, "Startup Cost": 63943.77, "Total Cost": 63944.18, "Plan Rows": 4, "Plan Width": 32, "Workers Planned": 4, "Single Copy": false, "Plans": [{"Node Type": "Aggregate", "Strategy": "Plain", "Partial Mode": "Partial", "Parent Relationship": "Outer", "Parallel Aware": false, "Async Capable": false, "Startup Cost": 62943.77, "Total Cost": 62943.78, "Plan Rows": 1, "Plan Width": 32, "Plans": [{"Node Type": "Seq Scan", "Parent Relationship": "Outer", "Parallel Aware": true, "Async Capable": false, "Relation Name": "store_sales", "Alias": "store_sales_8", "Startup Cost": 0.0, "Total Cost": 62594.78, "Plan Rows": 139596, "Plan Width": 6, "Filter": "((ss_quantity >= 41) AND (ss_quantity <= 60))"}]}]}]}, {"Node Type": "Aggregate", "Strategy": "Plain", "Partial Mode": "Finalize", "Parent Relationship": "InitPlan", "Subplan Name": "InitPlan 10 (returns $19)", "Parallel Aware": false, "Async Capable": false, "Startup Cost": 63934.4, "Total Cost": 63934.41, "Plan Rows": 1, "Plan Width": 8, "Plans": [{"Node Type": "Gather", "Parent Relationship": "Outer", "Parallel Aware": false, "Async Capable": false, "Startup Cost": 63933.98, "Total Cost": 63934.39, "Plan Rows": 4, "Plan Width": 8, "Workers Planned": 4, "Single Copy": false, "Plans": [{"Node Type": "Aggregate", "Strategy": "Plain", "Partial Mode": "Partial", "Parent Relationship": "Outer", "Parallel Aware": false, "Async Capable": false, "Startup Cost": 62933.98, "Total Cost": 62933.99, "Plan Rows": 1, "Plan Width": 8, "Plans": [{"Node Type": "Seq Scan", "Parent Relationship": "Outer", "Parallel Aware": true, "Async Capable": false, "Relation Name": "store_sales", "Alias": "store_sales_9", "Startup Cost": 0.0, "Total Cost": 62594.78, "Plan Rows": 135683, "Plan Width": 0, "Filter": "((ss_quantity >= 61) AND (ss_quantity <= 80))"}]}]}]}, {"Node Type": "Aggregate", "Strategy": "Plain", "Partial Mode": "Finalize", "Parent Relationship": "InitPlan", "Subplan Name": "InitPlan 11 (returns $21)", "Parallel Aware": false, "Async Capable": false, "Startup Cost": 63934.42, "Total Cost": 63934.43, "Plan Rows": 1, "Plan Width": 32, "Plans": [{"Node Type": "Gather", "Parent Relationship": "Outer", "Parallel Aware": false, "Async Capable": false, "Startup Cost": 63933.99, "Total Cost": 63934.4, "Plan Rows": 4, "Plan Width": 32, "Workers Planned": 4, "Single Copy": false, "Plans": [{"Node Type": "Aggregate", "Strategy": "Plain", "Partial Mode": "Partial", "Parent Relationship": "Outer", "Parallel Aware": false, "Async Capable": false, "Startup Cost": 62933.99, "Total Cost": 62934.0, "Plan Rows": 1, "Plan Width": 32, "Plans": [{"Node Type": "Seq Scan", "Parent Relationship": "Outer", "Parallel Aware": true, "Async Capable": false, "Relation Name": "store_sales", "Alias": "store_sales_10", "Startup Cost": 0.0, "Total Cost": 62594.78, "Plan Rows": 135683, "Plan Width": 3, "Filter": "((ss_quantity >= 61) AND (ss_quantity <= 80))"}]}]}]}, {"Node Type": "Aggregate", "Strategy": "Plain", "Partial Mode": "Finalize", "Parent Relationship": "InitPlan", "Subplan Name": "InitPlan 12 (returns $23)", "Parallel Aware": false, "Async Capable": false, "Startup Cost": 63934.42, "Total Cost": 63934.43, "Plan Rows": 1, "Plan Width": 32, "Plans": [{"Node Type": "Gather", "Parent Relationship": "Outer", "Parallel Aware": false, "Async Capable": false, "Startup Cost": 63933.99, "Total Cost": 63934.4, "Plan Rows": 4, "Plan Width": 32, "Workers Planned": 4, "Single Copy": false, "Plans": [{"Node Type": "Aggregate", "Strategy": "Plain", "Partial Mode": "Partial", "Parent Relationship": "Outer", "Parallel Aware": false, "Async Capable": false, "Startup Cost": 62933.99, "Total Cost": 62934.0, "Plan Rows": 1, "Plan Width": 32, "Plans": [{"Node Type": "Seq Scan", "Parent Relationship": "Outer", "Parallel Aware": true, "Async Capable": false, "Relation Name": "store_sales", "Alias": "store_sales_11", "Startup Cost": 0.0, "Total Cost": 62594.78, "Plan Rows": 135683, "Plan Width": 6, "Filter": "((ss_quantity >= 61) AND (ss_quantity <= 80))"}]}]}]}, {"Node Type": "Aggregate", "Strategy": "Plain", "Partial Mode": "Finalize", "Parent Relationship": "InitPlan", "Subplan Name": "InitPlan 13 (returns $25)", "Parallel Aware": false, "Async Capable": false, "Startup Cost": 63943.35, "Total Cost": 63943.36, "Plan Rows": 1, "Plan Width": 8, "Plans": [{"Node Type": "Gather", "Parent Relationship": "Outer", "Parallel Aware": false, "Async Capable": false, "Startup Cost": 63942.93, "Total Cost": 63943.34, "Plan Rows": 4, "Plan Width": 8, "Workers Planned": 4, "Single Copy": false, "Plans": [{"Node Type": "Aggregate", "Strategy": "Plain", "Partial Mode": "Partial", "Parent Relationship": "Outer", "Parallel Aware": false, "Async Capable": false, "Startup Cost": 62942.93, "Total Cost": 62942.94, "Plan Rows": 1, "Plan Width": 8, "Plans": [{"Node Type": "Seq Scan", "Parent Relationship": "Outer", "Parallel Aware": true, "Async Capable": false, "Relation Name": "store_sales", "Alias": "store_sales_12", "Startup Cost": 0.0, "Total Cost": 62594.78, "Plan Rows": 139260, "Plan Width": 0, "Filter": "((ss_quantity >= 81) AND (ss_quantity <= 100))"}]}]}]}, {"Node Type": "Aggregate", "Strategy": "Plain", "Partial Mode": "Finalize", "Parent Relationship": "InitPlan", "Subplan Name": "InitPlan 14 (returns $27)", "Parallel Aware": false, "Async Capable": false, "Startup Cost": 63943.36, "Total Cost": 63943.37, "Plan Rows": 1, "Plan Width": 32, "Plans": [{"Node Type": "Gather", "Parent Relationship": "Outer", "Parallel Aware": false, "Async Capable": false, "Startup Cost": 63942.93, "Total Cost": 63943.34, "Plan Rows": 4, "Plan Width": 32, "Workers Planned": 4, "Single Copy": false, "Plans": [{"Node Type": "Aggregate", "Strategy": "Plain", "Partial Mode": "Partial", "Parent Relationship": "Outer", "Parallel Aware": false, "Async Capable": false, "Startup Cost": 62942.93, "Total Cost": 62942.94, "Plan Rows": 1, "Plan Width": 32, "Plans": [{"Node Type": "Seq Scan", "Parent Relationship": "Outer", "Parallel Aware": true, "Async Capable": false, "Relation Name": "store_sales", "Alias": "store_sales_13", "Startup Cost": 0.0, "Total Cost": 62594.78, "Plan Rows": 139260, "Plan Width": 3, "Filter": "((ss_quantity >= 81) AND (ss_quantity <= 100))"}]}]}]}, {"Node Type": "Aggregate", "Strategy": "Plain", "Partial Mode": "Finalize", "Parent Relationship": "InitPlan", "Subplan Name": "InitPlan 15 (returns $29)", "Parallel Aware": false, "Async Capable": false, "Startup Cost": 63943.36, "Total Cost": 63943.37, "Plan Rows": 1, "Plan Width": 32, "Plans": [{"Node Type": "Gather", "Parent Relationship": "Outer", "Parallel Aware": false, "Async Capable": false, "Startup Cost": 63942.93, "Total Cost": 63943.34, "Plan Rows": 4, "Plan Width": 32, "Workers Planned": 4, "Single Copy": false, "Plans": [{"Node Type": "Aggregate", "Strategy": "Plain", "Partial Mode": "Partial", "Parent Relationship": "Outer", "Parallel Aware": false, "Async Capable": false, "Startup Cost": 62942.93, "Total Cost": 62942.94, "Plan Rows": 1, "Plan Width": 32, "Plans": [{"Node Type": "Seq Scan", "Parent Relationship": "Outer", "Parallel Aware": true, "Async Capable": false, "Relation Name": "store_sales", "Alias": "store_sales_14", "Startup Cost": 0.0, "Total Cost": 62594.78, "Plan Rows": 139260, "Plan Width": 6, "Filter": "((ss_quantity >= 81) AND (ss_quantity <= 100))"}]}]}]}]}}