{"Plan": {"Node Type": "Limit", "Parallel Aware": false, "Async Capable": false, "Startup Cost": 281053.33, "Total Cost": 281053.37, "Plan Rows": 13, "Plan Width": 108, "Plans": [{"Node Type": "Hash Join", "Parent Relationship": "InitPlan", "Subplan Name": "CTE cross_items", "Parallel Aware": false, "Async Capable": false, "Join Type": "Inner", "Startup Cost": 147188.63, "Total Cost": 148794.38, "Plan Rows": 1, "Plan Width": 4, "Inner Unique": true, "Hash Cond": "((item_3.i_brand_id = sq1.brand_id) AND (item_3.i_class_id = sq1.class_id) AND (item_3.i_category_id = sq1.category_id))", "Plans": [{"Node Type": "Seq Scan", "Parent Relationship": "Outer", "Parallel Aware": false, "Async Capable": false, "Relation Name": "item", "Alias": "item_3", "Startup Cost": 0.0, "Total Cost": 1464.0, "Plan Rows": 18000, "Plan Width": 16}, {"Node Type": "Hash", "Parent Relationship": "Inner", "Parallel Aware": false, "Async Capable": false, "Startup Cost": 147157.13, "Total Cost": 147157.13, "Plan Rows": 1800, "Plan Width": 12, "Plans": [{"Node Type": "Subquery Scan", "Parent Relationship": "Outer", "Parallel Aware": false, "Async Capable": false, "Alias": "sq1", "Startup Cost": 4598.69, "Total Cost": 147157.13, "Plan Rows": 1800, "Plan Width": 12, "Plans": [{"Node Type": "SetOp", "Strategy": "Hashed", "Parent Relationship": "Subquery", "Parallel Aware": false, "Async Capable": false, "Command": "Intersect", "Startup Cost": 4598.69, "Total Cost": 147157.13, "Plan Rows": 1800, "Plan Width": 16, "Plans": [{"Node Type": "Append", "Parent Relationship": "Outer", "Parallel Aware": false, "Async Capable": false, "Startup Cost": 4598.69, "Total Cost": 147064.16, "Plan Rows": 12396, "Plan Width": 16, "Subplans Removed": 0, "Plans": [{"Node Type": "Result", "Parent Relationship": "Member", "Parallel Aware": false, "Async Capable": false, "Startup Cost": 4598.69, "Total Cost": 119938.49, "Plan Rows": 1800, "Plan Width": 16, "Plans": [{"Node Type": "SetOp", "Strategy": "Hashed", "Parent Relationship": "Outer", "Parallel Aware": false, "Async Capable": false, "Command": "Intersect", "Startup Cost": 4598.69, "Total Cost": 119920.49, "Plan Rows": 1800, "Plan Width": 16, "Plans": [{"Node Type": "Append", "Parent Relationship": "Outer", "Parallel Aware": false, "Async Capable": false, "Startup Cost": 4598.69, "Total Cost": 119443.0, "Plan Rows": 63666, "Plan Width": 16, "Subplans Removed": 0, "Plans": [{"Node Type": "Subquery Scan", "Parent Relationship": "Member", "Parallel Aware": false, "Async Capable": false, "Alias": "*SELECT* 1", "Startup Cost": 4598.69, "Total Cost": 70178.62, "Plan Rows": 42433, "Plan Width": 16, "Plans": [{"Node Type": "Gather", "Parent Relationship": "Subquery", "Parallel Aware": false, "Async Capable": false, "Startup Cost": 4598.69, "Total Cost": 69754.29, "Plan Rows": 42433, "Plan Width": 12, "Workers Planned": 4, "Single Copy": false, "Plans": [{"Node Type": "Hash Join", "Parent Relationship": "Outer", "Parallel Aware": true, "Async Capable": false, "Join Type": "Inner", "Startup Cost": 3598.69, "Total Cost": 64510.99, "Plan Rows": 10608, "Plan Width": 12, "Inner Unique": true, "Hash Cond": "(store_sales_1.ss_item_sk = iss.i_item_sk)", "Plans": [{"Node Type": "Hash Join", "Parent Relationship": "Outer", "Parallel Aware": true, "Async Capable": false, "Join Type": "Inner", "Startup Cost": 2076.46, "Total Cost": 62960.9, "Plan Rows": 10608, "Plan Width": 4, "Inner Unique": true, "Hash Cond": "(store_sales_1.ss_sold_date_sk = d1.d_date_sk)", "Plans": [{"Node Type": "Seq Scan", "Parent Relationship": "Outer", "Parallel Aware": true, "Async Capable": false, "Relation Name": "store_sales", "Alias": "store_sales_1", "Startup Cost": 0.0, "Total Cost": 58993.85, "Plan Rows": 720185, "Plan Width": 8}, {"Node Type": "Hash", "Parent Relationship": "Inner", "Parallel Aware": true, "Async Capable": false, "Startup Cost": 2068.55, "Total Cost": 2068.55, "Plan Rows": 633, "Plan Width": 4, "Plans": [{"Node Type": "Seq Scan", "Parent Relationship": "Outer", "Parallel Aware": true, "Async Capable": false, "Relation Name": "date_dim", "Alias": "d1", "Startup Cost": 0.0, "Total Cost": 2068.55, "Plan Rows": 633, "Plan Width": 4, "Filter": "((d_year >= 1999) AND (d_year <= 2001))"}]}]}, {"Node Type": "Hash", "Parent Relationship": "Inner", "Parallel Aware": true, "Async Capable": false, "Startup Cost": 1389.88, "Total Cost": 1389.88, "Plan Rows": 10588, "Plan Width": 16, "Plans": [{"Node Type": "Seq Scan", "Parent Relationship": "Outer", "Parallel Aware": true, "Async Capable": false, "Relation Name": "item", "Alias": "iss", "Startup Cost": 0.0, "Total Cost": 1389.88, "Plan Rows": 10588, "Plan Width": 16}]}]}]}]}, {"Node Type": "Subquery Scan", "Parent Relationship": "Member", "Parallel Aware": false, "Async Capable": false, "Alias": "*SELECT* 2", "Startup Cost": 4598.69, "Total Cost": 48946.05, "Plan Rows": 21233, "Plan Width": 16, "Plans": [{"Node Type": "Gather", "Parent Relationship": "Subquery", "Parallel Aware": false, "Async Capable": false, "Startup Cost": 4598.69, "Total Cost": 48733.72, "Plan Rows": 21233, "Plan Width": 12, "Workers Planned": 4, "Single Copy": false, "Plans": [{"Node Type": "Hash Join", "Parent Relationship": "Outer", "Parallel Aware": true, "Async Capable": false, "Join Type": "Inner", "Startup Cost": 3598.69, "Total Cost": 45610.42, "Plan Rows": 5308, "Plan Width": 12, "Inner Unique": true, "Hash Cond": "(catalog_sales_1.cs_item_sk = ics.i_item_sk)", "Plans": [{"Node Type": "Hash Join", "Parent Relationship": "Outer", "Parallel Aware": true, "Async Capable": false, "Join Type": "Inner", "Startup Cost": 2076.46, "Total Cost": 44074.26, "Plan Rows": 5308, "Plan Width": 4, "Inner Unique": true, "Hash Cond": "(catalog_sales_1.cs_sold_date_sk = d2.d_date_sk)", "Plans": [{"Node Type": "Seq Scan", "Parent Relationship": "Outer", "Parallel Aware": true, "Async Capable": false, "Relation Name": "catalog_sales", "Alias": "catalog_sales_1", "Startup Cost": 0.0, "Total Cost": 41051.75, "Plan Rows": 360375, "Plan Width": 8}, {"Node Type": "Hash", "Parent Relationship": "Inner", "Parallel Aware": true, "Async Capable": false, "Startup Cost": 2068.55, "Total Cost": 2068.55, "Plan Rows": 633, "Plan Width": 4, "Plans": [{"Node Type": "Seq Scan", "Parent Relationship": "Outer", "Parallel Aware": true, "Async Capable": false, "Relation Name": "date_dim", "Alias": "d2", "Startup Cost": 0.0, "Total Cost": 2068.55, "Plan Rows": 633, "Plan Width": 4, "Filter": "((d_year >= 1999) AND (d_year <= 2001))"}]}]}, {"Node Type": "Hash", "Parent Relationship": "Inner", "Parallel Aware": true, "Async Capable": false, "Startup Cost": 1389.88, "Total Cost": 1389.88, "Plan Rows": 10588, "Plan Width": 16, "Plans": [{"Node Type": "Seq Scan", "Parent Relationship": "Outer", "Parallel Aware": true, "Async Capable": false, "Relation Name": "item", "Alias": "ics", "Startup Cost": 0.0, "Total Cost": 1389.88, "Plan Rows": 10588, "Plan Width": 16}]}]}]}]}]}]}]}, {"Node Type": "Subquery Scan", "Parent Relationship": "Member", "Parallel Aware": false, "Async Capable": false, "Alias": "*SELECT* 3", "Startup Cost": 3076.75, "Total Cost": 27063.69, "Plan Rows": 10596, "Plan Width": 16, "Plans": [{"Node Type": "Gather", "Parent Relationship": "Subquery", "Parallel Aware": false, "Async Capable": false, "Startup Cost": 3076.75, "Total Cost": 26957.73, "Plan Rows": 10596, "Plan Width": 12, "Workers Planned": 3, "Single Copy": false, "Plans": [{"Node Type": "Nested Loop", "Parent Relationship": "Outer", "Parallel Aware": false, "Async Capable": false, "Join Type": "Inner", "Startup Cost": 2076.75, "Total Cost": 24898.13, "Plan Rows": 3418, "Plan Width": 12, "Inner Unique": true, "Plans": [{"Node Type": "Hash Join", "Parent Relationship": "Outer", "Parallel Aware": true, "Async Capable": false, "Join Type": "Inner", "Startup Cost": 2076.46, "Total Cost": 23830.24, "Plan Rows": 3418, "Plan Width": 4, "Inner Unique": true, "Hash Cond": "(web_sales_1.ws_sold_date_sk = d3.d_date_sk)", "Plans": [{"Node Type": "Seq Scan", "Parent Relationship": "Outer", "Parallel Aware": true, "Async Capable": false, "Relation Name": "web_sales", "Alias": "web_sales_1", "Startup Cost": 0.0, "Total Cost": 21144.59, "Plan Rows": 232059, "Plan Width": 8}, {"Node Type": "Hash", "Parent Relationship": "Inner", "Parallel Aware": true, "Async Capable": false, "Startup Cost": 2068.55, "Total Cost": 2068.55, "Plan Rows": 633, "Plan Width": 4, "Plans": [{"Node Type": "Seq Scan", "Parent Relationship": "Outer", "Parallel Aware": true, "Async Capable": false, "Relation Name": "date_dim", "Alias": "d3", "Startup Cost": 0.0, "Total Cost": 2068.55, "Plan Rows": 633, "Plan Width": 4, "Filter": "((d_year >= 1999) AND (d_year <= 2001))"}]}]}, {"Node Type": "Index Scan", "Parent Relationship": "Inner", "Parallel Aware": false, "Async Capable": false, "Scan Direction": "Forward", "Index Name": "item_pkey", "Relation Name": "item", "Alias": "iws", "Startup Cost": 0.29, "Total Cost": 0.31, "Plan Rows": 1, "Plan Width": 16, "Index Cond": "(i_item_sk = web_sales_1.ws_item_sk)"}]}]}]}]}]}]}]}]}, {"Node Type": "Aggregate", "Strategy": "Plain", "Partial Mode": "Finalize", "Parent Relationship": "InitPlan", "Subplan Name": "CTE avg_sales", "Parallel Aware": false, "Async Capable": false, "Startup Cost": 132097.9, "Total Cost": 132097.91, "Plan Rows": 1, "Plan Width": 32, "Plans": [{"Node Type": "Gather", "Parent Relationship": "Outer", "Parallel Aware": false, "Async Capable": false, "Startup Cost": 132097.46, "Total Cost": 132097.87, "Plan Rows": 4, "Plan Width": 32, "Workers Planned": 4, "Single Copy": false, "Plans": [{"Node Type": "Aggregate", "Strategy": "Plain", "Partial Mode": "Partial", "Parent Relationship": "Outer", "Parallel Aware": false, "Async Capable": false, "Startup Cost": 131097.46, "Total Cost": 131097.47, "Plan Rows": 1, "Plan Width": 32, "Plans": [{"Node Type": "Append", "Parent Relationship": "Outer", "Parallel Aware": true, "Async Capable": false, "Startup Cost": 2076.46, "Total Cost": 130958.22, "Plan Rows": 18565, "Plan Width": 10, "Subplans Removed": 0, "Plans": [{"Node Type": "Hash Join", "Parent Relationship": "Member", "Parallel Aware": true, "Async Capable": false, "Join Type": "Inner", "Startup Cost": 2076.46, "Total Cost": 62960.9, "Plan Rows": 10608, "Plan Width": 10, "Inner Unique": true, "Hash Cond": "(store_sales_2.ss_sold_date_sk = date_dim_3.d_date_sk)", "Plans": [{"Node Type": "Seq Scan", "Parent Relationship": "Outer", "Parallel Aware": true, "Async Capable": false, "Relation Name": "store_sales", "Alias": "store_sales_2", "Startup Cost": 0.0, "Total Cost": 58993.85, "Plan Rows": 720185, "Plan Width": 14}, {"Node Type": "Hash", "Parent Relationship": "Inner", "Parallel Aware": true, "Async Capable": false, "Startup Cost": 2068.55, "Total Cost": 2068.55, "Plan Rows": 633, "Plan Width": 4, "Plans": [{"Node Type": "Seq Scan", "Parent Relationship": "Outer", "Parallel Aware": true, "Async Capable": false, "Relation Name": "date_dim", "Alias": "date_dim_3", "Startup Cost": 0.0, "Total Cost": 2068.55, "Plan Rows": 633, "Plan Width": 4, "Filter": "((d_year >= 1999) AND (d_year <= 2001))"}]}]}, {"Node Type": "Hash Join", "Parent Relationship": "Member", "Parallel Aware": true, "Async Capable": false, "Join Type": "Inner", "Startup Cost": 2076.46, "Total Cost": 44074.26, "Plan Rows": 5308, "Plan Width": 10, "Inner Unique": true, "Hash Cond": "(catalog_sales_2.cs_sold_date_sk = date_dim_4.d_date_sk)", "Plans": [{"Node Type": "Seq Scan", "Parent Relationship": "Outer", "Parallel Aware": true, "Async Capable": false, "Relation Name": "catalog_sales", "Alias": "catalog_sales_2", "Startup Cost": 0.0, "Total Cost": 41051.75, "Plan Rows": 360375, "Plan Width": 14}, {"Node Type": "Hash", "Parent Relationship": "Inner", "Parallel Aware": true, "Async Capable": false, "Startup Cost": 2068.55, "Total Cost": 2068.55, "Plan Rows": 633, "Plan Width": 4, "Plans": [{"Node Type": "Seq Scan", "Parent Relationship": "Outer", "Parallel Aware": true, "Async Capable": false, "Relation Name": "date_dim", "Alias": "date_dim_4", "Startup Cost": 0.0, "Total Cost": 2068.55, "Plan Rows": 633, "Plan Width": 4, "Filter": "((d_year >= 1999) AND (d_year <= 2001))"}]}]}, {"Node Type": "Hash Join", "Parent Relationship": "Member", "Parallel Aware": true, "Async Capable": false, "Join Type": "Inner", "Startup Cost": 2076.46, "Total Cost": 23830.24, "Plan Rows": 3418, "Plan Width": 10, "Inner Unique": true, "Hash Cond": "(web_sales_2.ws_sold_date_sk = date_dim_5.d_date_sk)", "Plans": [{"Node Type": "Seq Scan", "Parent Relationship": "Outer", "Parallel Aware": true, "Async Capable": false, "Relation Name": "web_sales", "Alias": "web_sales_2", "Startup Cost": 0.0, "Total Cost": 21144.59, "Plan Rows": 232059, "Plan Width": 14}, {"Node Type": "Hash", "Parent Relationship": "Inner", "Parallel Aware": true, "Async Capable": false, "Startup Cost": 2068.55, "Total Cost": 2068.55, "Plan Rows": 633, "Plan Width": 4, "Plans": [{"Node Type": "Seq Scan", "Parent Relationship": "Outer", "Parallel Aware": true, "Async Capable": false, "Relation Name": "date_dim", "Alias": "date_dim_5", "Startup Cost": 0.0, "Total Cost": 2068.55, "Plan Rows": 633, "Plan Width": 4, "Filter": "((d_year >= 1999) AND (d_year <= 2001))"}]}]}]}]}]}]}, {"Node Type": "Sort", "Parent Relationship": "Outer", "Parallel Aware": false, "Async Capable": false, "Startup Cost": 161.05, "Total Cost": 161.08, "Plan Rows": 13, "Plan Width": 108, "Sort Key": ["('store'::text) NULLS FIRST", "item.i_brand_id NULLS FIRST", "item.i_class_id NULLS FIRST", "item.i_category_id NULLS FIRST"], "Plans": [{"Node Type": "Aggregate", "Strategy": "Sorted", "Partial Mode": "Simple", "Parent Relationship": "Outer", "Parallel Aware": false, "Async Capable": false, "Startup Cost": 160.56, "Total Cost": 160.81, "Plan Rows": 13, "Plan Width": 108, "Grouping Sets": [{"Group Keys": [["('store'::text)", "item.i_brand_id", "item.i_class_id", "item.i_category_id"], ["('store'::text)", "item.i_brand_id", "item.i_class_id"], ["('store'::text)", "item.i_brand_id"], ["('store'::text)"], []]}], "Plans": [{"Node Type": "Sort", "Parent Relationship": "Outer", "Parallel Aware": false, "Async Capable": false, "Startup Cost": 160.56, "Total Cost": 160.57, "Plan Rows": 3, "Plan Width": 84, "Sort Key": ["('store'::text)", "item.i_brand_id", "item.i_class_id", "item.i_category_id"], "Plans": [{"Node Type": "Append", "Parent Relationship": "Outer", "Parallel Aware": false, "Async Capable": false, "Startup Cost": 82.85, "Total Cost": 160.54, "Plan Rows": 3, "Plan Width": 84, "Subplans Removed": 0, "Plans": [{"Node Type": "Aggregate", "Strategy": "Sorted", "Partial Mode": "Simple", "Parent Relationship": "Member", "Parallel Aware": false, "Async Capable": false, "Startup Cost": 82.85, "Total Cost": 82.88, "Plan Rows": 1, "Plan Width": 84, "Group Key": ["item.i_brand_id", "item.i_class_id", "item.i_category_id"], "Filter": "(sum(((store_sales.ss_quantity)::numeric * store_sales.ss_list_price)) > $7)", "Plans": [{"Node Type": "CTE Scan", "Parent Relationship": "InitPlan", "Subplan Name": "InitPlan 3 (returns $7)", "Parallel Aware": false, "Async Capable": false, "CTE Name": "avg_sales", "Alias": "avg_sales", "Startup Cost": 0.0, "Total Cost": 0.02, "Plan Rows": 1, "Plan Width": 32}, {"Node Type": "Sort", "Parent Relationship": "Outer", "Parallel Aware": false, "Async Capable": false, "Startup Cost": 82.83, "Total Cost": 82.83, "Plan Rows": 1, "Plan Width": 22, "Sort Key": ["item.i_brand_id", "item.i_class_id", "item.i_category_id"], "Plans": [{"Node Type": "Nested Loop", "Parent Relationship": "Outer", "Parallel Aware": false, "Async Capable": false, "Join Type": "Inner", "Startup Cost": 1.03, "Total Cost": 82.82, "Plan Rows": 1, "Plan Width": 22, "Inner Unique": true, "Plans": [{"Node Type": "Nested Loop", "Parent Relationship": "Outer", "Parallel Aware": false, "Async Capable": false, "Join Type": "Inner", "Startup Cost": 0.74, "Total Cost": 27.29, "Plan Rows": 175, "Plan Width": 26, "Inner Unique": false, "Plans": [{"Node Type": "Nested Loop", "Parent Relationship": "Outer", "Parallel Aware": false, "Async Capable": false, "Join Type": "Inner", "Startup Cost": 0.31, "Total Cost": 8.34, "Plan Rows": 1, "Plan Width": 20, "Inner Unique": true, "Plans": [{"Node Type": "Aggregate", "Strategy": "Hashed", "Partial Mode": "Simple", "Parent Relationship": "Outer", "Parallel Aware": false, "Async Capable": false, "Startup Cost": 0.02, "Total Cost": 0.03, "Plan Rows": 1, "Plan Width": 4, "Group Key": ["cross_items.ss_item_sk"], "Planned Partitions": 0, "Plans": [{"Node Type": "CTE Scan", "Parent Relationship": "Outer", "Parallel Aware": false, "Async Capable": false, "CTE Name": "cross_items", "Alias": "cross_items", "Startup Cost": 0.0, "Total Cost": 0.02, "Plan Rows": 1, "Plan Width": 4}]}, {"Node Type": "Index Scan", "Parent Relationship": "Inner", "Parallel Aware": false, "Async Capable": false, "Scan Direction": "Forward", "Index Name": "item_pkey", "Relation Name": "item", "Alias": "item", "Startup Cost": 0.29, "Total Cost": 8.3, "Plan Rows": 1, "Plan Width": 16, "Index Cond": "(i_item_sk = cross_items.ss_item_sk)"}]}, {"Node Type": "Index Scan", "Parent Relationship": "Inner", "Parallel Aware": false, "Async Capable": false, "Scan Direction": "Forward", "Index Name": "store_sales_pkey", "Relation Name": "store_sales", "Alias": "store_sales", "Startup Cost": 0.43, "Total Cost": 17.21, "Plan Rows": 175, "Plan Width": 18, "Index Cond": "(ss_item_sk = item.i_item_sk)"}]}, {"Node Type": "Index Scan", "Parent Relationship": "Inner", "Parallel Aware": false, "Async Capable": false, "Scan Direction": "Forward", "Index Name": "date_dim_pkey", "Relation Name": "date_dim", "Alias": "date_dim", "Startup Cost": 0.29, "Total Cost": 0.32, "Plan Rows": 1, "Plan Width": 4, "Index Cond": "(d_date_sk = store_sales.ss_sold_date_sk)", "Filter": "((d_year = 2001) AND (d_moy = 11))"}]}]}]}, {"Node Type": "Aggregate", "Strategy": "Sorted", "Partial Mode": "Simple", "Parent Relationship": "Member", "Parallel Aware": false, "Async Capable": false, "Startup Cost": 48.56, "Total Cost": 48.6, "Plan Rows": 1, "Plan Width": 84, "Group Key": ["item_1.i_brand_id", "item_1.i_class_id", "item_1.i_category_id"], "Filter": "(sum(((catalog_sales.cs_quantity)::numeric * catalog_sales.cs_list_price)) > $8)", "Plans": [{"Node Type": "CTE Scan", "Parent Relationship": "InitPlan", "Subplan Name": "InitPlan 4 (returns $8)", "Parallel Aware": false, "Async Capable": false, "CTE Name": "avg_sales", "Alias": "avg_sales_1", "Startup Cost": 0.0, "Total Cost": 0.02, "Plan Rows": 1, "Plan Width": 32}, {"Node Type": "Sort", "Parent Relationship": "Outer", "Parallel Aware": false, "Async Capable": false, "Startup Cost": 48.54, "Total Cost": 48.54, "Plan Rows": 1, "Plan Width": 22, "Sort Key": ["item_1.i_brand_id", "item_1.i_class_id", "item_1.i_category_id"], "Plans": [{"Node Type": "Nested Loop", "Parent Relationship": "Outer", "Parallel Aware": false, "Async Capable": false, "Join Type": "Inner", "Startup Cost": 1.03, "Total Cost": 48.53, "Plan Rows": 1, "Plan Width": 22, "Inner Unique": true, "Plans": [{"Node Type": "Nested Loop", "Parent Relationship": "Outer", "Parallel Aware": false, "Async Capable": false, "Join Type": "Inner", "Startup Cost": 0.74, "Total Cost": 20.73, "Plan Rows": 87, "Plan Width": 26, "Inner Unique": false, "Plans": [{"Node Type": "Nested Loop", "Parent Relationship": "Outer", "Parallel Aware": false, "Async Capable": false, "Join Type": "Inner", "Startup Cost": 0.31, "Total Cost": 8.34, "Plan Rows": 1, "Plan Width": 20, "Inner Unique": true, "Plans": [{"Node Type": "Aggregate", "Strategy": "Hashed", "Partial Mode": "Simple", "Parent Relationship": "Outer", "Parallel Aware": false, "Async Capable": false, "Startup Cost": 0.02, "Total Cost": 0.03, "Plan Rows": 1, "Plan Width": 4, "Group Key": ["cross_items_1.ss_item_sk"], "Planned Partitions": 0, "Plans": [{"Node Type": "CTE Scan", "Parent Relationship": "Outer", "Parallel Aware": false, "Async Capable": false, "CTE Name": "cross_items", "Alias": "cross_items_1", "Startup Cost": 0.0, "Total Cost": 0.02, "Plan Rows": 1, "Plan Width": 4}]}, {"Node Type": "Index Scan", "Parent Relationship": "Inner", "Parallel Aware": false, "Async Capable": false, "Scan Direction": "Forward", "Index Name": "item_pkey", "Relation Name": "item", "Alias": "item_1", "Startup Cost": 0.29, "Total Cost": 8.3, "Plan Rows": 1, "Plan Width": 16, "Index Cond": "(i_item_sk = cross_items_1.ss_item_sk)"}]}, {"Node Type": "Index Scan", "Parent Relationship": "Inner", "Parallel Aware": false, "Async Capable": false, "Scan Direction": "Forward", "Index Name": "catalog_sales_pkey", "Relation Name": "catalog_sales", "Alias": "catalog_sales", "Startup Cost": 0.43, "Total Cost": 11.52, "Plan Rows": 87, "Plan Width": 18, "Index Cond": "(cs_item_sk = item_1.i_item_sk)"}]}, {"Node Type": "Index Scan", "Parent Relationship": "Inner", "Parallel Aware": false, "Async Capable": false, "Scan Direction": "Forward", "Index Name": "date_dim_pkey", "Relation Name": "date_dim", "Alias": "date_dim_1", "Startup Cost": 0.29, "Total Cost": 0.32, "Plan Rows": 1, "Plan Width": 4, "Index Cond": "(d_date_sk = catalog_sales.cs_sold_date_sk)", "Filter": "((d_year = 2001) AND (d_moy = 11))"}]}]}]}, {"Node Type": "Aggregate", "Strategy": "Sorted", "Partial Mode": "Simple", "Parent Relationship": "Member", "Parallel Aware": false, "Async Capable": false, "Startup Cost": 29.01, "Total Cost": 29.04, "Plan Rows": 1, "Plan Width": 84, "Group Key": ["item_2.i_brand_id", "item_2.i_class_id", "item_2.i_category_id"], "Filter": "(sum(((web_sales.ws_quantity)::numeric * web_sales.ws_list_price)) > $9)", "Plans": [{"Node Type": "CTE Scan", "Parent Relationship": "InitPlan", "Subplan Name": "InitPlan 5 (returns $9)", "Parallel Aware": false, "Async Capable": false, "CTE Name": "avg_sales", "Alias": "avg_sales_2", "Startup Cost": 0.0, "Total Cost": 0.02, "Plan Rows": 1, "Plan Width": 32}, {"Node Type": "Sort", "Parent Relationship": "Outer", "Parallel Aware": false, "Async Capable": false, "Startup Cost": 28.99, "Total Cost": 28.99, "Plan Rows": 1, "Plan Width": 22, "Sort Key": ["item_2.i_brand_id", "item_2.i_class_id", "item_2.i_category_id"], "Plans": [{"Node Type": "Nested Loop", "Parent Relationship": "Outer", "Parallel Aware": false, "Async Capable": false, "Join Type": "Inner", "Startup Cost": 1.03, "Total Cost": 28.98, "Plan Rows": 1, "Plan Width": 22, "Inner Unique": true, "Plans": [{"Node Type": "Nested Loop", "Parent Relationship": "Outer", "Parallel Aware": false, "Async Capable": false, "Join Type": "Inner", "Startup Cost": 0.73, "Total Cost": 14.72, "Plan Rows": 44, "Plan Width": 26, "Inner Unique": false, "Plans": [{"Node Type": "Nested Loop", "Parent Relationship": "Outer", "Parallel Aware": false, "Async Capable": false, "Join Type": "Inner", "Startup Cost": 0.31, "Total Cost": 8.34, "Plan Rows": 1, "Plan Width": 20, "Inner Unique": true, "Plans": [{"Node Type": "Aggregate", "Strategy": "Hashed", "Partial Mode": "Simple", "Parent Relationship": "Outer", "Parallel Aware": false, "Async Capable": false, "Startup Cost": 0.02, "Total Cost": 0.03, "Plan Rows": 1, "Plan Width": 4, "Group Key": ["cross_items_2.ss_item_sk"], "Planned Partitions": 0, "Plans": [{"Node Type": "CTE Scan", "Parent Relationship": "Outer", "Parallel Aware": false, "Async Capable": false, "CTE Name": "cross_items", "Alias": "cross_items_2", "Startup Cost": 0.0, "Total Cost": 0.02, "Plan Rows": 1, "Plan Width": 4}]}, {"Node Type": "Index Scan", "Parent Relationship": "Inner", "Parallel Aware": false, "Async Capable": false, "Scan Direction": "Forward", "Index Name": "item_pkey", "Relation Name": "item", "Alias": "item_2", "Startup Cost": 0.29, "Total Cost": 8.3, "Plan Rows": 1, "Plan Width": 16, "Index Cond": "(i_item_sk = cross_items_2.ss_item_sk)"}]}, {"Node Type": "Index Scan", "Parent Relationship": "Inner", "Parallel Aware": false, "Async Capable": false, "Scan Direction": "Forward", "Index Name": "web_sales_pkey", "Relation Name": "web_sales", "Alias": "web_sales", "Startup Cost": 0.42, "Total Cost": 5.94, "Plan Rows": 44, "Plan Width": 18, "Index Cond": "(ws_item_sk = item_2.i_item_sk)"}]}, {"Node Type": "Index Scan", "Parent Relationship": "Inner", "Parallel Aware": false, "Async Capable": false, "Scan Direction": "Forward", "Index Name": "date_dim_pkey", "Relation Name": "date_dim", "Alias": "date_dim_2", "Startup Cost": 0.29, "Total Cost": 0.32, "Plan Rows": 1, "Plan Width": 4, "Index Cond": "(d_date_sk = web_sales.ws_sold_date_sk)", "Filter": "((d_year = 2001) AND (d_moy = 11))"}]}]}]}]}]}]}]}]}}