{"Plan": {"Node Type": "Limit", "Parallel Aware": false, "Async Capable": false, "Startup Cost": 45153.62, "Total Cost": 45153.87, "Plan Rows": 100, "Plan Width": 291, "Plans": [{"Node Type": "Sort", "Parent Relationship": "Outer", "Parallel Aware": false, "Async Capable": false, "Startup Cost": 45153.62, "Total Cost": 45154.04, "Plan Rows": 169, "Plan Width": 291, "Sort Key": ["item.i_category NULLS FIRST", "item.i_class NULLS FIRST", "item.i_item_id NULLS FIRST", "item.i_item_desc NULLS FIRST", "((((sum(catalog_sales.cs_ext_sales_price)) * 100.0000) / sum((sum(catalog_sales.cs_ext_sales_price))) OVER (?))) NULLS FIRST"], "Plans": [{"Node Type": "WindowAgg", "Parent Relationship": "Outer", "Parallel Aware": false, "Async Capable": false, "Startup Cost": 45143.56, "Total Cost": 45147.37, "Plan Rows": 169, "Plan Width": 291, "Plans": [{"Node Type": "Sort", "Parent Relationship": "Outer", "Parallel Aware": false, "Async Capable": false, "Startup Cost": 45143.56, "Total Cost": 45143.99, "Plan Rows": 169, "Plan Width": 259, "Sort Key": ["item.i_class"], "Plans": [{"Node Type": "Aggregate", "Strategy": "Sorted", "Partial Mode": "Simple", "Parent Relationship": "Outer", "Parallel Aware": false, "Async Capable": false, "Startup Cost": 45112.43, "Total Cost": 45137.31, "Plan Rows": 169, "Plan Width": 259, "Group Key": ["item.i_item_id", "item.i_item_desc", "item.i_category", "item.i_class", "item.i_current_price"], "Plans": [{"Node Type": "Gather Merge", "Parent Relationship": "Outer", "Parallel Aware": false, "Async Capable": false, "Startup Cost": 45112.43, "Total Cost": 45132.66, "Plan Rows": 169, "Plan Width": 233, "Workers Planned": 4, "Plans": [{"Node Type": "Sort", "Parent Relationship": "Outer", "Parallel Aware": false, "Async Capable": false, "Startup Cost": 44112.37, "Total Cost": 44112.47, "Plan Rows": 42, "Plan Width": 233, "Sort Key": ["item.i_item_id NULLS FIRST", "item.i_item_desc NULLS FIRST", "item.i_category NULLS FIRST", "item.i_class NULLS FIRST", "item.i_current_price"], "Plans": [{"Node Type": "Nested Loop", "Parent Relationship": "Outer", "Parallel Aware": false, "Async Capable": false, "Join Type": "Inner", "Startup Cost": 2069.05, "Total Cost": 44111.24, "Plan Rows": 42, "Plan Width": 233, "Inner Unique": true, "Plans": [{"Node Type": "Hash Join", "Parent Relationship": "Outer", "Parallel Aware": true, "Async Capable": false, "Join Type": "Inner", "Startup Cost": 2068.76, "Total Cost": 44066.56, "Plan Rows": 143, "Plan Width": 10, "Inner Unique": true, "Hash Cond": "(catalog_sales.cs_sold_date_sk = date_dim.d_date_sk)", "Plans": [{"Node Type": "Seq Scan", "Parent Relationship": "Outer", "Parallel Aware": true, "Async Capable": false, "Relation Name": "catalog_sales", "Alias": "catalog_sales", "Startup Cost": 0.0, "Total Cost": 41051.75, "Plan Rows": 360375, "Plan Width": 14}, {"Node Type": "Hash", "Parent Relationship": "Inner", "Parallel Aware": true, "Async Capable": false, "Startup Cost": 2068.55, "Total Cost": 2068.55, "Plan Rows": 17, "Plan Width": 4, "Plans": [{"Node Type": "Seq Scan", "Parent Relationship": "Outer", "Parallel Aware": true, "Async Capable": false, "Relation Name": "date_dim", "Alias": "date_dim", "Startup Cost": 0.0, "Total Cost": 2068.55, "Plan Rows": 17, "Plan Width": 4, "Filter": "((d_date >= '1999-02-22'::date) AND (d_date <= '1999-03-24'::date))"}]}]}, {"Node Type": "Index Scan", "Parent Relationship": "Inner", "Parallel Aware": false, "Async Capable": false, "Scan Direction": "Forward", "Index Name": "item_pkey", "Relation Name": "item", "Alias": "item", "Startup Cost": 0.29, "Total Cost": 0.31, "Plan Rows": 1, "Plan Width": 231, "Index Cond": "(i_item_sk = catalog_sales.cs_item_sk)", "Filter": "(i_category = ANY ('{Sports,Books,Home}'::bpchar[]))"}]}]}]}]}]}]}]}]}}