{"Plan": {"Node Type": "Limit", "Parallel Aware": false, "Async Capable": false, "Startup Cost": 104508.27, "Total Cost": 104508.43, "Plan Rows": 64, "Plan Width": 91, "Plans": [{"Node Type": "Sort", "Parent Relationship": "Outer", "Parallel Aware": false, "Async Capable": false, "Startup Cost": 104508.27, "Total Cost": 104508.43, "Plan Rows": 64, "Plan Width": 91, "Sort Key": ["warehouse.w_warehouse_name NULLS FIRST", "item.i_item_id NULLS FIRST"], "Plans": [{"Node Type": "Aggregate", "Strategy": "Sorted", "Partial Mode": "Simple", "Parent Relationship": "Outer", "Parallel Aware": false, "Async Capable": false, "Startup Cost": 104405.53, "Total Cost": 104506.35, "Plan Rows": 64, "Plan Width": 91, "Group Key": ["warehouse.w_warehouse_name", "item.i_item_id"], "Filter": "((CASE WHEN (sum(CASE WHEN (date_dim.d_date < '2000-03-11'::date) THEN inventory.inv_quantity_on_hand ELSE 0 END) > 0) THEN (((sum(CASE WHEN (date_dim.d_date >= '2000-03-11'::date) THEN inventory.inv_quantity_on_hand ELSE 0 END))::numeric * 1.000) / (sum(CASE WHEN (date_dim.d_date < '2000-03-11'::date) THEN inventory.inv_quantity_on_hand ELSE 0 END))::numeric) ELSE NULL::numeric END >= 0.66666666666666666667) AND (CASE WHEN (sum(CASE WHEN (date_dim.d_date < '2000-03-11'::date) THEN inventory.inv_quantity_on_hand ELSE 0 END) > 0) THEN (((sum(CASE WHEN (date_dim.d_date >= '2000-03-11'::date) THEN inventory.inv_quantity_on_hand ELSE 0 END))::numeric * 1.000) / (sum(CASE WHEN (date_dim.d_date < '2000-03-11'::date) THEN inventory.inv_quantity_on_hand ELSE 0 END))::numeric) ELSE NULL::numeric END <= 1.5000000000000000))", "Plans": [{"Node Type": "Gather Merge", "Parent Relationship": "Outer", "Parallel Aware": false, "Async Capable": false, "Startup Cost": 104405.53, "Total Cost": 104474.62, "Plan Rows": 577, "Plan Width": 83, "Workers Planned": 4, "Plans": [{"Node Type": "Sort", "Parent Relationship": "Outer", "Parallel Aware": false, "Async Capable": false, "Startup Cost": 103405.47, "Total Cost": 103405.83, "Plan Rows": 144, "Plan Width": 83, "Sort Key": ["warehouse.w_warehouse_name", "item.i_item_id"], "Plans": [{"Node Type": "Nested Loop", "Parent Relationship": "Outer", "Parallel Aware": false, "Async Capable": false, "Join Type": "Inner", "Startup Cost": 2069.43, "Total Cost": 103400.31, "Plan Rows": 144, "Plan Width": 83, "Inner Unique": true, "Plans": [{"Node Type": "Nested Loop", "Parent Relationship": "Outer", "Parallel Aware": false, "Async Capable": false, "Join Type": "Inner", "Startup Cost": 2069.28, "Total Cost": 103395.78, "Plan Rows": 144, "Plan Width": 29, "Inner Unique": true, "Plans": [{"Node Type": "Hash Join", "Parent Relationship": "Outer", "Parallel Aware": true, "Async Capable": false, "Join Type": "Inner", "Startup Cost": 2068.99, "Total Cost": 102659.38, "Plan Rows": 2372, "Plan Width": 16, "Inner Unique": true, "Hash Cond": "(inventory.inv_date_sk = date_dim.d_date_sk)", "Plans": [{"Node Type": "Seq Scan", "Parent Relationship": "Outer", "Parallel Aware": true, "Async Capable": false, "Relation Name": "inventory", "Alias": "inventory", "Startup Cost": 0.0, "Total Cost": 92882.33, "Plan Rows": 2936233, "Plan Width": 16}, {"Node Type": "Hash", "Parent Relationship": "Inner", "Parallel Aware": true, "Async Capable": false, "Startup Cost": 2068.55, "Total Cost": 2068.55, "Plan Rows": 35, "Plan Width": 8, "Plans": [{"Node Type": "Seq Scan", "Parent Relationship": "Outer", "Parallel Aware": true, "Async Capable": false, "Relation Name": "date_dim", "Alias": "date_dim", "Startup Cost": 0.0, "Total Cost": 2068.55, "Plan Rows": 35, "Plan Width": 8, "Filter": "((d_date >= '2000-02-10'::date) AND (d_date <= '2000-04-10'::date))"}]}]}, {"Node Type": "Index Scan", "Parent Relationship": "Inner", "Parallel Aware": false, "Async Capable": false, "Scan Direction": "Forward", "Index Name": "item_pkey", "Relation Name": "item", "Alias": "item", "Startup Cost": 0.29, "Total Cost": 0.31, "Plan Rows": 1, "Plan Width": 21, "Index Cond": "(i_item_sk = inventory.inv_item_sk)", "Filter": "((i_current_price >= 0.99) AND (i_current_price <= 1.49))"}]}, {"Node Type": "Memoize", "Parent Relationship": "Inner", "Parallel Aware": false, "Async Capable": false, "Startup Cost": 0.15, "Total Cost": 0.17, "Plan Rows": 1, "Plan Width": 62, "Cache Key": "inventory.inv_warehouse_sk", "Cache Mode": "logical", "Plans": [{"Node Type": "Index Scan", "Parent Relationship": "Outer", "Parallel Aware": false, "Async Capable": false, "Scan Direction": "Forward", "Index Name": "warehouse_pkey", "Relation Name": "warehouse", "Alias": "warehouse", "Startup Cost": 0.14, "Total Cost": 0.16, "Plan Rows": 1, "Plan Width": 62, "Index Cond": "(w_warehouse_sk = inventory.inv_warehouse_sk)"}]}]}]}]}]}]}]}}