{"Plan": {"Node Type": "Limit", "Parallel Aware": false, "Async Capable": false, "Startup Cost": 117227.06, "Total Cost": 117227.31, "Plan Rows": 100, "Plan Width": 236, "Plans": [{"Node Type": "Sort", "Parent Relationship": "Outer", "Parallel Aware": false, "Async Capable": false, "Startup Cost": 117227.06, "Total Cost": 117406.7, "Plan Rows": 71857, "Plan Width": 236, "Sort Key": ["(avg(inventory.inv_quantity_on_hand)) NULLS FIRST", "item.i_product_name NULLS FIRST", "item.i_brand NULLS FIRST", "item.i_class NULLS FIRST", "item.i_category NULLS FIRST"], "Plans": [{"Node Type": "Aggregate", "Strategy": "Sorted", "Partial Mode": "Simple", "Parent Relationship": "Outer", "Parallel Aware": false, "Async Capable": false, "Startup Cost": 106183.73, "Total Cost": 114480.73, "Plan Rows": 71857, "Plan Width": 236, "Grouping Sets": [{"Group Keys": [["item.i_product_name", "item.i_brand", "item.i_class", "item.i_category"], ["item.i_product_name", "item.i_brand", "item.i_class"], ["item.i_product_name", "item.i_brand"], ["item.i_product_name"], []]}], "Plans": [{"Node Type": "Gather Merge", "Parent Relationship": "Outer", "Parallel Aware": false, "Async Capable": false, "Startup Cost": 106183.73, "Total Cost": 112883.12, "Plan Rows": 55952, "Plan Width": 208, "Workers Planned": 4, "Plans": [{"Node Type": "Sort", "Parent Relationship": "Outer", "Parallel Aware": false, "Async Capable": false, "Startup Cost": 105183.67, "Total Cost": 105218.64, "Plan Rows": 13988, "Plan Width": 208, "Sort Key": ["item.i_product_name", "item.i_brand", "item.i_class", "item.i_category"], "Plans": [{"Node Type": "Hash Join", "Parent Relationship": "Outer", "Parallel Aware": true, "Async Capable": false, "Join Type": "Inner", "Startup Cost": 3593.34, "Total Cost": 104220.46, "Plan Rows": 13988, "Plan Width": 208, "Inner Unique": true, "Hash Cond": "(inventory.inv_item_sk = item.i_item_sk)", "Plans": [{"Node Type": "Hash Join", "Parent Relationship": "Outer", "Parallel Aware": true, "Async Capable": false, "Join Type": "Inner", "Startup Cost": 2071.11, "Total Cost": 102661.5, "Plan Rows": 13988, "Plan Width": 8, "Inner Unique": true, "Hash Cond": "(inventory.inv_date_sk = date_dim.d_date_sk)", "Plans": [{"Node Type": "Seq Scan", "Parent Relationship": "Outer", "Parallel Aware": true, "Async Capable": false, "Relation Name": "inventory", "Alias": "inventory", "Startup Cost": 0.0, "Total Cost": 92882.33, "Plan Rows": 2936233, "Plan Width": 12}, {"Node Type": "Hash", "Parent Relationship": "Inner", "Parallel Aware": true, "Async Capable": false, "Startup Cost": 2068.55, "Total Cost": 2068.55, "Plan Rows": 205, "Plan Width": 4, "Plans": [{"Node Type": "Seq Scan", "Parent Relationship": "Outer", "Parallel Aware": true, "Async Capable": false, "Relation Name": "date_dim", "Alias": "date_dim", "Startup Cost": 0.0, "Total Cost": 2068.55, "Plan Rows": 205, "Plan Width": 4, "Filter": "((d_month_seq >= 1200) AND (d_month_seq <= 1211))"}]}]}, {"Node Type": "Hash", "Parent Relationship": "Inner", "Parallel Aware": true, "Async Capable": false, "Startup Cost": 1389.88, "Total Cost": 1389.88, "Plan Rows": 10588, "Plan Width": 208, "Plans": [{"Node Type": "Seq Scan", "Parent Relationship": "Outer", "Parallel Aware": true, "Async Capable": false, "Relation Name": "item", "Alias": "item", "Startup Cost": 0.0, "Total Cost": 1389.88, "Plan Rows": 10588, "Plan Width": 208}]}]}]}]}]}]}]}}