{"Plan": {"Node Type": "Limit", "Parallel Aware": false, "Async Capable": false, "Startup Cost": 688237.62, "Total Cost": 688237.87, "Plan Rows": 100, "Plan Width": 84, "Plans": [{"Node Type": "Aggregate", "Strategy": "Hashed", "Partial Mode": "Simple", "Parent Relationship": "InitPlan", "Subplan Name": "CTE frequent_ss_items", "Parallel Aware": false, "Async Capable": false, "Startup Cost": 71844.71, "Total Cost": 72606.61, "Plan Rows": 19047, "Plan Width": 48, "Group Key": ["(\"substring\"((item.i_item_desc)::text, 1, 30))", "item.i_item_sk", "date_dim_2.d_date"], "Filter": "(count(*) > 4)", "Planned Partitions": 0, "Plans": [{"Node Type": "Gather", "Parent Relationship": "Outer", "Parallel Aware": false, "Async Capable": false, "Startup Cost": 4601.43, "Total Cost": 71273.29, "Plan Rows": 57142, "Plan Width": 40, "Workers Planned": 4, "Single Copy": false, "Plans": [{"Node Type": "Hash Join", "Parent Relationship": "Outer", "Parallel Aware": true, "Async Capable": false, "Join Type": "Inner", "Startup Cost": 3601.43, "Total Cost": 64559.09, "Plan Rows": 14286, "Plan Width": 40, "Inner Unique": true, "Hash Cond": "(store_sales.ss_item_sk = item.i_item_sk)", "Plans": [{"Node Type": "Hash Join", "Parent Relationship": "Outer", "Parallel Aware": true, "Async Capable": false, "Join Type": "Inner", "Startup Cost": 2079.2, "Total Cost": 62963.64, "Plan Rows": 14286, "Plan Width": 8, "Inner Unique": true, "Hash Cond": "(store_sales.ss_sold_date_sk = date_dim_2.d_date_sk)", "Plans": [{"Node Type": "Seq Scan", "Parent Relationship": "Outer", "Parallel Aware": true, "Async Capable": false, "Relation Name": "store_sales", "Alias": "store_sales", "Startup Cost": 0.0, "Total Cost": 58993.85, "Plan Rows": 720185, "Plan Width": 8}, {"Node Type": "Hash", "Parent Relationship": "Inner", "Parallel Aware": true, "Async Capable": false, "Startup Cost": 2068.55, "Total Cost": 2068.55, "Plan Rows": 852, "Plan Width": 8, "Plans": [{"Node Type": "Seq Scan", "Parent Relationship": "Outer", "Parallel Aware": true, "Async Capable": false, "Relation Name": "date_dim", "Alias": "date_dim_2", "Startup Cost": 0.0, "Total Cost": 2068.55, "Plan Rows": 852, "Plan Width": 8, "Filter": "(d_year = ANY ('{2000,2001,2002,2003}'::integer[]))"}]}]}, {"Node Type": "Hash", "Parent Relationship": "Inner", "Parallel Aware": true, "Async Capable": false, "Startup Cost": 1389.88, "Total Cost": 1389.88, "Plan Rows": 10588, "Plan Width": 106, "Plans": [{"Node Type": "Seq Scan", "Parent Relationship": "Outer", "Parallel Aware": true, "Async Capable": false, "Relation Name": "item", "Alias": "item", "Startup Cost": 0.0, "Total Cost": 1389.88, "Plan Rows": 10588, "Plan Width": 106}]}]}]}]}, {"Node Type": "Aggregate", "Strategy": "Hashed", "Partial Mode": "Simple", "Parent Relationship": "InitPlan", "Subplan Name": "CTE best_ss_customer", "Parallel Aware": false, "Async Capable": false, "Startup Cost": 490607.18, "Total Cost": 542995.18, "Plan Rows": 33333, "Plan Width": 36, "Group Key": ["customer_2.c_customer_sk"], "Filter": "(sum(((store_sales_1.ss_quantity)::numeric * store_sales_1.ss_sales_price)) > (0.50000000000000000000 * max((max((sum(((store_sales_2.ss_quantity)::numeric * store_sales_2.ss_sales_price))))))))", "Planned Partitions": 4, "Plans": [{"Node Type": "Nested Loop", "Parent Relationship": "Outer", "Parallel Aware": false, "Async Capable": false, "Join Type": "Inner", "Startup Cost": 77462.03, "Total Cost": 194431.09, "Plan Rows": 2880740, "Plan Width": 46, "Inner Unique": false, "Plans": [{"Node Type": "Aggregate", "Strategy": "Plain", "Partial Mode": "Simple", "Parent Relationship": "Outer", "Parallel Aware": false, "Async Capable": false, "Startup Cost": 73585.69, "Total Cost": 73585.7, "Plan Rows": 1, "Plan Width": 32, "Plans": [{"Node Type": "Aggregate", "Strategy": "Hashed", "Partial Mode": "Finalize", "Parent Relationship": "Outer", "Parallel Aware": false, "Async Capable": false, "Startup Cost": 72157.14, "Total Cost": 72871.42, "Plan Rows": 57142, "Plan Width": 36, "Group Key": ["customer_3.c_customer_sk"], "Planned Partitions": 0, "Plans": [{"Node Type": "Gather", "Parent Relationship": "Outer", "Parallel Aware": false, "Async Capable": false, "Startup Cost": 66740.59, "Total Cost": 71800.01, "Plan Rows": 47618, "Plan Width": 36, "Workers Planned": 2, "Single Copy": false, "Plans": [{"Node Type": "Aggregate", "Strategy": "Hashed", "Partial Mode": "Partial", "Parent Relationship": "Outer", "Parallel Aware": false, "Async Capable": false, "Startup Cost": 65740.59, "Total Cost": 66038.21, "Plan Rows": 23809, "Plan Width": 36, "Group Key": ["customer_3.c_customer_sk"], "Planned Partitions": 0, "Plans": [{"Node Type": "Hash Join", "Parent Relationship": "Outer", "Parallel Aware": true, "Async Capable": false, "Join Type": "Inner", "Startup Cost": 63142.5, "Total Cost": 65502.5, "Plan Rows": 23809, "Plan Width": 14, "Inner Unique": false, "Hash Cond": "(customer_3.c_customer_sk = store_sales_2.ss_customer_sk)", "Plans": [{"Node Type": "Index Only Scan", "Parent Relationship": "Outer", "Parallel Aware": true, "Async Capable": false, "Scan Direction": "Forward", "Index Name": "customer_pkey", "Relation Name": "customer", "Alias": "customer_3", "Startup Cost": 0.29, "Total Cost": 2043.0, "Plan Rows": 41667, "Plan Width": 4}, {"Node Type": "Hash", "Parent Relationship": "Inner", "Parallel Aware": true, "Async Capable": false, "Startup Cost": 62963.64, "Total Cost": 62963.64, "Plan Rows": 14286, "Plan Width": 14, "Plans": [{"Node Type": "Hash Join", "Parent Relationship": "Outer", "Parallel Aware": true, "Async Capable": false, "Join Type": "Inner", "Startup Cost": 2079.2, "Total Cost": 62963.64, "Plan Rows": 14286, "Plan Width": 14, "Inner Unique": true, "Hash Cond": "(store_sales_2.ss_sold_date_sk = date_dim_3.d_date_sk)", "Plans": [{"Node Type": "Seq Scan", "Parent Relationship": "Outer", "Parallel Aware": true, "Async Capable": false, "Relation Name": "store_sales", "Alias": "store_sales_2", "Startup Cost": 0.0, "Total Cost": 58993.85, "Plan Rows": 720185, "Plan Width": 18}, {"Node Type": "Hash", "Parent Relationship": "Inner", "Parallel Aware": true, "Async Capable": false, "Startup Cost": 2068.55, "Total Cost": 2068.55, "Plan Rows": 852, "Plan Width": 4, "Plans": [{"Node Type": "Seq Scan", "Parent Relationship": "Outer", "Parallel Aware": true, "Async Capable": false, "Relation Name": "date_dim", "Alias": "date_dim_3", "Startup Cost": 0.0, "Total Cost": 2068.55, "Plan Rows": 852, "Plan Width": 4, "Filter": "(d_year = ANY ('{2000,2001,2002,2003}'::integer[]))"}]}]}]}]}]}]}]}]}, {"Node Type": "Hash Join", "Parent Relationship": "Inner", "Parallel Aware": false, "Async Capable": false, "Join Type": "Inner", "Startup Cost": 3876.34, "Total Cost": 92037.99, "Plan Rows": 2880740, "Plan Width": 14, "Inner Unique": true, "Hash Cond": "(store_sales_1.ss_customer_sk = customer_2.c_customer_sk)", "Plans": [{"Node Type": "Seq Scan", "Parent Relationship": "Outer", "Parallel Aware": false, "Async Capable": false, "Relation Name": "store_sales", "Alias": "store_sales_1", "Startup Cost": 0.0, "Total Cost": 80599.4, "Plan Rows": 2880740, "Plan Width": 14}, {"Node Type": "Hash", "Parent Relationship": "Inner", "Parallel Aware": false, "Async Capable": false, "Startup Cost": 2626.34, "Total Cost": 2626.34, "Plan Rows": 100000, "Plan Width": 4, "Plans": [{"Node Type": "Index Only Scan", "Parent Relationship": "Outer", "Parallel Aware": false, "Async Capable": false, "Scan Direction": "Forward", "Index Name": "customer_pkey", "Relation Name": "customer", "Alias": "customer_2", "Startup Cost": 0.29, "Total Cost": 2626.34, "Plan Rows": 100000, "Plan Width": 4}]}]}]}]}, {"Node Type": "Sort", "Parent Relationship": "Outer", "Parallel Aware": false, "Async Capable": false, "Startup Cost": 72635.83, "Total Cost": 72637.43, "Plan Rows": 637, "Plan Width": 84, "Sort Key": ["customer.c_last_name NULLS FIRST", "customer.c_first_name NULLS FIRST", "(sum(((catalog_sales.cs_quantity)::numeric * catalog_sales.cs_list_price))) NULLS FIRST"], "Plans": [{"Node Type": "Append", "Parent Relationship": "Outer", "Parallel Aware": false, "Async Capable": false, "Startup Cost": 46443.31, "Total Cost": 72611.49, "Plan Rows": 637, "Plan Width": 84, "Subplans Removed": 0, "Plans": [{"Node Type": "Aggregate", "Strategy": "Sorted", "Partial Mode": "Simple", "Parent Relationship": "Member", "Parallel Aware": false, "Async Capable": false, "Startup Cost": 46443.31, "Total Cost": 46453.43, "Plan Rows": 368, "Plan Width": 84, "Group Key": ["customer.c_last_name", "customer.c_first_name"], "Plans": [{"Node Type": "Sort", "Parent Relationship": "Outer", "Parallel Aware": false, "Async Capable": false, "Startup Cost": 46443.31, "Total Cost": 46444.23, "Plan Rows": 368, "Plan Width": 62, "Sort Key": ["customer.c_last_name", "customer.c_first_name"], "Plans": [{"Node Type": "Hash Join", "Parent Relationship": "Outer", "Parallel Aware": false, "Async Capable": false, "Join Type": "Inner", "Startup Cost": 45971.58, "Total Cost": 46427.62, "Plan Rows": 368, "Plan Width": 62, "Inner Unique": false, "Hash Cond": "(frequent_ss_items.item_sk = catalog_sales.cs_item_sk)", "Plans": [{"Node Type": "CTE Scan", "Parent Relationship": "Outer", "Parallel Aware": false, "Async Capable": false, "CTE Name": "frequent_ss_items", "Alias": "frequent_ss_items", "Startup Cost": 0.0, "Total Cost": 380.94, "Plan Rows": 19047, "Plan Width": 4}, {"Node Type": "Hash", "Parent Relationship": "Inner", "Parallel Aware": false, "Async Capable": false, "Startup Cost": 45967.59, "Total Cost": 45967.59, "Plan Rows": 319, "Plan Width": 66, "Plans": [{"Node Type": "Hash Join", "Parent Relationship": "Outer", "Parallel Aware": false, "Async Capable": false, "Join Type": "Inner", "Startup Cost": 45172.74, "Total Cost": 45967.59, "Plan Rows": 319, "Plan Width": 66, "Inner Unique": false, "Hash Cond": "(best_ss_customer.c_customer_sk = catalog_sales.cs_bill_customer_sk)", "Plans": [{"Node Type": "CTE Scan", "Parent Relationship": "Outer", "Parallel Aware": false, "Async Capable": false, "CTE Name": "best_ss_customer", "Alias": "best_ss_customer", "Startup Cost": 0.0, "Total Cost": 666.66, "Plan Rows": 33333, "Plan Width": 4}, {"Node Type": "Hash", "Parent Relationship": "Inner", "Parallel Aware": false, "Async Capable": false, "Startup Cost": 45165.83, "Total Cost": 45165.83, "Plan Rows": 553, "Plan Width": 74, "Plans": [{"Node Type": "Gather", "Parent Relationship": "Outer", "Parallel Aware": false, "Async Capable": false, "Startup Cost": 3069.04, "Total Cost": 45165.83, "Plan Rows": 553, "Plan Width": 74, "Workers Planned": 4, "Single Copy": false, "Plans": [{"Node Type": "Nested Loop", "Parent Relationship": "Outer", "Parallel Aware": false, "Async Capable": false, "Join Type": "Inner", "Startup Cost": 2069.04, "Total Cost": 44110.53, "Plan Rows": 138, "Plan Width": 74, "Inner Unique": true, "Plans": [{"Node Type": "Hash Join", "Parent Relationship": "Outer", "Parallel Aware": true, "Async Capable": false, "Join Type": "Inner", "Startup Cost": 2068.75, "Total Cost": 44066.54, "Plan Rows": 138, "Plan Width": 18, "Inner Unique": true, "Hash Cond": "(catalog_sales.cs_sold_date_sk = date_dim.d_date_sk)", "Plans": [{"Node Type": "Seq Scan", "Parent Relationship": "Outer", "Parallel Aware": true, "Async Capable": false, "Relation Name": "catalog_sales", "Alias": "catalog_sales", "Startup Cost": 0.0, "Total Cost": 41051.75, "Plan Rows": 360375, "Plan Width": 22}, {"Node Type": "Hash", "Parent Relationship": "Inner", "Parallel Aware": true, "Async Capable": false, "Startup Cost": 2068.55, "Total Cost": 2068.55, "Plan Rows": 16, "Plan Width": 4, "Plans": [{"Node Type": "Seq Scan", "Parent Relationship": "Outer", "Parallel Aware": true, "Async Capable": false, "Relation Name": "date_dim", "Alias": "date_dim", "Startup Cost": 0.0, "Total Cost": 2068.55, "Plan Rows": 16, "Plan Width": 4, "Filter": "((d_year = 2000) AND (d_moy = 2))"}]}]}, {"Node Type": "Index Scan", "Parent Relationship": "Inner", "Parallel Aware": false, "Async Capable": false, "Scan Direction": "Forward", "Index Name": "customer_pkey", "Relation Name": "customer", "Alias": "customer", "Startup Cost": 0.29, "Total Cost": 0.32, "Plan Rows": 1, "Plan Width": 56, "Index Cond": "(c_customer_sk = catalog_sales.cs_bill_customer_sk)"}]}]}]}]}]}]}]}]}, {"Node Type": "Aggregate", "Strategy": "Sorted", "Partial Mode": "Simple", "Parent Relationship": "Member", "Parallel Aware": false, "Async Capable": false, "Startup Cost": 26147.48, "Total Cost": 26154.88, "Plan Rows": 269, "Plan Width": 84, "Group Key": ["customer_1.c_last_name", "customer_1.c_first_name"], "Plans": [{"Node Type": "Sort", "Parent Relationship": "Outer", "Parallel Aware": false, "Async Capable": false, "Startup Cost": 26147.48, "Total Cost": 26148.15, "Plan Rows": 269, "Plan Width": 62, "Sort Key": ["customer_1.c_last_name", "customer_1.c_first_name"], "Plans": [{"Node Type": "Hash Join", "Parent Relationship": "Outer", "Parallel Aware": false, "Async Capable": false, "Join Type": "Inner", "Startup Cost": 25342.27, "Total Cost": 26136.62, "Plan Rows": 269, "Plan Width": 62, "Inner Unique": false, "Hash Cond": "(best_ss_customer_1.c_customer_sk = web_sales.ws_bill_customer_sk)", "Plans": [{"Node Type": "CTE Scan", "Parent Relationship": "Outer", "Parallel Aware": false, "Async Capable": false, "CTE Name": "best_ss_customer", "Alias": "best_ss_customer_1", "Startup Cost": 0.0, "Total Cost": 666.66, "Plan Rows": 33333, "Plan Width": 4}, {"Node Type": "Hash", "Parent Relationship": "Inner", "Parallel Aware": false, "Async Capable": false, "Startup Cost": 25338.29, "Total Cost": 25338.29, "Plan Rows": 319, "Plan Width": 70, "Plans": [{"Node Type": "Hash Join", "Parent Relationship": "Outer", "Parallel Aware": false, "Async Capable": false, "Join Type": "Inner", "Startup Cost": 24882.73, "Total Cost": 25338.29, "Plan Rows": 319, "Plan Width": 70, "Inner Unique": false, "Hash Cond": "(frequent_ss_items_1.item_sk = web_sales.ws_item_sk)", "Plans": [{"Node Type": "CTE Scan", "Parent Relationship": "Outer", "Parallel Aware": false, "Async Capable": false, "CTE Name": "frequent_ss_items", "Alias": "frequent_ss_items_1", "Startup Cost": 0.0, "Total Cost": 380.94, "Plan Rows": 19047, "Plan Width": 4}, {"Node Type": "Hash", "Parent Relationship": "Inner", "Parallel Aware": false, "Async Capable": false, "Startup Cost": 24879.28, "Total Cost": 24879.28, "Plan Rows": 276, "Plan Width": 74, "Plans": [{"Node Type": "Gather", "Parent Relationship": "Outer", "Parallel Aware": false, "Async Capable": false, "Startup Cost": 3069.04, "Total Cost": 24879.28, "Plan Rows": 276, "Plan Width": 74, "Workers Planned": 3, "Single Copy": false, "Plans": [{"Node Type": "Nested Loop", "Parent Relationship": "Outer", "Parallel Aware": false, "Async Capable": false, "Join Type": "Inner", "Startup Cost": 2069.04, "Total Cost": 23851.68, "Plan Rows": 89, "Plan Width": 74, "Inner Unique": true, "Plans": [{"Node Type": "Hash Join", "Parent Relationship": "Outer", "Parallel Aware": true, "Async Capable": false, "Join Type": "Inner", "Startup Cost": 2068.75, "Total Cost": 23822.53, "Plan Rows": 89, "Plan Width": 18, "Inner Unique": true, "Hash Cond": "(web_sales.ws_sold_date_sk = date_dim_1.d_date_sk)", "Plans": [{"Node Type": "Seq Scan", "Parent Relationship": "Outer", "Parallel Aware": true, "Async Capable": false, "Relation Name": "web_sales", "Alias": "web_sales", "Startup Cost": 0.0, "Total Cost": 21144.59, "Plan Rows": 232059, "Plan Width": 22}, {"Node Type": "Hash", "Parent Relationship": "Inner", "Parallel Aware": true, "Async Capable": false, "Startup Cost": 2068.55, "Total Cost": 2068.55, "Plan Rows": 16, "Plan Width": 4, "Plans": [{"Node Type": "Seq Scan", "Parent Relationship": "Outer", "Parallel Aware": true, "Async Capable": false, "Relation Name": "date_dim", "Alias": "date_dim_1", "Startup Cost": 0.0, "Total Cost": 2068.55, "Plan Rows": 16, "Plan Width": 4, "Filter": "((d_year = 2000) AND (d_moy = 2))"}]}]}, {"Node Type": "Index Scan", "Parent Relationship": "Inner", "Parallel Aware": false, "Async Capable": false, "Scan Direction": "Forward", "Index Name": "customer_pkey", "Relation Name": "customer", "Alias": "customer_1", "Startup Cost": 0.29, "Total Cost": 0.33, "Plan Rows": 1, "Plan Width": 56, "Index Cond": "(c_customer_sk = web_sales.ws_bill_customer_sk)"}]}]}]}]}]}]}]}]}]}]}]}}