{"Plan": {"Node Type": "Aggregate", "Strategy": "Sorted", "Partial Mode": "Simple", "Parallel Aware": false, "Async Capable": false, "Startup Cost": 68414.01, "Total Cost": 68414.04, "Plan Rows": 1, "Plan Width": 358, "Group Key": ["ssales.c_last_name", "ssales.c_first_name", "ssales.s_store_name"], "Filter": "(sum(ssales.netpaid) > $5)", "Plans": [{"Node Type": "Aggregate", "Strategy": "Sorted", "Partial Mode": "Simple", "Parent Relationship": "InitPlan", "Subplan Name": "CTE ssales", "Parallel Aware": false, "Async Capable": false, "Startup Cost": 68413.9, "Total Cost": 68413.94, "Plan Rows": 1, "Plan Width": 280, "Group Key": ["customer.c_last_name", "customer.c_first_name", "store.s_store_name", "customer_address.ca_state", "store.s_state", "item.i_color", "item.i_current_price", "item.i_manager_id", "item.i_units", "item.i_size"], "Plans": [{"Node Type": "Sort", "Parent Relationship": "Outer", "Parallel Aware": false, "Async Capable": false, "Startup Cost": 68413.9, "Total Cost": 68413.9, "Plan Rows": 1, "Plan Width": 254, "Sort Key": ["customer.c_last_name", "customer.c_first_name", "store.s_store_name", "customer_address.ca_state", "store.s_state", "item.i_color", "item.i_current_price", "item.i_manager_id", "item.i_units", "item.i_size"], "Plans": [{"Node Type": "Nested Loop", "Parent Relationship": "Outer", "Parallel Aware": false, "Async Capable": false, "Join Type": "Inner", "Startup Cost": 64183.41, "Total Cost": 68413.89, "Plan Rows": 1, "Plan Width": 254, "Inner Unique": true, "Plans": [{"Node Type": "Gather", "Parent Relationship": "Outer", "Parallel Aware": false, "Async Capable": false, "Startup Cost": 64183.12, "Total Cost": 68413.58, "Plan Rows": 1, "Plan Width": 199, "Workers Planned": 1, "Single Copy": false, "Plans": [{"Node Type": "Nested Loop", "Parent Relationship": "Outer", "Parallel Aware": false, "Async Capable": false, "Join Type": "Inner", "Startup Cost": 63183.12, "Total Cost": 67413.48, "Plan Rows": 1, "Plan Width": 199, "Inner Unique": true, "Plans": [{"Node Type": "Hash Join", "Parent Relationship": "Outer", "Parallel Aware": true, "Async Capable": false, "Join Type": "Inner", "Startup Cost": 63182.7, "Total Cost": 67407.71, "Plan Rows": 13, "Plan Width": 199, "Inner Unique": true, "Hash Cond": "((customer.c_current_addr_sk = customer_address.ca_address_sk) AND (store.s_zip = customer_address.ca_zip))", "Join Filter": "((customer.c_birth_country)::text <> upper((customer_address.ca_country)::text))", "Plans": [{"Node Type": "Hash Join", "Parent Relationship": "Outer", "Parallel Aware": true, "Async Capable": false, "Join Type": "Inner", "Startup Cost": 61311.4, "Total Cost": 65314.0, "Plan Rows": 42364, "Plan Width": 253, "Inner Unique": false, "Hash Cond": "(customer.c_customer_sk = store_sales.ss_customer_sk)", "Plans": [{"Node Type": "Seq Scan", "Parent Relationship": "Outer", "Parallel Aware": true, "Async Capable": false, "Relation Name": "customer", "Alias": "customer", "Startup Cost": 0.0, "Total Cost": 3460.24, "Plan Rows": 58824, "Plan Width": 69}, {"Node Type": "Hash", "Parent Relationship": "Inner", "Parallel Aware": true, "Async Capable": false, "Startup Cost": 61086.35, "Total Cost": 61086.35, "Plan Rows": 18004, "Plan Width": 192, "Plans": [{"Node Type": "Hash Join", "Parent Relationship": "Outer", "Parallel Aware": false, "Async Capable": false, "Join Type": "Inner", "Startup Cost": 10.51, "Total Cost": 61086.35, "Plan Rows": 18004, "Plan Width": 192, "Inner Unique": true, "Hash Cond": "(store_sales.ss_store_sk = store.s_store_sk)", "Plans": [{"Node Type": "Seq Scan", "Parent Relationship": "Outer", "Parallel Aware": true, "Async Capable": false, "Relation Name": "store_sales", "Alias": "store_sales", "Startup Cost": 0.0, "Total Cost": 58993.85, "Plan Rows": 720185, "Plan Width": 22}, {"Node Type": "Hash", "Parent Relationship": "Inner", "Parallel Aware": false, "Async Capable": false, "Startup Cost": 10.5, "Total Cost": 10.5, "Plan Rows": 1, "Plan Width": 178, "Plans": [{"Node Type": "Seq Scan", "Parent Relationship": "Outer", "Parallel Aware": false, "Async Capable": false, "Relation Name": "store", "Alias": "store", "Startup Cost": 0.0, "Total Cost": 10.5, "Plan Rows": 1, "Plan Width": 178, "Filter": "(s_market_id = 8)"}]}]}]}]}, {"Node Type": "Hash", "Parent Relationship": "Inner", "Parallel Aware": true, "Async Capable": false, "Startup Cost": 1430.12, "Total Cost": 1430.12, "Plan Rows": 29412, "Plan Width": 32, "Plans": [{"Node Type": "Seq Scan", "Parent Relationship": "Outer", "Parallel Aware": true, "Async Capable": false, "Relation Name": "customer_address", "Alias": "customer_address", "Startup Cost": 0.0, "Total Cost": 1430.12, "Plan Rows": 29412, "Plan Width": 32}]}]}, {"Node Type": "Index Only Scan", "Parent Relationship": "Inner", "Parallel Aware": false, "Async Capable": false, "Scan Direction": "Forward", "Index Name": "store_returns_pkey", "Relation Name": "store_returns", "Alias": "store_returns", "Startup Cost": 0.42, "Total Cost": 0.44, "Plan Rows": 1, "Plan Width": 8, "Index Cond": "((sr_item_sk = store_sales.ss_item_sk) AND (sr_ticket_number = store_sales.ss_ticket_number))"}]}]}, {"Node Type": "Index Scan", "Parent Relationship": "Inner", "Parallel Aware": false, "Async Capable": false, "Scan Direction": "Forward", "Index Name": "item_pkey", "Relation Name": "item", "Alias": "item", "Startup Cost": 0.29, "Total Cost": 0.31, "Plan Rows": 1, "Plan Width": 67, "Index Cond": "(i_item_sk = store_sales.ss_item_sk)"}]}]}]}, {"Node Type": "Aggregate", "Strategy": "Plain", "Partial Mode": "Simple", "Parent Relationship": "InitPlan", "Subplan Name": "InitPlan 2 (returns $5)", "Parallel Aware": false, "Async Capable": false, "Startup Cost": 0.02, "Total Cost": 0.04, "Plan Rows": 1, "Plan Width": 32, "Plans": [{"Node Type": "CTE Scan", "Parent Relationship": "Outer", "Parallel Aware": false, "Async Capable": false, "CTE Name": "ssales", "Alias": "ssales_1", "Startup Cost": 0.0, "Total Cost": 0.02, "Plan Rows": 1, "Plan Width": 32}]}, {"Node Type": "Sort", "Parent Relationship": "Outer", "Parallel Aware": false, "Async Capable": false, "Startup Cost": 0.03, "Total Cost": 0.04, "Plan Rows": 1, "Plan Width": 358, "Sort Key": ["ssales.c_last_name", "ssales.c_first_name", "ssales.s_store_name"], "Plans": [{"Node Type": "CTE Scan", "Parent Relationship": "Outer", "Parallel Aware": false, "Async Capable": false, "CTE Name": "ssales", "Alias": "ssales", "Startup Cost": 0.0, "Total Cost": 0.02, "Plan Rows": 1, "Plan Width": 358, "Filter": "(i_color = 'peach'::bpchar)"}]}]}}