{"Plan": {"Node Type": "Limit", "Parallel Aware": false, "Async Capable": false, "Startup Cost": 474465.27, "Total Cost": 474465.38, "Plan Rows": 1, "Plan Width": 288, "Plans": [{"Node Type": "Nested Loop", "Parent Relationship": "Outer", "Parallel Aware": false, "Async Capable": false, "Join Type": "Inner", "Startup Cost": 474465.27, "Total Cost": 474465.38, "Plan Rows": 1, "Plan Width": 288, "Inner Unique": false, "Plans": [{"Node Type": "Nested Loop", "Parent Relationship": "Outer", "Parallel Aware": false, "Async Capable": false, "Join Type": "Inner", "Startup Cost": 395696.93, "Total Cost": 395697.02, "Plan Rows": 1, "Plan Width": 240, "Inner Unique": false, "Plans": [{"Node Type": "Nested Loop", "Parent Relationship": "Outer", "Parallel Aware": false, "Async Capable": false, "Join Type": "Inner", "Startup Cost": 316319.73, "Total Cost": 316319.8, "Plan Rows": 1, "Plan Width": 192, "Inner Unique": false, "Plans": [{"Node Type": "Nested Loop", "Parent Relationship": "Outer", "Parallel Aware": false, "Async Capable": false, "Join Type": "Inner", "Startup Cost": 237794.27, "Total Cost": 237794.32, "Plan Rows": 1, "Plan Width": 144, "Inner Unique": false, "Plans": [{"Node Type": "Nested Loop", "Parent Relationship": "Outer", "Parallel Aware": false, "Async Capable": false, "Join Type": "Inner", "Startup Cost": 159167.01, "Total Cost": 159167.04, "Plan Rows": 1, "Plan Width": 96, "Inner Unique": false, "Plans": [{"Node Type": "Aggregate", "Strategy": "Plain", "Partial Mode": "Simple", "Parent Relationship": "Outer", "Parallel Aware": false, "Async Capable": false, "Startup Cost": 79848.41, "Total Cost": 79848.42, "Plan Rows": 1, "Plan Width": 48, "Plans": [{"Node Type": "Gather Merge", "Parent Relationship": "Outer", "Parallel Aware": false, "Async Capable": false, "Startup Cost": 75023.79, "Total Cost": 79564.01, "Plan Rows": 37919, "Plan Width": 6, "Workers Planned": 4, "Plans": [{"Node Type": "Sort", "Parent Relationship": "Outer", "Parallel Aware": false, "Async Capable": false, "Startup Cost": 74023.74, "Total Cost": 74047.44, "Plan Rows": 9480, "Plan Width": 6, "Sort Key": ["store_sales.ss_list_price"], "Plans": [{"Node Type": "Seq Scan", "Parent Relationship": "Outer", "Parallel Aware": true, "Async Capable": false, "Relation Name": "store_sales", "Alias": "store_sales", "Startup Cost": 0.0, "Total Cost": 73397.55, "Plan Rows": 9480, "Plan Width": 6, "Filter": "((ss_quantity >= 0) AND (ss_quantity <= 5) AND (((ss_list_price >= '8'::numeric) AND (ss_list_price <= '18'::numeric)) OR ((ss_coupon_amt >= '459'::numeric) AND (ss_coupon_amt <= '1459'::numeric)) OR ((ss_wholesale_cost >= '57'::numeric) AND (ss_wholesale_cost <= '77'::numeric))))"}]}]}]}, {"Node Type": "Aggregate", "Strategy": "Plain", "Partial Mode": "Simple", "Parent Relationship": "Inner", "Parallel Aware": false, "Async Capable": false, "Startup Cost": 79318.6, "Total Cost": 79318.61, "Plan Rows": 1, "Plan Width": 48, "Plans": [{"Node Type": "Gather Merge", "Parent Relationship": "Outer", "Parallel Aware": false, "Async Capable": false, "Startup Cost": 74957.37, "Total Cost": 79061.52, "Plan Rows": 34277, "Plan Width": 6, "Workers Planned": 4, "Plans": [{"Node Type": "Sort", "Parent Relationship": "Outer", "Parallel Aware": false, "Async Capable": false, "Startup Cost": 73957.32, "Total Cost": 73978.74, "Plan Rows": 8569, "Plan Width": 6, "Sort Key": ["store_sales_1.ss_list_price"], "Plans": [{"Node Type": "Seq Scan", "Parent Relationship": "Outer", "Parallel Aware": true, "Async Capable": false, "Relation Name": "store_sales", "Alias": "store_sales_1", "Startup Cost": 0.0, "Total Cost": 73397.55, "Plan Rows": 8569, "Plan Width": 6, "Filter": "((ss_quantity >= 6) AND (ss_quantity <= 10) AND (((ss_list_price >= '90'::numeric) AND (ss_list_price <= '100'::numeric)) OR ((ss_coupon_amt >= '2323'::numeric) AND (ss_coupon_amt <= '3323'::numeric)) OR ((ss_wholesale_cost >= '31'::numeric) AND (ss_wholesale_cost <= '51'::numeric))))"}]}]}]}]}, {"Node Type": "Aggregate", "Strategy": "Plain", "Partial Mode": "Simple", "Parent Relationship": "Inner", "Parallel Aware": false, "Async Capable": false, "Startup Cost": 78627.27, "Total Cost": 78627.28, "Plan Rows": 1, "Plan Width": 48, "Plans": [{"Node Type": "Gather Merge", "Parent Relationship": "Outer", "Parallel Aware": false, "Async Capable": false, "Startup Cost": 74871.68, "Total Cost": 78405.89, "Plan Rows": 29517, "Plan Width": 6, "Workers Planned": 4, "Plans": [{"Node Type": "Sort", "Parent Relationship": "Outer", "Parallel Aware": false, "Async Capable": false, "Startup Cost": 73871.62, "Total Cost": 73890.07, "Plan Rows": 7379, "Plan Width": 6, "Sort Key": ["store_sales_2.ss_list_price"], "Plans": [{"Node Type": "Seq Scan", "Parent Relationship": "Outer", "Parallel Aware": true, "Async Capable": false, "Relation Name": "store_sales", "Alias": "store_sales_2", "Startup Cost": 0.0, "Total Cost": 73397.55, "Plan Rows": 7379, "Plan Width": 6, "Filter": "((ss_quantity >= 11) AND (ss_quantity <= 15) AND (((ss_list_price >= '142'::numeric) AND (ss_list_price <= '152'::numeric)) OR ((ss_coupon_amt >= '12214'::numeric) AND (ss_coupon_amt <= '13214'::numeric)) OR ((ss_wholesale_cost >= '79'::numeric) AND (ss_wholesale_cost <= '99'::numeric))))"}]}]}]}]}, {"Node Type": "Aggregate", "Strategy": "Plain", "Partial Mode": "Simple", "Parent Relationship": "Inner", "Parallel Aware": false, "Async Capable": false, "Startup Cost": 78525.46, "Total Cost": 78525.47, "Plan Rows": 1, "Plan Width": 48, "Plans": [{"Node Type": "Gather Merge", "Parent Relationship": "Outer", "Parallel Aware": false, "Async Capable": false, "Startup Cost": 74859.19, "Total Cost": 78309.34, "Plan Rows": 28815, "Plan Width": 6, "Workers Planned": 4, "Plans": [{"Node Type": "Sort", "Parent Relationship": "Outer", "Parallel Aware": false, "Async Capable": false, "Startup Cost": 73859.13, "Total Cost": 73877.14, "Plan Rows": 7204, "Plan Width": 6, "Sort Key": ["store_sales_3.ss_list_price"], "Plans": [{"Node Type": "Seq Scan", "Parent Relationship": "Outer", "Parallel Aware": true, "Async Capable": false, "Relation Name": "store_sales", "Alias": "store_sales_3", "Startup Cost": 0.0, "Total Cost": 73397.55, "Plan Rows": 7204, "Plan Width": 6, "Filter": "((ss_quantity >= 16) AND (ss_quantity <= 20) AND (((ss_list_price >= '135'::numeric) AND (ss_list_price <= '145'::numeric)) OR ((ss_coupon_amt >= '6071'::numeric) AND (ss_coupon_amt <= '7071'::numeric)) OR ((ss_wholesale_cost >= '38'::numeric) AND (ss_wholesale_cost <= '58'::numeric))))"}]}]}]}]}, {"Node Type": "Aggregate", "Strategy": "Plain", "Partial Mode": "Simple", "Parent Relationship": "Inner", "Parallel Aware": false, "Async Capable": false, "Startup Cost": 79377.2, "Total Cost": 79377.21, "Plan Rows": 1, "Plan Width": 48, "Plans": [{"Node Type": "Gather Merge", "Parent Relationship": "Outer", "Parallel Aware": false, "Async Capable": false, "Startup Cost": 74964.7, "Total Cost": 79117.1, "Plan Rows": 34680, "Plan Width": 6, "Workers Planned": 4, "Plans": [{"Node Type": "Sort", "Parent Relationship": "Outer", "Parallel Aware": false, "Async Capable": false, "Startup Cost": 73964.65, "Total Cost": 73986.32, "Plan Rows": 8670, "Plan Width": 6, "Sort Key": ["store_sales_4.ss_list_price"], "Plans": [{"Node Type": "Seq Scan", "Parent Relationship": "Outer", "Parallel Aware": true, "Async Capable": false, "Relation Name": "store_sales", "Alias": "store_sales_4", "Startup Cost": 0.0, "Total Cost": 73397.55, "Plan Rows": 8670, "Plan Width": 6, "Filter": "((ss_quantity >= 21) AND (ss_quantity <= 25) AND (((ss_list_price >= '122'::numeric) AND (ss_list_price <= '132'::numeric)) OR ((ss_coupon_amt >= '836'::numeric) AND (ss_coupon_amt <= '1836'::numeric)) OR ((ss_wholesale_cost >= '17'::numeric) AND (ss_wholesale_cost <= '37'::numeric))))"}]}]}]}]}, {"Node Type": "Aggregate", "Strategy": "Plain", "Partial Mode": "Simple", "Parent Relationship": "Inner", "Parallel Aware": false, "Async Capable": false, "Startup Cost": 78768.33, "Total Cost": 78768.34, "Plan Rows": 1, "Plan Width": 48, "Plans": [{"Node Type": "Gather Merge", "Parent Relationship": "Outer", "Parallel Aware": false, "Async Capable": false, "Startup Cost": 74889.07, "Total Cost": 78539.66, "Plan Rows": 30489, "Plan Width": 6, "Workers Planned": 4, "Plans": [{"Node Type": "Sort", "Parent Relationship": "Outer", "Parallel Aware": false, "Async Capable": false, "Startup Cost": 73889.01, "Total Cost": 73908.07, "Plan Rows": 7622, "Plan Width": 6, "Sort Key": ["store_sales_5.ss_list_price"], "Plans": [{"Node Type": "Seq Scan", "Parent Relationship": "Outer", "Parallel Aware": true, "Async Capable": false, "Relation Name": "store_sales", "Alias": "store_sales_5", "Startup Cost": 0.0, "Total Cost": 73397.55, "Plan Rows": 7622, "Plan Width": 6, "Filter": "((ss_quantity >= 26) AND (ss_quantity <= 30) AND (((ss_list_price >= '154'::numeric) AND (ss_list_price <= '164'::numeric)) OR ((ss_coupon_amt >= '7326'::numeric) AND (ss_coupon_amt <= '8326'::numeric)) OR ((ss_wholesale_cost >= '7'::numeric) AND (ss_wholesale_cost <= '27'::numeric))))"}]}]}]}]}]}}