{"Plan": {"Node Type": "Limit", "Parallel Aware": false, "Async Capable": false, "Startup Cost": 63309.98, "Total Cost": 63310.23, "Plan Rows": 100, "Plan Width": 172, "Plans": [{"Node Type": "Aggregate", "Strategy": "Sorted", "Partial Mode": "Simple", "Parent Relationship": "InitPlan", "Subplan Name": "CTE results", "Parallel Aware": false, "Async Capable": false, "Startup Cost": 63140.78, "Total Cost": 63194.24, "Plan Rows": 357, "Plan Width": 206, "Group Key": ["item.i_category", "item.i_class"], "Plans": [{"Node Type": "Gather Merge", "Parent Relationship": "Outer", "Parallel Aware": false, "Async Capable": false, "Startup Cost": 63140.78, "Total Cost": 63183.53, "Plan Rows": 357, "Plan Width": 114, "Workers Planned": 4, "Plans": [{"Node Type": "Sort", "Parent Relationship": "Outer", "Parallel Aware": false, "Async Capable": false, "Startup Cost": 62140.73, "Total Cost": 62140.95, "Plan Rows": 89, "Plan Width": 114, "Sort Key": ["item.i_category", "item.i_class"], "Plans": [{"Node Type": "Nested Loop", "Parent Relationship": "Outer", "Parallel Aware": false, "Async Capable": false, "Join Type": "Inner", "Startup Cost": 11.1, "Total Cost": 62137.85, "Plan Rows": 89, "Plan Width": 114, "Inner Unique": true, "Plans": [{"Node Type": "Nested Loop", "Parent Relationship": "Outer", "Parallel Aware": false, "Async Capable": false, "Join Type": "Inner", "Startup Cost": 10.81, "Total Cost": 62110.54, "Plan Rows": 89, "Plan Width": 16, "Inner Unique": true, "Plans": [{"Node Type": "Hash Join", "Parent Relationship": "Outer", "Parallel Aware": false, "Async Capable": false, "Join Type": "Inner", "Startup Cost": 10.51, "Total Cost": 61086.35, "Plan Rows": 18004, "Plan Width": 20, "Inner Unique": true, "Hash Cond": "(store_sales.ss_store_sk = store.s_store_sk)", "Plans": [{"Node Type": "Seq Scan", "Parent Relationship": "Outer", "Parallel Aware": true, "Async Capable": false, "Relation Name": "store_sales", "Alias": "store_sales", "Startup Cost": 0.0, "Total Cost": 58993.85, "Plan Rows": 720185, "Plan Width": 24}, {"Node Type": "Hash", "Parent Relationship": "Inner", "Parallel Aware": false, "Async Capable": false, "Startup Cost": 10.5, "Total Cost": 10.5, "Plan Rows": 1, "Plan Width": 4, "Plans": [{"Node Type": "Seq Scan", "Parent Relationship": "Outer", "Parallel Aware": false, "Async Capable": false, "Relation Name": "store", "Alias": "store", "Startup Cost": 0.0, "Total Cost": 10.5, "Plan Rows": 1, "Plan Width": 4, "Filter": "(s_state = 'TN'::bpchar)"}]}]}, {"Node Type": "Memoize", "Parent Relationship": "Inner", "Parallel Aware": false, "Async Capable": false, "Startup Cost": 0.3, "Total Cost": 0.32, "Plan Rows": 1, "Plan Width": 4, "Cache Key": "store_sales.ss_sold_date_sk", "Cache Mode": "logical", "Plans": [{"Node Type": "Index Scan", "Parent Relationship": "Outer", "Parallel Aware": false, "Async Capable": false, "Scan Direction": "Forward", "Index Name": "date_dim_pkey", "Relation Name": "date_dim", "Alias": "d1", "Startup Cost": 0.29, "Total Cost": 0.31, "Plan Rows": 1, "Plan Width": 4, "Index Cond": "(d_date_sk = store_sales.ss_sold_date_sk)", "Filter": "(d_year = 2001)"}]}]}, {"Node Type": "Index Scan", "Parent Relationship": "Inner", "Parallel Aware": false, "Async Capable": false, "Scan Direction": "Forward", "Index Name": "item_pkey", "Relation Name": "item", "Alias": "item", "Startup Cost": 0.29, "Total Cost": 0.31, "Plan Rows": 1, "Plan Width": 106, "Index Cond": "(i_item_sk = store_sales.ss_item_sk)"}]}]}]}]}, {"Node Type": "Sort", "Parent Relationship": "Outer", "Parallel Aware": false, "Async Capable": false, "Startup Cost": 115.75, "Total Cost": 117.14, "Plan Rows": 558, "Plan Width": 172, "Sort Key": ["results_rollup.lochierarchy DESC", "(CASE WHEN (results_rollup.lochierarchy = 0) THEN results_rollup.i_category ELSE NULL::bpchar END) NULLS FIRST", "(rank() OVER (?)) NULLS FIRST"], "Plans": [{"Node Type": "WindowAgg", "Parent Relationship": "Outer", "Parallel Aware": false, "Async Capable": false, "Startup Cost": 79.07, "Total Cost": 94.42, "Plan Rows": 558, "Plan Width": 172, "Plans": [{"Node Type": "Sort", "Parent Relationship": "Outer", "Parallel Aware": false, "Async Capable": false, "Startup Cost": 79.07, "Total Cost": 80.47, "Plan Rows": 558, "Plan Width": 132, "Sort Key": ["results_rollup.lochierarchy", "(CASE WHEN (results_rollup.t_class = 0) THEN results_rollup.i_category ELSE NULL::bpchar END)", "results_rollup.gross_margin"], "Plans": [{"Node Type": "Subquery Scan", "Parent Relationship": "Outer", "Parallel Aware": false, "Async Capable": false, "Alias": "results_rollup", "Startup Cost": 41.06, "Total Cost": 53.62, "Plan Rows": 558, "Plan Width": 132, "Plans": [{"Node Type": "Aggregate", "Strategy": "Hashed", "Partial Mode": "Simple", "Parent Relationship": "Subquery", "Parallel Aware": false, "Async Capable": false, "Startup Cost": 41.06, "Total Cost": 46.64, "Plan Rows": 558, "Plan Width": 108, "Group Key": ["results.gross_margin", "results.i_category", "results.i_class", "(0)", "(0)", "(0)"], "Planned Partitions": 0, "Plans": [{"Node Type": "Append", "Parent Relationship": "Outer", "Parallel Aware": false, "Async Capable": false, "Startup Cost": 0.0, "Total Cost": 32.69, "Plan Rows": 558, "Plan Width": 108, "Subplans Removed": 0, "Plans": [{"Node Type": "CTE Scan", "Parent Relationship": "Member", "Parallel Aware": false, "Async Capable": false, "CTE Name": "results", "Alias": "results", "Startup Cost": 0.0, "Total Cost": 7.14, "Plan Rows": 357, "Plan Width": 452}, {"Node Type": "Aggregate", "Strategy": "Hashed", "Partial Mode": "Simple", "Parent Relationship": "Member", "Parallel Aware": false, "Async Capable": false, "Startup Cost": 9.82, "Total Cost": 13.82, "Plan Rows": 200, "Plan Width": 280, "Group Key": ["results_1.i_category"], "Planned Partitions": 0, "Plans": [{"Node Type": "CTE Scan", "Parent Relationship": "Outer", "Parallel Aware": false, "Async Capable": false, "CTE Name": "results", "Alias": "results_1", "Startup Cost": 0.0, "Total Cost": 7.14, "Plan Rows": 357, "Plan Width": 268}]}, {"Node Type": "Aggregate", "Strategy": "Plain", "Partial Mode": "Simple", "Parent Relationship": "Member", "Parallel Aware": false, "Async Capable": false, "Startup Cost": 8.93, "Total Cost": 8.95, "Plan Rows": 1, "Plan Width": 108, "Plans": [{"Node Type": "CTE Scan", "Parent Relationship": "Outer", "Parallel Aware": false, "Async Capable": false, "CTE Name": "results", "Alias": "results_2", "Startup Cost": 0.0, "Total Cost": 7.14, "Plan Rows": 357, "Plan Width": 64}]}]}]}]}]}]}]}]}}