{"Plan": {"Node Type": "Limit", "Parallel Aware": false, "Async Capable": false, "Startup Cost": 5725.72, "Total Cost": 5728.83, "Plan Rows": 2, "Plan Width": 125, "Plans": [{"Node Type": "Group", "Parent Relationship": "Outer", "Parallel Aware": false, "Async Capable": false, "Startup Cost": 5725.72, "Total Cost": 5728.83, "Plan Rows": 2, "Plan Width": 125, "Group Key": ["item.i_item_id", "item.i_item_desc", "item.i_current_price"], "Plans": [{"Node Type": "Nested Loop", "Parent Relationship": "Outer", "Parallel Aware": false, "Async Capable": false, "Join Type": "Inner", "Startup Cost": 5725.72, "Total Cost": 5728.23, "Plan Rows": 80, "Plan Width": 125, "Inner Unique": false, "Plans": [{"Node Type": "Gather Merge", "Parent Relationship": "Outer", "Parallel Aware": false, "Async Capable": false, "Startup Cost": 5725.29, "Total Cost": 5725.41, "Plan Rows": 1, "Plan Width": 133, "Workers Planned": 1, "Plans": [{"Node Type": "Sort", "Parent Relationship": "Outer", "Parallel Aware": false, "Async Capable": false, "Startup Cost": 4725.28, "Total Cost": 4725.28, "Plan Rows": 1, "Plan Width": 133, "Sort Key": ["item.i_item_id", "item.i_item_desc", "item.i_current_price"], "Plans": [{"Node Type": "Nested Loop", "Parent Relationship": "Outer", "Parallel Aware": false, "Async Capable": false, "Join Type": "Inner", "Startup Cost": 0.43, "Total Cost": 4725.27, "Plan Rows": 1, "Plan Width": 133, "Inner Unique": false, "Plans": [{"Node Type": "Seq Scan", "Parent Relationship": "Outer", "Parallel Aware": true, "Async Capable": false, "Relation Name": "item", "Alias": "item", "Startup Cost": 0.0, "Total Cost": 1495.76, "Plan Rows": 1, "Plan Width": 129, "Filter": "((i_current_price >= '68'::numeric) AND (i_current_price <= '98'::numeric) AND (i_manufact_id = ANY ('{677,940,694,808}'::integer[])))"}, {"Node Type": "Nested Loop", "Parent Relationship": "Inner", "Parallel Aware": false, "Async Capable": false, "Join Type": "Inner", "Startup Cost": 0.43, "Total Cost": 3228.91, "Plan Rows": 59, "Plan Width": 4, "Inner Unique": false, "Plans": [{"Node Type": "Seq Scan", "Parent Relationship": "Outer", "Parallel Aware": false, "Async Capable": false, "Relation Name": "date_dim", "Alias": "date_dim", "Startup Cost": 0.0, "Total Cost": 2519.73, "Plan Rows": 59, "Plan Width": 4, "Filter": "((d_date >= '2000-02-01'::date) AND (d_date <= '2000-04-01'::date))"}, {"Node Type": "Index Scan", "Parent Relationship": "Inner", "Parallel Aware": false, "Async Capable": false, "Scan Direction": "Forward", "Index Name": "inventory_pkey", "Relation Name": "inventory", "Alias": "inventory", "Startup Cost": 0.43, "Total Cost": 12.01, "Plan Rows": 1, "Plan Width": 8, "Index Cond": "((inv_date_sk = date_dim.d_date_sk) AND (inv_item_sk = item.i_item_sk))", "Filter": "((inv_quantity_on_hand >= 100) AND (inv_quantity_on_hand <= 500))"}]}]}]}]}, {"Node Type": "Index Only Scan", "Parent Relationship": "Inner", "Parallel Aware": false, "Async Capable": false, "Scan Direction": "Forward", "Index Name": "catalog_sales_pkey", "Relation Name": "catalog_sales", "Alias": "catalog_sales", "Startup Cost": 0.43, "Total Cost": 1.96, "Plan Rows": 87, "Plan Width": 4, "Index Cond": "(cs_item_sk = inventory.inv_item_sk)"}]}]}]}}