{"Plan": {"Node Type": "Sort", "Parallel Aware": false, "Async Capable": false, "Startup Cost": 115578.12, "Total Cost": 115578.13, "Plan Rows": 1, "Plan Width": 152, "Sort Key": ["inv1.w_warehouse_sk NULLS FIRST", "inv1.i_item_sk NULLS FIRST", "inv1.mean NULLS FIRST", "inv1.cov NULLS FIRST", "inv2.mean NULLS FIRST", "inv2.cov NULLS FIRST"], "Plans": [{"Node Type": "Subquery Scan", "Parent Relationship": "InitPlan", "Subplan Name": "CTE inv", "Parallel Aware": false, "Async Capable": false, "Alias": "foo", "Startup Cost": 105403.66, "Total Cost": 114700.69, "Plan Rows": 19401, "Plan Width": 166, "Plans": [{"Node Type": "Aggregate", "Strategy": "Sorted", "Partial Mode": "Simple", "Parent Relationship": "Subquery", "Parallel Aware": false, "Async Capable": false, "Startup Cost": 105403.66, "Total Cost": 114603.69, "Plan Rows": 19401, "Plan Width": 134, "Group Key": ["warehouse.w_warehouse_sk", "item.i_item_sk", "date_dim.d_moy"], "Filter": "(CASE avg(inventory.inv_quantity_on_hand) WHEN '0'::numeric THEN '0'::numeric ELSE ((stddev_samp(inventory.inv_quantity_on_hand) * 1.000) / avg(inventory.inv_quantity_on_hand)) END > '1'::numeric)", "Plans": [{"Node Type": "Gather Merge", "Parent Relationship": "Outer", "Parallel Aware": false, "Async Capable": false, "Startup Cost": 105403.66, "Total Cost": 112372.57, "Plan Rows": 58203, "Plan Width": 74, "Workers Planned": 4, "Plans": [{"Node Type": "Sort", "Parent Relationship": "Outer", "Parallel Aware": false, "Async Capable": false, "Startup Cost": 104403.6, "Total Cost": 104439.98, "Plan Rows": 14551, "Plan Width": 74, "Sort Key": ["warehouse.w_warehouse_sk", "item.i_item_sk", "date_dim.d_moy"], "Plans": [{"Node Type": "Hash Join", "Parent Relationship": "Outer", "Parallel Aware": false, "Async Capable": false, "Join Type": "Inner", "Startup Cost": 2729.06, "Total Cost": 103397.48, "Plan Rows": 14551, "Plan Width": 74, "Inner Unique": true, "Hash Cond": "(inventory.inv_warehouse_sk = warehouse.w_warehouse_sk)", "Plans": [{"Node Type": "Hash Join", "Parent Relationship": "Outer", "Parallel Aware": false, "Async Capable": false, "Join Type": "Inner", "Startup Cost": 2716.81, "Total Cost": 103345.41, "Plan Rows": 14551, "Plan Width": 16, "Inner Unique": true, "Hash Cond": "(inventory.inv_item_sk = item.i_item_sk)", "Plans": [{"Node Type": "Hash Join", "Parent Relationship": "Outer", "Parallel Aware": true, "Async Capable": false, "Join Type": "Inner", "Startup Cost": 1963.79, "Total Cost": 102554.18, "Plan Rows": 14551, "Plan Width": 16, "Inner Unique": true, "Hash Cond": "(inventory.inv_date_sk = date_dim.d_date_sk)", "Plans": [{"Node Type": "Seq Scan", "Parent Relationship": "Outer", "Parallel Aware": true, "Async Capable": false, "Relation Name": "inventory", "Alias": "inventory", "Startup Cost": 0.0, "Total Cost": 92882.33, "Plan Rows": 2936233, "Plan Width": 16}, {"Node Type": "Hash", "Parent Relationship": "Inner", "Parallel Aware": true, "Async Capable": false, "Startup Cost": 1961.12, "Total Cost": 1961.12, "Plan Rows": 213, "Plan Width": 8, "Plans": [{"Node Type": "Seq Scan", "Parent Relationship": "Outer", "Parallel Aware": true, "Async Capable": false, "Relation Name": "date_dim", "Alias": "date_dim", "Startup Cost": 0.0, "Total Cost": 1961.12, "Plan Rows": 213, "Plan Width": 8, "Filter": "(d_year = 2001)"}]}]}, {"Node Type": "Hash", "Parent Relationship": "Inner", "Parallel Aware": false, "Async Capable": false, "Startup Cost": 528.03, "Total Cost": 528.03, "Plan Rows": 18000, "Plan Width": 4, "Plans": [{"Node Type": "Index Only Scan", "Parent Relationship": "Outer", "Parallel Aware": false, "Async Capable": false, "Scan Direction": "Forward", "Index Name": "item_pkey", "Relation Name": "item", "Alias": "item", "Startup Cost": 0.29, "Total Cost": 528.03, "Plan Rows": 18000, "Plan Width": 4}]}]}, {"Node Type": "Hash", "Parent Relationship": "Inner", "Parallel Aware": false, "Async Capable": false, "Startup Cost": 11.0, "Total Cost": 11.0, "Plan Rows": 100, "Plan Width": 62, "Plans": [{"Node Type": "Seq Scan", "Parent Relationship": "Outer", "Parallel Aware": false, "Async Capable": false, "Relation Name": "warehouse", "Alias": "warehouse", "Startup Cost": 0.0, "Total Cost": 11.0, "Plan Rows": 100, "Plan Width": 62}]}]}]}]}]}]}, {"Node Type": "Hash Join", "Parent Relationship": "Outer", "Parallel Aware": false, "Async Capable": false, "Join Type": "Inner", "Startup Cost": 437.98, "Total Cost": 877.42, "Plan Rows": 1, "Plan Width": 152, "Inner Unique": false, "Hash Cond": "((inv1.i_item_sk = inv2.i_item_sk) AND (inv1.w_warehouse_sk = inv2.w_warehouse_sk))", "Plans": [{"Node Type": "CTE Scan", "Parent Relationship": "Outer", "Parallel Aware": false, "Async Capable": false, "CTE Name": "inv", "Alias": "inv1", "Startup Cost": 0.0, "Total Cost": 436.52, "Plan Rows": 97, "Plan Width": 76, "Filter": "(d_moy = 1)"}, {"Node Type": "Hash", "Parent Relationship": "Inner", "Parallel Aware": false, "Async Capable": false, "Startup Cost": 436.52, "Total Cost": 436.52, "Plan Rows": 97, "Plan Width": 76, "Plans": [{"Node Type": "CTE Scan", "Parent Relationship": "Outer", "Parallel Aware": false, "Async Capable": false, "CTE Name": "inv", "Alias": "inv2", "Startup Cost": 0.0, "Total Cost": 436.52, "Plan Rows": 97, "Plan Width": 76, "Filter": "(d_moy = 2)"}]}]}]}}