{"Plan": {"Node Type": "Limit", "Parallel Aware": false, "Async Capable": false, "Startup Cost": 268638.98, "Total Cost": 268640.5, "Plan Rows": 100, "Plan Width": 110, "Plans": [{"Node Type": "Merge Join", "Parent Relationship": "Outer", "Parallel Aware": false, "Async Capable": false, "Join Type": "Inner", "Startup Cost": 268638.98, "Total Cost": 270937.72, "Plan Rows": 151415, "Plan Width": 110, "Inner Unique": false, "Merge Cond": "((rank() OVER (?)) = (rank() OVER (?)))", "Plans": [{"Node Type": "Sort", "Parent Relationship": "Outer", "Parallel Aware": false, "Async Capable": false, "Startup Cost": 134319.49, "Total Cost": 134333.25, "Plan Rows": 5503, "Plan Width": 59, "Sort Key": ["(rank() OVER (?))"], "Plans": [{"Node Type": "Hash Join", "Parent Relationship": "Outer", "Parallel Aware": false, "Async Capable": false, "Join Type": "Inner", "Startup Cost": 133811.81, "Total Cost": 133977.59, "Plan Rows": 5503, "Plan Width": 59, "Inner Unique": true, "Hash Cond": "(v1.item_sk = i1.i_item_sk)", "Plans": [{"Node Type": "WindowAgg", "Parent Relationship": "Outer", "Parallel Aware": false, "Async Capable": false, "Startup Cost": 132122.81, "Total Cost": 132219.11, "Plan Rows": 5503, "Plan Width": 44, "Run Condition": "(rank() OVER (?) < 11)", "Plans": [{"Node Type": "Sort", "Parent Relationship": "Outer", "Parallel Aware": false, "Async Capable": false, "Startup Cost": 132122.81, "Total Cost": 132136.57, "Plan Rows": 5503, "Plan Width": 36, "Sort Key": ["v1.rank_col"], "Plans": [{"Node Type": "Subquery Scan", "Parent Relationship": "Outer", "Parallel Aware": false, "Async Capable": false, "Alias": "v1", "Startup Cost": 131492.02, "Total Cost": 131780.91, "Plan Rows": 5503, "Plan Width": 36, "Plans": [{"Node Type": "Aggregate", "Strategy": "Hashed", "Partial Mode": "Finalize", "Parent Relationship": "Subquery", "Parallel Aware": false, "Async Capable": false, "Startup Cost": 131492.02, "Total Cost": 131780.91, "Plan Rows": 5503, "Plan Width": 36, "Group Key": ["ss1.ss_item_sk"], "Filter": "(avg(ss1.ss_net_profit) > (0.9 * $1))", "Planned Partitions": 0, "Plans": [{"Node Type": "Aggregate", "Strategy": "Sorted", "Partial Mode": "Finalize", "Parent Relationship": "InitPlan", "Subplan Name": "InitPlan 1 (returns $1)", "Parallel Aware": false, "Async Capable": false, "Startup Cost": 1000.0, "Total Cost": 61807.53, "Plan Rows": 1, "Plan Width": 36, "Plans": [{"Node Type": "Gather", "Parent Relationship": "Outer", "Parallel Aware": false, "Async Capable": false, "Startup Cost": 1000.0, "Total Cost": 61807.5, "Plan Rows": 4, "Plan Width": 36, "Workers Planned": 4, "Single Copy": false, "Plans": [{"Node Type": "Aggregate", "Strategy": "Sorted", "Partial Mode": "Partial", "Parent Relationship": "Outer", "Parallel Aware": false, "Async Capable": false, "Startup Cost": 0.0, "Total Cost": 60807.1, "Plan Rows": 1, "Plan Width": 36, "Plans": [{"Node Type": "Seq Scan", "Parent Relationship": "Outer", "Parallel Aware": true, "Async Capable": false, "Relation Name": "store_sales", "Alias": "store_sales", "Startup Cost": 0.0, "Total Cost": 60794.31, "Plan Rows": 5108, "Plan Width": 10, "Filter": "((ss_addr_sk IS NULL) AND (ss_store_sk = 4))"}]}]}]}, {"Node Type": "Gather", "Parent Relationship": "Outer", "Parallel Aware": false, "Async Capable": false, "Startup Cost": 62379.7, "Total Cost": 69189.25, "Plan Rows": 66032, "Plan Width": 36, "Workers Planned": 4, "Single Copy": false, "Plans": [{"Node Type": "Aggregate", "Strategy": "Hashed", "Partial Mode": "Partial", "Parent Relationship": "Outer", "Parallel Aware": false, "Async Capable": false, "Startup Cost": 61379.7, "Total Cost": 61586.05, "Plan Rows": 16508, "Plan Width": 36, "Group Key": ["ss1.ss_item_sk"], "Planned Partitions": 0, "Plans": [{"Node Type": "Seq Scan", "Parent Relationship": "Outer", "Parallel Aware": true, "Async Capable": false, "Relation Name": "store_sales", "Alias": "ss1", "Startup Cost": 0.0, "Total Cost": 60794.31, "Plan Rows": 117078, "Plan Width": 10, "Filter": "(ss_store_sk = 4)"}]}]}]}]}]}]}, {"Node Type": "Hash", "Parent Relationship": "Inner", "Parallel Aware": false, "Async Capable": false, "Startup Cost": 1464.0, "Total Cost": 1464.0, "Plan Rows": 18000, "Plan Width": 55, "Plans": [{"Node Type": "Seq Scan", "Parent Relationship": "Outer", "Parallel Aware": false, "Async Capable": false, "Relation Name": "item", "Alias": "i1", "Startup Cost": 0.0, "Total Cost": 1464.0, "Plan Rows": 18000, "Plan Width": 55}]}]}]}, {"Node Type": "Sort", "Parent Relationship": "Inner", "Parallel Aware": false, "Async Capable": false, "Startup Cost": 134319.49, "Total Cost": 134333.25, "Plan Rows": 5503, "Plan Width": 59, "Sort Key": ["(rank() OVER (?))"], "Plans": [{"Node Type": "Hash Join", "Parent Relationship": "Outer", "Parallel Aware": false, "Async Capable": false, "Join Type": "Inner", "Startup Cost": 133811.81, "Total Cost": 133977.59, "Plan Rows": 5503, "Plan Width": 59, "Inner Unique": true, "Hash Cond": "(v2.item_sk = i2.i_item_sk)", "Plans": [{"Node Type": "WindowAgg", "Parent Relationship": "Outer", "Parallel Aware": false, "Async Capable": false, "Startup Cost": 132122.81, "Total Cost": 132219.11, "Plan Rows": 5503, "Plan Width": 44, "Run Condition": "(rank() OVER (?) < 11)", "Plans": [{"Node Type": "Sort", "Parent Relationship": "Outer", "Parallel Aware": false, "Async Capable": false, "Startup Cost": 132122.81, "Total Cost": 132136.57, "Plan Rows": 5503, "Plan Width": 36, "Sort Key": ["v2.rank_col DESC"], "Plans": [{"Node Type": "Subquery Scan", "Parent Relationship": "Outer", "Parallel Aware": false, "Async Capable": false, "Alias": "v2", "Startup Cost": 131492.02, "Total Cost": 131780.91, "Plan Rows": 5503, "Plan Width": 36, "Plans": [{"Node Type": "Aggregate", "Strategy": "Hashed", "Partial Mode": "Finalize", "Parent Relationship": "Subquery", "Parallel Aware": false, "Async Capable": false, "Startup Cost": 131492.02, "Total Cost": 131780.91, "Plan Rows": 5503, "Plan Width": 36, "Group Key": ["ss1_1.ss_item_sk"], "Filter": "(avg(ss1_1.ss_net_profit) > (0.9 * $3))", "Planned Partitions": 0, "Plans": [{"Node Type": "Aggregate", "Strategy": "Sorted", "Partial Mode": "Finalize", "Parent Relationship": "InitPlan", "Subplan Name": "InitPlan 2 (returns $3)", "Parallel Aware": false, "Async Capable": false, "Startup Cost": 1000.0, "Total Cost": 61807.53, "Plan Rows": 1, "Plan Width": 36, "Plans": [{"Node Type": "Gather", "Parent Relationship": "Outer", "Parallel Aware": false, "Async Capable": false, "Startup Cost": 1000.0, "Total Cost": 61807.5, "Plan Rows": 4, "Plan Width": 36, "Workers Planned": 4, "Single Copy": false, "Plans": [{"Node Type": "Aggregate", "Strategy": "Sorted", "Partial Mode": "Partial", "Parent Relationship": "Outer", "Parallel Aware": false, "Async Capable": false, "Startup Cost": 0.0, "Total Cost": 60807.1, "Plan Rows": 1, "Plan Width": 36, "Plans": [{"Node Type": "Seq Scan", "Parent Relationship": "Outer", "Parallel Aware": true, "Async Capable": false, "Relation Name": "store_sales", "Alias": "store_sales_1", "Startup Cost": 0.0, "Total Cost": 60794.31, "Plan Rows": 5108, "Plan Width": 10, "Filter": "((ss_addr_sk IS NULL) AND (ss_store_sk = 4))"}]}]}]}, {"Node Type": "Gather", "Parent Relationship": "Outer", "Parallel Aware": false, "Async Capable": false, "Startup Cost": 62379.7, "Total Cost": 69189.25, "Plan Rows": 66032, "Plan Width": 36, "Workers Planned": 4, "Single Copy": false, "Plans": [{"Node Type": "Aggregate", "Strategy": "Hashed", "Partial Mode": "Partial", "Parent Relationship": "Outer", "Parallel Aware": false, "Async Capable": false, "Startup Cost": 61379.7, "Total Cost": 61586.05, "Plan Rows": 16508, "Plan Width": 36, "Group Key": ["ss1_1.ss_item_sk"], "Planned Partitions": 0, "Plans": [{"Node Type": "Seq Scan", "Parent Relationship": "Outer", "Parallel Aware": true, "Async Capable": false, "Relation Name": "store_sales", "Alias": "ss1_1", "Startup Cost": 0.0, "Total Cost": 60794.31, "Plan Rows": 117078, "Plan Width": 10, "Filter": "(ss_store_sk = 4)"}]}]}]}]}]}]}, {"Node Type": "Hash", "Parent Relationship": "Inner", "Parallel Aware": false, "Async Capable": false, "Startup Cost": 1464.0, "Total Cost": 1464.0, "Plan Rows": 18000, "Plan Width": 55, "Plans": [{"Node Type": "Seq Scan", "Parent Relationship": "Outer", "Parallel Aware": false, "Async Capable": false, "Relation Name": "item", "Alias": "i2", "Startup Cost": 0.0, "Total Cost": 1464.0, "Plan Rows": 18000, "Plan Width": 55}]}]}]}]}]}}