{"Plan": {"Node Type": "Limit", "Parallel Aware": false, "Async Capable": false, "Startup Cost": 71165.46, "Total Cost": 71165.47, "Plan Rows": 1, "Plan Width": 812, "Plans": [{"Node Type": "WindowAgg", "Parent Relationship": "InitPlan", "Subplan Name": "CTE v1", "Parallel Aware": false, "Async Capable": false, "Startup Cost": 65831.71, "Total Cost": 69205.19, "Plan Rows": 16681, "Plan Width": 418, "Plans": [{"Node Type": "WindowAgg", "Parent Relationship": "Outer", "Parallel Aware": false, "Async Capable": false, "Startup Cost": 65831.71, "Total Cost": 68788.16, "Plan Rows": 16681, "Plan Width": 386, "Plans": [{"Node Type": "Aggregate", "Strategy": "Sorted", "Partial Mode": "Simple", "Parent Relationship": "Outer", "Parallel Aware": false, "Async Capable": false, "Startup Cost": 65831.71, "Total Cost": 68329.44, "Plan Rows": 16681, "Plan Width": 378, "Group Key": ["item.i_category", "item.i_brand", "store.s_store_name", "store.s_company_name", "date_dim.d_year", "date_dim.d_moy"], "Plans": [{"Node Type": "Gather Merge", "Parent Relationship": "Outer", "Parallel Aware": false, "Async Capable": false, "Startup Cost": 65831.71, "Total Cost": 67829.01, "Plan Rows": 16681, "Plan Width": 352, "Workers Planned": 4, "Plans": [{"Node Type": "Sort", "Parent Relationship": "Outer", "Parallel Aware": false, "Async Capable": false, "Startup Cost": 64831.66, "Total Cost": 64842.08, "Plan Rows": 4170, "Plan Width": 352, "Sort Key": ["item.i_category", "item.i_brand", "store.s_store_name", "store.s_company_name", "date_dim.d_year", "date_dim.d_moy"], "Plans": [{"Node Type": "Hash Join", "Parent Relationship": "Outer", "Parallel Aware": false, "Async Capable": false, "Join Type": "Inner", "Startup Cost": 2405.12, "Total Cost": 64580.92, "Plan Rows": 4170, "Plan Width": 352, "Inner Unique": true, "Hash Cond": "(store_sales.ss_store_sk = store.s_store_sk)", "Plans": [{"Node Type": "Nested Loop", "Parent Relationship": "Outer", "Parallel Aware": false, "Async Capable": false, "Join Type": "Inner", "Startup Cost": 2394.22, "Total Cost": 64557.96, "Plan Rows": 4170, "Plan Width": 120, "Inner Unique": true, "Plans": [{"Node Type": "Hash Join", "Parent Relationship": "Outer", "Parallel Aware": true, "Async Capable": false, "Join Type": "Inner", "Startup Cost": 2393.94, "Total Cost": 63278.37, "Plan Rows": 4170, "Plan Width": 22, "Inner Unique": true, "Hash Cond": "(store_sales.ss_sold_date_sk = date_dim.d_date_sk)", "Plans": [{"Node Type": "Seq Scan", "Parent Relationship": "Outer", "Parallel Aware": true, "Async Capable": false, "Relation Name": "store_sales", "Alias": "store_sales", "Startup Cost": 0.0, "Total Cost": 58993.85, "Plan Rows": 720185, "Plan Width": 18}, {"Node Type": "Hash", "Parent Relationship": "Inner", "Parallel Aware": true, "Async Capable": false, "Startup Cost": 2390.82, "Total Cost": 2390.82, "Plan Rows": 249, "Plan Width": 12, "Plans": [{"Node Type": "Seq Scan", "Parent Relationship": "Outer", "Parallel Aware": true, "Async Capable": false, "Relation Name": "date_dim", "Alias": "date_dim", "Startup Cost": 0.0, "Total Cost": 2390.82, "Plan Rows": 249, "Plan Width": 12, "Filter": "((d_year = 1999) OR ((d_year = 1998) AND (d_moy = 12)) OR ((d_year = 2000) AND (d_moy = 1)))"}]}]}, {"Node Type": "Index Scan", "Parent Relationship": "Inner", "Parallel Aware": false, "Async Capable": false, "Scan Direction": "Forward", "Index Name": "item_pkey", "Relation Name": "item", "Alias": "item", "Startup Cost": 0.29, "Total Cost": 0.31, "Plan Rows": 1, "Plan Width": 106, "Index Cond": "(i_item_sk = store_sales.ss_item_sk)"}]}, {"Node Type": "Hash", "Parent Relationship": "Inner", "Parallel Aware": false, "Async Capable": false, "Startup Cost": 10.4, "Total Cost": 10.4, "Plan Rows": 40, "Plan Width": 240, "Plans": [{"Node Type": "Seq Scan", "Parent Relationship": "Outer", "Parallel Aware": false, "Async Capable": false, "Relation Name": "store", "Alias": "store", "Startup Cost": 0.0, "Total Cost": 10.4, "Plan Rows": 40, "Plan Width": 240}]}]}]}]}]}]}]}, {"Node Type": "Sort", "Parent Relationship": "Outer", "Parallel Aware": false, "Async Capable": false, "Startup Cost": 1960.28, "Total Cost": 1960.28, "Plan Rows": 1, "Plan Width": 812, "Sort Key": ["((v1.sum_sales - v1.avg_monthly_sales))", "v1.i_category", "v1.i_brand", "v1.s_store_name", "v1.s_company_name", "v1.d_moy", "v1.avg_monthly_sales", "v1.sum_sales", "v1_lag.sum_sales", "v1_lead.sum_sales"], "Plans": [{"Node Type": "Hash Join", "Parent Relationship": "Outer", "Parallel Aware": false, "Async Capable": false, "Join Type": "Inner", "Startup Cost": 1293.01, "Total Cost": 1960.27, "Plan Rows": 1, "Plan Width": 812, "Inner Unique": false, "Hash Cond": "((v1_lead.i_category = v1.i_category) AND (v1_lead.i_brand = v1.i_brand) AND ((v1_lead.s_store_name)::text = (v1.s_store_name)::text) AND ((v1_lead.s_company_name)::text = (v1.s_company_name)::text) AND ((v1_lead.rn - 1) = v1.rn))", "Plans": [{"Node Type": "CTE Scan", "Parent Relationship": "Outer", "Parallel Aware": false, "Async Capable": false, "CTE Name": "v1", "Alias": "v1_lead", "Startup Cost": 0.0, "Total Cost": 333.62, "Plan Rows": 16681, "Plan Width": 684}, {"Node Type": "Hash", "Parent Relationship": "Inner", "Parallel Aware": false, "Async Capable": false, "Startup Cost": 1292.99, "Total Cost": 1292.99, "Plan Rows": 1, "Plan Width": 1408, "Plans": [{"Node Type": "Hash Join", "Parent Relationship": "Outer", "Parallel Aware": false, "Async Capable": false, "Join Type": "Inner", "Startup Cost": 625.74, "Total Cost": 1292.99, "Plan Rows": 1, "Plan Width": 1408, "Inner Unique": false, "Hash Cond": "((v1_lag.i_category = v1.i_category) AND (v1_lag.i_brand = v1.i_brand) AND ((v1_lag.s_store_name)::text = (v1.s_store_name)::text) AND ((v1_lag.s_company_name)::text = (v1.s_company_name)::text) AND ((v1_lag.rn + 1) = v1.rn))", "Plans": [{"Node Type": "CTE Scan", "Parent Relationship": "Outer", "Parallel Aware": false, "Async Capable": false, "CTE Name": "v1", "Alias": "v1_lag", "Startup Cost": 0.0, "Total Cost": 333.62, "Plan Rows": 16681, "Plan Width": 684}, {"Node Type": "Hash", "Parent Relationship": "Inner", "Parallel Aware": false, "Async Capable": false, "Startup Cost": 625.54, "Total Cost": 625.54, "Plan Rows": 9, "Plan Width": 724, "Plans": [{"Node Type": "CTE Scan", "Parent Relationship": "Outer", "Parallel Aware": false, "Async Capable": false, "CTE Name": "v1", "Alias": "v1", "Startup Cost": 0.0, "Total Cost": 625.54, "Plan Rows": 9, "Plan Width": 724, "Filter": "((avg_monthly_sales > '0'::numeric) AND (d_year = 1999) AND (CASE WHEN (avg_monthly_sales > '0'::numeric) THEN (abs((sum_sales - avg_monthly_sales)) / avg_monthly_sales) ELSE NULL::numeric END > 0.1))"}]}]}]}]}]}]}}