{"Plan": {"Node Type": "Limit", "Parallel Aware": false, "Async Capable": false, "Startup Cost": 30728.16, "Total Cost": 30728.17, "Plan Rows": 3, "Plan Width": 84, "Plans": [{"Node Type": "Sort", "Parent Relationship": "Outer", "Parallel Aware": false, "Async Capable": false, "Startup Cost": 30728.16, "Total Cost": 30728.17, "Plan Rows": 3, "Plan Width": 84, "Sort Key": ["('web'::text) NULLS FIRST", "web.return_rank NULLS FIRST", "web.currency_rank NULLS FIRST", "web.item NULLS FIRST"], "Plans": [{"Node Type": "Aggregate", "Strategy": "Hashed", "Partial Mode": "Simple", "Parent Relationship": "Outer", "Parallel Aware": false, "Async Capable": false, "Startup Cost": 30728.11, "Total Cost": 30728.14, "Plan Rows": 3, "Plan Width": 84, "Group Key": ["('web'::text)", "web.item", "web.return_ratio", "web.return_rank", "web.currency_rank"], "Planned Partitions": 0, "Plans": [{"Node Type": "Append", "Parent Relationship": "Outer", "Parallel Aware": false, "Async Capable": false, "Startup Cost": 5992.37, "Total Cost": 30728.07, "Plan Rows": 3, "Plan Width": 84, "Subplans Removed": 0, "Plans": [{"Node Type": "Subquery Scan", "Parent Relationship": "Member", "Parallel Aware": false, "Async Capable": false, "Alias": "web", "Startup Cost": 5992.37, "Total Cost": 5992.4, "Plan Rows": 1, "Plan Width": 84, "Filter": "((web.return_rank <= 10) OR (web.currency_rank <= 10))", "Plans": [{"Node Type": "WindowAgg", "Parent Relationship": "Subquery", "Parallel Aware": false, "Async Capable": false, "Startup Cost": 5992.37, "Total Cost": 5992.39, "Plan Rows": 1, "Plan Width": 84, "Plans": [{"Node Type": "Sort", "Parent Relationship": "Outer", "Parallel Aware": false, "Async Capable": false, "Startup Cost": 5992.37, "Total Cost": 5992.37, "Plan Rows": 1, "Plan Width": 76, "Sort Key": ["in_web.return_ratio"], "Plans": [{"Node Type": "WindowAgg", "Parent Relationship": "Outer", "Parallel Aware": false, "Async Capable": false, "Startup Cost": 5992.34, "Total Cost": 5992.36, "Plan Rows": 1, "Plan Width": 76, "Plans": [{"Node Type": "Sort", "Parent Relationship": "Outer", "Parallel Aware": false, "Async Capable": false, "Startup Cost": 5992.34, "Total Cost": 5992.34, "Plan Rows": 1, "Plan Width": 68, "Sort Key": ["in_web.currency_ratio"], "Plans": [{"Node Type": "Subquery Scan", "Parent Relationship": "Outer", "Parallel Aware": false, "Async Capable": false, "Alias": "in_web", "Startup Cost": 5992.28, "Total Cost": 5992.33, "Plan Rows": 1, "Plan Width": 68, "Plans": [{"Node Type": "Aggregate", "Strategy": "Sorted", "Partial Mode": "Simple", "Parent Relationship": "Subquery", "Parallel Aware": false, "Async Capable": false, "Startup Cost": 5992.28, "Total Cost": 5992.33, "Plan Rows": 1, "Plan Width": 68, "Group Key": ["ws.ws_item_sk"], "Plans": [{"Node Type": "Sort", "Parent Relationship": "Outer", "Parallel Aware": false, "Async Capable": false, "Startup Cost": 5992.28, "Total Cost": 5992.28, "Plan Rows": 1, "Plan Width": 24, "Sort Key": ["ws.ws_item_sk"], "Plans": [{"Node Type": "Nested Loop", "Parent Relationship": "Outer", "Parallel Aware": false, "Async Capable": false, "Join Type": "Inner", "Startup Cost": 1000.72, "Total Cost": 5992.27, "Plan Rows": 1, "Plan Width": 24, "Inner Unique": true, "Plans": [{"Node Type": "Gather", "Parent Relationship": "Outer", "Parallel Aware": false, "Async Capable": false, "Startup Cost": 1000.42, "Total Cost": 5991.93, "Plan Rows": 1, "Plan Width": 28, "Workers Planned": 1, "Single Copy": false, "Plans": [{"Node Type": "Nested Loop", "Parent Relationship": "Outer", "Parallel Aware": false, "Async Capable": false, "Join Type": "Inner", "Startup Cost": 0.42, "Total Cost": 4991.83, "Plan Rows": 1, "Plan Width": 28, "Inner Unique": true, "Plans": [{"Node Type": "Seq Scan", "Parent Relationship": "Outer", "Parallel Aware": true, "Async Capable": false, "Relation Name": "web_returns", "Alias": "wr", "Startup Cost": 0.0, "Total Cost": 1887.67, "Plan Rows": 392, "Plan Width": 18, "Filter": "(wr_return_amt > '10000'::numeric)"}, {"Node Type": "Index Scan", "Parent Relationship": "Inner", "Parallel Aware": false, "Async Capable": false, "Scan Direction": "Forward", "Index Name": "web_sales_pkey", "Relation Name": "web_sales", "Alias": "ws", "Startup Cost": 0.42, "Total Cost": 7.92, "Plan Rows": 1, "Plan Width": 22, "Index Cond": "((ws_item_sk = wr.wr_item_sk) AND (ws_order_number = wr.wr_order_number))", "Filter": "((ws_net_profit > '1'::numeric) AND (ws_net_paid > '0'::numeric) AND (ws_quantity > 0))"}]}]}, {"Node Type": "Index Scan", "Parent Relationship": "Inner", "Parallel Aware": false, "Async Capable": false, "Scan Direction": "Forward", "Index Name": "date_dim_pkey", "Relation Name": "date_dim", "Alias": "date_dim", "Startup Cost": 0.29, "Total Cost": 0.34, "Plan Rows": 1, "Plan Width": 4, "Index Cond": "(d_date_sk = ws.ws_sold_date_sk)", "Filter": "((d_year = 2001) AND (d_moy = 12))"}]}]}]}]}]}]}]}]}]}, {"Node Type": "Subquery Scan", "Parent Relationship": "Member", "Parallel Aware": false, "Async Capable": false, "Alias": "catalog", "Startup Cost": 11275.94, "Total Cost": 11275.98, "Plan Rows": 1, "Plan Width": 84, "Filter": "((catalog.return_rank <= 10) OR (catalog.currency_rank <= 10))", "Plans": [{"Node Type": "WindowAgg", "Parent Relationship": "Subquery", "Parallel Aware": false, "Async Capable": false, "Startup Cost": 11275.94, "Total Cost": 11275.96, "Plan Rows": 1, "Plan Width": 84, "Plans": [{"Node Type": "Sort", "Parent Relationship": "Outer", "Parallel Aware": false, "Async Capable": false, "Startup Cost": 11275.94, "Total Cost": 11275.95, "Plan Rows": 1, "Plan Width": 76, "Sort Key": ["in_cat.return_ratio"], "Plans": [{"Node Type": "WindowAgg", "Parent Relationship": "Outer", "Parallel Aware": false, "Async Capable": false, "Startup Cost": 11275.91, "Total Cost": 11275.93, "Plan Rows": 1, "Plan Width": 76, "Plans": [{"Node Type": "Sort", "Parent Relationship": "Outer", "Parallel Aware": false, "Async Capable": false, "Startup Cost": 11275.91, "Total Cost": 11275.92, "Plan Rows": 1, "Plan Width": 68, "Sort Key": ["in_cat.currency_ratio"], "Plans": [{"Node Type": "Subquery Scan", "Parent Relationship": "Outer", "Parallel Aware": false, "Async Capable": false, "Alias": "in_cat", "Startup Cost": 11275.85, "Total Cost": 11275.9, "Plan Rows": 1, "Plan Width": 68, "Plans": [{"Node Type": "Aggregate", "Strategy": "Sorted", "Partial Mode": "Simple", "Parent Relationship": "Subquery", "Parallel Aware": false, "Async Capable": false, "Startup Cost": 11275.85, "Total Cost": 11275.9, "Plan Rows": 1, "Plan Width": 68, "Group Key": ["cs.cs_item_sk"], "Plans": [{"Node Type": "Sort", "Parent Relationship": "Outer", "Parallel Aware": false, "Async Capable": false, "Startup Cost": 11275.85, "Total Cost": 11275.86, "Plan Rows": 1, "Plan Width": 24, "Sort Key": ["cs.cs_item_sk"], "Plans": [{"Node Type": "Nested Loop", "Parent Relationship": "Outer", "Parallel Aware": false, "Async Capable": false, "Join Type": "Inner", "Startup Cost": 1000.72, "Total Cost": 11275.84, "Plan Rows": 1, "Plan Width": 24, "Inner Unique": true, "Plans": [{"Node Type": "Gather", "Parent Relationship": "Outer", "Parallel Aware": false, "Async Capable": false, "Startup Cost": 1000.43, "Total Cost": 11275.51, "Plan Rows": 1, "Plan Width": 28, "Workers Planned": 1, "Single Copy": false, "Plans": [{"Node Type": "Nested Loop", "Parent Relationship": "Outer", "Parallel Aware": false, "Async Capable": false, "Join Type": "Inner", "Startup Cost": 0.43, "Total Cost": 10275.41, "Plan Rows": 1, "Plan Width": 28, "Inner Unique": true, "Plans": [{"Node Type": "Seq Scan", "Parent Relationship": "Outer", "Parallel Aware": true, "Async Capable": false, "Relation Name": "catalog_returns", "Alias": "cr", "Startup Cost": 0.0, "Total Cost": 3955.32, "Plan Rows": 794, "Plan Width": 18, "Filter": "(cr_return_amount > '10000'::numeric)"}, {"Node Type": "Index Scan", "Parent Relationship": "Inner", "Parallel Aware": false, "Async Capable": false, "Scan Direction": "Forward", "Index Name": "catalog_sales_pkey", "Relation Name": "catalog_sales", "Alias": "cs", "Startup Cost": 0.43, "Total Cost": 7.96, "Plan Rows": 1, "Plan Width": 22, "Index Cond": "((cs_item_sk = cr.cr_item_sk) AND (cs_order_number = cr.cr_order_number))", "Filter": "((cs_net_profit > '1'::numeric) AND (cs_net_paid > '0'::numeric) AND (cs_quantity > 0))"}]}]}, {"Node Type": "Index Scan", "Parent Relationship": "Inner", "Parallel Aware": false, "Async Capable": false, "Scan Direction": "Forward", "Index Name": "date_dim_pkey", "Relation Name": "date_dim", "Alias": "date_dim_1", "Startup Cost": 0.29, "Total Cost": 0.33, "Plan Rows": 1, "Plan Width": 4, "Index Cond": "(d_date_sk = cs.cs_sold_date_sk)", "Filter": "((d_year = 2001) AND (d_moy = 12))"}]}]}]}]}]}]}]}]}]}, {"Node Type": "Subquery Scan", "Parent Relationship": "Member", "Parallel Aware": false, "Async Capable": false, "Alias": "store", "Startup Cost": 13459.64, "Total Cost": 13459.67, "Plan Rows": 1, "Plan Width": 84, "Filter": "((store.return_rank <= 10) OR (store.currency_rank <= 10))", "Plans": [{"Node Type": "WindowAgg", "Parent Relationship": "Subquery", "Parallel Aware": false, "Async Capable": false, "Startup Cost": 13459.64, "Total Cost": 13459.66, "Plan Rows": 1, "Plan Width": 84, "Plans": [{"Node Type": "Sort", "Parent Relationship": "Outer", "Parallel Aware": false, "Async Capable": false, "Startup Cost": 13459.64, "Total Cost": 13459.64, "Plan Rows": 1, "Plan Width": 76, "Sort Key": ["in_store.return_ratio"], "Plans": [{"Node Type": "WindowAgg", "Parent Relationship": "Outer", "Parallel Aware": false, "Async Capable": false, "Startup Cost": 13459.61, "Total Cost": 13459.63, "Plan Rows": 1, "Plan Width": 76, "Plans": [{"Node Type": "Sort", "Parent Relationship": "Outer", "Parallel Aware": false, "Async Capable": false, "Startup Cost": 13459.61, "Total Cost": 13459.61, "Plan Rows": 1, "Plan Width": 68, "Sort Key": ["in_store.currency_ratio"], "Plans": [{"Node Type": "Subquery Scan", "Parent Relationship": "Outer", "Parallel Aware": false, "Async Capable": false, "Alias": "in_store", "Startup Cost": 13459.54, "Total Cost": 13459.6, "Plan Rows": 1, "Plan Width": 68, "Plans": [{"Node Type": "Aggregate", "Strategy": "Sorted", "Partial Mode": "Simple", "Parent Relationship": "Subquery", "Parallel Aware": false, "Async Capable": false, "Startup Cost": 13459.54, "Total Cost": 13459.6, "Plan Rows": 1, "Plan Width": 68, "Group Key": ["sts.ss_item_sk"], "Plans": [{"Node Type": "Sort", "Parent Relationship": "Outer", "Parallel Aware": false, "Async Capable": false, "Startup Cost": 13459.54, "Total Cost": 13459.55, "Plan Rows": 1, "Plan Width": 24, "Sort Key": ["sts.ss_item_sk"], "Plans": [{"Node Type": "Nested Loop", "Parent Relationship": "Outer", "Parallel Aware": false, "Async Capable": false, "Join Type": "Inner", "Startup Cost": 1000.72, "Total Cost": 13459.53, "Plan Rows": 1, "Plan Width": 24, "Inner Unique": true, "Plans": [{"Node Type": "Gather", "Parent Relationship": "Outer", "Parallel Aware": false, "Async Capable": false, "Startup Cost": 1000.43, "Total Cost": 13459.21, "Plan Rows": 1, "Plan Width": 28, "Workers Planned": 2, "Single Copy": false, "Plans": [{"Node Type": "Nested Loop", "Parent Relationship": "Outer", "Parallel Aware": false, "Async Capable": false, "Join Type": "Inner", "Startup Cost": 0.43, "Total Cost": 12459.11, "Plan Rows": 1, "Plan Width": 28, "Inner Unique": true, "Plans": [{"Node Type": "Seq Scan", "Parent Relationship": "Outer", "Parallel Aware": true, "Async Capable": false, "Relation Name": "store_returns", "Alias": "sr", "Startup Cost": 0.0, "Total Cost": 6321.47, "Plan Rows": 759, "Plan Width": 18, "Filter": "(sr_return_amt > '10000'::numeric)"}, {"Node Type": "Index Scan", "Parent Relationship": "Inner", "Parallel Aware": false, "Async Capable": false, "Scan Direction": "Forward", "Index Name": "store_sales_pkey", "Relation Name": "store_sales", "Alias": "sts", "Startup Cost": 0.43, "Total Cost": 8.09, "Plan Rows": 1, "Plan Width": 22, "Index Cond": "((ss_item_sk = sr.sr_item_sk) AND (ss_ticket_number = sr.sr_ticket_number))", "Filter": "((ss_net_profit > '1'::numeric) AND (ss_net_paid > '0'::numeric) AND (ss_quantity > 0))"}]}]}, {"Node Type": "Index Scan", "Parent Relationship": "Inner", "Parallel Aware": false, "Async Capable": false, "Scan Direction": "Forward", "Index Name": "date_dim_pkey", "Relation Name": "date_dim", "Alias": "date_dim_2", "Startup Cost": 0.29, "Total Cost": 0.32, "Plan Rows": 1, "Plan Width": 4, "Index Cond": "(d_date_sk = sts.ss_sold_date_sk)", "Filter": "((d_year = 2001) AND (d_moy = 12))"}]}]}]}]}]}]}]}]}]}]}]}]}]}}