{"Plan": {"Node Type": "Limit", "Parallel Aware": false, "Async Capable": false, "Startup Cost": 93425.56, "Total Cost": 93425.81, "Plan Rows": 100, "Plan Width": 136, "Plans": [{"Node Type": "Sort", "Parent Relationship": "Outer", "Parallel Aware": false, "Async Capable": false, "Startup Cost": 93425.56, "Total Cost": 93437.0, "Plan Rows": 4575, "Plan Width": 136, "Sort Key": ["y.item_sk NULLS FIRST", "y.d_date NULLS FIRST"], "Plans": [{"Node Type": "Subquery Scan", "Parent Relationship": "Outer", "Parallel Aware": false, "Async Capable": false, "Alias": "y", "Startup Cost": 92770.37, "Total Cost": 93250.71, "Plan Rows": 4575, "Plan Width": 136, "Filter": "(y.web_cumulative > y.store_cumulative)", "Plans": [{"Node Type": "WindowAgg", "Parent Relationship": "Subquery", "Parallel Aware": false, "Async Capable": false, "Startup Cost": 92770.37, "Total Cost": 93079.16, "Plan Rows": 13724, "Plan Width": 136, "Plans": [{"Node Type": "Sort", "Parent Relationship": "Outer", "Parallel Aware": false, "Async Capable": false, "Startup Cost": 92770.37, "Total Cost": 92804.68, "Plan Rows": 13724, "Plan Width": 72, "Sort Key": ["(CASE WHEN (web_sales.ws_item_sk IS NOT NULL) THEN web_sales.ws_item_sk ELSE store_sales.ss_item_sk END)", "(CASE WHEN (date_dim.d_date IS NOT NULL) THEN date_dim.d_date ELSE date_dim_1.d_date END)"], "Plans": [{"Node Type": "Merge Join", "Parent Relationship": "Outer", "Parallel Aware": false, "Async Capable": false, "Join Type": "Full", "Startup Cost": 89037.87, "Total Cost": 91827.22, "Plan Rows": 13724, "Plan Width": 72, "Inner Unique": true, "Merge Cond": "((web_sales.ws_item_sk = store_sales.ss_item_sk) AND (date_dim.d_date = date_dim_1.d_date))", "Plans": [{"Node Type": "WindowAgg", "Parent Relationship": "Outer", "Parallel Aware": false, "Async Capable": false, "Startup Cost": 24880.79, "Total Cost": 25414.74, "Plan Rows": 3427, "Plan Width": 40, "Plans": [{"Node Type": "Aggregate", "Strategy": "Sorted", "Partial Mode": "Simple", "Parent Relationship": "Outer", "Parallel Aware": false, "Async Capable": false, "Startup Cost": 24880.79, "Total Cost": 25354.77, "Plan Rows": 3427, "Plan Width": 40, "Group Key": ["web_sales.ws_item_sk", "date_dim.d_date"], "Plans": [{"Node Type": "Gather Merge", "Parent Relationship": "Outer", "Parallel Aware": false, "Async Capable": false, "Startup Cost": 24880.79, "Total Cost": 25286.23, "Plan Rows": 3427, "Plan Width": 14, "Workers Planned": 3, "Plans": [{"Node Type": "Sort", "Parent Relationship": "Outer", "Parallel Aware": false, "Async Capable": false, "Startup Cost": 23880.75, "Total Cost": 23883.51, "Plan Rows": 1105, "Plan Width": 14, "Sort Key": ["web_sales.ws_item_sk", "date_dim.d_date"], "Plans": [{"Node Type": "Hash Join", "Parent Relationship": "Outer", "Parallel Aware": true, "Async Capable": false, "Join Type": "Inner", "Startup Cost": 2071.11, "Total Cost": 23824.89, "Plan Rows": 1105, "Plan Width": 14, "Inner Unique": true, "Hash Cond": "(web_sales.ws_sold_date_sk = date_dim.d_date_sk)", "Plans": [{"Node Type": "Seq Scan", "Parent Relationship": "Outer", "Parallel Aware": true, "Async Capable": false, "Relation Name": "web_sales", "Alias": "web_sales", "Startup Cost": 0.0, "Total Cost": 21144.59, "Plan Rows": 232059, "Plan Width": 14, "Filter": "(ws_item_sk IS NOT NULL)"}, {"Node Type": "Hash", "Parent Relationship": "Inner", "Parallel Aware": true, "Async Capable": false, "Startup Cost": 2068.55, "Total Cost": 2068.55, "Plan Rows": 205, "Plan Width": 8, "Plans": [{"Node Type": "Seq Scan", "Parent Relationship": "Outer", "Parallel Aware": true, "Async Capable": false, "Relation Name": "date_dim", "Alias": "date_dim", "Startup Cost": 0.0, "Total Cost": 2068.55, "Plan Rows": 205, "Plan Width": 8, "Filter": "((d_month_seq >= 1200) AND (d_month_seq <= 1211))"}]}]}]}]}]}]}, {"Node Type": "WindowAgg", "Parent Relationship": "Inner", "Parallel Aware": false, "Async Capable": false, "Startup Cost": 64157.08, "Total Cost": 66314.97, "Plan Rows": 13724, "Plan Width": 40, "Plans": [{"Node Type": "Aggregate", "Strategy": "Sorted", "Partial Mode": "Simple", "Parent Relationship": "Outer", "Parallel Aware": false, "Async Capable": false, "Startup Cost": 64157.08, "Total Cost": 66074.8, "Plan Rows": 13724, "Plan Width": 40, "Group Key": ["store_sales.ss_item_sk", "date_dim_1.d_date"], "Plans": [{"Node Type": "Gather Merge", "Parent Relationship": "Outer", "Parallel Aware": false, "Async Capable": false, "Startup Cost": 64157.08, "Total Cost": 65800.32, "Plan Rows": 13724, "Plan Width": 14, "Workers Planned": 4, "Plans": [{"Node Type": "Sort", "Parent Relationship": "Outer", "Parallel Aware": false, "Async Capable": false, "Startup Cost": 63157.02, "Total Cost": 63165.6, "Plan Rows": 3431, "Plan Width": 14, "Sort Key": ["store_sales.ss_item_sk", "date_dim_1.d_date"], "Plans": [{"Node Type": "Hash Join", "Parent Relationship": "Outer", "Parallel Aware": true, "Async Capable": false, "Join Type": "Inner", "Startup Cost": 2071.11, "Total Cost": 62955.55, "Plan Rows": 3431, "Plan Width": 14, "Inner Unique": true, "Hash Cond": "(store_sales.ss_sold_date_sk = date_dim_1.d_date_sk)", "Plans": [{"Node Type": "Seq Scan", "Parent Relationship": "Outer", "Parallel Aware": true, "Async Capable": false, "Relation Name": "store_sales", "Alias": "store_sales", "Startup Cost": 0.0, "Total Cost": 58993.85, "Plan Rows": 720185, "Plan Width": 14, "Filter": "(ss_item_sk IS NOT NULL)"}, {"Node Type": "Hash", "Parent Relationship": "Inner", "Parallel Aware": true, "Async Capable": false, "Startup Cost": 2068.55, "Total Cost": 2068.55, "Plan Rows": 205, "Plan Width": 8, "Plans": [{"Node Type": "Seq Scan", "Parent Relationship": "Outer", "Parallel Aware": true, "Async Capable": false, "Relation Name": "date_dim", "Alias": "date_dim_1", "Startup Cost": 0.0, "Total Cost": 2068.55, "Plan Rows": 205, "Plan Width": 8, "Filter": "((d_month_seq >= 1200) AND (d_month_seq <= 1211))"}]}]}]}]}]}]}]}]}]}]}]}]}}