{"Plan": {"Node Type": "Limit", "Parallel Aware": false, "Async Capable": false, "Startup Cost": 86841.92, "Total Cost": 86841.97, "Plan Rows": 2, "Plan Width": 16, "Plans": [{"Node Type": "Incremental Sort", "Parent Relationship": "Outer", "Parallel Aware": false, "Async Capable": false, "Startup Cost": 86841.92, "Total Cost": 86841.97, "Plan Rows": 2, "Plan Width": 16, "Sort Key": ["((round((my_revenue.revenue / '50'::numeric), 0))::integer) NULLS FIRST", "(count(*)) NULLS FIRST", "((((round((my_revenue.revenue / '50'::numeric), 0))::integer) * 50))"], "Presorted Key": ["((round((my_revenue.revenue / '50'::numeric), 0))::integer)"], "Plans": [{"Node Type": "Aggregate", "Strategy": "Sorted", "Partial Mode": "Simple", "Parent Relationship": "Outer", "Parallel Aware": false, "Async Capable": false, "Startup Cost": 86841.88, "Total Cost": 86841.91, "Plan Rows": 1, "Plan Width": 16, "Group Key": ["((round((my_revenue.revenue / '50'::numeric), 0))::integer)"], "Plans": [{"Node Type": "Sort", "Parent Relationship": "Outer", "Parallel Aware": false, "Async Capable": false, "Startup Cost": 86841.88, "Total Cost": 86841.88, "Plan Rows": 1, "Plan Width": 36, "Sort Key": ["((round((my_revenue.revenue / '50'::numeric), 0))::integer) NULLS FIRST"], "Plans": [{"Node Type": "Subquery Scan", "Parent Relationship": "Outer", "Parallel Aware": false, "Async Capable": false, "Alias": "my_revenue", "Startup Cost": 24318.93, "Total Cost": 86841.87, "Plan Rows": 1, "Plan Width": 36, "Plans": [{"Node Type": "Aggregate", "Strategy": "Sorted", "Partial Mode": "Simple", "Parent Relationship": "Subquery", "Parallel Aware": false, "Async Capable": false, "Startup Cost": 24318.93, "Total Cost": 86841.85, "Plan Rows": 1, "Plan Width": 36, "Group Key": ["customer.c_customer_sk"], "Plans": [{"Node Type": "Unique", "Parent Relationship": "InitPlan", "Subplan Name": "InitPlan 1 (returns $0)", "Parallel Aware": false, "Async Capable": false, "Startup Cost": 2520.55, "Total Cost": 2520.7, "Plan Rows": 30, "Plan Width": 4, "Plans": [{"Node Type": "Sort", "Parent Relationship": "Outer", "Parallel Aware": false, "Async Capable": false, "Startup Cost": 2520.55, "Total Cost": 2520.62, "Plan Rows": 30, "Plan Width": 4, "Sort Key": ["((date_dim_2.d_month_seq + 1))"], "Plans": [{"Node Type": "Seq Scan", "Parent Relationship": "Outer", "Parallel Aware": false, "Async Capable": false, "Relation Name": "date_dim", "Alias": "date_dim_2", "Startup Cost": 0.0, "Total Cost": 2519.81, "Plan Rows": 30, "Plan Width": 4, "Filter": "((d_year = 1998) AND (d_moy = 12))"}]}]}, {"Node Type": "Unique", "Parent Relationship": "InitPlan", "Subplan Name": "InitPlan 2 (returns $1)", "Parallel Aware": false, "Async Capable": false, "Startup Cost": 2520.55, "Total Cost": 2520.7, "Plan Rows": 30, "Plan Width": 4, "Plans": [{"Node Type": "Sort", "Parent Relationship": "Outer", "Parallel Aware": false, "Async Capable": false, "Startup Cost": 2520.55, "Total Cost": 2520.62, "Plan Rows": 30, "Plan Width": 4, "Sort Key": ["((date_dim_3.d_month_seq + 3))"], "Plans": [{"Node Type": "Seq Scan", "Parent Relationship": "Outer", "Parallel Aware": false, "Async Capable": false, "Relation Name": "date_dim", "Alias": "date_dim_3", "Startup Cost": 0.0, "Total Cost": 2519.81, "Plan Rows": 30, "Plan Width": 4, "Filter": "((d_year = 1998) AND (d_moy = 12))"}]}]}, {"Node Type": "Nested Loop", "Parent Relationship": "Outer", "Parallel Aware": false, "Async Capable": false, "Join Type": "Inner", "Startup Cost": 19277.53, "Total Cost": 81800.44, "Plan Rows": 1, "Plan Width": 10, "Inner Unique": false, "Join Filter": "(((customer_address.ca_county)::text = (store.s_county)::text) AND (customer_address.ca_state = store.s_state))", "Plans": [{"Node Type": "Nested Loop", "Parent Relationship": "Outer", "Parallel Aware": false, "Async Capable": false, "Join Type": "Inner", "Startup Cost": 19277.53, "Total Cost": 81789.44, "Plan Rows": 1, "Plan Width": 27, "Inner Unique": true, "Plans": [{"Node Type": "Nested Loop", "Parent Relationship": "Outer", "Parallel Aware": false, "Async Capable": false, "Join Type": "Inner", "Startup Cost": 19277.24, "Total Cost": 81781.13, "Plan Rows": 1, "Plan Width": 14, "Inner Unique": false, "Join Filter": "(customer.c_customer_sk = store_sales.ss_customer_sk)", "Plans": [{"Node Type": "Unique", "Parent Relationship": "Outer", "Parallel Aware": false, "Async Capable": false, "Startup Cost": 16206.01, "Total Cost": 16206.13, "Plan Rows": 1, "Plan Width": 8, "Plans": [{"Node Type": "Gather Merge", "Parent Relationship": "Outer", "Parallel Aware": false, "Async Capable": false, "Startup Cost": 16206.01, "Total Cost": 16206.13, "Plan Rows": 1, "Plan Width": 8, "Workers Planned": 1, "Plans": [{"Node Type": "Unique", "Parent Relationship": "Outer", "Parallel Aware": false, "Async Capable": false, "Startup Cost": 15206.0, "Total Cost": 15206.01, "Plan Rows": 1, "Plan Width": 8, "Plans": [{"Node Type": "Sort", "Parent Relationship": "Outer", "Parallel Aware": false, "Async Capable": false, "Startup Cost": 15206.0, "Total Cost": 15206.0, "Plan Rows": 1, "Plan Width": 8, "Sort Key": ["customer.c_customer_sk", "customer.c_current_addr_sk"], "Plans": [{"Node Type": "Nested Loop", "Parent Relationship": "Outer", "Parallel Aware": false, "Async Capable": false, "Join Type": "Inner", "Startup Cost": 1.01, "Total Cost": 15205.99, "Plan Rows": 1, "Plan Width": 8, "Inner Unique": true, "Plans": [{"Node Type": "Nested Loop", "Parent Relationship": "Outer", "Parallel Aware": false, "Async Capable": false, "Join Type": "Inner", "Startup Cost": 0.72, "Total Cost": 15205.67, "Plan Rows": 1, "Plan Width": 4, "Inner Unique": true, "Plans": [{"Node Type": "Nested Loop", "Parent Relationship": "Outer", "Parallel Aware": false, "Async Capable": false, "Join Type": "Inner", "Startup Cost": 0.43, "Total Cost": 14262.45, "Plan Rows": 2966, "Plan Width": 8, "Inner Unique": false, "Plans": [{"Node Type": "Seq Scan", "Parent Relationship": "Outer", "Parallel Aware": true, "Async Capable": false, "Relation Name": "item", "Alias": "item", "Startup Cost": 0.0, "Total Cost": 1442.82, "Plan Rows": 25, "Plan Width": 4, "Filter": "((i_category = 'Women'::bpchar) AND (i_class = 'maternity'::bpchar))"}, {"Node Type": "Append", "Parent Relationship": "Inner", "Parallel Aware": false, "Async Capable": false, "Startup Cost": 0.43, "Total Cost": 511.48, "Plan Rows": 131, "Plan Width": 12, "Subplans Removed": 0, "Plans": [{"Node Type": "Index Scan", "Parent Relationship": "Member", "Parallel Aware": false, "Async Capable": false, "Scan Direction": "Forward", "Index Name": "catalog_sales_pkey", "Relation Name": "catalog_sales", "Alias": "catalog_sales", "Startup Cost": 0.43, "Total Cost": 337.82, "Plan Rows": 87, "Plan Width": 12, "Index Cond": "(cs_item_sk = item.i_item_sk)"}, {"Node Type": "Index Scan", "Parent Relationship": "Member", "Parallel Aware": false, "Async Capable": false, "Scan Direction": "Forward", "Index Name": "web_sales_pkey", "Relation Name": "web_sales", "Alias": "web_sales", "Startup Cost": 0.42, "Total Cost": 173.0, "Plan Rows": 44, "Plan Width": 12, "Index Cond": "(ws_item_sk = item.i_item_sk)"}]}]}, {"Node Type": "Index Scan", "Parent Relationship": "Inner", "Parallel Aware": false, "Async Capable": false, "Scan Direction": "Forward", "Index Name": "date_dim_pkey", "Relation Name": "date_dim", "Alias": "date_dim_1", "Startup Cost": 0.29, "Total Cost": 0.32, "Plan Rows": 1, "Plan Width": 4, "Index Cond": "(d_date_sk = catalog_sales.cs_sold_date_sk)", "Filter": "((d_moy = 12) AND (d_year = 1998))"}]}, {"Node Type": "Index Scan", "Parent Relationship": "Inner", "Parallel Aware": false, "Async Capable": false, "Scan Direction": "Forward", "Index Name": "customer_pkey", "Relation Name": "customer", "Alias": "customer", "Startup Cost": 0.29, "Total Cost": 0.32, "Plan Rows": 1, "Plan Width": 8, "Index Cond": "(c_customer_sk = catalog_sales.cs_bill_customer_sk)"}]}]}]}]}]}, {"Node Type": "Gather", "Parent Relationship": "Inner", "Parallel Aware": false, "Async Capable": false, "Startup Cost": 3071.24, "Total Cost": 65395.07, "Plan Rows": 14394, "Plan Width": 10, "Workers Planned": 4, "Params Evaluated": ["$0", "$1"], "Single Copy": false, "Plans": [{"Node Type": "Hash Join", "Parent Relationship": "Outer", "Parallel Aware": true, "Async Capable": false, "Join Type": "Inner", "Startup Cost": 2071.24, "Total Cost": 62955.67, "Plan Rows": 3598, "Plan Width": 10, "Inner Unique": true, "Hash Cond": "(store_sales.ss_sold_date_sk = date_dim.d_date_sk)", "Plans": [{"Node Type": "Seq Scan", "Parent Relationship": "Outer", "Parallel Aware": true, "Async Capable": false, "Relation Name": "store_sales", "Alias": "store_sales", "Startup Cost": 0.0, "Total Cost": 58993.85, "Plan Rows": 720185, "Plan Width": 14}, {"Node Type": "Hash", "Parent Relationship": "Inner", "Parallel Aware": true, "Async Capable": false, "Startup Cost": 2068.55, "Total Cost": 2068.55, "Plan Rows": 215, "Plan Width": 4, "Plans": [{"Node Type": "Seq Scan", "Parent Relationship": "Outer", "Parallel Aware": true, "Async Capable": false, "Relation Name": "date_dim", "Alias": "date_dim", "Startup Cost": 0.0, "Total Cost": 2068.55, "Plan Rows": 215, "Plan Width": 4, "Filter": "((d_month_seq >= $0) AND (d_month_seq <= $1))"}]}]}]}]}, {"Node Type": "Index Scan", "Parent Relationship": "Inner", "Parallel Aware": false, "Async Capable": false, "Scan Direction": "Forward", "Index Name": "customer_address_pkey", "Relation Name": "customer_address", "Alias": "customer_address", "Startup Cost": 0.29, "Total Cost": 8.31, "Plan Rows": 1, "Plan Width": 21, "Index Cond": "(ca_address_sk = customer.c_current_addr_sk)"}]}, {"Node Type": "Seq Scan", "Parent Relationship": "Inner", "Parallel Aware": false, "Async Capable": false, "Relation Name": "store", "Alias": "store", "Startup Cost": 0.0, "Total Cost": 10.4, "Plan Rows": 40, "Plan Width": 90}]}]}]}]}]}]}]}}