{"Plan": {"Node Type": "Limit", "Parallel Aware": false, "Async Capable": false, "Startup Cost": 48711.86, "Total Cost": 48711.86, "Plan Rows": 1, "Plan Width": 694, "Plans": [{"Node Type": "WindowAgg", "Parent Relationship": "InitPlan", "Subplan Name": "CTE v1", "Parallel Aware": false, "Async Capable": false, "Startup Cost": 46168.09, "Total Cost": 47793.54, "Plan Rows": 8347, "Plan Width": 300, "Plans": [{"Node Type": "WindowAgg", "Parent Relationship": "Outer", "Parallel Aware": false, "Async Capable": false, "Startup Cost": 46168.09, "Total Cost": 47605.73, "Plan Rows": 8347, "Plan Width": 268, "Plans": [{"Node Type": "Aggregate", "Strategy": "Sorted", "Partial Mode": "Simple", "Parent Relationship": "Outer", "Parallel Aware": false, "Async Capable": false, "Startup Cost": 46168.09, "Total Cost": 47397.05, "Plan Rows": 8347, "Plan Width": 260, "Group Key": ["item.i_category", "item.i_brand", "call_center.cc_name", "date_dim.d_year", "date_dim.d_moy"], "Plans": [{"Node Type": "Gather Merge", "Parent Relationship": "Outer", "Parallel Aware": false, "Async Capable": false, "Startup Cost": 46168.09, "Total Cost": 47167.51, "Plan Rows": 8347, "Plan Width": 234, "Workers Planned": 4, "Plans": [{"Node Type": "Sort", "Parent Relationship": "Outer", "Parallel Aware": false, "Async Capable": false, "Startup Cost": 45168.03, "Total Cost": 45173.25, "Plan Rows": 2087, "Plan Width": 234, "Sort Key": ["item.i_category", "item.i_brand", "call_center.cc_name", "date_dim.d_year", "date_dim.d_moy"], "Plans": [{"Node Type": "Hash Join", "Parent Relationship": "Outer", "Parallel Aware": false, "Async Capable": false, "Join Type": "Inner", "Startup Cost": 2405.12, "Total Cost": 45052.96, "Plan Rows": 2087, "Plan Width": 234, "Inner Unique": true, "Hash Cond": "(catalog_sales.cs_call_center_sk = call_center.cc_call_center_sk)", "Plans": [{"Node Type": "Nested Loop", "Parent Relationship": "Outer", "Parallel Aware": false, "Async Capable": false, "Join Type": "Inner", "Startup Cost": 2394.22, "Total Cost": 45036.0, "Plan Rows": 2087, "Plan Width": 120, "Inner Unique": true, "Plans": [{"Node Type": "Hash Join", "Parent Relationship": "Outer", "Parallel Aware": true, "Async Capable": false, "Join Type": "Inner", "Startup Cost": 2393.94, "Total Cost": 44391.73, "Plan Rows": 2087, "Plan Width": 22, "Inner Unique": true, "Hash Cond": "(catalog_sales.cs_sold_date_sk = date_dim.d_date_sk)", "Plans": [{"Node Type": "Seq Scan", "Parent Relationship": "Outer", "Parallel Aware": true, "Async Capable": false, "Relation Name": "catalog_sales", "Alias": "catalog_sales", "Startup Cost": 0.0, "Total Cost": 41051.75, "Plan Rows": 360375, "Plan Width": 18}, {"Node Type": "Hash", "Parent Relationship": "Inner", "Parallel Aware": true, "Async Capable": false, "Startup Cost": 2390.82, "Total Cost": 2390.82, "Plan Rows": 249, "Plan Width": 12, "Plans": [{"Node Type": "Seq Scan", "Parent Relationship": "Outer", "Parallel Aware": true, "Async Capable": false, "Relation Name": "date_dim", "Alias": "date_dim", "Startup Cost": 0.0, "Total Cost": 2390.82, "Plan Rows": 249, "Plan Width": 12, "Filter": "((d_year = 1999) OR ((d_year = 1998) AND (d_moy = 12)) OR ((d_year = 2000) AND (d_moy = 1)))"}]}]}, {"Node Type": "Index Scan", "Parent Relationship": "Inner", "Parallel Aware": false, "Async Capable": false, "Scan Direction": "Forward", "Index Name": "item_pkey", "Relation Name": "item", "Alias": "item", "Startup Cost": 0.29, "Total Cost": 0.31, "Plan Rows": 1, "Plan Width": 106, "Index Cond": "(i_item_sk = catalog_sales.cs_item_sk)"}]}, {"Node Type": "Hash", "Parent Relationship": "Inner", "Parallel Aware": false, "Async Capable": false, "Startup Cost": 10.4, "Total Cost": 10.4, "Plan Rows": 40, "Plan Width": 122, "Plans": [{"Node Type": "Seq Scan", "Parent Relationship": "Outer", "Parallel Aware": false, "Async Capable": false, "Relation Name": "call_center", "Alias": "call_center", "Startup Cost": 0.0, "Total Cost": 10.4, "Plan Rows": 40, "Plan Width": 122}]}]}]}]}]}]}]}, {"Node Type": "Sort", "Parent Relationship": "Outer", "Parallel Aware": false, "Async Capable": false, "Startup Cost": 918.32, "Total Cost": 918.33, "Plan Rows": 1, "Plan Width": 694, "Sort Key": ["((v1.sum_sales - v1.avg_monthly_sales)) NULLS FIRST", "v1.i_category", "v1.i_brand", "v1.cc_name", "v1.d_moy", "v1.avg_monthly_sales", "v1.sum_sales", "v1_lag.sum_sales", "v1_lead.sum_sales"], "Plans": [{"Node Type": "Hash Join", "Parent Relationship": "Outer", "Parallel Aware": false, "Async Capable": false, "Join Type": "Inner", "Startup Cost": 615.72, "Total Cost": 918.31, "Plan Rows": 1, "Plan Width": 694, "Inner Unique": false, "Hash Cond": "((v1_lead.i_category = v1.i_category) AND (v1_lead.i_brand = v1.i_brand) AND ((v1_lead.cc_name)::text = (v1.cc_name)::text) AND ((v1_lead.rn - 1) = v1.rn))", "Plans": [{"Node Type": "CTE Scan", "Parent Relationship": "Outer", "Parallel Aware": false, "Async Capable": false, "CTE Name": "v1", "Alias": "v1_lead", "Startup Cost": 0.0, "Total Cost": 166.94, "Plan Rows": 8347, "Plan Width": 566}, {"Node Type": "Hash", "Parent Relationship": "Inner", "Parallel Aware": false, "Async Capable": false, "Startup Cost": 615.7, "Total Cost": 615.7, "Plan Rows": 1, "Plan Width": 1172, "Plans": [{"Node Type": "Hash Join", "Parent Relationship": "Outer", "Parallel Aware": false, "Async Capable": false, "Join Type": "Inner", "Startup Cost": 313.11, "Total Cost": 615.7, "Plan Rows": 1, "Plan Width": 1172, "Inner Unique": false, "Hash Cond": "((v1_lag.i_category = v1.i_category) AND (v1_lag.i_brand = v1.i_brand) AND ((v1_lag.cc_name)::text = (v1.cc_name)::text) AND ((v1_lag.rn + 1) = v1.rn))", "Plans": [{"Node Type": "CTE Scan", "Parent Relationship": "Outer", "Parallel Aware": false, "Async Capable": false, "CTE Name": "v1", "Alias": "v1_lag", "Startup Cost": 0.0, "Total Cost": 166.94, "Plan Rows": 8347, "Plan Width": 566}, {"Node Type": "Hash", "Parent Relationship": "Inner", "Parallel Aware": false, "Async Capable": false, "Startup Cost": 313.01, "Total Cost": 313.01, "Plan Rows": 5, "Plan Width": 606, "Plans": [{"Node Type": "CTE Scan", "Parent Relationship": "Outer", "Parallel Aware": false, "Async Capable": false, "CTE Name": "v1", "Alias": "v1", "Startup Cost": 0.0, "Total Cost": 313.01, "Plan Rows": 5, "Plan Width": 606, "Filter": "((avg_monthly_sales > '0'::numeric) AND (d_year = 1999) AND (CASE WHEN (avg_monthly_sales > '0'::numeric) THEN (abs((sum_sales - avg_monthly_sales)) / avg_monthly_sales) ELSE NULL::numeric END > 0.1))"}]}]}]}]}]}]}}