{"Plan": {"Node Type": "Limit", "Parallel Aware": false, "Async Capable": false, "Startup Cost": 148027.61, "Total Cost": 148028.09, "Plan Rows": 2, "Plan Width": 241, "Plans": [{"Node Type": "Incremental Sort", "Parent Relationship": "Outer", "Parallel Aware": false, "Async Capable": false, "Startup Cost": 148027.61, "Total Cost": 148028.09, "Plan Rows": 2, "Plan Width": 241, "Sort Key": ["item.i_item_id NULLS FIRST", "(sum(store_sales.ss_ext_sales_price)) NULLS FIRST"], "Presorted Key": ["item.i_item_id"], "Plans": [{"Node Type": "Merge Join", "Parent Relationship": "Outer", "Parallel Aware": false, "Async Capable": false, "Join Type": "Inner", "Startup Cost": 148027.21, "Total Cost": 148028.0, "Plan Rows": 1, "Plan Width": 241, "Inner Unique": true, "Merge Cond": "(item.i_item_id = cs_items.item_id)", "Join Filter": "(((sum(store_sales.ss_ext_sales_price)) >= (0.9 * cs_items.cs_item_rev)) AND ((sum(store_sales.ss_ext_sales_price)) <= (1.1 * cs_items.cs_item_rev)) AND (cs_items.cs_item_rev >= (0.9 * (sum(store_sales.ss_ext_sales_price)))) AND (cs_items.cs_item_rev <= (1.1 * (sum(store_sales.ss_ext_sales_price)))) AND (cs_items.cs_item_rev >= (0.9 * (sum(web_sales.ws_ext_sales_price)))) AND (cs_items.cs_item_rev <= (1.1 * (sum(web_sales.ws_ext_sales_price)))) AND ((sum(web_sales.ws_ext_sales_price)) >= (0.9 * cs_items.cs_item_rev)) AND ((sum(web_sales.ws_ext_sales_price)) <= (1.1 * cs_items.cs_item_rev)))", "Plans": [{"Node Type": "Sort", "Parent Relationship": "Outer", "Parallel Aware": false, "Async Capable": false, "Startup Cost": 98322.33, "Total Cost": 98322.33, "Plan Rows": 1, "Plan Width": 98, "Sort Key": ["item.i_item_id NULLS FIRST"], "Plans": [{"Node Type": "Merge Join", "Parent Relationship": "Outer", "Parallel Aware": false, "Async Capable": false, "Join Type": "Inner", "Startup Cost": 98270.37, "Total Cost": 98322.32, "Plan Rows": 1, "Plan Width": 98, "Inner Unique": true, "Merge Cond": "(item.i_item_id = item_1.i_item_id)", "Join Filter": "(((sum(store_sales.ss_ext_sales_price)) >= (0.9 * (sum(web_sales.ws_ext_sales_price)))) AND ((sum(store_sales.ss_ext_sales_price)) <= (1.1 * (sum(web_sales.ws_ext_sales_price)))) AND ((sum(web_sales.ws_ext_sales_price)) >= (0.9 * (sum(store_sales.ss_ext_sales_price)))) AND ((sum(web_sales.ws_ext_sales_price)) <= (1.1 * (sum(store_sales.ss_ext_sales_price)))))", "Plans": [{"Node Type": "Aggregate", "Strategy": "Sorted", "Partial Mode": "Simple", "Parent Relationship": "Outer", "Parallel Aware": false, "Async Capable": false, "Startup Cost": 68983.14, "Total Cost": 69021.02, "Plan Rows": 276, "Plan Width": 49, "Group Key": ["item.i_item_id"], "Plans": [{"Node Type": "Seq Scan", "Parent Relationship": "InitPlan", "Subplan Name": "InitPlan 1 (returns $0)", "Parallel Aware": false, "Async Capable": false, "Relation Name": "date_dim", "Alias": "date_dim_6", "Startup Cost": 0.0, "Total Cost": 2337.11, "Plan Rows": 1, "Plan Width": 4, "Filter": "(d_date = '2000-01-03'::date)"}, {"Node Type": "Gather Merge", "Parent Relationship": "Outer", "Parallel Aware": false, "Async Capable": false, "Startup Cost": 66646.03, "Total Cost": 66679.07, "Plan Rows": 276, "Plan Width": 23, "Workers Planned": 4, "Params Evaluated": ["$0"], "Plans": [{"Node Type": "Sort", "Parent Relationship": "Outer", "Parallel Aware": false, "Async Capable": false, "Startup Cost": 65645.97, "Total Cost": 65646.14, "Plan Rows": 69, "Plan Width": 23, "Sort Key": ["item.i_item_id"], "Plans": [{"Node Type": "Nested Loop", "Parent Relationship": "Outer", "Parallel Aware": false, "Async Capable": false, "Join Type": "Inner", "Startup Cost": 3928.05, "Total Cost": 65643.86, "Plan Rows": 69, "Plan Width": 23, "Inner Unique": true, "Plans": [{"Node Type": "Hash Join", "Parent Relationship": "Outer", "Parallel Aware": true, "Async Capable": false, "Join Type": "Inner", "Startup Cost": 3927.77, "Total Cost": 65622.69, "Plan Rows": 69, "Plan Width": 10, "Inner Unique": false, "Hash Cond": "(store_sales.ss_sold_date_sk = date_dim.d_date_sk)", "Plans": [{"Node Type": "Seq Scan", "Parent Relationship": "Outer", "Parallel Aware": true, "Async Capable": false, "Relation Name": "store_sales", "Alias": "store_sales", "Startup Cost": 0.0, "Total Cost": 58993.85, "Plan Rows": 720185, "Plan Width": 14}, {"Node Type": "Hash", "Parent Relationship": "Inner", "Parallel Aware": true, "Async Capable": false, "Startup Cost": 3927.72, "Total Cost": 3927.72, "Plan Rows": 4, "Plan Width": 4, "Plans": [{"Node Type": "Hash Join", "Parent Relationship": "Outer", "Parallel Aware": true, "Async Capable": false, "Join Type": "Semi", "Startup Cost": 1961.17, "Total Cost": 3927.72, "Plan Rows": 4, "Plan Width": 4, "Inner Unique": false, "Hash Cond": "(date_dim.d_date = date_dim_1.d_date)", "Plans": [{"Node Type": "Seq Scan", "Parent Relationship": "Outer", "Parallel Aware": true, "Async Capable": false, "Relation Name": "date_dim", "Alias": "date_dim", "Startup Cost": 0.0, "Total Cost": 1853.7, "Plan Rows": 42970, "Plan Width": 8}, {"Node Type": "Hash", "Parent Relationship": "Inner", "Parallel Aware": true, "Async Capable": false, "Startup Cost": 1961.12, "Total Cost": 1961.12, "Plan Rows": 4, "Plan Width": 4, "Plans": [{"Node Type": "Seq Scan", "Parent Relationship": "Outer", "Parallel Aware": true, "Async Capable": false, "Relation Name": "date_dim", "Alias": "date_dim_1", "Startup Cost": 0.0, "Total Cost": 1961.12, "Plan Rows": 4, "Plan Width": 4, "Filter": "(d_week_seq = $0)"}]}]}]}]}, {"Node Type": "Index Scan", "Parent Relationship": "Inner", "Parallel Aware": false, "Async Capable": false, "Scan Direction": "Forward", "Index Name": "item_pkey", "Relation Name": "item", "Alias": "item", "Startup Cost": 0.29, "Total Cost": 0.31, "Plan Rows": 1, "Plan Width": 21, "Index Cond": "(i_item_sk = store_sales.ss_item_sk)"}]}]}]}]}, {"Node Type": "Materialize", "Parent Relationship": "Inner", "Parallel Aware": false, "Async Capable": false, "Startup Cost": 29287.23, "Total Cost": 29297.46, "Plan Rows": 69, "Plan Width": 49, "Plans": [{"Node Type": "Aggregate", "Strategy": "Sorted", "Partial Mode": "Simple", "Parent Relationship": "Outer", "Parallel Aware": false, "Async Capable": false, "Startup Cost": 29287.23, "Total Cost": 29296.6, "Plan Rows": 69, "Plan Width": 49, "Group Key": ["item_1.i_item_id"], "Plans": [{"Node Type": "Seq Scan", "Parent Relationship": "InitPlan", "Subplan Name": "InitPlan 3 (returns $2)", "Parallel Aware": false, "Async Capable": false, "Relation Name": "date_dim", "Alias": "date_dim_8", "Startup Cost": 0.0, "Total Cost": 2337.11, "Plan Rows": 1, "Plan Width": 4, "Filter": "(d_date = '2000-01-03'::date)"}, {"Node Type": "Gather Merge", "Parent Relationship": "Outer", "Parallel Aware": false, "Async Capable": false, "Startup Cost": 26950.11, "Total Cost": 26958.28, "Plan Rows": 69, "Plan Width": 23, "Workers Planned": 3, "Params Evaluated": ["$2"], "Plans": [{"Node Type": "Sort", "Parent Relationship": "Outer", "Parallel Aware": false, "Async Capable": false, "Startup Cost": 25950.07, "Total Cost": 25950.13, "Plan Rows": 22, "Plan Width": 23, "Sort Key": ["item_1.i_item_id"], "Plans": [{"Node Type": "Nested Loop", "Parent Relationship": "Outer", "Parallel Aware": false, "Async Capable": false, "Join Type": "Inner", "Startup Cost": 3928.05, "Total Cost": 25949.58, "Plan Rows": 22, "Plan Width": 23, "Inner Unique": true, "Plans": [{"Node Type": "Hash Join", "Parent Relationship": "Outer", "Parallel Aware": true, "Async Capable": false, "Join Type": "Inner", "Startup Cost": 3927.77, "Total Cost": 25942.71, "Plan Rows": 22, "Plan Width": 10, "Inner Unique": false, "Hash Cond": "(web_sales.ws_sold_date_sk = date_dim_2.d_date_sk)", "Plans": [{"Node Type": "Seq Scan", "Parent Relationship": "Outer", "Parallel Aware": true, "Async Capable": false, "Relation Name": "web_sales", "Alias": "web_sales", "Startup Cost": 0.0, "Total Cost": 21144.59, "Plan Rows": 232059, "Plan Width": 14}, {"Node Type": "Hash", "Parent Relationship": "Inner", "Parallel Aware": true, "Async Capable": false, "Startup Cost": 3927.72, "Total Cost": 3927.72, "Plan Rows": 4, "Plan Width": 4, "Plans": [{"Node Type": "Hash Join", "Parent Relationship": "Outer", "Parallel Aware": true, "Async Capable": false, "Join Type": "Semi", "Startup Cost": 1961.17, "Total Cost": 3927.72, "Plan Rows": 4, "Plan Width": 4, "Inner Unique": false, "Hash Cond": "(date_dim_2.d_date = date_dim_3.d_date)", "Plans": [{"Node Type": "Seq Scan", "Parent Relationship": "Outer", "Parallel Aware": true, "Async Capable": false, "Relation Name": "date_dim", "Alias": "date_dim_2", "Startup Cost": 0.0, "Total Cost": 1853.7, "Plan Rows": 42970, "Plan Width": 8}, {"Node Type": "Hash", "Parent Relationship": "Inner", "Parallel Aware": true, "Async Capable": false, "Startup Cost": 1961.12, "Total Cost": 1961.12, "Plan Rows": 4, "Plan Width": 4, "Plans": [{"Node Type": "Seq Scan", "Parent Relationship": "Outer", "Parallel Aware": true, "Async Capable": false, "Relation Name": "date_dim", "Alias": "date_dim_3", "Startup Cost": 0.0, "Total Cost": 1961.12, "Plan Rows": 4, "Plan Width": 4, "Filter": "(d_week_seq = $2)"}]}]}]}]}, {"Node Type": "Index Scan", "Parent Relationship": "Inner", "Parallel Aware": false, "Async Capable": false, "Scan Direction": "Forward", "Index Name": "item_pkey", "Relation Name": "item", "Alias": "item_1", "Startup Cost": 0.29, "Total Cost": 0.31, "Plan Rows": 1, "Plan Width": 21, "Index Cond": "(i_item_sk = web_sales.ws_item_sk)"}]}]}]}]}]}]}]}, {"Node Type": "Sort", "Parent Relationship": "Inner", "Parallel Aware": false, "Async Capable": false, "Startup Cost": 49704.88, "Total Cost": 49705.22, "Plan Rows": 138, "Plan Width": 49, "Sort Key": ["cs_items.item_id NULLS FIRST"], "Plans": [{"Node Type": "Subquery Scan", "Parent Relationship": "Outer", "Parallel Aware": false, "Async Capable": false, "Alias": "cs_items", "Startup Cost": 49679.66, "Total Cost": 49699.97, "Plan Rows": 138, "Plan Width": 49, "Plans": [{"Node Type": "Aggregate", "Strategy": "Sorted", "Partial Mode": "Simple", "Parent Relationship": "Subquery", "Parallel Aware": false, "Async Capable": false, "Startup Cost": 49679.66, "Total Cost": 49698.59, "Plan Rows": 138, "Plan Width": 49, "Group Key": ["item_2.i_item_id"], "Plans": [{"Node Type": "Seq Scan", "Parent Relationship": "InitPlan", "Subplan Name": "InitPlan 2 (returns $1)", "Parallel Aware": false, "Async Capable": false, "Relation Name": "date_dim", "Alias": "date_dim_7", "Startup Cost": 0.0, "Total Cost": 2337.11, "Plan Rows": 1, "Plan Width": 4, "Filter": "(d_date = '2000-01-03'::date)"}, {"Node Type": "Gather Merge", "Parent Relationship": "Outer", "Parallel Aware": false, "Async Capable": false, "Startup Cost": 47342.54, "Total Cost": 47359.07, "Plan Rows": 138, "Plan Width": 23, "Workers Planned": 4, "Params Evaluated": ["$1"], "Plans": [{"Node Type": "Sort", "Parent Relationship": "Outer", "Parallel Aware": false, "Async Capable": false, "Startup Cost": 46342.49, "Total Cost": 46342.57, "Plan Rows": 34, "Plan Width": 23, "Sort Key": ["item_2.i_item_id"], "Plans": [{"Node Type": "Nested Loop", "Parent Relationship": "Outer", "Parallel Aware": false, "Async Capable": false, "Join Type": "Inner", "Startup Cost": 3928.05, "Total Cost": 46341.62, "Plan Rows": 34, "Plan Width": 23, "Inner Unique": true, "Plans": [{"Node Type": "Hash Join", "Parent Relationship": "Outer", "Parallel Aware": true, "Async Capable": false, "Join Type": "Inner", "Startup Cost": 3927.77, "Total Cost": 46331.12, "Plan Rows": 34, "Plan Width": 10, "Inner Unique": false, "Hash Cond": "(catalog_sales.cs_sold_date_sk = date_dim_4.d_date_sk)", "Plans": [{"Node Type": "Seq Scan", "Parent Relationship": "Outer", "Parallel Aware": true, "Async Capable": false, "Relation Name": "catalog_sales", "Alias": "catalog_sales", "Startup Cost": 0.0, "Total Cost": 41051.75, "Plan Rows": 360375, "Plan Width": 14}, {"Node Type": "Hash", "Parent Relationship": "Inner", "Parallel Aware": true, "Async Capable": false, "Startup Cost": 3927.72, "Total Cost": 3927.72, "Plan Rows": 4, "Plan Width": 4, "Plans": [{"Node Type": "Hash Join", "Parent Relationship": "Outer", "Parallel Aware": true, "Async Capable": false, "Join Type": "Semi", "Startup Cost": 1961.17, "Total Cost": 3927.72, "Plan Rows": 4, "Plan Width": 4, "Inner Unique": false, "Hash Cond": "(date_dim_4.d_date = date_dim_5.d_date)", "Plans": [{"Node Type": "Seq Scan", "Parent Relationship": "Outer", "Parallel Aware": true, "Async Capable": false, "Relation Name": "date_dim", "Alias": "date_dim_4", "Startup Cost": 0.0, "Total Cost": 1853.7, "Plan Rows": 42970, "Plan Width": 8}, {"Node Type": "Hash", "Parent Relationship": "Inner", "Parallel Aware": true, "Async Capable": false, "Startup Cost": 1961.12, "Total Cost": 1961.12, "Plan Rows": 4, "Plan Width": 4, "Plans": [{"Node Type": "Seq Scan", "Parent Relationship": "Outer", "Parallel Aware": true, "Async Capable": false, "Relation Name": "date_dim", "Alias": "date_dim_5", "Startup Cost": 0.0, "Total Cost": 1961.12, "Plan Rows": 4, "Plan Width": 4, "Filter": "(d_week_seq = $1)"}]}]}]}]}, {"Node Type": "Index Scan", "Parent Relationship": "Inner", "Parallel Aware": false, "Async Capable": false, "Scan Direction": "Forward", "Index Name": "item_pkey", "Relation Name": "item", "Alias": "item_2", "Startup Cost": 0.29, "Total Cost": 0.31, "Plan Rows": 1, "Plan Width": 21, "Index Cond": "(i_item_sk = catalog_sales.cs_item_sk)"}]}]}]}]}]}]}]}]}]}}