{"Plan": {"Node Type": "Limit", "Parallel Aware": false, "Async Capable": false, "Startup Cost": 212988.95, "Total Cost": 212988.96, "Plan Rows": 1, "Plan Width": 414, "Plans": [{"Node Type": "Aggregate", "Strategy": "Sorted", "Partial Mode": "Finalize", "Parent Relationship": "InitPlan", "Subplan Name": "CTE wss", "Parallel Aware": false, "Async Capable": false, "Startup Cost": 163209.55, "Total Cost": 204835.3, "Plan Rows": 62460, "Plan Width": 232, "Group Key": ["date_dim.d_week_seq", "store_sales.ss_store_sk"], "Plans": [{"Node Type": "Gather Merge", "Parent Relationship": "Outer", "Parallel Aware": false, "Async Capable": false, "Startup Cost": 163209.55, "Total Cost": 193124.05, "Plan Rows": 249840, "Plan Width": 232, "Workers Planned": 4, "Plans": [{"Node Type": "Sort", "Parent Relationship": "Outer", "Parallel Aware": false, "Async Capable": false, "Startup Cost": 162209.49, "Total Cost": 162365.64, "Plan Rows": 62460, "Plan Width": 232, "Sort Key": ["date_dim.d_week_seq", "store_sales.ss_store_sk"], "Plans": [{"Node Type": "Aggregate", "Strategy": "Hashed", "Partial Mode": "Partial", "Parent Relationship": "Outer", "Parallel Aware": false, "Async Capable": false, "Startup Cost": 140245.03, "Total Cost": 150402.35, "Plan Rows": 62460, "Plan Width": 232, "Group Key": ["date_dim.d_week_seq", "store_sales.ss_store_sk"], "Planned Partitions": 8, "Plans": [{"Node Type": "Hash Join", "Parent Relationship": "Outer", "Parallel Aware": true, "Async Capable": false, "Join Type": "Inner", "Startup Cost": 2390.82, "Total Cost": 63275.26, "Plan Rows": 720185, "Plan Width": 24, "Inner Unique": true, "Hash Cond": "(store_sales.ss_sold_date_sk = date_dim.d_date_sk)", "Plans": [{"Node Type": "Seq Scan", "Parent Relationship": "Outer", "Parallel Aware": true, "Async Capable": false, "Relation Name": "store_sales", "Alias": "store_sales", "Startup Cost": 0.0, "Total Cost": 58993.85, "Plan Rows": 720185, "Plan Width": 14}, {"Node Type": "Hash", "Parent Relationship": "Inner", "Parallel Aware": true, "Async Capable": false, "Startup Cost": 1853.7, "Total Cost": 1853.7, "Plan Rows": 42970, "Plan Width": 18, "Plans": [{"Node Type": "Seq Scan", "Parent Relationship": "Outer", "Parallel Aware": true, "Async Capable": false, "Relation Name": "date_dim", "Alias": "date_dim", "Startup Cost": 0.0, "Total Cost": 1853.7, "Plan Rows": 42970, "Plan Width": 18}]}]}]}]}]}]}, {"Node Type": "Sort", "Parent Relationship": "Outer", "Parallel Aware": false, "Async Capable": false, "Startup Cost": 8153.65, "Total Cost": 8153.65, "Plan Rows": 1, "Plan Width": 414, "Sort Key": ["store.s_store_name NULLS FIRST", "store.s_store_id NULLS FIRST", "wss.d_week_seq NULLS FIRST"], "Plans": [{"Node Type": "Nested Loop", "Parent Relationship": "Outer", "Parallel Aware": false, "Async Capable": false, "Join Type": "Inner", "Startup Cost": 6655.15, "Total Cost": 8153.64, "Plan Rows": 1, "Plan Width": 414, "Inner Unique": true, "Join Filter": "(store.s_store_id = store_1.s_store_id)", "Plans": [{"Node Type": "Hash Join", "Parent Relationship": "Outer", "Parallel Aware": false, "Async Capable": false, "Join Type": "Inner", "Startup Cost": 6655.01, "Total Cost": 8139.28, "Plan Rows": 84, "Plan Width": 524, "Inner Unique": false, "Hash Cond": "(wss.d_week_seq = d.d_week_seq)", "Plans": [{"Node Type": "CTE Scan", "Parent Relationship": "Outer", "Parallel Aware": false, "Async Capable": false, "CTE Name": "wss", "Alias": "wss", "Startup Cost": 0.0, "Total Cost": 1249.2, "Plan Rows": 62460, "Plan Width": 232}, {"Node Type": "Hash", "Parent Relationship": "Inner", "Parallel Aware": false, "Async Capable": false, "Startup Cost": 6654.84, "Total Cost": 6654.84, "Plan Rows": 14, "Plan Width": 300, "Plans": [{"Node Type": "Merge Join", "Parent Relationship": "Outer", "Parallel Aware": false, "Async Capable": false, "Join Type": "Inner", "Startup Cost": 6648.95, "Total Cost": 6654.84, "Plan Rows": 14, "Plan Width": 300, "Inner Unique": false, "Merge Cond": "(((wss_1.d_week_seq - 52)) = d.d_week_seq)", "Plans": [{"Node Type": "Sort", "Parent Relationship": "Outer", "Parallel Aware": false, "Async Capable": false, "Startup Cost": 4114.53, "Total Cost": 4115.57, "Plan Rows": 418, "Plan Width": 296, "Sort Key": ["((wss_1.d_week_seq - 52))"], "Plans": [{"Node Type": "Hash Join", "Parent Relationship": "Outer", "Parallel Aware": false, "Async Capable": false, "Join Type": "Inner", "Startup Cost": 2534.98, "Total Cost": 4096.33, "Plan Rows": 418, "Plan Width": 296, "Inner Unique": false, "Hash Cond": "(wss_1.d_week_seq = d_1.d_week_seq)", "Plans": [{"Node Type": "Hash Join", "Parent Relationship": "Outer", "Parallel Aware": false, "Async Capable": false, "Join Type": "Inner", "Startup Cost": 10.9, "Total Cost": 1427.53, "Plan Rows": 12492, "Plan Width": 296, "Inner Unique": true, "Hash Cond": "(wss_1.ss_store_sk = store_1.s_store_sk)", "Plans": [{"Node Type": "CTE Scan", "Parent Relationship": "Outer", "Parallel Aware": false, "Async Capable": false, "CTE Name": "wss", "Alias": "wss_1", "Startup Cost": 0.0, "Total Cost": 1249.2, "Plan Rows": 62460, "Plan Width": 232}, {"Node Type": "Hash", "Parent Relationship": "Inner", "Parallel Aware": false, "Async Capable": false, "Startup Cost": 10.4, "Total Cost": 10.4, "Plan Rows": 40, "Plan Width": 72, "Plans": [{"Node Type": "Seq Scan", "Parent Relationship": "Outer", "Parallel Aware": false, "Async Capable": false, "Relation Name": "store", "Alias": "store_1", "Startup Cost": 0.0, "Total Cost": 10.4, "Plan Rows": 40, "Plan Width": 72}]}]}, {"Node Type": "Hash", "Parent Relationship": "Inner", "Parallel Aware": false, "Async Capable": false, "Startup Cost": 2519.73, "Total Cost": 2519.73, "Plan Rows": 348, "Plan Width": 4, "Plans": [{"Node Type": "Seq Scan", "Parent Relationship": "Outer", "Parallel Aware": false, "Async Capable": false, "Relation Name": "date_dim", "Alias": "d_1", "Startup Cost": 0.0, "Total Cost": 2519.73, "Plan Rows": 348, "Plan Width": 4, "Filter": "((d_month_seq >= 1224) AND (d_month_seq <= 1235))"}]}]}]}, {"Node Type": "Sort", "Parent Relationship": "Inner", "Parallel Aware": false, "Async Capable": false, "Startup Cost": 2534.43, "Total Cost": 2535.3, "Plan Rows": 348, "Plan Width": 4, "Sort Key": ["d.d_week_seq"], "Plans": [{"Node Type": "Seq Scan", "Parent Relationship": "Outer", "Parallel Aware": false, "Async Capable": false, "Relation Name": "date_dim", "Alias": "d", "Startup Cost": 0.0, "Total Cost": 2519.73, "Plan Rows": 348, "Plan Width": 4, "Filter": "((d_month_seq >= 1212) AND (d_month_seq <= 1223))"}]}]}]}]}, {"Node Type": "Index Scan", "Parent Relationship": "Inner", "Parallel Aware": false, "Async Capable": false, "Scan Direction": "Forward", "Index Name": "store_pkey", "Relation Name": "store", "Alias": "store", "Startup Cost": 0.14, "Total Cost": 0.16, "Plan Rows": 1, "Plan Width": 190, "Index Cond": "(s_store_sk = wss.ss_store_sk)"}]}]}]}}