{"Plan": {"Node Type": "Limit", "Parallel Aware": false, "Async Capable": false, "Startup Cost": 102292.73, "Total Cost": 102309.61, "Plan Rows": 100, "Plan Width": 49, "Plans": [{"Node Type": "Incremental Sort", "Parent Relationship": "Outer", "Parallel Aware": false, "Async Capable": false, "Startup Cost": 102292.73, "Total Cost": 102319.05, "Plan Rows": 156, "Plan Width": 49, "Sort Key": ["item.i_item_id", "(sum((sum(store_sales.ss_ext_sales_price))))"], "Presorted Key": ["item.i_item_id"], "Plans": [{"Node Type": "Aggregate", "Strategy": "Sorted", "Partial Mode": "Simple", "Parent Relationship": "Outer", "Parallel Aware": false, "Async Capable": false, "Startup Cost": 102292.6, "Total Cost": 102312.03, "Plan Rows": 156, "Plan Width": 49, "Group Key": ["item.i_item_id"], "Plans": [{"Node Type": "Merge Append", "Parent Relationship": "Outer", "Parallel Aware": false, "Async Capable": false, "Startup Cost": 102292.6, "Total Cost": 102309.3, "Plan Rows": 156, "Plan Width": 49, "Sort Key": ["item.i_item_id"], "Subplans Removed": 0, "Plans": [{"Node Type": "Aggregate", "Strategy": "Sorted", "Partial Mode": "Finalize", "Parent Relationship": "Member", "Parallel Aware": false, "Async Capable": false, "Startup Cost": 48500.55, "Total Cost": 48508.95, "Plan Rows": 89, "Plan Width": 49, "Group Key": ["item.i_item_id"], "Plans": [{"Node Type": "Gather Merge", "Parent Relationship": "Outer", "Parallel Aware": false, "Async Capable": false, "Startup Cost": 48500.55, "Total Cost": 48507.44, "Plan Rows": 52, "Plan Width": 49, "Workers Planned": 1, "Plans": [{"Node Type": "Aggregate", "Strategy": "Sorted", "Partial Mode": "Partial", "Parent Relationship": "Outer", "Parallel Aware": false, "Async Capable": false, "Startup Cost": 47500.54, "Total Cost": 47501.58, "Plan Rows": 52, "Plan Width": 49, "Group Key": ["item.i_item_id"], "Plans": [{"Node Type": "Sort", "Parent Relationship": "Outer", "Parallel Aware": false, "Async Capable": false, "Startup Cost": 47500.54, "Total Cost": 47500.67, "Plan Rows": 52, "Plan Width": 23, "Sort Key": ["item.i_item_id"], "Plans": [{"Node Type": "Nested Loop", "Parent Relationship": "Outer", "Parallel Aware": false, "Async Capable": false, "Join Type": "Inner", "Startup Cost": 3499.52, "Total Cost": 47499.06, "Plan Rows": 52, "Plan Width": 23, "Inner Unique": true, "Plans": [{"Node Type": "Hash Join", "Parent Relationship": "Outer", "Parallel Aware": true, "Async Capable": false, "Join Type": "Inner", "Startup Cost": 3499.23, "Total Cost": 47454.17, "Plan Rows": 144, "Plan Width": 27, "Inner Unique": true, "Hash Cond": "(store_sales.ss_sold_date_sk = date_dim.d_date_sk)", "Plans": [{"Node Type": "Nested Loop", "Parent Relationship": "Outer", "Parallel Aware": false, "Async Capable": false, "Join Type": "Inner", "Startup Cost": 1430.46, "Total Cost": 44463.46, "Plan Rows": 351191, "Plan Width": 31, "Inner Unique": false, "Plans": [{"Node Type": "Hash Join", "Parent Relationship": "Outer", "Parallel Aware": true, "Async Capable": false, "Join Type": "Semi", "Startup Cost": 1430.03, "Total Cost": 2874.85, "Plan Rows": 2194, "Plan Width": 21, "Inner Unique": false, "Hash Cond": "(item.i_item_id = item_1.i_item_id)", "Plans": [{"Node Type": "Seq Scan", "Parent Relationship": "Outer", "Parallel Aware": true, "Async Capable": false, "Relation Name": "item", "Alias": "item", "Startup Cost": 0.0, "Total Cost": 1389.88, "Plan Rows": 10588, "Plan Width": 21}, {"Node Type": "Hash", "Parent Relationship": "Inner", "Parallel Aware": true, "Async Capable": false, "Startup Cost": 1416.35, "Total Cost": 1416.35, "Plan Rows": 1094, "Plan Width": 17, "Plans": [{"Node Type": "Seq Scan", "Parent Relationship": "Outer", "Parallel Aware": true, "Async Capable": false, "Relation Name": "item", "Alias": "item_1", "Startup Cost": 0.0, "Total Cost": 1416.35, "Plan Rows": 1094, "Plan Width": 17, "Filter": "(i_category = 'Music'::bpchar)"}]}]}, {"Node Type": "Index Scan", "Parent Relationship": "Inner", "Parallel Aware": false, "Async Capable": false, "Scan Direction": "Forward", "Index Name": "store_sales_pkey", "Relation Name": "store_sales", "Alias": "store_sales", "Startup Cost": 0.43, "Total Cost": 17.21, "Plan Rows": 175, "Plan Width": 18, "Index Cond": "(ss_item_sk = item.i_item_sk)"}]}, {"Node Type": "Hash", "Parent Relationship": "Inner", "Parallel Aware": true, "Async Capable": false, "Startup Cost": 2068.55, "Total Cost": 2068.55, "Plan Rows": 18, "Plan Width": 4, "Plans": [{"Node Type": "Seq Scan", "Parent Relationship": "Outer", "Parallel Aware": true, "Async Capable": false, "Relation Name": "date_dim", "Alias": "date_dim", "Startup Cost": 0.0, "Total Cost": 2068.55, "Plan Rows": 18, "Plan Width": 4, "Filter": "((d_year = 1998) AND (d_moy = 9))"}]}]}, {"Node Type": "Index Scan", "Parent Relationship": "Inner", "Parallel Aware": false, "Async Capable": false, "Scan Direction": "Forward", "Index Name": "customer_address_pkey", "Relation Name": "customer_address", "Alias": "customer_address", "Startup Cost": 0.29, "Total Cost": 0.31, "Plan Rows": 1, "Plan Width": 4, "Index Cond": "(ca_address_sk = store_sales.ss_addr_sk)", "Filter": "(ca_gmt_offset = '-5'::numeric)"}]}]}]}]}]}, {"Node Type": "Aggregate", "Strategy": "Sorted", "Partial Mode": "Finalize", "Parent Relationship": "Member", "Parallel Aware": false, "Async Capable": false, "Startup Cost": 33615.36, "Total Cost": 33619.57, "Plan Rows": 45, "Plan Width": 49, "Group Key": ["item_2.i_item_id"], "Plans": [{"Node Type": "Gather Merge", "Parent Relationship": "Outer", "Parallel Aware": false, "Async Capable": false, "Startup Cost": 33615.36, "Total Cost": 33618.81, "Plan Rows": 26, "Plan Width": 49, "Workers Planned": 1, "Plans": [{"Node Type": "Aggregate", "Strategy": "Sorted", "Partial Mode": "Partial", "Parent Relationship": "Outer", "Parallel Aware": false, "Async Capable": false, "Startup Cost": 32615.35, "Total Cost": 32615.87, "Plan Rows": 26, "Plan Width": 49, "Group Key": ["item_2.i_item_id"], "Plans": [{"Node Type": "Sort", "Parent Relationship": "Outer", "Parallel Aware": false, "Async Capable": false, "Startup Cost": 32615.35, "Total Cost": 32615.42, "Plan Rows": 26, "Plan Width": 23, "Sort Key": ["item_2.i_item_id"], "Plans": [{"Node Type": "Nested Loop", "Parent Relationship": "Outer", "Parallel Aware": false, "Async Capable": false, "Join Type": "Inner", "Startup Cost": 3499.52, "Total Cost": 32614.74, "Plan Rows": 26, "Plan Width": 23, "Inner Unique": true, "Plans": [{"Node Type": "Hash Join", "Parent Relationship": "Outer", "Parallel Aware": true, "Async Capable": false, "Join Type": "Inner", "Startup Cost": 3499.23, "Total Cost": 32592.17, "Plan Rows": 72, "Plan Width": 27, "Inner Unique": true, "Hash Cond": "(catalog_sales.cs_sold_date_sk = date_dim_1.d_date_sk)", "Plans": [{"Node Type": "Nested Loop", "Parent Relationship": "Outer", "Parallel Aware": false, "Async Capable": false, "Join Type": "Inner", "Startup Cost": 1430.46, "Total Cost": 30062.07, "Plan Rows": 175734, "Plan Width": 31, "Inner Unique": false, "Plans": [{"Node Type": "Hash Join", "Parent Relationship": "Outer", "Parallel Aware": true, "Async Capable": false, "Join Type": "Semi", "Startup Cost": 1430.03, "Total Cost": 2874.85, "Plan Rows": 2194, "Plan Width": 21, "Inner Unique": false, "Hash Cond": "(item_2.i_item_id = item_3.i_item_id)", "Plans": [{"Node Type": "Seq Scan", "Parent Relationship": "Outer", "Parallel Aware": true, "Async Capable": false, "Relation Name": "item", "Alias": "item_2", "Startup Cost": 0.0, "Total Cost": 1389.88, "Plan Rows": 10588, "Plan Width": 21}, {"Node Type": "Hash", "Parent Relationship": "Inner", "Parallel Aware": true, "Async Capable": false, "Startup Cost": 1416.35, "Total Cost": 1416.35, "Plan Rows": 1094, "Plan Width": 17, "Plans": [{"Node Type": "Seq Scan", "Parent Relationship": "Outer", "Parallel Aware": true, "Async Capable": false, "Relation Name": "item", "Alias": "item_3", "Startup Cost": 0.0, "Total Cost": 1416.35, "Plan Rows": 1094, "Plan Width": 17, "Filter": "(i_category = 'Music'::bpchar)"}]}]}, {"Node Type": "Index Scan", "Parent Relationship": "Inner", "Parallel Aware": false, "Async Capable": false, "Scan Direction": "Forward", "Index Name": "catalog_sales_pkey", "Relation Name": "catalog_sales", "Alias": "catalog_sales", "Startup Cost": 0.43, "Total Cost": 11.52, "Plan Rows": 87, "Plan Width": 18, "Index Cond": "(cs_item_sk = item_2.i_item_sk)"}]}, {"Node Type": "Hash", "Parent Relationship": "Inner", "Parallel Aware": true, "Async Capable": false, "Startup Cost": 2068.55, "Total Cost": 2068.55, "Plan Rows": 18, "Plan Width": 4, "Plans": [{"Node Type": "Seq Scan", "Parent Relationship": "Outer", "Parallel Aware": true, "Async Capable": false, "Relation Name": "date_dim", "Alias": "date_dim_1", "Startup Cost": 0.0, "Total Cost": 2068.55, "Plan Rows": 18, "Plan Width": 4, "Filter": "((d_year = 1998) AND (d_moy = 9))"}]}]}, {"Node Type": "Index Scan", "Parent Relationship": "Inner", "Parallel Aware": false, "Async Capable": false, "Scan Direction": "Forward", "Index Name": "customer_address_pkey", "Relation Name": "customer_address", "Alias": "customer_address_1", "Startup Cost": 0.29, "Total Cost": 0.31, "Plan Rows": 1, "Plan Width": 4, "Index Cond": "(ca_address_sk = catalog_sales.cs_bill_addr_sk)", "Filter": "(ca_gmt_offset = '-5'::numeric)"}]}]}]}]}]}, {"Node Type": "Aggregate", "Strategy": "Sorted", "Partial Mode": "Finalize", "Parent Relationship": "Member", "Parallel Aware": false, "Async Capable": false, "Startup Cost": 20176.65, "Total Cost": 20178.75, "Plan Rows": 22, "Plan Width": 49, "Group Key": ["item_4.i_item_id"], "Plans": [{"Node Type": "Gather Merge", "Parent Relationship": "Outer", "Parallel Aware": false, "Async Capable": false, "Startup Cost": 20176.65, "Total Cost": 20178.38, "Plan Rows": 13, "Plan Width": 49, "Workers Planned": 1, "Plans": [{"Node Type": "Aggregate", "Strategy": "Sorted", "Partial Mode": "Partial", "Parent Relationship": "Outer", "Parallel Aware": false, "Async Capable": false, "Startup Cost": 19176.64, "Total Cost": 19176.9, "Plan Rows": 13, "Plan Width": 49, "Group Key": ["item_4.i_item_id"], "Plans": [{"Node Type": "Sort", "Parent Relationship": "Outer", "Parallel Aware": false, "Async Capable": false, "Startup Cost": 19176.64, "Total Cost": 19176.68, "Plan Rows": 13, "Plan Width": 23, "Sort Key": ["item_4.i_item_id"], "Plans": [{"Node Type": "Nested Loop", "Parent Relationship": "Outer", "Parallel Aware": false, "Async Capable": false, "Join Type": "Inner", "Startup Cost": 3499.52, "Total Cost": 19176.4, "Plan Rows": 13, "Plan Width": 23, "Inner Unique": true, "Plans": [{"Node Type": "Hash Join", "Parent Relationship": "Outer", "Parallel Aware": true, "Async Capable": false, "Join Type": "Inner", "Startup Cost": 3499.23, "Total Cost": 19164.99, "Plan Rows": 36, "Plan Width": 27, "Inner Unique": true, "Hash Cond": "(web_sales.ws_sold_date_sk = date_dim_2.d_date_sk)", "Plans": [{"Node Type": "Nested Loop", "Parent Relationship": "Outer", "Parallel Aware": false, "Async Capable": false, "Join Type": "Inner", "Startup Cost": 1430.45, "Total Cost": 16865.99, "Plan Rows": 87700, "Plan Width": 31, "Inner Unique": false, "Plans": [{"Node Type": "Hash Join", "Parent Relationship": "Outer", "Parallel Aware": true, "Async Capable": false, "Join Type": "Semi", "Startup Cost": 1430.03, "Total Cost": 2874.85, "Plan Rows": 2194, "Plan Width": 21, "Inner Unique": false, "Hash Cond": "(item_4.i_item_id = item_5.i_item_id)", "Plans": [{"Node Type": "Seq Scan", "Parent Relationship": "Outer", "Parallel Aware": true, "Async Capable": false, "Relation Name": "item", "Alias": "item_4", "Startup Cost": 0.0, "Total Cost": 1389.88, "Plan Rows": 10588, "Plan Width": 21}, {"Node Type": "Hash", "Parent Relationship": "Inner", "Parallel Aware": true, "Async Capable": false, "Startup Cost": 1416.35, "Total Cost": 1416.35, "Plan Rows": 1094, "Plan Width": 17, "Plans": [{"Node Type": "Seq Scan", "Parent Relationship": "Outer", "Parallel Aware": true, "Async Capable": false, "Relation Name": "item", "Alias": "item_5", "Startup Cost": 0.0, "Total Cost": 1416.35, "Plan Rows": 1094, "Plan Width": 17, "Filter": "(i_category = 'Music'::bpchar)"}]}]}, {"Node Type": "Index Scan", "Parent Relationship": "Inner", "Parallel Aware": false, "Async Capable": false, "Scan Direction": "Forward", "Index Name": "web_sales_pkey", "Relation Name": "web_sales", "Alias": "web_sales", "Startup Cost": 0.42, "Total Cost": 5.94, "Plan Rows": 44, "Plan Width": 18, "Index Cond": "(ws_item_sk = item_4.i_item_sk)"}]}, {"Node Type": "Hash", "Parent Relationship": "Inner", "Parallel Aware": true, "Async Capable": false, "Startup Cost": 2068.55, "Total Cost": 2068.55, "Plan Rows": 18, "Plan Width": 4, "Plans": [{"Node Type": "Seq Scan", "Parent Relationship": "Outer", "Parallel Aware": true, "Async Capable": false, "Relation Name": "date_dim", "Alias": "date_dim_2", "Startup Cost": 0.0, "Total Cost": 2068.55, "Plan Rows": 18, "Plan Width": 4, "Filter": "((d_year = 1998) AND (d_moy = 9))"}]}]}, {"Node Type": "Index Scan", "Parent Relationship": "Inner", "Parallel Aware": false, "Async Capable": false, "Scan Direction": "Forward", "Index Name": "customer_address_pkey", "Relation Name": "customer_address", "Alias": "customer_address_2", "Startup Cost": 0.29, "Total Cost": 0.32, "Plan Rows": 1, "Plan Width": 4, "Index Cond": "(ca_address_sk = web_sales.ws_bill_addr_sk)", "Filter": "(ca_gmt_offset = '-5'::numeric)"}]}]}]}]}]}]}]}]}]}}