{"Plan": {"Node Type": "Limit", "Parallel Aware": false, "Async Capable": false, "Startup Cost": 126085.89, "Total Cost": 126085.89, "Plan Rows": 1, "Plan Width": 96, "Plans": [{"Node Type": "Sort", "Parent Relationship": "Outer", "Parallel Aware": false, "Async Capable": false, "Startup Cost": 126085.89, "Total Cost": 126085.89, "Plan Rows": 1, "Plan Width": 96, "Sort Key": ["(sum(store_sales.ss_ext_sales_price))", "(sum(store_sales_1.ss_ext_sales_price))"], "Plans": [{"Node Type": "Nested Loop", "Parent Relationship": "Outer", "Parallel Aware": false, "Async Capable": false, "Join Type": "Inner", "Startup Cost": 126085.84, "Total Cost": 126085.88, "Plan Rows": 1, "Plan Width": 96, "Inner Unique": false, "Plans": [{"Node Type": "Aggregate", "Strategy": "Plain", "Partial Mode": "Finalize", "Parent Relationship": "Outer", "Parallel Aware": false, "Async Capable": false, "Startup Cost": 62967.49, "Total Cost": 62967.5, "Plan Rows": 1, "Plan Width": 32, "Plans": [{"Node Type": "Gather", "Parent Relationship": "Outer", "Parallel Aware": false, "Async Capable": false, "Startup Cost": 62967.05, "Total Cost": 62967.46, "Plan Rows": 4, "Plan Width": 32, "Workers Planned": 4, "Single Copy": false, "Plans": [{"Node Type": "Aggregate", "Strategy": "Plain", "Partial Mode": "Partial", "Parent Relationship": "Outer", "Parallel Aware": false, "Async Capable": false, "Startup Cost": 61967.05, "Total Cost": 61967.06, "Plan Rows": 1, "Plan Width": 32, "Plans": [{"Node Type": "Nested Loop", "Parent Relationship": "Outer", "Parallel Aware": false, "Async Capable": false, "Join Type": "Inner", "Startup Cost": 26.91, "Total Cost": 61967.05, "Plan Rows": 1, "Plan Width": 6, "Inner Unique": true, "Plans": [{"Node Type": "Nested Loop", "Parent Relationship": "Outer", "Parallel Aware": false, "Async Capable": false, "Join Type": "Inner", "Startup Cost": 26.62, "Total Cost": 61966.69, "Plan Rows": 1, "Plan Width": 10, "Inner Unique": true, "Plans": [{"Node Type": "Nested Loop", "Parent Relationship": "Outer", "Parallel Aware": false, "Async Capable": false, "Join Type": "Inner", "Startup Cost": 26.33, "Total Cost": 61966.37, "Plan Rows": 1, "Plan Width": 10, "Inner Unique": true, "Plans": [{"Node Type": "Nested Loop", "Parent Relationship": "Outer", "Parallel Aware": false, "Async Capable": false, "Join Type": "Inner", "Startup Cost": 26.04, "Total Cost": 61965.14, "Plan Rows": 4, "Plan Width": 14, "Inner Unique": true, "Plans": [{"Node Type": "Hash Join", "Parent Relationship": "Outer", "Parallel Aware": false, "Async Capable": false, "Join Type": "Inner", "Startup Cost": 25.74, "Total Cost": 61149.47, "Plan Rows": 9482, "Plan Width": 18, "Inner Unique": true, "Hash Cond": "(store_sales.ss_promo_sk = promotion.p_promo_sk)", "Plans": [{"Node Type": "Hash Join", "Parent Relationship": "Outer", "Parallel Aware": false, "Async Capable": false, "Join Type": "Inner", "Startup Cost": 10.51, "Total Cost": 61086.35, "Plan Rows": 18004, "Plan Width": 22, "Inner Unique": true, "Hash Cond": "(store_sales.ss_store_sk = store.s_store_sk)", "Plans": [{"Node Type": "Seq Scan", "Parent Relationship": "Outer", "Parallel Aware": true, "Async Capable": false, "Relation Name": "store_sales", "Alias": "store_sales", "Startup Cost": 0.0, "Total Cost": 58993.85, "Plan Rows": 720185, "Plan Width": 26}, {"Node Type": "Hash", "Parent Relationship": "Inner", "Parallel Aware": false, "Async Capable": false, "Startup Cost": 10.5, "Total Cost": 10.5, "Plan Rows": 1, "Plan Width": 4, "Plans": [{"Node Type": "Seq Scan", "Parent Relationship": "Outer", "Parallel Aware": false, "Async Capable": false, "Relation Name": "store", "Alias": "store", "Startup Cost": 0.0, "Total Cost": 10.5, "Plan Rows": 1, "Plan Width": 4, "Filter": "(s_gmt_offset = '-5'::numeric)"}]}]}, {"Node Type": "Hash", "Parent Relationship": "Inner", "Parallel Aware": false, "Async Capable": false, "Startup Cost": 13.25, "Total Cost": 13.25, "Plan Rows": 158, "Plan Width": 4, "Plans": [{"Node Type": "Seq Scan", "Parent Relationship": "Outer", "Parallel Aware": false, "Async Capable": false, "Relation Name": "promotion", "Alias": "promotion", "Startup Cost": 0.0, "Total Cost": 13.25, "Plan Rows": 158, "Plan Width": 4, "Filter": "((p_channel_dmail = 'Y'::bpchar) OR (p_channel_email = 'Y'::bpchar) OR (p_channel_tv = 'Y'::bpchar))"}]}]}, {"Node Type": "Memoize", "Parent Relationship": "Inner", "Parallel Aware": false, "Async Capable": false, "Startup Cost": 0.3, "Total Cost": 0.33, "Plan Rows": 1, "Plan Width": 4, "Cache Key": "store_sales.ss_sold_date_sk", "Cache Mode": "logical", "Plans": [{"Node Type": "Index Scan", "Parent Relationship": "Outer", "Parallel Aware": false, "Async Capable": false, "Scan Direction": "Forward", "Index Name": "date_dim_pkey", "Relation Name": "date_dim", "Alias": "date_dim", "Startup Cost": 0.29, "Total Cost": 0.32, "Plan Rows": 1, "Plan Width": 4, "Index Cond": "(d_date_sk = store_sales.ss_sold_date_sk)", "Filter": "((d_year = 1998) AND (d_moy = 11))"}]}]}, {"Node Type": "Index Scan", "Parent Relationship": "Inner", "Parallel Aware": false, "Async Capable": false, "Scan Direction": "Forward", "Index Name": "item_pkey", "Relation Name": "item", "Alias": "item", "Startup Cost": 0.29, "Total Cost": 0.31, "Plan Rows": 1, "Plan Width": 4, "Index Cond": "(i_item_sk = store_sales.ss_item_sk)", "Filter": "(i_category = 'Jewelry'::bpchar)"}]}, {"Node Type": "Index Scan", "Parent Relationship": "Inner", "Parallel Aware": false, "Async Capable": false, "Scan Direction": "Forward", "Index Name": "customer_pkey", "Relation Name": "customer", "Alias": "customer", "Startup Cost": 0.29, "Total Cost": 0.31, "Plan Rows": 1, "Plan Width": 8, "Index Cond": "(c_customer_sk = store_sales.ss_customer_sk)"}]}, {"Node Type": "Index Scan", "Parent Relationship": "Inner", "Parallel Aware": false, "Async Capable": false, "Scan Direction": "Forward", "Index Name": "customer_address_pkey", "Relation Name": "customer_address", "Alias": "customer_address", "Startup Cost": 0.29, "Total Cost": 0.36, "Plan Rows": 1, "Plan Width": 4, "Index Cond": "(ca_address_sk = customer.c_current_addr_sk)", "Filter": "(ca_gmt_offset = '-5'::numeric)"}]}]}]}]}, {"Node Type": "Aggregate", "Strategy": "Plain", "Partial Mode": "Simple", "Parent Relationship": "Inner", "Parallel Aware": false, "Async Capable": false, "Startup Cost": 63118.35, "Total Cost": 63118.36, "Plan Rows": 1, "Plan Width": 32, "Plans": [{"Node Type": "Gather", "Parent Relationship": "Outer", "Parallel Aware": false, "Async Capable": false, "Startup Cost": 1011.68, "Total Cost": 63118.35, "Plan Rows": 1, "Plan Width": 6, "Workers Planned": 4, "Single Copy": false, "Plans": [{"Node Type": "Nested Loop", "Parent Relationship": "Outer", "Parallel Aware": false, "Async Capable": false, "Join Type": "Inner", "Startup Cost": 11.68, "Total Cost": 62118.25, "Plan Rows": 1, "Plan Width": 6, "Inner Unique": true, "Plans": [{"Node Type": "Nested Loop", "Parent Relationship": "Outer", "Parallel Aware": false, "Async Capable": false, "Join Type": "Inner", "Startup Cost": 11.39, "Total Cost": 62117.88, "Plan Rows": 1, "Plan Width": 10, "Inner Unique": true, "Plans": [{"Node Type": "Nested Loop", "Parent Relationship": "Outer", "Parallel Aware": false, "Async Capable": false, "Join Type": "Inner", "Startup Cost": 11.1, "Total Cost": 62117.57, "Plan Rows": 1, "Plan Width": 10, "Inner Unique": true, "Plans": [{"Node Type": "Nested Loop", "Parent Relationship": "Outer", "Parallel Aware": false, "Async Capable": false, "Join Type": "Inner", "Startup Cost": 10.81, "Total Cost": 62115.09, "Plan Rows": 8, "Plan Width": 14, "Inner Unique": true, "Plans": [{"Node Type": "Hash Join", "Parent Relationship": "Outer", "Parallel Aware": false, "Async Capable": false, "Join Type": "Inner", "Startup Cost": 10.51, "Total Cost": 61086.35, "Plan Rows": 18004, "Plan Width": 18, "Inner Unique": true, "Hash Cond": "(store_sales_1.ss_store_sk = store_1.s_store_sk)", "Plans": [{"Node Type": "Seq Scan", "Parent Relationship": "Outer", "Parallel Aware": true, "Async Capable": false, "Relation Name": "store_sales", "Alias": "store_sales_1", "Startup Cost": 0.0, "Total Cost": 58993.85, "Plan Rows": 720185, "Plan Width": 22}, {"Node Type": "Hash", "Parent Relationship": "Inner", "Parallel Aware": false, "Async Capable": false, "Startup Cost": 10.5, "Total Cost": 10.5, "Plan Rows": 1, "Plan Width": 4, "Plans": [{"Node Type": "Seq Scan", "Parent Relationship": "Outer", "Parallel Aware": false, "Async Capable": false, "Relation Name": "store", "Alias": "store_1", "Startup Cost": 0.0, "Total Cost": 10.5, "Plan Rows": 1, "Plan Width": 4, "Filter": "(s_gmt_offset = '-5'::numeric)"}]}]}, {"Node Type": "Memoize", "Parent Relationship": "Inner", "Parallel Aware": false, "Async Capable": false, "Startup Cost": 0.3, "Total Cost": 0.33, "Plan Rows": 1, "Plan Width": 4, "Cache Key": "store_sales_1.ss_sold_date_sk", "Cache Mode": "logical", "Plans": [{"Node Type": "Index Scan", "Parent Relationship": "Outer", "Parallel Aware": false, "Async Capable": false, "Scan Direction": "Forward", "Index Name": "date_dim_pkey", "Relation Name": "date_dim", "Alias": "date_dim_1", "Startup Cost": 0.29, "Total Cost": 0.32, "Plan Rows": 1, "Plan Width": 4, "Index Cond": "(d_date_sk = store_sales_1.ss_sold_date_sk)", "Filter": "((d_year = 1998) AND (d_moy = 11))"}]}]}, {"Node Type": "Index Scan", "Parent Relationship": "Inner", "Parallel Aware": false, "Async Capable": false, "Scan Direction": "Forward", "Index Name": "item_pkey", "Relation Name": "item", "Alias": "item_1", "Startup Cost": 0.29, "Total Cost": 0.31, "Plan Rows": 1, "Plan Width": 4, "Index Cond": "(i_item_sk = store_sales_1.ss_item_sk)", "Filter": "(i_category = 'Jewelry'::bpchar)"}]}, {"Node Type": "Index Scan", "Parent Relationship": "Inner", "Parallel Aware": false, "Async Capable": false, "Scan Direction": "Forward", "Index Name": "customer_pkey", "Relation Name": "customer", "Alias": "customer_1", "Startup Cost": 0.29, "Total Cost": 0.31, "Plan Rows": 1, "Plan Width": 8, "Index Cond": "(c_customer_sk = store_sales_1.ss_customer_sk)"}]}, {"Node Type": "Index Scan", "Parent Relationship": "Inner", "Parallel Aware": false, "Async Capable": false, "Scan Direction": "Forward", "Index Name": "customer_address_pkey", "Relation Name": "customer_address", "Alias": "customer_address_1", "Startup Cost": 0.29, "Total Cost": 0.36, "Plan Rows": 1, "Plan Width": 4, "Index Cond": "(ca_address_sk = customer_1.c_current_addr_sk)", "Filter": "(ca_gmt_offset = '-5'::numeric)"}]}]}]}]}]}]}}