{"Plan": {"Node Type": "Limit", "Parallel Aware": false, "Async Capable": false, "Startup Cost": 14885.92, "Total Cost": 14889.05, "Plan Rows": 8, "Plan Width": 68, "Plans": [{"Node Type": "Incremental Sort", "Parent Relationship": "Outer", "Parallel Aware": false, "Async Capable": false, "Startup Cost": 14885.92, "Total Cost": 14889.05, "Plan Rows": 8, "Plan Width": 68, "Sort Key": ["tmp1.i_manager_id", "tmp1.avg_monthly_sales", "tmp1.sum_sales"], "Presorted Key": ["tmp1.i_manager_id"], "Plans": [{"Node Type": "Subquery Scan", "Parent Relationship": "Outer", "Parallel Aware": false, "Async Capable": false, "Alias": "tmp1", "Startup Cost": 14885.51, "Total Cost": 14888.69, "Plan Rows": 8, "Plan Width": 68, "Filter": "(CASE WHEN (tmp1.avg_monthly_sales > '0'::numeric) THEN (abs((tmp1.sum_sales - tmp1.avg_monthly_sales)) / tmp1.avg_monthly_sales) ELSE NULL::numeric END > 0.1)", "Plans": [{"Node Type": "WindowAgg", "Parent Relationship": "Subquery", "Parallel Aware": false, "Async Capable": false, "Startup Cost": 14885.51, "Total Cost": 14888.18, "Plan Rows": 23, "Plan Width": 72, "Plans": [{"Node Type": "Aggregate", "Strategy": "Sorted", "Partial Mode": "Finalize", "Parent Relationship": "Outer", "Parallel Aware": false, "Async Capable": false, "Startup Cost": 14885.51, "Total Cost": 14887.83, "Plan Rows": 23, "Plan Width": 40, "Group Key": ["item.i_manager_id", "date_dim.d_moy"], "Plans": [{"Node Type": "Gather Merge", "Parent Relationship": "Outer", "Parallel Aware": false, "Async Capable": false, "Startup Cost": 14885.51, "Total Cost": 14887.4, "Plan Rows": 14, "Plan Width": 40, "Workers Planned": 1, "Plans": [{"Node Type": "Aggregate", "Strategy": "Sorted", "Partial Mode": "Partial", "Parent Relationship": "Outer", "Parallel Aware": false, "Async Capable": false, "Startup Cost": 13885.5, "Total Cost": 13885.82, "Plan Rows": 14, "Plan Width": 40, "Group Key": ["item.i_manager_id", "date_dim.d_moy"], "Plans": [{"Node Type": "Sort", "Parent Relationship": "Outer", "Parallel Aware": false, "Async Capable": false, "Startup Cost": 13885.5, "Total Cost": 13885.54, "Plan Rows": 14, "Plan Width": 14, "Sort Key": ["item.i_manager_id", "date_dim.d_moy"], "Plans": [{"Node Type": "Nested Loop", "Parent Relationship": "Outer", "Parallel Aware": false, "Async Capable": false, "Join Type": "Inner", "Startup Cost": 0.91, "Total Cost": 13885.24, "Plan Rows": 14, "Plan Width": 14, "Inner Unique": true, "Plans": [{"Node Type": "Nested Loop", "Parent Relationship": "Outer", "Parallel Aware": false, "Async Capable": false, "Join Type": "Inner", "Startup Cost": 0.76, "Total Cost": 13883.86, "Plan Rows": 14, "Plan Width": 18, "Inner Unique": true, "Plans": [{"Node Type": "Nested Loop", "Parent Relationship": "Outer", "Parallel Aware": false, "Async Capable": false, "Join Type": "Inner", "Startup Cost": 0.43, "Total Cost": 13182.45, "Plan Rows": 2730, "Plan Width": 18, "Inner Unique": false, "Plans": [{"Node Type": "Seq Scan", "Parent Relationship": "Outer", "Parallel Aware": true, "Async Capable": false, "Relation Name": "item", "Alias": "item", "Startup Cost": 0.0, "Total Cost": 1681.06, "Plan Rows": 17, "Plan Width": 8, "Filter": "(((i_category = ANY ('{Books,Children,Electronics}'::bpchar[])) AND (i_class = ANY ('{personal,portable,reference,self-help}'::bpchar[])) AND (i_brand = ANY ('{\"scholaramalgamalg #14\",\"scholaramalgamalg #7\",\"exportiunivamalg #9\",\"scholaramalgamalg #9\"}'::bpchar[]))) OR ((i_category = ANY ('{Women,Music,Men}'::bpchar[])) AND (i_class = ANY ('{accessories,classical,fragrances,pants}'::bpchar[])) AND (i_brand = ANY ('{\"amalgimporto #1\",\"edu packscholar #1\",\"exportiimporto #1\",\"importoamalg #1\"}'::bpchar[]))))"}, {"Node Type": "Index Scan", "Parent Relationship": "Inner", "Parallel Aware": false, "Async Capable": false, "Scan Direction": "Forward", "Index Name": "store_sales_pkey", "Relation Name": "store_sales", "Alias": "store_sales", "Startup Cost": 0.43, "Total Cost": 674.8, "Plan Rows": 175, "Plan Width": 18, "Index Cond": "(ss_item_sk = item.i_item_sk)"}]}, {"Node Type": "Memoize", "Parent Relationship": "Inner", "Parallel Aware": false, "Async Capable": false, "Startup Cost": 0.33, "Total Cost": 0.36, "Plan Rows": 1, "Plan Width": 8, "Cache Key": "store_sales.ss_sold_date_sk", "Cache Mode": "logical", "Plans": [{"Node Type": "Index Scan", "Parent Relationship": "Outer", "Parallel Aware": false, "Async Capable": false, "Scan Direction": "Forward", "Index Name": "date_dim_pkey", "Relation Name": "date_dim", "Alias": "date_dim", "Startup Cost": 0.32, "Total Cost": 0.35, "Plan Rows": 1, "Plan Width": 8, "Index Cond": "(d_date_sk = store_sales.ss_sold_date_sk)", "Filter": "(d_month_seq = ANY ('{1200,1201,1202,1203,1204,1205,1206,1207,1208,1209,1210,1211}'::integer[]))"}]}]}, {"Node Type": "Memoize", "Parent Relationship": "Inner", "Parallel Aware": false, "Async Capable": false, "Startup Cost": 0.15, "Total Cost": 0.17, "Plan Rows": 1, "Plan Width": 4, "Cache Key": "store_sales.ss_store_sk", "Cache Mode": "logical", "Plans": [{"Node Type": "Index Only Scan", "Parent Relationship": "Outer", "Parallel Aware": false, "Async Capable": false, "Scan Direction": "Forward", "Index Name": "store_pkey", "Relation Name": "store", "Alias": "store", "Startup Cost": 0.14, "Total Cost": 0.16, "Plan Rows": 1, "Plan Width": 4, "Index Cond": "(s_store_sk = store_sales.ss_store_sk)"}]}]}]}]}]}]}]}]}]}]}}