{"Plan": {"Node Type": "Limit", "Parallel Aware": false, "Async Capable": false, "Startup Cost": 133470.17, "Total Cost": 133470.42, "Plan Rows": 100, "Plan Width": 315, "Plans": [{"Node Type": "Sort", "Parent Relationship": "Outer", "Parallel Aware": false, "Async Capable": false, "Startup Cost": 133470.17, "Total Cost": 133472.55, "Plan Rows": 952, "Plan Width": 315, "Sort Key": ["store.s_store_name NULLS FIRST", "item.i_item_desc NULLS FIRST"], "Plans": [{"Node Type": "Nested Loop", "Parent Relationship": "Outer", "Parallel Aware": false, "Async Capable": false, "Join Type": "Inner", "Startup Cost": 128344.35, "Total Cost": 133433.79, "Plan Rows": 952, "Plan Width": 315, "Inner Unique": true, "Plans": [{"Node Type": "Merge Join", "Parent Relationship": "Outer", "Parallel Aware": false, "Async Capable": false, "Join Type": "Inner", "Startup Cost": 128344.07, "Total Cost": 132787.06, "Plan Rows": 952, "Plan Width": 154, "Inner Unique": false, "Merge Cond": "(store_sales.ss_store_sk = store_sales_1.ss_store_sk)", "Join Filter": "((sum(store_sales.ss_sales_price)) <= (0.1 * (avg((sum(store_sales_1.ss_sales_price))))))", "Plans": [{"Node Type": "Aggregate", "Strategy": "Sorted", "Partial Mode": "Simple", "Parent Relationship": "Outer", "Parallel Aware": false, "Async Capable": false, "Startup Cost": 64166.3, "Total Cost": 66161.15, "Plan Rows": 14276, "Plan Width": 40, "Group Key": ["store_sales.ss_store_sk", "store_sales.ss_item_sk"], "Plans": [{"Node Type": "Gather Merge", "Parent Relationship": "Outer", "Parallel Aware": false, "Async Capable": false, "Startup Cost": 64166.3, "Total Cost": 65875.63, "Plan Rows": 14276, "Plan Width": 14, "Workers Planned": 4, "Plans": [{"Node Type": "Sort", "Parent Relationship": "Outer", "Parallel Aware": false, "Async Capable": false, "Startup Cost": 63166.24, "Total Cost": 63175.17, "Plan Rows": 3569, "Plan Width": 14, "Sort Key": ["store_sales.ss_store_sk", "store_sales.ss_item_sk"], "Plans": [{"Node Type": "Hash Join", "Parent Relationship": "Outer", "Parallel Aware": true, "Async Capable": false, "Join Type": "Inner", "Startup Cost": 2071.21, "Total Cost": 62955.65, "Plan Rows": 3569, "Plan Width": 14, "Inner Unique": true, "Hash Cond": "(store_sales.ss_sold_date_sk = date_dim.d_date_sk)", "Plans": [{"Node Type": "Seq Scan", "Parent Relationship": "Outer", "Parallel Aware": true, "Async Capable": false, "Relation Name": "store_sales", "Alias": "store_sales", "Startup Cost": 0.0, "Total Cost": 58993.85, "Plan Rows": 720185, "Plan Width": 18}, {"Node Type": "Hash", "Parent Relationship": "Inner", "Parallel Aware": true, "Async Capable": false, "Startup Cost": 2068.55, "Total Cost": 2068.55, "Plan Rows": 213, "Plan Width": 4, "Plans": [{"Node Type": "Seq Scan", "Parent Relationship": "Outer", "Parallel Aware": true, "Async Capable": false, "Relation Name": "date_dim", "Alias": "date_dim", "Startup Cost": 0.0, "Total Cost": 2068.55, "Plan Rows": 213, "Plan Width": 4, "Filter": "((d_month_seq >= 1176) AND (d_month_seq <= 1187))"}]}]}]}]}]}, {"Node Type": "Materialize", "Parent Relationship": "Inner", "Parallel Aware": false, "Async Capable": false, "Startup Cost": 64177.76, "Total Cost": 66390.46, "Plan Rows": 40, "Plan Width": 158, "Plans": [{"Node Type": "Merge Join", "Parent Relationship": "Outer", "Parallel Aware": false, "Async Capable": false, "Join Type": "Inner", "Startup Cost": 64177.76, "Total Cost": 66390.36, "Plan Rows": 40, "Plan Width": 158, "Inner Unique": true, "Merge Cond": "(store.s_store_sk = store_sales_1.ss_store_sk)", "Plans": [{"Node Type": "Sort", "Parent Relationship": "Outer", "Parallel Aware": false, "Async Capable": false, "Startup Cost": 11.46, "Total Cost": 11.56, "Plan Rows": 40, "Plan Width": 122, "Sort Key": ["store.s_store_sk"], "Plans": [{"Node Type": "Seq Scan", "Parent Relationship": "Outer", "Parallel Aware": false, "Async Capable": false, "Relation Name": "store", "Alias": "store", "Startup Cost": 0.0, "Total Cost": 10.4, "Plan Rows": 40, "Plan Width": 122}]}, {"Node Type": "Aggregate", "Strategy": "Sorted", "Partial Mode": "Simple", "Parent Relationship": "Inner", "Parallel Aware": false, "Async Capable": false, "Startup Cost": 64166.3, "Total Cost": 66377.79, "Plan Rows": 200, "Plan Width": 36, "Group Key": ["store_sales_1.ss_store_sk"], "Plans": [{"Node Type": "Aggregate", "Strategy": "Sorted", "Partial Mode": "Simple", "Parent Relationship": "Outer", "Parallel Aware": false, "Async Capable": false, "Startup Cost": 64166.3, "Total Cost": 66161.15, "Plan Rows": 14276, "Plan Width": 40, "Group Key": ["store_sales_1.ss_store_sk", "store_sales_1.ss_item_sk"], "Plans": [{"Node Type": "Gather Merge", "Parent Relationship": "Outer", "Parallel Aware": false, "Async Capable": false, "Startup Cost": 64166.3, "Total Cost": 65875.63, "Plan Rows": 14276, "Plan Width": 14, "Workers Planned": 4, "Plans": [{"Node Type": "Sort", "Parent Relationship": "Outer", "Parallel Aware": false, "Async Capable": false, "Startup Cost": 63166.24, "Total Cost": 63175.17, "Plan Rows": 3569, "Plan Width": 14, "Sort Key": ["store_sales_1.ss_store_sk", "store_sales_1.ss_item_sk"], "Plans": [{"Node Type": "Hash Join", "Parent Relationship": "Outer", "Parallel Aware": true, "Async Capable": false, "Join Type": "Inner", "Startup Cost": 2071.21, "Total Cost": 62955.65, "Plan Rows": 3569, "Plan Width": 14, "Inner Unique": true, "Hash Cond": "(store_sales_1.ss_sold_date_sk = date_dim_1.d_date_sk)", "Plans": [{"Node Type": "Seq Scan", "Parent Relationship": "Outer", "Parallel Aware": true, "Async Capable": false, "Relation Name": "store_sales", "Alias": "store_sales_1", "Startup Cost": 0.0, "Total Cost": 58993.85, "Plan Rows": 720185, "Plan Width": 18}, {"Node Type": "Hash", "Parent Relationship": "Inner", "Parallel Aware": true, "Async Capable": false, "Startup Cost": 2068.55, "Total Cost": 2068.55, "Plan Rows": 213, "Plan Width": 4, "Plans": [{"Node Type": "Seq Scan", "Parent Relationship": "Outer", "Parallel Aware": true, "Async Capable": false, "Relation Name": "date_dim", "Alias": "date_dim_1", "Startup Cost": 0.0, "Total Cost": 2068.55, "Plan Rows": 213, "Plan Width": 4, "Filter": "((d_month_seq >= 1176) AND (d_month_seq <= 1187))"}]}]}]}]}]}]}]}]}]}, {"Node Type": "Index Scan", "Parent Relationship": "Inner", "Parallel Aware": false, "Async Capable": false, "Scan Direction": "Forward", "Index Name": "item_pkey", "Relation Name": "item", "Alias": "item", "Startup Cost": 0.29, "Total Cost": 0.68, "Plan Rows": 1, "Plan Width": 169, "Index Cond": "(i_item_sk = store_sales.ss_item_sk)"}]}]}]}}