{"Plan": {"Node Type": "Limit", "Parallel Aware": false, "Async Capable": false, "Startup Cost": 76048.74, "Total Cost": 76048.99, "Plan Rows": 100, "Plan Width": 324, "Plans": [{"Node Type": "Sort", "Parent Relationship": "Outer", "Parallel Aware": false, "Async Capable": false, "Startup Cost": 76048.74, "Total Cost": 76227.3, "Plan Rows": 71421, "Plan Width": 324, "Sort Key": ["dw1.i_category NULLS FIRST", "dw1.i_class NULLS FIRST", "dw1.i_brand NULLS FIRST", "dw1.i_product_name NULLS FIRST", "dw1.d_year NULLS FIRST", "dw1.d_qoy NULLS FIRST", "dw1.d_moy NULLS FIRST", "dw1.s_store_id NULLS FIRST", "dw1.sumsales NULLS FIRST", "(rank() OVER (?)) NULLS FIRST"], "Plans": [{"Node Type": "WindowAgg", "Parent Relationship": "Outer", "Parallel Aware": false, "Async Capable": false, "Startup Cost": 65260.43, "Total Cost": 73319.08, "Plan Rows": 71421, "Plan Width": 324, "Run Condition": "(rank() OVER (?) <= 100)", "Plans": [{"Node Type": "Incremental Sort", "Parent Relationship": "Outer", "Parallel Aware": false, "Async Capable": false, "Startup Cost": 65260.43, "Total Cost": 72069.22, "Plan Rows": 71421, "Plan Width": 316, "Sort Key": ["dw1.i_category", "dw1.sumsales DESC"], "Presorted Key": ["dw1.i_category"], "Plans": [{"Node Type": "Subquery Scan", "Parent Relationship": "Outer", "Parallel Aware": false, "Async Capable": false, "Alias": "dw1", "Startup Cost": 65230.72, "Total Cost": 68144.13, "Plan Rows": 71421, "Plan Width": 316, "Plans": [{"Node Type": "Aggregate", "Strategy": "Sorted", "Partial Mode": "Simple", "Parent Relationship": "Subquery", "Parallel Aware": false, "Async Capable": false, "Startup Cost": 65230.72, "Total Cost": 68144.13, "Plan Rows": 71421, "Plan Width": 316, "Grouping Sets": [{"Group Keys": [["item.i_category", "item.i_class", "item.i_brand", "item.i_product_name", "date_dim.d_year", "date_dim.d_qoy", "date_dim.d_moy", "store.s_store_id"], ["item.i_category", "item.i_class", "item.i_brand", "item.i_product_name", "date_dim.d_year", "date_dim.d_qoy", "date_dim.d_moy"], ["item.i_category", "item.i_class", "item.i_brand", "item.i_product_name", "date_dim.d_year", "date_dim.d_qoy"], ["item.i_category", "item.i_class", "item.i_brand", "item.i_product_name", "date_dim.d_year"], ["item.i_category", "item.i_class", "item.i_brand", "item.i_product_name"], ["item.i_category", "item.i_class", "item.i_brand"], ["item.i_category", "item.i_class"], ["item.i_category"], []]}], "Plans": [{"Node Type": "Gather Merge", "Parent Relationship": "Outer", "Parallel Aware": false, "Async Capable": false, "Startup Cost": 65230.72, "Total Cost": 66873.96, "Plan Rows": 13724, "Plan Width": 294, "Workers Planned": 4, "Plans": [{"Node Type": "Sort", "Parent Relationship": "Outer", "Parallel Aware": false, "Async Capable": false, "Startup Cost": 64230.66, "Total Cost": 64239.24, "Plan Rows": 3431, "Plan Width": 294, "Sort Key": ["item.i_category", "item.i_class", "item.i_brand", "item.i_product_name", "date_dim.d_year", "date_dim.d_qoy", "date_dim.d_moy", "store.s_store_id"], "Plans": [{"Node Type": "Nested Loop", "Parent Relationship": "Outer", "Parallel Aware": false, "Async Capable": false, "Join Type": "Inner", "Startup Cost": 2082.3, "Total Cost": 64029.19, "Plan Rows": 3431, "Plan Width": 294, "Inner Unique": true, "Plans": [{"Node Type": "Hash Join", "Parent Relationship": "Outer", "Parallel Aware": false, "Async Capable": false, "Join Type": "Inner", "Startup Cost": 2082.01, "Total Cost": 62976.37, "Plan Rows": 3431, "Plan Width": 94, "Inner Unique": true, "Hash Cond": "(store_sales.ss_store_sk = store.s_store_sk)", "Plans": [{"Node Type": "Hash Join", "Parent Relationship": "Outer", "Parallel Aware": true, "Async Capable": false, "Join Type": "Inner", "Startup Cost": 2071.11, "Total Cost": 62955.55, "Plan Rows": 3431, "Plan Width": 30, "Inner Unique": true, "Hash Cond": "(store_sales.ss_sold_date_sk = date_dim.d_date_sk)", "Plans": [{"Node Type": "Seq Scan", "Parent Relationship": "Outer", "Parallel Aware": true, "Async Capable": false, "Relation Name": "store_sales", "Alias": "store_sales", "Startup Cost": 0.0, "Total Cost": 58993.85, "Plan Rows": 720185, "Plan Width": 22}, {"Node Type": "Hash", "Parent Relationship": "Inner", "Parallel Aware": true, "Async Capable": false, "Startup Cost": 2068.55, "Total Cost": 2068.55, "Plan Rows": 205, "Plan Width": 16, "Plans": [{"Node Type": "Seq Scan", "Parent Relationship": "Outer", "Parallel Aware": true, "Async Capable": false, "Relation Name": "date_dim", "Alias": "date_dim", "Startup Cost": 0.0, "Total Cost": 2068.55, "Plan Rows": 205, "Plan Width": 16, "Filter": "((d_month_seq >= 1200) AND (d_month_seq <= 1211))"}]}]}, {"Node Type": "Hash", "Parent Relationship": "Inner", "Parallel Aware": false, "Async Capable": false, "Startup Cost": 10.4, "Total Cost": 10.4, "Plan Rows": 40, "Plan Width": 72, "Plans": [{"Node Type": "Seq Scan", "Parent Relationship": "Outer", "Parallel Aware": false, "Async Capable": false, "Relation Name": "store", "Alias": "store", "Startup Cost": 0.0, "Total Cost": 10.4, "Plan Rows": 40, "Plan Width": 72}]}]}, {"Node Type": "Index Scan", "Parent Relationship": "Inner", "Parallel Aware": false, "Async Capable": false, "Scan Direction": "Forward", "Index Name": "item_pkey", "Relation Name": "item", "Alias": "item", "Startup Cost": 0.29, "Total Cost": 0.31, "Plan Rows": 1, "Plan Width": 208, "Index Cond": "(i_item_sk = store_sales.ss_item_sk)"}]}]}]}]}]}]}]}]}]}}