{"Plan": {"Node Type": "Limit", "Parallel Aware": false, "Async Capable": false, "Startup Cost": 100139.36, "Total Cost": 100139.37, "Plan Rows": 1, "Plan Width": 276, "Plans": [{"Node Type": "Append", "Parent Relationship": "InitPlan", "Subplan Name": "CTE year_total", "Parallel Aware": false, "Async Capable": false, "Startup Cost": 69314.5, "Total Cost": 96387.55, "Plan Rows": 35731, "Plan Width": 137, "Subplans Removed": 0, "Plans": [{"Node Type": "Aggregate", "Strategy": "Hashed", "Partial Mode": "Simple", "Parent Relationship": "Member", "Parallel Aware": false, "Async Capable": false, "Startup Cost": 69314.5, "Total Cost": 69600.41, "Plan Rows": 28591, "Plan Width": 137, "Group Key": ["customer.c_customer_id", "customer.c_first_name", "customer.c_last_name", "date_dim.d_year"], "Planned Partitions": 0, "Plans": [{"Node Type": "Gather", "Parent Relationship": "Outer", "Parallel Aware": false, "Async Capable": false, "Startup Cost": 2966.74, "Total Cost": 68957.11, "Plan Rows": 28591, "Plan Width": 79, "Workers Planned": 4, "Single Copy": false, "Plans": [{"Node Type": "Nested Loop", "Parent Relationship": "Outer", "Parallel Aware": false, "Async Capable": false, "Join Type": "Inner", "Startup Cost": 1966.74, "Total Cost": 65098.01, "Plan Rows": 7148, "Plan Width": 79, "Inner Unique": true, "Plans": [{"Node Type": "Hash Join", "Parent Relationship": "Outer", "Parallel Aware": true, "Async Capable": false, "Join Type": "Inner", "Startup Cost": 1966.45, "Total Cost": 62850.89, "Plan Rows": 7148, "Plan Width": 14, "Inner Unique": true, "Hash Cond": "(store_sales.ss_sold_date_sk = date_dim.d_date_sk)", "Plans": [{"Node Type": "Seq Scan", "Parent Relationship": "Outer", "Parallel Aware": true, "Async Capable": false, "Relation Name": "store_sales", "Alias": "store_sales", "Startup Cost": 0.0, "Total Cost": 58993.85, "Plan Rows": 720185, "Plan Width": 14}, {"Node Type": "Hash", "Parent Relationship": "Inner", "Parallel Aware": true, "Async Capable": false, "Startup Cost": 1961.12, "Total Cost": 1961.12, "Plan Rows": 426, "Plan Width": 8, "Plans": [{"Node Type": "Seq Scan", "Parent Relationship": "Outer", "Parallel Aware": true, "Async Capable": false, "Relation Name": "date_dim", "Alias": "date_dim", "Startup Cost": 0.0, "Total Cost": 1961.12, "Plan Rows": 426, "Plan Width": 8, "Filter": "(d_year = ANY ('{2001,2002}'::integer[]))"}]}]}, {"Node Type": "Index Scan", "Parent Relationship": "Inner", "Parallel Aware": false, "Async Capable": false, "Scan Direction": "Forward", "Index Name": "customer_pkey", "Relation Name": "customer", "Alias": "customer", "Startup Cost": 0.29, "Total Cost": 0.31, "Plan Rows": 1, "Plan Width": 73, "Index Cond": "(c_customer_sk = store_sales.ss_customer_sk)"}]}]}]}, {"Node Type": "Aggregate", "Strategy": "Sorted", "Partial Mode": "Simple", "Parent Relationship": "Member", "Parallel Aware": false, "Async Capable": false, "Startup Cost": 25603.13, "Total Cost": 26608.49, "Plan Rows": 7140, "Plan Width": 137, "Group Key": ["customer_1.c_customer_id", "customer_1.c_first_name", "customer_1.c_last_name", "date_dim_1.d_year"], "Plans": [{"Node Type": "Gather Merge", "Parent Relationship": "Outer", "Parallel Aware": false, "Async Capable": false, "Startup Cost": 25603.13, "Total Cost": 26447.84, "Plan Rows": 7140, "Plan Width": 79, "Workers Planned": 3, "Plans": [{"Node Type": "Sort", "Parent Relationship": "Outer", "Parallel Aware": false, "Async Capable": false, "Startup Cost": 24603.09, "Total Cost": 24608.85, "Plan Rows": 2303, "Plan Width": 79, "Sort Key": ["customer_1.c_customer_id", "customer_1.c_first_name", "customer_1.c_last_name", "date_dim_1.d_year"], "Plans": [{"Node Type": "Nested Loop", "Parent Relationship": "Outer", "Parallel Aware": false, "Async Capable": false, "Join Type": "Inner", "Startup Cost": 1966.74, "Total Cost": 24474.47, "Plan Rows": 2303, "Plan Width": 79, "Inner Unique": true, "Plans": [{"Node Type": "Hash Join", "Parent Relationship": "Outer", "Parallel Aware": true, "Async Capable": false, "Join Type": "Inner", "Startup Cost": 1966.45, "Total Cost": 23720.23, "Plan Rows": 2303, "Plan Width": 14, "Inner Unique": true, "Hash Cond": "(web_sales.ws_sold_date_sk = date_dim_1.d_date_sk)", "Plans": [{"Node Type": "Seq Scan", "Parent Relationship": "Outer", "Parallel Aware": true, "Async Capable": false, "Relation Name": "web_sales", "Alias": "web_sales", "Startup Cost": 0.0, "Total Cost": 21144.59, "Plan Rows": 232059, "Plan Width": 14}, {"Node Type": "Hash", "Parent Relationship": "Inner", "Parallel Aware": true, "Async Capable": false, "Startup Cost": 1961.12, "Total Cost": 1961.12, "Plan Rows": 426, "Plan Width": 8, "Plans": [{"Node Type": "Seq Scan", "Parent Relationship": "Outer", "Parallel Aware": true, "Async Capable": false, "Relation Name": "date_dim", "Alias": "date_dim_1", "Startup Cost": 0.0, "Total Cost": 1961.12, "Plan Rows": 426, "Plan Width": 8, "Filter": "(d_year = ANY ('{2001,2002}'::integer[]))"}]}]}, {"Node Type": "Index Scan", "Parent Relationship": "Inner", "Parallel Aware": false, "Async Capable": false, "Scan Direction": "Forward", "Index Name": "customer_pkey", "Relation Name": "customer", "Alias": "customer_1", "Startup Cost": 0.29, "Total Cost": 0.33, "Plan Rows": 1, "Plan Width": 73, "Index Cond": "(c_customer_sk = web_sales.ws_bill_customer_sk)"}]}]}]}]}]}, {"Node Type": "Sort", "Parent Relationship": "Outer", "Parallel Aware": false, "Async Capable": false, "Startup Cost": 3751.82, "Total Cost": 3751.82, "Plan Rows": 1, "Plan Width": 276, "Sort Key": ["t_s_secyear.customer_first_name", "t_s_secyear.customer_id", "t_s_secyear.customer_last_name"], "Plans": [{"Node Type": "Nested Loop", "Parent Relationship": "Outer", "Parallel Aware": false, "Async Capable": false, "Join Type": "Inner", "Startup Cost": 0.0, "Total Cost": 3751.81, "Plan Rows": 1, "Plan Width": 276, "Inner Unique": false, "Join Filter": "((t_s_secyear.customer_id = t_w_secyear.customer_id) AND (CASE WHEN (t_w_firstyear.year_total > '0'::numeric) THEN (t_w_secyear.year_total / t_w_firstyear.year_total) ELSE NULL::numeric END > CASE WHEN (t_s_firstyear.year_total > '0'::numeric) THEN (t_s_secyear.year_total / t_s_firstyear.year_total) ELSE NULL::numeric END))", "Plans": [{"Node Type": "Nested Loop", "Parent Relationship": "Outer", "Parallel Aware": false, "Async Capable": false, "Join Type": "Inner", "Startup Cost": 0.0, "Total Cost": 2858.51, "Plan Rows": 1, "Plan Width": 508, "Inner Unique": false, "Join Filter": "(t_s_secyear.customer_id = t_w_firstyear.customer_id)", "Plans": [{"Node Type": "Nested Loop", "Parent Relationship": "Outer", "Parallel Aware": false, "Async Capable": false, "Join Type": "Inner", "Startup Cost": 0.0, "Total Cost": 1875.89, "Plan Rows": 1, "Plan Width": 408, "Inner Unique": false, "Join Filter": "(t_s_firstyear.customer_id = t_s_secyear.customer_id)", "Plans": [{"Node Type": "CTE Scan", "Parent Relationship": "Outer", "Parallel Aware": false, "Async Capable": false, "CTE Name": "year_total", "Alias": "t_s_firstyear", "Startup Cost": 0.0, "Total Cost": 982.6, "Plan Rows": 1, "Plan Width": 100, "Filter": "((year_total > '0'::numeric) AND (sale_type = 's'::text) AND (year = 2001))"}, {"Node Type": "CTE Scan", "Parent Relationship": "Inner", "Parallel Aware": false, "Async Capable": false, "CTE Name": "year_total", "Alias": "t_s_secyear", "Startup Cost": 0.0, "Total Cost": 893.28, "Plan Rows": 1, "Plan Width": 308, "Filter": "((sale_type = 's'::text) AND (year = 2002))"}]}, {"Node Type": "CTE Scan", "Parent Relationship": "Inner", "Parallel Aware": false, "Async Capable": false, "CTE Name": "year_total", "Alias": "t_w_firstyear", "Startup Cost": 0.0, "Total Cost": 982.6, "Plan Rows": 1, "Plan Width": 100, "Filter": "((year_total > '0'::numeric) AND (sale_type = 'w'::text) AND (year = 2001))"}]}, {"Node Type": "CTE Scan", "Parent Relationship": "Inner", "Parallel Aware": false, "Async Capable": false, "CTE Name": "year_total", "Alias": "t_w_secyear", "Startup Cost": 0.0, "Total Cost": 893.28, "Plan Rows": 1, "Plan Width": 100, "Filter": "((sale_type = 'w'::text) AND (year = 2002))"}]}]}]}}