{"Plan": {"Node Type": "Limit", "Parallel Aware": false, "Async Capable": false, "Startup Cost": 284311.46, "Total Cost": 284311.46, "Plan Rows": 1, "Plan Width": 80, "Plans": [{"Node Type": "Aggregate", "Strategy": "Sorted", "Partial Mode": "Simple", "Parent Relationship": "InitPlan", "Subplan Name": "CTE all_sales", "Parallel Aware": false, "Async Capable": false, "Startup Cost": 263281.53, "Total Cost": 282090.67, "Plan Rows": 48540, "Plan Width": 60, "Group Key": ["date_dim.d_year", "item.i_brand_id", "item.i_class_id", "item.i_category_id", "item.i_manufact_id"], "Plans": [{"Node Type": "Unique", "Parent Relationship": "Outer", "Parallel Aware": false, "Async Capable": false, "Startup Cost": 263281.53, "Total Cost": 272989.47, "Plan Rows": 485397, "Plan Width": 56, "Plans": [{"Node Type": "Sort", "Parent Relationship": "Outer", "Parallel Aware": false, "Async Capable": false, "Startup Cost": 263281.53, "Total Cost": 264495.02, "Plan Rows": 485397, "Plan Width": 56, "Sort Key": ["date_dim.d_year", "item.i_brand_id", "item.i_class_id", "item.i_category_id", "item.i_manufact_id", "((store_sales.ss_quantity - COALESCE(store_returns.sr_return_quantity, 0)))", "((store_sales.ss_ext_sales_price - COALESCE(store_returns.sr_return_amt, 0.0)))"], "Plans": [{"Node Type": "Gather", "Parent Relationship": "Outer", "Parallel Aware": false, "Async Capable": false, "Startup Cost": 46390.74, "Total Cost": 200845.18, "Plan Rows": 485397, "Plan Width": 56, "Workers Planned": 2, "Single Copy": false, "Plans": [{"Node Type": "Append", "Parent Relationship": "Outer", "Parallel Aware": true, "Async Capable": false, "Startup Cost": 45390.74, "Total Cost": 151305.48, "Plan Rows": 202249, "Plan Width": 56, "Subplans Removed": 0, "Plans": [{"Node Type": "Hash Join", "Parent Relationship": "Member", "Parallel Aware": true, "Async Capable": false, "Join Type": "Right", "Startup Cost": 65656.92, "Total Cost": 73155.24, "Plan Rows": 115563, "Plan Width": 56, "Inner Unique": false, "Hash Cond": "((store_returns.sr_ticket_number = store_sales.ss_ticket_number) AND (store_returns.sr_item_sk = store_sales.ss_item_sk))", "Plans": [{"Node Type": "Seq Scan", "Parent Relationship": "Outer", "Parallel Aware": true, "Async Capable": false, "Relation Name": "store_returns", "Alias": "store_returns", "Startup Cost": 0.0, "Total Cost": 6021.98, "Plan Rows": 119798, "Plan Width": 18}, {"Node Type": "Hash", "Parent Relationship": "Inner", "Parallel Aware": true, "Async Capable": false, "Startup Cost": 64616.85, "Total Cost": 64616.85, "Plan Rows": 69338, "Plan Width": 38, "Plans": [{"Node Type": "Nested Loop", "Parent Relationship": "Outer", "Parallel Aware": false, "Async Capable": false, "Join Type": "Inner", "Startup Cost": 1429.39, "Total Cost": 64616.85, "Plan Rows": 69338, "Plan Width": 38, "Inner Unique": true, "Plans": [{"Node Type": "Hash Join", "Parent Relationship": "Outer", "Parallel Aware": true, "Async Capable": false, "Join Type": "Inner", "Startup Cost": 1429.09, "Total Cost": 62313.87, "Plan Rows": 69338, "Plan Width": 38, "Inner Unique": true, "Hash Cond": "(store_sales.ss_item_sk = item.i_item_sk)", "Plans": [{"Node Type": "Seq Scan", "Parent Relationship": "Outer", "Parallel Aware": true, "Async Capable": false, "Relation Name": "store_sales", "Alias": "store_sales", "Startup Cost": 0.0, "Total Cost": 58993.85, "Plan Rows": 720185, "Plan Width": 22}, {"Node Type": "Hash", "Parent Relationship": "Inner", "Parallel Aware": true, "Async Capable": false, "Startup Cost": 1416.35, "Total Cost": 1416.35, "Plan Rows": 1019, "Plan Width": 20, "Plans": [{"Node Type": "Seq Scan", "Parent Relationship": "Outer", "Parallel Aware": true, "Async Capable": false, "Relation Name": "item", "Alias": "item", "Startup Cost": 0.0, "Total Cost": 1416.35, "Plan Rows": 1019, "Plan Width": 20, "Filter": "(i_category = 'Books'::bpchar)"}]}]}, {"Node Type": "Memoize", "Parent Relationship": "Inner", "Parallel Aware": false, "Async Capable": false, "Startup Cost": 0.3, "Total Cost": 0.32, "Plan Rows": 1, "Plan Width": 8, "Cache Key": "store_sales.ss_sold_date_sk", "Cache Mode": "logical", "Plans": [{"Node Type": "Index Scan", "Parent Relationship": "Outer", "Parallel Aware": false, "Async Capable": false, "Scan Direction": "Forward", "Index Name": "date_dim_pkey", "Relation Name": "date_dim", "Alias": "date_dim", "Startup Cost": 0.29, "Total Cost": 0.31, "Plan Rows": 1, "Plan Width": 8, "Index Cond": "(d_date_sk = store_sales.ss_sold_date_sk)"}]}]}]}]}, {"Node Type": "Hash Join", "Parent Relationship": "Member", "Parallel Aware": true, "Async Capable": false, "Join Type": "Right", "Startup Cost": 45390.74, "Total Cost": 50177.98, "Plan Rows": 81638, "Plan Width": 56, "Inner Unique": false, "Hash Cond": "((catalog_returns.cr_order_number = catalog_sales.cs_order_number) AND (catalog_returns.cr_item_sk = catalog_sales.cs_item_sk))", "Plans": [{"Node Type": "Seq Scan", "Parent Relationship": "Outer", "Parallel Aware": true, "Async Capable": false, "Relation Name": "catalog_returns", "Alias": "catalog_returns", "Startup Cost": 0.0, "Total Cost": 3743.45, "Plan Rows": 84745, "Plan Width": 18}, {"Node Type": "Hash", "Parent Relationship": "Inner", "Parallel Aware": true, "Async Capable": false, "Startup Cost": 44870.3, "Total Cost": 44870.3, "Plan Rows": 34696, "Plan Width": 38, "Plans": [{"Node Type": "Nested Loop", "Parent Relationship": "Outer", "Parallel Aware": false, "Async Capable": false, "Join Type": "Inner", "Startup Cost": 1429.39, "Total Cost": 44870.3, "Plan Rows": 34696, "Plan Width": 38, "Inner Unique": true, "Plans": [{"Node Type": "Hash Join", "Parent Relationship": "Outer", "Parallel Aware": true, "Async Capable": false, "Join Type": "Inner", "Startup Cost": 1429.09, "Total Cost": 43427.05, "Plan Rows": 34696, "Plan Width": 38, "Inner Unique": true, "Hash Cond": "(catalog_sales.cs_item_sk = item_1.i_item_sk)", "Plans": [{"Node Type": "Seq Scan", "Parent Relationship": "Outer", "Parallel Aware": true, "Async Capable": false, "Relation Name": "catalog_sales", "Alias": "catalog_sales", "Startup Cost": 0.0, "Total Cost": 41051.75, "Plan Rows": 360375, "Plan Width": 22}, {"Node Type": "Hash", "Parent Relationship": "Inner", "Parallel Aware": true, "Async Capable": false, "Startup Cost": 1416.35, "Total Cost": 1416.35, "Plan Rows": 1019, "Plan Width": 20, "Plans": [{"Node Type": "Seq Scan", "Parent Relationship": "Outer", "Parallel Aware": true, "Async Capable": false, "Relation Name": "item", "Alias": "item_1", "Startup Cost": 0.0, "Total Cost": 1416.35, "Plan Rows": 1019, "Plan Width": 20, "Filter": "(i_category = 'Books'::bpchar)"}]}]}, {"Node Type": "Memoize", "Parent Relationship": "Inner", "Parallel Aware": false, "Async Capable": false, "Startup Cost": 0.3, "Total Cost": 0.32, "Plan Rows": 1, "Plan Width": 8, "Cache Key": "catalog_sales.cs_sold_date_sk", "Cache Mode": "logical", "Plans": [{"Node Type": "Index Scan", "Parent Relationship": "Outer", "Parallel Aware": false, "Async Capable": false, "Scan Direction": "Forward", "Index Name": "date_dim_pkey", "Relation Name": "date_dim", "Alias": "date_dim_1", "Startup Cost": 0.29, "Total Cost": 0.31, "Plan Rows": 1, "Plan Width": 8, "Index Cond": "(d_date_sk = catalog_sales.cs_sold_date_sk)"}]}]}]}]}, {"Node Type": "Hash Join", "Parent Relationship": "Member", "Parallel Aware": true, "Async Capable": false, "Join Type": "Right", "Startup Cost": 24658.56, "Total Cost": 26961.02, "Plan Rows": 40742, "Plan Width": 56, "Inner Unique": false, "Hash Cond": "((web_returns.wr_order_number = web_sales.ws_order_number) AND (web_returns.wr_item_sk = web_sales.ws_item_sk))", "Plans": [{"Node Type": "Seq Scan", "Parent Relationship": "Outer", "Parallel Aware": true, "Async Capable": false, "Relation Name": "web_returns", "Alias": "web_returns", "Startup Cost": 0.0, "Total Cost": 1782.14, "Plan Rows": 42214, "Plan Width": 18}, {"Node Type": "Hash", "Parent Relationship": "Inner", "Parallel Aware": true, "Async Capable": false, "Startup Cost": 24323.43, "Total Cost": 24323.43, "Plan Rows": 22342, "Plan Width": 38, "Plans": [{"Node Type": "Nested Loop", "Parent Relationship": "Outer", "Parallel Aware": false, "Async Capable": false, "Join Type": "Inner", "Startup Cost": 1429.39, "Total Cost": 24323.43, "Plan Rows": 22342, "Plan Width": 38, "Inner Unique": true, "Plans": [{"Node Type": "Hash Join", "Parent Relationship": "Outer", "Parallel Aware": true, "Async Capable": false, "Join Type": "Inner", "Startup Cost": 1429.09, "Total Cost": 23182.98, "Plan Rows": 22342, "Plan Width": 38, "Inner Unique": true, "Hash Cond": "(web_sales.ws_item_sk = item_2.i_item_sk)", "Plans": [{"Node Type": "Seq Scan", "Parent Relationship": "Outer", "Parallel Aware": true, "Async Capable": false, "Relation Name": "web_sales", "Alias": "web_sales", "Startup Cost": 0.0, "Total Cost": 21144.59, "Plan Rows": 232059, "Plan Width": 22}, {"Node Type": "Hash", "Parent Relationship": "Inner", "Parallel Aware": true, "Async Capable": false, "Startup Cost": 1416.35, "Total Cost": 1416.35, "Plan Rows": 1019, "Plan Width": 20, "Plans": [{"Node Type": "Seq Scan", "Parent Relationship": "Outer", "Parallel Aware": true, "Async Capable": false, "Relation Name": "item", "Alias": "item_2", "Startup Cost": 0.0, "Total Cost": 1416.35, "Plan Rows": 1019, "Plan Width": 20, "Filter": "(i_category = 'Books'::bpchar)"}]}]}, {"Node Type": "Memoize", "Parent Relationship": "Inner", "Parallel Aware": false, "Async Capable": false, "Startup Cost": 0.3, "Total Cost": 0.33, "Plan Rows": 1, "Plan Width": 8, "Cache Key": "web_sales.ws_sold_date_sk", "Cache Mode": "logical", "Plans": [{"Node Type": "Index Scan", "Parent Relationship": "Outer", "Parallel Aware": false, "Async Capable": false, "Scan Direction": "Forward", "Index Name": "date_dim_pkey", "Relation Name": "date_dim", "Alias": "date_dim_2", "Startup Cost": 0.29, "Total Cost": 0.32, "Plan Rows": 1, "Plan Width": 8, "Index Cond": "(d_date_sk = web_sales.ws_sold_date_sk)"}]}]}]}]}]}]}]}]}]}, {"Node Type": "Sort", "Parent Relationship": "Outer", "Parallel Aware": false, "Async Capable": false, "Startup Cost": 2220.79, "Total Cost": 2220.8, "Plan Rows": 1, "Plan Width": 80, "Sort Key": ["((curr_yr.sales_cnt - prev_yr.sales_cnt))", "((curr_yr.sales_amt - prev_yr.sales_amt))"], "Plans": [{"Node Type": "Hash Join", "Parent Relationship": "Outer", "Parallel Aware": false, "Async Capable": false, "Join Type": "Inner", "Startup Cost": 1097.01, "Total Cost": 2220.78, "Plan Rows": 1, "Plan Width": 80, "Inner Unique": false, "Hash Cond": "((curr_yr.i_brand_id = prev_yr.i_brand_id) AND (curr_yr.i_class_id = prev_yr.i_class_id) AND (curr_yr.i_category_id = prev_yr.i_category_id) AND (curr_yr.i_manufact_id = prev_yr.i_manufact_id))", "Join Filter": "(((curr_yr.sales_cnt)::numeric(17,2) / (prev_yr.sales_cnt)::numeric(17,2)) < 0.9)", "Plans": [{"Node Type": "CTE Scan", "Parent Relationship": "Outer", "Parallel Aware": false, "Async Capable": false, "CTE Name": "all_sales", "Alias": "curr_yr", "Startup Cost": 0.0, "Total Cost": 1092.15, "Plan Rows": 243, "Plan Width": 60, "Filter": "(d_year = 2002)"}, {"Node Type": "Hash", "Parent Relationship": "Inner", "Parallel Aware": false, "Async Capable": false, "Startup Cost": 1092.15, "Total Cost": 1092.15, "Plan Rows": 243, "Plan Width": 60, "Plans": [{"Node Type": "CTE Scan", "Parent Relationship": "Outer", "Parallel Aware": false, "Async Capable": false, "CTE Name": "all_sales", "Alias": "prev_yr", "Startup Cost": 0.0, "Total Cost": 1092.15, "Plan Rows": 243, "Plan Width": 60, "Filter": "(d_year = 2001)"}]}]}]}]}}