{"Plan": {"Node Type": "Limit", "Parallel Aware": false, "Async Capable": false, "Startup Cost": 136376.62, "Total Cost": 136569.01, "Plan Rows": 100, "Plan Width": 188, "Plans": [{"Node Type": "Incremental Sort", "Parent Relationship": "Outer", "Parallel Aware": false, "Async Capable": false, "Startup Cost": 136376.62, "Total Cost": 137176.97, "Plan Rows": 416, "Plan Width": 188, "Sort Key": ["store_sales.ss_item_sk", "store_sales.ss_customer_sk", "(sum(store_sales.ss_quantity)) DESC", "(sum(store_sales.ss_wholesale_cost)) DESC", "(sum(store_sales.ss_sales_price)) DESC", "((COALESCE((sum(web_sales.ws_quantity)), '0'::bigint) + COALESCE((sum(catalog_sales.cs_quantity)), '0'::bigint)))", "((COALESCE((sum(web_sales.ws_wholesale_cost)), '0'::numeric) + COALESCE((sum(catalog_sales.cs_wholesale_cost)), '0'::numeric)))", "((COALESCE((sum(web_sales.ws_sales_price)), '0'::numeric) + COALESCE((sum(catalog_sales.cs_sales_price)), '0'::numeric)))", "(round(((((sum(store_sales.ss_quantity)))::numeric * 1.00) / ((COALESCE((sum(web_sales.ws_quantity)), '0'::bigint) + COALESCE((sum(catalog_sales.cs_quantity)), '0'::bigint)))::numeric), 2))"], "Presorted Key": ["store_sales.ss_item_sk", "store_sales.ss_customer_sk"], "Plans": [{"Node Type": "Merge Join", "Parent Relationship": "Outer", "Parallel Aware": false, "Async Capable": false, "Join Type": "Left", "Startup Cost": 136372.65, "Total Cost": 137165.57, "Plan Rows": 416, "Plan Width": 188, "Inner Unique": false, "Merge Cond": "((store_sales.ss_item_sk = web_sales.ws_item_sk) AND (store_sales.ss_customer_sk = web_sales.ws_bill_customer_sk))", "Filter": "((COALESCE((sum(web_sales.ws_quantity)), '0'::bigint) > 0) OR (COALESCE((sum(catalog_sales.cs_quantity)), '0'::bigint) > 0))", "Plans": [{"Node Type": "Merge Join", "Parent Relationship": "Outer", "Parallel Aware": false, "Async Capable": false, "Join Type": "Left", "Startup Cost": 111265.83, "Total Cost": 111805.51, "Plan Rows": 749, "Plan Width": 156, "Inner Unique": false, "Merge Cond": "((store_sales.ss_item_sk = catalog_sales.cs_item_sk) AND (store_sales.ss_customer_sk = catalog_sales.cs_bill_customer_sk))", "Plans": [{"Node Type": "Aggregate", "Strategy": "Sorted", "Partial Mode": "Simple", "Parent Relationship": "Outer", "Parallel Aware": false, "Async Capable": false, "Startup Cost": 65473.94, "Total Cost": 65584.22, "Plan Rows": 749, "Plan Width": 84, "Group Key": ["store_sales.ss_item_sk", "store_sales.ss_customer_sk"], "Plans": [{"Node Type": "Gather Merge", "Parent Relationship": "Outer", "Parallel Aware": false, "Async Capable": false, "Startup Cost": 65473.94, "Total Cost": 65563.62, "Plan Rows": 749, "Plan Width": 28, "Workers Planned": 4, "Plans": [{"Node Type": "Sort", "Parent Relationship": "Outer", "Parallel Aware": false, "Async Capable": false, "Startup Cost": 64473.88, "Total Cost": 64474.35, "Plan Rows": 187, "Plan Width": 28, "Sort Key": ["store_sales.ss_item_sk", "store_sales.ss_customer_sk"], "Plans": [{"Node Type": "Nested Loop", "Parent Relationship": "Outer", "Parallel Aware": false, "Async Capable": false, "Join Type": "Anti", "Startup Cost": 1964.21, "Total Cost": 64466.83, "Plan Rows": 187, "Plan Width": 28, "Inner Unique": false, "Plans": [{"Node Type": "Hash Join", "Parent Relationship": "Outer", "Parallel Aware": true, "Async Capable": false, "Join Type": "Inner", "Startup Cost": 1963.79, "Total Cost": 62848.22, "Plan Rows": 3569, "Plan Width": 32, "Inner Unique": true, "Hash Cond": "(store_sales.ss_sold_date_sk = date_dim.d_date_sk)", "Plans": [{"Node Type": "Seq Scan", "Parent Relationship": "Outer", "Parallel Aware": true, "Async Capable": false, "Relation Name": "store_sales", "Alias": "store_sales", "Startup Cost": 0.0, "Total Cost": 58993.85, "Plan Rows": 720185, "Plan Width": 32}, {"Node Type": "Hash", "Parent Relationship": "Inner", "Parallel Aware": true, "Async Capable": false, "Startup Cost": 1961.12, "Total Cost": 1961.12, "Plan Rows": 213, "Plan Width": 8, "Plans": [{"Node Type": "Seq Scan", "Parent Relationship": "Outer", "Parallel Aware": true, "Async Capable": false, "Relation Name": "date_dim", "Alias": "date_dim", "Startup Cost": 0.0, "Total Cost": 1961.12, "Plan Rows": 213, "Plan Width": 8, "Filter": "(d_year = 2000)"}]}]}, {"Node Type": "Index Only Scan", "Parent Relationship": "Inner", "Parallel Aware": false, "Async Capable": false, "Scan Direction": "Forward", "Index Name": "store_returns_pkey", "Relation Name": "store_returns", "Alias": "store_returns", "Startup Cost": 0.42, "Total Cost": 0.44, "Plan Rows": 1, "Plan Width": 8, "Index Cond": "((sr_item_sk = store_sales.ss_item_sk) AND (sr_ticket_number = store_sales.ss_ticket_number))"}]}]}]}]}, {"Node Type": "Materialize", "Parent Relationship": "Inner", "Parallel Aware": false, "Async Capable": false, "Startup Cost": 45791.89, "Total Cost": 46204.16, "Plan Rows": 2581, "Plan Width": 84, "Plans": [{"Node Type": "Aggregate", "Strategy": "Sorted", "Partial Mode": "Simple", "Parent Relationship": "Outer", "Parallel Aware": false, "Async Capable": false, "Startup Cost": 45791.89, "Total Cost": 46171.9, "Plan Rows": 2581, "Plan Width": 84, "Group Key": ["catalog_sales.cs_item_sk", "catalog_sales.cs_bill_customer_sk"], "Plans": [{"Node Type": "Gather Merge", "Parent Relationship": "Outer", "Parallel Aware": false, "Async Capable": false, "Startup Cost": 45791.89, "Total Cost": 46100.92, "Plan Rows": 2581, "Plan Width": 28, "Workers Planned": 4, "Plans": [{"Node Type": "Sort", "Parent Relationship": "Outer", "Parallel Aware": false, "Async Capable": false, "Startup Cost": 44791.83, "Total Cost": 44793.44, "Plan Rows": 645, "Plan Width": 28, "Sort Key": ["catalog_sales.cs_item_sk", "catalog_sales.cs_bill_customer_sk"], "Plans": [{"Node Type": "Nested Loop", "Parent Relationship": "Outer", "Parallel Aware": false, "Async Capable": false, "Join Type": "Anti", "Startup Cost": 1964.21, "Total Cost": 44761.73, "Plan Rows": 645, "Plan Width": 28, "Inner Unique": false, "Plans": [{"Node Type": "Hash Join", "Parent Relationship": "Outer", "Parallel Aware": true, "Async Capable": false, "Join Type": "Inner", "Startup Cost": 1963.79, "Total Cost": 43961.58, "Plan Rows": 1786, "Plan Width": 32, "Inner Unique": true, "Hash Cond": "(catalog_sales.cs_sold_date_sk = date_dim_1.d_date_sk)", "Plans": [{"Node Type": "Seq Scan", "Parent Relationship": "Outer", "Parallel Aware": true, "Async Capable": false, "Relation Name": "catalog_sales", "Alias": "catalog_sales", "Startup Cost": 0.0, "Total Cost": 41051.75, "Plan Rows": 360375, "Plan Width": 32}, {"Node Type": "Hash", "Parent Relationship": "Inner", "Parallel Aware": true, "Async Capable": false, "Startup Cost": 1961.12, "Total Cost": 1961.12, "Plan Rows": 213, "Plan Width": 8, "Plans": [{"Node Type": "Seq Scan", "Parent Relationship": "Outer", "Parallel Aware": true, "Async Capable": false, "Relation Name": "date_dim", "Alias": "date_dim_1", "Startup Cost": 0.0, "Total Cost": 1961.12, "Plan Rows": 213, "Plan Width": 8, "Filter": "(d_year = 2000)"}]}]}, {"Node Type": "Index Only Scan", "Parent Relationship": "Inner", "Parallel Aware": false, "Async Capable": false, "Scan Direction": "Forward", "Index Name": "catalog_returns_pkey", "Relation Name": "catalog_returns", "Alias": "catalog_returns", "Startup Cost": 0.42, "Total Cost": 0.44, "Plan Rows": 1, "Plan Width": 8, "Index Cond": "((cr_item_sk = catalog_sales.cs_item_sk) AND (cr_order_number = catalog_sales.cs_order_number))"}]}]}]}]}]}]}, {"Node Type": "Materialize", "Parent Relationship": "Inner", "Parallel Aware": false, "Async Capable": false, "Startup Cost": 25106.82, "Total Cost": 25339.21, "Plan Rows": 1468, "Plan Width": 84, "Plans": [{"Node Type": "Aggregate", "Strategy": "Sorted", "Partial Mode": "Simple", "Parent Relationship": "Outer", "Parallel Aware": false, "Async Capable": false, "Startup Cost": 25106.82, "Total Cost": 25320.86, "Plan Rows": 1468, "Plan Width": 84, "Group Key": ["web_sales.ws_item_sk", "web_sales.ws_bill_customer_sk"], "Plans": [{"Node Type": "Gather Merge", "Parent Relationship": "Outer", "Parallel Aware": false, "Async Capable": false, "Startup Cost": 25106.82, "Total Cost": 25280.49, "Plan Rows": 1468, "Plan Width": 28, "Workers Planned": 3, "Plans": [{"Node Type": "Sort", "Parent Relationship": "Outer", "Parallel Aware": false, "Async Capable": false, "Startup Cost": 24106.78, "Total Cost": 24107.96, "Plan Rows": 474, "Plan Width": 28, "Sort Key": ["web_sales.ws_item_sk", "web_sales.ws_bill_customer_sk"], "Plans": [{"Node Type": "Nested Loop", "Parent Relationship": "Outer", "Parallel Aware": false, "Async Capable": false, "Join Type": "Anti", "Startup Cost": 1964.08, "Total Cost": 24085.71, "Plan Rows": 474, "Plan Width": 28, "Inner Unique": false, "Plans": [{"Node Type": "Hash Join", "Parent Relationship": "Outer", "Parallel Aware": true, "Async Capable": false, "Join Type": "Inner", "Startup Cost": 1963.79, "Total Cost": 23717.57, "Plan Rows": 1150, "Plan Width": 32, "Inner Unique": true, "Hash Cond": "(web_sales.ws_sold_date_sk = date_dim_2.d_date_sk)", "Plans": [{"Node Type": "Seq Scan", "Parent Relationship": "Outer", "Parallel Aware": true, "Async Capable": false, "Relation Name": "web_sales", "Alias": "web_sales", "Startup Cost": 0.0, "Total Cost": 21144.59, "Plan Rows": 232059, "Plan Width": 32}, {"Node Type": "Hash", "Parent Relationship": "Inner", "Parallel Aware": true, "Async Capable": false, "Startup Cost": 1961.12, "Total Cost": 1961.12, "Plan Rows": 213, "Plan Width": 8, "Plans": [{"Node Type": "Seq Scan", "Parent Relationship": "Outer", "Parallel Aware": true, "Async Capable": false, "Relation Name": "date_dim", "Alias": "date_dim_2", "Startup Cost": 0.0, "Total Cost": 1961.12, "Plan Rows": 213, "Plan Width": 8, "Filter": "(d_year = 2000)"}]}]}, {"Node Type": "Index Only Scan", "Parent Relationship": "Inner", "Parallel Aware": false, "Async Capable": false, "Scan Direction": "Forward", "Index Name": "web_returns_pkey", "Relation Name": "web_returns", "Alias": "web_returns", "Startup Cost": 0.29, "Total Cost": 0.31, "Plan Rows": 1, "Plan Width": 8, "Index Cond": "((wr_item_sk = web_sales.ws_item_sk) AND (wr_order_number = web_sales.ws_order_number))"}]}]}]}]}]}]}]}]}}