{"Plan": {"Node Type": "Limit", "Parallel Aware": false, "Async Capable": false, "Startup Cost": 33235.74, "Total Cost": 33237.18, "Plan Rows": 10, "Plan Width": 169, "Plans": [{"Node Type": "Incremental Sort", "Parent Relationship": "Outer", "Parallel Aware": false, "Async Capable": false, "Startup Cost": 33235.74, "Total Cost": 33237.18, "Plan Rows": 10, "Plan Width": 169, "Sort Key": ["item.i_item_id NULLS FIRST", "(sum(store_returns.sr_return_quantity)) NULLS FIRST"], "Presorted Key": ["item.i_item_id"], "Plans": [{"Node Type": "Merge Join", "Parent Relationship": "Outer", "Parallel Aware": false, "Async Capable": false, "Join Type": "Inner", "Startup Cost": 33235.62, "Total Cost": 33236.73, "Plan Rows": 10, "Plan Width": 169, "Inner Unique": true, "Merge Cond": "(item.i_item_id = cr_items.item_id)", "Plans": [{"Node Type": "Sort", "Parent Relationship": "Outer", "Parallel Aware": false, "Async Capable": false, "Startup Cost": 22211.87, "Total Cost": 22211.92, "Plan Rows": 21, "Plan Width": 50, "Sort Key": ["item.i_item_id NULLS FIRST"], "Plans": [{"Node Type": "Merge Join", "Parent Relationship": "Outer", "Parallel Aware": false, "Async Capable": false, "Join Type": "Inner", "Startup Cost": 22199.02, "Total Cost": 22211.41, "Plan Rows": 21, "Plan Width": 50, "Inner Unique": true, "Merge Cond": "(item.i_item_id = item_1.i_item_id)", "Plans": [{"Node Type": "Aggregate", "Strategy": "Sorted", "Partial Mode": "Finalize", "Parent Relationship": "Outer", "Parallel Aware": false, "Async Capable": false, "Startup Cost": 13432.09, "Total Cost": 13441.96, "Plan Rows": 83, "Plan Width": 25, "Group Key": ["item.i_item_id"], "Plans": [{"Node Type": "Gather Merge", "Parent Relationship": "Outer", "Parallel Aware": false, "Async Capable": false, "Startup Cost": 13432.09, "Total Cost": 13440.78, "Plan Rows": 70, "Plan Width": 25, "Workers Planned": 2, "Plans": [{"Node Type": "Aggregate", "Strategy": "Sorted", "Partial Mode": "Partial", "Parent Relationship": "Outer", "Parallel Aware": false, "Async Capable": false, "Startup Cost": 12432.07, "Total Cost": 12432.68, "Plan Rows": 35, "Plan Width": 25, "Group Key": ["item.i_item_id"], "Plans": [{"Node Type": "Sort", "Parent Relationship": "Outer", "Parallel Aware": false, "Async Capable": false, "Startup Cost": 12432.07, "Total Cost": 12432.16, "Plan Rows": 35, "Plan Width": 21, "Sort Key": ["item.i_item_id"], "Plans": [{"Node Type": "Nested Loop", "Parent Relationship": "Outer", "Parallel Aware": false, "Async Capable": false, "Join Type": "Inner", "Startup Cost": 5948.72, "Total Cost": 12431.17, "Plan Rows": 35, "Plan Width": 21, "Inner Unique": true, "Plans": [{"Node Type": "Hash Join", "Parent Relationship": "Outer", "Parallel Aware": true, "Async Capable": false, "Join Type": "Inner", "Startup Cost": 5948.44, "Total Cost": 12419.84, "Plan Rows": 35, "Plan Width": 8, "Inner Unique": false, "Hash Cond": "(store_returns.sr_returned_date_sk = date_dim.d_date_sk)", "Plans": [{"Node Type": "Seq Scan", "Parent Relationship": "Outer", "Parallel Aware": true, "Async Capable": false, "Relation Name": "store_returns", "Alias": "store_returns", "Startup Cost": 0.0, "Total Cost": 6021.98, "Plan Rows": 119798, "Plan Width": 12}, {"Node Type": "Hash", "Parent Relationship": "Inner", "Parallel Aware": true, "Async Capable": false, "Startup Cost": 5948.29, "Total Cost": 5948.29, "Plan Rows": 12, "Plan Width": 4, "Plans": [{"Node Type": "Hash Join", "Parent Relationship": "Outer", "Parallel Aware": true, "Async Capable": false, "Join Type": "Semi", "Startup Cost": 3981.66, "Total Cost": 5948.29, "Plan Rows": 12, "Plan Width": 4, "Inner Unique": false, "Hash Cond": "(date_dim.d_date = date_dim_1.d_date)", "Plans": [{"Node Type": "Seq Scan", "Parent Relationship": "Outer", "Parallel Aware": true, "Async Capable": false, "Relation Name": "date_dim", "Alias": "date_dim", "Startup Cost": 0.0, "Total Cost": 1853.7, "Plan Rows": 42970, "Plan Width": 8}, {"Node Type": "Hash", "Parent Relationship": "Inner", "Parallel Aware": true, "Async Capable": false, "Startup Cost": 3981.51, "Total Cost": 3981.51, "Plan Rows": 12, "Plan Width": 4, "Plans": [{"Node Type": "Hash Join", "Parent Relationship": "Outer", "Parallel Aware": true, "Async Capable": false, "Join Type": "Semi", "Startup Cost": 2014.86, "Total Cost": 3981.51, "Plan Rows": 12, "Plan Width": 4, "Inner Unique": false, "Hash Cond": "(date_dim_1.d_week_seq = date_dim_2.d_week_seq)", "Plans": [{"Node Type": "Seq Scan", "Parent Relationship": "Outer", "Parallel Aware": true, "Async Capable": false, "Relation Name": "date_dim", "Alias": "date_dim_1", "Startup Cost": 0.0, "Total Cost": 1853.7, "Plan Rows": 42970, "Plan Width": 8}, {"Node Type": "Hash", "Parent Relationship": "Inner", "Parallel Aware": true, "Async Capable": false, "Startup Cost": 2014.84, "Total Cost": 2014.84, "Plan Rows": 2, "Plan Width": 4, "Plans": [{"Node Type": "Seq Scan", "Parent Relationship": "Outer", "Parallel Aware": true, "Async Capable": false, "Relation Name": "date_dim", "Alias": "date_dim_2", "Startup Cost": 0.0, "Total Cost": 2014.84, "Plan Rows": 2, "Plan Width": 4, "Filter": "(d_date = ANY ('{2000-06-30,2000-09-27,2000-11-17}'::date[]))"}]}]}]}]}]}]}, {"Node Type": "Index Scan", "Parent Relationship": "Inner", "Parallel Aware": false, "Async Capable": false, "Scan Direction": "Forward", "Index Name": "item_pkey", "Relation Name": "item", "Alias": "item", "Startup Cost": 0.29, "Total Cost": 0.32, "Plan Rows": 1, "Plan Width": 21, "Index Cond": "(i_item_sk = store_returns.sr_item_sk)"}]}]}]}]}]}, {"Node Type": "Aggregate", "Strategy": "Sorted", "Partial Mode": "Finalize", "Parent Relationship": "Inner", "Parallel Aware": false, "Async Capable": false, "Startup Cost": 8766.93, "Total Cost": 8768.76, "Plan Rows": 21, "Plan Width": 25, "Group Key": ["item_1.i_item_id"], "Plans": [{"Node Type": "Gather Merge", "Parent Relationship": "Outer", "Parallel Aware": false, "Async Capable": false, "Startup Cost": 8766.93, "Total Cost": 8768.49, "Plan Rows": 12, "Plan Width": 25, "Workers Planned": 1, "Plans": [{"Node Type": "Aggregate", "Strategy": "Sorted", "Partial Mode": "Partial", "Parent Relationship": "Outer", "Parallel Aware": false, "Async Capable": false, "Startup Cost": 7766.92, "Total Cost": 7767.13, "Plan Rows": 12, "Plan Width": 25, "Group Key": ["item_1.i_item_id"], "Plans": [{"Node Type": "Sort", "Parent Relationship": "Outer", "Parallel Aware": false, "Async Capable": false, "Startup Cost": 7766.92, "Total Cost": 7766.95, "Plan Rows": 12, "Plan Width": 21, "Sort Key": ["item_1.i_item_id"], "Plans": [{"Node Type": "Nested Loop", "Parent Relationship": "Outer", "Parallel Aware": false, "Async Capable": false, "Join Type": "Inner", "Startup Cost": 3982.25, "Total Cost": 7766.71, "Plan Rows": 12, "Plan Width": 21, "Inner Unique": true, "Plans": [{"Node Type": "Hash Join", "Parent Relationship": "Outer", "Parallel Aware": true, "Async Capable": false, "Join Type": "Semi", "Startup Cost": 3981.96, "Total Cost": 7762.15, "Plan Rows": 12, "Plan Width": 8, "Inner Unique": false, "Hash Cond": "(date_dim_3.d_date = date_dim_4.d_date)", "Plans": [{"Node Type": "Nested Loop", "Parent Relationship": "Outer", "Parallel Aware": false, "Async Capable": false, "Join Type": "Inner", "Startup Cost": 0.3, "Total Cost": 3669.55, "Plan Rows": 42214, "Plan Width": 12, "Inner Unique": true, "Plans": [{"Node Type": "Seq Scan", "Parent Relationship": "Outer", "Parallel Aware": true, "Async Capable": false, "Relation Name": "web_returns", "Alias": "web_returns", "Startup Cost": 0.0, "Total Cost": 1782.14, "Plan Rows": 42214, "Plan Width": 12}, {"Node Type": "Memoize", "Parent Relationship": "Inner", "Parallel Aware": false, "Async Capable": false, "Startup Cost": 0.3, "Total Cost": 0.41, "Plan Rows": 1, "Plan Width": 8, "Cache Key": "web_returns.wr_returned_date_sk", "Cache Mode": "logical", "Plans": [{"Node Type": "Index Scan", "Parent Relationship": "Outer", "Parallel Aware": false, "Async Capable": false, "Scan Direction": "Forward", "Index Name": "date_dim_pkey", "Relation Name": "date_dim", "Alias": "date_dim_3", "Startup Cost": 0.29, "Total Cost": 0.4, "Plan Rows": 1, "Plan Width": 8, "Index Cond": "(d_date_sk = web_returns.wr_returned_date_sk)"}]}]}, {"Node Type": "Hash", "Parent Relationship": "Inner", "Parallel Aware": true, "Async Capable": false, "Startup Cost": 3981.51, "Total Cost": 3981.51, "Plan Rows": 12, "Plan Width": 4, "Plans": [{"Node Type": "Hash Join", "Parent Relationship": "Outer", "Parallel Aware": true, "Async Capable": false, "Join Type": "Semi", "Startup Cost": 2014.86, "Total Cost": 3981.51, "Plan Rows": 12, "Plan Width": 4, "Inner Unique": false, "Hash Cond": "(date_dim_4.d_week_seq = date_dim_5.d_week_seq)", "Plans": [{"Node Type": "Seq Scan", "Parent Relationship": "Outer", "Parallel Aware": true, "Async Capable": false, "Relation Name": "date_dim", "Alias": "date_dim_4", "Startup Cost": 0.0, "Total Cost": 1853.7, "Plan Rows": 42970, "Plan Width": 8}, {"Node Type": "Hash", "Parent Relationship": "Inner", "Parallel Aware": true, "Async Capable": false, "Startup Cost": 2014.84, "Total Cost": 2014.84, "Plan Rows": 2, "Plan Width": 4, "Plans": [{"Node Type": "Seq Scan", "Parent Relationship": "Outer", "Parallel Aware": true, "Async Capable": false, "Relation Name": "date_dim", "Alias": "date_dim_5", "Startup Cost": 0.0, "Total Cost": 2014.84, "Plan Rows": 2, "Plan Width": 4, "Filter": "(d_date = ANY ('{2000-06-30,2000-09-27,2000-11-17}'::date[]))"}]}]}]}]}, {"Node Type": "Index Scan", "Parent Relationship": "Inner", "Parallel Aware": false, "Async Capable": false, "Scan Direction": "Forward", "Index Name": "item_pkey", "Relation Name": "item", "Alias": "item_1", "Startup Cost": 0.29, "Total Cost": 0.38, "Plan Rows": 1, "Plan Width": 21, "Index Cond": "(i_item_sk = web_returns.wr_item_sk)"}]}]}]}]}]}]}]}, {"Node Type": "Sort", "Parent Relationship": "Inner", "Parallel Aware": false, "Async Capable": false, "Startup Cost": 11023.75, "Total Cost": 11023.85, "Plan Rows": 41, "Plan Width": 25, "Sort Key": ["cr_items.item_id NULLS FIRST"], "Plans": [{"Node Type": "Subquery Scan", "Parent Relationship": "Outer", "Parallel Aware": false, "Async Capable": false, "Alias": "cr_items", "Startup Cost": 11018.59, "Total Cost": 11022.65, "Plan Rows": 41, "Plan Width": 25, "Plans": [{"Node Type": "Aggregate", "Strategy": "Sorted", "Partial Mode": "Finalize", "Parent Relationship": "Subquery", "Parallel Aware": false, "Async Capable": false, "Startup Cost": 11018.59, "Total Cost": 11022.24, "Plan Rows": 41, "Plan Width": 25, "Group Key": ["item_2.i_item_id"], "Plans": [{"Node Type": "Gather Merge", "Parent Relationship": "Outer", "Parallel Aware": false, "Async Capable": false, "Startup Cost": 11018.59, "Total Cost": 11021.71, "Plan Rows": 24, "Plan Width": 25, "Workers Planned": 1, "Plans": [{"Node Type": "Aggregate", "Strategy": "Sorted", "Partial Mode": "Partial", "Parent Relationship": "Outer", "Parallel Aware": false, "Async Capable": false, "Startup Cost": 10018.58, "Total Cost": 10019.0, "Plan Rows": 24, "Plan Width": 25, "Group Key": ["item_2.i_item_id"], "Plans": [{"Node Type": "Sort", "Parent Relationship": "Outer", "Parallel Aware": false, "Async Capable": false, "Startup Cost": 10018.58, "Total Cost": 10018.64, "Plan Rows": 24, "Plan Width": 21, "Sort Key": ["item_2.i_item_id"], "Plans": [{"Node Type": "Nested Loop", "Parent Relationship": "Outer", "Parallel Aware": false, "Async Capable": false, "Join Type": "Inner", "Startup Cost": 5948.72, "Total Cost": 10018.03, "Plan Rows": 24, "Plan Width": 21, "Inner Unique": true, "Plans": [{"Node Type": "Hash Join", "Parent Relationship": "Outer", "Parallel Aware": true, "Async Capable": false, "Join Type": "Inner", "Startup Cost": 5948.44, "Total Cost": 10009.82, "Plan Rows": 24, "Plan Width": 8, "Inner Unique": false, "Hash Cond": "(catalog_returns.cr_returned_date_sk = date_dim_6.d_date_sk)", "Plans": [{"Node Type": "Seq Scan", "Parent Relationship": "Outer", "Parallel Aware": true, "Async Capable": false, "Relation Name": "catalog_returns", "Alias": "catalog_returns", "Startup Cost": 0.0, "Total Cost": 3743.45, "Plan Rows": 84745, "Plan Width": 12}, {"Node Type": "Hash", "Parent Relationship": "Inner", "Parallel Aware": true, "Async Capable": false, "Startup Cost": 5948.29, "Total Cost": 5948.29, "Plan Rows": 12, "Plan Width": 4, "Plans": [{"Node Type": "Hash Join", "Parent Relationship": "Outer", "Parallel Aware": true, "Async Capable": false, "Join Type": "Semi", "Startup Cost": 3981.66, "Total Cost": 5948.29, "Plan Rows": 12, "Plan Width": 4, "Inner Unique": false, "Hash Cond": "(date_dim_6.d_date = date_dim_7.d_date)", "Plans": [{"Node Type": "Seq Scan", "Parent Relationship": "Outer", "Parallel Aware": true, "Async Capable": false, "Relation Name": "date_dim", "Alias": "date_dim_6", "Startup Cost": 0.0, "Total Cost": 1853.7, "Plan Rows": 42970, "Plan Width": 8}, {"Node Type": "Hash", "Parent Relationship": "Inner", "Parallel Aware": true, "Async Capable": false, "Startup Cost": 3981.51, "Total Cost": 3981.51, "Plan Rows": 12, "Plan Width": 4, "Plans": [{"Node Type": "Hash Join", "Parent Relationship": "Outer", "Parallel Aware": true, "Async Capable": false, "Join Type": "Semi", "Startup Cost": 2014.86, "Total Cost": 3981.51, "Plan Rows": 12, "Plan Width": 4, "Inner Unique": false, "Hash Cond": "(date_dim_7.d_week_seq = date_dim_8.d_week_seq)", "Plans": [{"Node Type": "Seq Scan", "Parent Relationship": "Outer", "Parallel Aware": true, "Async Capable": false, "Relation Name": "date_dim", "Alias": "date_dim_7", "Startup Cost": 0.0, "Total Cost": 1853.7, "Plan Rows": 42970, "Plan Width": 8}, {"Node Type": "Hash", "Parent Relationship": "Inner", "Parallel Aware": true, "Async Capable": false, "Startup Cost": 2014.84, "Total Cost": 2014.84, "Plan Rows": 2, "Plan Width": 4, "Plans": [{"Node Type": "Seq Scan", "Parent Relationship": "Outer", "Parallel Aware": true, "Async Capable": false, "Relation Name": "date_dim", "Alias": "date_dim_8", "Startup Cost": 0.0, "Total Cost": 2014.84, "Plan Rows": 2, "Plan Width": 4, "Filter": "(d_date = ANY ('{2000-06-30,2000-09-27,2000-11-17}'::date[]))"}]}]}]}]}]}]}, {"Node Type": "Index Scan", "Parent Relationship": "Inner", "Parallel Aware": false, "Async Capable": false, "Scan Direction": "Forward", "Index Name": "item_pkey", "Relation Name": "item", "Alias": "item_2", "Startup Cost": 0.29, "Total Cost": 0.34, "Plan Rows": 1, "Plan Width": 21, "Index Cond": "(i_item_sk = catalog_returns.cr_item_sk)"}]}]}]}]}]}]}]}]}]}]}}