{"Plan": {"Node Type": "Limit", "Parallel Aware": false, "Async Capable": false, "Startup Cost": 25727.45, "Total Cost": 25727.7, "Plan Rows": 100, "Plan Width": 210, "Plans": [{"Node Type": "Sort", "Parent Relationship": "Outer", "Parallel Aware": false, "Async Capable": false, "Startup Cost": 25727.45, "Total Cost": 25729.95, "Plan Rows": 1001, "Plan Width": 210, "Sort Key": ["((GROUPING(item.i_category) + GROUPING(item.i_class))) DESC", "(CASE WHEN (((GROUPING(item.i_category) + GROUPING(item.i_class))) = 0) THEN item.i_category ELSE NULL::bpchar END) NULLS FIRST", "(rank() OVER (?)) NULLS FIRST"], "Plans": [{"Node Type": "WindowAgg", "Parent Relationship": "Outer", "Parallel Aware": false, "Async Capable": false, "Startup Cost": 25644.15, "Total Cost": 25689.19, "Plan Rows": 1001, "Plan Width": 210, "Plans": [{"Node Type": "Sort", "Parent Relationship": "Outer", "Parallel Aware": false, "Async Capable": false, "Startup Cost": 25644.15, "Total Cost": 25646.65, "Plan Rows": 1001, "Plan Width": 178, "Sort Key": ["((GROUPING(item.i_category) + GROUPING(item.i_class)))", "(CASE WHEN (GROUPING(item.i_class) = 0) THEN item.i_category ELSE NULL::bpchar END)", "(sum(web_sales.ws_net_paid)) DESC"], "Plans": [{"Node Type": "Aggregate", "Strategy": "Mixed", "Partial Mode": "Simple", "Parent Relationship": "Outer", "Parallel Aware": false, "Async Capable": false, "Startup Cost": 3071.4, "Total Cost": 25594.26, "Plan Rows": 1001, "Plan Width": 178, "Grouping Sets": [{"Hash Keys": [["item.i_category", "item.i_class"]]}, {"Hash Keys": [["item.i_category"]]}, {"Group Keys": [[]]}], "Planned Partitions": 0, "Plans": [{"Node Type": "Gather", "Parent Relationship": "Outer", "Parallel Aware": false, "Async Capable": false, "Startup Cost": 3071.4, "Total Cost": 25512.83, "Plan Rows": 3427, "Plan Width": 108, "Workers Planned": 3, "Single Copy": false, "Plans": [{"Node Type": "Nested Loop", "Parent Relationship": "Outer", "Parallel Aware": false, "Async Capable": false, "Join Type": "Inner", "Startup Cost": 2071.4, "Total Cost": 24170.13, "Plan Rows": 1105, "Plan Width": 108, "Inner Unique": true, "Plans": [{"Node Type": "Hash Join", "Parent Relationship": "Outer", "Parallel Aware": true, "Async Capable": false, "Join Type": "Inner", "Startup Cost": 2071.11, "Total Cost": 23824.89, "Plan Rows": 1105, "Plan Width": 10, "Inner Unique": true, "Hash Cond": "(web_sales.ws_sold_date_sk = d1.d_date_sk)", "Plans": [{"Node Type": "Seq Scan", "Parent Relationship": "Outer", "Parallel Aware": true, "Async Capable": false, "Relation Name": "web_sales", "Alias": "web_sales", "Startup Cost": 0.0, "Total Cost": 21144.59, "Plan Rows": 232059, "Plan Width": 14}, {"Node Type": "Hash", "Parent Relationship": "Inner", "Parallel Aware": true, "Async Capable": false, "Startup Cost": 2068.55, "Total Cost": 2068.55, "Plan Rows": 205, "Plan Width": 4, "Plans": [{"Node Type": "Seq Scan", "Parent Relationship": "Outer", "Parallel Aware": true, "Async Capable": false, "Relation Name": "date_dim", "Alias": "d1", "Startup Cost": 0.0, "Total Cost": 2068.55, "Plan Rows": 205, "Plan Width": 4, "Filter": "((d_month_seq >= 1200) AND (d_month_seq <= 1211))"}]}]}, {"Node Type": "Index Scan", "Parent Relationship": "Inner", "Parallel Aware": false, "Async Capable": false, "Scan Direction": "Forward", "Index Name": "item_pkey", "Relation Name": "item", "Alias": "item", "Startup Cost": 0.29, "Total Cost": 0.31, "Plan Rows": 1, "Plan Width": 106, "Index Cond": "(i_item_sk = web_sales.ws_item_sk)"}]}]}]}]}]}]}]}}