{"Plan": {"Node Type": "Limit", "Parallel Aware": false, "Async Capable": false, "Startup Cost": 26420.14, "Total Cost": 26420.15, "Plan Rows": 1, "Plan Width": 32, "Plans": [{"Node Type": "Sort", "Parent Relationship": "Outer", "Parallel Aware": false, "Async Capable": false, "Startup Cost": 26420.14, "Total Cost": 26420.15, "Plan Rows": 1, "Plan Width": 32, "Sort Key": ["(sum(web_sales.ws_ext_discount_amt))"], "Plans": [{"Node Type": "Aggregate", "Strategy": "Plain", "Partial Mode": "Simple", "Parent Relationship": "Outer", "Parallel Aware": false, "Async Capable": false, "Startup Cost": 26420.12, "Total Cost": 26420.13, "Plan Rows": 1, "Plan Width": 32, "Plans": [{"Node Type": "Hash Join", "Parent Relationship": "Outer", "Parallel Aware": false, "Async Capable": false, "Join Type": "Inner", "Startup Cost": 4578.39, "Total Cost": 26420.12, "Plan Rows": 1, "Plan Width": 6, "Inner Unique": true, "Hash Cond": "(web_sales.ws_item_sk = item.i_item_sk)", "Join Filter": "(web_sales.ws_ext_discount_amt > (SubPlan 1))", "Plans": [{"Node Type": "Gather", "Parent Relationship": "Outer", "Parallel Aware": false, "Async Capable": false, "Startup Cost": 3069.19, "Total Cost": 24908.67, "Plan Rows": 857, "Plan Width": 10, "Workers Planned": 3, "Single Copy": false, "Plans": [{"Node Type": "Hash Join", "Parent Relationship": "Outer", "Parallel Aware": true, "Async Capable": false, "Join Type": "Inner", "Startup Cost": 2069.19, "Total Cost": 23822.97, "Plan Rows": 276, "Plan Width": 10, "Inner Unique": true, "Hash Cond": "(web_sales.ws_sold_date_sk = date_dim.d_date_sk)", "Plans": [{"Node Type": "Seq Scan", "Parent Relationship": "Outer", "Parallel Aware": true, "Async Capable": false, "Relation Name": "web_sales", "Alias": "web_sales", "Startup Cost": 0.0, "Total Cost": 21144.59, "Plan Rows": 232059, "Plan Width": 14}, {"Node Type": "Hash", "Parent Relationship": "Inner", "Parallel Aware": true, "Async Capable": false, "Startup Cost": 2068.55, "Total Cost": 2068.55, "Plan Rows": 51, "Plan Width": 4, "Plans": [{"Node Type": "Seq Scan", "Parent Relationship": "Outer", "Parallel Aware": true, "Async Capable": false, "Relation Name": "date_dim", "Alias": "date_dim", "Startup Cost": 0.0, "Total Cost": 2068.55, "Plan Rows": 51, "Plan Width": 4, "Filter": "((d_date >= '2000-01-27'::date) AND (d_date <= '2000-04-26'::date))"}]}]}]}, {"Node Type": "Hash", "Parent Relationship": "Inner", "Parallel Aware": false, "Async Capable": false, "Startup Cost": 1509.0, "Total Cost": 1509.0, "Plan Rows": 16, "Plan Width": 4, "Plans": [{"Node Type": "Seq Scan", "Parent Relationship": "Outer", "Parallel Aware": false, "Async Capable": false, "Relation Name": "item", "Alias": "item", "Startup Cost": 0.0, "Total Cost": 1509.0, "Plan Rows": 16, "Plan Width": 4, "Filter": "(i_manufact_id = 350)"}]}, {"Node Type": "Aggregate", "Strategy": "Plain", "Partial Mode": "Simple", "Parent Relationship": "SubPlan", "Subplan Name": "SubPlan 1", "Parallel Aware": false, "Async Capable": false, "Startup Cost": 524.38, "Total Cost": 524.39, "Plan Rows": 1, "Plan Width": 32, "Plans": [{"Node Type": "Nested Loop", "Parent Relationship": "Outer", "Parallel Aware": false, "Async Capable": false, "Join Type": "Inner", "Startup Cost": 0.73, "Total Cost": 524.38, "Plan Rows": 1, "Plan Width": 6, "Inner Unique": true, "Plans": [{"Node Type": "Index Scan", "Parent Relationship": "Outer", "Parallel Aware": false, "Async Capable": false, "Scan Direction": "Forward", "Index Name": "web_sales_pkey", "Relation Name": "web_sales", "Alias": "web_sales_1", "Startup Cost": 0.42, "Total Cost": 181.19, "Plan Rows": 44, "Plan Width": 10, "Index Cond": "(ws_item_sk = item.i_item_sk)"}, {"Node Type": "Memoize", "Parent Relationship": "Inner", "Parallel Aware": false, "Async Capable": false, "Startup Cost": 0.3, "Total Cost": 7.96, "Plan Rows": 1, "Plan Width": 4, "Cache Key": "web_sales_1.ws_sold_date_sk", "Cache Mode": "logical", "Plans": [{"Node Type": "Index Scan", "Parent Relationship": "Outer", "Parallel Aware": false, "Async Capable": false, "Scan Direction": "Forward", "Index Name": "date_dim_pkey", "Relation Name": "date_dim", "Alias": "date_dim_1", "Startup Cost": 0.29, "Total Cost": 7.95, "Plan Rows": 1, "Plan Width": 4, "Index Cond": "(d_date_sk = web_sales_1.ws_sold_date_sk)", "Filter": "((d_date >= '2000-01-27'::date) AND (d_date <= '2000-04-26'::date))"}]}]}]}]}]}]}]}}