{"Plan": {"Node Type": "Limit", "Parallel Aware": false, "Async Capable": false, "Startup Cost": 555476.75, "Total Cost": 555476.75, "Plan Rows": 1, "Plan Width": 72, "Plans": [{"Node Type": "Hash Join", "Parent Relationship": "InitPlan", "Subplan Name": "CTE ws_wh", "Parallel Aware": false, "Async Capable": false, "Join Type": "Inner", "Startup Cost": 37821.14, "Total Cost": 198267.24, "Plan Rows": 7201305, "Plan Width": 12, "Inner Unique": false, "Hash Cond": "(ws1_1.ws_order_number = ws2.ws_order_number)", "Join Filter": "(ws1_1.ws_warehouse_sk <> ws2.ws_warehouse_sk)", "Plans": [{"Node Type": "Seq Scan", "Parent Relationship": "Outer", "Parallel Aware": false, "Async Capable": false, "Relation Name": "web_sales", "Alias": "ws1_1", "Startup Cost": 0.0, "Total Cost": 26017.84, "Plan Rows": 719384, "Plan Width": 8}, {"Node Type": "Hash", "Parent Relationship": "Inner", "Parallel Aware": false, "Async Capable": false, "Startup Cost": 26017.84, "Total Cost": 26017.84, "Plan Rows": 719384, "Plan Width": 8, "Plans": [{"Node Type": "Seq Scan", "Parent Relationship": "Outer", "Parallel Aware": false, "Async Capable": false, "Relation Name": "web_sales", "Alias": "ws2", "Startup Cost": 0.0, "Total Cost": 26017.84, "Plan Rows": 719384, "Plan Width": 8}]}]}, {"Node Type": "Sort", "Parent Relationship": "Outer", "Parallel Aware": false, "Async Capable": false, "Startup Cost": 357209.51, "Total Cost": 357209.51, "Plan Rows": 1, "Plan Width": 72, "Sort Key": ["(count(DISTINCT ws1.ws_order_number))"], "Plans": [{"Node Type": "Aggregate", "Strategy": "Plain", "Partial Mode": "Simple", "Parent Relationship": "Outer", "Parallel Aware": false, "Async Capable": false, "Startup Cost": 357209.49, "Total Cost": 357209.5, "Plan Rows": 1, "Plan Width": 72, "Plans": [{"Node Type": "Sort", "Parent Relationship": "Outer", "Parallel Aware": false, "Async Capable": false, "Startup Cost": 357209.47, "Total Cost": 357209.47, "Plan Rows": 1, "Plan Width": 16, "Sort Key": ["ws1.ws_order_number"], "Plans": [{"Node Type": "Nested Loop", "Parent Relationship": "Outer", "Parallel Aware": false, "Async Capable": false, "Join Type": "Inner", "Startup Cost": 163579.03, "Total Cost": 357209.46, "Plan Rows": 1, "Plan Width": 16, "Inner Unique": true, "Join Filter": "(ws1.ws_order_number = ws_wh.ws_order_number)", "Plans": [{"Node Type": "Nested Loop", "Parent Relationship": "Outer", "Parallel Aware": false, "Async Capable": false, "Join Type": "Semi", "Startup Cost": 1549.67, "Total Cost": 195175.6, "Plan Rows": 1, "Plan Width": 24, "Inner Unique": false, "Plans": [{"Node Type": "Gather", "Parent Relationship": "Outer", "Parallel Aware": false, "Async Capable": false, "Startup Cost": 1011.11, "Total Cost": 23601.13, "Plan Rows": 1, "Plan Width": 16, "Workers Planned": 3, "Single Copy": false, "Plans": [{"Node Type": "Nested Loop", "Parent Relationship": "Outer", "Parallel Aware": false, "Async Capable": false, "Join Type": "Inner", "Startup Cost": 11.1, "Total Cost": 22601.03, "Plan Rows": 1, "Plan Width": 16, "Inner Unique": true, "Plans": [{"Node Type": "Nested Loop", "Parent Relationship": "Outer", "Parallel Aware": false, "Async Capable": false, "Join Type": "Inner", "Startup Cost": 10.81, "Total Cost": 22599.45, "Plan Rows": 5, "Plan Width": 20, "Inner Unique": true, "Plans": [{"Node Type": "Hash Join", "Parent Relationship": "Outer", "Parallel Aware": false, "Async Capable": false, "Join Type": "Inner", "Startup Cost": 10.51, "Total Cost": 21828.79, "Plan Rows": 5802, "Plan Width": 24, "Inner Unique": true, "Hash Cond": "(ws1.ws_web_site_sk = web_site.web_site_sk)", "Plans": [{"Node Type": "Seq Scan", "Parent Relationship": "Outer", "Parallel Aware": true, "Async Capable": false, "Relation Name": "web_sales", "Alias": "ws1", "Startup Cost": 0.0, "Total Cost": 21144.59, "Plan Rows": 232059, "Plan Width": 28}, {"Node Type": "Hash", "Parent Relationship": "Inner", "Parallel Aware": false, "Async Capable": false, "Startup Cost": 10.5, "Total Cost": 10.5, "Plan Rows": 1, "Plan Width": 4, "Plans": [{"Node Type": "Seq Scan", "Parent Relationship": "Outer", "Parallel Aware": false, "Async Capable": false, "Relation Name": "web_site", "Alias": "web_site", "Startup Cost": 0.0, "Total Cost": 10.5, "Plan Rows": 1, "Plan Width": 4, "Filter": "(web_company_name = 'pri'::bpchar)"}]}]}, {"Node Type": "Memoize", "Parent Relationship": "Inner", "Parallel Aware": false, "Async Capable": false, "Startup Cost": 0.3, "Total Cost": 0.33, "Plan Rows": 1, "Plan Width": 4, "Cache Key": "ws1.ws_ship_date_sk", "Cache Mode": "logical", "Plans": [{"Node Type": "Index Scan", "Parent Relationship": "Outer", "Parallel Aware": false, "Async Capable": false, "Scan Direction": "Forward", "Index Name": "date_dim_pkey", "Relation Name": "date_dim", "Alias": "date_dim", "Startup Cost": 0.29, "Total Cost": 0.32, "Plan Rows": 1, "Plan Width": 4, "Index Cond": "(d_date_sk = ws1.ws_ship_date_sk)", "Filter": "((d_date >= '1999-05-01'::date) AND (d_date <= '1999-06-30 00:00:00'::timestamp without time zone))"}]}]}, {"Node Type": "Index Scan", "Parent Relationship": "Inner", "Parallel Aware": false, "Async Capable": false, "Scan Direction": "Forward", "Index Name": "customer_address_pkey", "Relation Name": "customer_address", "Alias": "customer_address", "Startup Cost": 0.29, "Total Cost": 0.32, "Plan Rows": 1, "Plan Width": 4, "Index Cond": "(ca_address_sk = ws1.ws_ship_addr_sk)", "Filter": "(ca_state = 'TX'::bpchar)"}]}]}, {"Node Type": "Hash Join", "Parent Relationship": "Inner", "Parallel Aware": false, "Async Capable": false, "Join Type": "Inner", "Startup Cost": 538.56, "Total Cost": 171574.44, "Plan Rows": 391, "Plan Width": 8, "Inner Unique": false, "Hash Cond": "(ws_wh_1.ws_order_number = web_returns.wr_order_number)", "Join Filter": "(ws1.ws_order_number = ws_wh_1.ws_order_number)", "Plans": [{"Node Type": "CTE Scan", "Parent Relationship": "Outer", "Parallel Aware": false, "Async Capable": false, "CTE Name": "ws_wh", "Alias": "ws_wh_1", "Startup Cost": 0.0, "Total Cost": 144026.1, "Plan Rows": 7201305, "Plan Width": 4}, {"Node Type": "Hash", "Parent Relationship": "Inner", "Parallel Aware": false, "Async Capable": false, "Startup Cost": 538.54, "Total Cost": 538.54, "Plan Rows": 2, "Plan Width": 4, "Plans": [{"Node Type": "Index Only Scan", "Parent Relationship": "Outer", "Parallel Aware": false, "Async Capable": false, "Scan Direction": "Forward", "Index Name": "web_returns_pkey", "Relation Name": "web_returns", "Alias": "web_returns", "Startup Cost": 0.29, "Total Cost": 538.54, "Plan Rows": 2, "Plan Width": 4, "Index Cond": "(wr_order_number = ws1.ws_order_number)"}]}]}]}, {"Node Type": "Aggregate", "Strategy": "Hashed", "Partial Mode": "Simple", "Parent Relationship": "Inner", "Parallel Aware": false, "Async Capable": false, "Startup Cost": 162029.36, "Total Cost": 162031.36, "Plan Rows": 200, "Plan Width": 4, "Group Key": ["ws_wh.ws_order_number"], "Planned Partitions": 0, "Plans": [{"Node Type": "CTE Scan", "Parent Relationship": "Outer", "Parallel Aware": false, "Async Capable": false, "CTE Name": "ws_wh", "Alias": "ws_wh", "Startup Cost": 0.0, "Total Cost": 144026.1, "Plan Rows": 7201305, "Plan Width": 4}]}]}]}]}]}]}}