{"Plan": {"Node Type": "Sort", "Parallel Aware": false, "Async Capable": false, "Startup Cost": 64130.54, "Total Cost": 64131.38, "Plan Rows": 338, "Plan Width": 291, "Sort Key": ["item.i_category NULLS FIRST", "item.i_class NULLS FIRST", "item.i_item_id NULLS FIRST", "item.i_item_desc NULLS FIRST", "((((sum(store_sales.ss_ext_sales_price)) * 100.0000) / sum((sum(store_sales.ss_ext_sales_price))) OVER (?))) NULLS FIRST"], "Plans": [{"Node Type": "WindowAgg", "Parent Relationship": "Outer", "Parallel Aware": false, "Async Capable": false, "Startup Cost": 64108.74, "Total Cost": 64116.34, "Plan Rows": 338, "Plan Width": 291, "Plans": [{"Node Type": "Sort", "Parent Relationship": "Outer", "Parallel Aware": false, "Async Capable": false, "Startup Cost": 64108.74, "Total Cost": 64109.58, "Plan Rows": 338, "Plan Width": 259, "Sort Key": ["item.i_class"], "Plans": [{"Node Type": "Aggregate", "Strategy": "Sorted", "Partial Mode": "Simple", "Parent Relationship": "Outer", "Parallel Aware": false, "Async Capable": false, "Startup Cost": 64044.77, "Total Cost": 64094.54, "Plan Rows": 338, "Plan Width": 259, "Group Key": ["item.i_item_id", "item.i_item_desc", "item.i_category", "item.i_class", "item.i_current_price"], "Plans": [{"Node Type": "Gather Merge", "Parent Relationship": "Outer", "Parallel Aware": false, "Async Capable": false, "Startup Cost": 64044.77, "Total Cost": 64085.24, "Plan Rows": 338, "Plan Width": 233, "Workers Planned": 4, "Plans": [{"Node Type": "Sort", "Parent Relationship": "Outer", "Parallel Aware": false, "Async Capable": false, "Startup Cost": 63044.72, "Total Cost": 63044.93, "Plan Rows": 84, "Plan Width": 233, "Sort Key": ["item.i_item_id NULLS FIRST", "item.i_item_desc NULLS FIRST", "item.i_category NULLS FIRST", "item.i_class NULLS FIRST", "item.i_current_price"], "Plans": [{"Node Type": "Nested Loop", "Parent Relationship": "Outer", "Parallel Aware": false, "Async Capable": false, "Join Type": "Inner", "Startup Cost": 2069.05, "Total Cost": 63042.03, "Plan Rows": 84, "Plan Width": 233, "Inner Unique": true, "Plans": [{"Node Type": "Hash Join", "Parent Relationship": "Outer", "Parallel Aware": true, "Async Capable": false, "Join Type": "Inner", "Startup Cost": 2068.76, "Total Cost": 62953.2, "Plan Rows": 286, "Plan Width": 10, "Inner Unique": true, "Hash Cond": "(store_sales.ss_sold_date_sk = date_dim.d_date_sk)", "Plans": [{"Node Type": "Seq Scan", "Parent Relationship": "Outer", "Parallel Aware": true, "Async Capable": false, "Relation Name": "store_sales", "Alias": "store_sales", "Startup Cost": 0.0, "Total Cost": 58993.85, "Plan Rows": 720185, "Plan Width": 14}, {"Node Type": "Hash", "Parent Relationship": "Inner", "Parallel Aware": true, "Async Capable": false, "Startup Cost": 2068.55, "Total Cost": 2068.55, "Plan Rows": 17, "Plan Width": 4, "Plans": [{"Node Type": "Seq Scan", "Parent Relationship": "Outer", "Parallel Aware": true, "Async Capable": false, "Relation Name": "date_dim", "Alias": "date_dim", "Startup Cost": 0.0, "Total Cost": 2068.55, "Plan Rows": 17, "Plan Width": 4, "Filter": "((d_date >= '1999-02-22'::date) AND (d_date <= '1999-03-24'::date))"}]}]}, {"Node Type": "Index Scan", "Parent Relationship": "Inner", "Parallel Aware": false, "Async Capable": false, "Scan Direction": "Forward", "Index Name": "item_pkey", "Relation Name": "item", "Alias": "item", "Startup Cost": 0.29, "Total Cost": 0.31, "Plan Rows": 1, "Plan Width": 231, "Index Cond": "(i_item_sk = store_sales.ss_item_sk)", "Filter": "(i_category = ANY ('{Sports,Books,Home}'::bpchar[]))"}]}]}]}]}]}]}]}}