{"Plan": {"Node Type": "Limit", "Parallel Aware": false, "Async Capable": false, "Startup Cost": 45217.18, "Total Cost": 45238.96, "Plan Rows": 100, "Plan Width": 346, "Plans": [{"Node Type": "Incremental Sort", "Parent Relationship": "Outer", "Parallel Aware": false, "Async Capable": false, "Startup Cost": 45217.18, "Total Cost": 46713.2, "Plan Rows": 6867, "Plan Width": 346, "Sort Key": ["(\"substring\"((warehouse.w_warehouse_name)::text, 1, 20)) NULLS FIRST", "ship_mode.sm_type NULLS FIRST", "(lower((call_center.cc_name)::text)) NULLS FIRST"], "Presorted Key": ["(\"substring\"((warehouse.w_warehouse_name)::text, 1, 20))", "ship_mode.sm_type"], "Plans": [{"Node Type": "Aggregate", "Strategy": "Sorted", "Partial Mode": "Finalize", "Parent Relationship": "Outer", "Parallel Aware": false, "Async Capable": false, "Startup Cost": 45217.0, "Total Cost": 46404.18, "Plan Rows": 6867, "Plan Width": 346, "Group Key": ["(\"substring\"((warehouse.w_warehouse_name)::text, 1, 20))", "ship_mode.sm_type", "call_center.cc_name"], "Plans": [{"Node Type": "Gather Merge", "Parent Relationship": "Outer", "Parallel Aware": false, "Async Capable": false, "Startup Cost": 45217.0, "Total Cost": 46163.82, "Plan Rows": 6868, "Plan Width": 314, "Workers Planned": 4, "Plans": [{"Node Type": "Aggregate", "Strategy": "Sorted", "Partial Mode": "Partial", "Parent Relationship": "Outer", "Parallel Aware": false, "Async Capable": false, "Startup Cost": 44216.94, "Total Cost": 44345.71, "Plan Rows": 1717, "Plan Width": 314, "Group Key": ["(\"substring\"((warehouse.w_warehouse_name)::text, 1, 20))", "ship_mode.sm_type", "call_center.cc_name"], "Plans": [{"Node Type": "Sort", "Parent Relationship": "Outer", "Parallel Aware": false, "Async Capable": false, "Startup Cost": 44216.94, "Total Cost": 44221.23, "Plan Rows": 1717, "Plan Width": 282, "Sort Key": ["(\"substring\"((warehouse.w_warehouse_name)::text, 1, 20)) NULLS FIRST", "ship_mode.sm_type NULLS FIRST", "call_center.cc_name"], "Plans": [{"Node Type": "Hash Join", "Parent Relationship": "Outer", "Parallel Aware": false, "Async Capable": false, "Join Type": "Inner", "Startup Cost": 2108.31, "Total Cost": 44124.69, "Plan Rows": 1717, "Plan Width": 282, "Inner Unique": true, "Hash Cond": "(catalog_sales.cs_call_center_sk = call_center.cc_call_center_sk)", "Plans": [{"Node Type": "Hash Join", "Parent Relationship": "Outer", "Parallel Aware": false, "Async Capable": false, "Join Type": "Inner", "Startup Cost": 2097.41, "Total Cost": 44104.51, "Plan Rows": 1717, "Plan Width": 194, "Inner Unique": true, "Hash Cond": "(catalog_sales.cs_ship_mode_sk = ship_mode.sm_ship_mode_sk)", "Plans": [{"Node Type": "Hash Join", "Parent Relationship": "Outer", "Parallel Aware": false, "Async Capable": false, "Join Type": "Inner", "Startup Cost": 2083.36, "Total Cost": 44085.85, "Plan Rows": 1717, "Plan Width": 74, "Inner Unique": true, "Hash Cond": "(catalog_sales.cs_warehouse_sk = warehouse.w_warehouse_sk)", "Plans": [{"Node Type": "Hash Join", "Parent Relationship": "Outer", "Parallel Aware": true, "Async Capable": false, "Join Type": "Inner", "Startup Cost": 2071.11, "Total Cost": 44068.91, "Plan Rows": 1717, "Plan Width": 20, "Inner Unique": true, "Hash Cond": "(catalog_sales.cs_ship_date_sk = date_dim.d_date_sk)", "Plans": [{"Node Type": "Seq Scan", "Parent Relationship": "Outer", "Parallel Aware": true, "Async Capable": false, "Relation Name": "catalog_sales", "Alias": "catalog_sales", "Startup Cost": 0.0, "Total Cost": 41051.75, "Plan Rows": 360375, "Plan Width": 20}, {"Node Type": "Hash", "Parent Relationship": "Inner", "Parallel Aware": true, "Async Capable": false, "Startup Cost": 2068.55, "Total Cost": 2068.55, "Plan Rows": 205, "Plan Width": 4, "Plans": [{"Node Type": "Seq Scan", "Parent Relationship": "Outer", "Parallel Aware": true, "Async Capable": false, "Relation Name": "date_dim", "Alias": "date_dim", "Startup Cost": 0.0, "Total Cost": 2068.55, "Plan Rows": 205, "Plan Width": 4, "Filter": "((d_month_seq >= 1200) AND (d_month_seq <= 1211))"}]}]}, {"Node Type": "Hash", "Parent Relationship": "Inner", "Parallel Aware": false, "Async Capable": false, "Startup Cost": 11.0, "Total Cost": 11.0, "Plan Rows": 100, "Plan Width": 62, "Plans": [{"Node Type": "Seq Scan", "Parent Relationship": "Outer", "Parallel Aware": false, "Async Capable": false, "Relation Name": "warehouse", "Alias": "warehouse", "Startup Cost": 0.0, "Total Cost": 11.0, "Plan Rows": 100, "Plan Width": 62}]}]}, {"Node Type": "Hash", "Parent Relationship": "Inner", "Parallel Aware": false, "Async Capable": false, "Startup Cost": 11.8, "Total Cost": 11.8, "Plan Rows": 180, "Plan Width": 128, "Plans": [{"Node Type": "Seq Scan", "Parent Relationship": "Outer", "Parallel Aware": false, "Async Capable": false, "Relation Name": "ship_mode", "Alias": "ship_mode", "Startup Cost": 0.0, "Total Cost": 11.8, "Plan Rows": 180, "Plan Width": 128}]}]}, {"Node Type": "Hash", "Parent Relationship": "Inner", "Parallel Aware": false, "Async Capable": false, "Startup Cost": 10.4, "Total Cost": 10.4, "Plan Rows": 40, "Plan Width": 122, "Plans": [{"Node Type": "Seq Scan", "Parent Relationship": "Outer", "Parallel Aware": false, "Async Capable": false, "Relation Name": "call_center", "Alias": "call_center", "Startup Cost": 0.0, "Total Cost": 10.4, "Plan Rows": 40, "Plan Width": 122}]}]}]}]}]}]}]}]}}