{"Plan": {"Node Type": "Aggregate", "Strategy": "Plain", "Partial Mode": "Simple", "Parallel Aware": false, "Async Capable": false, "Startup Cost": 63514.04, "Total Cost": 63514.05, "Plan Rows": 1, "Plan Width": 8, "Actual Startup Time": 32.81, "Actual Total Time": 32.811, "Actual Rows": 1, "Actual Loops": 1, "Plans": [{"Node Type": "Nested Loop", "Parent Relationship": "Outer", "Parallel Aware": false, "Async Capable": false, "Join Type": "Inner", "Startup Cost": 1.77, "Total Cost": 63514.04, "Plan Rows": 1, "Plan Width": 0, "Actual Startup Time": 2.752, "Actual Total Time": 32.307, "Actual Rows": 22707, "Actual Loops": 1, "Inner Unique": false, "Join Filter": "(ci.role_id = rt.id)", "Rows Removed by Join Filter": 2038, "Plans": [{"Node Type": "Seq Scan", "Parent Relationship": "Outer", "Parallel Aware": false, "Async Capable": false, "Relation Name": "role_type", "Alias": "rt", "Startup Cost": 0.0, "Total Cost": 1.15, "Plan Rows": 1, "Plan Width": 4, "Actual Startup Time": 0.002, "Actual Total Time": 0.004, "Actual Rows": 1, "Actual Loops": 1, "Filter": "((role)::text = 'actor'::text)", "Rows Removed by Filter": 11}, {"Node Type": "Nested Loop", "Parent Relationship": "Inner", "Parallel Aware": false, "Async Capable": false, "Join Type": "Inner", "Startup Cost": 1.77, "Total Cost": 63512.83, "Plan Rows": 5, "Plan Width": 4, "Actual Startup Time": 2.749, "Actual Total Time": 31.269, "Actual Rows": 24745, "Actual Loops": 1, "Inner Unique": false, "Join Filter": "(n.id = ci.person_id)", "Rows Removed by Join Filter": 0, "Plans": [{"Node Type": "Nested Loop", "Parent Relationship": "Outer", "Parallel Aware": false, "Async Capable": false, "Join Type": "Inner", "Startup Cost": 1.33, "Total Cost": 63498.6, "Plan Rows": 1, "Plan Width": 12, "Actual Startup Time": 2.739, "Actual Total Time": 26.197, "Actual Rows": 211, "Actual Loops": 1, "Inner Unique": false, "Plans": [{"Node Type": "Nested Loop", "Parent Relationship": "Outer", "Parallel Aware": false, "Async Capable": false, "Join Type": "Inner", "Startup Cost": 1.33, "Total Cost": 63496.18, "Plan Rows": 1, "Plan Width": 16, "Actual Startup Time": 2.733, "Actual Total Time": 25.684, "Actual Rows": 211, "Actual Loops": 1, "Inner Unique": false, "Join Filter": "(n.id = an.person_id)", "Rows Removed by Join Filter": 0, "Plans": [{"Node Type": "Nested Loop", "Parent Relationship": "Outer", "Parallel Aware": false, "Async Capable": false, "Join Type": "Inner", "Startup Cost": 0.91, "Total Cost": 63464.82, "Plan Rows": 4, "Plan Width": 12, "Actual Startup Time": 2.721, "Actual Total Time": 25.52, "Actual Rows": 36, "Actual Loops": 1, "Inner Unique": true, "Plans": [{"Node Type": "Index Scan", "Parent Relationship": "Outer", "Parallel Aware": false, "Async Capable": false, "Scan Direction": "Forward", "Index Name": "info_type_id_person_info", "Relation Name": "person_info", "Alias": "pi1", "Startup Cost": 0.43, "Total Cost": 21154.94, "Plan Rows": 5626, "Plan Width": 8, "Actual Startup Time": 0.256, "Actual Total Time": 7.825, "Actual Rows": 5797, "Actual Loops": 1, "Index Cond": "(info_type_id = 31)", "Rows Removed by Index Recheck": 0}, {"Node Type": "Memoize", "Parent Relationship": "Inner", "Parallel Aware": false, "Async Capable": false, "Startup Cost": 0.48, "Total Cost": 7.68, "Plan Rows": 1, "Plan Width": 4, "Actual Startup Time": 0.003, "Actual Total Time": 0.003, "Actual Rows": 0, "Actual Loops": 5797, "Cache Key": "pi1.person_id", "Cache Mode": "logical", "Cache Hits": 2694, "Cache Misses": 3103, "Cache Evictions": 0, "Cache Overflows": 0, "Peak Memory Usage": 207, "Plans": [{"Node Type": "Index Scan", "Parent Relationship": "Outer", "Parallel Aware": false, "Async Capable": false, "Scan Direction": "Forward", "Index Name": "name_pkey", "Relation Name": "name", "Alias": "n", "Startup Cost": 0.47, "Total Cost": 7.67, "Plan Rows": 1, "Plan Width": 4, "Actual Startup Time": 0.005, "Actual Total Time": 0.005, "Actual Rows": 0, "Actual Loops": 3103, "Index Cond": "(id = pi1.person_id)", "Rows Removed by Index Recheck": 0, "Filter": "(((gender)::text = 'm'::text) AND ((name_pcode_nf)::text = ANY ('{A4524,E3632,G1641,G6212,J236,J265,J5213,J5215,J5254,J5635,M6265,N2421,N2423,P3632,W4524}'::text[])))", "Rows Removed by Filter": 1}]}]}, {"Node Type": "Index Only Scan", "Parent Relationship": "Inner", "Parallel Aware": false, "Async Capable": false, "Scan Direction": "Forward", "Index Name": "person_id_aka_name", "Relation Name": "aka_name", "Alias": "an", "Startup Cost": 0.42, "Total Cost": 7.82, "Plan Rows": 2, "Plan Width": 4, "Actual Startup Time": 0.003, "Actual Total Time": 0.004, "Actual Rows": 6, "Actual Loops": 36, "Index Cond": "(person_id = pi1.person_id)", "Rows Removed by Index Recheck": 0, "Heap Fetches": 211}]}, {"Node Type": "Seq Scan", "Parent Relationship": "Inner", "Parallel Aware": false, "Async Capable": false, "Relation Name": "info_type", "Alias": "it1", "Startup Cost": 0.0, "Total Cost": 2.41, "Plan Rows": 1, "Plan Width": 4, "Actual Startup Time": 0.001, "Actual Total Time": 0.002, "Actual Rows": 1, "Actual Loops": 211, "Filter": "(id = 31)", "Rows Removed by Filter": 112}]}, {"Node Type": "Index Scan", "Parent Relationship": "Inner", "Parallel Aware": false, "Async Capable": false, "Scan Direction": "Forward", "Index Name": "person_id_cast_info", "Relation Name": "cast_info", "Alias": "ci", "Startup Cost": 0.44, "Total Cost": 10.44, "Plan Rows": 303, "Plan Width": 8, "Actual Startup Time": 0.001, "Actual Total Time": 0.018, "Actual Rows": 117, "Actual Loops": 211, "Index Cond": "(person_id = an.person_id)", "Rows Removed by Index Recheck": 0, "Filter": "(note IS NULL)", "Rows Removed by Filter": 299}]}]}]}, "Planning Time": 1.361, "Triggers": [], "Execution Time": 32.9}