{"Plan": {"Node Type": "Aggregate", "Strategy": "Plain", "Partial Mode": "Simple", "Parallel Aware": false, "Async Capable": false, "Startup Cost": 18418.14, "Total Cost": 18418.15, "Plan Rows": 1, "Plan Width": 8, "Actual Startup Time": 97.907, "Actual Total Time": 97.968, "Actual Rows": 1, "Actual Loops": 1, "Plans": [{"Node Type": "Nested Loop", "Parent Relationship": "Outer", "Parallel Aware": false, "Async Capable": false, "Join Type": "Inner", "Startup Cost": 1004.29, "Total Cost": 18418.14, "Plan Rows": 1, "Plan Width": 0, "Actual Startup Time": 13.301, "Actual Total Time": 97.96, "Actual Rows": 9, "Actual Loops": 1, "Inner Unique": true, "Plans": [{"Node Type": "Nested Loop", "Parent Relationship": "Outer", "Parallel Aware": false, "Async Capable": false, "Join Type": "Inner", "Startup Cost": 1003.86, "Total Cost": 18415.6, "Plan Rows": 1, "Plan Width": 4, "Actual Startup Time": 2.103, "Actual Total Time": 94.448, "Actual Rows": 596, "Actual Loops": 1, "Inner Unique": true, "Plans": [{"Node Type": "Nested Loop", "Parent Relationship": "Outer", "Parallel Aware": false, "Async Capable": false, "Join Type": "Inner", "Startup Cost": 1003.73, "Total Cost": 18415.44, "Plan Rows": 1, "Plan Width": 8, "Actual Startup Time": 1.897, "Actual Total Time": 92.015, "Actual Rows": 5984, "Actual Loops": 1, "Inner Unique": false, "Plans": [{"Node Type": "Nested Loop", "Parent Relationship": "Outer", "Parallel Aware": false, "Async Capable": false, "Join Type": "Inner", "Startup Cost": 1003.73, "Total Cost": 18413.01, "Plan Rows": 1, "Plan Width": 12, "Actual Startup Time": 1.895, "Actual Total Time": 77.845, "Actual Rows": 5984, "Actual Loops": 1, "Inner Unique": false, "Plans": [{"Node Type": "Gather", "Parent Relationship": "Outer", "Parallel Aware": false, "Async Capable": false, "Startup Cost": 1003.73, "Total Cost": 18410.59, "Plan Rows": 1, "Plan Width": 16, "Actual Startup Time": 1.887, "Actual Total Time": 63.504, "Actual Rows": 5984, "Actual Loops": 1, "Workers Planned": 2, "Workers Launched": 2, "Single Copy": false, "Plans": [{"Node Type": "Nested Loop", "Parent Relationship": "Outer", "Parallel Aware": false, "Async Capable": false, "Join Type": "Inner", "Startup Cost": 3.73, "Total Cost": 17410.49, "Plan Rows": 1, "Plan Width": 16, "Actual Startup Time": 2.347, "Actual Total Time": 48.955, "Actual Rows": 1995, "Actual Loops": 3, "Inner Unique": false, "Join Filter": "(t.id = mi2.movie_id)", "Rows Removed by Join Filter": 0, "Workers": [], "Plans": [{"Node Type": "Nested Loop", "Parent Relationship": "Outer", "Parallel Aware": false, "Async Capable": false, "Join Type": "Inner", "Startup Cost": 3.29, "Total Cost": 17364.28, "Plan Rows": 1, "Plan Width": 28, "Actual Startup Time": 1.516, "Actual Total Time": 28.617, "Actual Rows": 3644, "Actual Loops": 3, "Inner Unique": false, "Join Filter": "(t.id = ci.movie_id)", "Rows Removed by Join Filter": 0, "Workers": [], "Plans": [{"Node Type": "Nested Loop", "Parent Relationship": "Outer", "Parallel Aware": false, "Async Capable": false, "Join Type": "Inner", "Startup Cost": 2.85, "Total Cost": 17316.89, "Plan Rows": 1, "Plan Width": 16, "Actual Startup Time": 1.496, "Actual Total Time": 19.593, "Actual Rows": 112, "Actual Loops": 3, "Inner Unique": false, "Join Filter": "(t.id = mi1.movie_id)", "Rows Removed by Join Filter": 0, "Workers": [], "Plans": [{"Node Type": "Hash Join", "Parent Relationship": "Outer", "Parallel Aware": false, "Async Capable": false, "Join Type": "Inner", "Startup Cost": 2.42, "Total Cost": 16391.53, "Plan Rows": 20, "Plan Width": 8, "Actual Startup Time": 1.466, "Actual Total Time": 17.521, "Actual Rows": 121, "Actual Loops": 3, "Inner Unique": true, "Hash Cond": "(t.kind_id = kt.id)", "Workers": [], "Plans": [{"Node Type": "Nested Loop", "Parent Relationship": "Outer", "Parallel Aware": false, "Async Capable": false, "Join Type": "Inner", "Startup Cost": 1.28, "Total Cost": 16390.21, "Plan Rows": 45, "Plan Width": 12, "Actual Startup Time": 1.408, "Actual Total Time": 17.459, "Actual Rows": 121, "Actual Loops": 3, "Inner Unique": true, "Workers": [], "Plans": [{"Node Type": "Nested Loop", "Parent Relationship": "Outer", "Parallel Aware": false, "Async Capable": false, "Join Type": "Inner", "Startup Cost": 0.85, "Total Cost": 15758.59, "Plan Rows": 253, "Plan Width": 4, "Actual Startup Time": 1.314, "Actual Total Time": 14.581, "Actual Rows": 517, "Actual Loops": 3, "Inner Unique": false, "Workers": [], "Plans": [{"Node Type": "Index Scan", "Parent Relationship": "Outer", "Parallel Aware": true, "Async Capable": false, "Scan Direction": "Forward", "Index Name": "keyword_pkey", "Relation Name": "keyword", "Alias": "k", "Startup Cost": 0.42, "Total Cost": 6934.28, "Plan Rows": 8, "Plan Width": 4, "Actual Startup Time": 1.153, "Actual Total Time": 12.594, "Actual Rows": 6, "Actual Loops": 3, "Filter": "(keyword = ANY ('{air-attack,ancient-computer,baby-urinating,botswana-south-africa,cilantro,g-string,jorge-drexler,kameido-tokyo,late-riser,ltr,porno-theatre,reference-to-otis-blackwell,robot-airplane,room-with-a-view,skeleton,tinder,underwater-scene,wet-back}'::text[]))", "Rows Removed by Filter": 44717, "Workers": []}, {"Node Type": "Index Scan", "Parent Relationship": "Inner", "Parallel Aware": false, "Async Capable": false, "Scan Direction": "Forward", "Index Name": "keyword_id_movie_keyword", "Relation Name": "movie_keyword", "Alias": "mk", "Startup Cost": 0.43, "Total Cost": 1100.01, "Plan Rows": 303, "Plan Width": 8, "Actual Startup Time": 0.105, "Actual Total Time": 0.326, "Actual Rows": 86, "Actual Loops": 18, "Index Cond": "(keyword_id = k.id)", "Rows Removed by Index Recheck": 0, "Workers": []}]}, {"Node Type": "Index Scan", "Parent Relationship": "Inner", "Parallel Aware": false, "Async Capable": false, "Scan Direction": "Forward", "Index Name": "title_pkey", "Relation Name": "title", "Alias": "t", "Startup Cost": 0.43, "Total Cost": 2.5, "Plan Rows": 1, "Plan Width": 8, "Actual Startup Time": 0.005, "Actual Total Time": 0.005, "Actual Rows": 0, "Actual Loops": 1551, "Index Cond": "(id = mk.movie_id)", "Rows Removed by Index Recheck": 0, "Filter": "((production_year <= 1975) AND (production_year >= 1875))", "Rows Removed by Filter": 1, "Workers": []}]}, {"Node Type": "Hash", "Parent Relationship": "Inner", "Parallel Aware": false, "Async Capable": false, "Startup Cost": 1.1, "Total Cost": 1.1, "Plan Rows": 3, "Plan Width": 4, "Actual Startup Time": 0.01, "Actual Total Time": 0.011, "Actual Rows": 3, "Actual Loops": 3, "Hash Buckets": 1024, "Original Hash Buckets": 1024, "Hash Batches": 1, "Original Hash Batches": 1, "Peak Memory Usage": 9, "Workers": [], "Plans": [{"Node Type": "Seq Scan", "Parent Relationship": "Outer", "Parallel Aware": false, "Async Capable": false, "Relation Name": "kind_type", "Alias": "kt", "Startup Cost": 0.0, "Total Cost": 1.1, "Plan Rows": 3, "Plan Width": 4, "Actual Startup Time": 0.007, "Actual Total Time": 0.008, "Actual Rows": 3, "Actual Loops": 3, "Filter": "((kind)::text = ANY ('{episode,movie,\"tv movie\"}'::text[]))", "Rows Removed by Filter": 4, "Workers": []}]}]}, {"Node Type": "Index Scan", "Parent Relationship": "Inner", "Parallel Aware": false, "Async Capable": false, "Scan Direction": "Forward", "Index Name": "movie_id_movie_info", "Relation Name": "movie_info", "Alias": "mi1", "Startup Cost": 0.43, "Total Cost": 46.26, "Plan Rows": 1, "Plan Width": 8, "Actual Startup Time": 0.014, "Actual Total Time": 0.017, "Actual Rows": 1, "Actual Loops": 362, "Index Cond": "(movie_id = mk.movie_id)", "Rows Removed by Index Recheck": 0, "Filter": "((info = ANY ('{Mono,Silent}'::text[])) AND (info_type_id = 6))", "Rows Removed by Filter": 50, "Workers": []}]}, {"Node Type": "Index Scan", "Parent Relationship": "Inner", "Parallel Aware": false, "Async Capable": false, "Scan Direction": "Forward", "Index Name": "movie_id_cast_info", "Relation Name": "cast_info", "Alias": "ci", "Startup Cost": 0.44, "Total Cost": 46.92, "Plan Rows": 38, "Plan Width": 12, "Actual Startup Time": 0.007, "Actual Total Time": 0.078, "Actual Rows": 33, "Actual Loops": 335, "Index Cond": "(movie_id = mk.movie_id)", "Rows Removed by Index Recheck": 0, "Workers": []}]}, {"Node Type": "Index Scan", "Parent Relationship": "Inner", "Parallel Aware": false, "Async Capable": false, "Scan Direction": "Forward", "Index Name": "movie_id_movie_info", "Relation Name": "movie_info", "Alias": "mi2", "Startup Cost": 0.43, "Total Cost": 46.19, "Plan Rows": 1, "Plan Width": 8, "Actual Startup Time": 0.005, "Actual Total Time": 0.005, "Actual Rows": 1, "Actual Loops": 10932, "Index Cond": "(movie_id = ci.movie_id)", "Rows Removed by Index Recheck": 0, "Filter": "((info_type_id = 2) AND (info = 'Color'::text))", "Rows Removed by Filter": 84, "Workers": []}]}]}, {"Node Type": "Seq Scan", "Parent Relationship": "Inner", "Parallel Aware": false, "Async Capable": false, "Relation Name": "info_type", "Alias": "it1", "Startup Cost": 0.0, "Total Cost": 2.41, "Plan Rows": 1, "Plan Width": 4, "Actual Startup Time": 0.001, "Actual Total Time": 0.002, "Actual Rows": 1, "Actual Loops": 5984, "Filter": "(id = 6)", "Rows Removed by Filter": 112}]}, {"Node Type": "Seq Scan", "Parent Relationship": "Inner", "Parallel Aware": false, "Async Capable": false, "Relation Name": "info_type", "Alias": "it2", "Startup Cost": 0.0, "Total Cost": 2.41, "Plan Rows": 1, "Plan Width": 4, "Actual Startup Time": 0.001, "Actual Total Time": 0.002, "Actual Rows": 1, "Actual Loops": 5984, "Filter": "(id = 2)", "Rows Removed by Filter": 112}]}, {"Node Type": "Index Scan", "Parent Relationship": "Inner", "Parallel Aware": false, "Async Capable": false, "Scan Direction": "Forward", "Index Name": "role_type_pkey", "Relation Name": "role_type", "Alias": "rt", "Startup Cost": 0.14, "Total Cost": 0.16, "Plan Rows": 1, "Plan Width": 4, "Actual Startup Time": 0.0, "Actual Total Time": 0.0, "Actual Rows": 0, "Actual Loops": 5984, "Index Cond": "(id = ci.role_id)", "Rows Removed by Index Recheck": 0, "Filter": "((role)::text = ANY ('{cinematographer,writer}'::text[]))", "Rows Removed by Filter": 1}]}, {"Node Type": "Index Scan", "Parent Relationship": "Inner", "Parallel Aware": false, "Async Capable": false, "Scan Direction": "Forward", "Index Name": "name_pkey", "Relation Name": "name", "Alias": "n", "Startup Cost": 0.43, "Total Cost": 2.53, "Plan Rows": 1, "Plan Width": 4, "Actual Startup Time": 0.006, "Actual Total Time": 0.006, "Actual Rows": 0, "Actual Loops": 596, "Index Cond": "(id = ci.person_id)", "Rows Removed by Index Recheck": 0, "Filter": "((gender)::text = 'f'::text)", "Rows Removed by Filter": 1}]}]}, "Planning Time": 13.197, "Triggers": [], "Execution Time": 98.044}