{"Plan": {"Node Type": "Aggregate", "Strategy": "Plain", "Partial Mode": "Simple", "Parallel Aware": false, "Async Capable": false, "Startup Cost": 109008.58, "Total Cost": 109008.59, "Plan Rows": 1, "Plan Width": 8, "Actual Startup Time": 472.815, "Actual Total Time": 484.215, "Actual Rows": 1, "Actual Loops": 1, "Plans": [{"Node Type": "Nested Loop", "Parent Relationship": "Outer", "Parallel Aware": false, "Async Capable": false, "Join Type": "Inner", "Startup Cost": 84296.38, "Total Cost": 109006.97, "Plan Rows": 644, "Plan Width": 0, "Actual Startup Time": 168.265, "Actual Total Time": 432.689, "Actual Rows": 2468547, "Actual Loops": 1, "Inner Unique": false, "Plans": [{"Node Type": "Seq Scan", "Parent Relationship": "Outer", "Parallel Aware": false, "Async Capable": false, "Relation Name": "info_type", "Alias": "it1", "Startup Cost": 0.0, "Total Cost": 2.41, "Plan Rows": 1, "Plan Width": 4, "Actual Startup Time": 0.008, "Actual Total Time": 0.011, "Actual Rows": 1, "Actual Loops": 1, "Filter": "(id = 37)", "Rows Removed by Filter": 112}, {"Node Type": "Gather", "Parent Relationship": "Inner", "Parallel Aware": false, "Async Capable": false, "Startup Cost": 84296.38, "Total Cost": 108998.12, "Plan Rows": 644, "Plan Width": 4, "Actual Startup Time": 168.255, "Actual Total Time": 338.546, "Actual Rows": 2468547, "Actual Loops": 1, "Workers Planned": 3, "Workers Launched": 3, "Single Copy": false, "Plans": [{"Node Type": "Hash Join", "Parent Relationship": "Outer", "Parallel Aware": false, "Async Capable": false, "Join Type": "Inner", "Startup Cost": 83296.38, "Total Cost": 107933.72, "Plan Rows": 208, "Plan Width": 4, "Actual Startup Time": 166.995, "Actual Total Time": 316.309, "Actual Rows": 617137, "Actual Loops": 4, "Inner Unique": true, "Hash Cond": "(ci.role_id = rt.id)", "Workers": [], "Plans": [{"Node Type": "Nested Loop", "Parent Relationship": "Outer", "Parallel Aware": false, "Async Capable": false, "Join Type": "Inner", "Startup Cost": 83295.15, "Total Cost": 107930.27, "Plan Rows": 623, "Plan Width": 8, "Actual Startup Time": 166.941, "Actual Total Time": 279.439, "Actual Rows": 619612, "Actual Loops": 4, "Inner Unique": false, "Join Filter": "(n.id = ci.person_id)", "Rows Removed by Join Filter": 0, "Workers": [], "Plans": [{"Node Type": "Nested Loop", "Parent Relationship": "Outer", "Parallel Aware": false, "Async Capable": false, "Join Type": "Inner", "Startup Cost": 83294.71, "Total Cost": 106135.13, "Plan Rows": 116, "Plan Width": 16, "Actual Startup Time": 166.925, "Actual Total Time": 204.942, "Actual Rows": 2774, "Actual Loops": 4, "Inner Unique": false, "Join Filter": "(n.id = pi1.person_id)", "Rows Removed by Join Filter": 0, "Workers": [], "Plans": [{"Node Type": "Hash Join", "Parent Relationship": "Outer", "Parallel Aware": true, "Async Capable": false, "Join Type": "Inner", "Startup Cost": 83294.28, "Total Cost": 98381.08, "Plan Rows": 6455, "Plan Width": 8, "Actual Startup Time": 166.711, "Actual Total Time": 189.904, "Actual Rows": 7525, "Actual Loops": 4, "Inner Unique": true, "Hash Cond": "(an.person_id = n.id)", "Workers": [], "Plans": [{"Node Type": "Seq Scan", "Parent Relationship": "Outer", "Parallel Aware": true, "Async Capable": false, "Relation Name": "aka_name", "Alias": "an", "Startup Cost": 0.0, "Total Cost": 14323.56, "Plan Rows": 290756, "Plan Width": 4, "Actual Startup Time": 0.006, "Actual Total Time": 11.34, "Actual Rows": 225336, "Actual Loops": 4, "Workers": []}, {"Node Type": "Hash", "Parent Relationship": "Inner", "Parallel Aware": true, "Async Capable": false, "Startup Cost": 83005.16, "Total Cost": 83005.16, "Plan Rows": 23130, "Plan Width": 4, "Actual Startup Time": 166.567, "Actual Total Time": 166.567, "Actual Rows": 33438, "Actual Loops": 4, "Hash Buckets": 262144, "Original Hash Buckets": 131072, "Hash Batches": 1, "Original Hash Batches": 1, "Peak Memory Usage": 8384, "Workers": [], "Plans": [{"Node Type": "Seq Scan", "Parent Relationship": "Outer", "Parallel Aware": true, "Async Capable": false, "Relation Name": "name", "Alias": "n", "Startup Cost": 0.0, "Total Cost": 83005.16, "Plan Rows": 23130, "Plan Width": 4, "Actual Startup Time": 0.009, "Actual Total Time": 161.486, "Actual Rows": 33438, "Actual Loops": 4, "Filter": "((((gender)::text = ANY ('{f,m}'::text[])) OR (gender IS NULL)) AND (((name_pcode_nf)::text = ANY ('{A5625,B6162,C6215,C6231,D5256,J2124,J2353,J5216,K3652,P425,S5326}'::text[])) OR (name_pcode_nf IS NULL)))", "Rows Removed by Filter": 1008434, "Workers": []}]}]}, {"Node Type": "Index Scan", "Parent Relationship": "Inner", "Parallel Aware": false, "Async Capable": false, "Scan Direction": "Forward", "Index Name": "person_id_person_info", "Relation Name": "person_info", "Alias": "pi1", "Startup Cost": 0.43, "Total Cost": 1.19, "Plan Rows": 1, "Plan Width": 8, "Actual Startup Time": 0.002, "Actual Total Time": 0.002, "Actual Rows": 0, "Actual Loops": 30100, "Index Cond": "(person_id = an.person_id)", "Rows Removed by Index Recheck": 0, "Filter": "(info_type_id = 37)", "Rows Removed by Filter": 6, "Workers": []}]}, {"Node Type": "Index Scan", "Parent Relationship": "Inner", "Parallel Aware": false, "Async Capable": false, "Scan Direction": "Forward", "Index Name": "person_id_cast_info", "Relation Name": "cast_info", "Alias": "ci", "Startup Cost": 0.44, "Total Cost": 11.68, "Plan Rows": 304, "Plan Width": 8, "Actual Startup Time": 0.001, "Actual Total Time": 0.016, "Actual Rows": 223, "Actual Loops": 11097, "Index Cond": "(person_id = an.person_id)", "Rows Removed by Index Recheck": 0, "Filter": "((note = '(archive footage)'::text) OR (note IS NULL))", "Rows Removed by Filter": 35, "Workers": []}]}, {"Node Type": "Hash", "Parent Relationship": "Inner", "Parallel Aware": false, "Async Capable": false, "Startup Cost": 1.18, "Total Cost": 1.18, "Plan Rows": 4, "Plan Width": 4, "Actual Startup Time": 0.009, "Actual Total Time": 0.009, "Actual Rows": 4, "Actual Loops": 4, "Hash Buckets": 1024, "Original Hash Buckets": 1024, "Hash Batches": 1, "Original Hash Batches": 1, "Peak Memory Usage": 9, "Workers": [], "Plans": [{"Node Type": "Seq Scan", "Parent Relationship": "Outer", "Parallel Aware": false, "Async Capable": false, "Relation Name": "role_type", "Alias": "rt", "Startup Cost": 0.0, "Total Cost": 1.18, "Plan Rows": 4, "Plan Width": 4, "Actual Startup Time": 0.006, "Actual Total Time": 0.007, "Actual Rows": 4, "Actual Loops": 4, "Filter": "((role)::text = ANY ('{actor,actress,cinematographer,director}'::text[]))", "Rows Removed by Filter": 8, "Workers": []}]}]}]}]}]}, "Planning Time": 1.293, "Triggers": [], "Execution Time": 484.27}