{"Plan": {"Node Type": "Aggregate", "Strategy": "Plain", "Partial Mode": "Simple", "Parallel Aware": false, "Async Capable": false, "Startup Cost": 31303.33, "Total Cost": 31303.34, "Plan Rows": 1, "Plan Width": 8, "Actual Startup Time": 1958.595, "Actual Total Time": 1972.007, "Actual Rows": 1, "Actual Loops": 1, "Plans": [{"Node Type": "Gather", "Parent Relationship": "Outer", "Parallel Aware": false, "Async Capable": false, "Startup Cost": 1002.43, "Total Cost": 31303.33, "Plan Rows": 2, "Plan Width": 0, "Actual Startup Time": 191.291, "Actual Total Time": 1963.243, "Actual Rows": 351398, "Actual Loops": 1, "Workers Planned": 2, "Workers Launched": 2, "Single Copy": false, "Plans": [{"Node Type": "Nested Loop", "Parent Relationship": "Outer", "Parallel Aware": false, "Async Capable": false, "Join Type": "Inner", "Startup Cost": 2.43, "Total Cost": 30303.13, "Plan Rows": 1, "Plan Width": 0, "Actual Startup Time": 149.655, "Actual Total Time": 1946.305, "Actual Rows": 117133, "Actual Loops": 3, "Inner Unique": true, "Workers": [], "Plans": [{"Node Type": "Nested Loop", "Parent Relationship": "Outer", "Parallel Aware": false, "Async Capable": false, "Join Type": "Inner", "Startup Cost": 2.01, "Total Cost": 30302.69, "Plan Rows": 1, "Plan Width": 4, "Actual Startup Time": 149.634, "Actual Total Time": 1848.872, "Actual Rows": 117133, "Actual Loops": 3, "Inner Unique": false, "Workers": [], "Plans": [{"Node Type": "Nested Loop", "Parent Relationship": "Outer", "Parallel Aware": false, "Async Capable": false, "Join Type": "Inner", "Startup Cost": 2.01, "Total Cost": 30300.26, "Plan Rows": 1, "Plan Width": 8, "Actual Startup Time": 149.63, "Actual Total Time": 1564.898, "Actual Rows": 117133, "Actual Loops": 3, "Inner Unique": false, "Workers": [], "Plans": [{"Node Type": "Nested Loop", "Parent Relationship": "Outer", "Parallel Aware": false, "Async Capable": false, "Join Type": "Inner", "Startup Cost": 2.01, "Total Cost": 30297.84, "Plan Rows": 1, "Plan Width": 12, "Actual Startup Time": 149.623, "Actual Total Time": 1278.235, "Actual Rows": 117133, "Actual Loops": 3, "Inner Unique": true, "Workers": [], "Plans": [{"Node Type": "Nested Loop", "Parent Relationship": "Outer", "Parallel Aware": false, "Async Capable": false, "Join Type": "Inner", "Startup Cost": 1.86, "Total Cost": 30297.49, "Plan Rows": 1, "Plan Width": 16, "Actual Startup Time": 149.586, "Actual Total Time": 1261.189, "Actual Rows": 117133, "Actual Loops": 3, "Inner Unique": true, "Workers": [], "Plans": [{"Node Type": "Nested Loop", "Parent Relationship": "Outer", "Parallel Aware": false, "Async Capable": false, "Join Type": "Inner", "Startup Cost": 1.73, "Total Cost": 30297.33, "Plan Rows": 1, "Plan Width": 20, "Actual Startup Time": 80.276, "Actual Total Time": 1214.062, "Actual Rows": 117239, "Actual Loops": 3, "Inner Unique": false, "Join Filter": "(t.id = mi1.movie_id)", "Rows Removed by Join Filter": 0, "Workers": [], "Plans": [{"Node Type": "Nested Loop", "Parent Relationship": "Outer", "Parallel Aware": false, "Async Capable": false, "Join Type": "Inner", "Startup Cost": 1.29, "Total Cost": 30295.89, "Plan Rows": 1, "Plan Width": 32, "Actual Startup Time": 0.608, "Actual Total Time": 552.59, "Actual Rows": 216218, "Actual Loops": 3, "Inner Unique": false, "Workers": [], "Plans": [{"Node Type": "Nested Loop", "Parent Relationship": "Outer", "Parallel Aware": false, "Async Capable": false, "Join Type": "Inner", "Startup Cost": 0.86, "Total Cost": 30293.82, "Plan Rows": 1, "Plan Width": 24, "Actual Startup Time": 0.504, "Actual Total Time": 500.415, "Actual Rows": 25439, "Actual Loops": 3, "Inner Unique": true, "Workers": [], "Plans": [{"Node Type": "Nested Loop", "Parent Relationship": "Outer", "Parallel Aware": false, "Async Capable": false, "Join Type": "Inner", "Startup Cost": 0.43, "Total Cost": 30285.66, "Plan Rows": 1, "Plan Width": 16, "Actual Startup Time": 0.05, "Actual Total Time": 351.337, "Actual Rows": 129596, "Actual Loops": 3, "Inner Unique": false, "Workers": [], "Plans": [{"Node Type": "Seq Scan", "Parent Relationship": "Outer", "Parallel Aware": true, "Async Capable": false, "Relation Name": "movie_info_idx", "Alias": "mii2", "Startup Cost": 0.0, "Total Cost": 26655.97, "Plan Rows": 461, "Plan Width": 8, "Actual Startup Time": 0.036, "Actual Total Time": 129.914, "Actual Rows": 136116, "Actual Loops": 3, "Filter": "((info ~ '^(?:[1-9]\\d*|0)?(?:\\.\\d+)?$'::text) AND (info ~ '^(?:[1-9]\\d*|0)?(?:\\.\\d+)?$'::text) AND (info_type_id = 101) AND ((info)::double precision <= '9'::double precision) AND ('4'::double precision <= (info)::double precision))", "Rows Removed by Filter": 323895, "Workers": []}, {"Node Type": "Index Scan", "Parent Relationship": "Inner", "Parallel Aware": false, "Async Capable": false, "Scan Direction": "Forward", "Index Name": "movie_id_movie_info_idx", "Relation Name": "movie_info_idx", "Alias": "mii1", "Startup Cost": 0.43, "Total Cost": 7.86, "Plan Rows": 1, "Plan Width": 8, "Actual Startup Time": 0.001, "Actual Total Time": 0.002, "Actual Rows": 1, "Actual Loops": 408349, "Index Cond": "(movie_id = mii2.movie_id)", "Rows Removed by Index Recheck": 0, "Filter": "((info ~ '^(?:[1-9]\\d*|0)?(?:\\.\\d+)?$'::text) AND (info ~ '^(?:[1-9]\\d*|0)?(?:\\.\\d+)?$'::text) AND (info_type_id = 100) AND ('0'::double precision <= (info)::double precision) AND ((info)::double precision <= '1000'::double precision))", "Rows Removed by Filter": 2, "Workers": []}]}, {"Node Type": "Index Scan", "Parent Relationship": "Inner", "Parallel Aware": false, "Async Capable": false, "Scan Direction": "Forward", "Index Name": "title_pkey", "Relation Name": "title", "Alias": "t", "Startup Cost": 0.43, "Total Cost": 8.16, "Plan Rows": 1, "Plan Width": 8, "Actual Startup Time": 0.001, "Actual Total Time": 0.001, "Actual Rows": 0, "Actual Loops": 388787, "Index Cond": "(id = mii1.movie_id)", "Rows Removed by Index Recheck": 0, "Filter": "((production_year <= 1975) AND (production_year >= 1925))", "Rows Removed by Filter": 1, "Workers": []}]}, {"Node Type": "Index Scan", "Parent Relationship": "Inner", "Parallel Aware": false, "Async Capable": false, "Scan Direction": "Forward", "Index Name": "movie_id_movie_keyword", "Relation Name": "movie_keyword", "Alias": "mk", "Startup Cost": 0.43, "Total Cost": 1.61, "Plan Rows": 46, "Plan Width": 8, "Actual Startup Time": 0.001, "Actual Total Time": 0.002, "Actual Rows": 8, "Actual Loops": 76316, "Index Cond": "(movie_id = t.id)", "Rows Removed by Index Recheck": 0, "Workers": []}]}, {"Node Type": "Index Scan", "Parent Relationship": "Inner", "Parallel Aware": false, "Async Capable": false, "Scan Direction": "Forward", "Index Name": "movie_id_movie_info", "Relation Name": "movie_info", "Alias": "mi1", "Startup Cost": 0.43, "Total Cost": 1.42, "Plan Rows": 1, "Plan Width": 8, "Actual Startup Time": 0.003, "Actual Total Time": 0.003, "Actual Rows": 1, "Actual Loops": 648654, "Index Cond": "(movie_id = mk.movie_id)", "Rows Removed by Index Recheck": 0, "Filter": "(info = ANY ('{Finland:K-16,USA:Approved}'::text[]))", "Rows Removed by Filter": 24, "Workers": []}]}, {"Node Type": "Index Scan", "Parent Relationship": "Inner", "Parallel Aware": false, "Async Capable": false, "Scan Direction": "Forward", "Index Name": "kind_type_pkey", "Relation Name": "kind_type", "Alias": "kt", "Startup Cost": 0.13, "Total Cost": 0.15, "Plan Rows": 1, "Plan Width": 4, "Actual Startup Time": 0.0, "Actual Total Time": 0.0, "Actual Rows": 1, "Actual Loops": 351717, "Index Cond": "(id = t.kind_id)", "Rows Removed by Index Recheck": 0, "Filter": "((kind)::text = ANY ('{episode,movie}'::text[]))", "Rows Removed by Filter": 0, "Workers": []}]}, {"Node Type": "Memoize", "Parent Relationship": "Inner", "Parallel Aware": false, "Async Capable": false, "Startup Cost": 0.15, "Total Cost": 0.34, "Plan Rows": 1, "Plan Width": 4, "Actual Startup Time": 0.0, "Actual Total Time": 0.0, "Actual Rows": 1, "Actual Loops": 351398, "Cache Key": "mi1.info_type_id", "Cache Mode": "logical", "Cache Hits": 118776, "Cache Misses": 1, "Cache Evictions": 0, "Cache Overflows": 0, "Peak Memory Usage": 1, "Workers": [{"Worker Number": 0, "Cache Hits": 116725, "Cache Misses": 1, "Cache Evictions": 0, "Cache Overflows": 0, "Peak Memory Usage": 1}, {"Worker Number": 1, "Cache Hits": 115894, "Cache Misses": 1, "Cache Evictions": 0, "Cache Overflows": 0, "Peak Memory Usage": 1}], "Plans": [{"Node Type": "Index Only Scan", "Parent Relationship": "Outer", "Parallel Aware": false, "Async Capable": false, "Scan Direction": "Forward", "Index Name": "info_type_pkey", "Relation Name": "info_type", "Alias": "it1", "Startup Cost": 0.14, "Total Cost": 0.33, "Plan Rows": 1, "Plan Width": 4, "Actual Startup Time": 0.033, "Actual Total Time": 0.033, "Actual Rows": 1, "Actual Loops": 3, "Index Cond": "((id = mi1.info_type_id) AND (id = ANY ('{18,5}'::integer[])))", "Rows Removed by Index Recheck": 0, "Heap Fetches": 3, "Workers": []}]}]}, {"Node Type": "Seq Scan", "Parent Relationship": "Inner", "Parallel Aware": false, "Async Capable": false, "Relation Name": "info_type", "Alias": "it3", "Startup Cost": 0.0, "Total Cost": 2.41, "Plan Rows": 1, "Plan Width": 4, "Actual Startup Time": 0.002, "Actual Total Time": 0.002, "Actual Rows": 1, "Actual Loops": 351398, "Filter": "(id = 100)", "Rows Removed by Filter": 112, "Workers": []}]}, {"Node Type": "Seq Scan", "Parent Relationship": "Inner", "Parallel Aware": false, "Async Capable": false, "Relation Name": "info_type", "Alias": "it4", "Startup Cost": 0.0, "Total Cost": 2.41, "Plan Rows": 1, "Plan Width": 4, "Actual Startup Time": 0.002, "Actual Total Time": 0.002, "Actual Rows": 1, "Actual Loops": 351398, "Filter": "(id = 101)", "Rows Removed by Filter": 112, "Workers": []}]}, {"Node Type": "Index Only Scan", "Parent Relationship": "Inner", "Parallel Aware": false, "Async Capable": false, "Scan Direction": "Forward", "Index Name": "keyword_pkey", "Relation Name": "keyword", "Alias": "k", "Startup Cost": 0.42, "Total Cost": 0.44, "Plan Rows": 1, "Plan Width": 4, "Actual Startup Time": 0.001, "Actual Total Time": 0.001, "Actual Rows": 1, "Actual Loops": 351398, "Index Cond": "(id = mk.keyword_id)", "Rows Removed by Index Recheck": 0, "Heap Fetches": 351398, "Workers": []}]}]}]}, "Planning Time": 7.146, "Triggers": [], "Execution Time": 1972.099}