{"Plan": {"Node Type": "Aggregate", "Strategy": "Plain", "Partial Mode": "Simple", "Parallel Aware": false, "Async Capable": false, "Startup Cost": 31305.21, "Total Cost": 31305.22, "Plan Rows": 1, "Plan Width": 8, "Actual Startup Time": 540.72, "Actual Total Time": 547.845, "Actual Rows": 1, "Actual Loops": 1, "Plans": [{"Node Type": "Gather", "Parent Relationship": "Outer", "Parallel Aware": false, "Async Capable": false, "Startup Cost": 1002.28, "Total Cost": 31305.2, "Plan Rows": 2, "Plan Width": 0, "Actual Startup Time": 68.73, "Actual Total Time": 547.816, "Actual Rows": 721, "Actual Loops": 1, "Workers Planned": 2, "Workers Launched": 2, "Single Copy": false, "Plans": [{"Node Type": "Nested Loop", "Parent Relationship": "Outer", "Parallel Aware": false, "Async Capable": false, "Join Type": "Inner", "Startup Cost": 2.28, "Total Cost": 30305.0, "Plan Rows": 1, "Plan Width": 0, "Actual Startup Time": 38.491, "Actual Total Time": 538.763, "Actual Rows": 240, "Actual Loops": 3, "Inner Unique": true, "Workers": [], "Plans": [{"Node Type": "Nested Loop", "Parent Relationship": "Outer", "Parallel Aware": false, "Async Capable": false, "Join Type": "Inner", "Startup Cost": 1.86, "Total Cost": 30304.56, "Plan Rows": 1, "Plan Width": 4, "Actual Startup Time": 38.475, "Actual Total Time": 538.08, "Actual Rows": 240, "Actual Loops": 3, "Inner Unique": false, "Workers": [], "Plans": [{"Node Type": "Nested Loop", "Parent Relationship": "Outer", "Parallel Aware": false, "Async Capable": false, "Join Type": "Inner", "Startup Cost": 1.86, "Total Cost": 30302.14, "Plan Rows": 1, "Plan Width": 8, "Actual Startup Time": 38.472, "Actual Total Time": 537.503, "Actual Rows": 240, "Actual Loops": 3, "Inner Unique": false, "Workers": [], "Plans": [{"Node Type": "Nested Loop", "Parent Relationship": "Outer", "Parallel Aware": false, "Async Capable": false, "Join Type": "Inner", "Startup Cost": 1.86, "Total Cost": 30299.72, "Plan Rows": 1, "Plan Width": 12, "Actual Startup Time": 38.469, "Actual Total Time": 536.917, "Actual Rows": 240, "Actual Loops": 3, "Inner Unique": false, "Workers": [], "Plans": [{"Node Type": "Nested Loop", "Parent Relationship": "Outer", "Parallel Aware": false, "Async Capable": false, "Join Type": "Inner", "Startup Cost": 1.86, "Total Cost": 30297.29, "Plan Rows": 1, "Plan Width": 16, "Actual Startup Time": 38.461, "Actual Total Time": 536.303, "Actual Rows": 240, "Actual Loops": 3, "Inner Unique": true, "Workers": [], "Plans": [{"Node Type": "Nested Loop", "Parent Relationship": "Outer", "Parallel Aware": false, "Async Capable": false, "Join Type": "Inner", "Startup Cost": 1.73, "Total Cost": 30297.13, "Plan Rows": 1, "Plan Width": 20, "Actual Startup Time": 38.453, "Actual Total Time": 534.827, "Actual Rows": 3864, "Actual Loops": 3, "Inner Unique": false, "Join Filter": "(t.id = mi1.movie_id)", "Rows Removed by Join Filter": 0, "Workers": [], "Plans": [{"Node Type": "Nested Loop", "Parent Relationship": "Outer", "Parallel Aware": false, "Async Capable": false, "Join Type": "Inner", "Startup Cost": 1.29, "Total Cost": 30295.59, "Plan Rows": 1, "Plan Width": 32, "Actual Startup Time": 3.163, "Actual Total Time": 290.582, "Actual Rows": 26800, "Actual Loops": 3, "Inner Unique": false, "Workers": [], "Plans": [{"Node Type": "Nested Loop", "Parent Relationship": "Outer", "Parallel Aware": false, "Async Capable": false, "Join Type": "Inner", "Startup Cost": 0.86, "Total Cost": 30293.82, "Plan Rows": 1, "Plan Width": 24, "Actual Startup Time": 3.137, "Actual Total Time": 285.954, "Actual Rows": 324, "Actual Loops": 3, "Inner Unique": true, "Workers": [], "Plans": [{"Node Type": "Nested Loop", "Parent Relationship": "Outer", "Parallel Aware": false, "Async Capable": false, "Join Type": "Inner", "Startup Cost": 0.43, "Total Cost": 30285.66, "Plan Rows": 1, "Plan Width": 16, "Actual Startup Time": 2.159, "Actual Total Time": 283.6, "Actual Rows": 470, "Actual Loops": 3, "Inner Unique": false, "Workers": [], "Plans": [{"Node Type": "Seq Scan", "Parent Relationship": "Outer", "Parallel Aware": true, "Async Capable": false, "Relation Name": "movie_info_idx", "Alias": "mii2", "Startup Cost": 0.0, "Total Cost": 26655.97, "Plan Rows": 461, "Plan Width": 8, "Actual Startup Time": 0.032, "Actual Total Time": 125.438, "Actual Rows": 104640, "Actual Loops": 3, "Filter": "((info ~ '^(?:[1-9]\\d*|0)?(?:\\.\\d+)?$'::text) AND (info ~ '^(?:[1-9]\\d*|0)?(?:\\.\\d+)?$'::text) AND (info_type_id = 101) AND ((info)::double precision <= '8.3'::double precision) AND ('5.5'::double precision <= (info)::double precision))", "Rows Removed by Filter": 355372, "Workers": []}, {"Node Type": "Index Scan", "Parent Relationship": "Inner", "Parallel Aware": false, "Async Capable": false, "Scan Direction": "Forward", "Index Name": "movie_id_movie_info_idx", "Relation Name": "movie_info_idx", "Alias": "mii1", "Startup Cost": 0.43, "Total Cost": 7.86, "Plan Rows": 1, "Plan Width": 8, "Actual Startup Time": 0.001, "Actual Total Time": 0.001, "Actual Rows": 0, "Actual Loops": 313920, "Index Cond": "(movie_id = mii2.movie_id)", "Rows Removed by Index Recheck": 0, "Filter": "((info ~ '^(?:[1-9]\\d*|0)?(?:\\.\\d+)?$'::text) AND (info ~ '^(?:[1-9]\\d*|0)?(?:\\.\\d+)?$'::text) AND (info_type_id = 100) AND ('10000'::double precision <= (info)::double precision) AND ((info)::double precision <= '20000'::double precision))", "Rows Removed by Filter": 3, "Workers": []}]}, {"Node Type": "Index Scan", "Parent Relationship": "Inner", "Parallel Aware": false, "Async Capable": false, "Scan Direction": "Forward", "Index Name": "title_pkey", "Relation Name": "title", "Alias": "t", "Startup Cost": 0.43, "Total Cost": 8.16, "Plan Rows": 1, "Plan Width": 8, "Actual Startup Time": 0.005, "Actual Total Time": 0.005, "Actual Rows": 1, "Actual Loops": 1410, "Index Cond": "(id = mii1.movie_id)", "Rows Removed by Index Recheck": 0, "Filter": "((production_year <= 2015) AND (production_year >= 1990))", "Rows Removed by Filter": 0, "Workers": []}]}, {"Node Type": "Index Scan", "Parent Relationship": "Inner", "Parallel Aware": false, "Async Capable": false, "Scan Direction": "Forward", "Index Name": "movie_id_movie_keyword", "Relation Name": "movie_keyword", "Alias": "mk", "Startup Cost": 0.43, "Total Cost": 1.31, "Plan Rows": 46, "Plan Width": 8, "Actual Startup Time": 0.005, "Actual Total Time": 0.01, "Actual Rows": 83, "Actual Loops": 972, "Index Cond": "(movie_id = t.id)", "Rows Removed by Index Recheck": 0, "Workers": []}]}, {"Node Type": "Index Scan", "Parent Relationship": "Inner", "Parallel Aware": false, "Async Capable": false, "Scan Direction": "Forward", "Index Name": "movie_id_movie_info", "Relation Name": "movie_info", "Alias": "mi1", "Startup Cost": 0.43, "Total Cost": 1.52, "Plan Rows": 1, "Plan Width": 8, "Actual Startup Time": 0.009, "Actual Total Time": 0.009, "Actual Rows": 0, "Actual Loops": 80401, "Index Cond": "(movie_id = mk.movie_id)", "Rows Removed by Index Recheck": 0, "Filter": "((info = ANY ('{Germany,Japan}'::text[])) AND (info_type_id = 8))", "Rows Removed by Filter": 137, "Workers": []}]}, {"Node Type": "Index Scan", "Parent Relationship": "Inner", "Parallel Aware": false, "Async Capable": false, "Scan Direction": "Forward", "Index Name": "kind_type_pkey", "Relation Name": "kind_type", "Alias": "kt", "Startup Cost": 0.13, "Total Cost": 0.15, "Plan Rows": 1, "Plan Width": 4, "Actual Startup Time": 0.0, "Actual Total Time": 0.0, "Actual Rows": 0, "Actual Loops": 11591, "Index Cond": "(id = t.kind_id)", "Rows Removed by Index Recheck": 0, "Filter": "((kind)::text = ANY ('{\"tv series\",\"video movie\"}'::text[]))", "Rows Removed by Filter": 1, "Workers": []}]}, {"Node Type": "Seq Scan", "Parent Relationship": "Inner", "Parallel Aware": false, "Async Capable": false, "Relation Name": "info_type", "Alias": "it1", "Startup Cost": 0.0, "Total Cost": 2.41, "Plan Rows": 1, "Plan Width": 4, "Actual Startup Time": 0.001, "Actual Total Time": 0.002, "Actual Rows": 1, "Actual Loops": 721, "Filter": "(id = 8)", "Rows Removed by Filter": 112, "Workers": []}]}, {"Node Type": "Seq Scan", "Parent Relationship": "Inner", "Parallel Aware": false, "Async Capable": false, "Relation Name": "info_type", "Alias": "it3", "Startup Cost": 0.0, "Total Cost": 2.41, "Plan Rows": 1, "Plan Width": 4, "Actual Startup Time": 0.002, "Actual Total Time": 0.002, "Actual Rows": 1, "Actual Loops": 721, "Filter": "(id = 100)", "Rows Removed by Filter": 112, "Workers": []}]}, {"Node Type": "Seq Scan", "Parent Relationship": "Inner", "Parallel Aware": false, "Async Capable": false, "Relation Name": "info_type", "Alias": "it4", "Startup Cost": 0.0, "Total Cost": 2.41, "Plan Rows": 1, "Plan Width": 4, "Actual Startup Time": 0.002, "Actual Total Time": 0.002, "Actual Rows": 1, "Actual Loops": 721, "Filter": "(id = 101)", "Rows Removed by Filter": 112, "Workers": []}]}, {"Node Type": "Index Only Scan", "Parent Relationship": "Inner", "Parallel Aware": false, "Async Capable": false, "Scan Direction": "Forward", "Index Name": "keyword_pkey", "Relation Name": "keyword", "Alias": "k", "Startup Cost": 0.42, "Total Cost": 0.44, "Plan Rows": 1, "Plan Width": 4, "Actual Startup Time": 0.003, "Actual Total Time": 0.003, "Actual Rows": 1, "Actual Loops": 721, "Index Cond": "(id = mk.keyword_id)", "Rows Removed by Index Recheck": 0, "Heap Fetches": 721, "Workers": []}]}]}]}, "Planning Time": 6.124, "Triggers": [], "Execution Time": 548.163}