{"Plan": {"Node Type": "Aggregate", "Strategy": "Plain", "Partial Mode": "Simple", "Parallel Aware": false, "Async Capable": false, "Startup Cost": 59501.19, "Total Cost": 59501.2, "Plan Rows": 1, "Plan Width": 8, "Actual Startup Time": 41.31, "Actual Total Time": 47.366, "Actual Rows": 1, "Actual Loops": 1, "Plans": [{"Node Type": "Nested Loop", "Parent Relationship": "Outer", "Parallel Aware": false, "Async Capable": false, "Join Type": "Inner", "Startup Cost": 1003.1, "Total Cost": 59501.19, "Plan Rows": 1, "Plan Width": 0, "Actual Startup Time": 41.276, "Actual Total Time": 47.36, "Actual Rows": 1, "Actual Loops": 1, "Inner Unique": true, "Plans": [{"Node Type": "Nested Loop", "Parent Relationship": "Outer", "Parallel Aware": false, "Async Capable": false, "Join Type": "Inner", "Startup Cost": 1002.67, "Total Cost": 59498.88, "Plan Rows": 1, "Plan Width": 4, "Actual Startup Time": 41.26, "Actual Total Time": 47.344, "Actual Rows": 1, "Actual Loops": 1, "Inner Unique": false, "Plans": [{"Node Type": "Nested Loop", "Parent Relationship": "Outer", "Parallel Aware": false, "Async Capable": false, "Join Type": "Inner", "Startup Cost": 1002.67, "Total Cost": 59496.45, "Plan Rows": 1, "Plan Width": 8, "Actual Startup Time": 41.258, "Actual Total Time": 47.339, "Actual Rows": 1, "Actual Loops": 1, "Inner Unique": false, "Join Filter": "(t.id = mi2.movie_id)", "Rows Removed by Join Filter": 0, "Plans": [{"Node Type": "Nested Loop", "Parent Relationship": "Outer", "Parallel Aware": false, "Async Capable": false, "Join Type": "Inner", "Startup Cost": 1002.24, "Total Cost": 59454.12, "Plan Rows": 1, "Plan Width": 16, "Actual Startup Time": 41.241, "Actual Total Time": 47.297, "Actual Rows": 1, "Actual Loops": 1, "Inner Unique": false, "Plans": [{"Node Type": "Gather", "Parent Relationship": "Outer", "Parallel Aware": false, "Async Capable": false, "Startup Cost": 1002.24, "Total Cost": 59451.69, "Plan Rows": 1, "Plan Width": 20, "Actual Startup Time": 41.232, "Actual Total Time": 47.285, "Actual Rows": 1, "Actual Loops": 1, "Workers Planned": 4, "Workers Launched": 4, "Single Copy": false, "Plans": [{"Node Type": "Nested Loop", "Parent Relationship": "Outer", "Parallel Aware": false, "Async Capable": false, "Join Type": "Inner", "Startup Cost": 2.24, "Total Cost": 58451.59, "Plan Rows": 1, "Plan Width": 20, "Actual Startup Time": 38.014, "Actual Total Time": 39.985, "Actual Rows": 0, "Actual Loops": 5, "Inner Unique": true, "Workers": [], "Plans": [{"Node Type": "Nested Loop", "Parent Relationship": "Outer", "Parallel Aware": false, "Async Capable": false, "Join Type": "Inner", "Startup Cost": 2.1, "Total Cost": 58450.95, "Plan Rows": 4, "Plan Width": 24, "Actual Startup Time": 32.155, "Actual Total Time": 39.973, "Actual Rows": 15, "Actual Loops": 5, "Inner Unique": false, "Join Filter": "(t.id = ci.movie_id)", "Rows Removed by Join Filter": 0, "Workers": [], "Plans": [{"Node Type": "Nested Loop", "Parent Relationship": "Outer", "Parallel Aware": false, "Async Capable": false, "Join Type": "Inner", "Startup Cost": 1.66, "Total Cost": 58379.43, "Plan Rows": 1, "Plan Width": 12, "Actual Startup Time": 32.136, "Actual Total Time": 39.911, "Actual Rows": 1, "Actual Loops": 5, "Inner Unique": false, "Workers": [], "Plans": [{"Node Type": "Hash Join", "Parent Relationship": "Outer", "Parallel Aware": false, "Async Capable": false, "Join Type": "Inner", "Startup Cost": 1.2, "Total Cost": 56553.75, "Plan Rows": 11, "Plan Width": 4, "Actual Startup Time": 0.705, "Actual Total Time": 39.507, "Actual Rows": 27, "Actual Loops": 5, "Inner Unique": true, "Hash Cond": "(t.kind_id = kt.id)", "Workers": [], "Plans": [{"Node Type": "Seq Scan", "Parent Relationship": "Outer", "Parallel Aware": true, "Async Capable": false, "Relation Name": "title", "Alias": "t", "Startup Cost": 0.0, "Total Cost": 56552.49, "Plan Rows": 13, "Plan Width": 8, "Actual Startup Time": 0.65, "Actual Total Time": 39.444, "Actual Rows": 27, "Actual Loops": 5, "Filter": "((production_year <= 1990) AND (production_year >= 1950) AND (title = ANY ('{(#1.263),(#1.432),(#1.944),\"Die letzte Chance\",\"Game 6\",\"Honor Bound\",Masterpiece,Palace,\"Running Scared\",Special,\"Thats Entertainment\",\"The Dating Game\",\"The Suicide Club\",\"The Threat\"}'::text[])))", "Rows Removed by Filter": 505635, "Workers": []}, {"Node Type": "Hash", "Parent Relationship": "Inner", "Parallel Aware": false, "Async Capable": false, "Startup Cost": 1.12, "Total Cost": 1.12, "Plan Rows": 6, "Plan Width": 4, "Actual Startup Time": 0.009, "Actual Total Time": 0.01, "Actual Rows": 6, "Actual Loops": 5, "Hash Buckets": 1024, "Original Hash Buckets": 1024, "Hash Batches": 1, "Original Hash Batches": 1, "Peak Memory Usage": 9, "Workers": [], "Plans": [{"Node Type": "Seq Scan", "Parent Relationship": "Outer", "Parallel Aware": false, "Async Capable": false, "Relation Name": "kind_type", "Alias": "kt", "Startup Cost": 0.0, "Total Cost": 1.12, "Plan Rows": 6, "Plan Width": 4, "Actual Startup Time": 0.006, "Actual Total Time": 0.007, "Actual Rows": 6, "Actual Loops": 5, "Filter": "((kind)::text = ANY ('{episode,movie,\"tv movie\",\"tv series\",\"video game\",\"video movie\"}'::text[]))", "Rows Removed by Filter": 1, "Workers": []}]}]}, {"Node Type": "Index Scan", "Parent Relationship": "Inner", "Parallel Aware": false, "Async Capable": false, "Scan Direction": "Forward", "Index Name": "movie_id_movie_info", "Relation Name": "movie_info", "Alias": "mi1", "Startup Cost": 0.46, "Total Cost": 165.96, "Plan Rows": 1, "Plan Width": 8, "Actual Startup Time": 0.014, "Actual Total Time": 0.015, "Actual Rows": 0, "Actual Loops": 136, "Index Cond": "(movie_id = t.id)", "Rows Removed by Index Recheck": 0, "Filter": "((info_type_id = 8) AND (info = ANY ('{Austria,Canada,Czechoslovakia,Denmark,\"Hong Kong\",Italy,Mexico,Philippines,Poland,\"Soviet Union\",Switzerland,Yugoslavia}'::text[])))", "Rows Removed by Filter": 6, "Workers": []}]}, {"Node Type": "Index Scan", "Parent Relationship": "Inner", "Parallel Aware": false, "Async Capable": false, "Scan Direction": "Forward", "Index Name": "movie_id_cast_info", "Relation Name": "cast_info", "Alias": "ci", "Startup Cost": 0.44, "Total Cost": 71.05, "Plan Rows": 38, "Plan Width": 12, "Actual Startup Time": 0.03, "Actual Total Time": 0.097, "Actual Rows": 25, "Actual Loops": 3, "Index Cond": "(movie_id = mi1.movie_id)", "Rows Removed by Index Recheck": 0, "Workers": []}]}, {"Node Type": "Index Scan", "Parent Relationship": "Inner", "Parallel Aware": false, "Async Capable": false, "Scan Direction": "Forward", "Index Name": "role_type_pkey", "Relation Name": "role_type", "Alias": "rt", "Startup Cost": 0.14, "Total Cost": 0.16, "Plan Rows": 1, "Plan Width": 4, "Actual Startup Time": 0.001, "Actual Total Time": 0.001, "Actual Rows": 0, "Actual Loops": 75, "Index Cond": "(id = ci.role_id)", "Rows Removed by Index Recheck": 0, "Filter": "((role)::text = 'editor'::text)", "Rows Removed by Filter": 1, "Workers": []}]}]}, {"Node Type": "Seq Scan", "Parent Relationship": "Inner", "Parallel Aware": false, "Async Capable": false, "Relation Name": "info_type", "Alias": "it1", "Startup Cost": 0.0, "Total Cost": 2.41, "Plan Rows": 1, "Plan Width": 4, "Actual Startup Time": 0.008, "Actual Total Time": 0.01, "Actual Rows": 1, "Actual Loops": 1, "Filter": "(id = 8)", "Rows Removed by Filter": 112}]}, {"Node Type": "Index Scan", "Parent Relationship": "Inner", "Parallel Aware": false, "Async Capable": false, "Scan Direction": "Forward", "Index Name": "movie_id_movie_info", "Relation Name": "movie_info", "Alias": "mi2", "Startup Cost": 0.43, "Total Cost": 42.33, "Plan Rows": 1, "Plan Width": 8, "Actual Startup Time": 0.015, "Actual Total Time": 0.038, "Actual Rows": 1, "Actual Loops": 1, "Index Cond": "(movie_id = ci.movie_id)", "Rows Removed by Index Recheck": 0, "Filter": "((info_type_id = 18) AND (info = ANY ('{\"Barcelona, Catalu\u00f1a, Spain\",\"Berlin, Germany\",\"Buenos Aires, Federal District, Argentina\",\"Desilu Studios - 9336 W. Washington Blvd., Culver City, California, USA\",\"London, England, UK\",\"Los Angeles, California, USA\",\"Mexico City, Distrito Federal, Mexico\",Mexico,\"Munich, Bavaria, Germany\",\"Paris, France\",Philippines,\"Stage 9, 20th Century Fox Studios - 10201 Pico Blvd., Century City, Los Angeles, California, USA\",\"Universal Studios - 100 Universal City Plaza, Universal City, California, USA\"}'::text[])))", "Rows Removed by Filter": 12}]}, {"Node Type": "Seq Scan", "Parent Relationship": "Inner", "Parallel Aware": false, "Async Capable": false, "Relation Name": "info_type", "Alias": "it2", "Startup Cost": 0.0, "Total Cost": 2.41, "Plan Rows": 1, "Plan Width": 4, "Actual Startup Time": 0.002, "Actual Total Time": 0.003, "Actual Rows": 1, "Actual Loops": 1, "Filter": "(id = 18)", "Rows Removed by Filter": 112}]}, {"Node Type": "Index Scan", "Parent Relationship": "Inner", "Parallel Aware": false, "Async Capable": false, "Scan Direction": "Forward", "Index Name": "name_pkey", "Relation Name": "name", "Alias": "n", "Startup Cost": 0.43, "Total Cost": 2.31, "Plan Rows": 1, "Plan Width": 4, "Actual Startup Time": 0.014, "Actual Total Time": 0.014, "Actual Rows": 1, "Actual Loops": 1, "Index Cond": "(id = ci.person_id)", "Rows Removed by Index Recheck": 0, "Filter": "(((gender)::text = ANY ('{f,m}'::text[])) OR (gender IS NULL))", "Rows Removed by Filter": 0}]}]}, "Planning Time": 3.0, "Triggers": [], "Execution Time": 47.436}