{"Plan": {"Node Type": "Aggregate", "Strategy": "Plain", "Partial Mode": "Simple", "Parallel Aware": false, "Async Capable": false, "Startup Cost": 76028.38, "Total Cost": 76028.39, "Plan Rows": 1, "Plan Width": 8, "Actual Startup Time": 45.336, "Actual Total Time": 51.451, "Actual Rows": 1, "Actual Loops": 1, "Plans": [{"Node Type": "Gather", "Parent Relationship": "Outer", "Parallel Aware": false, "Async Capable": false, "Startup Cost": 1002.99, "Total Cost": 76028.37, "Plan Rows": 4, "Plan Width": 0, "Actual Startup Time": 34.715, "Actual Total Time": 51.443, "Actual Rows": 45, "Actual Loops": 1, "Workers Planned": 4, "Workers Launched": 4, "Single Copy": false, "Plans": [{"Node Type": "Nested Loop", "Parent Relationship": "Outer", "Parallel Aware": false, "Async Capable": false, "Join Type": "Inner", "Startup Cost": 2.99, "Total Cost": 75027.97, "Plan Rows": 1, "Plan Width": 0, "Actual Startup Time": 24.69, "Actual Total Time": 43.956, "Actual Rows": 9, "Actual Loops": 5, "Inner Unique": false, "Workers": [], "Plans": [{"Node Type": "Nested Loop", "Parent Relationship": "Outer", "Parallel Aware": false, "Async Capable": false, "Join Type": "Inner", "Startup Cost": 2.99, "Total Cost": 75025.55, "Plan Rows": 1, "Plan Width": 4, "Actual Startup Time": 24.688, "Actual Total Time": 43.93, "Actual Rows": 9, "Actual Loops": 5, "Inner Unique": false, "Join Filter": "(t.id = mi2.movie_id)", "Rows Removed by Join Filter": 0, "Workers": [], "Plans": [{"Node Type": "Nested Loop", "Parent Relationship": "Outer", "Parallel Aware": false, "Async Capable": false, "Join Type": "Inner", "Startup Cost": 2.55, "Total Cost": 74983.72, "Plan Rows": 1, "Plan Width": 12, "Actual Startup Time": 19.132, "Actual Total Time": 43.881, "Actual Rows": 25, "Actual Loops": 5, "Inner Unique": true, "Workers": [], "Plans": [{"Node Type": "Nested Loop", "Parent Relationship": "Outer", "Parallel Aware": false, "Async Capable": false, "Join Type": "Inner", "Startup Cost": 2.12, "Total Cost": 74979.1, "Plan Rows": 2, "Plan Width": 16, "Actual Startup Time": 19.112, "Actual Total Time": 43.682, "Actual Rows": 25, "Actual Loops": 5, "Inner Unique": true, "Workers": [], "Plans": [{"Node Type": "Nested Loop", "Parent Relationship": "Outer", "Parallel Aware": false, "Async Capable": false, "Join Type": "Inner", "Startup Cost": 1.99, "Total Cost": 74978.46, "Plan Rows": 4, "Plan Width": 20, "Actual Startup Time": 17.667, "Actual Total Time": 43.643, "Actual Rows": 49, "Actual Loops": 5, "Inner Unique": false, "Join Filter": "(t.id = ci.movie_id)", "Rows Removed by Join Filter": 0, "Workers": [], "Plans": [{"Node Type": "Nested Loop", "Parent Relationship": "Outer", "Parallel Aware": false, "Async Capable": false, "Join Type": "Inner", "Startup Cost": 1.55, "Total Cost": 74930.69, "Plan Rows": 1, "Plan Width": 8, "Actual Startup Time": 11.7, "Actual Total Time": 43.466, "Actual Rows": 4, "Actual Loops": 5, "Inner Unique": false, "Workers": [], "Plans": [{"Node Type": "Nested Loop", "Parent Relationship": "Outer", "Parallel Aware": false, "Async Capable": false, "Join Type": "Inner", "Startup Cost": 1.55, "Total Cost": 74928.27, "Plan Rows": 1, "Plan Width": 12, "Actual Startup Time": 11.693, "Actual Total Time": 43.444, "Actual Rows": 4, "Actual Loops": 5, "Inner Unique": false, "Workers": [], "Plans": [{"Node Type": "Hash Join", "Parent Relationship": "Outer", "Parallel Aware": false, "Async Capable": false, "Join Type": "Inner", "Startup Cost": 1.11, "Total Cost": 73937.5, "Plan Rows": 6, "Plan Width": 4, "Actual Startup Time": 11.653, "Actual Total Time": 43.352, "Actual Rows": 4, "Actual Loops": 5, "Inner Unique": true, "Hash Cond": "(t.kind_id = kt.id)", "Workers": [], "Plans": [{"Node Type": "Seq Scan", "Parent Relationship": "Outer", "Parallel Aware": true, "Async Capable": false, "Relation Name": "title", "Alias": "t", "Startup Cost": 0.0, "Total Cost": 73936.29, "Plan Rows": 21, "Plan Width": 8, "Actual Startup Time": 1.145, "Actual Total Time": 43.293, "Actual Rows": 54, "Actual Loops": 5, "Filter": "((production_year <= 1975) AND (production_year >= 1925) AND (title = ANY ('{(#1.125),(#1.82),(#4.17),(#4.31),(#6.11),(#6.15),(#7.15),\"A Canterbury Tale\",\"A Farewell to Arms\",\"A Life of Her Own\",\"An American in Paris\",\"Beauty and the Beast\",\"Die Ratten\",Hurricane,\"Killer McCoy\",\"Les myst\u00e8res de Paris\",Maya,\"Meet John Doe\",\"Mrs. Parkington\",\"One Good Turn\",\"San Quentin\",\"Secret Agent X-9\",\"Small Town Girl\",\"Smart Woman\",\"Storm Warning\",\"Tennessee Johnson\",\"The Barretts of Wimpole Street\",\"The Daring Young Man\",\"The Dream\",\"The Frame-Up\",\"The Great Caruso\",\"The Roaring Twenties\",\"The Three Musketeers\",\"The Whole Towns Talking\",\"Up Front\",Vengeance}'::text[])))", "Rows Removed by Filter": 505608, "Workers": []}, {"Node Type": "Hash", "Parent Relationship": "Inner", "Parallel Aware": false, "Async Capable": false, "Startup Cost": 1.09, "Total Cost": 1.09, "Plan Rows": 2, "Plan Width": 4, "Actual Startup Time": 0.01, "Actual Total Time": 0.01, "Actual Rows": 2, "Actual Loops": 5, "Hash Buckets": 1024, "Original Hash Buckets": 1024, "Hash Batches": 1, "Original Hash Batches": 1, "Peak Memory Usage": 9, "Workers": [], "Plans": [{"Node Type": "Seq Scan", "Parent Relationship": "Outer", "Parallel Aware": false, "Async Capable": false, "Relation Name": "kind_type", "Alias": "kt", "Startup Cost": 0.0, "Total Cost": 1.09, "Plan Rows": 2, "Plan Width": 4, "Actual Startup Time": 0.007, "Actual Total Time": 0.008, "Actual Rows": 2, "Actual Loops": 5, "Filter": "((kind)::text = ANY ('{\"tv movie\",\"tv series\"}'::text[]))", "Rows Removed by Filter": 5, "Workers": []}]}]}, {"Node Type": "Index Scan", "Parent Relationship": "Inner", "Parallel Aware": false, "Async Capable": false, "Scan Direction": "Forward", "Index Name": "movie_id_movie_info", "Relation Name": "movie_info", "Alias": "mi1", "Startup Cost": 0.43, "Total Cost": 165.12, "Plan Rows": 1, "Plan Width": 8, "Actual Startup Time": 0.021, "Actual Total Time": 0.022, "Actual Rows": 1, "Actual Loops": 19, "Index Cond": "(movie_id = t.id)", "Rows Removed by Index Recheck": 0, "Filter": "((info = ANY ('{\"Black and White\",Color}'::text[])) AND (info_type_id = 2))", "Rows Removed by Filter": 6, "Workers": []}]}, {"Node Type": "Seq Scan", "Parent Relationship": "Inner", "Parallel Aware": false, "Async Capable": false, "Relation Name": "info_type", "Alias": "it1", "Startup Cost": 0.0, "Total Cost": 2.41, "Plan Rows": 1, "Plan Width": 4, "Actual Startup Time": 0.003, "Actual Total Time": 0.004, "Actual Rows": 1, "Actual Loops": 18, "Filter": "(id = 2)", "Rows Removed by Filter": 112, "Workers": []}]}, {"Node Type": "Index Scan", "Parent Relationship": "Inner", "Parallel Aware": false, "Async Capable": false, "Scan Direction": "Forward", "Index Name": "movie_id_cast_info", "Relation Name": "cast_info", "Alias": "ci", "Startup Cost": 0.44, "Total Cost": 47.29, "Plan Rows": 38, "Plan Width": 12, "Actual Startup Time": 0.014, "Actual Total Time": 0.046, "Actual Rows": 14, "Actual Loops": 18, "Index Cond": "(movie_id = mi1.movie_id)", "Rows Removed by Index Recheck": 0, "Workers": []}]}, {"Node Type": "Index Scan", "Parent Relationship": "Inner", "Parallel Aware": false, "Async Capable": false, "Scan Direction": "Forward", "Index Name": "role_type_pkey", "Relation Name": "role_type", "Alias": "rt", "Startup Cost": 0.14, "Total Cost": 0.16, "Plan Rows": 1, "Plan Width": 4, "Actual Startup Time": 0.001, "Actual Total Time": 0.001, "Actual Rows": 1, "Actual Loops": 244, "Index Cond": "(id = ci.role_id)", "Rows Removed by Index Recheck": 0, "Filter": "((role)::text = ANY ('{actor,cinematographer,director,guest,\"production designer\"}'::text[]))", "Rows Removed by Filter": 0, "Workers": []}]}, {"Node Type": "Index Scan", "Parent Relationship": "Inner", "Parallel Aware": false, "Async Capable": false, "Scan Direction": "Forward", "Index Name": "name_pkey", "Relation Name": "name", "Alias": "n", "Startup Cost": 0.43, "Total Cost": 2.31, "Plan Rows": 1, "Plan Width": 4, "Actual Startup Time": 0.008, "Actual Total Time": 0.008, "Actual Rows": 1, "Actual Loops": 127, "Index Cond": "(id = ci.person_id)", "Rows Removed by Index Recheck": 0, "Filter": "(((gender)::text = 'm'::text) OR (gender IS NULL))", "Rows Removed by Filter": 0, "Workers": []}]}, {"Node Type": "Index Scan", "Parent Relationship": "Inner", "Parallel Aware": false, "Async Capable": false, "Scan Direction": "Forward", "Index Name": "movie_id_movie_info", "Relation Name": "movie_info", "Alias": "mi2", "Startup Cost": 0.43, "Total Cost": 41.81, "Plan Rows": 1, "Plan Width": 8, "Actual Startup Time": 0.001, "Actual Total Time": 0.002, "Actual Rows": 0, "Actual Loops": 126, "Index Cond": "(movie_id = ci.movie_id)", "Rows Removed by Index Recheck": 0, "Filter": "((info_type_id = 6) AND (info = ANY ('{Mono,Silent,Stereo}'::text[])))", "Rows Removed by Filter": 8, "Workers": []}]}, {"Node Type": "Seq Scan", "Parent Relationship": "Inner", "Parallel Aware": false, "Async Capable": false, "Relation Name": "info_type", "Alias": "it2", "Startup Cost": 0.0, "Total Cost": 2.41, "Plan Rows": 1, "Plan Width": 4, "Actual Startup Time": 0.001, "Actual Total Time": 0.002, "Actual Rows": 1, "Actual Loops": 45, "Filter": "(id = 6)", "Rows Removed by Filter": 112, "Workers": []}]}]}]}, "Planning Time": 2.994, "Triggers": [], "Execution Time": 51.523}