{"Plan": {"Node Type": "Aggregate", "Strategy": "Plain", "Partial Mode": "Simple", "Parallel Aware": false, "Async Capable": false, "Startup Cost": 83021.66, "Total Cost": 83021.67, "Plan Rows": 1, "Plan Width": 8, "Actual Startup Time": 50.39, "Actual Total Time": 56.64, "Actual Rows": 1, "Actual Loops": 1, "Plans": [{"Node Type": "Gather", "Parent Relationship": "Outer", "Parallel Aware": false, "Async Capable": false, "Startup Cost": 1003.05, "Total Cost": 83021.66, "Plan Rows": 2, "Plan Width": 0, "Actual Startup Time": 50.346, "Actual Total Time": 56.633, "Actual Rows": 6, "Actual Loops": 1, "Workers Planned": 4, "Workers Launched": 4, "Single Copy": false, "Plans": [{"Node Type": "Nested Loop", "Parent Relationship": "Outer", "Parallel Aware": false, "Async Capable": false, "Join Type": "Inner", "Startup Cost": 3.05, "Total Cost": 82021.46, "Plan Rows": 1, "Plan Width": 0, "Actual Startup Time": 44.655, "Actual Total Time": 48.862, "Actual Rows": 1, "Actual Loops": 5, "Inner Unique": true, "Workers": [], "Plans": [{"Node Type": "Nested Loop", "Parent Relationship": "Outer", "Parallel Aware": false, "Async Capable": false, "Join Type": "Inner", "Startup Cost": 2.62, "Total Cost": 82019.15, "Plan Rows": 1, "Plan Width": 4, "Actual Startup Time": 43.699, "Actual Total Time": 48.842, "Actual Rows": 2, "Actual Loops": 5, "Inner Unique": true, "Workers": [], "Plans": [{"Node Type": "Nested Loop", "Parent Relationship": "Outer", "Parallel Aware": false, "Async Capable": false, "Join Type": "Inner", "Startup Cost": 2.49, "Total Cost": 82018.51, "Plan Rows": 4, "Plan Width": 8, "Actual Startup Time": 43.675, "Actual Total Time": 48.83, "Actual Rows": 9, "Actual Loops": 5, "Inner Unique": false, "Join Filter": "(t.id = ci.movie_id)", "Rows Removed by Join Filter": 0, "Workers": [], "Plans": [{"Node Type": "Nested Loop", "Parent Relationship": "Outer", "Parallel Aware": false, "Async Capable": false, "Join Type": "Inner", "Startup Cost": 2.05, "Total Cost": 81969.54, "Plan Rows": 1, "Plan Width": 12, "Actual Startup Time": 43.663, "Actual Total Time": 48.799, "Actual Rows": 1, "Actual Loops": 5, "Inner Unique": false, "Workers": [], "Plans": [{"Node Type": "Nested Loop", "Parent Relationship": "Outer", "Parallel Aware": false, "Async Capable": false, "Join Type": "Inner", "Startup Cost": 2.05, "Total Cost": 81967.11, "Plan Rows": 1, "Plan Width": 16, "Actual Startup Time": 43.662, "Actual Total Time": 48.796, "Actual Rows": 1, "Actual Loops": 5, "Inner Unique": false, "Workers": [], "Plans": [{"Node Type": "Nested Loop", "Parent Relationship": "Outer", "Parallel Aware": false, "Async Capable": false, "Join Type": "Inner", "Startup Cost": 2.05, "Total Cost": 81964.69, "Plan Rows": 1, "Plan Width": 20, "Actual Startup Time": 43.652, "Actual Total Time": 48.784, "Actual Rows": 1, "Actual Loops": 5, "Inner Unique": false, "Join Filter": "(t.id = mi1.movie_id)", "Rows Removed by Join Filter": 0, "Workers": [], "Plans": [{"Node Type": "Nested Loop", "Parent Relationship": "Outer", "Parallel Aware": false, "Async Capable": false, "Join Type": "Inner", "Startup Cost": 1.61, "Total Cost": 81873.3, "Plan Rows": 2, "Plan Width": 12, "Actual Startup Time": 25.888, "Actual Total Time": 48.731, "Actual Rows": 14, "Actual Loops": 5, "Inner Unique": false, "Workers": [], "Plans": [{"Node Type": "Hash Join", "Parent Relationship": "Outer", "Parallel Aware": false, "Async Capable": false, "Join Type": "Inner", "Startup Cost": 1.18, "Total Cost": 74727.9, "Plan Rows": 44, "Plan Width": 4, "Actual Startup Time": 0.831, "Actual Total Time": 47.525, "Actual Rows": 87, "Actual Loops": 5, "Inner Unique": true, "Hash Cond": "(t.kind_id = kt.id)", "Workers": [], "Plans": [{"Node Type": "Seq Scan", "Parent Relationship": "Outer", "Parallel Aware": true, "Async Capable": false, "Relation Name": "title", "Alias": "t", "Startup Cost": 0.0, "Total Cost": 74726.47, "Plan Rows": 61, "Plan Width": 8, "Actual Startup Time": 0.779, "Actual Total Time": 47.46, "Actual Rows": 90, "Actual Loops": 5, "Filter": "((production_year <= 1975) AND (production_year >= 1875) AND (title = ANY ('{(#1.72),(#3.2),(#3.23),(#5.4),(#6.4),\"A Place in the Sun\",\"Blind Spot\",\"Brotherly Love\",Countdown,\"Der Raub der Sabinerinnen\",Diane,Eyewitness,\"False Witness\",Florian,Fury,Gasparone,\"Golden Boy\",Lilith,Martha,\"One Foot in Heaven\",\"Perfect Strangers\",Reckless,\"Shine on Harvest Moon\",Stingaree,\"Take Me Out to the Ball Game\",\"The Appointment\",\"The Comeback\",\"The Engagement\",\"The Fanatics\",\"The Feud\",\"The Good Samaritan\",\"The Great Ziegfeld\",\"The Hoodlum Saint\",\"The Raven\",\"The Women\",\"War and Peace\",\"With a Song in My Heart\"}'::text[])))", "Rows Removed by Filter": 505572, "Workers": []}, {"Node Type": "Hash", "Parent Relationship": "Inner", "Parallel Aware": false, "Async Capable": false, "Startup Cost": 1.11, "Total Cost": 1.11, "Plan Rows": 5, "Plan Width": 4, "Actual Startup Time": 0.01, "Actual Total Time": 0.011, "Actual Rows": 5, "Actual Loops": 5, "Hash Buckets": 1024, "Original Hash Buckets": 1024, "Hash Batches": 1, "Original Hash Batches": 1, "Peak Memory Usage": 9, "Workers": [], "Plans": [{"Node Type": "Seq Scan", "Parent Relationship": "Outer", "Parallel Aware": false, "Async Capable": false, "Relation Name": "kind_type", "Alias": "kt", "Startup Cost": 0.0, "Total Cost": 1.11, "Plan Rows": 5, "Plan Width": 4, "Actual Startup Time": 0.007, "Actual Total Time": 0.008, "Actual Rows": 5, "Actual Loops": 5, "Filter": "((kind)::text = ANY ('{episode,movie,\"tv series\",\"video game\",\"video movie\"}'::text[]))", "Rows Removed by Filter": 2, "Workers": []}]}]}, {"Node Type": "Index Scan", "Parent Relationship": "Inner", "Parallel Aware": false, "Async Capable": false, "Scan Direction": "Forward", "Index Name": "movie_id_movie_info", "Relation Name": "movie_info", "Alias": "mi2", "Startup Cost": 0.43, "Total Cost": 162.39, "Plan Rows": 1, "Plan Width": 8, "Actual Startup Time": 0.014, "Actual Total Time": 0.014, "Actual Rows": 0, "Actual Loops": 435, "Index Cond": "(movie_id = t.id)", "Rows Removed by Index Recheck": 0, "Filter": "((info_type_id = 3) AND (info = ANY ('{Action,Biography,Comedy,Documentary,Film-Noir,History,Mystery,Romance,Short,Thriller}'::text[])))", "Rows Removed by Filter": 8, "Workers": []}]}, {"Node Type": "Index Scan", "Parent Relationship": "Inner", "Parallel Aware": false, "Async Capable": false, "Scan Direction": "Forward", "Index Name": "movie_id_movie_info", "Relation Name": "movie_info", "Alias": "mi1", "Startup Cost": 0.43, "Total Cost": 45.68, "Plan Rows": 1, "Plan Width": 8, "Actual Startup Time": 0.003, "Actual Total Time": 0.003, "Actual Rows": 0, "Actual Loops": 71, "Index Cond": "(movie_id = mi2.movie_id)", "Rows Removed by Index Recheck": 0, "Filter": "((info_type_id = 1) AND (info = ANY ('{55,6,86,USA:50,USA:95}'::text[])))", "Rows Removed by Filter": 30, "Workers": []}]}, {"Node Type": "Seq Scan", "Parent Relationship": "Inner", "Parallel Aware": false, "Async Capable": false, "Relation Name": "info_type", "Alias": "it1", "Startup Cost": 0.0, "Total Cost": 2.41, "Plan Rows": 1, "Plan Width": 4, "Actual Startup Time": 0.012, "Actual Total Time": 0.014, "Actual Rows": 1, "Actual Loops": 4, "Filter": "(id = 1)", "Rows Removed by Filter": 112, "Workers": []}]}, {"Node Type": "Seq Scan", "Parent Relationship": "Inner", "Parallel Aware": false, "Async Capable": false, "Relation Name": "info_type", "Alias": "it2", "Startup Cost": 0.0, "Total Cost": 2.41, "Plan Rows": 1, "Plan Width": 4, "Actual Startup Time": 0.001, "Actual Total Time": 0.003, "Actual Rows": 1, "Actual Loops": 4, "Filter": "(id = 3)", "Rows Removed by Filter": 112, "Workers": []}]}, {"Node Type": "Index Scan", "Parent Relationship": "Inner", "Parallel Aware": false, "Async Capable": false, "Scan Direction": "Forward", "Index Name": "movie_id_cast_info", "Relation Name": "cast_info", "Alias": "ci", "Startup Cost": 0.44, "Total Cost": 48.5, "Plan Rows": 38, "Plan Width": 12, "Actual Startup Time": 0.013, "Actual Total Time": 0.035, "Actual Rows": 11, "Actual Loops": 4, "Index Cond": "(movie_id = mi2.movie_id)", "Rows Removed by Index Recheck": 0, "Workers": []}]}, {"Node Type": "Index Scan", "Parent Relationship": "Inner", "Parallel Aware": false, "Async Capable": false, "Scan Direction": "Forward", "Index Name": "role_type_pkey", "Relation Name": "role_type", "Alias": "rt", "Startup Cost": 0.14, "Total Cost": 0.16, "Plan Rows": 1, "Plan Width": 4, "Actual Startup Time": 0.001, "Actual Total Time": 0.001, "Actual Rows": 0, "Actual Loops": 45, "Index Cond": "(id = ci.role_id)", "Rows Removed by Index Recheck": 0, "Filter": "((role)::text = ANY ('{director,guest,\"miscellaneous crew\"}'::text[]))", "Rows Removed by Filter": 1, "Workers": []}]}, {"Node Type": "Index Scan", "Parent Relationship": "Inner", "Parallel Aware": false, "Async Capable": false, "Scan Direction": "Forward", "Index Name": "name_pkey", "Relation Name": "name", "Alias": "n", "Startup Cost": 0.43, "Total Cost": 2.31, "Plan Rows": 1, "Plan Width": 4, "Actual Startup Time": 0.008, "Actual Total Time": 0.008, "Actual Rows": 1, "Actual Loops": 11, "Index Cond": "(id = ci.person_id)", "Rows Removed by Index Recheck": 0, "Filter": "((gender)::text = 'm'::text)", "Rows Removed by Filter": 0, "Workers": []}]}]}]}, "Planning Time": 3.078, "Triggers": [], "Execution Time": 56.702}