{"Plan": {"Node Type": "Aggregate", "Strategy": "Plain", "Partial Mode": "Simple", "Parallel Aware": false, "Async Capable": false, "Startup Cost": 100028.19, "Total Cost": 100028.2, "Plan Rows": 1, "Plan Width": 8, "Actual Startup Time": 50.117, "Actual Total Time": 56.242, "Actual Rows": 1, "Actual Loops": 1, "Plans": [{"Node Type": "Nested Loop", "Parent Relationship": "Outer", "Parallel Aware": false, "Async Capable": false, "Join Type": "Inner", "Startup Cost": 1004.11, "Total Cost": 100028.19, "Plan Rows": 1, "Plan Width": 0, "Actual Startup Time": 35.743, "Actual Total Time": 56.235, "Actual Rows": 23, "Actual Loops": 1, "Inner Unique": false, "Plans": [{"Node Type": "Nested Loop", "Parent Relationship": "Outer", "Parallel Aware": false, "Async Capable": false, "Join Type": "Inner", "Startup Cost": 1004.11, "Total Cost": 100025.77, "Plan Rows": 1, "Plan Width": 4, "Actual Startup Time": 35.741, "Actual Total Time": 56.174, "Actual Rows": 23, "Actual Loops": 1, "Inner Unique": false, "Plans": [{"Node Type": "Gather", "Parent Relationship": "Outer", "Parallel Aware": false, "Async Capable": false, "Startup Cost": 1004.11, "Total Cost": 100023.34, "Plan Rows": 1, "Plan Width": 8, "Actual Startup Time": 35.733, "Actual Total Time": 56.095, "Actual Rows": 23, "Actual Loops": 1, "Workers Planned": 4, "Workers Launched": 4, "Single Copy": false, "Plans": [{"Node Type": "Nested Loop", "Parent Relationship": "Outer", "Parallel Aware": false, "Async Capable": false, "Join Type": "Inner", "Startup Cost": 4.11, "Total Cost": 99023.24, "Plan Rows": 1, "Plan Width": 8, "Actual Startup Time": 34.732, "Actual Total Time": 48.434, "Actual Rows": 5, "Actual Loops": 5, "Inner Unique": false, "Join Filter": "(t.id = mi1.movie_id)", "Rows Removed by Join Filter": 0, "Workers": [], "Plans": [{"Node Type": "Nested Loop", "Parent Relationship": "Outer", "Parallel Aware": false, "Async Capable": false, "Join Type": "Inner", "Startup Cost": 3.64, "Total Cost": 98981.34, "Plan Rows": 1, "Plan Width": 16, "Actual Startup Time": 34.725, "Actual Total Time": 48.413, "Actual Rows": 3, "Actual Loops": 5, "Inner Unique": true, "Workers": [], "Plans": [{"Node Type": "Hash Join", "Parent Relationship": "Outer", "Parallel Aware": false, "Async Capable": false, "Join Type": "Inner", "Startup Cost": 3.21, "Total Cost": 98976.72, "Plan Rows": 2, "Plan Width": 20, "Actual Startup Time": 34.706, "Actual Total Time": 48.381, "Actual Rows": 3, "Actual Loops": 5, "Inner Unique": true, "Hash Cond": "(ci.role_id = rt.id)", "Workers": [], "Plans": [{"Node Type": "Nested Loop", "Parent Relationship": "Outer", "Parallel Aware": false, "Async Capable": false, "Join Type": "Inner", "Startup Cost": 2.05, "Total Cost": 98975.49, "Plan Rows": 18, "Plan Width": 24, "Actual Startup Time": 23.925, "Actual Total Time": 48.299, "Actual Rows": 103, "Actual Loops": 5, "Inner Unique": false, "Join Filter": "(t.id = ci.movie_id)", "Rows Removed by Join Filter": 0, "Workers": [], "Plans": [{"Node Type": "Nested Loop", "Parent Relationship": "Outer", "Parallel Aware": false, "Async Capable": false, "Join Type": "Inner", "Startup Cost": 1.61, "Total Cost": 98910.56, "Plan Rows": 1, "Plan Width": 12, "Actual Startup Time": 23.611, "Actual Total Time": 48.0, "Actual Rows": 5, "Actual Loops": 5, "Inner Unique": false, "Workers": [], "Plans": [{"Node Type": "Hash Join", "Parent Relationship": "Outer", "Parallel Aware": false, "Async Capable": false, "Join Type": "Inner", "Startup Cost": 1.18, "Total Cost": 78679.3, "Plan Rows": 132, "Plan Width": 4, "Actual Startup Time": 16.589, "Actual Total Time": 47.565, "Actual Rows": 16, "Actual Loops": 5, "Inner Unique": true, "Hash Cond": "(t.kind_id = kt.id)", "Workers": [], "Plans": [{"Node Type": "Seq Scan", "Parent Relationship": "Outer", "Parallel Aware": true, "Async Capable": false, "Relation Name": "title", "Alias": "t", "Startup Cost": 0.0, "Total Cost": 78677.33, "Plan Rows": 186, "Plan Width": 8, "Actual Startup Time": 0.863, "Actual Total Time": 47.54, "Actual Rows": 131, "Actual Loops": 5, "Filter": "((production_year <= 1975) AND (production_year >= 1925) AND (title = ANY ('{(#1.106),(#1.12),(#1.61),(#1.85),(#1.94),(#4.25),(#5.27),(#6.2),(#6.23),\"Body and Soul\",\"Casino Royale\",\"Change of Heart\",Checkmate,Ch\u00fbshingura,\"Dead or Alive\",\"Dick Tracys G-Men\",\"Eagle Squadron\",Festival,\"Golden Girl\",Harlow,\"Johnny Belinda\",Laura,\"Law and Disorder\",\"Like Father, Like Son\",\"Madame Sans-G\u00eane\",\"Meet Danny Wilson\",\"On the Run\",\"Ryans Hope\",Saboteur,\"Samson and Delilah\",\"South Pacific\",\"The Avengers\",\"The Beginning or the End\",\"The Box\",\"The Greatest Story Ever Told\",\"The Hustler\",\"The Man Who Knew Too Much\",\"The Professionals\",\"The Story of Dr. Wassell\",\"This Is the Life\",\"Voyna i mir\",\"Whats in a Name?\"}'::text[])))", "Rows Removed by Filter": 505532, "Workers": []}, {"Node Type": "Hash", "Parent Relationship": "Inner", "Parallel Aware": false, "Async Capable": false, "Startup Cost": 1.11, "Total Cost": 1.11, "Plan Rows": 5, "Plan Width": 4, "Actual Startup Time": 0.007, "Actual Total Time": 0.007, "Actual Rows": 5, "Actual Loops": 5, "Hash Buckets": 1024, "Original Hash Buckets": 1024, "Hash Batches": 1, "Original Hash Batches": 1, "Peak Memory Usage": 9, "Workers": [], "Plans": [{"Node Type": "Seq Scan", "Parent Relationship": "Outer", "Parallel Aware": false, "Async Capable": false, "Relation Name": "kind_type", "Alias": "kt", "Startup Cost": 0.0, "Total Cost": 1.11, "Plan Rows": 5, "Plan Width": 4, "Actual Startup Time": 0.005, "Actual Total Time": 0.005, "Actual Rows": 5, "Actual Loops": 5, "Filter": "((kind)::text = ANY ('{movie,\"tv movie\",\"tv series\",\"video game\",\"video movie\"}'::text[]))", "Rows Removed by Filter": 2, "Workers": []}]}]}, {"Node Type": "Index Scan", "Parent Relationship": "Inner", "Parallel Aware": false, "Async Capable": false, "Scan Direction": "Forward", "Index Name": "movie_id_movie_info", "Relation Name": "movie_info", "Alias": "mi2", "Startup Cost": 0.43, "Total Cost": 153.26, "Plan Rows": 1, "Plan Width": 8, "Actual Startup Time": 0.026, "Actual Total Time": 0.027, "Actual Rows": 0, "Actual Loops": 80, "Index Cond": "(movie_id = t.id)", "Rows Removed by Index Recheck": 0, "Filter": "((info_type_id = 8) AND (info = ANY ('{Argentina,Canada,Czechoslovakia,\"Hong Kong\",Hungary,Mexico,UK,\"West Germany\",Yugoslavia}'::text[])))", "Rows Removed by Filter": 37, "Workers": []}]}, {"Node Type": "Index Scan", "Parent Relationship": "Inner", "Parallel Aware": false, "Async Capable": false, "Scan Direction": "Forward", "Index Name": "movie_id_cast_info", "Relation Name": "cast_info", "Alias": "ci", "Startup Cost": 0.44, "Total Cost": 64.46, "Plan Rows": 38, "Plan Width": 12, "Actual Startup Time": 0.01, "Actual Total Time": 0.06, "Actual Rows": 22, "Actual Loops": 24, "Index Cond": "(movie_id = mi2.movie_id)", "Rows Removed by Index Recheck": 0, "Workers": []}]}, {"Node Type": "Hash", "Parent Relationship": "Inner", "Parallel Aware": false, "Async Capable": false, "Startup Cost": 1.15, "Total Cost": 1.15, "Plan Rows": 1, "Plan Width": 4, "Actual Startup Time": 0.013, "Actual Total Time": 0.014, "Actual Rows": 1, "Actual Loops": 5, "Hash Buckets": 1024, "Original Hash Buckets": 1024, "Hash Batches": 1, "Original Hash Batches": 1, "Peak Memory Usage": 9, "Workers": [], "Plans": [{"Node Type": "Seq Scan", "Parent Relationship": "Outer", "Parallel Aware": false, "Async Capable": false, "Relation Name": "role_type", "Alias": "rt", "Startup Cost": 0.0, "Total Cost": 1.15, "Plan Rows": 1, "Plan Width": 4, "Actual Startup Time": 0.011, "Actual Total Time": 0.011, "Actual Rows": 1, "Actual Loops": 5, "Filter": "((role)::text = 'composer'::text)", "Rows Removed by Filter": 11, "Workers": []}]}]}, {"Node Type": "Index Scan", "Parent Relationship": "Inner", "Parallel Aware": false, "Async Capable": false, "Scan Direction": "Forward", "Index Name": "name_pkey", "Relation Name": "name", "Alias": "n", "Startup Cost": 0.43, "Total Cost": 2.31, "Plan Rows": 1, "Plan Width": 4, "Actual Startup Time": 0.011, "Actual Total Time": 0.011, "Actual Rows": 1, "Actual Loops": 13, "Index Cond": "(id = ci.person_id)", "Rows Removed by Index Recheck": 0, "Filter": "(((gender)::text = ANY ('{f,m}'::text[])) OR (gender IS NULL))", "Rows Removed by Filter": 0, "Workers": []}]}, {"Node Type": "Index Scan", "Parent Relationship": "Inner", "Parallel Aware": false, "Async Capable": false, "Scan Direction": "Forward", "Index Name": "movie_id_movie_info", "Relation Name": "movie_info", "Alias": "mi1", "Startup Cost": 0.46, "Total Cost": 41.89, "Plan Rows": 1, "Plan Width": 8, "Actual Startup Time": 0.003, "Actual Total Time": 0.007, "Actual Rows": 2, "Actual Loops": 13, "Index Cond": "(movie_id = ci.movie_id)", "Rows Removed by Index Recheck": 0, "Filter": "((info_type_id = 7) AND (info = ANY ('{\"MET:200 m\",OFM:Video,PCS:(anamorphic),PCS:CinemaScope,PCS:Dyaliscope,PCS:Kinescope,PCS:Panavision,PCS:Spherical,\"PFM:35 mm\",\"RAT:1.37 : 1\",\"RAT:2.20 : 1\"}'::text[])))", "Rows Removed by Filter": 40, "Workers": []}]}]}, {"Node Type": "Seq Scan", "Parent Relationship": "Inner", "Parallel Aware": false, "Async Capable": false, "Relation Name": "info_type", "Alias": "it1", "Startup Cost": 0.0, "Total Cost": 2.41, "Plan Rows": 1, "Plan Width": 4, "Actual Startup Time": 0.001, "Actual Total Time": 0.003, "Actual Rows": 1, "Actual Loops": 23, "Filter": "(id = 7)", "Rows Removed by Filter": 112}]}, {"Node Type": "Seq Scan", "Parent Relationship": "Inner", "Parallel Aware": false, "Async Capable": false, "Relation Name": "info_type", "Alias": "it2", "Startup Cost": 0.0, "Total Cost": 2.41, "Plan Rows": 1, "Plan Width": 4, "Actual Startup Time": 0.001, "Actual Total Time": 0.002, "Actual Rows": 1, "Actual Loops": 23, "Filter": "(id = 8)", "Rows Removed by Filter": 112}]}]}, "Planning Time": 3.224, "Triggers": [], "Execution Time": 56.318}