{"Plan": {"Node Type": "Sort", "Parallel Aware": false, "Async Capable": false, "Startup Cost": 310630.44, "Total Cost": 310866.94, "Plan Rows": 94600, "Plan Width": 40, "Actual Startup Time": 1513.534, "Actual Total Time": 1519.394, "Actual Rows": 77365, "Actual Loops": 1, "Sort Key": ["(count(*)) DESC"], "Sort Method": "quicksort", "Sort Space Used": 7234, "Sort Space Type": "Memory", "Plans": [{"Node Type": "Aggregate", "Strategy": "Hashed", "Partial Mode": "Simple", "Parent Relationship": "Outer", "Parallel Aware": false, "Async Capable": false, "Startup Cost": 301865.96, "Total Cost": 302811.96, "Plan Rows": 94600, "Plan Width": 40, "Actual Startup Time": 1493.493, "Actual Total Time": 1506.985, "Actual Rows": 77365, "Actual Loops": 1, "Group Key": ["n.gender", "rt.role", "cn.name"], "Planned Partitions": 0, "HashAgg Batches": 1, "Peak Memory Usage": 10769, "Disk Usage": 0, "Plans": [{"Node Type": "Nested Loop", "Parent Relationship": "Outer", "Parallel Aware": false, "Async Capable": false, "Join Type": "Inner", "Startup Cost": 1005.75, "Total Cost": 300919.96, "Plan Rows": 94600, "Plan Width": 32, "Actual Startup Time": 49.058, "Actual Total Time": 1147.175, "Actual Rows": 3430587, "Actual Loops": 1, "Inner Unique": false, "Plans": [{"Node Type": "Seq Scan", "Parent Relationship": "Outer", "Parallel Aware": false, "Async Capable": false, "Relation Name": "info_type", "Alias": "it", "Startup Cost": 0.0, "Total Cost": 2.41, "Plan Rows": 1, "Plan Width": 4, "Actual Startup Time": 0.013, "Actual Total Time": 0.017, "Actual Rows": 1, "Actual Loops": 1, "Filter": "(id = 6)", "Rows Removed by Filter": 112}, {"Node Type": "Gather", "Parent Relationship": "Inner", "Parallel Aware": false, "Async Capable": false, "Startup Cost": 1005.75, "Total Cost": 299971.55, "Plan Rows": 94600, "Plan Width": 36, "Actual Startup Time": 49.043, "Actual Total Time": 989.419, "Actual Rows": 3430587, "Actual Loops": 1, "Workers Planned": 5, "Workers Launched": 5, "Single Copy": false, "Plans": [{"Node Type": "Nested Loop", "Parent Relationship": "Outer", "Parallel Aware": false, "Async Capable": false, "Join Type": "Inner", "Startup Cost": 5.75, "Total Cost": 289511.55, "Plan Rows": 18920, "Plan Width": 36, "Actual Startup Time": 48.553, "Actual Total Time": 1352.684, "Actual Rows": 571764, "Actual Loops": 6, "Inner Unique": true, "Workers": [], "Plans": [{"Node Type": "Hash Join", "Parent Relationship": "Outer", "Parallel Aware": false, "Async Capable": false, "Join Type": "Inner", "Startup Cost": 5.32, "Total Cost": 275724.58, "Plan Rows": 18920, "Plan Width": 38, "Actual Startup Time": 48.53, "Actual Total Time": 764.314, "Actual Rows": 571764, "Actual Loops": 6, "Inner Unique": true, "Hash Cond": "(ci.role_id = rt.id)", "Workers": [], "Plans": [{"Node Type": "Nested Loop", "Parent Relationship": "Outer", "Parallel Aware": false, "Async Capable": false, "Join Type": "Inner", "Startup Cost": 3.98, "Total Cost": 275622.43, "Plan Rows": 28380, "Plan Width": 31, "Actual Startup Time": 48.391, "Actual Total Time": 713.658, "Actual Rows": 764839, "Actual Loops": 6, "Inner Unique": false, "Workers": [], "Plans": [{"Node Type": "Hash Join", "Parent Relationship": "Outer", "Parallel Aware": false, "Async Capable": false, "Join Type": "Inner", "Startup Cost": 3.54, "Total Cost": 244042.04, "Plan Rows": 1980, "Plan Width": 35, "Actual Startup Time": 48.353, "Actual Total Time": 445.344, "Actual Rows": 8853, "Actual Loops": 6, "Inner Unique": true, "Hash Cond": "(t.kind_id = kt.id)", "Workers": [], "Plans": [{"Node Type": "Hash Join", "Parent Relationship": "Outer", "Parallel Aware": false, "Async Capable": false, "Join Type": "Inner", "Startup Cost": 2.37, "Total Cost": 244032.52, "Plan Rows": 1980, "Plan Width": 39, "Actual Startup Time": 29.892, "Actual Total Time": 444.592, "Actual Rows": 9156, "Actual Loops": 6, "Inner Unique": true, "Hash Cond": "(mc.company_type_id = ct.id)", "Workers": [], "Plans": [{"Node Type": "Nested Loop", "Parent Relationship": "Outer", "Parallel Aware": false, "Async Capable": false, "Join Type": "Inner", "Startup Cost": 1.28, "Total Cost": 244020.72, "Plan Rows": 1980, "Plan Width": 43, "Actual Startup Time": 29.877, "Actual Total Time": 443.784, "Actual Rows": 9156, "Actual Loops": 6, "Inner Unique": true, "Workers": [], "Plans": [{"Node Type": "Nested Loop", "Parent Relationship": "Outer", "Parallel Aware": false, "Async Capable": false, "Join Type": "Inner", "Startup Cost": 0.86, "Total Cost": 240682.72, "Plan Rows": 6539, "Plan Width": 28, "Actual Startup Time": 29.209, "Actual Total Time": 391.87, "Actual Rows": 42145, "Actual Loops": 6, "Inner Unique": false, "Workers": [], "Plans": [{"Node Type": "Nested Loop", "Parent Relationship": "Outer", "Parallel Aware": false, "Async Capable": false, "Join Type": "Inner", "Startup Cost": 0.43, "Total Cost": 234324.59, "Plan Rows": 6337, "Plan Width": 16, "Actual Startup Time": 29.189, "Actual Total Time": 375.374, "Actual Rows": 5851, "Actual Loops": 6, "Inner Unique": true, "Workers": [], "Plans": [{"Node Type": "Seq Scan", "Parent Relationship": "Outer", "Parallel Aware": true, "Async Capable": false, "Relation Name": "movie_info", "Alias": "mi1", "Startup Cost": 0.0, "Total Cost": 206090.53, "Plan Rows": 6523, "Plan Width": 8, "Actual Startup Time": 29.159, "Actual Total Time": 359.168, "Actual Rows": 5862, "Actual Loops": 6, "Filter": "((info ~~* '%di%'::text) AND (info_type_id = 6))", "Rows Removed by Filter": 2466758, "Workers": []}, {"Node Type": "Index Scan", "Parent Relationship": "Inner", "Parallel Aware": false, "Async Capable": false, "Scan Direction": "Forward", "Index Name": "title_pkey", "Relation Name": "title", "Alias": "t", "Startup Cost": 0.43, "Total Cost": 4.33, "Plan Rows": 1, "Plan Width": 8, "Actual Startup Time": 0.003, "Actual Total Time": 0.003, "Actual Rows": 1, "Actual Loops": 35171, "Index Cond": "(id = mi1.movie_id)", "Rows Removed by Index Recheck": 0, "Filter": "((production_year <= 2015) AND (production_year >= 1875))", "Rows Removed by Filter": 0, "Workers": []}]}, {"Node Type": "Index Scan", "Parent Relationship": "Inner", "Parallel Aware": false, "Async Capable": false, "Scan Direction": "Forward", "Index Name": "movie_id_movie_companies", "Relation Name": "movie_companies", "Alias": "mc", "Startup Cost": 0.43, "Total Cost": 0.95, "Plan Rows": 5, "Plan Width": 12, "Actual Startup Time": 0.001, "Actual Total Time": 0.002, "Actual Rows": 7, "Actual Loops": 35104, "Index Cond": "(movie_id = t.id)", "Rows Removed by Index Recheck": 0, "Workers": []}]}, {"Node Type": "Index Scan", "Parent Relationship": "Inner", "Parallel Aware": false, "Async Capable": false, "Scan Direction": "Forward", "Index Name": "company_name_pkey", "Relation Name": "company_name", "Alias": "cn", "Startup Cost": 0.42, "Total Cost": 0.51, "Plan Rows": 1, "Plan Width": 23, "Actual Startup Time": 0.001, "Actual Total Time": 0.001, "Actual Rows": 0, "Actual Loops": 252871, "Index Cond": "(id = mc.company_id)", "Rows Removed by Index Recheck": 0, "Filter": "(name ~~* '%fil%'::text)", "Rows Removed by Filter": 1, "Workers": []}]}, {"Node Type": "Hash", "Parent Relationship": "Inner", "Parallel Aware": false, "Async Capable": false, "Startup Cost": 1.04, "Total Cost": 1.04, "Plan Rows": 4, "Plan Width": 4, "Actual Startup Time": 0.007, "Actual Total Time": 0.008, "Actual Rows": 4, "Actual Loops": 6, "Hash Buckets": 1024, "Original Hash Buckets": 1024, "Hash Batches": 1, "Original Hash Batches": 1, "Peak Memory Usage": 9, "Workers": [], "Plans": [{"Node Type": "Seq Scan", "Parent Relationship": "Outer", "Parallel Aware": false, "Async Capable": false, "Relation Name": "company_type", "Alias": "ct", "Startup Cost": 0.0, "Total Cost": 1.04, "Plan Rows": 4, "Plan Width": 4, "Actual Startup Time": 0.006, "Actual Total Time": 0.006, "Actual Rows": 4, "Actual Loops": 6, "Workers": []}]}]}, {"Node Type": "Hash", "Parent Relationship": "Inner", "Parallel Aware": false, "Async Capable": false, "Startup Cost": 1.09, "Total Cost": 1.09, "Plan Rows": 7, "Plan Width": 4, "Actual Startup Time": 0.02, "Actual Total Time": 0.021, "Actual Rows": 5, "Actual Loops": 6, "Hash Buckets": 1024, "Original Hash Buckets": 1024, "Hash Batches": 1, "Original Hash Batches": 1, "Peak Memory Usage": 9, "Workers": [], "Plans": [{"Node Type": "Seq Scan", "Parent Relationship": "Outer", "Parallel Aware": false, "Async Capable": false, "Relation Name": "kind_type", "Alias": "kt", "Startup Cost": 0.0, "Total Cost": 1.09, "Plan Rows": 7, "Plan Width": 4, "Actual Startup Time": 0.018, "Actual Total Time": 0.02, "Actual Rows": 5, "Actual Loops": 6, "Filter": "((kind)::text ~~* '%m%'::text)", "Rows Removed by Filter": 2, "Workers": []}]}]}, {"Node Type": "Index Scan", "Parent Relationship": "Inner", "Parallel Aware": false, "Async Capable": false, "Scan Direction": "Forward", "Index Name": "movie_id_cast_info", "Relation Name": "cast_info", "Alias": "ci", "Startup Cost": 0.44, "Total Cost": 15.57, "Plan Rows": 38, "Plan Width": 12, "Actual Startup Time": 0.001, "Actual Total Time": 0.025, "Actual Rows": 86, "Actual Loops": 53120, "Index Cond": "(movie_id = t.id)", "Rows Removed by Index Recheck": 0, "Workers": []}]}, {"Node Type": "Hash", "Parent Relationship": "Inner", "Parallel Aware": false, "Async Capable": false, "Startup Cost": 1.24, "Total Cost": 1.24, "Plan Rows": 8, "Plan Width": 15, "Actual Startup Time": 0.015, "Actual Total Time": 0.015, "Actual Rows": 8, "Actual Loops": 6, "Hash Buckets": 1024, "Original Hash Buckets": 1024, "Hash Batches": 1, "Original Hash Batches": 1, "Peak Memory Usage": 9, "Workers": [], "Plans": [{"Node Type": "Seq Scan", "Parent Relationship": "Outer", "Parallel Aware": false, "Async Capable": false, "Relation Name": "role_type", "Alias": "rt", "Startup Cost": 0.0, "Total Cost": 1.24, "Plan Rows": 8, "Plan Width": 15, "Actual Startup Time": 0.011, "Actual Total Time": 0.013, "Actual Rows": 8, "Actual Loops": 6, "Filter": "((role)::text = ANY ('{actor,\"costume designer\",director,editor,guest,\"miscellaneous crew\",\"production designer\",writer}'::text[]))", "Rows Removed by Filter": 4, "Workers": []}]}]}, {"Node Type": "Index Scan", "Parent Relationship": "Inner", "Parallel Aware": false, "Async Capable": false, "Scan Direction": "Forward", "Index Name": "name_pkey", "Relation Name": "name", "Alias": "n", "Startup Cost": 0.43, "Total Cost": 0.73, "Plan Rows": 1, "Plan Width": 6, "Actual Startup Time": 0.001, "Actual Total Time": 0.001, "Actual Rows": 1, "Actual Loops": 3430587, "Index Cond": "(id = ci.person_id)", "Rows Removed by Index Recheck": 0, "Workers": []}]}]}]}]}]}, "Planning Time": 7.122, "Triggers": [], "Execution Time": 1522.055}