{"Plan": {"Node Type": "Aggregate", "Strategy": "Plain", "Partial Mode": "Simple", "Parallel Aware": false, "Async Capable": false, "Startup Cost": 95537.54, "Total Cost": 95537.55, "Plan Rows": 1, "Plan Width": 8, "Actual Startup Time": 157.953, "Actual Total Time": 158.326, "Actual Rows": 1, "Actual Loops": 1, "Plans": [{"Node Type": "Nested Loop", "Parent Relationship": "Outer", "Parallel Aware": false, "Async Capable": false, "Join Type": "Inner", "Startup Cost": 75048.98, "Total Cost": 95536.63, "Plan Rows": 366, "Plan Width": 0, "Actual Startup Time": 75.634, "Actual Total Time": 150.019, "Actual Rows": 394271, "Actual Loops": 1, "Inner Unique": false, "Plans": [{"Node Type": "Seq Scan", "Parent Relationship": "Outer", "Parallel Aware": false, "Async Capable": false, "Relation Name": "info_type", "Alias": "it1", "Startup Cost": 0.0, "Total Cost": 2.41, "Plan Rows": 1, "Plan Width": 4, "Actual Startup Time": 0.007, "Actual Total Time": 0.01, "Actual Rows": 1, "Actual Loops": 1, "Filter": "(id = 37)", "Rows Removed by Filter": 112}, {"Node Type": "Gather", "Parent Relationship": "Inner", "Parallel Aware": false, "Async Capable": false, "Startup Cost": 75048.98, "Total Cost": 95530.55, "Plan Rows": 366, "Plan Width": 4, "Actual Startup Time": 75.625, "Actual Total Time": 134.858, "Actual Rows": 394271, "Actual Loops": 1, "Workers Planned": 3, "Workers Launched": 3, "Single Copy": false, "Plans": [{"Node Type": "Hash Join", "Parent Relationship": "Outer", "Parallel Aware": false, "Async Capable": false, "Join Type": "Inner", "Startup Cost": 74048.98, "Total Cost": 94493.95, "Plan Rows": 118, "Plan Width": 4, "Actual Startup Time": 74.524, "Actual Total Time": 131.422, "Actual Rows": 98568, "Actual Loops": 4, "Inner Unique": true, "Hash Cond": "(ci.role_id = rt.id)", "Workers": [], "Plans": [{"Node Type": "Nested Loop", "Parent Relationship": "Outer", "Parallel Aware": false, "Async Capable": false, "Join Type": "Inner", "Startup Cost": 74047.75, "Total Cost": 94491.46, "Plan Rows": 354, "Plan Width": 8, "Actual Startup Time": 74.467, "Actual Total Time": 125.355, "Actual Rows": 98914, "Actual Loops": 4, "Inner Unique": false, "Join Filter": "(n.id = ci.person_id)", "Rows Removed by Join Filter": 0, "Workers": [], "Plans": [{"Node Type": "Nested Loop", "Parent Relationship": "Outer", "Parallel Aware": false, "Async Capable": false, "Join Type": "Inner", "Startup Cost": 74047.31, "Total Cost": 93372.88, "Plan Rows": 64, "Plan Width": 16, "Actual Startup Time": 74.449, "Actual Total Time": 105.397, "Actual Rows": 793, "Actual Loops": 4, "Inner Unique": false, "Join Filter": "(n.id = pi1.person_id)", "Rows Removed by Join Filter": 0, "Workers": [], "Plans": [{"Node Type": "Hash Join", "Parent Relationship": "Outer", "Parallel Aware": true, "Async Capable": false, "Join Type": "Inner", "Startup Cost": 74046.88, "Total Cost": 89133.68, "Plan Rows": 3529, "Plan Width": 8, "Actual Startup Time": 73.784, "Actual Total Time": 98.117, "Actual Rows": 3108, "Actual Loops": 4, "Inner Unique": true, "Hash Cond": "(an.person_id = n.id)", "Workers": [], "Plans": [{"Node Type": "Seq Scan", "Parent Relationship": "Outer", "Parallel Aware": true, "Async Capable": false, "Relation Name": "aka_name", "Alias": "an", "Startup Cost": 0.0, "Total Cost": 14323.56, "Plan Rows": 290756, "Plan Width": 4, "Actual Startup Time": 0.018, "Actual Total Time": 12.704, "Actual Rows": 225336, "Actual Loops": 4, "Workers": []}, {"Node Type": "Hash", "Parent Relationship": "Inner", "Parallel Aware": true, "Async Capable": false, "Startup Cost": 73888.83, "Total Cost": 73888.83, "Plan Rows": 12644, "Plan Width": 4, "Actual Startup Time": 73.661, "Actual Total Time": 73.661, "Actual Rows": 15457, "Actual Loops": 4, "Hash Buckets": 65536, "Original Hash Buckets": 65536, "Hash Batches": 1, "Original Hash Batches": 1, "Peak Memory Usage": 2976, "Workers": [], "Plans": [{"Node Type": "Seq Scan", "Parent Relationship": "Outer", "Parallel Aware": true, "Async Capable": false, "Relation Name": "name", "Alias": "n", "Startup Cost": 0.06, "Total Cost": 73888.83, "Plan Rows": 12644, "Plan Width": 4, "Actual Startup Time": 0.01, "Actual Total Time": 72.445, "Actual Rows": 15457, "Actual Loops": 4, "Filter": "(((gender)::text = 'm'::text) AND (((name_pcode_nf)::text = ANY ('{A3525,A6361,C4562,D6424,F6535,G5356,G6212,I2652,J1435,J164,J5365,J6354,K3261,K6434,M253,M6216,M6252,P3626,P4126,P4546,R1424,R146,T252,T5414}'::text[])) OR (name_pcode_nf IS NULL)))", "Rows Removed by Filter": 1026416, "Workers": []}]}]}, {"Node Type": "Index Scan", "Parent Relationship": "Inner", "Parallel Aware": false, "Async Capable": false, "Scan Direction": "Forward", "Index Name": "person_id_person_info", "Relation Name": "person_info", "Alias": "pi1", "Startup Cost": 0.43, "Total Cost": 1.19, "Plan Rows": 1, "Plan Width": 8, "Actual Startup Time": 0.002, "Actual Total Time": 0.002, "Actual Rows": 0, "Actual Loops": 12432, "Index Cond": "(person_id = an.person_id)", "Rows Removed by Index Recheck": 0, "Filter": "(info_type_id = 37)", "Rows Removed by Filter": 7, "Workers": []}]}, {"Node Type": "Index Scan", "Parent Relationship": "Inner", "Parallel Aware": false, "Async Capable": false, "Scan Direction": "Forward", "Index Name": "person_id_cast_info", "Relation Name": "cast_info", "Alias": "ci", "Startup Cost": 0.44, "Total Cost": 13.53, "Plan Rows": 316, "Plan Width": 8, "Actual Startup Time": 0.001, "Actual Total Time": 0.019, "Actual Rows": 125, "Actual Loops": 3171, "Index Cond": "(person_id = an.person_id)", "Rows Removed by Index Recheck": 0, "Filter": "((note = ANY ('{\"(executive producer)\",\"(executive producer: Williams Street)\",\"(supervising producer)\",(uncredited),(voice)}'::text[])) OR (note IS NULL))", "Rows Removed by Filter": 141, "Workers": []}]}, {"Node Type": "Hash", "Parent Relationship": "Inner", "Parallel Aware": false, "Async Capable": false, "Startup Cost": 1.18, "Total Cost": 1.18, "Plan Rows": 4, "Plan Width": 4, "Actual Startup Time": 0.008, "Actual Total Time": 0.009, "Actual Rows": 4, "Actual Loops": 4, "Hash Buckets": 1024, "Original Hash Buckets": 1024, "Hash Batches": 1, "Original Hash Batches": 1, "Peak Memory Usage": 9, "Workers": [], "Plans": [{"Node Type": "Seq Scan", "Parent Relationship": "Outer", "Parallel Aware": false, "Async Capable": false, "Relation Name": "role_type", "Alias": "rt", "Startup Cost": 0.0, "Total Cost": 1.18, "Plan Rows": 4, "Plan Width": 4, "Actual Startup Time": 0.005, "Actual Total Time": 0.007, "Actual Rows": 4, "Actual Loops": 4, "Filter": "((role)::text = ANY ('{actor,composer,director,producer}'::text[]))", "Rows Removed by Filter": 8, "Workers": []}]}]}]}]}]}, "Planning Time": 1.317, "Triggers": [], "Execution Time": 158.371}