{"Plan": {"Node Type": "Aggregate", "Strategy": "Plain", "Partial Mode": "Simple", "Parallel Aware": false, "Async Capable": false, "Startup Cost": 506720.22, "Total Cost": 506720.23, "Plan Rows": 1, "Plan Width": 8, "Actual Startup Time": 696.728, "Actual Total Time": 707.742, "Actual Rows": 1, "Actual Loops": 1, "Plans": [{"Node Type": "Nested Loop", "Parent Relationship": "Outer", "Parallel Aware": false, "Async Capable": false, "Join Type": "Inner", "Startup Cost": 229585.01, "Total Cost": 506715.04, "Plan Rows": 2074, "Plan Width": 0, "Actual Startup Time": 239.921, "Actual Total Time": 703.86, "Actual Rows": 178824, "Actual Loops": 1, "Inner Unique": false, "Plans": [{"Node Type": "Seq Scan", "Parent Relationship": "Outer", "Parallel Aware": false, "Async Capable": false, "Relation Name": "info_type", "Alias": "it2", "Startup Cost": 0.0, "Total Cost": 2.41, "Plan Rows": 1, "Plan Width": 4, "Actual Startup Time": 0.012, "Actual Total Time": 0.016, "Actual Rows": 1, "Actual Loops": 1, "Filter": "(id = 8)", "Rows Removed by Filter": 112}, {"Node Type": "Nested Loop", "Parent Relationship": "Inner", "Parallel Aware": false, "Async Capable": false, "Join Type": "Inner", "Startup Cost": 229585.01, "Total Cost": 506691.89, "Plan Rows": 2074, "Plan Width": 4, "Actual Startup Time": 239.908, "Actual Total Time": 696.925, "Actual Rows": 178824, "Actual Loops": 1, "Inner Unique": false, "Plans": [{"Node Type": "Seq Scan", "Parent Relationship": "Outer", "Parallel Aware": false, "Async Capable": false, "Relation Name": "info_type", "Alias": "it1", "Startup Cost": 0.0, "Total Cost": 2.41, "Plan Rows": 1, "Plan Width": 4, "Actual Startup Time": 0.002, "Actual Total Time": 0.009, "Actual Rows": 1, "Actual Loops": 1, "Filter": "(id = 3)", "Rows Removed by Filter": 112}, {"Node Type": "Gather", "Parent Relationship": "Inner", "Parallel Aware": false, "Async Capable": false, "Startup Cost": 229585.01, "Total Cost": 506668.73, "Plan Rows": 2074, "Plan Width": 8, "Actual Startup Time": 239.906, "Actual Total Time": 689.572, "Actual Rows": 178824, "Actual Loops": 1, "Workers Planned": 5, "Workers Launched": 5, "Single Copy": false, "Plans": [{"Node Type": "Nested Loop", "Parent Relationship": "Outer", "Parallel Aware": false, "Async Capable": false, "Join Type": "Inner", "Startup Cost": 228585.01, "Total Cost": 505461.33, "Plan Rows": 415, "Plan Width": 8, "Actual Startup Time": 237.059, "Actual Total Time": 675.704, "Actual Rows": 29804, "Actual Loops": 6, "Inner Unique": true, "Workers": [], "Plans": [{"Node Type": "Nested Loop", "Parent Relationship": "Outer", "Parallel Aware": false, "Async Capable": false, "Join Type": "Inner", "Startup Cost": 228584.59, "Total Cost": 504471.77, "Plan Rows": 415, "Plan Width": 12, "Actual Startup Time": 237.044, "Actual Total Time": 652.417, "Actual Rows": 29804, "Actual Loops": 6, "Inner Unique": false, "Workers": [], "Plans": [{"Node Type": "Nested Loop", "Parent Relationship": "Outer", "Parallel Aware": false, "Async Capable": false, "Join Type": "Inner", "Startup Cost": 228584.16, "Total Cost": 503587.9, "Plan Rows": 232, "Plan Width": 24, "Actual Startup Time": 236.69, "Actual Total Time": 644.188, "Actual Rows": 3008, "Actual Loops": 6, "Inner Unique": true, "Workers": [], "Plans": [{"Node Type": "Hash Join", "Parent Relationship": "Outer", "Parallel Aware": false, "Async Capable": false, "Join Type": "Inner", "Startup Cost": 228583.73, "Total Cost": 502418.81, "Plan Rows": 462, "Plan Width": 28, "Actual Startup Time": 236.631, "Actual Total Time": 635.098, "Actual Rows": 3666, "Actual Loops": 6, "Inner Unique": true, "Hash Cond": "(ci.role_id = rt.id)", "Workers": [], "Plans": [{"Node Type": "Nested Loop", "Parent Relationship": "Outer", "Parallel Aware": false, "Async Capable": false, "Join Type": "Inner", "Startup Cost": 228582.55, "Total Cost": 502407.78, "Plan Rows": 2775, "Plan Width": 32, "Actual Startup Time": 236.083, "Actual Total Time": 628.986, "Actual Rows": 210732, "Actual Loops": 6, "Inner Unique": false, "Workers": [], "Plans": [{"Node Type": "Hash Join", "Parent Relationship": "Outer", "Parallel Aware": false, "Async Capable": false, "Join Type": "Inner", "Startup Cost": 228582.11, "Total Cost": 493200.1, "Plan Rows": 194, "Plan Width": 20, "Actual Startup Time": 236.054, "Actual Total Time": 428.319, "Actual Rows": 11089, "Actual Loops": 6, "Inner Unique": true, "Hash Cond": "(t.kind_id = kt.id)", "Workers": [], "Plans": [{"Node Type": "Nested Loop", "Parent Relationship": "Outer", "Parallel Aware": false, "Async Capable": false, "Join Type": "Inner", "Startup Cost": 228580.98, "Total Cost": 493197.06, "Plan Rows": 452, "Plan Width": 24, "Actual Startup Time": 236.039, "Actual Total Time": 425.407, "Actual Rows": 76573, "Actual Loops": 6, "Inner Unique": true, "Workers": [], "Plans": [{"Node Type": "Hash Join", "Parent Relationship": "Outer", "Parallel Aware": true, "Async Capable": false, "Join Type": "Inner", "Startup Cost": 228580.55, "Total Cost": 477422.51, "Plan Rows": 4893, "Plan Width": 16, "Actual Startup Time": 236.012, "Actual Total Time": 313.651, "Actual Rows": 122452, "Actual Loops": 6, "Inner Unique": false, "Hash Cond": "(mi2.movie_id = mi1.movie_id)", "Workers": [], "Plans": [{"Node Type": "Seq Scan", "Parent Relationship": "Outer", "Parallel Aware": true, "Async Capable": false, "Relation Name": "movie_info", "Alias": "mi2", "Startup Cost": 0.0, "Total Cost": 235718.89, "Plan Rows": 15138, "Plan Width": 8, "Actual Startup Time": 77.117, "Actual Total Time": 115.306, "Actual Rows": 139751, "Actual Loops": 6, "Filter": "((info_type_id = 8) AND (info = ANY ('{Belgium,Canada,Finland,Italy,Portugal,\"South Korea\",Spain,Sweden,UK,USA}'::text[])))", "Rows Removed by Filter": 2332869, "Workers": []}, {"Node Type": "Hash", "Parent Relationship": "Inner", "Parallel Aware": true, "Async Capable": false, "Startup Cost": 228311.8, "Total Cost": 228311.8, "Plan Rows": 21500, "Plan Width": 8, "Actual Startup Time": 158.569, "Actual Total Time": 158.57, "Actual Rows": 175472, "Actual Loops": 6, "Hash Buckets": 2097152, "Original Hash Buckets": 131072, "Hash Batches": 1, "Original Hash Batches": 1, "Peak Memory Usage": 73024, "Workers": [], "Plans": [{"Node Type": "Seq Scan", "Parent Relationship": "Outer", "Parallel Aware": true, "Async Capable": false, "Relation Name": "movie_info", "Alias": "mi1", "Startup Cost": 0.0, "Total Cost": 228311.8, "Plan Rows": 21500, "Plan Width": 8, "Actual Startup Time": 92.197, "Actual Total Time": 121.892, "Actual Rows": 175472, "Actual Loops": 6, "Filter": "((info_type_id = 3) AND (info = ANY ('{Animation,Comedy,Documentary,Drama,Family,Short,Sport,Talk-Show}'::text[])))", "Rows Removed by Filter": 2297148, "Workers": []}]}]}, {"Node Type": "Index Scan", "Parent Relationship": "Inner", "Parallel Aware": false, "Async Capable": false, "Scan Direction": "Forward", "Index Name": "title_pkey", "Relation Name": "title", "Alias": "t", "Startup Cost": 0.43, "Total Cost": 3.22, "Plan Rows": 1, "Plan Width": 8, "Actual Startup Time": 0.001, "Actual Total Time": 0.001, "Actual Rows": 1, "Actual Loops": 734713, "Index Cond": "(id = mi1.movie_id)", "Rows Removed by Index Recheck": 0, "Filter": "((production_year <= 2015) AND (production_year >= 1990))", "Rows Removed by Filter": 0, "Workers": []}]}, {"Node Type": "Hash", "Parent Relationship": "Inner", "Parallel Aware": false, "Async Capable": false, "Startup Cost": 1.1, "Total Cost": 1.1, "Plan Rows": 3, "Plan Width": 4, "Actual Startup Time": 0.006, "Actual Total Time": 0.006, "Actual Rows": 3, "Actual Loops": 6, "Hash Buckets": 1024, "Original Hash Buckets": 1024, "Hash Batches": 1, "Original Hash Batches": 1, "Peak Memory Usage": 9, "Workers": [], "Plans": [{"Node Type": "Seq Scan", "Parent Relationship": "Outer", "Parallel Aware": false, "Async Capable": false, "Relation Name": "kind_type", "Alias": "kt", "Startup Cost": 0.0, "Total Cost": 1.1, "Plan Rows": 3, "Plan Width": 4, "Actual Startup Time": 0.004, "Actual Total Time": 0.005, "Actual Rows": 3, "Actual Loops": 6, "Filter": "((kind)::text = ANY ('{\"tv movie\",\"tv series\",\"video game\"}'::text[]))", "Rows Removed by Filter": 4, "Workers": []}]}]}, {"Node Type": "Index Scan", "Parent Relationship": "Inner", "Parallel Aware": false, "Async Capable": false, "Scan Direction": "Forward", "Index Name": "movie_id_cast_info", "Relation Name": "cast_info", "Alias": "ci", "Startup Cost": 0.44, "Total Cost": 47.08, "Plan Rows": 38, "Plan Width": 12, "Actual Startup Time": 0.002, "Actual Total Time": 0.017, "Actual Rows": 19, "Actual Loops": 66535, "Index Cond": "(movie_id = t.id)", "Rows Removed by Index Recheck": 0, "Workers": []}]}, {"Node Type": "Hash", "Parent Relationship": "Inner", "Parallel Aware": false, "Async Capable": false, "Startup Cost": 1.15, "Total Cost": 1.15, "Plan Rows": 2, "Plan Width": 4, "Actual Startup Time": 0.012, "Actual Total Time": 0.012, "Actual Rows": 2, "Actual Loops": 6, "Hash Buckets": 1024, "Original Hash Buckets": 1024, "Hash Batches": 1, "Original Hash Batches": 1, "Peak Memory Usage": 9, "Workers": [], "Plans": [{"Node Type": "Seq Scan", "Parent Relationship": "Outer", "Parallel Aware": false, "Async Capable": false, "Relation Name": "role_type", "Alias": "rt", "Startup Cost": 0.0, "Total Cost": 1.15, "Plan Rows": 2, "Plan Width": 4, "Actual Startup Time": 0.009, "Actual Total Time": 0.01, "Actual Rows": 2, "Actual Loops": 6, "Filter": "((role)::text = ANY ('{\"costume designer\",\"production designer\"}'::text[]))", "Rows Removed by Filter": 10, "Workers": []}]}]}, {"Node Type": "Index Scan", "Parent Relationship": "Inner", "Parallel Aware": false, "Async Capable": false, "Scan Direction": "Forward", "Index Name": "name_pkey", "Relation Name": "name", "Alias": "n", "Startup Cost": 0.43, "Total Cost": 2.53, "Plan Rows": 1, "Plan Width": 4, "Actual Startup Time": 0.002, "Actual Total Time": 0.002, "Actual Rows": 1, "Actual Loops": 21999, "Index Cond": "(id = ci.person_id)", "Rows Removed by Index Recheck": 0, "Filter": "(((gender)::text = 'f'::text) OR (gender IS NULL))", "Rows Removed by Filter": 0, "Workers": []}]}, {"Node Type": "Index Scan", "Parent Relationship": "Inner", "Parallel Aware": false, "Async Capable": false, "Scan Direction": "Forward", "Index Name": "movie_id_movie_keyword", "Relation Name": "movie_keyword", "Alias": "mk", "Startup Cost": 0.43, "Total Cost": 3.35, "Plan Rows": 46, "Plan Width": 8, "Actual Startup Time": 0.002, "Actual Total Time": 0.002, "Actual Rows": 10, "Actual Loops": 18048, "Index Cond": "(movie_id = t.id)", "Rows Removed by Index Recheck": 0, "Workers": []}]}, {"Node Type": "Index Only Scan", "Parent Relationship": "Inner", "Parallel Aware": false, "Async Capable": false, "Scan Direction": "Forward", "Index Name": "keyword_pkey", "Relation Name": "keyword", "Alias": "k", "Startup Cost": 0.42, "Total Cost": 2.38, "Plan Rows": 1, "Plan Width": 4, "Actual Startup Time": 0.001, "Actual Total Time": 0.001, "Actual Rows": 1, "Actual Loops": 178824, "Index Cond": "(id = mk.keyword_id)", "Rows Removed by Index Recheck": 0, "Heap Fetches": 178824, "Workers": []}]}]}]}]}]}, "Planning Time": 12.646, "Triggers": [], "Execution Time": 707.843}