{"Plan": {"Node Type": "Aggregate", "Strategy": "Sorted", "Partial Mode": "Simple", "Parallel Aware": false, "Async Capable": false, "Startup Cost": 560367.24, "Total Cost": 562385.79, "Plan Rows": 12322, "Plan Width": 147, "Actual Startup Time": 1338.605, "Actual Total Time": 2185.924, "Actual Rows": 1633718, "Actual Loops": 1, "Group Key": ["mi1.info", "pi.info"], "Plans": [{"Node Type": "Nested Loop", "Parent Relationship": "Outer", "Parallel Aware": false, "Async Capable": false, "Join Type": "Inner", "Startup Cost": 560367.24, "Total Cost": 562170.16, "Plan Rows": 12322, "Plan Width": 139, "Actual Startup Time": 1338.589, "Actual Total Time": 2004.939, "Actual Rows": 1822685, "Actual Loops": 1, "Inner Unique": false, "Plans": [{"Node Type": "Nested Loop", "Parent Relationship": "Outer", "Parallel Aware": false, "Async Capable": false, "Join Type": "Inner", "Startup Cost": 560367.24, "Total Cost": 562013.72, "Plan Rows": 12322, "Plan Width": 143, "Actual Startup Time": 1338.584, "Actual Total Time": 1779.074, "Actual Rows": 1822685, "Actual Loops": 1, "Inner Unique": false, "Plans": [{"Node Type": "Gather Merge", "Parent Relationship": "Outer", "Parallel Aware": false, "Async Capable": false, "Startup Cost": 560367.24, "Total Cost": 561857.28, "Plan Rows": 12322, "Plan Width": 147, "Actual Startup Time": 1338.555, "Actual Total Time": 1546.267, "Actual Rows": 1822685, "Actual Loops": 1, "Workers Planned": 5, "Workers Launched": 5, "Plans": [{"Node Type": "Sort", "Parent Relationship": "Outer", "Parallel Aware": false, "Async Capable": false, "Startup Cost": 559367.16, "Total Cost": 559373.32, "Plan Rows": 2464, "Plan Width": 147, "Actual Startup Time": 1324.565, "Actual Total Time": 1343.848, "Actual Rows": 303781, "Actual Loops": 6, "Sort Key": ["mi1.info COLLATE \"C\"", "pi.info COLLATE \"C\""], "Sort Method": "external merge", "Sort Space Used": 14608, "Sort Space Type": "Disk", "Workers": [{"Worker Number": 0, "Sort Method": "external merge", "Sort Space Used": 15936, "Sort Space Type": "Disk"}, {"Worker Number": 1, "Sort Method": "external merge", "Sort Space Used": 17936, "Sort Space Type": "Disk"}, {"Worker Number": 2, "Sort Method": "external merge", "Sort Space Used": 13832, "Sort Space Type": "Disk"}, {"Worker Number": 3, "Sort Method": "external merge", "Sort Space Used": 14472, "Sort Space Type": "Disk"}, {"Worker Number": 4, "Sort Method": "external merge", "Sort Space Used": 16408, "Sort Space Type": "Disk"}], "Plans": [{"Node Type": "Hash Join", "Parent Relationship": "Outer", "Parallel Aware": false, "Async Capable": false, "Join Type": "Inner", "Startup Cost": 96968.53, "Total Cost": 559228.36, "Plan Rows": 2464, "Plan Width": 147, "Actual Startup Time": 207.664, "Actual Total Time": 1227.844, "Actual Rows": 303781, "Actual Loops": 6, "Inner Unique": true, "Hash Cond": "(ci.role_id = rt.id)", "Workers": [], "Plans": [{"Node Type": "Hash Join", "Parent Relationship": "Outer", "Parallel Aware": true, "Async Capable": false, "Join Type": "Inner", "Startup Cost": 96967.19, "Total Cost": 559213.89, "Plan Rows": 3697, "Plan Width": 151, "Actual Startup Time": 207.574, "Actual Total Time": 1205.734, "Actual Rows": 336892, "Actual Loops": 6, "Inner Unique": false, "Hash Cond": "(ci.person_id = n.id)", "Workers": [], "Plans": [{"Node Type": "Nested Loop", "Parent Relationship": "Outer", "Parallel Aware": false, "Async Capable": false, "Join Type": "Inner", "Startup Cost": 2.02, "Total Cost": 461742.95, "Plan Rows": 132409, "Plan Width": 54, "Actual Startup Time": 0.205, "Actual Total Time": 891.31, "Actual Rows": 806447, "Actual Loops": 6, "Inner Unique": false, "Workers": [], "Plans": [{"Node Type": "Hash Join", "Parent Relationship": "Outer", "Parallel Aware": false, "Async Capable": false, "Join Type": "Inner", "Startup Cost": 1.58, "Total Cost": 251709.44, "Plan Rows": 9237, "Plan Width": 54, "Actual Startup Time": 0.181, "Actual Total Time": 448.442, "Actual Rows": 45249, "Actual Loops": 6, "Inner Unique": true, "Hash Cond": "(t.kind_id = kt.id)", "Workers": [], "Plans": [{"Node Type": "Nested Loop", "Parent Relationship": "Outer", "Parallel Aware": false, "Async Capable": false, "Join Type": "Inner", "Startup Cost": 0.43, "Total Cost": 251640.16, "Plan Rows": 16166, "Plan Width": 58, "Actual Startup Time": 0.158, "Actual Total Time": 444.565, "Actual Rows": 49865, "Actual Loops": 6, "Inner Unique": true, "Workers": [], "Plans": [{"Node Type": "Seq Scan", "Parent Relationship": "Outer", "Parallel Aware": true, "Async Capable": false, "Relation Name": "movie_info", "Alias": "mi1", "Startup Cost": 0.0, "Total Cost": 206090.53, "Plan Rows": 16166, "Plan Width": 50, "Actual Startup Time": 0.14, "Actual Total Time": 379.104, "Actual Rows": 49865, "Actual Loops": 6, "Filter": "((info ~~* '%uk:%'::text) AND (info_type_id = 16))", "Rows Removed by Filter": 2422755, "Workers": []}, {"Node Type": "Index Scan", "Parent Relationship": "Inner", "Parallel Aware": false, "Async Capable": false, "Scan Direction": "Forward", "Index Name": "title_pkey", "Relation Name": "title", "Alias": "t", "Startup Cost": 0.43, "Total Cost": 2.82, "Plan Rows": 1, "Plan Width": 8, "Actual Startup Time": 0.001, "Actual Total Time": 0.001, "Actual Rows": 1, "Actual Loops": 299192, "Index Cond": "(id = mi1.movie_id)", "Rows Removed by Index Recheck": 0, "Workers": []}]}, {"Node Type": "Hash", "Parent Relationship": "Inner", "Parallel Aware": false, "Async Capable": false, "Startup Cost": 1.1, "Total Cost": 1.1, "Plan Rows": 4, "Plan Width": 4, "Actual Startup Time": 0.009, "Actual Total Time": 0.01, "Actual Rows": 4, "Actual Loops": 6, "Hash Buckets": 1024, "Original Hash Buckets": 1024, "Hash Batches": 1, "Original Hash Batches": 1, "Peak Memory Usage": 9, "Workers": [], "Plans": [{"Node Type": "Seq Scan", "Parent Relationship": "Outer", "Parallel Aware": false, "Async Capable": false, "Relation Name": "kind_type", "Alias": "kt", "Startup Cost": 0.0, "Total Cost": 1.1, "Plan Rows": 4, "Plan Width": 4, "Actual Startup Time": 0.007, "Actual Total Time": 0.007, "Actual Rows": 4, "Actual Loops": 6, "Filter": "((kind)::text = ANY ('{episode,movie,\"tv mini series\",\"video game\"}'::text[]))", "Rows Removed by Filter": 3, "Workers": []}]}]}, {"Node Type": "Index Scan", "Parent Relationship": "Inner", "Parallel Aware": false, "Async Capable": false, "Scan Direction": "Forward", "Index Name": "movie_id_cast_info", "Relation Name": "cast_info", "Alias": "ci", "Startup Cost": 0.44, "Total Cost": 22.36, "Plan Rows": 38, "Plan Width": 12, "Actual Startup Time": 0.001, "Actual Total Time": 0.009, "Actual Rows": 18, "Actual Loops": 271492, "Index Cond": "(movie_id = t.id)", "Rows Removed by Index Recheck": 0, "Workers": []}]}, {"Node Type": "Hash", "Parent Relationship": "Inner", "Parallel Aware": true, "Async Capable": false, "Startup Cost": 96601.57, "Total Cost": 96601.57, "Plan Rows": 29087, "Plan Width": 109, "Actual Startup Time": 207.269, "Actual Total Time": 207.27, "Actual Rows": 53785, "Actual Loops": 6, "Hash Buckets": 524288, "Original Hash Buckets": 131072, "Hash Batches": 1, "Original Hash Batches": 1, "Peak Memory Usage": 26880, "Workers": [], "Plans": [{"Node Type": "Nested Loop", "Parent Relationship": "Outer", "Parallel Aware": false, "Async Capable": false, "Join Type": "Inner", "Startup Cost": 0.43, "Total Cost": 96601.57, "Plan Rows": 29087, "Plan Width": 109, "Actual Startup Time": 0.05, "Actual Total Time": 195.393, "Actual Rows": 53785, "Actual Loops": 6, "Inner Unique": true, "Workers": [], "Plans": [{"Node Type": "Seq Scan", "Parent Relationship": "Outer", "Parallel Aware": true, "Async Capable": false, "Relation Name": "person_info", "Alias": "pi", "Startup Cost": 0.0, "Total Cost": 62183.96, "Plan Rows": 29087, "Plan Width": 105, "Actual Startup Time": 0.026, "Actual Total Time": 148.382, "Actual Rows": 53785, "Actual Loops": 6, "Filter": "((info ~~* '%19%'::text) AND (info_type_id = 21))", "Rows Removed by Filter": 440159, "Workers": []}, {"Node Type": "Index Only Scan", "Parent Relationship": "Inner", "Parallel Aware": false, "Async Capable": false, "Scan Direction": "Forward", "Index Name": "name_pkey", "Relation Name": "name", "Alias": "n", "Startup Cost": 0.43, "Total Cost": 1.18, "Plan Rows": 1, "Plan Width": 4, "Actual Startup Time": 0.001, "Actual Total Time": 0.001, "Actual Rows": 1, "Actual Loops": 322711, "Index Cond": "(id = pi.person_id)", "Rows Removed by Index Recheck": 0, "Heap Fetches": 0, "Workers": []}]}]}]}, {"Node Type": "Hash", "Parent Relationship": "Inner", "Parallel Aware": false, "Async Capable": false, "Startup Cost": 1.24, "Total Cost": 1.24, "Plan Rows": 8, "Plan Width": 4, "Actual Startup Time": 0.011, "Actual Total Time": 0.012, "Actual Rows": 8, "Actual Loops": 6, "Hash Buckets": 1024, "Original Hash Buckets": 1024, "Hash Batches": 1, "Original Hash Batches": 1, "Peak Memory Usage": 9, "Workers": [], "Plans": [{"Node Type": "Seq Scan", "Parent Relationship": "Outer", "Parallel Aware": false, "Async Capable": false, "Relation Name": "role_type", "Alias": "rt", "Startup Cost": 0.0, "Total Cost": 1.24, "Plan Rows": 8, "Plan Width": 4, "Actual Startup Time": 0.008, "Actual Total Time": 0.009, "Actual Rows": 8, "Actual Loops": 6, "Filter": "((role)::text = ANY ('{actor,actress,cinematographer,composer,guest,\"miscellaneous crew\",\"production designer\",writer}'::text[]))", "Rows Removed by Filter": 4, "Workers": []}]}]}]}]}, {"Node Type": "Materialize", "Parent Relationship": "Inner", "Parallel Aware": false, "Async Capable": false, "Startup Cost": 0.0, "Total Cost": 2.42, "Plan Rows": 1, "Plan Width": 4, "Actual Startup Time": 0.0, "Actual Total Time": 0.0, "Actual Rows": 1, "Actual Loops": 1822685, "Plans": [{"Node Type": "Seq Scan", "Parent Relationship": "Outer", "Parallel Aware": false, "Async Capable": false, "Relation Name": "info_type", "Alias": "it1", "Startup Cost": 0.0, "Total Cost": 2.41, "Plan Rows": 1, "Plan Width": 4, "Actual Startup Time": 0.021, "Actual Total Time": 0.025, "Actual Rows": 1, "Actual Loops": 1, "Filter": "(id = 16)", "Rows Removed by Filter": 112}]}]}, {"Node Type": "Materialize", "Parent Relationship": "Inner", "Parallel Aware": false, "Async Capable": false, "Startup Cost": 0.0, "Total Cost": 2.42, "Plan Rows": 1, "Plan Width": 4, "Actual Startup Time": 0.0, "Actual Total Time": 0.0, "Actual Rows": 1, "Actual Loops": 1822685, "Plans": [{"Node Type": "Seq Scan", "Parent Relationship": "Outer", "Parallel Aware": false, "Async Capable": false, "Relation Name": "info_type", "Alias": "it2", "Startup Cost": 0.0, "Total Cost": 2.41, "Plan Rows": 1, "Plan Width": 4, "Actual Startup Time": 0.003, "Actual Total Time": 0.007, "Actual Rows": 1, "Actual Loops": 1, "Filter": "(id = 21)", "Rows Removed by Filter": 112}]}]}]}, "Planning Time": 2.974, "Triggers": [], "Execution Time": 2218.311}