{"Plan": {"Node Type": "Sort", "Parallel Aware": false, "Async Capable": false, "Startup Cost": 251397.23, "Total Cost": 251425.97, "Plan Rows": 11495, "Plan Width": 40, "Actual Startup Time": 1128.951, "Actual Total Time": 1145.392, "Actual Rows": 7849, "Actual Loops": 1, "Sort Key": ["(count(*)) DESC"], "Sort Method": "quicksort", "Sort Space Used": 718, "Sort Space Type": "Memory", "Plans": [{"Node Type": "Aggregate", "Strategy": "Sorted", "Partial Mode": "Simple", "Parent Relationship": "Outer", "Parallel Aware": false, "Async Capable": false, "Startup Cost": 248869.62, "Total Cost": 250621.97, "Plan Rows": 11495, "Plan Width": 40, "Actual Startup Time": 1003.574, "Actual Total Time": 1144.379, "Actual Rows": 7849, "Actual Loops": 1, "Group Key": ["n.gender", "rt.role", "cn.name"], "Plans": [{"Node Type": "Nested Loop", "Parent Relationship": "Outer", "Parallel Aware": false, "Async Capable": false, "Join Type": "Inner", "Startup Cost": 248869.62, "Total Cost": 250392.07, "Plan Rows": 11495, "Plan Width": 32, "Actual Startup Time": 1003.562, "Actual Total Time": 1122.644, "Actual Rows": 492770, "Actual Loops": 1, "Inner Unique": false, "Plans": [{"Node Type": "Gather Merge", "Parent Relationship": "Outer", "Parallel Aware": false, "Async Capable": false, "Startup Cost": 248869.62, "Total Cost": 250245.97, "Plan Rows": 11495, "Plan Width": 36, "Actual Startup Time": 1003.546, "Actual Total Time": 1061.589, "Actual Rows": 492770, "Actual Loops": 1, "Workers Planned": 4, "Workers Launched": 4, "Plans": [{"Node Type": "Sort", "Parent Relationship": "Outer", "Parallel Aware": false, "Async Capable": false, "Startup Cost": 247869.56, "Total Cost": 247876.74, "Plan Rows": 2874, "Plan Width": 36, "Actual Startup Time": 1000.199, "Actual Total Time": 1006.34, "Actual Rows": 98554, "Actual Loops": 5, "Sort Key": ["n.gender COLLATE \"C\"", "rt.role COLLATE \"C\"", "cn.name COLLATE \"C\""], "Sort Method": "external merge", "Sort Space Used": 4648, "Sort Space Type": "Disk", "Workers": [{"Worker Number": 0, "Sort Method": "external merge", "Sort Space Used": 5272, "Sort Space Type": "Disk"}, {"Worker Number": 1, "Sort Method": "external merge", "Sort Space Used": 5104, "Sort Space Type": "Disk"}, {"Worker Number": 2, "Sort Method": "external merge", "Sort Space Used": 4968, "Sort Space Type": "Disk"}, {"Worker Number": 3, "Sort Method": "external merge", "Sort Space Used": 5104, "Sort Space Type": "Disk"}], "Plans": [{"Node Type": "Nested Loop", "Parent Relationship": "Outer", "Parallel Aware": false, "Async Capable": false, "Join Type": "Inner", "Startup Cost": 6.06, "Total Cost": 247704.46, "Plan Rows": 2874, "Plan Width": 36, "Actual Startup Time": 60.78, "Actual Total Time": 965.509, "Actual Rows": 98554, "Actual Loops": 5, "Inner Unique": true, "Workers": [], "Plans": [{"Node Type": "Hash Join", "Parent Relationship": "Outer", "Parallel Aware": false, "Async Capable": false, "Join Type": "Inner", "Startup Cost": 5.63, "Total Cost": 245610.19, "Plan Rows": 2874, "Plan Width": 38, "Actual Startup Time": 60.761, "Actual Total Time": 837.349, "Actual Rows": 98554, "Actual Loops": 5, "Inner Unique": true, "Hash Cond": "(ci.role_id = rt.id)", "Workers": [], "Plans": [{"Node Type": "Nested Loop", "Parent Relationship": "Outer", "Parallel Aware": false, "Async Capable": false, "Join Type": "Inner", "Startup Cost": 4.43, "Total Cost": 245568.15, "Plan Rows": 11495, "Plan Width": 31, "Actual Startup Time": 60.671, "Actual Total Time": 813.454, "Actual Rows": 649866, "Actual Loops": 5, "Inner Unique": false, "Join Filter": "(t.id = ci.movie_id)", "Rows Removed by Join Filter": 0, "Workers": [], "Plans": [{"Node Type": "Hash Join", "Parent Relationship": "Outer", "Parallel Aware": false, "Async Capable": false, "Join Type": "Inner", "Startup Cost": 3.99, "Total Cost": 232717.76, "Plan Rows": 802, "Plan Width": 35, "Actual Startup Time": 60.645, "Actual Total Time": 540.039, "Actual Rows": 5587, "Actual Loops": 5, "Inner Unique": true, "Hash Cond": "(t.kind_id = kt.id)", "Workers": [], "Plans": [{"Node Type": "Hash Join", "Parent Relationship": "Outer", "Parallel Aware": false, "Async Capable": false, "Join Type": "Inner", "Startup Cost": 2.81, "Total Cost": 232713.2, "Plan Rows": 802, "Plan Width": 39, "Actual Startup Time": 1.454, "Actual Total Time": 539.5, "Actual Rows": 6270, "Actual Loops": 5, "Inner Unique": true, "Hash Cond": "(mc.company_type_id = ct.id)", "Workers": [], "Plans": [{"Node Type": "Nested Loop", "Parent Relationship": "Outer", "Parallel Aware": false, "Async Capable": false, "Join Type": "Inner", "Startup Cost": 1.73, "Total Cost": 232707.78, "Plan Rows": 802, "Plan Width": 43, "Actual Startup Time": 1.439, "Actual Total Time": 538.915, "Actual Rows": 6270, "Actual Loops": 5, "Inner Unique": false, "Join Filter": "(t.id = mi1.movie_id)", "Rows Removed by Join Filter": 0, "Workers": [], "Plans": [{"Node Type": "Nested Loop", "Parent Relationship": "Outer", "Parallel Aware": false, "Async Capable": false, "Join Type": "Inner", "Startup Cost": 1.29, "Total Cost": 86975.48, "Plan Rows": 13958, "Plan Width": 35, "Actual Startup Time": 0.304, "Actual Total Time": 310.407, "Actual Rows": 16885, "Actual Loops": 5, "Inner Unique": true, "Workers": [], "Plans": [{"Node Type": "Nested Loop", "Parent Relationship": "Outer", "Parallel Aware": false, "Async Capable": false, "Join Type": "Inner", "Startup Cost": 0.86, "Total Cost": 72969.63, "Plan Rows": 19880, "Plan Width": 27, "Actual Startup Time": 0.236, "Actual Total Time": 250.322, "Actual Rows": 30263, "Actual Loops": 5, "Inner Unique": true, "Workers": [], "Plans": [{"Node Type": "Index Scan", "Parent Relationship": "Outer", "Parallel Aware": true, "Async Capable": false, "Scan Direction": "Forward", "Index Name": "company_type_id_movie_companies", "Relation Name": "movie_companies", "Alias": "mc", "Startup Cost": 0.43, "Total Cost": 46611.9, "Plan Rows": 652282, "Plan Width": 12, "Actual Startup Time": 0.086, "Actual Total Time": 41.339, "Actual Rows": 521826, "Actual Loops": 5, "Workers": []}, {"Node Type": "Memoize", "Parent Relationship": "Inner", "Parallel Aware": false, "Async Capable": false, "Startup Cost": 0.43, "Total Cost": 0.52, "Plan Rows": 1, "Plan Width": 23, "Actual Startup Time": 0.0, "Actual Total Time": 0.0, "Actual Rows": 0, "Actual Loops": 2609129, "Cache Key": "mc.company_id", "Cache Mode": "logical", "Cache Hits": 450189, "Cache Misses": 89181, "Cache Evictions": 0, "Cache Overflows": 0, "Peak Memory Usage": 6207, "Workers": [{"Worker Number": 0, "Cache Hits": 434854, "Cache Misses": 89153, "Cache Evictions": 0, "Cache Overflows": 0, "Peak Memory Usage": 6204}, {"Worker Number": 1, "Cache Hits": 425610, "Cache Misses": 91351, "Cache Evictions": 0, "Cache Overflows": 0, "Peak Memory Usage": 6362}, {"Worker Number": 2, "Cache Hits": 415356, "Cache Misses": 89420, "Cache Evictions": 0, "Cache Overflows": 0, "Peak Memory Usage": 6225}, {"Worker Number": 3, "Cache Hits": 434282, "Cache Misses": 89733, "Cache Evictions": 0, "Cache Overflows": 0, "Peak Memory Usage": 6251}], "Plans": [{"Node Type": "Index Scan", "Parent Relationship": "Outer", "Parallel Aware": false, "Async Capable": false, "Scan Direction": "Forward", "Index Name": "company_name_pkey", "Relation Name": "company_name", "Alias": "cn", "Startup Cost": 0.42, "Total Cost": 0.51, "Plan Rows": 1, "Plan Width": 23, "Actual Startup Time": 0.001, "Actual Total Time": 0.001, "Actual Rows": 0, "Actual Loops": 448838, "Index Cond": "(id = mc.company_id)", "Rows Removed by Index Recheck": 0, "Filter": "(name ~~* '%ve%'::text)", "Rows Removed by Filter": 1, "Workers": []}]}]}, {"Node Type": "Index Scan", "Parent Relationship": "Inner", "Parallel Aware": false, "Async Capable": false, "Scan Direction": "Forward", "Index Name": "title_pkey", "Relation Name": "title", "Alias": "t", "Startup Cost": 0.43, "Total Cost": 0.7, "Plan Rows": 1, "Plan Width": 8, "Actual Startup Time": 0.002, "Actual Total Time": 0.002, "Actual Rows": 1, "Actual Loops": 151314, "Index Cond": "(id = mc.movie_id)", "Rows Removed by Index Recheck": 0, "Filter": "((production_year <= 2015) AND (production_year >= 1990))", "Rows Removed by Filter": 0, "Workers": []}]}, {"Node Type": "Index Scan", "Parent Relationship": "Inner", "Parallel Aware": false, "Async Capable": false, "Scan Direction": "Forward", "Index Name": "movie_id_movie_info", "Relation Name": "movie_info", "Alias": "mi1", "Startup Cost": 0.43, "Total Cost": 10.43, "Plan Rows": 1, "Plan Width": 8, "Actual Startup Time": 0.007, "Actual Total Time": 0.013, "Actual Rows": 0, "Actual Loops": 84424, "Index Cond": "(movie_id = mc.movie_id)", "Rows Removed by Index Recheck": 0, "Filter": "((info ~~* '%d%'::text) AND (info_type_id = 6))", "Rows Removed by Filter": 34, "Workers": []}]}, {"Node Type": "Hash", "Parent Relationship": "Inner", "Parallel Aware": false, "Async Capable": false, "Startup Cost": 1.04, "Total Cost": 1.04, "Plan Rows": 4, "Plan Width": 4, "Actual Startup Time": 0.008, "Actual Total Time": 0.009, "Actual Rows": 4, "Actual Loops": 5, "Hash Buckets": 1024, "Original Hash Buckets": 1024, "Hash Batches": 1, "Original Hash Batches": 1, "Peak Memory Usage": 9, "Workers": [], "Plans": [{"Node Type": "Seq Scan", "Parent Relationship": "Outer", "Parallel Aware": false, "Async Capable": false, "Relation Name": "company_type", "Alias": "ct", "Startup Cost": 0.0, "Total Cost": 1.04, "Plan Rows": 4, "Plan Width": 4, "Actual Startup Time": 0.007, "Actual Total Time": 0.007, "Actual Rows": 4, "Actual Loops": 5, "Workers": []}]}]}, {"Node Type": "Hash", "Parent Relationship": "Inner", "Parallel Aware": false, "Async Capable": false, "Startup Cost": 1.09, "Total Cost": 1.09, "Plan Rows": 7, "Plan Width": 4, "Actual Startup Time": 0.011, "Actual Total Time": 0.012, "Actual Rows": 5, "Actual Loops": 5, "Hash Buckets": 1024, "Original Hash Buckets": 1024, "Hash Batches": 1, "Original Hash Batches": 1, "Peak Memory Usage": 9, "Workers": [], "Plans": [{"Node Type": "Seq Scan", "Parent Relationship": "Outer", "Parallel Aware": false, "Async Capable": false, "Relation Name": "kind_type", "Alias": "kt", "Startup Cost": 0.0, "Total Cost": 1.09, "Plan Rows": 7, "Plan Width": 4, "Actual Startup Time": 0.009, "Actual Total Time": 0.01, "Actual Rows": 5, "Actual Loops": 5, "Filter": "((kind)::text ~~* '%m%'::text)", "Rows Removed by Filter": 2, "Workers": []}]}]}, {"Node Type": "Index Scan", "Parent Relationship": "Inner", "Parallel Aware": false, "Async Capable": false, "Scan Direction": "Forward", "Index Name": "movie_id_cast_info", "Relation Name": "cast_info", "Alias": "ci", "Startup Cost": 0.44, "Total Cost": 15.55, "Plan Rows": 38, "Plan Width": 12, "Actual Startup Time": 0.002, "Actual Total Time": 0.041, "Actual Rows": 116, "Actual Loops": 27937, "Index Cond": "(movie_id = mc.movie_id)", "Rows Removed by Index Recheck": 0, "Workers": []}]}, {"Node Type": "Hash", "Parent Relationship": "Inner", "Parallel Aware": false, "Async Capable": false, "Startup Cost": 1.17, "Total Cost": 1.17, "Plan Rows": 3, "Plan Width": 15, "Actual Startup Time": 0.01, "Actual Total Time": 0.011, "Actual Rows": 3, "Actual Loops": 5, "Hash Buckets": 1024, "Original Hash Buckets": 1024, "Hash Batches": 1, "Original Hash Batches": 1, "Peak Memory Usage": 9, "Workers": [], "Plans": [{"Node Type": "Seq Scan", "Parent Relationship": "Outer", "Parallel Aware": false, "Async Capable": false, "Relation Name": "role_type", "Alias": "rt", "Startup Cost": 0.0, "Total Cost": 1.17, "Plan Rows": 3, "Plan Width": 15, "Actual Startup Time": 0.007, "Actual Total Time": 0.008, "Actual Rows": 3, "Actual Loops": 5, "Filter": "((role)::text = ANY ('{actress,composer,editor}'::text[]))", "Rows Removed by Filter": 9, "Workers": []}]}]}, {"Node Type": "Index Scan", "Parent Relationship": "Inner", "Parallel Aware": false, "Async Capable": false, "Scan Direction": "Forward", "Index Name": "name_pkey", "Relation Name": "name", "Alias": "n", "Startup Cost": 0.43, "Total Cost": 0.73, "Plan Rows": 1, "Plan Width": 6, "Actual Startup Time": 0.001, "Actual Total Time": 0.001, "Actual Rows": 1, "Actual Loops": 492770, "Index Cond": "(id = ci.person_id)", "Rows Removed by Index Recheck": 0, "Workers": []}]}]}]}, {"Node Type": "Materialize", "Parent Relationship": "Inner", "Parallel Aware": false, "Async Capable": false, "Startup Cost": 0.0, "Total Cost": 2.42, "Plan Rows": 1, "Plan Width": 4, "Actual Startup Time": 0.0, "Actual Total Time": 0.0, "Actual Rows": 1, "Actual Loops": 492770, "Plans": [{"Node Type": "Seq Scan", "Parent Relationship": "Outer", "Parallel Aware": false, "Async Capable": false, "Relation Name": "info_type", "Alias": "it", "Startup Cost": 0.0, "Total Cost": 2.41, "Plan Rows": 1, "Plan Width": 4, "Actual Startup Time": 0.013, "Actual Total Time": 0.015, "Actual Rows": 1, "Actual Loops": 1, "Filter": "(id = 6)", "Rows Removed by Filter": 112}]}]}]}]}, "Planning Time": 7.312, "Triggers": [], "Execution Time": 1146.324}