{"Plan": {"Node Type": "Aggregate", "Strategy": "Plain", "Partial Mode": "Simple", "Parallel Aware": false, "Async Capable": false, "Startup Cost": 81473.61, "Total Cost": 81473.62, "Plan Rows": 1, "Plan Width": 8, "Actual Startup Time": 64.898, "Actual Total Time": 72.716, "Actual Rows": 1, "Actual Loops": 1, "Plans": [{"Node Type": "Nested Loop", "Parent Relationship": "Outer", "Parallel Aware": false, "Async Capable": false, "Join Type": "Inner", "Startup Cost": 1002.52, "Total Cost": 81473.57, "Plan Rows": 17, "Plan Width": 0, "Actual Startup Time": 30.958, "Actual Total Time": 72.281, "Actual Rows": 20178, "Actual Loops": 1, "Inner Unique": false, "Plans": [{"Node Type": "Seq Scan", "Parent Relationship": "Outer", "Parallel Aware": false, "Async Capable": false, "Relation Name": "info_type", "Alias": "it1", "Startup Cost": 0.0, "Total Cost": 2.41, "Plan Rows": 1, "Plan Width": 4, "Actual Startup Time": 0.006, "Actual Total Time": 0.009, "Actual Rows": 1, "Actual Loops": 1, "Filter": "(id = 22)", "Rows Removed by Filter": 112}, {"Node Type": "Gather", "Parent Relationship": "Inner", "Parallel Aware": false, "Async Capable": false, "Startup Cost": 1002.52, "Total Cost": 81470.99, "Plan Rows": 17, "Plan Width": 4, "Actual Startup Time": 30.951, "Actual Total Time": 71.489, "Actual Rows": 20178, "Actual Loops": 1, "Workers Planned": 4, "Workers Launched": 4, "Single Copy": false, "Plans": [{"Node Type": "Hash Join", "Parent Relationship": "Outer", "Parallel Aware": false, "Async Capable": false, "Join Type": "Inner", "Startup Cost": 2.52, "Total Cost": 80469.29, "Plan Rows": 4, "Plan Width": 4, "Actual Startup Time": 27.836, "Actual Total Time": 62.798, "Actual Rows": 4036, "Actual Loops": 5, "Inner Unique": true, "Hash Cond": "(ci.role_id = rt.id)", "Workers": [], "Plans": [{"Node Type": "Nested Loop", "Parent Relationship": "Outer", "Parallel Aware": false, "Async Capable": false, "Join Type": "Inner", "Startup Cost": 1.35, "Total Cost": 80468.02, "Plan Rows": 26, "Plan Width": 8, "Actual Startup Time": 27.781, "Actual Total Time": 62.492, "Actual Rows": 4041, "Actual Loops": 5, "Inner Unique": false, "Join Filter": "(n.id = ci.person_id)", "Rows Removed by Join Filter": 0, "Workers": [], "Plans": [{"Node Type": "Nested Loop", "Parent Relationship": "Outer", "Parallel Aware": false, "Async Capable": false, "Join Type": "Inner", "Startup Cost": 0.91, "Total Cost": 80381.13, "Plan Rows": 5, "Plan Width": 16, "Actual Startup Time": 27.762, "Actual Total Time": 61.676, "Actual Rows": 48, "Actual Loops": 5, "Inner Unique": false, "Join Filter": "(n.id = pi1.person_id)", "Rows Removed by Join Filter": 0, "Workers": [], "Plans": [{"Node Type": "Nested Loop", "Parent Relationship": "Outer", "Parallel Aware": false, "Async Capable": false, "Join Type": "Inner", "Startup Cost": 0.48, "Total Cost": 80212.96, "Plan Rows": 140, "Plan Width": 8, "Actual Startup Time": 26.582, "Actual Total Time": 61.161, "Actual Rows": 142, "Actual Loops": 5, "Inner Unique": false, "Workers": [], "Plans": [{"Node Type": "Seq Scan", "Parent Relationship": "Outer", "Parallel Aware": true, "Async Capable": false, "Relation Name": "name", "Alias": "n", "Startup Cost": 0.06, "Total Cost": 73888.83, "Plan Rows": 650, "Plan Width": 4, "Actual Startup Time": 26.305, "Actual Total Time": 60.016, "Actual Rows": 732, "Actual Loops": 5, "Filter": "(((gender)::text = 'f'::text) AND ((name_pcode_nf)::text = ANY ('{A1654,A2362,A4252,A5263,B6462,D235,D5464,E6246,H2425,J2432,K6523,K6532,L16,L5342,M415,N5236,P4125,P6545,S35,S6235,W53,Z4261}'::text[])))", "Rows Removed by Filter": 832766, "Workers": []}, {"Node Type": "Index Only Scan", "Parent Relationship": "Inner", "Parallel Aware": false, "Async Capable": false, "Scan Direction": "Forward", "Index Name": "person_id_aka_name", "Relation Name": "aka_name", "Alias": "an", "Startup Cost": 0.42, "Total Cost": 9.71, "Plan Rows": 2, "Plan Width": 4, "Actual Startup Time": 0.001, "Actual Total Time": 0.001, "Actual Rows": 0, "Actual Loops": 3661, "Index Cond": "(person_id = n.id)", "Rows Removed by Index Recheck": 0, "Heap Fetches": 710, "Workers": []}]}, {"Node Type": "Index Scan", "Parent Relationship": "Inner", "Parallel Aware": false, "Async Capable": false, "Scan Direction": "Forward", "Index Name": "person_id_person_info", "Relation Name": "person_info", "Alias": "pi1", "Startup Cost": 0.43, "Total Cost": 1.19, "Plan Rows": 1, "Plan Width": 8, "Actual Startup Time": 0.003, "Actual Total Time": 0.003, "Actual Rows": 0, "Actual Loops": 710, "Index Cond": "(person_id = an.person_id)", "Rows Removed by Index Recheck": 0, "Filter": "(info_type_id = 22)", "Rows Removed by Filter": 7, "Workers": []}]}, {"Node Type": "Index Scan", "Parent Relationship": "Inner", "Parallel Aware": false, "Async Capable": false, "Scan Direction": "Forward", "Index Name": "person_id_cast_info", "Relation Name": "cast_info", "Alias": "ci", "Startup Cost": 0.44, "Total Cost": 13.53, "Plan Rows": 308, "Plan Width": 8, "Actual Startup Time": 0.004, "Actual Total Time": 0.013, "Actual Rows": 84, "Actual Loops": 240, "Index Cond": "(person_id = an.person_id)", "Rows Removed by Index Recheck": 0, "Filter": "((note = ANY ('{\"(as Linda Lacoste)\",\"(credit only)\",\"(dancer: title sequence)\",\"(script supervisor)\",(voice)}'::text[])) OR (note IS NULL))", "Rows Removed by Filter": 32, "Workers": []}]}, {"Node Type": "Hash", "Parent Relationship": "Inner", "Parallel Aware": false, "Async Capable": false, "Startup Cost": 1.15, "Total Cost": 1.15, "Plan Rows": 2, "Plan Width": 4, "Actual Startup Time": 0.009, "Actual Total Time": 0.01, "Actual Rows": 2, "Actual Loops": 5, "Hash Buckets": 1024, "Original Hash Buckets": 1024, "Hash Batches": 1, "Original Hash Batches": 1, "Peak Memory Usage": 9, "Workers": [], "Plans": [{"Node Type": "Seq Scan", "Parent Relationship": "Outer", "Parallel Aware": false, "Async Capable": false, "Relation Name": "role_type", "Alias": "rt", "Startup Cost": 0.0, "Total Cost": 1.15, "Plan Rows": 2, "Plan Width": 4, "Actual Startup Time": 0.007, "Actual Total Time": 0.008, "Actual Rows": 2, "Actual Loops": 5, "Filter": "((role)::text = ANY ('{actress,\"miscellaneous crew\"}'::text[]))", "Rows Removed by Filter": 10, "Workers": []}]}]}]}]}]}, "Planning Time": 1.277, "Triggers": [], "Execution Time": 72.762}