{"Plan": {"Node Type": "Aggregate", "Strategy": "Plain", "Partial Mode": "Simple", "Parallel Aware": false, "Async Capable": false, "Startup Cost": 24943.44, "Total Cost": 24943.45, "Plan Rows": 1, "Plan Width": 8, "Actual Startup Time": 55.816, "Actual Total Time": 55.864, "Actual Rows": 1, "Actual Loops": 1, "Plans": [{"Node Type": "Nested Loop", "Parent Relationship": "Outer", "Parallel Aware": false, "Async Capable": false, "Join Type": "Inner", "Startup Cost": 1004.32, "Total Cost": 24943.44, "Plan Rows": 1, "Plan Width": 0, "Actual Startup Time": 5.496, "Actual Total Time": 55.856, "Actual Rows": 33, "Actual Loops": 1, "Inner Unique": true, "Plans": [{"Node Type": "Nested Loop", "Parent Relationship": "Outer", "Parallel Aware": false, "Async Capable": false, "Join Type": "Inner", "Startup Cost": 1003.89, "Total Cost": 24940.91, "Plan Rows": 1, "Plan Width": 4, "Actual Startup Time": 1.909, "Actual Total Time": 53.739, "Actual Rows": 509, "Actual Loops": 1, "Inner Unique": true, "Plans": [{"Node Type": "Nested Loop", "Parent Relationship": "Outer", "Parallel Aware": false, "Async Capable": false, "Join Type": "Inner", "Startup Cost": 1003.76, "Total Cost": 24940.74, "Plan Rows": 1, "Plan Width": 8, "Actual Startup Time": 1.709, "Actual Total Time": 48.801, "Actual Rows": 13717, "Actual Loops": 1, "Inner Unique": false, "Join Filter": "(t.id = ci.movie_id)", "Rows Removed by Join Filter": 0, "Plans": [{"Node Type": "Nested Loop", "Parent Relationship": "Outer", "Parallel Aware": false, "Async Capable": false, "Join Type": "Inner", "Startup Cost": 1003.32, "Total Cost": 24893.34, "Plan Rows": 1, "Plan Width": 16, "Actual Startup Time": 1.692, "Actual Total Time": 26.576, "Actual Rows": 142, "Actual Loops": 1, "Inner Unique": false, "Plans": [{"Node Type": "Nested Loop", "Parent Relationship": "Outer", "Parallel Aware": false, "Async Capable": false, "Join Type": "Inner", "Startup Cost": 1003.32, "Total Cost": 24890.92, "Plan Rows": 1, "Plan Width": 20, "Actual Startup Time": 1.691, "Actual Total Time": 26.228, "Actual Rows": 142, "Actual Loops": 1, "Inner Unique": false, "Join Filter": "(t.id = mi2.movie_id)", "Rows Removed by Join Filter": 0, "Plans": [{"Node Type": "Nested Loop", "Parent Relationship": "Outer", "Parallel Aware": false, "Async Capable": false, "Join Type": "Inner", "Startup Cost": 1002.88, "Total Cost": 24844.6, "Plan Rows": 1, "Plan Width": 12, "Actual Startup Time": 1.687, "Actual Total Time": 21.478, "Actual Rows": 123, "Actual Loops": 1, "Inner Unique": false, "Plans": [{"Node Type": "Gather", "Parent Relationship": "Outer", "Parallel Aware": false, "Async Capable": false, "Startup Cost": 1002.88, "Total Cost": 24842.18, "Plan Rows": 1, "Plan Width": 16, "Actual Startup Time": 1.678, "Actual Total Time": 21.162, "Actual Rows": 123, "Actual Loops": 1, "Workers Planned": 2, "Workers Launched": 2, "Single Copy": false, "Plans": [{"Node Type": "Nested Loop", "Parent Relationship": "Outer", "Parallel Aware": false, "Async Capable": false, "Join Type": "Inner", "Startup Cost": 2.88, "Total Cost": 23842.08, "Plan Rows": 1, "Plan Width": 16, "Actual Startup Time": 1.859, "Actual Total Time": 25.097, "Actual Rows": 41, "Actual Loops": 3, "Inner Unique": false, "Join Filter": "(t.id = mi1.movie_id)", "Rows Removed by Join Filter": 0, "Workers": [], "Plans": [{"Node Type": "Hash Join", "Parent Relationship": "Outer", "Parallel Aware": false, "Async Capable": false, "Join Type": "Inner", "Startup Cost": 2.42, "Total Cost": 18923.36, "Plan Rows": 106, "Plan Width": 8, "Actual Startup Time": 1.381, "Actual Total Time": 17.893, "Actual Rows": 193, "Actual Loops": 3, "Inner Unique": true, "Hash Cond": "(t.kind_id = kt.id)", "Workers": [], "Plans": [{"Node Type": "Nested Loop", "Parent Relationship": "Outer", "Parallel Aware": false, "Async Capable": false, "Join Type": "Inner", "Startup Cost": 1.28, "Total Cost": 18921.19, "Plan Rows": 247, "Plan Width": 12, "Actual Startup Time": 1.324, "Actual Total Time": 17.815, "Actual Rows": 223, "Actual Loops": 3, "Inner Unique": true, "Workers": [], "Plans": [{"Node Type": "Nested Loop", "Parent Relationship": "Outer", "Parallel Aware": false, "Async Capable": false, "Join Type": "Inner", "Startup Cost": 0.85, "Total Cost": 18044.9, "Plan Rows": 351, "Plan Width": 4, "Actual Startup Time": 0.432, "Actual Total Time": 15.787, "Actual Rows": 329, "Actual Loops": 3, "Inner Unique": false, "Workers": [], "Plans": [{"Node Type": "Index Scan", "Parent Relationship": "Outer", "Parallel Aware": true, "Async Capable": false, "Scan Direction": "Forward", "Index Name": "keyword_pkey", "Relation Name": "keyword", "Alias": "k", "Startup Cost": 0.42, "Total Cost": 7423.44, "Plan Rows": 10, "Plan Width": 4, "Actual Startup Time": 0.319, "Actual Total Time": 14.143, "Actual Rows": 8, "Actual Loops": 3, "Filter": "(keyword = ANY ('{alabai,bird-in-cage,bride-to-be,brighton-beach-brooklyn-new-york-city,carrying-someone-on-ones-back,centered,heart-trouble,hit-with-an-umbrella,hunted-turns-hunter,journey,kidney-failure,leg-chains,legal-rights,long-underwear,media-spoof,motorbike-accident,open-sign,opry,red-party,sex-with-an-object,shakespeares-pericles,spooning,surprise-killer,town-boss,verse}'::text[]))", "Rows Removed by Filter": 44716, "Workers": []}, {"Node Type": "Index Scan", "Parent Relationship": "Inner", "Parallel Aware": false, "Async Capable": false, "Scan Direction": "Forward", "Index Name": "keyword_id_movie_keyword", "Relation Name": "movie_keyword", "Alias": "mk", "Startup Cost": 0.43, "Total Cost": 1059.12, "Plan Rows": 303, "Plan Width": 8, "Actual Startup Time": 0.1, "Actual Total Time": 0.212, "Actual Rows": 43, "Actual Loops": 23, "Index Cond": "(keyword_id = k.id)", "Rows Removed by Index Recheck": 0, "Workers": []}]}, {"Node Type": "Index Scan", "Parent Relationship": "Inner", "Parallel Aware": false, "Async Capable": false, "Scan Direction": "Forward", "Index Name": "title_pkey", "Relation Name": "title", "Alias": "t", "Startup Cost": 0.43, "Total Cost": 2.5, "Plan Rows": 1, "Plan Width": 8, "Actual Startup Time": 0.006, "Actual Total Time": 0.006, "Actual Rows": 1, "Actual Loops": 987, "Index Cond": "(id = mk.movie_id)", "Rows Removed by Index Recheck": 0, "Filter": "((production_year <= 2015) AND (production_year >= 1990))", "Rows Removed by Filter": 0, "Workers": []}]}, {"Node Type": "Hash", "Parent Relationship": "Inner", "Parallel Aware": false, "Async Capable": false, "Startup Cost": 1.1, "Total Cost": 1.1, "Plan Rows": 3, "Plan Width": 4, "Actual Startup Time": 0.012, "Actual Total Time": 0.013, "Actual Rows": 3, "Actual Loops": 3, "Hash Buckets": 1024, "Original Hash Buckets": 1024, "Hash Batches": 1, "Original Hash Batches": 1, "Peak Memory Usage": 9, "Workers": [], "Plans": [{"Node Type": "Seq Scan", "Parent Relationship": "Outer", "Parallel Aware": false, "Async Capable": false, "Relation Name": "kind_type", "Alias": "kt", "Startup Cost": 0.0, "Total Cost": 1.1, "Plan Rows": 3, "Plan Width": 4, "Actual Startup Time": 0.01, "Actual Total Time": 0.011, "Actual Rows": 3, "Actual Loops": 3, "Filter": "((kind)::text = ANY ('{episode,movie,\"video movie\"}'::text[]))", "Rows Removed by Filter": 4, "Workers": []}]}]}, {"Node Type": "Index Scan", "Parent Relationship": "Inner", "Parallel Aware": false, "Async Capable": false, "Scan Direction": "Forward", "Index Name": "movie_id_movie_info", "Relation Name": "movie_info", "Alias": "mi1", "Startup Cost": 0.47, "Total Cost": 46.39, "Plan Rows": 1, "Plan Width": 8, "Actual Startup Time": 0.031, "Actual Total Time": 0.037, "Actual Rows": 0, "Actual Loops": 580, "Index Cond": "(movie_id = mk.movie_id)", "Rows Removed by Index Recheck": 0, "Filter": "((info_type_id = 18) AND (info = ANY ('{\"Boston, Massachusetts, USA\",\"Brooklyn, New York City, New York, USA\",\"London, England, UK\",\"Los Angeles, California, USA\",\"Madrid, Spain\",\"Manhattan, New York City, New York, USA\",Mexico,\"Miami, Florida, USA\",\"New York City, New York, USA\",\"Paris, France\",\"Philadelphia, Pennsylvania, USA\",\"Santa Clarita, California, USA\",\"Toronto, Ontario, Canada\"}'::text[])))", "Rows Removed by Filter": 67, "Workers": []}]}]}, {"Node Type": "Seq Scan", "Parent Relationship": "Inner", "Parallel Aware": false, "Async Capable": false, "Relation Name": "info_type", "Alias": "it1", "Startup Cost": 0.0, "Total Cost": 2.41, "Plan Rows": 1, "Plan Width": 4, "Actual Startup Time": 0.001, "Actual Total Time": 0.002, "Actual Rows": 1, "Actual Loops": 123, "Filter": "(id = 18)", "Rows Removed by Filter": 112}]}, {"Node Type": "Index Scan", "Parent Relationship": "Inner", "Parallel Aware": false, "Async Capable": false, "Scan Direction": "Forward", "Index Name": "movie_id_movie_info", "Relation Name": "movie_info", "Alias": "mi2", "Startup Cost": 0.43, "Total Cost": 46.31, "Plan Rows": 1, "Plan Width": 8, "Actual Startup Time": 0.006, "Actual Total Time": 0.038, "Actual Rows": 1, "Actual Loops": 123, "Index Cond": "(movie_id = mk.movie_id)", "Rows Removed by Index Recheck": 0, "Filter": "((info_type_id = 4) AND (info = ANY ('{English,French,Spanish}'::text[])))", "Rows Removed by Filter": 135}]}, {"Node Type": "Seq Scan", "Parent Relationship": "Inner", "Parallel Aware": false, "Async Capable": false, "Relation Name": "info_type", "Alias": "it2", "Startup Cost": 0.0, "Total Cost": 2.41, "Plan Rows": 1, "Plan Width": 4, "Actual Startup Time": 0.001, "Actual Total Time": 0.002, "Actual Rows": 1, "Actual Loops": 142, "Filter": "(id = 4)", "Rows Removed by Filter": 112}]}, {"Node Type": "Index Scan", "Parent Relationship": "Inner", "Parallel Aware": false, "Async Capable": false, "Scan Direction": "Forward", "Index Name": "movie_id_cast_info", "Relation Name": "cast_info", "Alias": "ci", "Startup Cost": 0.44, "Total Cost": 46.92, "Plan Rows": 38, "Plan Width": 12, "Actual Startup Time": 0.005, "Actual Total Time": 0.149, "Actual Rows": 97, "Actual Loops": 142, "Index Cond": "(movie_id = mk.movie_id)", "Rows Removed by Index Recheck": 0}]}, {"Node Type": "Index Scan", "Parent Relationship": "Inner", "Parallel Aware": false, "Async Capable": false, "Scan Direction": "Forward", "Index Name": "role_type_pkey", "Relation Name": "role_type", "Alias": "rt", "Startup Cost": 0.14, "Total Cost": 0.16, "Plan Rows": 1, "Plan Width": 4, "Actual Startup Time": 0.0, "Actual Total Time": 0.0, "Actual Rows": 0, "Actual Loops": 13717, "Index Cond": "(id = ci.role_id)", "Rows Removed by Index Recheck": 0, "Filter": "((role)::text = ANY ('{cinematographer,writer}'::text[]))", "Rows Removed by Filter": 1}]}, {"Node Type": "Index Scan", "Parent Relationship": "Inner", "Parallel Aware": false, "Async Capable": false, "Scan Direction": "Forward", "Index Name": "name_pkey", "Relation Name": "name", "Alias": "n", "Startup Cost": 0.43, "Total Cost": 2.53, "Plan Rows": 1, "Plan Width": 4, "Actual Startup Time": 0.004, "Actual Total Time": 0.004, "Actual Rows": 0, "Actual Loops": 509, "Index Cond": "(id = ci.person_id)", "Rows Removed by Index Recheck": 0, "Filter": "((gender)::text = 'f'::text)", "Rows Removed by Filter": 1}]}]}, "Planning Time": 13.185, "Triggers": [], "Execution Time": 55.937}