{"Plan": {"Node Type": "Aggregate", "Strategy": "Plain", "Partial Mode": "Simple", "Parallel Aware": false, "Async Capable": false, "Startup Cost": 492565.52, "Total Cost": 492565.53, "Plan Rows": 1, "Plan Width": 8, "Actual Startup Time": 1210.393, "Actual Total Time": 1227.159, "Actual Rows": 1, "Actual Loops": 1, "Plans": [{"Node Type": "Nested Loop", "Parent Relationship": "Outer", "Parallel Aware": false, "Async Capable": false, "Join Type": "Inner", "Startup Cost": 222140.35, "Total Cost": 492562.01, "Plan Rows": 1406, "Plan Width": 0, "Actual Startup Time": 243.679, "Actual Total Time": 1222.147, "Actual Rows": 225680, "Actual Loops": 1, "Inner Unique": false, "Plans": [{"Node Type": "Seq Scan", "Parent Relationship": "Outer", "Parallel Aware": false, "Async Capable": false, "Relation Name": "info_type", "Alias": "it2", "Startup Cost": 0.0, "Total Cost": 2.41, "Plan Rows": 1, "Plan Width": 4, "Actual Startup Time": 0.01, "Actual Total Time": 0.012, "Actual Rows": 1, "Actual Loops": 1, "Filter": "(id = 4)", "Rows Removed by Filter": 112}, {"Node Type": "Nested Loop", "Parent Relationship": "Inner", "Parallel Aware": false, "Async Capable": false, "Join Type": "Inner", "Startup Cost": 222140.35, "Total Cost": 492545.53, "Plan Rows": 1406, "Plan Width": 4, "Actual Startup Time": 243.668, "Actual Total Time": 1213.456, "Actual Rows": 225680, "Actual Loops": 1, "Inner Unique": false, "Plans": [{"Node Type": "Seq Scan", "Parent Relationship": "Outer", "Parallel Aware": false, "Async Capable": false, "Relation Name": "info_type", "Alias": "it1", "Startup Cost": 0.0, "Total Cost": 2.41, "Plan Rows": 1, "Plan Width": 4, "Actual Startup Time": 0.001, "Actual Total Time": 0.004, "Actual Rows": 1, "Actual Loops": 1, "Filter": "(id = 3)", "Rows Removed by Filter": 112}, {"Node Type": "Gather", "Parent Relationship": "Inner", "Parallel Aware": false, "Async Capable": false, "Startup Cost": 222140.35, "Total Cost": 492529.06, "Plan Rows": 1406, "Plan Width": 8, "Actual Startup Time": 243.666, "Actual Total Time": 1204.208, "Actual Rows": 225680, "Actual Loops": 1, "Workers Planned": 5, "Workers Launched": 5, "Single Copy": false, "Plans": [{"Node Type": "Nested Loop", "Parent Relationship": "Outer", "Parallel Aware": false, "Async Capable": false, "Join Type": "Inner", "Startup Cost": 221140.35, "Total Cost": 491388.46, "Plan Rows": 281, "Plan Width": 8, "Actual Startup Time": 204.729, "Actual Total Time": 1199.029, "Actual Rows": 37613, "Actual Loops": 6, "Inner Unique": true, "Workers": [], "Plans": [{"Node Type": "Hash Join", "Parent Relationship": "Outer", "Parallel Aware": false, "Async Capable": false, "Join Type": "Inner", "Startup Cost": 221139.92, "Total Cost": 490388.27, "Plan Rows": 433, "Plan Width": 12, "Actual Startup Time": 204.593, "Actual Total Time": 1061.512, "Actual Rows": 76593, "Actual Loops": 6, "Inner Unique": true, "Hash Cond": "(ci.role_id = rt.id)", "Workers": [], "Plans": [{"Node Type": "Nested Loop", "Parent Relationship": "Outer", "Parallel Aware": false, "Async Capable": false, "Join Type": "Inner", "Startup Cost": 221138.75, "Total Cost": 490377.86, "Plan Rows": 2600, "Plan Width": 16, "Actual Startup Time": 204.516, "Actual Total Time": 1024.202, "Actual Rows": 1227910, "Actual Loops": 6, "Inner Unique": false, "Workers": [], "Plans": [{"Node Type": "Hash Join", "Parent Relationship": "Outer", "Parallel Aware": false, "Async Capable": false, "Join Type": "Inner", "Startup Cost": 221138.31, "Total Cost": 482492.46, "Plan Rows": 181, "Plan Width": 20, "Actual Startup Time": 204.499, "Actual Total Time": 394.845, "Actual Rows": 60281, "Actual Loops": 6, "Inner Unique": true, "Hash Cond": "(t.kind_id = kt.id)", "Workers": [], "Plans": [{"Node Type": "Nested Loop", "Parent Relationship": "Outer", "Parallel Aware": false, "Async Capable": false, "Join Type": "Inner", "Startup Cost": 221137.18, "Total Cost": 482489.55, "Plan Rows": 423, "Plan Width": 24, "Actual Startup Time": 204.275, "Actual Total Time": 389.991, "Actual Rows": 68394, "Actual Loops": 6, "Inner Unique": true, "Workers": [], "Plans": [{"Node Type": "Hash Join", "Parent Relationship": "Outer", "Parallel Aware": true, "Async Capable": false, "Join Type": "Inner", "Startup Cost": 221136.75, "Total Cost": 467592.24, "Plan Rows": 4649, "Plan Width": 16, "Actual Startup Time": 204.232, "Actual Total Time": 290.415, "Actual Rows": 102836, "Actual Loops": 6, "Inner Unique": false, "Hash Cond": "(mi2.movie_id = mi1.movie_id)", "Workers": [], "Plans": [{"Node Type": "Seq Scan", "Parent Relationship": "Outer", "Parallel Aware": true, "Async Capable": false, "Relation Name": "movie_info", "Alias": "mi2", "Startup Cost": 0.0, "Total Cost": 232015.34, "Plan Rows": 16659, "Plan Width": 8, "Actual Startup Time": 71.474, "Actual Total Time": 107.361, "Actual Rows": 161635, "Actual Loops": 6, "Filter": "((info_type_id = 4) AND (info = ANY ('{Dutch,English,Finnish,German,Italian,Japanese,Korean,Russian,Swedish}'::text[])))", "Rows Removed by Filter": 2310985, "Workers": []}, {"Node Type": "Hash", "Parent Relationship": "Inner", "Parallel Aware": true, "Async Capable": false, "Startup Cost": 220904.71, "Total Cost": 220904.71, "Plan Rows": 18563, "Plan Width": 8, "Actual Startup Time": 132.314, "Actual Total Time": 132.315, "Actual Rows": 146467, "Actual Loops": 6, "Hash Buckets": 1048576, "Original Hash Buckets": 131072, "Hash Batches": 1, "Original Hash Batches": 1, "Peak Memory Usage": 49856, "Workers": [], "Plans": [{"Node Type": "Seq Scan", "Parent Relationship": "Outer", "Parallel Aware": true, "Async Capable": false, "Relation Name": "movie_info", "Alias": "mi1", "Startup Cost": 0.0, "Total Cost": 220904.71, "Plan Rows": 18563, "Plan Width": 8, "Actual Startup Time": 86.389, "Actual Total Time": 114.371, "Actual Rows": 146467, "Actual Loops": 6, "Filter": "((info_type_id = 3) AND (info = ANY ('{Adventure,Comedy,Drama,Mystery,Short,Thriller}'::text[])))", "Rows Removed by Filter": 2326153, "Workers": []}]}]}, {"Node Type": "Index Scan", "Parent Relationship": "Inner", "Parallel Aware": false, "Async Capable": false, "Scan Direction": "Forward", "Index Name": "title_pkey", "Relation Name": "title", "Alias": "t", "Startup Cost": 0.43, "Total Cost": 3.2, "Plan Rows": 1, "Plan Width": 8, "Actual Startup Time": 0.001, "Actual Total Time": 0.001, "Actual Rows": 1, "Actual Loops": 617015, "Index Cond": "(id = mi1.movie_id)", "Rows Removed by Index Recheck": 0, "Filter": "((production_year <= 2015) AND (1990 < production_year))", "Rows Removed by Filter": 0, "Workers": []}]}, {"Node Type": "Hash", "Parent Relationship": "Inner", "Parallel Aware": false, "Async Capable": false, "Startup Cost": 1.1, "Total Cost": 1.1, "Plan Rows": 3, "Plan Width": 4, "Actual Startup Time": 0.006, "Actual Total Time": 0.006, "Actual Rows": 3, "Actual Loops": 6, "Hash Buckets": 1024, "Original Hash Buckets": 1024, "Hash Batches": 1, "Original Hash Batches": 1, "Peak Memory Usage": 9, "Workers": [], "Plans": [{"Node Type": "Seq Scan", "Parent Relationship": "Outer", "Parallel Aware": false, "Async Capable": false, "Relation Name": "kind_type", "Alias": "kt", "Startup Cost": 0.0, "Total Cost": 1.1, "Plan Rows": 3, "Plan Width": 4, "Actual Startup Time": 0.004, "Actual Total Time": 0.005, "Actual Rows": 3, "Actual Loops": 6, "Filter": "((kind)::text = ANY ('{episode,movie,\"video movie\"}'::text[]))", "Rows Removed by Filter": 4, "Workers": []}]}]}, {"Node Type": "Index Scan", "Parent Relationship": "Inner", "Parallel Aware": false, "Async Capable": false, "Scan Direction": "Forward", "Index Name": "movie_id_cast_info", "Relation Name": "cast_info", "Alias": "ci", "Startup Cost": 0.44, "Total Cost": 43.19, "Plan Rows": 38, "Plan Width": 12, "Actual Startup Time": 0.001, "Actual Total Time": 0.009, "Actual Rows": 20, "Actual Loops": 361687, "Index Cond": "(movie_id = t.id)", "Rows Removed by Index Recheck": 0, "Workers": []}]}, {"Node Type": "Hash", "Parent Relationship": "Inner", "Parallel Aware": false, "Async Capable": false, "Startup Cost": 1.15, "Total Cost": 1.15, "Plan Rows": 2, "Plan Width": 4, "Actual Startup Time": 0.01, "Actual Total Time": 0.011, "Actual Rows": 2, "Actual Loops": 6, "Hash Buckets": 1024, "Original Hash Buckets": 1024, "Hash Batches": 1, "Original Hash Batches": 1, "Peak Memory Usage": 9, "Workers": [], "Plans": [{"Node Type": "Seq Scan", "Parent Relationship": "Outer", "Parallel Aware": false, "Async Capable": false, "Relation Name": "role_type", "Alias": "rt", "Startup Cost": 0.0, "Total Cost": 1.15, "Plan Rows": 2, "Plan Width": 4, "Actual Startup Time": 0.008, "Actual Total Time": 0.009, "Actual Rows": 2, "Actual Loops": 6, "Filter": "((role)::text = ANY ('{\"costume designer\",director}'::text[]))", "Rows Removed by Filter": 10, "Workers": []}]}]}, {"Node Type": "Index Scan", "Parent Relationship": "Inner", "Parallel Aware": false, "Async Capable": false, "Scan Direction": "Forward", "Index Name": "name_pkey", "Relation Name": "name", "Alias": "n", "Startup Cost": 0.43, "Total Cost": 2.31, "Plan Rows": 1, "Plan Width": 4, "Actual Startup Time": 0.002, "Actual Total Time": 0.002, "Actual Rows": 0, "Actual Loops": 459556, "Index Cond": "(id = ci.person_id)", "Rows Removed by Index Recheck": 0, "Filter": "((gender)::text = ANY ('{f,m}'::text[]))", "Rows Removed by Filter": 1, "Workers": []}]}]}]}]}]}, "Planning Time": 3.332, "Triggers": [], "Execution Time": 1227.239}