{"Plan": {"Node Type": "Aggregate", "Strategy": "Plain", "Partial Mode": "Simple", "Parallel Aware": false, "Async Capable": false, "Startup Cost": 31389.59, "Total Cost": 31389.6, "Plan Rows": 1, "Plan Width": 8, "Actual Startup Time": 1334.204, "Actual Total Time": 1347.14, "Actual Rows": 1, "Actual Loops": 1, "Plans": [{"Node Type": "Nested Loop", "Parent Relationship": "Outer", "Parallel Aware": false, "Async Capable": false, "Join Type": "Inner", "Startup Cost": 1004.29, "Total Cost": 31389.58, "Plan Rows": 1, "Plan Width": 0, "Actual Startup Time": 84.118, "Actual Total Time": 1347.065, "Actual Rows": 1728, "Actual Loops": 1, "Inner Unique": false, "Plans": [{"Node Type": "Nested Loop", "Parent Relationship": "Outer", "Parallel Aware": false, "Async Capable": false, "Join Type": "Inner", "Startup Cost": 1004.29, "Total Cost": 31387.16, "Plan Rows": 1, "Plan Width": 4, "Actual Startup Time": 84.113, "Actual Total Time": 1342.902, "Actual Rows": 1728, "Actual Loops": 1, "Inner Unique": false, "Join Filter": "(an.person_id = n.id)", "Rows Removed by Join Filter": 0, "Plans": [{"Node Type": "Nested Loop", "Parent Relationship": "Outer", "Parallel Aware": false, "Async Capable": false, "Join Type": "Inner", "Startup Cost": 1003.87, "Total Cost": 31384.94, "Plan Rows": 1, "Plan Width": 16, "Actual Startup Time": 84.094, "Actual Total Time": 1341.789, "Actual Rows": 963, "Actual Loops": 1, "Inner Unique": true, "Plans": [{"Node Type": "Nested Loop", "Parent Relationship": "Outer", "Parallel Aware": false, "Async Capable": false, "Join Type": "Inner", "Startup Cost": 1003.45, "Total Cost": 31383.38, "Plan Rows": 1, "Plan Width": 20, "Actual Startup Time": 84.074, "Actual Total Time": 1339.739, "Actual Rows": 963, "Actual Loops": 1, "Inner Unique": false, "Plans": [{"Node Type": "Nested Loop", "Parent Relationship": "Outer", "Parallel Aware": false, "Async Capable": false, "Join Type": "Inner", "Startup Cost": 1003.01, "Total Cost": 31380.39, "Plan Rows": 1, "Plan Width": 36, "Actual Startup Time": 47.467, "Actual Total Time": 1336.388, "Actual Rows": 205, "Actual Loops": 1, "Inner Unique": false, "Plans": [{"Node Type": "Nested Loop", "Parent Relationship": "Outer", "Parallel Aware": false, "Async Capable": false, "Join Type": "Inner", "Startup Cost": 1003.01, "Total Cost": 31377.97, "Plan Rows": 1, "Plan Width": 40, "Actual Startup Time": 47.463, "Actual Total Time": 1335.86, "Actual Rows": 205, "Actual Loops": 1, "Inner Unique": false, "Plans": [{"Node Type": "Nested Loop", "Parent Relationship": "Outer", "Parallel Aware": false, "Async Capable": false, "Join Type": "Inner", "Startup Cost": 1003.01, "Total Cost": 31375.55, "Plan Rows": 1, "Plan Width": 44, "Actual Startup Time": 47.457, "Actual Total Time": 1335.263, "Actual Rows": 205, "Actual Loops": 1, "Inner Unique": true, "Plans": [{"Node Type": "Gather", "Parent Relationship": "Outer", "Parallel Aware": false, "Async Capable": false, "Startup Cost": 1002.88, "Total Cost": 31375.38, "Plan Rows": 1, "Plan Width": 48, "Actual Startup Time": 35.374, "Actual Total Time": 1334.999, "Actual Rows": 274, "Actual Loops": 1, "Workers Planned": 2, "Workers Launched": 2, "Single Copy": false, "Plans": [{"Node Type": "Nested Loop", "Parent Relationship": "Outer", "Parallel Aware": false, "Async Capable": false, "Join Type": "Inner", "Startup Cost": 2.88, "Total Cost": 30375.28, "Plan Rows": 1, "Plan Width": 48, "Actual Startup Time": 32.265, "Actual Total Time": 1323.437, "Actual Rows": 91, "Actual Loops": 3, "Inner Unique": true, "Workers": [], "Plans": [{"Node Type": "Nested Loop", "Parent Relationship": "Outer", "Parallel Aware": false, "Async Capable": false, "Join Type": "Inner", "Startup Cost": 2.45, "Total Cost": 30373.52, "Plan Rows": 1, "Plan Width": 44, "Actual Startup Time": 2.564, "Actual Total Time": 1304.921, "Actual Rows": 5526, "Actual Loops": 3, "Inner Unique": false, "Workers": [], "Plans": [{"Node Type": "Nested Loop", "Parent Relationship": "Outer", "Parallel Aware": false, "Async Capable": false, "Join Type": "Inner", "Startup Cost": 2.02, "Total Cost": 30359.27, "Plan Rows": 1, "Plan Width": 36, "Actual Startup Time": 0.676, "Actual Total Time": 1214.33, "Actual Rows": 35410, "Actual Loops": 3, "Inner Unique": true, "Workers": [], "Plans": [{"Node Type": "Nested Loop", "Parent Relationship": "Outer", "Parallel Aware": false, "Async Capable": false, "Join Type": "Inner", "Startup Cost": 1.87, "Total Cost": 30358.78, "Plan Rows": 1, "Plan Width": 40, "Actual Startup Time": 0.653, "Actual Total Time": 1208.753, "Actual Rows": 36762, "Actual Loops": 3, "Inner Unique": false, "Join Filter": "(t.id = mi1.movie_id)", "Rows Removed by Join Filter": 0, "Workers": [], "Plans": [{"Node Type": "Nested Loop", "Parent Relationship": "Outer", "Parallel Aware": false, "Async Capable": false, "Join Type": "Inner", "Startup Cost": 1.43, "Total Cost": 30327.94, "Plan Rows": 1, "Plan Width": 32, "Actual Startup Time": 0.145, "Actual Total Time": 775.93, "Actual Rows": 144974, "Actual Loops": 3, "Inner Unique": true, "Workers": [], "Plans": [{"Node Type": "Nested Loop", "Parent Relationship": "Outer", "Parallel Aware": false, "Async Capable": false, "Join Type": "Inner", "Startup Cost": 1.3, "Total Cost": 30327.31, "Plan Rows": 4, "Plan Width": 36, "Actual Startup Time": 0.111, "Actual Total Time": 661.412, "Actual Rows": 286647, "Actual Loops": 3, "Inner Unique": false, "Workers": [], "Plans": [{"Node Type": "Nested Loop", "Parent Relationship": "Outer", "Parallel Aware": false, "Async Capable": false, "Join Type": "Inner", "Startup Cost": 0.86, "Total Cost": 30293.82, "Plan Rows": 1, "Plan Width": 24, "Actual Startup Time": 0.089, "Actual Total Time": 193.067, "Actual Rows": 17815, "Actual Loops": 3, "Inner Unique": true, "Workers": [], "Plans": [{"Node Type": "Nested Loop", "Parent Relationship": "Outer", "Parallel Aware": false, "Async Capable": false, "Join Type": "Inner", "Startup Cost": 0.43, "Total Cost": 30285.66, "Plan Rows": 1, "Plan Width": 16, "Actual Startup Time": 0.065, "Actual Total Time": 152.602, "Actual Rows": 18018, "Actual Loops": 3, "Inner Unique": false, "Workers": [], "Plans": [{"Node Type": "Seq Scan", "Parent Relationship": "Outer", "Parallel Aware": true, "Async Capable": false, "Relation Name": "movie_info_idx", "Alias": "mii2", "Startup Cost": 0.0, "Total Cost": 26655.97, "Plan Rows": 461, "Plan Width": 8, "Actual Startup Time": 0.041, "Actual Total Time": 116.832, "Actual Rows": 18358, "Actual Loops": 3, "Filter": "((info ~ '^(?:[1-9]\\d*|0)?(?:\\.\\d+)?$'::text) AND (info ~ '^(?:[1-9]\\d*|0)?(?:\\.\\d+)?$'::text) AND (info_type_id = 101) AND ((info)::double precision <= '4'::double precision) AND ('0'::double precision <= (info)::double precision))", "Rows Removed by Filter": 441654, "Workers": []}, {"Node Type": "Index Scan", "Parent Relationship": "Inner", "Parallel Aware": false, "Async Capable": false, "Scan Direction": "Forward", "Index Name": "movie_id_movie_info_idx", "Relation Name": "movie_info_idx", "Alias": "mii1", "Startup Cost": 0.43, "Total Cost": 7.86, "Plan Rows": 1, "Plan Width": 8, "Actual Startup Time": 0.001, "Actual Total Time": 0.002, "Actual Rows": 1, "Actual Loops": 55073, "Index Cond": "(movie_id = mii2.movie_id)", "Rows Removed by Index Recheck": 0, "Filter": "((info ~ '^(?:[1-9]\\d*|0)?(?:\\.\\d+)?$'::text) AND (info ~ '^(?:[1-9]\\d*|0)?(?:\\.\\d+)?$'::text) AND (info_type_id = 100) AND ('0'::double precision <= (info)::double precision) AND ((info)::double precision <= '1000'::double precision))", "Rows Removed by Filter": 2, "Workers": []}]}, {"Node Type": "Index Scan", "Parent Relationship": "Inner", "Parallel Aware": false, "Async Capable": false, "Scan Direction": "Forward", "Index Name": "title_pkey", "Relation Name": "title", "Alias": "t", "Startup Cost": 0.43, "Total Cost": 8.16, "Plan Rows": 1, "Plan Width": 8, "Actual Startup Time": 0.002, "Actual Total Time": 0.002, "Actual Rows": 1, "Actual Loops": 54055, "Index Cond": "(id = mii1.movie_id)", "Rows Removed by Index Recheck": 0, "Filter": "((production_year <= 2015) AND (production_year >= 1925))", "Rows Removed by Filter": 0, "Workers": []}]}, {"Node Type": "Index Scan", "Parent Relationship": "Inner", "Parallel Aware": false, "Async Capable": false, "Scan Direction": "Forward", "Index Name": "movie_id_cast_info", "Relation Name": "cast_info", "Alias": "ci", "Startup Cost": 0.44, "Total Cost": 33.25, "Plan Rows": 24, "Plan Width": 12, "Actual Startup Time": 0.003, "Actual Total Time": 0.025, "Actual Rows": 16, "Actual Loops": 53444, "Index Cond": "(movie_id = t.id)", "Rows Removed by Index Recheck": 0, "Filter": "((note = '(executive producer)'::text) OR (note IS NULL))", "Rows Removed by Filter": 8, "Workers": []}]}, {"Node Type": "Index Scan", "Parent Relationship": "Inner", "Parallel Aware": false, "Async Capable": false, "Scan Direction": "Forward", "Index Name": "role_type_pkey", "Relation Name": "role_type", "Alias": "rt", "Startup Cost": 0.14, "Total Cost": 0.16, "Plan Rows": 1, "Plan Width": 4, "Actual Startup Time": 0.0, "Actual Total Time": 0.0, "Actual Rows": 1, "Actual Loops": 859941, "Index Cond": "(id = ci.role_id)", "Rows Removed by Index Recheck": 0, "Filter": "((role)::text = ANY ('{actor,producer}'::text[]))", "Rows Removed by Filter": 0, "Workers": []}]}, {"Node Type": "Index Scan", "Parent Relationship": "Inner", "Parallel Aware": false, "Async Capable": false, "Scan Direction": "Forward", "Index Name": "movie_id_movie_info", "Relation Name": "movie_info", "Alias": "mi1", "Startup Cost": 0.43, "Total Cost": 30.83, "Plan Rows": 1, "Plan Width": 8, "Actual Startup Time": 0.003, "Actual Total Time": 0.003, "Actual Rows": 0, "Actual Loops": 434923, "Index Cond": "(movie_id = ci.movie_id)", "Rows Removed by Index Recheck": 0, "Filter": "(info = ANY ('{15,5,9,Canada,France,Germany,India,Japan,Portugal,\"Soviet Union\",UK,\"West Germany\"}'::text[]))", "Rows Removed by Filter": 12, "Workers": []}]}, {"Node Type": "Memoize", "Parent Relationship": "Inner", "Parallel Aware": false, "Async Capable": false, "Startup Cost": 0.15, "Total Cost": 0.48, "Plan Rows": 1, "Plan Width": 4, "Actual Startup Time": 0.0, "Actual Total Time": 0.0, "Actual Rows": 1, "Actual Loops": 110287, "Cache Key": "mi1.info_type_id", "Cache Mode": "logical", "Cache Hits": 35645, "Cache Misses": 5, "Cache Evictions": 0, "Cache Overflows": 0, "Peak Memory Usage": 1, "Workers": [{"Worker Number": 0, "Cache Hits": 37216, "Cache Misses": 5, "Cache Evictions": 0, "Cache Overflows": 0, "Peak Memory Usage": 1}, {"Worker Number": 1, "Cache Hits": 37411, "Cache Misses": 5, "Cache Evictions": 0, "Cache Overflows": 0, "Peak Memory Usage": 1}], "Plans": [{"Node Type": "Index Only Scan", "Parent Relationship": "Outer", "Parallel Aware": false, "Async Capable": false, "Scan Direction": "Forward", "Index Name": "info_type_pkey", "Relation Name": "info_type", "Alias": "it1", "Startup Cost": 0.14, "Total Cost": 0.47, "Plan Rows": 1, "Plan Width": 4, "Actual Startup Time": 0.005, "Actual Total Time": 0.005, "Actual Rows": 0, "Actual Loops": 15, "Index Cond": "((id = mi1.info_type_id) AND (id = ANY ('{1,8,94}'::integer[])))", "Rows Removed by Index Recheck": 0, "Heap Fetches": 6, "Workers": []}]}]}, {"Node Type": "Index Scan", "Parent Relationship": "Inner", "Parallel Aware": false, "Async Capable": false, "Scan Direction": "Forward", "Index Name": "person_id_person_info", "Relation Name": "person_info", "Alias": "pi1", "Startup Cost": 0.43, "Total Cost": 14.24, "Plan Rows": 1, "Plan Width": 8, "Actual Startup Time": 0.002, "Actual Total Time": 0.002, "Actual Rows": 0, "Actual Loops": 106229, "Index Cond": "(person_id = ci.person_id)", "Rows Removed by Index Recheck": 0, "Filter": "(info_type_id = 26)", "Rows Removed by Filter": 6, "Workers": []}]}, {"Node Type": "Index Scan", "Parent Relationship": "Inner", "Parallel Aware": false, "Async Capable": false, "Scan Direction": "Forward", "Index Name": "name_pkey", "Relation Name": "name", "Alias": "n", "Startup Cost": 0.43, "Total Cost": 1.76, "Plan Rows": 1, "Plan Width": 4, "Actual Startup Time": 0.003, "Actual Total Time": 0.003, "Actual Rows": 0, "Actual Loops": 16579, "Index Cond": "(id = ci.person_id)", "Rows Removed by Index Recheck": 0, "Filter": "(((gender)::text = 'm'::text) AND ((name_pcode_nf)::text = ANY ('{A4163,A5356,D5426,J2512,J5236,L24,M6265,N2421,R25,S3152,S5262,V2362}'::text[])))", "Rows Removed by Filter": 1, "Workers": []}]}]}, {"Node Type": "Index Scan", "Parent Relationship": "Inner", "Parallel Aware": false, "Async Capable": false, "Scan Direction": "Forward", "Index Name": "kind_type_pkey", "Relation Name": "kind_type", "Alias": "kt", "Startup Cost": 0.13, "Total Cost": 0.15, "Plan Rows": 1, "Plan Width": 4, "Actual Startup Time": 0.001, "Actual Total Time": 0.001, "Actual Rows": 1, "Actual Loops": 274, "Index Cond": "(id = t.kind_id)", "Rows Removed by Index Recheck": 0, "Filter": "((kind)::text = ANY ('{episode,movie}'::text[]))", "Rows Removed by Filter": 0}]}, {"Node Type": "Seq Scan", "Parent Relationship": "Inner", "Parallel Aware": false, "Async Capable": false, "Relation Name": "info_type", "Alias": "it3", "Startup Cost": 0.0, "Total Cost": 2.41, "Plan Rows": 1, "Plan Width": 4, "Actual Startup Time": 0.002, "Actual Total Time": 0.002, "Actual Rows": 1, "Actual Loops": 205, "Filter": "(id = 100)", "Rows Removed by Filter": 112}]}, {"Node Type": "Seq Scan", "Parent Relationship": "Inner", "Parallel Aware": false, "Async Capable": false, "Relation Name": "info_type", "Alias": "it4", "Startup Cost": 0.0, "Total Cost": 2.41, "Plan Rows": 1, "Plan Width": 4, "Actual Startup Time": 0.002, "Actual Total Time": 0.002, "Actual Rows": 1, "Actual Loops": 205, "Filter": "(id = 101)", "Rows Removed by Filter": 112}]}, {"Node Type": "Index Scan", "Parent Relationship": "Inner", "Parallel Aware": false, "Async Capable": false, "Scan Direction": "Forward", "Index Name": "movie_id_movie_keyword", "Relation Name": "movie_keyword", "Alias": "mk", "Startup Cost": 0.43, "Total Cost": 2.53, "Plan Rows": 46, "Plan Width": 8, "Actual Startup Time": 0.016, "Actual Total Time": 0.016, "Actual Rows": 5, "Actual Loops": 205, "Index Cond": "(movie_id = t.id)", "Rows Removed by Index Recheck": 0}]}, {"Node Type": "Index Only Scan", "Parent Relationship": "Inner", "Parallel Aware": false, "Async Capable": false, "Scan Direction": "Forward", "Index Name": "keyword_pkey", "Relation Name": "keyword", "Alias": "k", "Startup Cost": 0.42, "Total Cost": 1.57, "Plan Rows": 1, "Plan Width": 4, "Actual Startup Time": 0.002, "Actual Total Time": 0.002, "Actual Rows": 1, "Actual Loops": 963, "Index Cond": "(id = mk.keyword_id)", "Rows Removed by Index Recheck": 0, "Heap Fetches": 963}]}, {"Node Type": "Index Only Scan", "Parent Relationship": "Inner", "Parallel Aware": false, "Async Capable": false, "Scan Direction": "Forward", "Index Name": "person_id_aka_name", "Relation Name": "aka_name", "Alias": "an", "Startup Cost": 0.42, "Total Cost": 2.19, "Plan Rows": 2, "Plan Width": 4, "Actual Startup Time": 0.001, "Actual Total Time": 0.001, "Actual Rows": 2, "Actual Loops": 963, "Index Cond": "(person_id = ci.person_id)", "Rows Removed by Index Recheck": 0, "Heap Fetches": 1728}]}, {"Node Type": "Seq Scan", "Parent Relationship": "Inner", "Parallel Aware": false, "Async Capable": false, "Relation Name": "info_type", "Alias": "it5", "Startup Cost": 0.0, "Total Cost": 2.41, "Plan Rows": 1, "Plan Width": 4, "Actual Startup Time": 0.001, "Actual Total Time": 0.002, "Actual Rows": 1, "Actual Loops": 1728, "Filter": "(id = 26)", "Rows Removed by Filter": 112}]}]}, "Planning Time": 318.937, "Triggers": [], "Execution Time": 1347.262}