{"Plan": {"Node Type": "Sort", "Parallel Aware": false, "Async Capable": false, "Startup Cost": 207530.81, "Total Cost": 207530.81, "Plan Rows": 1, "Plan Width": 40, "Actual Startup Time": 1081.921, "Actual Total Time": 1082.346, "Actual Rows": 10452, "Actual Loops": 1, "Sort Key": ["(count(*)) DESC"], "Sort Method": "quicksort", "Sort Space Used": 1080, "Sort Space Type": "Memory", "Plans": [{"Node Type": "Aggregate", "Strategy": "Sorted", "Partial Mode": "Simple", "Parent Relationship": "Outer", "Parallel Aware": false, "Async Capable": false, "Startup Cost": 207530.77, "Total Cost": 207530.8, "Plan Rows": 1, "Plan Width": 40, "Actual Startup Time": 1073.919, "Actual Total Time": 1081.147, "Actual Rows": 10452, "Actual Loops": 1, "Group Key": ["n.gender", "rt.role", "cn.name"], "Plans": [{"Node Type": "Sort", "Parent Relationship": "Outer", "Parallel Aware": false, "Async Capable": false, "Startup Cost": 207530.77, "Total Cost": 207530.78, "Plan Rows": 1, "Plan Width": 32, "Actual Startup Time": 1073.909, "Actual Total Time": 1075.979, "Actual Rows": 89239, "Actual Loops": 1, "Sort Key": ["n.gender COLLATE \"C\"", "rt.role COLLATE \"C\"", "cn.name COLLATE \"C\""], "Sort Method": "quicksort", "Sort Space Used": 7618, "Sort Space Type": "Memory", "Plans": [{"Node Type": "Nested Loop", "Parent Relationship": "Outer", "Parallel Aware": false, "Async Capable": false, "Join Type": "Inner", "Startup Cost": 1004.18, "Total Cost": 207530.76, "Plan Rows": 1, "Plan Width": 32, "Actual Startup Time": 43.096, "Actual Total Time": 1035.227, "Actual Rows": 89239, "Actual Loops": 1, "Inner Unique": false, "Plans": [{"Node Type": "Nested Loop", "Parent Relationship": "Outer", "Parallel Aware": false, "Async Capable": false, "Join Type": "Inner", "Startup Cost": 1004.18, "Total Cost": 207528.34, "Plan Rows": 1, "Plan Width": 36, "Actual Startup Time": 43.093, "Actual Total Time": 820.705, "Actual Rows": 89239, "Actual Loops": 1, "Inner Unique": false, "Plans": [{"Node Type": "Nested Loop", "Parent Relationship": "Outer", "Parallel Aware": false, "Async Capable": false, "Join Type": "Inner", "Startup Cost": 1004.18, "Total Cost": 207525.92, "Plan Rows": 1, "Plan Width": 40, "Actual Startup Time": 43.084, "Actual Total Time": 603.407, "Actual Rows": 89239, "Actual Loops": 1, "Inner Unique": true, "Plans": [{"Node Type": "Nested Loop", "Parent Relationship": "Outer", "Parallel Aware": false, "Async Capable": false, "Join Type": "Inner", "Startup Cost": 1004.05, "Total Cost": 207525.76, "Plan Rows": 1, "Plan Width": 44, "Actual Startup Time": 43.075, "Actual Total Time": 572.964, "Actual Rows": 89239, "Actual Loops": 1, "Inner Unique": true, "Plans": [{"Node Type": "Nested Loop", "Parent Relationship": "Outer", "Parallel Aware": false, "Async Capable": false, "Join Type": "Inner", "Startup Cost": 1003.63, "Total Cost": 207524.56, "Plan Rows": 1, "Plan Width": 29, "Actual Startup Time": 43.062, "Actual Total Time": 500.337, "Actual Rows": 89239, "Actual Loops": 1, "Inner Unique": false, "Join Filter": "(t.id = mc.movie_id)", "Rows Removed by Join Filter": 0, "Plans": [{"Node Type": "Gather", "Parent Relationship": "Outer", "Parallel Aware": false, "Async Capable": false, "Startup Cost": 1003.2, "Total Cost": 207521.8, "Plan Rows": 1, "Plan Width": 33, "Actual Startup Time": 43.046, "Actual Total Time": 478.355, "Actual Rows": 4125, "Actual Loops": 1, "Workers Planned": 5, "Workers Launched": 5, "Single Copy": false, "Plans": [{"Node Type": "Nested Loop", "Parent Relationship": "Outer", "Parallel Aware": false, "Async Capable": false, "Join Type": "Inner", "Startup Cost": 3.2, "Total Cost": 206521.7, "Plan Rows": 1, "Plan Width": 33, "Actual Startup Time": 39.693, "Actual Total Time": 862.573, "Actual Rows": 688, "Actual Loops": 6, "Inner Unique": true, "Workers": [], "Plans": [{"Node Type": "Nested Loop", "Parent Relationship": "Outer", "Parallel Aware": false, "Async Capable": false, "Join Type": "Inner", "Startup Cost": 2.77, "Total Cost": 206517.53, "Plan Rows": 3, "Plan Width": 39, "Actual Startup Time": 39.673, "Actual Total Time": 859.457, "Actual Rows": 688, "Actual Loops": 6, "Inner Unique": false, "Workers": [], "Plans": [{"Node Type": "Hash Join", "Parent Relationship": "Outer", "Parallel Aware": false, "Async Capable": false, "Join Type": "Inner", "Startup Cost": 2.34, "Total Cost": 206217.52, "Plan Rows": 29, "Plan Width": 31, "Actual Startup Time": 34.168, "Actual Total Time": 510.128, "Actual Rows": 73277, "Actual Loops": 6, "Inner Unique": true, "Hash Cond": "(ci.role_id = rt.id)", "Workers": [], "Plans": [{"Node Type": "Nested Loop", "Parent Relationship": "Outer", "Parallel Aware": false, "Async Capable": false, "Join Type": "Inner", "Startup Cost": 1.0, "Total Cost": 206216.02, "Plan Rows": 43, "Plan Width": 24, "Actual Startup Time": 34.086, "Actual Total Time": 504.004, "Actual Rows": 76528, "Actual Loops": 6, "Inner Unique": false, "Workers": [], "Plans": [{"Node Type": "Nested Loop", "Parent Relationship": "Outer", "Parallel Aware": false, "Async Capable": false, "Join Type": "Inner", "Startup Cost": 0.56, "Total Cost": 206133.41, "Plan Rows": 3, "Plan Width": 12, "Actual Startup Time": 34.059, "Actual Total Time": 393.19, "Actual Rows": 807, "Actual Loops": 6, "Inner Unique": true, "Workers": [], "Plans": [{"Node Type": "Nested Loop", "Parent Relationship": "Outer", "Parallel Aware": false, "Async Capable": false, "Join Type": "Inner", "Startup Cost": 0.43, "Total Cost": 206132.79, "Plan Rows": 4, "Plan Width": 16, "Actual Startup Time": 33.299, "Actual Total Time": 392.731, "Actual Rows": 812, "Actual Loops": 6, "Inner Unique": true, "Workers": [], "Plans": [{"Node Type": "Seq Scan", "Parent Relationship": "Outer", "Parallel Aware": true, "Async Capable": false, "Relation Name": "movie_info", "Alias": "mi1", "Startup Cost": 0.0, "Total Cost": 206090.53, "Plan Rows": 5, "Plan Width": 8, "Actual Startup Time": 33.274, "Actual Total Time": 389.726, "Actual Rows": 820, "Actual Loops": 6, "Filter": "((info ~~* '%dt%'::text) AND (info_type_id = 6))", "Rows Removed by Filter": 2471800, "Workers": []}, {"Node Type": "Index Scan", "Parent Relationship": "Inner", "Parallel Aware": false, "Async Capable": false, "Scan Direction": "Forward", "Index Name": "title_pkey", "Relation Name": "title", "Alias": "t", "Startup Cost": 0.43, "Total Cost": 8.45, "Plan Rows": 1, "Plan Width": 8, "Actual Startup Time": 0.003, "Actual Total Time": 0.003, "Actual Rows": 1, "Actual Loops": 4917, "Index Cond": "(id = mi1.movie_id)", "Rows Removed by Index Recheck": 0, "Filter": "((production_year <= 2015) AND (production_year >= 1990))", "Rows Removed by Filter": 0, "Workers": []}]}, {"Node Type": "Index Scan", "Parent Relationship": "Inner", "Parallel Aware": false, "Async Capable": false, "Scan Direction": "Forward", "Index Name": "kind_type_pkey", "Relation Name": "kind_type", "Alias": "kt", "Startup Cost": 0.13, "Total Cost": 0.16, "Plan Rows": 1, "Plan Width": 4, "Actual Startup Time": 0.0, "Actual Total Time": 0.0, "Actual Rows": 1, "Actual Loops": 4871, "Index Cond": "(id = t.kind_id)", "Rows Removed by Index Recheck": 0, "Filter": "((kind)::text = ANY ('{episode,movie,\"tv mini series\",\"tv movie\",\"video game\",\"video movie\"}'::text[]))", "Rows Removed by Filter": 0, "Workers": []}]}, {"Node Type": "Index Scan", "Parent Relationship": "Inner", "Parallel Aware": false, "Async Capable": false, "Scan Direction": "Forward", "Index Name": "movie_id_cast_info", "Relation Name": "cast_info", "Alias": "ci", "Startup Cost": 0.44, "Total Cost": 27.16, "Plan Rows": 38, "Plan Width": 12, "Actual Startup Time": 0.004, "Actual Total Time": 0.131, "Actual Rows": 95, "Actual Loops": 4842, "Index Cond": "(movie_id = t.id)", "Rows Removed by Index Recheck": 0, "Workers": []}]}, {"Node Type": "Hash", "Parent Relationship": "Inner", "Parallel Aware": false, "Async Capable": false, "Startup Cost": 1.24, "Total Cost": 1.24, "Plan Rows": 8, "Plan Width": 15, "Actual Startup Time": 0.009, "Actual Total Time": 0.01, "Actual Rows": 8, "Actual Loops": 6, "Hash Buckets": 1024, "Original Hash Buckets": 1024, "Hash Batches": 1, "Original Hash Batches": 1, "Peak Memory Usage": 9, "Workers": [], "Plans": [{"Node Type": "Seq Scan", "Parent Relationship": "Outer", "Parallel Aware": false, "Async Capable": false, "Relation Name": "role_type", "Alias": "rt", "Startup Cost": 0.0, "Total Cost": 1.24, "Plan Rows": 8, "Plan Width": 15, "Actual Startup Time": 0.005, "Actual Total Time": 0.007, "Actual Rows": 8, "Actual Loops": 6, "Filter": "((role)::text = ANY ('{actor,actress,cinematographer,\"costume designer\",guest,\"miscellaneous crew\",producer,writer}'::text[]))", "Rows Removed by Filter": 4, "Workers": []}]}]}, {"Node Type": "Index Scan", "Parent Relationship": "Inner", "Parallel Aware": false, "Async Capable": false, "Scan Direction": "Forward", "Index Name": "person_id_person_info", "Relation Name": "person_info", "Alias": "pi", "Startup Cost": 0.43, "Total Cost": 10.34, "Plan Rows": 1, "Plan Width": 8, "Actual Startup Time": 0.005, "Actual Total Time": 0.005, "Actual Rows": 0, "Actual Loops": 439661, "Index Cond": "(person_id = ci.person_id)", "Rows Removed by Index Recheck": 0, "Filter": "((info ~~* '%usa%'::text) AND (info_type_id = 39))", "Rows Removed by Filter": 8, "Workers": []}]}, {"Node Type": "Index Scan", "Parent Relationship": "Inner", "Parallel Aware": false, "Async Capable": false, "Scan Direction": "Forward", "Index Name": "name_pkey", "Relation Name": "name", "Alias": "n", "Startup Cost": 0.43, "Total Cost": 1.39, "Plan Rows": 1, "Plan Width": 6, "Actual Startup Time": 0.004, "Actual Total Time": 0.004, "Actual Rows": 1, "Actual Loops": 4125, "Index Cond": "(id = ci.person_id)", "Rows Removed by Index Recheck": 0, "Workers": []}]}]}, {"Node Type": "Index Scan", "Parent Relationship": "Inner", "Parallel Aware": false, "Async Capable": false, "Scan Direction": "Forward", "Index Name": "movie_id_movie_companies", "Relation Name": "movie_companies", "Alias": "mc", "Startup Cost": 0.43, "Total Cost": 2.69, "Plan Rows": 5, "Plan Width": 12, "Actual Startup Time": 0.002, "Actual Total Time": 0.004, "Actual Rows": 22, "Actual Loops": 4125, "Index Cond": "(movie_id = ci.movie_id)", "Rows Removed by Index Recheck": 0}]}, {"Node Type": "Index Scan", "Parent Relationship": "Inner", "Parallel Aware": false, "Async Capable": false, "Scan Direction": "Forward", "Index Name": "company_name_pkey", "Relation Name": "company_name", "Alias": "cn", "Startup Cost": 0.42, "Total Cost": 1.21, "Plan Rows": 1, "Plan Width": 23, "Actual Startup Time": 0.001, "Actual Total Time": 0.001, "Actual Rows": 1, "Actual Loops": 89239, "Index Cond": "(id = mc.company_id)", "Rows Removed by Index Recheck": 0}]}, {"Node Type": "Index Only Scan", "Parent Relationship": "Inner", "Parallel Aware": false, "Async Capable": false, "Scan Direction": "Forward", "Index Name": "company_type_pkey", "Relation Name": "company_type", "Alias": "ct", "Startup Cost": 0.13, "Total Cost": 0.15, "Plan Rows": 1, "Plan Width": 4, "Actual Startup Time": 0.0, "Actual Total Time": 0.0, "Actual Rows": 1, "Actual Loops": 89239, "Index Cond": "(id = mc.company_type_id)", "Rows Removed by Index Recheck": 0, "Heap Fetches": 89239}]}, {"Node Type": "Seq Scan", "Parent Relationship": "Inner", "Parallel Aware": false, "Async Capable": false, "Relation Name": "info_type", "Alias": "it1", "Startup Cost": 0.0, "Total Cost": 2.41, "Plan Rows": 1, "Plan Width": 4, "Actual Startup Time": 0.001, "Actual Total Time": 0.002, "Actual Rows": 1, "Actual Loops": 89239, "Filter": "(id = 6)", "Rows Removed by Filter": 112}]}, {"Node Type": "Seq Scan", "Parent Relationship": "Inner", "Parallel Aware": false, "Async Capable": false, "Relation Name": "info_type", "Alias": "it2", "Startup Cost": 0.0, "Total Cost": 2.41, "Plan Rows": 1, "Plan Width": 4, "Actual Startup Time": 0.001, "Actual Total Time": 0.002, "Actual Rows": 1, "Actual Loops": 89239, "Filter": "(id = 39)", "Rows Removed by Filter": 112}]}]}]}]}, "Planning Time": 18.774, "Triggers": [], "Execution Time": 1082.858}