{"Plan": {"Node Type": "Aggregate", "Strategy": "Sorted", "Partial Mode": "Simple", "Parallel Aware": false, "Async Capable": false, "Startup Cost": 676942.82, "Total Cost": 688497.13, "Plan Rows": 71190, "Plan Width": 147, "Actual Startup Time": 1120.043, "Actual Total Time": 1132.252, "Actual Rows": 376, "Actual Loops": 1, "Group Key": ["mi1.info", "pi.info"], "Plans": [{"Node Type": "Nested Loop", "Parent Relationship": "Outer", "Parallel Aware": false, "Async Capable": false, "Join Type": "Inner", "Startup Cost": 676942.82, "Total Cost": 687251.31, "Plan Rows": 71190, "Plan Width": 139, "Actual Startup Time": 1120.033, "Actual Total Time": 1132.198, "Actual Rows": 476, "Actual Loops": 1, "Inner Unique": false, "Plans": [{"Node Type": "Nested Loop", "Parent Relationship": "Outer", "Parallel Aware": false, "Async Capable": false, "Join Type": "Inner", "Startup Cost": 676942.82, "Total Cost": 686359.02, "Plan Rows": 71190, "Plan Width": 143, "Actual Startup Time": 1120.029, "Actual Total Time": 1132.132, "Actual Rows": 476, "Actual Loops": 1, "Inner Unique": false, "Plans": [{"Node Type": "Gather Merge", "Parent Relationship": "Outer", "Parallel Aware": false, "Async Capable": false, "Startup Cost": 676942.82, "Total Cost": 685466.73, "Plan Rows": 71190, "Plan Width": 147, "Actual Startup Time": 1120.015, "Actual Total Time": 1132.053, "Actual Rows": 476, "Actual Loops": 1, "Workers Planned": 4, "Workers Launched": 4, "Plans": [{"Node Type": "Sort", "Parent Relationship": "Outer", "Parallel Aware": false, "Async Capable": false, "Startup Cost": 675942.76, "Total Cost": 675987.26, "Plan Rows": 17798, "Plan Width": 147, "Actual Startup Time": 1118.412, "Actual Total Time": 1118.423, "Actual Rows": 95, "Actual Loops": 5, "Sort Key": ["mi1.info COLLATE \"C\"", "pi.info COLLATE \"C\""], "Sort Method": "quicksort", "Sort Space Used": 32, "Sort Space Type": "Memory", "Workers": [{"Worker Number": 0, "Sort Method": "quicksort", "Sort Space Used": 33, "Sort Space Type": "Memory"}, {"Worker Number": 1, "Sort Method": "quicksort", "Sort Space Used": 29, "Sort Space Type": "Memory"}, {"Worker Number": 2, "Sort Method": "quicksort", "Sort Space Used": 32, "Sort Space Type": "Memory"}, {"Worker Number": 3, "Sort Method": "quicksort", "Sort Space Used": 31, "Sort Space Type": "Memory"}], "Plans": [{"Node Type": "Hash Join", "Parent Relationship": "Outer", "Parallel Aware": false, "Async Capable": false, "Join Type": "Inner", "Startup Cost": 629689.28, "Total Cost": 674686.27, "Plan Rows": 17798, "Plan Width": 147, "Actual Startup Time": 1077.221, "Actual Total Time": 1118.369, "Actual Rows": 95, "Actual Loops": 5, "Inner Unique": true, "Hash Cond": "(t.kind_id = kt.id)", "Workers": [], "Plans": [{"Node Type": "Hash Join", "Parent Relationship": "Outer", "Parallel Aware": true, "Async Capable": false, "Join Type": "Inner", "Startup Cost": 629688.12, "Total Cost": 674553.86, "Plan Rows": 31146, "Plan Width": 151, "Actual Startup Time": 1074.977, "Actual Total Time": 1118.196, "Actual Rows": 3159, "Actual Loops": 5, "Inner Unique": false, "Hash Cond": "(t.id = ci.movie_id)", "Workers": [], "Plans": [{"Node Type": "Seq Scan", "Parent Relationship": "Outer", "Parallel Aware": true, "Async Capable": false, "Relation Name": "title", "Alias": "t", "Startup Cost": 0.0, "Total Cost": 42329.38, "Plan Rows": 632138, "Plan Width": 8, "Actual Startup Time": 0.005, "Actual Total Time": 21.395, "Actual Rows": 505662, "Actual Loops": 5, "Workers": []}, {"Node Type": "Hash", "Parent Relationship": "Inner", "Parallel Aware": true, "Async Capable": false, "Startup Cost": 628858.92, "Total Cost": 628858.92, "Plan Rows": 66336, "Plan Width": 155, "Actual Startup Time": 1074.613, "Actual Total Time": 1074.62, "Actual Rows": 3159, "Actual Loops": 5, "Hash Buckets": 524288, "Original Hash Buckets": 524288, "Hash Batches": 1, "Original Hash Batches": 1, "Peak Memory Usage": 5536, "Workers": [], "Plans": [{"Node Type": "Hash Join", "Parent Relationship": "Outer", "Parallel Aware": true, "Async Capable": false, "Join Type": "Inner", "Startup Cost": 422075.15, "Total Cost": 628858.92, "Plan Rows": 66336, "Plan Width": 155, "Actual Startup Time": 630.245, "Actual Total Time": 1074.107, "Actual Rows": 3159, "Actual Loops": 5, "Inner Unique": false, "Hash Cond": "(mi1.movie_id = ci.movie_id)", "Workers": [], "Plans": [{"Node Type": "Seq Scan", "Parent Relationship": "Outer", "Parallel Aware": true, "Async Capable": false, "Relation Name": "movie_info", "Alias": "mi1", "Startup Cost": 0.0, "Total Cost": 206090.53, "Plan Rows": 155382, "Plan Width": 50, "Actual Startup Time": 0.091, "Actual Total Time": 433.847, "Actual Rows": 255548, "Actual Loops": 5, "Filter": "((info ~~* '%us%'::text) AND (info_type_id = 16))", "Rows Removed by Filter": 2711596, "Workers": []}, {"Node Type": "Hash", "Parent Relationship": "Inner", "Parallel Aware": true, "Async Capable": false, "Startup Cost": 421230.41, "Total Cost": 421230.41, "Plan Rows": 67579, "Plan Width": 105, "Actual Startup Time": 629.656, "Actual Total Time": 629.662, "Actual Rows": 3759, "Actual Loops": 5, "Hash Buckets": 524288, "Original Hash Buckets": 524288, "Hash Batches": 1, "Original Hash Batches": 1, "Peak Memory Usage": 5216, "Workers": [], "Plans": [{"Node Type": "Hash Join", "Parent Relationship": "Outer", "Parallel Aware": false, "Async Capable": false, "Join Type": "Inner", "Startup Cost": 84959.66, "Total Cost": 421230.41, "Plan Rows": 67579, "Plan Width": 105, "Actual Startup Time": 179.297, "Actual Total Time": 628.14, "Actual Rows": 3759, "Actual Loops": 5, "Inner Unique": true, "Hash Cond": "(ci.role_id = rt.id)", "Workers": [], "Plans": [{"Node Type": "Hash Join", "Parent Relationship": "Outer", "Parallel Aware": true, "Async Capable": false, "Join Type": "Inner", "Startup Cost": 84958.27, "Total Cost": 420940.96, "Plan Rows": 81094, "Plan Width": 109, "Actual Startup Time": 179.279, "Actual Total Time": 627.868, "Actual Rows": 3764, "Actual Loops": 5, "Inner Unique": false, "Hash Cond": "(ci.person_id = n.id)", "Workers": [], "Plans": [{"Node Type": "Seq Scan", "Parent Relationship": "Outer", "Parallel Aware": true, "Async Capable": false, "Relation Name": "cast_info", "Alias": "ci", "Startup Cost": 0.0, "Total Cost": 313127.24, "Plan Rows": 6040724, "Plan Width": 12, "Actual Startup Time": 0.018, "Actual Total Time": 235.186, "Actual Rows": 7248869, "Actual Loops": 5, "Workers": []}, {"Node Type": "Hash", "Parent Relationship": "Inner", "Parallel Aware": true, "Async Capable": false, "Startup Cost": 84783.43, "Total Cost": 84783.43, "Plan Rows": 13987, "Plan Width": 109, "Actual Startup Time": 177.359, "Actual Total Time": 177.361, "Actual Rows": 224, "Actual Loops": 5, "Hash Buckets": 65536, "Original Hash Buckets": 65536, "Hash Batches": 1, "Original Hash Batches": 1, "Peak Memory Usage": 672, "Workers": [], "Plans": [{"Node Type": "Nested Loop", "Parent Relationship": "Outer", "Parallel Aware": false, "Async Capable": false, "Join Type": "Inner", "Startup Cost": 0.43, "Total Cost": 84783.43, "Plan Rows": 13987, "Plan Width": 109, "Actual Startup Time": 2.013, "Actual Total Time": 177.211, "Actual Rows": 224, "Actual Loops": 5, "Inner Unique": true, "Workers": [], "Plans": [{"Node Type": "Seq Scan", "Parent Relationship": "Outer", "Parallel Aware": true, "Async Capable": false, "Relation Name": "person_info", "Alias": "pi", "Startup Cost": 0.0, "Total Cost": 62183.96, "Plan Rows": 13987, "Plan Width": 105, "Actual Startup Time": 1.991, "Actual Total Time": 176.264, "Actual Rows": 224, "Actual Loops": 5, "Filter": "((info ~~* '%200%'::text) AND (info_type_id = 21))", "Rows Removed by Filter": 592508, "Workers": []}, {"Node Type": "Index Only Scan", "Parent Relationship": "Inner", "Parallel Aware": false, "Async Capable": false, "Scan Direction": "Forward", "Index Name": "name_pkey", "Relation Name": "name", "Alias": "n", "Startup Cost": 0.43, "Total Cost": 1.62, "Plan Rows": 1, "Plan Width": 4, "Actual Startup Time": 0.004, "Actual Total Time": 0.004, "Actual Rows": 1, "Actual Loops": 1122, "Index Cond": "(id = pi.person_id)", "Rows Removed by Index Recheck": 0, "Heap Fetches": 0, "Workers": []}]}]}]}, {"Node Type": "Hash", "Parent Relationship": "Inner", "Parallel Aware": false, "Async Capable": false, "Startup Cost": 1.27, "Total Cost": 1.27, "Plan Rows": 10, "Plan Width": 4, "Actual Startup Time": 0.01, "Actual Total Time": 0.01, "Actual Rows": 10, "Actual Loops": 5, "Hash Buckets": 1024, "Original Hash Buckets": 1024, "Hash Batches": 1, "Original Hash Batches": 1, "Peak Memory Usage": 9, "Workers": [], "Plans": [{"Node Type": "Seq Scan", "Parent Relationship": "Outer", "Parallel Aware": false, "Async Capable": false, "Relation Name": "role_type", "Alias": "rt", "Startup Cost": 0.0, "Total Cost": 1.27, "Plan Rows": 10, "Plan Width": 4, "Actual Startup Time": 0.007, "Actual Total Time": 0.008, "Actual Rows": 10, "Actual Loops": 5, "Filter": "((role)::text = ANY ('{actor,actress,composer,\"costume designer\",editor,guest,\"miscellaneous crew\",producer,\"production designer\",writer}'::text[]))", "Rows Removed by Filter": 2, "Workers": []}]}]}]}]}]}]}, {"Node Type": "Hash", "Parent Relationship": "Inner", "Parallel Aware": false, "Async Capable": false, "Startup Cost": 1.1, "Total Cost": 1.1, "Plan Rows": 4, "Plan Width": 4, "Actual Startup Time": 0.015, "Actual Total Time": 0.016, "Actual Rows": 4, "Actual Loops": 5, "Hash Buckets": 1024, "Original Hash Buckets": 1024, "Hash Batches": 1, "Original Hash Batches": 1, "Peak Memory Usage": 9, "Workers": [], "Plans": [{"Node Type": "Seq Scan", "Parent Relationship": "Outer", "Parallel Aware": false, "Async Capable": false, "Relation Name": "kind_type", "Alias": "kt", "Startup Cost": 0.0, "Total Cost": 1.1, "Plan Rows": 4, "Plan Width": 4, "Actual Startup Time": 0.012, "Actual Total Time": 0.013, "Actual Rows": 4, "Actual Loops": 5, "Filter": "((kind)::text = ANY ('{\"tv mini series\",\"tv movie\",\"tv series\",\"video game\"}'::text[]))", "Rows Removed by Filter": 3, "Workers": []}]}]}]}]}, {"Node Type": "Materialize", "Parent Relationship": "Inner", "Parallel Aware": false, "Async Capable": false, "Startup Cost": 0.0, "Total Cost": 2.42, "Plan Rows": 1, "Plan Width": 4, "Actual Startup Time": 0.0, "Actual Total Time": 0.0, "Actual Rows": 1, "Actual Loops": 476, "Plans": [{"Node Type": "Seq Scan", "Parent Relationship": "Outer", "Parallel Aware": false, "Async Capable": false, "Relation Name": "info_type", "Alias": "it1", "Startup Cost": 0.0, "Total Cost": 2.41, "Plan Rows": 1, "Plan Width": 4, "Actual Startup Time": 0.01, "Actual Total Time": 0.012, "Actual Rows": 1, "Actual Loops": 1, "Filter": "(id = 16)", "Rows Removed by Filter": 112}]}]}, {"Node Type": "Materialize", "Parent Relationship": "Inner", "Parallel Aware": false, "Async Capable": false, "Startup Cost": 0.0, "Total Cost": 2.42, "Plan Rows": 1, "Plan Width": 4, "Actual Startup Time": 0.0, "Actual Total Time": 0.0, "Actual Rows": 1, "Actual Loops": 476, "Plans": [{"Node Type": "Seq Scan", "Parent Relationship": "Outer", "Parallel Aware": false, "Async Capable": false, "Relation Name": "info_type", "Alias": "it2", "Startup Cost": 0.0, "Total Cost": 2.41, "Plan Rows": 1, "Plan Width": 4, "Actual Startup Time": 0.002, "Actual Total Time": 0.003, "Actual Rows": 1, "Actual Loops": 1, "Filter": "(id = 21)", "Rows Removed by Filter": 112}]}]}]}, "Planning Time": 3.13, "Triggers": [], "Execution Time": 1132.364}