{"Plan": {"Node Type": "Aggregate", "Strategy": "Sorted", "Partial Mode": "Simple", "Parallel Aware": false, "Async Capable": false, "Startup Cost": 348677.71, "Total Cost": 348887.71, "Plan Rows": 1353, "Plan Width": 65, "Actual Startup Time": 2872.519, "Actual Total Time": 2891.773, "Actual Rows": 6077, "Actual Loops": 1, "Group Key": ["mi1.info", "n.name"], "Plans": [{"Node Type": "Nested Loop", "Parent Relationship": "Outer", "Parallel Aware": false, "Async Capable": false, "Join Type": "Inner", "Startup Cost": 348677.71, "Total Cost": 348860.65, "Plan Rows": 1353, "Plan Width": 61, "Actual Startup Time": 2872.508, "Actual Total Time": 2890.273, "Actual Rows": 24744, "Actual Loops": 1, "Inner Unique": false, "Plans": [{"Node Type": "Gather Merge", "Parent Relationship": "Outer", "Parallel Aware": false, "Async Capable": false, "Startup Cost": 348677.71, "Total Cost": 348841.32, "Plan Rows": 1353, "Plan Width": 65, "Actual Startup Time": 2872.481, "Actual Total Time": 2887.15, "Actual Rows": 24744, "Actual Loops": 1, "Workers Planned": 5, "Workers Launched": 5, "Plans": [{"Node Type": "Sort", "Parent Relationship": "Outer", "Parallel Aware": false, "Async Capable": false, "Startup Cost": 347677.63, "Total Cost": 347678.31, "Plan Rows": 271, "Plan Width": 65, "Actual Startup Time": 2752.175, "Actual Total Time": 2752.402, "Actual Rows": 4124, "Actual Loops": 6, "Sort Key": ["mi1.info COLLATE \"C\"", "n.name COLLATE \"C\""], "Sort Method": "quicksort", "Sort Space Used": 334, "Sort Space Type": "Memory", "Workers": [{"Worker Number": 0, "Sort Method": "quicksort", "Sort Space Used": 442, "Sort Space Type": "Memory"}, {"Worker Number": 1, "Sort Method": "quicksort", "Sort Space Used": 457, "Sort Space Type": "Memory"}, {"Worker Number": 2, "Sort Method": "quicksort", "Sort Space Used": 460, "Sort Space Type": "Memory"}, {"Worker Number": 3, "Sort Method": "quicksort", "Sort Space Used": 302, "Sort Space Type": "Memory"}, {"Worker Number": 4, "Sort Method": "quicksort", "Sort Space Used": 336, "Sort Space Type": "Memory"}], "Plans": [{"Node Type": "Nested Loop", "Parent Relationship": "Outer", "Parallel Aware": false, "Async Capable": false, "Join Type": "Inner", "Startup Cost": 3.67, "Total Cost": 347666.68, "Plan Rows": 271, "Plan Width": 65, "Actual Startup Time": 66.426, "Actual Total Time": 2750.196, "Actual Rows": 4124, "Actual Loops": 6, "Inner Unique": true, "Workers": [], "Plans": [{"Node Type": "Hash Join", "Parent Relationship": "Outer", "Parallel Aware": false, "Async Capable": false, "Join Type": "Inner", "Startup Cost": 3.24, "Total Cost": 335403.62, "Plan Rows": 26787, "Plan Width": 54, "Actual Startup Time": 61.783, "Actual Total Time": 1912.024, "Actual Rows": 609446, "Actual Loops": 6, "Inner Unique": true, "Hash Cond": "(ci.role_id = rt.id)", "Workers": [], "Plans": [{"Node Type": "Nested Loop", "Parent Relationship": "Outer", "Parallel Aware": false, "Async Capable": false, "Join Type": "Inner", "Startup Cost": 2.03, "Total Cost": 335021.81, "Plan Rows": 107150, "Plan Width": 58, "Actual Startup Time": 61.711, "Actual Total Time": 1801.77, "Actual Rows": 2872271, "Actual Loops": 6, "Inner Unique": false, "Workers": [], "Plans": [{"Node Type": "Hash Join", "Parent Relationship": "Outer", "Parallel Aware": false, "Async Capable": false, "Join Type": "Inner", "Startup Cost": 1.59, "Total Cost": 257386.39, "Plan Rows": 7475, "Plan Width": 58, "Actual Startup Time": 61.693, "Actual Total Time": 306.598, "Actual Rows": 141094, "Actual Loops": 6, "Inner Unique": true, "Hash Cond": "(t.kind_id = kt.id)", "Workers": [], "Plans": [{"Node Type": "Nested Loop", "Parent Relationship": "Outer", "Parallel Aware": false, "Async Capable": false, "Join Type": "Inner", "Startup Cost": 0.46, "Total Cost": 257311.74, "Plan Rows": 17442, "Plan Width": 62, "Actual Startup Time": 61.66, "Actual Total Time": 294.308, "Actual Rows": 172422, "Actual Loops": 6, "Inner Unique": true, "Workers": [], "Plans": [{"Node Type": "Seq Scan", "Parent Relationship": "Outer", "Parallel Aware": true, "Async Capable": false, "Relation Name": "movie_info", "Alias": "mi1", "Startup Cost": 0.03, "Total Cost": 213497.65, "Plan Rows": 17442, "Plan Width": 50, "Actual Startup Time": 61.629, "Actual Total Time": 117.256, "Actual Rows": 172422, "Actual Loops": 6, "Filter": "((info_type_id = 4) AND (info = ANY ('{Arabic,Czech,Danish,Dutch,English,Filipino,German,Greek,Italian,Spanish,Swedish,Tagalog}'::text[])))", "Rows Removed by Filter": 2300198, "Workers": []}, {"Node Type": "Index Scan", "Parent Relationship": "Inner", "Parallel Aware": false, "Async Capable": false, "Scan Direction": "Forward", "Index Name": "title_pkey", "Relation Name": "title", "Alias": "t", "Startup Cost": 0.43, "Total Cost": 2.51, "Plan Rows": 1, "Plan Width": 12, "Actual Startup Time": 0.001, "Actual Total Time": 0.001, "Actual Rows": 1, "Actual Loops": 1034529, "Index Cond": "(id = mi1.movie_id)", "Rows Removed by Index Recheck": 0, "Workers": []}]}, {"Node Type": "Hash", "Parent Relationship": "Inner", "Parallel Aware": false, "Async Capable": false, "Startup Cost": 1.1, "Total Cost": 1.1, "Plan Rows": 3, "Plan Width": 4, "Actual Startup Time": 0.013, "Actual Total Time": 0.014, "Actual Rows": 3, "Actual Loops": 6, "Hash Buckets": 1024, "Original Hash Buckets": 1024, "Hash Batches": 1, "Original Hash Batches": 1, "Peak Memory Usage": 9, "Workers": [], "Plans": [{"Node Type": "Seq Scan", "Parent Relationship": "Outer", "Parallel Aware": false, "Async Capable": false, "Relation Name": "kind_type", "Alias": "kt", "Startup Cost": 0.0, "Total Cost": 1.1, "Plan Rows": 3, "Plan Width": 4, "Actual Startup Time": 0.009, "Actual Total Time": 0.009, "Actual Rows": 3, "Actual Loops": 6, "Filter": "((kind)::text = ANY ('{episode,movie,\"tv movie\"}'::text[]))", "Rows Removed by Filter": 4, "Workers": []}]}]}, {"Node Type": "Index Scan", "Parent Relationship": "Inner", "Parallel Aware": false, "Async Capable": false, "Scan Direction": "Forward", "Index Name": "movie_id_cast_info", "Relation Name": "cast_info", "Alias": "ci", "Startup Cost": 0.44, "Total Cost": 10.01, "Plan Rows": 38, "Plan Width": 12, "Actual Startup Time": 0.001, "Actual Total Time": 0.009, "Actual Rows": 20, "Actual Loops": 846565, "Index Cond": "(movie_id = t.id)", "Rows Removed by Index Recheck": 0, "Workers": []}]}, {"Node Type": "Hash", "Parent Relationship": "Inner", "Parallel Aware": false, "Async Capable": false, "Startup Cost": 1.17, "Total Cost": 1.17, "Plan Rows": 3, "Plan Width": 4, "Actual Startup Time": 0.011, "Actual Total Time": 0.011, "Actual Rows": 3, "Actual Loops": 6, "Hash Buckets": 1024, "Original Hash Buckets": 1024, "Hash Batches": 1, "Original Hash Batches": 1, "Peak Memory Usage": 9, "Workers": [], "Plans": [{"Node Type": "Seq Scan", "Parent Relationship": "Outer", "Parallel Aware": false, "Async Capable": false, "Relation Name": "role_type", "Alias": "rt", "Startup Cost": 0.0, "Total Cost": 1.17, "Plan Rows": 3, "Plan Width": 4, "Actual Startup Time": 0.008, "Actual Total Time": 0.009, "Actual Rows": 3, "Actual Loops": 6, "Filter": "((role)::text = ANY ('{actress,composer,\"costume designer\"}'::text[]))", "Rows Removed by Filter": 9, "Workers": []}]}]}, {"Node Type": "Index Scan", "Parent Relationship": "Inner", "Parallel Aware": false, "Async Capable": false, "Scan Direction": "Forward", "Index Name": "name_pkey", "Relation Name": "name", "Alias": "n", "Startup Cost": 0.43, "Total Cost": 0.46, "Plan Rows": 1, "Plan Width": 19, "Actual Startup Time": 0.001, "Actual Total Time": 0.001, "Actual Rows": 0, "Actual Loops": 3656676, "Index Cond": "(id = ci.person_id)", "Rows Removed by Index Recheck": 0, "Filter": "(name ~~* '%lou%'::text)", "Rows Removed by Filter": 1, "Workers": []}]}]}]}, {"Node Type": "Materialize", "Parent Relationship": "Inner", "Parallel Aware": false, "Async Capable": false, "Startup Cost": 0.0, "Total Cost": 2.42, "Plan Rows": 1, "Plan Width": 4, "Actual Startup Time": 0.0, "Actual Total Time": 0.0, "Actual Rows": 1, "Actual Loops": 24744, "Plans": [{"Node Type": "Seq Scan", "Parent Relationship": "Outer", "Parallel Aware": false, "Async Capable": false, "Relation Name": "info_type", "Alias": "it1", "Startup Cost": 0.0, "Total Cost": 2.41, "Plan Rows": 1, "Plan Width": 4, "Actual Startup Time": 0.022, "Actual Total Time": 0.024, "Actual Rows": 1, "Actual Loops": 1, "Filter": "(id = 4)", "Rows Removed by Filter": 112}]}]}]}, "Planning Time": 1.576, "Triggers": [], "Execution Time": 2891.979}