{"Plan": {"Node Type": "Aggregate", "Strategy": "Sorted", "Partial Mode": "Simple", "Parallel Aware": false, "Async Capable": false, "Startup Cost": 280597.95, "Total Cost": 280621.25, "Plan Rows": 113, "Plan Width": 65, "Actual Startup Time": 913.191, "Actual Total Time": 949.691, "Actual Rows": 4530, "Actual Loops": 1, "Group Key": ["mi1.info", "n.name"], "Plans": [{"Node Type": "Nested Loop", "Parent Relationship": "Outer", "Parallel Aware": false, "Async Capable": false, "Join Type": "Inner", "Startup Cost": 280597.95, "Total Cost": 280619.27, "Plan Rows": 113, "Plan Width": 57, "Actual Startup Time": 913.179, "Actual Total Time": 946.956, "Actual Rows": 67777, "Actual Loops": 1, "Inner Unique": false, "Plans": [{"Node Type": "Nested Loop", "Parent Relationship": "Outer", "Parallel Aware": false, "Async Capable": false, "Join Type": "Inner", "Startup Cost": 280597.95, "Total Cost": 280615.44, "Plan Rows": 113, "Plan Width": 61, "Actual Startup Time": 913.176, "Actual Total Time": 938.579, "Actual Rows": 67777, "Actual Loops": 1, "Inner Unique": false, "Plans": [{"Node Type": "Gather Merge", "Parent Relationship": "Outer", "Parallel Aware": false, "Async Capable": false, "Startup Cost": 280597.95, "Total Cost": 280611.62, "Plan Rows": 113, "Plan Width": 65, "Actual Startup Time": 913.163, "Actual Total Time": 929.998, "Actual Rows": 67777, "Actual Loops": 1, "Workers Planned": 5, "Workers Launched": 5, "Plans": [{"Node Type": "Sort", "Parent Relationship": "Outer", "Parallel Aware": false, "Async Capable": false, "Startup Cost": 279597.87, "Total Cost": 279597.93, "Plan Rows": 23, "Plan Width": 65, "Actual Startup Time": 911.641, "Actual Total Time": 911.926, "Actual Rows": 11296, "Actual Loops": 6, "Sort Key": ["mi1.info COLLATE \"C\"", "n.name COLLATE \"C\""], "Sort Method": "quicksort", "Sort Space Used": 1006, "Sort Space Type": "Memory", "Workers": [{"Worker Number": 0, "Sort Method": "quicksort", "Sort Space Used": 1023, "Sort Space Type": "Memory"}, {"Worker Number": 1, "Sort Method": "quicksort", "Sort Space Used": 1082, "Sort Space Type": "Memory"}, {"Worker Number": 2, "Sort Method": "quicksort", "Sort Space Used": 1036, "Sort Space Type": "Memory"}, {"Worker Number": 3, "Sort Method": "quicksort", "Sort Space Used": 1044, "Sort Space Type": "Memory"}, {"Worker Number": 4, "Sort Method": "quicksort", "Sort Space Used": 944, "Sort Space Type": "Memory"}], "Plans": [{"Node Type": "Nested Loop", "Parent Relationship": "Outer", "Parallel Aware": false, "Async Capable": false, "Join Type": "Inner", "Startup Cost": 4.15, "Total Cost": 279597.35, "Plan Rows": 23, "Plan Width": 65, "Actual Startup Time": 60.465, "Actual Total Time": 908.591, "Actual Rows": 11296, "Actual Loops": 6, "Inner Unique": false, "Workers": [], "Plans": [{"Node Type": "Nested Loop", "Parent Relationship": "Outer", "Parallel Aware": false, "Async Capable": false, "Join Type": "Inner", "Startup Cost": 3.72, "Total Cost": 274146.84, "Plan Rows": 755, "Plan Width": 69, "Actual Startup Time": 59.456, "Actual Total Time": 856.891, "Actual Rows": 23435, "Actual Loops": 6, "Inner Unique": true, "Workers": [], "Plans": [{"Node Type": "Hash Join", "Parent Relationship": "Outer", "Parallel Aware": false, "Async Capable": false, "Join Type": "Inner", "Startup Cost": 3.29, "Total Cost": 264804.74, "Plan Rows": 8305, "Plan Width": 50, "Actual Startup Time": 59.122, "Actual Total Time": 515.684, "Actual Rows": 155600, "Actual Loops": 6, "Inner Unique": true, "Hash Cond": "(ci.role_id = rt.id)", "Workers": [], "Plans": [{"Node Type": "Nested Loop", "Parent Relationship": "Outer", "Parallel Aware": false, "Async Capable": false, "Join Type": "Inner", "Startup Cost": 2.04, "Total Cost": 264732.68, "Plan Rows": 19933, "Plan Width": 54, "Actual Startup Time": 59.032, "Actual Total Time": 497.033, "Actual Rows": 380157, "Actual Loops": 6, "Inner Unique": false, "Workers": [], "Plans": [{"Node Type": "Hash Join", "Parent Relationship": "Outer", "Parallel Aware": false, "Async Capable": false, "Join Type": "Inner", "Startup Cost": 1.6, "Total Cost": 233072.19, "Plan Rows": 1391, "Plan Width": 54, "Actual Startup Time": 59.013, "Actual Total Time": 144.147, "Actual Rows": 16670, "Actual Loops": 6, "Inner Unique": true, "Hash Cond": "(t.kind_id = kt.id)", "Workers": [], "Plans": [{"Node Type": "Nested Loop", "Parent Relationship": "Outer", "Parallel Aware": false, "Async Capable": false, "Join Type": "Inner", "Startup Cost": 0.46, "Total Cost": 233057.38, "Plan Rows": 3245, "Plan Width": 58, "Actual Startup Time": 58.706, "Actual Total Time": 142.455, "Actual Rows": 26576, "Actual Loops": 6, "Inner Unique": true, "Workers": [], "Plans": [{"Node Type": "Seq Scan", "Parent Relationship": "Outer", "Parallel Aware": true, "Async Capable": false, "Relation Name": "movie_info", "Alias": "mi1", "Startup Cost": 0.03, "Total Cost": 213497.65, "Plan Rows": 3478, "Plan Width": 50, "Actual Startup Time": 58.68, "Actual Total Time": 97.502, "Actual Rows": 28101, "Actual Loops": 6, "Filter": "((info_type_id = 3) AND (info = ANY ('{Biography,Film-Noir,Game-Show,History,Music,Musical,News,Reality-TV,Sci-Fi,Sport,Talk-Show,War,Western}'::text[])))", "Rows Removed by Filter": 2444519, "Workers": []}, {"Node Type": "Index Scan", "Parent Relationship": "Inner", "Parallel Aware": false, "Async Capable": false, "Scan Direction": "Forward", "Index Name": "title_pkey", "Relation Name": "title", "Alias": "t", "Startup Cost": 0.43, "Total Cost": 5.62, "Plan Rows": 1, "Plan Width": 8, "Actual Startup Time": 0.001, "Actual Total Time": 0.001, "Actual Rows": 1, "Actual Loops": 168608, "Index Cond": "(id = mi1.movie_id)", "Rows Removed by Index Recheck": 0, "Filter": "((production_year <= 2015) AND (production_year >= 1925))", "Rows Removed by Filter": 0, "Workers": []}]}, {"Node Type": "Hash", "Parent Relationship": "Inner", "Parallel Aware": false, "Async Capable": false, "Startup Cost": 1.1, "Total Cost": 1.1, "Plan Rows": 3, "Plan Width": 4, "Actual Startup Time": 0.008, "Actual Total Time": 0.009, "Actual Rows": 3, "Actual Loops": 6, "Hash Buckets": 1024, "Original Hash Buckets": 1024, "Hash Batches": 1, "Original Hash Batches": 1, "Peak Memory Usage": 9, "Workers": [], "Plans": [{"Node Type": "Seq Scan", "Parent Relationship": "Outer", "Parallel Aware": false, "Async Capable": false, "Relation Name": "kind_type", "Alias": "kt", "Startup Cost": 0.0, "Total Cost": 1.1, "Plan Rows": 3, "Plan Width": 4, "Actual Startup Time": 0.006, "Actual Total Time": 0.006, "Actual Rows": 3, "Actual Loops": 6, "Filter": "((kind)::text = ANY ('{episode,movie,\"video movie\"}'::text[]))", "Rows Removed by Filter": 4, "Workers": []}]}]}, {"Node Type": "Index Scan", "Parent Relationship": "Inner", "Parallel Aware": false, "Async Capable": false, "Scan Direction": "Forward", "Index Name": "movie_id_cast_info", "Relation Name": "cast_info", "Alias": "ci", "Startup Cost": 0.44, "Total Cost": 22.38, "Plan Rows": 38, "Plan Width": 12, "Actual Startup Time": 0.002, "Actual Total Time": 0.02, "Actual Rows": 23, "Actual Loops": 100019, "Index Cond": "(movie_id = t.id)", "Rows Removed by Index Recheck": 0, "Workers": []}]}, {"Node Type": "Hash", "Parent Relationship": "Inner", "Parallel Aware": false, "Async Capable": false, "Startup Cost": 1.2, "Total Cost": 1.2, "Plan Rows": 5, "Plan Width": 4, "Actual Startup Time": 0.01, "Actual Total Time": 0.011, "Actual Rows": 5, "Actual Loops": 6, "Hash Buckets": 1024, "Original Hash Buckets": 1024, "Hash Batches": 1, "Original Hash Batches": 1, "Peak Memory Usage": 9, "Workers": [], "Plans": [{"Node Type": "Seq Scan", "Parent Relationship": "Outer", "Parallel Aware": false, "Async Capable": false, "Relation Name": "role_type", "Alias": "rt", "Startup Cost": 0.0, "Total Cost": 1.2, "Plan Rows": 5, "Plan Width": 4, "Actual Startup Time": 0.007, "Actual Total Time": 0.008, "Actual Rows": 5, "Actual Loops": 6, "Filter": "((role)::text = ANY ('{actress,\"costume designer\",director,\"miscellaneous crew\",producer}'::text[]))", "Rows Removed by Filter": 7, "Workers": []}]}]}, {"Node Type": "Index Scan", "Parent Relationship": "Inner", "Parallel Aware": false, "Async Capable": false, "Scan Direction": "Forward", "Index Name": "name_pkey", "Relation Name": "name", "Alias": "n", "Startup Cost": 0.43, "Total Cost": 1.12, "Plan Rows": 1, "Plan Width": 19, "Actual Startup Time": 0.002, "Actual Total Time": 0.002, "Actual Rows": 0, "Actual Loops": 933601, "Index Cond": "(id = ci.person_id)", "Rows Removed by Index Recheck": 0, "Filter": "(name ~~* '%ma%'::text)", "Rows Removed by Filter": 1, "Workers": []}]}, {"Node Type": "Index Scan", "Parent Relationship": "Inner", "Parallel Aware": false, "Async Capable": false, "Scan Direction": "Forward", "Index Name": "person_id_person_info", "Relation Name": "person_info", "Alias": "pi", "Startup Cost": 0.43, "Total Cost": 7.21, "Plan Rows": 1, "Plan Width": 8, "Actual Startup Time": 0.002, "Actual Total Time": 0.002, "Actual Rows": 0, "Actual Loops": 140608, "Index Cond": "(person_id = ci.person_id)", "Rows Removed by Index Recheck": 0, "Filter": "(info_type_id = 36)", "Rows Removed by Filter": 5, "Workers": []}]}]}]}, {"Node Type": "Materialize", "Parent Relationship": "Inner", "Parallel Aware": false, "Async Capable": false, "Startup Cost": 0.0, "Total Cost": 2.42, "Plan Rows": 1, "Plan Width": 4, "Actual Startup Time": 0.0, "Actual Total Time": 0.0, "Actual Rows": 1, "Actual Loops": 67777, "Plans": [{"Node Type": "Seq Scan", "Parent Relationship": "Outer", "Parallel Aware": false, "Async Capable": false, "Relation Name": "info_type", "Alias": "it1", "Startup Cost": 0.0, "Total Cost": 2.41, "Plan Rows": 1, "Plan Width": 4, "Actual Startup Time": 0.009, "Actual Total Time": 0.011, "Actual Rows": 1, "Actual Loops": 1, "Filter": "(id = 3)", "Rows Removed by Filter": 112}]}]}, {"Node Type": "Materialize", "Parent Relationship": "Inner", "Parallel Aware": false, "Async Capable": false, "Startup Cost": 0.0, "Total Cost": 2.42, "Plan Rows": 1, "Plan Width": 4, "Actual Startup Time": 0.0, "Actual Total Time": 0.0, "Actual Rows": 1, "Actual Loops": 67777, "Plans": [{"Node Type": "Seq Scan", "Parent Relationship": "Outer", "Parallel Aware": false, "Async Capable": false, "Relation Name": "info_type", "Alias": "it2", "Startup Cost": 0.0, "Total Cost": 2.41, "Plan Rows": 1, "Plan Width": 4, "Actual Startup Time": 0.003, "Actual Total Time": 0.004, "Actual Rows": 1, "Actual Loops": 1, "Filter": "(id = 36)", "Rows Removed by Filter": 112}]}]}]}, "Planning Time": 2.963, "Triggers": [], "Execution Time": 949.903}