{"Plan": {"Node Type": "Aggregate", "Strategy": "Plain", "Partial Mode": "Simple", "Parallel Aware": false, "Async Capable": false, "Startup Cost": 31372.06, "Total Cost": 31372.07, "Plan Rows": 1, "Plan Width": 8, "Actual Startup Time": 860.61, "Actual Total Time": 875.832, "Actual Rows": 1, "Actual Loops": 1, "Plans": [{"Node Type": "Nested Loop", "Parent Relationship": "Outer", "Parallel Aware": false, "Async Capable": false, "Join Type": "Inner", "Startup Cost": 1003.43, "Total Cost": 31372.06, "Plan Rows": 1, "Plan Width": 0, "Actual Startup Time": 751.167, "Actual Total Time": 875.824, "Actual Rows": 8, "Actual Loops": 1, "Inner Unique": false, "Plans": [{"Node Type": "Nested Loop", "Parent Relationship": "Outer", "Parallel Aware": false, "Async Capable": false, "Join Type": "Inner", "Startup Cost": 1003.43, "Total Cost": 31369.64, "Plan Rows": 1, "Plan Width": 4, "Actual Startup Time": 751.164, "Actual Total Time": 875.801, "Actual Rows": 8, "Actual Loops": 1, "Inner Unique": false, "Join Filter": "(n.id = pi1.person_id)", "Rows Removed by Join Filter": 0, "Plans": [{"Node Type": "Nested Loop", "Parent Relationship": "Outer", "Parallel Aware": false, "Async Capable": false, "Join Type": "Inner", "Startup Cost": 1003.0, "Total Cost": 31358.61, "Plan Rows": 1, "Plan Width": 12, "Actual Startup Time": 291.061, "Actual Total Time": 875.585, "Actual Rows": 60, "Actual Loops": 1, "Inner Unique": false, "Join Filter": "(an.person_id = n.id)", "Rows Removed by Join Filter": 0, "Plans": [{"Node Type": "Nested Loop", "Parent Relationship": "Outer", "Parallel Aware": false, "Async Capable": false, "Join Type": "Inner", "Startup Cost": 1002.57, "Total Cost": 31356.84, "Plan Rows": 1, "Plan Width": 8, "Actual Startup Time": 72.339, "Actual Total Time": 873.264, "Actual Rows": 151, "Actual Loops": 1, "Inner Unique": false, "Plans": [{"Node Type": "Nested Loop", "Parent Relationship": "Outer", "Parallel Aware": false, "Async Capable": false, "Join Type": "Inner", "Startup Cost": 1002.57, "Total Cost": 31354.42, "Plan Rows": 1, "Plan Width": 12, "Actual Startup Time": 72.335, "Actual Total Time": 872.873, "Actual Rows": 151, "Actual Loops": 1, "Inner Unique": false, "Plans": [{"Node Type": "Nested Loop", "Parent Relationship": "Outer", "Parallel Aware": false, "Async Capable": false, "Join Type": "Inner", "Startup Cost": 1002.57, "Total Cost": 31352.0, "Plan Rows": 1, "Plan Width": 16, "Actual Startup Time": 72.329, "Actual Total Time": 872.45, "Actual Rows": 151, "Actual Loops": 1, "Inner Unique": true, "Plans": [{"Node Type": "Nested Loop", "Parent Relationship": "Outer", "Parallel Aware": false, "Async Capable": false, "Join Type": "Inner", "Startup Cost": 1002.43, "Total Cost": 31351.36, "Plan Rows": 1, "Plan Width": 20, "Actual Startup Time": 72.291, "Actual Total Time": 872.183, "Actual Rows": 151, "Actual Loops": 1, "Inner Unique": true, "Plans": [{"Node Type": "Nested Loop", "Parent Relationship": "Outer", "Parallel Aware": false, "Async Capable": false, "Join Type": "Inner", "Startup Cost": 1002.3, "Total Cost": 31351.2, "Plan Rows": 1, "Plan Width": 24, "Actual Startup Time": 14.855, "Actual Total Time": 871.998, "Actual Rows": 216, "Actual Loops": 1, "Inner Unique": false, "Join Filter": "(t.id = mi1.movie_id)", "Rows Removed by Join Filter": 0, "Plans": [{"Node Type": "Gather", "Parent Relationship": "Outer", "Parallel Aware": false, "Async Capable": false, "Startup Cost": 1001.86, "Total Cost": 31326.15, "Plan Rows": 1, "Plan Width": 36, "Actual Startup Time": 0.343, "Actual Total Time": 826.447, "Actual Rows": 3639, "Actual Loops": 1, "Workers Planned": 2, "Workers Launched": 2, "Single Copy": false, "Plans": [{"Node Type": "Nested Loop", "Parent Relationship": "Outer", "Parallel Aware": false, "Async Capable": false, "Join Type": "Inner", "Startup Cost": 1.86, "Total Cost": 30326.05, "Plan Rows": 1, "Plan Width": 36, "Actual Startup Time": 1.931, "Actual Total Time": 838.848, "Actual Rows": 1213, "Actual Loops": 3, "Inner Unique": true, "Workers": [], "Plans": [{"Node Type": "Nested Loop", "Parent Relationship": "Outer", "Parallel Aware": false, "Async Capable": false, "Join Type": "Inner", "Startup Cost": 1.43, "Total Cost": 30323.12, "Plan Rows": 2, "Plan Width": 32, "Actual Startup Time": 0.127, "Actual Total Time": 678.818, "Actual Rows": 71465, "Actual Loops": 3, "Inner Unique": true, "Workers": [], "Plans": [{"Node Type": "Nested Loop", "Parent Relationship": "Outer", "Parallel Aware": false, "Async Capable": false, "Join Type": "Inner", "Startup Cost": 1.3, "Total Cost": 30322.48, "Plan Rows": 4, "Plan Width": 36, "Actual Startup Time": 0.096, "Actual Total Time": 566.809, "Actual Rows": 275003, "Actual Loops": 3, "Inner Unique": false, "Workers": [], "Plans": [{"Node Type": "Nested Loop", "Parent Relationship": "Outer", "Parallel Aware": false, "Async Capable": false, "Join Type": "Inner", "Startup Cost": 0.86, "Total Cost": 30293.82, "Plan Rows": 1, "Plan Width": 24, "Actual Startup Time": 0.073, "Actual Total Time": 187.653, "Actual Rows": 15928, "Actual Loops": 3, "Inner Unique": true, "Workers": [], "Plans": [{"Node Type": "Nested Loop", "Parent Relationship": "Outer", "Parallel Aware": false, "Async Capable": false, "Join Type": "Inner", "Startup Cost": 0.43, "Total Cost": 30285.66, "Plan Rows": 1, "Plan Width": 16, "Actual Startup Time": 0.054, "Actual Total Time": 149.213, "Actual Rows": 18018, "Actual Loops": 3, "Inner Unique": false, "Workers": [], "Plans": [{"Node Type": "Seq Scan", "Parent Relationship": "Outer", "Parallel Aware": true, "Async Capable": false, "Relation Name": "movie_info_idx", "Alias": "mii2", "Startup Cost": 0.0, "Total Cost": 26655.97, "Plan Rows": 461, "Plan Width": 8, "Actual Startup Time": 0.039, "Actual Total Time": 114.577, "Actual Rows": 18358, "Actual Loops": 3, "Filter": "((info ~ '^(?:[1-9]\\d*|0)?(?:\\.\\d+)?$'::text) AND (info ~ '^(?:[1-9]\\d*|0)?(?:\\.\\d+)?$'::text) AND (info_type_id = 101) AND ((info)::double precision <= '4'::double precision) AND ('0'::double precision <= (info)::double precision))", "Rows Removed by Filter": 441654, "Workers": []}, {"Node Type": "Index Scan", "Parent Relationship": "Inner", "Parallel Aware": false, "Async Capable": false, "Scan Direction": "Forward", "Index Name": "movie_id_movie_info_idx", "Relation Name": "movie_info_idx", "Alias": "mii1", "Startup Cost": 0.43, "Total Cost": 7.86, "Plan Rows": 1, "Plan Width": 8, "Actual Startup Time": 0.001, "Actual Total Time": 0.002, "Actual Rows": 1, "Actual Loops": 55073, "Index Cond": "(movie_id = mii2.movie_id)", "Rows Removed by Index Recheck": 0, "Filter": "((info ~ '^(?:[1-9]\\d*|0)?(?:\\.\\d+)?$'::text) AND (info ~ '^(?:[1-9]\\d*|0)?(?:\\.\\d+)?$'::text) AND (info_type_id = 100) AND ('0'::double precision <= (info)::double precision) AND ((info)::double precision <= '1000'::double precision))", "Rows Removed by Filter": 2, "Workers": []}]}, {"Node Type": "Index Scan", "Parent Relationship": "Inner", "Parallel Aware": false, "Async Capable": false, "Scan Direction": "Forward", "Index Name": "title_pkey", "Relation Name": "title", "Alias": "t", "Startup Cost": 0.43, "Total Cost": 8.16, "Plan Rows": 1, "Plan Width": 8, "Actual Startup Time": 0.002, "Actual Total Time": 0.002, "Actual Rows": 1, "Actual Loops": 54055, "Index Cond": "(id = mii1.movie_id)", "Rows Removed by Index Recheck": 0, "Filter": "((production_year <= 2015) AND (production_year >= 1975))", "Rows Removed by Filter": 0, "Workers": []}]}, {"Node Type": "Index Scan", "Parent Relationship": "Inner", "Parallel Aware": false, "Async Capable": false, "Scan Direction": "Forward", "Index Name": "movie_id_cast_info", "Relation Name": "cast_info", "Alias": "ci", "Startup Cost": 0.44, "Total Cost": 28.42, "Plan Rows": 24, "Plan Width": 12, "Actual Startup Time": 0.003, "Actual Total Time": 0.023, "Actual Rows": 17, "Actual Loops": 47783, "Index Cond": "(movie_id = t.id)", "Rows Removed by Index Recheck": 0, "Filter": "((note = ANY ('{(deviser),\"(executive producer)\",(producer),\"(supervising producer)\"}'::text[])) OR (note IS NULL))", "Rows Removed by Filter": 7, "Workers": []}]}, {"Node Type": "Index Scan", "Parent Relationship": "Inner", "Parallel Aware": false, "Async Capable": false, "Scan Direction": "Forward", "Index Name": "role_type_pkey", "Relation Name": "role_type", "Alias": "rt", "Startup Cost": 0.14, "Total Cost": 0.16, "Plan Rows": 1, "Plan Width": 4, "Actual Startup Time": 0.0, "Actual Total Time": 0.0, "Actual Rows": 0, "Actual Loops": 825009, "Index Cond": "(id = ci.role_id)", "Rows Removed by Index Recheck": 0, "Filter": "((role)::text = ANY ('{composer,director,editor,producer,writer}'::text[]))", "Rows Removed by Filter": 1, "Workers": []}]}, {"Node Type": "Index Scan", "Parent Relationship": "Inner", "Parallel Aware": false, "Async Capable": false, "Scan Direction": "Forward", "Index Name": "name_pkey", "Relation Name": "name", "Alias": "n", "Startup Cost": 0.43, "Total Cost": 1.47, "Plan Rows": 1, "Plan Width": 4, "Actual Startup Time": 0.002, "Actual Total Time": 0.002, "Actual Rows": 0, "Actual Loops": 214396, "Index Cond": "(id = ci.person_id)", "Rows Removed by Index Recheck": 0, "Filter": "((gender IS NULL) AND (((name_pcode_nf)::text = ANY ('{A5362,A6532,C5321,C6231,C6235,R5316}'::text[])) OR (name_pcode_nf IS NULL)))", "Rows Removed by Filter": 1, "Workers": []}]}]}, {"Node Type": "Index Scan", "Parent Relationship": "Inner", "Parallel Aware": false, "Async Capable": false, "Scan Direction": "Forward", "Index Name": "movie_id_movie_info", "Relation Name": "movie_info", "Alias": "mi1", "Startup Cost": 0.43, "Total Cost": 25.03, "Plan Rows": 1, "Plan Width": 8, "Actual Startup Time": 0.012, "Actual Total Time": 0.012, "Actual Rows": 0, "Actual Loops": 3639, "Index Cond": "(movie_id = ci.movie_id)", "Rows Removed by Index Recheck": 0, "Filter": "(info = ANY ('{Argentina:16,Australia:PG,France:U,Germany:12,Germany:16,Iceland:16,\"South Korea:15\",UK:PG,USA:PG,USA:PG-13}'::text[]))", "Rows Removed by Filter": 11}]}, {"Node Type": "Index Scan", "Parent Relationship": "Inner", "Parallel Aware": false, "Async Capable": false, "Scan Direction": "Forward", "Index Name": "kind_type_pkey", "Relation Name": "kind_type", "Alias": "kt", "Startup Cost": 0.13, "Total Cost": 0.15, "Plan Rows": 1, "Plan Width": 4, "Actual Startup Time": 0.001, "Actual Total Time": 0.001, "Actual Rows": 1, "Actual Loops": 216, "Index Cond": "(id = t.kind_id)", "Rows Removed by Index Recheck": 0, "Filter": "((kind)::text = ANY ('{episode,movie}'::text[]))", "Rows Removed by Filter": 0}]}, {"Node Type": "Index Only Scan", "Parent Relationship": "Inner", "Parallel Aware": false, "Async Capable": false, "Scan Direction": "Forward", "Index Name": "info_type_pkey", "Relation Name": "info_type", "Alias": "it1", "Startup Cost": 0.14, "Total Cost": 0.47, "Plan Rows": 1, "Plan Width": 4, "Actual Startup Time": 0.001, "Actual Total Time": 0.001, "Actual Rows": 1, "Actual Loops": 151, "Index Cond": "((id = mi1.info_type_id) AND (id = ANY ('{103,5,6}'::integer[])))", "Rows Removed by Index Recheck": 0, "Heap Fetches": 151}]}, {"Node Type": "Seq Scan", "Parent Relationship": "Inner", "Parallel Aware": false, "Async Capable": false, "Relation Name": "info_type", "Alias": "it3", "Startup Cost": 0.0, "Total Cost": 2.41, "Plan Rows": 1, "Plan Width": 4, "Actual Startup Time": 0.002, "Actual Total Time": 0.002, "Actual Rows": 1, "Actual Loops": 151, "Filter": "(id = 100)", "Rows Removed by Filter": 112}]}, {"Node Type": "Seq Scan", "Parent Relationship": "Inner", "Parallel Aware": false, "Async Capable": false, "Relation Name": "info_type", "Alias": "it4", "Startup Cost": 0.0, "Total Cost": 2.41, "Plan Rows": 1, "Plan Width": 4, "Actual Startup Time": 0.002, "Actual Total Time": 0.002, "Actual Rows": 1, "Actual Loops": 151, "Filter": "(id = 101)", "Rows Removed by Filter": 112}]}, {"Node Type": "Index Only Scan", "Parent Relationship": "Inner", "Parallel Aware": false, "Async Capable": false, "Scan Direction": "Forward", "Index Name": "person_id_aka_name", "Relation Name": "aka_name", "Alias": "an", "Startup Cost": 0.42, "Total Cost": 1.75, "Plan Rows": 2, "Plan Width": 4, "Actual Startup Time": 0.015, "Actual Total Time": 0.015, "Actual Rows": 0, "Actual Loops": 151, "Index Cond": "(person_id = ci.person_id)", "Rows Removed by Index Recheck": 0, "Heap Fetches": 60}]}, {"Node Type": "Index Scan", "Parent Relationship": "Inner", "Parallel Aware": false, "Async Capable": false, "Scan Direction": "Forward", "Index Name": "person_id_person_info", "Relation Name": "person_info", "Alias": "pi1", "Startup Cost": 0.43, "Total Cost": 11.01, "Plan Rows": 1, "Plan Width": 8, "Actual Startup Time": 0.003, "Actual Total Time": 0.003, "Actual Rows": 0, "Actual Loops": 60, "Index Cond": "(person_id = ci.person_id)", "Rows Removed by Index Recheck": 0, "Filter": "(info_type_id = 22)", "Rows Removed by Filter": 1}]}, {"Node Type": "Seq Scan", "Parent Relationship": "Inner", "Parallel Aware": false, "Async Capable": false, "Relation Name": "info_type", "Alias": "it5", "Startup Cost": 0.0, "Total Cost": 2.41, "Plan Rows": 1, "Plan Width": 4, "Actual Startup Time": 0.001, "Actual Total Time": 0.002, "Actual Rows": 1, "Actual Loops": 8, "Filter": "(id = 22)", "Rows Removed by Filter": 112}]}]}, "Planning Time": 69.225, "Triggers": [], "Execution Time": 875.941}