{"Plan": {"Node Type": "Aggregate", "Strategy": "Plain", "Partial Mode": "Simple", "Parallel Aware": false, "Async Capable": false, "Startup Cost": 95204.98, "Total Cost": 95204.99, "Plan Rows": 1, "Plan Width": 8, "Actual Startup Time": 121.409, "Actual Total Time": 127.589, "Actual Rows": 1, "Actual Loops": 1, "Plans": [{"Node Type": "Gather", "Parent Relationship": "Outer", "Parallel Aware": false, "Async Capable": false, "Startup Cost": 1003.11, "Total Cost": 95204.97, "Plan Rows": 4, "Plan Width": 0, "Actual Startup Time": 121.357, "Actual Total Time": 127.583, "Actual Rows": 6, "Actual Loops": 1, "Workers Planned": 4, "Workers Launched": 4, "Single Copy": false, "Plans": [{"Node Type": "Nested Loop", "Parent Relationship": "Outer", "Parallel Aware": false, "Async Capable": false, "Join Type": "Inner", "Startup Cost": 3.11, "Total Cost": 94204.57, "Plan Rows": 1, "Plan Width": 0, "Actual Startup Time": 117.524, "Actual Total Time": 119.907, "Actual Rows": 1, "Actual Loops": 5, "Inner Unique": true, "Workers": [], "Plans": [{"Node Type": "Nested Loop", "Parent Relationship": "Outer", "Parallel Aware": false, "Async Capable": false, "Join Type": "Inner", "Startup Cost": 2.68, "Total Cost": 94199.95, "Plan Rows": 2, "Plan Width": 4, "Actual Startup Time": 117.519, "Actual Total Time": 119.892, "Actual Rows": 1, "Actual Loops": 5, "Inner Unique": true, "Workers": [], "Plans": [{"Node Type": "Nested Loop", "Parent Relationship": "Outer", "Parallel Aware": false, "Async Capable": false, "Join Type": "Inner", "Startup Cost": 2.54, "Total Cost": 94199.31, "Plan Rows": 4, "Plan Width": 8, "Actual Startup Time": 117.508, "Actual Total Time": 119.887, "Actual Rows": 5, "Actual Loops": 5, "Inner Unique": false, "Join Filter": "(t.id = ci.movie_id)", "Rows Removed by Join Filter": 0, "Workers": [], "Plans": [{"Node Type": "Nested Loop", "Parent Relationship": "Outer", "Parallel Aware": false, "Async Capable": false, "Join Type": "Inner", "Startup Cost": 2.1, "Total Cost": 94147.53, "Plan Rows": 1, "Plan Width": 12, "Actual Startup Time": 104.463, "Actual Total Time": 119.867, "Actual Rows": 1, "Actual Loops": 5, "Inner Unique": false, "Workers": [], "Plans": [{"Node Type": "Nested Loop", "Parent Relationship": "Outer", "Parallel Aware": false, "Async Capable": false, "Join Type": "Inner", "Startup Cost": 2.1, "Total Cost": 94145.11, "Plan Rows": 1, "Plan Width": 16, "Actual Startup Time": 104.462, "Actual Total Time": 119.864, "Actual Rows": 1, "Actual Loops": 5, "Inner Unique": false, "Workers": [], "Plans": [{"Node Type": "Nested Loop", "Parent Relationship": "Outer", "Parallel Aware": false, "Async Capable": false, "Join Type": "Inner", "Startup Cost": 2.1, "Total Cost": 94142.69, "Plan Rows": 1, "Plan Width": 20, "Actual Startup Time": 104.456, "Actual Total Time": 119.855, "Actual Rows": 1, "Actual Loops": 5, "Inner Unique": false, "Join Filter": "(t.id = mi1.movie_id)", "Rows Removed by Join Filter": 0, "Workers": [], "Plans": [{"Node Type": "Nested Loop", "Parent Relationship": "Outer", "Parallel Aware": false, "Async Capable": false, "Join Type": "Inner", "Startup Cost": 1.63, "Total Cost": 94038.48, "Plan Rows": 1, "Plan Width": 12, "Actual Startup Time": 49.688, "Actual Total Time": 119.84, "Actual Rows": 2, "Actual Loops": 5, "Inner Unique": false, "Workers": [], "Plans": [{"Node Type": "Hash Join", "Parent Relationship": "Outer", "Parallel Aware": false, "Async Capable": false, "Join Type": "Inner", "Startup Cost": 1.2, "Total Cost": 76308.57, "Plan Rows": 113, "Plan Width": 4, "Actual Startup Time": 0.854, "Actual Total Time": 118.283, "Actual Rows": 125, "Actual Loops": 5, "Inner Unique": true, "Hash Cond": "(t.kind_id = kt.id)", "Workers": [], "Plans": [{"Node Type": "Seq Scan", "Parent Relationship": "Outer", "Parallel Aware": true, "Async Capable": false, "Relation Name": "title", "Alias": "t", "Startup Cost": 0.0, "Total Cost": 76306.81, "Plan Rows": 132, "Plan Width": 8, "Actual Startup Time": 0.808, "Actual Total Time": 118.22, "Actual Rows": 125, "Actual Loops": 5, "Filter": "((production_year <= 2015) AND (production_year >= 1975) AND (title = ANY ('{(#1.1453),(#1.332),(#1.3503),(#1.3788),(#1.5288),(#10.58),(#13.10),(#15.21),(#16.159),(#2.87),(#5.24),(2000-06-23),(2002-01-04),(2003-05-16),(2005-05-15),(2006-08-27),\"Ask the Dust\",\"Austin Powers: The Spy Who Shagged Me\",Basquiat,\"Can You Dig It?\",\"Del 3\",\"Do You See What I See?\",Einsichten,\"Episode Five\",Expectations,Homicide,\"Immortal Beloved\",Insidious,Patience,\"Red, White and a Little Blue\",\"Romeo y Julieta\",\"Running on Empty\",\"Saru gecchu 3\",\"Secret Society\",Tess,\"The Big Bang Theory\",\"The Firm\",\"The Mummy: Tomb of the Dragon Emperor\",\"The Sting\"}'::text[])))", "Rows Removed by Filter": 505537, "Workers": []}, {"Node Type": "Hash", "Parent Relationship": "Inner", "Parallel Aware": false, "Async Capable": false, "Startup Cost": 1.12, "Total Cost": 1.12, "Plan Rows": 6, "Plan Width": 4, "Actual Startup Time": 0.009, "Actual Total Time": 0.01, "Actual Rows": 6, "Actual Loops": 5, "Hash Buckets": 1024, "Original Hash Buckets": 1024, "Hash Batches": 1, "Original Hash Batches": 1, "Peak Memory Usage": 9, "Workers": [], "Plans": [{"Node Type": "Seq Scan", "Parent Relationship": "Outer", "Parallel Aware": false, "Async Capable": false, "Relation Name": "kind_type", "Alias": "kt", "Startup Cost": 0.0, "Total Cost": 1.12, "Plan Rows": 6, "Plan Width": 4, "Actual Startup Time": 0.007, "Actual Total Time": 0.008, "Actual Rows": 6, "Actual Loops": 5, "Filter": "((kind)::text = ANY ('{episode,movie,\"tv movie\",\"tv series\",\"video game\",\"video movie\"}'::text[]))", "Rows Removed by Filter": 1, "Workers": []}]}]}, {"Node Type": "Index Scan", "Parent Relationship": "Inner", "Parallel Aware": false, "Async Capable": false, "Scan Direction": "Forward", "Index Name": "movie_id_movie_info", "Relation Name": "movie_info", "Alias": "mi2", "Startup Cost": 0.43, "Total Cost": 156.89, "Plan Rows": 1, "Plan Width": 8, "Actual Startup Time": 0.012, "Actual Total Time": 0.012, "Actual Rows": 0, "Actual Loops": 626, "Index Cond": "(movie_id = t.id)", "Rows Removed by Index Recheck": 0, "Filter": "((info_type_id = 8) AND (info = ANY ('{Argentina,Belgium,\"Czech Republic\",Indonesia,Mexico,Nigeria}'::text[])))", "Rows Removed by Filter": 6, "Workers": []}]}, {"Node Type": "Index Scan", "Parent Relationship": "Inner", "Parallel Aware": false, "Async Capable": false, "Scan Direction": "Forward", "Index Name": "movie_id_movie_info", "Relation Name": "movie_info", "Alias": "mi1", "Startup Cost": 0.47, "Total Cost": 104.19, "Plan Rows": 1, "Plan Width": 8, "Actual Startup Time": 0.007, "Actual Total Time": 0.007, "Actual Rows": 0, "Actual Loops": 9, "Index Cond": "(movie_id = mi2.movie_id)", "Rows Removed by Index Recheck": 0, "Filter": "((info_type_id = 3) AND (info = ANY ('{Adult,Adventure,Biography,Drama,Family,Game-Show,Horror,Music,Musical,Mystery,News,Reality-TV,Sci-Fi,Thriller,Western}'::text[])))", "Rows Removed by Filter": 6, "Workers": []}]}, {"Node Type": "Seq Scan", "Parent Relationship": "Inner", "Parallel Aware": false, "Async Capable": false, "Relation Name": "info_type", "Alias": "it1", "Startup Cost": 0.0, "Total Cost": 2.41, "Plan Rows": 1, "Plan Width": 4, "Actual Startup Time": 0.011, "Actual Total Time": 0.012, "Actual Rows": 1, "Actual Loops": 3, "Filter": "(id = 3)", "Rows Removed by Filter": 112, "Workers": []}]}, {"Node Type": "Seq Scan", "Parent Relationship": "Inner", "Parallel Aware": false, "Async Capable": false, "Relation Name": "info_type", "Alias": "it2", "Startup Cost": 0.0, "Total Cost": 2.41, "Plan Rows": 1, "Plan Width": 4, "Actual Startup Time": 0.001, "Actual Total Time": 0.003, "Actual Rows": 1, "Actual Loops": 3, "Filter": "(id = 8)", "Rows Removed by Filter": 112, "Workers": []}]}, {"Node Type": "Index Scan", "Parent Relationship": "Inner", "Parallel Aware": false, "Async Capable": false, "Scan Direction": "Forward", "Index Name": "movie_id_cast_info", "Relation Name": "cast_info", "Alias": "ci", "Startup Cost": 0.44, "Total Cost": 51.3, "Plan Rows": 38, "Plan Width": 12, "Actual Startup Time": 0.011, "Actual Total Time": 0.032, "Actual Rows": 8, "Actual Loops": 3, "Index Cond": "(movie_id = mi1.movie_id)", "Rows Removed by Index Recheck": 0, "Workers": []}]}, {"Node Type": "Index Scan", "Parent Relationship": "Inner", "Parallel Aware": false, "Async Capable": false, "Scan Direction": "Forward", "Index Name": "role_type_pkey", "Relation Name": "role_type", "Alias": "rt", "Startup Cost": 0.14, "Total Cost": 0.16, "Plan Rows": 1, "Plan Width": 4, "Actual Startup Time": 0.001, "Actual Total Time": 0.001, "Actual Rows": 0, "Actual Loops": 24, "Index Cond": "(id = ci.role_id)", "Rows Removed by Index Recheck": 0, "Filter": "((role)::text = ANY ('{actress,cinematographer,composer,guest,producer}'::text[]))", "Rows Removed by Filter": 1, "Workers": []}]}, {"Node Type": "Index Scan", "Parent Relationship": "Inner", "Parallel Aware": false, "Async Capable": false, "Scan Direction": "Forward", "Index Name": "name_pkey", "Relation Name": "name", "Alias": "n", "Startup Cost": 0.43, "Total Cost": 2.31, "Plan Rows": 1, "Plan Width": 4, "Actual Startup Time": 0.009, "Actual Total Time": 0.009, "Actual Rows": 1, "Actual Loops": 7, "Index Cond": "(id = ci.person_id)", "Rows Removed by Index Recheck": 0, "Filter": "((gender)::text = ANY ('{f,m}'::text[]))", "Rows Removed by Filter": 0, "Workers": []}]}]}]}, "Planning Time": 3.022, "Triggers": [], "Execution Time": 127.667}