{"Plan": {"Node Type": "Aggregate", "Strategy": "Plain", "Partial Mode": "Simple", "Parallel Aware": false, "Async Capable": false, "Startup Cost": 79515.39, "Total Cost": 79515.4, "Plan Rows": 1, "Plan Width": 8, "Actual Startup Time": 87.034, "Actual Total Time": 90.649, "Actual Rows": 1, "Actual Loops": 1, "Plans": [{"Node Type": "Nested Loop", "Parent Relationship": "Outer", "Parallel Aware": false, "Async Capable": false, "Join Type": "Inner", "Startup Cost": 1002.52, "Total Cost": 79515.22, "Plan Rows": 69, "Plan Width": 0, "Actual Startup Time": 6.665, "Actual Total Time": 88.319, "Actual Rows": 112008, "Actual Loops": 1, "Inner Unique": false, "Plans": [{"Node Type": "Seq Scan", "Parent Relationship": "Outer", "Parallel Aware": false, "Async Capable": false, "Relation Name": "info_type", "Alias": "it1", "Startup Cost": 0.0, "Total Cost": 2.41, "Plan Rows": 1, "Plan Width": 4, "Actual Startup Time": 0.007, "Actual Total Time": 0.01, "Actual Rows": 1, "Actual Loops": 1, "Filter": "(id = 32)", "Rows Removed by Filter": 112}, {"Node Type": "Gather", "Parent Relationship": "Inner", "Parallel Aware": false, "Async Capable": false, "Startup Cost": 1002.52, "Total Cost": 79512.12, "Plan Rows": 69, "Plan Width": 4, "Actual Startup Time": 6.657, "Actual Total Time": 84.064, "Actual Rows": 112008, "Actual Loops": 1, "Workers Planned": 4, "Workers Launched": 4, "Single Copy": false, "Plans": [{"Node Type": "Hash Join", "Parent Relationship": "Outer", "Parallel Aware": false, "Async Capable": false, "Join Type": "Inner", "Startup Cost": 2.52, "Total Cost": 78505.22, "Plan Rows": 17, "Plan Width": 4, "Actual Startup Time": 5.194, "Actual Total Time": 54.549, "Actual Rows": 22402, "Actual Loops": 5, "Inner Unique": true, "Hash Cond": "(ci.role_id = rt.id)", "Workers": [], "Plans": [{"Node Type": "Nested Loop", "Parent Relationship": "Outer", "Parallel Aware": false, "Async Capable": false, "Join Type": "Inner", "Startup Cost": 1.29, "Total Cost": 78503.8, "Plan Rows": 52, "Plan Width": 8, "Actual Startup Time": 5.139, "Actual Total Time": 52.961, "Actual Rows": 22550, "Actual Loops": 5, "Inner Unique": false, "Join Filter": "(n.id = ci.person_id)", "Rows Removed by Join Filter": 0, "Workers": [], "Plans": [{"Node Type": "Nested Loop", "Parent Relationship": "Outer", "Parallel Aware": false, "Async Capable": false, "Join Type": "Inner", "Startup Cost": 0.85, "Total Cost": 78348.43, "Plan Rows": 10, "Plan Width": 16, "Actual Startup Time": 4.411, "Actual Total Time": 47.92, "Actual Rows": 370, "Actual Loops": 5, "Inner Unique": false, "Workers": [], "Plans": [{"Node Type": "Nested Loop", "Parent Relationship": "Outer", "Parallel Aware": false, "Async Capable": false, "Join Type": "Inner", "Startup Cost": 0.43, "Total Cost": 78292.43, "Plan Rows": 44, "Plan Width": 12, "Actual Startup Time": 1.827, "Actual Total Time": 47.646, "Actual Rows": 88, "Actual Loops": 5, "Inner Unique": true, "Workers": [], "Plans": [{"Node Type": "Seq Scan", "Parent Relationship": "Outer", "Parallel Aware": true, "Async Capable": false, "Relation Name": "person_info", "Alias": "pi1", "Startup Cost": 0.0, "Total Cost": 60333.3, "Plan Rows": 2517, "Plan Width": 8, "Actual Startup Time": 0.022, "Actual Total Time": 39.905, "Actual Rows": 2118, "Actual Loops": 5, "Filter": "(info_type_id = 32)", "Rows Removed by Filter": 590615, "Workers": []}, {"Node Type": "Index Scan", "Parent Relationship": "Inner", "Parallel Aware": false, "Async Capable": false, "Scan Direction": "Forward", "Index Name": "name_pkey", "Relation Name": "name", "Alias": "n", "Startup Cost": 0.43, "Total Cost": 7.14, "Plan Rows": 1, "Plan Width": 4, "Actual Startup Time": 0.004, "Actual Total Time": 0.004, "Actual Rows": 0, "Actual Loops": 10589, "Index Cond": "(id = pi1.person_id)", "Rows Removed by Index Recheck": 0, "Filter": "(((gender)::text = ANY ('{f,m}'::text[])) AND (((name_pcode_nf)::text = ANY ('{A426,B62,C425,D5412,D6251,E2526,G6354,H424,H6156,J5214,K6235,L2426,N3141,O3165,R2145,V4321,V652}'::text[])) OR (name_pcode_nf IS NULL)))", "Rows Removed by Filter": 1, "Workers": []}]}, {"Node Type": "Index Only Scan", "Parent Relationship": "Inner", "Parallel Aware": false, "Async Capable": false, "Scan Direction": "Forward", "Index Name": "person_id_aka_name", "Relation Name": "aka_name", "Alias": "an", "Startup Cost": 0.42, "Total Cost": 1.25, "Plan Rows": 2, "Plan Width": 4, "Actual Startup Time": 0.002, "Actual Total Time": 0.003, "Actual Rows": 4, "Actual Loops": 438, "Index Cond": "(person_id = n.id)", "Rows Removed by Index Recheck": 0, "Heap Fetches": 1851, "Workers": []}]}, {"Node Type": "Index Scan", "Parent Relationship": "Inner", "Parallel Aware": false, "Async Capable": false, "Scan Direction": "Forward", "Index Name": "person_id_cast_info", "Relation Name": "cast_info", "Alias": "ci", "Startup Cost": 0.44, "Total Cost": 11.68, "Plan Rows": 309, "Plan Width": 8, "Actual Startup Time": 0.001, "Actual Total Time": 0.01, "Actual Rows": 61, "Actual Loops": 1851, "Index Cond": "(person_id = an.person_id)", "Rows Removed by Index Recheck": 0, "Filter": "((note = ANY ('{\"(credit only)\",\"(executive producer)\"}'::text[])) OR (note IS NULL))", "Rows Removed by Filter": 77, "Workers": []}]}, {"Node Type": "Hash", "Parent Relationship": "Inner", "Parallel Aware": false, "Async Capable": false, "Startup Cost": 1.18, "Total Cost": 1.18, "Plan Rows": 4, "Plan Width": 4, "Actual Startup Time": 0.009, "Actual Total Time": 0.009, "Actual Rows": 4, "Actual Loops": 5, "Hash Buckets": 1024, "Original Hash Buckets": 1024, "Hash Batches": 1, "Original Hash Batches": 1, "Peak Memory Usage": 9, "Workers": [], "Plans": [{"Node Type": "Seq Scan", "Parent Relationship": "Outer", "Parallel Aware": false, "Async Capable": false, "Relation Name": "role_type", "Alias": "rt", "Startup Cost": 0.0, "Total Cost": 1.18, "Plan Rows": 4, "Plan Width": 4, "Actual Startup Time": 0.006, "Actual Total Time": 0.007, "Actual Rows": 4, "Actual Loops": 5, "Filter": "((role)::text = ANY ('{actor,actress,editor,producer}'::text[]))", "Rows Removed by Filter": 8, "Workers": []}]}]}]}]}]}, "Planning Time": 1.33, "Triggers": [], "Execution Time": 90.691}