{"Plan": {"Node Type": "Aggregate", "Strategy": "Sorted", "Partial Mode": "Simple", "Parallel Aware": false, "Async Capable": false, "Startup Cost": 262959.32, "Total Cost": 262959.41, "Plan Rows": 4, "Plan Width": 65, "Actual Startup Time": 633.016, "Actual Total Time": 645.917, "Actual Rows": 876, "Actual Loops": 1, "Group Key": ["mi1.info", "n.name"], "Plans": [{"Node Type": "Sort", "Parent Relationship": "Outer", "Parallel Aware": false, "Async Capable": false, "Startup Cost": 262959.32, "Total Cost": 262959.33, "Plan Rows": 4, "Plan Width": 61, "Actual Startup Time": 633.009, "Actual Total Time": 645.776, "Actual Rows": 1183, "Actual Loops": 1, "Sort Key": ["mi1.info COLLATE \"C\"", "n.name COLLATE \"C\""], "Sort Method": "quicksort", "Sort Space Used": 113, "Sort Space Type": "Memory", "Plans": [{"Node Type": "Gather", "Parent Relationship": "Outer", "Parallel Aware": false, "Async Capable": false, "Startup Cost": 1006.07, "Total Cost": 262959.28, "Plan Rows": 4, "Plan Width": 61, "Actual Startup Time": 69.797, "Actual Total Time": 645.309, "Actual Rows": 1183, "Actual Loops": 1, "Workers Planned": 5, "Workers Launched": 5, "Single Copy": false, "Plans": [{"Node Type": "Nested Loop", "Parent Relationship": "Outer", "Parallel Aware": false, "Async Capable": false, "Join Type": "Inner", "Startup Cost": 6.07, "Total Cost": 261958.88, "Plan Rows": 1, "Plan Width": 61, "Actual Startup Time": 75.571, "Actual Total Time": 631.026, "Actual Rows": 197, "Actual Loops": 6, "Inner Unique": true, "Workers": [], "Plans": [{"Node Type": "Hash Join", "Parent Relationship": "Outer", "Parallel Aware": false, "Async Capable": false, "Join Type": "Inner", "Startup Cost": 5.64, "Total Cost": 261941.03, "Plan Rows": 39, "Plan Width": 50, "Actual Startup Time": 10.166, "Actual Total Time": 527.776, "Actual Rows": 37405, "Actual Loops": 6, "Inner Unique": true, "Hash Cond": "(ci.role_id = rt.id)", "Workers": [], "Plans": [{"Node Type": "Nested Loop", "Parent Relationship": "Outer", "Parallel Aware": false, "Async Capable": false, "Join Type": "Inner", "Startup Cost": 4.44, "Total Cost": 261939.28, "Plan Rows": 155, "Plan Width": 54, "Actual Startup Time": 9.951, "Actual Total Time": 523.174, "Actual Rows": 99520, "Actual Loops": 6, "Inner Unique": false, "Workers": [], "Plans": [{"Node Type": "Hash Join", "Parent Relationship": "Outer", "Parallel Aware": false, "Async Capable": false, "Join Type": "Inner", "Startup Cost": 4.0, "Total Cost": 261825.03, "Plan Rows": 11, "Plan Width": 54, "Actual Startup Time": 9.932, "Actual Total Time": 383.116, "Actual Rows": 1788, "Actual Loops": 6, "Inner Unique": true, "Hash Cond": "(t.kind_id = kt.id)", "Workers": [], "Plans": [{"Node Type": "Nested Loop", "Parent Relationship": "Outer", "Parallel Aware": false, "Async Capable": false, "Join Type": "Inner", "Startup Cost": 2.87, "Total Cost": 261823.79, "Plan Rows": 25, "Plan Width": 58, "Actual Startup Time": 9.811, "Actual Total Time": 382.936, "Actual Rows": 1854, "Actual Loops": 6, "Inner Unique": true, "Workers": [], "Plans": [{"Node Type": "Hash Join", "Parent Relationship": "Outer", "Parallel Aware": false, "Async Capable": false, "Join Type": "Inner", "Startup Cost": 2.44, "Total Cost": 261650.03, "Plan Rows": 25, "Plan Width": 46, "Actual Startup Time": 9.789, "Actual Total Time": 377.431, "Actual Rows": 1854, "Actual Loops": 6, "Inner Unique": true, "Hash Cond": "(mi1.info_type_id = it1.id)", "Workers": [], "Plans": [{"Node Type": "Seq Scan", "Parent Relationship": "Outer", "Parallel Aware": true, "Async Capable": false, "Relation Name": "movie_info", "Alias": "mi1", "Startup Cost": 0.0, "Total Cost": 261643.69, "Plan Rows": 1430, "Plan Width": 50, "Actual Startup Time": 9.766, "Actual Total Time": 377.239, "Actual Rows": 1929, "Actual Loops": 6, "Filter": "(info = ANY ('{Belgium:KNT,Brazil:16,Canada:PA,Chile:Y7,Finland:K-14,France:12,India:U,Ireland:16,Japan:U,Malaysia:18SG,Mexico:A,\"New Zealand:G\",Norway:10,Portugal:M/18,Singapore:(Banned),Spain:7,Taiwan:R-12,UK:A,UK:AA}'::text[]))", "Rows Removed by Filter": 2470691, "Workers": []}, {"Node Type": "Hash", "Parent Relationship": "Inner", "Parallel Aware": false, "Async Capable": false, "Startup Cost": 2.41, "Total Cost": 2.41, "Plan Rows": 2, "Plan Width": 4, "Actual Startup Time": 0.011, "Actual Total Time": 0.012, "Actual Rows": 2, "Actual Loops": 6, "Hash Buckets": 1024, "Original Hash Buckets": 1024, "Hash Batches": 1, "Original Hash Batches": 1, "Peak Memory Usage": 9, "Workers": [], "Plans": [{"Node Type": "Seq Scan", "Parent Relationship": "Outer", "Parallel Aware": false, "Async Capable": false, "Relation Name": "info_type", "Alias": "it1", "Startup Cost": 0.0, "Total Cost": 2.41, "Plan Rows": 2, "Plan Width": 4, "Actual Startup Time": 0.007, "Actual Total Time": 0.01, "Actual Rows": 2, "Actual Loops": 6, "Filter": "(id = ANY ('{3,5}'::integer[]))", "Rows Removed by Filter": 111, "Workers": []}]}]}, {"Node Type": "Index Scan", "Parent Relationship": "Inner", "Parallel Aware": false, "Async Capable": false, "Scan Direction": "Forward", "Index Name": "title_pkey", "Relation Name": "title", "Alias": "t", "Startup Cost": 0.43, "Total Cost": 6.95, "Plan Rows": 1, "Plan Width": 12, "Actual Startup Time": 0.003, "Actual Total Time": 0.003, "Actual Rows": 1, "Actual Loops": 11125, "Index Cond": "(id = mi1.movie_id)", "Rows Removed by Index Recheck": 0, "Workers": []}]}, {"Node Type": "Hash", "Parent Relationship": "Inner", "Parallel Aware": false, "Async Capable": false, "Startup Cost": 1.1, "Total Cost": 1.1, "Plan Rows": 3, "Plan Width": 4, "Actual Startup Time": 0.006, "Actual Total Time": 0.006, "Actual Rows": 3, "Actual Loops": 6, "Hash Buckets": 1024, "Original Hash Buckets": 1024, "Hash Batches": 1, "Original Hash Batches": 1, "Peak Memory Usage": 9, "Workers": [], "Plans": [{"Node Type": "Seq Scan", "Parent Relationship": "Outer", "Parallel Aware": false, "Async Capable": false, "Relation Name": "kind_type", "Alias": "kt", "Startup Cost": 0.0, "Total Cost": 1.1, "Plan Rows": 3, "Plan Width": 4, "Actual Startup Time": 0.005, "Actual Total Time": 0.005, "Actual Rows": 3, "Actual Loops": 6, "Filter": "((kind)::text = ANY ('{episode,movie,\"tv movie\"}'::text[]))", "Rows Removed by Filter": 4, "Workers": []}]}]}, {"Node Type": "Index Scan", "Parent Relationship": "Inner", "Parallel Aware": false, "Async Capable": false, "Scan Direction": "Forward", "Index Name": "movie_id_cast_info", "Relation Name": "cast_info", "Alias": "ci", "Startup Cost": 0.44, "Total Cost": 10.01, "Plan Rows": 38, "Plan Width": 12, "Actual Startup Time": 0.004, "Actual Total Time": 0.074, "Actual Rows": 56, "Actual Loops": 10730, "Index Cond": "(movie_id = t.id)", "Rows Removed by Index Recheck": 0, "Workers": []}]}, {"Node Type": "Hash", "Parent Relationship": "Inner", "Parallel Aware": false, "Async Capable": false, "Startup Cost": 1.17, "Total Cost": 1.17, "Plan Rows": 3, "Plan Width": 4, "Actual Startup Time": 0.013, "Actual Total Time": 0.013, "Actual Rows": 3, "Actual Loops": 6, "Hash Buckets": 1024, "Original Hash Buckets": 1024, "Hash Batches": 1, "Original Hash Batches": 1, "Peak Memory Usage": 9, "Workers": [], "Plans": [{"Node Type": "Seq Scan", "Parent Relationship": "Outer", "Parallel Aware": false, "Async Capable": false, "Relation Name": "role_type", "Alias": "rt", "Startup Cost": 0.0, "Total Cost": 1.17, "Plan Rows": 3, "Plan Width": 4, "Actual Startup Time": 0.005, "Actual Total Time": 0.006, "Actual Rows": 3, "Actual Loops": 6, "Filter": "((role)::text = ANY ('{editor,\"miscellaneous crew\",producer}'::text[]))", "Rows Removed by Filter": 9, "Workers": []}]}]}, {"Node Type": "Index Scan", "Parent Relationship": "Inner", "Parallel Aware": false, "Async Capable": false, "Scan Direction": "Forward", "Index Name": "name_pkey", "Relation Name": "name", "Alias": "n", "Startup Cost": 0.43, "Total Cost": 0.46, "Plan Rows": 1, "Plan Width": 19, "Actual Startup Time": 0.003, "Actual Total Time": 0.003, "Actual Rows": 0, "Actual Loops": 224430, "Index Cond": "(id = ci.person_id)", "Rows Removed by Index Recheck": 0, "Filter": "(name ~~* '%joe%'::text)", "Rows Removed by Filter": 1, "Workers": []}]}]}]}]}, "Planning Time": 1.576, "Triggers": [], "Execution Time": 646.009}