{"Plan": {"Node Type": "Aggregate", "Strategy": "Plain", "Partial Mode": "Finalize", "Parallel Aware": false, "Async Capable": false, "Startup Cost": 19560.22, "Total Cost": 19560.23, "Plan Rows": 1, "Plan Width": 68, "Actual Startup Time": 36.075, "Actual Total Time": 36.118, "Actual Rows": 1, "Actual Loops": 1, "Plans": [{"Node Type": "Gather", "Parent Relationship": "Outer", "Parallel Aware": false, "Async Capable": false, "Startup Cost": 19560.0, "Total Cost": 19560.21, "Plan Rows": 2, "Plan Width": 68, "Actual Startup Time": 36.071, "Actual Total Time": 36.115, "Actual Rows": 3, "Actual Loops": 1, "Workers Planned": 2, "Workers Launched": 2, "Single Copy": false, "Plans": [{"Node Type": "Aggregate", "Strategy": "Plain", "Partial Mode": "Partial", "Parent Relationship": "Outer", "Parallel Aware": false, "Async Capable": false, "Startup Cost": 18560.0, "Total Cost": 18560.01, "Plan Rows": 1, "Plan Width": 68, "Actual Startup Time": 33.632, "Actual Total Time": 33.635, "Actual Rows": 1, "Actual Loops": 3, "Workers": [], "Plans": [{"Node Type": "Nested Loop", "Parent Relationship": "Outer", "Parallel Aware": false, "Async Capable": false, "Join Type": "Inner", "Startup Cost": 4.35, "Total Cost": 18559.74, "Plan Rows": 35, "Plan Width": 45, "Actual Startup Time": 32.115, "Actual Total Time": 33.627, "Actual Rows": 47, "Actual Loops": 3, "Inner Unique": true, "Join Filter": "(mc.movie_id = t.id)", "Rows Removed by Join Filter": 0, "Workers": [], "Plans": [{"Node Type": "Hash Join", "Parent Relationship": "Outer", "Parallel Aware": false, "Async Capable": false, "Join Type": "Inner", "Startup Cost": 3.92, "Total Cost": 18539.07, "Plan Rows": 35, "Plan Width": 32, "Actual Startup Time": 32.096, "Actual Total Time": 33.365, "Actual Rows": 47, "Actual Loops": 3, "Inner Unique": true, "Hash Cond": "(mc.company_type_id = ct.id)", "Workers": [], "Plans": [{"Node Type": "Nested Loop", "Parent Relationship": "Outer", "Parallel Aware": false, "Async Capable": false, "Join Type": "Inner", "Startup Cost": 2.86, "Total Cost": 18537.27, "Plan Rows": 138, "Plan Width": 36, "Actual Startup Time": 32.056, "Actual Total Time": 33.319, "Actual Rows": 49, "Actual Loops": 3, "Inner Unique": false, "Workers": [], "Plans": [{"Node Type": "Hash Join", "Parent Relationship": "Outer", "Parallel Aware": false, "Async Capable": false, "Join Type": "Inner", "Startup Cost": 2.43, "Total Cost": 15286.6, "Plan Rows": 5089, "Plan Width": 4, "Actual Startup Time": 32.024, "Actual Total Time": 32.038, "Actual Rows": 83, "Actual Loops": 3, "Inner Unique": true, "Hash Cond": "(mi_idx.info_type_id = it.id)", "Workers": [], "Plans": [{"Node Type": "Seq Scan", "Parent Relationship": "Outer", "Parallel Aware": true, "Async Capable": false, "Relation Name": "movie_info_idx", "Alias": "mi_idx", "Startup Cost": 0.0, "Total Cost": 13718.15, "Plan Rows": 575015, "Plan Width": 8, "Actual Startup Time": 0.006, "Actual Total Time": 18.9, "Actual Rows": 460012, "Actual Loops": 3, "Workers": []}, {"Node Type": "Hash", "Parent Relationship": "Inner", "Parallel Aware": false, "Async Capable": false, "Startup Cost": 2.41, "Total Cost": 2.41, "Plan Rows": 1, "Plan Width": 4, "Actual Startup Time": 0.006, "Actual Total Time": 0.006, "Actual Rows": 1, "Actual Loops": 3, "Hash Buckets": 1024, "Original Hash Buckets": 1024, "Hash Batches": 1, "Original Hash Batches": 1, "Peak Memory Usage": 9, "Workers": [], "Plans": [{"Node Type": "Seq Scan", "Parent Relationship": "Outer", "Parallel Aware": false, "Async Capable": false, "Relation Name": "info_type", "Alias": "it", "Startup Cost": 0.0, "Total Cost": 2.41, "Plan Rows": 1, "Plan Width": 4, "Actual Startup Time": 0.005, "Actual Total Time": 0.005, "Actual Rows": 1, "Actual Loops": 3, "Filter": "((info)::text = 'top 250 rank'::text)", "Rows Removed by Filter": 112, "Workers": []}]}]}, {"Node Type": "Index Scan", "Parent Relationship": "Inner", "Parallel Aware": false, "Async Capable": false, "Scan Direction": "Forward", "Index Name": "movie_id_movie_companies", "Relation Name": "movie_companies", "Alias": "mc", "Startup Cost": 0.43, "Total Cost": 0.63, "Plan Rows": 1, "Plan Width": 32, "Actual Startup Time": 0.015, "Actual Total Time": 0.015, "Actual Rows": 1, "Actual Loops": 250, "Index Cond": "(movie_id = mi_idx.movie_id)", "Rows Removed by Index Recheck": 0, "Filter": "((note !~~ '%(as Metro-Goldwyn-Mayer Pictures)%'::text) AND ((note ~~ '%(co-production)%'::text) OR (note ~~ '%(presents)%'::text)))", "Rows Removed by Filter": 33, "Workers": []}]}, {"Node Type": "Hash", "Parent Relationship": "Inner", "Parallel Aware": false, "Async Capable": false, "Startup Cost": 1.05, "Total Cost": 1.05, "Plan Rows": 1, "Plan Width": 4, "Actual Startup Time": 0.019, "Actual Total Time": 0.019, "Actual Rows": 1, "Actual Loops": 3, "Hash Buckets": 1024, "Original Hash Buckets": 1024, "Hash Batches": 1, "Original Hash Batches": 1, "Peak Memory Usage": 9, "Workers": [], "Plans": [{"Node Type": "Seq Scan", "Parent Relationship": "Outer", "Parallel Aware": false, "Async Capable": false, "Relation Name": "company_type", "Alias": "ct", "Startup Cost": 0.0, "Total Cost": 1.05, "Plan Rows": 1, "Plan Width": 4, "Actual Startup Time": 0.017, "Actual Total Time": 0.017, "Actual Rows": 1, "Actual Loops": 3, "Filter": "((kind)::text = 'production companies'::text)", "Rows Removed by Filter": 3, "Workers": []}]}]}, {"Node Type": "Index Scan", "Parent Relationship": "Inner", "Parallel Aware": false, "Async Capable": false, "Scan Direction": "Forward", "Index Name": "title_pkey", "Relation Name": "title", "Alias": "t", "Startup Cost": 0.43, "Total Cost": 0.58, "Plan Rows": 1, "Plan Width": 25, "Actual Startup Time": 0.005, "Actual Total Time": 0.005, "Actual Rows": 1, "Actual Loops": 142, "Index Cond": "(id = mi_idx.movie_id)", "Rows Removed by Index Recheck": 0, "Workers": []}]}]}]}]}, "Planning Time": 0.982, "Triggers": [], "Execution Time": 36.169}