{"Plan": {"Node Type": "Aggregate", "Strategy": "Plain", "Partial Mode": "Simple", "Parallel Aware": false, "Async Capable": false, "Startup Cost": 7885.97, "Total Cost": 7885.98, "Plan Rows": 1, "Plan Width": 64, "Actual Startup Time": 234.487, "Actual Total Time": 234.49, "Actual Rows": 1, "Actual Loops": 1, "Plans": [{"Node Type": "Nested Loop", "Parent Relationship": "Outer", "Parallel Aware": false, "Async Capable": false, "Join Type": "Inner", "Startup Cost": 1.73, "Total Cost": 7885.97, "Plan Rows": 1, "Plan Width": 23, "Actual Startup Time": 0.441, "Actual Total Time": 234.277, "Actual Rows": 4115, "Actual Loops": 1, "Inner Unique": true, "Join Filter": "(it1.id = mi.info_type_id)", "Rows Removed by Join Filter": 594, "Plans": [{"Node Type": "Nested Loop", "Parent Relationship": "Outer", "Parallel Aware": false, "Async Capable": false, "Join Type": "Inner", "Startup Cost": 1.73, "Total Cost": 7883.54, "Plan Rows": 1, "Plan Width": 27, "Actual Startup Time": 0.439, "Actual Total Time": 229.115, "Actual Rows": 4709, "Actual Loops": 1, "Inner Unique": false, "Join Filter": "(mi.movie_id = t.id)", "Rows Removed by Join Filter": 0, "Plans": [{"Node Type": "Nested Loop", "Parent Relationship": "Outer", "Parallel Aware": false, "Async Capable": false, "Join Type": "Inner", "Startup Cost": 1.29, "Total Cost": 7881.68, "Plan Rows": 1, "Plan Width": 35, "Actual Startup Time": 0.409, "Actual Total Time": 111.697, "Actual Rows": 5949, "Actual Loops": 1, "Inner Unique": false, "Join Filter": "(it2.id = mi_idx.info_type_id)", "Rows Removed by Join Filter": 11839, "Plans": [{"Node Type": "Seq Scan", "Parent Relationship": "Outer", "Parallel Aware": false, "Async Capable": false, "Relation Name": "info_type", "Alias": "it2", "Startup Cost": 0.0, "Total Cost": 2.41, "Plan Rows": 1, "Plan Width": 4, "Actual Startup Time": 0.004, "Actual Total Time": 0.005, "Actual Rows": 1, "Actual Loops": 1, "Filter": "((info)::text = 'rating'::text)", "Rows Removed by Filter": 112}, {"Node Type": "Nested Loop", "Parent Relationship": "Inner", "Parallel Aware": false, "Async Capable": false, "Join Type": "Inner", "Startup Cost": 1.29, "Total Cost": 7878.7, "Plan Rows": 46, "Plan Width": 39, "Actual Startup Time": 0.403, "Actual Total Time": 111.093, "Actual Rows": 17788, "Actual Loops": 1, "Inner Unique": false, "Join Filter": "(mi_idx.movie_id = t.id)", "Rows Removed by Join Filter": 0, "Plans": [{"Node Type": "Nested Loop", "Parent Relationship": "Outer", "Parallel Aware": false, "Async Capable": false, "Join Type": "Inner", "Startup Cost": 0.86, "Total Cost": 7870.66, "Plan Rows": 15, "Plan Width": 25, "Actual Startup Time": 0.389, "Actual Total Time": 92.683, "Actual Rows": 8073, "Actual Loops": 1, "Inner Unique": true, "Join Filter": "(kt.id = t.kind_id)", "Rows Removed by Join Filter": 4332, "Plans": [{"Node Type": "Nested Loop", "Parent Relationship": "Outer", "Parallel Aware": false, "Async Capable": false, "Join Type": "Inner", "Startup Cost": 0.86, "Total Cost": 7868.02, "Plan Rows": 54, "Plan Width": 29, "Actual Startup Time": 0.365, "Actual Total Time": 91.537, "Actual Rows": 9739, "Actual Loops": 1, "Inner Unique": true, "Plans": [{"Node Type": "Nested Loop", "Parent Relationship": "Outer", "Parallel Aware": false, "Async Capable": false, "Join Type": "Inner", "Startup Cost": 0.43, "Total Cost": 7801.9, "Plan Rows": 135, "Plan Width": 4, "Actual Startup Time": 0.352, "Actual Total Time": 28.299, "Actual Rows": 37091, "Actual Loops": 1, "Inner Unique": false, "Plans": [{"Node Type": "Seq Scan", "Parent Relationship": "Outer", "Parallel Aware": false, "Async Capable": false, "Relation Name": "keyword", "Alias": "k", "Startup Cost": 0.0, "Total Cost": 3020.55, "Plan Rows": 4, "Plan Width": 4, "Actual Startup Time": 0.341, "Actual Total Time": 6.58, "Actual Rows": 3, "Actual Loops": 1, "Filter": "((keyword IS NOT NULL) AND (keyword = ANY ('{murder,murder-in-title,blood,violence}'::text[])))", "Rows Removed by Filter": 134167}, {"Node Type": "Index Scan", "Parent Relationship": "Inner", "Parallel Aware": false, "Async Capable": false, "Scan Direction": "Forward", "Index Name": "keyword_id_movie_keyword", "Relation Name": "movie_keyword", "Alias": "mk", "Startup Cost": 0.43, "Total Cost": 1192.31, "Plan Rows": 303, "Plan Width": 8, "Actual Startup Time": 0.007, "Actual Total Time": 6.696, "Actual Rows": 12364, "Actual Loops": 3, "Index Cond": "(keyword_id = k.id)", "Rows Removed by Index Recheck": 0}]}, {"Node Type": "Index Scan", "Parent Relationship": "Inner", "Parallel Aware": false, "Async Capable": false, "Scan Direction": "Forward", "Index Name": "title_pkey", "Relation Name": "title", "Alias": "t", "Startup Cost": 0.43, "Total Cost": 0.49, "Plan Rows": 1, "Plan Width": 25, "Actual Startup Time": 0.002, "Actual Total Time": 0.002, "Actual Rows": 0, "Actual Loops": 37091, "Index Cond": "(id = mk.movie_id)", "Rows Removed by Index Recheck": 0, "Filter": "(production_year > 2005)", "Rows Removed by Filter": 1}]}, {"Node Type": "Materialize", "Parent Relationship": "Inner", "Parallel Aware": false, "Async Capable": false, "Startup Cost": 0.0, "Total Cost": 1.1, "Plan Rows": 2, "Plan Width": 4, "Actual Startup Time": 0.0, "Actual Total Time": 0.0, "Actual Rows": 1, "Actual Loops": 9739, "Plans": [{"Node Type": "Seq Scan", "Parent Relationship": "Outer", "Parallel Aware": false, "Async Capable": false, "Relation Name": "kind_type", "Alias": "kt", "Startup Cost": 0.0, "Total Cost": 1.09, "Plan Rows": 2, "Plan Width": 4, "Actual Startup Time": 0.002, "Actual Total Time": 0.002, "Actual Rows": 2, "Actual Loops": 1, "Filter": "((kind)::text = ANY ('{movie,episode}'::text[]))", "Rows Removed by Filter": 5}]}]}, {"Node Type": "Index Scan", "Parent Relationship": "Inner", "Parallel Aware": false, "Async Capable": false, "Scan Direction": "Forward", "Index Name": "movie_id_movie_info_idx", "Relation Name": "movie_info_idx", "Alias": "mi_idx", "Startup Cost": 0.43, "Total Cost": 0.5, "Plan Rows": 3, "Plan Width": 14, "Actual Startup Time": 0.002, "Actual Total Time": 0.002, "Actual Rows": 2, "Actual Loops": 8073, "Index Cond": "(movie_id = mk.movie_id)", "Rows Removed by Index Recheck": 0, "Filter": "(info < '8.5'::text)", "Rows Removed by Filter": 0}]}]}, {"Node Type": "Index Scan", "Parent Relationship": "Inner", "Parallel Aware": false, "Async Capable": false, "Scan Direction": "Forward", "Index Name": "movie_id_movie_info", "Relation Name": "movie_info", "Alias": "mi", "Startup Cost": 0.43, "Total Cost": 1.83, "Plan Rows": 2, "Plan Width": 8, "Actual Startup Time": 0.017, "Actual Total Time": 0.02, "Actual Rows": 1, "Actual Loops": 5949, "Index Cond": "(movie_id = mk.movie_id)", "Rows Removed by Index Recheck": 0, "Filter": "(info = ANY ('{Sweden,Norway,Germany,Denmark,Swedish,Danish,Norwegian,German,USA,American}'::text[]))", "Rows Removed by Filter": 71}]}, {"Node Type": "Seq Scan", "Parent Relationship": "Inner", "Parallel Aware": false, "Async Capable": false, "Relation Name": "info_type", "Alias": "it1", "Startup Cost": 0.0, "Total Cost": 2.41, "Plan Rows": 1, "Plan Width": 4, "Actual Startup Time": 0.001, "Actual Total Time": 0.001, "Actual Rows": 1, "Actual Loops": 4709, "Filter": "((info)::text = 'countries'::text)", "Rows Removed by Filter": 20}]}]}, "Planning Time": 2.646, "Triggers": [], "Execution Time": 234.536}