{"Plan": {"Node Type": "Aggregate", "Strategy": "Plain", "Partial Mode": "Simple", "Parallel Aware": false, "Async Capable": false, "Startup Cost": 73503.39, "Total Cost": 73503.4, "Plan Rows": 1, "Plan Width": 64, "Actual Startup Time": 76.712, "Actual Total Time": 80.317, "Actual Rows": 1, "Actual Loops": 1, "Plans": [{"Node Type": "Nested Loop", "Parent Relationship": "Outer", "Parallel Aware": false, "Async Capable": false, "Join Type": "Inner", "Startup Cost": 1004.31, "Total Cost": 73503.38, "Plan Rows": 1, "Plan Width": 32, "Actual Startup Time": 33.675, "Actual Total Time": 80.292, "Actual Rows": 184, "Actual Loops": 1, "Inner Unique": true, "Plans": [{"Node Type": "Nested Loop", "Parent Relationship": "Outer", "Parallel Aware": false, "Async Capable": false, "Join Type": "Inner", "Startup Cost": 1004.17, "Total Cost": 73503.2, "Plan Rows": 1, "Plan Width": 36, "Actual Startup Time": 33.668, "Actual Total Time": 80.199, "Actual Rows": 184, "Actual Loops": 1, "Inner Unique": false, "Join Filter": "(mi.movie_id = t.id)", "Rows Removed by Join Filter": 0, "Plans": [{"Node Type": "Nested Loop", "Parent Relationship": "Outer", "Parallel Aware": false, "Async Capable": false, "Join Type": "Inner", "Startup Cost": 1003.74, "Total Cost": 73479.95, "Plan Rows": 1, "Plan Width": 44, "Actual Startup Time": 33.635, "Actual Total Time": 78.305, "Actual Rows": 77, "Actual Loops": 1, "Inner Unique": true, "Plans": [{"Node Type": "Nested Loop", "Parent Relationship": "Outer", "Parallel Aware": false, "Async Capable": false, "Join Type": "Inner", "Startup Cost": 1003.32, "Total Cost": 73478.74, "Plan Rows": 1, "Plan Width": 48, "Actual Startup Time": 33.618, "Actual Total Time": 78.071, "Actual Rows": 79, "Actual Loops": 1, "Inner Unique": false, "Join Filter": "(mc.movie_id = t.id)", "Rows Removed by Join Filter": 0, "Plans": [{"Node Type": "Nested Loop", "Parent Relationship": "Outer", "Parallel Aware": false, "Async Capable": false, "Join Type": "Inner", "Startup Cost": 1002.89, "Total Cost": 73476.02, "Plan Rows": 1, "Plan Width": 40, "Actual Startup Time": 33.598, "Actual Total Time": 77.595, "Actual Rows": 102, "Actual Loops": 1, "Inner Unique": true, "Plans": [{"Node Type": "Gather", "Parent Relationship": "Outer", "Parallel Aware": false, "Async Capable": false, "Startup Cost": 1002.46, "Total Cost": 73474.56, "Plan Rows": 1, "Plan Width": 44, "Actual Startup Time": 33.397, "Actual Total Time": 77.253, "Actual Rows": 115, "Actual Loops": 1, "Workers Planned": 4, "Workers Launched": 4, "Single Copy": false, "Plans": [{"Node Type": "Nested Loop", "Parent Relationship": "Outer", "Parallel Aware": false, "Async Capable": false, "Join Type": "Inner", "Startup Cost": 2.46, "Total Cost": 72474.46, "Plan Rows": 1, "Plan Width": 44, "Actual Startup Time": 31.536, "Actual Total Time": 72.367, "Actual Rows": 23, "Actual Loops": 5, "Inner Unique": true, "Workers": [], "Plans": [{"Node Type": "Hash Join", "Parent Relationship": "Outer", "Parallel Aware": false, "Async Capable": false, "Join Type": "Inner", "Startup Cost": 2.03, "Total Cost": 72473.02, "Plan Rows": 1, "Plan Width": 23, "Actual Startup Time": 30.54, "Actual Total Time": 72.004, "Actual Rows": 85, "Actual Loops": 5, "Inner Unique": true, "Hash Cond": "(ci.role_id = rt.id)", "Workers": [], "Plans": [{"Node Type": "Nested Loop", "Parent Relationship": "Outer", "Parallel Aware": false, "Async Capable": false, "Join Type": "Inner", "Startup Cost": 0.86, "Total Cost": 72471.82, "Plan Rows": 12, "Plan Width": 27, "Actual Startup Time": 30.462, "Actual Total Time": 71.913, "Actual Rows": 85, "Actual Loops": 5, "Inner Unique": false, "Join Filter": "(ci.person_id = n.id)", "Rows Removed by Join Filter": 0, "Workers": [], "Plans": [{"Node Type": "Nested Loop", "Parent Relationship": "Outer", "Parallel Aware": false, "Async Capable": false, "Join Type": "Inner", "Startup Cost": 0.42, "Total Cost": 71581.42, "Plan Rows": 5, "Plan Width": 23, "Actual Startup Time": 29.39, "Actual Total Time": 69.795, "Actual Rows": 312, "Actual Loops": 5, "Inner Unique": false, "Workers": [], "Plans": [{"Node Type": "Seq Scan", "Parent Relationship": "Outer", "Parallel Aware": true, "Async Capable": false, "Relation Name": "name", "Alias": "n", "Startup Cost": 0.0, "Total Cost": 71284.09, "Plan Rows": 24, "Plan Width": 19, "Actual Startup Time": 29.214, "Actual Total Time": 67.761, "Actual Rows": 1354, "Actual Loops": 5, "Filter": "((name ~~ '%Ang%'::text) AND ((gender)::text = 'f'::text))", "Rows Removed by Filter": 832145, "Workers": []}, {"Node Type": "Index Only Scan", "Parent Relationship": "Inner", "Parallel Aware": false, "Async Capable": false, "Scan Direction": "Forward", "Index Name": "person_id_aka_name", "Relation Name": "aka_name", "Alias": "an", "Startup Cost": 0.42, "Total Cost": 12.37, "Plan Rows": 2, "Plan Width": 4, "Actual Startup Time": 0.001, "Actual Total Time": 0.001, "Actual Rows": 0, "Actual Loops": 6768, "Index Cond": "(person_id = n.id)", "Rows Removed by Index Recheck": 0, "Heap Fetches": 1558, "Workers": []}]}, {"Node Type": "Index Scan", "Parent Relationship": "Inner", "Parallel Aware": false, "Async Capable": false, "Scan Direction": "Forward", "Index Name": "person_id_cast_info", "Relation Name": "cast_info", "Alias": "ci", "Startup Cost": 0.44, "Total Cost": 177.94, "Plan Rows": 11, "Plan Width": 16, "Actual Startup Time": 0.006, "Actual Total Time": 0.007, "Actual Rows": 0, "Actual Loops": 1558, "Index Cond": "(person_id = an.person_id)", "Rows Removed by Index Recheck": 0, "Filter": "(note = ANY ('{(voice),\"(voice: Japanese version)\",\"(voice) (uncredited)\",\"(voice: English version)\"}'::text[]))", "Rows Removed by Filter": 44, "Workers": []}]}, {"Node Type": "Hash", "Parent Relationship": "Inner", "Parallel Aware": false, "Async Capable": false, "Startup Cost": 1.15, "Total Cost": 1.15, "Plan Rows": 1, "Plan Width": 4, "Actual Startup Time": 0.01, "Actual Total Time": 0.011, "Actual Rows": 1, "Actual Loops": 5, "Hash Buckets": 1024, "Original Hash Buckets": 1024, "Hash Batches": 1, "Original Hash Batches": 1, "Peak Memory Usage": 9, "Workers": [], "Plans": [{"Node Type": "Seq Scan", "Parent Relationship": "Outer", "Parallel Aware": false, "Async Capable": false, "Relation Name": "role_type", "Alias": "rt", "Startup Cost": 0.0, "Total Cost": 1.15, "Plan Rows": 1, "Plan Width": 4, "Actual Startup Time": 0.007, "Actual Total Time": 0.007, "Actual Rows": 1, "Actual Loops": 5, "Filter": "((role)::text = 'actress'::text)", "Rows Removed by Filter": 11, "Workers": []}]}]}, {"Node Type": "Index Scan", "Parent Relationship": "Inner", "Parallel Aware": false, "Async Capable": false, "Scan Direction": "Forward", "Index Name": "title_pkey", "Relation Name": "title", "Alias": "t", "Startup Cost": 0.43, "Total Cost": 1.44, "Plan Rows": 1, "Plan Width": 21, "Actual Startup Time": 0.004, "Actual Total Time": 0.004, "Actual Rows": 0, "Actual Loops": 425, "Index Cond": "(id = ci.movie_id)", "Rows Removed by Index Recheck": 0, "Filter": "((production_year >= 2005) AND (production_year <= 2009))", "Rows Removed by Filter": 1, "Workers": []}]}]}, {"Node Type": "Index Only Scan", "Parent Relationship": "Inner", "Parallel Aware": false, "Async Capable": false, "Scan Direction": "Forward", "Index Name": "char_name_pkey", "Relation Name": "char_name", "Alias": "chn", "Startup Cost": 0.43, "Total Cost": 1.47, "Plan Rows": 1, "Plan Width": 4, "Actual Startup Time": 0.003, "Actual Total Time": 0.003, "Actual Rows": 1, "Actual Loops": 115, "Index Cond": "(id = ci.person_role_id)", "Rows Removed by Index Recheck": 0, "Heap Fetches": 102}]}, {"Node Type": "Index Scan", "Parent Relationship": "Inner", "Parallel Aware": false, "Async Capable": false, "Scan Direction": "Forward", "Index Name": "movie_id_movie_companies", "Relation Name": "movie_companies", "Alias": "mc", "Startup Cost": 0.43, "Total Cost": 2.7, "Plan Rows": 1, "Plan Width": 8, "Actual Startup Time": 0.004, "Actual Total Time": 0.004, "Actual Rows": 1, "Actual Loops": 102, "Index Cond": "(movie_id = ci.movie_id)", "Rows Removed by Index Recheck": 0, "Filter": "((note IS NOT NULL) AND ((note ~~ '%(USA)%'::text) OR (note ~~ '%(worldwide)%'::text)))", "Rows Removed by Filter": 6}]}, {"Node Type": "Index Scan", "Parent Relationship": "Inner", "Parallel Aware": false, "Async Capable": false, "Scan Direction": "Forward", "Index Name": "company_name_pkey", "Relation Name": "company_name", "Alias": "cn", "Startup Cost": 0.42, "Total Cost": 1.21, "Plan Rows": 1, "Plan Width": 4, "Actual Startup Time": 0.003, "Actual Total Time": 0.003, "Actual Rows": 1, "Actual Loops": 79, "Index Cond": "(id = mc.company_id)", "Rows Removed by Index Recheck": 0, "Filter": "((country_code)::text = '[us]'::text)", "Rows Removed by Filter": 0}]}, {"Node Type": "Index Scan", "Parent Relationship": "Inner", "Parallel Aware": false, "Async Capable": false, "Scan Direction": "Forward", "Index Name": "movie_id_movie_info", "Relation Name": "movie_info", "Alias": "mi", "Startup Cost": 0.43, "Total Cost": 23.24, "Plan Rows": 1, "Plan Width": 8, "Actual Startup Time": 0.007, "Actual Total Time": 0.024, "Actual Rows": 2, "Actual Loops": 77, "Index Cond": "(movie_id = ci.movie_id)", "Rows Removed by Index Recheck": 0, "Filter": "((info IS NOT NULL) AND ((info ~~ 'Japan:%200%'::text) OR (info ~~ 'USA:%200%'::text)))", "Rows Removed by Filter": 166}]}, {"Node Type": "Index Scan", "Parent Relationship": "Inner", "Parallel Aware": false, "Async Capable": false, "Scan Direction": "Forward", "Index Name": "info_type_pkey", "Relation Name": "info_type", "Alias": "it", "Startup Cost": 0.14, "Total Cost": 0.16, "Plan Rows": 1, "Plan Width": 4, "Actual Startup Time": 0.0, "Actual Total Time": 0.0, "Actual Rows": 1, "Actual Loops": 184, "Index Cond": "(id = mi.info_type_id)", "Rows Removed by Index Recheck": 0, "Filter": "((info)::text = 'release dates'::text)", "Rows Removed by Filter": 0}]}]}, "Planning Time": 10.518, "Triggers": [], "Execution Time": 80.395}