{"Plan": {"Node Type": "Aggregate", "Strategy": "Plain", "Partial Mode": "Simple", "Parallel Aware": false, "Async Capable": false, "Startup Cost": 4456.34, "Total Cost": 4456.35, "Plan Rows": 1, "Plan Width": 64, "Actual Startup Time": 608.991, "Actual Total Time": 608.993, "Actual Rows": 1, "Actual Loops": 1, "Plans": [{"Node Type": "Nested Loop", "Parent Relationship": "Outer", "Parallel Aware": false, "Async Capable": false, "Join Type": "Inner", "Startup Cost": 3.01, "Total Cost": 4450.48, "Plan Rows": 1173, "Plan Width": 33, "Actual Startup Time": 0.448, "Actual Total Time": 597.376, "Actual Rows": 319932, "Actual Loops": 1, "Inner Unique": false, "Join Filter": "(an.person_id = n.id)", "Rows Removed by Join Filter": 0, "Plans": [{"Node Type": "Nested Loop", "Parent Relationship": "Outer", "Parallel Aware": false, "Async Capable": false, "Join Type": "Inner", "Startup Cost": 2.58, "Total Cost": 4218.38, "Plan Rows": 477, "Plan Width": 25, "Actual Startup Time": 0.438, "Actual Total Time": 385.648, "Actual Rows": 221609, "Actual Loops": 1, "Inner Unique": true, "Plans": [{"Node Type": "Nested Loop", "Parent Relationship": "Outer", "Parallel Aware": false, "Async Capable": false, "Join Type": "Inner", "Startup Cost": 2.15, "Total Cost": 4004.13, "Plan Rows": 477, "Plan Width": 21, "Actual Startup Time": 0.428, "Actual Total Time": 203.33, "Actual Rows": 221609, "Actual Loops": 1, "Inner Unique": false, "Join Filter": "(ci.movie_id = t.id)", "Rows Removed by Join Filter": 0, "Plans": [{"Node Type": "Nested Loop", "Parent Relationship": "Outer", "Parallel Aware": false, "Async Capable": false, "Join Type": "Inner", "Startup Cost": 1.71, "Total Cost": 3959.82, "Plan Rows": 24, "Plan Width": 29, "Actual Startup Time": 0.419, "Actual Total Time": 113.737, "Actual Rows": 8538, "Actual Loops": 1, "Inner Unique": true, "Plans": [{"Node Type": "Nested Loop", "Parent Relationship": "Outer", "Parallel Aware": false, "Async Capable": false, "Join Type": "Inner", "Startup Cost": 1.29, "Total Cost": 3929.94, "Plan Rows": 67, "Plan Width": 33, "Actual Startup Time": 0.263, "Actual Total Time": 103.856, "Actual Rows": 11406, "Actual Loops": 1, "Inner Unique": false, "Join Filter": "(mc.movie_id = t.id)", "Rows Removed by Join Filter": 0, "Plans": [{"Node Type": "Nested Loop", "Parent Relationship": "Outer", "Parallel Aware": false, "Async Capable": false, "Join Type": "Inner", "Startup Cost": 0.86, "Total Cost": 3922.11, "Plan Rows": 13, "Plan Width": 25, "Actual Startup Time": 0.235, "Actual Total Time": 93.855, "Actual Rows": 6926, "Actual Loops": 1, "Inner Unique": true, "Plans": [{"Node Type": "Nested Loop", "Parent Relationship": "Outer", "Parallel Aware": false, "Async Capable": false, "Join Type": "Inner", "Startup Cost": 0.43, "Total Cost": 3905.45, "Plan Rows": 34, "Plan Width": 4, "Actual Startup Time": 0.228, "Actual Total Time": 25.305, "Actual Rows": 41840, "Actual Loops": 1, "Inner Unique": false, "Plans": [{"Node Type": "Seq Scan", "Parent Relationship": "Outer", "Parallel Aware": false, "Async Capable": false, "Relation Name": "keyword", "Alias": "k", "Startup Cost": 0.0, "Total Cost": 2685.12, "Plan Rows": 1, "Plan Width": 4, "Actual Startup Time": 0.219, "Actual Total Time": 3.767, "Actual Rows": 1, "Actual Loops": 1, "Filter": "(keyword = 'character-name-in-title'::text)", "Rows Removed by Filter": 134169}, {"Node Type": "Index Scan", "Parent Relationship": "Inner", "Parallel Aware": false, "Async Capable": false, "Scan Direction": "Forward", "Index Name": "keyword_id_movie_keyword", "Relation Name": "movie_keyword", "Alias": "mk", "Startup Cost": 0.43, "Total Cost": 1217.3, "Plan Rows": 303, "Plan Width": 8, "Actual Startup Time": 0.007, "Actual Total Time": 19.687, "Actual Rows": 41840, "Actual Loops": 1, "Index Cond": "(keyword_id = k.id)", "Rows Removed by Index Recheck": 0}]}, {"Node Type": "Index Scan", "Parent Relationship": "Inner", "Parallel Aware": false, "Async Capable": false, "Scan Direction": "Forward", "Index Name": "title_pkey", "Relation Name": "title", "Alias": "t", "Startup Cost": 0.43, "Total Cost": 0.49, "Plan Rows": 1, "Plan Width": 21, "Actual Startup Time": 0.002, "Actual Total Time": 0.002, "Actual Rows": 0, "Actual Loops": 41840, "Index Cond": "(id = mk.movie_id)", "Rows Removed by Index Recheck": 0, "Filter": "(episode_nr < 100)", "Rows Removed by Filter": 1}]}, {"Node Type": "Index Scan", "Parent Relationship": "Inner", "Parallel Aware": false, "Async Capable": false, "Scan Direction": "Forward", "Index Name": "movie_id_movie_companies", "Relation Name": "movie_companies", "Alias": "mc", "Startup Cost": 0.43, "Total Cost": 0.54, "Plan Rows": 5, "Plan Width": 8, "Actual Startup Time": 0.001, "Actual Total Time": 0.001, "Actual Rows": 2, "Actual Loops": 6926, "Index Cond": "(movie_id = mk.movie_id)", "Rows Removed by Index Recheck": 0}]}, {"Node Type": "Index Scan", "Parent Relationship": "Inner", "Parallel Aware": false, "Async Capable": false, "Scan Direction": "Forward", "Index Name": "company_name_pkey", "Relation Name": "company_name", "Alias": "cn", "Startup Cost": 0.42, "Total Cost": 0.45, "Plan Rows": 1, "Plan Width": 4, "Actual Startup Time": 0.001, "Actual Total Time": 0.001, "Actual Rows": 1, "Actual Loops": 11406, "Index Cond": "(id = mc.company_id)", "Rows Removed by Index Recheck": 0, "Filter": "((country_code)::text = '[us]'::text)", "Rows Removed by Filter": 0}]}, {"Node Type": "Index Scan", "Parent Relationship": "Inner", "Parallel Aware": false, "Async Capable": false, "Scan Direction": "Forward", "Index Name": "movie_id_cast_info", "Relation Name": "cast_info", "Alias": "ci", "Startup Cost": 0.44, "Total Cost": 1.37, "Plan Rows": 38, "Plan Width": 8, "Actual Startup Time": 0.001, "Actual Total Time": 0.009, "Actual Rows": 26, "Actual Loops": 8538, "Index Cond": "(movie_id = mk.movie_id)", "Rows Removed by Index Recheck": 0}]}, {"Node Type": "Index Only Scan", "Parent Relationship": "Inner", "Parallel Aware": false, "Async Capable": false, "Scan Direction": "Forward", "Index Name": "name_pkey", "Relation Name": "name", "Alias": "n", "Startup Cost": 0.43, "Total Cost": 0.45, "Plan Rows": 1, "Plan Width": 4, "Actual Startup Time": 0.001, "Actual Total Time": 0.001, "Actual Rows": 1, "Actual Loops": 221609, "Index Cond": "(id = ci.person_id)", "Rows Removed by Index Recheck": 0, "Heap Fetches": 0}]}, {"Node Type": "Index Scan", "Parent Relationship": "Inner", "Parallel Aware": false, "Async Capable": false, "Scan Direction": "Forward", "Index Name": "person_id_aka_name", "Relation Name": "aka_name", "Alias": "an", "Startup Cost": 0.42, "Total Cost": 0.46, "Plan Rows": 2, "Plan Width": 20, "Actual Startup Time": 0.001, "Actual Total Time": 0.001, "Actual Rows": 1, "Actual Loops": 221609, "Index Cond": "(person_id = ci.person_id)", "Rows Removed by Index Recheck": 0}]}]}, "Planning Time": 3.374, "Triggers": [], "Execution Time": 609.047}