{"Plan": {"Node Type": "Aggregate", "Strategy": "Plain", "Partial Mode": "Finalize", "Parallel Aware": false, "Async Capable": false, "Startup Cost": 380507.45, "Total Cost": 380507.46, "Plan Rows": 1, "Plan Width": 64, "Actual Startup Time": 447.986, "Actual Total Time": 458.4, "Actual Rows": 1, "Actual Loops": 1, "Plans": [{"Node Type": "Gather", "Parent Relationship": "Outer", "Parallel Aware": false, "Async Capable": false, "Startup Cost": 380507.13, "Total Cost": 380507.44, "Plan Rows": 3, "Plan Width": 64, "Actual Startup Time": 445.718, "Actual Total Time": 458.395, "Actual Rows": 4, "Actual Loops": 1, "Workers Planned": 3, "Workers Launched": 3, "Single Copy": false, "Plans": [{"Node Type": "Aggregate", "Strategy": "Plain", "Partial Mode": "Partial", "Parent Relationship": "Outer", "Parallel Aware": false, "Async Capable": false, "Startup Cost": 379507.13, "Total Cost": 379507.14, "Plan Rows": 1, "Plan Width": 64, "Actual Startup Time": 443.503, "Actual Total Time": 443.512, "Actual Rows": 1, "Actual Loops": 4, "Workers": [], "Plans": [{"Node Type": "Hash Join", "Parent Relationship": "Outer", "Parallel Aware": true, "Async Capable": false, "Join Type": "Inner", "Startup Cost": 343126.64, "Total Cost": 367597.67, "Plan Rows": 2381892, "Plan Width": 33, "Actual Startup Time": 427.043, "Actual Total Time": 440.131, "Actual Rows": 80751, "Actual Loops": 4, "Inner Unique": false, "Hash Cond": "(an1.person_id = n1.id)", "Workers": [], "Plans": [{"Node Type": "Seq Scan", "Parent Relationship": "Outer", "Parallel Aware": true, "Async Capable": false, "Relation Name": "aka_name", "Alias": "an1", "Startup Cost": 0.0, "Total Cost": 14323.56, "Plan Rows": 290756, "Plan Width": 20, "Actual Startup Time": 0.008, "Actual Total Time": 13.41, "Actual Rows": 225336, "Actual Loops": 4, "Workers": []}, {"Node Type": "Hash", "Parent Relationship": "Inner", "Parallel Aware": true, "Async Capable": false, "Startup Cost": 328627.96, "Total Cost": 328627.96, "Plan Rows": 749815, "Plan Width": 25, "Actual Startup Time": 399.411, "Actual Total Time": 399.418, "Actual Rows": 71384, "Actual Loops": 4, "Hash Buckets": 262144, "Original Hash Buckets": 262144, "Hash Batches": 16, "Original Hash Batches": 16, "Peak Memory Usage": 3392, "Workers": [], "Plans": [{"Node Type": "Nested Loop", "Parent Relationship": "Outer", "Parallel Aware": false, "Async Capable": false, "Join Type": "Inner", "Startup Cost": 212157.75, "Total Cost": 328627.96, "Plan Rows": 749815, "Plan Width": 25, "Actual Startup Time": 172.936, "Actual Total Time": 392.2, "Actual Rows": 71384, "Actual Loops": 4, "Inner Unique": true, "Workers": [], "Plans": [{"Node Type": "Hash Join", "Parent Relationship": "Outer", "Parallel Aware": false, "Async Capable": false, "Join Type": "Inner", "Startup Cost": 212157.31, "Total Cost": 276930.81, "Plan Rows": 749815, "Plan Width": 21, "Actual Startup Time": 172.912, "Actual Total Time": 370.266, "Actual Rows": 71384, "Actual Loops": 4, "Inner Unique": false, "Hash Cond": "(t.id = ci.movie_id)", "Workers": [], "Plans": [{"Node Type": "Hash Join", "Parent Relationship": "Outer", "Parallel Aware": true, "Async Capable": false, "Join Type": "Inner", "Startup Cost": 38645.34, "Total Cost": 84105.82, "Plan Rows": 235780, "Plan Width": 25, "Actual Startup Time": 121.27, "Actual Total Time": 274.492, "Actual Rows": 288450, "Actual Loops": 4, "Inner Unique": false, "Hash Cond": "(t.id = mc.movie_id)", "Workers": [], "Plans": [{"Node Type": "Seq Scan", "Parent Relationship": "Outer", "Parallel Aware": true, "Async Capable": false, "Relation Name": "title", "Alias": "t", "Startup Cost": 0.0, "Total Cost": 42329.38, "Plan Rows": 632138, "Plan Width": 21, "Actual Startup Time": 0.004, "Actual Total Time": 30.558, "Actual Rows": 632078, "Actual Loops": 4, "Workers": []}, {"Node Type": "Hash", "Parent Relationship": "Inner", "Parallel Aware": true, "Async Capable": false, "Startup Cost": 34842.44, "Total Cost": 34842.44, "Plan Rows": 304232, "Plan Width": 4, "Actual Startup Time": 120.61, "Actual Total Time": 120.613, "Actual Rows": 288450, "Actual Loops": 4, "Hash Buckets": 2097152, "Original Hash Buckets": 1048576, "Hash Batches": 1, "Original Hash Batches": 1, "Peak Memory Usage": 69792, "Workers": [], "Plans": [{"Node Type": "Hash Join", "Parent Relationship": "Outer", "Parallel Aware": true, "Async Capable": false, "Join Type": "Inner", "Startup Cost": 5392.51, "Total Cost": 34842.44, "Plan Rows": 304232, "Plan Width": 4, "Actual Startup Time": 6.206, "Actual Total Time": 79.347, "Actual Rows": 288450, "Actual Loops": 4, "Inner Unique": true, "Hash Cond": "(mc.company_id = cn.id)", "Workers": [], "Plans": [{"Node Type": "Seq Scan", "Parent Relationship": "Outer", "Parallel Aware": true, "Async Capable": false, "Relation Name": "movie_companies", "Alias": "mc", "Startup Cost": 0.0, "Total Cost": 27240.55, "Plan Rows": 841655, "Plan Width": 8, "Actual Startup Time": 0.006, "Actual Total Time": 29.391, "Actual Rows": 652282, "Actual Loops": 4, "Workers": []}, {"Node Type": "Hash", "Parent Relationship": "Inner", "Parallel Aware": true, "Async Capable": false, "Startup Cost": 4767.92, "Total Cost": 4767.92, "Plan Rows": 49967, "Plan Width": 4, "Actual Startup Time": 6.029, "Actual Total Time": 6.03, "Actual Rows": 21211, "Actual Loops": 4, "Hash Buckets": 131072, "Original Hash Buckets": 131072, "Hash Batches": 1, "Original Hash Batches": 1, "Peak Memory Usage": 4416, "Workers": [], "Plans": [{"Node Type": "Seq Scan", "Parent Relationship": "Outer", "Parallel Aware": true, "Async Capable": false, "Relation Name": "company_name", "Alias": "cn", "Startup Cost": 0.0, "Total Cost": 4767.92, "Plan Rows": 49967, "Plan Width": 4, "Actual Startup Time": 0.01, "Actual Total Time": 4.286, "Actual Rows": 21211, "Actual Loops": 4, "Filter": "((country_code)::text = '[us]'::text)", "Rows Removed by Filter": 37538, "Workers": []}]}]}]}]}, {"Node Type": "Hash", "Parent Relationship": "Inner", "Parallel Aware": false, "Async Capable": false, "Startup Cost": 123958.44, "Total Cost": 123958.44, "Plan Rows": 3020362, "Plan Width": 8, "Actual Startup Time": 50.044, "Actual Total Time": 50.046, "Actual Rows": 276403, "Actual Loops": 4, "Hash Buckets": 524288, "Original Hash Buckets": 524288, "Hash Batches": 16, "Original Hash Batches": 16, "Peak Memory Usage": 4778, "Workers": [], "Plans": [{"Node Type": "Nested Loop", "Parent Relationship": "Outer", "Parallel Aware": false, "Async Capable": false, "Join Type": "Inner", "Startup Cost": 0.44, "Total Cost": 123958.44, "Plan Rows": 3020362, "Plan Width": 8, "Actual Startup Time": 0.041, "Actual Total Time": 34.607, "Actual Rows": 276403, "Actual Loops": 4, "Inner Unique": false, "Workers": [], "Plans": [{"Node Type": "Seq Scan", "Parent Relationship": "Outer", "Parallel Aware": false, "Async Capable": false, "Relation Name": "role_type", "Alias": "rt", "Startup Cost": 0.0, "Total Cost": 1.15, "Plan Rows": 1, "Plan Width": 4, "Actual Startup Time": 0.015, "Actual Total Time": 0.017, "Actual Rows": 1, "Actual Loops": 4, "Filter": "((role)::text = 'costume designer'::text)", "Rows Removed by Filter": 11, "Workers": []}, {"Node Type": "Index Scan", "Parent Relationship": "Inner", "Parallel Aware": false, "Async Capable": false, "Scan Direction": "Forward", "Index Name": "role_id_cast_info", "Relation Name": "cast_info", "Alias": "ci", "Startup Cost": 0.44, "Total Cost": 91007.89, "Plan Rows": 3294940, "Plan Width": 12, "Actual Startup Time": 0.022, "Actual Total Time": 22.217, "Actual Rows": 276403, "Actual Loops": 4, "Index Cond": "(role_id = rt.id)", "Rows Removed by Index Recheck": 0, "Workers": []}]}]}]}, {"Node Type": "Memoize", "Parent Relationship": "Inner", "Parallel Aware": false, "Async Capable": false, "Startup Cost": 0.44, "Total Cost": 0.46, "Plan Rows": 1, "Plan Width": 4, "Actual Startup Time": 0.0, "Actual Total Time": 0.0, "Actual Rows": 1, "Actual Loops": 285538, "Cache Key": "ci.person_id", "Cache Mode": "logical", "Cache Hits": 64087, "Cache Misses": 7143, "Cache Evictions": 0, "Cache Overflows": 0, "Peak Memory Usage": 726, "Workers": [{"Worker Number": 0, "Cache Hits": 64462, "Cache Misses": 7290, "Cache Evictions": 0, "Cache Overflows": 0, "Peak Memory Usage": 741}, {"Worker Number": 1, "Cache Hits": 63566, "Cache Misses": 7333, "Cache Evictions": 0, "Cache Overflows": 0, "Peak Memory Usage": 745}, {"Worker Number": 2, "Cache Hits": 64493, "Cache Misses": 7164, "Cache Evictions": 0, "Cache Overflows": 0, "Peak Memory Usage": 728}], "Plans": [{"Node Type": "Index Only Scan", "Parent Relationship": "Outer", "Parallel Aware": false, "Async Capable": false, "Scan Direction": "Forward", "Index Name": "name_pkey", "Relation Name": "name", "Alias": "n1", "Startup Cost": 0.43, "Total Cost": 0.45, "Plan Rows": 1, "Plan Width": 4, "Actual Startup Time": 0.001, "Actual Total Time": 0.001, "Actual Rows": 1, "Actual Loops": 28930, "Index Cond": "(id = ci.person_id)", "Rows Removed by Index Recheck": 0, "Heap Fetches": 0, "Workers": []}]}]}]}]}]}]}]}, "Planning Time": 1.988, "Triggers": [], "Execution Time": 458.808}