{"Plan": {"Node Type": "Aggregate", "Strategy": "Plain", "Partial Mode": "Simple", "Parallel Aware": false, "Async Capable": false, "Startup Cost": 7883.1, "Total Cost": 7883.11, "Plan Rows": 1, "Plan Width": 96, "Actual Startup Time": 113.103, "Actual Total Time": 113.106, "Actual Rows": 1, "Actual Loops": 1, "Plans": [{"Node Type": "Nested Loop", "Parent Relationship": "Outer", "Parallel Aware": false, "Async Capable": false, "Join Type": "Inner", "Startup Cost": 2.58, "Total Cost": 7883.1, "Plan Rows": 1, "Plan Width": 42, "Actual Startup Time": 3.844, "Actual Total Time": 113.097, "Actual Rows": 31, "Actual Loops": 1, "Inner Unique": true, "Join Filter": "(it1.id = mi.info_type_id)", "Rows Removed by Join Filter": 3, "Plans": [{"Node Type": "Nested Loop", "Parent Relationship": "Outer", "Parallel Aware": false, "Async Capable": false, "Join Type": "Inner", "Startup Cost": 2.58, "Total Cost": 7880.67, "Plan Rows": 1, "Plan Width": 46, "Actual Startup Time": 3.842, "Actual Total Time": 113.055, "Actual Rows": 34, "Actual Loops": 1, "Inner Unique": false, "Join Filter": "(mi.movie_id = t.id)", "Rows Removed by Join Filter": 0, "Plans": [{"Node Type": "Nested Loop", "Parent Relationship": "Outer", "Parallel Aware": false, "Async Capable": false, "Join Type": "Inner", "Startup Cost": 2.14, "Total Cost": 7879.12, "Plan Rows": 1, "Plan Width": 58, "Actual Startup Time": 3.826, "Actual Total Time": 112.264, "Actual Rows": 50, "Actual Loops": 1, "Inner Unique": true, "Join Filter": "(ct.id = mc.company_type_id)", "Rows Removed by Join Filter": 0, "Plans": [{"Node Type": "Nested Loop", "Parent Relationship": "Outer", "Parallel Aware": false, "Async Capable": false, "Join Type": "Inner", "Startup Cost": 2.14, "Total Cost": 7878.03, "Plan Rows": 1, "Plan Width": 62, "Actual Startup Time": 3.825, "Actual Total Time": 112.238, "Actual Rows": 50, "Actual Loops": 1, "Inner Unique": true, "Plans": [{"Node Type": "Nested Loop", "Parent Relationship": "Outer", "Parallel Aware": false, "Async Capable": false, "Join Type": "Inner", "Startup Cost": 1.72, "Total Cost": 7877.49, "Plan Rows": 1, "Plan Width": 47, "Actual Startup Time": 3.817, "Actual Total Time": 112.008, "Actual Rows": 78, "Actual Loops": 1, "Inner Unique": false, "Join Filter": "(mc.movie_id = t.id)", "Rows Removed by Join Filter": 0, "Plans": [{"Node Type": "Nested Loop", "Parent Relationship": "Outer", "Parallel Aware": false, "Async Capable": false, "Join Type": "Inner", "Startup Cost": 1.29, "Total Cost": 7876.91, "Plan Rows": 1, "Plan Width": 35, "Actual Startup Time": 1.433, "Actual Total Time": 104.678, "Actual Rows": 1615, "Actual Loops": 1, "Inner Unique": false, "Join Filter": "(it2.id = mi_idx.info_type_id)", "Rows Removed by Join Filter": 4362, "Plans": [{"Node Type": "Seq Scan", "Parent Relationship": "Outer", "Parallel Aware": false, "Async Capable": false, "Relation Name": "info_type", "Alias": "it2", "Startup Cost": 0.0, "Total Cost": 2.41, "Plan Rows": 1, "Plan Width": 4, "Actual Startup Time": 0.009, "Actual Total Time": 0.01, "Actual Rows": 1, "Actual Loops": 1, "Filter": "((info)::text = 'rating'::text)", "Rows Removed by Filter": 112}, {"Node Type": "Nested Loop", "Parent Relationship": "Inner", "Parallel Aware": false, "Async Capable": false, "Join Type": "Inner", "Startup Cost": 1.29, "Total Cost": 7874.24, "Plan Rows": 21, "Plan Width": 39, "Actual Startup Time": 0.383, "Actual Total Time": 104.465, "Actual Rows": 5977, "Actual Loops": 1, "Inner Unique": false, "Join Filter": "(mi_idx.movie_id = t.id)", "Rows Removed by Join Filter": 0, "Plans": [{"Node Type": "Nested Loop", "Parent Relationship": "Outer", "Parallel Aware": false, "Async Capable": false, "Join Type": "Inner", "Startup Cost": 0.86, "Total Cost": 7869.95, "Plan Rows": 8, "Plan Width": 25, "Actual Startup Time": 0.371, "Actual Total Time": 97.182, "Actual Rows": 3517, "Actual Loops": 1, "Inner Unique": true, "Join Filter": "(kt.id = t.kind_id)", "Rows Removed by Join Filter": 1618, "Plans": [{"Node Type": "Nested Loop", "Parent Relationship": "Outer", "Parallel Aware": false, "Async Capable": false, "Join Type": "Inner", "Startup Cost": 0.86, "Total Cost": 7868.02, "Plan Rows": 29, "Plan Width": 29, "Actual Startup Time": 0.365, "Actual Total Time": 96.7, "Actual Rows": 4040, "Actual Loops": 1, "Inner Unique": true, "Plans": [{"Node Type": "Nested Loop", "Parent Relationship": "Outer", "Parallel Aware": false, "Async Capable": false, "Join Type": "Inner", "Startup Cost": 0.43, "Total Cost": 7801.9, "Plan Rows": 135, "Plan Width": 4, "Actual Startup Time": 0.341, "Actual Total Time": 34.22, "Actual Rows": 37091, "Actual Loops": 1, "Inner Unique": false, "Plans": [{"Node Type": "Seq Scan", "Parent Relationship": "Outer", "Parallel Aware": false, "Async Capable": false, "Relation Name": "keyword", "Alias": "k", "Startup Cost": 0.0, "Total Cost": 3020.55, "Plan Rows": 4, "Plan Width": 4, "Actual Startup Time": 0.327, "Actual Total Time": 6.579, "Actual Rows": 3, "Actual Loops": 1, "Filter": "(keyword = ANY ('{murder,murder-in-title,blood,violence}'::text[]))", "Rows Removed by Filter": 134167}, {"Node Type": "Index Scan", "Parent Relationship": "Inner", "Parallel Aware": false, "Async Capable": false, "Scan Direction": "Forward", "Index Name": "keyword_id_movie_keyword", "Relation Name": "movie_keyword", "Alias": "mk", "Startup Cost": 0.43, "Total Cost": 1192.31, "Plan Rows": 303, "Plan Width": 8, "Actual Startup Time": 0.008, "Actual Total Time": 8.658, "Actual Rows": 12364, "Actual Loops": 3, "Index Cond": "(keyword_id = k.id)", "Rows Removed by Index Recheck": 0}]}, {"Node Type": "Index Scan", "Parent Relationship": "Inner", "Parallel Aware": false, "Async Capable": false, "Scan Direction": "Forward", "Index Name": "title_pkey", "Relation Name": "title", "Alias": "t", "Startup Cost": 0.43, "Total Cost": 0.49, "Plan Rows": 1, "Plan Width": 25, "Actual Startup Time": 0.002, "Actual Total Time": 0.002, "Actual Rows": 0, "Actual Loops": 37091, "Index Cond": "(id = mk.movie_id)", "Rows Removed by Index Recheck": 0, "Filter": "(production_year > 2009)", "Rows Removed by Filter": 1}]}, {"Node Type": "Materialize", "Parent Relationship": "Inner", "Parallel Aware": false, "Async Capable": false, "Startup Cost": 0.0, "Total Cost": 1.1, "Plan Rows": 2, "Plan Width": 4, "Actual Startup Time": 0.0, "Actual Total Time": 0.0, "Actual Rows": 1, "Actual Loops": 4040, "Plans": [{"Node Type": "Seq Scan", "Parent Relationship": "Outer", "Parallel Aware": false, "Async Capable": false, "Relation Name": "kind_type", "Alias": "kt", "Startup Cost": 0.0, "Total Cost": 1.09, "Plan Rows": 2, "Plan Width": 4, "Actual Startup Time": 0.002, "Actual Total Time": 0.003, "Actual Rows": 2, "Actual Loops": 1, "Filter": "((kind)::text = ANY ('{movie,episode}'::text[]))", "Rows Removed by Filter": 5}]}]}, {"Node Type": "Index Scan", "Parent Relationship": "Inner", "Parallel Aware": false, "Async Capable": false, "Scan Direction": "Forward", "Index Name": "movie_id_movie_info_idx", "Relation Name": "movie_info_idx", "Alias": "mi_idx", "Startup Cost": 0.43, "Total Cost": 0.5, "Plan Rows": 3, "Plan Width": 14, "Actual Startup Time": 0.002, "Actual Total Time": 0.002, "Actual Rows": 2, "Actual Loops": 3517, "Index Cond": "(movie_id = mk.movie_id)", "Rows Removed by Index Recheck": 0, "Filter": "(info < '7.0'::text)", "Rows Removed by Filter": 0}]}]}, {"Node Type": "Index Scan", "Parent Relationship": "Inner", "Parallel Aware": false, "Async Capable": false, "Scan Direction": "Forward", "Index Name": "movie_id_movie_companies", "Relation Name": "movie_companies", "Alias": "mc", "Startup Cost": 0.43, "Total Cost": 0.57, "Plan Rows": 1, "Plan Width": 12, "Actual Startup Time": 0.004, "Actual Total Time": 0.004, "Actual Rows": 0, "Actual Loops": 1615, "Index Cond": "(movie_id = mk.movie_id)", "Rows Removed by Index Recheck": 0, "Filter": "((note !~~ '%(USA)%'::text) AND (note ~~ '%(200%)%'::text))", "Rows Removed by Filter": 12}]}, {"Node Type": "Index Scan", "Parent Relationship": "Inner", "Parallel Aware": false, "Async Capable": false, "Scan Direction": "Forward", "Index Name": "company_name_pkey", "Relation Name": "company_name", "Alias": "cn", "Startup Cost": 0.42, "Total Cost": 0.54, "Plan Rows": 1, "Plan Width": 23, "Actual Startup Time": 0.003, "Actual Total Time": 0.003, "Actual Rows": 1, "Actual Loops": 78, "Index Cond": "(id = mc.company_id)", "Rows Removed by Index Recheck": 0, "Filter": "((country_code)::text <> '[us]'::text)", "Rows Removed by Filter": 0}]}, {"Node Type": "Seq Scan", "Parent Relationship": "Inner", "Parallel Aware": false, "Async Capable": false, "Relation Name": "company_type", "Alias": "ct", "Startup Cost": 0.0, "Total Cost": 1.04, "Plan Rows": 4, "Plan Width": 4, "Actual Startup Time": 0.0, "Actual Total Time": 0.0, "Actual Rows": 1, "Actual Loops": 50}]}, {"Node Type": "Index Scan", "Parent Relationship": "Inner", "Parallel Aware": false, "Async Capable": false, "Scan Direction": "Forward", "Index Name": "movie_id_movie_info", "Relation Name": "movie_info", "Alias": "mi", "Startup Cost": 0.43, "Total Cost": 1.52, "Plan Rows": 2, "Plan Width": 8, "Actual Startup Time": 0.015, "Actual Total Time": 0.016, "Actual Rows": 1, "Actual Loops": 50, "Index Cond": "(movie_id = mk.movie_id)", "Rows Removed by Index Recheck": 0, "Filter": "(info = ANY ('{Germany,German,USA,American}'::text[]))", "Rows Removed by Filter": 53}]}, {"Node Type": "Seq Scan", "Parent Relationship": "Inner", "Parallel Aware": false, "Async Capable": false, "Relation Name": "info_type", "Alias": "it1", "Startup Cost": 0.0, "Total Cost": 2.41, "Plan Rows": 1, "Plan Width": 4, "Actual Startup Time": 0.001, "Actual Total Time": 0.001, "Actual Rows": 1, "Actual Loops": 34, "Filter": "((info)::text = 'countries'::text)", "Rows Removed by Filter": 16}]}]}, "Planning Time": 16.73, "Triggers": [], "Execution Time": 113.189}