{"Plan": {"Node Type": "Aggregate", "Strategy": "Plain", "Partial Mode": "Simple", "Parallel Aware": false, "Async Capable": false, "Startup Cost": 38645.7, "Total Cost": 38645.71, "Plan Rows": 1, "Plan Width": 64, "Actual Startup Time": 319.263, "Actual Total Time": 333.389, "Actual Rows": 1, "Actual Loops": 1, "Plans": [{"Node Type": "Gather", "Parent Relationship": "Outer", "Parallel Aware": false, "Async Capable": false, "Startup Cost": 5819.31, "Total Cost": 38645.7, "Plan Rows": 1, "Plan Width": 33, "Actual Startup Time": 78.95, "Actual Total Time": 333.368, "Actual Rows": 62, "Actual Loops": 1, "Workers Planned": 3, "Workers Launched": 3, "Single Copy": false, "Plans": [{"Node Type": "Nested Loop", "Parent Relationship": "Outer", "Parallel Aware": false, "Async Capable": false, "Join Type": "Inner", "Startup Cost": 4819.31, "Total Cost": 37645.6, "Plan Rows": 1, "Plan Width": 33, "Actual Startup Time": 74.749, "Actual Total Time": 317.968, "Actual Rows": 16, "Actual Loops": 4, "Inner Unique": true, "Workers": [], "Plans": [{"Node Type": "Nested Loop", "Parent Relationship": "Outer", "Parallel Aware": false, "Async Capable": false, "Join Type": "Inner", "Startup Cost": 4818.88, "Total Cost": 37642.53, "Plan Rows": 4, "Plan Width": 41, "Actual Startup Time": 15.379, "Actual Total Time": 314.315, "Actual Rows": 4345, "Actual Loops": 4, "Inner Unique": false, "Workers": [], "Plans": [{"Node Type": "Hash Join", "Parent Relationship": "Outer", "Parallel Aware": false, "Async Capable": false, "Join Type": "Inner", "Startup Cost": 4818.45, "Total Cost": 37640.38, "Plan Rows": 2, "Plan Width": 21, "Actual Startup Time": 15.353, "Actual Total Time": 311.156, "Actual Rows": 1860, "Actual Loops": 4, "Inner Unique": true, "Hash Cond": "(ci.role_id = rt.id)", "Workers": [], "Plans": [{"Node Type": "Nested Loop", "Parent Relationship": "Outer", "Parallel Aware": false, "Async Capable": false, "Join Type": "Inner", "Startup Cost": 4817.29, "Total Cost": 37639.14, "Plan Rows": 20, "Plan Width": 25, "Actual Startup Time": 15.247, "Actual Total Time": 310.847, "Actual Rows": 4900, "Actual Loops": 4, "Inner Unique": false, "Workers": [], "Plans": [{"Node Type": "Nested Loop", "Parent Relationship": "Outer", "Parallel Aware": false, "Async Capable": false, "Join Type": "Inner", "Startup Cost": 4816.85, "Total Cost": 37305.23, "Plan Rows": 198, "Plan Width": 25, "Actual Startup Time": 4.523, "Actual Total Time": 64.459, "Actual Rows": 12082, "Actual Loops": 4, "Inner Unique": true, "Workers": [], "Plans": [{"Node Type": "Hash Join", "Parent Relationship": "Outer", "Parallel Aware": true, "Async Capable": false, "Join Type": "Inner", "Startup Cost": 4816.42, "Total Cost": 36283.78, "Plan Rows": 198, "Plan Width": 4, "Actual Startup Time": 4.5, "Actual Total Time": 39.914, "Actual Rows": 12082, "Actual Loops": 4, "Inner Unique": true, "Hash Cond": "(mc.company_id = cn.id)", "Workers": [], "Plans": [{"Node Type": "Seq Scan", "Parent Relationship": "Outer", "Parallel Aware": true, "Async Capable": false, "Relation Name": "movie_companies", "Alias": "mc", "Startup Cost": 0.0, "Total Cost": 31448.82, "Plan Rows": 7065, "Plan Width": 8, "Actual Startup Time": 0.02, "Actual Total Time": 33.867, "Actual Rows": 12224, "Actual Loops": 4, "Filter": "((note ~~ '%(Japan)%'::text) AND (note !~~ '%(USA)%'::text))", "Rows Removed by Filter": 640058, "Workers": []}, {"Node Type": "Hash", "Parent Relationship": "Inner", "Parallel Aware": true, "Async Capable": false, "Startup Cost": 4767.92, "Total Cost": 4767.92, "Plan Rows": 3880, "Plan Width": 4, "Actual Startup Time": 4.443, "Actual Total Time": 4.444, "Actual Rows": 1688, "Actual Loops": 4, "Hash Buckets": 8192, "Original Hash Buckets": 8192, "Hash Batches": 1, "Original Hash Batches": 1, "Peak Memory Usage": 352, "Workers": [], "Plans": [{"Node Type": "Seq Scan", "Parent Relationship": "Outer", "Parallel Aware": true, "Async Capable": false, "Relation Name": "company_name", "Alias": "cn", "Startup Cost": 0.0, "Total Cost": 4767.92, "Plan Rows": 3880, "Plan Width": 4, "Actual Startup Time": 0.014, "Actual Total Time": 4.32, "Actual Rows": 1688, "Actual Loops": 4, "Filter": "((country_code)::text = '[jp]'::text)", "Rows Removed by Filter": 57061, "Workers": []}]}]}, {"Node Type": "Index Scan", "Parent Relationship": "Inner", "Parallel Aware": false, "Async Capable": false, "Scan Direction": "Forward", "Index Name": "title_pkey", "Relation Name": "title", "Alias": "t", "Startup Cost": 0.43, "Total Cost": 5.16, "Plan Rows": 1, "Plan Width": 21, "Actual Startup Time": 0.002, "Actual Total Time": 0.002, "Actual Rows": 1, "Actual Loops": 48328, "Index Cond": "(id = mc.movie_id)", "Rows Removed by Index Recheck": 0, "Workers": []}]}, {"Node Type": "Index Scan", "Parent Relationship": "Inner", "Parallel Aware": false, "Async Capable": false, "Scan Direction": "Forward", "Index Name": "movie_id_cast_info", "Relation Name": "cast_info", "Alias": "ci", "Startup Cost": 0.44, "Total Cost": 1.68, "Plan Rows": 1, "Plan Width": 12, "Actual Startup Time": 0.02, "Actual Total Time": 0.02, "Actual Rows": 0, "Actual Loops": 48328, "Index Cond": "(movie_id = t.id)", "Rows Removed by Index Recheck": 0, "Filter": "(note = '(voice: English version)'::text)", "Rows Removed by Filter": 32, "Workers": []}]}, {"Node Type": "Hash", "Parent Relationship": "Inner", "Parallel Aware": false, "Async Capable": false, "Startup Cost": 1.15, "Total Cost": 1.15, "Plan Rows": 1, "Plan Width": 4, "Actual Startup Time": 0.016, "Actual Total Time": 0.016, "Actual Rows": 1, "Actual Loops": 4, "Hash Buckets": 1024, "Original Hash Buckets": 1024, "Hash Batches": 1, "Original Hash Batches": 1, "Peak Memory Usage": 9, "Workers": [], "Plans": [{"Node Type": "Seq Scan", "Parent Relationship": "Outer", "Parallel Aware": false, "Async Capable": false, "Relation Name": "role_type", "Alias": "rt", "Startup Cost": 0.0, "Total Cost": 1.15, "Plan Rows": 1, "Plan Width": 4, "Actual Startup Time": 0.013, "Actual Total Time": 0.014, "Actual Rows": 1, "Actual Loops": 4, "Filter": "((role)::text = 'actress'::text)", "Rows Removed by Filter": 11, "Workers": []}]}]}, {"Node Type": "Index Scan", "Parent Relationship": "Inner", "Parallel Aware": false, "Async Capable": false, "Scan Direction": "Forward", "Index Name": "person_id_aka_name", "Relation Name": "aka_name", "Alias": "an1", "Startup Cost": 0.42, "Total Cost": 1.06, "Plan Rows": 2, "Plan Width": 20, "Actual Startup Time": 0.001, "Actual Total Time": 0.002, "Actual Rows": 2, "Actual Loops": 7438, "Index Cond": "(person_id = ci.person_id)", "Rows Removed by Index Recheck": 0, "Workers": []}]}, {"Node Type": "Index Scan", "Parent Relationship": "Inner", "Parallel Aware": false, "Async Capable": false, "Scan Direction": "Forward", "Index Name": "name_pkey", "Relation Name": "name", "Alias": "n1", "Startup Cost": 0.43, "Total Cost": 0.77, "Plan Rows": 1, "Plan Width": 4, "Actual Startup Time": 0.001, "Actual Total Time": 0.001, "Actual Rows": 0, "Actual Loops": 17379, "Index Cond": "(id = an1.person_id)", "Rows Removed by Index Recheck": 0, "Filter": "((name ~~ '%Yo%'::text) AND (name !~~ '%Yu%'::text))", "Rows Removed by Filter": 1, "Workers": []}]}]}]}, "Planning Time": 1.944, "Triggers": [], "Execution Time": 333.45}