{"Plan": {"Node Type": "Aggregate", "Strategy": "Plain", "Partial Mode": "Simple", "Parallel Aware": false, "Async Capable": false, "Startup Cost": 7892.85, "Total Cost": 7892.86, "Plan Rows": 1, "Plan Width": 96, "Actual Startup Time": 332.924, "Actual Total Time": 332.928, "Actual Rows": 1, "Actual Loops": 1, "Plans": [{"Node Type": "Nested Loop", "Parent Relationship": "Outer", "Parallel Aware": false, "Async Capable": false, "Join Type": "Inner", "Startup Cost": 3.0, "Total Cost": 7892.84, "Plan Rows": 1, "Plan Width": 42, "Actual Startup Time": 1.076, "Actual Total Time": 332.662, "Actual Rows": 4803, "Actual Loops": 1, "Inner Unique": true, "Join Filter": "(kt.id = t.kind_id)", "Rows Removed by Join Filter": 481, "Plans": [{"Node Type": "Nested Loop", "Parent Relationship": "Outer", "Parallel Aware": false, "Async Capable": false, "Join Type": "Inner", "Startup Cost": 3.0, "Total Cost": 7891.73, "Plan Rows": 1, "Plan Width": 46, "Actual Startup Time": 1.073, "Actual Total Time": 331.105, "Actual Rows": 4979, "Actual Loops": 1, "Inner Unique": true, "Join Filter": "(it1.id = mi.info_type_id)", "Rows Removed by Join Filter": 563, "Plans": [{"Node Type": "Nested Loop", "Parent Relationship": "Outer", "Parallel Aware": false, "Async Capable": false, "Join Type": "Inner", "Startup Cost": 3.0, "Total Cost": 7889.3, "Plan Rows": 1, "Plan Width": 50, "Actual Startup Time": 1.07, "Actual Total Time": 325.121, "Actual Rows": 5542, "Actual Loops": 1, "Inner Unique": false, "Join Filter": "(mi.movie_id = t.id)", "Rows Removed by Join Filter": 0, "Plans": [{"Node Type": "Nested Loop", "Parent Relationship": "Outer", "Parallel Aware": false, "Async Capable": false, "Join Type": "Inner", "Startup Cost": 2.56, "Total Cost": 7887.45, "Plan Rows": 1, "Plan Width": 66, "Actual Startup Time": 1.044, "Actual Total Time": 199.733, "Actual Rows": 4558, "Actual Loops": 1, "Inner Unique": true, "Plans": [{"Node Type": "Nested Loop", "Parent Relationship": "Outer", "Parallel Aware": false, "Async Capable": false, "Join Type": "Inner", "Startup Cost": 2.13, "Total Cost": 7886.96, "Plan Rows": 1, "Plan Width": 41, "Actual Startup Time": 1.032, "Actual Total Time": 189.022, "Actual Rows": 8934, "Actual Loops": 1, "Inner Unique": true, "Join Filter": "(ct.id = mc.company_type_id)", "Rows Removed by Join Filter": 0, "Plans": [{"Node Type": "Nested Loop", "Parent Relationship": "Outer", "Parallel Aware": false, "Async Capable": false, "Join Type": "Inner", "Startup Cost": 2.13, "Total Cost": 7885.87, "Plan Rows": 1, "Plan Width": 45, "Actual Startup Time": 1.03, "Actual Total Time": 186.486, "Actual Rows": 8934, "Actual Loops": 1, "Inner Unique": true, "Plans": [{"Node Type": "Nested Loop", "Parent Relationship": "Outer", "Parallel Aware": false, "Async Capable": false, "Join Type": "Inner", "Startup Cost": 1.71, "Total Cost": 7885.32, "Plan Rows": 1, "Plan Width": 30, "Actual Startup Time": 1.021, "Actual Total Time": 175.813, "Actual Rows": 9535, "Actual Loops": 1, "Inner Unique": false, "Plans": [{"Node Type": "Nested Loop", "Parent Relationship": "Outer", "Parallel Aware": false, "Async Capable": false, "Join Type": "Inner", "Startup Cost": 1.28, "Total Cost": 7884.75, "Plan Rows": 1, "Plan Width": 18, "Actual Startup Time": 1.008, "Actual Total Time": 153.48, "Actual Rows": 3662, "Actual Loops": 1, "Inner Unique": true, "Join Filter": "(cc.status_id = cct2.id)", "Rows Removed by Join Filter": 14257, "Plans": [{"Node Type": "Nested Loop", "Parent Relationship": "Outer", "Parallel Aware": false, "Async Capable": false, "Join Type": "Inner", "Startup Cost": 1.28, "Total Cost": 7883.66, "Plan Rows": 1, "Plan Width": 22, "Actual Startup Time": 0.998, "Actual Total Time": 151.134, "Actual Rows": 5973, "Actual Loops": 1, "Inner Unique": true, "Join Filter": "(cc.subject_id = cct1.id)", "Rows Removed by Join Filter": 13371, "Plans": [{"Node Type": "Nested Loop", "Parent Relationship": "Outer", "Parallel Aware": false, "Async Capable": false, "Join Type": "Inner", "Startup Cost": 1.28, "Total Cost": 7882.6, "Plan Rows": 1, "Plan Width": 26, "Actual Startup Time": 0.766, "Actual Total Time": 144.242, "Actual Rows": 19344, "Actual Loops": 1, "Inner Unique": false, "Plans": [{"Node Type": "Nested Loop", "Parent Relationship": "Outer", "Parallel Aware": false, "Async Capable": false, "Join Type": "Inner", "Startup Cost": 0.86, "Total Cost": 7880.69, "Plan Rows": 4, "Plan Width": 14, "Actual Startup Time": 0.391, "Actual Total Time": 118.911, "Actual Rows": 31800, "Actual Loops": 1, "Inner Unique": false, "Join Filter": "(it2.id = mi_idx.info_type_id)", "Rows Removed by Join Filter": 62093, "Plans": [{"Node Type": "Seq Scan", "Parent Relationship": "Outer", "Parallel Aware": false, "Async Capable": false, "Relation Name": "info_type", "Alias": "it2", "Startup Cost": 0.0, "Total Cost": 2.41, "Plan Rows": 1, "Plan Width": 4, "Actual Startup Time": 0.01, "Actual Total Time": 0.011, "Actual Rows": 1, "Actual Loops": 1, "Filter": "((info)::text = 'rating'::text)", "Rows Removed by Filter": 112}, {"Node Type": "Nested Loop", "Parent Relationship": "Inner", "Parallel Aware": false, "Async Capable": false, "Join Type": "Inner", "Startup Cost": 0.86, "Total Cost": 7873.26, "Plan Rows": 402, "Plan Width": 18, "Actual Startup Time": 0.379, "Actual Total Time": 115.846, "Actual Rows": 93893, "Actual Loops": 1, "Inner Unique": false, "Plans": [{"Node Type": "Nested Loop", "Parent Relationship": "Outer", "Parallel Aware": false, "Async Capable": false, "Join Type": "Inner", "Startup Cost": 0.43, "Total Cost": 7801.9, "Plan Rows": 135, "Plan Width": 4, "Actual Startup Time": 0.37, "Actual Total Time": 50.261, "Actual Rows": 37091, "Actual Loops": 1, "Inner Unique": false, "Plans": [{"Node Type": "Seq Scan", "Parent Relationship": "Outer", "Parallel Aware": false, "Async Capable": false, "Relation Name": "keyword", "Alias": "k", "Startup Cost": 0.0, "Total Cost": 3020.55, "Plan Rows": 4, "Plan Width": 4, "Actual Startup Time": 0.345, "Actual Total Time": 7.011, "Actual Rows": 3, "Actual Loops": 1, "Filter": "(keyword = ANY ('{murder,murder-in-title,blood,violence}'::text[]))", "Rows Removed by Filter": 134167}, {"Node Type": "Index Scan", "Parent Relationship": "Inner", "Parallel Aware": false, "Async Capable": false, "Scan Direction": "Forward", "Index Name": "keyword_id_movie_keyword", "Relation Name": "movie_keyword", "Alias": "mk", "Startup Cost": 0.43, "Total Cost": 1192.31, "Plan Rows": 303, "Plan Width": 8, "Actual Startup Time": 0.014, "Actual Total Time": 13.864, "Actual Rows": 12364, "Actual Loops": 3, "Index Cond": "(keyword_id = k.id)", "Rows Removed by Index Recheck": 0}]}, {"Node Type": "Index Scan", "Parent Relationship": "Inner", "Parallel Aware": false, "Async Capable": false, "Scan Direction": "Forward", "Index Name": "movie_id_movie_info_idx", "Relation Name": "movie_info_idx", "Alias": "mi_idx", "Startup Cost": 0.43, "Total Cost": 0.5, "Plan Rows": 3, "Plan Width": 14, "Actual Startup Time": 0.001, "Actual Total Time": 0.002, "Actual Rows": 3, "Actual Loops": 37091, "Index Cond": "(movie_id = mk.movie_id)", "Rows Removed by Index Recheck": 0, "Filter": "(info < '8.5'::text)", "Rows Removed by Filter": 0}]}]}, {"Node Type": "Index Scan", "Parent Relationship": "Inner", "Parallel Aware": false, "Async Capable": false, "Scan Direction": "Forward", "Index Name": "movie_id_complete_cast", "Relation Name": "complete_cast", "Alias": "cc", "Startup Cost": 0.42, "Total Cost": 0.46, "Plan Rows": 2, "Plan Width": 12, "Actual Startup Time": 0.001, "Actual Total Time": 0.001, "Actual Rows": 1, "Actual Loops": 31800, "Index Cond": "(movie_id = mk.movie_id)", "Rows Removed by Index Recheck": 0}]}, {"Node Type": "Seq Scan", "Parent Relationship": "Inner", "Parallel Aware": false, "Async Capable": false, "Relation Name": "comp_cast_type", "Alias": "cct1", "Startup Cost": 0.0, "Total Cost": 1.05, "Plan Rows": 1, "Plan Width": 4, "Actual Startup Time": 0.0, "Actual Total Time": 0.0, "Actual Rows": 1, "Actual Loops": 19344, "Filter": "((kind)::text = 'crew'::text)", "Rows Removed by Filter": 2}]}, {"Node Type": "Seq Scan", "Parent Relationship": "Inner", "Parallel Aware": false, "Async Capable": false, "Relation Name": "comp_cast_type", "Alias": "cct2", "Startup Cost": 0.0, "Total Cost": 1.05, "Plan Rows": 3, "Plan Width": 4, "Actual Startup Time": 0.0, "Actual Total Time": 0.0, "Actual Rows": 3, "Actual Loops": 5973, "Filter": "((kind)::text <> 'complete+verified'::text)", "Rows Removed by Filter": 0}]}, {"Node Type": "Index Scan", "Parent Relationship": "Inner", "Parallel Aware": false, "Async Capable": false, "Scan Direction": "Forward", "Index Name": "movie_id_movie_companies", "Relation Name": "movie_companies", "Alias": "mc", "Startup Cost": 0.43, "Total Cost": 0.57, "Plan Rows": 1, "Plan Width": 12, "Actual Startup Time": 0.004, "Actual Total Time": 0.006, "Actual Rows": 3, "Actual Loops": 3662, "Index Cond": "(movie_id = mk.movie_id)", "Rows Removed by Index Recheck": 0, "Filter": "((note !~~ '%(USA)%'::text) AND (note ~~ '%(200%)%'::text))", "Rows Removed by Filter": 9}]}, {"Node Type": "Index Scan", "Parent Relationship": "Inner", "Parallel Aware": false, "Async Capable": false, "Scan Direction": "Forward", "Index Name": "company_name_pkey", "Relation Name": "company_name", "Alias": "cn", "Startup Cost": 0.42, "Total Cost": 0.54, "Plan Rows": 1, "Plan Width": 23, "Actual Startup Time": 0.001, "Actual Total Time": 0.001, "Actual Rows": 1, "Actual Loops": 9535, "Index Cond": "(id = mc.company_id)", "Rows Removed by Index Recheck": 0, "Filter": "((country_code)::text <> '[us]'::text)", "Rows Removed by Filter": 0}]}, {"Node Type": "Seq Scan", "Parent Relationship": "Inner", "Parallel Aware": false, "Async Capable": false, "Relation Name": "company_type", "Alias": "ct", "Startup Cost": 0.0, "Total Cost": 1.04, "Plan Rows": 4, "Plan Width": 4, "Actual Startup Time": 0.0, "Actual Total Time": 0.0, "Actual Rows": 1, "Actual Loops": 8934}]}, {"Node Type": "Index Scan", "Parent Relationship": "Inner", "Parallel Aware": false, "Async Capable": false, "Scan Direction": "Forward", "Index Name": "title_pkey", "Relation Name": "title", "Alias": "t", "Startup Cost": 0.43, "Total Cost": 0.49, "Plan Rows": 1, "Plan Width": 25, "Actual Startup Time": 0.001, "Actual Total Time": 0.001, "Actual Rows": 1, "Actual Loops": 8934, "Index Cond": "(id = mk.movie_id)", "Rows Removed by Index Recheck": 0, "Filter": "(production_year > 2000)", "Rows Removed by Filter": 0}]}, {"Node Type": "Index Scan", "Parent Relationship": "Inner", "Parallel Aware": false, "Async Capable": false, "Scan Direction": "Forward", "Index Name": "movie_id_movie_info", "Relation Name": "movie_info", "Alias": "mi", "Startup Cost": 0.43, "Total Cost": 1.83, "Plan Rows": 2, "Plan Width": 8, "Actual Startup Time": 0.024, "Actual Total Time": 0.027, "Actual Rows": 1, "Actual Loops": 4558, "Index Cond": "(movie_id = mk.movie_id)", "Rows Removed by Index Recheck": 0, "Filter": "(info = ANY ('{Sweden,Norway,Germany,Denmark,Swedish,Danish,Norwegian,German,USA,American}'::text[]))", "Rows Removed by Filter": 240}]}, {"Node Type": "Seq Scan", "Parent Relationship": "Inner", "Parallel Aware": false, "Async Capable": false, "Relation Name": "info_type", "Alias": "it1", "Startup Cost": 0.0, "Total Cost": 2.41, "Plan Rows": 1, "Plan Width": 4, "Actual Startup Time": 0.001, "Actual Total Time": 0.001, "Actual Rows": 1, "Actual Loops": 5542, "Filter": "((info)::text = 'countries'::text)", "Rows Removed by Filter": 18}]}, {"Node Type": "Seq Scan", "Parent Relationship": "Inner", "Parallel Aware": false, "Async Capable": false, "Relation Name": "kind_type", "Alias": "kt", "Startup Cost": 0.0, "Total Cost": 1.09, "Plan Rows": 2, "Plan Width": 4, "Actual Startup Time": 0.0, "Actual Total Time": 0.0, "Actual Rows": 1, "Actual Loops": 4979, "Filter": "((kind)::text = ANY ('{movie,episode}'::text[]))", "Rows Removed by Filter": 0}]}]}, "Planning Time": 120.614, "Triggers": [], "Execution Time": 333.002}