{"Plan": {"Node Type": "Aggregate", "Strategy": "Plain", "Partial Mode": "Simple", "Parallel Aware": false, "Async Capable": false, "Startup Cost": 3973.26, "Total Cost": 3973.27, "Plan Rows": 1, "Plan Width": 96, "Actual Startup Time": 63.309, "Actual Total Time": 63.311, "Actual Rows": 1, "Actual Loops": 1, "Plans": [{"Node Type": "Nested Loop", "Parent Relationship": "Outer", "Parallel Aware": false, "Async Capable": false, "Join Type": "Inner", "Startup Cost": 1.58, "Total Cost": 3973.18, "Plan Rows": 10, "Plan Width": 46, "Actual Startup Time": 0.286, "Actual Total Time": 63.039, "Actual Rows": 4388, "Actual Loops": 1, "Inner Unique": true, "Plans": [{"Node Type": "Nested Loop", "Parent Relationship": "Outer", "Parallel Aware": false, "Async Capable": false, "Join Type": "Inner", "Startup Cost": 1.15, "Total Cost": 3928.47, "Plan Rows": 10, "Plan Width": 33, "Actual Startup Time": 0.27, "Actual Total Time": 47.139, "Actual Rows": 4388, "Actual Loops": 1, "Inner Unique": true, "Plans": [{"Node Type": "Nested Loop", "Parent Relationship": "Outer", "Parallel Aware": false, "Async Capable": false, "Join Type": "Inner", "Startup Cost": 0.72, "Total Cost": 3923.59, "Plan Rows": 10, "Plan Width": 24, "Actual Startup Time": 0.261, "Actual Total Time": 43.04, "Actual Rows": 4388, "Actual Loops": 1, "Inner Unique": true, "Join Filter": "(lt.id = ml.link_type_id)", "Rows Removed by Join Filter": 30206, "Plans": [{"Node Type": "Nested Loop", "Parent Relationship": "Outer", "Parallel Aware": false, "Async Capable": false, "Join Type": "Inner", "Startup Cost": 0.72, "Total Cost": 3919.91, "Plan Rows": 10, "Plan Width": 16, "Actual Startup Time": 0.256, "Actual Total Time": 41.186, "Actual Rows": 4388, "Actual Loops": 1, "Inner Unique": false, "Plans": [{"Node Type": "Nested Loop", "Parent Relationship": "Outer", "Parallel Aware": false, "Async Capable": false, "Join Type": "Inner", "Startup Cost": 0.43, "Total Cost": 3905.45, "Plan Rows": 34, "Plan Width": 4, "Actual Startup Time": 0.221, "Actual Total Time": 27.938, "Actual Rows": 41840, "Actual Loops": 1, "Inner Unique": false, "Plans": [{"Node Type": "Seq Scan", "Parent Relationship": "Outer", "Parallel Aware": false, "Async Capable": false, "Relation Name": "keyword", "Alias": "k", "Startup Cost": 0.0, "Total Cost": 2685.12, "Plan Rows": 1, "Plan Width": 4, "Actual Startup Time": 0.202, "Actual Total Time": 4.334, "Actual Rows": 1, "Actual Loops": 1, "Filter": "(keyword = 'character-name-in-title'::text)", "Rows Removed by Filter": 134169}, {"Node Type": "Index Scan", "Parent Relationship": "Inner", "Parallel Aware": false, "Async Capable": false, "Scan Direction": "Forward", "Index Name": "keyword_id_movie_keyword", "Relation Name": "movie_keyword", "Alias": "mk", "Startup Cost": 0.43, "Total Cost": 1217.3, "Plan Rows": 303, "Plan Width": 8, "Actual Startup Time": 0.018, "Actual Total Time": 21.703, "Actual Rows": 41840, "Actual Loops": 1, "Index Cond": "(keyword_id = k.id)", "Rows Removed by Index Recheck": 0}]}, {"Node Type": "Index Scan", "Parent Relationship": "Inner", "Parallel Aware": false, "Async Capable": false, "Scan Direction": "Forward", "Index Name": "movie_id_movie_link", "Relation Name": "movie_link", "Alias": "ml", "Startup Cost": 0.29, "Total Cost": 0.38, "Plan Rows": 5, "Plan Width": 12, "Actual Startup Time": 0.0, "Actual Total Time": 0.0, "Actual Rows": 0, "Actual Loops": 41840, "Index Cond": "(movie_id = mk.movie_id)", "Rows Removed by Index Recheck": 0}]}, {"Node Type": "Materialize", "Parent Relationship": "Inner", "Parallel Aware": false, "Async Capable": false, "Startup Cost": 0.0, "Total Cost": 1.27, "Plan Rows": 18, "Plan Width": 16, "Actual Startup Time": 0.0, "Actual Total Time": 0.0, "Actual Rows": 8, "Actual Loops": 4388, "Plans": [{"Node Type": "Seq Scan", "Parent Relationship": "Outer", "Parallel Aware": false, "Async Capable": false, "Relation Name": "link_type", "Alias": "lt", "Startup Cost": 0.0, "Total Cost": 1.18, "Plan Rows": 18, "Plan Width": 16, "Actual Startup Time": 0.001, "Actual Total Time": 0.002, "Actual Rows": 17, "Actual Loops": 1}]}]}, {"Node Type": "Index Scan", "Parent Relationship": "Inner", "Parallel Aware": false, "Async Capable": false, "Scan Direction": "Forward", "Index Name": "title_pkey", "Relation Name": "title", "Alias": "t1", "Startup Cost": 0.43, "Total Cost": 0.49, "Plan Rows": 1, "Plan Width": 21, "Actual Startup Time": 0.001, "Actual Total Time": 0.001, "Actual Rows": 1, "Actual Loops": 4388, "Index Cond": "(id = mk.movie_id)", "Rows Removed by Index Recheck": 0}]}, {"Node Type": "Index Scan", "Parent Relationship": "Inner", "Parallel Aware": false, "Async Capable": false, "Scan Direction": "Forward", "Index Name": "title_pkey", "Relation Name": "title", "Alias": "t2", "Startup Cost": 0.43, "Total Cost": 4.47, "Plan Rows": 1, "Plan Width": 21, "Actual Startup Time": 0.004, "Actual Total Time": 0.004, "Actual Rows": 1, "Actual Loops": 4388, "Index Cond": "(id = ml.linked_movie_id)", "Rows Removed by Index Recheck": 0}]}]}, "Planning Time": 1.01, "Triggers": [], "Execution Time": 63.353}