{"Plan": {"Node Type": "Aggregate", "Strategy": "Plain", "Partial Mode": "Simple", "Parallel Aware": false, "Async Capable": false, "Startup Cost": 4727.49, "Total Cost": 4727.5, "Plan Rows": 1, "Plan Width": 64, "Actual Startup Time": 4086.853, "Actual Total Time": 4086.856, "Actual Rows": 1, "Actual Loops": 1, "Plans": [{"Node Type": "Nested Loop", "Parent Relationship": "Outer", "Parallel Aware": false, "Async Capable": false, "Join Type": "Inner", "Startup Cost": 2.58, "Total Cost": 4727.23, "Plan Rows": 103, "Plan Width": 15, "Actual Startup Time": 0.376, "Actual Total Time": 4077.586, "Actual Rows": 258289, "Actual Loops": 1, "Inner Unique": true, "Plans": [{"Node Type": "Nested Loop", "Parent Relationship": "Outer", "Parallel Aware": false, "Async Capable": false, "Join Type": "Inner", "Startup Cost": 2.15, "Total Cost": 4142.16, "Plan Rows": 1278, "Plan Width": 4, "Actual Startup Time": 0.349, "Actual Total Time": 1239.539, "Actual Rows": 2832555, "Actual Loops": 1, "Inner Unique": false, "Join Filter": "(ci.movie_id = t.id)", "Rows Removed by Join Filter": 0, "Plans": [{"Node Type": "Nested Loop", "Parent Relationship": "Outer", "Parallel Aware": false, "Async Capable": false, "Join Type": "Inner", "Startup Cost": 1.71, "Total Cost": 4022.15, "Plan Rows": 65, "Plan Width": 12, "Actual Startup Time": 0.235, "Actual Total Time": 296.926, "Actual Rows": 68316, "Actual Loops": 1, "Inner Unique": true, "Plans": [{"Node Type": "Nested Loop", "Parent Relationship": "Outer", "Parallel Aware": false, "Async Capable": false, "Join Type": "Inner", "Startup Cost": 1.29, "Total Cost": 3941.42, "Plan Rows": 181, "Plan Width": 16, "Actual Startup Time": 0.217, "Actual Total Time": 139.853, "Actual Rows": 148552, "Actual Loops": 1, "Inner Unique": false, "Join Filter": "(mc.movie_id = t.id)", "Rows Removed by Join Filter": 0, "Plans": [{"Node Type": "Nested Loop", "Parent Relationship": "Outer", "Parallel Aware": false, "Async Capable": false, "Join Type": "Inner", "Startup Cost": 0.86, "Total Cost": 3920.94, "Plan Rows": 34, "Plan Width": 8, "Actual Startup Time": 0.198, "Actual Total Time": 62.626, "Actual Rows": 41840, "Actual Loops": 1, "Inner Unique": true, "Plans": [{"Node Type": "Nested Loop", "Parent Relationship": "Outer", "Parallel Aware": false, "Async Capable": false, "Join Type": "Inner", "Startup Cost": 0.43, "Total Cost": 3905.45, "Plan Rows": 34, "Plan Width": 4, "Actual Startup Time": 0.194, "Actual Total Time": 26.576, "Actual Rows": 41840, "Actual Loops": 1, "Inner Unique": false, "Plans": [{"Node Type": "Seq Scan", "Parent Relationship": "Outer", "Parallel Aware": false, "Async Capable": false, "Relation Name": "keyword", "Alias": "k", "Startup Cost": 0.0, "Total Cost": 2685.12, "Plan Rows": 1, "Plan Width": 4, "Actual Startup Time": 0.185, "Actual Total Time": 4.181, "Actual Rows": 1, "Actual Loops": 1, "Filter": "(keyword = 'character-name-in-title'::text)", "Rows Removed by Filter": 134169}, {"Node Type": "Index Scan", "Parent Relationship": "Inner", "Parallel Aware": false, "Async Capable": false, "Scan Direction": "Forward", "Index Name": "keyword_id_movie_keyword", "Relation Name": "movie_keyword", "Alias": "mk", "Startup Cost": 0.43, "Total Cost": 1217.3, "Plan Rows": 303, "Plan Width": 8, "Actual Startup Time": 0.008, "Actual Total Time": 20.398, "Actual Rows": 41840, "Actual Loops": 1, "Index Cond": "(keyword_id = k.id)", "Rows Removed by Index Recheck": 0}]}, {"Node Type": "Index Only Scan", "Parent Relationship": "Inner", "Parallel Aware": false, "Async Capable": false, "Scan Direction": "Forward", "Index Name": "title_pkey", "Relation Name": "title", "Alias": "t", "Startup Cost": 0.43, "Total Cost": 0.46, "Plan Rows": 1, "Plan Width": 4, "Actual Startup Time": 0.001, "Actual Total Time": 0.001, "Actual Rows": 1, "Actual Loops": 41840, "Index Cond": "(id = mk.movie_id)", "Rows Removed by Index Recheck": 0, "Heap Fetches": 0}]}, {"Node Type": "Index Scan", "Parent Relationship": "Inner", "Parallel Aware": false, "Async Capable": false, "Scan Direction": "Forward", "Index Name": "movie_id_movie_companies", "Relation Name": "movie_companies", "Alias": "mc", "Startup Cost": 0.43, "Total Cost": 0.54, "Plan Rows": 5, "Plan Width": 8, "Actual Startup Time": 0.001, "Actual Total Time": 0.002, "Actual Rows": 4, "Actual Loops": 41840, "Index Cond": "(movie_id = mk.movie_id)", "Rows Removed by Index Recheck": 0}]}, {"Node Type": "Index Scan", "Parent Relationship": "Inner", "Parallel Aware": false, "Async Capable": false, "Scan Direction": "Forward", "Index Name": "company_name_pkey", "Relation Name": "company_name", "Alias": "cn", "Startup Cost": 0.42, "Total Cost": 0.45, "Plan Rows": 1, "Plan Width": 4, "Actual Startup Time": 0.001, "Actual Total Time": 0.001, "Actual Rows": 0, "Actual Loops": 148552, "Index Cond": "(id = mc.company_id)", "Rows Removed by Index Recheck": 0, "Filter": "((country_code)::text = '[us]'::text)", "Rows Removed by Filter": 1}]}, {"Node Type": "Index Scan", "Parent Relationship": "Inner", "Parallel Aware": false, "Async Capable": false, "Scan Direction": "Forward", "Index Name": "movie_id_cast_info", "Relation Name": "cast_info", "Alias": "ci", "Startup Cost": 0.44, "Total Cost": 1.37, "Plan Rows": 38, "Plan Width": 8, "Actual Startup Time": 0.001, "Actual Total Time": 0.012, "Actual Rows": 41, "Actual Loops": 68316, "Index Cond": "(movie_id = mk.movie_id)", "Rows Removed by Index Recheck": 0}]}, {"Node Type": "Index Scan", "Parent Relationship": "Inner", "Parallel Aware": false, "Async Capable": false, "Scan Direction": "Forward", "Index Name": "name_pkey", "Relation Name": "name", "Alias": "n", "Startup Cost": 0.43, "Total Cost": 0.46, "Plan Rows": 1, "Plan Width": 19, "Actual Startup Time": 0.001, "Actual Total Time": 0.001, "Actual Rows": 0, "Actual Loops": 2832555, "Index Cond": "(id = ci.person_id)", "Rows Removed by Index Recheck": 0, "Filter": "(name ~~ 'B%'::text)", "Rows Removed by Filter": 1}]}]}, "Planning Time": 1.978, "Triggers": [], "Execution Time": 4086.91}