{"Plan": {"Node Type": "Aggregate", "Strategy": "Plain", "Partial Mode": "Simple", "Parallel Aware": false, "Async Capable": false, "Startup Cost": 3925.61, "Total Cost": 3925.62, "Plan Rows": 1, "Plan Width": 96, "Actual Startup Time": 35.923, "Actual Total Time": 35.926, "Actual Rows": 1, "Actual Loops": 1, "Plans": [{"Node Type": "Nested Loop", "Parent Relationship": "Outer", "Parallel Aware": false, "Async Capable": false, "Join Type": "Inner", "Startup Cost": 2.44, "Total Cost": 3925.6, "Plan Rows": 1, "Plan Width": 48, "Actual Startup Time": 0.55, "Actual Total Time": 35.836, "Actual Rows": 1410, "Actual Loops": 1, "Inner Unique": true, "Join Filter": "(ml.movie_id = t.id)", "Rows Removed by Join Filter": 0, "Plans": [{"Node Type": "Nested Loop", "Parent Relationship": "Outer", "Parallel Aware": false, "Async Capable": false, "Join Type": "Inner", "Startup Cost": 2.0, "Total Cost": 3925.1, "Plan Rows": 1, "Plan Width": 47, "Actual Startup Time": 0.539, "Actual Total Time": 34.654, "Actual Rows": 1816, "Actual Loops": 1, "Inner Unique": true, "Join Filter": "(ct.id = mc.company_type_id)", "Rows Removed by Join Filter": 95, "Plans": [{"Node Type": "Nested Loop", "Parent Relationship": "Outer", "Parallel Aware": false, "Async Capable": false, "Join Type": "Inner", "Startup Cost": 2.0, "Total Cost": 3924.03, "Plan Rows": 1, "Plan Width": 51, "Actual Startup Time": 0.537, "Actual Total Time": 34.048, "Actual Rows": 1911, "Actual Loops": 1, "Inner Unique": true, "Plans": [{"Node Type": "Nested Loop", "Parent Relationship": "Outer", "Parallel Aware": false, "Async Capable": false, "Join Type": "Inner", "Startup Cost": 1.58, "Total Cost": 3923.58, "Plan Rows": 1, "Plan Width": 36, "Actual Startup Time": 0.522, "Actual Total Time": 31.126, "Actual Rows": 4365, "Actual Loops": 1, "Inner Unique": false, "Join Filter": "(mc.movie_id = ml.movie_id)", "Rows Removed by Join Filter": 0, "Plans": [{"Node Type": "Nested Loop", "Parent Relationship": "Outer", "Parallel Aware": false, "Async Capable": false, "Join Type": "Inner", "Startup Cost": 1.16, "Total Cost": 3923.0, "Plan Rows": 1, "Plan Width": 24, "Actual Startup Time": 0.512, "Actual Total Time": 30.146, "Actual Rows": 684, "Actual Loops": 1, "Inner Unique": false, "Join Filter": "(mi.movie_id = ml.movie_id)", "Rows Removed by Join Filter": 0, "Plans": [{"Node Type": "Nested Loop", "Parent Relationship": "Outer", "Parallel Aware": false, "Async Capable": false, "Join Type": "Inner", "Startup Cost": 0.72, "Total Cost": 3921.26, "Plan Rows": 1, "Plan Width": 20, "Actual Startup Time": 0.291, "Actual Total Time": 28.829, "Actual Rows": 199, "Actual Loops": 1, "Inner Unique": false, "Join Filter": "(lt.id = ml.link_type_id)", "Rows Removed by Join Filter": 303, "Plans": [{"Node Type": "Seq Scan", "Parent Relationship": "Outer", "Parallel Aware": false, "Async Capable": false, "Relation Name": "link_type", "Alias": "lt", "Startup Cost": 0.0, "Total Cost": 1.23, "Plan Rows": 1, "Plan Width": 16, "Actual Startup Time": 0.006, "Actual Total Time": 0.008, "Actual Rows": 2, "Actual Loops": 1, "Filter": "((link)::text ~~ '%follow%'::text)", "Rows Removed by Filter": 16}, {"Node Type": "Nested Loop", "Parent Relationship": "Inner", "Parallel Aware": false, "Async Capable": false, "Join Type": "Inner", "Startup Cost": 0.72, "Total Cost": 3919.91, "Plan Rows": 10, "Plan Width": 12, "Actual Startup Time": 0.246, "Actual Total Time": 14.399, "Actual Rows": 251, "Actual Loops": 2, "Inner Unique": false, "Plans": [{"Node Type": "Nested Loop", "Parent Relationship": "Outer", "Parallel Aware": false, "Async Capable": false, "Join Type": "Inner", "Startup Cost": 0.43, "Total Cost": 3905.45, "Plan Rows": 34, "Plan Width": 4, "Actual Startup Time": 0.243, "Actual Total Time": 11.141, "Actual Rows": 10544, "Actual Loops": 2, "Inner Unique": false, "Plans": [{"Node Type": "Seq Scan", "Parent Relationship": "Outer", "Parallel Aware": false, "Async Capable": false, "Relation Name": "keyword", "Alias": "k", "Startup Cost": 0.0, "Total Cost": 2685.12, "Plan Rows": 1, "Plan Width": 4, "Actual Startup Time": 0.231, "Actual Total Time": 3.947, "Actual Rows": 1, "Actual Loops": 2, "Filter": "(keyword = 'sequel'::text)", "Rows Removed by Filter": 134169}, {"Node Type": "Index Scan", "Parent Relationship": "Inner", "Parallel Aware": false, "Async Capable": false, "Scan Direction": "Forward", "Index Name": "keyword_id_movie_keyword", "Relation Name": "movie_keyword", "Alias": "mk", "Startup Cost": 0.43, "Total Cost": 1217.3, "Plan Rows": 303, "Plan Width": 8, "Actual Startup Time": 0.011, "Actual Total Time": 6.703, "Actual Rows": 10544, "Actual Loops": 2, "Index Cond": "(keyword_id = k.id)", "Rows Removed by Index Recheck": 0}]}, {"Node Type": "Index Scan", "Parent Relationship": "Inner", "Parallel Aware": false, "Async Capable": false, "Scan Direction": "Forward", "Index Name": "movie_id_movie_link", "Relation Name": "movie_link", "Alias": "ml", "Startup Cost": 0.29, "Total Cost": 0.38, "Plan Rows": 5, "Plan Width": 8, "Actual Startup Time": 0.0, "Actual Total Time": 0.0, "Actual Rows": 0, "Actual Loops": 21088, "Index Cond": "(movie_id = mk.movie_id)", "Rows Removed by Index Recheck": 0}]}]}, {"Node Type": "Index Scan", "Parent Relationship": "Inner", "Parallel Aware": false, "Async Capable": false, "Scan Direction": "Forward", "Index Name": "movie_id_movie_info", "Relation Name": "movie_info", "Alias": "mi", "Startup Cost": 0.43, "Total Cost": 1.73, "Plan Rows": 1, "Plan Width": 4, "Actual Startup Time": 0.006, "Actual Total Time": 0.006, "Actual Rows": 3, "Actual Loops": 199, "Index Cond": "(movie_id = mk.movie_id)", "Rows Removed by Index Recheck": 0, "Filter": "(info = ANY ('{Sweden,Norway,Germany,Denmark,Swedish,Denish,Norwegian,German}'::text[]))", "Rows Removed by Filter": 17}]}, {"Node Type": "Index Scan", "Parent Relationship": "Inner", "Parallel Aware": false, "Async Capable": false, "Scan Direction": "Forward", "Index Name": "movie_id_movie_companies", "Relation Name": "movie_companies", "Alias": "mc", "Startup Cost": 0.43, "Total Cost": 0.54, "Plan Rows": 3, "Plan Width": 12, "Actual Startup Time": 0.001, "Actual Total Time": 0.001, "Actual Rows": 6, "Actual Loops": 684, "Index Cond": "(movie_id = mk.movie_id)", "Rows Removed by Index Recheck": 0, "Filter": "(note IS NULL)", "Rows Removed by Filter": 2}]}, {"Node Type": "Index Scan", "Parent Relationship": "Inner", "Parallel Aware": false, "Async Capable": false, "Scan Direction": "Forward", "Index Name": "company_name_pkey", "Relation Name": "company_name", "Alias": "cn", "Startup Cost": 0.42, "Total Cost": 0.46, "Plan Rows": 1, "Plan Width": 23, "Actual Startup Time": 0.001, "Actual Total Time": 0.001, "Actual Rows": 0, "Actual Loops": 4365, "Index Cond": "(id = mc.company_id)", "Rows Removed by Index Recheck": 0, "Filter": "(((country_code)::text <> '[pl]'::text) AND ((name ~~ '%Film%'::text) OR (name ~~ '%Warner%'::text)))", "Rows Removed by Filter": 1}]}, {"Node Type": "Seq Scan", "Parent Relationship": "Inner", "Parallel Aware": false, "Async Capable": false, "Relation Name": "company_type", "Alias": "ct", "Startup Cost": 0.0, "Total Cost": 1.05, "Plan Rows": 1, "Plan Width": 4, "Actual Startup Time": 0.0, "Actual Total Time": 0.0, "Actual Rows": 1, "Actual Loops": 1911, "Filter": "((kind)::text = 'production companies'::text)", "Rows Removed by Filter": 1}]}, {"Node Type": "Index Scan", "Parent Relationship": "Inner", "Parallel Aware": false, "Async Capable": false, "Scan Direction": "Forward", "Index Name": "title_pkey", "Relation Name": "title", "Alias": "t", "Startup Cost": 0.43, "Total Cost": 0.49, "Plan Rows": 1, "Plan Width": 21, "Actual Startup Time": 0.001, "Actual Total Time": 0.001, "Actual Rows": 1, "Actual Loops": 1816, "Index Cond": "(id = mk.movie_id)", "Rows Removed by Index Recheck": 0, "Filter": "((production_year >= 1950) AND (production_year <= 2000))", "Rows Removed by Filter": 0}]}]}, "Planning Time": 6.925, "Triggers": [], "Execution Time": 35.985}