{"Plan": {"Node Type": "Aggregate", "Strategy": "Plain", "Partial Mode": "Simple", "Parallel Aware": false, "Async Capable": false, "Startup Cost": 4852.76, "Total Cost": 4852.77, "Plan Rows": 1, "Plan Width": 32, "Actual Startup Time": 3514.798, "Actual Total Time": 3514.8, "Actual Rows": 1, "Actual Loops": 1, "Plans": [{"Node Type": "Nested Loop", "Parent Relationship": "Outer", "Parallel Aware": false, "Async Capable": false, "Join Type": "Inner", "Startup Cost": 2.58, "Total Cost": 4851.69, "Plan Rows": 428, "Plan Width": 15, "Actual Startup Time": 1.048, "Actual Total Time": 3481.919, "Actual Rows": 1113120, "Actual Loops": 1, "Inner Unique": true, "Plans": [{"Node Type": "Nested Loop", "Parent Relationship": "Outer", "Parallel Aware": false, "Async Capable": false, "Join Type": "Inner", "Startup Cost": 2.16, "Total Cost": 4661.87, "Plan Rows": 428, "Plan Width": 19, "Actual Startup Time": 1.039, "Actual Total Time": 2807.476, "Actual Rows": 1113120, "Actual Loops": 1, "Inner Unique": false, "Plans": [{"Node Type": "Nested Loop", "Parent Relationship": "Outer", "Parallel Aware": false, "Async Capable": false, "Join Type": "Inner", "Startup Cost": 1.73, "Total Cost": 4572.9, "Plan Rows": 156, "Plan Width": 27, "Actual Startup Time": 0.279, "Actual Total Time": 2585.063, "Actual Rows": 149494, "Actual Loops": 1, "Inner Unique": true, "Plans": [{"Node Type": "Nested Loop", "Parent Relationship": "Outer", "Parallel Aware": false, "Async Capable": false, "Join Type": "Inner", "Startup Cost": 1.3, "Total Cost": 3983.71, "Plan Rows": 1287, "Plan Width": 16, "Actual Startup Time": 0.265, "Actual Total Time": 831.906, "Actual Rows": 1038393, "Actual Loops": 1, "Inner Unique": false, "Join Filter": "(ci.movie_id = t.id)", "Rows Removed by Join Filter": 0, "Plans": [{"Node Type": "Nested Loop", "Parent Relationship": "Outer", "Parallel Aware": false, "Async Capable": false, "Join Type": "Inner", "Startup Cost": 0.86, "Total Cost": 3920.94, "Plan Rows": 34, "Plan Width": 8, "Actual Startup Time": 0.255, "Actual Total Time": 62.242, "Actual Rows": 41840, "Actual Loops": 1, "Inner Unique": true, "Plans": [{"Node Type": "Nested Loop", "Parent Relationship": "Outer", "Parallel Aware": false, "Async Capable": false, "Join Type": "Inner", "Startup Cost": 0.43, "Total Cost": 3905.45, "Plan Rows": 34, "Plan Width": 4, "Actual Startup Time": 0.251, "Actual Total Time": 26.703, "Actual Rows": 41840, "Actual Loops": 1, "Inner Unique": false, "Plans": [{"Node Type": "Seq Scan", "Parent Relationship": "Outer", "Parallel Aware": false, "Async Capable": false, "Relation Name": "keyword", "Alias": "k", "Startup Cost": 0.0, "Total Cost": 2685.12, "Plan Rows": 1, "Plan Width": 4, "Actual Startup Time": 0.229, "Actual Total Time": 4.209, "Actual Rows": 1, "Actual Loops": 1, "Filter": "(keyword = 'character-name-in-title'::text)", "Rows Removed by Filter": 134169}, {"Node Type": "Index Scan", "Parent Relationship": "Inner", "Parallel Aware": false, "Async Capable": false, "Scan Direction": "Forward", "Index Name": "keyword_id_movie_keyword", "Relation Name": "movie_keyword", "Alias": "mk", "Startup Cost": 0.43, "Total Cost": 1217.3, "Plan Rows": 303, "Plan Width": 8, "Actual Startup Time": 0.021, "Actual Total Time": 20.393, "Actual Rows": 41840, "Actual Loops": 1, "Index Cond": "(keyword_id = k.id)", "Rows Removed by Index Recheck": 0}]}, {"Node Type": "Index Only Scan", "Parent Relationship": "Inner", "Parallel Aware": false, "Async Capable": false, "Scan Direction": "Forward", "Index Name": "title_pkey", "Relation Name": "title", "Alias": "t", "Startup Cost": 0.43, "Total Cost": 0.46, "Plan Rows": 1, "Plan Width": 4, "Actual Startup Time": 0.001, "Actual Total Time": 0.001, "Actual Rows": 1, "Actual Loops": 41840, "Index Cond": "(id = mk.movie_id)", "Rows Removed by Index Recheck": 0, "Heap Fetches": 0}]}, {"Node Type": "Index Scan", "Parent Relationship": "Inner", "Parallel Aware": false, "Async Capable": false, "Scan Direction": "Forward", "Index Name": "movie_id_cast_info", "Relation Name": "cast_info", "Alias": "ci", "Startup Cost": 0.44, "Total Cost": 1.37, "Plan Rows": 38, "Plan Width": 8, "Actual Startup Time": 0.002, "Actual Total Time": 0.017, "Actual Rows": 25, "Actual Loops": 41840, "Index Cond": "(movie_id = mk.movie_id)", "Rows Removed by Index Recheck": 0}]}, {"Node Type": "Index Scan", "Parent Relationship": "Inner", "Parallel Aware": false, "Async Capable": false, "Scan Direction": "Forward", "Index Name": "name_pkey", "Relation Name": "name", "Alias": "n", "Startup Cost": 0.43, "Total Cost": 0.46, "Plan Rows": 1, "Plan Width": 19, "Actual Startup Time": 0.002, "Actual Total Time": 0.002, "Actual Rows": 0, "Actual Loops": 1038393, "Index Cond": "(id = ci.person_id)", "Rows Removed by Index Recheck": 0, "Filter": "(name ~~ '%B%'::text)", "Rows Removed by Filter": 1}]}, {"Node Type": "Index Scan", "Parent Relationship": "Inner", "Parallel Aware": false, "Async Capable": false, "Scan Direction": "Forward", "Index Name": "movie_id_movie_companies", "Relation Name": "movie_companies", "Alias": "mc", "Startup Cost": 0.43, "Total Cost": 0.52, "Plan Rows": 5, "Plan Width": 8, "Actual Startup Time": 0.001, "Actual Total Time": 0.001, "Actual Rows": 7, "Actual Loops": 149494, "Index Cond": "(movie_id = ci.movie_id)", "Rows Removed by Index Recheck": 0}]}, {"Node Type": "Index Only Scan", "Parent Relationship": "Inner", "Parallel Aware": false, "Async Capable": false, "Scan Direction": "Forward", "Index Name": "company_name_pkey", "Relation Name": "company_name", "Alias": "cn", "Startup Cost": 0.42, "Total Cost": 0.44, "Plan Rows": 1, "Plan Width": 4, "Actual Startup Time": 0.001, "Actual Total Time": 0.001, "Actual Rows": 1, "Actual Loops": 1113120, "Index Cond": "(id = mc.company_id)", "Rows Removed by Index Recheck": 0, "Heap Fetches": 1113120}]}]}, "Planning Time": 2.165, "Triggers": [], "Execution Time": 3514.855}