{"Plan": {"Node Type": "Aggregate", "Strategy": "Plain", "Partial Mode": "Simple", "Parallel Aware": false, "Async Capable": false, "Startup Cost": 9776.17, "Total Cost": 9776.18, "Plan Rows": 1, "Plan Width": 64, "Actual Startup Time": 109.976, "Actual Total Time": 109.98, "Actual Rows": 1, "Actual Loops": 1, "Plans": [{"Node Type": "Nested Loop", "Parent Relationship": "Outer", "Parallel Aware": false, "Async Capable": false, "Join Type": "Inner", "Startup Cost": 3.39, "Total Cost": 9776.17, "Plan Rows": 1, "Plan Width": 32, "Actual Startup Time": 5.732, "Actual Total Time": 109.968, "Actual Rows": 16, "Actual Loops": 1, "Inner Unique": true, "Join Filter": "(it.id = pi.info_type_id)", "Rows Removed by Join Filter": 0, "Plans": [{"Node Type": "Nested Loop", "Parent Relationship": "Outer", "Parallel Aware": false, "Async Capable": false, "Join Type": "Inner", "Startup Cost": 3.39, "Total Cost": 9773.74, "Plan Rows": 1, "Plan Width": 36, "Actual Startup Time": 5.727, "Actual Total Time": 109.936, "Actual Rows": 16, "Actual Loops": 1, "Inner Unique": false, "Join Filter": "(an.person_id = n.id)", "Rows Removed by Join Filter": 0, "Plans": [{"Node Type": "Nested Loop", "Parent Relationship": "Outer", "Parallel Aware": false, "Async Capable": false, "Join Type": "Inner", "Startup Cost": 2.97, "Total Cost": 9773.25, "Plan Rows": 1, "Plan Width": 48, "Actual Startup Time": 5.719, "Actual Total Time": 109.905, "Actual Rows": 8, "Actual Loops": 1, "Inner Unique": false, "Join Filter": "(n.id = pi.person_id)", "Rows Removed by Join Filter": 0, "Plans": [{"Node Type": "Nested Loop", "Parent Relationship": "Outer", "Parallel Aware": false, "Async Capable": false, "Join Type": "Inner", "Startup Cost": 2.54, "Total Cost": 9731.5, "Plan Rows": 44, "Plan Width": 40, "Actual Startup Time": 0.146, "Actual Total Time": 107.15, "Actual Rows": 1076, "Actual Loops": 1, "Inner Unique": true, "Plans": [{"Node Type": "Nested Loop", "Parent Relationship": "Outer", "Parallel Aware": false, "Async Capable": false, "Join Type": "Inner", "Startup Cost": 2.11, "Total Cost": 8865.68, "Plan Rows": 1881, "Plan Width": 21, "Actual Startup Time": 0.048, "Actual Total Time": 41.041, "Actual Rows": 33415, "Actual Loops": 1, "Inner Unique": false, "Plans": [{"Node Type": "Nested Loop", "Parent Relationship": "Outer", "Parallel Aware": false, "Async Capable": false, "Join Type": "Inner", "Startup Cost": 1.67, "Total Cost": 8020.0, "Plan Rows": 49, "Plan Width": 25, "Actual Startup Time": 0.037, "Actual Total Time": 15.218, "Actual Rows": 435, "Actual Loops": 1, "Inner Unique": true, "Plans": [{"Node Type": "Hash Join", "Parent Relationship": "Outer", "Parallel Aware": false, "Async Capable": false, "Join Type": "Inner", "Startup Cost": 1.24, "Total Cost": 561.48, "Plan Rows": 1666, "Plan Width": 4, "Actual Startup Time": 0.02, "Actual Total Time": 2.187, "Actual Rows": 5186, "Actual Loops": 1, "Inner Unique": true, "Hash Cond": "(ml.link_type_id = lt.id)", "Plans": [{"Node Type": "Seq Scan", "Parent Relationship": "Outer", "Parallel Aware": false, "Async Capable": false, "Relation Name": "movie_link", "Alias": "ml", "Startup Cost": 0.0, "Total Cost": 462.97, "Plan Rows": 29997, "Plan Width": 8, "Actual Startup Time": 0.003, "Actual Total Time": 1.032, "Actual Rows": 29997, "Actual Loops": 1}, {"Node Type": "Hash", "Parent Relationship": "Inner", "Parallel Aware": false, "Async Capable": false, "Startup Cost": 1.23, "Total Cost": 1.23, "Plan Rows": 1, "Plan Width": 4, "Actual Startup Time": 0.004, "Actual Total Time": 0.005, "Actual Rows": 1, "Actual Loops": 1, "Hash Buckets": 1024, "Original Hash Buckets": 1024, "Hash Batches": 1, "Original Hash Batches": 1, "Peak Memory Usage": 9, "Plans": [{"Node Type": "Seq Scan", "Parent Relationship": "Outer", "Parallel Aware": false, "Async Capable": false, "Relation Name": "link_type", "Alias": "lt", "Startup Cost": 0.0, "Total Cost": 1.23, "Plan Rows": 1, "Plan Width": 4, "Actual Startup Time": 0.002, "Actual Total Time": 0.003, "Actual Rows": 1, "Actual Loops": 1, "Filter": "((link)::text = 'features'::text)", "Rows Removed by Filter": 17}]}]}, {"Node Type": "Index Scan", "Parent Relationship": "Inner", "Parallel Aware": false, "Async Capable": false, "Scan Direction": "Forward", "Index Name": "title_pkey", "Relation Name": "title", "Alias": "t", "Startup Cost": 0.43, "Total Cost": 4.48, "Plan Rows": 1, "Plan Width": 21, "Actual Startup Time": 0.002, "Actual Total Time": 0.002, "Actual Rows": 0, "Actual Loops": 5186, "Index Cond": "(id = ml.linked_movie_id)", "Rows Removed by Index Recheck": 0, "Filter": "((production_year >= 1980) AND (production_year <= 1984))", "Rows Removed by Filter": 1}]}, {"Node Type": "Index Scan", "Parent Relationship": "Inner", "Parallel Aware": false, "Async Capable": false, "Scan Direction": "Forward", "Index Name": "movie_id_cast_info", "Relation Name": "cast_info", "Alias": "ci", "Startup Cost": 0.44, "Total Cost": 16.88, "Plan Rows": 38, "Plan Width": 8, "Actual Startup Time": 0.003, "Actual Total Time": 0.056, "Actual Rows": 77, "Actual Loops": 435, "Index Cond": "(movie_id = t.id)", "Rows Removed by Index Recheck": 0}]}, {"Node Type": "Index Scan", "Parent Relationship": "Inner", "Parallel Aware": false, "Async Capable": false, "Scan Direction": "Forward", "Index Name": "name_pkey", "Relation Name": "name", "Alias": "n", "Startup Cost": 0.43, "Total Cost": 0.46, "Plan Rows": 1, "Plan Width": 19, "Actual Startup Time": 0.002, "Actual Total Time": 0.002, "Actual Rows": 0, "Actual Loops": 33415, "Index Cond": "(id = ci.person_id)", "Rows Removed by Index Recheck": 0, "Filter": "(((name_pcode_cf)::text ~~ 'D%'::text) AND ((gender)::text = 'm'::text))", "Rows Removed by Filter": 1}]}, {"Node Type": "Index Scan", "Parent Relationship": "Inner", "Parallel Aware": false, "Async Capable": false, "Scan Direction": "Forward", "Index Name": "person_id_person_info", "Relation Name": "person_info", "Alias": "pi", "Startup Cost": 0.43, "Total Cost": 0.94, "Plan Rows": 1, "Plan Width": 8, "Actual Startup Time": 0.002, "Actual Total Time": 0.002, "Actual Rows": 0, "Actual Loops": 1076, "Index Cond": "(person_id = ci.person_id)", "Rows Removed by Index Recheck": 0, "Filter": "(note = 'Volker Boehm'::text)", "Rows Removed by Filter": 16}]}, {"Node Type": "Index Scan", "Parent Relationship": "Inner", "Parallel Aware": false, "Async Capable": false, "Scan Direction": "Forward", "Index Name": "person_id_aka_name", "Relation Name": "aka_name", "Alias": "an", "Startup Cost": 0.42, "Total Cost": 0.47, "Plan Rows": 2, "Plan Width": 4, "Actual Startup Time": 0.002, "Actual Total Time": 0.003, "Actual Rows": 2, "Actual Loops": 8, "Index Cond": "(person_id = ci.person_id)", "Rows Removed by Index Recheck": 0, "Filter": "(name ~~ '%a%'::text)", "Rows Removed by Filter": 1}]}, {"Node Type": "Seq Scan", "Parent Relationship": "Inner", "Parallel Aware": false, "Async Capable": false, "Relation Name": "info_type", "Alias": "it", "Startup Cost": 0.0, "Total Cost": 2.41, "Plan Rows": 1, "Plan Width": 4, "Actual Startup Time": 0.001, "Actual Total Time": 0.001, "Actual Rows": 1, "Actual Loops": 16, "Filter": "((info)::text = 'mini biography'::text)", "Rows Removed by Filter": 18}]}]}, "Planning Time": 2.835, "Triggers": [], "Execution Time": 110.046}