{"Plan": {"Node Type": "Sort", "Parallel Aware": false, "Async Capable": false, "Startup Cost": 101555.01, "Total Cost": 101555.04, "Plan Rows": 13, "Plan Width": 228, "Actual Startup Time": 177.605, "Actual Total Time": 178.02, "Actual Rows": 2513, "Actual Loops": 1, "Sort Key": ["wswscs.d_week_seq NULLS FIRST"], "Sort Method": "quicksort", "Sort Space Used": 278, "Sort Space Type": "Memory", "Plans": [{"Node Type": "Aggregate", "Strategy": "Hashed", "Partial Mode": "Finalize", "Parent Relationship": "InitPlan", "Subplan Name": "CTE wswscs", "Parallel Aware": false, "Async Capable": false, "Startup Cost": 95976.5, "Total Cost": 96262.77, "Plan Rows": 10410, "Plan Width": 228, "Actual Startup Time": 167.827, "Actual Total Time": 168.296, "Actual Rows": 263, "Actual Loops": 1, "Group Key": ["date_dim_2.d_week_seq"], "Planned Partitions": 0, "HashAgg Batches": 1, "Peak Memory Usage": 1233, "Disk Usage": 0, "Plans": [{"Node Type": "Gather", "Parent Relationship": "Outer", "Parallel Aware": false, "Async Capable": false, "Startup Cost": 89964.72, "Total Cost": 94415.0, "Plan Rows": 41640, "Plan Width": 228, "Actual Startup Time": 166.37, "Actual Total Time": 167.117, "Actual Rows": 1262, "Actual Loops": 1, "Workers Planned": 4, "Workers Launched": 4, "Single Copy": false, "Plans": [{"Node Type": "Aggregate", "Strategy": "Hashed", "Partial Mode": "Partial", "Parent Relationship": "Outer", "Parallel Aware": false, "Async Capable": false, "Startup Cost": 88964.72, "Total Cost": 89251.0, "Plan Rows": 10410, "Plan Width": 228, "Actual Startup Time": 164.683, "Actual Total Time": 164.945, "Actual Rows": 252, "Actual Loops": 5, "Group Key": ["date_dim_2.d_week_seq"], "Planned Partitions": 0, "HashAgg Batches": 1, "Peak Memory Usage": 1425, "Disk Usage": 0, "Workers": [{"Worker Number": 0, "HashAgg Batches": 1, "Peak Memory Usage": 1425, "Disk Usage": 0}, {"Worker Number": 1, "HashAgg Batches": 1, "Peak Memory Usage": 913, "Disk Usage": 0}, {"Worker Number": 2, "HashAgg Batches": 1, "Peak Memory Usage": 1425, "Disk Usage": 0}, {"Worker Number": 3, "HashAgg Batches": 1, "Peak Memory Usage": 1425, "Disk Usage": 0}], "Plans": [{"Node Type": "Hash Join", "Parent Relationship": "Outer", "Parallel Aware": true, "Async Capable": false, "Join Type": "Inner", "Startup Cost": 2390.82, "Total Cost": 68706.43, "Plan Rows": 540221, "Plan Width": 20, "Actual Startup Time": 3.504, "Actual Total Time": 102.141, "Actual Rows": 430713, "Actual Loops": 5, "Inner Unique": true, "Hash Cond": "(catalog_sales.cs_sold_date_sk = date_dim_2.d_date_sk)", "Workers": [], "Plans": [{"Node Type": "Append", "Parent Relationship": "Outer", "Parallel Aware": true, "Async Capable": false, "Startup Cost": 0.0, "Total Cost": 64897.45, "Plan Rows": 540221, "Plan Width": 10, "Actual Startup Time": 0.011, "Actual Total Time": 69.624, "Actual Rows": 432186, "Actual Loops": 5, "Workers": [], "Subplans Removed": 0, "Plans": [{"Node Type": "Seq Scan", "Parent Relationship": "Member", "Parallel Aware": true, "Async Capable": false, "Relation Name": "catalog_sales", "Alias": "catalog_sales", "Startup Cost": 0.0, "Total Cost": 41051.75, "Plan Rows": 360375, "Plan Width": 10, "Actual Startup Time": 0.014, "Actual Total Time": 35.46, "Actual Rows": 288310, "Actual Loops": 5, "Workers": []}, {"Node Type": "Seq Scan", "Parent Relationship": "Member", "Parallel Aware": true, "Async Capable": false, "Relation Name": "web_sales", "Alias": "web_sales", "Startup Cost": 0.0, "Total Cost": 21144.59, "Plan Rows": 232059, "Plan Width": 10, "Actual Startup Time": 0.012, "Actual Total Time": 30.029, "Actual Rows": 239795, "Actual Loops": 3, "Workers": []}]}, {"Node Type": "Hash", "Parent Relationship": "Inner", "Parallel Aware": true, "Async Capable": false, "Startup Cost": 1853.7, "Total Cost": 1853.7, "Plan Rows": 42970, "Plan Width": 18, "Actual Startup Time": 3.353, "Actual Total Time": 3.354, "Actual Rows": 14610, "Actual Loops": 5, "Hash Buckets": 131072, "Original Hash Buckets": 131072, "Hash Batches": 1, "Original Hash Batches": 1, "Peak Memory Usage": 5120, "Workers": [], "Plans": [{"Node Type": "Seq Scan", "Parent Relationship": "Outer", "Parallel Aware": true, "Async Capable": false, "Relation Name": "date_dim", "Alias": "date_dim_2", "Startup Cost": 0.0, "Total Cost": 1853.7, "Plan Rows": 42970, "Plan Width": 18, "Actual Startup Time": 0.012, "Actual Total Time": 1.491, "Actual Rows": 14610, "Actual Loops": 5, "Workers": []}]}]}]}]}]}, {"Node Type": "Hash Join", "Parent Relationship": "Outer", "Parallel Aware": false, "Async Capable": false, "Join Type": "Inner", "Startup Cost": 5044.17, "Total Cost": 5292.0, "Plan Rows": 13, "Plan Width": 228, "Actual Startup Time": 175.829, "Actual Total Time": 177.402, "Actual Rows": 2513, "Actual Loops": 1, "Inner Unique": false, "Hash Cond": "(wswscs.d_week_seq = date_dim.d_week_seq)", "Plans": [{"Node Type": "CTE Scan", "Parent Relationship": "Outer", "Parallel Aware": false, "Async Capable": false, "CTE Name": "wswscs", "Alias": "wswscs", "Startup Cost": 0.0, "Total Cost": 208.2, "Plan Rows": 10410, "Plan Width": 228, "Actual Startup Time": 167.829, "Actual Total Time": 167.837, "Actual Rows": 263, "Actual Loops": 1}, {"Node Type": "Hash", "Parent Relationship": "Inner", "Parallel Aware": false, "Async Capable": false, "Startup Cost": 5044.01, "Total Cost": 5044.01, "Plan Rows": 13, "Plan Width": 232, "Actual Startup Time": 7.98, "Actual Total Time": 7.981, "Actual Rows": 2513, "Actual Loops": 1, "Hash Buckets": 4096, "Original Hash Buckets": 1024, "Hash Batches": 1, "Original Hash Batches": 1, "Peak Memory Usage": 288, "Plans": [{"Node Type": "Merge Join", "Parent Relationship": "Outer", "Parallel Aware": false, "Async Capable": false, "Join Type": "Inner", "Startup Cost": 5038.45, "Total Cost": 5044.01, "Plan Rows": 13, "Plan Width": 232, "Actual Startup Time": 7.437, "Actual Total Time": 7.657, "Actual Rows": 2513, "Actual Loops": 1, "Inner Unique": false, "Merge Cond": "(((wswscs_1.d_week_seq - 53)) = date_dim.d_week_seq)", "Plans": [{"Node Type": "Sort", "Parent Relationship": "Outer", "Parallel Aware": false, "Async Capable": false, "Startup Cost": 2685.95, "Total Cost": 2686.86, "Plan Rows": 362, "Plan Width": 228, "Actual Startup Time": 4.728, "Actual Total Time": 4.736, "Actual Rows": 365, "Actual Loops": 1, "Sort Key": ["((wswscs_1.d_week_seq - 53)) NULLS FIRST"], "Sort Method": "quicksort", "Sort Space Used": 59, "Sort Space Type": "Memory", "Plans": [{"Node Type": "Hash Join", "Parent Relationship": "Outer", "Parallel Aware": false, "Async Capable": false, "Join Type": "Inner", "Startup Cost": 2341.64, "Total Cost": 2670.57, "Plan Rows": 362, "Plan Width": 228, "Actual Startup Time": 4.494, "Actual Total Time": 4.662, "Actual Rows": 365, "Actual Loops": 1, "Inner Unique": false, "Hash Cond": "(wswscs_1.d_week_seq = date_dim_1.d_week_seq)", "Plans": [{"Node Type": "CTE Scan", "Parent Relationship": "Outer", "Parallel Aware": false, "Async Capable": false, "CTE Name": "wswscs", "Alias": "wswscs_1", "Startup Cost": 0.0, "Total Cost": 208.2, "Plan Rows": 10410, "Plan Width": 228, "Actual Startup Time": 0.001, "Actual Total Time": 0.146, "Actual Rows": 263, "Actual Loops": 1}, {"Node Type": "Hash", "Parent Relationship": "Inner", "Parallel Aware": false, "Async Capable": false, "Startup Cost": 2337.11, "Total Cost": 2337.11, "Plan Rows": 362, "Plan Width": 4, "Actual Startup Time": 4.477, "Actual Total Time": 4.478, "Actual Rows": 365, "Actual Loops": 1, "Hash Buckets": 1024, "Original Hash Buckets": 1024, "Hash Batches": 1, "Original Hash Batches": 1, "Peak Memory Usage": 21, "Plans": [{"Node Type": "Seq Scan", "Parent Relationship": "Outer", "Parallel Aware": false, "Async Capable": false, "Relation Name": "date_dim", "Alias": "date_dim_1", "Startup Cost": 0.0, "Total Cost": 2337.11, "Plan Rows": 362, "Plan Width": 4, "Actual Startup Time": 2.297, "Actual Total Time": 4.458, "Actual Rows": 365, "Actual Loops": 1, "Filter": "(d_year = 2002)", "Rows Removed by Filter": 72684}]}]}]}, {"Node Type": "Sort", "Parent Relationship": "Inner", "Parallel Aware": false, "Async Capable": false, "Startup Cost": 2352.5, "Total Cost": 2353.4, "Plan Rows": 362, "Plan Width": 4, "Actual Startup Time": 2.705, "Actual Total Time": 2.758, "Actual Rows": 2513, "Actual Loops": 1, "Sort Key": ["date_dim.d_week_seq NULLS FIRST"], "Sort Method": "quicksort", "Sort Space Used": 25, "Sort Space Type": "Memory", "Plans": [{"Node Type": "Seq Scan", "Parent Relationship": "Outer", "Parallel Aware": false, "Async Capable": false, "Relation Name": "date_dim", "Alias": "date_dim", "Startup Cost": 0.0, "Total Cost": 2337.11, "Plan Rows": 362, "Plan Width": 4, "Actual Startup Time": 1.711, "Actual Total Time": 2.685, "Actual Rows": 365, "Actual Loops": 1, "Filter": "(d_year = 2001)", "Rows Removed by Filter": 72684}]}]}]}]}]}, "Planning Time": 0.344, "Triggers": [], "Execution Time": 178.312}