{"Plan": {"Node Type": "Limit", "Parallel Aware": false, "Async Capable": false, "Startup Cost": 18414.27, "Total Cost": 18427.01, "Plan Rows": 100, "Plan Width": 91, "Actual Startup Time": 14.167, "Actual Total Time": 15.705, "Actual Rows": 89, "Actual Loops": 1, "Plans": [{"Node Type": "Incremental Sort", "Parent Relationship": "Outer", "Parallel Aware": false, "Async Capable": false, "Startup Cost": 18414.27, "Total Cost": 18479.61, "Plan Rows": 513, "Plan Width": 91, "Actual Startup Time": 14.166, "Actual Total Time": 15.7, "Actual Rows": 89, "Actual Loops": 1, "Sort Key": ["dt.d_year", "(sum(store_sales.ss_ext_sales_price)) DESC", "item.i_brand_id"], "Presorted Key": ["dt.d_year"], "Full-sort Groups": {"Group Count": 3, "Sort Methods Used": ["quicksort"], "Sort Space Memory": {"Average Sort Space Used": 29, "Peak Sort Space Used": 29}}, "Plans": [{"Node Type": "Aggregate", "Strategy": "Sorted", "Partial Mode": "Finalize", "Parent Relationship": "Outer", "Parallel Aware": false, "Async Capable": false, "Startup Cost": 18413.99, "Total Cost": 18465.71, "Plan Rows": 513, "Plan Width": 91, "Actual Startup Time": 14.092, "Actual Total Time": 15.661, "Actual Rows": 89, "Actual Loops": 1, "Group Key": ["dt.d_year", "item.i_brand", "item.i_brand_id"], "Plans": [{"Node Type": "Gather Merge", "Parent Relationship": "Outer", "Parallel Aware": false, "Async Capable": false, "Startup Cost": 18413.99, "Total Cost": 18455.52, "Plan Rows": 302, "Plan Width": 91, "Actual Startup Time": 14.084, "Actual Total Time": 15.63, "Actual Rows": 94, "Actual Loops": 1, "Workers Planned": 1, "Workers Launched": 1, "Plans": [{"Node Type": "Aggregate", "Strategy": "Sorted", "Partial Mode": "Partial", "Parent Relationship": "Outer", "Parallel Aware": false, "Async Capable": false, "Startup Cost": 17413.98, "Total Cost": 17421.53, "Plan Rows": 302, "Plan Width": 91, "Actual Startup Time": 13.204, "Actual Total Time": 13.264, "Actual Rows": 47, "Actual Loops": 2, "Group Key": ["dt.d_year", "item.i_brand", "item.i_brand_id"], "Workers": [], "Plans": [{"Node Type": "Sort", "Parent Relationship": "Outer", "Parallel Aware": false, "Async Capable": false, "Startup Cost": 17413.98, "Total Cost": 17414.74, "Plan Rows": 302, "Plan Width": 65, "Actual Startup Time": 13.194, "Actual Total Time": 13.206, "Actual Rows": 488, "Actual Loops": 2, "Sort Key": ["dt.d_year", "item.i_brand", "item.i_brand_id"], "Sort Method": "quicksort", "Sort Space Used": 76, "Sort Space Type": "Memory", "Workers": [{"Worker Number": 0, "Sort Method": "quicksort", "Sort Space Used": 64, "Sort Space Type": "Memory"}], "Plans": [{"Node Type": "Nested Loop", "Parent Relationship": "Outer", "Parallel Aware": false, "Async Capable": false, "Join Type": "Inner", "Startup Cost": 0.73, "Total Cost": 17401.54, "Plan Rows": 302, "Plan Width": 65, "Actual Startup Time": 0.129, "Actual Total Time": 13.054, "Actual Rows": 488, "Actual Loops": 2, "Inner Unique": true, "Workers": [], "Plans": [{"Node Type": "Nested Loop", "Parent Relationship": "Outer", "Parallel Aware": false, "Async Capable": false, "Join Type": "Inner", "Startup Cost": 0.43, "Total Cost": 16735.79, "Plan Rows": 3672, "Plan Width": 65, "Actual Startup Time": 0.072, "Actual Total Time": 11.586, "Actual Rows": 3328, "Actual Loops": 2, "Inner Unique": false, "Workers": [], "Plans": [{"Node Type": "Seq Scan", "Parent Relationship": "Outer", "Parallel Aware": true, "Async Capable": false, "Relation Name": "item", "Alias": "item", "Startup Cost": 0.0, "Total Cost": 1416.35, "Plan Rows": 23, "Plan Width": 59, "Actual Startup Time": 0.056, "Actual Total Time": 2.079, "Actual Rows": 20, "Actual Loops": 2, "Filter": "(i_manufact_id = 128)", "Rows Removed by Filter": 8980, "Workers": []}, {"Node Type": "Index Scan", "Parent Relationship": "Inner", "Parallel Aware": false, "Async Capable": false, "Scan Direction": "Forward", "Index Name": "store_sales_pkey", "Relation Name": "store_sales", "Alias": "store_sales", "Startup Cost": 0.43, "Total Cost": 664.31, "Plan Rows": 175, "Plan Width": 14, "Actual Startup Time": 0.008, "Actual Total Time": 0.473, "Actual Rows": 171, "Actual Loops": 39, "Index Cond": "(ss_item_sk = item.i_item_sk)", "Rows Removed by Index Recheck": 0, "Workers": []}]}, {"Node Type": "Memoize", "Parent Relationship": "Inner", "Parallel Aware": false, "Async Capable": false, "Startup Cost": 0.3, "Total Cost": 0.32, "Plan Rows": 1, "Plan Width": 8, "Actual Startup Time": 0.0, "Actual Total Time": 0.0, "Actual Rows": 0, "Actual Loops": 6656, "Cache Key": "store_sales.ss_sold_date_sk", "Cache Mode": "logical", "Cache Hits": 2274, "Cache Misses": 1434, "Cache Evictions": 0, "Cache Overflows": 0, "Peak Memory Usage": 101, "Workers": [{"Worker Number": 0, "Cache Hits": 1655, "Cache Misses": 1293, "Cache Evictions": 0, "Cache Overflows": 0, "Peak Memory Usage": 92}], "Plans": [{"Node Type": "Index Scan", "Parent Relationship": "Outer", "Parallel Aware": false, "Async Capable": false, "Scan Direction": "Forward", "Index Name": "date_dim_pkey", "Relation Name": "date_dim", "Alias": "dt", "Startup Cost": 0.29, "Total Cost": 0.31, "Plan Rows": 1, "Plan Width": 8, "Actual Startup Time": 0.001, "Actual Total Time": 0.001, "Actual Rows": 0, "Actual Loops": 2727, "Index Cond": "(d_date_sk = store_sales.ss_sold_date_sk)", "Rows Removed by Index Recheck": 0, "Filter": "(d_moy = 11)", "Rows Removed by Filter": 1, "Workers": []}]}]}]}]}]}]}]}]}, "Planning Time": 0.445, "Triggers": [], "Execution Time": 15.768}