{"Plan": {"Node Type": "Limit", "Parallel Aware": false, "Async Capable": false, "Startup Cost": 2058274.66, "Total Cost": 2058274.66, "Plan Rows": 1, "Plan Width": 480, "Actual Startup Time": 1682900.326, "Actual Total Time": 1682905.09, "Actual Rows": 8, "Actual Loops": 1, "Plans": [{"Node Type": "Append", "Parent Relationship": "InitPlan", "Subplan Name": "CTE year_total", "Parallel Aware": false, "Async Capable": false, "Startup Cost": 214278.25, "Total Cost": 1264160.65, "Plan Rows": 5041625, "Plan Width": 255, "Actual Startup Time": 652.78, "Actual Total Time": 3899.367, "Actual Rows": 384208, "Actual Loops": 1, "Subplans Removed": 0, "Plans": [{"Node Type": "Aggregate", "Strategy": "Sorted", "Partial Mode": "Simple", "Parent Relationship": "Member", "Parallel Aware": false, "Async Capable": false, "Startup Cost": 214278.25, "Total Cost": 688835.91, "Plan Rows": 2880740, "Plan Width": 255, "Actual Startup Time": 652.779, "Actual Total Time": 2030.911, "Actual Rows": 190581, "Actual Loops": 1, "Group Key": ["customer.c_customer_id", "customer.c_first_name", "customer.c_last_name", "customer.c_preferred_cust_flag", "customer.c_birth_country", "customer.c_login", "customer.c_email_address", "date_dim.d_year"], "Plans": [{"Node Type": "Gather Merge", "Parent Relationship": "Outer", "Parallel Aware": false, "Async Capable": false, "Startup Cost": 214278.25, "Total Cost": 559202.61, "Plan Rows": 2880740, "Plan Width": 213, "Actual Startup Time": 652.742, "Actual Total Time": 1279.01, "Actual Rows": 2685453, "Actual Loops": 1, "Workers Planned": 4, "Workers Launched": 4, "Plans": [{"Node Type": "Sort", "Parent Relationship": "Outer", "Parallel Aware": false, "Async Capable": false, "Startup Cost": 213278.19, "Total Cost": 215078.65, "Plan Rows": 720185, "Plan Width": 213, "Actual Startup Time": 645.072, "Actual Total Time": 778.045, "Actual Rows": 537091, "Actual Loops": 5, "Sort Key": ["customer.c_customer_id", "customer.c_first_name", "customer.c_last_name", "customer.c_preferred_cust_flag", "customer.c_birth_country", "customer.c_login", "customer.c_email_address", "date_dim.d_year"], "Sort Method": "external merge", "Sort Space Used": 93760, "Sort Space Type": "Disk", "Workers": [{"Worker Number": 0, "Sort Method": "external merge", "Sort Space Used": 90744, "Sort Space Type": "Disk"}, {"Worker Number": 1, "Sort Method": "external merge", "Sort Space Used": 92064, "Sort Space Type": "Disk"}, {"Worker Number": 2, "Sort Method": "external merge", "Sort Space Used": 94120, "Sort Space Type": "Disk"}, {"Worker Number": 3, "Sort Method": "external merge", "Sort Space Used": 90968, "Sort Space Type": "Disk"}], "Plans": [{"Node Type": "Hash Join", "Parent Relationship": "Outer", "Parallel Aware": true, "Async Capable": false, "Join Type": "Inner", "Startup Cost": 6586.36, "Total Cost": 69361.36, "Plan Rows": 720185, "Plan Width": 213, "Actual Startup Time": 10.372, "Actual Total Time": 170.742, "Actual Rows": 537091, "Actual Loops": 5, "Inner Unique": true, "Hash Cond": "(store_sales.ss_sold_date_sk = date_dim.d_date_sk)", "Workers": [], "Plans": [{"Node Type": "Hash Join", "Parent Relationship": "Outer", "Parallel Aware": true, "Async Capable": false, "Join Type": "Inner", "Startup Cost": 4195.54, "Total Cost": 65079.95, "Plan Rows": 720185, "Plan Width": 213, "Actual Startup Time": 8.198, "Actual Total Time": 128.723, "Actual Rows": 550130, "Actual Loops": 5, "Inner Unique": true, "Hash Cond": "(store_sales.ss_customer_sk = customer.c_customer_sk)", "Workers": [], "Plans": [{"Node Type": "Seq Scan", "Parent Relationship": "Outer", "Parallel Aware": true, "Async Capable": false, "Relation Name": "store_sales", "Alias": "store_sales", "Startup Cost": 0.0, "Total Cost": 58993.85, "Plan Rows": 720185, "Plan Width": 30, "Actual Startup Time": 0.01, "Actual Total Time": 42.026, "Actual Rows": 576081, "Actual Loops": 5, "Workers": []}, {"Node Type": "Hash", "Parent Relationship": "Inner", "Parallel Aware": true, "Async Capable": false, "Startup Cost": 3460.24, "Total Cost": 3460.24, "Plan Rows": 58824, "Plan Width": 191, "Actual Startup Time": 8.063, "Actual Total Time": 8.064, "Actual Rows": 20000, "Actual Loops": 5, "Hash Buckets": 131072, "Original Hash Buckets": 131072, "Hash Batches": 1, "Original Hash Batches": 1, "Peak Memory Usage": 17504, "Workers": [], "Plans": [{"Node Type": "Seq Scan", "Parent Relationship": "Outer", "Parallel Aware": true, "Async Capable": false, "Relation Name": "customer", "Alias": "customer", "Startup Cost": 0.0, "Total Cost": 3460.24, "Plan Rows": 58824, "Plan Width": 191, "Actual Startup Time": 0.015, "Actual Total Time": 2.861, "Actual Rows": 20000, "Actual Loops": 5, "Workers": []}]}]}, {"Node Type": "Hash", "Parent Relationship": "Inner", "Parallel Aware": true, "Async Capable": false, "Startup Cost": 1853.7, "Total Cost": 1853.7, "Plan Rows": 42970, "Plan Width": 8, "Actual Startup Time": 2.059, "Actual Total Time": 2.059, "Actual Rows": 14610, "Actual Loops": 5, "Hash Buckets": 131072, "Original Hash Buckets": 131072, "Hash Batches": 1, "Original Hash Batches": 1, "Peak Memory Usage": 3968, "Workers": [], "Plans": [{"Node Type": "Seq Scan", "Parent Relationship": "Outer", "Parallel Aware": true, "Async Capable": false, "Relation Name": "date_dim", "Alias": "date_dim", "Startup Cost": 0.0, "Total Cost": 1853.7, "Plan Rows": 42970, "Plan Width": 8, "Actual Startup Time": 0.004, "Actual Total Time": 0.982, "Actual Rows": 14610, "Actual Loops": 5, "Workers": []}]}]}]}]}]}, {"Node Type": "Aggregate", "Strategy": "Sorted", "Partial Mode": "Simple", "Parent Relationship": "Member", "Parallel Aware": false, "Async Capable": false, "Startup Cost": 120744.3, "Total Cost": 358209.45, "Plan Rows": 1441501, "Plan Width": 255, "Actual Startup Time": 434.692, "Actual Total Time": 1231.143, "Actual Rows": 136978, "Actual Loops": 1, "Group Key": ["customer_1.c_customer_id", "customer_1.c_first_name", "customer_1.c_last_name", "customer_1.c_preferred_cust_flag", "customer_1.c_birth_country", "customer_1.c_login", "customer_1.c_email_address", "date_dim_1.d_year"], "Plans": [{"Node Type": "Gather Merge", "Parent Relationship": "Outer", "Parallel Aware": false, "Async Capable": false, "Startup Cost": 120744.3, "Total Cost": 293341.9, "Plan Rows": 1441501, "Plan Width": 216, "Actual Startup Time": 434.665, "Actual Total Time": 795.11, "Actual Rows": 1430939, "Actual Loops": 1, "Workers Planned": 4, "Workers Launched": 3, "Plans": [{"Node Type": "Sort", "Parent Relationship": "Outer", "Parallel Aware": false, "Async Capable": false, "Startup Cost": 119744.24, "Total Cost": 120645.18, "Plan Rows": 360375, "Plan Width": 216, "Actual Startup Time": 425.847, "Actual Total Time": 515.615, "Actual Rows": 357735, "Actual Loops": 4, "Sort Key": ["customer_1.c_customer_id", "customer_1.c_first_name", "customer_1.c_last_name", "customer_1.c_preferred_cust_flag", "customer_1.c_birth_country", "customer_1.c_login", "customer_1.c_email_address", "date_dim_1.d_year"], "Sort Method": "external merge", "Sort Space Used": 65072, "Sort Space Type": "Disk", "Workers": [{"Worker Number": 0, "Sort Method": "external merge", "Sort Space Used": 61256, "Sort Space Type": "Disk"}, {"Worker Number": 1, "Sort Method": "external merge", "Sort Space Used": 62456, "Sort Space Type": "Disk"}, {"Worker Number": 2, "Sort Method": "external merge", "Sort Space Used": 62272, "Sort Space Type": "Disk"}], "Plans": [{"Node Type": "Hash Join", "Parent Relationship": "Outer", "Parallel Aware": true, "Async Capable": false, "Join Type": "Inner", "Startup Cost": 6586.36, "Total Cost": 49530.18, "Plan Rows": 360375, "Plan Width": 216, "Actual Startup Time": 12.248, "Actual Total Time": 111.5, "Actual Rows": 357735, "Actual Loops": 4, "Inner Unique": true, "Hash Cond": "(catalog_sales.cs_sold_date_sk = date_dim_1.d_date_sk)", "Workers": [], "Plans": [{"Node Type": "Hash Join", "Parent Relationship": "Outer", "Parallel Aware": true, "Async Capable": false, "Join Type": "Inner", "Startup Cost": 4195.54, "Total Cost": 46193.32, "Plan Rows": 360375, "Plan Width": 216, "Actual Startup Time": 9.485, "Actual Total Time": 84.841, "Actual Rows": 358630, "Actual Loops": 4, "Inner Unique": true, "Hash Cond": "(catalog_sales.cs_bill_customer_sk = customer_1.c_customer_sk)", "Workers": [], "Plans": [{"Node Type": "Seq Scan", "Parent Relationship": "Outer", "Parallel Aware": true, "Async Capable": false, "Relation Name": "catalog_sales", "Alias": "catalog_sales", "Startup Cost": 0.0, "Total Cost": 41051.75, "Plan Rows": 360375, "Plan Width": 33, "Actual Startup Time": 0.005, "Actual Total Time": 19.636, "Actual Rows": 360387, "Actual Loops": 4, "Workers": []}, {"Node Type": "Hash", "Parent Relationship": "Inner", "Parallel Aware": true, "Async Capable": false, "Startup Cost": 3460.24, "Total Cost": 3460.24, "Plan Rows": 58824, "Plan Width": 191, "Actual Startup Time": 9.435, "Actual Total Time": 9.436, "Actual Rows": 25000, "Actual Loops": 4, "Hash Buckets": 131072, "Original Hash Buckets": 131072, "Hash Batches": 1, "Original Hash Batches": 1, "Peak Memory Usage": 17440, "Workers": [], "Plans": [{"Node Type": "Seq Scan", "Parent Relationship": "Outer", "Parallel Aware": true, "Async Capable": false, "Relation Name": "customer", "Alias": "customer_1", "Startup Cost": 0.0, "Total Cost": 3460.24, "Plan Rows": 58824, "Plan Width": 191, "Actual Startup Time": 0.005, "Actual Total Time": 3.347, "Actual Rows": 25000, "Actual Loops": 4, "Workers": []}]}]}, {"Node Type": "Hash", "Parent Relationship": "Inner", "Parallel Aware": true, "Async Capable": false, "Startup Cost": 1853.7, "Total Cost": 1853.7, "Plan Rows": 42970, "Plan Width": 8, "Actual Startup Time": 2.598, "Actual Total Time": 2.599, "Actual Rows": 18262, "Actual Loops": 4, "Hash Buckets": 131072, "Original Hash Buckets": 131072, "Hash Batches": 1, "Original Hash Batches": 1, "Peak Memory Usage": 3936, "Workers": [], "Plans": [{"Node Type": "Seq Scan", "Parent Relationship": "Outer", "Parallel Aware": true, "Async Capable": false, "Relation Name": "date_dim", "Alias": "date_dim_1", "Startup Cost": 0.0, "Total Cost": 1853.7, "Plan Rows": 42970, "Plan Width": 8, "Actual Startup Time": 0.006, "Actual Total Time": 1.114, "Actual Rows": 18262, "Actual Loops": 4, "Workers": []}]}]}]}]}]}, {"Node Type": "Aggregate", "Strategy": "Sorted", "Partial Mode": "Simple", "Parent Relationship": "Member", "Parallel Aware": false, "Async Capable": false, "Startup Cost": 74427.11, "Total Cost": 191907.16, "Plan Rows": 719384, "Plan Width": 255, "Actual Startup Time": 219.154, "Actual Total Time": 623.252, "Actual Rows": 56649, "Actual Loops": 1, "Group Key": ["customer_2.c_customer_id", "customer_2.c_first_name", "customer_2.c_last_name", "customer_2.c_preferred_cust_flag", "customer_2.c_birth_country", "customer_2.c_login", "customer_2.c_email_address", "date_dim_2.d_year"], "Plans": [{"Node Type": "Gather Merge", "Parent Relationship": "Outer", "Parallel Aware": false, "Async Capable": false, "Startup Cost": 74427.11, "Total Cost": 159534.88, "Plan Rows": 719384, "Plan Width": 216, "Actual Startup Time": 219.128, "Actual Total Time": 403.419, "Actual Rows": 719119, "Actual Loops": 1, "Workers Planned": 3, "Workers Launched": 3, "Plans": [{"Node Type": "Sort", "Parent Relationship": "Outer", "Parallel Aware": false, "Async Capable": false, "Startup Cost": 73427.07, "Total Cost": 74007.22, "Plan Rows": 232059, "Plan Width": 216, "Actual Startup Time": 213.398, "Actual Total Time": 252.646, "Actual Rows": 179780, "Actual Loops": 4, "Sort Key": ["customer_2.c_customer_id", "customer_2.c_first_name", "customer_2.c_last_name", "customer_2.c_preferred_cust_flag", "customer_2.c_birth_country", "customer_2.c_login", "customer_2.c_email_address", "date_dim_2.d_year"], "Sort Method": "external merge", "Sort Space Used": 32224, "Sort Space Type": "Disk", "Workers": [{"Worker Number": 0, "Sort Method": "external merge", "Sort Space Used": 31472, "Sort Space Type": "Disk"}, {"Worker Number": 1, "Sort Method": "external merge", "Sort Space Used": 31672, "Sort Space Type": "Disk"}, {"Worker Number": 2, "Sort Method": "external merge", "Sort Space Used": 30840, "Sort Space Type": "Disk"}], "Plans": [{"Node Type": "Hash Join", "Parent Relationship": "Outer", "Parallel Aware": true, "Async Capable": false, "Join Type": "Inner", "Startup Cost": 6586.36, "Total Cost": 28949.32, "Plan Rows": 232059, "Plan Width": 216, "Actual Startup Time": 11.98, "Actual Total Time": 63.096, "Actual Rows": 179780, "Actual Loops": 4, "Inner Unique": true, "Hash Cond": "(web_sales.ws_sold_date_sk = date_dim_2.d_date_sk)", "Workers": [], "Plans": [{"Node Type": "Hash Join", "Parent Relationship": "Outer", "Parallel Aware": true, "Async Capable": false, "Join Type": "Inner", "Startup Cost": 4195.54, "Total Cost": 25949.31, "Plan Rows": 232059, "Plan Width": 216, "Actual Startup Time": 9.385, "Actual Total Time": 47.302, "Actual Rows": 179804, "Actual Loops": 4, "Inner Unique": true, "Hash Cond": "(web_sales.ws_bill_customer_sk = customer_2.c_customer_sk)", "Workers": [], "Plans": [{"Node Type": "Seq Scan", "Parent Relationship": "Outer", "Parallel Aware": true, "Async Capable": false, "Relation Name": "web_sales", "Alias": "web_sales", "Startup Cost": 0.0, "Total Cost": 21144.59, "Plan Rows": 232059, "Plan Width": 33, "Actual Startup Time": 0.005, "Actual Total Time": 10.2, "Actual Rows": 179846, "Actual Loops": 4, "Workers": []}, {"Node Type": "Hash", "Parent Relationship": "Inner", "Parallel Aware": true, "Async Capable": false, "Startup Cost": 3460.24, "Total Cost": 3460.24, "Plan Rows": 58824, "Plan Width": 191, "Actual Startup Time": 9.206, "Actual Total Time": 9.207, "Actual Rows": 25000, "Actual Loops": 4, "Hash Buckets": 131072, "Original Hash Buckets": 131072, "Hash Batches": 1, "Original Hash Batches": 1, "Peak Memory Usage": 17440, "Workers": [], "Plans": [{"Node Type": "Seq Scan", "Parent Relationship": "Outer", "Parallel Aware": true, "Async Capable": false, "Relation Name": "customer", "Alias": "customer_2", "Startup Cost": 0.0, "Total Cost": 3460.24, "Plan Rows": 58824, "Plan Width": 191, "Actual Startup Time": 0.005, "Actual Total Time": 3.186, "Actual Rows": 25000, "Actual Loops": 4, "Workers": []}]}]}, {"Node Type": "Hash", "Parent Relationship": "Inner", "Parallel Aware": true, "Async Capable": false, "Startup Cost": 1853.7, "Total Cost": 1853.7, "Plan Rows": 42970, "Plan Width": 8, "Actual Startup Time": 2.434, "Actual Total Time": 2.435, "Actual Rows": 18262, "Actual Loops": 4, "Hash Buckets": 131072, "Original Hash Buckets": 131072, "Hash Batches": 1, "Original Hash Batches": 1, "Peak Memory Usage": 3968, "Workers": [], "Plans": [{"Node Type": "Seq Scan", "Parent Relationship": "Outer", "Parallel Aware": true, "Async Capable": false, "Relation Name": "date_dim", "Alias": "date_dim_2", "Startup Cost": 0.0, "Total Cost": 1853.7, "Plan Rows": 42970, "Plan Width": 8, "Actual Startup Time": 0.007, "Actual Total Time": 1.108, "Actual Rows": 18262, "Actual Loops": 4, "Workers": []}]}]}]}]}]}]}, {"Node Type": "Sort", "Parent Relationship": "Outer", "Parallel Aware": false, "Async Capable": false, "Startup Cost": 794114.01, "Total Cost": 794114.02, "Plan Rows": 1, "Plan Width": 480, "Actual Startup Time": 1682900.325, "Actual Total Time": 1682900.329, "Actual Rows": 8, "Actual Loops": 1, "Sort Key": ["t_s_secyear.customer_id", "t_s_secyear.customer_first_name", "t_s_secyear.customer_last_name", "t_s_secyear.customer_email_address"], "Sort Method": "quicksort", "Sort Space Used": 26, "Sort Space Type": "Memory", "Plans": [{"Node Type": "Nested Loop", "Parent Relationship": "Outer", "Parallel Aware": false, "Async Capable": false, "Join Type": "Inner", "Startup Cost": 0.0, "Total Cost": 794114.0, "Plan Rows": 1, "Plan Width": 480, "Actual Startup Time": 167042.203, "Actual Total Time": 1682900.3, "Actual Rows": 8, "Actual Loops": 1, "Inner Unique": false, "Join Filter": "((t_s_secyear.customer_id = t_w_secyear.customer_id) AND (CASE WHEN (t_c_firstyear.year_total > '0'::numeric) THEN (t_c_secyear.year_total / t_c_firstyear.year_total) ELSE NULL::numeric END > CASE WHEN (t_w_firstyear.year_total > '0'::numeric) THEN (t_w_secyear.year_total / t_w_firstyear.year_total) ELSE NULL::numeric END))", "Rows Removed by Join Filter": 810136, "Plans": [{"Node Type": "Nested Loop", "Parent Relationship": "Outer", "Parallel Aware": false, "Async Capable": false, "Join Type": "Inner", "Startup Cost": 0.0, "Total Cost": 668070.23, "Plan Rows": 1, "Plan Width": 848, "Actual Startup Time": 32571.756, "Actual Total Time": 1681180.193, "Actual Rows": 72, "Actual Loops": 1, "Inner Unique": false, "Join Filter": "((t_s_secyear.customer_id = t_c_secyear.customer_id) AND (CASE WHEN (t_c_firstyear.year_total > '0'::numeric) THEN (t_c_secyear.year_total / t_c_firstyear.year_total) ELSE NULL::numeric END > CASE WHEN (t_s_firstyear.year_total > '0'::numeric) THEN (t_s_secyear.year_total / t_s_firstyear.year_total) ELSE NULL::numeric END))", "Rows Removed by Join Filter": 11876277, "Plans": [{"Node Type": "Nested Loop", "Parent Relationship": "Outer", "Parallel Aware": false, "Async Capable": false, "Join Type": "Inner", "Startup Cost": 0.0, "Total Cost": 542026.45, "Plan Rows": 1, "Plan Width": 812, "Actual Startup Time": 15192.988, "Actual Total Time": 1670358.853, "Actual Rows": 437, "Actual Loops": 1, "Inner Unique": false, "Join Filter": "(t_s_firstyear.customer_id = t_s_secyear.customer_id)", "Rows Removed by Join Filter": 44702488, "Plans": [{"Node Type": "Nested Loop", "Parent Relationship": "Outer", "Parallel Aware": false, "Async Capable": false, "Join Type": "Inner", "Startup Cost": 0.0, "Total Cost": 415981.42, "Plan Rows": 2, "Plan Width": 300, "Actual Startup Time": 5107.018, "Actual Total Time": 1640476.041, "Actual Rows": 1171, "Actual Loops": 1, "Inner Unique": false, "Join Filter": "(t_s_firstyear.customer_id = t_w_firstyear.customer_id)", "Rows Removed by Join Filter": 112695277, "Plans": [{"Node Type": "Nested Loop", "Parent Relationship": "Outer", "Parallel Aware": false, "Async Capable": false, "Join Type": "Inner", "Startup Cost": 0.0, "Total Cost": 277328.65, "Plan Rows": 9, "Plan Width": 200, "Actual Startup Time": 4053.639, "Actual Total Time": 1313869.631, "Actual Rows": 9952, "Actual Loops": 1, "Inner Unique": false, "Join Filter": "(t_s_firstyear.customer_id = t_c_firstyear.customer_id)", "Rows Removed by Join Filter": 997895870, "Plans": [{"Node Type": "CTE Scan", "Parent Relationship": "Outer", "Parallel Aware": false, "Async Capable": false, "CTE Name": "year_total", "Alias": "t_s_firstyear", "Startup Cost": 0.0, "Total Cost": 138644.69, "Plan Rows": 42, "Plan Width": 100, "Actual Startup Time": 652.801, "Actual Total Time": 729.651, "Actual Rows": 37923, "Actual Loops": 1, "Filter": "((year_total > '0'::numeric) AND (sale_type = 's'::text) AND (dyear = 2001))", "Rows Removed by Filter": 346285}, {"Node Type": "CTE Scan", "Parent Relationship": "Inner", "Parallel Aware": false, "Async Capable": false, "CTE Name": "year_total", "Alias": "t_c_firstyear", "Startup Cost": 0.0, "Total Cost": 138644.69, "Plan Rows": 42, "Plan Width": 100, "Actual Startup Time": 16.677, "Actual Total Time": 33.918, "Actual Rows": 26314, "Actual Loops": 37923, "Filter": "((year_total > '0'::numeric) AND (sale_type = 'c'::text) AND (dyear = 2001))", "Rows Removed by Filter": 357894}]}, {"Node Type": "CTE Scan", "Parent Relationship": "Inner", "Parallel Aware": false, "Async Capable": false, "CTE Name": "year_total", "Alias": "t_w_firstyear", "Startup Cost": 0.0, "Total Cost": 138644.69, "Plan Rows": 42, "Plan Width": 100, "Actual Startup Time": 27.537, "Actual Total Time": 32.524, "Actual Rows": 11324, "Actual Loops": 9952, "Filter": "((year_total > '0'::numeric) AND (sale_type = 'w'::text) AND (dyear = 2001))", "Rows Removed by Filter": 372884}]}, {"Node Type": "CTE Scan", "Parent Relationship": "Inner", "Parallel Aware": false, "Async Capable": false, "CTE Name": "year_total", "Alias": "t_s_secyear", "Startup Cost": 0.0, "Total Cost": 126040.62, "Plan Rows": 126, "Plan Width": 512, "Actual Startup Time": 0.001, "Actual Total Time": 24.487, "Actual Rows": 38175, "Actual Loops": 1171, "Filter": "((sale_type = 's'::text) AND (dyear = 2002))", "Rows Removed by Filter": 346033}]}, {"Node Type": "CTE Scan", "Parent Relationship": "Inner", "Parallel Aware": false, "Async Capable": false, "CTE Name": "year_total", "Alias": "t_c_secyear", "Startup Cost": 0.0, "Total Cost": 126040.62, "Plan Rows": 126, "Plan Width": 100, "Actual Startup Time": 11.465, "Actual Total Time": 24.051, "Actual Rows": 27177, "Actual Loops": 437, "Filter": "((sale_type = 'c'::text) AND (dyear = 2002))", "Rows Removed by Filter": 357031}]}, {"Node Type": "CTE Scan", "Parent Relationship": "Inner", "Parallel Aware": false, "Async Capable": false, "CTE Name": "year_total", "Alias": "t_w_secyear", "Startup Cost": 0.0, "Total Cost": 126040.62, "Plan Rows": 126, "Plan Width": 100, "Actual Startup Time": 19.757, "Actual Total Time": 23.596, "Actual Rows": 11252, "Actual Loops": 72, "Filter": "((sale_type = 'w'::text) AND (dyear = 2002))", "Rows Removed by Filter": 372956}]}]}]}, "Planning Time": 1.261, "Triggers": [], "Execution Time": 1682922.942}