{"Plan": {"Node Type": "Limit", "Parallel Aware": false, "Async Capable": false, "Startup Cost": 176333.62, "Total Cost": 176333.87, "Plan Rows": 100, "Plan Width": 160, "Actual Startup Time": 262.306, "Actual Total Time": 264.107, "Actual Rows": 100, "Actual Loops": 1, "Plans": [{"Node Type": "Sort", "Parent Relationship": "Outer", "Parallel Aware": false, "Async Capable": false, "Startup Cost": 176333.62, "Total Cost": 176334.62, "Plan Rows": 401, "Plan Width": 160, "Actual Startup Time": 262.304, "Actual Total Time": 264.101, "Actual Rows": 100, "Actual Loops": 1, "Sort Key": ["('store channel'::text) NULLS FIRST", "(concat('store', ssr.s_store_id)) NULLS FIRST"], "Sort Method": "top-N heapsort", "Sort Space Used": 46, "Sort Space Type": "Memory", "Plans": [{"Node Type": "Aggregate", "Strategy": "Mixed", "Partial Mode": "Simple", "Parent Relationship": "Outer", "Parallel Aware": false, "Async Capable": false, "Startup Cost": 74136.19, "Total Cost": 176318.29, "Plan Rows": 401, "Plan Width": 160, "Actual Startup Time": 261.548, "Actual Total Time": 263.561, "Actual Rows": 684, "Actual Loops": 1, "Grouping Sets": [{"Hash Keys": [["('store channel'::text)", "(concat('store', ssr.s_store_id))"]]}, {"Hash Keys": [["('store channel'::text)"]]}, {"Group Keys": [[]]}], "Planned Partitions": 0, "HashAgg Batches": 1, "Peak Memory Usage": 1105, "Disk Usage": 0, "Plans": [{"Node Type": "Append", "Parent Relationship": "Outer", "Parallel Aware": false, "Async Capable": false, "Startup Cost": 74136.19, "Total Cost": 176300.05, "Plan Rows": 374, "Plan Width": 160, "Actual Startup Time": 103.904, "Actual Total Time": 262.928, "Actual Rows": 680, "Actual Loops": 1, "Subplans Removed": 0, "Plans": [{"Node Type": "Subquery Scan", "Parent Relationship": "Member", "Parallel Aware": false, "Async Capable": false, "Alias": "ssr", "Startup Cost": 74136.19, "Total Cost": 74153.59, "Plan Rows": 40, "Plan Width": 160, "Actual Startup Time": 103.903, "Actual Total Time": 108.052, "Actual Rows": 6, "Actual Loops": 1, "Plans": [{"Node Type": "Aggregate", "Strategy": "Sorted", "Partial Mode": "Simple", "Parent Relationship": "Subquery", "Parallel Aware": false, "Async Capable": false, "Startup Cost": 74136.19, "Total Cost": 74152.99, "Plan Rows": 40, "Plan Width": 196, "Actual Startup Time": 103.898, "Actual Total Time": 108.043, "Actual Rows": 6, "Actual Loops": 1, "Group Key": ["store.s_store_id"], "Plans": [{"Node Type": "Gather Merge", "Parent Relationship": "Outer", "Parallel Aware": false, "Async Capable": false, "Startup Cost": 74136.19, "Total Cost": 74150.68, "Plan Rows": 121, "Plan Width": 108, "Actual Startup Time": 103.095, "Actual Total Time": 105.208, "Actual Rows": 30792, "Actual Loops": 1, "Workers Planned": 4, "Workers Launched": 4, "Plans": [{"Node Type": "Sort", "Parent Relationship": "Outer", "Parallel Aware": false, "Async Capable": false, "Startup Cost": 73136.13, "Total Cost": 73136.21, "Plan Rows": 30, "Plan Width": 108, "Actual Startup Time": 101.338, "Actual Total Time": 101.494, "Actual Rows": 6158, "Actual Loops": 5, "Sort Key": ["store.s_store_id"], "Sort Method": "quicksort", "Sort Space Used": 551, "Sort Space Type": "Memory", "Workers": [{"Worker Number": 0, "Sort Method": "quicksort", "Sort Space Used": 557, "Sort Space Type": "Memory"}, {"Worker Number": 1, "Sort Method": "quicksort", "Sort Space Used": 556, "Sort Space Type": "Memory"}, {"Worker Number": 2, "Sort Method": "quicksort", "Sort Space Used": 619, "Sort Space Type": "Memory"}, {"Worker Number": 3, "Sort Method": "quicksort", "Sort Space Used": 598, "Sort Space Type": "Memory"}], "Plans": [{"Node Type": "Hash Join", "Parent Relationship": "Outer", "Parallel Aware": false, "Async Capable": false, "Join Type": "Inner", "Startup Cost": 2079.55, "Total Cost": 73135.4, "Plan Rows": 30, "Plan Width": 108, "Actual Startup Time": 1.097, "Actual Total Time": 100.562, "Actual Rows": 6158, "Actual Loops": 5, "Inner Unique": true, "Hash Cond": "(store_sales.ss_store_sk = store.s_store_sk)", "Workers": [], "Plans": [{"Node Type": "Hash Join", "Parent Relationship": "Outer", "Parallel Aware": true, "Async Capable": false, "Join Type": "Inner", "Startup Cost": 2068.65, "Total Cost": 73124.09, "Plan Rows": 152, "Plan Width": 44, "Actual Startup Time": 1.066, "Actual Total Time": 100.121, "Actual Rows": 6298, "Actual Loops": 5, "Inner Unique": true, "Hash Cond": "(store_sales.ss_sold_date_sk = date_dim.d_date_sk)", "Workers": [], "Plans": [{"Node Type": "Append", "Parent Relationship": "Outer", "Parallel Aware": true, "Async Capable": false, "Startup Cost": 0.0, "Total Cost": 68976.15, "Plan Rows": 792064, "Plan Width": 48, "Actual Startup Time": 0.014, "Actual Total Time": 82.349, "Actual Rows": 633584, "Actual Loops": 5, "Workers": [], "Subplans Removed": 0, "Plans": [{"Node Type": "Seq Scan", "Parent Relationship": "Member", "Parallel Aware": true, "Async Capable": false, "Relation Name": "store_sales", "Alias": "store_sales", "Startup Cost": 0.0, "Total Cost": 58993.85, "Plan Rows": 720185, "Plan Width": 48, "Actual Startup Time": 0.007, "Actual Total Time": 52.96, "Actual Rows": 576081, "Actual Loops": 5, "Workers": []}, {"Node Type": "Seq Scan", "Parent Relationship": "Member", "Parallel Aware": true, "Async Capable": false, "Relation Name": "store_returns", "Alias": "store_returns", "Startup Cost": 0.0, "Total Cost": 6021.98, "Plan Rows": 119798, "Plan Width": 48, "Actual Startup Time": 0.014, "Actual Total Time": 10.158, "Actual Rows": 95838, "Actual Loops": 3, "Workers": []}]}, {"Node Type": "Hash", "Parent Relationship": "Inner", "Parallel Aware": true, "Async Capable": false, "Startup Cost": 2068.55, "Total Cost": 2068.55, "Plan Rows": 8, "Plan Width": 4, "Actual Startup Time": 0.907, "Actual Total Time": 0.907, "Actual Rows": 3, "Actual Loops": 5, "Hash Buckets": 1024, "Original Hash Buckets": 1024, "Hash Batches": 1, "Original Hash Batches": 1, "Peak Memory Usage": 72, "Workers": [], "Plans": [{"Node Type": "Seq Scan", "Parent Relationship": "Outer", "Parallel Aware": true, "Async Capable": false, "Relation Name": "date_dim", "Alias": "date_dim", "Startup Cost": 0.0, "Total Cost": 2068.55, "Plan Rows": 8, "Plan Width": 4, "Actual Startup Time": 0.686, "Actual Total Time": 0.886, "Actual Rows": 3, "Actual Loops": 5, "Filter": "((d_date >= '2000-08-23'::date) AND (d_date <= '2000-09-06'::date))", "Rows Removed by Filter": 14607, "Workers": []}]}]}, {"Node Type": "Hash", "Parent Relationship": "Inner", "Parallel Aware": false, "Async Capable": false, "Startup Cost": 10.4, "Total Cost": 10.4, "Plan Rows": 40, "Plan Width": 72, "Actual Startup Time": 0.008, "Actual Total Time": 0.008, "Actual Rows": 12, "Actual Loops": 5, "Hash Buckets": 1024, "Original Hash Buckets": 1024, "Hash Batches": 1, "Original Hash Batches": 1, "Peak Memory Usage": 9, "Workers": [], "Plans": [{"Node Type": "Seq Scan", "Parent Relationship": "Outer", "Parallel Aware": false, "Async Capable": false, "Relation Name": "store", "Alias": "store", "Startup Cost": 0.0, "Total Cost": 10.4, "Plan Rows": 40, "Plan Width": 72, "Actual Startup Time": 0.003, "Actual Total Time": 0.005, "Actual Rows": 12, "Actual Loops": 5, "Workers": []}]}]}]}]}]}]}, {"Node Type": "Subquery Scan", "Parent Relationship": "Member", "Parallel Aware": false, "Async Capable": false, "Alias": "csr", "Startup Cost": 50911.88, "Total Cost": 50962.71, "Plan Rows": 304, "Plan Width": 160, "Actual Startup Time": 80.622, "Actual Total Time": 83.959, "Actual Rows": 659, "Actual Loops": 1, "Plans": [{"Node Type": "Aggregate", "Strategy": "Sorted", "Partial Mode": "Simple", "Parent Relationship": "Subquery", "Parallel Aware": false, "Async Capable": false, "Startup Cost": 50911.88, "Total Cost": 50958.15, "Plan Rows": 304, "Plan Width": 145, "Actual Startup Time": 80.617, "Actual Total Time": 83.867, "Actual Rows": 659, "Actual Loops": 1, "Group Key": ["catalog_page.cp_catalog_page_id"], "Plans": [{"Node Type": "Gather Merge", "Parent Relationship": "Outer", "Parallel Aware": false, "Async Capable": false, "Startup Cost": 50911.88, "Total Cost": 50948.27, "Plan Rows": 304, "Plan Width": 57, "Actual Startup Time": 80.591, "Actual Total Time": 82.199, "Actual Rows": 16003, "Actual Loops": 1, "Workers Planned": 4, "Workers Launched": 3, "Plans": [{"Node Type": "Sort", "Parent Relationship": "Outer", "Parallel Aware": false, "Async Capable": false, "Startup Cost": 49911.82, "Total Cost": 49912.01, "Plan Rows": 76, "Plan Width": 57, "Actual Startup Time": 78.573, "Actual Total Time": 78.684, "Actual Rows": 4001, "Actual Loops": 4, "Sort Key": ["catalog_page.cp_catalog_page_id"], "Sort Method": "quicksort", "Sort Space Used": 349, "Sort Space Type": "Memory", "Workers": [{"Worker Number": 0, "Sort Method": "quicksort", "Sort Space Used": 326, "Sort Space Type": "Memory"}, {"Worker Number": 1, "Sort Method": "quicksort", "Sort Space Used": 481, "Sort Space Type": "Memory"}, {"Worker Number": 2, "Sort Method": "quicksort", "Sort Space Used": 326, "Sort Space Type": "Memory"}], "Plans": [{"Node Type": "Nested Loop", "Parent Relationship": "Outer", "Parallel Aware": false, "Async Capable": false, "Join Type": "Inner", "Startup Cost": 2068.93, "Total Cost": 49909.44, "Plan Rows": 76, "Plan Width": 57, "Actual Startup Time": 23.162, "Actual Total Time": 76.345, "Actual Rows": 4001, "Actual Loops": 4, "Inner Unique": true, "Workers": [], "Plans": [{"Node Type": "Hash Join", "Parent Relationship": "Outer", "Parallel Aware": true, "Async Capable": false, "Join Type": "Inner", "Startup Cost": 2068.65, "Total Cost": 49886.4, "Plan Rows": 76, "Plan Width": 44, "Actual Startup Time": 23.136, "Actual Total Time": 74.13, "Actual Rows": 4011, "Actual Loops": 4, "Inner Unique": true, "Hash Cond": "(catalog_sales.cs_sold_date_sk = date_dim_1.d_date_sk)", "Workers": [], "Plans": [{"Node Type": "Append", "Parent Relationship": "Outer", "Parallel Aware": true, "Async Capable": false, "Startup Cost": 0.0, "Total Cost": 46777.17, "Plan Rows": 396392, "Plan Width": 48, "Actual Startup Time": 0.012, "Actual Total Time": 62.389, "Actual Rows": 396404, "Actual Loops": 4, "Workers": [], "Subplans Removed": 0, "Plans": [{"Node Type": "Seq Scan", "Parent Relationship": "Member", "Parallel Aware": true, "Async Capable": false, "Relation Name": "catalog_sales", "Alias": "catalog_sales", "Startup Cost": 0.0, "Total Cost": 41051.75, "Plan Rows": 360375, "Plan Width": 48, "Actual Startup Time": 0.005, "Actual Total Time": 43.334, "Actual Rows": 360387, "Actual Loops": 4, "Workers": []}, {"Node Type": "Seq Scan", "Parent Relationship": "Member", "Parallel Aware": true, "Async Capable": false, "Relation Name": "catalog_returns", "Alias": "catalog_returns", "Startup Cost": 0.0, "Total Cost": 3743.45, "Plan Rows": 84745, "Plan Width": 48, "Actual Startup Time": 0.019, "Actual Total Time": 8.81, "Actual Rows": 72034, "Actual Loops": 2, "Workers": []}]}, {"Node Type": "Hash", "Parent Relationship": "Inner", "Parallel Aware": true, "Async Capable": false, "Startup Cost": 2068.55, "Total Cost": 2068.55, "Plan Rows": 8, "Plan Width": 4, "Actual Startup Time": 0.982, "Actual Total Time": 0.983, "Actual Rows": 4, "Actual Loops": 4, "Hash Buckets": 1024, "Original Hash Buckets": 1024, "Hash Batches": 1, "Original Hash Batches": 1, "Peak Memory Usage": 72, "Workers": [], "Plans": [{"Node Type": "Seq Scan", "Parent Relationship": "Outer", "Parallel Aware": true, "Async Capable": false, "Relation Name": "date_dim", "Alias": "date_dim_1", "Startup Cost": 0.0, "Total Cost": 2068.55, "Plan Rows": 8, "Plan Width": 4, "Actual Startup Time": 0.69, "Actual Total Time": 0.966, "Actual Rows": 4, "Actual Loops": 4, "Filter": "((d_date >= '2000-08-23'::date) AND (d_date <= '2000-09-06'::date))", "Rows Removed by Filter": 18258, "Workers": []}]}]}, {"Node Type": "Index Scan", "Parent Relationship": "Inner", "Parallel Aware": false, "Async Capable": false, "Scan Direction": "Forward", "Index Name": "catalog_page_pkey", "Relation Name": "catalog_page", "Alias": "catalog_page", "Startup Cost": 0.29, "Total Cost": 0.3, "Plan Rows": 1, "Plan Width": 21, "Actual Startup Time": 0.0, "Actual Total Time": 0.0, "Actual Rows": 1, "Actual Loops": 16045, "Index Cond": "(cp_catalog_page_sk = catalog_sales.cs_catalog_page_sk)", "Rows Removed by Index Recheck": 0, "Workers": []}]}]}]}]}]}, {"Node Type": "Subquery Scan", "Parent Relationship": "Member", "Parallel Aware": false, "Async Capable": false, "Alias": "wsr", "Startup Cost": 51176.9, "Total Cost": 51181.88, "Plan Rows": 30, "Plan Width": 160, "Actual Startup Time": 68.031, "Actual Total Time": 70.888, "Actual Rows": 15, "Actual Loops": 1, "Plans": [{"Node Type": "Aggregate", "Strategy": "Sorted", "Partial Mode": "Simple", "Parent Relationship": "Subquery", "Parallel Aware": false, "Async Capable": false, "Startup Cost": 51176.9, "Total Cost": 51181.43, "Plan Rows": 30, "Plan Width": 196, "Actual Startup Time": 68.024, "Actual Total Time": 70.877, "Actual Rows": 15, "Actual Loops": 1, "Group Key": ["web_site.web_site_id"], "Plans": [{"Node Type": "Gather Merge", "Parent Relationship": "Outer", "Parallel Aware": false, "Async Capable": false, "Startup Cost": 51176.9, "Total Cost": 51180.45, "Plan Rows": 30, "Plan Width": 108, "Actual Startup Time": 67.836, "Actual Total Time": 70.063, "Actual Rows": 8400, "Actual Loops": 1, "Workers Planned": 3, "Workers Launched": 3, "Plans": [{"Node Type": "Sort", "Parent Relationship": "Outer", "Parallel Aware": false, "Async Capable": false, "Startup Cost": 50176.86, "Total Cost": 50176.89, "Plan Rows": 10, "Plan Width": 108, "Actual Startup Time": 65.069, "Actual Total Time": 65.155, "Actual Rows": 2100, "Actual Loops": 4, "Sort Key": ["web_site.web_site_id"], "Sort Method": "quicksort", "Sort Space Used": 341, "Sort Space Type": "Memory", "Workers": [{"Worker Number": 0, "Sort Method": "quicksort", "Sort Space Used": 41, "Sort Space Type": "Memory"}, {"Worker Number": 1, "Sort Method": "quicksort", "Sort Space Used": 42, "Sort Space Type": "Memory"}, {"Worker Number": 2, "Sort Method": "quicksort", "Sort Space Used": 343, "Sort Space Type": "Memory"}], "Plans": [{"Node Type": "Nested Loop", "Parent Relationship": "Outer", "Parallel Aware": false, "Async Capable": false, "Join Type": "Inner", "Startup Cost": 2068.79, "Total Cost": 50176.7, "Plan Rows": 10, "Plan Width": 108, "Actual Startup Time": 5.957, "Actual Total Time": 64.567, "Actual Rows": 2100, "Actual Loops": 4, "Inner Unique": true, "Workers": [], "Plans": [{"Node Type": "Hash Join", "Parent Relationship": "Outer", "Parallel Aware": true, "Async Capable": false, "Join Type": "Inner", "Startup Cost": 2068.65, "Total Cost": 50168.98, "Plan Rows": 49, "Plan Width": 44, "Actual Startup Time": 5.935, "Actual Total Time": 63.773, "Actual Rows": 2100, "Actual Loops": 4, "Inner Unique": true, "Hash Cond": "(\"*SELECT* 2\".date_sk = date_dim_2.d_date_sk)", "Workers": [], "Plans": [{"Node Type": "Append", "Parent Relationship": "Outer", "Parallel Aware": true, "Async Capable": false, "Startup Cost": 0.0, "Total Cost": 47430.37, "Plan Rows": 255208, "Plan Width": 48, "Actual Startup Time": 3.963, "Actual Total Time": 56.689, "Actual Rows": 197787, "Actual Loops": 4, "Workers": [], "Subplans Removed": 0, "Plans": [{"Node Type": "Subquery Scan", "Parent Relationship": "Member", "Parallel Aware": false, "Async Capable": false, "Alias": "*SELECT* 2", "Startup Cost": 2415.35, "Total Cost": 25009.74, "Plan Rows": 23149, "Plan Width": 48, "Actual Startup Time": 3.976, "Actual Total Time": 30.75, "Actual Rows": 17941, "Actual Loops": 4, "Workers": [], "Plans": [{"Node Type": "Hash Join", "Parent Relationship": "Subquery", "Parallel Aware": true, "Async Capable": false, "Join Type": "Right", "Startup Cost": 2415.35, "Total Cost": 24778.25, "Plan Rows": 23149, "Plan Width": 48, "Actual Startup Time": 3.975, "Actual Total Time": 30.008, "Actual Rows": 17941, "Actual Loops": 4, "Inner Unique": true, "Hash Cond": "((web_sales_1.ws_item_sk = web_returns.wr_item_sk) AND (web_sales_1.ws_order_number = web_returns.wr_order_number))", "Workers": [], "Plans": [{"Node Type": "Seq Scan", "Parent Relationship": "Outer", "Parallel Aware": true, "Async Capable": false, "Relation Name": "web_sales", "Alias": "web_sales_1", "Startup Cost": 0.0, "Total Cost": 21144.59, "Plan Rows": 232059, "Plan Width": 12, "Actual Startup Time": 0.004, "Actual Total Time": 16.2, "Actual Rows": 359692, "Actual Loops": 2, "Workers": []}, {"Node Type": "Hash", "Parent Relationship": "Inner", "Parallel Aware": true, "Async Capable": false, "Startup Cost": 1782.14, "Total Cost": 1782.14, "Plan Rows": 42214, "Plan Width": 24, "Actual Startup Time": 3.852, "Actual Total Time": 3.853, "Actual Rows": 17941, "Actual Loops": 4, "Hash Buckets": 131072, "Original Hash Buckets": 131072, "Hash Batches": 1, "Original Hash Batches": 1, "Peak Memory Usage": 5440, "Workers": [], "Plans": [{"Node Type": "Seq Scan", "Parent Relationship": "Outer", "Parallel Aware": true, "Async Capable": false, "Relation Name": "web_returns", "Alias": "web_returns", "Startup Cost": 0.0, "Total Cost": 1782.14, "Plan Rows": 42214, "Plan Width": 24, "Actual Startup Time": 0.021, "Actual Total Time": 4.217, "Actual Rows": 35882, "Actual Loops": 2, "Workers": []}]}]}]}, {"Node Type": "Seq Scan", "Parent Relationship": "Member", "Parallel Aware": true, "Async Capable": false, "Relation Name": "web_sales", "Alias": "web_sales", "Startup Cost": 0.0, "Total Cost": 21144.59, "Plan Rows": 232059, "Plan Width": 48, "Actual Startup Time": 0.007, "Actual Total Time": 37.222, "Actual Rows": 359692, "Actual Loops": 2, "Workers": []}]}, {"Node Type": "Hash", "Parent Relationship": "Inner", "Parallel Aware": true, "Async Capable": false, "Startup Cost": 2068.55, "Total Cost": 2068.55, "Plan Rows": 8, "Plan Width": 4, "Actual Startup Time": 0.998, "Actual Total Time": 0.999, "Actual Rows": 4, "Actual Loops": 4, "Hash Buckets": 1024, "Original Hash Buckets": 1024, "Hash Batches": 1, "Original Hash Batches": 1, "Peak Memory Usage": 40, "Workers": [], "Plans": [{"Node Type": "Seq Scan", "Parent Relationship": "Outer", "Parallel Aware": true, "Async Capable": false, "Relation Name": "date_dim", "Alias": "date_dim_2", "Startup Cost": 0.0, "Total Cost": 2068.55, "Plan Rows": 8, "Plan Width": 4, "Actual Startup Time": 0.792, "Actual Total Time": 0.977, "Actual Rows": 4, "Actual Loops": 4, "Filter": "((d_date >= '2000-08-23'::date) AND (d_date <= '2000-09-06'::date))", "Rows Removed by Filter": 18258, "Workers": []}]}]}, {"Node Type": "Index Scan", "Parent Relationship": "Inner", "Parallel Aware": false, "Async Capable": false, "Scan Direction": "Forward", "Index Name": "web_site_pkey", "Relation Name": "web_site", "Alias": "web_site", "Startup Cost": 0.14, "Total Cost": 0.16, "Plan Rows": 1, "Plan Width": 72, "Actual Startup Time": 0.0, "Actual Total Time": 0.0, "Actual Rows": 1, "Actual Loops": 8402, "Index Cond": "(web_site_sk = \"*SELECT* 2\".wsr_web_site_sk)", "Rows Removed by Index Recheck": 0, "Workers": []}]}]}]}]}]}]}]}]}]}, "Planning Time": 1.068, "Triggers": [], "Execution Time": 264.323}