{"Plan": {"Node Type": "Limit", "Parallel Aware": false, "Async Capable": false, "Startup Cost": 1857565.2, "Total Cost": 1857565.24, "Plan Rows": 17, "Plan Width": 11, "Actual Startup Time": 39753.173, "Actual Total Time": 39753.306, "Actual Rows": 41, "Actual Loops": 1, "Plans": [{"Node Type": "Unique", "Parent Relationship": "InitPlan", "Subplan Name": "InitPlan 1 (returns $0)", "Parallel Aware": false, "Async Capable": false, "Startup Cost": 2520.41, "Total Cost": 2520.55, "Plan Rows": 28, "Plan Width": 4, "Actual Startup Time": 4.327, "Actual Total Time": 4.331, "Actual Rows": 1, "Actual Loops": 1, "Plans": [{"Node Type": "Sort", "Parent Relationship": "Outer", "Parallel Aware": false, "Async Capable": false, "Startup Cost": 2520.41, "Total Cost": 2520.48, "Plan Rows": 28, "Plan Width": 4, "Actual Startup Time": 4.327, "Actual Total Time": 4.328, "Actual Rows": 29, "Actual Loops": 1, "Sort Key": ["date_dim.d_month_seq"], "Sort Method": "quicksort", "Sort Space Used": 25, "Sort Space Type": "Memory", "Plans": [{"Node Type": "Seq Scan", "Parent Relationship": "Outer", "Parallel Aware": false, "Async Capable": false, "Relation Name": "date_dim", "Alias": "date_dim", "Startup Cost": 0.0, "Total Cost": 2519.73, "Plan Rows": 28, "Plan Width": 4, "Actual Startup Time": 2.236, "Actual Total Time": 4.317, "Actual Rows": 29, "Actual Loops": 1, "Filter": "((d_year = 2000) AND (d_moy = 2))", "Rows Removed by Filter": 73020}]}]}, {"Node Type": "Sort", "Parent Relationship": "Outer", "Parallel Aware": false, "Async Capable": false, "Startup Cost": 1855044.65, "Total Cost": 1855044.69, "Plan Rows": 17, "Plan Width": 11, "Actual Startup Time": 39753.172, "Actual Total Time": 39753.302, "Actual Rows": 41, "Actual Loops": 1, "Sort Key": ["(count(*))", "a.ca_state"], "Sort Method": "quicksort", "Sort Space Used": 26, "Sort Space Type": "Memory", "Plans": [{"Node Type": "Aggregate", "Strategy": "Sorted", "Partial Mode": "Simple", "Parent Relationship": "Outer", "Parallel Aware": false, "Async Capable": false, "Startup Cost": 64057.45, "Total Cost": 1855044.3, "Plan Rows": 17, "Plan Width": 11, "Actual Startup Time": 450.798, "Actual Total Time": 39753.277, "Actual Rows": 41, "Actual Loops": 1, "Group Key": ["a.ca_state"], "Filter": "(count(*) >= 10)", "Rows Removed by Filter": 10, "Plans": [{"Node Type": "Nested Loop", "Parent Relationship": "Outer", "Parallel Aware": false, "Async Capable": false, "Join Type": "Inner", "Startup Cost": 64057.45, "Total Cost": 1855041.7, "Plan Rows": 394, "Plan Width": 3, "Actual Startup Time": 77.468, "Actual Total Time": 39752.923, "Actual Rows": 2512, "Actual Loops": 1, "Inner Unique": true, "Plans": [{"Node Type": "Gather Merge", "Parent Relationship": "Outer", "Parallel Aware": false, "Async Capable": false, "Startup Cost": 64057.16, "Total Cost": 64198.81, "Plan Rows": 1183, "Plan Width": 7, "Actual Startup Time": 62.27, "Actual Total Time": 66.096, "Actual Rows": 24805, "Actual Loops": 1, "Workers Planned": 4, "Params Evaluated": ["$0"], "Workers Launched": 4, "Plans": [{"Node Type": "Sort", "Parent Relationship": "Outer", "Parallel Aware": false, "Async Capable": false, "Startup Cost": 63057.11, "Total Cost": 63057.85, "Plan Rows": 296, "Plan Width": 7, "Actual Startup Time": 56.048, "Actual Total Time": 56.332, "Actual Rows": 4961, "Actual Loops": 5, "Sort Key": ["a.ca_state"], "Sort Method": "quicksort", "Sort Space Used": 355, "Sort Space Type": "Memory", "Workers": [{"Worker Number": 0, "Sort Method": "quicksort", "Sort Space Used": 341, "Sort Space Type": "Memory"}, {"Worker Number": 1, "Sort Method": "quicksort", "Sort Space Used": 348, "Sort Space Type": "Memory"}, {"Worker Number": 2, "Sort Method": "quicksort", "Sort Space Used": 346, "Sort Space Type": "Memory"}, {"Worker Number": 3, "Sort Method": "quicksort", "Sort Space Used": 348, "Sort Space Type": "Memory"}], "Plans": [{"Node Type": "Nested Loop", "Parent Relationship": "Outer", "Parallel Aware": false, "Async Capable": false, "Join Type": "Inner", "Startup Cost": 1961.93, "Total Cost": 63044.96, "Plan Rows": 296, "Plan Width": 7, "Actual Startup Time": 0.899, "Actual Total Time": 55.4, "Actual Rows": 4961, "Actual Loops": 5, "Inner Unique": true, "Workers": [], "Plans": [{"Node Type": "Nested Loop", "Parent Relationship": "Outer", "Parallel Aware": false, "Async Capable": false, "Join Type": "Inner", "Startup Cost": 1961.64, "Total Cost": 62938.84, "Plan Rows": 296, "Plan Width": 8, "Actual Startup Time": 0.88, "Actual Total Time": 52.125, "Actual Rows": 4961, "Actual Loops": 5, "Inner Unique": true, "Workers": [], "Plans": [{"Node Type": "Hash Join", "Parent Relationship": "Outer", "Parallel Aware": true, "Async Capable": false, "Join Type": "Inner", "Startup Cost": 1961.35, "Total Cost": 62845.79, "Plan Rows": 296, "Plan Width": 8, "Actual Startup Time": 0.857, "Actual Total Time": 48.6, "Actual Rows": 5088, "Actual Loops": 5, "Inner Unique": true, "Hash Cond": "(s.ss_sold_date_sk = d.d_date_sk)", "Workers": [], "Plans": [{"Node Type": "Seq Scan", "Parent Relationship": "Outer", "Parallel Aware": true, "Async Capable": false, "Relation Name": "store_sales", "Alias": "s", "Startup Cost": 0.0, "Total Cost": 58993.85, "Plan Rows": 720185, "Plan Width": 12, "Actual Startup Time": 0.006, "Actual Total Time": 24.79, "Actual Rows": 576081, "Actual Loops": 5, "Workers": []}, {"Node Type": "Hash", "Parent Relationship": "Inner", "Parallel Aware": true, "Async Capable": false, "Startup Cost": 1961.12, "Total Cost": 1961.12, "Plan Rows": 18, "Plan Width": 4, "Actual Startup Time": 0.695, "Actual Total Time": 0.696, "Actual Rows": 6, "Actual Loops": 5, "Hash Buckets": 1024, "Original Hash Buckets": 1024, "Hash Batches": 1, "Original Hash Batches": 1, "Peak Memory Usage": 40, "Workers": [], "Plans": [{"Node Type": "Seq Scan", "Parent Relationship": "Outer", "Parallel Aware": true, "Async Capable": false, "Relation Name": "date_dim", "Alias": "d", "Startup Cost": 0.0, "Total Cost": 1961.12, "Plan Rows": 18, "Plan Width": 4, "Actual Startup Time": 0.728, "Actual Total Time": 0.859, "Actual Rows": 7, "Actual Loops": 4, "Filter": "(d_month_seq = $0)", "Rows Removed by Filter": 18255, "Workers": []}]}]}, {"Node Type": "Index Scan", "Parent Relationship": "Inner", "Parallel Aware": false, "Async Capable": false, "Scan Direction": "Forward", "Index Name": "customer_pkey", "Relation Name": "customer", "Alias": "c", "Startup Cost": 0.29, "Total Cost": 0.31, "Plan Rows": 1, "Plan Width": 8, "Actual Startup Time": 0.001, "Actual Total Time": 0.001, "Actual Rows": 1, "Actual Loops": 25439, "Index Cond": "(c_customer_sk = s.ss_customer_sk)", "Rows Removed by Index Recheck": 0, "Workers": []}]}, {"Node Type": "Index Scan", "Parent Relationship": "Inner", "Parallel Aware": false, "Async Capable": false, "Scan Direction": "Forward", "Index Name": "customer_address_pkey", "Relation Name": "customer_address", "Alias": "a", "Startup Cost": 0.29, "Total Cost": 0.36, "Plan Rows": 1, "Plan Width": 7, "Actual Startup Time": 0.001, "Actual Total Time": 0.001, "Actual Rows": 1, "Actual Loops": 24805, "Index Cond": "(ca_address_sk = c.c_current_addr_sk)", "Rows Removed by Index Recheck": 0, "Workers": []}]}]}]}, {"Node Type": "Index Scan", "Parent Relationship": "Inner", "Parallel Aware": false, "Async Capable": false, "Scan Direction": "Forward", "Index Name": "item_pkey", "Relation Name": "item", "Alias": "i", "Startup Cost": 0.29, "Total Cost": 1513.81, "Plan Rows": 1, "Plan Width": 4, "Actual Startup Time": 1.6, "Actual Total Time": 1.6, "Actual Rows": 0, "Actual Loops": 24805, "Index Cond": "(i_item_sk = s.ss_item_sk)", "Rows Removed by Index Recheck": 0, "Filter": "(i_current_price > (1.2 * (SubPlan 2)))", "Rows Removed by Filter": 1, "Plans": [{"Node Type": "Aggregate", "Strategy": "Plain", "Partial Mode": "Simple", "Parent Relationship": "SubPlan", "Subplan Name": "SubPlan 2", "Parallel Aware": false, "Async Capable": false, "Startup Cost": 1513.49, "Total Cost": 1513.5, "Plan Rows": 1, "Plan Width": 32, "Actual Startup Time": 1.599, "Actual Total Time": 1.599, "Actual Rows": 1, "Actual Loops": 24805, "Plans": [{"Node Type": "Seq Scan", "Parent Relationship": "Outer", "Parallel Aware": false, "Async Capable": false, "Relation Name": "item", "Alias": "j", "Startup Cost": 0.0, "Total Cost": 1509.0, "Plan Rows": 1796, "Plan Width": 6, "Actual Startup Time": 0.004, "Actual Total Time": 1.531, "Actual Rows": 1791, "Actual Loops": 24805, "Filter": "(i_category = i.i_category)", "Rows Removed by Filter": 16209}]}]}]}]}]}]}, "Planning Time": 0.659, "Triggers": [], "Execution Time": 39753.406}