{"Plan": {"Node Type": "Limit", "Parallel Aware": false, "Async Capable": false, "Startup Cost": 74513.16, "Total Cost": 74540.58, "Plan Rows": 40, "Plan Width": 150, "Actual Startup Time": 84.332, "Actual Total Time": 88.08, "Actual Rows": 5, "Actual Loops": 1, "Plans": [{"Node Type": "Aggregate", "Strategy": "Sorted", "Partial Mode": "Simple", "Parent Relationship": "Outer", "Parallel Aware": false, "Async Capable": false, "Startup Cost": 74513.16, "Total Cost": 74540.58, "Plan Rows": 40, "Plan Width": 150, "Actual Startup Time": 84.33, "Actual Total Time": 88.078, "Actual Rows": 5, "Actual Loops": 1, "Group Key": ["store.s_store_name"], "Plans": [{"Node Type": "Sort", "Parent Relationship": "Outer", "Parallel Aware": false, "Async Capable": false, "Startup Cost": 74513.16, "Total Cost": 74522.14, "Plan Rows": 3589, "Plan Width": 124, "Actual Startup Time": 83.457, "Actual Total Time": 84.946, "Actual Rows": 63827, "Actual Loops": 1, "Sort Key": ["store.s_store_name"], "Sort Method": "quicksort", "Sort Space Used": 4024, "Sort Space Type": "Memory", "Plans": [{"Node Type": "Hash Join", "Parent Relationship": "Outer", "Parallel Aware": false, "Async Capable": false, "Join Type": "Inner", "Startup Cost": 13010.14, "Total Cost": 74301.24, "Plan Rows": 3589, "Plan Width": 124, "Actual Startup Time": 34.331, "Actual Total Time": 79.061, "Actual Rows": 63827, "Actual Loops": 1, "Inner Unique": false, "Hash Cond": "(store_sales.ss_store_sk = store.s_store_sk)", "Plans": [{"Node Type": "Gather", "Parent Relationship": "Outer", "Parallel Aware": false, "Async Capable": false, "Startup Cost": 3069.23, "Total Cost": 64312.56, "Plan Rows": 3589, "Plan Width": 10, "Actual Startup Time": 2.662, "Actual Total Time": 42.617, "Actual Rows": 78999, "Actual Loops": 1, "Workers Planned": 4, "Workers Launched": 4, "Single Copy": false, "Plans": [{"Node Type": "Hash Join", "Parent Relationship": "Outer", "Parallel Aware": true, "Async Capable": false, "Join Type": "Inner", "Startup Cost": 2069.23, "Total Cost": 62953.66, "Plan Rows": 897, "Plan Width": 10, "Actual Startup Time": 1.13, "Actual Total Time": 49.819, "Actual Rows": 15800, "Actual Loops": 5, "Inner Unique": true, "Hash Cond": "(store_sales.ss_sold_date_sk = date_dim.d_date_sk)", "Workers": [], "Plans": [{"Node Type": "Seq Scan", "Parent Relationship": "Outer", "Parallel Aware": true, "Async Capable": false, "Relation Name": "store_sales", "Alias": "store_sales", "Startup Cost": 0.0, "Total Cost": 58993.85, "Plan Rows": 720185, "Plan Width": 14, "Actual Startup Time": 0.007, "Actual Total Time": 24.824, "Actual Rows": 576081, "Actual Loops": 5, "Workers": []}, {"Node Type": "Hash", "Parent Relationship": "Inner", "Parallel Aware": true, "Async Capable": false, "Startup Cost": 2068.55, "Total Cost": 2068.55, "Plan Rows": 54, "Plan Width": 4, "Actual Startup Time": 1.007, "Actual Total Time": 1.008, "Actual Rows": 18, "Actual Loops": 5, "Hash Buckets": 1024, "Original Hash Buckets": 1024, "Hash Batches": 1, "Original Hash Batches": 1, "Peak Memory Usage": 72, "Workers": [], "Plans": [{"Node Type": "Seq Scan", "Parent Relationship": "Outer", "Parallel Aware": true, "Async Capable": false, "Relation Name": "date_dim", "Alias": "date_dim", "Startup Cost": 0.0, "Total Cost": 2068.55, "Plan Rows": 54, "Plan Width": 4, "Actual Startup Time": 0.77, "Actual Total Time": 0.988, "Actual Rows": 18, "Actual Loops": 5, "Filter": "((d_qoy = 2) AND (d_year = 1998))", "Rows Removed by Filter": 14592, "Workers": []}]}]}]}, {"Node Type": "Hash", "Parent Relationship": "Inner", "Parallel Aware": false, "Async Capable": false, "Startup Cost": 9940.41, "Total Cost": 9940.41, "Plan Rows": 40, "Plan Width": 122, "Actual Startup Time": 31.661, "Actual Total Time": 31.667, "Actual Rows": 10, "Actual Loops": 1, "Hash Buckets": 1024, "Original Hash Buckets": 1024, "Hash Batches": 1, "Original Hash Batches": 1, "Peak Memory Usage": 9, "Plans": [{"Node Type": "Hash Join", "Parent Relationship": "Outer", "Parallel Aware": false, "Async Capable": false, "Join Type": "Inner", "Startup Cost": 6754.02, "Total Cost": 9940.41, "Plan Rows": 40, "Plan Width": 122, "Actual Startup Time": 31.652, "Actual Total Time": 31.663, "Actual Rows": 10, "Actual Loops": 1, "Inner Unique": false, "Hash Cond": "(\"substring\"(a2.ca_zip, 1, 2) = \"substring\"((store.s_zip)::text, 1, 2))", "Plans": [{"Node Type": "Subquery Scan", "Parent Relationship": "Outer", "Parallel Aware": false, "Async Capable": false, "Alias": "a2", "Startup Cost": 6743.12, "Total Cost": 9927.61, "Plan Rows": 200, "Plan Width": 32, "Actual Startup Time": 31.624, "Actual Total Time": 31.638, "Actual Rows": 5, "Actual Loops": 1, "Plans": [{"Node Type": "SetOp", "Strategy": "Hashed", "Parent Relationship": "Subquery", "Parallel Aware": false, "Async Capable": false, "Command": "Intersect", "Startup Cost": 6743.12, "Total Cost": 9927.61, "Plan Rows": 200, "Plan Width": 36, "Actual Startup Time": 31.624, "Actual Total Time": 31.637, "Actual Rows": 5, "Actual Loops": 1, "Plans": [{"Node Type": "Append", "Parent Relationship": "Outer", "Parallel Aware": false, "Async Capable": false, "Startup Cost": 6743.12, "Total Cost": 9816.8, "Plan Rows": 44324, "Plan Width": 36, "Actual Startup Time": 24.88, "Actual Total Time": 31.515, "Actual Rows": 1297, "Actual Loops": 1, "Subplans Removed": 0, "Plans": [{"Node Type": "Subquery Scan", "Parent Relationship": "Member", "Parallel Aware": false, "Async Capable": false, "Alias": "*SELECT* 2", "Startup Cost": 6743.12, "Total Cost": 6809.18, "Plan Rows": 1057, "Plan Width": 36, "Actual Startup Time": 24.879, "Actual Total Time": 25.128, "Actual Rows": 962, "Actual Loops": 1, "Plans": [{"Node Type": "Subquery Scan", "Parent Relationship": "Subquery", "Parallel Aware": false, "Async Capable": false, "Alias": "a1", "Startup Cost": 6743.12, "Total Cost": 6798.61, "Plan Rows": 1057, "Plan Width": 32, "Actual Startup Time": 24.878, "Actual Total Time": 25.089, "Actual Rows": 962, "Actual Loops": 1, "Plans": [{"Node Type": "Aggregate", "Strategy": "Hashed", "Partial Mode": "Simple", "Parent Relationship": "Subquery", "Parallel Aware": false, "Async Capable": false, "Startup Cost": 6743.12, "Total Cost": 6788.04, "Plan Rows": 1057, "Plan Width": 51, "Actual Startup Time": 24.878, "Actual Total Time": 25.05, "Actual Rows": 962, "Actual Loops": 1, "Group Key": ["customer_address.ca_zip"], "Filter": "(count(*) > 10)", "Planned Partitions": 0, "HashAgg Batches": 1, "Peak Memory Usage": 369, "Disk Usage": 0, "Rows Removed by Filter": 2184, "Plans": [{"Node Type": "Hash Join", "Parent Relationship": "Outer", "Parallel Aware": false, "Async Capable": false, "Join Type": "Inner", "Startup Cost": 2261.0, "Total Cost": 6506.98, "Plan Rows": 47227, "Plan Width": 11, "Actual Startup Time": 7.273, "Actual Total Time": 21.379, "Actual Rows": 47428, "Actual Loops": 1, "Inner Unique": true, "Hash Cond": "(customer.c_current_addr_sk = customer_address.ca_address_sk)", "Plans": [{"Node Type": "Seq Scan", "Parent Relationship": "Outer", "Parallel Aware": false, "Async Capable": false, "Relation Name": "customer", "Alias": "customer", "Startup Cost": 0.0, "Total Cost": 4122.0, "Plan Rows": 47227, "Plan Width": 4, "Actual Startup Time": 0.008, "Actual Total Time": 9.221, "Actual Rows": 47428, "Actual Loops": 1, "Filter": "(c_preferred_cust_flag = 'Y'::bpchar)", "Rows Removed by Filter": 52572}, {"Node Type": "Hash", "Parent Relationship": "Inner", "Parallel Aware": false, "Async Capable": false, "Startup Cost": 1636.0, "Total Cost": 1636.0, "Plan Rows": 50000, "Plan Width": 15, "Actual Startup Time": 7.182, "Actual Total Time": 7.183, "Actual Rows": 50000, "Actual Loops": 1, "Hash Buckets": 65536, "Original Hash Buckets": 65536, "Hash Batches": 1, "Original Hash Batches": 1, "Peak Memory Usage": 2838, "Plans": [{"Node Type": "Seq Scan", "Parent Relationship": "Outer", "Parallel Aware": false, "Async Capable": false, "Relation Name": "customer_address", "Alias": "customer_address", "Startup Cost": 0.0, "Total Cost": 1636.0, "Plan Rows": 50000, "Plan Width": 15, "Actual Startup Time": 0.007, "Actual Total Time": 4.099, "Actual Rows": 50000, "Actual Loops": 1}]}]}]}]}]}, {"Node Type": "Subquery Scan", "Parent Relationship": "Member", "Parallel Aware": false, "Async Capable": false, "Alias": "*SELECT* 1", "Startup Cost": 1.0, "Total Cost": 2786.01, "Plan Rows": 43267, "Plan Width": 36, "Actual Startup Time": 0.034, "Actual Total Time": 6.338, "Actual Rows": 335, "Actual Loops": 1, "Plans": [{"Node Type": "Seq Scan", "Parent Relationship": "Subquery", "Parallel Aware": false, "Async Capable": false, "Relation Name": "customer_address", "Alias": "customer_address_1", "Startup Cost": 1.0, "Total Cost": 2353.34, "Plan Rows": 43267, "Plan Width": 32, "Actual Startup Time": 0.033, "Actual Total Time": 6.321, "Actual Rows": 335, "Actual Loops": 1, "Filter": "(\"substring\"((ca_zip)::text, 1, 5) = ANY ('{24128,76232,65084,87816,83926,77556,20548,26231,43848,15126,91137,61265,98294,25782,17920,18426,98235,40081,84093,28577,55565,17183,54601,67897,22752,86284,18376,38607,45200,21756,29741,96765,23932,89360,29839,25989,28898,91068,72550,10390,18845,47770,82636,41367,76638,86198,81312,37126,39192,88424,72175,81426,53672,10445,42666,66864,66708,41248,48583,82276,18842,78890,49448,14089,38122,34425,79077,19849,43285,39861,66162,77610,13695,99543,83444,83041,12305,57665,68341,25003,57834,62878,49130,81096,18840,27700,23470,50412,21195,16021,76107,71954,68309,18119,98359,64544,10336,86379,27068,39736,98569,28915,24206,56529,57647,54917,42961,91110,63981,14922,36420,23006,67467,32754,30903,20260,31671,51798,72325,85816,68621,13955,36446,41766,68806,16725,15146,22744,35850,88086,51649,18270,52867,39972,96976,63792,11376,94898,13595,10516,90225,58943,39371,94945,28587,96576,57855,28488,26105,83933,25858,34322,44438,73171,30122,34102,22685,71256,78451,54364,13354,45375,40558,56458,28286,45266,47305,69399,83921,26233,11101,15371,69913,35942,15882,25631,24610,44165,99076,33786,70738,26653,14328,72305,62496,22152,10144,64147,48425,14663,21076,18799,30450,63089,81019,68893,24996,51200,51211,45692,92712,70466,79994,22437,25280,38935,71791,73134,56571,14060,19505,72425,56575,74351,68786,51650,20004,18383,76614,11634,18906,15765,41368,73241,76698,78567,97189,28545,76231,75691,22246,51061,90578,56691,68014,51103,94167,57047,14867,73520,15734,63435,25733,35474,24676,94627,53535,17879,15559,53268,59166,11928,59402,33282,45721,43933,68101,33515,36634,71286,19736,58058,55253,67473,41918,19515,36495,19430,22351,77191,91393,49156,50298,87501,18652,53179,18767,63193,23968,65164,68880,21286,72823,58470,67301,13394,31016,70372,67030,40604,24317,45748,39127,26065,77721,31029,31880,60576,24671,45549,13376,50016,33123,19769,22927,97789,46081,72151,15723,46136,51949,68100,96888,64528,14171,79777,28709,11489,25103,32213,78668,22245,15798,27156,37930,62971,21337,51622,67853,10567,38415,15455,58263,42029,60279,37125,56240,88190,50308,26859,64457,89091,82136,62377,36233,63837,58078,17043,30010,60099,28810,98025,29178,87343,73273,30469,64034,39516,86057,21309,90257,67875,40162,11356,73650,61810,72013,30431,22461,19512,13375,55307,30625,83849,68908,26689,96451,38193,46820,88885,84935,69035,83144,47537,56616,94983,48033,69952,25486,61547,27385,61860,58048,56910,16807,17871,35258,31387,35458,35576}'::text[]))", "Rows Removed by Filter": 49665}]}]}]}]}, {"Node Type": "Hash", "Parent Relationship": "Inner", "Parallel Aware": false, "Async Capable": false, "Startup Cost": 10.4, "Total Cost": 10.4, "Plan Rows": 40, "Plan Width": 166, "Actual Startup Time": 0.013, "Actual Total Time": 0.014, "Actual Rows": 12, "Actual Loops": 1, "Hash Buckets": 1024, "Original Hash Buckets": 1024, "Hash Batches": 1, "Original Hash Batches": 1, "Peak Memory Usage": 9, "Plans": [{"Node Type": "Seq Scan", "Parent Relationship": "Outer", "Parallel Aware": false, "Async Capable": false, "Relation Name": "store", "Alias": "store", "Startup Cost": 0.0, "Total Cost": 10.4, "Plan Rows": 40, "Plan Width": 166, "Actual Startup Time": 0.004, "Actual Total Time": 0.007, "Actual Rows": 12, "Actual Loops": 1}]}]}]}]}]}]}]}, "Planning Time": 0.615, "Triggers": [], "Execution Time": 88.317}