{"Plan": {"Node Type": "Index Only Scan", "Parallel Aware": false, "Async Capable": false, "Scan Direction": "Forward", "Index Name": "reason_pkey", "Relation Name": "reason", "Alias": "reason", "Startup Cost": 959082.92, "Total Cost": 959090.95, "Plan Rows": 1, "Plan Width": 160, "Actual Startup Time": 433.281, "Actual Total Time": 439.233, "Actual Rows": 1, "Actual Loops": 1, "Index Cond": "(r_reason_sk = 1)", "Rows Removed by Index Recheck": 0, "Heap Fetches": 1, "Plans": [{"Node Type": "Aggregate", "Strategy": "Plain", "Partial Mode": "Finalize", "Parent Relationship": "InitPlan", "Subplan Name": "InitPlan 1 (returns $1)", "Parallel Aware": false, "Async Capable": false, "Startup Cost": 63929.24, "Total Cost": 63929.25, "Plan Rows": 1, "Plan Width": 8, "Actual Startup Time": 39.216, "Actual Total Time": 39.277, "Actual Rows": 1, "Actual Loops": 1, "Plans": [{"Node Type": "Gather", "Parent Relationship": "Outer", "Parallel Aware": false, "Async Capable": false, "Startup Cost": 63928.82, "Total Cost": 63929.23, "Plan Rows": 4, "Plan Width": 8, "Actual Startup Time": 39.146, "Actual Total Time": 39.272, "Actual Rows": 5, "Actual Loops": 1, "Workers Planned": 4, "Workers Launched": 4, "Single Copy": false, "Plans": [{"Node Type": "Aggregate", "Strategy": "Plain", "Partial Mode": "Partial", "Parent Relationship": "Outer", "Parallel Aware": false, "Async Capable": false, "Startup Cost": 62928.82, "Total Cost": 62928.83, "Plan Rows": 1, "Plan Width": 8, "Actual Startup Time": 37.647, "Actual Total Time": 37.647, "Actual Rows": 1, "Actual Loops": 5, "Workers": [], "Plans": [{"Node Type": "Seq Scan", "Parent Relationship": "Outer", "Parallel Aware": true, "Async Capable": false, "Relation Name": "store_sales", "Alias": "store_sales", "Startup Cost": 0.0, "Total Cost": 62594.78, "Plan Rows": 133618, "Plan Width": 0, "Actual Startup Time": 0.006, "Actual Total Time": 35.26, "Actual Rows": 110001, "Actual Loops": 5, "Filter": "((ss_quantity >= 1) AND (ss_quantity <= 20))", "Rows Removed by Filter": 466080, "Workers": []}]}]}]}, {"Node Type": "Aggregate", "Strategy": "Plain", "Partial Mode": "Finalize", "Parent Relationship": "InitPlan", "Subplan Name": "InitPlan 2 (returns $3)", "Parallel Aware": false, "Async Capable": false, "Startup Cost": 63929.26, "Total Cost": 63929.27, "Plan Rows": 1, "Plan Width": 32, "Actual Startup Time": 48.52, "Actual Total Time": 48.551, "Actual Rows": 1, "Actual Loops": 1, "Plans": [{"Node Type": "Gather", "Parent Relationship": "Outer", "Parallel Aware": false, "Async Capable": false, "Startup Cost": 63928.82, "Total Cost": 63929.23, "Plan Rows": 4, "Plan Width": 32, "Actual Startup Time": 48.455, "Actual Total Time": 48.542, "Actual Rows": 4, "Actual Loops": 1, "Workers Planned": 4, "Workers Launched": 3, "Single Copy": false, "Plans": [{"Node Type": "Aggregate", "Strategy": "Plain", "Partial Mode": "Partial", "Parent Relationship": "Outer", "Parallel Aware": false, "Async Capable": false, "Startup Cost": 62928.82, "Total Cost": 62928.83, "Plan Rows": 1, "Plan Width": 32, "Actual Startup Time": 46.966, "Actual Total Time": 46.966, "Actual Rows": 1, "Actual Loops": 4, "Workers": [], "Plans": [{"Node Type": "Seq Scan", "Parent Relationship": "Outer", "Parallel Aware": true, "Async Capable": false, "Relation Name": "store_sales", "Alias": "store_sales_1", "Startup Cost": 0.0, "Total Cost": 62594.78, "Plan Rows": 133618, "Plan Width": 3, "Actual Startup Time": 0.006, "Actual Total Time": 40.952, "Actual Rows": 137501, "Actual Loops": 4, "Filter": "((ss_quantity >= 1) AND (ss_quantity <= 20))", "Rows Removed by Filter": 582600, "Workers": []}]}]}]}, {"Node Type": "Aggregate", "Strategy": "Plain", "Partial Mode": "Finalize", "Parent Relationship": "InitPlan", "Subplan Name": "InitPlan 3 (returns $5)", "Parallel Aware": false, "Async Capable": false, "Startup Cost": 63929.26, "Total Cost": 63929.27, "Plan Rows": 1, "Plan Width": 32, "Actual Startup Time": 0.0, "Actual Total Time": 0.0, "Actual Rows": 0, "Actual Loops": 0, "Plans": [{"Node Type": "Gather", "Parent Relationship": "Outer", "Parallel Aware": false, "Async Capable": false, "Startup Cost": 63928.82, "Total Cost": 63929.23, "Plan Rows": 4, "Plan Width": 32, "Actual Startup Time": 0.0, "Actual Total Time": 0.0, "Actual Rows": 0, "Actual Loops": 0, "Workers Planned": 4, "Workers Launched": 0, "Single Copy": false, "Plans": [{"Node Type": "Aggregate", "Strategy": "Plain", "Partial Mode": "Partial", "Parent Relationship": "Outer", "Parallel Aware": false, "Async Capable": false, "Startup Cost": 62928.82, "Total Cost": 62928.83, "Plan Rows": 1, "Plan Width": 32, "Actual Startup Time": 0.0, "Actual Total Time": 0.0, "Actual Rows": 0, "Actual Loops": 0, "Plans": [{"Node Type": "Seq Scan", "Parent Relationship": "Outer", "Parallel Aware": true, "Async Capable": false, "Relation Name": "store_sales", "Alias": "store_sales_2", "Startup Cost": 0.0, "Total Cost": 62594.78, "Plan Rows": 133618, "Plan Width": 6, "Actual Startup Time": 0.0, "Actual Total Time": 0.0, "Actual Rows": 0, "Actual Loops": 0, "Filter": "((ss_quantity >= 1) AND (ss_quantity <= 20))", "Rows Removed by Filter": 0}]}]}]}, {"Node Type": "Aggregate", "Strategy": "Plain", "Partial Mode": "Finalize", "Parent Relationship": "InitPlan", "Subplan Name": "InitPlan 4 (returns $7)", "Parallel Aware": false, "Async Capable": false, "Startup Cost": 63942.99, "Total Cost": 63943.0, "Plan Rows": 1, "Plan Width": 8, "Actual Startup Time": 37.957, "Actual Total Time": 37.981, "Actual Rows": 1, "Actual Loops": 1, "Plans": [{"Node Type": "Gather", "Parent Relationship": "Outer", "Parallel Aware": false, "Async Capable": false, "Startup Cost": 63942.57, "Total Cost": 63942.98, "Plan Rows": 4, "Plan Width": 8, "Actual Startup Time": 37.881, "Actual Total Time": 37.977, "Actual Rows": 5, "Actual Loops": 1, "Workers Planned": 4, "Workers Launched": 4, "Single Copy": false, "Plans": [{"Node Type": "Aggregate", "Strategy": "Plain", "Partial Mode": "Partial", "Parent Relationship": "Outer", "Parallel Aware": false, "Async Capable": false, "Startup Cost": 62942.57, "Total Cost": 62942.58, "Plan Rows": 1, "Plan Width": 8, "Actual Startup Time": 36.209, "Actual Total Time": 36.209, "Actual Rows": 1, "Actual Loops": 5, "Workers": [], "Plans": [{"Node Type": "Seq Scan", "Parent Relationship": "Outer", "Parallel Aware": true, "Async Capable": false, "Relation Name": "store_sales", "Alias": "store_sales_3", "Startup Cost": 0.0, "Total Cost": 62594.78, "Plan Rows": 139116, "Plan Width": 0, "Actual Startup Time": 0.005, "Actual Total Time": 33.782, "Actual Rows": 109880, "Actual Loops": 5, "Filter": "((ss_quantity >= 21) AND (ss_quantity <= 40))", "Rows Removed by Filter": 466200, "Workers": []}]}]}]}, {"Node Type": "Aggregate", "Strategy": "Plain", "Partial Mode": "Finalize", "Parent Relationship": "InitPlan", "Subplan Name": "InitPlan 5 (returns $9)", "Parallel Aware": false, "Async Capable": false, "Startup Cost": 63943.0, "Total Cost": 63943.01, "Plan Rows": 1, "Plan Width": 32, "Actual Startup Time": 49.557, "Actual Total Time": 49.584, "Actual Rows": 1, "Actual Loops": 1, "Plans": [{"Node Type": "Gather", "Parent Relationship": "Outer", "Parallel Aware": false, "Async Capable": false, "Startup Cost": 63942.57, "Total Cost": 63942.98, "Plan Rows": 4, "Plan Width": 32, "Actual Startup Time": 49.487, "Actual Total Time": 49.574, "Actual Rows": 4, "Actual Loops": 1, "Workers Planned": 4, "Workers Launched": 3, "Single Copy": false, "Plans": [{"Node Type": "Aggregate", "Strategy": "Plain", "Partial Mode": "Partial", "Parent Relationship": "Outer", "Parallel Aware": false, "Async Capable": false, "Startup Cost": 62942.57, "Total Cost": 62942.58, "Plan Rows": 1, "Plan Width": 32, "Actual Startup Time": 47.952, "Actual Total Time": 47.953, "Actual Rows": 1, "Actual Loops": 4, "Workers": [], "Plans": [{"Node Type": "Seq Scan", "Parent Relationship": "Outer", "Parallel Aware": true, "Async Capable": false, "Relation Name": "store_sales", "Alias": "store_sales_4", "Startup Cost": 0.0, "Total Cost": 62594.78, "Plan Rows": 139116, "Plan Width": 3, "Actual Startup Time": 0.006, "Actual Total Time": 41.594, "Actual Rows": 137350, "Actual Loops": 4, "Filter": "((ss_quantity >= 21) AND (ss_quantity <= 40))", "Rows Removed by Filter": 582750, "Workers": []}]}]}]}, {"Node Type": "Aggregate", "Strategy": "Plain", "Partial Mode": "Finalize", "Parent Relationship": "InitPlan", "Subplan Name": "InitPlan 6 (returns $11)", "Parallel Aware": false, "Async Capable": false, "Startup Cost": 63943.0, "Total Cost": 63943.01, "Plan Rows": 1, "Plan Width": 32, "Actual Startup Time": 0.0, "Actual Total Time": 0.0, "Actual Rows": 0, "Actual Loops": 0, "Plans": [{"Node Type": "Gather", "Parent Relationship": "Outer", "Parallel Aware": false, "Async Capable": false, "Startup Cost": 63942.57, "Total Cost": 63942.98, "Plan Rows": 4, "Plan Width": 32, "Actual Startup Time": 0.0, "Actual Total Time": 0.0, "Actual Rows": 0, "Actual Loops": 0, "Workers Planned": 4, "Workers Launched": 0, "Single Copy": false, "Plans": [{"Node Type": "Aggregate", "Strategy": "Plain", "Partial Mode": "Partial", "Parent Relationship": "Outer", "Parallel Aware": false, "Async Capable": false, "Startup Cost": 62942.57, "Total Cost": 62942.58, "Plan Rows": 1, "Plan Width": 32, "Actual Startup Time": 0.0, "Actual Total Time": 0.0, "Actual Rows": 0, "Actual Loops": 0, "Plans": [{"Node Type": "Seq Scan", "Parent Relationship": "Outer", "Parallel Aware": true, "Async Capable": false, "Relation Name": "store_sales", "Alias": "store_sales_5", "Startup Cost": 0.0, "Total Cost": 62594.78, "Plan Rows": 139116, "Plan Width": 6, "Actual Startup Time": 0.0, "Actual Total Time": 0.0, "Actual Rows": 0, "Actual Loops": 0, "Filter": "((ss_quantity >= 21) AND (ss_quantity <= 40))", "Rows Removed by Filter": 0}]}]}]}, {"Node Type": "Aggregate", "Strategy": "Plain", "Partial Mode": "Finalize", "Parent Relationship": "InitPlan", "Subplan Name": "InitPlan 7 (returns $13)", "Parallel Aware": false, "Async Capable": false, "Startup Cost": 63944.19, "Total Cost": 63944.2, "Plan Rows": 1, "Plan Width": 8, "Actual Startup Time": 38.096, "Actual Total Time": 38.122, "Actual Rows": 1, "Actual Loops": 1, "Plans": [{"Node Type": "Gather", "Parent Relationship": "Outer", "Parallel Aware": false, "Async Capable": false, "Startup Cost": 63943.76, "Total Cost": 63944.18, "Plan Rows": 4, "Plan Width": 8, "Actual Startup Time": 38.033, "Actual Total Time": 38.116, "Actual Rows": 5, "Actual Loops": 1, "Workers Planned": 4, "Workers Launched": 4, "Single Copy": false, "Plans": [{"Node Type": "Aggregate", "Strategy": "Plain", "Partial Mode": "Partial", "Parent Relationship": "Outer", "Parallel Aware": false, "Async Capable": false, "Startup Cost": 62943.76, "Total Cost": 62943.78, "Plan Rows": 1, "Plan Width": 8, "Actual Startup Time": 36.314, "Actual Total Time": 36.315, "Actual Rows": 1, "Actual Loops": 5, "Workers": [], "Plans": [{"Node Type": "Seq Scan", "Parent Relationship": "Outer", "Parallel Aware": true, "Async Capable": false, "Relation Name": "store_sales", "Alias": "store_sales_6", "Startup Cost": 0.0, "Total Cost": 62594.78, "Plan Rows": 139596, "Plan Width": 0, "Actual Startup Time": 0.006, "Actual Total Time": 33.899, "Actual Rows": 109930, "Actual Loops": 5, "Filter": "((ss_quantity >= 41) AND (ss_quantity <= 60))", "Rows Removed by Filter": 466151, "Workers": []}]}]}]}, {"Node Type": "Aggregate", "Strategy": "Plain", "Partial Mode": "Finalize", "Parent Relationship": "InitPlan", "Subplan Name": "InitPlan 8 (returns $15)", "Parallel Aware": false, "Async Capable": false, "Startup Cost": 63944.2, "Total Cost": 63944.21, "Plan Rows": 1, "Plan Width": 32, "Actual Startup Time": 49.555, "Actual Total Time": 49.583, "Actual Rows": 1, "Actual Loops": 1, "Plans": [{"Node Type": "Gather", "Parent Relationship": "Outer", "Parallel Aware": false, "Async Capable": false, "Startup Cost": 63943.77, "Total Cost": 63944.18, "Plan Rows": 4, "Plan Width": 32, "Actual Startup Time": 49.486, "Actual Total Time": 49.573, "Actual Rows": 4, "Actual Loops": 1, "Workers Planned": 4, "Workers Launched": 3, "Single Copy": false, "Plans": [{"Node Type": "Aggregate", "Strategy": "Plain", "Partial Mode": "Partial", "Parent Relationship": "Outer", "Parallel Aware": false, "Async Capable": false, "Startup Cost": 62943.77, "Total Cost": 62943.78, "Plan Rows": 1, "Plan Width": 32, "Actual Startup Time": 47.937, "Actual Total Time": 47.938, "Actual Rows": 1, "Actual Loops": 4, "Workers": [], "Plans": [{"Node Type": "Seq Scan", "Parent Relationship": "Outer", "Parallel Aware": true, "Async Capable": false, "Relation Name": "store_sales", "Alias": "store_sales_7", "Startup Cost": 0.0, "Total Cost": 62594.78, "Plan Rows": 139596, "Plan Width": 3, "Actual Startup Time": 0.007, "Actual Total Time": 41.886, "Actual Rows": 137412, "Actual Loops": 4, "Filter": "((ss_quantity >= 41) AND (ss_quantity <= 60))", "Rows Removed by Filter": 582688, "Workers": []}]}]}]}, {"Node Type": "Aggregate", "Strategy": "Plain", "Partial Mode": "Finalize", "Parent Relationship": "InitPlan", "Subplan Name": "InitPlan 9 (returns $17)", "Parallel Aware": false, "Async Capable": false, "Startup Cost": 63944.2, "Total Cost": 63944.21, "Plan Rows": 1, "Plan Width": 32, "Actual Startup Time": 0.0, "Actual Total Time": 0.0, "Actual Rows": 0, "Actual Loops": 0, "Plans": [{"Node Type": "Gather", "Parent Relationship": "Outer", "Parallel Aware": false, "Async Capable": false, "Startup Cost": 63943.77, "Total Cost": 63944.18, "Plan Rows": 4, "Plan Width": 32, "Actual Startup Time": 0.0, "Actual Total Time": 0.0, "Actual Rows": 0, "Actual Loops": 0, "Workers Planned": 4, "Workers Launched": 0, "Single Copy": false, "Plans": [{"Node Type": "Aggregate", "Strategy": "Plain", "Partial Mode": "Partial", "Parent Relationship": "Outer", "Parallel Aware": false, "Async Capable": false, "Startup Cost": 62943.77, "Total Cost": 62943.78, "Plan Rows": 1, "Plan Width": 32, "Actual Startup Time": 0.0, "Actual Total Time": 0.0, "Actual Rows": 0, "Actual Loops": 0, "Plans": [{"Node Type": "Seq Scan", "Parent Relationship": "Outer", "Parallel Aware": true, "Async Capable": false, "Relation Name": "store_sales", "Alias": "store_sales_8", "Startup Cost": 0.0, "Total Cost": 62594.78, "Plan Rows": 139596, "Plan Width": 6, "Actual Startup Time": 0.0, "Actual Total Time": 0.0, "Actual Rows": 0, "Actual Loops": 0, "Filter": "((ss_quantity >= 41) AND (ss_quantity <= 60))", "Rows Removed by Filter": 0}]}]}]}, {"Node Type": "Aggregate", "Strategy": "Plain", "Partial Mode": "Finalize", "Parent Relationship": "InitPlan", "Subplan Name": "InitPlan 10 (returns $19)", "Parallel Aware": false, "Async Capable": false, "Startup Cost": 63934.4, "Total Cost": 63934.41, "Plan Rows": 1, "Plan Width": 8, "Actual Startup Time": 38.088, "Actual Total Time": 38.111, "Actual Rows": 1, "Actual Loops": 1, "Plans": [{"Node Type": "Gather", "Parent Relationship": "Outer", "Parallel Aware": false, "Async Capable": false, "Startup Cost": 63933.98, "Total Cost": 63934.39, "Plan Rows": 4, "Plan Width": 8, "Actual Startup Time": 38.019, "Actual Total Time": 38.106, "Actual Rows": 5, "Actual Loops": 1, "Workers Planned": 4, "Workers Launched": 4, "Single Copy": false, "Plans": [{"Node Type": "Aggregate", "Strategy": "Plain", "Partial Mode": "Partial", "Parent Relationship": "Outer", "Parallel Aware": false, "Async Capable": false, "Startup Cost": 62933.98, "Total Cost": 62933.99, "Plan Rows": 1, "Plan Width": 8, "Actual Startup Time": 36.267, "Actual Total Time": 36.267, "Actual Rows": 1, "Actual Loops": 5, "Workers": [], "Plans": [{"Node Type": "Seq Scan", "Parent Relationship": "Outer", "Parallel Aware": true, "Async Capable": false, "Relation Name": "store_sales", "Alias": "store_sales_9", "Startup Cost": 0.0, "Total Cost": 62594.78, "Plan Rows": 135683, "Plan Width": 0, "Actual Startup Time": 0.006, "Actual Total Time": 33.836, "Actual Rows": 110113, "Actual Loops": 5, "Filter": "((ss_quantity >= 61) AND (ss_quantity <= 80))", "Rows Removed by Filter": 465968, "Workers": []}]}]}]}, {"Node Type": "Aggregate", "Strategy": "Plain", "Partial Mode": "Finalize", "Parent Relationship": "InitPlan", "Subplan Name": "InitPlan 11 (returns $21)", "Parallel Aware": false, "Async Capable": false, "Startup Cost": 63934.42, "Total Cost": 63934.43, "Plan Rows": 1, "Plan Width": 32, "Actual Startup Time": 49.212, "Actual Total Time": 49.234, "Actual Rows": 1, "Actual Loops": 1, "Plans": [{"Node Type": "Gather", "Parent Relationship": "Outer", "Parallel Aware": false, "Async Capable": false, "Startup Cost": 63933.99, "Total Cost": 63934.4, "Plan Rows": 4, "Plan Width": 32, "Actual Startup Time": 49.144, "Actual Total Time": 49.226, "Actual Rows": 4, "Actual Loops": 1, "Workers Planned": 4, "Workers Launched": 3, "Single Copy": false, "Plans": [{"Node Type": "Aggregate", "Strategy": "Plain", "Partial Mode": "Partial", "Parent Relationship": "Outer", "Parallel Aware": false, "Async Capable": false, "Startup Cost": 62933.99, "Total Cost": 62934.0, "Plan Rows": 1, "Plan Width": 32, "Actual Startup Time": 47.647, "Actual Total Time": 47.648, "Actual Rows": 1, "Actual Loops": 4, "Workers": [], "Plans": [{"Node Type": "Seq Scan", "Parent Relationship": "Outer", "Parallel Aware": true, "Async Capable": false, "Relation Name": "store_sales", "Alias": "store_sales_10", "Startup Cost": 0.0, "Total Cost": 62594.78, "Plan Rows": 135683, "Plan Width": 3, "Actual Startup Time": 0.007, "Actual Total Time": 41.504, "Actual Rows": 137641, "Actual Loops": 4, "Filter": "((ss_quantity >= 61) AND (ss_quantity <= 80))", "Rows Removed by Filter": 582460, "Workers": []}]}]}]}, {"Node Type": "Aggregate", "Strategy": "Plain", "Partial Mode": "Finalize", "Parent Relationship": "InitPlan", "Subplan Name": "InitPlan 12 (returns $23)", "Parallel Aware": false, "Async Capable": false, "Startup Cost": 63934.42, "Total Cost": 63934.43, "Plan Rows": 1, "Plan Width": 32, "Actual Startup Time": 0.0, "Actual Total Time": 0.0, "Actual Rows": 0, "Actual Loops": 0, "Plans": [{"Node Type": "Gather", "Parent Relationship": "Outer", "Parallel Aware": false, "Async Capable": false, "Startup Cost": 63933.99, "Total Cost": 63934.4, "Plan Rows": 4, "Plan Width": 32, "Actual Startup Time": 0.0, "Actual Total Time": 0.0, "Actual Rows": 0, "Actual Loops": 0, "Workers Planned": 4, "Workers Launched": 0, "Single Copy": false, "Plans": [{"Node Type": "Aggregate", "Strategy": "Plain", "Partial Mode": "Partial", "Parent Relationship": "Outer", "Parallel Aware": false, "Async Capable": false, "Startup Cost": 62933.99, "Total Cost": 62934.0, "Plan Rows": 1, "Plan Width": 32, "Actual Startup Time": 0.0, "Actual Total Time": 0.0, "Actual Rows": 0, "Actual Loops": 0, "Plans": [{"Node Type": "Seq Scan", "Parent Relationship": "Outer", "Parallel Aware": true, "Async Capable": false, "Relation Name": "store_sales", "Alias": "store_sales_11", "Startup Cost": 0.0, "Total Cost": 62594.78, "Plan Rows": 135683, "Plan Width": 6, "Actual Startup Time": 0.0, "Actual Total Time": 0.0, "Actual Rows": 0, "Actual Loops": 0, "Filter": "((ss_quantity >= 61) AND (ss_quantity <= 80))", "Rows Removed by Filter": 0}]}]}]}, {"Node Type": "Aggregate", "Strategy": "Plain", "Partial Mode": "Finalize", "Parent Relationship": "InitPlan", "Subplan Name": "InitPlan 13 (returns $25)", "Parallel Aware": false, "Async Capable": false, "Startup Cost": 63943.35, "Total Cost": 63943.36, "Plan Rows": 1, "Plan Width": 8, "Actual Startup Time": 36.039, "Actual Total Time": 36.062, "Actual Rows": 1, "Actual Loops": 1, "Plans": [{"Node Type": "Gather", "Parent Relationship": "Outer", "Parallel Aware": false, "Async Capable": false, "Startup Cost": 63942.93, "Total Cost": 63943.34, "Plan Rows": 4, "Plan Width": 8, "Actual Startup Time": 35.97, "Actual Total Time": 36.057, "Actual Rows": 5, "Actual Loops": 1, "Workers Planned": 4, "Workers Launched": 4, "Single Copy": false, "Plans": [{"Node Type": "Aggregate", "Strategy": "Plain", "Partial Mode": "Partial", "Parent Relationship": "Outer", "Parallel Aware": false, "Async Capable": false, "Startup Cost": 62942.93, "Total Cost": 62942.94, "Plan Rows": 1, "Plan Width": 8, "Actual Startup Time": 34.48, "Actual Total Time": 34.48, "Actual Rows": 1, "Actual Loops": 5, "Workers": [], "Plans": [{"Node Type": "Seq Scan", "Parent Relationship": "Outer", "Parallel Aware": true, "Async Capable": false, "Relation Name": "store_sales", "Alias": "store_sales_12", "Startup Cost": 0.0, "Total Cost": 62594.78, "Plan Rows": 139260, "Plan Width": 0, "Actual Startup Time": 0.007, "Actual Total Time": 32.063, "Actual Rows": 110158, "Actual Loops": 5, "Filter": "((ss_quantity >= 81) AND (ss_quantity <= 100))", "Rows Removed by Filter": 465923, "Workers": []}]}]}]}, {"Node Type": "Aggregate", "Strategy": "Plain", "Partial Mode": "Finalize", "Parent Relationship": "InitPlan", "Subplan Name": "InitPlan 14 (returns $27)", "Parallel Aware": false, "Async Capable": false, "Startup Cost": 63943.36, "Total Cost": 63943.37, "Plan Rows": 1, "Plan Width": 32, "Actual Startup Time": 47.003, "Actual Total Time": 52.68, "Actual Rows": 1, "Actual Loops": 1, "Plans": [{"Node Type": "Gather", "Parent Relationship": "Outer", "Parallel Aware": false, "Async Capable": false, "Startup Cost": 63942.93, "Total Cost": 63943.34, "Plan Rows": 4, "Plan Width": 32, "Actual Startup Time": 46.939, "Actual Total Time": 52.673, "Actual Rows": 4, "Actual Loops": 1, "Workers Planned": 4, "Workers Launched": 3, "Single Copy": false, "Plans": [{"Node Type": "Aggregate", "Strategy": "Plain", "Partial Mode": "Partial", "Parent Relationship": "Outer", "Parallel Aware": false, "Async Capable": false, "Startup Cost": 62942.93, "Total Cost": 62942.94, "Plan Rows": 1, "Plan Width": 32, "Actual Startup Time": 45.392, "Actual Total Time": 45.392, "Actual Rows": 1, "Actual Loops": 4, "Workers": [], "Plans": [{"Node Type": "Seq Scan", "Parent Relationship": "Outer", "Parallel Aware": true, "Async Capable": false, "Relation Name": "store_sales", "Alias": "store_sales_13", "Startup Cost": 0.0, "Total Cost": 62594.78, "Plan Rows": 139260, "Plan Width": 3, "Actual Startup Time": 0.007, "Actual Total Time": 39.225, "Actual Rows": 137697, "Actual Loops": 4, "Filter": "((ss_quantity >= 81) AND (ss_quantity <= 100))", "Rows Removed by Filter": 582404, "Workers": []}]}]}]}, {"Node Type": "Aggregate", "Strategy": "Plain", "Partial Mode": "Finalize", "Parent Relationship": "InitPlan", "Subplan Name": "InitPlan 15 (returns $29)", "Parallel Aware": false, "Async Capable": false, "Startup Cost": 63943.36, "Total Cost": 63943.37, "Plan Rows": 1, "Plan Width": 32, "Actual Startup Time": 0.0, "Actual Total Time": 0.0, "Actual Rows": 0, "Actual Loops": 0, "Plans": [{"Node Type": "Gather", "Parent Relationship": "Outer", "Parallel Aware": false, "Async Capable": false, "Startup Cost": 63942.93, "Total Cost": 63943.34, "Plan Rows": 4, "Plan Width": 32, "Actual Startup Time": 0.0, "Actual Total Time": 0.0, "Actual Rows": 0, "Actual Loops": 0, "Workers Planned": 4, "Workers Launched": 0, "Single Copy": false, "Plans": [{"Node Type": "Aggregate", "Strategy": "Plain", "Partial Mode": "Partial", "Parent Relationship": "Outer", "Parallel Aware": false, "Async Capable": false, "Startup Cost": 62942.93, "Total Cost": 62942.94, "Plan Rows": 1, "Plan Width": 32, "Actual Startup Time": 0.0, "Actual Total Time": 0.0, "Actual Rows": 0, "Actual Loops": 0, "Plans": [{"Node Type": "Seq Scan", "Parent Relationship": "Outer", "Parallel Aware": true, "Async Capable": false, "Relation Name": "store_sales", "Alias": "store_sales_14", "Startup Cost": 0.0, "Total Cost": 62594.78, "Plan Rows": 139260, "Plan Width": 6, "Actual Startup Time": 0.0, "Actual Total Time": 0.0, "Actual Rows": 0, "Actual Loops": 0, "Filter": "((ss_quantity >= 81) AND (ss_quantity <= 100))", "Rows Removed by Filter": 0}]}]}]}]}, "Planning Time": 0.384, "Triggers": [], "Execution Time": 439.487}