{"Plan": {"Node Type": "Limit", "Parallel Aware": false, "Async Capable": false, "Startup Cost": 174383.46, "Total Cost": 378340497.94, "Plan Rows": 32, "Plan Width": 100, "Actual Startup Time": 932.429, "Actual Total Time": 2043.445, "Actual Rows": 5, "Actual Loops": 1, "Plans": [{"Node Type": "Aggregate", "Strategy": "Sorted", "Partial Mode": "Simple", "Parent Relationship": "Outer", "Parallel Aware": false, "Async Capable": false, "Startup Cost": 174383.46, "Total Cost": 378340497.94, "Plan Rows": 32, "Plan Width": 100, "Actual Startup Time": 932.428, "Actual Total Time": 2043.442, "Actual Rows": 5, "Actual Loops": 1, "Group Key": ["customer_demographics.cd_gender", "customer_demographics.cd_marital_status", "customer_demographics.cd_education_status", "customer_demographics.cd_purchase_estimate", "customer_demographics.cd_credit_rating", "customer_demographics.cd_dep_count", "customer_demographics.cd_dep_employed_count", "customer_demographics.cd_dep_college_count"], "Plans": [{"Node Type": "Nested Loop", "Parent Relationship": "Outer", "Parallel Aware": false, "Async Capable": false, "Join Type": "Inner", "Startup Cost": 174383.46, "Total Cost": 378340496.9, "Plan Rows": 32, "Plan Width": 52, "Actual Startup Time": 865.87, "Actual Total Time": 2043.424, "Actual Rows": 5, "Actual Loops": 1, "Inner Unique": false, "Join Filter": "(customer_demographics.cd_demo_sk = c.c_current_cdemo_sk)", "Rows Removed by Join Filter": 11524795, "Plans": [{"Node Type": "Gather Merge", "Parent Relationship": "Outer", "Parallel Aware": false, "Async Capable": false, "Startup Cost": 109840.56, "Total Cost": 337083.59, "Plan Rows": 1920800, "Plan Width": 56, "Actual Startup Time": 636.985, "Actual Total Time": 1203.672, "Actual Rows": 1920800, "Actual Loops": 1, "Workers Planned": 3, "Workers Launched": 3, "Plans": [{"Node Type": "Sort", "Parent Relationship": "Outer", "Parallel Aware": false, "Async Capable": false, "Startup Cost": 108840.52, "Total Cost": 110389.55, "Plan Rows": 619613, "Plan Width": 56, "Actual Startup Time": 604.246, "Actual Total Time": 829.393, "Actual Rows": 480200, "Actual Loops": 4, "Sort Key": ["customer_demographics.cd_gender", "customer_demographics.cd_marital_status", "customer_demographics.cd_education_status", "customer_demographics.cd_purchase_estimate", "customer_demographics.cd_credit_rating", "customer_demographics.cd_dep_count", "customer_demographics.cd_dep_employed_count", "customer_demographics.cd_dep_college_count"], "Sort Method": "external merge", "Sort Space Used": 34808, "Sort Space Type": "Disk", "Workers": [{"Worker Number": 0, "Sort Method": "external merge", "Sort Space Used": 31088, "Sort Space Type": "Disk"}, {"Worker Number": 1, "Sort Method": "external merge", "Sort Space Used": 34808, "Sort Space Type": "Disk"}, {"Worker Number": 2, "Sort Method": "external merge", "Sort Space Used": 31016, "Sort Space Type": "Disk"}], "Plans": [{"Node Type": "Seq Scan", "Parent Relationship": "Outer", "Parallel Aware": true, "Async Capable": false, "Relation Name": "customer_demographics", "Alias": "customer_demographics", "Startup Cost": 0.0, "Total Cost": 28052.13, "Plan Rows": 619613, "Plan Width": 56, "Actual Startup Time": 0.007, "Actual Total Time": 31.289, "Actual Rows": 480200, "Actual Loops": 4, "Workers": []}]}]}, {"Node Type": "Materialize", "Parent Relationship": "Inner", "Parallel Aware": false, "Async Capable": false, "Startup Cost": 64542.9, "Total Cost": 377081429.39, "Plan Rows": 32, "Plan Width": 4, "Actual Startup Time": 0.0, "Actual Total Time": 0.0, "Actual Rows": 6, "Actual Loops": 1920800, "Plans": [{"Node Type": "Nested Loop", "Parent Relationship": "Outer", "Parallel Aware": false, "Async Capable": false, "Join Type": "Inner", "Startup Cost": 64542.9, "Total Cost": 377081429.23, "Plan Rows": 32, "Plan Width": 4, "Actual Startup Time": 178.747, "Actual Total Time": 190.009, "Actual Rows": 6, "Actual Loops": 1, "Inner Unique": true, "Plans": [{"Node Type": "Nested Loop", "Parent Relationship": "Outer", "Parallel Aware": false, "Async Capable": false, "Join Type": "Inner", "Startup Cost": 64542.61, "Total Cost": 377080145.4, "Plan Rows": 3363, "Plan Width": 8, "Actual Startup Time": 176.575, "Actual Total Time": 188.638, "Actual Rows": 752, "Actual Loops": 1, "Inner Unique": true, "Plans": [{"Node Type": "Aggregate", "Strategy": "Hashed", "Partial Mode": "Simple", "Parent Relationship": "Outer", "Parallel Aware": false, "Async Capable": false, "Startup Cost": 64542.32, "Total Cost": 64589.25, "Plan Rows": 4693, "Plan Width": 4, "Actual Startup Time": 54.538, "Actual Total Time": 55.711, "Actual Rows": 9121, "Actual Loops": 1, "Group Key": ["store_sales.ss_customer_sk"], "Planned Partitions": 0, "HashAgg Batches": 1, "Peak Memory Usage": 913, "Disk Usage": 0, "Plans": [{"Node Type": "Gather", "Parent Relationship": "Outer", "Parallel Aware": false, "Async Capable": false, "Startup Cost": 3176.85, "Total Cost": 64530.59, "Plan Rows": 4693, "Plan Width": 4, "Actual Startup Time": 3.094, "Actual Total Time": 48.68, "Actual Rows": 108944, "Actual Loops": 1, "Workers Planned": 4, "Workers Launched": 4, "Single Copy": false, "Plans": [{"Node Type": "Hash Join", "Parent Relationship": "Outer", "Parallel Aware": true, "Async Capable": false, "Join Type": "Inner", "Startup Cost": 2176.85, "Total Cost": 63061.29, "Plan Rows": 1173, "Plan Width": 4, "Actual Startup Time": 1.271, "Actual Total Time": 49.978, "Actual Rows": 21789, "Actual Loops": 5, "Inner Unique": true, "Hash Cond": "(store_sales.ss_sold_date_sk = date_dim.d_date_sk)", "Workers": [], "Plans": [{"Node Type": "Seq Scan", "Parent Relationship": "Outer", "Parallel Aware": true, "Async Capable": false, "Relation Name": "store_sales", "Alias": "store_sales", "Startup Cost": 0.0, "Total Cost": 58993.85, "Plan Rows": 720185, "Plan Width": 8, "Actual Startup Time": 0.007, "Actual Total Time": 25.027, "Actual Rows": 576081, "Actual Loops": 5, "Workers": []}, {"Node Type": "Hash", "Parent Relationship": "Inner", "Parallel Aware": true, "Async Capable": false, "Startup Cost": 2175.97, "Total Cost": 2175.97, "Plan Rows": 70, "Plan Width": 4, "Actual Startup Time": 1.149, "Actual Total Time": 1.15, "Actual Rows": 24, "Actual Loops": 5, "Hash Buckets": 1024, "Original Hash Buckets": 1024, "Hash Batches": 1, "Original Hash Batches": 1, "Peak Memory Usage": 104, "Workers": [], "Plans": [{"Node Type": "Seq Scan", "Parent Relationship": "Outer", "Parallel Aware": true, "Async Capable": false, "Relation Name": "date_dim", "Alias": "date_dim", "Startup Cost": 0.0, "Total Cost": 2175.97, "Plan Rows": 70, "Plan Width": 4, "Actual Startup Time": 0.788, "Actual Total Time": 1.123, "Actual Rows": 24, "Actual Loops": 5, "Filter": "((d_moy >= 1) AND (d_moy <= 4) AND (d_year = 2002))", "Rows Removed by Filter": 14586, "Workers": []}]}]}]}]}, {"Node Type": "Index Scan", "Parent Relationship": "Inner", "Parallel Aware": false, "Async Capable": false, "Scan Direction": "Forward", "Index Name": "customer_pkey", "Relation Name": "customer", "Alias": "c", "Startup Cost": 0.29, "Total Cost": 83637.49, "Plan Rows": 1, "Plan Width": 12, "Actual Startup Time": 0.014, "Actual Total Time": 0.014, "Actual Rows": 0, "Actual Loops": 9121, "Index Cond": "(c_customer_sk = store_sales.ss_customer_sk)", "Rows Removed by Index Recheck": 0, "Filter": "((hashed SubPlan 2) OR (hashed SubPlan 4))", "Rows Removed by Filter": 1, "Plans": [{"Node Type": "Gather", "Parent Relationship": "SubPlan", "Subplan Name": "SubPlan 2", "Parallel Aware": false, "Async Capable": false, "Startup Cost": 3176.85, "Total Cost": 25047.83, "Plan Rows": 1172, "Plan Width": 4, "Actual Startup Time": 5.018, "Actual Total Time": 82.346, "Actual Rows": 27787, "Actual Loops": 1, "Workers Planned": 3, "Workers Launched": 0, "Single Copy": false, "Plans": [{"Node Type": "Hash Join", "Parent Relationship": "Outer", "Parallel Aware": true, "Async Capable": false, "Join Type": "Inner", "Startup Cost": 2176.85, "Total Cost": 23930.63, "Plan Rows": 378, "Plan Width": 4, "Actual Startup Time": 4.847, "Actual Total Time": 81.045, "Actual Rows": 27787, "Actual Loops": 1, "Inner Unique": true, "Hash Cond": "(web_sales.ws_sold_date_sk = date_dim_1.d_date_sk)", "Workers": [], "Plans": [{"Node Type": "Seq Scan", "Parent Relationship": "Outer", "Parallel Aware": true, "Async Capable": false, "Relation Name": "web_sales", "Alias": "web_sales", "Startup Cost": 0.0, "Total Cost": 21144.59, "Plan Rows": 232059, "Plan Width": 8, "Actual Startup Time": 0.003, "Actual Total Time": 33.679, "Actual Rows": 719384, "Actual Loops": 1, "Workers": []}, {"Node Type": "Hash", "Parent Relationship": "Inner", "Parallel Aware": true, "Async Capable": false, "Startup Cost": 2175.97, "Total Cost": 2175.97, "Plan Rows": 70, "Plan Width": 4, "Actual Startup Time": 4.634, "Actual Total Time": 4.635, "Actual Rows": 120, "Actual Loops": 1, "Hash Buckets": 1024, "Original Hash Buckets": 1024, "Hash Batches": 1, "Original Hash Batches": 1, "Peak Memory Usage": 40, "Workers": [], "Plans": [{"Node Type": "Seq Scan", "Parent Relationship": "Outer", "Parallel Aware": true, "Async Capable": false, "Relation Name": "date_dim", "Alias": "date_dim_1", "Startup Cost": 0.0, "Total Cost": 2175.97, "Plan Rows": 70, "Plan Width": 4, "Actual Startup Time": 2.369, "Actual Total Time": 4.625, "Actual Rows": 120, "Actual Loops": 1, "Filter": "((d_moy >= 1) AND (d_moy <= 4) AND (d_year = 2002))", "Rows Removed by Filter": 72929, "Workers": []}]}]}]}, {"Node Type": "Gather", "Parent Relationship": "SubPlan", "Subplan Name": "SubPlan 4", "Parallel Aware": false, "Async Capable": false, "Startup Cost": 3176.85, "Total Cost": 45409.44, "Plan Rows": 2348, "Plan Width": 4, "Actual Startup Time": 28.938, "Actual Total Time": 35.438, "Actual Rows": 54361, "Actual Loops": 1, "Workers Planned": 4, "Workers Launched": 4, "Single Copy": false, "Plans": [{"Node Type": "Hash Join", "Parent Relationship": "Outer", "Parallel Aware": true, "Async Capable": false, "Join Type": "Inner", "Startup Cost": 2176.85, "Total Cost": 44174.64, "Plan Rows": 587, "Plan Width": 4, "Actual Startup Time": 26.962, "Actual Total Time": 34.298, "Actual Rows": 10872, "Actual Loops": 5, "Inner Unique": true, "Hash Cond": "(catalog_sales.cs_sold_date_sk = date_dim_2.d_date_sk)", "Workers": [], "Plans": [{"Node Type": "Seq Scan", "Parent Relationship": "Outer", "Parallel Aware": true, "Async Capable": false, "Relation Name": "catalog_sales", "Alias": "catalog_sales", "Startup Cost": 0.0, "Total Cost": 41051.75, "Plan Rows": 360375, "Plan Width": 8, "Actual Startup Time": 0.003, "Actual Total Time": 15.457, "Actual Rows": 288310, "Actual Loops": 5, "Workers": []}, {"Node Type": "Hash", "Parent Relationship": "Inner", "Parallel Aware": true, "Async Capable": false, "Startup Cost": 2175.97, "Total Cost": 2175.97, "Plan Rows": 70, "Plan Width": 4, "Actual Startup Time": 0.921, "Actual Total Time": 0.921, "Actual Rows": 24, "Actual Loops": 5, "Hash Buckets": 1024, "Original Hash Buckets": 1024, "Hash Batches": 1, "Original Hash Batches": 1, "Peak Memory Usage": 104, "Workers": [], "Plans": [{"Node Type": "Seq Scan", "Parent Relationship": "Outer", "Parallel Aware": true, "Async Capable": false, "Relation Name": "date_dim", "Alias": "date_dim_2", "Startup Cost": 0.0, "Total Cost": 2175.97, "Plan Rows": 70, "Plan Width": 4, "Actual Startup Time": 0.614, "Actual Total Time": 0.904, "Actual Rows": 24, "Actual Loops": 5, "Filter": "((d_moy >= 1) AND (d_moy <= 4) AND (d_year = 2002))", "Rows Removed by Filter": 14586, "Workers": []}]}]}]}]}]}, {"Node Type": "Index Scan", "Parent Relationship": "Inner", "Parallel Aware": false, "Async Capable": false, "Scan Direction": "Forward", "Index Name": "customer_address_pkey", "Relation Name": "customer_address", "Alias": "ca", "Startup Cost": 0.29, "Total Cost": 0.38, "Plan Rows": 1, "Plan Width": 4, "Actual Startup Time": 0.002, "Actual Total Time": 0.002, "Actual Rows": 0, "Actual Loops": 752, "Index Cond": "(ca_address_sk = c.c_current_addr_sk)", "Rows Removed by Index Recheck": 0, "Filter": "((ca_county)::text = ANY ('{\"Rush County\",\"Toole County\",\"Jefferson County\",\"Dona Ana County\",\"La Porte County\"}'::text[]))", "Rows Removed by Filter": 1}]}]}]}]}]}, "Planning Time": 0.83, "Triggers": [], "Execution Time": 2045.961}