{"Plan": {"Node Type": "Limit", "Parallel Aware": false, "Async Capable": false, "Startup Cost": 24871.82, "Total Cost": 24872.03, "Plan Rows": 84, "Plan Width": 291, "Actual Startup Time": 28.107, "Actual Total Time": 29.514, "Actual Rows": 100, "Actual Loops": 1, "Plans": [{"Node Type": "Sort", "Parent Relationship": "Outer", "Parallel Aware": false, "Async Capable": false, "Startup Cost": 24871.82, "Total Cost": 24872.03, "Plan Rows": 84, "Plan Width": 291, "Actual Startup Time": 28.106, "Actual Total Time": 29.508, "Actual Rows": 100, "Actual Loops": 1, "Sort Key": ["item.i_category", "item.i_class", "item.i_item_id", "item.i_item_desc", "((((sum(web_sales.ws_ext_sales_price)) * 100.0000) / sum((sum(web_sales.ws_ext_sales_price))) OVER (?)))"], "Sort Method": "top-N heapsort", "Sort Space Used": 79, "Sort Space Type": "Memory", "Plans": [{"Node Type": "WindowAgg", "Parent Relationship": "Outer", "Parallel Aware": false, "Async Capable": false, "Startup Cost": 24867.25, "Total Cost": 24869.14, "Plan Rows": 84, "Plan Width": 291, "Actual Startup Time": 27.3, "Actual Total Time": 29.126, "Actual Rows": 1407, "Actual Loops": 1, "Plans": [{"Node Type": "Sort", "Parent Relationship": "Outer", "Parallel Aware": false, "Async Capable": false, "Startup Cost": 24867.25, "Total Cost": 24867.46, "Plan Rows": 84, "Plan Width": 259, "Actual Startup Time": 27.287, "Actual Total Time": 28.719, "Actual Rows": 1407, "Actual Loops": 1, "Sort Key": ["item.i_class"], "Sort Method": "quicksort", "Sort Space Used": 410, "Sort Space Type": "Memory", "Plans": [{"Node Type": "Aggregate", "Strategy": "Sorted", "Partial Mode": "Simple", "Parent Relationship": "Outer", "Parallel Aware": false, "Async Capable": false, "Startup Cost": 24852.31, "Total Cost": 24864.56, "Plan Rows": 84, "Plan Width": 259, "Actual Startup Time": 25.651, "Actual Total Time": 28.112, "Actual Rows": 1407, "Actual Loops": 1, "Group Key": ["item.i_item_id", "item.i_item_desc", "item.i_category", "item.i_class", "item.i_current_price"], "Plans": [{"Node Type": "Gather Merge", "Parent Relationship": "Outer", "Parallel Aware": false, "Async Capable": false, "Startup Cost": 24852.31, "Total Cost": 24862.25, "Plan Rows": 84, "Plan Width": 233, "Actual Startup Time": 25.64, "Actual Total Time": 27.627, "Actual Rows": 2007, "Actual Loops": 1, "Workers Planned": 3, "Workers Launched": 3, "Plans": [{"Node Type": "Sort", "Parent Relationship": "Outer", "Parallel Aware": false, "Async Capable": false, "Startup Cost": 23852.27, "Total Cost": 23852.34, "Plan Rows": 27, "Plan Width": 233, "Actual Startup Time": 24.22, "Actual Total Time": 24.238, "Actual Rows": 502, "Actual Loops": 4, "Sort Key": ["item.i_item_id", "item.i_item_desc", "item.i_category", "item.i_class", "item.i_current_price"], "Sort Method": "quicksort", "Sort Space Used": 152, "Sort Space Type": "Memory", "Workers": [{"Worker Number": 0, "Sort Method": "quicksort", "Sort Space Used": 161, "Sort Space Type": "Memory"}, {"Worker Number": 1, "Sort Method": "quicksort", "Sort Space Used": 149, "Sort Space Type": "Memory"}, {"Worker Number": 2, "Sort Method": "quicksort", "Sort Space Used": 151, "Sort Space Type": "Memory"}], "Plans": [{"Node Type": "Nested Loop", "Parent Relationship": "Outer", "Parallel Aware": false, "Async Capable": false, "Join Type": "Inner", "Startup Cost": 2069.05, "Total Cost": 23851.63, "Plan Rows": 27, "Plan Width": 233, "Actual Startup Time": 1.239, "Actual Total Time": 23.766, "Actual Rows": 502, "Actual Loops": 4, "Inner Unique": true, "Workers": [], "Plans": [{"Node Type": "Hash Join", "Parent Relationship": "Outer", "Parallel Aware": true, "Async Capable": false, "Join Type": "Inner", "Startup Cost": 2068.76, "Total Cost": 23822.54, "Plan Rows": 92, "Plan Width": 10, "Actual Startup Time": 1.208, "Actual Total Time": 21.7, "Actual Rows": 1674, "Actual Loops": 4, "Inner Unique": true, "Hash Cond": "(web_sales.ws_sold_date_sk = date_dim.d_date_sk)", "Workers": [], "Plans": [{"Node Type": "Seq Scan", "Parent Relationship": "Outer", "Parallel Aware": true, "Async Capable": false, "Relation Name": "web_sales", "Alias": "web_sales", "Startup Cost": 0.0, "Total Cost": 21144.59, "Plan Rows": 232059, "Plan Width": 14, "Actual Startup Time": 0.002, "Actual Total Time": 9.827, "Actual Rows": 179846, "Actual Loops": 4, "Workers": []}, {"Node Type": "Hash", "Parent Relationship": "Inner", "Parallel Aware": true, "Async Capable": false, "Startup Cost": 2068.55, "Total Cost": 2068.55, "Plan Rows": 17, "Plan Width": 4, "Actual Startup Time": 1.03, "Actual Total Time": 1.03, "Actual Rows": 8, "Actual Loops": 4, "Hash Buckets": 1024, "Original Hash Buckets": 1024, "Hash Batches": 1, "Original Hash Batches": 1, "Peak Memory Usage": 40, "Workers": [], "Plans": [{"Node Type": "Seq Scan", "Parent Relationship": "Outer", "Parallel Aware": true, "Async Capable": false, "Relation Name": "date_dim", "Alias": "date_dim", "Startup Cost": 0.0, "Total Cost": 2068.55, "Plan Rows": 17, "Plan Width": 4, "Actual Startup Time": 0.869, "Actual Total Time": 1.018, "Actual Rows": 8, "Actual Loops": 4, "Filter": "((d_date >= '1999-02-22'::date) AND (d_date <= '1999-03-24'::date))", "Rows Removed by Filter": 18254, "Workers": []}]}]}, {"Node Type": "Index Scan", "Parent Relationship": "Inner", "Parallel Aware": false, "Async Capable": false, "Scan Direction": "Forward", "Index Name": "item_pkey", "Relation Name": "item", "Alias": "item", "Startup Cost": 0.29, "Total Cost": 0.32, "Plan Rows": 1, "Plan Width": 231, "Actual Startup Time": 0.001, "Actual Total Time": 0.001, "Actual Rows": 0, "Actual Loops": 6694, "Index Cond": "(i_item_sk = web_sales.ws_item_sk)", "Rows Removed by Index Recheck": 0, "Filter": "(i_category = ANY ('{Sports,Books,Home}'::bpchar[]))", "Rows Removed by Filter": 1, "Workers": []}]}]}]}]}]}]}]}]}, "Planning Time": 0.544, "Triggers": [], "Execution Time": 29.615}