{"Plan": {"Node Type": "Limit", "Parallel Aware": false, "Async Capable": false, "Startup Cost": 281053.33, "Total Cost": 281053.37, "Plan Rows": 13, "Plan Width": 108, "Actual Startup Time": 5098.088, "Actual Total Time": 5098.68, "Actual Rows": 100, "Actual Loops": 1, "Plans": [{"Node Type": "Hash Join", "Parent Relationship": "InitPlan", "Subplan Name": "CTE cross_items", "Parallel Aware": false, "Async Capable": false, "Join Type": "Inner", "Startup Cost": 147188.63, "Total Cost": 148794.38, "Plan Rows": 1, "Plan Width": 4, "Actual Startup Time": 538.591, "Actual Total Time": 542.681, "Actual Rows": 16193, "Actual Loops": 1, "Inner Unique": true, "Hash Cond": "((item_3.i_brand_id = sq1.brand_id) AND (item_3.i_class_id = sq1.class_id) AND (item_3.i_category_id = sq1.category_id))", "Plans": [{"Node Type": "Seq Scan", "Parent Relationship": "Outer", "Parallel Aware": false, "Async Capable": false, "Relation Name": "item", "Alias": "item_3", "Startup Cost": 0.0, "Total Cost": 1464.0, "Plan Rows": 18000, "Plan Width": 16, "Actual Startup Time": 0.001, "Actual Total Time": 0.652, "Actual Rows": 18000, "Actual Loops": 1}, {"Node Type": "Hash", "Parent Relationship": "Inner", "Parallel Aware": false, "Async Capable": false, "Startup Cost": 147157.13, "Total Cost": 147157.13, "Plan Rows": 1800, "Plan Width": 12, "Actual Startup Time": 538.581, "Actual Total Time": 539.074, "Actual Rows": 3792, "Actual Loops": 1, "Hash Buckets": 4096, "Original Hash Buckets": 2048, "Hash Batches": 1, "Original Hash Batches": 1, "Peak Memory Usage": 195, "Plans": [{"Node Type": "Subquery Scan", "Parent Relationship": "Outer", "Parallel Aware": false, "Async Capable": false, "Alias": "sq1", "Startup Cost": 4598.69, "Total Cost": 147157.13, "Plan Rows": 1800, "Plan Width": 12, "Actual Startup Time": 538.077, "Actual Total Time": 538.827, "Actual Rows": 3837, "Actual Loops": 1, "Plans": [{"Node Type": "SetOp", "Strategy": "Hashed", "Parent Relationship": "Subquery", "Parallel Aware": false, "Async Capable": false, "Command": "Intersect", "Startup Cost": 4598.69, "Total Cost": 147157.13, "Plan Rows": 1800, "Plan Width": 16, "Actual Startup Time": 538.076, "Actual Total Time": 538.665, "Actual Rows": 3837, "Actual Loops": 1, "Plans": [{"Node Type": "Append", "Parent Relationship": "Outer", "Parallel Aware": false, "Async Capable": false, "Startup Cost": 4598.69, "Total Cost": 147064.16, "Plan Rows": 12396, "Plan Width": 16, "Actual Startup Time": 416.681, "Actual Total Time": 512.04, "Actual Rows": 435895, "Actual Loops": 1, "Subplans Removed": 0, "Plans": [{"Node Type": "Result", "Parent Relationship": "Member", "Parallel Aware": false, "Async Capable": false, "Startup Cost": 4598.69, "Total Cost": 119938.49, "Plan Rows": 1800, "Plan Width": 16, "Actual Startup Time": 416.68, "Actual Total Time": 417.493, "Actual Rows": 3837, "Actual Loops": 1, "Plans": [{"Node Type": "SetOp", "Strategy": "Hashed", "Parent Relationship": "Outer", "Parallel Aware": false, "Async Capable": false, "Command": "Intersect", "Startup Cost": 4598.69, "Total Cost": 119920.49, "Plan Rows": 1800, "Plan Width": 16, "Actual Startup Time": 416.679, "Actual Total Time": 417.329, "Actual Rows": 3837, "Actual Loops": 1, "Plans": [{"Node Type": "Append", "Parent Relationship": "Outer", "Parallel Aware": false, "Async Capable": false, "Startup Cost": 4598.69, "Total Cost": 119443.0, "Plan Rows": 63666, "Plan Width": 16, "Actual Startup Time": 4.302, "Actual Total Time": 287.866, "Actual Rows": 2504247, "Actual Loops": 1, "Subplans Removed": 0, "Plans": [{"Node Type": "Subquery Scan", "Parent Relationship": "Member", "Parallel Aware": false, "Async Capable": false, "Alias": "*SELECT* 1", "Startup Cost": 4598.69, "Total Cost": 70178.62, "Plan Rows": 42433, "Plan Width": 16, "Actual Startup Time": 4.301, "Actual Total Time": 117.041, "Actual Rows": 1644312, "Actual Loops": 1, "Plans": [{"Node Type": "Gather", "Parent Relationship": "Subquery", "Parallel Aware": false, "Async Capable": false, "Startup Cost": 4598.69, "Total Cost": 69754.29, "Plan Rows": 42433, "Plan Width": 12, "Actual Startup Time": 4.301, "Actual Total Time": 44.153, "Actual Rows": 1644312, "Actual Loops": 1, "Workers Planned": 4, "Workers Launched": 4, "Single Copy": false, "Plans": [{"Node Type": "Hash Join", "Parent Relationship": "Outer", "Parallel Aware": true, "Async Capable": false, "Join Type": "Inner", "Startup Cost": 3598.69, "Total Cost": 64510.99, "Plan Rows": 10608, "Plan Width": 12, "Actual Startup Time": 2.858, "Actual Total Time": 90.14, "Actual Rows": 328862, "Actual Loops": 5, "Inner Unique": true, "Hash Cond": "(store_sales_1.ss_item_sk = iss.i_item_sk)", "Workers": [], "Plans": [{"Node Type": "Hash Join", "Parent Relationship": "Outer", "Parallel Aware": true, "Async Capable": false, "Join Type": "Inner", "Startup Cost": 2076.46, "Total Cost": 62960.9, "Plan Rows": 10608, "Plan Width": 4, "Actual Startup Time": 1.067, "Actual Total Time": 61.469, "Actual Rows": 328862, "Actual Loops": 5, "Inner Unique": true, "Hash Cond": "(store_sales_1.ss_sold_date_sk = d1.d_date_sk)", "Workers": [], "Plans": [{"Node Type": "Seq Scan", "Parent Relationship": "Outer", "Parallel Aware": true, "Async Capable": false, "Relation Name": "store_sales", "Alias": "store_sales_1", "Startup Cost": 0.0, "Total Cost": 58993.85, "Plan Rows": 720185, "Plan Width": 8, "Actual Startup Time": 0.005, "Actual Total Time": 24.412, "Actual Rows": 576081, "Actual Loops": 5, "Workers": []}, {"Node Type": "Hash", "Parent Relationship": "Inner", "Parallel Aware": true, "Async Capable": false, "Startup Cost": 2068.55, "Total Cost": 2068.55, "Plan Rows": 633, "Plan Width": 4, "Actual Startup Time": 1.049, "Actual Total Time": 1.049, "Actual Rows": 219, "Actual Loops": 5, "Hash Buckets": 2048, "Original Hash Buckets": 2048, "Hash Batches": 1, "Original Hash Batches": 1, "Peak Memory Usage": 176, "Workers": [], "Plans": [{"Node Type": "Seq Scan", "Parent Relationship": "Outer", "Parallel Aware": true, "Async Capable": false, "Relation Name": "date_dim", "Alias": "d1", "Startup Cost": 0.0, "Total Cost": 2068.55, "Plan Rows": 633, "Plan Width": 4, "Actual Startup Time": 0.5, "Actual Total Time": 1.019, "Actual Rows": 219, "Actual Loops": 5, "Filter": "((d_year >= 1999) AND (d_year <= 2001))", "Rows Removed by Filter": 14391, "Workers": []}]}]}, {"Node Type": "Hash", "Parent Relationship": "Inner", "Parallel Aware": true, "Async Capable": false, "Startup Cost": 1389.88, "Total Cost": 1389.88, "Plan Rows": 10588, "Plan Width": 16, "Actual Startup Time": 1.709, "Actual Total Time": 1.71, "Actual Rows": 3600, "Actual Loops": 5, "Hash Buckets": 32768, "Original Hash Buckets": 32768, "Hash Batches": 1, "Original Hash Batches": 1, "Peak Memory Usage": 1216, "Workers": [], "Plans": [{"Node Type": "Seq Scan", "Parent Relationship": "Outer", "Parallel Aware": true, "Async Capable": false, "Relation Name": "item", "Alias": "iss", "Startup Cost": 0.0, "Total Cost": 1389.88, "Plan Rows": 10588, "Plan Width": 16, "Actual Startup Time": 0.004, "Actual Total Time": 1.315, "Actual Rows": 3600, "Actual Loops": 5, "Workers": []}]}]}]}]}, {"Node Type": "Subquery Scan", "Parent Relationship": "Member", "Parallel Aware": false, "Async Capable": false, "Alias": "*SELECT* 2", "Startup Cost": 4598.69, "Total Cost": 48946.05, "Plan Rows": 21233, "Plan Width": 16, "Actual Startup Time": 13.472, "Actual Total Time": 79.41, "Actual Rows": 859935, "Actual Loops": 1, "Plans": [{"Node Type": "Gather", "Parent Relationship": "Subquery", "Parallel Aware": false, "Async Capable": false, "Startup Cost": 4598.69, "Total Cost": 48733.72, "Plan Rows": 21233, "Plan Width": 12, "Actual Startup Time": 13.471, "Actual Total Time": 41.427, "Actual Rows": 859935, "Actual Loops": 1, "Workers Planned": 4, "Workers Launched": 3, "Single Copy": false, "Plans": [{"Node Type": "Hash Join", "Parent Relationship": "Outer", "Parallel Aware": true, "Async Capable": false, "Join Type": "Inner", "Startup Cost": 3598.69, "Total Cost": 45610.42, "Plan Rows": 5308, "Plan Width": 12, "Actual Startup Time": 10.846, "Actual Total Time": 71.875, "Actual Rows": 214984, "Actual Loops": 4, "Inner Unique": true, "Hash Cond": "(catalog_sales_1.cs_item_sk = ics.i_item_sk)", "Workers": [], "Plans": [{"Node Type": "Hash Join", "Parent Relationship": "Outer", "Parallel Aware": true, "Async Capable": false, "Join Type": "Inner", "Startup Cost": 2076.46, "Total Cost": 44074.26, "Plan Rows": 5308, "Plan Width": 4, "Actual Startup Time": 8.863, "Actual Total Time": 51.562, "Actual Rows": 214984, "Actual Loops": 4, "Inner Unique": true, "Hash Cond": "(catalog_sales_1.cs_sold_date_sk = d2.d_date_sk)", "Workers": [], "Plans": [{"Node Type": "Seq Scan", "Parent Relationship": "Outer", "Parallel Aware": true, "Async Capable": false, "Relation Name": "catalog_sales", "Alias": "catalog_sales_1", "Startup Cost": 0.0, "Total Cost": 41051.75, "Plan Rows": 360375, "Plan Width": 8, "Actual Startup Time": 0.003, "Actual Total Time": 19.537, "Actual Rows": 360387, "Actual Loops": 4, "Workers": []}, {"Node Type": "Hash", "Parent Relationship": "Inner", "Parallel Aware": true, "Async Capable": false, "Startup Cost": 2068.55, "Total Cost": 2068.55, "Plan Rows": 633, "Plan Width": 4, "Actual Startup Time": 1.093, "Actual Total Time": 1.094, "Actual Rows": 274, "Actual Loops": 4, "Hash Buckets": 2048, "Original Hash Buckets": 2048, "Hash Batches": 1, "Original Hash Batches": 1, "Peak Memory Usage": 144, "Workers": [], "Plans": [{"Node Type": "Seq Scan", "Parent Relationship": "Outer", "Parallel Aware": true, "Async Capable": false, "Relation Name": "date_dim", "Alias": "d2", "Startup Cost": 0.0, "Total Cost": 2068.55, "Plan Rows": 633, "Plan Width": 4, "Actual Startup Time": 0.532, "Actual Total Time": 1.062, "Actual Rows": 274, "Actual Loops": 4, "Filter": "((d_year >= 1999) AND (d_year <= 2001))", "Rows Removed by Filter": 17988, "Workers": []}]}]}, {"Node Type": "Hash", "Parent Relationship": "Inner", "Parallel Aware": true, "Async Capable": false, "Startup Cost": 1389.88, "Total Cost": 1389.88, "Plan Rows": 10588, "Plan Width": 16, "Actual Startup Time": 1.895, "Actual Total Time": 1.896, "Actual Rows": 4500, "Actual Loops": 4, "Hash Buckets": 32768, "Original Hash Buckets": 32768, "Hash Batches": 1, "Original Hash Batches": 1, "Peak Memory Usage": 1184, "Workers": [], "Plans": [{"Node Type": "Seq Scan", "Parent Relationship": "Outer", "Parallel Aware": true, "Async Capable": false, "Relation Name": "item", "Alias": "ics", "Startup Cost": 0.0, "Total Cost": 1389.88, "Plan Rows": 10588, "Plan Width": 16, "Actual Startup Time": 0.004, "Actual Total Time": 1.406, "Actual Rows": 4500, "Actual Loops": 4, "Workers": []}]}]}]}]}]}]}]}, {"Node Type": "Subquery Scan", "Parent Relationship": "Member", "Parallel Aware": false, "Async Capable": false, "Alias": "*SELECT* 3", "Startup Cost": 3076.75, "Total Cost": 27063.69, "Plan Rows": 10596, "Plan Width": 16, "Actual Startup Time": 3.158, "Actual Total Time": 78.445, "Actual Rows": 432058, "Actual Loops": 1, "Plans": [{"Node Type": "Gather", "Parent Relationship": "Subquery", "Parallel Aware": false, "Async Capable": false, "Startup Cost": 3076.75, "Total Cost": 26957.73, "Plan Rows": 10596, "Plan Width": 12, "Actual Startup Time": 3.156, "Actual Total Time": 59.159, "Actual Rows": 432058, "Actual Loops": 1, "Workers Planned": 3, "Workers Launched": 3, "Single Copy": false, "Plans": [{"Node Type": "Nested Loop", "Parent Relationship": "Outer", "Parallel Aware": false, "Async Capable": false, "Join Type": "Inner", "Startup Cost": 2076.75, "Total Cost": 24898.13, "Plan Rows": 3418, "Plan Width": 12, "Actual Startup Time": 1.442, "Actual Total Time": 94.655, "Actual Rows": 108014, "Actual Loops": 4, "Inner Unique": true, "Workers": [], "Plans": [{"Node Type": "Hash Join", "Parent Relationship": "Outer", "Parallel Aware": true, "Async Capable": false, "Join Type": "Inner", "Startup Cost": 2076.46, "Total Cost": 23830.24, "Plan Rows": 3418, "Plan Width": 4, "Actual Startup Time": 1.411, "Actual Total Time": 30.625, "Actual Rows": 108014, "Actual Loops": 4, "Inner Unique": true, "Hash Cond": "(web_sales_1.ws_sold_date_sk = d3.d_date_sk)", "Workers": [], "Plans": [{"Node Type": "Seq Scan", "Parent Relationship": "Outer", "Parallel Aware": true, "Async Capable": false, "Relation Name": "web_sales", "Alias": "web_sales_1", "Startup Cost": 0.0, "Total Cost": 21144.59, "Plan Rows": 232059, "Plan Width": 8, "Actual Startup Time": 0.005, "Actual Total Time": 10.241, "Actual Rows": 179846, "Actual Loops": 4, "Workers": []}, {"Node Type": "Hash", "Parent Relationship": "Inner", "Parallel Aware": true, "Async Capable": false, "Startup Cost": 2068.55, "Total Cost": 2068.55, "Plan Rows": 633, "Plan Width": 4, "Actual Startup Time": 1.302, "Actual Total Time": 1.303, "Actual Rows": 274, "Actual Loops": 4, "Hash Buckets": 2048, "Original Hash Buckets": 2048, "Hash Batches": 1, "Original Hash Batches": 1, "Peak Memory Usage": 144, "Workers": [], "Plans": [{"Node Type": "Seq Scan", "Parent Relationship": "Outer", "Parallel Aware": true, "Async Capable": false, "Relation Name": "date_dim", "Alias": "d3", "Startup Cost": 0.0, "Total Cost": 2068.55, "Plan Rows": 633, "Plan Width": 4, "Actual Startup Time": 0.54, "Actual Total Time": 1.065, "Actual Rows": 274, "Actual Loops": 4, "Filter": "((d_year >= 1999) AND (d_year <= 2001))", "Rows Removed by Filter": 17988, "Workers": []}]}]}, {"Node Type": "Index Scan", "Parent Relationship": "Inner", "Parallel Aware": false, "Async Capable": false, "Scan Direction": "Forward", "Index Name": "item_pkey", "Relation Name": "item", "Alias": "iws", "Startup Cost": 0.29, "Total Cost": 0.31, "Plan Rows": 1, "Plan Width": 16, "Actual Startup Time": 0.0, "Actual Total Time": 0.0, "Actual Rows": 1, "Actual Loops": 432058, "Index Cond": "(i_item_sk = web_sales_1.ws_item_sk)", "Rows Removed by Index Recheck": 0, "Workers": []}]}]}]}]}]}]}]}]}, {"Node Type": "Aggregate", "Strategy": "Plain", "Partial Mode": "Finalize", "Parent Relationship": "InitPlan", "Subplan Name": "CTE avg_sales", "Parallel Aware": false, "Async Capable": false, "Startup Cost": 132097.9, "Total Cost": 132097.91, "Plan Rows": 1, "Plan Width": 32, "Actual Startup Time": 190.824, "Actual Total Time": 190.905, "Actual Rows": 1, "Actual Loops": 1, "Plans": [{"Node Type": "Gather", "Parent Relationship": "Outer", "Parallel Aware": false, "Async Capable": false, "Startup Cost": 132097.46, "Total Cost": 132097.87, "Plan Rows": 4, "Plan Width": 32, "Actual Startup Time": 190.736, "Actual Total Time": 190.896, "Actual Rows": 5, "Actual Loops": 1, "Workers Planned": 4, "Workers Launched": 4, "Single Copy": false, "Plans": [{"Node Type": "Aggregate", "Strategy": "Plain", "Partial Mode": "Partial", "Parent Relationship": "Outer", "Parallel Aware": false, "Async Capable": false, "Startup Cost": 131097.46, "Total Cost": 131097.47, "Plan Rows": 1, "Plan Width": 32, "Actual Startup Time": 188.857, "Actual Total Time": 188.862, "Actual Rows": 1, "Actual Loops": 5, "Workers": [], "Plans": [{"Node Type": "Append", "Parent Relationship": "Outer", "Parallel Aware": true, "Async Capable": false, "Startup Cost": 2076.46, "Total Cost": 130958.22, "Plan Rows": 18565, "Plan Width": 10, "Actual Startup Time": 5.287, "Actual Total Time": 141.658, "Actual Rows": 587261, "Actual Loops": 5, "Workers": [], "Subplans Removed": 0, "Plans": [{"Node Type": "Hash Join", "Parent Relationship": "Member", "Parallel Aware": true, "Async Capable": false, "Join Type": "Inner", "Startup Cost": 2076.46, "Total Cost": 62960.9, "Plan Rows": 10608, "Plan Width": 10, "Actual Startup Time": 0.629, "Actual Total Time": 62.572, "Actual Rows": 328862, "Actual Loops": 5, "Inner Unique": true, "Hash Cond": "(store_sales_2.ss_sold_date_sk = date_dim_3.d_date_sk)", "Workers": [], "Plans": [{"Node Type": "Seq Scan", "Parent Relationship": "Outer", "Parallel Aware": true, "Async Capable": false, "Relation Name": "store_sales", "Alias": "store_sales_2", "Startup Cost": 0.0, "Total Cost": 58993.85, "Plan Rows": 720185, "Plan Width": 14, "Actual Startup Time": 0.005, "Actual Total Time": 22.954, "Actual Rows": 576081, "Actual Loops": 5, "Workers": []}, {"Node Type": "Hash", "Parent Relationship": "Inner", "Parallel Aware": true, "Async Capable": false, "Startup Cost": 2068.55, "Total Cost": 2068.55, "Plan Rows": 633, "Plan Width": 4, "Actual Startup Time": 0.593, "Actual Total Time": 0.594, "Actual Rows": 219, "Actual Loops": 5, "Hash Buckets": 2048, "Original Hash Buckets": 2048, "Hash Batches": 1, "Original Hash Batches": 1, "Peak Memory Usage": 80, "Workers": [], "Plans": [{"Node Type": "Seq Scan", "Parent Relationship": "Outer", "Parallel Aware": true, "Async Capable": false, "Relation Name": "date_dim", "Alias": "date_dim_3", "Startup Cost": 0.0, "Total Cost": 2068.55, "Plan Rows": 633, "Plan Width": 4, "Actual Startup Time": 0.809, "Actual Total Time": 1.433, "Actual Rows": 548, "Actual Loops": 2, "Filter": "((d_year >= 1999) AND (d_year <= 2001))", "Rows Removed by Filter": 35976, "Workers": []}]}]}, {"Node Type": "Hash Join", "Parent Relationship": "Member", "Parallel Aware": true, "Async Capable": false, "Join Type": "Inner", "Startup Cost": 2076.46, "Total Cost": 44074.26, "Plan Rows": 5308, "Plan Width": 10, "Actual Startup Time": 6.334, "Actual Total Time": 62.653, "Actual Rows": 286645, "Actual Loops": 3, "Inner Unique": true, "Hash Cond": "(catalog_sales_2.cs_sold_date_sk = date_dim_4.d_date_sk)", "Workers": [], "Plans": [{"Node Type": "Seq Scan", "Parent Relationship": "Outer", "Parallel Aware": true, "Async Capable": false, "Relation Name": "catalog_sales", "Alias": "catalog_sales_2", "Startup Cost": 0.0, "Total Cost": 41051.75, "Plan Rows": 360375, "Plan Width": 14, "Actual Startup Time": 0.001, "Actual Total Time": 22.026, "Actual Rows": 480516, "Actual Loops": 3, "Workers": []}, {"Node Type": "Hash", "Parent Relationship": "Inner", "Parallel Aware": true, "Async Capable": false, "Startup Cost": 2068.55, "Total Cost": 2068.55, "Plan Rows": 633, "Plan Width": 4, "Actual Startup Time": 0.715, "Actual Total Time": 0.715, "Actual Rows": 365, "Actual Loops": 3, "Hash Buckets": 2048, "Original Hash Buckets": 2048, "Hash Batches": 1, "Original Hash Batches": 1, "Peak Memory Usage": 80, "Workers": [], "Plans": [{"Node Type": "Seq Scan", "Parent Relationship": "Outer", "Parallel Aware": true, "Async Capable": false, "Relation Name": "date_dim", "Alias": "date_dim_4", "Startup Cost": 0.0, "Total Cost": 2068.55, "Plan Rows": 633, "Plan Width": 4, "Actual Startup Time": 1.014, "Actual Total Time": 2.086, "Actual Rows": 1096, "Actual Loops": 1, "Filter": "((d_year >= 1999) AND (d_year <= 2001))", "Rows Removed by Filter": 71953, "Workers": []}]}]}, {"Node Type": "Hash Join", "Parent Relationship": "Member", "Parallel Aware": true, "Async Capable": false, "Join Type": "Inner", "Startup Cost": 2076.46, "Total Cost": 23830.24, "Plan Rows": 3418, "Plan Width": 10, "Actual Startup Time": 2.177, "Actual Total Time": 49.627, "Actual Rows": 216029, "Actual Loops": 2, "Inner Unique": true, "Hash Cond": "(web_sales_2.ws_sold_date_sk = date_dim_5.d_date_sk)", "Workers": [], "Plans": [{"Node Type": "Seq Scan", "Parent Relationship": "Outer", "Parallel Aware": true, "Async Capable": false, "Relation Name": "web_sales", "Alias": "web_sales_2", "Startup Cost": 0.0, "Total Cost": 21144.59, "Plan Rows": 232059, "Plan Width": 14, "Actual Startup Time": 0.003, "Actual Total Time": 16.399, "Actual Rows": 359692, "Actual Loops": 2, "Workers": []}, {"Node Type": "Hash", "Parent Relationship": "Inner", "Parallel Aware": true, "Async Capable": false, "Startup Cost": 2068.55, "Total Cost": 2068.55, "Plan Rows": 633, "Plan Width": 4, "Actual Startup Time": 2.087, "Actual Total Time": 2.087, "Actual Rows": 548, "Actual Loops": 2, "Hash Buckets": 2048, "Original Hash Buckets": 2048, "Hash Batches": 1, "Original Hash Batches": 1, "Peak Memory Usage": 80, "Workers": [], "Plans": [{"Node Type": "Seq Scan", "Parent Relationship": "Outer", "Parallel Aware": true, "Async Capable": false, "Relation Name": "date_dim", "Alias": "date_dim_5", "Startup Cost": 0.0, "Total Cost": 2068.55, "Plan Rows": 633, "Plan Width": 4, "Actual Startup Time": 1.061, "Actual Total Time": 2.048, "Actual Rows": 548, "Actual Loops": 2, "Filter": "((d_year >= 1999) AND (d_year <= 2001))", "Rows Removed by Filter": 35976, "Workers": []}]}]}]}]}]}]}, {"Node Type": "Sort", "Parent Relationship": "Outer", "Parallel Aware": false, "Async Capable": false, "Startup Cost": 161.05, "Total Cost": 161.08, "Plan Rows": 13, "Plan Width": 108, "Actual Startup Time": 5098.086, "Actual Total Time": 5098.099, "Actual Rows": 100, "Actual Loops": 1, "Sort Key": ["('store'::text) NULLS FIRST", "item.i_brand_id NULLS FIRST", "item.i_class_id NULLS FIRST", "item.i_category_id NULLS FIRST"], "Sort Method": "top-N heapsort", "Sort Space Used": 32, "Sort Space Type": "Memory", "Plans": [{"Node Type": "Aggregate", "Strategy": "Sorted", "Partial Mode": "Simple", "Parent Relationship": "Outer", "Parallel Aware": false, "Async Capable": false, "Startup Cost": 160.56, "Total Cost": 160.81, "Plan Rows": 13, "Plan Width": 108, "Actual Startup Time": 5090.886, "Actual Total Time": 5096.56, "Actual Rows": 19849, "Actual Loops": 1, "Grouping Sets": [{"Group Keys": [["('store'::text)", "item.i_brand_id", "item.i_class_id", "item.i_category_id"], ["('store'::text)", "item.i_brand_id", "item.i_class_id"], ["('store'::text)", "item.i_brand_id"], ["('store'::text)"], []]}], "Plans": [{"Node Type": "Sort", "Parent Relationship": "Outer", "Parallel Aware": false, "Async Capable": false, "Startup Cost": 160.56, "Total Cost": 160.57, "Plan Rows": 3, "Plan Width": 84, "Actual Startup Time": 5090.879, "Actual Total Time": 5091.097, "Actual Rows": 9856, "Actual Loops": 1, "Sort Key": ["('store'::text)", "item.i_brand_id", "item.i_class_id", "item.i_category_id"], "Sort Method": "quicksort", "Sort Space Used": 996, "Sort Space Type": "Memory", "Plans": [{"Node Type": "Append", "Parent Relationship": "Outer", "Parallel Aware": false, "Async Capable": false, "Startup Cost": 82.85, "Total Cost": 160.54, "Plan Rows": 3, "Plan Width": 84, "Actual Startup Time": 3171.966, "Actual Total Time": 5088.641, "Actual Rows": 9856, "Actual Loops": 1, "Subplans Removed": 0, "Plans": [{"Node Type": "Aggregate", "Strategy": "Sorted", "Partial Mode": "Simple", "Parent Relationship": "Member", "Parallel Aware": false, "Async Capable": false, "Startup Cost": 82.85, "Total Cost": 82.88, "Plan Rows": 1, "Plan Width": 84, "Actual Startup Time": 3171.965, "Actual Total Time": 3184.725, "Actual Rows": 3509, "Actual Loops": 1, "Group Key": ["item.i_brand_id", "item.i_class_id", "item.i_category_id"], "Filter": "(sum(((store_sales.ss_quantity)::numeric * store_sales.ss_list_price)) > $7)", "Rows Removed by Filter": 20, "Plans": [{"Node Type": "CTE Scan", "Parent Relationship": "InitPlan", "Subplan Name": "InitPlan 3 (returns $7)", "Parallel Aware": false, "Async Capable": false, "CTE Name": "avg_sales", "Alias": "avg_sales", "Startup Cost": 0.0, "Total Cost": 0.02, "Plan Rows": 1, "Plan Width": 32, "Actual Startup Time": 190.826, "Actual Total Time": 190.827, "Actual Rows": 1, "Actual Loops": 1}, {"Node Type": "Sort", "Parent Relationship": "Outer", "Parallel Aware": false, "Async Capable": false, "Startup Cost": 82.83, "Total Cost": 82.83, "Plan Rows": 1, "Plan Width": 22, "Actual Startup Time": 2981.114, "Actual Total Time": 2984.148, "Actual Rows": 86582, "Actual Loops": 1, "Sort Key": ["item.i_brand_id", "item.i_class_id", "item.i_category_id"], "Sort Method": "quicksort", "Sort Space Used": 6781, "Sort Space Type": "Memory", "Plans": [{"Node Type": "Nested Loop", "Parent Relationship": "Outer", "Parallel Aware": false, "Async Capable": false, "Join Type": "Inner", "Startup Cost": 1.03, "Total Cost": 82.82, "Plan Rows": 1, "Plan Width": 22, "Actual Startup Time": 545.109, "Actual Total Time": 2970.795, "Actual Rows": 86582, "Actual Loops": 1, "Inner Unique": true, "Plans": [{"Node Type": "Nested Loop", "Parent Relationship": "Outer", "Parallel Aware": false, "Async Capable": false, "Join Type": "Inner", "Startup Cost": 0.74, "Total Cost": 27.29, "Plan Rows": 175, "Plan Width": 26, "Actual Startup Time": 545.051, "Actual Total Time": 1733.771, "Actual Rows": 2755979, "Actual Loops": 1, "Inner Unique": false, "Plans": [{"Node Type": "Nested Loop", "Parent Relationship": "Outer", "Parallel Aware": false, "Async Capable": false, "Join Type": "Inner", "Startup Cost": 0.31, "Total Cost": 8.34, "Plan Rows": 1, "Plan Width": 20, "Actual Startup Time": 545.027, "Actual Total Time": 565.925, "Actual Rows": 16193, "Actual Loops": 1, "Inner Unique": true, "Plans": [{"Node Type": "Aggregate", "Strategy": "Hashed", "Partial Mode": "Simple", "Parent Relationship": "Outer", "Parallel Aware": false, "Async Capable": false, "Startup Cost": 0.02, "Total Cost": 0.03, "Plan Rows": 1, "Plan Width": 4, "Actual Startup Time": 545.022, "Actual Total Time": 547.841, "Actual Rows": 16193, "Actual Loops": 1, "Group Key": ["cross_items.ss_item_sk"], "Planned Partitions": 0, "HashAgg Batches": 1, "Peak Memory Usage": 1833, "Disk Usage": 0, "Plans": [{"Node Type": "CTE Scan", "Parent Relationship": "Outer", "Parallel Aware": false, "Async Capable": false, "CTE Name": "cross_items", "Alias": "cross_items", "Startup Cost": 0.0, "Total Cost": 0.02, "Plan Rows": 1, "Plan Width": 4, "Actual Startup Time": 538.592, "Actual Total Time": 543.353, "Actual Rows": 16193, "Actual Loops": 1}]}, {"Node Type": "Index Scan", "Parent Relationship": "Inner", "Parallel Aware": false, "Async Capable": false, "Scan Direction": "Forward", "Index Name": "item_pkey", "Relation Name": "item", "Alias": "item", "Startup Cost": 0.29, "Total Cost": 8.3, "Plan Rows": 1, "Plan Width": 16, "Actual Startup Time": 0.001, "Actual Total Time": 0.001, "Actual Rows": 1, "Actual Loops": 16193, "Index Cond": "(i_item_sk = cross_items.ss_item_sk)", "Rows Removed by Index Recheck": 0}]}, {"Node Type": "Index Scan", "Parent Relationship": "Inner", "Parallel Aware": false, "Async Capable": false, "Scan Direction": "Forward", "Index Name": "store_sales_pkey", "Relation Name": "store_sales", "Alias": "store_sales", "Startup Cost": 0.43, "Total Cost": 17.21, "Plan Rows": 175, "Plan Width": 18, "Actual Startup Time": 0.004, "Actual Total Time": 0.06, "Actual Rows": 170, "Actual Loops": 16193, "Index Cond": "(ss_item_sk = item.i_item_sk)", "Rows Removed by Index Recheck": 0}]}, {"Node Type": "Index Scan", "Parent Relationship": "Inner", "Parallel Aware": false, "Async Capable": false, "Scan Direction": "Forward", "Index Name": "date_dim_pkey", "Relation Name": "date_dim", "Alias": "date_dim", "Startup Cost": 0.29, "Total Cost": 0.32, "Plan Rows": 1, "Plan Width": 4, "Actual Startup Time": 0.0, "Actual Total Time": 0.0, "Actual Rows": 0, "Actual Loops": 2755979, "Index Cond": "(d_date_sk = store_sales.ss_sold_date_sk)", "Rows Removed by Index Recheck": 0, "Filter": "((d_year = 2001) AND (d_moy = 11))", "Rows Removed by Filter": 1}]}]}]}, {"Node Type": "Aggregate", "Strategy": "Sorted", "Partial Mode": "Simple", "Parent Relationship": "Member", "Parallel Aware": false, "Async Capable": false, "Startup Cost": 48.56, "Total Cost": 48.6, "Plan Rows": 1, "Plan Width": 84, "Actual Startup Time": 1261.164, "Actual Total Time": 1267.688, "Actual Rows": 3408, "Actual Loops": 1, "Group Key": ["item_1.i_brand_id", "item_1.i_class_id", "item_1.i_category_id"], "Filter": "(sum(((catalog_sales.cs_quantity)::numeric * catalog_sales.cs_list_price)) > $8)", "Rows Removed by Filter": 109, "Plans": [{"Node Type": "CTE Scan", "Parent Relationship": "InitPlan", "Subplan Name": "InitPlan 4 (returns $8)", "Parallel Aware": false, "Async Capable": false, "CTE Name": "avg_sales", "Alias": "avg_sales_1", "Startup Cost": 0.0, "Total Cost": 0.02, "Plan Rows": 1, "Plan Width": 32, "Actual Startup Time": 0.001, "Actual Total Time": 0.001, "Actual Rows": 1, "Actual Loops": 1}, {"Node Type": "Sort", "Parent Relationship": "Outer", "Parallel Aware": false, "Async Capable": false, "Startup Cost": 48.54, "Total Cost": 48.54, "Plan Rows": 1, "Plan Width": 22, "Actual Startup Time": 1261.149, "Actual Total Time": 1262.207, "Actual Rows": 46537, "Actual Loops": 1, "Sort Key": ["item_1.i_brand_id", "item_1.i_class_id", "item_1.i_category_id"], "Sort Method": "quicksort", "Sort Space Used": 3717, "Sort Space Type": "Memory", "Plans": [{"Node Type": "Nested Loop", "Parent Relationship": "Outer", "Parallel Aware": false, "Async Capable": false, "Join Type": "Inner", "Startup Cost": 1.03, "Total Cost": 48.53, "Plan Rows": 1, "Plan Width": 22, "Actual Startup Time": 2.136, "Actual Total Time": 1254.494, "Actual Rows": 46537, "Actual Loops": 1, "Inner Unique": true, "Plans": [{"Node Type": "Nested Loop", "Parent Relationship": "Outer", "Parallel Aware": false, "Async Capable": false, "Join Type": "Inner", "Startup Cost": 0.74, "Total Cost": 20.73, "Plan Rows": 87, "Plan Width": 26, "Actual Startup Time": 1.961, "Actual Total Time": 629.148, "Actual Rows": 1379742, "Actual Loops": 1, "Inner Unique": false, "Plans": [{"Node Type": "Nested Loop", "Parent Relationship": "Outer", "Parallel Aware": false, "Async Capable": false, "Join Type": "Inner", "Startup Cost": 0.31, "Total Cost": 8.34, "Plan Rows": 1, "Plan Width": 20, "Actual Startup Time": 1.939, "Actual Total Time": 22.947, "Actual Rows": 16193, "Actual Loops": 1, "Inner Unique": true, "Plans": [{"Node Type": "Aggregate", "Strategy": "Hashed", "Partial Mode": "Simple", "Parent Relationship": "Outer", "Parallel Aware": false, "Async Capable": false, "Startup Cost": 0.02, "Total Cost": 0.03, "Plan Rows": 1, "Plan Width": 4, "Actual Startup Time": 1.925, "Actual Total Time": 4.714, "Actual Rows": 16193, "Actual Loops": 1, "Group Key": ["cross_items_1.ss_item_sk"], "Planned Partitions": 0, "HashAgg Batches": 1, "Peak Memory Usage": 1833, "Disk Usage": 0, "Plans": [{"Node Type": "CTE Scan", "Parent Relationship": "Outer", "Parallel Aware": false, "Async Capable": false, "CTE Name": "cross_items", "Alias": "cross_items_1", "Startup Cost": 0.0, "Total Cost": 0.02, "Plan Rows": 1, "Plan Width": 4, "Actual Startup Time": 0.001, "Actual Total Time": 0.408, "Actual Rows": 16193, "Actual Loops": 1}]}, {"Node Type": "Index Scan", "Parent Relationship": "Inner", "Parallel Aware": false, "Async Capable": false, "Scan Direction": "Forward", "Index Name": "item_pkey", "Relation Name": "item", "Alias": "item_1", "Startup Cost": 0.29, "Total Cost": 8.3, "Plan Rows": 1, "Plan Width": 16, "Actual Startup Time": 0.001, "Actual Total Time": 0.001, "Actual Rows": 1, "Actual Loops": 16193, "Index Cond": "(i_item_sk = cross_items_1.ss_item_sk)", "Rows Removed by Index Recheck": 0}]}, {"Node Type": "Index Scan", "Parent Relationship": "Inner", "Parallel Aware": false, "Async Capable": false, "Scan Direction": "Forward", "Index Name": "catalog_sales_pkey", "Relation Name": "catalog_sales", "Alias": "catalog_sales", "Startup Cost": 0.43, "Total Cost": 11.52, "Plan Rows": 87, "Plan Width": 18, "Actual Startup Time": 0.003, "Actual Total Time": 0.03, "Actual Rows": 85, "Actual Loops": 16193, "Index Cond": "(cs_item_sk = item_1.i_item_sk)", "Rows Removed by Index Recheck": 0}]}, {"Node Type": "Index Scan", "Parent Relationship": "Inner", "Parallel Aware": false, "Async Capable": false, "Scan Direction": "Forward", "Index Name": "date_dim_pkey", "Relation Name": "date_dim", "Alias": "date_dim_1", "Startup Cost": 0.29, "Total Cost": 0.32, "Plan Rows": 1, "Plan Width": 4, "Actual Startup Time": 0.0, "Actual Total Time": 0.0, "Actual Rows": 0, "Actual Loops": 1379742, "Index Cond": "(d_date_sk = catalog_sales.cs_sold_date_sk)", "Rows Removed by Index Recheck": 0, "Filter": "((d_year = 2001) AND (d_moy = 11))", "Rows Removed by Filter": 1}]}]}]}, {"Node Type": "Aggregate", "Strategy": "Sorted", "Partial Mode": "Simple", "Parent Relationship": "Member", "Parallel Aware": false, "Async Capable": false, "Startup Cost": 29.01, "Total Cost": 29.04, "Plan Rows": 1, "Plan Width": 84, "Actual Startup Time": 632.202, "Actual Total Time": 635.866, "Actual Rows": 2939, "Actual Loops": 1, "Group Key": ["item_2.i_brand_id", "item_2.i_class_id", "item_2.i_category_id"], "Filter": "(sum(((web_sales.ws_quantity)::numeric * web_sales.ws_list_price)) > $9)", "Rows Removed by Filter": 423, "Plans": [{"Node Type": "CTE Scan", "Parent Relationship": "InitPlan", "Subplan Name": "InitPlan 5 (returns $9)", "Parallel Aware": false, "Async Capable": false, "CTE Name": "avg_sales", "Alias": "avg_sales_2", "Startup Cost": 0.0, "Total Cost": 0.02, "Plan Rows": 1, "Plan Width": 32, "Actual Startup Time": 0.001, "Actual Total Time": 0.002, "Actual Rows": 1, "Actual Loops": 1}, {"Node Type": "Sort", "Parent Relationship": "Outer", "Parallel Aware": false, "Async Capable": false, "Startup Cost": 28.99, "Total Cost": 28.99, "Plan Rows": 1, "Plan Width": 22, "Actual Startup Time": 632.19, "Actual Total Time": 632.733, "Actual Rows": 23443, "Actual Loops": 1, "Sort Key": ["item_2.i_brand_id", "item_2.i_class_id", "item_2.i_category_id"], "Sort Method": "quicksort", "Sort Space Used": 1867, "Sort Space Type": "Memory", "Plans": [{"Node Type": "Nested Loop", "Parent Relationship": "Outer", "Parallel Aware": false, "Async Capable": false, "Join Type": "Inner", "Startup Cost": 1.03, "Total Cost": 28.98, "Plan Rows": 1, "Plan Width": 22, "Actual Startup Time": 1.922, "Actual Total Time": 628.536, "Actual Rows": 23443, "Actual Loops": 1, "Inner Unique": true, "Plans": [{"Node Type": "Nested Loop", "Parent Relationship": "Outer", "Parallel Aware": false, "Async Capable": false, "Join Type": "Inner", "Startup Cost": 0.73, "Total Cost": 14.72, "Plan Rows": 44, "Plan Width": 26, "Actual Startup Time": 1.91, "Actual Total Time": 298.616, "Actual Rows": 688471, "Actual Loops": 1, "Inner Unique": false, "Plans": [{"Node Type": "Nested Loop", "Parent Relationship": "Outer", "Parallel Aware": false, "Async Capable": false, "Join Type": "Inner", "Startup Cost": 0.31, "Total Cost": 8.34, "Plan Rows": 1, "Plan Width": 20, "Actual Startup Time": 1.898, "Actual Total Time": 20.339, "Actual Rows": 16193, "Actual Loops": 1, "Inner Unique": true, "Plans": [{"Node Type": "Aggregate", "Strategy": "Hashed", "Partial Mode": "Simple", "Parent Relationship": "Outer", "Parallel Aware": false, "Async Capable": false, "Startup Cost": 0.02, "Total Cost": 0.03, "Plan Rows": 1, "Plan Width": 4, "Actual Startup Time": 1.893, "Actual Total Time": 4.479, "Actual Rows": 16193, "Actual Loops": 1, "Group Key": ["cross_items_2.ss_item_sk"], "Planned Partitions": 0, "HashAgg Batches": 1, "Peak Memory Usage": 1833, "Disk Usage": 0, "Plans": [{"Node Type": "CTE Scan", "Parent Relationship": "Outer", "Parallel Aware": false, "Async Capable": false, "CTE Name": "cross_items", "Alias": "cross_items_2", "Startup Cost": 0.0, "Total Cost": 0.02, "Plan Rows": 1, "Plan Width": 4, "Actual Startup Time": 0.001, "Actual Total Time": 0.412, "Actual Rows": 16193, "Actual Loops": 1}]}, {"Node Type": "Index Scan", "Parent Relationship": "Inner", "Parallel Aware": false, "Async Capable": false, "Scan Direction": "Forward", "Index Name": "item_pkey", "Relation Name": "item", "Alias": "item_2", "Startup Cost": 0.29, "Total Cost": 8.3, "Plan Rows": 1, "Plan Width": 16, "Actual Startup Time": 0.001, "Actual Total Time": 0.001, "Actual Rows": 1, "Actual Loops": 16193, "Index Cond": "(i_item_sk = cross_items_2.ss_item_sk)", "Rows Removed by Index Recheck": 0}]}, {"Node Type": "Index Scan", "Parent Relationship": "Inner", "Parallel Aware": false, "Async Capable": false, "Scan Direction": "Forward", "Index Name": "web_sales_pkey", "Relation Name": "web_sales", "Alias": "web_sales", "Startup Cost": 0.42, "Total Cost": 5.94, "Plan Rows": 44, "Plan Width": 18, "Actual Startup Time": 0.002, "Actual Total Time": 0.013, "Actual Rows": 43, "Actual Loops": 16193, "Index Cond": "(ws_item_sk = item_2.i_item_sk)", "Rows Removed by Index Recheck": 0}]}, {"Node Type": "Index Scan", "Parent Relationship": "Inner", "Parallel Aware": false, "Async Capable": false, "Scan Direction": "Forward", "Index Name": "date_dim_pkey", "Relation Name": "date_dim", "Alias": "date_dim_2", "Startup Cost": 0.29, "Total Cost": 0.32, "Plan Rows": 1, "Plan Width": 4, "Actual Startup Time": 0.0, "Actual Total Time": 0.0, "Actual Rows": 0, "Actual Loops": 688471, "Index Cond": "(d_date_sk = web_sales.ws_sold_date_sk)", "Rows Removed by Index Recheck": 0, "Filter": "((d_year = 2001) AND (d_moy = 11))", "Rows Removed by Filter": 1}]}]}]}]}]}]}]}]}, "Planning Time": 1.378, "Triggers": [], "Execution Time": 5099.484}