{"Plan": {"Node Type": "Limit", "Parallel Aware": false, "Async Capable": false, "Startup Cost": 55525.47, "Total Cost": 55525.47, "Plan Rows": 1, "Plan Width": 72, "Actual Startup Time": 3404.594, "Actual Total Time": 3404.679, "Actual Rows": 1, "Actual Loops": 1, "Plans": [{"Node Type": "Sort", "Parent Relationship": "Outer", "Parallel Aware": false, "Async Capable": false, "Startup Cost": 55525.47, "Total Cost": 55525.47, "Plan Rows": 1, "Plan Width": 72, "Actual Startup Time": 3404.593, "Actual Total Time": 3404.677, "Actual Rows": 1, "Actual Loops": 1, "Sort Key": ["(count(DISTINCT cs1.cs_order_number))"], "Sort Method": "quicksort", "Sort Space Used": 25, "Sort Space Type": "Memory", "Plans": [{"Node Type": "Aggregate", "Strategy": "Plain", "Partial Mode": "Simple", "Parent Relationship": "Outer", "Parallel Aware": false, "Async Capable": false, "Startup Cost": 55525.45, "Total Cost": 55525.46, "Plan Rows": 1, "Plan Width": 72, "Actual Startup Time": 3404.583, "Actual Total Time": 3404.667, "Actual Rows": 1, "Actual Loops": 1, "Plans": [{"Node Type": "Sort", "Parent Relationship": "Outer", "Parallel Aware": false, "Async Capable": false, "Startup Cost": 55525.43, "Total Cost": 55525.44, "Plan Rows": 1, "Plan Width": 16, "Actual Startup Time": 3404.502, "Actual Total Time": 3404.604, "Actual Rows": 833, "Actual Loops": 1, "Sort Key": ["cs1.cs_order_number"], "Sort Method": "quicksort", "Sort Space Used": 63, "Sort Space Type": "Memory", "Plans": [{"Node Type": "Nested Loop", "Parent Relationship": "Outer", "Parallel Aware": false, "Async Capable": false, "Join Type": "Anti", "Startup Cost": 1011.95, "Total Cost": 55525.42, "Plan Rows": 1, "Plan Width": 16, "Actual Startup Time": 74.845, "Actual Total Time": 3404.383, "Actual Rows": 833, "Actual Loops": 1, "Inner Unique": false, "Plans": [{"Node Type": "Nested Loop", "Parent Relationship": "Outer", "Parallel Aware": false, "Async Capable": false, "Join Type": "Semi", "Startup Cost": 1011.53, "Total Cost": 54758.61, "Plan Rows": 1, "Plan Width": 16, "Actual Startup Time": 69.47, "Actual Total Time": 2414.972, "Actual Rows": 2337, "Actual Loops": 1, "Inner Unique": false, "Plans": [{"Node Type": "Gather", "Parent Relationship": "Outer", "Parallel Aware": false, "Async Capable": false, "Startup Cost": 1011.11, "Total Cost": 43946.63, "Plan Rows": 1, "Plan Width": 20, "Actual Startup Time": 63.996, "Actual Total Time": 65.989, "Actual Rows": 2343, "Actual Loops": 1, "Workers Planned": 4, "Workers Launched": 4, "Single Copy": false, "Plans": [{"Node Type": "Nested Loop", "Parent Relationship": "Outer", "Parallel Aware": false, "Async Capable": false, "Join Type": "Inner", "Startup Cost": 11.1, "Total Cost": 42946.53, "Plan Rows": 1, "Plan Width": 20, "Actual Startup Time": 62.702, "Actual Total Time": 93.212, "Actual Rows": 469, "Actual Loops": 5, "Inner Unique": true, "Workers": [], "Plans": [{"Node Type": "Nested Loop", "Parent Relationship": "Outer", "Parallel Aware": false, "Async Capable": false, "Join Type": "Inner", "Startup Cost": 10.81, "Total Cost": 42944.02, "Plan Rows": 8, "Plan Width": 24, "Actual Startup Time": 62.272, "Actual Total Time": 86.806, "Actual Rows": 9961, "Actual Loops": 5, "Inner Unique": true, "Workers": [], "Plans": [{"Node Type": "Hash Join", "Parent Relationship": "Outer", "Parallel Aware": false, "Async Capable": false, "Join Type": "Inner", "Startup Cost": 10.51, "Total Cost": 42107.94, "Plan Rows": 9010, "Plan Width": 28, "Actual Startup Time": 0.034, "Actual Total Time": 55.147, "Actual Rows": 286886, "Actual Loops": 5, "Inner Unique": true, "Hash Cond": "(cs1.cs_call_center_sk = call_center.cc_call_center_sk)", "Workers": [], "Plans": [{"Node Type": "Seq Scan", "Parent Relationship": "Outer", "Parallel Aware": true, "Async Capable": false, "Relation Name": "catalog_sales", "Alias": "cs1", "Startup Cost": 0.0, "Total Cost": 41051.75, "Plan Rows": 360375, "Plan Width": 32, "Actual Startup Time": 0.003, "Actual Total Time": 16.21, "Actual Rows": 288310, "Actual Loops": 5, "Workers": []}, {"Node Type": "Hash", "Parent Relationship": "Inner", "Parallel Aware": false, "Async Capable": false, "Startup Cost": 10.5, "Total Cost": 10.5, "Plan Rows": 1, "Plan Width": 4, "Actual Startup Time": 0.011, "Actual Total Time": 0.012, "Actual Rows": 6, "Actual Loops": 5, "Hash Buckets": 1024, "Original Hash Buckets": 1024, "Hash Batches": 1, "Original Hash Batches": 1, "Peak Memory Usage": 9, "Workers": [], "Plans": [{"Node Type": "Seq Scan", "Parent Relationship": "Outer", "Parallel Aware": false, "Async Capable": false, "Relation Name": "call_center", "Alias": "call_center", "Startup Cost": 0.0, "Total Cost": 10.5, "Plan Rows": 1, "Plan Width": 4, "Actual Startup Time": 0.008, "Actual Total Time": 0.009, "Actual Rows": 6, "Actual Loops": 5, "Filter": "((cc_county)::text = 'Williamson County'::text)", "Rows Removed by Filter": 0, "Workers": []}]}]}, {"Node Type": "Memoize", "Parent Relationship": "Inner", "Parallel Aware": false, "Async Capable": false, "Startup Cost": 0.3, "Total Cost": 0.33, "Plan Rows": 1, "Plan Width": 4, "Actual Startup Time": 0.0, "Actual Total Time": 0.0, "Actual Rows": 0, "Actual Loops": 1434428, "Cache Key": "cs1.cs_ship_date_sk", "Cache Mode": "logical", "Cache Hits": 216778, "Cache Misses": 1537, "Cache Evictions": 0, "Cache Overflows": 0, "Peak Memory Usage": 104, "Workers": [{"Worker Number": 0, "Cache Hits": 298883, "Cache Misses": 1893, "Cache Evictions": 0, "Cache Overflows": 0, "Peak Memory Usage": 128}, {"Worker Number": 1, "Cache Hits": 303117, "Cache Misses": 1895, "Cache Evictions": 0, "Cache Overflows": 0, "Peak Memory Usage": 128}, {"Worker Number": 2, "Cache Hits": 303852, "Cache Misses": 1909, "Cache Evictions": 0, "Cache Overflows": 0, "Peak Memory Usage": 129}, {"Worker Number": 3, "Cache Hits": 302652, "Cache Misses": 1912, "Cache Evictions": 0, "Cache Overflows": 0, "Peak Memory Usage": 130}], "Plans": [{"Node Type": "Index Scan", "Parent Relationship": "Outer", "Parallel Aware": false, "Async Capable": false, "Scan Direction": "Forward", "Index Name": "date_dim_pkey", "Relation Name": "date_dim", "Alias": "date_dim", "Startup Cost": 0.29, "Total Cost": 0.32, "Plan Rows": 1, "Plan Width": 4, "Actual Startup Time": 0.001, "Actual Total Time": 0.001, "Actual Rows": 0, "Actual Loops": 9146, "Index Cond": "(d_date_sk = cs1.cs_ship_date_sk)", "Rows Removed by Index Recheck": 0, "Filter": "((d_date >= '2002-02-01'::date) AND (d_date <= '2002-04-02'::date))", "Rows Removed by Filter": 1, "Workers": []}]}]}, {"Node Type": "Index Scan", "Parent Relationship": "Inner", "Parallel Aware": false, "Async Capable": false, "Scan Direction": "Forward", "Index Name": "customer_address_pkey", "Relation Name": "customer_address", "Alias": "customer_address", "Startup Cost": 0.29, "Total Cost": 0.31, "Plan Rows": 1, "Plan Width": 4, "Actual Startup Time": 0.001, "Actual Total Time": 0.001, "Actual Rows": 0, "Actual Loops": 49805, "Index Cond": "(ca_address_sk = cs1.cs_ship_addr_sk)", "Rows Removed by Index Recheck": 0, "Filter": "(ca_state = 'GA'::bpchar)", "Rows Removed by Filter": 1, "Workers": []}]}]}, {"Node Type": "Index Scan", "Parent Relationship": "Inner", "Parallel Aware": false, "Async Capable": false, "Scan Direction": "Forward", "Index Name": "catalog_sales_pkey", "Relation Name": "catalog_sales", "Alias": "cs2", "Startup Cost": 0.43, "Total Cost": 10811.95, "Plan Rows": 10, "Plan Width": 8, "Actual Startup Time": 1.002, "Actual Total Time": 1.002, "Actual Rows": 1, "Actual Loops": 2343, "Index Cond": "(cs_order_number = cs1.cs_order_number)", "Rows Removed by Index Recheck": 0, "Filter": "(cs1.cs_warehouse_sk <> cs_warehouse_sk)", "Rows Removed by Filter": 0}]}, {"Node Type": "Index Only Scan", "Parent Relationship": "Inner", "Parallel Aware": false, "Async Capable": false, "Scan Direction": "Forward", "Index Name": "catalog_returns_pkey", "Relation Name": "catalog_returns", "Alias": "cr1", "Startup Cost": 0.42, "Total Cost": 1080.94, "Plan Rows": 2, "Plan Width": 4, "Actual Startup Time": 0.423, "Actual Total Time": 0.423, "Actual Rows": 1, "Actual Loops": 2337, "Index Cond": "(cr_order_number = cs1.cs_order_number)", "Rows Removed by Index Recheck": 0, "Heap Fetches": 0}]}]}]}]}]}, "Planning Time": 1.0, "Triggers": [], "Execution Time": 3404.781}