{"Plan": {"Node Type": "Limit", "Parallel Aware": false, "Async Capable": false, "Startup Cost": 9950.97, "Total Cost": 9953.01, "Plan Rows": 1, "Plan Width": 443, "Actual Startup Time": 605.301, "Actual Total Time": 605.446, "Actual Rows": 1, "Actual Loops": 1, "Plans": [{"Node Type": "Aggregate", "Strategy": "Sorted", "Partial Mode": "Simple", "Parent Relationship": "Outer", "Parallel Aware": false, "Async Capable": false, "Startup Cost": 9950.97, "Total Cost": 9953.01, "Plan Rows": 1, "Plan Width": 443, "Actual Startup Time": 605.299, "Actual Total Time": 605.444, "Actual Rows": 1, "Actual Loops": 1, "Group Key": ["item.i_item_id", "item.i_item_desc", "store.s_state"], "Plans": [{"Node Type": "Nested Loop", "Parent Relationship": "Outer", "Parallel Aware": false, "Async Capable": false, "Join Type": "Inner", "Startup Cost": 9950.97, "Total Cost": 9952.95, "Plan Rows": 1, "Plan Width": 143, "Actual Startup Time": 445.956, "Actual Total Time": 605.426, "Actual Rows": 1, "Actual Loops": 1, "Inner Unique": true, "Plans": [{"Node Type": "Nested Loop", "Parent Relationship": "Outer", "Parallel Aware": false, "Async Capable": false, "Join Type": "Inner", "Startup Cost": 9950.68, "Total Cost": 9952.63, "Plan Rows": 1, "Plan Width": 147, "Actual Startup Time": 74.105, "Actual Total Time": 605.406, "Actual Rows": 5, "Actual Loops": 1, "Inner Unique": true, "Plans": [{"Node Type": "Nested Loop", "Parent Relationship": "Outer", "Parallel Aware": false, "Async Capable": false, "Join Type": "Inner", "Startup Cost": 9950.39, "Total Cost": 9952.32, "Plan Rows": 1, "Plan Width": 151, "Actual Startup Time": 74.098, "Actual Total Time": 605.331, "Actual Rows": 33, "Actual Loops": 1, "Inner Unique": false, "Join Filter": "(catalog_sales.cs_item_sk = item.i_item_sk)", "Rows Removed by Join Filter": 0, "Plans": [{"Node Type": "Gather Merge", "Parent Relationship": "Outer", "Parallel Aware": false, "Async Capable": false, "Startup Cost": 9949.96, "Total Cost": 9950.08, "Plan Rows": 1, "Plan Width": 163, "Actual Startup Time": 67.873, "Actual Total Time": 75.805, "Actual Rows": 29501, "Actual Loops": 1, "Workers Planned": 2, "Workers Launched": 2, "Plans": [{"Node Type": "Sort", "Parent Relationship": "Outer", "Parallel Aware": false, "Async Capable": false, "Startup Cost": 8949.93, "Total Cost": 8949.94, "Plan Rows": 1, "Plan Width": 163, "Actual Startup Time": 66.363, "Actual Total Time": 67.376, "Actual Rows": 9834, "Actual Loops": 3, "Sort Key": ["item.i_item_id NULLS FIRST", "item.i_item_desc NULLS FIRST", "store.s_state NULLS FIRST"], "Sort Method": "quicksort", "Sort Space Used": 2135, "Sort Space Type": "Memory", "Workers": [{"Worker Number": 0, "Sort Method": "quicksort", "Sort Space Used": 2143, "Sort Space Type": "Memory"}, {"Worker Number": 1, "Sort Method": "quicksort", "Sort Space Used": 2110, "Sort Space Type": "Memory"}], "Plans": [{"Node Type": "Nested Loop", "Parent Relationship": "Outer", "Parallel Aware": false, "Async Capable": false, "Join Type": "Inner", "Startup Cost": 2017.7, "Total Cost": 8949.92, "Plan Rows": 1, "Plan Width": 163, "Actual Startup Time": 2.586, "Actual Total Time": 55.257, "Actual Rows": 9834, "Actual Loops": 3, "Inner Unique": true, "Workers": [], "Plans": [{"Node Type": "Nested Loop", "Parent Relationship": "Outer", "Parallel Aware": false, "Async Capable": false, "Join Type": "Inner", "Startup Cost": 2017.41, "Total Cost": 8949.62, "Plan Rows": 1, "Plan Width": 40, "Actual Startup Time": 2.571, "Actual Total Time": 48.063, "Actual Rows": 9834, "Actual Loops": 3, "Inner Unique": true, "Workers": [], "Plans": [{"Node Type": "Nested Loop", "Parent Relationship": "Outer", "Parallel Aware": false, "Async Capable": false, "Join Type": "Inner", "Startup Cost": 2017.27, "Total Cost": 8949.46, "Plan Rows": 1, "Plan Width": 32, "Actual Startup Time": 2.561, "Actual Total Time": 43.99, "Actual Rows": 10076, "Actual Loops": 3, "Inner Unique": true, "Workers": [], "Plans": [{"Node Type": "Hash Join", "Parent Relationship": "Outer", "Parallel Aware": true, "Async Capable": false, "Join Type": "Inner", "Startup Cost": 2016.84, "Total Cost": 8353.3, "Plan Rows": 446, "Plan Width": 16, "Actual Startup Time": 2.521, "Actual Total Time": 12.237, "Actual Rows": 13562, "Actual Loops": 3, "Inner Unique": true, "Hash Cond": "(store_returns.sr_returned_date_sk = d2.d_date_sk)", "Workers": [], "Plans": [{"Node Type": "Seq Scan", "Parent Relationship": "Outer", "Parallel Aware": true, "Async Capable": false, "Relation Name": "store_returns", "Alias": "store_returns", "Startup Cost": 0.0, "Total Cost": 6021.98, "Plan Rows": 119798, "Plan Width": 20, "Actual Startup Time": 0.007, "Actual Total Time": 4.04, "Actual Rows": 95838, "Actual Loops": 3, "Workers": []}, {"Node Type": "Hash", "Parent Relationship": "Inner", "Parallel Aware": true, "Async Capable": false, "Startup Cost": 2014.84, "Total Cost": 2014.84, "Plan Rows": 160, "Plan Width": 4, "Actual Startup Time": 2.443, "Actual Total Time": 2.444, "Actual Rows": 91, "Actual Loops": 3, "Hash Buckets": 1024, "Original Hash Buckets": 1024, "Hash Batches": 1, "Original Hash Batches": 1, "Peak Memory Usage": 104, "Workers": [], "Plans": [{"Node Type": "Seq Scan", "Parent Relationship": "Outer", "Parallel Aware": true, "Async Capable": false, "Relation Name": "date_dim", "Alias": "d2", "Startup Cost": 0.0, "Total Cost": 2014.84, "Plan Rows": 160, "Plan Width": 4, "Actual Startup Time": 1.189, "Actual Total Time": 2.402, "Actual Rows": 91, "Actual Loops": 3, "Filter": "(d_quarter_name = ANY ('{2001Q1,2001Q2,2001Q3}'::bpchar[]))", "Rows Removed by Filter": 24258, "Workers": []}]}]}, {"Node Type": "Index Scan", "Parent Relationship": "Inner", "Parallel Aware": false, "Async Capable": false, "Scan Direction": "Forward", "Index Name": "store_sales_pkey", "Relation Name": "store_sales", "Alias": "store_sales", "Startup Cost": 0.43, "Total Cost": 1.33, "Plan Rows": 1, "Plan Width": 24, "Actual Startup Time": 0.002, "Actual Total Time": 0.002, "Actual Rows": 1, "Actual Loops": 40686, "Index Cond": "((ss_item_sk = store_returns.sr_item_sk) AND (ss_ticket_number = store_returns.sr_ticket_number))", "Rows Removed by Index Recheck": 0, "Filter": "(store_returns.sr_customer_sk = ss_customer_sk)", "Rows Removed by Filter": 0, "Workers": []}]}, {"Node Type": "Index Scan", "Parent Relationship": "Inner", "Parallel Aware": false, "Async Capable": false, "Scan Direction": "Forward", "Index Name": "store_pkey", "Relation Name": "store", "Alias": "store", "Startup Cost": 0.14, "Total Cost": 0.16, "Plan Rows": 1, "Plan Width": 16, "Actual Startup Time": 0.0, "Actual Total Time": 0.0, "Actual Rows": 1, "Actual Loops": 30229, "Index Cond": "(s_store_sk = store_sales.ss_store_sk)", "Rows Removed by Index Recheck": 0, "Workers": []}]}, {"Node Type": "Index Scan", "Parent Relationship": "Inner", "Parallel Aware": false, "Async Capable": false, "Scan Direction": "Forward", "Index Name": "item_pkey", "Relation Name": "item", "Alias": "item", "Startup Cost": 0.29, "Total Cost": 0.31, "Plan Rows": 1, "Plan Width": 123, "Actual Startup Time": 0.001, "Actual Total Time": 0.001, "Actual Rows": 1, "Actual Loops": 29501, "Index Cond": "(i_item_sk = store_sales.ss_item_sk)", "Rows Removed by Index Recheck": 0, "Workers": []}]}]}]}, {"Node Type": "Index Scan", "Parent Relationship": "Inner", "Parallel Aware": false, "Async Capable": false, "Scan Direction": "Forward", "Index Name": "catalog_sales_pkey", "Relation Name": "catalog_sales", "Alias": "catalog_sales", "Startup Cost": 0.43, "Total Cost": 2.23, "Plan Rows": 1, "Plan Width": 16, "Actual Startup Time": 0.018, "Actual Total Time": 0.018, "Actual Rows": 0, "Actual Loops": 29501, "Index Cond": "(cs_item_sk = store_sales.ss_item_sk)", "Rows Removed by Index Recheck": 0, "Filter": "(cs_bill_customer_sk = store_sales.ss_customer_sk)", "Rows Removed by Filter": 102}]}, {"Node Type": "Index Scan", "Parent Relationship": "Inner", "Parallel Aware": false, "Async Capable": false, "Scan Direction": "Forward", "Index Name": "date_dim_pkey", "Relation Name": "date_dim", "Alias": "d1", "Startup Cost": 0.29, "Total Cost": 0.31, "Plan Rows": 1, "Plan Width": 4, "Actual Startup Time": 0.002, "Actual Total Time": 0.002, "Actual Rows": 0, "Actual Loops": 33, "Index Cond": "(d_date_sk = store_sales.ss_sold_date_sk)", "Rows Removed by Index Recheck": 0, "Filter": "(d_quarter_name = '2001Q1'::bpchar)", "Rows Removed by Filter": 1}]}, {"Node Type": "Index Scan", "Parent Relationship": "Inner", "Parallel Aware": false, "Async Capable": false, "Scan Direction": "Forward", "Index Name": "date_dim_pkey", "Relation Name": "date_dim", "Alias": "d3", "Startup Cost": 0.29, "Total Cost": 0.32, "Plan Rows": 1, "Plan Width": 4, "Actual Startup Time": 0.003, "Actual Total Time": 0.003, "Actual Rows": 0, "Actual Loops": 5, "Index Cond": "(d_date_sk = catalog_sales.cs_sold_date_sk)", "Rows Removed by Index Recheck": 0, "Filter": "(d_quarter_name = ANY ('{2001Q1,2001Q2,2001Q3}'::bpchar[]))", "Rows Removed by Filter": 1}]}]}]}, "Planning Time": 5.362, "Triggers": [], "Execution Time": 605.629}