{"Plan": {"Node Type": "Limit", "Parallel Aware": false, "Async Capable": false, "Startup Cost": 64052.7, "Total Cost": 64052.76, "Plan Rows": 21, "Plan Width": 142, "Actual Startup Time": 67.896, "Actual Total Time": 73.415, "Actual Rows": 100, "Actual Loops": 1, "Plans": [{"Node Type": "Sort", "Parent Relationship": "Outer", "Parallel Aware": false, "Async Capable": false, "Startup Cost": 64052.7, "Total Cost": 64052.76, "Plan Rows": 21, "Plan Width": 142, "Actual Startup Time": 67.895, "Actual Total Time": 73.41, "Actual Rows": 100, "Actual Loops": 1, "Sort Key": ["(sum(store_sales.ss_ext_sales_price)) DESC", "item.i_brand", "item.i_brand_id", "item.i_manufact_id", "item.i_manufact"], "Sort Method": "quicksort", "Sort Space Used": 66, "Sort Space Type": "Memory", "Plans": [{"Node Type": "Aggregate", "Strategy": "Sorted", "Partial Mode": "Finalize", "Parent Relationship": "Outer", "Parallel Aware": false, "Async Capable": false, "Startup Cost": 64049.16, "Total Cost": 64052.24, "Plan Rows": 21, "Plan Width": 142, "Actual Startup Time": 67.453, "Actual Total Time": 73.336, "Actual Rows": 160, "Actual Loops": 1, "Group Key": ["item.i_brand", "item.i_brand_id", "item.i_manufact_id", "item.i_manufact"], "Plans": [{"Node Type": "Gather Merge", "Parent Relationship": "Outer", "Parallel Aware": false, "Async Capable": false, "Startup Cost": 64049.16, "Total Cost": 64051.68, "Plan Rows": 20, "Plan Width": 142, "Actual Startup Time": 67.444, "Actual Total Time": 73.171, "Actual Rows": 672, "Actual Loops": 1, "Workers Planned": 4, "Workers Launched": 4, "Plans": [{"Node Type": "Aggregate", "Strategy": "Sorted", "Partial Mode": "Partial", "Parent Relationship": "Outer", "Parallel Aware": false, "Async Capable": false, "Startup Cost": 63049.1, "Total Cost": 63049.24, "Plan Rows": 5, "Plan Width": 142, "Actual Startup Time": 65.507, "Actual Total Time": 65.575, "Actual Rows": 134, "Actual Loops": 5, "Group Key": ["item.i_brand", "item.i_brand_id", "item.i_manufact_id", "item.i_manufact"], "Workers": [], "Plans": [{"Node Type": "Sort", "Parent Relationship": "Outer", "Parallel Aware": false, "Async Capable": false, "Startup Cost": 63049.1, "Total Cost": 63049.11, "Plan Rows": 5, "Plan Width": 116, "Actual Startup Time": 65.497, "Actual Total Time": 65.505, "Actual Rows": 289, "Actual Loops": 5, "Sort Key": ["item.i_brand", "item.i_brand_id", "item.i_manufact_id", "item.i_manufact"], "Sort Method": "quicksort", "Sort Space Used": 70, "Sort Space Type": "Memory", "Workers": [{"Worker Number": 0, "Sort Method": "quicksort", "Sort Space Used": 64, "Sort Space Type": "Memory"}, {"Worker Number": 1, "Sort Method": "quicksort", "Sort Space Used": 65, "Sort Space Type": "Memory"}, {"Worker Number": 2, "Sort Method": "quicksort", "Sort Space Used": 62, "Sort Space Type": "Memory"}, {"Worker Number": 3, "Sort Method": "quicksort", "Sort Space Used": 65, "Sort Space Type": "Memory"}], "Plans": [{"Node Type": "Nested Loop", "Parent Relationship": "Outer", "Parallel Aware": false, "Async Capable": false, "Join Type": "Inner", "Startup Cost": 2069.78, "Total Cost": 63049.04, "Plan Rows": 5, "Plan Width": 116, "Actual Startup Time": 1.372, "Actual Total Time": 65.289, "Actual Rows": 289, "Actual Loops": 5, "Inner Unique": true, "Join Filter": "(\"substring\"((customer_address.ca_zip)::text, 1, 5) <> \"substring\"((store.s_zip)::text, 1, 5))", "Rows Removed by Join Filter": 9, "Workers": [], "Plans": [{"Node Type": "Nested Loop", "Parent Relationship": "Outer", "Parallel Aware": false, "Async Capable": false, "Join Type": "Inner", "Startup Cost": 2069.64, "Total Cost": 63048.14, "Plan Rows": 5, "Plan Width": 131, "Actual Startup Time": 1.362, "Actual Total Time": 65.077, "Actual Rows": 301, "Actual Loops": 5, "Inner Unique": true, "Workers": [], "Plans": [{"Node Type": "Nested Loop", "Parent Relationship": "Outer", "Parallel Aware": false, "Async Capable": false, "Join Type": "Inner", "Startup Cost": 2069.36, "Total Cost": 63046.35, "Plan Rows": 5, "Plan Width": 124, "Actual Startup Time": 1.349, "Actual Total Time": 64.315, "Actual Rows": 301, "Actual Loops": 5, "Inner Unique": true, "Workers": [], "Plans": [{"Node Type": "Nested Loop", "Parent Relationship": "Outer", "Parallel Aware": false, "Async Capable": false, "Join Type": "Inner", "Startup Cost": 2069.06, "Total Cost": 63044.78, "Plan Rows": 5, "Plan Width": 124, "Actual Startup Time": 1.335, "Actual Total Time": 63.316, "Actual Rows": 307, "Actual Loops": 5, "Inner Unique": true, "Workers": [], "Plans": [{"Node Type": "Hash Join", "Parent Relationship": "Outer", "Parallel Aware": true, "Async Capable": false, "Join Type": "Inner", "Startup Cost": 2068.78, "Total Cost": 62953.21, "Plan Rows": 296, "Plan Width": 18, "Actual Startup Time": 1.104, "Actual Total Time": 50.258, "Actual Rows": 17608, "Actual Loops": 5, "Inner Unique": true, "Hash Cond": "(store_sales.ss_sold_date_sk = date_dim.d_date_sk)", "Workers": [], "Plans": [{"Node Type": "Seq Scan", "Parent Relationship": "Outer", "Parallel Aware": true, "Async Capable": false, "Relation Name": "store_sales", "Alias": "store_sales", "Startup Cost": 0.0, "Total Cost": 58993.85, "Plan Rows": 720185, "Plan Width": 22, "Actual Startup Time": 0.007, "Actual Total Time": 24.912, "Actual Rows": 576081, "Actual Loops": 5, "Workers": []}, {"Node Type": "Hash", "Parent Relationship": "Inner", "Parallel Aware": true, "Async Capable": false, "Startup Cost": 2068.55, "Total Cost": 2068.55, "Plan Rows": 18, "Plan Width": 4, "Actual Startup Time": 0.987, "Actual Total Time": 0.987, "Actual Rows": 6, "Actual Loops": 5, "Hash Buckets": 1024, "Original Hash Buckets": 1024, "Hash Batches": 1, "Original Hash Batches": 1, "Peak Memory Usage": 40, "Workers": [], "Plans": [{"Node Type": "Seq Scan", "Parent Relationship": "Outer", "Parallel Aware": true, "Async Capable": false, "Relation Name": "date_dim", "Alias": "date_dim", "Startup Cost": 0.0, "Total Cost": 2068.55, "Plan Rows": 18, "Plan Width": 4, "Actual Startup Time": 0.858, "Actual Total Time": 0.959, "Actual Rows": 6, "Actual Loops": 5, "Filter": "((d_moy = 11) AND (d_year = 1998))", "Rows Removed by Filter": 14604, "Workers": []}]}]}, {"Node Type": "Index Scan", "Parent Relationship": "Inner", "Parallel Aware": false, "Async Capable": false, "Scan Direction": "Forward", "Index Name": "item_pkey", "Relation Name": "item", "Alias": "item", "Startup Cost": 0.29, "Total Cost": 0.31, "Plan Rows": 1, "Plan Width": 114, "Actual Startup Time": 0.001, "Actual Total Time": 0.001, "Actual Rows": 0, "Actual Loops": 88042, "Index Cond": "(i_item_sk = store_sales.ss_item_sk)", "Rows Removed by Index Recheck": 0, "Filter": "(i_manager_id = 8)", "Rows Removed by Filter": 1, "Workers": []}]}, {"Node Type": "Index Scan", "Parent Relationship": "Inner", "Parallel Aware": false, "Async Capable": false, "Scan Direction": "Forward", "Index Name": "customer_pkey", "Relation Name": "customer", "Alias": "customer", "Startup Cost": 0.29, "Total Cost": 0.31, "Plan Rows": 1, "Plan Width": 8, "Actual Startup Time": 0.003, "Actual Total Time": 0.003, "Actual Rows": 1, "Actual Loops": 1535, "Index Cond": "(c_customer_sk = store_sales.ss_customer_sk)", "Rows Removed by Index Recheck": 0, "Workers": []}]}, {"Node Type": "Index Scan", "Parent Relationship": "Inner", "Parallel Aware": false, "Async Capable": false, "Scan Direction": "Forward", "Index Name": "customer_address_pkey", "Relation Name": "customer_address", "Alias": "customer_address", "Startup Cost": 0.29, "Total Cost": 0.36, "Plan Rows": 1, "Plan Width": 15, "Actual Startup Time": 0.002, "Actual Total Time": 0.002, "Actual Rows": 1, "Actual Loops": 1507, "Index Cond": "(ca_address_sk = customer.c_current_addr_sk)", "Rows Removed by Index Recheck": 0, "Workers": []}]}, {"Node Type": "Index Scan", "Parent Relationship": "Inner", "Parallel Aware": false, "Async Capable": false, "Scan Direction": "Forward", "Index Name": "store_pkey", "Relation Name": "store", "Alias": "store", "Startup Cost": 0.14, "Total Cost": 0.16, "Plan Rows": 1, "Plan Width": 48, "Actual Startup Time": 0.0, "Actual Total Time": 0.0, "Actual Rows": 1, "Actual Loops": 1507, "Index Cond": "(s_store_sk = store_sales.ss_store_sk)", "Rows Removed by Index Recheck": 0, "Workers": []}]}]}]}]}]}]}]}, "Planning Time": 1.128, "Triggers": [], "Execution Time": 73.507}