{"Plan": {"Node Type": "Limit", "Parallel Aware": false, "Async Capable": false, "Startup Cost": 45153.62, "Total Cost": 45153.87, "Plan Rows": 100, "Plan Width": 291, "Actual Startup Time": 44.167, "Actual Total Time": 47.109, "Actual Rows": 100, "Actual Loops": 1, "Plans": [{"Node Type": "Sort", "Parent Relationship": "Outer", "Parallel Aware": false, "Async Capable": false, "Startup Cost": 45153.62, "Total Cost": 45154.04, "Plan Rows": 169, "Plan Width": 291, "Actual Startup Time": 44.166, "Actual Total Time": 47.103, "Actual Rows": 100, "Actual Loops": 1, "Sort Key": ["item.i_category NULLS FIRST", "item.i_class NULLS FIRST", "item.i_item_id NULLS FIRST", "item.i_item_desc NULLS FIRST", "((((sum(catalog_sales.cs_ext_sales_price)) * 100.0000) / sum((sum(catalog_sales.cs_ext_sales_price))) OVER (?))) NULLS FIRST"], "Sort Method": "top-N heapsort", "Sort Space Used": 76, "Sort Space Type": "Memory", "Plans": [{"Node Type": "WindowAgg", "Parent Relationship": "Outer", "Parallel Aware": false, "Async Capable": false, "Startup Cost": 45143.56, "Total Cost": 45147.37, "Plan Rows": 169, "Plan Width": 291, "Actual Startup Time": 43.089, "Actual Total Time": 46.657, "Actual Rows": 2103, "Actual Loops": 1, "Plans": [{"Node Type": "Sort", "Parent Relationship": "Outer", "Parallel Aware": false, "Async Capable": false, "Startup Cost": 45143.56, "Total Cost": 45143.99, "Plan Rows": 169, "Plan Width": 259, "Actual Startup Time": 43.072, "Actual Total Time": 46.056, "Actual Rows": 2103, "Actual Loops": 1, "Sort Key": ["item.i_class"], "Sort Method": "quicksort", "Sort Space Used": 639, "Sort Space Type": "Memory", "Plans": [{"Node Type": "Aggregate", "Strategy": "Sorted", "Partial Mode": "Simple", "Parent Relationship": "Outer", "Parallel Aware": false, "Async Capable": false, "Startup Cost": 45112.43, "Total Cost": 45137.31, "Plan Rows": 169, "Plan Width": 259, "Actual Startup Time": 40.073, "Actual Total Time": 45.286, "Actual Rows": 2103, "Actual Loops": 1, "Group Key": ["item.i_item_id", "item.i_item_desc", "item.i_category", "item.i_class", "item.i_current_price"], "Plans": [{"Node Type": "Gather Merge", "Parent Relationship": "Outer", "Parallel Aware": false, "Async Capable": false, "Startup Cost": 45112.43, "Total Cost": 45132.66, "Plan Rows": 169, "Plan Width": 233, "Actual Startup Time": 40.059, "Actual Total Time": 44.386, "Actual Rows": 4084, "Actual Loops": 1, "Workers Planned": 4, "Workers Launched": 4, "Plans": [{"Node Type": "Sort", "Parent Relationship": "Outer", "Parallel Aware": false, "Async Capable": false, "Startup Cost": 44112.37, "Total Cost": 44112.47, "Plan Rows": 42, "Plan Width": 233, "Actual Startup Time": 38.326, "Actual Total Time": 38.356, "Actual Rows": 817, "Actual Loops": 5, "Sort Key": ["item.i_item_id NULLS FIRST", "item.i_item_desc NULLS FIRST", "item.i_category NULLS FIRST", "item.i_class NULLS FIRST", "item.i_current_price"], "Sort Method": "quicksort", "Sort Space Used": 210, "Sort Space Type": "Memory", "Workers": [{"Worker Number": 0, "Sort Method": "quicksort", "Sort Space Used": 207, "Sort Space Type": "Memory"}, {"Worker Number": 1, "Sort Method": "quicksort", "Sort Space Used": 209, "Sort Space Type": "Memory"}, {"Worker Number": 2, "Sort Method": "quicksort", "Sort Space Used": 279, "Sort Space Type": "Memory"}, {"Worker Number": 3, "Sort Method": "quicksort", "Sort Space Used": 271, "Sort Space Type": "Memory"}], "Plans": [{"Node Type": "Nested Loop", "Parent Relationship": "Outer", "Parallel Aware": false, "Async Capable": false, "Join Type": "Inner", "Startup Cost": 2069.05, "Total Cost": 44111.24, "Plan Rows": 42, "Plan Width": 233, "Actual Startup Time": 8.474, "Actual Total Time": 37.561, "Actual Rows": 817, "Actual Loops": 5, "Inner Unique": true, "Workers": [], "Plans": [{"Node Type": "Hash Join", "Parent Relationship": "Outer", "Parallel Aware": true, "Async Capable": false, "Join Type": "Inner", "Startup Cost": 2068.76, "Total Cost": 44066.56, "Plan Rows": 143, "Plan Width": 10, "Actual Startup Time": 8.434, "Actual Total Time": 34.944, "Actual Rows": 2759, "Actual Loops": 5, "Inner Unique": true, "Hash Cond": "(catalog_sales.cs_sold_date_sk = date_dim.d_date_sk)", "Workers": [], "Plans": [{"Node Type": "Seq Scan", "Parent Relationship": "Outer", "Parallel Aware": true, "Async Capable": false, "Relation Name": "catalog_sales", "Alias": "catalog_sales", "Startup Cost": 0.0, "Total Cost": 41051.75, "Plan Rows": 360375, "Plan Width": 14, "Actual Startup Time": 0.004, "Actual Total Time": 16.358, "Actual Rows": 288310, "Actual Loops": 5, "Workers": []}, {"Node Type": "Hash", "Parent Relationship": "Inner", "Parallel Aware": true, "Async Capable": false, "Startup Cost": 2068.55, "Total Cost": 2068.55, "Plan Rows": 17, "Plan Width": 4, "Actual Startup Time": 0.874, "Actual Total Time": 0.874, "Actual Rows": 6, "Actual Loops": 5, "Hash Buckets": 1024, "Original Hash Buckets": 1024, "Hash Batches": 1, "Original Hash Batches": 1, "Peak Memory Usage": 40, "Workers": [], "Plans": [{"Node Type": "Seq Scan", "Parent Relationship": "Outer", "Parallel Aware": true, "Async Capable": false, "Relation Name": "date_dim", "Alias": "date_dim", "Startup Cost": 0.0, "Total Cost": 2068.55, "Plan Rows": 17, "Plan Width": 4, "Actual Startup Time": 0.734, "Actual Total Time": 0.843, "Actual Rows": 6, "Actual Loops": 5, "Filter": "((d_date >= '1999-02-22'::date) AND (d_date <= '1999-03-24'::date))", "Rows Removed by Filter": 14604, "Workers": []}]}]}, {"Node Type": "Index Scan", "Parent Relationship": "Inner", "Parallel Aware": false, "Async Capable": false, "Scan Direction": "Forward", "Index Name": "item_pkey", "Relation Name": "item", "Alias": "item", "Startup Cost": 0.29, "Total Cost": 0.31, "Plan Rows": 1, "Plan Width": 231, "Actual Startup Time": 0.001, "Actual Total Time": 0.001, "Actual Rows": 0, "Actual Loops": 13793, "Index Cond": "(i_item_sk = catalog_sales.cs_item_sk)", "Rows Removed by Index Recheck": 0, "Filter": "(i_category = ANY ('{Sports,Books,Home}'::bpchar[]))", "Rows Removed by Filter": 1, "Workers": []}]}]}]}]}]}]}]}]}, "Planning Time": 0.496, "Triggers": [], "Execution Time": 47.198}