{"Plan": {"Node Type": "Limit", "Parallel Aware": false, "Async Capable": false, "Startup Cost": 104508.27, "Total Cost": 104508.43, "Plan Rows": 64, "Plan Width": 91, "Actual Startup Time": 223.396, "Actual Total Time": 226.605, "Actual Rows": 100, "Actual Loops": 1, "Plans": [{"Node Type": "Sort", "Parent Relationship": "Outer", "Parallel Aware": false, "Async Capable": false, "Startup Cost": 104508.27, "Total Cost": 104508.43, "Plan Rows": 64, "Plan Width": 91, "Actual Startup Time": 223.394, "Actual Total Time": 226.6, "Actual Rows": 100, "Actual Loops": 1, "Sort Key": ["warehouse.w_warehouse_name NULLS FIRST", "item.i_item_id NULLS FIRST"], "Sort Method": "top-N heapsort", "Sort Space Used": 32, "Sort Space Type": "Memory", "Plans": [{"Node Type": "Aggregate", "Strategy": "Sorted", "Partial Mode": "Simple", "Parent Relationship": "Outer", "Parallel Aware": false, "Async Capable": false, "Startup Cost": 104405.53, "Total Cost": 104506.35, "Plan Rows": 64, "Plan Width": 91, "Actual Startup Time": 216.89, "Actual Total Time": 226.297, "Actual Rows": 1607, "Actual Loops": 1, "Group Key": ["warehouse.w_warehouse_name", "item.i_item_id"], "Filter": "((CASE WHEN (sum(CASE WHEN (date_dim.d_date < '2000-03-11'::date) THEN inventory.inv_quantity_on_hand ELSE 0 END) > 0) THEN (((sum(CASE WHEN (date_dim.d_date >= '2000-03-11'::date) THEN inventory.inv_quantity_on_hand ELSE 0 END))::numeric * 1.000) / (sum(CASE WHEN (date_dim.d_date < '2000-03-11'::date) THEN inventory.inv_quantity_on_hand ELSE 0 END))::numeric) ELSE NULL::numeric END >= 0.66666666666666666667) AND (CASE WHEN (sum(CASE WHEN (date_dim.d_date < '2000-03-11'::date) THEN inventory.inv_quantity_on_hand ELSE 0 END) > 0) THEN (((sum(CASE WHEN (date_dim.d_date >= '2000-03-11'::date) THEN inventory.inv_quantity_on_hand ELSE 0 END))::numeric * 1.000) / (sum(CASE WHEN (date_dim.d_date < '2000-03-11'::date) THEN inventory.inv_quantity_on_hand ELSE 0 END))::numeric) ELSE NULL::numeric END <= 1.5000000000000000))", "Rows Removed by Filter": 1188, "Plans": [{"Node Type": "Gather Merge", "Parent Relationship": "Outer", "Parallel Aware": false, "Async Capable": false, "Startup Cost": 104405.53, "Total Cost": 104474.62, "Plan Rows": 577, "Plan Width": 83, "Actual Startup Time": 216.871, "Actual Total Time": 223.972, "Actual Rows": 25155, "Actual Loops": 1, "Workers Planned": 4, "Workers Launched": 4, "Plans": [{"Node Type": "Sort", "Parent Relationship": "Outer", "Parallel Aware": false, "Async Capable": false, "Startup Cost": 103405.47, "Total Cost": 103405.83, "Plan Rows": 144, "Plan Width": 83, "Actual Startup Time": 215.085, "Actual Total Time": 215.225, "Actual Rows": 5031, "Actual Loops": 5, "Sort Key": ["warehouse.w_warehouse_name", "item.i_item_id"], "Sort Method": "quicksort", "Sort Space Used": 529, "Sort Space Type": "Memory", "Workers": [{"Worker Number": 0, "Sort Method": "quicksort", "Sort Space Used": 522, "Sort Space Type": "Memory"}, {"Worker Number": 1, "Sort Method": "quicksort", "Sort Space Used": 495, "Sort Space Type": "Memory"}, {"Worker Number": 2, "Sort Method": "quicksort", "Sort Space Used": 532, "Sort Space Type": "Memory"}, {"Worker Number": 3, "Sort Method": "quicksort", "Sort Space Used": 533, "Sort Space Type": "Memory"}], "Plans": [{"Node Type": "Nested Loop", "Parent Relationship": "Outer", "Parallel Aware": false, "Async Capable": false, "Join Type": "Inner", "Startup Cost": 2069.43, "Total Cost": 103400.31, "Plan Rows": 144, "Plan Width": 83, "Actual Startup Time": 67.934, "Actual Total Time": 210.98, "Actual Rows": 5031, "Actual Loops": 5, "Inner Unique": true, "Workers": [], "Plans": [{"Node Type": "Nested Loop", "Parent Relationship": "Outer", "Parallel Aware": false, "Async Capable": false, "Join Type": "Inner", "Startup Cost": 2069.28, "Total Cost": 103395.78, "Plan Rows": 144, "Plan Width": 29, "Actual Startup Time": 67.917, "Actual Total Time": 210.244, "Actual Rows": 5031, "Actual Loops": 5, "Inner Unique": true, "Workers": [], "Plans": [{"Node Type": "Hash Join", "Parent Relationship": "Outer", "Parallel Aware": true, "Async Capable": false, "Join Type": "Inner", "Startup Cost": 2068.99, "Total Cost": 102659.38, "Plan Rows": 2372, "Plan Width": 16, "Actual Startup Time": 67.879, "Actual Total Time": 163.842, "Actual Rows": 81000, "Actual Loops": 5, "Inner Unique": true, "Hash Cond": "(inventory.inv_date_sk = date_dim.d_date_sk)", "Workers": [], "Plans": [{"Node Type": "Seq Scan", "Parent Relationship": "Outer", "Parallel Aware": true, "Async Capable": false, "Relation Name": "inventory", "Alias": "inventory", "Startup Cost": 0.0, "Total Cost": 92882.33, "Plan Rows": 2936233, "Plan Width": 16, "Actual Startup Time": 0.019, "Actual Total Time": 92.942, "Actual Rows": 2349000, "Actual Loops": 5, "Workers": []}, {"Node Type": "Hash", "Parent Relationship": "Inner", "Parallel Aware": true, "Async Capable": false, "Startup Cost": 2068.55, "Total Cost": 2068.55, "Plan Rows": 35, "Plan Width": 8, "Actual Startup Time": 0.914, "Actual Total Time": 0.915, "Actual Rows": 12, "Actual Loops": 5, "Hash Buckets": 1024, "Original Hash Buckets": 1024, "Hash Batches": 1, "Original Hash Batches": 1, "Peak Memory Usage": 72, "Workers": [], "Plans": [{"Node Type": "Seq Scan", "Parent Relationship": "Outer", "Parallel Aware": true, "Async Capable": false, "Relation Name": "date_dim", "Alias": "date_dim", "Startup Cost": 0.0, "Total Cost": 2068.55, "Plan Rows": 35, "Plan Width": 8, "Actual Startup Time": 0.653, "Actual Total Time": 0.877, "Actual Rows": 12, "Actual Loops": 5, "Filter": "((d_date >= '2000-02-10'::date) AND (d_date <= '2000-04-10'::date))", "Rows Removed by Filter": 14598, "Workers": []}]}]}, {"Node Type": "Index Scan", "Parent Relationship": "Inner", "Parallel Aware": false, "Async Capable": false, "Scan Direction": "Forward", "Index Name": "item_pkey", "Relation Name": "item", "Alias": "item", "Startup Cost": 0.29, "Total Cost": 0.31, "Plan Rows": 1, "Plan Width": 21, "Actual Startup Time": 0.001, "Actual Total Time": 0.001, "Actual Rows": 0, "Actual Loops": 405000, "Index Cond": "(i_item_sk = inventory.inv_item_sk)", "Rows Removed by Index Recheck": 0, "Filter": "((i_current_price >= 0.99) AND (i_current_price <= 1.49))", "Rows Removed by Filter": 1, "Workers": []}]}, {"Node Type": "Memoize", "Parent Relationship": "Inner", "Parallel Aware": false, "Async Capable": false, "Startup Cost": 0.15, "Total Cost": 0.17, "Plan Rows": 1, "Plan Width": 62, "Actual Startup Time": 0.0, "Actual Total Time": 0.0, "Actual Rows": 1, "Actual Loops": 25155, "Cache Key": "inventory.inv_warehouse_sk", "Cache Mode": "logical", "Cache Hits": 5144, "Cache Misses": 5, "Cache Evictions": 0, "Cache Overflows": 0, "Peak Memory Usage": 1, "Workers": [{"Worker Number": 0, "Cache Hits": 4994, "Cache Misses": 5, "Cache Evictions": 0, "Cache Overflows": 0, "Peak Memory Usage": 1}, {"Worker Number": 1, "Cache Hits": 4728, "Cache Misses": 5, "Cache Evictions": 0, "Cache Overflows": 0, "Peak Memory Usage": 1}, {"Worker Number": 2, "Cache Hits": 5141, "Cache Misses": 5, "Cache Evictions": 0, "Cache Overflows": 0, "Peak Memory Usage": 1}, {"Worker Number": 3, "Cache Hits": 5123, "Cache Misses": 5, "Cache Evictions": 0, "Cache Overflows": 0, "Peak Memory Usage": 1}], "Plans": [{"Node Type": "Index Scan", "Parent Relationship": "Outer", "Parallel Aware": false, "Async Capable": false, "Scan Direction": "Forward", "Index Name": "warehouse_pkey", "Relation Name": "warehouse", "Alias": "warehouse", "Startup Cost": 0.14, "Total Cost": 0.16, "Plan Rows": 1, "Plan Width": 62, "Actual Startup Time": 0.003, "Actual Total Time": 0.003, "Actual Rows": 1, "Actual Loops": 25, "Index Cond": "(w_warehouse_sk = inventory.inv_warehouse_sk)", "Rows Removed by Index Recheck": 0, "Workers": []}]}]}]}]}]}]}]}, "Planning Time": 0.637, "Triggers": [], "Execution Time": 226.704}