{"Plan": {"Node Type": "Limit", "Parallel Aware": false, "Async Capable": false, "Startup Cost": 117227.06, "Total Cost": 117227.31, "Plan Rows": 100, "Plan Width": 236, "Actual Startup Time": 1547.572, "Actual Total Time": 1564.911, "Actual Rows": 100, "Actual Loops": 1, "Plans": [{"Node Type": "Sort", "Parent Relationship": "Outer", "Parallel Aware": false, "Async Capable": false, "Startup Cost": 117227.06, "Total Cost": 117406.7, "Plan Rows": 71857, "Plan Width": 236, "Actual Startup Time": 1547.571, "Actual Total Time": 1564.905, "Actual Rows": 100, "Actual Loops": 1, "Sort Key": ["(avg(inventory.inv_quantity_on_hand)) NULLS FIRST", "item.i_product_name NULLS FIRST", "item.i_brand NULLS FIRST", "item.i_class NULLS FIRST", "item.i_category NULLS FIRST"], "Sort Method": "top-N heapsort", "Sort Space Used": 63, "Sort Space Type": "Memory", "Plans": [{"Node Type": "Aggregate", "Strategy": "Sorted", "Partial Mode": "Simple", "Parent Relationship": "Outer", "Parallel Aware": false, "Async Capable": false, "Startup Cost": 106183.73, "Total Cost": 114480.73, "Plan Rows": 71857, "Plan Width": 236, "Actual Startup Time": 842.656, "Actual Total Time": 1561.171, "Actual Rows": 35968, "Actual Loops": 1, "Grouping Sets": [{"Group Keys": [["item.i_product_name", "item.i_brand", "item.i_class", "item.i_category"], ["item.i_product_name", "item.i_brand", "item.i_class"], ["item.i_product_name", "item.i_brand"], ["item.i_product_name"], []]}], "Plans": [{"Node Type": "Gather Merge", "Parent Relationship": "Outer", "Parallel Aware": false, "Async Capable": false, "Startup Cost": 106183.73, "Total Cost": 112883.12, "Plan Rows": 55952, "Plan Width": 208, "Actual Startup Time": 842.483, "Actual Total Time": 1219.125, "Actual Rows": 2340000, "Actual Loops": 1, "Workers Planned": 4, "Workers Launched": 4, "Plans": [{"Node Type": "Sort", "Parent Relationship": "Outer", "Parallel Aware": false, "Async Capable": false, "Startup Cost": 105183.67, "Total Cost": 105218.64, "Plan Rows": 13988, "Plan Width": 208, "Actual Startup Time": 837.985, "Actual Total Time": 936.401, "Actual Rows": 468000, "Actual Loops": 5, "Sort Key": ["item.i_product_name", "item.i_brand", "item.i_class", "item.i_category"], "Sort Method": "external merge", "Sort Space Used": 95728, "Sort Space Type": "Disk", "Workers": [{"Worker Number": 0, "Sort Method": "external merge", "Sort Space Used": 96072, "Sort Space Type": "Disk"}, {"Worker Number": 1, "Sort Method": "external merge", "Sort Space Used": 102024, "Sort Space Type": "Disk"}, {"Worker Number": 2, "Sort Method": "external merge", "Sort Space Used": 102024, "Sort Space Type": "Disk"}, {"Worker Number": 3, "Sort Method": "external merge", "Sort Space Used": 102024, "Sort Space Type": "Disk"}], "Plans": [{"Node Type": "Hash Join", "Parent Relationship": "Outer", "Parallel Aware": true, "Async Capable": false, "Join Type": "Inner", "Startup Cost": 3593.34, "Total Cost": 104220.46, "Plan Rows": 13988, "Plan Width": 208, "Actual Startup Time": 61.096, "Actual Total Time": 209.806, "Actual Rows": 468000, "Actual Loops": 5, "Inner Unique": true, "Hash Cond": "(inventory.inv_item_sk = item.i_item_sk)", "Workers": [], "Plans": [{"Node Type": "Hash Join", "Parent Relationship": "Outer", "Parallel Aware": true, "Async Capable": false, "Join Type": "Inner", "Startup Cost": 2071.11, "Total Cost": 102661.5, "Plan Rows": 13988, "Plan Width": 8, "Actual Startup Time": 58.33, "Actual Total Time": 164.172, "Actual Rows": 468000, "Actual Loops": 5, "Inner Unique": true, "Hash Cond": "(inventory.inv_date_sk = date_dim.d_date_sk)", "Workers": [], "Plans": [{"Node Type": "Seq Scan", "Parent Relationship": "Outer", "Parallel Aware": true, "Async Capable": false, "Relation Name": "inventory", "Alias": "inventory", "Startup Cost": 0.0, "Total Cost": 92882.33, "Plan Rows": 2936233, "Plan Width": 12, "Actual Startup Time": 0.012, "Actual Total Time": 74.59, "Actual Rows": 2349000, "Actual Loops": 5, "Workers": []}, {"Node Type": "Hash", "Parent Relationship": "Inner", "Parallel Aware": true, "Async Capable": false, "Startup Cost": 2068.55, "Total Cost": 2068.55, "Plan Rows": 205, "Plan Width": 4, "Actual Startup Time": 0.943, "Actual Total Time": 0.944, "Actual Rows": 73, "Actual Loops": 5, "Hash Buckets": 1024, "Original Hash Buckets": 1024, "Hash Batches": 1, "Original Hash Batches": 1, "Peak Memory Usage": 168, "Workers": [], "Plans": [{"Node Type": "Seq Scan", "Parent Relationship": "Outer", "Parallel Aware": true, "Async Capable": false, "Relation Name": "date_dim", "Alias": "date_dim", "Startup Cost": 0.0, "Total Cost": 2068.55, "Plan Rows": 205, "Plan Width": 4, "Actual Startup Time": 0.449, "Actual Total Time": 0.923, "Actual Rows": 73, "Actual Loops": 5, "Filter": "((d_month_seq >= 1200) AND (d_month_seq <= 1211))", "Rows Removed by Filter": 14537, "Workers": []}]}]}, {"Node Type": "Hash", "Parent Relationship": "Inner", "Parallel Aware": true, "Async Capable": false, "Startup Cost": 1389.88, "Total Cost": 1389.88, "Plan Rows": 10588, "Plan Width": 208, "Actual Startup Time": 2.688, "Actual Total Time": 2.688, "Actual Rows": 3600, "Actual Loops": 5, "Hash Buckets": 32768, "Original Hash Buckets": 32768, "Hash Batches": 1, "Original Hash Batches": 1, "Peak Memory Usage": 4576, "Workers": [], "Plans": [{"Node Type": "Seq Scan", "Parent Relationship": "Outer", "Parallel Aware": true, "Async Capable": false, "Relation Name": "item", "Alias": "item", "Startup Cost": 0.0, "Total Cost": 1389.88, "Plan Rows": 10588, "Plan Width": 208, "Actual Startup Time": 0.004, "Actual Total Time": 1.793, "Actual Rows": 3600, "Actual Loops": 5, "Workers": []}]}]}]}]}]}]}]}, "Planning Time": 0.431, "Triggers": [], "Execution Time": 1572.967}