{"Plan": {"Node Type": "Limit", "Parallel Aware": false, "Async Capable": false, "Startup Cost": 688237.62, "Total Cost": 688237.87, "Plan Rows": 100, "Plan Width": 84, "Actual Startup Time": 1961.091, "Actual Total Time": 1969.498, "Actual Rows": 4, "Actual Loops": 1, "Plans": [{"Node Type": "Aggregate", "Strategy": "Hashed", "Partial Mode": "Simple", "Parent Relationship": "InitPlan", "Subplan Name": "CTE frequent_ss_items", "Parallel Aware": false, "Async Capable": false, "Startup Cost": 71844.71, "Total Cost": 72606.61, "Plan Rows": 19047, "Plan Width": 48, "Actual Startup Time": 214.528, "Actual Total Time": 458.529, "Actual Rows": 43, "Actual Loops": 1, "Group Key": ["(\"substring\"((item.i_item_desc)::text, 1, 30))", "item.i_item_sk", "date_dim_2.d_date"], "Filter": "(count(*) > 4)", "Planned Partitions": 0, "HashAgg Batches": 21, "Peak Memory Usage": 16441, "Disk Usage": 88992, "Rows Removed by Filter": 1491101, "Plans": [{"Node Type": "Gather", "Parent Relationship": "Outer", "Parallel Aware": false, "Async Capable": false, "Startup Cost": 4601.43, "Total Cost": 71273.29, "Plan Rows": 57142, "Plan Width": 40, "Actual Startup Time": 4.25, "Actual Total Time": 52.027, "Actual Rows": 1655574, "Actual Loops": 1, "Workers Planned": 4, "Workers Launched": 4, "Single Copy": false, "Plans": [{"Node Type": "Hash Join", "Parent Relationship": "Outer", "Parallel Aware": true, "Async Capable": false, "Join Type": "Inner", "Startup Cost": 3601.43, "Total Cost": 64559.09, "Plan Rows": 14286, "Plan Width": 40, "Actual Startup Time": 2.715, "Actual Total Time": 143.753, "Actual Rows": 331115, "Actual Loops": 5, "Inner Unique": true, "Hash Cond": "(store_sales.ss_item_sk = item.i_item_sk)", "Workers": [], "Plans": [{"Node Type": "Hash Join", "Parent Relationship": "Outer", "Parallel Aware": true, "Async Capable": false, "Join Type": "Inner", "Startup Cost": 2079.2, "Total Cost": 62963.64, "Plan Rows": 14286, "Plan Width": 8, "Actual Startup Time": 1.137, "Actual Total Time": 64.585, "Actual Rows": 331115, "Actual Loops": 5, "Inner Unique": true, "Hash Cond": "(store_sales.ss_sold_date_sk = date_dim_2.d_date_sk)", "Workers": [], "Plans": [{"Node Type": "Seq Scan", "Parent Relationship": "Outer", "Parallel Aware": true, "Async Capable": false, "Relation Name": "store_sales", "Alias": "store_sales", "Startup Cost": 0.0, "Total Cost": 58993.85, "Plan Rows": 720185, "Plan Width": 8, "Actual Startup Time": 0.006, "Actual Total Time": 25.215, "Actual Rows": 576081, "Actual Loops": 5, "Workers": []}, {"Node Type": "Hash", "Parent Relationship": "Inner", "Parallel Aware": true, "Async Capable": false, "Startup Cost": 2068.55, "Total Cost": 2068.55, "Plan Rows": 852, "Plan Width": 8, "Actual Startup Time": 1.114, "Actual Total Time": 1.114, "Actual Rows": 292, "Actual Loops": 5, "Hash Buckets": 2048, "Original Hash Buckets": 2048, "Hash Batches": 1, "Original Hash Batches": 1, "Peak Memory Usage": 176, "Workers": [], "Plans": [{"Node Type": "Seq Scan", "Parent Relationship": "Outer", "Parallel Aware": true, "Async Capable": false, "Relation Name": "date_dim", "Alias": "date_dim_2", "Startup Cost": 0.0, "Total Cost": 2068.55, "Plan Rows": 852, "Plan Width": 8, "Actual Startup Time": 0.5, "Actual Total Time": 1.022, "Actual Rows": 292, "Actual Loops": 5, "Filter": "(d_year = ANY ('{2000,2001,2002,2003}'::integer[]))", "Rows Removed by Filter": 14318, "Workers": []}]}]}, {"Node Type": "Hash", "Parent Relationship": "Inner", "Parallel Aware": true, "Async Capable": false, "Startup Cost": 1389.88, "Total Cost": 1389.88, "Plan Rows": 10588, "Plan Width": 106, "Actual Startup Time": 1.498, "Actual Total Time": 1.499, "Actual Rows": 3600, "Actual Loops": 5, "Hash Buckets": 32768, "Original Hash Buckets": 32768, "Hash Batches": 1, "Original Hash Batches": 1, "Peak Memory Usage": 2816, "Workers": [], "Plans": [{"Node Type": "Seq Scan", "Parent Relationship": "Outer", "Parallel Aware": true, "Async Capable": false, "Relation Name": "item", "Alias": "item", "Startup Cost": 0.0, "Total Cost": 1389.88, "Plan Rows": 10588, "Plan Width": 106, "Actual Startup Time": 0.004, "Actual Total Time": 0.887, "Actual Rows": 3600, "Actual Loops": 5, "Workers": []}]}]}]}]}, {"Node Type": "Aggregate", "Strategy": "Hashed", "Partial Mode": "Simple", "Parent Relationship": "InitPlan", "Subplan Name": "CTE best_ss_customer", "Parallel Aware": false, "Async Capable": false, "Startup Cost": 490607.18, "Total Cost": 542995.18, "Plan Rows": 33333, "Plan Width": 36, "Actual Startup Time": 1221.346, "Actual Total Time": 1444.972, "Actual Rows": 5084, "Actual Loops": 1, "Group Key": ["customer_2.c_customer_sk"], "Filter": "(sum(((store_sales_1.ss_quantity)::numeric * store_sales_1.ss_sales_price)) > (0.50000000000000000000 * max((max((sum(((store_sales_2.ss_quantity)::numeric * store_sales_2.ss_sales_price))))))))", "Planned Partitions": 4, "HashAgg Batches": 5, "Peak Memory Usage": 16433, "Disk Usage": 64264, "Rows Removed by Filter": 85774, "Plans": [{"Node Type": "Nested Loop", "Parent Relationship": "Outer", "Parallel Aware": false, "Async Capable": false, "Join Type": "Inner", "Startup Cost": 77462.03, "Total Cost": 194431.09, "Plan Rows": 2880740, "Plan Width": 46, "Actual Startup Time": 313.583, "Actual Total Time": 814.256, "Actual Rows": 2750652, "Actual Loops": 1, "Inner Unique": false, "Plans": [{"Node Type": "Aggregate", "Strategy": "Plain", "Partial Mode": "Simple", "Parent Relationship": "Outer", "Parallel Aware": false, "Async Capable": false, "Startup Cost": 73585.69, "Total Cost": 73585.7, "Plan Rows": 1, "Plan Width": 32, "Actual Startup Time": 306.239, "Actual Total Time": 314.139, "Actual Rows": 1, "Actual Loops": 1, "Plans": [{"Node Type": "Aggregate", "Strategy": "Hashed", "Partial Mode": "Finalize", "Parent Relationship": "Outer", "Parallel Aware": false, "Async Capable": false, "Startup Cost": 72157.14, "Total Cost": 72871.42, "Plan Rows": 57142, "Plan Width": 36, "Actual Startup Time": 288.707, "Actual Total Time": 312.236, "Actual Rows": 76412, "Actual Loops": 1, "Group Key": ["customer_3.c_customer_sk"], "Planned Partitions": 0, "HashAgg Batches": 5, "Peak Memory Usage": 16433, "Disk Usage": 3800, "Plans": [{"Node Type": "Gather", "Parent Relationship": "Outer", "Parallel Aware": false, "Async Capable": false, "Startup Cost": 66740.59, "Total Cost": 71800.01, "Plan Rows": 47618, "Plan Width": 36, "Actual Startup Time": 263.301, "Actual Total Time": 281.286, "Actual Rows": 76412, "Actual Loops": 1, "Workers Planned": 2, "Workers Launched": 2, "Single Copy": false, "Plans": [{"Node Type": "Aggregate", "Strategy": "Hashed", "Partial Mode": "Partial", "Parent Relationship": "Outer", "Parallel Aware": false, "Async Capable": false, "Startup Cost": 65740.59, "Total Cost": 66038.21, "Plan Rows": 23809, "Plan Width": 36, "Actual Startup Time": 261.02, "Actual Total Time": 267.169, "Actual Rows": 25471, "Actual Loops": 3, "Group Key": ["customer_3.c_customer_sk"], "Planned Partitions": 0, "HashAgg Batches": 1, "Peak Memory Usage": 11281, "Disk Usage": 0, "Workers": [{"Worker Number": 0, "HashAgg Batches": 1, "Peak Memory Usage": 10513, "Disk Usage": 0}, {"Worker Number": 1, "HashAgg Batches": 1, "Peak Memory Usage": 11281, "Disk Usage": 0}], "Plans": [{"Node Type": "Hash Join", "Parent Relationship": "Outer", "Parallel Aware": true, "Async Capable": false, "Join Type": "Inner", "Startup Cost": 63142.5, "Total Cost": 65502.5, "Plan Rows": 23809, "Plan Width": 14, "Actual Startup Time": 163.465, "Actual Total Time": 199.461, "Actual Rows": 538865, "Actual Loops": 3, "Inner Unique": false, "Hash Cond": "(customer_3.c_customer_sk = store_sales_2.ss_customer_sk)", "Workers": [], "Plans": [{"Node Type": "Index Only Scan", "Parent Relationship": "Outer", "Parallel Aware": true, "Async Capable": false, "Scan Direction": "Forward", "Index Name": "customer_pkey", "Relation Name": "customer", "Alias": "customer_3", "Startup Cost": 0.29, "Total Cost": 2043.0, "Plan Rows": 41667, "Plan Width": 4, "Actual Startup Time": 0.034, "Actual Total Time": 1.38, "Actual Rows": 33333, "Actual Loops": 3, "Heap Fetches": 0, "Workers": []}, {"Node Type": "Hash", "Parent Relationship": "Inner", "Parallel Aware": true, "Async Capable": false, "Startup Cost": 62963.64, "Total Cost": 62963.64, "Plan Rows": 14286, "Plan Width": 14, "Actual Startup Time": 157.527, "Actual Total Time": 157.894, "Actual Rows": 551858, "Actual Loops": 3, "Hash Buckets": 262144, "Original Hash Buckets": 65536, "Hash Batches": 8, "Original Hash Batches": 1, "Peak Memory Usage": 11712, "Workers": [], "Plans": [{"Node Type": "Hash Join", "Parent Relationship": "Outer", "Parallel Aware": true, "Async Capable": false, "Join Type": "Inner", "Startup Cost": 2079.2, "Total Cost": 62963.64, "Plan Rows": 14286, "Plan Width": 14, "Actual Startup Time": 1.65, "Actual Total Time": 109.652, "Actual Rows": 551858, "Actual Loops": 3, "Inner Unique": true, "Hash Cond": "(store_sales_2.ss_sold_date_sk = date_dim_3.d_date_sk)", "Workers": [], "Plans": [{"Node Type": "Seq Scan", "Parent Relationship": "Outer", "Parallel Aware": true, "Async Capable": false, "Relation Name": "store_sales", "Alias": "store_sales_2", "Startup Cost": 0.0, "Total Cost": 58993.85, "Plan Rows": 720185, "Plan Width": 18, "Actual Startup Time": 0.005, "Actual Total Time": 39.754, "Actual Rows": 960135, "Actual Loops": 3, "Workers": []}, {"Node Type": "Hash", "Parent Relationship": "Inner", "Parallel Aware": true, "Async Capable": false, "Startup Cost": 2068.55, "Total Cost": 2068.55, "Plan Rows": 852, "Plan Width": 4, "Actual Startup Time": 1.628, "Actual Total Time": 1.629, "Actual Rows": 487, "Actual Loops": 3, "Hash Buckets": 2048, "Original Hash Buckets": 2048, "Hash Batches": 1, "Original Hash Batches": 1, "Peak Memory Usage": 112, "Workers": [], "Plans": [{"Node Type": "Seq Scan", "Parent Relationship": "Outer", "Parallel Aware": true, "Async Capable": false, "Relation Name": "date_dim", "Alias": "date_dim_3", "Startup Cost": 0.0, "Total Cost": 2068.55, "Plan Rows": 852, "Plan Width": 4, "Actual Startup Time": 0.827, "Actual Total Time": 1.587, "Actual Rows": 487, "Actual Loops": 3, "Filter": "(d_year = ANY ('{2000,2001,2002,2003}'::integer[]))", "Rows Removed by Filter": 23863, "Workers": []}]}]}]}]}]}]}]}]}, {"Node Type": "Hash Join", "Parent Relationship": "Inner", "Parallel Aware": false, "Async Capable": false, "Join Type": "Inner", "Startup Cost": 3876.34, "Total Cost": 92037.99, "Plan Rows": 2880740, "Plan Width": 14, "Actual Startup Time": 7.34, "Actual Total Time": 388.594, "Actual Rows": 2750652, "Actual Loops": 1, "Inner Unique": true, "Hash Cond": "(store_sales_1.ss_customer_sk = customer_2.c_customer_sk)", "Plans": [{"Node Type": "Seq Scan", "Parent Relationship": "Outer", "Parallel Aware": false, "Async Capable": false, "Relation Name": "store_sales", "Alias": "store_sales_1", "Startup Cost": 0.0, "Total Cost": 80599.4, "Plan Rows": 2880740, "Plan Width": 14, "Actual Startup Time": 0.008, "Actual Total Time": 98.254, "Actual Rows": 2880404, "Actual Loops": 1}, {"Node Type": "Hash", "Parent Relationship": "Inner", "Parallel Aware": false, "Async Capable": false, "Startup Cost": 2626.34, "Total Cost": 2626.34, "Plan Rows": 100000, "Plan Width": 4, "Actual Startup Time": 7.311, "Actual Total Time": 7.311, "Actual Rows": 100000, "Actual Loops": 1, "Hash Buckets": 131072, "Original Hash Buckets": 131072, "Hash Batches": 1, "Original Hash Batches": 1, "Peak Memory Usage": 4540, "Plans": [{"Node Type": "Index Only Scan", "Parent Relationship": "Outer", "Parallel Aware": false, "Async Capable": false, "Scan Direction": "Forward", "Index Name": "customer_pkey", "Relation Name": "customer", "Alias": "customer_2", "Startup Cost": 0.29, "Total Cost": 2626.34, "Plan Rows": 100000, "Plan Width": 4, "Actual Startup Time": 0.011, "Actual Total Time": 3.476, "Actual Rows": 100000, "Actual Loops": 1, "Heap Fetches": 0}]}]}]}]}, {"Node Type": "Sort", "Parent Relationship": "Outer", "Parallel Aware": false, "Async Capable": false, "Startup Cost": 72635.83, "Total Cost": 72637.43, "Plan Rows": 637, "Plan Width": 84, "Actual Startup Time": 1961.09, "Actual Total Time": 1961.247, "Actual Rows": 4, "Actual Loops": 1, "Sort Key": ["customer.c_last_name NULLS FIRST", "customer.c_first_name NULLS FIRST", "(sum(((catalog_sales.cs_quantity)::numeric * catalog_sales.cs_list_price))) NULLS FIRST"], "Sort Method": "quicksort", "Sort Space Used": 25, "Sort Space Type": "Memory", "Plans": [{"Node Type": "Append", "Parent Relationship": "Outer", "Parallel Aware": false, "Async Capable": false, "Startup Cost": 46443.31, "Total Cost": 72611.49, "Plan Rows": 637, "Plan Width": 84, "Actual Startup Time": 1935.713, "Actual Total Time": 1961.232, "Actual Rows": 4, "Actual Loops": 1, "Subplans Removed": 0, "Plans": [{"Node Type": "Aggregate", "Strategy": "Sorted", "Partial Mode": "Simple", "Parent Relationship": "Member", "Parallel Aware": false, "Async Capable": false, "Startup Cost": 46443.31, "Total Cost": 46453.43, "Plan Rows": 368, "Plan Width": 84, "Actual Startup Time": 1935.713, "Actual Total Time": 1935.815, "Actual Rows": 2, "Actual Loops": 1, "Group Key": ["customer.c_last_name", "customer.c_first_name"], "Plans": [{"Node Type": "Sort", "Parent Relationship": "Outer", "Parallel Aware": false, "Async Capable": false, "Startup Cost": 46443.31, "Total Cost": 46444.23, "Plan Rows": 368, "Plan Width": 62, "Actual Startup Time": 1935.705, "Actual Total Time": 1935.807, "Actual Rows": 2, "Actual Loops": 1, "Sort Key": ["customer.c_last_name", "customer.c_first_name"], "Sort Method": "quicksort", "Sort Space Used": 25, "Sort Space Type": "Memory", "Plans": [{"Node Type": "Hash Join", "Parent Relationship": "Outer", "Parallel Aware": false, "Async Capable": false, "Join Type": "Inner", "Startup Cost": 45971.58, "Total Cost": 46427.62, "Plan Rows": 368, "Plan Width": 62, "Actual Startup Time": 1697.502, "Actual Total Time": 1935.793, "Actual Rows": 2, "Actual Loops": 1, "Inner Unique": false, "Hash Cond": "(frequent_ss_items.item_sk = catalog_sales.cs_item_sk)", "Plans": [{"Node Type": "CTE Scan", "Parent Relationship": "Outer", "Parallel Aware": false, "Async Capable": false, "CTE Name": "frequent_ss_items", "Alias": "frequent_ss_items", "Startup Cost": 0.0, "Total Cost": 380.94, "Plan Rows": 19047, "Plan Width": 4, "Actual Startup Time": 214.53, "Actual Total Time": 458.193, "Actual Rows": 43, "Actual Loops": 1}, {"Node Type": "Hash", "Parent Relationship": "Inner", "Parallel Aware": false, "Async Capable": false, "Startup Cost": 45967.59, "Total Cost": 45967.59, "Plan Rows": 319, "Plan Width": 66, "Actual Startup Time": 1477.473, "Actual Total Time": 1477.574, "Actual Rows": 585, "Actual Loops": 1, "Hash Buckets": 1024, "Original Hash Buckets": 1024, "Hash Batches": 1, "Original Hash Batches": 1, "Peak Memory Usage": 64, "Plans": [{"Node Type": "Hash Join", "Parent Relationship": "Outer", "Parallel Aware": false, "Async Capable": false, "Join Type": "Inner", "Startup Cost": 45172.74, "Total Cost": 45967.59, "Plan Rows": 319, "Plan Width": 66, "Actual Startup Time": 1260.807, "Actual Total Time": 1477.499, "Actual Rows": 585, "Actual Loops": 1, "Inner Unique": false, "Hash Cond": "(best_ss_customer.c_customer_sk = catalog_sales.cs_bill_customer_sk)", "Plans": [{"Node Type": "CTE Scan", "Parent Relationship": "Outer", "Parallel Aware": false, "Async Capable": false, "CTE Name": "best_ss_customer", "Alias": "best_ss_customer", "Startup Cost": 0.0, "Total Cost": 666.66, "Plan Rows": 33333, "Plan Width": 4, "Actual Startup Time": 1221.348, "Actual Total Time": 1437.496, "Actual Rows": 5084, "Actual Loops": 1}, {"Node Type": "Hash", "Parent Relationship": "Inner", "Parallel Aware": false, "Async Capable": false, "Startup Cost": 45165.83, "Total Cost": 45165.83, "Plan Rows": 553, "Plan Width": 74, "Actual Startup Time": 39.389, "Actual Total Time": 39.488, "Actual Rows": 13252, "Actual Loops": 1, "Hash Buckets": 16384, "Original Hash Buckets": 1024, "Hash Batches": 1, "Original Hash Batches": 1, "Peak Memory Usage": 1503, "Plans": [{"Node Type": "Gather", "Parent Relationship": "Outer", "Parallel Aware": false, "Async Capable": false, "Startup Cost": 3069.04, "Total Cost": 45165.83, "Plan Rows": 553, "Plan Width": 74, "Actual Startup Time": 16.984, "Actual Total Time": 38.598, "Actual Rows": 13252, "Actual Loops": 1, "Workers Planned": 4, "Workers Launched": 4, "Single Copy": false, "Plans": [{"Node Type": "Nested Loop", "Parent Relationship": "Outer", "Parallel Aware": false, "Async Capable": false, "Join Type": "Inner", "Startup Cost": 2069.04, "Total Cost": 44110.53, "Plan Rows": 138, "Plan Width": 74, "Actual Startup Time": 15.143, "Actual Total Time": 36.863, "Actual Rows": 2650, "Actual Loops": 5, "Inner Unique": true, "Workers": [], "Plans": [{"Node Type": "Hash Join", "Parent Relationship": "Outer", "Parallel Aware": true, "Async Capable": false, "Join Type": "Inner", "Startup Cost": 2068.75, "Total Cost": 44066.54, "Plan Rows": 138, "Plan Width": 18, "Actual Startup Time": 15.116, "Actual Total Time": 34.883, "Actual Rows": 2659, "Actual Loops": 5, "Inner Unique": true, "Hash Cond": "(catalog_sales.cs_sold_date_sk = date_dim.d_date_sk)", "Workers": [], "Plans": [{"Node Type": "Seq Scan", "Parent Relationship": "Outer", "Parallel Aware": true, "Async Capable": false, "Relation Name": "catalog_sales", "Alias": "catalog_sales", "Startup Cost": 0.0, "Total Cost": 41051.75, "Plan Rows": 360375, "Plan Width": 22, "Actual Startup Time": 0.004, "Actual Total Time": 16.359, "Actual Rows": 288310, "Actual Loops": 5, "Workers": []}, {"Node Type": "Hash", "Parent Relationship": "Inner", "Parallel Aware": true, "Async Capable": false, "Startup Cost": 2068.55, "Total Cost": 2068.55, "Plan Rows": 16, "Plan Width": 4, "Actual Startup Time": 0.941, "Actual Total Time": 0.942, "Actual Rows": 6, "Actual Loops": 5, "Hash Buckets": 1024, "Original Hash Buckets": 1024, "Hash Batches": 1, "Original Hash Batches": 1, "Peak Memory Usage": 72, "Workers": [], "Plans": [{"Node Type": "Seq Scan", "Parent Relationship": "Outer", "Parallel Aware": true, "Async Capable": false, "Relation Name": "date_dim", "Alias": "date_dim", "Startup Cost": 0.0, "Total Cost": 2068.55, "Plan Rows": 16, "Plan Width": 4, "Actual Startup Time": 0.731, "Actual Total Time": 0.921, "Actual Rows": 6, "Actual Loops": 5, "Filter": "((d_year = 2000) AND (d_moy = 2))", "Rows Removed by Filter": 14604, "Workers": []}]}]}, {"Node Type": "Index Scan", "Parent Relationship": "Inner", "Parallel Aware": false, "Async Capable": false, "Scan Direction": "Forward", "Index Name": "customer_pkey", "Relation Name": "customer", "Alias": "customer", "Startup Cost": 0.29, "Total Cost": 0.32, "Plan Rows": 1, "Plan Width": 56, "Actual Startup Time": 0.001, "Actual Total Time": 0.001, "Actual Rows": 1, "Actual Loops": 13295, "Index Cond": "(c_customer_sk = catalog_sales.cs_bill_customer_sk)", "Rows Removed by Index Recheck": 0, "Workers": []}]}]}]}]}]}]}]}]}, {"Node Type": "Aggregate", "Strategy": "Sorted", "Partial Mode": "Simple", "Parent Relationship": "Member", "Parallel Aware": false, "Async Capable": false, "Startup Cost": 26147.48, "Total Cost": 26154.88, "Plan Rows": 269, "Plan Width": 84, "Actual Startup Time": 25.358, "Actual Total Time": 25.412, "Actual Rows": 2, "Actual Loops": 1, "Group Key": ["customer_1.c_last_name", "customer_1.c_first_name"], "Plans": [{"Node Type": "Sort", "Parent Relationship": "Outer", "Parallel Aware": false, "Async Capable": false, "Startup Cost": 26147.48, "Total Cost": 26148.15, "Plan Rows": 269, "Plan Width": 62, "Actual Startup Time": 25.35, "Actual Total Time": 25.403, "Actual Rows": 2, "Actual Loops": 1, "Sort Key": ["customer_1.c_last_name", "customer_1.c_first_name"], "Sort Method": "quicksort", "Sort Space Used": 25, "Sort Space Type": "Memory", "Plans": [{"Node Type": "Hash Join", "Parent Relationship": "Outer", "Parallel Aware": false, "Async Capable": false, "Join Type": "Inner", "Startup Cost": 25342.27, "Total Cost": 26136.62, "Plan Rows": 269, "Plan Width": 62, "Actual Startup Time": 25.179, "Actual Total Time": 25.394, "Actual Rows": 2, "Actual Loops": 1, "Inner Unique": false, "Hash Cond": "(best_ss_customer_1.c_customer_sk = web_sales.ws_bill_customer_sk)", "Plans": [{"Node Type": "CTE Scan", "Parent Relationship": "Outer", "Parallel Aware": false, "Async Capable": false, "CTE Name": "best_ss_customer", "Alias": "best_ss_customer_1", "Startup Cost": 0.0, "Total Cost": 666.66, "Plan Rows": 33333, "Plan Width": 4, "Actual Startup Time": 0.001, "Actual Total Time": 0.127, "Actual Rows": 5084, "Actual Loops": 1}, {"Node Type": "Hash", "Parent Relationship": "Inner", "Parallel Aware": false, "Async Capable": false, "Startup Cost": 25338.29, "Total Cost": 25338.29, "Plan Rows": 319, "Plan Width": 70, "Actual Startup Time": 25.059, "Actual Total Time": 25.111, "Actual Rows": 19, "Actual Loops": 1, "Hash Buckets": 1024, "Original Hash Buckets": 1024, "Hash Batches": 1, "Original Hash Batches": 1, "Peak Memory Usage": 10, "Plans": [{"Node Type": "Hash Join", "Parent Relationship": "Outer", "Parallel Aware": false, "Async Capable": false, "Join Type": "Inner", "Startup Cost": 24882.73, "Total Cost": 25338.29, "Plan Rows": 319, "Plan Width": 70, "Actual Startup Time": 25.05, "Actual Total Time": 25.106, "Actual Rows": 19, "Actual Loops": 1, "Inner Unique": false, "Hash Cond": "(frequent_ss_items_1.item_sk = web_sales.ws_item_sk)", "Plans": [{"Node Type": "CTE Scan", "Parent Relationship": "Outer", "Parallel Aware": false, "Async Capable": false, "CTE Name": "frequent_ss_items", "Alias": "frequent_ss_items_1", "Startup Cost": 0.0, "Total Cost": 380.94, "Plan Rows": 19047, "Plan Width": 4, "Actual Startup Time": 0.0, "Actual Total Time": 0.004, "Actual Rows": 43, "Actual Loops": 1}, {"Node Type": "Hash", "Parent Relationship": "Inner", "Parallel Aware": false, "Async Capable": false, "Startup Cost": 24879.28, "Total Cost": 24879.28, "Plan Rows": 276, "Plan Width": 74, "Actual Startup Time": 25.044, "Actual Total Time": 25.095, "Actual Rows": 6723, "Actual Loops": 1, "Hash Buckets": 8192, "Original Hash Buckets": 1024, "Hash Batches": 1, "Original Hash Batches": 1, "Peak Memory Usage": 764, "Plans": [{"Node Type": "Gather", "Parent Relationship": "Outer", "Parallel Aware": false, "Async Capable": false, "Startup Cost": 3069.04, "Total Cost": 24879.28, "Plan Rows": 276, "Plan Width": 74, "Actual Startup Time": 3.211, "Actual Total Time": 24.733, "Actual Rows": 6723, "Actual Loops": 1, "Workers Planned": 3, "Workers Launched": 3, "Single Copy": false, "Plans": [{"Node Type": "Nested Loop", "Parent Relationship": "Outer", "Parallel Aware": false, "Async Capable": false, "Join Type": "Inner", "Startup Cost": 2069.04, "Total Cost": 23851.68, "Plan Rows": 89, "Plan Width": 74, "Actual Startup Time": 1.4, "Actual Total Time": 22.922, "Actual Rows": 1681, "Actual Loops": 4, "Inner Unique": true, "Workers": [], "Plans": [{"Node Type": "Hash Join", "Parent Relationship": "Outer", "Parallel Aware": true, "Async Capable": false, "Join Type": "Inner", "Startup Cost": 2068.75, "Total Cost": 23822.53, "Plan Rows": 89, "Plan Width": 18, "Actual Startup Time": 1.38, "Actual Total Time": 21.606, "Actual Rows": 1682, "Actual Loops": 4, "Inner Unique": true, "Hash Cond": "(web_sales.ws_sold_date_sk = date_dim_1.d_date_sk)", "Workers": [], "Plans": [{"Node Type": "Seq Scan", "Parent Relationship": "Outer", "Parallel Aware": true, "Async Capable": false, "Relation Name": "web_sales", "Alias": "web_sales", "Startup Cost": 0.0, "Total Cost": 21144.59, "Plan Rows": 232059, "Plan Width": 22, "Actual Startup Time": 0.003, "Actual Total Time": 9.72, "Actual Rows": 179846, "Actual Loops": 4, "Workers": []}, {"Node Type": "Hash", "Parent Relationship": "Inner", "Parallel Aware": true, "Async Capable": false, "Startup Cost": 2068.55, "Total Cost": 2068.55, "Plan Rows": 16, "Plan Width": 4, "Actual Startup Time": 1.15, "Actual Total Time": 1.15, "Actual Rows": 7, "Actual Loops": 4, "Hash Buckets": 1024, "Original Hash Buckets": 1024, "Hash Batches": 1, "Original Hash Batches": 1, "Peak Memory Usage": 72, "Workers": [], "Plans": [{"Node Type": "Seq Scan", "Parent Relationship": "Outer", "Parallel Aware": true, "Async Capable": false, "Relation Name": "date_dim", "Alias": "date_dim_1", "Startup Cost": 0.0, "Total Cost": 2068.55, "Plan Rows": 16, "Plan Width": 4, "Actual Startup Time": 0.854, "Actual Total Time": 1.129, "Actual Rows": 7, "Actual Loops": 4, "Filter": "((d_year = 2000) AND (d_moy = 2))", "Rows Removed by Filter": 18255, "Workers": []}]}]}, {"Node Type": "Index Scan", "Parent Relationship": "Inner", "Parallel Aware": false, "Async Capable": false, "Scan Direction": "Forward", "Index Name": "customer_pkey", "Relation Name": "customer", "Alias": "customer_1", "Startup Cost": 0.29, "Total Cost": 0.33, "Plan Rows": 1, "Plan Width": 56, "Actual Startup Time": 0.001, "Actual Total Time": 0.001, "Actual Rows": 1, "Actual Loops": 6726, "Index Cond": "(c_customer_sk = web_sales.ws_bill_customer_sk)", "Rows Removed by Index Recheck": 0, "Workers": []}]}]}]}]}]}]}]}]}]}]}]}, "Planning Time": 1.074, "Triggers": [], "Execution Time": 1983.239}