{"Plan": {"Node Type": "Aggregate", "Strategy": "Sorted", "Partial Mode": "Simple", "Parallel Aware": false, "Async Capable": false, "Startup Cost": 68414.01, "Total Cost": 68414.04, "Plan Rows": 1, "Plan Width": 358, "Actual Startup Time": 261.545, "Actual Total Time": 268.988, "Actual Rows": 3, "Actual Loops": 1, "Group Key": ["ssales.c_last_name", "ssales.c_first_name", "ssales.s_store_name"], "Filter": "(sum(ssales.netpaid) > $5)", "Rows Removed by Filter": 0, "Plans": [{"Node Type": "Aggregate", "Strategy": "Sorted", "Partial Mode": "Simple", "Parent Relationship": "InitPlan", "Subplan Name": "CTE ssales", "Parallel Aware": false, "Async Capable": false, "Startup Cost": 68413.9, "Total Cost": 68413.94, "Plan Rows": 1, "Plan Width": 280, "Actual Startup Time": 261.471, "Actual Total Time": 268.937, "Actual Rows": 69, "Actual Loops": 1, "Group Key": ["customer.c_last_name", "customer.c_first_name", "store.s_store_name", "customer_address.ca_state", "store.s_state", "item.i_color", "item.i_current_price", "item.i_manager_id", "item.i_units", "item.i_size"], "Plans": [{"Node Type": "Sort", "Parent Relationship": "Outer", "Parallel Aware": false, "Async Capable": false, "Startup Cost": 68413.9, "Total Cost": 68413.9, "Plan Rows": 1, "Plan Width": 254, "Actual Startup Time": 261.461, "Actual Total Time": 268.903, "Actual Rows": 69, "Actual Loops": 1, "Sort Key": ["customer.c_last_name", "customer.c_first_name", "store.s_store_name", "customer_address.ca_state", "store.s_state", "item.i_color", "item.i_current_price", "item.i_manager_id", "item.i_units", "item.i_size"], "Sort Method": "quicksort", "Sort Space Used": 35, "Sort Space Type": "Memory", "Plans": [{"Node Type": "Nested Loop", "Parent Relationship": "Outer", "Parallel Aware": false, "Async Capable": false, "Join Type": "Inner", "Startup Cost": 64183.41, "Total Cost": 68413.89, "Plan Rows": 1, "Plan Width": 254, "Actual Startup Time": 204.579, "Actual Total Time": 268.837, "Actual Rows": 69, "Actual Loops": 1, "Inner Unique": true, "Plans": [{"Node Type": "Gather", "Parent Relationship": "Outer", "Parallel Aware": false, "Async Capable": false, "Startup Cost": 64183.12, "Total Cost": 68413.58, "Plan Rows": 1, "Plan Width": 199, "Actual Startup Time": 204.568, "Actual Total Time": 268.559, "Actual Rows": 69, "Actual Loops": 1, "Workers Planned": 1, "Workers Launched": 1, "Single Copy": false, "Plans": [{"Node Type": "Nested Loop", "Parent Relationship": "Outer", "Parallel Aware": false, "Async Capable": false, "Join Type": "Inner", "Startup Cost": 63183.12, "Total Cost": 67413.48, "Plan Rows": 1, "Plan Width": 199, "Actual Startup Time": 208.471, "Actual Total Time": 259.458, "Actual Rows": 34, "Actual Loops": 2, "Inner Unique": true, "Workers": [], "Plans": [{"Node Type": "Hash Join", "Parent Relationship": "Outer", "Parallel Aware": true, "Async Capable": false, "Join Type": "Inner", "Startup Cost": 63182.7, "Total Cost": 67407.71, "Plan Rows": 13, "Plan Width": 199, "Actual Startup Time": 208.408, "Actual Total Time": 258.428, "Actual Rows": 308, "Actual Loops": 2, "Inner Unique": true, "Hash Cond": "((customer.c_current_addr_sk = customer_address.ca_address_sk) AND (store.s_zip = customer_address.ca_zip))", "Join Filter": "((customer.c_birth_country)::text <> upper((customer_address.ca_country)::text))", "Rows Removed by Join Filter": 9, "Workers": [], "Plans": [{"Node Type": "Hash Join", "Parent Relationship": "Outer", "Parallel Aware": true, "Async Capable": false, "Join Type": "Inner", "Startup Cost": 61311.4, "Total Cost": 65314.0, "Plan Rows": 42364, "Plan Width": 253, "Actual Startup Time": 199.776, "Actual Total Time": 235.29, "Actual Rows": 447965, "Actual Loops": 2, "Inner Unique": false, "Hash Cond": "(customer.c_customer_sk = store_sales.ss_customer_sk)", "Workers": [], "Plans": [{"Node Type": "Seq Scan", "Parent Relationship": "Outer", "Parallel Aware": true, "Async Capable": false, "Relation Name": "customer", "Alias": "customer", "Startup Cost": 0.0, "Total Cost": 3460.24, "Plan Rows": 58824, "Plan Width": 69, "Actual Startup Time": 0.004, "Actual Total Time": 2.319, "Actual Rows": 50000, "Actual Loops": 2, "Workers": []}, {"Node Type": "Hash", "Parent Relationship": "Inner", "Parallel Aware": true, "Async Capable": false, "Startup Cost": 61086.35, "Total Cost": 61086.35, "Plan Rows": 18004, "Plan Width": 192, "Actual Startup Time": 188.806, "Actual Total Time": 188.808, "Actual Rows": 458826, "Actual Loops": 2, "Hash Buckets": 262144, "Original Hash Buckets": 131072, "Hash Batches": 4, "Original Hash Batches": 1, "Peak Memory Usage": 17920, "Workers": [], "Plans": [{"Node Type": "Hash Join", "Parent Relationship": "Outer", "Parallel Aware": false, "Async Capable": false, "Join Type": "Inner", "Startup Cost": 10.51, "Total Cost": 61086.35, "Plan Rows": 18004, "Plan Width": 192, "Actual Startup Time": 0.024, "Actual Total Time": 143.361, "Actual Rows": 458826, "Actual Loops": 2, "Inner Unique": true, "Hash Cond": "(store_sales.ss_store_sk = store.s_store_sk)", "Workers": [], "Plans": [{"Node Type": "Seq Scan", "Parent Relationship": "Outer", "Parallel Aware": true, "Async Capable": false, "Relation Name": "store_sales", "Alias": "store_sales", "Startup Cost": 0.0, "Total Cost": 58993.85, "Plan Rows": 720185, "Plan Width": 22, "Actual Startup Time": 0.005, "Actual Total Time": 55.614, "Actual Rows": 1440202, "Actual Loops": 2, "Workers": []}, {"Node Type": "Hash", "Parent Relationship": "Inner", "Parallel Aware": false, "Async Capable": false, "Startup Cost": 10.5, "Total Cost": 10.5, "Plan Rows": 1, "Plan Width": 178, "Actual Startup Time": 0.009, "Actual Total Time": 0.01, "Actual Rows": 3, "Actual Loops": 2, "Hash Buckets": 1024, "Original Hash Buckets": 1024, "Hash Batches": 1, "Original Hash Batches": 1, "Peak Memory Usage": 9, "Workers": [], "Plans": [{"Node Type": "Seq Scan", "Parent Relationship": "Outer", "Parallel Aware": false, "Async Capable": false, "Relation Name": "store", "Alias": "store", "Startup Cost": 0.0, "Total Cost": 10.5, "Plan Rows": 1, "Plan Width": 178, "Actual Startup Time": 0.006, "Actual Total Time": 0.007, "Actual Rows": 3, "Actual Loops": 2, "Filter": "(s_market_id = 8)", "Rows Removed by Filter": 9, "Workers": []}]}]}]}]}, {"Node Type": "Hash", "Parent Relationship": "Inner", "Parallel Aware": true, "Async Capable": false, "Startup Cost": 1430.12, "Total Cost": 1430.12, "Plan Rows": 29412, "Plan Width": 32, "Actual Startup Time": 4.639, "Actual Total Time": 4.639, "Actual Rows": 25000, "Actual Loops": 2, "Hash Buckets": 65536, "Original Hash Buckets": 65536, "Hash Batches": 1, "Original Hash Batches": 1, "Peak Memory Usage": 3936, "Workers": [], "Plans": [{"Node Type": "Seq Scan", "Parent Relationship": "Outer", "Parallel Aware": true, "Async Capable": false, "Relation Name": "customer_address", "Alias": "customer_address", "Startup Cost": 0.0, "Total Cost": 1430.12, "Plan Rows": 29412, "Plan Width": 32, "Actual Startup Time": 0.007, "Actual Total Time": 2.042, "Actual Rows": 25000, "Actual Loops": 2, "Workers": []}]}]}, {"Node Type": "Index Only Scan", "Parent Relationship": "Inner", "Parallel Aware": false, "Async Capable": false, "Scan Direction": "Forward", "Index Name": "store_returns_pkey", "Relation Name": "store_returns", "Alias": "store_returns", "Startup Cost": 0.42, "Total Cost": 0.44, "Plan Rows": 1, "Plan Width": 8, "Actual Startup Time": 0.003, "Actual Total Time": 0.003, "Actual Rows": 0, "Actual Loops": 615, "Index Cond": "((sr_item_sk = store_sales.ss_item_sk) AND (sr_ticket_number = store_sales.ss_ticket_number))", "Rows Removed by Index Recheck": 0, "Heap Fetches": 0, "Workers": []}]}]}, {"Node Type": "Index Scan", "Parent Relationship": "Inner", "Parallel Aware": false, "Async Capable": false, "Scan Direction": "Forward", "Index Name": "item_pkey", "Relation Name": "item", "Alias": "item", "Startup Cost": 0.29, "Total Cost": 0.31, "Plan Rows": 1, "Plan Width": 67, "Actual Startup Time": 0.003, "Actual Total Time": 0.003, "Actual Rows": 1, "Actual Loops": 69, "Index Cond": "(i_item_sk = store_sales.ss_item_sk)", "Rows Removed by Index Recheck": 0}]}]}]}, {"Node Type": "Aggregate", "Strategy": "Plain", "Partial Mode": "Simple", "Parent Relationship": "InitPlan", "Subplan Name": "InitPlan 2 (returns $5)", "Parallel Aware": false, "Async Capable": false, "Startup Cost": 0.02, "Total Cost": 0.04, "Plan Rows": 1, "Plan Width": 32, "Actual Startup Time": 0.01, "Actual Total Time": 0.011, "Actual Rows": 1, "Actual Loops": 1, "Plans": [{"Node Type": "CTE Scan", "Parent Relationship": "Outer", "Parallel Aware": false, "Async Capable": false, "CTE Name": "ssales", "Alias": "ssales_1", "Startup Cost": 0.0, "Total Cost": 0.02, "Plan Rows": 1, "Plan Width": 32, "Actual Startup Time": 0.0, "Actual Total Time": 0.002, "Actual Rows": 69, "Actual Loops": 1}]}, {"Node Type": "Sort", "Parent Relationship": "Outer", "Parallel Aware": false, "Async Capable": false, "Startup Cost": 0.03, "Total Cost": 0.04, "Plan Rows": 1, "Plan Width": 358, "Actual Startup Time": 261.528, "Actual Total Time": 261.529, "Actual Rows": 3, "Actual Loops": 1, "Sort Key": ["ssales.c_last_name", "ssales.c_first_name", "ssales.s_store_name"], "Sort Method": "quicksort", "Sort Space Used": 25, "Sort Space Type": "Memory", "Plans": [{"Node Type": "CTE Scan", "Parent Relationship": "Outer", "Parallel Aware": false, "Async Capable": false, "CTE Name": "ssales", "Alias": "ssales", "Startup Cost": 0.0, "Total Cost": 0.02, "Plan Rows": 1, "Plan Width": 358, "Actual Startup Time": 261.497, "Actual Total Time": 261.516, "Actual Rows": 3, "Actual Loops": 1, "Filter": "(i_color = 'peach'::bpchar)", "Rows Removed by Filter": 66}]}]}, "Planning Time": 1.162, "Triggers": [], "Execution Time": 269.097}