{"Plan": {"Node Type": "Limit", "Parallel Aware": false, "Async Capable": false, "Startup Cost": 45930.22, "Total Cost": 45933.72, "Plan Rows": 100, "Plan Width": 145, "Actual Startup Time": 95.319, "Actual Total Time": 100.376, "Actual Rows": 100, "Actual Loops": 1, "Plans": [{"Node Type": "Aggregate", "Strategy": "Sorted", "Partial Mode": "Simple", "Parent Relationship": "Outer", "Parallel Aware": false, "Async Capable": false, "Startup Cost": 45930.22, "Total Cost": 45933.79, "Plan Rows": 102, "Plan Width": 145, "Actual Startup Time": 95.317, "Actual Total Time": 100.37, "Actual Rows": 100, "Actual Loops": 1, "Group Key": ["item.i_item_id"], "Plans": [{"Node Type": "Sort", "Parent Relationship": "Outer", "Parallel Aware": false, "Async Capable": false, "Startup Cost": 45930.22, "Total Cost": 45930.48, "Plan Rows": 102, "Plan Width": 36, "Actual Startup Time": 95.299, "Actual Total Time": 100.288, "Actual Rows": 135, "Actual Loops": 1, "Sort Key": ["item.i_item_id"], "Sort Method": "quicksort", "Sort Space Used": 379, "Sort Space Type": "Memory", "Plans": [{"Node Type": "Gather", "Parent Relationship": "Outer", "Parallel Aware": false, "Async Capable": false, "Startup Cost": 2964.65, "Total Cost": 45926.82, "Plan Rows": 102, "Plan Width": 36, "Actual Startup Time": 17.764, "Actual Total Time": 96.506, "Actual Rows": 4032, "Actual Loops": 1, "Workers Planned": 4, "Workers Launched": 4, "Single Copy": false, "Plans": [{"Node Type": "Nested Loop", "Parent Relationship": "Outer", "Parallel Aware": false, "Async Capable": false, "Join Type": "Inner", "Startup Cost": 1964.65, "Total Cost": 44916.62, "Plan Rows": 26, "Plan Width": 36, "Actual Startup Time": 15.168, "Actual Total Time": 89.954, "Actual Rows": 806, "Actual Loops": 5, "Inner Unique": true, "Workers": [], "Plans": [{"Node Type": "Nested Loop", "Parent Relationship": "Outer", "Parallel Aware": false, "Async Capable": false, "Join Type": "Inner", "Startup Cost": 1964.5, "Total Cost": 44912.2, "Plan Rows": 26, "Plan Width": 40, "Actual Startup Time": 15.16, "Actual Total Time": 89.528, "Actual Rows": 810, "Actual Loops": 5, "Inner Unique": true, "Workers": [], "Plans": [{"Node Type": "Nested Loop", "Parent Relationship": "Outer", "Parallel Aware": false, "Async Capable": false, "Join Type": "Inner", "Startup Cost": 1964.21, "Total Cost": 44904.17, "Plan Rows": 26, "Plan Width": 27, "Actual Startup Time": 15.145, "Actual Total Time": 88.315, "Actual Rows": 810, "Actual Loops": 5, "Inner Unique": true, "Workers": [], "Plans": [{"Node Type": "Hash Join", "Parent Relationship": "Outer", "Parallel Aware": true, "Async Capable": false, "Join Type": "Inner", "Startup Cost": 1963.79, "Total Cost": 43961.58, "Plan Rows": 1786, "Plan Width": 31, "Actual Startup Time": 13.624, "Actual Total Time": 41.65, "Actual Rows": 57507, "Actual Loops": 5, "Inner Unique": true, "Hash Cond": "(catalog_sales.cs_sold_date_sk = date_dim.d_date_sk)", "Workers": [], "Plans": [{"Node Type": "Seq Scan", "Parent Relationship": "Outer", "Parallel Aware": true, "Async Capable": false, "Relation Name": "catalog_sales", "Alias": "catalog_sales", "Startup Cost": 0.0, "Total Cost": 41051.75, "Plan Rows": 360375, "Plan Width": 35, "Actual Startup Time": 0.003, "Actual Total Time": 15.247, "Actual Rows": 288310, "Actual Loops": 5, "Workers": []}, {"Node Type": "Hash", "Parent Relationship": "Inner", "Parallel Aware": true, "Async Capable": false, "Startup Cost": 1961.12, "Total Cost": 1961.12, "Plan Rows": 213, "Plan Width": 4, "Actual Startup Time": 0.894, "Actual Total Time": 0.895, "Actual Rows": 73, "Actual Loops": 5, "Hash Buckets": 1024, "Original Hash Buckets": 1024, "Hash Batches": 1, "Original Hash Batches": 1, "Peak Memory Usage": 136, "Workers": [], "Plans": [{"Node Type": "Seq Scan", "Parent Relationship": "Outer", "Parallel Aware": true, "Async Capable": false, "Relation Name": "date_dim", "Alias": "date_dim", "Startup Cost": 0.0, "Total Cost": 1961.12, "Plan Rows": 213, "Plan Width": 4, "Actual Startup Time": 0.478, "Actual Total Time": 0.872, "Actual Rows": 73, "Actual Loops": 5, "Filter": "(d_year = 2000)", "Rows Removed by Filter": 14537, "Workers": []}]}]}, {"Node Type": "Index Scan", "Parent Relationship": "Inner", "Parallel Aware": false, "Async Capable": false, "Scan Direction": "Forward", "Index Name": "customer_demographics_pkey", "Relation Name": "customer_demographics", "Alias": "customer_demographics", "Startup Cost": 0.43, "Total Cost": 0.53, "Plan Rows": 1, "Plan Width": 4, "Actual Startup Time": 0.001, "Actual Total Time": 0.001, "Actual Rows": 0, "Actual Loops": 287535, "Index Cond": "(cd_demo_sk = catalog_sales.cs_bill_cdemo_sk)", "Rows Removed by Index Recheck": 0, "Filter": "((cd_gender = 'M'::bpchar) AND (cd_marital_status = 'S'::bpchar) AND (cd_education_status = 'College'::bpchar))", "Rows Removed by Filter": 1, "Workers": []}]}, {"Node Type": "Index Scan", "Parent Relationship": "Inner", "Parallel Aware": false, "Async Capable": false, "Scan Direction": "Forward", "Index Name": "item_pkey", "Relation Name": "item", "Alias": "item", "Startup Cost": 0.29, "Total Cost": 0.31, "Plan Rows": 1, "Plan Width": 21, "Actual Startup Time": 0.001, "Actual Total Time": 0.001, "Actual Rows": 1, "Actual Loops": 4050, "Index Cond": "(i_item_sk = catalog_sales.cs_item_sk)", "Rows Removed by Index Recheck": 0, "Workers": []}]}, {"Node Type": "Index Scan", "Parent Relationship": "Inner", "Parallel Aware": false, "Async Capable": false, "Scan Direction": "Forward", "Index Name": "promotion_pkey", "Relation Name": "promotion", "Alias": "promotion", "Startup Cost": 0.15, "Total Cost": 0.17, "Plan Rows": 1, "Plan Width": 4, "Actual Startup Time": 0.0, "Actual Total Time": 0.0, "Actual Rows": 1, "Actual Loops": 4050, "Index Cond": "(p_promo_sk = catalog_sales.cs_promo_sk)", "Rows Removed by Index Recheck": 0, "Filter": "((p_channel_email = 'N'::bpchar) OR (p_channel_event = 'N'::bpchar))", "Rows Removed by Filter": 0, "Workers": []}]}]}]}]}]}, "Planning Time": 1.218, "Triggers": [], "Execution Time": 100.479}