{"Plan": {"Node Type": "Limit", "Parallel Aware": false, "Async Capable": false, "Startup Cost": 63155.92, "Total Cost": 63155.95, "Plan Rows": 11, "Plan Width": 220, "Actual Startup Time": 248.832, "Actual Total Time": 248.907, "Actual Rows": 100, "Actual Loops": 1, "Plans": [{"Node Type": "Gather", "Parent Relationship": "InitPlan", "Subplan Name": "CTE results", "Parallel Aware": false, "Async Capable": false, "Startup Cost": 1011.53, "Total Cost": 63154.97, "Plan Rows": 5, "Plan Width": 52, "Actual Startup Time": 1.173, "Actual Total Time": 234.198, "Actual Rows": 7426, "Actual Loops": 1, "Workers Planned": 4, "Workers Launched": 4, "Single Copy": false, "Plans": [{"Node Type": "Nested Loop", "Parent Relationship": "Outer", "Parallel Aware": false, "Async Capable": false, "Join Type": "Inner", "Startup Cost": 11.53, "Total Cost": 62154.47, "Plan Rows": 1, "Plan Width": 52, "Actual Startup Time": 2.048, "Actual Total Time": 235.338, "Actual Rows": 1485, "Actual Loops": 5, "Inner Unique": true, "Workers": [], "Plans": [{"Node Type": "Nested Loop", "Parent Relationship": "Outer", "Parallel Aware": false, "Async Capable": false, "Join Type": "Inner", "Startup Cost": 11.24, "Total Cost": 62154.16, "Plan Rows": 1, "Plan Width": 35, "Actual Startup Time": 2.039, "Actual Total Time": 233.451, "Actual Rows": 1485, "Actual Loops": 5, "Inner Unique": true, "Workers": [], "Plans": [{"Node Type": "Nested Loop", "Parent Relationship": "Outer", "Parallel Aware": false, "Async Capable": false, "Join Type": "Inner", "Startup Cost": 10.81, "Total Cost": 62110.54, "Plan Rows": 89, "Plan Width": 39, "Actual Startup Time": 0.065, "Actual Total Time": 155.148, "Actual Rows": 107291, "Actual Loops": 5, "Inner Unique": true, "Workers": [], "Plans": [{"Node Type": "Hash Join", "Parent Relationship": "Outer", "Parallel Aware": false, "Async Capable": false, "Join Type": "Inner", "Startup Cost": 10.51, "Total Cost": 61086.35, "Plan Rows": 18004, "Plan Width": 43, "Actual Startup Time": 0.03, "Actual Total Time": 92.333, "Actual Rows": 550074, "Actual Loops": 5, "Inner Unique": true, "Hash Cond": "(store_sales.ss_store_sk = store.s_store_sk)", "Workers": [], "Plans": [{"Node Type": "Seq Scan", "Parent Relationship": "Outer", "Parallel Aware": true, "Async Capable": false, "Relation Name": "store_sales", "Alias": "store_sales", "Startup Cost": 0.0, "Total Cost": 58993.85, "Plan Rows": 720185, "Plan Width": 35, "Actual Startup Time": 0.004, "Actual Total Time": 25.458, "Actual Rows": 576081, "Actual Loops": 5, "Workers": []}, {"Node Type": "Hash", "Parent Relationship": "Inner", "Parallel Aware": false, "Async Capable": false, "Startup Cost": 10.5, "Total Cost": 10.5, "Plan Rows": 1, "Plan Width": 16, "Actual Startup Time": 0.01, "Actual Total Time": 0.011, "Actual Rows": 12, "Actual Loops": 5, "Hash Buckets": 1024, "Original Hash Buckets": 1024, "Hash Batches": 1, "Original Hash Batches": 1, "Peak Memory Usage": 9, "Workers": [], "Plans": [{"Node Type": "Seq Scan", "Parent Relationship": "Outer", "Parallel Aware": false, "Async Capable": false, "Relation Name": "store", "Alias": "store", "Startup Cost": 0.0, "Total Cost": 10.5, "Plan Rows": 1, "Plan Width": 16, "Actual Startup Time": 0.005, "Actual Total Time": 0.008, "Actual Rows": 12, "Actual Loops": 5, "Filter": "(s_state = 'TN'::bpchar)", "Rows Removed by Filter": 0, "Workers": []}]}]}, {"Node Type": "Memoize", "Parent Relationship": "Inner", "Parallel Aware": false, "Async Capable": false, "Startup Cost": 0.3, "Total Cost": 0.32, "Plan Rows": 1, "Plan Width": 4, "Actual Startup Time": 0.0, "Actual Total Time": 0.0, "Actual Rows": 0, "Actual Loops": 2750370, "Cache Key": "store_sales.ss_sold_date_sk", "Cache Mode": "logical", "Cache Hits": 535872, "Cache Misses": 1824, "Cache Evictions": 0, "Cache Overflows": 0, "Peak Memory Usage": 134, "Workers": [{"Worker Number": 0, "Cache Hits": 544402, "Cache Misses": 1824, "Cache Evictions": 0, "Cache Overflows": 0, "Peak Memory Usage": 134}, {"Worker Number": 1, "Cache Hits": 555534, "Cache Misses": 1824, "Cache Evictions": 0, "Cache Overflows": 0, "Peak Memory Usage": 134}, {"Worker Number": 2, "Cache Hits": 550053, "Cache Misses": 1824, "Cache Evictions": 0, "Cache Overflows": 0, "Peak Memory Usage": 134}, {"Worker Number": 3, "Cache Hits": 555389, "Cache Misses": 1824, "Cache Evictions": 0, "Cache Overflows": 0, "Peak Memory Usage": 134}], "Plans": [{"Node Type": "Index Scan", "Parent Relationship": "Outer", "Parallel Aware": false, "Async Capable": false, "Scan Direction": "Forward", "Index Name": "date_dim_pkey", "Relation Name": "date_dim", "Alias": "date_dim", "Startup Cost": 0.29, "Total Cost": 0.31, "Plan Rows": 1, "Plan Width": 4, "Actual Startup Time": 0.001, "Actual Total Time": 0.001, "Actual Rows": 0, "Actual Loops": 9120, "Index Cond": "(d_date_sk = store_sales.ss_sold_date_sk)", "Rows Removed by Index Recheck": 0, "Filter": "(d_year = 2002)", "Rows Removed by Filter": 1, "Workers": []}]}]}, {"Node Type": "Index Scan", "Parent Relationship": "Inner", "Parallel Aware": false, "Async Capable": false, "Scan Direction": "Forward", "Index Name": "customer_demographics_pkey", "Relation Name": "customer_demographics", "Alias": "customer_demographics", "Startup Cost": 0.43, "Total Cost": 0.49, "Plan Rows": 1, "Plan Width": 4, "Actual Startup Time": 0.001, "Actual Total Time": 0.001, "Actual Rows": 0, "Actual Loops": 536455, "Index Cond": "(cd_demo_sk = store_sales.ss_cdemo_sk)", "Rows Removed by Index Recheck": 0, "Filter": "((cd_gender = 'M'::bpchar) AND (cd_marital_status = 'S'::bpchar) AND (cd_education_status = 'College'::bpchar))", "Rows Removed by Filter": 1, "Workers": []}]}, {"Node Type": "Index Scan", "Parent Relationship": "Inner", "Parallel Aware": false, "Async Capable": false, "Scan Direction": "Forward", "Index Name": "item_pkey", "Relation Name": "item", "Alias": "item", "Startup Cost": 0.29, "Total Cost": 0.31, "Plan Rows": 1, "Plan Width": 21, "Actual Startup Time": 0.001, "Actual Total Time": 0.001, "Actual Rows": 1, "Actual Loops": 7426, "Index Cond": "(i_item_sk = store_sales.ss_item_sk)", "Rows Removed by Index Recheck": 0, "Workers": []}]}]}, {"Node Type": "Sort", "Parent Relationship": "Outer", "Parallel Aware": false, "Async Capable": false, "Startup Cost": 0.95, "Total Cost": 0.98, "Plan Rows": 11, "Plan Width": 220, "Actual Startup Time": 248.83, "Actual Total Time": 248.834, "Actual Rows": 100, "Actual Loops": 1, "Sort Key": ["results.i_item_id NULLS FIRST", "results.s_state NULLS FIRST"], "Sort Method": "top-N heapsort", "Sort Space Used": 40, "Sort Space Type": "Memory", "Plans": [{"Node Type": "Append", "Parent Relationship": "Outer", "Parallel Aware": false, "Async Capable": false, "Startup Cost": 0.18, "Total Cost": 0.76, "Plan Rows": 11, "Plan Width": 220, "Actual Startup Time": 238.355, "Actual Total Time": 246.972, "Actual Rows": 10135, "Actual Loops": 1, "Subplans Removed": 0, "Plans": [{"Node Type": "Aggregate", "Strategy": "Hashed", "Partial Mode": "Simple", "Parent Relationship": "Member", "Parallel Aware": false, "Async Capable": false, "Startup Cost": 0.18, "Total Cost": 0.28, "Plan Rows": 5, "Plan Width": 212, "Actual Startup Time": 238.354, "Actual Total Time": 240.806, "Actual Rows": 5067, "Actual Loops": 1, "Group Key": ["results.i_item_id", "results.s_state"], "Planned Partitions": 0, "HashAgg Batches": 1, "Peak Memory Usage": 6377, "Disk Usage": 0, "Plans": [{"Node Type": "CTE Scan", "Parent Relationship": "Outer", "Parallel Aware": false, "Async Capable": false, "CTE Name": "results", "Alias": "results", "Startup Cost": 0.0, "Total Cost": 0.1, "Plan Rows": 5, "Plan Width": 126, "Actual Startup Time": 1.174, "Actual Total Time": 235.156, "Actual Rows": 7426, "Actual Loops": 1}]}, {"Node Type": "Aggregate", "Strategy": "Hashed", "Partial Mode": "Simple", "Parent Relationship": "Member", "Parallel Aware": false, "Async Capable": false, "Startup Cost": 0.16, "Total Cost": 0.26, "Plan Rows": 5, "Plan Width": 232, "Actual Startup Time": 2.84, "Actual Total Time": 5.056, "Actual Rows": 5067, "Actual Loops": 1, "Group Key": ["results_1.i_item_id"], "Planned Partitions": 0, "HashAgg Batches": 1, "Peak Memory Usage": 6377, "Disk Usage": 0, "Plans": [{"Node Type": "CTE Scan", "Parent Relationship": "Outer", "Parallel Aware": false, "Async Capable": false, "CTE Name": "results", "Alias": "results_1", "Startup Cost": 0.0, "Total Cost": 0.1, "Plan Rows": 5, "Plan Width": 114, "Actual Startup Time": 0.001, "Actual Total Time": 0.268, "Actual Rows": 7426, "Actual Loops": 1}]}, {"Node Type": "Aggregate", "Strategy": "Plain", "Partial Mode": "Simple", "Parent Relationship": "Member", "Parallel Aware": false, "Async Capable": false, "Startup Cost": 0.16, "Total Cost": 0.17, "Plan Rows": 1, "Plan Width": 196, "Actual Startup Time": 0.732, "Actual Total Time": 0.732, "Actual Rows": 1, "Actual Loops": 1, "Plans": [{"Node Type": "CTE Scan", "Parent Relationship": "Outer", "Parallel Aware": false, "Async Capable": false, "CTE Name": "results", "Alias": "results_2", "Startup Cost": 0.0, "Total Cost": 0.1, "Plan Rows": 5, "Plan Width": 46, "Actual Startup Time": 0.0, "Actual Total Time": 0.195, "Actual Rows": 7426, "Actual Loops": 1}]}]}]}]}, "Planning Time": 0.673, "Triggers": [], "Execution Time": 249.352}