{"Plan": {"Node Type": "Limit", "Parallel Aware": false, "Async Capable": false, "Startup Cost": 474465.27, "Total Cost": 474465.38, "Plan Rows": 1, "Plan Width": 288, "Actual Startup Time": 333.703, "Actual Total Time": 338.502, "Actual Rows": 1, "Actual Loops": 1, "Plans": [{"Node Type": "Nested Loop", "Parent Relationship": "Outer", "Parallel Aware": false, "Async Capable": false, "Join Type": "Inner", "Startup Cost": 474465.27, "Total Cost": 474465.38, "Plan Rows": 1, "Plan Width": 288, "Actual Startup Time": 333.701, "Actual Total Time": 338.5, "Actual Rows": 1, "Actual Loops": 1, "Inner Unique": false, "Plans": [{"Node Type": "Nested Loop", "Parent Relationship": "Outer", "Parallel Aware": false, "Async Capable": false, "Join Type": "Inner", "Startup Cost": 395696.93, "Total Cost": 395697.02, "Plan Rows": 1, "Plan Width": 240, "Actual Startup Time": 274.579, "Actual Total Time": 274.741, "Actual Rows": 1, "Actual Loops": 1, "Inner Unique": false, "Plans": [{"Node Type": "Nested Loop", "Parent Relationship": "Outer", "Parallel Aware": false, "Async Capable": false, "Join Type": "Inner", "Startup Cost": 316319.73, "Total Cost": 316319.8, "Plan Rows": 1, "Plan Width": 192, "Actual Startup Time": 223.067, "Actual Total Time": 223.203, "Actual Rows": 1, "Actual Loops": 1, "Inner Unique": false, "Plans": [{"Node Type": "Nested Loop", "Parent Relationship": "Outer", "Parallel Aware": false, "Async Capable": false, "Join Type": "Inner", "Startup Cost": 237794.27, "Total Cost": 237794.32, "Plan Rows": 1, "Plan Width": 144, "Actual Startup Time": 163.956, "Actual Total Time": 164.067, "Actual Rows": 1, "Actual Loops": 1, "Inner Unique": false, "Plans": [{"Node Type": "Nested Loop", "Parent Relationship": "Outer", "Parallel Aware": false, "Async Capable": false, "Join Type": "Inner", "Startup Cost": 159167.01, "Total Cost": 159167.04, "Plan Rows": 1, "Plan Width": 96, "Actual Startup Time": 113.945, "Actual Total Time": 114.025, "Actual Rows": 1, "Actual Loops": 1, "Inner Unique": false, "Plans": [{"Node Type": "Aggregate", "Strategy": "Plain", "Partial Mode": "Simple", "Parent Relationship": "Outer", "Parallel Aware": false, "Async Capable": false, "Startup Cost": 79848.41, "Total Cost": 79848.42, "Plan Rows": 1, "Plan Width": 48, "Actual Startup Time": 53.281, "Actual Total Time": 53.334, "Actual Rows": 1, "Actual Loops": 1, "Plans": [{"Node Type": "Gather Merge", "Parent Relationship": "Outer", "Parallel Aware": false, "Async Capable": false, "Startup Cost": 75023.79, "Total Cost": 79564.01, "Plan Rows": 37919, "Plan Width": 6, "Actual Startup Time": 47.041, "Actual Total Time": 51.063, "Actual Rows": 36475, "Actual Loops": 1, "Workers Planned": 4, "Workers Launched": 4, "Plans": [{"Node Type": "Sort", "Parent Relationship": "Outer", "Parallel Aware": false, "Async Capable": false, "Startup Cost": 74023.74, "Total Cost": 74047.44, "Plan Rows": 9480, "Plan Width": 6, "Actual Startup Time": 45.595, "Actual Total Time": 45.774, "Actual Rows": 7295, "Actual Loops": 5, "Sort Key": ["store_sales.ss_list_price"], "Sort Method": "quicksort", "Sort Space Used": 309, "Sort Space Type": "Memory", "Workers": [{"Worker Number": 0, "Sort Method": "quicksort", "Sort Space Used": 305, "Sort Space Type": "Memory"}, {"Worker Number": 1, "Sort Method": "quicksort", "Sort Space Used": 305, "Sort Space Type": "Memory"}, {"Worker Number": 2, "Sort Method": "quicksort", "Sort Space Used": 305, "Sort Space Type": "Memory"}, {"Worker Number": 3, "Sort Method": "quicksort", "Sort Space Used": 304, "Sort Space Type": "Memory"}], "Plans": [{"Node Type": "Seq Scan", "Parent Relationship": "Outer", "Parallel Aware": true, "Async Capable": false, "Relation Name": "store_sales", "Alias": "store_sales", "Startup Cost": 0.0, "Total Cost": 73397.55, "Plan Rows": 9480, "Plan Width": 6, "Actual Startup Time": 0.013, "Actual Total Time": 44.509, "Actual Rows": 7295, "Actual Loops": 5, "Filter": "((ss_quantity >= 0) AND (ss_quantity <= 5) AND (((ss_list_price >= '8'::numeric) AND (ss_list_price <= '18'::numeric)) OR ((ss_coupon_amt >= '459'::numeric) AND (ss_coupon_amt <= '1459'::numeric)) OR ((ss_wholesale_cost >= '57'::numeric) AND (ss_wholesale_cost <= '77'::numeric))))", "Rows Removed by Filter": 568786, "Workers": []}]}]}]}, {"Node Type": "Aggregate", "Strategy": "Plain", "Partial Mode": "Simple", "Parent Relationship": "Inner", "Parallel Aware": false, "Async Capable": false, "Startup Cost": 79318.6, "Total Cost": 79318.61, "Plan Rows": 1, "Plan Width": 48, "Actual Startup Time": 60.66, "Actual Total Time": 60.687, "Actual Rows": 1, "Actual Loops": 1, "Plans": [{"Node Type": "Gather Merge", "Parent Relationship": "Outer", "Parallel Aware": false, "Async Capable": false, "Startup Cost": 74957.37, "Total Cost": 79061.52, "Plan Rows": 34277, "Plan Width": 6, "Actual Startup Time": 55.348, "Actual Total Time": 58.662, "Actual Rows": 35529, "Actual Loops": 1, "Workers Planned": 4, "Workers Launched": 3, "Plans": [{"Node Type": "Sort", "Parent Relationship": "Outer", "Parallel Aware": false, "Async Capable": false, "Startup Cost": 73957.32, "Total Cost": 73978.74, "Plan Rows": 8569, "Plan Width": 6, "Actual Startup Time": 53.755, "Actual Total Time": 53.982, "Actual Rows": 8882, "Actual Loops": 4, "Sort Key": ["store_sales_1.ss_list_price"], "Sort Method": "quicksort", "Sort Space Used": 536, "Sort Space Type": "Memory", "Workers": [{"Worker Number": 0, "Sort Method": "quicksort", "Sort Space Used": 517, "Sort Space Type": "Memory"}, {"Worker Number": 1, "Sort Method": "quicksort", "Sort Space Used": 517, "Sort Space Type": "Memory"}, {"Worker Number": 2, "Sort Method": "quicksort", "Sort Space Used": 519, "Sort Space Type": "Memory"}], "Plans": [{"Node Type": "Seq Scan", "Parent Relationship": "Outer", "Parallel Aware": true, "Async Capable": false, "Relation Name": "store_sales", "Alias": "store_sales_1", "Startup Cost": 0.0, "Total Cost": 73397.55, "Plan Rows": 8569, "Plan Width": 6, "Actual Startup Time": 0.015, "Actual Total Time": 52.396, "Actual Rows": 8882, "Actual Loops": 4, "Filter": "((ss_quantity >= 6) AND (ss_quantity <= 10) AND (((ss_list_price >= '90'::numeric) AND (ss_list_price <= '100'::numeric)) OR ((ss_coupon_amt >= '2323'::numeric) AND (ss_coupon_amt <= '3323'::numeric)) OR ((ss_wholesale_cost >= '31'::numeric) AND (ss_wholesale_cost <= '51'::numeric))))", "Rows Removed by Filter": 711219, "Workers": []}]}]}]}]}, {"Node Type": "Aggregate", "Strategy": "Plain", "Partial Mode": "Simple", "Parent Relationship": "Inner", "Parallel Aware": false, "Async Capable": false, "Startup Cost": 78627.27, "Total Cost": 78627.28, "Plan Rows": 1, "Plan Width": 48, "Actual Startup Time": 50.008, "Actual Total Time": 50.039, "Actual Rows": 1, "Actual Loops": 1, "Plans": [{"Node Type": "Gather Merge", "Parent Relationship": "Outer", "Parallel Aware": false, "Async Capable": false, "Startup Cost": 74871.68, "Total Cost": 78405.89, "Plan Rows": 29517, "Plan Width": 6, "Actual Startup Time": 45.231, "Actual Total Time": 48.346, "Actual Rows": 28226, "Actual Loops": 1, "Workers Planned": 4, "Workers Launched": 4, "Plans": [{"Node Type": "Sort", "Parent Relationship": "Outer", "Parallel Aware": false, "Async Capable": false, "Startup Cost": 73871.62, "Total Cost": 73890.07, "Plan Rows": 7379, "Plan Width": 6, "Actual Startup Time": 43.432, "Actual Total Time": 43.602, "Actual Rows": 5645, "Actual Loops": 5, "Sort Key": ["store_sales_2.ss_list_price"], "Sort Method": "quicksort", "Sort Space Used": 294, "Sort Space Type": "Memory", "Workers": [{"Worker Number": 0, "Sort Method": "quicksort", "Sort Space Used": 276, "Sort Space Type": "Memory"}, {"Worker Number": 1, "Sort Method": "quicksort", "Sort Space Used": 279, "Sort Space Type": "Memory"}, {"Worker Number": 2, "Sort Method": "quicksort", "Sort Space Used": 274, "Sort Space Type": "Memory"}, {"Worker Number": 3, "Sort Method": "quicksort", "Sort Space Used": 276, "Sort Space Type": "Memory"}], "Plans": [{"Node Type": "Seq Scan", "Parent Relationship": "Outer", "Parallel Aware": true, "Async Capable": false, "Relation Name": "store_sales", "Alias": "store_sales_2", "Startup Cost": 0.0, "Total Cost": 73397.55, "Plan Rows": 7379, "Plan Width": 6, "Actual Startup Time": 0.018, "Actual Total Time": 42.584, "Actual Rows": 5645, "Actual Loops": 5, "Filter": "((ss_quantity >= 11) AND (ss_quantity <= 15) AND (((ss_list_price >= '142'::numeric) AND (ss_list_price <= '152'::numeric)) OR ((ss_coupon_amt >= '12214'::numeric) AND (ss_coupon_amt <= '13214'::numeric)) OR ((ss_wholesale_cost >= '79'::numeric) AND (ss_wholesale_cost <= '99'::numeric))))", "Rows Removed by Filter": 570436, "Workers": []}]}]}]}]}, {"Node Type": "Aggregate", "Strategy": "Plain", "Partial Mode": "Simple", "Parent Relationship": "Inner", "Parallel Aware": false, "Async Capable": false, "Startup Cost": 78525.46, "Total Cost": 78525.47, "Plan Rows": 1, "Plan Width": 48, "Actual Startup Time": 59.109, "Actual Total Time": 59.133, "Actual Rows": 1, "Actual Loops": 1, "Plans": [{"Node Type": "Gather Merge", "Parent Relationship": "Outer", "Parallel Aware": false, "Async Capable": false, "Startup Cost": 74859.19, "Total Cost": 78309.34, "Plan Rows": 28815, "Plan Width": 6, "Actual Startup Time": 54.304, "Actual Total Time": 57.322, "Actual Rows": 31768, "Actual Loops": 1, "Workers Planned": 4, "Workers Launched": 3, "Plans": [{"Node Type": "Sort", "Parent Relationship": "Outer", "Parallel Aware": false, "Async Capable": false, "Startup Cost": 73859.13, "Total Cost": 73877.14, "Plan Rows": 7204, "Plan Width": 6, "Actual Startup Time": 52.769, "Actual Total Time": 52.982, "Actual Rows": 7942, "Actual Loops": 4, "Sort Key": ["store_sales_3.ss_list_price"], "Sort Method": "quicksort", "Sort Space Used": 523, "Sort Space Type": "Memory", "Workers": [{"Worker Number": 0, "Sort Method": "quicksort", "Sort Space Used": 309, "Sort Space Type": "Memory"}, {"Worker Number": 1, "Sort Method": "quicksort", "Sort Space Used": 308, "Sort Space Type": "Memory"}, {"Worker Number": 2, "Sort Method": "quicksort", "Sort Space Used": 313, "Sort Space Type": "Memory"}], "Plans": [{"Node Type": "Seq Scan", "Parent Relationship": "Outer", "Parallel Aware": true, "Async Capable": false, "Relation Name": "store_sales", "Alias": "store_sales_3", "Startup Cost": 0.0, "Total Cost": 73397.55, "Plan Rows": 7204, "Plan Width": 6, "Actual Startup Time": 0.027, "Actual Total Time": 51.559, "Actual Rows": 7942, "Actual Loops": 4, "Filter": "((ss_quantity >= 16) AND (ss_quantity <= 20) AND (((ss_list_price >= '135'::numeric) AND (ss_list_price <= '145'::numeric)) OR ((ss_coupon_amt >= '6071'::numeric) AND (ss_coupon_amt <= '7071'::numeric)) OR ((ss_wholesale_cost >= '38'::numeric) AND (ss_wholesale_cost <= '58'::numeric))))", "Rows Removed by Filter": 712159, "Workers": []}]}]}]}]}, {"Node Type": "Aggregate", "Strategy": "Plain", "Partial Mode": "Simple", "Parent Relationship": "Inner", "Parallel Aware": false, "Async Capable": false, "Startup Cost": 79377.2, "Total Cost": 79377.21, "Plan Rows": 1, "Plan Width": 48, "Actual Startup Time": 51.51, "Actual Total Time": 51.535, "Actual Rows": 1, "Actual Loops": 1, "Plans": [{"Node Type": "Gather Merge", "Parent Relationship": "Outer", "Parallel Aware": false, "Async Capable": false, "Startup Cost": 74964.7, "Total Cost": 79117.1, "Plan Rows": 34680, "Plan Width": 6, "Actual Startup Time": 45.573, "Actual Total Time": 49.465, "Actual Rows": 36491, "Actual Loops": 1, "Workers Planned": 4, "Workers Launched": 4, "Plans": [{"Node Type": "Sort", "Parent Relationship": "Outer", "Parallel Aware": false, "Async Capable": false, "Startup Cost": 73964.65, "Total Cost": 73986.32, "Plan Rows": 8670, "Plan Width": 6, "Actual Startup Time": 43.877, "Actual Total Time": 44.055, "Actual Rows": 7298, "Actual Loops": 5, "Sort Key": ["store_sales_4.ss_list_price"], "Sort Method": "quicksort", "Sort Space Used": 518, "Sort Space Type": "Memory", "Workers": [{"Worker Number": 0, "Sort Method": "quicksort", "Sort Space Used": 301, "Sort Space Type": "Memory"}, {"Worker Number": 1, "Sort Method": "quicksort", "Sort Space Used": 301, "Sort Space Type": "Memory"}, {"Worker Number": 2, "Sort Method": "quicksort", "Sort Space Used": 301, "Sort Space Type": "Memory"}, {"Worker Number": 3, "Sort Method": "quicksort", "Sort Space Used": 298, "Sort Space Type": "Memory"}], "Plans": [{"Node Type": "Seq Scan", "Parent Relationship": "Outer", "Parallel Aware": true, "Async Capable": false, "Relation Name": "store_sales", "Alias": "store_sales_4", "Startup Cost": 0.0, "Total Cost": 73397.55, "Plan Rows": 8670, "Plan Width": 6, "Actual Startup Time": 0.014, "Actual Total Time": 42.757, "Actual Rows": 7298, "Actual Loops": 5, "Filter": "((ss_quantity >= 21) AND (ss_quantity <= 25) AND (((ss_list_price >= '122'::numeric) AND (ss_list_price <= '132'::numeric)) OR ((ss_coupon_amt >= '836'::numeric) AND (ss_coupon_amt <= '1836'::numeric)) OR ((ss_wholesale_cost >= '17'::numeric) AND (ss_wholesale_cost <= '37'::numeric))))", "Rows Removed by Filter": 568783, "Workers": []}]}]}]}]}, {"Node Type": "Aggregate", "Strategy": "Plain", "Partial Mode": "Simple", "Parent Relationship": "Inner", "Parallel Aware": false, "Async Capable": false, "Startup Cost": 78768.33, "Total Cost": 78768.34, "Plan Rows": 1, "Plan Width": 48, "Actual Startup Time": 59.12, "Actual Total Time": 63.756, "Actual Rows": 1, "Actual Loops": 1, "Plans": [{"Node Type": "Gather Merge", "Parent Relationship": "Outer", "Parallel Aware": false, "Async Capable": false, "Startup Cost": 74889.07, "Total Cost": 78539.66, "Plan Rows": 30489, "Plan Width": 6, "Actual Startup Time": 54.648, "Actual Total Time": 62.05, "Actual Rows": 30097, "Actual Loops": 1, "Workers Planned": 4, "Workers Launched": 3, "Plans": [{"Node Type": "Sort", "Parent Relationship": "Outer", "Parallel Aware": false, "Async Capable": false, "Startup Cost": 73889.01, "Total Cost": 73908.07, "Plan Rows": 7622, "Plan Width": 6, "Actual Startup Time": 53.082, "Actual Total Time": 53.263, "Actual Rows": 7524, "Actual Loops": 4, "Sort Key": ["store_sales_5.ss_list_price"], "Sort Method": "quicksort", "Sort Space Used": 521, "Sort Space Type": "Memory", "Workers": [{"Worker Number": 0, "Sort Method": "quicksort", "Sort Space Used": 301, "Sort Space Type": "Memory"}, {"Worker Number": 1, "Sort Method": "quicksort", "Sort Space Used": 300, "Sort Space Type": "Memory"}, {"Worker Number": 2, "Sort Method": "quicksort", "Sort Space Used": 305, "Sort Space Type": "Memory"}], "Plans": [{"Node Type": "Seq Scan", "Parent Relationship": "Outer", "Parallel Aware": true, "Async Capable": false, "Relation Name": "store_sales", "Alias": "store_sales_5", "Startup Cost": 0.0, "Total Cost": 73397.55, "Plan Rows": 7622, "Plan Width": 6, "Actual Startup Time": 0.01, "Actual Total Time": 51.928, "Actual Rows": 7524, "Actual Loops": 4, "Filter": "((ss_quantity >= 26) AND (ss_quantity <= 30) AND (((ss_list_price >= '154'::numeric) AND (ss_list_price <= '164'::numeric)) OR ((ss_coupon_amt >= '7326'::numeric) AND (ss_coupon_amt <= '8326'::numeric)) OR ((ss_wholesale_cost >= '7'::numeric) AND (ss_wholesale_cost <= '27'::numeric))))", "Rows Removed by Filter": 712577, "Workers": []}]}]}]}]}]}, "Planning Time": 0.432, "Triggers": [], "Execution Time": 338.656}