{"Plan": {"Node Type": "Limit", "Parallel Aware": false, "Async Capable": false, "Startup Cost": 46752.39, "Total Cost": 46752.4, "Plan Rows": 1, "Plan Width": 32, "Actual Startup Time": 43.454, "Actual Total Time": 48.065, "Actual Rows": 1, "Actual Loops": 1, "Plans": [{"Node Type": "Aggregate", "Strategy": "Plain", "Partial Mode": "Simple", "Parent Relationship": "Outer", "Parallel Aware": false, "Async Capable": false, "Startup Cost": 46752.39, "Total Cost": 46752.4, "Plan Rows": 1, "Plan Width": 32, "Actual Startup Time": 43.452, "Actual Total Time": 48.063, "Actual Rows": 1, "Actual Loops": 1, "Plans": [{"Node Type": "Hash Join", "Parent Relationship": "Outer", "Parallel Aware": false, "Async Capable": false, "Join Type": "Inner", "Startup Cost": 4578.39, "Total Cost": 46752.39, "Plan Rows": 1, "Plan Width": 6, "Actual Startup Time": 21.951, "Actual Total Time": 48.057, "Actual Rows": 3, "Actual Loops": 1, "Inner Unique": true, "Hash Cond": "(catalog_sales.cs_item_sk = item.i_item_sk)", "Join Filter": "(catalog_sales.cs_ext_discount_amt > (SubPlan 1))", "Rows Removed by Join Filter": 9, "Plans": [{"Node Type": "Gather", "Parent Relationship": "Outer", "Parallel Aware": false, "Async Capable": false, "Startup Cost": 3069.19, "Total Cost": 45238.68, "Plan Rows": 1717, "Plan Width": 10, "Actual Startup Time": 16.672, "Actual Total Time": 40.95, "Actual Rows": 41948, "Actual Loops": 1, "Workers Planned": 4, "Workers Launched": 4, "Single Copy": false, "Plans": [{"Node Type": "Hash Join", "Parent Relationship": "Outer", "Parallel Aware": true, "Async Capable": false, "Join Type": "Inner", "Startup Cost": 2069.19, "Total Cost": 44066.98, "Plan Rows": 429, "Plan Width": 10, "Actual Startup Time": 14.947, "Actual Total Time": 35.122, "Actual Rows": 8390, "Actual Loops": 5, "Inner Unique": true, "Hash Cond": "(catalog_sales.cs_sold_date_sk = date_dim.d_date_sk)", "Workers": [], "Plans": [{"Node Type": "Seq Scan", "Parent Relationship": "Outer", "Parallel Aware": true, "Async Capable": false, "Relation Name": "catalog_sales", "Alias": "catalog_sales", "Startup Cost": 0.0, "Total Cost": 41051.75, "Plan Rows": 360375, "Plan Width": 14, "Actual Startup Time": 0.003, "Actual Total Time": 16.237, "Actual Rows": 288310, "Actual Loops": 5, "Workers": []}, {"Node Type": "Hash", "Parent Relationship": "Inner", "Parallel Aware": true, "Async Capable": false, "Startup Cost": 2068.55, "Total Cost": 2068.55, "Plan Rows": 51, "Plan Width": 4, "Actual Startup Time": 0.902, "Actual Total Time": 0.902, "Actual Rows": 18, "Actual Loops": 5, "Hash Buckets": 1024, "Original Hash Buckets": 1024, "Hash Batches": 1, "Original Hash Batches": 1, "Peak Memory Usage": 104, "Workers": [], "Plans": [{"Node Type": "Seq Scan", "Parent Relationship": "Outer", "Parallel Aware": true, "Async Capable": false, "Relation Name": "date_dim", "Alias": "date_dim", "Startup Cost": 0.0, "Total Cost": 2068.55, "Plan Rows": 51, "Plan Width": 4, "Actual Startup Time": 0.525, "Actual Total Time": 0.863, "Actual Rows": 18, "Actual Loops": 5, "Filter": "((d_date >= '2000-01-27'::date) AND (d_date <= '2000-04-26'::date))", "Rows Removed by Filter": 14592, "Workers": []}]}]}]}, {"Node Type": "Hash", "Parent Relationship": "Inner", "Parallel Aware": false, "Async Capable": false, "Startup Cost": 1509.0, "Total Cost": 1509.0, "Plan Rows": 16, "Plan Width": 4, "Actual Startup Time": 4.74, "Actual Total Time": 4.741, "Actual Rows": 4, "Actual Loops": 1, "Hash Buckets": 1024, "Original Hash Buckets": 1024, "Hash Batches": 1, "Original Hash Batches": 1, "Peak Memory Usage": 9, "Plans": [{"Node Type": "Seq Scan", "Parent Relationship": "Outer", "Parallel Aware": false, "Async Capable": false, "Relation Name": "item", "Alias": "item", "Startup Cost": 0.0, "Total Cost": 1509.0, "Plan Rows": 16, "Plan Width": 4, "Actual Startup Time": 1.113, "Actual Total Time": 4.736, "Actual Rows": 4, "Actual Loops": 1, "Filter": "(i_manufact_id = 977)", "Rows Removed by Filter": 17996}]}, {"Node Type": "Aggregate", "Strategy": "Plain", "Partial Mode": "Simple", "Parent Relationship": "SubPlan", "Subplan Name": "SubPlan 1", "Parallel Aware": false, "Async Capable": false, "Startup Cost": 996.6, "Total Cost": 996.61, "Plan Rows": 1, "Plan Width": 32, "Actual Startup Time": 0.099, "Actual Total Time": 0.099, "Actual Rows": 1, "Actual Loops": 12, "Plans": [{"Node Type": "Nested Loop", "Parent Relationship": "Outer", "Parallel Aware": false, "Async Capable": false, "Join Type": "Inner", "Startup Cost": 0.73, "Total Cost": 996.59, "Plan Rows": 1, "Plan Width": 6, "Actual Startup Time": 0.042, "Actual Total Time": 0.097, "Actual Rows": 7, "Actual Loops": 12, "Inner Unique": true, "Plans": [{"Node Type": "Index Scan", "Parent Relationship": "Outer", "Parallel Aware": false, "Async Capable": false, "Scan Direction": "Forward", "Index Name": "catalog_sales_pkey", "Relation Name": "catalog_sales", "Alias": "catalog_sales_1", "Startup Cost": 0.43, "Total Cost": 353.91, "Plan Rows": 87, "Plan Width": 10, "Actual Startup Time": 0.005, "Actual Total Time": 0.065, "Actual Rows": 125, "Actual Loops": 12, "Index Cond": "(cs_item_sk = item.i_item_sk)", "Rows Removed by Index Recheck": 0}, {"Node Type": "Memoize", "Parent Relationship": "Inner", "Parallel Aware": false, "Async Capable": false, "Startup Cost": 0.3, "Total Cost": 7.54, "Plan Rows": 1, "Plan Width": 4, "Actual Startup Time": 0.0, "Actual Total Time": 0.0, "Actual Rows": 0, "Actual Loops": 1504, "Cache Key": "catalog_sales_1.cs_sold_date_sk", "Cache Mode": "logical", "Cache Hits": 1269, "Cache Misses": 235, "Cache Evictions": 0, "Cache Overflows": 0, "Peak Memory Usage": 17, "Plans": [{"Node Type": "Index Scan", "Parent Relationship": "Outer", "Parallel Aware": false, "Async Capable": false, "Scan Direction": "Forward", "Index Name": "date_dim_pkey", "Relation Name": "date_dim", "Alias": "date_dim_1", "Startup Cost": 0.29, "Total Cost": 7.53, "Plan Rows": 1, "Plan Width": 4, "Actual Startup Time": 0.001, "Actual Total Time": 0.001, "Actual Rows": 0, "Actual Loops": 235, "Index Cond": "(d_date_sk = catalog_sales_1.cs_sold_date_sk)", "Rows Removed by Index Recheck": 0, "Filter": "((d_date >= '2000-01-27'::date) AND (d_date <= '2000-04-26'::date))", "Rows Removed by Filter": 1}]}]}]}]}]}]}, "Planning Time": 0.532, "Triggers": [], "Execution Time": 48.116}