{"Plan": {"Node Type": "Limit", "Parallel Aware": false, "Async Capable": false, "Startup Cost": 138837.07, "Total Cost": 138837.32, "Plan Rows": 100, "Plan Width": 36, "Actual Startup Time": 146.55, "Actual Total Time": 146.817, "Actual Rows": 100, "Actual Loops": 1, "Plans": [{"Node Type": "Sort", "Parent Relationship": "Outer", "Parallel Aware": false, "Async Capable": false, "Startup Cost": 138837.07, "Total Cost": 138837.57, "Plan Rows": 200, "Plan Width": 36, "Actual Startup Time": 146.548, "Actual Total Time": 146.811, "Actual Rows": 100, "Actual Loops": 1, "Sort Key": ["(sum((sum(store_sales.ss_ext_sales_price))))"], "Sort Method": "top-N heapsort", "Sort Space Used": 31, "Sort Space Type": "Memory", "Plans": [{"Node Type": "Aggregate", "Strategy": "Sorted", "Partial Mode": "Simple", "Parent Relationship": "Outer", "Parallel Aware": false, "Async Capable": false, "Startup Cost": 138797.5, "Total Cost": 138829.43, "Plan Rows": 200, "Plan Width": 36, "Actual Startup Time": 144.021, "Actual Total Time": 146.586, "Actual Rows": 713, "Actual Loops": 1, "Group Key": ["item.i_manufact_id"], "Plans": [{"Node Type": "Merge Append", "Parent Relationship": "Outer", "Parallel Aware": false, "Async Capable": false, "Startup Cost": 138797.5, "Total Cost": 138823.05, "Plan Rows": 776, "Plan Width": 36, "Actual Startup Time": 144.002, "Actual Total Time": 146.391, "Actual Rows": 2017, "Actual Loops": 1, "Sort Key": ["item.i_manufact_id"], "Subplans Removed": 0, "Plans": [{"Node Type": "Aggregate", "Strategy": "Sorted", "Partial Mode": "Simple", "Parent Relationship": "Member", "Parallel Aware": false, "Async Capable": false, "Startup Cost": 65685.25, "Total Cost": 65694.11, "Plan Rows": 443, "Plan Width": 36, "Actual Startup Time": 61.83, "Actual Total Time": 63.057, "Actual Rows": 707, "Actual Loops": 1, "Group Key": ["item.i_manufact_id"], "Plans": [{"Node Type": "Sort", "Parent Relationship": "Outer", "Parallel Aware": false, "Async Capable": false, "Startup Cost": 65685.25, "Total Cost": 65686.36, "Plan Rows": 443, "Plan Width": 10, "Actual Startup Time": 61.816, "Actual Total Time": 62.49, "Actual Rows": 8823, "Actual Loops": 1, "Sort Key": ["item.i_manufact_id"], "Sort Method": "quicksort", "Sort Space Used": 728, "Sort Space Type": "Memory", "Plans": [{"Node Type": "Hash Join", "Parent Relationship": "Outer", "Parallel Aware": false, "Async Capable": false, "Join Type": "Inner", "Startup Cost": 4601.96, "Total Cost": 65665.78, "Plan Rows": 443, "Plan Width": 10, "Actual Startup Time": 7.963, "Actual Total Time": 61.126, "Actual Rows": 8823, "Actual Loops": 1, "Inner Unique": true, "Hash Cond": "(item.i_manufact_id = item_1.i_manufact_id)", "Plans": [{"Node Type": "Gather", "Parent Relationship": "Outer", "Parallel Aware": false, "Async Capable": false, "Startup Cost": 3069.35, "Total Cost": 64127.07, "Plan Rows": 444, "Plan Width": 10, "Actual Startup Time": 2.812, "Actual Total Time": 55.109, "Actual Rows": 10074, "Actual Loops": 1, "Workers Planned": 4, "Workers Launched": 4, "Single Copy": false, "Plans": [{"Node Type": "Nested Loop", "Parent Relationship": "Outer", "Parallel Aware": false, "Async Capable": false, "Join Type": "Inner", "Startup Cost": 2069.35, "Total Cost": 63082.67, "Plan Rows": 111, "Plan Width": 10, "Actual Startup Time": 1.223, "Actual Total Time": 54.266, "Actual Rows": 2015, "Actual Loops": 5, "Inner Unique": true, "Workers": [], "Plans": [{"Node Type": "Nested Loop", "Parent Relationship": "Outer", "Parallel Aware": false, "Async Capable": false, "Join Type": "Inner", "Startup Cost": 2069.07, "Total Cost": 63048.61, "Plan Rows": 111, "Plan Width": 10, "Actual Startup Time": 1.211, "Actual Total Time": 51.927, "Actual Rows": 2015, "Actual Loops": 5, "Inner Unique": true, "Workers": [], "Plans": [{"Node Type": "Hash Join", "Parent Relationship": "Outer", "Parallel Aware": true, "Async Capable": false, "Join Type": "Inner", "Startup Cost": 2068.78, "Total Cost": 62953.21, "Plan Rows": 306, "Plan Width": 14, "Actual Startup Time": 1.112, "Actual Total Time": 48.401, "Actual Rows": 5405, "Actual Loops": 5, "Inner Unique": true, "Hash Cond": "(store_sales.ss_sold_date_sk = date_dim.d_date_sk)", "Workers": [], "Plans": [{"Node Type": "Seq Scan", "Parent Relationship": "Outer", "Parallel Aware": true, "Async Capable": false, "Relation Name": "store_sales", "Alias": "store_sales", "Startup Cost": 0.0, "Total Cost": 58993.85, "Plan Rows": 720185, "Plan Width": 18, "Actual Startup Time": 0.007, "Actual Total Time": 24.406, "Actual Rows": 576081, "Actual Loops": 5, "Workers": []}, {"Node Type": "Hash", "Parent Relationship": "Inner", "Parallel Aware": true, "Async Capable": false, "Startup Cost": 2068.55, "Total Cost": 2068.55, "Plan Rows": 18, "Plan Width": 4, "Actual Startup Time": 0.997, "Actual Total Time": 0.998, "Actual Rows": 6, "Actual Loops": 5, "Hash Buckets": 1024, "Original Hash Buckets": 1024, "Hash Batches": 1, "Original Hash Batches": 1, "Peak Memory Usage": 72, "Workers": [], "Plans": [{"Node Type": "Seq Scan", "Parent Relationship": "Outer", "Parallel Aware": true, "Async Capable": false, "Relation Name": "date_dim", "Alias": "date_dim", "Startup Cost": 0.0, "Total Cost": 2068.55, "Plan Rows": 18, "Plan Width": 4, "Actual Startup Time": 0.752, "Actual Total Time": 0.974, "Actual Rows": 6, "Actual Loops": 5, "Filter": "((d_year = 1998) AND (d_moy = 5))", "Rows Removed by Filter": 14604, "Workers": []}]}]}, {"Node Type": "Index Scan", "Parent Relationship": "Inner", "Parallel Aware": false, "Async Capable": false, "Scan Direction": "Forward", "Index Name": "customer_address_pkey", "Relation Name": "customer_address", "Alias": "customer_address", "Startup Cost": 0.29, "Total Cost": 0.31, "Plan Rows": 1, "Plan Width": 4, "Actual Startup Time": 0.001, "Actual Total Time": 0.001, "Actual Rows": 0, "Actual Loops": 27026, "Index Cond": "(ca_address_sk = store_sales.ss_addr_sk)", "Rows Removed by Index Recheck": 0, "Filter": "(ca_gmt_offset = '-5'::numeric)", "Rows Removed by Filter": 1, "Workers": []}]}, {"Node Type": "Index Scan", "Parent Relationship": "Inner", "Parallel Aware": false, "Async Capable": false, "Scan Direction": "Forward", "Index Name": "item_pkey", "Relation Name": "item", "Alias": "item", "Startup Cost": 0.29, "Total Cost": 0.31, "Plan Rows": 1, "Plan Width": 8, "Actual Startup Time": 0.001, "Actual Total Time": 0.001, "Actual Rows": 1, "Actual Loops": 10074, "Index Cond": "(i_item_sk = store_sales.ss_item_sk)", "Rows Removed by Index Recheck": 0, "Workers": []}]}]}, {"Node Type": "Hash", "Parent Relationship": "Inner", "Parallel Aware": false, "Async Capable": false, "Startup Cost": 1522.01, "Total Cost": 1522.01, "Plan Rows": 848, "Plan Width": 4, "Actual Startup Time": 5.143, "Actual Total Time": 5.144, "Actual Rows": 717, "Actual Loops": 1, "Hash Buckets": 1024, "Original Hash Buckets": 1024, "Hash Batches": 1, "Original Hash Batches": 1, "Peak Memory Usage": 34, "Plans": [{"Node Type": "Aggregate", "Strategy": "Hashed", "Partial Mode": "Simple", "Parent Relationship": "Outer", "Parallel Aware": false, "Async Capable": false, "Startup Cost": 1513.53, "Total Cost": 1522.01, "Plan Rows": 848, "Plan Width": 4, "Actual Startup Time": 5.083, "Actual Total Time": 5.109, "Actual Rows": 718, "Actual Loops": 1, "Group Key": ["item_1.i_manufact_id"], "Planned Partitions": 0, "HashAgg Batches": 1, "Peak Memory Usage": 73, "Disk Usage": 0, "Plans": [{"Node Type": "Seq Scan", "Parent Relationship": "Outer", "Parallel Aware": false, "Async Capable": false, "Relation Name": "item", "Alias": "item_1", "Startup Cost": 0.0, "Total Cost": 1509.0, "Plan Rows": 1812, "Plan Width": 4, "Actual Startup Time": 0.011, "Actual Total Time": 4.956, "Actual Rows": 1812, "Actual Loops": 1, "Filter": "(i_category = 'Electronics'::bpchar)", "Rows Removed by Filter": 16188}]}]}]}]}]}, {"Node Type": "Aggregate", "Strategy": "Sorted", "Partial Mode": "Simple", "Parent Relationship": "Member", "Parallel Aware": false, "Async Capable": false, "Startup Cost": 46698.34, "Total Cost": 46702.78, "Plan Rows": 222, "Plan Width": 36, "Actual Startup Time": 51.847, "Actual Total Time": 52.556, "Actual Rows": 680, "Actual Loops": 1, "Group Key": ["item_2.i_manufact_id"], "Plans": [{"Node Type": "Sort", "Parent Relationship": "Outer", "Parallel Aware": false, "Async Capable": false, "Startup Cost": 46698.34, "Total Cost": 46698.9, "Plan Rows": 222, "Plan Width": 10, "Actual Startup Time": 51.837, "Actual Total Time": 52.195, "Actual Rows": 4451, "Actual Loops": 1, "Sort Key": ["item_2.i_manufact_id"], "Sort Method": "quicksort", "Sort Space Used": 366, "Sort Space Type": "Memory", "Plans": [{"Node Type": "Hash Join", "Parent Relationship": "Outer", "Parallel Aware": false, "Async Capable": false, "Join Type": "Inner", "Startup Cost": 4601.96, "Total Cost": 46689.69, "Plan Rows": 222, "Plan Width": 10, "Actual Startup Time": 9.001, "Actual Total Time": 51.513, "Actual Rows": 4451, "Actual Loops": 1, "Inner Unique": true, "Hash Cond": "(item_2.i_manufact_id = item_3.i_manufact_id)", "Plans": [{"Node Type": "Gather", "Parent Relationship": "Outer", "Parallel Aware": false, "Async Capable": false, "Startup Cost": 3069.35, "Total Cost": 45154.03, "Plan Rows": 222, "Plan Width": 10, "Actual Startup Time": 4.487, "Actual Total Time": 46.552, "Actual Rows": 5035, "Actual Loops": 1, "Workers Planned": 4, "Workers Launched": 3, "Single Copy": false, "Plans": [{"Node Type": "Nested Loop", "Parent Relationship": "Outer", "Parallel Aware": false, "Async Capable": false, "Join Type": "Inner", "Startup Cost": 2069.35, "Total Cost": 44131.83, "Plan Rows": 56, "Plan Width": 10, "Actual Startup Time": 2.85, "Actual Total Time": 45.173, "Actual Rows": 1259, "Actual Loops": 4, "Inner Unique": true, "Workers": [], "Plans": [{"Node Type": "Nested Loop", "Parent Relationship": "Outer", "Parallel Aware": false, "Async Capable": false, "Join Type": "Inner", "Startup Cost": 2069.07, "Total Cost": 44114.54, "Plan Rows": 56, "Plan Width": 10, "Actual Startup Time": 2.838, "Actual Total Time": 43.875, "Actual Rows": 1259, "Actual Loops": 4, "Inner Unique": true, "Workers": [], "Plans": [{"Node Type": "Hash Join", "Parent Relationship": "Outer", "Parallel Aware": true, "Async Capable": false, "Join Type": "Inner", "Startup Cost": 2068.78, "Total Cost": 44066.57, "Plan Rows": 153, "Plan Width": 14, "Actual Startup Time": 2.418, "Actual Total Time": 41.664, "Actual Rows": 3504, "Actual Loops": 4, "Inner Unique": true, "Hash Cond": "(catalog_sales.cs_sold_date_sk = date_dim_1.d_date_sk)", "Workers": [], "Plans": [{"Node Type": "Seq Scan", "Parent Relationship": "Outer", "Parallel Aware": true, "Async Capable": false, "Relation Name": "catalog_sales", "Alias": "catalog_sales", "Startup Cost": 0.0, "Total Cost": 41051.75, "Plan Rows": 360375, "Plan Width": 18, "Actual Startup Time": 0.003, "Actual Total Time": 18.997, "Actual Rows": 360387, "Actual Loops": 4, "Workers": []}, {"Node Type": "Hash", "Parent Relationship": "Inner", "Parallel Aware": true, "Async Capable": false, "Startup Cost": 2068.55, "Total Cost": 2068.55, "Plan Rows": 18, "Plan Width": 4, "Actual Startup Time": 1.114, "Actual Total Time": 1.115, "Actual Rows": 8, "Actual Loops": 4, "Hash Buckets": 1024, "Original Hash Buckets": 1024, "Hash Batches": 1, "Original Hash Batches": 1, "Peak Memory Usage": 72, "Workers": [], "Plans": [{"Node Type": "Seq Scan", "Parent Relationship": "Outer", "Parallel Aware": true, "Async Capable": false, "Relation Name": "date_dim", "Alias": "date_dim_1", "Startup Cost": 0.0, "Total Cost": 2068.55, "Plan Rows": 18, "Plan Width": 4, "Actual Startup Time": 0.825, "Actual Total Time": 1.098, "Actual Rows": 8, "Actual Loops": 4, "Filter": "((d_year = 1998) AND (d_moy = 5))", "Rows Removed by Filter": 18254, "Workers": []}]}]}, {"Node Type": "Index Scan", "Parent Relationship": "Inner", "Parallel Aware": false, "Async Capable": false, "Scan Direction": "Forward", "Index Name": "customer_address_pkey", "Relation Name": "customer_address", "Alias": "customer_address_1", "Startup Cost": 0.29, "Total Cost": 0.31, "Plan Rows": 1, "Plan Width": 4, "Actual Startup Time": 0.001, "Actual Total Time": 0.001, "Actual Rows": 0, "Actual Loops": 14014, "Index Cond": "(ca_address_sk = catalog_sales.cs_bill_addr_sk)", "Rows Removed by Index Recheck": 0, "Filter": "(ca_gmt_offset = '-5'::numeric)", "Rows Removed by Filter": 1, "Workers": []}]}, {"Node Type": "Index Scan", "Parent Relationship": "Inner", "Parallel Aware": false, "Async Capable": false, "Scan Direction": "Forward", "Index Name": "item_pkey", "Relation Name": "item", "Alias": "item_2", "Startup Cost": 0.29, "Total Cost": 0.31, "Plan Rows": 1, "Plan Width": 8, "Actual Startup Time": 0.001, "Actual Total Time": 0.001, "Actual Rows": 1, "Actual Loops": 5035, "Index Cond": "(i_item_sk = catalog_sales.cs_item_sk)", "Rows Removed by Index Recheck": 0, "Workers": []}]}]}, {"Node Type": "Hash", "Parent Relationship": "Inner", "Parallel Aware": false, "Async Capable": false, "Startup Cost": 1522.01, "Total Cost": 1522.01, "Plan Rows": 848, "Plan Width": 4, "Actual Startup Time": 4.506, "Actual Total Time": 4.508, "Actual Rows": 717, "Actual Loops": 1, "Hash Buckets": 1024, "Original Hash Buckets": 1024, "Hash Batches": 1, "Original Hash Batches": 1, "Peak Memory Usage": 34, "Plans": [{"Node Type": "Aggregate", "Strategy": "Hashed", "Partial Mode": "Simple", "Parent Relationship": "Outer", "Parallel Aware": false, "Async Capable": false, "Startup Cost": 1513.53, "Total Cost": 1522.01, "Plan Rows": 848, "Plan Width": 4, "Actual Startup Time": 4.451, "Actual Total Time": 4.477, "Actual Rows": 718, "Actual Loops": 1, "Group Key": ["item_3.i_manufact_id"], "Planned Partitions": 0, "HashAgg Batches": 1, "Peak Memory Usage": 73, "Disk Usage": 0, "Plans": [{"Node Type": "Seq Scan", "Parent Relationship": "Outer", "Parallel Aware": false, "Async Capable": false, "Relation Name": "item", "Alias": "item_3", "Startup Cost": 0.0, "Total Cost": 1509.0, "Plan Rows": 1812, "Plan Width": 4, "Actual Startup Time": 0.009, "Actual Total Time": 4.307, "Actual Rows": 1812, "Actual Loops": 1, "Filter": "(i_category = 'Electronics'::bpchar)", "Rows Removed by Filter": 16188}]}]}]}]}]}, {"Node Type": "Aggregate", "Strategy": "Sorted", "Partial Mode": "Simple", "Parent Relationship": "Member", "Parallel Aware": false, "Async Capable": false, "Startup Cost": 26413.89, "Total Cost": 26416.11, "Plan Rows": 111, "Plan Width": 36, "Actual Startup Time": 30.322, "Actual Total Time": 30.675, "Actual Rows": 630, "Actual Loops": 1, "Group Key": ["item_4.i_manufact_id"], "Plans": [{"Node Type": "Sort", "Parent Relationship": "Outer", "Parallel Aware": false, "Async Capable": false, "Startup Cost": 26413.89, "Total Cost": 26414.16, "Plan Rows": 111, "Plan Width": 10, "Actual Startup Time": 30.314, "Actual Total Time": 30.456, "Actual Rows": 2381, "Actual Loops": 1, "Sort Key": ["item_4.i_manufact_id"], "Sort Method": "quicksort", "Sort Space Used": 189, "Sort Space Type": "Memory", "Plans": [{"Node Type": "Hash Join", "Parent Relationship": "Outer", "Parallel Aware": false, "Async Capable": false, "Join Type": "Inner", "Startup Cost": 4601.96, "Total Cost": 26410.12, "Plan Rows": 111, "Plan Width": 10, "Actual Startup Time": 7.608, "Actual Total Time": 30.142, "Actual Rows": 2381, "Actual Loops": 1, "Inner Unique": true, "Hash Cond": "(item_4.i_manufact_id = item_5.i_manufact_id)", "Plans": [{"Node Type": "Gather", "Parent Relationship": "Outer", "Parallel Aware": false, "Async Capable": false, "Startup Cost": 3069.35, "Total Cost": 24875.98, "Plan Rows": 111, "Plan Width": 10, "Actual Startup Time": 2.874, "Actual Total Time": 25.144, "Actual Rows": 2760, "Actual Loops": 1, "Workers Planned": 3, "Workers Launched": 3, "Single Copy": false, "Plans": [{"Node Type": "Nested Loop", "Parent Relationship": "Outer", "Parallel Aware": false, "Async Capable": false, "Join Type": "Inner", "Startup Cost": 2069.35, "Total Cost": 23864.88, "Plan Rows": 36, "Plan Width": 10, "Actual Startup Time": 1.291, "Actual Total Time": 23.66, "Actual Rows": 690, "Actual Loops": 4, "Inner Unique": true, "Workers": [], "Plans": [{"Node Type": "Nested Loop", "Parent Relationship": "Outer", "Parallel Aware": false, "Async Capable": false, "Join Type": "Inner", "Startup Cost": 2069.07, "Total Cost": 23853.63, "Plan Rows": 36, "Plan Width": 10, "Actual Startup Time": 1.278, "Actual Total Time": 22.601, "Actual Rows": 690, "Actual Loops": 4, "Inner Unique": true, "Workers": [], "Plans": [{"Node Type": "Hash Join", "Parent Relationship": "Outer", "Parallel Aware": true, "Async Capable": false, "Join Type": "Inner", "Startup Cost": 2068.78, "Total Cost": 23822.56, "Plan Rows": 98, "Plan Width": 14, "Actual Startup Time": 1.248, "Actual Total Time": 21.339, "Actual Rows": 1842, "Actual Loops": 4, "Inner Unique": true, "Hash Cond": "(web_sales.ws_sold_date_sk = date_dim_2.d_date_sk)", "Workers": [], "Plans": [{"Node Type": "Seq Scan", "Parent Relationship": "Outer", "Parallel Aware": true, "Async Capable": false, "Relation Name": "web_sales", "Alias": "web_sales", "Startup Cost": 0.0, "Total Cost": 21144.59, "Plan Rows": 232059, "Plan Width": 18, "Actual Startup Time": 0.002, "Actual Total Time": 9.45, "Actual Rows": 179846, "Actual Loops": 4, "Workers": []}, {"Node Type": "Hash", "Parent Relationship": "Inner", "Parallel Aware": true, "Async Capable": false, "Startup Cost": 2068.55, "Total Cost": 2068.55, "Plan Rows": 18, "Plan Width": 4, "Actual Startup Time": 1.094, "Actual Total Time": 1.095, "Actual Rows": 8, "Actual Loops": 4, "Hash Buckets": 1024, "Original Hash Buckets": 1024, "Hash Batches": 1, "Original Hash Batches": 1, "Peak Memory Usage": 72, "Workers": [], "Plans": [{"Node Type": "Seq Scan", "Parent Relationship": "Outer", "Parallel Aware": true, "Async Capable": false, "Relation Name": "date_dim", "Alias": "date_dim_2", "Startup Cost": 0.0, "Total Cost": 2068.55, "Plan Rows": 18, "Plan Width": 4, "Actual Startup Time": 0.802, "Actual Total Time": 1.08, "Actual Rows": 8, "Actual Loops": 4, "Filter": "((d_year = 1998) AND (d_moy = 5))", "Rows Removed by Filter": 18254, "Workers": []}]}]}, {"Node Type": "Index Scan", "Parent Relationship": "Inner", "Parallel Aware": false, "Async Capable": false, "Scan Direction": "Forward", "Index Name": "customer_address_pkey", "Relation Name": "customer_address", "Alias": "customer_address_2", "Startup Cost": 0.29, "Total Cost": 0.32, "Plan Rows": 1, "Plan Width": 4, "Actual Startup Time": 0.001, "Actual Total Time": 0.001, "Actual Rows": 0, "Actual Loops": 7368, "Index Cond": "(ca_address_sk = web_sales.ws_bill_addr_sk)", "Rows Removed by Index Recheck": 0, "Filter": "(ca_gmt_offset = '-5'::numeric)", "Rows Removed by Filter": 1, "Workers": []}]}, {"Node Type": "Index Scan", "Parent Relationship": "Inner", "Parallel Aware": false, "Async Capable": false, "Scan Direction": "Forward", "Index Name": "item_pkey", "Relation Name": "item", "Alias": "item_4", "Startup Cost": 0.29, "Total Cost": 0.31, "Plan Rows": 1, "Plan Width": 8, "Actual Startup Time": 0.001, "Actual Total Time": 0.001, "Actual Rows": 1, "Actual Loops": 2760, "Index Cond": "(i_item_sk = web_sales.ws_item_sk)", "Rows Removed by Index Recheck": 0, "Workers": []}]}]}, {"Node Type": "Hash", "Parent Relationship": "Inner", "Parallel Aware": false, "Async Capable": false, "Startup Cost": 1522.01, "Total Cost": 1522.01, "Plan Rows": 848, "Plan Width": 4, "Actual Startup Time": 4.725, "Actual Total Time": 4.725, "Actual Rows": 717, "Actual Loops": 1, "Hash Buckets": 1024, "Original Hash Buckets": 1024, "Hash Batches": 1, "Original Hash Batches": 1, "Peak Memory Usage": 34, "Plans": [{"Node Type": "Aggregate", "Strategy": "Hashed", "Partial Mode": "Simple", "Parent Relationship": "Outer", "Parallel Aware": false, "Async Capable": false, "Startup Cost": 1513.53, "Total Cost": 1522.01, "Plan Rows": 848, "Plan Width": 4, "Actual Startup Time": 4.669, "Actual Total Time": 4.694, "Actual Rows": 718, "Actual Loops": 1, "Group Key": ["item_5.i_manufact_id"], "Planned Partitions": 0, "HashAgg Batches": 1, "Peak Memory Usage": 73, "Disk Usage": 0, "Plans": [{"Node Type": "Seq Scan", "Parent Relationship": "Outer", "Parallel Aware": false, "Async Capable": false, "Relation Name": "item", "Alias": "item_5", "Startup Cost": 0.0, "Total Cost": 1509.0, "Plan Rows": 1812, "Plan Width": 4, "Actual Startup Time": 0.009, "Actual Total Time": 4.524, "Actual Rows": 1812, "Actual Loops": 1, "Filter": "(i_category = 'Electronics'::bpchar)", "Rows Removed by Filter": 16188}]}]}]}]}]}]}]}]}]}, "Planning Time": 1.466, "Triggers": [], "Execution Time": 147.019}