{"Plan": {"Node Type": "Sort", "Parallel Aware": false, "Async Capable": false, "Startup Cost": 62748.16, "Total Cost": 62748.16, "Plan Rows": 2, "Plan Width": 77, "Actual Startup Time": 108.771, "Actual Total Time": 112.919, "Actual Rows": 451, "Actual Loops": 1, "Sort Key": ["customer.c_last_name NULLS FIRST", "customer.c_first_name NULLS FIRST", "customer.c_salutation NULLS FIRST", "customer.c_preferred_cust_flag DESC", "store_sales.ss_ticket_number NULLS FIRST"], "Sort Method": "quicksort", "Sort Space Used": 69, "Sort Space Type": "Memory", "Plans": [{"Node Type": "Nested Loop", "Parent Relationship": "Outer", "Parallel Aware": false, "Async Capable": false, "Join Type": "Inner", "Startup Cost": 62729.53, "Total Cost": 62748.15, "Plan Rows": 2, "Plan Width": 77, "Actual Startup Time": 102.447, "Actual Total Time": 112.639, "Actual Rows": 451, "Actual Loops": 1, "Inner Unique": true, "Plans": [{"Node Type": "Aggregate", "Strategy": "Sorted", "Partial Mode": "Simple", "Parent Relationship": "Outer", "Parallel Aware": false, "Async Capable": false, "Startup Cost": 62729.23, "Total Cost": 62731.51, "Plan Rows": 2, "Plan Width": 16, "Actual Startup Time": 102.428, "Actual Total Time": 111.082, "Actual Rows": 451, "Actual Loops": 1, "Group Key": ["store_sales.ss_ticket_number", "store_sales.ss_customer_sk"], "Filter": "((count(*) >= 15) AND (count(*) <= 20))", "Rows Removed by Filter": 4650, "Plans": [{"Node Type": "Gather Merge", "Parent Relationship": "Outer", "Parallel Aware": false, "Async Capable": false, "Startup Cost": 62729.23, "Total Cost": 62731.15, "Plan Rows": 16, "Plan Width": 8, "Actual Startup Time": 102.417, "Actual Total Time": 109.142, "Actual Rows": 53144, "Actual Loops": 1, "Workers Planned": 4, "Workers Launched": 4, "Plans": [{"Node Type": "Sort", "Parent Relationship": "Outer", "Parallel Aware": false, "Async Capable": false, "Startup Cost": 61729.18, "Total Cost": 61729.19, "Plan Rows": 4, "Plan Width": 8, "Actual Startup Time": 100.711, "Actual Total Time": 100.976, "Actual Rows": 10629, "Actual Loops": 5, "Sort Key": ["store_sales.ss_ticket_number", "store_sales.ss_customer_sk"], "Sort Method": "quicksort", "Sort Space Used": 733, "Sort Space Type": "Memory", "Workers": [{"Worker Number": 0, "Sort Method": "quicksort", "Sort Space Used": 704, "Sort Space Type": "Memory"}, {"Worker Number": 1, "Sort Method": "quicksort", "Sort Space Used": 715, "Sort Space Type": "Memory"}, {"Worker Number": 2, "Sort Method": "quicksort", "Sort Space Used": 710, "Sort Space Type": "Memory"}, {"Worker Number": 3, "Sort Method": "quicksort", "Sort Space Used": 721, "Sort Space Type": "Memory"}], "Plans": [{"Node Type": "Nested Loop", "Parent Relationship": "Outer", "Parallel Aware": false, "Async Capable": false, "Join Type": "Inner", "Startup Cost": 303.92, "Total Cost": 61729.14, "Plan Rows": 4, "Plan Width": 8, "Actual Startup Time": 0.662, "Actual Total Time": 99.851, "Actual Rows": 10629, "Actual Loops": 5, "Inner Unique": true, "Workers": [], "Plans": [{"Node Type": "Hash Join", "Parent Relationship": "Outer", "Parallel Aware": false, "Async Capable": false, "Join Type": "Inner", "Startup Cost": 303.62, "Total Cost": 61330.43, "Plan Rows": 1223, "Plan Width": 12, "Actual Startup Time": 0.591, "Actual Total Time": 58.558, "Actual Rows": 77907, "Actual Loops": 5, "Inner Unique": true, "Hash Cond": "(store_sales.ss_store_sk = store.s_store_sk)", "Workers": [], "Plans": [{"Node Type": "Hash Join", "Parent Relationship": "Outer", "Parallel Aware": false, "Async Capable": false, "Join Type": "Inner", "Startup Cost": 293.11, "Total Cost": 61178.52, "Plan Rows": 48912, "Plan Width": 16, "Actual Startup Time": 0.557, "Actual Total Time": 53.747, "Actual Rows": 79789, "Actual Loops": 5, "Inner Unique": true, "Hash Cond": "(store_sales.ss_hdemo_sk = household_demographics.hd_demo_sk)", "Workers": [], "Plans": [{"Node Type": "Seq Scan", "Parent Relationship": "Outer", "Parallel Aware": true, "Async Capable": false, "Relation Name": "store_sales", "Alias": "store_sales", "Startup Cost": 0.0, "Total Cost": 58993.85, "Plan Rows": 720185, "Plan Width": 20, "Actual Startup Time": 0.005, "Actual Total Time": 25.091, "Actual Rows": 576081, "Actual Loops": 5, "Workers": []}, {"Node Type": "Hash", "Parent Relationship": "Inner", "Parallel Aware": false, "Async Capable": false, "Startup Cost": 287.0, "Total Cost": 287.0, "Plan Rows": 489, "Plan Width": 4, "Actual Startup Time": 0.541, "Actual Total Time": 0.542, "Actual Rows": 1040, "Actual Loops": 5, "Hash Buckets": 2048, "Original Hash Buckets": 1024, "Hash Batches": 1, "Original Hash Batches": 1, "Peak Memory Usage": 53, "Workers": [], "Plans": [{"Node Type": "Seq Scan", "Parent Relationship": "Outer", "Parallel Aware": false, "Async Capable": false, "Relation Name": "household_demographics", "Alias": "household_demographics", "Startup Cost": 0.0, "Total Cost": 287.0, "Plan Rows": 489, "Plan Width": 4, "Actual Startup Time": 0.067, "Actual Total Time": 0.485, "Actual Rows": 1040, "Actual Loops": 5, "Filter": "((hd_vehicle_count > 0) AND ((hd_buy_potential = '>10000'::bpchar) OR (hd_buy_potential = 'Unknown'::bpchar)) AND (CASE WHEN (hd_vehicle_count > 0) THEN (((hd_dep_count)::numeric * 1.000) / (hd_vehicle_count)::numeric) ELSE NULL::numeric END > 1.2))", "Rows Removed by Filter": 6160, "Workers": []}]}]}, {"Node Type": "Hash", "Parent Relationship": "Inner", "Parallel Aware": false, "Async Capable": false, "Startup Cost": 10.5, "Total Cost": 10.5, "Plan Rows": 1, "Plan Width": 4, "Actual Startup Time": 0.01, "Actual Total Time": 0.011, "Actual Rows": 12, "Actual Loops": 5, "Hash Buckets": 1024, "Original Hash Buckets": 1024, "Hash Batches": 1, "Original Hash Batches": 1, "Peak Memory Usage": 9, "Workers": [], "Plans": [{"Node Type": "Seq Scan", "Parent Relationship": "Outer", "Parallel Aware": false, "Async Capable": false, "Relation Name": "store", "Alias": "store", "Startup Cost": 0.0, "Total Cost": 10.5, "Plan Rows": 1, "Plan Width": 4, "Actual Startup Time": 0.005, "Actual Total Time": 0.007, "Actual Rows": 12, "Actual Loops": 5, "Filter": "((s_county)::text = 'Williamson County'::text)", "Rows Removed by Filter": 0, "Workers": []}]}]}, {"Node Type": "Index Scan", "Parent Relationship": "Inner", "Parallel Aware": false, "Async Capable": false, "Scan Direction": "Forward", "Index Name": "date_dim_pkey", "Relation Name": "date_dim", "Alias": "date_dim", "Startup Cost": 0.29, "Total Cost": 0.33, "Plan Rows": 1, "Plan Width": 4, "Actual Startup Time": 0.0, "Actual Total Time": 0.0, "Actual Rows": 0, "Actual Loops": 389534, "Index Cond": "(d_date_sk = store_sales.ss_sold_date_sk)", "Rows Removed by Index Recheck": 0, "Filter": "((d_year = ANY ('{1999,2000,2001}'::integer[])) AND (((d_dom >= 1) AND (d_dom <= 3)) OR ((d_dom >= 25) AND (d_dom <= 28))))", "Rows Removed by Filter": 1, "Workers": []}]}]}]}]}, {"Node Type": "Index Scan", "Parent Relationship": "Inner", "Parallel Aware": false, "Async Capable": false, "Scan Direction": "Forward", "Index Name": "customer_pkey", "Relation Name": "customer", "Alias": "customer", "Startup Cost": 0.29, "Total Cost": 8.31, "Plan Rows": 1, "Plan Width": 69, "Actual Startup Time": 0.003, "Actual Total Time": 0.003, "Actual Rows": 1, "Actual Loops": 451, "Index Cond": "(c_customer_sk = store_sales.ss_customer_sk)", "Rows Removed by Index Recheck": 0}]}]}, "Planning Time": 0.562, "Triggers": [], "Execution Time": 113.022}