{"Plan": {"Node Type": "Limit", "Parallel Aware": false, "Async Capable": false, "Startup Cost": 16423548.57, "Total Cost": 27062301.52, "Plan Rows": 100, "Plan Width": 163, "Actual Startup Time": 516.995, "Actual Total Time": 518.617, "Actual Rows": 100, "Actual Loops": 1, "Plans": [{"Node Type": "Aggregate", "Strategy": "Sorted", "Partial Mode": "Simple", "Parent Relationship": "Outer", "Parallel Aware": false, "Async Capable": false, "Startup Cost": 16423548.57, "Total Cost": 834118099.97, "Plan Rows": 7686, "Plan Width": 163, "Actual Startup Time": 516.993, "Actual Total Time": 518.611, "Actual Rows": 100, "Actual Loops": 1, "Group Key": ["ca.ca_state", "customer_demographics.cd_gender", "customer_demographics.cd_marital_status", "customer_demographics.cd_dep_count", "customer_demographics.cd_dep_employed_count", "customer_demographics.cd_dep_college_count"], "Plans": [{"Node Type": "Incremental Sort", "Parent Relationship": "Outer", "Parallel Aware": false, "Async Capable": false, "Startup Cost": 16423548.57, "Total Cost": 834117658.02, "Plan Rows": 7686, "Plan Width": 19, "Actual Startup Time": 516.978, "Actual Total Time": 518.554, "Actual Rows": 102, "Actual Loops": 1, "Sort Key": ["ca.ca_state NULLS FIRST", "customer_demographics.cd_gender NULLS FIRST", "customer_demographics.cd_marital_status NULLS FIRST", "customer_demographics.cd_dep_count NULLS FIRST", "customer_demographics.cd_dep_employed_count NULLS FIRST", "customer_demographics.cd_dep_college_count NULLS FIRST"], "Presorted Key": ["ca.ca_state"], "Full-sort Groups": {"Group Count": 1, "Sort Methods Used": ["quicksort"], "Sort Space Memory": {"Average Sort Space Used": 27, "Peak Sort Space Used": 27}}, "Pre-sorted Groups": {"Group Count": 1, "Sort Methods Used": ["quicksort"], "Sort Space Memory": {"Average Sort Space Used": 31, "Peak Sort Space Used": 31}}, "Plans": [{"Node Type": "Nested Loop", "Parent Relationship": "Outer", "Parallel Aware": false, "Async Capable": false, "Join Type": "Inner", "Startup Cost": 69668.33, "Total Cost": 834117282.87, "Plan Rows": 7686, "Plan Width": 19, "Actual Startup Time": 173.049, "Actual Total Time": 518.439, "Actual Rows": 160, "Actual Loops": 1, "Inner Unique": true, "Plans": [{"Node Type": "Nested Loop", "Parent Relationship": "Outer", "Parallel Aware": false, "Async Capable": false, "Join Type": "Inner", "Startup Cost": 69667.9, "Total Cost": 834102743.93, "Plan Rows": 7686, "Plan Width": 7, "Actual Startup Time": 173.03, "Actual Total Time": 517.261, "Actual Rows": 163, "Actual Loops": 1, "Inner Unique": false, "Join Filter": "(ca.ca_address_sk = c.c_current_addr_sk)", "Rows Removed by Join Filter": 7934300, "Plans": [{"Node Type": "Gather Merge", "Parent Relationship": "Outer", "Parallel Aware": false, "Async Capable": false, "Startup Cost": 4613.1, "Total Cost": 10311.63, "Plan Rows": 50000, "Plan Width": 7, "Actual Startup Time": 6.709, "Actual Total Time": 8.267, "Actual Rows": 1551, "Actual Loops": 1, "Workers Planned": 1, "Workers Launched": 1, "Plans": [{"Node Type": "Sort", "Parent Relationship": "Outer", "Parallel Aware": false, "Async Capable": false, "Startup Cost": 3613.09, "Total Cost": 3686.62, "Plan Rows": 29412, "Plan Width": 7, "Actual Startup Time": 5.382, "Actual Total Time": 5.499, "Actual Rows": 1745, "Actual Loops": 2, "Sort Key": ["ca.ca_state NULLS FIRST"], "Sort Method": "quicksort", "Sort Space Used": 1716, "Sort Space Type": "Memory", "Workers": [{"Worker Number": 0, "Sort Method": "quicksort", "Sort Space Used": 1383, "Sort Space Type": "Memory"}], "Plans": [{"Node Type": "Seq Scan", "Parent Relationship": "Outer", "Parallel Aware": true, "Async Capable": false, "Relation Name": "customer_address", "Alias": "ca", "Startup Cost": 0.0, "Total Cost": 1430.12, "Plan Rows": 29412, "Plan Width": 7, "Actual Startup Time": 0.005, "Actual Total Time": 1.814, "Actual Rows": 25000, "Actual Loops": 2, "Workers": []}]}]}, {"Node Type": "Materialize", "Parent Relationship": "Inner", "Parallel Aware": false, "Async Capable": false, "Startup Cost": 65054.8, "Total Cost": 828327951.51, "Plan Rows": 7686, "Plan Width": 8, "Actual Startup Time": 0.09, "Actual Total Time": 0.207, "Actual Rows": 5116, "Actual Loops": 1551, "Plans": [{"Node Type": "Nested Loop", "Parent Relationship": "Outer", "Parallel Aware": false, "Async Capable": false, "Join Type": "Inner", "Startup Cost": 65054.8, "Total Cost": 828327913.08, "Plan Rows": 7686, "Plan Width": 8, "Actual Startup Time": 139.647, "Actual Total Time": 164.97, "Actual Rows": 5116, "Actual Loops": 1, "Inner Unique": true, "Plans": [{"Node Type": "Aggregate", "Strategy": "Hashed", "Partial Mode": "Simple", "Parent Relationship": "Outer", "Parallel Aware": false, "Async Capable": false, "Startup Cost": 65054.5, "Total Cost": 65161.77, "Plan Rows": 10727, "Plan Width": 4, "Actual Startup Time": 60.087, "Actual Total Time": 62.84, "Actual Rows": 23497, "Actual Loops": 1, "Group Key": ["store_sales.ss_customer_sk"], "Planned Partitions": 0, "HashAgg Batches": 1, "Peak Memory Usage": 1809, "Disk Usage": 0, "Plans": [{"Node Type": "Gather", "Parent Relationship": "Outer", "Parallel Aware": false, "Async Capable": false, "Startup Cost": 3070.55, "Total Cost": 65027.69, "Plan Rows": 10727, "Plan Width": 4, "Actual Startup Time": 2.654, "Actual Total Time": 43.653, "Actual Rows": 306745, "Actual Loops": 1, "Workers Planned": 4, "Workers Launched": 4, "Single Copy": false, "Plans": [{"Node Type": "Hash Join", "Parent Relationship": "Outer", "Parallel Aware": true, "Async Capable": false, "Join Type": "Inner", "Startup Cost": 2070.55, "Total Cost": 62954.99, "Plan Rows": 2682, "Plan Width": 4, "Actual Startup Time": 1.179, "Actual Total Time": 51.21, "Actual Rows": 61349, "Actual Loops": 5, "Inner Unique": true, "Hash Cond": "(store_sales.ss_sold_date_sk = date_dim.d_date_sk)", "Workers": [], "Plans": [{"Node Type": "Seq Scan", "Parent Relationship": "Outer", "Parallel Aware": true, "Async Capable": false, "Relation Name": "store_sales", "Alias": "store_sales", "Startup Cost": 0.0, "Total Cost": 58993.85, "Plan Rows": 720185, "Plan Width": 8, "Actual Startup Time": 0.006, "Actual Total Time": 24.702, "Actual Rows": 576081, "Actual Loops": 5, "Workers": []}, {"Node Type": "Hash", "Parent Relationship": "Inner", "Parallel Aware": true, "Async Capable": false, "Startup Cost": 2068.55, "Total Cost": 2068.55, "Plan Rows": 160, "Plan Width": 4, "Actual Startup Time": 1.082, "Actual Total Time": 1.082, "Actual Rows": 55, "Actual Loops": 5, "Hash Buckets": 1024, "Original Hash Buckets": 1024, "Hash Batches": 1, "Original Hash Batches": 1, "Peak Memory Usage": 104, "Workers": [], "Plans": [{"Node Type": "Seq Scan", "Parent Relationship": "Outer", "Parallel Aware": true, "Async Capable": false, "Relation Name": "date_dim", "Alias": "date_dim", "Startup Cost": 0.0, "Total Cost": 2068.55, "Plan Rows": 160, "Plan Width": 4, "Actual Startup Time": 0.689, "Actual Total Time": 1.058, "Actual Rows": 55, "Actual Loops": 5, "Filter": "((d_qoy < 4) AND (d_year = 2002))", "Rows Removed by Filter": 14555, "Workers": []}]}]}]}]}, {"Node Type": "Index Scan", "Parent Relationship": "Inner", "Parallel Aware": false, "Async Capable": false, "Scan Direction": "Forward", "Index Name": "customer_pkey", "Relation Name": "customer", "Alias": "c", "Startup Cost": 0.29, "Total Cost": 83637.24, "Plan Rows": 1, "Plan Width": 12, "Actual Startup Time": 0.004, "Actual Total Time": 0.004, "Actual Rows": 0, "Actual Loops": 23497, "Index Cond": "(c_customer_sk = store_sales.ss_customer_sk)", "Rows Removed by Index Recheck": 0, "Filter": "((hashed SubPlan 2) OR (hashed SubPlan 4))", "Rows Removed by Filter": 1, "Plans": [{"Node Type": "Gather", "Parent Relationship": "SubPlan", "Subplan Name": "SubPlan 2", "Parallel Aware": false, "Async Capable": false, "Startup Cost": 3070.55, "Total Cost": 25092.23, "Plan Rows": 2679, "Plan Width": 4, "Actual Startup Time": 3.073, "Actual Total Time": 31.802, "Actual Rows": 78962, "Actual Loops": 1, "Workers Planned": 3, "Workers Launched": 2, "Single Copy": false, "Plans": [{"Node Type": "Hash Join", "Parent Relationship": "Outer", "Parallel Aware": true, "Async Capable": false, "Join Type": "Inner", "Startup Cost": 2070.55, "Total Cost": 23824.33, "Plan Rows": 864, "Plan Width": 4, "Actual Startup Time": 1.642, "Actual Total Time": 31.363, "Actual Rows": 26321, "Actual Loops": 3, "Inner Unique": true, "Hash Cond": "(web_sales.ws_sold_date_sk = date_dim_1.d_date_sk)", "Workers": [], "Plans": [{"Node Type": "Seq Scan", "Parent Relationship": "Outer", "Parallel Aware": true, "Async Capable": false, "Relation Name": "web_sales", "Alias": "web_sales", "Startup Cost": 0.0, "Total Cost": 21144.59, "Plan Rows": 232059, "Plan Width": 8, "Actual Startup Time": 0.002, "Actual Total Time": 14.044, "Actual Rows": 239795, "Actual Loops": 3, "Workers": []}, {"Node Type": "Hash", "Parent Relationship": "Inner", "Parallel Aware": true, "Async Capable": false, "Startup Cost": 2068.55, "Total Cost": 2068.55, "Plan Rows": 160, "Plan Width": 4, "Actual Startup Time": 1.537, "Actual Total Time": 1.537, "Actual Rows": 91, "Actual Loops": 3, "Hash Buckets": 1024, "Original Hash Buckets": 1024, "Hash Batches": 1, "Original Hash Batches": 1, "Peak Memory Usage": 104, "Workers": [], "Plans": [{"Node Type": "Seq Scan", "Parent Relationship": "Outer", "Parallel Aware": true, "Async Capable": false, "Relation Name": "date_dim", "Alias": "date_dim_1", "Startup Cost": 0.0, "Total Cost": 2068.55, "Plan Rows": 160, "Plan Width": 4, "Actual Startup Time": 0.792, "Actual Total Time": 1.522, "Actual Rows": 91, "Actual Loops": 3, "Filter": "((d_qoy < 4) AND (d_year = 2002))", "Rows Removed by Filter": 24258, "Workers": []}]}]}]}, {"Node Type": "Gather", "Parent Relationship": "SubPlan", "Subplan Name": "SubPlan 4", "Parallel Aware": false, "Async Capable": false, "Startup Cost": 3070.55, "Total Cost": 45605.04, "Plan Rows": 5367, "Plan Width": 4, "Actual Startup Time": 27.454, "Actual Total Time": 35.274, "Actual Rows": 159183, "Actual Loops": 1, "Workers Planned": 4, "Workers Launched": 4, "Single Copy": false, "Plans": [{"Node Type": "Hash Join", "Parent Relationship": "Outer", "Parallel Aware": true, "Async Capable": false, "Join Type": "Inner", "Startup Cost": 2070.55, "Total Cost": 44068.34, "Plan Rows": 1342, "Plan Width": 4, "Actual Startup Time": 26.753, "Actual Total Time": 35.076, "Actual Rows": 31837, "Actual Loops": 5, "Inner Unique": true, "Hash Cond": "(catalog_sales.cs_sold_date_sk = date_dim_2.d_date_sk)", "Workers": [], "Plans": [{"Node Type": "Seq Scan", "Parent Relationship": "Outer", "Parallel Aware": true, "Async Capable": false, "Relation Name": "catalog_sales", "Alias": "catalog_sales", "Startup Cost": 0.0, "Total Cost": 41051.75, "Plan Rows": 360375, "Plan Width": 8, "Actual Startup Time": 0.003, "Actual Total Time": 15.113, "Actual Rows": 288310, "Actual Loops": 5, "Workers": []}, {"Node Type": "Hash", "Parent Relationship": "Inner", "Parallel Aware": true, "Async Capable": false, "Startup Cost": 2068.55, "Total Cost": 2068.55, "Plan Rows": 160, "Plan Width": 4, "Actual Startup Time": 0.945, "Actual Total Time": 0.946, "Actual Rows": 55, "Actual Loops": 5, "Hash Buckets": 1024, "Original Hash Buckets": 1024, "Hash Batches": 1, "Original Hash Batches": 1, "Peak Memory Usage": 136, "Workers": [], "Plans": [{"Node Type": "Seq Scan", "Parent Relationship": "Outer", "Parallel Aware": true, "Async Capable": false, "Relation Name": "date_dim", "Alias": "date_dim_2", "Startup Cost": 0.0, "Total Cost": 2068.55, "Plan Rows": 160, "Plan Width": 4, "Actual Startup Time": 0.514, "Actual Total Time": 0.921, "Actual Rows": 55, "Actual Loops": 5, "Filter": "((d_qoy < 4) AND (d_year = 2002))", "Rows Removed by Filter": 14555, "Workers": []}]}]}]}]}]}]}]}, {"Node Type": "Index Scan", "Parent Relationship": "Inner", "Parallel Aware": false, "Async Capable": false, "Scan Direction": "Forward", "Index Name": "customer_demographics_pkey", "Relation Name": "customer_demographics", "Alias": "customer_demographics", "Startup Cost": 0.43, "Total Cost": 1.89, "Plan Rows": 1, "Plan Width": 20, "Actual Startup Time": 0.007, "Actual Total Time": 0.007, "Actual Rows": 1, "Actual Loops": 163, "Index Cond": "(cd_demo_sk = c.c_current_cdemo_sk)", "Rows Removed by Index Recheck": 0}]}]}]}]}, "Planning Time": 0.708, "Triggers": [], "Execution Time": 518.905}