{"Plan": {"Node Type": "Limit", "Parallel Aware": false, "Async Capable": false, "Startup Cost": 63309.98, "Total Cost": 63310.23, "Plan Rows": 100, "Plan Width": 172, "Actual Startup Time": 386.731, "Actual Total Time": 391.832, "Actual Rows": 100, "Actual Loops": 1, "Plans": [{"Node Type": "Aggregate", "Strategy": "Sorted", "Partial Mode": "Simple", "Parent Relationship": "InitPlan", "Subplan Name": "CTE results", "Parallel Aware": false, "Async Capable": false, "Startup Cost": 63140.78, "Total Cost": 63194.24, "Plan Rows": 357, "Plan Width": 206, "Actual Startup Time": 277.785, "Actual Total Time": 391.463, "Actual Rows": 121, "Actual Loops": 1, "Group Key": ["item.i_category", "item.i_class"], "Plans": [{"Node Type": "Gather Merge", "Parent Relationship": "Outer", "Parallel Aware": false, "Async Capable": false, "Startup Cost": 63140.78, "Total Cost": 63183.53, "Plan Rows": 357, "Plan Width": 114, "Actual Startup Time": 277.279, "Actual Total Time": 334.938, "Actual Rows": 533544, "Actual Loops": 1, "Workers Planned": 4, "Workers Launched": 4, "Plans": [{"Node Type": "Sort", "Parent Relationship": "Outer", "Parallel Aware": false, "Async Capable": false, "Startup Cost": 62140.73, "Total Cost": 62140.95, "Plan Rows": 89, "Plan Width": 114, "Actual Startup Time": 275.104, "Actual Total Time": 285.392, "Actual Rows": 106709, "Actual Loops": 5, "Sort Key": ["item.i_category", "item.i_class"], "Sort Method": "external merge", "Sort Space Used": 13096, "Sort Space Type": "Disk", "Workers": [{"Worker Number": 0, "Sort Method": "external merge", "Sort Space Used": 12952, "Sort Space Type": "Disk"}, {"Worker Number": 1, "Sort Method": "external merge", "Sort Space Used": 13064, "Sort Space Type": "Disk"}, {"Worker Number": 2, "Sort Method": "external merge", "Sort Space Used": 13440, "Sort Space Type": "Disk"}, {"Worker Number": 3, "Sort Method": "external merge", "Sort Space Used": 12976, "Sort Space Type": "Disk"}], "Plans": [{"Node Type": "Nested Loop", "Parent Relationship": "Outer", "Parallel Aware": false, "Async Capable": false, "Join Type": "Inner", "Startup Cost": 11.1, "Total Cost": 62137.85, "Plan Rows": 89, "Plan Width": 114, "Actual Startup Time": 0.08, "Actual Total Time": 224.662, "Actual Rows": 106709, "Actual Loops": 5, "Inner Unique": true, "Workers": [], "Plans": [{"Node Type": "Nested Loop", "Parent Relationship": "Outer", "Parallel Aware": false, "Async Capable": false, "Join Type": "Inner", "Startup Cost": 10.81, "Total Cost": 62110.54, "Plan Rows": 89, "Plan Width": 16, "Actual Startup Time": 0.068, "Actual Total Time": 157.998, "Actual Rows": 106709, "Actual Loops": 5, "Inner Unique": true, "Workers": [], "Plans": [{"Node Type": "Hash Join", "Parent Relationship": "Outer", "Parallel Aware": false, "Async Capable": false, "Join Type": "Inner", "Startup Cost": 10.51, "Total Cost": 61086.35, "Plan Rows": 18004, "Plan Width": 20, "Actual Startup Time": 0.03, "Actual Total Time": 94.331, "Actual Rows": 550074, "Actual Loops": 5, "Inner Unique": true, "Hash Cond": "(store_sales.ss_store_sk = store.s_store_sk)", "Workers": [], "Plans": [{"Node Type": "Seq Scan", "Parent Relationship": "Outer", "Parallel Aware": true, "Async Capable": false, "Relation Name": "store_sales", "Alias": "store_sales", "Startup Cost": 0.0, "Total Cost": 58993.85, "Plan Rows": 720185, "Plan Width": 24, "Actual Startup Time": 0.004, "Actual Total Time": 25.852, "Actual Rows": 576081, "Actual Loops": 5, "Workers": []}, {"Node Type": "Hash", "Parent Relationship": "Inner", "Parallel Aware": false, "Async Capable": false, "Startup Cost": 10.5, "Total Cost": 10.5, "Plan Rows": 1, "Plan Width": 4, "Actual Startup Time": 0.009, "Actual Total Time": 0.01, "Actual Rows": 12, "Actual Loops": 5, "Hash Buckets": 1024, "Original Hash Buckets": 1024, "Hash Batches": 1, "Original Hash Batches": 1, "Peak Memory Usage": 9, "Workers": [], "Plans": [{"Node Type": "Seq Scan", "Parent Relationship": "Outer", "Parallel Aware": false, "Async Capable": false, "Relation Name": "store", "Alias": "store", "Startup Cost": 0.0, "Total Cost": 10.5, "Plan Rows": 1, "Plan Width": 4, "Actual Startup Time": 0.004, "Actual Total Time": 0.006, "Actual Rows": 12, "Actual Loops": 5, "Filter": "(s_state = 'TN'::bpchar)", "Rows Removed by Filter": 0, "Workers": []}]}]}, {"Node Type": "Memoize", "Parent Relationship": "Inner", "Parallel Aware": false, "Async Capable": false, "Startup Cost": 0.3, "Total Cost": 0.32, "Plan Rows": 1, "Plan Width": 4, "Actual Startup Time": 0.0, "Actual Total Time": 0.0, "Actual Rows": 0, "Actual Loops": 2750370, "Cache Key": "store_sales.ss_sold_date_sk", "Cache Mode": "logical", "Cache Hits": 550704, "Cache Misses": 1824, "Cache Evictions": 0, "Cache Overflows": 0, "Peak Memory Usage": 134, "Workers": [{"Worker Number": 0, "Cache Hits": 545652, "Cache Misses": 1824, "Cache Evictions": 0, "Cache Overflows": 0, "Peak Memory Usage": 134}, {"Worker Number": 1, "Cache Hits": 549937, "Cache Misses": 1824, "Cache Evictions": 0, "Cache Overflows": 0, "Peak Memory Usage": 134}, {"Worker Number": 2, "Cache Hits": 546716, "Cache Misses": 1824, "Cache Evictions": 0, "Cache Overflows": 0, "Peak Memory Usage": 134}, {"Worker Number": 3, "Cache Hits": 548241, "Cache Misses": 1824, "Cache Evictions": 0, "Cache Overflows": 0, "Peak Memory Usage": 134}], "Plans": [{"Node Type": "Index Scan", "Parent Relationship": "Outer", "Parallel Aware": false, "Async Capable": false, "Scan Direction": "Forward", "Index Name": "date_dim_pkey", "Relation Name": "date_dim", "Alias": "d1", "Startup Cost": 0.29, "Total Cost": 0.31, "Plan Rows": 1, "Plan Width": 4, "Actual Startup Time": 0.001, "Actual Total Time": 0.001, "Actual Rows": 0, "Actual Loops": 9120, "Index Cond": "(d_date_sk = store_sales.ss_sold_date_sk)", "Rows Removed by Index Recheck": 0, "Filter": "(d_year = 2001)", "Rows Removed by Filter": 1, "Workers": []}]}]}, {"Node Type": "Index Scan", "Parent Relationship": "Inner", "Parallel Aware": false, "Async Capable": false, "Scan Direction": "Forward", "Index Name": "item_pkey", "Relation Name": "item", "Alias": "item", "Startup Cost": 0.29, "Total Cost": 0.31, "Plan Rows": 1, "Plan Width": 106, "Actual Startup Time": 0.0, "Actual Total Time": 0.0, "Actual Rows": 1, "Actual Loops": 533544, "Index Cond": "(i_item_sk = store_sales.ss_item_sk)", "Rows Removed by Index Recheck": 0, "Workers": []}]}]}]}]}, {"Node Type": "Sort", "Parent Relationship": "Outer", "Parallel Aware": false, "Async Capable": false, "Startup Cost": 115.75, "Total Cost": 117.14, "Plan Rows": 558, "Plan Width": 172, "Actual Startup Time": 386.73, "Actual Total Time": 386.736, "Actual Rows": 100, "Actual Loops": 1, "Sort Key": ["results_rollup.lochierarchy DESC", "(CASE WHEN (results_rollup.lochierarchy = 0) THEN results_rollup.i_category ELSE NULL::bpchar END) NULLS FIRST", "(rank() OVER (?)) NULLS FIRST"], "Sort Method": "quicksort", "Sort Space Used": 56, "Sort Space Type": "Memory", "Plans": [{"Node Type": "WindowAgg", "Parent Relationship": "Outer", "Parallel Aware": false, "Async Capable": false, "Startup Cost": 79.07, "Total Cost": 94.42, "Plan Rows": 558, "Plan Width": 172, "Actual Startup Time": 386.619, "Actual Total Time": 386.655, "Actual Rows": 133, "Actual Loops": 1, "Plans": [{"Node Type": "Sort", "Parent Relationship": "Outer", "Parallel Aware": false, "Async Capable": false, "Startup Cost": 79.07, "Total Cost": 80.47, "Plan Rows": 558, "Plan Width": 132, "Actual Startup Time": 386.614, "Actual Total Time": 386.619, "Actual Rows": 133, "Actual Loops": 1, "Sort Key": ["results_rollup.lochierarchy", "(CASE WHEN (results_rollup.t_class = 0) THEN results_rollup.i_category ELSE NULL::bpchar END)", "results_rollup.gross_margin"], "Sort Method": "quicksort", "Sort Space Used": 47, "Sort Space Type": "Memory", "Plans": [{"Node Type": "Subquery Scan", "Parent Relationship": "Outer", "Parallel Aware": false, "Async Capable": false, "Alias": "results_rollup", "Startup Cost": 41.06, "Total Cost": 53.62, "Plan Rows": 558, "Plan Width": 132, "Actual Startup Time": 386.525, "Actual Total Time": 386.551, "Actual Rows": 133, "Actual Loops": 1, "Plans": [{"Node Type": "Aggregate", "Strategy": "Hashed", "Partial Mode": "Simple", "Parent Relationship": "Subquery", "Parallel Aware": false, "Async Capable": false, "Startup Cost": 41.06, "Total Cost": 46.64, "Plan Rows": 558, "Plan Width": 108, "Actual Startup Time": 386.524, "Actual Total Time": 386.543, "Actual Rows": 133, "Actual Loops": 1, "Group Key": ["results.gross_margin", "results.i_category", "results.i_class", "(0)", "(0)", "(0)"], "Planned Partitions": 0, "HashAgg Batches": 1, "Peak Memory Usage": 73, "Disk Usage": 0, "Plans": [{"Node Type": "Append", "Parent Relationship": "Outer", "Parallel Aware": false, "Async Capable": false, "Startup Cost": 0.0, "Total Cost": 32.69, "Plan Rows": 558, "Plan Width": 108, "Actual Startup Time": 277.788, "Actual Total Time": 386.476, "Actual Rows": 133, "Actual Loops": 1, "Subplans Removed": 0, "Plans": [{"Node Type": "CTE Scan", "Parent Relationship": "Member", "Parallel Aware": false, "Async Capable": false, "CTE Name": "results", "Alias": "results", "Startup Cost": 0.0, "Total Cost": 7.14, "Plan Rows": 357, "Plan Width": 452, "Actual Startup Time": 277.787, "Actual Total Time": 386.41, "Actual Rows": 121, "Actual Loops": 1}, {"Node Type": "Aggregate", "Strategy": "Hashed", "Partial Mode": "Simple", "Parent Relationship": "Member", "Parallel Aware": false, "Async Capable": false, "Startup Cost": 9.82, "Total Cost": 13.82, "Plan Rows": 200, "Plan Width": 280, "Actual Startup Time": 0.037, "Actual Total Time": 0.04, "Actual Rows": 11, "Actual Loops": 1, "Group Key": ["results_1.i_category"], "Planned Partitions": 0, "HashAgg Batches": 1, "Peak Memory Usage": 48, "Disk Usage": 0, "Plans": [{"Node Type": "CTE Scan", "Parent Relationship": "Outer", "Parallel Aware": false, "Async Capable": false, "CTE Name": "results", "Alias": "results_1", "Startup Cost": 0.0, "Total Cost": 7.14, "Plan Rows": 357, "Plan Width": 268, "Actual Startup Time": 0.001, "Actual Total Time": 0.01, "Actual Rows": 121, "Actual Loops": 1}]}, {"Node Type": "Aggregate", "Strategy": "Plain", "Partial Mode": "Simple", "Parent Relationship": "Member", "Parallel Aware": false, "Async Capable": false, "Startup Cost": 8.93, "Total Cost": 8.95, "Plan Rows": 1, "Plan Width": 108, "Actual Startup Time": 0.016, "Actual Total Time": 0.017, "Actual Rows": 1, "Actual Loops": 1, "Plans": [{"Node Type": "CTE Scan", "Parent Relationship": "Outer", "Parallel Aware": false, "Async Capable": false, "CTE Name": "results", "Alias": "results_2", "Startup Cost": 0.0, "Total Cost": 7.14, "Plan Rows": 357, "Plan Width": 64, "Actual Startup Time": 0.0, "Actual Total Time": 0.004, "Actual Rows": 121, "Actual Loops": 1}]}]}]}]}]}]}]}]}, "Planning Time": 0.554, "Triggers": [], "Execution Time": 392.863}