{"Plan": {"Node Type": "Limit", "Parallel Aware": false, "Async Capable": false, "Startup Cost": 5725.72, "Total Cost": 5728.83, "Plan Rows": 2, "Plan Width": 125, "Actual Startup Time": 6.986, "Actual Total Time": 7.715, "Actual Rows": 1, "Actual Loops": 1, "Plans": [{"Node Type": "Group", "Parent Relationship": "Outer", "Parallel Aware": false, "Async Capable": false, "Startup Cost": 5725.72, "Total Cost": 5728.83, "Plan Rows": 2, "Plan Width": 125, "Actual Startup Time": 6.985, "Actual Total Time": 7.714, "Actual Rows": 1, "Actual Loops": 1, "Group Key": ["item.i_item_id", "item.i_item_desc", "item.i_current_price"], "Plans": [{"Node Type": "Nested Loop", "Parent Relationship": "Outer", "Parallel Aware": false, "Async Capable": false, "Join Type": "Inner", "Startup Cost": 5725.72, "Total Cost": 5728.23, "Plan Rows": 80, "Plan Width": 125, "Actual Startup Time": 6.984, "Actual Total Time": 7.586, "Actual Rows": 2366, "Actual Loops": 1, "Inner Unique": false, "Plans": [{"Node Type": "Gather Merge", "Parent Relationship": "Outer", "Parallel Aware": false, "Async Capable": false, "Startup Cost": 5725.29, "Total Cost": 5725.41, "Plan Rows": 1, "Plan Width": 133, "Actual Startup Time": 6.96, "Actual Total Time": 7.374, "Actual Rows": 14, "Actual Loops": 1, "Workers Planned": 1, "Workers Launched": 1, "Plans": [{"Node Type": "Sort", "Parent Relationship": "Outer", "Parallel Aware": false, "Async Capable": false, "Startup Cost": 4725.28, "Total Cost": 4725.28, "Plan Rows": 1, "Plan Width": 133, "Actual Startup Time": 6.3, "Actual Total Time": 6.301, "Actual Rows": 7, "Actual Loops": 2, "Sort Key": ["item.i_item_id", "item.i_item_desc", "item.i_current_price"], "Sort Method": "quicksort", "Sort Space Used": 25, "Sort Space Type": "Memory", "Workers": [{"Worker Number": 0, "Sort Method": "quicksort", "Sort Space Used": 28, "Sort Space Type": "Memory"}], "Plans": [{"Node Type": "Nested Loop", "Parent Relationship": "Outer", "Parallel Aware": false, "Async Capable": false, "Join Type": "Inner", "Startup Cost": 0.43, "Total Cost": 4725.27, "Plan Rows": 1, "Plan Width": 133, "Actual Startup Time": 4.581, "Actual Total Time": 6.285, "Actual Rows": 7, "Actual Loops": 2, "Inner Unique": false, "Workers": [], "Plans": [{"Node Type": "Seq Scan", "Parent Relationship": "Outer", "Parallel Aware": true, "Async Capable": false, "Relation Name": "item", "Alias": "item", "Startup Cost": 0.0, "Total Cost": 1495.76, "Plan Rows": 1, "Plan Width": 129, "Actual Startup Time": 1.209, "Actual Total Time": 2.72, "Actual Rows": 1, "Actual Loops": 2, "Filter": "((i_current_price >= '68'::numeric) AND (i_current_price <= '98'::numeric) AND (i_manufact_id = ANY ('{677,940,694,808}'::integer[])))", "Rows Removed by Filter": 8999, "Workers": []}, {"Node Type": "Nested Loop", "Parent Relationship": "Inner", "Parallel Aware": false, "Async Capable": false, "Join Type": "Inner", "Startup Cost": 0.43, "Total Cost": 3228.91, "Plan Rows": 59, "Plan Width": 4, "Actual Startup Time": 2.616, "Actual Total Time": 3.563, "Actual Rows": 7, "Actual Loops": 2, "Inner Unique": false, "Workers": [], "Plans": [{"Node Type": "Seq Scan", "Parent Relationship": "Outer", "Parallel Aware": false, "Async Capable": false, "Relation Name": "date_dim", "Alias": "date_dim", "Startup Cost": 0.0, "Total Cost": 2519.73, "Plan Rows": 59, "Plan Width": 4, "Actual Startup Time": 1.592, "Actual Total Time": 3.325, "Actual Rows": 61, "Actual Loops": 2, "Filter": "((d_date >= '2000-02-01'::date) AND (d_date <= '2000-04-01'::date))", "Rows Removed by Filter": 72988, "Workers": []}, {"Node Type": "Index Scan", "Parent Relationship": "Inner", "Parallel Aware": false, "Async Capable": false, "Scan Direction": "Forward", "Index Name": "inventory_pkey", "Relation Name": "inventory", "Alias": "inventory", "Startup Cost": 0.43, "Total Cost": 12.01, "Plan Rows": 1, "Plan Width": 8, "Actual Startup Time": 0.003, "Actual Total Time": 0.004, "Actual Rows": 0, "Actual Loops": 122, "Index Cond": "((inv_date_sk = date_dim.d_date_sk) AND (inv_item_sk = item.i_item_sk))", "Rows Removed by Index Recheck": 0, "Filter": "((inv_quantity_on_hand >= 100) AND (inv_quantity_on_hand <= 500))", "Rows Removed by Filter": 0, "Workers": []}]}]}]}]}, {"Node Type": "Index Only Scan", "Parent Relationship": "Inner", "Parallel Aware": false, "Async Capable": false, "Scan Direction": "Forward", "Index Name": "catalog_sales_pkey", "Relation Name": "catalog_sales", "Alias": "catalog_sales", "Startup Cost": 0.43, "Total Cost": 1.96, "Plan Rows": 87, "Plan Width": 4, "Actual Startup Time": 0.002, "Actual Total Time": 0.008, "Actual Rows": 169, "Actual Loops": 14, "Index Cond": "(cs_item_sk = inventory.inv_item_sk)", "Rows Removed by Index Recheck": 0, "Heap Fetches": 0}]}]}]}, "Planning Time": 0.725, "Triggers": [], "Execution Time": 7.768}