{"Plan": {"Node Type": "Limit", "Parallel Aware": false, "Async Capable": false, "Startup Cost": 139966.0, "Total Cost": 139966.01, "Plan Rows": 1, "Plan Width": 8, "Actual Startup Time": 567.048, "Actual Total Time": 572.899, "Actual Rows": 1, "Actual Loops": 1, "Plans": [{"Node Type": "Aggregate", "Strategy": "Plain", "Partial Mode": "Simple", "Parent Relationship": "Outer", "Parallel Aware": false, "Async Capable": false, "Startup Cost": 139966.0, "Total Cost": 139966.01, "Plan Rows": 1, "Plan Width": 8, "Actual Startup Time": 567.047, "Actual Total Time": 572.897, "Actual Rows": 1, "Actual Loops": 1, "Plans": [{"Node Type": "Subquery Scan", "Parent Relationship": "Outer", "Parallel Aware": false, "Async Capable": false, "Alias": "hot_cust", "Startup Cost": 25242.68, "Total Cost": 139957.71, "Plan Rows": 3315, "Plan Width": 0, "Actual Startup Time": 566.789, "Actual Total Time": 572.89, "Actual Rows": 107, "Actual Loops": 1, "Plans": [{"Node Type": "SetOp", "Strategy": "Hashed", "Parent Relationship": "Subquery", "Parallel Aware": false, "Async Capable": false, "Command": "Intersect", "Startup Cost": 25242.68, "Total Cost": 139924.56, "Plan Rows": 3315, "Plan Width": 216, "Actual Startup Time": 566.789, "Actual Total Time": 572.884, "Actual Rows": 107, "Actual Loops": 1, "Plans": [{"Node Type": "Append", "Parent Relationship": "Outer", "Parallel Aware": false, "Async Capable": false, "Startup Cost": 25242.68, "Total Cost": 139848.2, "Plan Rows": 10182, "Plan Width": 216, "Actual Startup Time": 62.328, "Actual Total Time": 570.672, "Actual Rows": 12106, "Actual Loops": 1, "Subplans Removed": 0, "Plans": [{"Node Type": "Subquery Scan", "Parent Relationship": "Member", "Parallel Aware": false, "Async Capable": false, "Alias": "*SELECT* 3", "Startup Cost": 25242.68, "Total Cost": 25701.26, "Plan Rows": 3315, "Plan Width": 60, "Actual Startup Time": 62.327, "Actual Total Time": 69.954, "Actual Rows": 11788, "Actual Loops": 1, "Plans": [{"Node Type": "Unique", "Parent Relationship": "Subquery", "Parallel Aware": false, "Async Capable": false, "Startup Cost": 25242.68, "Total Cost": 25668.11, "Plan Rows": 3315, "Plan Width": 56, "Actual Startup Time": 62.326, "Actual Total Time": 69.392, "Actual Rows": 11788, "Actual Loops": 1, "Plans": [{"Node Type": "Gather Merge", "Parent Relationship": "Outer", "Parallel Aware": false, "Async Capable": false, "Startup Cost": 25242.68, "Total Cost": 25643.25, "Plan Rows": 3315, "Plan Width": 56, "Actual Startup Time": 62.325, "Actual Total Time": 68.667, "Actual Rows": 12068, "Actual Loops": 1, "Workers Planned": 3, "Workers Launched": 3, "Plans": [{"Node Type": "Unique", "Parent Relationship": "Outer", "Parallel Aware": false, "Async Capable": false, "Startup Cost": 24242.64, "Total Cost": 24253.69, "Plan Rows": 1105, "Plan Width": 56, "Actual Startup Time": 60.408, "Actual Total Time": 64.102, "Actual Rows": 3017, "Actual Loops": 4, "Workers": [], "Plans": [{"Node Type": "Sort", "Parent Relationship": "Outer", "Parallel Aware": false, "Async Capable": false, "Startup Cost": 24242.64, "Total Cost": 24245.41, "Plan Rows": 1105, "Plan Width": 56, "Actual Startup Time": 60.407, "Actual Total Time": 61.38, "Actual Rows": 35541, "Actual Loops": 4, "Sort Key": ["customer.c_last_name", "customer.c_first_name", "date_dim.d_date"], "Sort Method": "quicksort", "Sort Space Used": 4219, "Sort Space Type": "Memory", "Workers": [{"Worker Number": 0, "Sort Method": "quicksort", "Sort Space Used": 4293, "Sort Space Type": "Memory"}, {"Worker Number": 1, "Sort Method": "quicksort", "Sort Space Used": 4226, "Sort Space Type": "Memory"}, {"Worker Number": 2, "Sort Method": "quicksort", "Sort Space Used": 4295, "Sort Space Type": "Memory"}], "Plans": [{"Node Type": "Nested Loop", "Parent Relationship": "Outer", "Parallel Aware": false, "Async Capable": false, "Join Type": "Inner", "Startup Cost": 2071.41, "Total Cost": 24186.79, "Plan Rows": 1105, "Plan Width": 56, "Actual Startup Time": 0.787, "Actual Total Time": 44.329, "Actual Rows": 35541, "Actual Loops": 4, "Inner Unique": true, "Workers": [], "Plans": [{"Node Type": "Hash Join", "Parent Relationship": "Outer", "Parallel Aware": true, "Async Capable": false, "Join Type": "Inner", "Startup Cost": 2071.11, "Total Cost": 23824.89, "Plan Rows": 1105, "Plan Width": 8, "Actual Startup Time": 0.77, "Actual Total Time": 25.039, "Actual Rows": 35546, "Actual Loops": 4, "Inner Unique": true, "Hash Cond": "(web_sales.ws_sold_date_sk = date_dim.d_date_sk)", "Workers": [], "Plans": [{"Node Type": "Seq Scan", "Parent Relationship": "Outer", "Parallel Aware": true, "Async Capable": false, "Relation Name": "web_sales", "Alias": "web_sales", "Startup Cost": 0.0, "Total Cost": 21144.59, "Plan Rows": 232059, "Plan Width": 8, "Actual Startup Time": 0.003, "Actual Total Time": 10.551, "Actual Rows": 179846, "Actual Loops": 4, "Workers": []}, {"Node Type": "Hash", "Parent Relationship": "Inner", "Parallel Aware": true, "Async Capable": false, "Startup Cost": 2068.55, "Total Cost": 2068.55, "Plan Rows": 205, "Plan Width": 8, "Actual Startup Time": 0.701, "Actual Total Time": 0.702, "Actual Rows": 92, "Actual Loops": 4, "Hash Buckets": 1024, "Original Hash Buckets": 1024, "Hash Batches": 1, "Original Hash Batches": 1, "Peak Memory Usage": 40, "Workers": [], "Plans": [{"Node Type": "Seq Scan", "Parent Relationship": "Outer", "Parallel Aware": true, "Async Capable": false, "Relation Name": "date_dim", "Alias": "date_dim", "Startup Cost": 0.0, "Total Cost": 2068.55, "Plan Rows": 205, "Plan Width": 8, "Actual Startup Time": 0.56, "Actual Total Time": 0.682, "Actual Rows": 92, "Actual Loops": 4, "Filter": "((d_month_seq >= 1200) AND (d_month_seq <= 1211))", "Rows Removed by Filter": 18171, "Workers": []}]}]}, {"Node Type": "Index Scan", "Parent Relationship": "Inner", "Parallel Aware": false, "Async Capable": false, "Scan Direction": "Forward", "Index Name": "customer_pkey", "Relation Name": "customer", "Alias": "customer", "Startup Cost": 0.29, "Total Cost": 0.33, "Plan Rows": 1, "Plan Width": 56, "Actual Startup Time": 0.0, "Actual Total Time": 0.0, "Actual Rows": 1, "Actual Loops": 142182, "Index Cond": "(c_customer_sk = web_sales.ws_bill_customer_sk)", "Rows Removed by Index Recheck": 0, "Workers": []}]}]}]}]}]}]}, {"Node Type": "Result", "Parent Relationship": "Member", "Parallel Aware": false, "Async Capable": false, "Startup Cost": 45708.48, "Total Cost": 114096.03, "Plan Rows": 6867, "Plan Width": 216, "Actual Startup Time": 493.702, "Actual Total Time": 500.24, "Actual Rows": 318, "Actual Loops": 1, "Plans": [{"Node Type": "SetOp", "Strategy": "Hashed", "Parent Relationship": "Outer", "Parallel Aware": false, "Async Capable": false, "Command": "Intersect", "Startup Cost": 45708.48, "Total Cost": 114027.36, "Plan Rows": 6867, "Plan Width": 216, "Actual Startup Time": 493.7, "Actual Total Time": 500.216, "Actual Rows": 318, "Actual Loops": 1, "Plans": [{"Node Type": "Append", "Parent Relationship": "Outer", "Parallel Aware": false, "Async Capable": false, "Startup Cost": 45708.48, "Total Cost": 113872.93, "Plan Rows": 20591, "Plan Width": 216, "Actual Startup Time": 103.946, "Actual Total Time": 490.327, "Actual Rows": 79405, "Actual Loops": 1, "Subplans Removed": 0, "Plans": [{"Node Type": "Subquery Scan", "Parent Relationship": "Member", "Parallel Aware": false, "Async Capable": false, "Alias": "*SELECT* 2", "Startup Cost": 45708.48, "Total Cost": 46650.87, "Plan Rows": 6867, "Plan Width": 60, "Actual Startup Time": 103.945, "Actual Total Time": 160.449, "Actual Rows": 31723, "Actual Loops": 1, "Plans": [{"Node Type": "Unique", "Parent Relationship": "Subquery", "Parallel Aware": false, "Async Capable": false, "Startup Cost": 45708.48, "Total Cost": 46582.2, "Plan Rows": 6867, "Plan Width": 56, "Actual Startup Time": 103.943, "Actual Total Time": 159.055, "Actual Rows": 31723, "Actual Loops": 1, "Plans": [{"Node Type": "Gather Merge", "Parent Relationship": "Outer", "Parallel Aware": false, "Async Capable": false, "Startup Cost": 45708.48, "Total Cost": 46530.7, "Plan Rows": 6867, "Plan Width": 56, "Actual Startup Time": 103.942, "Actual Total Time": 142.765, "Actual Rows": 286844, "Actual Loops": 1, "Workers Planned": 4, "Workers Launched": 4, "Plans": [{"Node Type": "Sort", "Parent Relationship": "Outer", "Parallel Aware": false, "Async Capable": false, "Startup Cost": 44708.43, "Total Cost": 44712.72, "Plan Rows": 1717, "Plan Width": 56, "Actual Startup Time": 101.502, "Actual Total Time": 103.081, "Actual Rows": 57369, "Actual Loops": 5, "Sort Key": ["customer_1.c_last_name", "customer_1.c_first_name", "date_dim_1.d_date"], "Sort Method": "quicksort", "Sort Space Used": 5976, "Sort Space Type": "Memory", "Workers": [{"Worker Number": 0, "Sort Method": "quicksort", "Sort Space Used": 5947, "Sort Space Type": "Memory"}, {"Worker Number": 1, "Sort Method": "quicksort", "Sort Space Used": 5944, "Sort Space Type": "Memory"}, {"Worker Number": 2, "Sort Method": "quicksort", "Sort Space Used": 5941, "Sort Space Type": "Memory"}, {"Worker Number": 3, "Sort Method": "quicksort", "Sort Space Used": 5847, "Sort Space Type": "Memory"}], "Plans": [{"Node Type": "Nested Loop", "Parent Relationship": "Outer", "Parallel Aware": false, "Async Capable": false, "Join Type": "Inner", "Startup Cost": 2071.41, "Total Cost": 44616.17, "Plan Rows": 1717, "Plan Width": 56, "Actual Startup Time": 13.575, "Actual Total Time": 70.881, "Actual Rows": 57369, "Actual Loops": 5, "Inner Unique": true, "Workers": [], "Plans": [{"Node Type": "Hash Join", "Parent Relationship": "Outer", "Parallel Aware": true, "Async Capable": false, "Join Type": "Inner", "Startup Cost": 2071.11, "Total Cost": 44068.91, "Plan Rows": 1717, "Plan Width": 8, "Actual Startup Time": 13.551, "Actual Total Time": 38.775, "Actual Rows": 57507, "Actual Loops": 5, "Inner Unique": true, "Hash Cond": "(catalog_sales.cs_sold_date_sk = date_dim_1.d_date_sk)", "Workers": [], "Plans": [{"Node Type": "Seq Scan", "Parent Relationship": "Outer", "Parallel Aware": true, "Async Capable": false, "Relation Name": "catalog_sales", "Alias": "catalog_sales", "Startup Cost": 0.0, "Total Cost": 41051.75, "Plan Rows": 360375, "Plan Width": 8, "Actual Startup Time": 0.002, "Actual Total Time": 15.331, "Actual Rows": 288310, "Actual Loops": 5, "Workers": []}, {"Node Type": "Hash", "Parent Relationship": "Inner", "Parallel Aware": true, "Async Capable": false, "Startup Cost": 2068.55, "Total Cost": 2068.55, "Plan Rows": 205, "Plan Width": 8, "Actual Startup Time": 0.84, "Actual Total Time": 0.841, "Actual Rows": 73, "Actual Loops": 5, "Hash Buckets": 1024, "Original Hash Buckets": 1024, "Hash Batches": 1, "Original Hash Batches": 1, "Peak Memory Usage": 136, "Workers": [], "Plans": [{"Node Type": "Seq Scan", "Parent Relationship": "Outer", "Parallel Aware": true, "Async Capable": false, "Relation Name": "date_dim", "Alias": "date_dim_1", "Startup Cost": 0.0, "Total Cost": 2068.55, "Plan Rows": 205, "Plan Width": 8, "Actual Startup Time": 0.453, "Actual Total Time": 0.813, "Actual Rows": 73, "Actual Loops": 5, "Filter": "((d_month_seq >= 1200) AND (d_month_seq <= 1211))", "Rows Removed by Filter": 14537, "Workers": []}]}]}, {"Node Type": "Index Scan", "Parent Relationship": "Inner", "Parallel Aware": false, "Async Capable": false, "Scan Direction": "Forward", "Index Name": "customer_pkey", "Relation Name": "customer", "Alias": "customer_1", "Startup Cost": 0.29, "Total Cost": 0.32, "Plan Rows": 1, "Plan Width": 56, "Actual Startup Time": 0.0, "Actual Total Time": 0.0, "Actual Rows": 1, "Actual Loops": 287535, "Index Cond": "(c_customer_sk = catalog_sales.cs_bill_customer_sk)", "Rows Removed by Index Recheck": 0, "Workers": []}]}]}]}]}]}, {"Node Type": "Subquery Scan", "Parent Relationship": "Member", "Parallel Aware": false, "Async Capable": false, "Alias": "*SELECT* 1", "Startup Cost": 65235.69, "Total Cost": 67119.1, "Plan Rows": 13724, "Plan Width": 60, "Actual Startup Time": 218.36, "Actual Total Time": 327.02, "Actual Rows": 47682, "Actual Loops": 1, "Plans": [{"Node Type": "Unique", "Parent Relationship": "Subquery", "Parallel Aware": false, "Async Capable": false, "Startup Cost": 65235.69, "Total Cost": 66981.86, "Plan Rows": 13724, "Plan Width": 56, "Actual Startup Time": 218.357, "Actual Total Time": 324.893, "Actual Rows": 47682, "Actual Loops": 1, "Plans": [{"Node Type": "Gather Merge", "Parent Relationship": "Outer", "Parallel Aware": false, "Async Capable": false, "Startup Cost": 65235.69, "Total Cost": 66878.93, "Plan Rows": 13724, "Plan Width": 56, "Actual Startup Time": 218.357, "Actual Total Time": 295.129, "Actual Rows": 540806, "Actual Loops": 1, "Workers Planned": 4, "Workers Launched": 3, "Plans": [{"Node Type": "Sort", "Parent Relationship": "Outer", "Parallel Aware": false, "Async Capable": false, "Startup Cost": 64235.63, "Total Cost": 64244.21, "Plan Rows": 3431, "Plan Width": 56, "Actual Startup Time": 215.727, "Actual Total Time": 223.704, "Actual Rows": 135202, "Actual Loops": 4, "Sort Key": ["customer_2.c_last_name", "customer_2.c_first_name", "date_dim_2.d_date"], "Sort Method": "external merge", "Sort Space Used": 8576, "Sort Space Type": "Disk", "Workers": [{"Worker Number": 0, "Sort Method": "external merge", "Sort Space Used": 8480, "Sort Space Type": "Disk"}, {"Worker Number": 1, "Sort Method": "external merge", "Sort Space Used": 8440, "Sort Space Type": "Disk"}, {"Worker Number": 2, "Sort Method": "external merge", "Sort Space Used": 8568, "Sort Space Type": "Disk"}], "Plans": [{"Node Type": "Nested Loop", "Parent Relationship": "Outer", "Parallel Aware": false, "Async Capable": false, "Join Type": "Inner", "Startup Cost": 2071.41, "Total Cost": 64034.16, "Plan Rows": 3431, "Plan Width": 56, "Actual Startup Time": 1.108, "Actual Total Time": 142.439, "Actual Rows": 135202, "Actual Loops": 4, "Inner Unique": true, "Workers": [], "Plans": [{"Node Type": "Hash Join", "Parent Relationship": "Outer", "Parallel Aware": true, "Async Capable": false, "Join Type": "Inner", "Startup Cost": 2071.11, "Total Cost": 62955.55, "Plan Rows": 3431, "Plan Width": 8, "Actual Startup Time": 1.089, "Actual Total Time": 70.073, "Actual Rows": 138465, "Actual Loops": 4, "Inner Unique": true, "Hash Cond": "(store_sales.ss_sold_date_sk = date_dim_2.d_date_sk)", "Workers": [], "Plans": [{"Node Type": "Seq Scan", "Parent Relationship": "Outer", "Parallel Aware": true, "Async Capable": false, "Relation Name": "store_sales", "Alias": "store_sales", "Startup Cost": 0.0, "Total Cost": 58993.85, "Plan Rows": 720185, "Plan Width": 8, "Actual Startup Time": 0.007, "Actual Total Time": 31.093, "Actual Rows": 720101, "Actual Loops": 4, "Workers": []}, {"Node Type": "Hash", "Parent Relationship": "Inner", "Parallel Aware": true, "Async Capable": false, "Startup Cost": 2068.55, "Total Cost": 2068.55, "Plan Rows": 205, "Plan Width": 8, "Actual Startup Time": 0.997, "Actual Total Time": 0.998, "Actual Rows": 92, "Actual Loops": 4, "Hash Buckets": 1024, "Original Hash Buckets": 1024, "Hash Batches": 1, "Original Hash Batches": 1, "Peak Memory Usage": 104, "Workers": [], "Plans": [{"Node Type": "Seq Scan", "Parent Relationship": "Outer", "Parallel Aware": true, "Async Capable": false, "Relation Name": "date_dim", "Alias": "date_dim_2", "Startup Cost": 0.0, "Total Cost": 2068.55, "Plan Rows": 205, "Plan Width": 8, "Actual Startup Time": 0.594, "Actual Total Time": 0.972, "Actual Rows": 92, "Actual Loops": 4, "Filter": "((d_month_seq >= 1200) AND (d_month_seq <= 1211))", "Rows Removed by Filter": 18171, "Workers": []}]}]}, {"Node Type": "Index Scan", "Parent Relationship": "Inner", "Parallel Aware": false, "Async Capable": false, "Scan Direction": "Forward", "Index Name": "customer_pkey", "Relation Name": "customer", "Alias": "customer_2", "Startup Cost": 0.29, "Total Cost": 0.31, "Plan Rows": 1, "Plan Width": 56, "Actual Startup Time": 0.0, "Actual Total Time": 0.0, "Actual Rows": 1, "Actual Loops": 553861, "Index Cond": "(c_customer_sk = store_sales.ss_customer_sk)", "Rows Removed by Index Recheck": 0, "Workers": []}]}]}]}]}]}]}]}]}]}]}]}]}]}, "Planning Time": 0.57, "Triggers": [], "Execution Time": 574.493}