{"Plan": {"Node Type": "Limit", "Parallel Aware": false, "Async Capable": false, "Startup Cost": 70903826.76, "Total Cost": 70903827.19, "Plan Rows": 86, "Plan Width": 51, "Actual Startup Time": 412.228, "Actual Total Time": 412.231, "Actual Rows": 4, "Actual Loops": 1, "Plans": [{"Node Type": "Unique", "Parent Relationship": "Outer", "Parallel Aware": false, "Async Capable": false, "Startup Cost": 70903826.76, "Total Cost": 70903827.19, "Plan Rows": 86, "Plan Width": 51, "Actual Startup Time": 412.226, "Actual Total Time": 412.229, "Actual Rows": 4, "Actual Loops": 1, "Plans": [{"Node Type": "Sort", "Parent Relationship": "Outer", "Parallel Aware": false, "Async Capable": false, "Startup Cost": 70903826.76, "Total Cost": 70903826.98, "Plan Rows": 86, "Plan Width": 51, "Actual Startup Time": 412.226, "Actual Total Time": 412.226, "Actual Rows": 4, "Actual Loops": 1, "Sort Key": ["i1.i_product_name"], "Sort Method": "quicksort", "Sort Space Used": 25, "Sort Space Type": "Memory", "Plans": [{"Node Type": "Seq Scan", "Parent Relationship": "Outer", "Parallel Aware": false, "Async Capable": false, "Relation Name": "item", "Alias": "i1", "Startup Cost": 0.0, "Total Cost": 70903824.0, "Plan Rows": 86, "Plan Width": 51, "Actual Startup Time": 56.991, "Actual Total Time": 412.185, "Actual Rows": 4, "Actual Loops": 1, "Filter": "((i_manufact_id >= 738) AND (i_manufact_id <= 778) AND ((SubPlan 1) > 0))", "Rows Removed by Filter": 17996, "Plans": [{"Node Type": "Aggregate", "Strategy": "Plain", "Partial Mode": "Simple", "Parent Relationship": "SubPlan", "Subplan Name": "SubPlan 1", "Parallel Aware": false, "Async Capable": false, "Startup Cost": 3939.0, "Total Cost": 3939.01, "Plan Rows": 1, "Plan Width": 8, "Actual Startup Time": 1.72, "Actual Total Time": 1.72, "Actual Rows": 1, "Actual Loops": 239, "Plans": [{"Node Type": "Seq Scan", "Parent Relationship": "Outer", "Parallel Aware": false, "Async Capable": false, "Relation Name": "item", "Alias": "item", "Startup Cost": 0.0, "Total Cost": 3939.0, "Plan Rows": 1, "Plan Width": 0, "Actual Startup Time": 1.709, "Actual Total Time": 1.719, "Actual Rows": 0, "Actual Loops": 239, "Filter": "((i_manufact = i1.i_manufact) AND (((i_category = 'Women'::bpchar) AND ((i_color = 'powder'::bpchar) OR (i_color = 'khaki'::bpchar)) AND ((i_units = 'Ounce'::bpchar) OR (i_units = 'Oz'::bpchar)) AND ((i_size = 'medium'::bpchar) OR (i_size = 'extra large'::bpchar))) OR ((i_category = 'Women'::bpchar) AND ((i_color = 'brown'::bpchar) OR (i_color = 'honeydew'::bpchar)) AND ((i_units = 'Bunch'::bpchar) OR (i_units = 'Ton'::bpchar)) AND ((i_size = 'N/A'::bpchar) OR (i_size = 'small'::bpchar))) OR ((i_category = 'Men'::bpchar) AND ((i_color = 'floral'::bpchar) OR (i_color = 'deep'::bpchar)) AND ((i_units = 'N/A'::bpchar) OR (i_units = 'Dozen'::bpchar)) AND (i_size = 'petite'::bpchar)) OR ((i_category = 'Men'::bpchar) AND ((i_color = 'light'::bpchar) OR (i_color = 'cornflower'::bpchar)) AND ((i_units = 'Box'::bpchar) OR (i_units = 'Pound'::bpchar)) AND ((i_size = 'medium'::bpchar) OR (i_size = 'extra large'::bpchar))) OR ((i_category = 'Women'::bpchar) AND ((i_color = 'midnight'::bpchar) OR (i_color = 'snow'::bpchar)) AND ((i_units = 'Pallet'::bpchar) OR (i_units = 'Gross'::bpchar)) AND ((i_size = 'medium'::bpchar) OR (i_size = 'extra large'::bpchar))) OR ((i_category = 'Women'::bpchar) AND ((i_color = 'cyan'::bpchar) OR (i_color = 'papaya'::bpchar)) AND ((i_units = 'Cup'::bpchar) OR (i_units = 'Dram'::bpchar)) AND ((i_size = 'N/A'::bpchar) OR (i_size = 'small'::bpchar))) OR ((i_category = 'Men'::bpchar) AND ((i_color = 'orange'::bpchar) OR (i_color = 'frosted'::bpchar)) AND ((i_units = 'Each'::bpchar) OR (i_units = 'Tbl'::bpchar)) AND (i_size = 'petite'::bpchar)) OR ((i_category = 'Men'::bpchar) AND ((i_color = 'forest'::bpchar) OR (i_color = 'ghost'::bpchar)) AND ((i_units = 'Lb'::bpchar) OR (i_units = 'Bundle'::bpchar)) AND ((i_size = 'medium'::bpchar) OR (i_size = 'extra large'::bpchar)))))", "Rows Removed by Filter": 18000}]}]}]}]}]}, "Planning Time": 0.29, "Triggers": [], "Execution Time": 412.279}