{"Plan": {"Node Type": "Limit", "Parallel Aware": false, "Async Capable": false, "Startup Cost": 64048.27, "Total Cost": 64048.33, "Plan Rows": 21, "Plan Width": 91, "Actual Startup Time": 64.964, "Actual Total Time": 70.443, "Actual Rows": 10, "Actual Loops": 1, "Plans": [{"Node Type": "Sort", "Parent Relationship": "Outer", "Parallel Aware": false, "Async Capable": false, "Startup Cost": 64048.27, "Total Cost": 64048.33, "Plan Rows": 21, "Plan Width": 91, "Actual Startup Time": 64.962, "Actual Total Time": 70.441, "Actual Rows": 10, "Actual Loops": 1, "Sort Key": ["(sum(store_sales.ss_ext_sales_price)) DESC", "item.i_category_id", "item.i_category"], "Sort Method": "quicksort", "Sort Space Used": 26, "Sort Space Type": "Memory", "Plans": [{"Node Type": "Aggregate", "Strategy": "Sorted", "Partial Mode": "Simple", "Parent Relationship": "Outer", "Parallel Aware": false, "Async Capable": false, "Startup Cost": 64047.34, "Total Cost": 64047.81, "Plan Rows": 21, "Plan Width": 91, "Actual Startup Time": 64.821, "Actual Total Time": 70.421, "Actual Rows": 10, "Actual Loops": 1, "Group Key": ["item.i_category_id", "item.i_category"], "Plans": [{"Node Type": "Sort", "Parent Relationship": "Outer", "Parallel Aware": false, "Async Capable": false, "Startup Cost": 64047.34, "Total Cost": 64047.39, "Plan Rows": 21, "Plan Width": 65, "Actual Startup Time": 64.792, "Actual Total Time": 70.3, "Actual Rows": 1503, "Actual Loops": 1, "Sort Key": ["item.i_category_id", "item.i_category"], "Sort Method": "quicksort", "Sort Space Used": 189, "Sort Space Type": "Memory", "Plans": [{"Node Type": "Gather", "Parent Relationship": "Outer", "Parallel Aware": false, "Async Capable": false, "Startup Cost": 3069.06, "Total Cost": 64046.88, "Plan Rows": 21, "Plan Width": 65, "Actual Startup Time": 2.879, "Actual Total Time": 70.045, "Actual Rows": 1503, "Actual Loops": 1, "Workers Planned": 4, "Workers Launched": 4, "Single Copy": false, "Plans": [{"Node Type": "Nested Loop", "Parent Relationship": "Outer", "Parallel Aware": false, "Async Capable": false, "Join Type": "Inner", "Startup Cost": 2069.06, "Total Cost": 63044.78, "Plan Rows": 5, "Plan Width": 65, "Actual Startup Time": 1.459, "Actual Total Time": 62.985, "Actual Rows": 301, "Actual Loops": 5, "Inner Unique": true, "Workers": [], "Plans": [{"Node Type": "Hash Join", "Parent Relationship": "Outer", "Parallel Aware": true, "Async Capable": false, "Join Type": "Inner", "Startup Cost": 2068.78, "Total Cost": 62953.21, "Plan Rows": 296, "Plan Width": 14, "Actual Startup Time": 1.106, "Actual Total Time": 50.084, "Actual Rows": 17736, "Actual Loops": 5, "Inner Unique": true, "Hash Cond": "(store_sales.ss_sold_date_sk = dt.d_date_sk)", "Workers": [], "Plans": [{"Node Type": "Seq Scan", "Parent Relationship": "Outer", "Parallel Aware": true, "Async Capable": false, "Relation Name": "store_sales", "Alias": "store_sales", "Startup Cost": 0.0, "Total Cost": 58993.85, "Plan Rows": 720185, "Plan Width": 14, "Actual Startup Time": 0.006, "Actual Total Time": 24.77, "Actual Rows": 576081, "Actual Loops": 5, "Workers": []}, {"Node Type": "Hash", "Parent Relationship": "Inner", "Parallel Aware": true, "Async Capable": false, "Startup Cost": 2068.55, "Total Cost": 2068.55, "Plan Rows": 18, "Plan Width": 8, "Actual Startup Time": 1.009, "Actual Total Time": 1.01, "Actual Rows": 6, "Actual Loops": 5, "Hash Buckets": 1024, "Original Hash Buckets": 1024, "Hash Batches": 1, "Original Hash Batches": 1, "Peak Memory Usage": 40, "Workers": [], "Plans": [{"Node Type": "Seq Scan", "Parent Relationship": "Outer", "Parallel Aware": true, "Async Capable": false, "Relation Name": "date_dim", "Alias": "dt", "Startup Cost": 0.0, "Total Cost": 2068.55, "Plan Rows": 18, "Plan Width": 8, "Actual Startup Time": 0.887, "Actual Total Time": 0.997, "Actual Rows": 6, "Actual Loops": 5, "Filter": "((d_moy = 11) AND (d_year = 2000))", "Rows Removed by Filter": 14604, "Workers": []}]}]}, {"Node Type": "Index Scan", "Parent Relationship": "Inner", "Parallel Aware": false, "Async Capable": false, "Scan Direction": "Forward", "Index Name": "item_pkey", "Relation Name": "item", "Alias": "item", "Startup Cost": 0.29, "Total Cost": 0.31, "Plan Rows": 1, "Plan Width": 59, "Actual Startup Time": 0.001, "Actual Total Time": 0.001, "Actual Rows": 0, "Actual Loops": 88679, "Index Cond": "(i_item_sk = store_sales.ss_item_sk)", "Rows Removed by Index Recheck": 0, "Filter": "(i_manager_id = 1)", "Rows Removed by Filter": 1, "Workers": []}]}]}]}]}]}]}, "Planning Time": 0.392, "Triggers": [], "Execution Time": 70.496}