{"Plan": {"Node Type": "Limit", "Parallel Aware": false, "Async Capable": false, "Startup Cost": 63117.96, "Total Cost": 63118.0, "Plan Rows": 2, "Plan Width": 410, "Actual Startup Time": 196.26, "Actual Total Time": 196.316, "Actual Rows": 6, "Actual Loops": 1, "Plans": [{"Node Type": "Incremental Sort", "Parent Relationship": "Outer", "Parallel Aware": false, "Async Capable": false, "Startup Cost": 63117.96, "Total Cost": 63118.0, "Plan Rows": 2, "Plan Width": 410, "Actual Startup Time": 196.259, "Actual Total Time": 196.314, "Actual Rows": 6, "Actual Loops": 1, "Sort Key": ["store.s_store_name", "store.s_store_id", "(sum(CASE WHEN (date_dim.d_day_name = 'Sunday'::bpchar) THEN store_sales.ss_sales_price ELSE NULL::numeric END))", "(sum(CASE WHEN (date_dim.d_day_name = 'Monday'::bpchar) THEN store_sales.ss_sales_price ELSE NULL::numeric END))", "(sum(CASE WHEN (date_dim.d_day_name = 'Tuesday'::bpchar) THEN store_sales.ss_sales_price ELSE NULL::numeric END))", "(sum(CASE WHEN (date_dim.d_day_name = 'Wednesday'::bpchar) THEN store_sales.ss_sales_price ELSE NULL::numeric END))", "(sum(CASE WHEN (date_dim.d_day_name = 'Thursday'::bpchar) THEN store_sales.ss_sales_price ELSE NULL::numeric END))", "(sum(CASE WHEN (date_dim.d_day_name = 'Friday'::bpchar) THEN store_sales.ss_sales_price ELSE NULL::numeric END))", "(sum(CASE WHEN (date_dim.d_day_name = 'Saturday'::bpchar) THEN store_sales.ss_sales_price ELSE NULL::numeric END))"], "Presorted Key": ["store.s_store_name", "store.s_store_id"], "Full-sort Groups": {"Group Count": 1, "Sort Methods Used": ["quicksort"], "Sort Space Memory": {"Average Sort Space Used": 25, "Peak Sort Space Used": 25}}, "Plans": [{"Node Type": "Aggregate", "Strategy": "Sorted", "Partial Mode": "Finalize", "Parent Relationship": "Outer", "Parallel Aware": false, "Async Capable": false, "Startup Cost": 63113.47, "Total Cost": 63117.95, "Plan Rows": 1, "Plan Width": 410, "Actual Startup Time": 181.325, "Actual Total Time": 196.301, "Actual Rows": 6, "Actual Loops": 1, "Group Key": ["store.s_store_name", "store.s_store_id"], "Plans": [{"Node Type": "Gather Merge", "Parent Relationship": "Outer", "Parallel Aware": false, "Async Capable": false, "Startup Cost": 63113.47, "Total Cost": 63117.76, "Plan Rows": 4, "Plan Width": 410, "Actual Startup Time": 177.858, "Actual Total Time": 196.254, "Actual Rows": 30, "Actual Loops": 1, "Workers Planned": 4, "Workers Launched": 4, "Plans": [{"Node Type": "Aggregate", "Strategy": "Sorted", "Partial Mode": "Partial", "Parent Relationship": "Outer", "Parallel Aware": false, "Async Capable": false, "Startup Cost": 62113.42, "Total Cost": 62117.23, "Plan Rows": 1, "Plan Width": 410, "Actual Startup Time": 158.01, "Actual Total Time": 175.835, "Actual Rows": 6, "Actual Loops": 5, "Group Key": ["store.s_store_name", "store.s_store_id"], "Workers": [], "Plans": [{"Node Type": "Sort", "Parent Relationship": "Outer", "Parallel Aware": false, "Async Capable": false, "Startup Cost": 62113.42, "Total Cost": 62113.64, "Plan Rows": 89, "Plan Width": 202, "Actual Startup Time": 154.47, "Actual Total Time": 158.981, "Actual Rows": 108151, "Actual Loops": 5, "Sort Key": ["store.s_store_name", "store.s_store_id"], "Sort Method": "external merge", "Sort Space Used": 5224, "Sort Space Type": "Disk", "Workers": [{"Worker Number": 0, "Sort Method": "external merge", "Sort Space Used": 5088, "Sort Space Type": "Disk"}, {"Worker Number": 1, "Sort Method": "external merge", "Sort Space Used": 5192, "Sort Space Type": "Disk"}, {"Worker Number": 2, "Sort Method": "external merge", "Sort Space Used": 5224, "Sort Space Type": "Disk"}, {"Worker Number": 3, "Sort Method": "external merge", "Sort Space Used": 5136, "Sort Space Type": "Disk"}], "Plans": [{"Node Type": "Nested Loop", "Parent Relationship": "Outer", "Parallel Aware": false, "Async Capable": false, "Join Type": "Inner", "Startup Cost": 10.81, "Total Cost": 62110.54, "Plan Rows": 89, "Plan Width": 202, "Actual Startup Time": 0.047, "Actual Total Time": 139.049, "Actual Rows": 108151, "Actual Loops": 5, "Inner Unique": true, "Workers": [], "Plans": [{"Node Type": "Hash Join", "Parent Relationship": "Outer", "Parallel Aware": false, "Async Capable": false, "Join Type": "Inner", "Startup Cost": 10.51, "Total Cost": 61086.35, "Plan Rows": 18004, "Plan Width": 196, "Actual Startup Time": 0.021, "Actual Total Time": 76.684, "Actual Rows": 550074, "Actual Loops": 5, "Inner Unique": true, "Hash Cond": "(store_sales.ss_store_sk = store.s_store_sk)", "Workers": [], "Plans": [{"Node Type": "Seq Scan", "Parent Relationship": "Outer", "Parallel Aware": true, "Async Capable": false, "Relation Name": "store_sales", "Alias": "store_sales", "Startup Cost": 0.0, "Total Cost": 58993.85, "Plan Rows": 720185, "Plan Width": 14, "Actual Startup Time": 0.004, "Actual Total Time": 25.657, "Actual Rows": 576081, "Actual Loops": 5, "Workers": []}, {"Node Type": "Hash", "Parent Relationship": "Inner", "Parallel Aware": false, "Async Capable": false, "Startup Cost": 10.5, "Total Cost": 10.5, "Plan Rows": 1, "Plan Width": 190, "Actual Startup Time": 0.01, "Actual Total Time": 0.011, "Actual Rows": 12, "Actual Loops": 5, "Hash Buckets": 1024, "Original Hash Buckets": 1024, "Hash Batches": 1, "Original Hash Batches": 1, "Peak Memory Usage": 9, "Workers": [], "Plans": [{"Node Type": "Seq Scan", "Parent Relationship": "Outer", "Parallel Aware": false, "Async Capable": false, "Relation Name": "store", "Alias": "store", "Startup Cost": 0.0, "Total Cost": 10.5, "Plan Rows": 1, "Plan Width": 190, "Actual Startup Time": 0.005, "Actual Total Time": 0.007, "Actual Rows": 12, "Actual Loops": 5, "Filter": "(s_gmt_offset = '-5'::numeric)", "Rows Removed by Filter": 0, "Workers": []}]}]}, {"Node Type": "Memoize", "Parent Relationship": "Inner", "Parallel Aware": false, "Async Capable": false, "Startup Cost": 0.3, "Total Cost": 0.32, "Plan Rows": 1, "Plan Width": 14, "Actual Startup Time": 0.0, "Actual Total Time": 0.0, "Actual Rows": 0, "Actual Loops": 2750370, "Cache Key": "store_sales.ss_sold_date_sk", "Cache Mode": "logical", "Cache Hits": 552053, "Cache Misses": 1824, "Cache Evictions": 0, "Cache Overflows": 0, "Peak Memory Usage": 139, "Workers": [{"Worker Number": 0, "Cache Hits": 546761, "Cache Misses": 1824, "Cache Evictions": 0, "Cache Overflows": 0, "Peak Memory Usage": 139}, {"Worker Number": 1, "Cache Hits": 545876, "Cache Misses": 1824, "Cache Evictions": 0, "Cache Overflows": 0, "Peak Memory Usage": 139}, {"Worker Number": 2, "Cache Hits": 548198, "Cache Misses": 1824, "Cache Evictions": 0, "Cache Overflows": 0, "Peak Memory Usage": 139}, {"Worker Number": 3, "Cache Hits": 548362, "Cache Misses": 1824, "Cache Evictions": 0, "Cache Overflows": 0, "Peak Memory Usage": 139}], "Plans": [{"Node Type": "Index Scan", "Parent Relationship": "Outer", "Parallel Aware": false, "Async Capable": false, "Scan Direction": "Forward", "Index Name": "date_dim_pkey", "Relation Name": "date_dim", "Alias": "date_dim", "Startup Cost": 0.29, "Total Cost": 0.31, "Plan Rows": 1, "Plan Width": 14, "Actual Startup Time": 0.001, "Actual Total Time": 0.001, "Actual Rows": 0, "Actual Loops": 9120, "Index Cond": "(d_date_sk = store_sales.ss_sold_date_sk)", "Rows Removed by Index Recheck": 0, "Filter": "(d_year = 2000)", "Rows Removed by Filter": 1, "Workers": []}]}]}]}]}]}]}]}]}, "Planning Time": 0.405, "Triggers": [], "Execution Time": 196.882}