{"Plan": {"Node Type": "Limit", "Parallel Aware": false, "Async Capable": false, "Startup Cost": 25170.86, "Total Cost": 25184.69, "Plan Rows": 100, "Plan Width": 52, "Actual Startup Time": 36.317, "Actual Total Time": 39.803, "Actual Rows": 19, "Actual Loops": 1, "Plans": [{"Node Type": "Aggregate", "Strategy": "Sorted", "Partial Mode": "Simple", "Parent Relationship": "Outer", "Parallel Aware": false, "Async Capable": false, "Startup Cost": 25170.86, "Total Cost": 25235.58, "Plan Rows": 468, "Plan Width": 52, "Actual Startup Time": 36.316, "Actual Total Time": 39.801, "Actual Rows": 19, "Actual Loops": 1, "Group Key": ["customer_address.ca_zip", "customer_address.ca_city"], "Plans": [{"Node Type": "Gather Merge", "Parent Relationship": "Outer", "Parallel Aware": false, "Async Capable": false, "Startup Cost": 25170.86, "Total Cost": 25226.22, "Plan Rows": 468, "Plan Width": 26, "Actual Startup Time": 36.302, "Actual Total Time": 39.783, "Actual Rows": 19, "Actual Loops": 1, "Workers Planned": 3, "Workers Launched": 3, "Plans": [{"Node Type": "Sort", "Parent Relationship": "Outer", "Parallel Aware": false, "Async Capable": false, "Startup Cost": 24170.82, "Total Cost": 24171.19, "Plan Rows": 151, "Plan Width": 26, "Actual Startup Time": 34.834, "Actual Total Time": 34.837, "Actual Rows": 5, "Actual Loops": 4, "Sort Key": ["customer_address.ca_zip", "customer_address.ca_city"], "Sort Method": "quicksort", "Sort Space Used": 25, "Sort Space Type": "Memory", "Workers": [{"Worker Number": 0, "Sort Method": "quicksort", "Sort Space Used": 25, "Sort Space Type": "Memory"}, {"Worker Number": 1, "Sort Method": "quicksort", "Sort Space Used": 25, "Sort Space Type": "Memory"}, {"Worker Number": 2, "Sort Method": "quicksort", "Sort Space Used": 25, "Sort Space Type": "Memory"}], "Plans": [{"Node Type": "Nested Loop", "Parent Relationship": "Outer", "Parallel Aware": false, "Async Capable": false, "Join Type": "Inner", "Startup Cost": 2117.39, "Total Cost": 24165.35, "Plan Rows": 151, "Plan Width": 26, "Actual Startup Time": 10.662, "Actual Total Time": 34.817, "Actual Rows": 5, "Actual Loops": 4, "Inner Unique": true, "Join Filter": "((\"substring\"((customer_address.ca_zip)::text, 1, 5) = ANY ('{85669,86197,88274,83405,86475,85392,85460,80348,81792}'::text[])) OR (hashed SubPlan 1))", "Rows Removed by Join Filter": 5336, "Workers": [], "Plans": [{"Node Type": "Nested Loop", "Parent Relationship": "Outer", "Parallel Aware": false, "Async Capable": false, "Join Type": "Inner", "Startup Cost": 2069.81, "Total Cost": 24021.26, "Plan Rows": 289, "Plan Width": 30, "Actual Startup Time": 1.472, "Actual Total Time": 29.781, "Actual Rows": 5340, "Actual Loops": 4, "Inner Unique": true, "Workers": [], "Plans": [{"Node Type": "Nested Loop", "Parent Relationship": "Outer", "Parallel Aware": false, "Async Capable": false, "Join Type": "Inner", "Startup Cost": 2069.52, "Total Cost": 23917.66, "Plan Rows": 289, "Plan Width": 14, "Actual Startup Time": 1.458, "Actual Total Time": 26.729, "Actual Rows": 5340, "Actual Loops": 4, "Inner Unique": true, "Workers": [], "Plans": [{"Node Type": "Hash Join", "Parent Relationship": "Outer", "Parallel Aware": true, "Async Capable": false, "Join Type": "Inner", "Startup Cost": 2069.23, "Total Cost": 23823.01, "Plan Rows": 289, "Plan Width": 14, "Actual Startup Time": 1.441, "Actual Total Time": 23.199, "Actual Rows": 5341, "Actual Loops": 4, "Inner Unique": true, "Hash Cond": "(web_sales.ws_sold_date_sk = date_dim.d_date_sk)", "Workers": [], "Plans": [{"Node Type": "Seq Scan", "Parent Relationship": "Outer", "Parallel Aware": true, "Async Capable": false, "Relation Name": "web_sales", "Alias": "web_sales", "Startup Cost": 0.0, "Total Cost": 21144.59, "Plan Rows": 232059, "Plan Width": 18, "Actual Startup Time": 0.003, "Actual Total Time": 10.379, "Actual Rows": 179846, "Actual Loops": 4, "Workers": []}, {"Node Type": "Hash", "Parent Relationship": "Inner", "Parallel Aware": true, "Async Capable": false, "Startup Cost": 2068.55, "Total Cost": 2068.55, "Plan Rows": 54, "Plan Width": 4, "Actual Startup Time": 1.324, "Actual Total Time": 1.324, "Actual Rows": 23, "Actual Loops": 4, "Hash Buckets": 1024, "Original Hash Buckets": 1024, "Hash Batches": 1, "Original Hash Batches": 1, "Peak Memory Usage": 72, "Workers": [], "Plans": [{"Node Type": "Seq Scan", "Parent Relationship": "Outer", "Parallel Aware": true, "Async Capable": false, "Relation Name": "date_dim", "Alias": "date_dim", "Startup Cost": 0.0, "Total Cost": 2068.55, "Plan Rows": 54, "Plan Width": 4, "Actual Startup Time": 0.976, "Actual Total Time": 1.305, "Actual Rows": 23, "Actual Loops": 4, "Filter": "((d_qoy = 2) AND (d_year = 2001))", "Rows Removed by Filter": 18240, "Workers": []}]}]}, {"Node Type": "Index Scan", "Parent Relationship": "Inner", "Parallel Aware": false, "Async Capable": false, "Scan Direction": "Forward", "Index Name": "customer_pkey", "Relation Name": "customer", "Alias": "customer", "Startup Cost": 0.29, "Total Cost": 0.33, "Plan Rows": 1, "Plan Width": 8, "Actual Startup Time": 0.001, "Actual Total Time": 0.001, "Actual Rows": 1, "Actual Loops": 21363, "Index Cond": "(c_customer_sk = web_sales.ws_bill_customer_sk)", "Rows Removed by Index Recheck": 0, "Workers": []}]}, {"Node Type": "Index Scan", "Parent Relationship": "Inner", "Parallel Aware": false, "Async Capable": false, "Scan Direction": "Forward", "Index Name": "customer_address_pkey", "Relation Name": "customer_address", "Alias": "customer_address", "Startup Cost": 0.29, "Total Cost": 0.36, "Plan Rows": 1, "Plan Width": 24, "Actual Startup Time": 0.0, "Actual Total Time": 0.0, "Actual Rows": 1, "Actual Loops": 21362, "Index Cond": "(ca_address_sk = customer.c_current_addr_sk)", "Rows Removed by Index Recheck": 0, "Workers": []}]}, {"Node Type": "Index Scan", "Parent Relationship": "Inner", "Parallel Aware": false, "Async Capable": false, "Scan Direction": "Forward", "Index Name": "item_pkey", "Relation Name": "item", "Alias": "item", "Startup Cost": 0.29, "Total Cost": 0.31, "Plan Rows": 1, "Plan Width": 21, "Actual Startup Time": 0.001, "Actual Total Time": 0.001, "Actual Rows": 1, "Actual Loops": 21362, "Index Cond": "(i_item_sk = web_sales.ws_item_sk)", "Rows Removed by Index Recheck": 0, "Workers": []}, {"Node Type": "Index Scan", "Parent Relationship": "SubPlan", "Subplan Name": "SubPlan 1", "Parallel Aware": false, "Async Capable": false, "Scan Direction": "Forward", "Index Name": "item_pkey", "Relation Name": "item", "Alias": "item_1", "Startup Cost": 0.29, "Total Cost": 47.25, "Plan Rows": 10, "Plan Width": 17, "Actual Startup Time": 0.008, "Actual Total Time": 0.014, "Actual Rows": 10, "Actual Loops": 4, "Index Cond": "(i_item_sk = ANY ('{2,3,5,7,11,13,17,19,23,29}'::integer[]))", "Rows Removed by Index Recheck": 0, "Workers": []}]}]}]}]}]}, "Planning Time": 0.811, "Triggers": [], "Execution Time": 39.877}