{"Plan": {"Node Type": "Limit", "Parallel Aware": false, "Async Capable": false, "Startup Cost": 71165.46, "Total Cost": 71165.47, "Plan Rows": 1, "Plan Width": 812, "Actual Startup Time": 677.141, "Actual Total Time": 677.293, "Actual Rows": 100, "Actual Loops": 1, "Plans": [{"Node Type": "WindowAgg", "Parent Relationship": "InitPlan", "Subplan Name": "CTE v1", "Parallel Aware": false, "Async Capable": false, "Startup Cost": 65831.71, "Total Cost": 69205.19, "Plan Rows": 16681, "Plan Width": 418, "Actual Startup Time": 320.354, "Actual Total Time": 579.279, "Actual Rows": 65298, "Actual Loops": 1, "Plans": [{"Node Type": "WindowAgg", "Parent Relationship": "Outer", "Parallel Aware": false, "Async Capable": false, "Startup Cost": 65831.71, "Total Cost": 68788.16, "Plan Rows": 16681, "Plan Width": 386, "Actual Startup Time": 320.341, "Actual Total Time": 556.304, "Actual Rows": 65298, "Actual Loops": 1, "Plans": [{"Node Type": "Aggregate", "Strategy": "Sorted", "Partial Mode": "Simple", "Parent Relationship": "Outer", "Parallel Aware": false, "Async Capable": false, "Startup Cost": 65831.71, "Total Cost": 68329.44, "Plan Rows": 16681, "Plan Width": 378, "Actual Startup Time": 320.337, "Actual Total Time": 534.667, "Actual Rows": 65298, "Actual Loops": 1, "Group Key": ["item.i_category", "item.i_brand", "store.s_store_name", "store.s_company_name", "date_dim.d_year", "date_dim.d_moy"], "Plans": [{"Node Type": "Gather Merge", "Parent Relationship": "Outer", "Parallel Aware": false, "Async Capable": false, "Startup Cost": 65831.71, "Total Cost": 67829.01, "Plan Rows": 16681, "Plan Width": 352, "Actual Startup Time": 320.319, "Actual Total Time": 450.056, "Actual Rows": 654290, "Actual Loops": 1, "Workers Planned": 4, "Workers Launched": 4, "Plans": [{"Node Type": "Sort", "Parent Relationship": "Outer", "Parallel Aware": false, "Async Capable": false, "Startup Cost": 64831.66, "Total Cost": 64842.08, "Plan Rows": 4170, "Plan Width": 352, "Actual Startup Time": 316.593, "Actual Total Time": 346.517, "Actual Rows": 130858, "Actual Loops": 5, "Sort Key": ["item.i_category", "item.i_brand", "store.s_store_name", "store.s_company_name", "date_dim.d_year", "date_dim.d_moy"], "Sort Method": "external merge", "Sort Space Used": 18144, "Sort Space Type": "Disk", "Workers": [{"Worker Number": 0, "Sort Method": "external merge", "Sort Space Used": 18136, "Sort Space Type": "Disk"}, {"Worker Number": 1, "Sort Method": "external merge", "Sort Space Used": 17976, "Sort Space Type": "Disk"}, {"Worker Number": 2, "Sort Method": "external merge", "Sort Space Used": 17944, "Sort Space Type": "Disk"}, {"Worker Number": 3, "Sort Method": "external merge", "Sort Space Used": 17840, "Sort Space Type": "Disk"}], "Plans": [{"Node Type": "Hash Join", "Parent Relationship": "Outer", "Parallel Aware": false, "Async Capable": false, "Join Type": "Inner", "Startup Cost": 2405.12, "Total Cost": 64580.92, "Plan Rows": 4170, "Plan Width": 352, "Actual Startup Time": 1.246, "Actual Total Time": 155.864, "Actual Rows": 130858, "Actual Loops": 5, "Inner Unique": true, "Hash Cond": "(store_sales.ss_store_sk = store.s_store_sk)", "Workers": [], "Plans": [{"Node Type": "Nested Loop", "Parent Relationship": "Outer", "Parallel Aware": false, "Async Capable": false, "Join Type": "Inner", "Startup Cost": 2394.22, "Total Cost": 64557.96, "Plan Rows": 4170, "Plan Width": 120, "Actual Startup Time": 1.214, "Actual Total Time": 145.354, "Actual Rows": 134021, "Actual Loops": 5, "Inner Unique": true, "Workers": [], "Plans": [{"Node Type": "Hash Join", "Parent Relationship": "Outer", "Parallel Aware": true, "Async Capable": false, "Join Type": "Inner", "Startup Cost": 2393.94, "Total Cost": 63278.37, "Plan Rows": 4170, "Plan Width": 22, "Actual Startup Time": 1.192, "Actual Total Time": 62.364, "Actual Rows": 134021, "Actual Loops": 5, "Inner Unique": true, "Hash Cond": "(store_sales.ss_sold_date_sk = date_dim.d_date_sk)", "Workers": [], "Plans": [{"Node Type": "Seq Scan", "Parent Relationship": "Outer", "Parallel Aware": true, "Async Capable": false, "Relation Name": "store_sales", "Alias": "store_sales", "Startup Cost": 0.0, "Total Cost": 58993.85, "Plan Rows": 720185, "Plan Width": 18, "Actual Startup Time": 0.006, "Actual Total Time": 25.828, "Actual Rows": 576081, "Actual Loops": 5, "Workers": []}, {"Node Type": "Hash", "Parent Relationship": "Inner", "Parallel Aware": true, "Async Capable": false, "Startup Cost": 2390.82, "Total Cost": 2390.82, "Plan Rows": 249, "Plan Width": 12, "Actual Startup Time": 1.137, "Actual Total Time": 1.138, "Actual Rows": 85, "Actual Loops": 5, "Hash Buckets": 1024, "Original Hash Buckets": 1024, "Hash Batches": 1, "Original Hash Batches": 1, "Peak Memory Usage": 104, "Workers": [], "Plans": [{"Node Type": "Seq Scan", "Parent Relationship": "Outer", "Parallel Aware": true, "Async Capable": false, "Relation Name": "date_dim", "Alias": "date_dim", "Startup Cost": 0.0, "Total Cost": 2390.82, "Plan Rows": 249, "Plan Width": 12, "Actual Startup Time": 0.742, "Actual Total Time": 1.11, "Actual Rows": 85, "Actual Loops": 5, "Filter": "((d_year = 1999) OR ((d_year = 1998) AND (d_moy = 12)) OR ((d_year = 2000) AND (d_moy = 1)))", "Rows Removed by Filter": 14524, "Workers": []}]}]}, {"Node Type": "Index Scan", "Parent Relationship": "Inner", "Parallel Aware": false, "Async Capable": false, "Scan Direction": "Forward", "Index Name": "item_pkey", "Relation Name": "item", "Alias": "item", "Startup Cost": 0.29, "Total Cost": 0.31, "Plan Rows": 1, "Plan Width": 106, "Actual Startup Time": 0.0, "Actual Total Time": 0.0, "Actual Rows": 1, "Actual Loops": 670105, "Index Cond": "(i_item_sk = store_sales.ss_item_sk)", "Rows Removed by Index Recheck": 0, "Workers": []}]}, {"Node Type": "Hash", "Parent Relationship": "Inner", "Parallel Aware": false, "Async Capable": false, "Startup Cost": 10.4, "Total Cost": 10.4, "Plan Rows": 40, "Plan Width": 240, "Actual Startup Time": 0.009, "Actual Total Time": 0.009, "Actual Rows": 12, "Actual Loops": 5, "Hash Buckets": 1024, "Original Hash Buckets": 1024, "Hash Batches": 1, "Original Hash Batches": 1, "Peak Memory Usage": 9, "Workers": [], "Plans": [{"Node Type": "Seq Scan", "Parent Relationship": "Outer", "Parallel Aware": false, "Async Capable": false, "Relation Name": "store", "Alias": "store", "Startup Cost": 0.0, "Total Cost": 10.4, "Plan Rows": 40, "Plan Width": 240, "Actual Startup Time": 0.004, "Actual Total Time": 0.006, "Actual Rows": 12, "Actual Loops": 5, "Workers": []}]}]}]}]}]}]}]}, {"Node Type": "Sort", "Parent Relationship": "Outer", "Parallel Aware": false, "Async Capable": false, "Startup Cost": 1960.28, "Total Cost": 1960.28, "Plan Rows": 1, "Plan Width": 812, "Actual Startup Time": 677.139, "Actual Total Time": 677.143, "Actual Rows": 100, "Actual Loops": 1, "Sort Key": ["((v1.sum_sales - v1.avg_monthly_sales))", "v1.i_category", "v1.i_brand", "v1.s_store_name", "v1.s_company_name", "v1.d_moy", "v1.avg_monthly_sales", "v1.sum_sales", "v1_lag.sum_sales", "v1_lead.sum_sales"], "Sort Method": "top-N heapsort", "Sort Space Used": 68, "Sort Space Type": "Memory", "Plans": [{"Node Type": "Hash Join", "Parent Relationship": "Outer", "Parallel Aware": false, "Async Capable": false, "Join Type": "Inner", "Startup Cost": 1293.01, "Total Cost": 1960.27, "Plan Rows": 1, "Plan Width": 812, "Actual Startup Time": 649.93, "Actual Total Time": 670.848, "Actual Rows": 48886, "Actual Loops": 1, "Inner Unique": false, "Hash Cond": "((v1_lead.i_category = v1.i_category) AND (v1_lead.i_brand = v1.i_brand) AND ((v1_lead.s_store_name)::text = (v1.s_store_name)::text) AND ((v1_lead.s_company_name)::text = (v1.s_company_name)::text) AND ((v1_lead.rn - 1) = v1.rn))", "Plans": [{"Node Type": "CTE Scan", "Parent Relationship": "Outer", "Parallel Aware": false, "Async Capable": false, "CTE Name": "v1", "Alias": "v1_lead", "Startup Cost": 0.0, "Total Cost": 333.62, "Plan Rows": 16681, "Plan Width": 684, "Actual Startup Time": 320.355, "Actual Total Time": 323.376, "Actual Rows": 65298, "Actual Loops": 1}, {"Node Type": "Hash", "Parent Relationship": "Inner", "Parallel Aware": false, "Async Capable": false, "Startup Cost": 1292.99, "Total Cost": 1292.99, "Plan Rows": 1, "Plan Width": 1408, "Actual Startup Time": 329.557, "Actual Total Time": 329.558, "Actual Rows": 49564, "Actual Loops": 1, "Hash Buckets": 65536, "Original Hash Buckets": 1024, "Hash Batches": 1, "Original Hash Batches": 1, "Peak Memory Usage": 15994, "Plans": [{"Node Type": "Hash Join", "Parent Relationship": "Outer", "Parallel Aware": false, "Async Capable": false, "Join Type": "Inner", "Startup Cost": 625.74, "Total Cost": 1292.99, "Plan Rows": 1, "Plan Width": 1408, "Actual Startup Time": 299.169, "Actual Total Time": 319.047, "Actual Rows": 49564, "Actual Loops": 1, "Inner Unique": false, "Hash Cond": "((v1_lag.i_category = v1.i_category) AND (v1_lag.i_brand = v1.i_brand) AND ((v1_lag.s_store_name)::text = (v1.s_store_name)::text) AND ((v1_lag.s_company_name)::text = (v1.s_company_name)::text) AND ((v1_lag.rn + 1) = v1.rn))", "Plans": [{"Node Type": "CTE Scan", "Parent Relationship": "Outer", "Parallel Aware": false, "Async Capable": false, "CTE Name": "v1", "Alias": "v1_lag", "Startup Cost": 0.0, "Total Cost": 333.62, "Plan Rows": 16681, "Plan Width": 684, "Actual Startup Time": 0.001, "Actual Total Time": 3.207, "Actual Rows": 65298, "Actual Loops": 1}, {"Node Type": "Hash", "Parent Relationship": "Inner", "Parallel Aware": false, "Async Capable": false, "Startup Cost": 625.54, "Total Cost": 625.54, "Plan Rows": 9, "Plan Width": 724, "Actual Startup Time": 299.154, "Actual Total Time": 299.154, "Actual Rows": 49634, "Actual Loops": 1, "Hash Buckets": 65536, "Original Hash Buckets": 1024, "Hash Batches": 1, "Original Hash Batches": 1, "Peak Memory Usage": 9428, "Plans": [{"Node Type": "CTE Scan", "Parent Relationship": "Outer", "Parallel Aware": false, "Async Capable": false, "CTE Name": "v1", "Alias": "v1", "Startup Cost": 0.0, "Total Cost": 625.54, "Plan Rows": 9, "Plan Width": 724, "Actual Startup Time": 0.059, "Actual Total Time": 288.46, "Actual Rows": 50488, "Actual Loops": 1, "Filter": "((avg_monthly_sales > '0'::numeric) AND (d_year = 1999) AND (CASE WHEN (avg_monthly_sales > '0'::numeric) THEN (abs((sum_sales - avg_monthly_sales)) / avg_monthly_sales) ELSE NULL::numeric END > 0.1))", "Rows Removed by Filter": 14810}]}]}]}]}]}]}, "Planning Time": 0.945, "Triggers": [], "Execution Time": 679.381}