{"Plan": {"Node Type": "Limit", "Parallel Aware": false, "Async Capable": false, "Startup Cost": 30728.16, "Total Cost": 30728.17, "Plan Rows": 3, "Plan Width": 84, "Actual Startup Time": 26.246, "Actual Total Time": 27.377, "Actual Rows": 32, "Actual Loops": 1, "Plans": [{"Node Type": "Sort", "Parent Relationship": "Outer", "Parallel Aware": false, "Async Capable": false, "Startup Cost": 30728.16, "Total Cost": 30728.17, "Plan Rows": 3, "Plan Width": 84, "Actual Startup Time": 26.244, "Actual Total Time": 27.375, "Actual Rows": 32, "Actual Loops": 1, "Sort Key": ["('web'::text) NULLS FIRST", "web.return_rank NULLS FIRST", "web.currency_rank NULLS FIRST", "web.item NULLS FIRST"], "Sort Method": "quicksort", "Sort Space Used": 27, "Sort Space Type": "Memory", "Plans": [{"Node Type": "Aggregate", "Strategy": "Hashed", "Partial Mode": "Simple", "Parent Relationship": "Outer", "Parallel Aware": false, "Async Capable": false, "Startup Cost": 30728.11, "Total Cost": 30728.14, "Plan Rows": 3, "Plan Width": 84, "Actual Startup Time": 26.211, "Actual Total Time": 27.343, "Actual Rows": 32, "Actual Loops": 1, "Group Key": ["('web'::text)", "web.item", "web.return_ratio", "web.return_rank", "web.currency_rank"], "Planned Partitions": 0, "HashAgg Batches": 1, "Peak Memory Usage": 32, "Disk Usage": 0, "Plans": [{"Node Type": "Append", "Parent Relationship": "Outer", "Parallel Aware": false, "Async Capable": false, "Startup Cost": 5992.37, "Total Cost": 30728.07, "Plan Rows": 3, "Plan Width": 84, "Actual Startup Time": 6.154, "Actual Total Time": 27.319, "Actual Rows": 32, "Actual Loops": 1, "Subplans Removed": 0, "Plans": [{"Node Type": "Subquery Scan", "Parent Relationship": "Member", "Parallel Aware": false, "Async Capable": false, "Alias": "web", "Startup Cost": 5992.37, "Total Cost": 5992.4, "Plan Rows": 1, "Plan Width": 84, "Actual Startup Time": 6.154, "Actual Total Time": 6.199, "Actual Rows": 11, "Actual Loops": 1, "Filter": "((web.return_rank <= 10) OR (web.currency_rank <= 10))", "Rows Removed by Filter": 5, "Plans": [{"Node Type": "WindowAgg", "Parent Relationship": "Subquery", "Parallel Aware": false, "Async Capable": false, "Startup Cost": 5992.37, "Total Cost": 5992.39, "Plan Rows": 1, "Plan Width": 84, "Actual Startup Time": 6.152, "Actual Total Time": 6.196, "Actual Rows": 16, "Actual Loops": 1, "Plans": [{"Node Type": "Sort", "Parent Relationship": "Outer", "Parallel Aware": false, "Async Capable": false, "Startup Cost": 5992.37, "Total Cost": 5992.37, "Plan Rows": 1, "Plan Width": 76, "Actual Startup Time": 6.151, "Actual Total Time": 6.19, "Actual Rows": 16, "Actual Loops": 1, "Sort Key": ["in_web.return_ratio"], "Sort Method": "quicksort", "Sort Space Used": 25, "Sort Space Type": "Memory", "Plans": [{"Node Type": "WindowAgg", "Parent Relationship": "Outer", "Parallel Aware": false, "Async Capable": false, "Startup Cost": 5992.34, "Total Cost": 5992.36, "Plan Rows": 1, "Plan Width": 76, "Actual Startup Time": 6.137, "Actual Total Time": 6.18, "Actual Rows": 16, "Actual Loops": 1, "Plans": [{"Node Type": "Sort", "Parent Relationship": "Outer", "Parallel Aware": false, "Async Capable": false, "Startup Cost": 5992.34, "Total Cost": 5992.34, "Plan Rows": 1, "Plan Width": 68, "Actual Startup Time": 6.132, "Actual Total Time": 6.171, "Actual Rows": 16, "Actual Loops": 1, "Sort Key": ["in_web.currency_ratio"], "Sort Method": "quicksort", "Sort Space Used": 25, "Sort Space Type": "Memory", "Plans": [{"Node Type": "Subquery Scan", "Parent Relationship": "Outer", "Parallel Aware": false, "Async Capable": false, "Alias": "in_web", "Startup Cost": 5992.28, "Total Cost": 5992.33, "Plan Rows": 1, "Plan Width": 68, "Actual Startup Time": 6.115, "Actual Total Time": 6.164, "Actual Rows": 16, "Actual Loops": 1, "Plans": [{"Node Type": "Aggregate", "Strategy": "Sorted", "Partial Mode": "Simple", "Parent Relationship": "Subquery", "Parallel Aware": false, "Async Capable": false, "Startup Cost": 5992.28, "Total Cost": 5992.33, "Plan Rows": 1, "Plan Width": 68, "Actual Startup Time": 6.115, "Actual Total Time": 6.162, "Actual Rows": 16, "Actual Loops": 1, "Group Key": ["ws.ws_item_sk"], "Plans": [{"Node Type": "Sort", "Parent Relationship": "Outer", "Parallel Aware": false, "Async Capable": false, "Startup Cost": 5992.28, "Total Cost": 5992.28, "Plan Rows": 1, "Plan Width": 24, "Actual Startup Time": 6.104, "Actual Total Time": 6.141, "Actual Rows": 16, "Actual Loops": 1, "Sort Key": ["ws.ws_item_sk"], "Sort Method": "quicksort", "Sort Space Used": 25, "Sort Space Type": "Memory", "Plans": [{"Node Type": "Nested Loop", "Parent Relationship": "Outer", "Parallel Aware": false, "Async Capable": false, "Join Type": "Inner", "Startup Cost": 1000.72, "Total Cost": 5992.27, "Plan Rows": 1, "Plan Width": 24, "Actual Startup Time": 1.32, "Actual Total Time": 6.133, "Actual Rows": 16, "Actual Loops": 1, "Inner Unique": true, "Plans": [{"Node Type": "Gather", "Parent Relationship": "Outer", "Parallel Aware": false, "Async Capable": false, "Startup Cost": 1000.42, "Total Cost": 5991.93, "Plan Rows": 1, "Plan Width": 28, "Actual Startup Time": 0.199, "Actual Total Time": 5.708, "Actual Rows": 571, "Actual Loops": 1, "Workers Planned": 1, "Workers Launched": 1, "Single Copy": false, "Plans": [{"Node Type": "Nested Loop", "Parent Relationship": "Outer", "Parallel Aware": false, "Async Capable": false, "Join Type": "Inner", "Startup Cost": 0.42, "Total Cost": 4991.83, "Plan Rows": 1, "Plan Width": 28, "Actual Startup Time": 0.031, "Actual Total Time": 4.823, "Actual Rows": 286, "Actual Loops": 2, "Inner Unique": true, "Workers": [], "Plans": [{"Node Type": "Seq Scan", "Parent Relationship": "Outer", "Parallel Aware": true, "Async Capable": false, "Relation Name": "web_returns", "Alias": "wr", "Startup Cost": 0.0, "Total Cost": 1887.67, "Plan Rows": 392, "Plan Width": 18, "Actual Startup Time": 0.01, "Actual Total Time": 2.782, "Actual Rows": 316, "Actual Loops": 2, "Filter": "(wr_return_amt > '10000'::numeric)", "Rows Removed by Filter": 35566, "Workers": []}, {"Node Type": "Index Scan", "Parent Relationship": "Inner", "Parallel Aware": false, "Async Capable": false, "Scan Direction": "Forward", "Index Name": "web_sales_pkey", "Relation Name": "web_sales", "Alias": "ws", "Startup Cost": 0.42, "Total Cost": 7.92, "Plan Rows": 1, "Plan Width": 22, "Actual Startup Time": 0.006, "Actual Total Time": 0.006, "Actual Rows": 1, "Actual Loops": 632, "Index Cond": "((ws_item_sk = wr.wr_item_sk) AND (ws_order_number = wr.wr_order_number))", "Rows Removed by Index Recheck": 0, "Filter": "((ws_net_profit > '1'::numeric) AND (ws_net_paid > '0'::numeric) AND (ws_quantity > 0))", "Rows Removed by Filter": 0, "Workers": []}]}]}, {"Node Type": "Index Scan", "Parent Relationship": "Inner", "Parallel Aware": false, "Async Capable": false, "Scan Direction": "Forward", "Index Name": "date_dim_pkey", "Relation Name": "date_dim", "Alias": "date_dim", "Startup Cost": 0.29, "Total Cost": 0.34, "Plan Rows": 1, "Plan Width": 4, "Actual Startup Time": 0.001, "Actual Total Time": 0.001, "Actual Rows": 0, "Actual Loops": 571, "Index Cond": "(d_date_sk = ws.ws_sold_date_sk)", "Rows Removed by Index Recheck": 0, "Filter": "((d_year = 2001) AND (d_moy = 12))", "Rows Removed by Filter": 1}]}]}]}]}]}]}]}]}]}, {"Node Type": "Subquery Scan", "Parent Relationship": "Member", "Parallel Aware": false, "Async Capable": false, "Alias": "catalog", "Startup Cost": 11275.94, "Total Cost": 11275.98, "Plan Rows": 1, "Plan Width": 84, "Actual Startup Time": 11.041, "Actual Total Time": 11.067, "Actual Rows": 10, "Actual Loops": 1, "Filter": "((catalog.return_rank <= 10) OR (catalog.currency_rank <= 10))", "Rows Removed by Filter": 32, "Plans": [{"Node Type": "WindowAgg", "Parent Relationship": "Subquery", "Parallel Aware": false, "Async Capable": false, "Startup Cost": 11275.94, "Total Cost": 11275.96, "Plan Rows": 1, "Plan Width": 84, "Actual Startup Time": 11.039, "Actual Total Time": 11.063, "Actual Rows": 42, "Actual Loops": 1, "Plans": [{"Node Type": "Sort", "Parent Relationship": "Outer", "Parallel Aware": false, "Async Capable": false, "Startup Cost": 11275.94, "Total Cost": 11275.95, "Plan Rows": 1, "Plan Width": 76, "Actual Startup Time": 11.038, "Actual Total Time": 11.055, "Actual Rows": 42, "Actual Loops": 1, "Sort Key": ["in_cat.return_ratio"], "Sort Method": "quicksort", "Sort Space Used": 27, "Sort Space Type": "Memory", "Plans": [{"Node Type": "WindowAgg", "Parent Relationship": "Outer", "Parallel Aware": false, "Async Capable": false, "Startup Cost": 11275.91, "Total Cost": 11275.93, "Plan Rows": 1, "Plan Width": 76, "Actual Startup Time": 11.019, "Actual Total Time": 11.044, "Actual Rows": 42, "Actual Loops": 1, "Plans": [{"Node Type": "Sort", "Parent Relationship": "Outer", "Parallel Aware": false, "Async Capable": false, "Startup Cost": 11275.91, "Total Cost": 11275.92, "Plan Rows": 1, "Plan Width": 68, "Actual Startup Time": 11.007, "Actual Total Time": 11.023, "Actual Rows": 42, "Actual Loops": 1, "Sort Key": ["in_cat.currency_ratio"], "Sort Method": "quicksort", "Sort Space Used": 27, "Sort Space Type": "Memory", "Plans": [{"Node Type": "Subquery Scan", "Parent Relationship": "Outer", "Parallel Aware": false, "Async Capable": false, "Alias": "in_cat", "Startup Cost": 11275.85, "Total Cost": 11275.9, "Plan Rows": 1, "Plan Width": 68, "Actual Startup Time": 10.971, "Actual Total Time": 11.011, "Actual Rows": 42, "Actual Loops": 1, "Plans": [{"Node Type": "Aggregate", "Strategy": "Sorted", "Partial Mode": "Simple", "Parent Relationship": "Subquery", "Parallel Aware": false, "Async Capable": false, "Startup Cost": 11275.85, "Total Cost": 11275.9, "Plan Rows": 1, "Plan Width": 68, "Actual Startup Time": 10.97, "Actual Total Time": 11.008, "Actual Rows": 42, "Actual Loops": 1, "Group Key": ["cs.cs_item_sk"], "Plans": [{"Node Type": "Sort", "Parent Relationship": "Outer", "Parallel Aware": false, "Async Capable": false, "Startup Cost": 11275.85, "Total Cost": 11275.86, "Plan Rows": 1, "Plan Width": 24, "Actual Startup Time": 10.961, "Actual Total Time": 10.977, "Actual Rows": 42, "Actual Loops": 1, "Sort Key": ["cs.cs_item_sk"], "Sort Method": "quicksort", "Sort Space Used": 27, "Sort Space Type": "Memory", "Plans": [{"Node Type": "Nested Loop", "Parent Relationship": "Outer", "Parallel Aware": false, "Async Capable": false, "Join Type": "Inner", "Startup Cost": 1000.72, "Total Cost": 11275.84, "Plan Rows": 1, "Plan Width": 24, "Actual Startup Time": 8.79, "Actual Total Time": 10.963, "Actual Rows": 42, "Actual Loops": 1, "Inner Unique": true, "Plans": [{"Node Type": "Gather", "Parent Relationship": "Outer", "Parallel Aware": false, "Async Capable": false, "Startup Cost": 1000.43, "Total Cost": 11275.51, "Plan Rows": 1, "Plan Width": 28, "Actual Startup Time": 0.153, "Actual Total Time": 10.334, "Actual Rows": 1083, "Actual Loops": 1, "Workers Planned": 1, "Workers Launched": 1, "Single Copy": false, "Plans": [{"Node Type": "Nested Loop", "Parent Relationship": "Outer", "Parallel Aware": false, "Async Capable": false, "Join Type": "Inner", "Startup Cost": 0.43, "Total Cost": 10275.41, "Plan Rows": 1, "Plan Width": 28, "Actual Startup Time": 0.034, "Actual Total Time": 9.706, "Actual Rows": 542, "Actual Loops": 2, "Inner Unique": true, "Workers": [], "Plans": [{"Node Type": "Seq Scan", "Parent Relationship": "Outer", "Parallel Aware": true, "Async Capable": false, "Relation Name": "catalog_returns", "Alias": "cr", "Startup Cost": 0.0, "Total Cost": 3955.32, "Plan Rows": 794, "Plan Width": 18, "Actual Startup Time": 0.014, "Actual Total Time": 5.962, "Actual Rows": 608, "Actual Loops": 2, "Filter": "(cr_return_amount > '10000'::numeric)", "Rows Removed by Filter": 71425, "Workers": []}, {"Node Type": "Index Scan", "Parent Relationship": "Inner", "Parallel Aware": false, "Async Capable": false, "Scan Direction": "Forward", "Index Name": "catalog_sales_pkey", "Relation Name": "catalog_sales", "Alias": "cs", "Startup Cost": 0.43, "Total Cost": 7.96, "Plan Rows": 1, "Plan Width": 22, "Actual Startup Time": 0.006, "Actual Total Time": 0.006, "Actual Rows": 1, "Actual Loops": 1217, "Index Cond": "((cs_item_sk = cr.cr_item_sk) AND (cs_order_number = cr.cr_order_number))", "Rows Removed by Index Recheck": 0, "Filter": "((cs_net_profit > '1'::numeric) AND (cs_net_paid > '0'::numeric) AND (cs_quantity > 0))", "Rows Removed by Filter": 0, "Workers": []}]}]}, {"Node Type": "Index Scan", "Parent Relationship": "Inner", "Parallel Aware": false, "Async Capable": false, "Scan Direction": "Forward", "Index Name": "date_dim_pkey", "Relation Name": "date_dim", "Alias": "date_dim_1", "Startup Cost": 0.29, "Total Cost": 0.33, "Plan Rows": 1, "Plan Width": 4, "Actual Startup Time": 0.0, "Actual Total Time": 0.0, "Actual Rows": 0, "Actual Loops": 1083, "Index Cond": "(d_date_sk = cs.cs_sold_date_sk)", "Rows Removed by Index Recheck": 0, "Filter": "((d_year = 2001) AND (d_moy = 12))", "Rows Removed by Filter": 1}]}]}]}]}]}]}]}]}]}, {"Node Type": "Subquery Scan", "Parent Relationship": "Member", "Parallel Aware": false, "Async Capable": false, "Alias": "store", "Startup Cost": 13459.64, "Total Cost": 13459.67, "Plan Rows": 1, "Plan Width": 84, "Actual Startup Time": 8.974, "Actual Total Time": 10.05, "Actual Rows": 11, "Actual Loops": 1, "Filter": "((store.return_rank <= 10) OR (store.currency_rank <= 10))", "Rows Removed by Filter": 0, "Plans": [{"Node Type": "WindowAgg", "Parent Relationship": "Subquery", "Parallel Aware": false, "Async Capable": false, "Startup Cost": 13459.64, "Total Cost": 13459.66, "Plan Rows": 1, "Plan Width": 84, "Actual Startup Time": 8.973, "Actual Total Time": 10.047, "Actual Rows": 11, "Actual Loops": 1, "Plans": [{"Node Type": "Sort", "Parent Relationship": "Outer", "Parallel Aware": false, "Async Capable": false, "Startup Cost": 13459.64, "Total Cost": 13459.64, "Plan Rows": 1, "Plan Width": 76, "Actual Startup Time": 8.971, "Actual Total Time": 10.043, "Actual Rows": 11, "Actual Loops": 1, "Sort Key": ["in_store.return_ratio"], "Sort Method": "quicksort", "Sort Space Used": 25, "Sort Space Type": "Memory", "Plans": [{"Node Type": "WindowAgg", "Parent Relationship": "Outer", "Parallel Aware": false, "Async Capable": false, "Startup Cost": 13459.61, "Total Cost": 13459.63, "Plan Rows": 1, "Plan Width": 76, "Actual Startup Time": 8.958, "Actual Total Time": 10.033, "Actual Rows": 11, "Actual Loops": 1, "Plans": [{"Node Type": "Sort", "Parent Relationship": "Outer", "Parallel Aware": false, "Async Capable": false, "Startup Cost": 13459.61, "Total Cost": 13459.61, "Plan Rows": 1, "Plan Width": 68, "Actual Startup Time": 8.954, "Actual Total Time": 10.026, "Actual Rows": 11, "Actual Loops": 1, "Sort Key": ["in_store.currency_ratio"], "Sort Method": "quicksort", "Sort Space Used": 25, "Sort Space Type": "Memory", "Plans": [{"Node Type": "Subquery Scan", "Parent Relationship": "Outer", "Parallel Aware": false, "Async Capable": false, "Alias": "in_store", "Startup Cost": 13459.54, "Total Cost": 13459.6, "Plan Rows": 1, "Plan Width": 68, "Actual Startup Time": 8.941, "Actual Total Time": 10.018, "Actual Rows": 11, "Actual Loops": 1, "Plans": [{"Node Type": "Aggregate", "Strategy": "Sorted", "Partial Mode": "Simple", "Parent Relationship": "Subquery", "Parallel Aware": false, "Async Capable": false, "Startup Cost": 13459.54, "Total Cost": 13459.6, "Plan Rows": 1, "Plan Width": 68, "Actual Startup Time": 8.94, "Actual Total Time": 10.017, "Actual Rows": 11, "Actual Loops": 1, "Group Key": ["sts.ss_item_sk"], "Plans": [{"Node Type": "Sort", "Parent Relationship": "Outer", "Parallel Aware": false, "Async Capable": false, "Startup Cost": 13459.54, "Total Cost": 13459.55, "Plan Rows": 1, "Plan Width": 24, "Actual Startup Time": 8.933, "Actual Total Time": 10.004, "Actual Rows": 11, "Actual Loops": 1, "Sort Key": ["sts.ss_item_sk"], "Sort Method": "quicksort", "Sort Space Used": 25, "Sort Space Type": "Memory", "Plans": [{"Node Type": "Nested Loop", "Parent Relationship": "Outer", "Parallel Aware": false, "Async Capable": false, "Join Type": "Inner", "Startup Cost": 1000.72, "Total Cost": 13459.53, "Plan Rows": 1, "Plan Width": 24, "Actual Startup Time": 0.8, "Actual Total Time": 9.997, "Actual Rows": 11, "Actual Loops": 1, "Inner Unique": true, "Plans": [{"Node Type": "Gather", "Parent Relationship": "Outer", "Parallel Aware": false, "Async Capable": false, "Startup Cost": 1000.43, "Total Cost": 13459.21, "Plan Rows": 1, "Plan Width": 28, "Actual Startup Time": 0.332, "Actual Total Time": 9.74, "Actual Rows": 391, "Actual Loops": 1, "Workers Planned": 2, "Workers Launched": 2, "Single Copy": false, "Plans": [{"Node Type": "Nested Loop", "Parent Relationship": "Outer", "Parallel Aware": false, "Async Capable": false, "Join Type": "Inner", "Startup Cost": 0.43, "Total Cost": 12459.11, "Plan Rows": 1, "Plan Width": 28, "Actual Startup Time": 0.089, "Actual Total Time": 7.558, "Actual Rows": 130, "Actual Loops": 3, "Inner Unique": true, "Workers": [], "Plans": [{"Node Type": "Seq Scan", "Parent Relationship": "Outer", "Parallel Aware": true, "Async Capable": false, "Relation Name": "store_returns", "Alias": "sr", "Startup Cost": 0.0, "Total Cost": 6321.47, "Plan Rows": 759, "Plan Width": 18, "Actual Startup Time": 0.065, "Actual Total Time": 6.203, "Actual Rows": 169, "Actual Loops": 3, "Filter": "(sr_return_amt > '10000'::numeric)", "Rows Removed by Filter": 95669, "Workers": []}, {"Node Type": "Index Scan", "Parent Relationship": "Inner", "Parallel Aware": false, "Async Capable": false, "Scan Direction": "Forward", "Index Name": "store_sales_pkey", "Relation Name": "store_sales", "Alias": "sts", "Startup Cost": 0.43, "Total Cost": 8.09, "Plan Rows": 1, "Plan Width": 22, "Actual Startup Time": 0.008, "Actual Total Time": 0.008, "Actual Rows": 1, "Actual Loops": 507, "Index Cond": "((ss_item_sk = sr.sr_item_sk) AND (ss_ticket_number = sr.sr_ticket_number))", "Rows Removed by Index Recheck": 0, "Filter": "((ss_net_profit > '1'::numeric) AND (ss_net_paid > '0'::numeric) AND (ss_quantity > 0))", "Rows Removed by Filter": 0, "Workers": []}]}]}, {"Node Type": "Index Scan", "Parent Relationship": "Inner", "Parallel Aware": false, "Async Capable": false, "Scan Direction": "Forward", "Index Name": "date_dim_pkey", "Relation Name": "date_dim", "Alias": "date_dim_2", "Startup Cost": 0.29, "Total Cost": 0.32, "Plan Rows": 1, "Plan Width": 4, "Actual Startup Time": 0.001, "Actual Total Time": 0.001, "Actual Rows": 0, "Actual Loops": 391, "Index Cond": "(d_date_sk = sts.ss_sold_date_sk)", "Rows Removed by Index Recheck": 0, "Filter": "((d_year = 2001) AND (d_moy = 12))", "Rows Removed by Filter": 1}]}]}]}]}]}]}]}]}]}]}]}]}]}, "Planning Time": 1.115, "Triggers": [], "Execution Time": 27.596}