{"Plan": {"Node Type": "Limit", "Parallel Aware": false, "Async Capable": false, "Startup Cost": 9473.9, "Total Cost": 9474.12, "Plan Rows": 1, "Plan Width": 718, "Actual Startup Time": 16.449, "Actual Total Time": 19.25, "Actual Rows": 6, "Actual Loops": 1, "Plans": [{"Node Type": "Aggregate", "Strategy": "Sorted", "Partial Mode": "Simple", "Parent Relationship": "Outer", "Parallel Aware": false, "Async Capable": false, "Startup Cost": 9473.9, "Total Cost": 9474.12, "Plan Rows": 1, "Plan Width": 718, "Actual Startup Time": 16.448, "Actual Total Time": 19.249, "Actual Rows": 6, "Actual Loops": 1, "Group Key": ["store.s_store_name", "store.s_company_id", "store.s_street_number", "store.s_street_name", "store.s_street_type", "store.s_suite_number", "store.s_city", "store.s_county", "store.s_state", "store.s_zip"], "Plans": [{"Node Type": "Nested Loop", "Parent Relationship": "Outer", "Parallel Aware": false, "Async Capable": false, "Join Type": "Inner", "Startup Cost": 9473.9, "Total Cost": 9474.04, "Plan Rows": 1, "Plan Width": 686, "Actual Startup Time": 16.182, "Actual Total Time": 18.839, "Actual Rows": 2105, "Actual Loops": 1, "Inner Unique": true, "Plans": [{"Node Type": "Gather Merge", "Parent Relationship": "Outer", "Parallel Aware": false, "Async Capable": false, "Startup Cost": 9473.6, "Total Cost": 9473.72, "Plan Rows": 1, "Plan Width": 686, "Actual Startup Time": 16.121, "Actual Total Time": 17.922, "Actual Rows": 2136, "Actual Loops": 1, "Workers Planned": 2, "Workers Launched": 2, "Plans": [{"Node Type": "Sort", "Parent Relationship": "Outer", "Parallel Aware": false, "Async Capable": false, "Startup Cost": 8473.58, "Total Cost": 8473.59, "Plan Rows": 1, "Plan Width": 686, "Actual Startup Time": 14.835, "Actual Total Time": 14.853, "Actual Rows": 712, "Actual Loops": 3, "Sort Key": ["store.s_store_name", "store.s_company_id", "store.s_street_number", "store.s_street_name", "store.s_street_type", "store.s_suite_number", "store.s_city", "store.s_county", "store.s_state", "store.s_zip"], "Sort Method": "quicksort", "Sort Space Used": 110, "Sort Space Type": "Memory", "Workers": [{"Worker Number": 0, "Sort Method": "quicksort", "Sort Space Used": 109, "Sort Space Type": "Memory"}, {"Worker Number": 1, "Sort Method": "quicksort", "Sort Space Used": 113, "Sort Space Type": "Memory"}], "Plans": [{"Node Type": "Nested Loop", "Parent Relationship": "Outer", "Parallel Aware": false, "Async Capable": false, "Join Type": "Inner", "Startup Cost": 2069.34, "Total Cost": 8473.57, "Plan Rows": 1, "Plan Width": 686, "Actual Startup Time": 1.777, "Actual Total Time": 14.516, "Actual Rows": 712, "Actual Loops": 3, "Inner Unique": true, "Workers": [], "Plans": [{"Node Type": "Nested Loop", "Parent Relationship": "Outer", "Parallel Aware": false, "Async Capable": false, "Join Type": "Inner", "Startup Cost": 2069.2, "Total Cost": 8473.41, "Plan Rows": 1, "Plan Width": 12, "Actual Startup Time": 1.769, "Actual Total Time": 14.204, "Actual Rows": 732, "Actual Loops": 3, "Inner Unique": true, "Workers": [], "Plans": [{"Node Type": "Hash Join", "Parent Relationship": "Outer", "Parallel Aware": true, "Async Capable": false, "Join Type": "Inner", "Startup Cost": 2068.78, "Total Cost": 8405.24, "Plan Rows": 51, "Plan Width": 16, "Actual Startup Time": 1.747, "Actual Total Time": 9.152, "Actual Rows": 992, "Actual Loops": 3, "Inner Unique": true, "Hash Cond": "(store_returns.sr_returned_date_sk = d2.d_date_sk)", "Workers": [], "Plans": [{"Node Type": "Seq Scan", "Parent Relationship": "Outer", "Parallel Aware": true, "Async Capable": false, "Relation Name": "store_returns", "Alias": "store_returns", "Startup Cost": 0.0, "Total Cost": 6021.98, "Plan Rows": 119798, "Plan Width": 16, "Actual Startup Time": 0.005, "Actual Total Time": 3.888, "Actual Rows": 95838, "Actual Loops": 3, "Workers": []}, {"Node Type": "Hash", "Parent Relationship": "Inner", "Parallel Aware": true, "Async Capable": false, "Startup Cost": 2068.55, "Total Cost": 2068.55, "Plan Rows": 18, "Plan Width": 4, "Actual Startup Time": 1.672, "Actual Total Time": 1.673, "Actual Rows": 10, "Actual Loops": 3, "Hash Buckets": 1024, "Original Hash Buckets": 1024, "Hash Batches": 1, "Original Hash Batches": 1, "Peak Memory Usage": 72, "Workers": [], "Plans": [{"Node Type": "Seq Scan", "Parent Relationship": "Outer", "Parallel Aware": true, "Async Capable": false, "Relation Name": "date_dim", "Alias": "d2", "Startup Cost": 0.0, "Total Cost": 2068.55, "Plan Rows": 18, "Plan Width": 4, "Actual Startup Time": 1.079, "Actual Total Time": 1.656, "Actual Rows": 10, "Actual Loops": 3, "Filter": "((d_year = 2001) AND (d_moy = 8))", "Rows Removed by Filter": 24339, "Workers": []}]}]}, {"Node Type": "Index Scan", "Parent Relationship": "Inner", "Parallel Aware": false, "Async Capable": false, "Scan Direction": "Forward", "Index Name": "store_sales_pkey", "Relation Name": "store_sales", "Alias": "store_sales", "Startup Cost": 0.43, "Total Cost": 1.33, "Plan Rows": 1, "Plan Width": 20, "Actual Startup Time": 0.005, "Actual Total Time": 0.005, "Actual Rows": 1, "Actual Loops": 2976, "Index Cond": "((ss_item_sk = store_returns.sr_item_sk) AND (ss_ticket_number = store_returns.sr_ticket_number))", "Rows Removed by Index Recheck": 0, "Filter": "(store_returns.sr_customer_sk = ss_customer_sk)", "Rows Removed by Filter": 0, "Workers": []}]}, {"Node Type": "Index Scan", "Parent Relationship": "Inner", "Parallel Aware": false, "Async Capable": false, "Scan Direction": "Forward", "Index Name": "store_pkey", "Relation Name": "store", "Alias": "store", "Startup Cost": 0.14, "Total Cost": 0.16, "Plan Rows": 1, "Plan Width": 682, "Actual Startup Time": 0.0, "Actual Total Time": 0.0, "Actual Rows": 1, "Actual Loops": 2196, "Index Cond": "(s_store_sk = store_sales.ss_store_sk)", "Rows Removed by Index Recheck": 0, "Workers": []}]}]}]}, {"Node Type": "Index Only Scan", "Parent Relationship": "Inner", "Parallel Aware": false, "Async Capable": false, "Scan Direction": "Forward", "Index Name": "date_dim_pkey", "Relation Name": "date_dim", "Alias": "d1", "Startup Cost": 0.29, "Total Cost": 0.31, "Plan Rows": 1, "Plan Width": 4, "Actual Startup Time": 0.0, "Actual Total Time": 0.0, "Actual Rows": 1, "Actual Loops": 2136, "Index Cond": "(d_date_sk = store_sales.ss_sold_date_sk)", "Rows Removed by Index Recheck": 0, "Heap Fetches": 0}]}]}]}, "Planning Time": 0.625, "Triggers": [], "Execution Time": 19.339}