{"Plan": {"Node Type": "Limit", "Parallel Aware": false, "Async Capable": false, "Startup Cost": 93425.56, "Total Cost": 93425.81, "Plan Rows": 100, "Plan Width": 136, "Actual Startup Time": 661.062, "Actual Total Time": 661.245, "Actual Rows": 100, "Actual Loops": 1, "Plans": [{"Node Type": "Sort", "Parent Relationship": "Outer", "Parallel Aware": false, "Async Capable": false, "Startup Cost": 93425.56, "Total Cost": 93437.0, "Plan Rows": 4575, "Plan Width": 136, "Actual Startup Time": 661.061, "Actual Total Time": 661.239, "Actual Rows": 100, "Actual Loops": 1, "Sort Key": ["y.item_sk NULLS FIRST", "y.d_date NULLS FIRST"], "Sort Method": "top-N heapsort", "Sort Space Used": 32, "Sort Space Type": "Memory", "Plans": [{"Node Type": "Subquery Scan", "Parent Relationship": "Outer", "Parallel Aware": false, "Async Capable": false, "Alias": "y", "Startup Cost": 92770.37, "Total Cost": 93250.71, "Plan Rows": 4575, "Plan Width": 136, "Actual Startup Time": 524.655, "Actual Total Time": 659.623, "Actual Rows": 25452, "Actual Loops": 1, "Filter": "(y.web_cumulative > y.store_cumulative)", "Rows Removed by Filter": 585165, "Plans": [{"Node Type": "WindowAgg", "Parent Relationship": "Subquery", "Parallel Aware": false, "Async Capable": false, "Startup Cost": 92770.37, "Total Cost": 93079.16, "Plan Rows": 13724, "Plan Width": 136, "Actual Startup Time": 524.546, "Actual Total Time": 643.521, "Actual Rows": 610617, "Actual Loops": 1, "Plans": [{"Node Type": "Sort", "Parent Relationship": "Outer", "Parallel Aware": false, "Async Capable": false, "Startup Cost": 92770.37, "Total Cost": 92804.68, "Plan Rows": 13724, "Plan Width": 72, "Actual Startup Time": 524.54, "Actual Total Time": 545.435, "Actual Rows": 610617, "Actual Loops": 1, "Sort Key": ["(CASE WHEN (web_sales.ws_item_sk IS NOT NULL) THEN web_sales.ws_item_sk ELSE store_sales.ss_item_sk END)", "(CASE WHEN (date_dim.d_date IS NOT NULL) THEN date_dim.d_date ELSE date_dim_1.d_date END)"], "Sort Method": "external merge", "Sort Space Used": 15136, "Sort Space Type": "Disk", "Plans": [{"Node Type": "Merge Join", "Parent Relationship": "Outer", "Parallel Aware": false, "Async Capable": false, "Join Type": "Full", "Startup Cost": 89037.87, "Total Cost": 91827.22, "Plan Rows": 13724, "Plan Width": 72, "Actual Startup Time": 110.263, "Actual Total Time": 479.493, "Actual Rows": 610617, "Actual Loops": 1, "Inner Unique": true, "Merge Cond": "((web_sales.ws_item_sk = store_sales.ss_item_sk) AND (date_dim.d_date = date_dim_1.d_date))", "Plans": [{"Node Type": "WindowAgg", "Parent Relationship": "Outer", "Parallel Aware": false, "Async Capable": false, "Startup Cost": 24880.79, "Total Cost": 25414.74, "Plan Rows": 3427, "Plan Width": 40, "Actual Startup Time": 32.509, "Actual Total Time": 105.364, "Actual Rows": 138313, "Actual Loops": 1, "Plans": [{"Node Type": "Aggregate", "Strategy": "Sorted", "Partial Mode": "Simple", "Parent Relationship": "Outer", "Parallel Aware": false, "Async Capable": false, "Startup Cost": 24880.79, "Total Cost": 25354.77, "Plan Rows": 3427, "Plan Width": 40, "Actual Startup Time": 32.501, "Actual Total Time": 73.533, "Actual Rows": 138313, "Actual Loops": 1, "Group Key": ["web_sales.ws_item_sk", "date_dim.d_date"], "Plans": [{"Node Type": "Gather Merge", "Parent Relationship": "Outer", "Parallel Aware": false, "Async Capable": false, "Startup Cost": 24880.79, "Total Cost": 25286.23, "Plan Rows": 3427, "Plan Width": 14, "Actual Startup Time": 32.486, "Actual Total Time": 46.786, "Actual Rows": 142182, "Actual Loops": 1, "Workers Planned": 3, "Workers Launched": 3, "Plans": [{"Node Type": "Sort", "Parent Relationship": "Outer", "Parallel Aware": false, "Async Capable": false, "Startup Cost": 23880.75, "Total Cost": 23883.51, "Plan Rows": 1105, "Plan Width": 14, "Actual Startup Time": 31.044, "Actual Total Time": 34.584, "Actual Rows": 35546, "Actual Loops": 4, "Sort Key": ["web_sales.ws_item_sk", "date_dim.d_date"], "Sort Method": "quicksort", "Sort Space Used": 2894, "Sort Space Type": "Memory", "Workers": [{"Worker Number": 0, "Sort Method": "quicksort", "Sort Space Used": 2969, "Sort Space Type": "Memory"}, {"Worker Number": 1, "Sort Method": "quicksort", "Sort Space Used": 2908, "Sort Space Type": "Memory"}, {"Worker Number": 2, "Sort Method": "quicksort", "Sort Space Used": 2929, "Sort Space Type": "Memory"}], "Plans": [{"Node Type": "Hash Join", "Parent Relationship": "Outer", "Parallel Aware": true, "Async Capable": false, "Join Type": "Inner", "Startup Cost": 2071.11, "Total Cost": 23824.89, "Plan Rows": 1105, "Plan Width": 14, "Actual Startup Time": 1.111, "Actual Total Time": 25.888, "Actual Rows": 35546, "Actual Loops": 4, "Inner Unique": true, "Hash Cond": "(web_sales.ws_sold_date_sk = date_dim.d_date_sk)", "Workers": [], "Plans": [{"Node Type": "Seq Scan", "Parent Relationship": "Outer", "Parallel Aware": true, "Async Capable": false, "Relation Name": "web_sales", "Alias": "web_sales", "Startup Cost": 0.0, "Total Cost": 21144.59, "Plan Rows": 232059, "Plan Width": 14, "Actual Startup Time": 0.003, "Actual Total Time": 17.027, "Actual Rows": 179846, "Actual Loops": 4, "Filter": "(ws_item_sk IS NOT NULL)", "Rows Removed by Filter": 0, "Workers": []}, {"Node Type": "Hash", "Parent Relationship": "Inner", "Parallel Aware": true, "Async Capable": false, "Startup Cost": 2068.55, "Total Cost": 2068.55, "Plan Rows": 205, "Plan Width": 8, "Actual Startup Time": 1.042, "Actual Total Time": 1.043, "Actual Rows": 92, "Actual Loops": 4, "Hash Buckets": 1024, "Original Hash Buckets": 1024, "Hash Batches": 1, "Original Hash Batches": 1, "Peak Memory Usage": 136, "Workers": [], "Plans": [{"Node Type": "Seq Scan", "Parent Relationship": "Outer", "Parallel Aware": true, "Async Capable": false, "Relation Name": "date_dim", "Alias": "date_dim", "Startup Cost": 0.0, "Total Cost": 2068.55, "Plan Rows": 205, "Plan Width": 8, "Actual Startup Time": 0.491, "Actual Total Time": 1.011, "Actual Rows": 92, "Actual Loops": 4, "Filter": "((d_month_seq >= 1200) AND (d_month_seq <= 1211))", "Rows Removed by Filter": 18171, "Workers": []}]}]}]}]}]}]}, {"Node Type": "WindowAgg", "Parent Relationship": "Inner", "Parallel Aware": false, "Async Capable": false, "Startup Cost": 64157.08, "Total Cost": 66314.97, "Plan Rows": 13724, "Plan Width": 40, "Actual Startup Time": 77.748, "Actual Total Time": 334.827, "Actual Rows": 499071, "Actual Loops": 1, "Plans": [{"Node Type": "Aggregate", "Strategy": "Sorted", "Partial Mode": "Simple", "Parent Relationship": "Outer", "Parallel Aware": false, "Async Capable": false, "Startup Cost": 64157.08, "Total Cost": 66074.8, "Plan Rows": 13724, "Plan Width": 40, "Actual Startup Time": 77.733, "Actual Total Time": 226.733, "Actual Rows": 499071, "Actual Loops": 1, "Group Key": ["store_sales.ss_item_sk", "date_dim_1.d_date"], "Plans": [{"Node Type": "Gather Merge", "Parent Relationship": "Outer", "Parallel Aware": false, "Async Capable": false, "Startup Cost": 64157.08, "Total Cost": 65800.32, "Plan Rows": 13724, "Plan Width": 14, "Actual Startup Time": 77.72, "Actual Total Time": 130.316, "Actual Rows": 553861, "Actual Loops": 1, "Workers Planned": 4, "Workers Launched": 4, "Plans": [{"Node Type": "Sort", "Parent Relationship": "Outer", "Parallel Aware": false, "Async Capable": false, "Startup Cost": 63157.02, "Total Cost": 63165.6, "Plan Rows": 3431, "Plan Width": 14, "Actual Startup Time": 75.711, "Actual Total Time": 84.938, "Actual Rows": 110772, "Actual Loops": 5, "Sort Key": ["store_sales.ss_item_sk", "date_dim_1.d_date"], "Sort Method": "quicksort", "Sort Space Used": 7424, "Sort Space Type": "Memory", "Workers": [{"Worker Number": 0, "Sort Method": "quicksort", "Sort Space Used": 7437, "Sort Space Type": "Memory"}, {"Worker Number": 1, "Sort Method": "quicksort", "Sort Space Used": 7321, "Sort Space Type": "Memory"}, {"Worker Number": 2, "Sort Method": "quicksort", "Sort Space Used": 7333, "Sort Space Type": "Memory"}, {"Worker Number": 3, "Sort Method": "quicksort", "Sort Space Used": 7381, "Sort Space Type": "Memory"}], "Plans": [{"Node Type": "Hash Join", "Parent Relationship": "Outer", "Parallel Aware": true, "Async Capable": false, "Join Type": "Inner", "Startup Cost": 2071.11, "Total Cost": 62955.55, "Plan Rows": 3431, "Plan Width": 14, "Actual Startup Time": 0.942, "Actual Total Time": 56.97, "Actual Rows": 110772, "Actual Loops": 5, "Inner Unique": true, "Hash Cond": "(store_sales.ss_sold_date_sk = date_dim_1.d_date_sk)", "Workers": [], "Plans": [{"Node Type": "Seq Scan", "Parent Relationship": "Outer", "Parallel Aware": true, "Async Capable": false, "Relation Name": "store_sales", "Alias": "store_sales", "Startup Cost": 0.0, "Total Cost": 58993.85, "Plan Rows": 720185, "Plan Width": 14, "Actual Startup Time": 0.008, "Actual Total Time": 33.996, "Actual Rows": 576081, "Actual Loops": 5, "Filter": "(ss_item_sk IS NOT NULL)", "Rows Removed by Filter": 0, "Workers": []}, {"Node Type": "Hash", "Parent Relationship": "Inner", "Parallel Aware": true, "Async Capable": false, "Startup Cost": 2068.55, "Total Cost": 2068.55, "Plan Rows": 205, "Plan Width": 8, "Actual Startup Time": 0.853, "Actual Total Time": 0.854, "Actual Rows": 73, "Actual Loops": 5, "Hash Buckets": 1024, "Original Hash Buckets": 1024, "Hash Batches": 1, "Original Hash Batches": 1, "Peak Memory Usage": 40, "Workers": [], "Plans": [{"Node Type": "Seq Scan", "Parent Relationship": "Outer", "Parallel Aware": true, "Async Capable": false, "Relation Name": "date_dim", "Alias": "date_dim_1", "Startup Cost": 0.0, "Total Cost": 2068.55, "Plan Rows": 205, "Plan Width": 8, "Actual Startup Time": 0.721, "Actual Total Time": 0.833, "Actual Rows": 73, "Actual Loops": 5, "Filter": "((d_month_seq >= 1200) AND (d_month_seq <= 1211))", "Rows Removed by Filter": 14537, "Workers": []}]}]}]}]}]}]}]}]}]}]}]}]}, "Planning Time": 0.459, "Triggers": [], "Execution Time": 662.592}