{"Plan": {"Node Type": "Limit", "Parallel Aware": false, "Async Capable": false, "Startup Cost": 14888.81, "Total Cost": 14888.83, "Plan Rows": 8, "Plan Width": 68, "Actual Startup Time": 55.895, "Actual Total Time": 61.061, "Actual Rows": 100, "Actual Loops": 1, "Plans": [{"Node Type": "Sort", "Parent Relationship": "Outer", "Parallel Aware": false, "Async Capable": false, "Startup Cost": 14888.81, "Total Cost": 14888.83, "Plan Rows": 8, "Plan Width": 68, "Actual Startup Time": 55.894, "Actual Total Time": 61.055, "Actual Rows": 100, "Actual Loops": 1, "Sort Key": ["tmp1.avg_quarterly_sales", "tmp1.sum_sales", "tmp1.i_manufact_id"], "Sort Method": "top-N heapsort", "Sort Space Used": 36, "Sort Space Type": "Memory", "Plans": [{"Node Type": "Subquery Scan", "Parent Relationship": "Outer", "Parallel Aware": false, "Async Capable": false, "Alias": "tmp1", "Startup Cost": 14885.51, "Total Cost": 14888.69, "Plan Rows": 8, "Plan Width": 68, "Actual Startup Time": 54.211, "Actual Total Time": 60.923, "Actual Rows": 932, "Actual Loops": 1, "Filter": "(CASE WHEN (tmp1.avg_quarterly_sales > '0'::numeric) THEN (abs((tmp1.sum_sales - tmp1.avg_quarterly_sales)) / tmp1.avg_quarterly_sales) ELSE NULL::numeric END > 0.1)", "Rows Removed by Filter": 167, "Plans": [{"Node Type": "WindowAgg", "Parent Relationship": "Subquery", "Parallel Aware": false, "Async Capable": false, "Startup Cost": 14885.51, "Total Cost": 14888.18, "Plan Rows": 23, "Plan Width": 72, "Actual Startup Time": 54.208, "Actual Total Time": 60.762, "Actual Rows": 1099, "Actual Loops": 1, "Plans": [{"Node Type": "Aggregate", "Strategy": "Sorted", "Partial Mode": "Finalize", "Parent Relationship": "Outer", "Parallel Aware": false, "Async Capable": false, "Startup Cost": 14885.51, "Total Cost": 14887.83, "Plan Rows": 23, "Plan Width": 40, "Actual Startup Time": 54.192, "Actual Total Time": 60.497, "Actual Rows": 1099, "Actual Loops": 1, "Group Key": ["item.i_manufact_id", "date_dim.d_qoy"], "Plans": [{"Node Type": "Gather Merge", "Parent Relationship": "Outer", "Parallel Aware": false, "Async Capable": false, "Startup Cost": 14885.51, "Total Cost": 14887.4, "Plan Rows": 14, "Plan Width": 40, "Actual Startup Time": 54.183, "Actual Total Time": 60.208, "Actual Rows": 1233, "Actual Loops": 1, "Workers Planned": 1, "Workers Launched": 1, "Plans": [{"Node Type": "Aggregate", "Strategy": "Sorted", "Partial Mode": "Partial", "Parent Relationship": "Outer", "Parallel Aware": false, "Async Capable": false, "Startup Cost": 13885.5, "Total Cost": 13885.82, "Plan Rows": 14, "Plan Width": 40, "Actual Startup Time": 53.05, "Actual Total Time": 53.833, "Actual Rows": 616, "Actual Loops": 2, "Group Key": ["item.i_manufact_id", "date_dim.d_qoy"], "Workers": [], "Plans": [{"Node Type": "Sort", "Parent Relationship": "Outer", "Parallel Aware": false, "Async Capable": false, "Startup Cost": 13885.5, "Total Cost": 13885.54, "Plan Rows": 14, "Plan Width": 14, "Actual Startup Time": 53.04, "Actual Total Time": 53.245, "Actual Rows": 9642, "Actual Loops": 2, "Sort Key": ["item.i_manufact_id", "date_dim.d_qoy"], "Sort Method": "quicksort", "Sort Space Used": 759, "Sort Space Type": "Memory", "Workers": [{"Worker Number": 0, "Sort Method": "quicksort", "Sort Space Used": 762, "Sort Space Type": "Memory"}], "Plans": [{"Node Type": "Nested Loop", "Parent Relationship": "Outer", "Parallel Aware": false, "Async Capable": false, "Join Type": "Inner", "Startup Cost": 0.91, "Total Cost": 13885.24, "Plan Rows": 14, "Plan Width": 14, "Actual Startup Time": 0.942, "Actual Total Time": 52.013, "Actual Rows": 9642, "Actual Loops": 2, "Inner Unique": true, "Workers": [], "Plans": [{"Node Type": "Nested Loop", "Parent Relationship": "Outer", "Parallel Aware": false, "Async Capable": false, "Join Type": "Inner", "Startup Cost": 0.76, "Total Cost": 13883.86, "Plan Rows": 14, "Plan Width": 18, "Actual Startup Time": 0.93, "Actual Total Time": 50.629, "Actual Rows": 9886, "Actual Loops": 2, "Inner Unique": true, "Workers": [], "Plans": [{"Node Type": "Nested Loop", "Parent Relationship": "Outer", "Parallel Aware": false, "Async Capable": false, "Join Type": "Inner", "Startup Cost": 0.43, "Total Cost": 13182.45, "Plan Rows": 2730, "Plan Width": 18, "Actual Startup Time": 0.026, "Actual Total Time": 42.386, "Actual Rows": 60073, "Actual Loops": 2, "Inner Unique": false, "Workers": [], "Plans": [{"Node Type": "Seq Scan", "Parent Relationship": "Outer", "Parallel Aware": true, "Async Capable": false, "Relation Name": "item", "Alias": "item", "Startup Cost": 0.0, "Total Cost": 1681.06, "Plan Rows": 17, "Plan Width": 8, "Actual Startup Time": 0.009, "Actual Total Time": 4.105, "Actual Rows": 467, "Actual Loops": 2, "Filter": "(((i_category = ANY ('{Books,Children,Electronics}'::bpchar[])) AND (i_class = ANY ('{personal,portable,reference,self-help}'::bpchar[])) AND (i_brand = ANY ('{\"scholaramalgamalg #14\",\"scholaramalgamalg #7\",\"exportiunivamalg #9\",\"scholaramalgamalg #9\"}'::bpchar[]))) OR ((i_category = ANY ('{Women,Music,Men}'::bpchar[])) AND (i_class = ANY ('{accessories,classical,fragrances,pants}'::bpchar[])) AND (i_brand = ANY ('{\"amalgimporto #1\",\"edu packscholar #1\",\"exportiimporto #1\",\"importoamalg #1\"}'::bpchar[]))))", "Rows Removed by Filter": 8533, "Workers": []}, {"Node Type": "Index Scan", "Parent Relationship": "Inner", "Parallel Aware": false, "Async Capable": false, "Scan Direction": "Forward", "Index Name": "store_sales_pkey", "Relation Name": "store_sales", "Alias": "store_sales", "Startup Cost": 0.43, "Total Cost": 674.8, "Plan Rows": 175, "Plan Width": 18, "Actual Startup Time": 0.005, "Actual Total Time": 0.073, "Actual Rows": 129, "Actual Loops": 934, "Index Cond": "(ss_item_sk = item.i_item_sk)", "Rows Removed by Index Recheck": 0, "Workers": []}]}, {"Node Type": "Memoize", "Parent Relationship": "Inner", "Parallel Aware": false, "Async Capable": false, "Startup Cost": 0.33, "Total Cost": 0.36, "Plan Rows": 1, "Plan Width": 8, "Actual Startup Time": 0.0, "Actual Total Time": 0.0, "Actual Rows": 0, "Actual Loops": 120146, "Cache Key": "store_sales.ss_sold_date_sk", "Cache Mode": "logical", "Cache Hits": 59174, "Cache Misses": 1605, "Cache Evictions": 0, "Cache Overflows": 0, "Peak Memory Usage": 121, "Workers": [{"Worker Number": 0, "Cache Hits": 57856, "Cache Misses": 1511, "Cache Evictions": 0, "Cache Overflows": 0, "Peak Memory Usage": 115}], "Plans": [{"Node Type": "Index Scan", "Parent Relationship": "Outer", "Parallel Aware": false, "Async Capable": false, "Scan Direction": "Forward", "Index Name": "date_dim_pkey", "Relation Name": "date_dim", "Alias": "date_dim", "Startup Cost": 0.32, "Total Cost": 0.35, "Plan Rows": 1, "Plan Width": 8, "Actual Startup Time": 0.001, "Actual Total Time": 0.001, "Actual Rows": 0, "Actual Loops": 3116, "Index Cond": "(d_date_sk = store_sales.ss_sold_date_sk)", "Rows Removed by Index Recheck": 0, "Filter": "(d_month_seq = ANY ('{1200,1201,1202,1203,1204,1205,1206,1207,1208,1209,1210,1211}'::integer[]))", "Rows Removed by Filter": 1, "Workers": []}]}]}, {"Node Type": "Memoize", "Parent Relationship": "Inner", "Parallel Aware": false, "Async Capable": false, "Startup Cost": 0.15, "Total Cost": 0.17, "Plan Rows": 1, "Plan Width": 4, "Actual Startup Time": 0.0, "Actual Total Time": 0.0, "Actual Rows": 1, "Actual Loops": 19772, "Cache Key": "store_sales.ss_store_sk", "Cache Mode": "logical", "Cache Hits": 9832, "Cache Misses": 7, "Cache Evictions": 0, "Cache Overflows": 0, "Peak Memory Usage": 1, "Workers": [{"Worker Number": 0, "Cache Hits": 9926, "Cache Misses": 7, "Cache Evictions": 0, "Cache Overflows": 0, "Peak Memory Usage": 1}], "Plans": [{"Node Type": "Index Only Scan", "Parent Relationship": "Outer", "Parallel Aware": false, "Async Capable": false, "Scan Direction": "Forward", "Index Name": "store_pkey", "Relation Name": "store", "Alias": "store", "Startup Cost": 0.14, "Total Cost": 0.16, "Plan Rows": 1, "Plan Width": 4, "Actual Startup Time": 0.002, "Actual Total Time": 0.002, "Actual Rows": 1, "Actual Loops": 14, "Index Cond": "(s_store_sk = store_sales.ss_store_sk)", "Rows Removed by Index Recheck": 0, "Heap Fetches": 12, "Workers": []}]}]}]}]}]}]}]}]}]}]}, "Planning Time": 0.966, "Triggers": [], "Execution Time": 61.223}