{"Plan": {"Node Type": "Limit", "Parallel Aware": false, "Async Capable": false, "Startup Cost": 86841.92, "Total Cost": 86841.97, "Plan Rows": 2, "Plan Width": 16, "Actual Startup Time": 83498.292, "Actual Total Time": 83503.617, "Actual Rows": 1, "Actual Loops": 1, "Plans": [{"Node Type": "Incremental Sort", "Parent Relationship": "Outer", "Parallel Aware": false, "Async Capable": false, "Startup Cost": 86841.92, "Total Cost": 86841.97, "Plan Rows": 2, "Plan Width": 16, "Actual Startup Time": 83498.291, "Actual Total Time": 83503.615, "Actual Rows": 1, "Actual Loops": 1, "Sort Key": ["((round((my_revenue.revenue / '50'::numeric), 0))::integer) NULLS FIRST", "(count(*)) NULLS FIRST", "((((round((my_revenue.revenue / '50'::numeric), 0))::integer) * 50))"], "Presorted Key": ["((round((my_revenue.revenue / '50'::numeric), 0))::integer)"], "Full-sort Groups": {"Group Count": 1, "Sort Methods Used": ["quicksort"], "Sort Space Memory": {"Average Sort Space Used": 25, "Peak Sort Space Used": 25}}, "Plans": [{"Node Type": "Aggregate", "Strategy": "Sorted", "Partial Mode": "Simple", "Parent Relationship": "Outer", "Parallel Aware": false, "Async Capable": false, "Startup Cost": 86841.88, "Total Cost": 86841.91, "Plan Rows": 1, "Plan Width": 16, "Actual Startup Time": 83498.282, "Actual Total Time": 83503.605, "Actual Rows": 1, "Actual Loops": 1, "Group Key": ["((round((my_revenue.revenue / '50'::numeric), 0))::integer)"], "Plans": [{"Node Type": "Sort", "Parent Relationship": "Outer", "Parallel Aware": false, "Async Capable": false, "Startup Cost": 86841.88, "Total Cost": 86841.88, "Plan Rows": 1, "Plan Width": 36, "Actual Startup Time": 83498.278, "Actual Total Time": 83503.601, "Actual Rows": 1, "Actual Loops": 1, "Sort Key": ["((round((my_revenue.revenue / '50'::numeric), 0))::integer) NULLS FIRST"], "Sort Method": "quicksort", "Sort Space Used": 25, "Sort Space Type": "Memory", "Plans": [{"Node Type": "Subquery Scan", "Parent Relationship": "Outer", "Parallel Aware": false, "Async Capable": false, "Alias": "my_revenue", "Startup Cost": 24318.93, "Total Cost": 86841.87, "Plan Rows": 1, "Plan Width": 36, "Actual Startup Time": 83498.273, "Actual Total Time": 83503.596, "Actual Rows": 1, "Actual Loops": 1, "Plans": [{"Node Type": "Aggregate", "Strategy": "Sorted", "Partial Mode": "Simple", "Parent Relationship": "Subquery", "Parallel Aware": false, "Async Capable": false, "Startup Cost": 24318.93, "Total Cost": 86841.85, "Plan Rows": 1, "Plan Width": 36, "Actual Startup Time": 83498.269, "Actual Total Time": 83503.592, "Actual Rows": 1, "Actual Loops": 1, "Group Key": ["customer.c_customer_sk"], "Plans": [{"Node Type": "Unique", "Parent Relationship": "InitPlan", "Subplan Name": "InitPlan 1 (returns $0)", "Parallel Aware": false, "Async Capable": false, "Startup Cost": 2520.55, "Total Cost": 2520.7, "Plan Rows": 30, "Plan Width": 4, "Actual Startup Time": 4.493, "Actual Total Time": 4.496, "Actual Rows": 1, "Actual Loops": 1, "Plans": [{"Node Type": "Sort", "Parent Relationship": "Outer", "Parallel Aware": false, "Async Capable": false, "Startup Cost": 2520.55, "Total Cost": 2520.62, "Plan Rows": 30, "Plan Width": 4, "Actual Startup Time": 4.491, "Actual Total Time": 4.492, "Actual Rows": 31, "Actual Loops": 1, "Sort Key": ["((date_dim_2.d_month_seq + 1))"], "Sort Method": "quicksort", "Sort Space Used": 25, "Sort Space Type": "Memory", "Plans": [{"Node Type": "Seq Scan", "Parent Relationship": "Outer", "Parallel Aware": false, "Async Capable": false, "Relation Name": "date_dim", "Alias": "date_dim_2", "Startup Cost": 0.0, "Total Cost": 2519.81, "Plan Rows": 30, "Plan Width": 4, "Actual Startup Time": 2.212, "Actual Total Time": 4.476, "Actual Rows": 31, "Actual Loops": 1, "Filter": "((d_year = 1998) AND (d_moy = 12))", "Rows Removed by Filter": 73018}]}]}, {"Node Type": "Unique", "Parent Relationship": "InitPlan", "Subplan Name": "InitPlan 2 (returns $1)", "Parallel Aware": false, "Async Capable": false, "Startup Cost": 2520.55, "Total Cost": 2520.7, "Plan Rows": 30, "Plan Width": 4, "Actual Startup Time": 3.672, "Actual Total Time": 3.675, "Actual Rows": 1, "Actual Loops": 1, "Plans": [{"Node Type": "Sort", "Parent Relationship": "Outer", "Parallel Aware": false, "Async Capable": false, "Startup Cost": 2520.55, "Total Cost": 2520.62, "Plan Rows": 30, "Plan Width": 4, "Actual Startup Time": 3.671, "Actual Total Time": 3.673, "Actual Rows": 31, "Actual Loops": 1, "Sort Key": ["((date_dim_3.d_month_seq + 3))"], "Sort Method": "quicksort", "Sort Space Used": 25, "Sort Space Type": "Memory", "Plans": [{"Node Type": "Seq Scan", "Parent Relationship": "Outer", "Parallel Aware": false, "Async Capable": false, "Relation Name": "date_dim", "Alias": "date_dim_3", "Startup Cost": 0.0, "Total Cost": 2519.81, "Plan Rows": 30, "Plan Width": 4, "Actual Startup Time": 1.879, "Actual Total Time": 3.667, "Actual Rows": 31, "Actual Loops": 1, "Filter": "((d_year = 1998) AND (d_moy = 12))", "Rows Removed by Filter": 73018}]}]}, {"Node Type": "Nested Loop", "Parent Relationship": "Outer", "Parallel Aware": false, "Async Capable": false, "Join Type": "Inner", "Startup Cost": 19277.53, "Total Cost": 81800.44, "Plan Rows": 1, "Plan Width": 10, "Actual Startup Time": 20665.784, "Actual Total Time": 83503.563, "Actual Rows": 324, "Actual Loops": 1, "Inner Unique": false, "Join Filter": "(((customer_address.ca_county)::text = (store.s_county)::text) AND (customer_address.ca_state = store.s_state))", "Rows Removed by Join Filter": 15120, "Plans": [{"Node Type": "Nested Loop", "Parent Relationship": "Outer", "Parallel Aware": false, "Async Capable": false, "Join Type": "Inner", "Startup Cost": 19277.53, "Total Cost": 81789.44, "Plan Rows": 1, "Plan Width": 27, "Actual Startup Time": 699.121, "Actual Total Time": 83500.889, "Actual Rows": 1287, "Actual Loops": 1, "Inner Unique": true, "Plans": [{"Node Type": "Nested Loop", "Parent Relationship": "Outer", "Parallel Aware": false, "Async Capable": false, "Join Type": "Inner", "Startup Cost": 19277.24, "Total Cost": 81781.13, "Plan Rows": 1, "Plan Width": 14, "Actual Startup Time": 699.09, "Actual Total Time": 83498.524, "Actual Rows": 1287, "Actual Loops": 1, "Inner Unique": false, "Join Filter": "(customer.c_customer_sk = store_sales.ss_customer_sk)", "Rows Removed by Join Filter": 122957486, "Plans": [{"Node Type": "Unique", "Parent Relationship": "Outer", "Parallel Aware": false, "Async Capable": false, "Startup Cost": 16206.01, "Total Cost": 16206.13, "Plan Rows": 1, "Plan Width": 8, "Actual Startup Time": 45.353, "Actual Total Time": 50.689, "Actual Rows": 1477, "Actual Loops": 1, "Plans": [{"Node Type": "Gather Merge", "Parent Relationship": "Outer", "Parallel Aware": false, "Async Capable": false, "Startup Cost": 16206.01, "Total Cost": 16206.13, "Plan Rows": 1, "Plan Width": 8, "Actual Startup Time": 45.352, "Actual Total Time": 49.229, "Actual Rows": 1552, "Actual Loops": 1, "Workers Planned": 1, "Workers Launched": 1, "Plans": [{"Node Type": "Unique", "Parent Relationship": "Outer", "Parallel Aware": false, "Async Capable": false, "Startup Cost": 15206.0, "Total Cost": 15206.01, "Plan Rows": 1, "Plan Width": 8, "Actual Startup Time": 44.423, "Actual Total Time": 45.268, "Actual Rows": 776, "Actual Loops": 2, "Workers": [], "Plans": [{"Node Type": "Sort", "Parent Relationship": "Outer", "Parallel Aware": false, "Async Capable": false, "Startup Cost": 15206.0, "Total Cost": 15206.0, "Plan Rows": 1, "Plan Width": 8, "Actual Startup Time": 44.423, "Actual Total Time": 44.877, "Actual Rows": 817, "Actual Loops": 2, "Sort Key": ["customer.c_customer_sk", "customer.c_current_addr_sk"], "Sort Method": "quicksort", "Sort Space Used": 53, "Sort Space Type": "Memory", "Workers": [{"Worker Number": 0, "Sort Method": "quicksort", "Sort Space Used": 47, "Sort Space Type": "Memory"}], "Plans": [{"Node Type": "Nested Loop", "Parent Relationship": "Outer", "Parallel Aware": false, "Async Capable": false, "Join Type": "Inner", "Startup Cost": 1.01, "Total Cost": 15205.99, "Plan Rows": 1, "Plan Width": 8, "Actual Startup Time": 0.664, "Actual Total Time": 44.335, "Actual Rows": 817, "Actual Loops": 2, "Inner Unique": true, "Workers": [], "Plans": [{"Node Type": "Nested Loop", "Parent Relationship": "Outer", "Parallel Aware": false, "Async Capable": false, "Join Type": "Inner", "Startup Cost": 0.72, "Total Cost": 15205.67, "Plan Rows": 1, "Plan Width": 4, "Actual Startup Time": 0.649, "Actual Total Time": 42.384, "Actual Rows": 818, "Actual Loops": 2, "Inner Unique": true, "Workers": [], "Plans": [{"Node Type": "Nested Loop", "Parent Relationship": "Outer", "Parallel Aware": false, "Async Capable": false, "Join Type": "Inner", "Startup Cost": 0.43, "Total Cost": 14262.45, "Plan Rows": 2966, "Plan Width": 8, "Actual Startup Time": 0.041, "Actual Total Time": 30.016, "Actual Rows": 24401, "Actual Loops": 2, "Inner Unique": false, "Workers": [], "Plans": [{"Node Type": "Seq Scan", "Parent Relationship": "Outer", "Parallel Aware": true, "Async Capable": false, "Relation Name": "item", "Alias": "item", "Startup Cost": 0.0, "Total Cost": 1442.82, "Plan Rows": 25, "Plan Width": 4, "Actual Startup Time": 0.017, "Actual Total Time": 2.971, "Actual Rows": 208, "Actual Loops": 2, "Filter": "((i_category = 'Women'::bpchar) AND (i_class = 'maternity'::bpchar))", "Rows Removed by Filter": 8792, "Workers": []}, {"Node Type": "Append", "Parent Relationship": "Inner", "Parallel Aware": false, "Async Capable": false, "Startup Cost": 0.43, "Total Cost": 511.48, "Plan Rows": 131, "Plan Width": 12, "Actual Startup Time": 0.006, "Actual Total Time": 0.125, "Actual Rows": 117, "Actual Loops": 417, "Workers": [], "Subplans Removed": 0, "Plans": [{"Node Type": "Index Scan", "Parent Relationship": "Member", "Parallel Aware": false, "Async Capable": false, "Scan Direction": "Forward", "Index Name": "catalog_sales_pkey", "Relation Name": "catalog_sales", "Alias": "catalog_sales", "Startup Cost": 0.43, "Total Cost": 337.82, "Plan Rows": 87, "Plan Width": 12, "Actual Startup Time": 0.006, "Actual Total Time": 0.079, "Actual Rows": 78, "Actual Loops": 417, "Index Cond": "(cs_item_sk = item.i_item_sk)", "Rows Removed by Index Recheck": 0, "Workers": []}, {"Node Type": "Index Scan", "Parent Relationship": "Member", "Parallel Aware": false, "Async Capable": false, "Scan Direction": "Forward", "Index Name": "web_sales_pkey", "Relation Name": "web_sales", "Alias": "web_sales", "Startup Cost": 0.42, "Total Cost": 173.0, "Plan Rows": 44, "Plan Width": 12, "Actual Startup Time": 0.005, "Actual Total Time": 0.041, "Actual Rows": 39, "Actual Loops": 417, "Index Cond": "(ws_item_sk = item.i_item_sk)", "Rows Removed by Index Recheck": 0, "Workers": []}]}]}, {"Node Type": "Index Scan", "Parent Relationship": "Inner", "Parallel Aware": false, "Async Capable": false, "Scan Direction": "Forward", "Index Name": "date_dim_pkey", "Relation Name": "date_dim", "Alias": "date_dim_1", "Startup Cost": 0.29, "Total Cost": 0.32, "Plan Rows": 1, "Plan Width": 4, "Actual Startup Time": 0.0, "Actual Total Time": 0.0, "Actual Rows": 0, "Actual Loops": 48802, "Index Cond": "(d_date_sk = catalog_sales.cs_sold_date_sk)", "Rows Removed by Index Recheck": 0, "Filter": "((d_moy = 12) AND (d_year = 1998))", "Rows Removed by Filter": 1, "Workers": []}]}, {"Node Type": "Index Scan", "Parent Relationship": "Inner", "Parallel Aware": false, "Async Capable": false, "Scan Direction": "Forward", "Index Name": "customer_pkey", "Relation Name": "customer", "Alias": "customer", "Startup Cost": 0.29, "Total Cost": 0.32, "Plan Rows": 1, "Plan Width": 8, "Actual Startup Time": 0.002, "Actual Total Time": 0.002, "Actual Rows": 1, "Actual Loops": 1637, "Index Cond": "(c_customer_sk = catalog_sales.cs_bill_customer_sk)", "Rows Removed by Index Recheck": 0, "Workers": []}]}]}]}]}]}, {"Node Type": "Gather", "Parent Relationship": "Inner", "Parallel Aware": false, "Async Capable": false, "Startup Cost": 3071.24, "Total Cost": 65395.07, "Plan Rows": 14394, "Plan Width": 10, "Actual Startup Time": 7.627, "Actual Total Time": 54.427, "Actual Rows": 83249, "Actual Loops": 1477, "Workers Planned": 4, "Params Evaluated": ["$0", "$1"], "Workers Launched": 4, "Single Copy": false, "Plans": [{"Node Type": "Hash Join", "Parent Relationship": "Outer", "Parallel Aware": true, "Async Capable": false, "Join Type": "Inner", "Startup Cost": 2071.24, "Total Cost": 62955.67, "Plan Rows": 3598, "Plan Width": 10, "Actual Startup Time": 0.958, "Actual Total Time": 48.188, "Actual Rows": 16650, "Actual Loops": 7385, "Inner Unique": true, "Hash Cond": "(store_sales.ss_sold_date_sk = date_dim.d_date_sk)", "Workers": [], "Plans": [{"Node Type": "Seq Scan", "Parent Relationship": "Outer", "Parallel Aware": true, "Async Capable": false, "Relation Name": "store_sales", "Alias": "store_sales", "Startup Cost": 0.0, "Total Cost": 58993.85, "Plan Rows": 720185, "Plan Width": 14, "Actual Startup Time": 0.005, "Actual Total Time": 23.509, "Actual Rows": 576081, "Actual Loops": 7385, "Workers": []}, {"Node Type": "Hash", "Parent Relationship": "Inner", "Parallel Aware": true, "Async Capable": false, "Startup Cost": 2068.55, "Total Cost": 2068.55, "Plan Rows": 215, "Plan Width": 4, "Actual Startup Time": 0.844, "Actual Total Time": 0.844, "Actual Rows": 18, "Actual Loops": 7385, "Hash Buckets": 1024, "Original Hash Buckets": 1024, "Hash Batches": 1, "Original Hash Batches": 1, "Peak Memory Usage": 104, "Workers": [], "Plans": [{"Node Type": "Seq Scan", "Parent Relationship": "Outer", "Parallel Aware": true, "Async Capable": false, "Relation Name": "date_dim", "Alias": "date_dim", "Startup Cost": 0.0, "Total Cost": 2068.55, "Plan Rows": 215, "Plan Width": 4, "Actual Startup Time": 0.557, "Actual Total Time": 0.826, "Actual Rows": 18, "Actual Loops": 7364, "Filter": "((d_month_seq >= $0) AND (d_month_seq <= $1))", "Rows Removed by Filter": 14633, "Workers": []}]}]}]}]}, {"Node Type": "Index Scan", "Parent Relationship": "Inner", "Parallel Aware": false, "Async Capable": false, "Scan Direction": "Forward", "Index Name": "customer_address_pkey", "Relation Name": "customer_address", "Alias": "customer_address", "Startup Cost": 0.29, "Total Cost": 8.31, "Plan Rows": 1, "Plan Width": 21, "Actual Startup Time": 0.001, "Actual Total Time": 0.001, "Actual Rows": 1, "Actual Loops": 1287, "Index Cond": "(ca_address_sk = customer.c_current_addr_sk)", "Rows Removed by Index Recheck": 0}]}, {"Node Type": "Seq Scan", "Parent Relationship": "Inner", "Parallel Aware": false, "Async Capable": false, "Relation Name": "store", "Alias": "store", "Startup Cost": 0.0, "Total Cost": 10.4, "Plan Rows": 40, "Plan Width": 90, "Actual Startup Time": 0.0, "Actual Total Time": 0.001, "Actual Rows": 12, "Actual Loops": 1287}]}]}]}]}]}]}]}, "Planning Time": 0.939, "Triggers": [], "Execution Time": 83503.738}