{"Plan": {"Node Type": "Limit", "Parallel Aware": false, "Async Capable": false, "Startup Cost": 64048.46, "Total Cost": 64048.51, "Plan Rows": 22, "Plan Width": 87, "Actual Startup Time": 66.259, "Actual Total Time": 70.47, "Actual Rows": 100, "Actual Loops": 1, "Plans": [{"Node Type": "Sort", "Parent Relationship": "Outer", "Parallel Aware": false, "Async Capable": false, "Startup Cost": 64048.46, "Total Cost": 64048.51, "Plan Rows": 22, "Plan Width": 87, "Actual Startup Time": 66.256, "Actual Total Time": 70.464, "Actual Rows": 100, "Actual Loops": 1, "Sort Key": ["(sum(store_sales.ss_ext_sales_price)) DESC", "item.i_brand_id"], "Sort Method": "quicksort", "Sort Space Used": 38, "Sort Space Type": "Memory", "Plans": [{"Node Type": "Aggregate", "Strategy": "Sorted", "Partial Mode": "Simple", "Parent Relationship": "Outer", "Parallel Aware": false, "Async Capable": false, "Startup Cost": 64047.47, "Total Cost": 64047.97, "Plan Rows": 22, "Plan Width": 87, "Actual Startup Time": 66.025, "Actual Total Time": 70.394, "Actual Rows": 104, "Actual Loops": 1, "Group Key": ["item.i_brand", "item.i_brand_id"], "Plans": [{"Node Type": "Sort", "Parent Relationship": "Outer", "Parallel Aware": false, "Async Capable": false, "Startup Cost": 64047.47, "Total Cost": 64047.53, "Plan Rows": 22, "Plan Width": 61, "Actual Startup Time": 66.004, "Actual Total Time": 70.245, "Actual Rows": 1708, "Actual Loops": 1, "Sort Key": ["item.i_brand", "item.i_brand_id"], "Sort Method": "quicksort", "Sort Space Used": 195, "Sort Space Type": "Memory", "Plans": [{"Node Type": "Gather", "Parent Relationship": "Outer", "Parallel Aware": false, "Async Capable": false, "Startup Cost": 3069.06, "Total Cost": 64046.98, "Plan Rows": 22, "Plan Width": 61, "Actual Startup Time": 2.848, "Actual Total Time": 69.052, "Actual Rows": 1708, "Actual Loops": 1, "Workers Planned": 4, "Workers Launched": 4, "Single Copy": false, "Plans": [{"Node Type": "Nested Loop", "Parent Relationship": "Outer", "Parallel Aware": false, "Async Capable": false, "Join Type": "Inner", "Startup Cost": 2069.06, "Total Cost": 63044.78, "Plan Rows": 6, "Plan Width": 61, "Actual Startup Time": 1.215, "Actual Total Time": 63.248, "Actual Rows": 342, "Actual Loops": 5, "Inner Unique": true, "Workers": [], "Plans": [{"Node Type": "Hash Join", "Parent Relationship": "Outer", "Parallel Aware": true, "Async Capable": false, "Join Type": "Inner", "Startup Cost": 2068.78, "Total Cost": 62953.21, "Plan Rows": 296, "Plan Width": 10, "Actual Startup Time": 1.114, "Actual Total Time": 50.285, "Actual Rows": 17256, "Actual Loops": 5, "Inner Unique": true, "Hash Cond": "(store_sales.ss_sold_date_sk = date_dim.d_date_sk)", "Workers": [], "Plans": [{"Node Type": "Seq Scan", "Parent Relationship": "Outer", "Parallel Aware": true, "Async Capable": false, "Relation Name": "store_sales", "Alias": "store_sales", "Startup Cost": 0.0, "Total Cost": 58993.85, "Plan Rows": 720185, "Plan Width": 14, "Actual Startup Time": 0.006, "Actual Total Time": 24.747, "Actual Rows": 576081, "Actual Loops": 5, "Workers": []}, {"Node Type": "Hash", "Parent Relationship": "Inner", "Parallel Aware": true, "Async Capable": false, "Startup Cost": 2068.55, "Total Cost": 2068.55, "Plan Rows": 18, "Plan Width": 4, "Actual Startup Time": 0.994, "Actual Total Time": 0.995, "Actual Rows": 6, "Actual Loops": 5, "Hash Buckets": 1024, "Original Hash Buckets": 1024, "Hash Batches": 1, "Original Hash Batches": 1, "Peak Memory Usage": 40, "Workers": [], "Plans": [{"Node Type": "Seq Scan", "Parent Relationship": "Outer", "Parallel Aware": true, "Async Capable": false, "Relation Name": "date_dim", "Alias": "date_dim", "Startup Cost": 0.0, "Total Cost": 2068.55, "Plan Rows": 18, "Plan Width": 4, "Actual Startup Time": 0.883, "Actual Total Time": 0.98, "Actual Rows": 6, "Actual Loops": 5, "Filter": "((d_moy = 11) AND (d_year = 1999))", "Rows Removed by Filter": 14604, "Workers": []}]}]}, {"Node Type": "Index Scan", "Parent Relationship": "Inner", "Parallel Aware": false, "Async Capable": false, "Scan Direction": "Forward", "Index Name": "item_pkey", "Relation Name": "item", "Alias": "item", "Startup Cost": 0.29, "Total Cost": 0.31, "Plan Rows": 1, "Plan Width": 59, "Actual Startup Time": 0.001, "Actual Total Time": 0.001, "Actual Rows": 0, "Actual Loops": 86281, "Index Cond": "(i_item_sk = store_sales.ss_item_sk)", "Rows Removed by Index Recheck": 0, "Filter": "(i_manager_id = 28)", "Rows Removed by Filter": 1, "Workers": []}]}]}]}]}]}]}, "Planning Time": 0.398, "Triggers": [], "Execution Time": 70.57}