{"Plan": {"Node Type": "Limit", "Parallel Aware": false, "Async Capable": false, "Startup Cost": 39121.84, "Total Cost": 39121.93, "Plan Rows": 39, "Plan Width": 49, "Actual Startup Time": 130.928, "Actual Total Time": 133.446, "Actual Rows": 100, "Actual Loops": 1, "Plans": [{"Node Type": "Sort", "Parent Relationship": "Outer", "Parallel Aware": false, "Async Capable": false, "Startup Cost": 39121.84, "Total Cost": 39121.93, "Plan Rows": 39, "Plan Width": 49, "Actual Startup Time": 130.927, "Actual Total Time": 133.437, "Actual Rows": 100, "Actual Loops": 1, "Sort Key": ["(sum((sum(store_sales.ss_ext_sales_price)))) NULLS FIRST", "item.i_item_id NULLS FIRST"], "Sort Method": "top-N heapsort", "Sort Space Used": 37, "Sort Space Type": "Memory", "Plans": [{"Node Type": "Aggregate", "Strategy": "Sorted", "Partial Mode": "Simple", "Parent Relationship": "Outer", "Parallel Aware": false, "Async Capable": false, "Startup Cost": 39120.02, "Total Cost": 39120.8, "Plan Rows": 39, "Plan Width": 49, "Actual Startup Time": 130.554, "Actual Total Time": 133.273, "Actual Rows": 402, "Actual Loops": 1, "Group Key": ["item.i_item_id"], "Plans": [{"Node Type": "Sort", "Parent Relationship": "Outer", "Parallel Aware": false, "Async Capable": false, "Startup Cost": 39120.02, "Total Cost": 39120.12, "Plan Rows": 39, "Plan Width": 49, "Actual Startup Time": 130.548, "Actual Total Time": 133.081, "Actual Rows": 621, "Actual Loops": 1, "Sort Key": ["item.i_item_id NULLS FIRST"], "Sort Method": "quicksort", "Sort Space Used": 54, "Sort Space Type": "Memory", "Plans": [{"Node Type": "Append", "Parent Relationship": "Outer", "Parallel Aware": false, "Async Capable": false, "Startup Cost": 17370.1, "Total Cost": 39118.99, "Plan Rows": 39, "Plan Width": 49, "Actual Startup Time": 60.143, "Actual Total Time": 132.463, "Actual Rows": 621, "Actual Loops": 1, "Subplans Removed": 0, "Plans": [{"Node Type": "Aggregate", "Strategy": "Sorted", "Partial Mode": "Finalize", "Parent Relationship": "Member", "Parallel Aware": false, "Async Capable": false, "Startup Cost": 17370.1, "Total Cost": 17372.2, "Plan Rows": 22, "Plan Width": 49, "Actual Startup Time": 60.142, "Actual Total Time": 60.511, "Actual Rows": 315, "Actual Loops": 1, "Group Key": ["item.i_item_id"], "Plans": [{"Node Type": "Gather Merge", "Parent Relationship": "Outer", "Parallel Aware": false, "Async Capable": false, "Startup Cost": 17370.1, "Total Cost": 17371.82, "Plan Rows": 13, "Plan Width": 49, "Actual Startup Time": 60.137, "Actual Total Time": 60.423, "Actual Rows": 315, "Actual Loops": 1, "Workers Planned": 1, "Workers Launched": 1, "Plans": [{"Node Type": "Aggregate", "Strategy": "Sorted", "Partial Mode": "Partial", "Parent Relationship": "Outer", "Parallel Aware": false, "Async Capable": false, "Startup Cost": 16370.09, "Total Cost": 16370.35, "Plan Rows": 13, "Plan Width": 49, "Actual Startup Time": 59.025, "Actual Total Time": 59.075, "Actual Rows": 158, "Actual Loops": 2, "Group Key": ["item.i_item_id"], "Workers": [], "Plans": [{"Node Type": "Sort", "Parent Relationship": "Outer", "Parallel Aware": false, "Async Capable": false, "Startup Cost": 16370.09, "Total Cost": 16370.12, "Plan Rows": 13, "Plan Width": 23, "Actual Startup Time": 59.016, "Actual Total Time": 59.026, "Actual Rows": 240, "Actual Loops": 2, "Sort Key": ["item.i_item_id"], "Sort Method": "quicksort", "Sort Space Used": 36, "Sort Space Type": "Memory", "Workers": [{"Worker Number": 0, "Sort Method": "quicksort", "Sort Space Used": 36, "Sort Space Type": "Memory"}], "Plans": [{"Node Type": "Nested Loop", "Parent Relationship": "Outer", "Parallel Aware": false, "Async Capable": false, "Join Type": "Inner", "Startup Cost": 3502.73, "Total Cost": 16369.85, "Plan Rows": 13, "Plan Width": 23, "Actual Startup Time": 7.661, "Actual Total Time": 58.874, "Actual Rows": 240, "Actual Loops": 2, "Inner Unique": true, "Workers": [], "Plans": [{"Node Type": "Hash Join", "Parent Relationship": "Outer", "Parallel Aware": true, "Async Capable": false, "Join Type": "Inner", "Startup Cost": 3502.44, "Total Cost": 16358.63, "Plan Rows": 36, "Plan Width": 27, "Actual Startup Time": 6.673, "Actual Total Time": 57.464, "Actual Rows": 673, "Actual Loops": 2, "Inner Unique": true, "Hash Cond": "(store_sales.ss_sold_date_sk = date_dim.d_date_sk)", "Workers": [], "Plans": [{"Node Type": "Nested Loop", "Parent Relationship": "Outer", "Parallel Aware": false, "Async Capable": false, "Join Type": "Inner", "Startup Cost": 1433.69, "Total Cost": 14042.05, "Plan Rows": 94406, "Plan Width": 31, "Actual Startup Time": 3.908, "Actual Total Time": 53.037, "Actual Rows": 78438, "Actual Loops": 2, "Inner Unique": false, "Workers": [], "Plans": [{"Node Type": "Hash Join", "Parent Relationship": "Outer", "Parallel Aware": true, "Async Capable": false, "Join Type": "Semi", "Startup Cost": 1433.26, "Total Cost": 2858.24, "Plan Rows": 590, "Plan Width": 21, "Actual Startup Time": 3.888, "Actual Total Time": 5.584, "Actual Rows": 568, "Actual Loops": 2, "Inner Unique": false, "Hash Cond": "(item.i_item_id = item_1.i_item_id)", "Workers": [], "Plans": [{"Node Type": "Seq Scan", "Parent Relationship": "Outer", "Parallel Aware": true, "Async Capable": false, "Relation Name": "item", "Alias": "item", "Startup Cost": 0.0, "Total Cost": 1389.88, "Plan Rows": 10588, "Plan Width": 21, "Actual Startup Time": 0.0, "Actual Total Time": 0.411, "Actual Rows": 9000, "Actual Loops": 2, "Workers": []}, {"Node Type": "Hash", "Parent Relationship": "Inner", "Parallel Aware": true, "Async Capable": false, "Startup Cost": 1429.59, "Total Cost": 1429.59, "Plan Rows": 294, "Plan Width": 17, "Actual Startup Time": 3.866, "Actual Total Time": 3.867, "Actual Rows": 250, "Actual Loops": 2, "Hash Buckets": 1024, "Original Hash Buckets": 1024, "Hash Batches": 1, "Original Hash Batches": 1, "Peak Memory Usage": 72, "Workers": [], "Plans": [{"Node Type": "Seq Scan", "Parent Relationship": "Outer", "Parallel Aware": true, "Async Capable": false, "Relation Name": "item", "Alias": "item_1", "Startup Cost": 0.0, "Total Cost": 1429.59, "Plan Rows": 294, "Plan Width": 17, "Actual Startup Time": 0.033, "Actual Total Time": 3.834, "Actual Rows": 250, "Actual Loops": 2, "Filter": "(i_color = ANY ('{slate,blanched,burnished}'::bpchar[]))", "Rows Removed by Filter": 8750, "Workers": []}]}]}, {"Node Type": "Index Scan", "Parent Relationship": "Inner", "Parallel Aware": false, "Async Capable": false, "Scan Direction": "Forward", "Index Name": "store_sales_pkey", "Relation Name": "store_sales", "Alias": "store_sales", "Startup Cost": 0.43, "Total Cost": 17.21, "Plan Rows": 175, "Plan Width": 18, "Actual Startup Time": 0.004, "Actual Total Time": 0.073, "Actual Rows": 138, "Actual Loops": 1137, "Index Cond": "(ss_item_sk = item.i_item_sk)", "Rows Removed by Index Recheck": 0, "Workers": []}]}, {"Node Type": "Hash", "Parent Relationship": "Inner", "Parallel Aware": true, "Async Capable": false, "Startup Cost": 2068.55, "Total Cost": 2068.55, "Plan Rows": 16, "Plan Width": 4, "Actual Startup Time": 2.149, "Actual Total Time": 2.15, "Actual Rows": 14, "Actual Loops": 2, "Hash Buckets": 1024, "Original Hash Buckets": 1024, "Hash Batches": 1, "Original Hash Batches": 1, "Peak Memory Usage": 40, "Workers": [], "Plans": [{"Node Type": "Seq Scan", "Parent Relationship": "Outer", "Parallel Aware": true, "Async Capable": false, "Relation Name": "date_dim", "Alias": "date_dim", "Startup Cost": 0.0, "Total Cost": 2068.55, "Plan Rows": 16, "Plan Width": 4, "Actual Startup Time": 1.626, "Actual Total Time": 2.143, "Actual Rows": 14, "Actual Loops": 2, "Filter": "((d_year = 2001) AND (d_moy = 2))", "Rows Removed by Filter": 36510, "Workers": []}]}]}, {"Node Type": "Index Scan", "Parent Relationship": "Inner", "Parallel Aware": false, "Async Capable": false, "Scan Direction": "Forward", "Index Name": "customer_address_pkey", "Relation Name": "customer_address", "Alias": "customer_address", "Startup Cost": 0.29, "Total Cost": 0.31, "Plan Rows": 1, "Plan Width": 4, "Actual Startup Time": 0.002, "Actual Total Time": 0.002, "Actual Rows": 0, "Actual Loops": 1346, "Index Cond": "(ca_address_sk = store_sales.ss_addr_sk)", "Rows Removed by Index Recheck": 0, "Filter": "(ca_gmt_offset = '-5'::numeric)", "Rows Removed by Filter": 1, "Workers": []}]}]}]}]}]}, {"Node Type": "Aggregate", "Strategy": "Sorted", "Partial Mode": "Finalize", "Parent Relationship": "Member", "Parallel Aware": false, "Async Capable": false, "Startup Cost": 12941.02, "Total Cost": 12942.0, "Plan Rows": 11, "Plan Width": 49, "Actual Startup Time": 46.148, "Actual Total Time": 46.381, "Actual Rows": 200, "Actual Loops": 1, "Group Key": ["item_2.i_item_id"], "Plans": [{"Node Type": "Gather Merge", "Parent Relationship": "Outer", "Parallel Aware": false, "Async Capable": false, "Startup Cost": 12941.02, "Total Cost": 12941.82, "Plan Rows": 6, "Plan Width": 49, "Actual Startup Time": 46.143, "Actual Total Time": 46.325, "Actual Rows": 200, "Actual Loops": 1, "Workers Planned": 1, "Workers Launched": 1, "Plans": [{"Node Type": "Aggregate", "Strategy": "Sorted", "Partial Mode": "Partial", "Parent Relationship": "Outer", "Parallel Aware": false, "Async Capable": false, "Startup Cost": 11941.01, "Total Cost": 11941.13, "Plan Rows": 6, "Plan Width": 49, "Actual Startup Time": 44.71, "Actual Total Time": 44.74, "Actual Rows": 100, "Actual Loops": 2, "Group Key": ["item_2.i_item_id"], "Workers": [], "Plans": [{"Node Type": "Sort", "Parent Relationship": "Outer", "Parallel Aware": false, "Async Capable": false, "Startup Cost": 11941.01, "Total Cost": 11941.03, "Plan Rows": 6, "Plan Width": 23, "Actual Startup Time": 44.704, "Actual Total Time": 44.711, "Actual Rows": 124, "Actual Loops": 2, "Sort Key": ["item_2.i_item_id"], "Sort Method": "quicksort", "Sort Space Used": 29, "Sort Space Type": "Memory", "Workers": [{"Worker Number": 0, "Sort Method": "quicksort", "Sort Space Used": 31, "Sort Space Type": "Memory"}], "Plans": [{"Node Type": "Nested Loop", "Parent Relationship": "Outer", "Parallel Aware": false, "Async Capable": false, "Join Type": "Inner", "Startup Cost": 1434.28, "Total Cost": 11940.93, "Plan Rows": 6, "Plan Width": 23, "Actual Startup Time": 4.503, "Actual Total Time": 44.629, "Actual Rows": 124, "Actual Loops": 2, "Inner Unique": true, "Workers": [], "Plans": [{"Node Type": "Nested Loop", "Parent Relationship": "Outer", "Parallel Aware": false, "Async Capable": false, "Join Type": "Inner", "Startup Cost": 1433.99, "Total Cost": 11935.29, "Plan Rows": 18, "Plan Width": 27, "Actual Startup Time": 4.188, "Actual Total Time": 43.947, "Actual Rows": 340, "Actual Loops": 2, "Inner Unique": true, "Workers": [], "Plans": [{"Node Type": "Nested Loop", "Parent Relationship": "Outer", "Parallel Aware": false, "Async Capable": false, "Join Type": "Inner", "Startup Cost": 1433.69, "Total Cost": 10169.3, "Plan Rows": 47240, "Plan Width": 31, "Actual Startup Time": 3.354, "Actual Total Time": 38.175, "Actual Rows": 39318, "Actual Loops": 2, "Inner Unique": false, "Workers": [], "Plans": [{"Node Type": "Hash Join", "Parent Relationship": "Outer", "Parallel Aware": true, "Async Capable": false, "Join Type": "Semi", "Startup Cost": 1433.26, "Total Cost": 2858.24, "Plan Rows": 590, "Plan Width": 21, "Actual Startup Time": 3.331, "Actual Total Time": 5.17, "Actual Rows": 568, "Actual Loops": 2, "Inner Unique": false, "Hash Cond": "(item_2.i_item_id = item_3.i_item_id)", "Workers": [], "Plans": [{"Node Type": "Seq Scan", "Parent Relationship": "Outer", "Parallel Aware": true, "Async Capable": false, "Relation Name": "item", "Alias": "item_2", "Startup Cost": 0.0, "Total Cost": 1389.88, "Plan Rows": 10588, "Plan Width": 21, "Actual Startup Time": 0.002, "Actual Total Time": 0.488, "Actual Rows": 9000, "Actual Loops": 2, "Workers": []}, {"Node Type": "Hash", "Parent Relationship": "Inner", "Parallel Aware": true, "Async Capable": false, "Startup Cost": 1429.59, "Total Cost": 1429.59, "Plan Rows": 294, "Plan Width": 17, "Actual Startup Time": 3.218, "Actual Total Time": 3.218, "Actual Rows": 250, "Actual Loops": 2, "Hash Buckets": 1024, "Original Hash Buckets": 1024, "Hash Batches": 1, "Original Hash Batches": 1, "Peak Memory Usage": 72, "Workers": [], "Plans": [{"Node Type": "Seq Scan", "Parent Relationship": "Outer", "Parallel Aware": true, "Async Capable": false, "Relation Name": "item", "Alias": "item_3", "Startup Cost": 0.0, "Total Cost": 1429.59, "Plan Rows": 294, "Plan Width": 17, "Actual Startup Time": 0.038, "Actual Total Time": 3.189, "Actual Rows": 250, "Actual Loops": 2, "Filter": "(i_color = ANY ('{slate,blanched,burnished}'::bpchar[]))", "Rows Removed by Filter": 8750, "Workers": []}]}]}, {"Node Type": "Index Scan", "Parent Relationship": "Inner", "Parallel Aware": false, "Async Capable": false, "Scan Direction": "Forward", "Index Name": "catalog_sales_pkey", "Relation Name": "catalog_sales", "Alias": "catalog_sales", "Startup Cost": 0.43, "Total Cost": 11.52, "Plan Rows": 87, "Plan Width": 18, "Actual Startup Time": 0.003, "Actual Total Time": 0.053, "Actual Rows": 69, "Actual Loops": 1137, "Index Cond": "(cs_item_sk = item_2.i_item_sk)", "Rows Removed by Index Recheck": 0, "Workers": []}]}, {"Node Type": "Memoize", "Parent Relationship": "Inner", "Parallel Aware": false, "Async Capable": false, "Startup Cost": 0.3, "Total Cost": 0.33, "Plan Rows": 1, "Plan Width": 4, "Actual Startup Time": 0.0, "Actual Total Time": 0.0, "Actual Rows": 0, "Actual Loops": 78637, "Cache Key": "catalog_sales.cs_sold_date_sk", "Cache Mode": "logical", "Cache Hits": 37848, "Cache Misses": 1831, "Cache Evictions": 0, "Cache Overflows": 0, "Peak Memory Usage": 123, "Workers": [{"Worker Number": 0, "Cache Hits": 37127, "Cache Misses": 1831, "Cache Evictions": 0, "Cache Overflows": 0, "Peak Memory Usage": 123}], "Plans": [{"Node Type": "Index Scan", "Parent Relationship": "Outer", "Parallel Aware": false, "Async Capable": false, "Scan Direction": "Forward", "Index Name": "date_dim_pkey", "Relation Name": "date_dim", "Alias": "date_dim_1", "Startup Cost": 0.29, "Total Cost": 0.32, "Plan Rows": 1, "Plan Width": 4, "Actual Startup Time": 0.001, "Actual Total Time": 0.001, "Actual Rows": 0, "Actual Loops": 3662, "Index Cond": "(d_date_sk = catalog_sales.cs_sold_date_sk)", "Rows Removed by Index Recheck": 0, "Filter": "((d_year = 2001) AND (d_moy = 2))", "Rows Removed by Filter": 1, "Workers": []}]}]}, {"Node Type": "Index Scan", "Parent Relationship": "Inner", "Parallel Aware": false, "Async Capable": false, "Scan Direction": "Forward", "Index Name": "customer_address_pkey", "Relation Name": "customer_address", "Alias": "customer_address_1", "Startup Cost": 0.29, "Total Cost": 0.31, "Plan Rows": 1, "Plan Width": 4, "Actual Startup Time": 0.002, "Actual Total Time": 0.002, "Actual Rows": 0, "Actual Loops": 681, "Index Cond": "(ca_address_sk = catalog_sales.cs_bill_addr_sk)", "Rows Removed by Index Recheck": 0, "Filter": "(ca_gmt_offset = '-5'::numeric)", "Rows Removed by Filter": 1, "Workers": []}]}]}]}]}]}, {"Node Type": "Aggregate", "Strategy": "Sorted", "Partial Mode": "Finalize", "Parent Relationship": "Member", "Parallel Aware": false, "Async Capable": false, "Startup Cost": 8803.97, "Total Cost": 8804.6, "Plan Rows": 6, "Plan Width": 49, "Actual Startup Time": 23.292, "Actual Total Time": 25.54, "Actual Rows": 106, "Actual Loops": 1, "Group Key": ["item_4.i_item_id"], "Plans": [{"Node Type": "Gather Merge", "Parent Relationship": "Outer", "Parallel Aware": false, "Async Capable": false, "Startup Cost": 8803.97, "Total Cost": 8804.5, "Plan Rows": 4, "Plan Width": 49, "Actual Startup Time": 23.286, "Actual Total Time": 25.506, "Actual Rows": 106, "Actual Loops": 1, "Workers Planned": 1, "Workers Launched": 1, "Plans": [{"Node Type": "Aggregate", "Strategy": "Sorted", "Partial Mode": "Partial", "Parent Relationship": "Outer", "Parallel Aware": false, "Async Capable": false, "Startup Cost": 7803.96, "Total Cost": 7804.04, "Plan Rows": 4, "Plan Width": 49, "Actual Startup Time": 22.017, "Actual Total Time": 22.033, "Actual Rows": 53, "Actual Loops": 2, "Group Key": ["item_4.i_item_id"], "Workers": [], "Plans": [{"Node Type": "Sort", "Parent Relationship": "Outer", "Parallel Aware": false, "Async Capable": false, "Startup Cost": 7803.96, "Total Cost": 7803.97, "Plan Rows": 4, "Plan Width": 23, "Actual Startup Time": 22.011, "Actual Total Time": 22.014, "Actual Rows": 60, "Actual Loops": 2, "Sort Key": ["item_4.i_item_id"], "Sort Method": "quicksort", "Sort Space Used": 28, "Sort Space Type": "Memory", "Workers": [{"Worker Number": 0, "Sort Method": "quicksort", "Sort Space Used": 27, "Sort Space Type": "Memory"}], "Plans": [{"Node Type": "Nested Loop", "Parent Relationship": "Outer", "Parallel Aware": false, "Async Capable": false, "Join Type": "Inner", "Startup Cost": 1434.28, "Total Cost": 7803.92, "Plan Rows": 4, "Plan Width": 23, "Actual Startup Time": 4.849, "Actual Total Time": 21.971, "Actual Rows": 60, "Actual Loops": 2, "Inner Unique": true, "Workers": [], "Plans": [{"Node Type": "Nested Loop", "Parent Relationship": "Outer", "Parallel Aware": false, "Async Capable": false, "Join Type": "Inner", "Startup Cost": 1433.99, "Total Cost": 7801.07, "Plan Rows": 9, "Plan Width": 27, "Actual Startup Time": 3.86, "Actual Total Time": 21.544, "Actual Rows": 210, "Actual Loops": 2, "Inner Unique": true, "Workers": [], "Plans": [{"Node Type": "Nested Loop", "Parent Relationship": "Outer", "Parallel Aware": false, "Async Capable": false, "Join Type": "Inner", "Startup Cost": 1433.69, "Total Cost": 6620.67, "Plan Rows": 23575, "Plan Width": 31, "Actual Startup Time": 3.454, "Actual Total Time": 17.881, "Actual Rows": 19670, "Actual Loops": 2, "Inner Unique": false, "Workers": [], "Plans": [{"Node Type": "Hash Join", "Parent Relationship": "Outer", "Parallel Aware": true, "Async Capable": false, "Join Type": "Semi", "Startup Cost": 1433.26, "Total Cost": 2858.24, "Plan Rows": 590, "Plan Width": 21, "Actual Startup Time": 3.433, "Actual Total Time": 5.129, "Actual Rows": 568, "Actual Loops": 2, "Inner Unique": false, "Hash Cond": "(item_4.i_item_id = item_5.i_item_id)", "Workers": [], "Plans": [{"Node Type": "Seq Scan", "Parent Relationship": "Outer", "Parallel Aware": true, "Async Capable": false, "Relation Name": "item", "Alias": "item_4", "Startup Cost": 0.0, "Total Cost": 1389.88, "Plan Rows": 10588, "Plan Width": 21, "Actual Startup Time": 0.002, "Actual Total Time": 0.456, "Actual Rows": 9000, "Actual Loops": 2, "Workers": []}, {"Node Type": "Hash", "Parent Relationship": "Inner", "Parallel Aware": true, "Async Capable": false, "Startup Cost": 1429.59, "Total Cost": 1429.59, "Plan Rows": 294, "Plan Width": 17, "Actual Startup Time": 3.32, "Actual Total Time": 3.321, "Actual Rows": 250, "Actual Loops": 2, "Hash Buckets": 1024, "Original Hash Buckets": 1024, "Hash Batches": 1, "Original Hash Batches": 1, "Peak Memory Usage": 72, "Workers": [], "Plans": [{"Node Type": "Seq Scan", "Parent Relationship": "Outer", "Parallel Aware": true, "Async Capable": false, "Relation Name": "item", "Alias": "item_5", "Startup Cost": 0.0, "Total Cost": 1429.59, "Plan Rows": 294, "Plan Width": 17, "Actual Startup Time": 0.039, "Actual Total Time": 3.294, "Actual Rows": 250, "Actual Loops": 2, "Filter": "(i_color = ANY ('{slate,blanched,burnished}'::bpchar[]))", "Rows Removed by Filter": 8750, "Workers": []}]}]}, {"Node Type": "Index Scan", "Parent Relationship": "Inner", "Parallel Aware": false, "Async Capable": false, "Scan Direction": "Forward", "Index Name": "web_sales_pkey", "Relation Name": "web_sales", "Alias": "web_sales", "Startup Cost": 0.42, "Total Cost": 5.94, "Plan Rows": 44, "Plan Width": 18, "Actual Startup Time": 0.003, "Actual Total Time": 0.02, "Actual Rows": 35, "Actual Loops": 1137, "Index Cond": "(ws_item_sk = item_4.i_item_sk)", "Rows Removed by Index Recheck": 0, "Workers": []}]}, {"Node Type": "Memoize", "Parent Relationship": "Inner", "Parallel Aware": false, "Async Capable": false, "Startup Cost": 0.3, "Total Cost": 0.33, "Plan Rows": 1, "Plan Width": 4, "Actual Startup Time": 0.0, "Actual Total Time": 0.0, "Actual Rows": 0, "Actual Loops": 39339, "Cache Key": "web_sales.ws_sold_date_sk", "Cache Mode": "logical", "Cache Hits": 20741, "Cache Misses": 1823, "Cache Evictions": 0, "Cache Overflows": 0, "Peak Memory Usage": 123, "Workers": [{"Worker Number": 0, "Cache Hits": 14963, "Cache Misses": 1812, "Cache Evictions": 0, "Cache Overflows": 0, "Peak Memory Usage": 122}], "Plans": [{"Node Type": "Index Scan", "Parent Relationship": "Outer", "Parallel Aware": false, "Async Capable": false, "Scan Direction": "Forward", "Index Name": "date_dim_pkey", "Relation Name": "date_dim", "Alias": "date_dim_2", "Startup Cost": 0.29, "Total Cost": 0.32, "Plan Rows": 1, "Plan Width": 4, "Actual Startup Time": 0.001, "Actual Total Time": 0.001, "Actual Rows": 0, "Actual Loops": 3635, "Index Cond": "(d_date_sk = web_sales.ws_sold_date_sk)", "Rows Removed by Index Recheck": 0, "Filter": "((d_year = 2001) AND (d_moy = 2))", "Rows Removed by Filter": 1, "Workers": []}]}]}, {"Node Type": "Index Scan", "Parent Relationship": "Inner", "Parallel Aware": false, "Async Capable": false, "Scan Direction": "Forward", "Index Name": "customer_address_pkey", "Relation Name": "customer_address", "Alias": "customer_address_2", "Startup Cost": 0.29, "Total Cost": 0.32, "Plan Rows": 1, "Plan Width": 4, "Actual Startup Time": 0.002, "Actual Total Time": 0.002, "Actual Rows": 0, "Actual Loops": 419, "Index Cond": "(ca_address_sk = web_sales.ws_bill_addr_sk)", "Rows Removed by Index Recheck": 0, "Filter": "(ca_gmt_offset = '-5'::numeric)", "Rows Removed by Filter": 1, "Workers": []}]}]}]}]}]}]}]}]}]}]}, "Planning Time": 1.378, "Triggers": [], "Execution Time": 133.684}