{"Plan": {"Node Type": "Limit", "Parallel Aware": false, "Async Capable": false, "Startup Cost": 48711.86, "Total Cost": 48711.86, "Plan Rows": 1, "Plan Width": 694, "Actual Startup Time": 329.479, "Actual Total Time": 329.604, "Actual Rows": 100, "Actual Loops": 1, "Plans": [{"Node Type": "WindowAgg", "Parent Relationship": "InitPlan", "Subplan Name": "CTE v1", "Parallel Aware": false, "Async Capable": false, "Startup Cost": 46168.09, "Total Cost": 47793.54, "Plan Rows": 8347, "Plan Width": 300, "Actual Startup Time": 172.243, "Actual Total Time": 284.553, "Actual Rows": 32775, "Actual Loops": 1, "Plans": [{"Node Type": "WindowAgg", "Parent Relationship": "Outer", "Parallel Aware": false, "Async Capable": false, "Startup Cost": 46168.09, "Total Cost": 47605.73, "Plan Rows": 8347, "Plan Width": 268, "Actual Startup Time": 172.233, "Actual Total Time": 274.05, "Actual Rows": 32775, "Actual Loops": 1, "Plans": [{"Node Type": "Aggregate", "Strategy": "Sorted", "Partial Mode": "Simple", "Parent Relationship": "Outer", "Parallel Aware": false, "Async Capable": false, "Startup Cost": 46168.09, "Total Cost": 47397.05, "Plan Rows": 8347, "Plan Width": 260, "Actual Startup Time": 172.228, "Actual Total Time": 264.242, "Actual Rows": 32775, "Actual Loops": 1, "Group Key": ["item.i_category", "item.i_brand", "call_center.cc_name", "date_dim.d_year", "date_dim.d_moy"], "Plans": [{"Node Type": "Gather Merge", "Parent Relationship": "Outer", "Parallel Aware": false, "Async Capable": false, "Startup Cost": 46168.09, "Total Cost": 47167.51, "Plan Rows": 8347, "Plan Width": 234, "Actual Startup Time": 172.21, "Actual Total Time": 224.368, "Actual Rows": 348067, "Actual Loops": 1, "Workers Planned": 4, "Workers Launched": 4, "Plans": [{"Node Type": "Sort", "Parent Relationship": "Outer", "Parallel Aware": false, "Async Capable": false, "Startup Cost": 45168.03, "Total Cost": 45173.25, "Plan Rows": 2087, "Plan Width": 234, "Actual Startup Time": 167.514, "Actual Total Time": 174.135, "Actual Rows": 69613, "Actual Loops": 5, "Sort Key": ["item.i_category", "item.i_brand", "call_center.cc_name", "date_dim.d_year", "date_dim.d_moy"], "Sort Method": "external merge", "Sort Space Used": 9968, "Sort Space Type": "Disk", "Workers": [{"Worker Number": 0, "Sort Method": "external merge", "Sort Space Used": 9344, "Sort Space Type": "Disk"}, {"Worker Number": 1, "Sort Method": "external merge", "Sort Space Used": 9344, "Sort Space Type": "Disk"}, {"Worker Number": 2, "Sort Method": "external merge", "Sort Space Used": 9344, "Sort Space Type": "Disk"}, {"Worker Number": 3, "Sort Method": "external merge", "Sort Space Used": 9472, "Sort Space Type": "Disk"}], "Plans": [{"Node Type": "Hash Join", "Parent Relationship": "Outer", "Parallel Aware": false, "Async Capable": false, "Join Type": "Inner", "Startup Cost": 2405.12, "Total Cost": 45052.96, "Plan Rows": 2087, "Plan Width": 234, "Actual Startup Time": 6.043, "Actual Total Time": 95.081, "Actual Rows": 69613, "Actual Loops": 5, "Inner Unique": true, "Hash Cond": "(catalog_sales.cs_call_center_sk = call_center.cc_call_center_sk)", "Workers": [], "Plans": [{"Node Type": "Nested Loop", "Parent Relationship": "Outer", "Parallel Aware": false, "Async Capable": false, "Join Type": "Inner", "Startup Cost": 2394.22, "Total Cost": 45036.0, "Plan Rows": 2087, "Plan Width": 120, "Actual Startup Time": 6.011, "Actual Total Time": 89.611, "Actual Rows": 69778, "Actual Loops": 5, "Inner Unique": true, "Workers": [], "Plans": [{"Node Type": "Hash Join", "Parent Relationship": "Outer", "Parallel Aware": true, "Async Capable": false, "Join Type": "Inner", "Startup Cost": 2393.94, "Total Cost": 44391.73, "Plan Rows": 2087, "Plan Width": 22, "Actual Startup Time": 5.99, "Actual Total Time": 45.578, "Actual Rows": 69778, "Actual Loops": 5, "Inner Unique": true, "Hash Cond": "(catalog_sales.cs_sold_date_sk = date_dim.d_date_sk)", "Workers": [], "Plans": [{"Node Type": "Seq Scan", "Parent Relationship": "Outer", "Parallel Aware": true, "Async Capable": false, "Relation Name": "catalog_sales", "Alias": "catalog_sales", "Startup Cost": 0.0, "Total Cost": 41051.75, "Plan Rows": 360375, "Plan Width": 18, "Actual Startup Time": 0.003, "Actual Total Time": 16.666, "Actual Rows": 288310, "Actual Loops": 5, "Workers": []}, {"Node Type": "Hash", "Parent Relationship": "Inner", "Parallel Aware": true, "Async Capable": false, "Startup Cost": 2390.82, "Total Cost": 2390.82, "Plan Rows": 249, "Plan Width": 12, "Actual Startup Time": 1.079, "Actual Total Time": 1.08, "Actual Rows": 85, "Actual Loops": 5, "Hash Buckets": 1024, "Original Hash Buckets": 1024, "Hash Batches": 1, "Original Hash Batches": 1, "Peak Memory Usage": 168, "Workers": [], "Plans": [{"Node Type": "Seq Scan", "Parent Relationship": "Outer", "Parallel Aware": true, "Async Capable": false, "Relation Name": "date_dim", "Alias": "date_dim", "Startup Cost": 0.0, "Total Cost": 2390.82, "Plan Rows": 249, "Plan Width": 12, "Actual Startup Time": 0.506, "Actual Total Time": 1.049, "Actual Rows": 85, "Actual Loops": 5, "Filter": "((d_year = 1999) OR ((d_year = 1998) AND (d_moy = 12)) OR ((d_year = 2000) AND (d_moy = 1)))", "Rows Removed by Filter": 14524, "Workers": []}]}]}, {"Node Type": "Index Scan", "Parent Relationship": "Inner", "Parallel Aware": false, "Async Capable": false, "Scan Direction": "Forward", "Index Name": "item_pkey", "Relation Name": "item", "Alias": "item", "Startup Cost": 0.29, "Total Cost": 0.31, "Plan Rows": 1, "Plan Width": 106, "Actual Startup Time": 0.0, "Actual Total Time": 0.0, "Actual Rows": 1, "Actual Loops": 348892, "Index Cond": "(i_item_sk = catalog_sales.cs_item_sk)", "Rows Removed by Index Recheck": 0, "Workers": []}]}, {"Node Type": "Hash", "Parent Relationship": "Inner", "Parallel Aware": false, "Async Capable": false, "Startup Cost": 10.4, "Total Cost": 10.4, "Plan Rows": 40, "Plan Width": 122, "Actual Startup Time": 0.01, "Actual Total Time": 0.01, "Actual Rows": 6, "Actual Loops": 5, "Hash Buckets": 1024, "Original Hash Buckets": 1024, "Hash Batches": 1, "Original Hash Batches": 1, "Peak Memory Usage": 9, "Workers": [], "Plans": [{"Node Type": "Seq Scan", "Parent Relationship": "Outer", "Parallel Aware": false, "Async Capable": false, "Relation Name": "call_center", "Alias": "call_center", "Startup Cost": 0.0, "Total Cost": 10.4, "Plan Rows": 40, "Plan Width": 122, "Actual Startup Time": 0.006, "Actual Total Time": 0.007, "Actual Rows": 6, "Actual Loops": 5, "Workers": []}]}]}]}]}]}]}]}, {"Node Type": "Sort", "Parent Relationship": "Outer", "Parallel Aware": false, "Async Capable": false, "Startup Cost": 918.32, "Total Cost": 918.33, "Plan Rows": 1, "Plan Width": 694, "Actual Startup Time": 329.477, "Actual Total Time": 329.481, "Actual Rows": 100, "Actual Loops": 1, "Sort Key": ["((v1.sum_sales - v1.avg_monthly_sales)) NULLS FIRST", "v1.i_category", "v1.i_brand", "v1.cc_name", "v1.d_moy", "v1.avg_monthly_sales", "v1.sum_sales", "v1_lag.sum_sales", "v1_lead.sum_sales"], "Sort Method": "top-N heapsort", "Sort Space Used": 70, "Sort Space Type": "Memory", "Plans": [{"Node Type": "Hash Join", "Parent Relationship": "Outer", "Parallel Aware": false, "Async Capable": false, "Join Type": "Inner", "Startup Cost": 615.72, "Total Cost": 918.31, "Plan Rows": 1, "Plan Width": 694, "Actual Startup Time": 316.77, "Actual Total Time": 326.426, "Actual Rows": 24615, "Actual Loops": 1, "Inner Unique": false, "Hash Cond": "((v1_lead.i_category = v1.i_category) AND (v1_lead.i_brand = v1.i_brand) AND ((v1_lead.cc_name)::text = (v1.cc_name)::text) AND ((v1_lead.rn - 1) = v1.rn))", "Plans": [{"Node Type": "CTE Scan", "Parent Relationship": "Outer", "Parallel Aware": false, "Async Capable": false, "CTE Name": "v1", "Alias": "v1_lead", "Startup Cost": 0.0, "Total Cost": 166.94, "Plan Rows": 8347, "Plan Width": 566, "Actual Startup Time": 172.244, "Actual Total Time": 173.694, "Actual Rows": 32775, "Actual Loops": 1}, {"Node Type": "Hash", "Parent Relationship": "Inner", "Parallel Aware": false, "Async Capable": false, "Startup Cost": 615.7, "Total Cost": 615.7, "Plan Rows": 1, "Plan Width": 1172, "Actual Startup Time": 144.51, "Actual Total Time": 144.511, "Actual Rows": 25017, "Actual Loops": 1, "Hash Buckets": 32768, "Original Hash Buckets": 1024, "Hash Batches": 1, "Original Hash Batches": 1, "Peak Memory Usage": 7985, "Plans": [{"Node Type": "Hash Join", "Parent Relationship": "Outer", "Parallel Aware": false, "Async Capable": false, "Join Type": "Inner", "Startup Cost": 313.11, "Total Cost": 615.7, "Plan Rows": 1, "Plan Width": 1172, "Actual Startup Time": 131.202, "Actual Total Time": 139.951, "Actual Rows": 25017, "Actual Loops": 1, "Inner Unique": false, "Hash Cond": "((v1_lag.i_category = v1.i_category) AND (v1_lag.i_brand = v1.i_brand) AND ((v1_lag.cc_name)::text = (v1.cc_name)::text) AND ((v1_lag.rn + 1) = v1.rn))", "Plans": [{"Node Type": "CTE Scan", "Parent Relationship": "Outer", "Parallel Aware": false, "Async Capable": false, "CTE Name": "v1", "Alias": "v1_lag", "Startup Cost": 0.0, "Total Cost": 166.94, "Plan Rows": 8347, "Plan Width": 566, "Actual Startup Time": 0.0, "Actual Total Time": 1.616, "Actual Rows": 32775, "Actual Loops": 1}, {"Node Type": "Hash", "Parent Relationship": "Inner", "Parallel Aware": false, "Async Capable": false, "Startup Cost": 313.01, "Total Cost": 313.01, "Plan Rows": 5, "Plan Width": 606, "Actual Startup Time": 131.194, "Actual Total Time": 131.195, "Actual Rows": 25049, "Actual Loops": 1, "Hash Buckets": 32768, "Original Hash Buckets": 1024, "Hash Batches": 1, "Original Hash Batches": 1, "Peak Memory Usage": 4734, "Plans": [{"Node Type": "CTE Scan", "Parent Relationship": "Outer", "Parallel Aware": false, "Async Capable": false, "CTE Name": "v1", "Alias": "v1", "Startup Cost": 0.0, "Total Cost": 313.01, "Plan Rows": 5, "Plan Width": 606, "Actual Startup Time": 0.047, "Actual Total Time": 126.468, "Actual Rows": 25513, "Actual Loops": 1, "Filter": "((avg_monthly_sales > '0'::numeric) AND (d_year = 1999) AND (CASE WHEN (avg_monthly_sales > '0'::numeric) THEN (abs((sum_sales - avg_monthly_sales)) / avg_monthly_sales) ELSE NULL::numeric END > 0.1))", "Rows Removed by Filter": 7262}]}]}]}]}]}]}, "Planning Time": 0.67, "Triggers": [], "Execution Time": 330.913}