{"Plan": {"Node Type": "Limit", "Parallel Aware": false, "Async Capable": false, "Startup Cost": 148027.61, "Total Cost": 148028.09, "Plan Rows": 2, "Plan Width": 241, "Actual Startup Time": 155.654, "Actual Total Time": 155.934, "Actual Rows": 3, "Actual Loops": 1, "Plans": [{"Node Type": "Incremental Sort", "Parent Relationship": "Outer", "Parallel Aware": false, "Async Capable": false, "Startup Cost": 148027.61, "Total Cost": 148028.09, "Plan Rows": 2, "Plan Width": 241, "Actual Startup Time": 155.652, "Actual Total Time": 155.932, "Actual Rows": 3, "Actual Loops": 1, "Sort Key": ["item.i_item_id NULLS FIRST", "(sum(store_sales.ss_ext_sales_price)) NULLS FIRST"], "Presorted Key": ["item.i_item_id"], "Full-sort Groups": {"Group Count": 1, "Sort Methods Used": ["quicksort"], "Sort Space Memory": {"Average Sort Space Used": 25, "Peak Sort Space Used": 25}}, "Plans": [{"Node Type": "Merge Join", "Parent Relationship": "Outer", "Parallel Aware": false, "Async Capable": false, "Join Type": "Inner", "Startup Cost": 148027.21, "Total Cost": 148028.0, "Plan Rows": 1, "Plan Width": 241, "Actual Startup Time": 155.167, "Actual Total Time": 155.922, "Actual Rows": 3, "Actual Loops": 1, "Inner Unique": true, "Merge Cond": "(item.i_item_id = cs_items.item_id)", "Join Filter": "(((sum(store_sales.ss_ext_sales_price)) >= (0.9 * cs_items.cs_item_rev)) AND ((sum(store_sales.ss_ext_sales_price)) <= (1.1 * cs_items.cs_item_rev)) AND (cs_items.cs_item_rev >= (0.9 * (sum(store_sales.ss_ext_sales_price)))) AND (cs_items.cs_item_rev <= (1.1 * (sum(store_sales.ss_ext_sales_price)))) AND (cs_items.cs_item_rev >= (0.9 * (sum(web_sales.ws_ext_sales_price)))) AND (cs_items.cs_item_rev <= (1.1 * (sum(web_sales.ws_ext_sales_price)))) AND ((sum(web_sales.ws_ext_sales_price)) >= (0.9 * cs_items.cs_item_rev)) AND ((sum(web_sales.ws_ext_sales_price)) <= (1.1 * cs_items.cs_item_rev)))", "Rows Removed by Join Filter": 70, "Plans": [{"Node Type": "Sort", "Parent Relationship": "Outer", "Parallel Aware": false, "Async Capable": false, "Startup Cost": 98322.33, "Total Cost": 98322.33, "Plan Rows": 1, "Plan Width": 98, "Actual Startup Time": 106.106, "Actual Total Time": 106.319, "Actual Rows": 131, "Actual Loops": 1, "Sort Key": ["item.i_item_id NULLS FIRST"], "Sort Method": "quicksort", "Sort Space Used": 34, "Sort Space Type": "Memory", "Plans": [{"Node Type": "Merge Join", "Parent Relationship": "Outer", "Parallel Aware": false, "Async Capable": false, "Join Type": "Inner", "Startup Cost": 98270.37, "Total Cost": 98322.32, "Plan Rows": 1, "Plan Width": 98, "Actual Startup Time": 94.032, "Actual Total Time": 106.289, "Actual Rows": 131, "Actual Loops": 1, "Inner Unique": true, "Merge Cond": "(item.i_item_id = item_1.i_item_id)", "Join Filter": "(((sum(store_sales.ss_ext_sales_price)) >= (0.9 * (sum(web_sales.ws_ext_sales_price)))) AND ((sum(store_sales.ss_ext_sales_price)) <= (1.1 * (sum(web_sales.ws_ext_sales_price)))) AND ((sum(web_sales.ws_ext_sales_price)) >= (0.9 * (sum(store_sales.ss_ext_sales_price)))) AND ((sum(web_sales.ws_ext_sales_price)) <= (1.1 * (sum(store_sales.ss_ext_sales_price)))))", "Rows Removed by Join Filter": 3665, "Plans": [{"Node Type": "Aggregate", "Strategy": "Sorted", "Partial Mode": "Simple", "Parent Relationship": "Outer", "Parallel Aware": false, "Async Capable": false, "Startup Cost": 68983.14, "Total Cost": 69021.02, "Plan Rows": 276, "Plan Width": 49, "Actual Startup Time": 62.547, "Actual Total Time": 70.136, "Actual Rows": 7909, "Actual Loops": 1, "Group Key": ["item.i_item_id"], "Plans": [{"Node Type": "Seq Scan", "Parent Relationship": "InitPlan", "Subplan Name": "InitPlan 1 (returns $0)", "Parallel Aware": false, "Async Capable": false, "Relation Name": "date_dim", "Alias": "date_dim_6", "Startup Cost": 0.0, "Total Cost": 2337.11, "Plan Rows": 1, "Plan Width": 4, "Actual Startup Time": 1.812, "Actual Total Time": 3.671, "Actual Rows": 1, "Actual Loops": 1, "Filter": "(d_date = '2000-01-03'::date)", "Rows Removed by Filter": 73048}, {"Node Type": "Gather Merge", "Parent Relationship": "Outer", "Parallel Aware": false, "Async Capable": false, "Startup Cost": 66646.03, "Total Cost": 66679.07, "Plan Rows": 276, "Plan Width": 23, "Actual Startup Time": 62.536, "Actual Total Time": 67.901, "Actual Rows": 20061, "Actual Loops": 1, "Workers Planned": 4, "Params Evaluated": ["$0"], "Workers Launched": 4, "Plans": [{"Node Type": "Sort", "Parent Relationship": "Outer", "Parallel Aware": false, "Async Capable": false, "Startup Cost": 65645.97, "Total Cost": 65646.14, "Plan Rows": 69, "Plan Width": 23, "Actual Startup Time": 56.603, "Actual Total Time": 56.883, "Actual Rows": 4012, "Actual Loops": 5, "Sort Key": ["item.i_item_id"], "Sort Method": "quicksort", "Sort Space Used": 284, "Sort Space Type": "Memory", "Workers": [{"Worker Number": 0, "Sort Method": "quicksort", "Sort Space Used": 388, "Sort Space Type": "Memory"}, {"Worker Number": 1, "Sort Method": "quicksort", "Sort Space Used": 391, "Sort Space Type": "Memory"}, {"Worker Number": 2, "Sort Method": "quicksort", "Sort Space Used": 285, "Sort Space Type": "Memory"}, {"Worker Number": 3, "Sort Method": "quicksort", "Sort Space Used": 269, "Sort Space Type": "Memory"}], "Plans": [{"Node Type": "Nested Loop", "Parent Relationship": "Outer", "Parallel Aware": false, "Async Capable": false, "Join Type": "Inner", "Startup Cost": 3928.05, "Total Cost": 65643.86, "Plan Rows": 69, "Plan Width": 23, "Actual Startup Time": 1.983, "Actual Total Time": 52.971, "Actual Rows": 4012, "Actual Loops": 5, "Inner Unique": true, "Workers": [], "Plans": [{"Node Type": "Hash Join", "Parent Relationship": "Outer", "Parallel Aware": true, "Async Capable": false, "Join Type": "Inner", "Startup Cost": 3927.77, "Total Cost": 65622.69, "Plan Rows": 69, "Plan Width": 10, "Actual Startup Time": 1.968, "Actual Total Time": 49.526, "Actual Rows": 4012, "Actual Loops": 5, "Inner Unique": false, "Hash Cond": "(store_sales.ss_sold_date_sk = date_dim.d_date_sk)", "Workers": [], "Plans": [{"Node Type": "Seq Scan", "Parent Relationship": "Outer", "Parallel Aware": true, "Async Capable": false, "Relation Name": "store_sales", "Alias": "store_sales", "Startup Cost": 0.0, "Total Cost": 58993.85, "Plan Rows": 720185, "Plan Width": 14, "Actual Startup Time": 0.008, "Actual Total Time": 24.765, "Actual Rows": 576081, "Actual Loops": 5, "Workers": []}, {"Node Type": "Hash", "Parent Relationship": "Inner", "Parallel Aware": true, "Async Capable": false, "Startup Cost": 3927.72, "Total Cost": 3927.72, "Plan Rows": 4, "Plan Width": 4, "Actual Startup Time": 1.698, "Actual Total Time": 1.702, "Actual Rows": 1, "Actual Loops": 5, "Hash Buckets": 1024, "Original Hash Buckets": 1024, "Hash Batches": 1, "Original Hash Batches": 1, "Peak Memory Usage": 40, "Workers": [], "Plans": [{"Node Type": "Hash Join", "Parent Relationship": "Outer", "Parallel Aware": true, "Async Capable": false, "Join Type": "Semi", "Startup Cost": 1961.17, "Total Cost": 3927.72, "Plan Rows": 4, "Plan Width": 4, "Actual Startup Time": 1.973, "Actual Total Time": 2.114, "Actual Rows": 2, "Actual Loops": 4, "Inner Unique": false, "Hash Cond": "(date_dim.d_date = date_dim_1.d_date)", "Workers": [], "Plans": [{"Node Type": "Seq Scan", "Parent Relationship": "Outer", "Parallel Aware": true, "Async Capable": false, "Relation Name": "date_dim", "Alias": "date_dim", "Startup Cost": 0.0, "Total Cost": 1853.7, "Plan Rows": 42970, "Plan Width": 8, "Actual Startup Time": 0.002, "Actual Total Time": 0.602, "Actual Rows": 18262, "Actual Loops": 4, "Workers": []}, {"Node Type": "Hash", "Parent Relationship": "Inner", "Parallel Aware": true, "Async Capable": false, "Startup Cost": 1961.12, "Total Cost": 1961.12, "Plan Rows": 4, "Plan Width": 4, "Actual Startup Time": 0.865, "Actual Total Time": 0.866, "Actual Rows": 2, "Actual Loops": 4, "Hash Buckets": 1024, "Original Hash Buckets": 1024, "Hash Batches": 1, "Original Hash Batches": 1, "Peak Memory Usage": 40, "Workers": [], "Plans": [{"Node Type": "Seq Scan", "Parent Relationship": "Outer", "Parallel Aware": true, "Async Capable": false, "Relation Name": "date_dim", "Alias": "date_dim_1", "Startup Cost": 0.0, "Total Cost": 1961.12, "Plan Rows": 4, "Plan Width": 4, "Actual Startup Time": 0.722, "Actual Total Time": 0.851, "Actual Rows": 2, "Actual Loops": 4, "Filter": "(d_week_seq = $0)", "Rows Removed by Filter": 18260, "Workers": []}]}]}]}]}, {"Node Type": "Index Scan", "Parent Relationship": "Inner", "Parallel Aware": false, "Async Capable": false, "Scan Direction": "Forward", "Index Name": "item_pkey", "Relation Name": "item", "Alias": "item", "Startup Cost": 0.29, "Total Cost": 0.31, "Plan Rows": 1, "Plan Width": 21, "Actual Startup Time": 0.001, "Actual Total Time": 0.001, "Actual Rows": 1, "Actual Loops": 20061, "Index Cond": "(i_item_sk = store_sales.ss_item_sk)", "Rows Removed by Index Recheck": 0, "Workers": []}]}]}]}]}, {"Node Type": "Materialize", "Parent Relationship": "Inner", "Parallel Aware": false, "Async Capable": false, "Startup Cost": 29287.23, "Total Cost": 29297.46, "Plan Rows": 69, "Plan Width": 49, "Actual Startup Time": 31.368, "Actual Total Time": 34.262, "Actual Rows": 4317, "Actual Loops": 1, "Plans": [{"Node Type": "Aggregate", "Strategy": "Sorted", "Partial Mode": "Simple", "Parent Relationship": "Outer", "Parallel Aware": false, "Async Capable": false, "Startup Cost": 29287.23, "Total Cost": 29296.6, "Plan Rows": 69, "Plan Width": 49, "Actual Startup Time": 31.365, "Actual Total Time": 33.912, "Actual Rows": 4317, "Actual Loops": 1, "Group Key": ["item_1.i_item_id"], "Plans": [{"Node Type": "Seq Scan", "Parent Relationship": "InitPlan", "Subplan Name": "InitPlan 3 (returns $2)", "Parallel Aware": false, "Async Capable": false, "Relation Name": "date_dim", "Alias": "date_dim_8", "Startup Cost": 0.0, "Total Cost": 2337.11, "Plan Rows": 1, "Plan Width": 4, "Actual Startup Time": 1.639, "Actual Total Time": 3.256, "Actual Rows": 1, "Actual Loops": 1, "Filter": "(d_date = '2000-01-03'::date)", "Rows Removed by Filter": 73048}, {"Node Type": "Gather Merge", "Parent Relationship": "Outer", "Parallel Aware": false, "Async Capable": false, "Startup Cost": 26950.11, "Total Cost": 26958.28, "Plan Rows": 69, "Plan Width": 23, "Actual Startup Time": 31.355, "Actual Total Time": 32.953, "Actual Rows": 5571, "Actual Loops": 1, "Workers Planned": 3, "Params Evaluated": ["$2"], "Workers Launched": 3, "Plans": [{"Node Type": "Sort", "Parent Relationship": "Outer", "Parallel Aware": false, "Async Capable": false, "Startup Cost": 25950.07, "Total Cost": 25950.13, "Plan Rows": 22, "Plan Width": 23, "Actual Startup Time": 26.037, "Actual Total Time": 26.072, "Actual Rows": 1393, "Actual Loops": 4, "Sort Key": ["item_1.i_item_id"], "Sort Method": "quicksort", "Sort Space Used": 125, "Sort Space Type": "Memory", "Workers": [{"Worker Number": 0, "Sort Method": "quicksort", "Sort Space Used": 118, "Sort Space Type": "Memory"}, {"Worker Number": 1, "Sort Method": "quicksort", "Sort Space Used": 113, "Sort Space Type": "Memory"}, {"Worker Number": 2, "Sort Method": "quicksort", "Sort Space Used": 101, "Sort Space Type": "Memory"}], "Plans": [{"Node Type": "Nested Loop", "Parent Relationship": "Outer", "Parallel Aware": false, "Async Capable": false, "Join Type": "Inner", "Startup Cost": 3928.05, "Total Cost": 25949.58, "Plan Rows": 22, "Plan Width": 23, "Actual Startup Time": 2.343, "Actual Total Time": 24.919, "Actual Rows": 1393, "Actual Loops": 4, "Inner Unique": true, "Workers": [], "Plans": [{"Node Type": "Hash Join", "Parent Relationship": "Outer", "Parallel Aware": true, "Async Capable": false, "Join Type": "Inner", "Startup Cost": 3927.77, "Total Cost": 25942.71, "Plan Rows": 22, "Plan Width": 10, "Actual Startup Time": 2.329, "Actual Total Time": 23.469, "Actual Rows": 1393, "Actual Loops": 4, "Inner Unique": false, "Hash Cond": "(web_sales.ws_sold_date_sk = date_dim_2.d_date_sk)", "Workers": [], "Plans": [{"Node Type": "Seq Scan", "Parent Relationship": "Outer", "Parallel Aware": true, "Async Capable": false, "Relation Name": "web_sales", "Alias": "web_sales", "Startup Cost": 0.0, "Total Cost": 21144.59, "Plan Rows": 232059, "Plan Width": 14, "Actual Startup Time": 0.003, "Actual Total Time": 10.467, "Actual Rows": 179846, "Actual Loops": 4, "Workers": []}, {"Node Type": "Hash", "Parent Relationship": "Inner", "Parallel Aware": true, "Async Capable": false, "Startup Cost": 3927.72, "Total Cost": 3927.72, "Plan Rows": 4, "Plan Width": 4, "Actual Startup Time": 2.2, "Actual Total Time": 2.203, "Actual Rows": 2, "Actual Loops": 4, "Hash Buckets": 1024, "Original Hash Buckets": 1024, "Hash Batches": 1, "Original Hash Batches": 1, "Peak Memory Usage": 40, "Workers": [], "Plans": [{"Node Type": "Hash Join", "Parent Relationship": "Outer", "Parallel Aware": true, "Async Capable": false, "Join Type": "Semi", "Startup Cost": 1961.17, "Total Cost": 3927.72, "Plan Rows": 4, "Plan Width": 4, "Actual Startup Time": 2.049, "Actual Total Time": 2.192, "Actual Rows": 2, "Actual Loops": 4, "Inner Unique": false, "Hash Cond": "(date_dim_2.d_date = date_dim_3.d_date)", "Workers": [], "Plans": [{"Node Type": "Seq Scan", "Parent Relationship": "Outer", "Parallel Aware": true, "Async Capable": false, "Relation Name": "date_dim", "Alias": "date_dim_2", "Startup Cost": 0.0, "Total Cost": 1853.7, "Plan Rows": 42970, "Plan Width": 8, "Actual Startup Time": 0.002, "Actual Total Time": 0.623, "Actual Rows": 18262, "Actual Loops": 4, "Workers": []}, {"Node Type": "Hash", "Parent Relationship": "Inner", "Parallel Aware": true, "Async Capable": false, "Startup Cost": 1961.12, "Total Cost": 1961.12, "Plan Rows": 4, "Plan Width": 4, "Actual Startup Time": 0.916, "Actual Total Time": 0.917, "Actual Rows": 2, "Actual Loops": 4, "Hash Buckets": 1024, "Original Hash Buckets": 1024, "Hash Batches": 1, "Original Hash Batches": 1, "Peak Memory Usage": 40, "Workers": [], "Plans": [{"Node Type": "Seq Scan", "Parent Relationship": "Outer", "Parallel Aware": true, "Async Capable": false, "Relation Name": "date_dim", "Alias": "date_dim_3", "Startup Cost": 0.0, "Total Cost": 1961.12, "Plan Rows": 4, "Plan Width": 4, "Actual Startup Time": 0.747, "Actual Total Time": 0.91, "Actual Rows": 2, "Actual Loops": 4, "Filter": "(d_week_seq = $2)", "Rows Removed by Filter": 18260, "Workers": []}]}]}]}]}, {"Node Type": "Index Scan", "Parent Relationship": "Inner", "Parallel Aware": false, "Async Capable": false, "Scan Direction": "Forward", "Index Name": "item_pkey", "Relation Name": "item", "Alias": "item_1", "Startup Cost": 0.29, "Total Cost": 0.31, "Plan Rows": 1, "Plan Width": 21, "Actual Startup Time": 0.001, "Actual Total Time": 0.001, "Actual Rows": 1, "Actual Loops": 5571, "Index Cond": "(i_item_sk = web_sales.ws_item_sk)", "Rows Removed by Index Recheck": 0, "Workers": []}]}]}]}]}]}]}]}, {"Node Type": "Sort", "Parent Relationship": "Inner", "Parallel Aware": false, "Async Capable": false, "Startup Cost": 49704.88, "Total Cost": 49705.22, "Plan Rows": 138, "Plan Width": 49, "Actual Startup Time": 48.932, "Actual Total Time": 49.107, "Actual Rows": 5157, "Actual Loops": 1, "Sort Key": ["cs_items.item_id NULLS FIRST"], "Sort Method": "quicksort", "Sort Space Used": 438, "Sort Space Type": "Memory", "Plans": [{"Node Type": "Subquery Scan", "Parent Relationship": "Outer", "Parallel Aware": false, "Async Capable": false, "Alias": "cs_items", "Startup Cost": 49679.66, "Total Cost": 49699.97, "Plan Rows": 138, "Plan Width": 49, "Actual Startup Time": 44.316, "Actual Total Time": 48.239, "Actual Rows": 5169, "Actual Loops": 1, "Plans": [{"Node Type": "Aggregate", "Strategy": "Sorted", "Partial Mode": "Simple", "Parent Relationship": "Subquery", "Parallel Aware": false, "Async Capable": false, "Startup Cost": 49679.66, "Total Cost": 49698.59, "Plan Rows": 138, "Plan Width": 49, "Actual Startup Time": 44.315, "Actual Total Time": 48.028, "Actual Rows": 5169, "Actual Loops": 1, "Group Key": ["item_2.i_item_id"], "Plans": [{"Node Type": "Seq Scan", "Parent Relationship": "InitPlan", "Subplan Name": "InitPlan 2 (returns $1)", "Parallel Aware": false, "Async Capable": false, "Relation Name": "date_dim", "Alias": "date_dim_7", "Startup Cost": 0.0, "Total Cost": 2337.11, "Plan Rows": 1, "Plan Width": 4, "Actual Startup Time": 1.812, "Actual Total Time": 3.548, "Actual Rows": 1, "Actual Loops": 1, "Filter": "(d_date = '2000-01-03'::date)", "Rows Removed by Filter": 73048}, {"Node Type": "Gather Merge", "Parent Relationship": "Outer", "Parallel Aware": false, "Async Capable": false, "Startup Cost": 47342.54, "Total Cost": 47359.07, "Plan Rows": 138, "Plan Width": 23, "Actual Startup Time": 44.307, "Actual Total Time": 46.808, "Actual Rows": 7731, "Actual Loops": 1, "Workers Planned": 4, "Params Evaluated": ["$1"], "Workers Launched": 4, "Plans": [{"Node Type": "Sort", "Parent Relationship": "Outer", "Parallel Aware": false, "Async Capable": false, "Startup Cost": 46342.49, "Total Cost": 46342.57, "Plan Rows": 34, "Plan Width": 23, "Actual Startup Time": 38.076, "Actual Total Time": 38.114, "Actual Rows": 1546, "Actual Loops": 5, "Sort Key": ["item_2.i_item_id"], "Sort Method": "quicksort", "Sort Space Used": 212, "Sort Space Type": "Memory", "Workers": [{"Worker Number": 0, "Sort Method": "quicksort", "Sort Space Used": 107, "Sort Space Type": "Memory"}, {"Worker Number": 1, "Sort Method": "quicksort", "Sort Space Used": 106, "Sort Space Type": "Memory"}, {"Worker Number": 2, "Sort Method": "quicksort", "Sort Space Used": 111, "Sort Space Type": "Memory"}, {"Worker Number": 3, "Sort Method": "quicksort", "Sort Space Used": 119, "Sort Space Type": "Memory"}], "Plans": [{"Node Type": "Nested Loop", "Parent Relationship": "Outer", "Parallel Aware": false, "Async Capable": false, "Join Type": "Inner", "Startup Cost": 3928.05, "Total Cost": 46341.62, "Plan Rows": 34, "Plan Width": 23, "Actual Startup Time": 14.912, "Actual Total Time": 36.789, "Actual Rows": 1546, "Actual Loops": 5, "Inner Unique": true, "Workers": [], "Plans": [{"Node Type": "Hash Join", "Parent Relationship": "Outer", "Parallel Aware": true, "Async Capable": false, "Join Type": "Inner", "Startup Cost": 3927.77, "Total Cost": 46331.12, "Plan Rows": 34, "Plan Width": 10, "Actual Startup Time": 14.883, "Actual Total Time": 35.344, "Actual Rows": 1546, "Actual Loops": 5, "Inner Unique": false, "Hash Cond": "(catalog_sales.cs_sold_date_sk = date_dim_4.d_date_sk)", "Workers": [], "Plans": [{"Node Type": "Seq Scan", "Parent Relationship": "Outer", "Parallel Aware": true, "Async Capable": false, "Relation Name": "catalog_sales", "Alias": "catalog_sales", "Startup Cost": 0.0, "Total Cost": 41051.75, "Plan Rows": 360375, "Plan Width": 14, "Actual Startup Time": 0.003, "Actual Total Time": 15.84, "Actual Rows": 288310, "Actual Loops": 5, "Workers": []}, {"Node Type": "Hash", "Parent Relationship": "Inner", "Parallel Aware": true, "Async Capable": false, "Startup Cost": 3927.72, "Total Cost": 3927.72, "Plan Rows": 4, "Plan Width": 4, "Actual Startup Time": 1.839, "Actual Total Time": 1.842, "Actual Rows": 1, "Actual Loops": 5, "Hash Buckets": 1024, "Original Hash Buckets": 1024, "Hash Batches": 1, "Original Hash Batches": 1, "Peak Memory Usage": 40, "Workers": [], "Plans": [{"Node Type": "Hash Join", "Parent Relationship": "Outer", "Parallel Aware": true, "Async Capable": false, "Join Type": "Semi", "Startup Cost": 1961.17, "Total Cost": 3927.72, "Plan Rows": 4, "Plan Width": 4, "Actual Startup Time": 1.74, "Actual Total Time": 1.83, "Actual Rows": 1, "Actual Loops": 5, "Inner Unique": false, "Hash Cond": "(date_dim_4.d_date = date_dim_5.d_date)", "Workers": [], "Plans": [{"Node Type": "Seq Scan", "Parent Relationship": "Outer", "Parallel Aware": true, "Async Capable": false, "Relation Name": "date_dim", "Alias": "date_dim_4", "Startup Cost": 0.0, "Total Cost": 1853.7, "Plan Rows": 42970, "Plan Width": 8, "Actual Startup Time": 0.002, "Actual Total Time": 0.516, "Actual Rows": 14610, "Actual Loops": 5, "Workers": []}, {"Node Type": "Hash", "Parent Relationship": "Inner", "Parallel Aware": true, "Async Capable": false, "Startup Cost": 1961.12, "Total Cost": 1961.12, "Plan Rows": 4, "Plan Width": 4, "Actual Startup Time": 0.795, "Actual Total Time": 0.796, "Actual Rows": 1, "Actual Loops": 5, "Hash Buckets": 1024, "Original Hash Buckets": 1024, "Hash Batches": 1, "Original Hash Batches": 1, "Peak Memory Usage": 40, "Workers": [], "Plans": [{"Node Type": "Seq Scan", "Parent Relationship": "Outer", "Parallel Aware": true, "Async Capable": false, "Relation Name": "date_dim", "Alias": "date_dim_5", "Startup Cost": 0.0, "Total Cost": 1961.12, "Plan Rows": 4, "Plan Width": 4, "Actual Startup Time": 0.66, "Actual Total Time": 0.767, "Actual Rows": 1, "Actual Loops": 5, "Filter": "(d_week_seq = $1)", "Rows Removed by Filter": 14608, "Workers": []}]}]}]}]}, {"Node Type": "Index Scan", "Parent Relationship": "Inner", "Parallel Aware": false, "Async Capable": false, "Scan Direction": "Forward", "Index Name": "item_pkey", "Relation Name": "item", "Alias": "item_2", "Startup Cost": 0.29, "Total Cost": 0.31, "Plan Rows": 1, "Plan Width": 21, "Actual Startup Time": 0.001, "Actual Total Time": 0.001, "Actual Rows": 1, "Actual Loops": 7731, "Index Cond": "(i_item_sk = catalog_sales.cs_item_sk)", "Rows Removed by Index Recheck": 0, "Workers": []}]}]}]}]}]}]}]}]}]}, "Planning Time": 0.891, "Triggers": [], "Execution Time": 156.108}