{"Plan": {"Node Type": "Limit", "Parallel Aware": false, "Async Capable": false, "Startup Cost": 212988.95, "Total Cost": 212988.96, "Plan Rows": 1, "Plan Width": 414, "Actual Startup Time": 244.371, "Actual Total Time": 245.105, "Actual Rows": 100, "Actual Loops": 1, "Plans": [{"Node Type": "Aggregate", "Strategy": "Sorted", "Partial Mode": "Finalize", "Parent Relationship": "InitPlan", "Subplan Name": "CTE wss", "Parallel Aware": false, "Async Capable": false, "Startup Cost": 163209.55, "Total Cost": 204835.3, "Plan Rows": 62460, "Plan Width": 232, "Actual Startup Time": 180.027, "Actual Total Time": 187.8, "Actual Rows": 1834, "Actual Loops": 1, "Group Key": ["date_dim.d_week_seq", "store_sales.ss_store_sk"], "Plans": [{"Node Type": "Gather Merge", "Parent Relationship": "Outer", "Parallel Aware": false, "Async Capable": false, "Startup Cost": 163209.55, "Total Cost": 193124.05, "Plan Rows": 249840, "Plan Width": 232, "Actual Startup Time": 180.014, "Actual Total Time": 181.657, "Actual Rows": 9170, "Actual Loops": 1, "Workers Planned": 4, "Workers Launched": 4, "Plans": [{"Node Type": "Sort", "Parent Relationship": "Outer", "Parallel Aware": false, "Async Capable": false, "Startup Cost": 162209.49, "Total Cost": 162365.64, "Plan Rows": 62460, "Plan Width": 232, "Actual Startup Time": 178.333, "Actual Total Time": 178.398, "Actual Rows": 1834, "Actual Loops": 5, "Sort Key": ["date_dim.d_week_seq", "store_sales.ss_store_sk"], "Sort Method": "quicksort", "Sort Space Used": 923, "Sort Space Type": "Memory", "Workers": [{"Worker Number": 0, "Sort Method": "quicksort", "Sort Space Used": 922, "Sort Space Type": "Memory"}, {"Worker Number": 1, "Sort Method": "quicksort", "Sort Space Used": 923, "Sort Space Type": "Memory"}, {"Worker Number": 2, "Sort Method": "quicksort", "Sort Space Used": 923, "Sort Space Type": "Memory"}, {"Worker Number": 3, "Sort Method": "quicksort", "Sort Space Used": 923, "Sort Space Type": "Memory"}], "Plans": [{"Node Type": "Aggregate", "Strategy": "Hashed", "Partial Mode": "Partial", "Parent Relationship": "Outer", "Parallel Aware": false, "Async Capable": false, "Startup Cost": 140245.03, "Total Cost": 150402.35, "Plan Rows": 62460, "Plan Width": 232, "Actual Startup Time": 176.598, "Actual Total Time": 177.878, "Actual Rows": 1834, "Actual Loops": 5, "Group Key": ["date_dim.d_week_seq", "store_sales.ss_store_sk"], "Planned Partitions": 8, "HashAgg Batches": 1, "Peak Memory Usage": 5009, "Disk Usage": 0, "Workers": [{"Worker Number": 0, "HashAgg Batches": 1, "Peak Memory Usage": 5009, "Disk Usage": 0}, {"Worker Number": 1, "HashAgg Batches": 1, "Peak Memory Usage": 5009, "Disk Usage": 0}, {"Worker Number": 2, "HashAgg Batches": 1, "Peak Memory Usage": 5009, "Disk Usage": 0}, {"Worker Number": 3, "HashAgg Batches": 1, "Peak Memory Usage": 5009, "Disk Usage": 0}], "Plans": [{"Node Type": "Hash Join", "Parent Relationship": "Outer", "Parallel Aware": true, "Async Capable": false, "Join Type": "Inner", "Startup Cost": 2390.82, "Total Cost": 63275.26, "Plan Rows": 720185, "Plan Width": 24, "Actual Startup Time": 3.047, "Actual Total Time": 83.021, "Actual Rows": 550062, "Actual Loops": 5, "Inner Unique": true, "Hash Cond": "(store_sales.ss_sold_date_sk = date_dim.d_date_sk)", "Workers": [], "Plans": [{"Node Type": "Seq Scan", "Parent Relationship": "Outer", "Parallel Aware": true, "Async Capable": false, "Relation Name": "store_sales", "Alias": "store_sales", "Startup Cost": 0.0, "Total Cost": 58993.85, "Plan Rows": 720185, "Plan Width": 14, "Actual Startup Time": 0.008, "Actual Total Time": 26.001, "Actual Rows": 576081, "Actual Loops": 5, "Workers": []}, {"Node Type": "Hash", "Parent Relationship": "Inner", "Parallel Aware": true, "Async Capable": false, "Startup Cost": 1853.7, "Total Cost": 1853.7, "Plan Rows": 42970, "Plan Width": 18, "Actual Startup Time": 2.932, "Actual Total Time": 2.933, "Actual Rows": 14610, "Actual Loops": 5, "Hash Buckets": 131072, "Original Hash Buckets": 131072, "Hash Batches": 1, "Original Hash Batches": 1, "Peak Memory Usage": 5120, "Workers": [], "Plans": [{"Node Type": "Seq Scan", "Parent Relationship": "Outer", "Parallel Aware": true, "Async Capable": false, "Relation Name": "date_dim", "Alias": "date_dim", "Startup Cost": 0.0, "Total Cost": 1853.7, "Plan Rows": 42970, "Plan Width": 18, "Actual Startup Time": 0.003, "Actual Total Time": 1.104, "Actual Rows": 14610, "Actual Loops": 5, "Workers": []}]}]}]}]}]}]}, {"Node Type": "Sort", "Parent Relationship": "Outer", "Parallel Aware": false, "Async Capable": false, "Startup Cost": 8153.65, "Total Cost": 8153.65, "Plan Rows": 1, "Plan Width": 414, "Actual Startup Time": 244.37, "Actual Total Time": 244.375, "Actual Rows": 100, "Actual Loops": 1, "Sort Key": ["store.s_store_name NULLS FIRST", "store.s_store_id NULLS FIRST", "wss.d_week_seq NULLS FIRST"], "Sort Method": "top-N heapsort", "Sort Space Used": 76, "Sort Space Type": "Memory", "Plans": [{"Node Type": "Nested Loop", "Parent Relationship": "Outer", "Parallel Aware": false, "Async Capable": false, "Join Type": "Inner", "Startup Cost": 6655.15, "Total Cost": 8153.64, "Plan Rows": 1, "Plan Width": 414, "Actual Startup Time": 198.56, "Actual Total Time": 242.617, "Actual Rows": 15288, "Actual Loops": 1, "Inner Unique": true, "Join Filter": "(store.s_store_id = store_1.s_store_id)", "Rows Removed by Join Filter": 76440, "Plans": [{"Node Type": "Hash Join", "Parent Relationship": "Outer", "Parallel Aware": false, "Async Capable": false, "Join Type": "Inner", "Startup Cost": 6655.01, "Total Cost": 8139.28, "Plan Rows": 84, "Plan Width": 524, "Actual Startup Time": 198.443, "Actual Total Time": 205.289, "Actual Rows": 107016, "Actual Loops": 1, "Inner Unique": false, "Hash Cond": "(wss.d_week_seq = d.d_week_seq)", "Plans": [{"Node Type": "CTE Scan", "Parent Relationship": "Outer", "Parallel Aware": false, "Async Capable": false, "CTE Name": "wss", "Alias": "wss", "Startup Cost": 0.0, "Total Cost": 1249.2, "Plan Rows": 62460, "Plan Width": 232, "Actual Startup Time": 180.029, "Actual Total Time": 180.091, "Actual Rows": 1834, "Actual Loops": 1}, {"Node Type": "Hash", "Parent Relationship": "Inner", "Parallel Aware": false, "Async Capable": false, "Startup Cost": 6654.84, "Total Cost": 6654.84, "Plan Rows": 14, "Plan Width": 300, "Actual Startup Time": 18.341, "Actual Total Time": 18.343, "Actual Rows": 15288, "Actual Loops": 1, "Hash Buckets": 16384, "Original Hash Buckets": 1024, "Hash Batches": 1, "Original Hash Batches": 1, "Peak Memory Usage": 1821, "Plans": [{"Node Type": "Merge Join", "Parent Relationship": "Outer", "Parallel Aware": false, "Async Capable": false, "Join Type": "Inner", "Startup Cost": 6648.95, "Total Cost": 6654.84, "Plan Rows": 14, "Plan Width": 300, "Actual Startup Time": 15.387, "Actual Total Time": 16.67, "Actual Rows": 15288, "Actual Loops": 1, "Inner Unique": false, "Merge Cond": "(((wss_1.d_week_seq - 52)) = d.d_week_seq)", "Plans": [{"Node Type": "Sort", "Parent Relationship": "Outer", "Parallel Aware": false, "Async Capable": false, "Startup Cost": 4114.53, "Total Cost": 4115.57, "Plan Rows": 418, "Plan Width": 296, "Actual Startup Time": 12.092, "Actual Total Time": 12.14, "Actual Rows": 2185, "Actual Loops": 1, "Sort Key": ["((wss_1.d_week_seq - 52))"], "Sort Method": "quicksort", "Sort Space Used": 332, "Sort Space Type": "Memory", "Plans": [{"Node Type": "Hash Join", "Parent Relationship": "Outer", "Parallel Aware": false, "Async Capable": false, "Join Type": "Inner", "Startup Cost": 2534.98, "Total Cost": 4096.33, "Plan Rows": 418, "Plan Width": 296, "Actual Startup Time": 10.213, "Actual Total Time": 11.811, "Actual Rows": 2190, "Actual Loops": 1, "Inner Unique": false, "Hash Cond": "(wss_1.d_week_seq = d_1.d_week_seq)", "Plans": [{"Node Type": "Hash Join", "Parent Relationship": "Outer", "Parallel Aware": false, "Async Capable": false, "Join Type": "Inner", "Startup Cost": 10.9, "Total Cost": 1427.53, "Plan Rows": 12492, "Plan Width": 296, "Actual Startup Time": 0.025, "Actual Total Time": 7.583, "Actual Rows": 1572, "Actual Loops": 1, "Inner Unique": true, "Hash Cond": "(wss_1.ss_store_sk = store_1.s_store_sk)", "Plans": [{"Node Type": "CTE Scan", "Parent Relationship": "Outer", "Parallel Aware": false, "Async Capable": false, "CTE Name": "wss", "Alias": "wss_1", "Startup Cost": 0.0, "Total Cost": 1249.2, "Plan Rows": 62460, "Plan Width": 232, "Actual Startup Time": 0.001, "Actual Total Time": 7.384, "Actual Rows": 1834, "Actual Loops": 1}, {"Node Type": "Hash", "Parent Relationship": "Inner", "Parallel Aware": false, "Async Capable": false, "Startup Cost": 10.4, "Total Cost": 10.4, "Plan Rows": 40, "Plan Width": 72, "Actual Startup Time": 0.016, "Actual Total Time": 0.016, "Actual Rows": 12, "Actual Loops": 1, "Hash Buckets": 1024, "Original Hash Buckets": 1024, "Hash Batches": 1, "Original Hash Batches": 1, "Peak Memory Usage": 9, "Plans": [{"Node Type": "Seq Scan", "Parent Relationship": "Outer", "Parallel Aware": false, "Async Capable": false, "Relation Name": "store", "Alias": "store_1", "Startup Cost": 0.0, "Total Cost": 10.4, "Plan Rows": 40, "Plan Width": 72, "Actual Startup Time": 0.012, "Actual Total Time": 0.013, "Actual Rows": 12, "Actual Loops": 1}]}]}, {"Node Type": "Hash", "Parent Relationship": "Inner", "Parallel Aware": false, "Async Capable": false, "Startup Cost": 2519.73, "Total Cost": 2519.73, "Plan Rows": 348, "Plan Width": 4, "Actual Startup Time": 4.07, "Actual Total Time": 4.071, "Actual Rows": 365, "Actual Loops": 1, "Hash Buckets": 1024, "Original Hash Buckets": 1024, "Hash Batches": 1, "Original Hash Batches": 1, "Peak Memory Usage": 21, "Plans": [{"Node Type": "Seq Scan", "Parent Relationship": "Outer", "Parallel Aware": false, "Async Capable": false, "Relation Name": "date_dim", "Alias": "d_1", "Startup Cost": 0.0, "Total Cost": 2519.73, "Plan Rows": 348, "Plan Width": 4, "Actual Startup Time": 1.939, "Actual Total Time": 4.052, "Actual Rows": 365, "Actual Loops": 1, "Filter": "((d_month_seq >= 1224) AND (d_month_seq <= 1235))", "Rows Removed by Filter": 72684}]}]}]}, {"Node Type": "Sort", "Parent Relationship": "Inner", "Parallel Aware": false, "Async Capable": false, "Startup Cost": 2534.43, "Total Cost": 2535.3, "Plan Rows": 348, "Plan Width": 4, "Actual Startup Time": 3.289, "Actual Total Time": 3.613, "Actual Rows": 15248, "Actual Loops": 1, "Sort Key": ["d.d_week_seq"], "Sort Method": "quicksort", "Sort Space Used": 25, "Sort Space Type": "Memory", "Plans": [{"Node Type": "Seq Scan", "Parent Relationship": "Outer", "Parallel Aware": false, "Async Capable": false, "Relation Name": "date_dim", "Alias": "d", "Startup Cost": 0.0, "Total Cost": 2519.73, "Plan Rows": 348, "Plan Width": 4, "Actual Startup Time": 1.594, "Actual Total Time": 3.274, "Actual Rows": 365, "Actual Loops": 1, "Filter": "((d_month_seq >= 1212) AND (d_month_seq <= 1223))", "Rows Removed by Filter": 72684}]}]}]}]}, {"Node Type": "Index Scan", "Parent Relationship": "Inner", "Parallel Aware": false, "Async Capable": false, "Scan Direction": "Forward", "Index Name": "store_pkey", "Relation Name": "store", "Alias": "store", "Startup Cost": 0.14, "Total Cost": 0.16, "Plan Rows": 1, "Plan Width": 190, "Actual Startup Time": 0.0, "Actual Total Time": 0.0, "Actual Rows": 1, "Actual Loops": 107016, "Index Cond": "(s_store_sk = wss.ss_store_sk)", "Rows Removed by Index Recheck": 0}]}]}]}, "Planning Time": 0.746, "Triggers": [], "Execution Time": 245.449}