{"Plan": {"Node Type": "Limit", "Parallel Aware": false, "Async Capable": false, "Startup Cost": 102292.73, "Total Cost": 102309.61, "Plan Rows": 100, "Plan Width": 49, "Actual Startup Time": 286.919, "Actual Total Time": 301.565, "Actual Rows": 100, "Actual Loops": 1, "Plans": [{"Node Type": "Incremental Sort", "Parent Relationship": "Outer", "Parallel Aware": false, "Async Capable": false, "Startup Cost": 102292.73, "Total Cost": 102319.05, "Plan Rows": 156, "Plan Width": 49, "Actual Startup Time": 286.918, "Actual Total Time": 301.56, "Actual Rows": 100, "Actual Loops": 1, "Sort Key": ["item.i_item_id", "(sum((sum(store_sales.ss_ext_sales_price))))"], "Presorted Key": ["item.i_item_id"], "Full-sort Groups": {"Group Count": 4, "Sort Methods Used": ["quicksort"], "Sort Space Memory": {"Average Sort Space Used": 27, "Peak Sort Space Used": 27}}, "Plans": [{"Node Type": "Aggregate", "Strategy": "Sorted", "Partial Mode": "Simple", "Parent Relationship": "Outer", "Parallel Aware": false, "Async Capable": false, "Startup Cost": 102292.6, "Total Cost": 102312.03, "Plan Rows": 156, "Plan Width": 49, "Actual Startup Time": 286.828, "Actual Total Time": 301.533, "Actual Rows": 101, "Actual Loops": 1, "Group Key": ["item.i_item_id"], "Plans": [{"Node Type": "Merge Append", "Parent Relationship": "Outer", "Parallel Aware": false, "Async Capable": false, "Startup Cost": 102292.6, "Total Cost": 102309.3, "Plan Rows": 156, "Plan Width": 49, "Actual Startup Time": 286.814, "Actual Total Time": 301.497, "Actual Rows": 208, "Actual Loops": 1, "Sort Key": ["item.i_item_id"], "Subplans Removed": 0, "Plans": [{"Node Type": "Aggregate", "Strategy": "Sorted", "Partial Mode": "Finalize", "Parent Relationship": "Member", "Parallel Aware": false, "Async Capable": false, "Startup Cost": 48500.55, "Total Cost": 48508.95, "Plan Rows": 89, "Plan Width": 49, "Actual Startup Time": 152.334, "Actual Total Time": 160.104, "Actual Rows": 92, "Actual Loops": 1, "Group Key": ["item.i_item_id"], "Plans": [{"Node Type": "Gather Merge", "Parent Relationship": "Outer", "Parallel Aware": false, "Async Capable": false, "Startup Cost": 48500.55, "Total Cost": 48507.44, "Plan Rows": 52, "Plan Width": 49, "Actual Startup Time": 152.326, "Actual Total Time": 160.072, "Actual Rows": 93, "Actual Loops": 1, "Workers Planned": 1, "Workers Launched": 1, "Plans": [{"Node Type": "Aggregate", "Strategy": "Sorted", "Partial Mode": "Partial", "Parent Relationship": "Outer", "Parallel Aware": false, "Async Capable": false, "Startup Cost": 47500.54, "Total Cost": 47501.58, "Plan Rows": 52, "Plan Width": 49, "Actual Startup Time": 151.408, "Actual Total Time": 151.539, "Actual Rows": 318, "Actual Loops": 2, "Group Key": ["item.i_item_id"], "Workers": [], "Plans": [{"Node Type": "Sort", "Parent Relationship": "Outer", "Parallel Aware": false, "Async Capable": false, "Startup Cost": 47500.54, "Total Cost": 47500.67, "Plan Rows": 52, "Plan Width": 23, "Actual Startup Time": 151.399, "Actual Total Time": 151.428, "Actual Rows": 869, "Actual Loops": 2, "Sort Key": ["item.i_item_id"], "Sort Method": "quicksort", "Sort Space Used": 195, "Sort Space Type": "Memory", "Workers": [{"Worker Number": 0, "Sort Method": "quicksort", "Sort Space Used": 200, "Sort Space Type": "Memory"}], "Plans": [{"Node Type": "Nested Loop", "Parent Relationship": "Outer", "Parallel Aware": false, "Async Capable": false, "Join Type": "Inner", "Startup Cost": 3499.52, "Total Cost": 47499.06, "Plan Rows": 52, "Plan Width": 23, "Actual Startup Time": 5.12, "Actual Total Time": 150.111, "Actual Rows": 2150, "Actual Loops": 2, "Inner Unique": true, "Workers": [], "Plans": [{"Node Type": "Hash Join", "Parent Relationship": "Outer", "Parallel Aware": true, "Async Capable": false, "Join Type": "Inner", "Startup Cost": 3499.23, "Total Cost": 47454.17, "Plan Rows": 144, "Plan Width": 27, "Actual Startup Time": 5.035, "Actual Total Time": 143.605, "Actual Rows": 6014, "Actual Loops": 2, "Inner Unique": true, "Hash Cond": "(store_sales.ss_sold_date_sk = date_dim.d_date_sk)", "Workers": [], "Plans": [{"Node Type": "Nested Loop", "Parent Relationship": "Outer", "Parallel Aware": false, "Async Capable": false, "Join Type": "Inner", "Startup Cost": 1430.46, "Total Cost": 44463.46, "Plan Rows": 351191, "Plan Width": 31, "Actual Startup Time": 2.844, "Actual Total Time": 133.475, "Actual Rows": 279940, "Actual Loops": 2, "Inner Unique": false, "Workers": [], "Plans": [{"Node Type": "Hash Join", "Parent Relationship": "Outer", "Parallel Aware": true, "Async Capable": false, "Join Type": "Semi", "Startup Cost": 1430.03, "Total Cost": 2874.85, "Plan Rows": 2194, "Plan Width": 21, "Actual Startup Time": 2.827, "Actual Total Time": 4.931, "Actual Rows": 2008, "Actual Loops": 2, "Inner Unique": false, "Hash Cond": "(item.i_item_id = item_1.i_item_id)", "Workers": [], "Plans": [{"Node Type": "Seq Scan", "Parent Relationship": "Outer", "Parallel Aware": true, "Async Capable": false, "Relation Name": "item", "Alias": "item", "Startup Cost": 0.0, "Total Cost": 1389.88, "Plan Rows": 10588, "Plan Width": 21, "Actual Startup Time": 0.001, "Actual Total Time": 0.429, "Actual Rows": 9000, "Actual Loops": 2, "Workers": []}, {"Node Type": "Hash", "Parent Relationship": "Inner", "Parallel Aware": true, "Async Capable": false, "Startup Cost": 1416.35, "Total Cost": 1416.35, "Plan Rows": 1094, "Plan Width": 17, "Actual Startup Time": 2.808, "Actual Total Time": 2.808, "Actual Rows": 930, "Actual Loops": 2, "Hash Buckets": 2048, "Original Hash Buckets": 2048, "Hash Batches": 1, "Original Hash Batches": 1, "Peak Memory Usage": 144, "Workers": [], "Plans": [{"Node Type": "Seq Scan", "Parent Relationship": "Outer", "Parallel Aware": true, "Async Capable": false, "Relation Name": "item", "Alias": "item_1", "Startup Cost": 0.0, "Total Cost": 1416.35, "Plan Rows": 1094, "Plan Width": 17, "Actual Startup Time": 0.004, "Actual Total Time": 2.738, "Actual Rows": 930, "Actual Loops": 2, "Filter": "(i_category = 'Music'::bpchar)", "Rows Removed by Filter": 8070, "Workers": []}]}]}, {"Node Type": "Index Scan", "Parent Relationship": "Inner", "Parallel Aware": false, "Async Capable": false, "Scan Direction": "Forward", "Index Name": "store_sales_pkey", "Relation Name": "store_sales", "Alias": "store_sales", "Startup Cost": 0.43, "Total Cost": 17.21, "Plan Rows": 175, "Plan Width": 18, "Actual Startup Time": 0.003, "Actual Total Time": 0.054, "Actual Rows": 139, "Actual Loops": 4017, "Index Cond": "(ss_item_sk = item.i_item_sk)", "Rows Removed by Index Recheck": 0, "Workers": []}]}, {"Node Type": "Hash", "Parent Relationship": "Inner", "Parallel Aware": true, "Async Capable": false, "Startup Cost": 2068.55, "Total Cost": 2068.55, "Plan Rows": 18, "Plan Width": 4, "Actual Startup Time": 2.089, "Actual Total Time": 2.089, "Actual Rows": 15, "Actual Loops": 2, "Hash Buckets": 1024, "Original Hash Buckets": 1024, "Hash Batches": 1, "Original Hash Batches": 1, "Peak Memory Usage": 40, "Workers": [], "Plans": [{"Node Type": "Seq Scan", "Parent Relationship": "Outer", "Parallel Aware": true, "Async Capable": false, "Relation Name": "date_dim", "Alias": "date_dim", "Startup Cost": 0.0, "Total Cost": 2068.55, "Plan Rows": 18, "Plan Width": 4, "Actual Startup Time": 1.57, "Actual Total Time": 2.077, "Actual Rows": 15, "Actual Loops": 2, "Filter": "((d_year = 1998) AND (d_moy = 9))", "Rows Removed by Filter": 36510, "Workers": []}]}]}, {"Node Type": "Index Scan", "Parent Relationship": "Inner", "Parallel Aware": false, "Async Capable": false, "Scan Direction": "Forward", "Index Name": "customer_address_pkey", "Relation Name": "customer_address", "Alias": "customer_address", "Startup Cost": 0.29, "Total Cost": 0.31, "Plan Rows": 1, "Plan Width": 4, "Actual Startup Time": 0.001, "Actual Total Time": 0.001, "Actual Rows": 0, "Actual Loops": 12028, "Index Cond": "(ca_address_sk = store_sales.ss_addr_sk)", "Rows Removed by Index Recheck": 0, "Filter": "(ca_gmt_offset = '-5'::numeric)", "Rows Removed by Filter": 1, "Workers": []}]}]}]}]}]}, {"Node Type": "Aggregate", "Strategy": "Sorted", "Partial Mode": "Finalize", "Parent Relationship": "Member", "Parallel Aware": false, "Async Capable": false, "Startup Cost": 33615.36, "Total Cost": 33619.57, "Plan Rows": 45, "Plan Width": 49, "Actual Startup Time": 90.165, "Actual Total Time": 96.947, "Actual Rows": 72, "Actual Loops": 1, "Group Key": ["item_2.i_item_id"], "Plans": [{"Node Type": "Gather Merge", "Parent Relationship": "Outer", "Parallel Aware": false, "Async Capable": false, "Startup Cost": 33615.36, "Total Cost": 33618.81, "Plan Rows": 26, "Plan Width": 49, "Actual Startup Time": 90.16, "Actual Total Time": 96.923, "Actual Rows": 73, "Actual Loops": 1, "Workers Planned": 1, "Workers Launched": 1, "Plans": [{"Node Type": "Aggregate", "Strategy": "Sorted", "Partial Mode": "Partial", "Parent Relationship": "Outer", "Parallel Aware": false, "Async Capable": false, "Startup Cost": 32615.35, "Total Cost": 32615.87, "Plan Rows": 26, "Plan Width": 49, "Actual Startup Time": 88.874, "Actual Total Time": 88.977, "Actual Rows": 311, "Actual Loops": 2, "Group Key": ["item_2.i_item_id"], "Workers": [], "Plans": [{"Node Type": "Sort", "Parent Relationship": "Outer", "Parallel Aware": false, "Async Capable": false, "Startup Cost": 32615.35, "Total Cost": 32615.42, "Plan Rows": 26, "Plan Width": 23, "Actual Startup Time": 88.868, "Actual Total Time": 88.89, "Actual Rows": 550, "Actual Loops": 2, "Sort Key": ["item_2.i_item_id"], "Sort Method": "quicksort", "Sort Space Used": 103, "Sort Space Type": "Memory", "Workers": [{"Worker Number": 0, "Sort Method": "quicksort", "Sort Space Used": 98, "Sort Space Type": "Memory"}], "Plans": [{"Node Type": "Nested Loop", "Parent Relationship": "Outer", "Parallel Aware": false, "Async Capable": false, "Join Type": "Inner", "Startup Cost": 3499.52, "Total Cost": 32614.74, "Plan Rows": 26, "Plan Width": 23, "Actual Startup Time": 4.998, "Actual Total Time": 88.166, "Actual Rows": 1102, "Actual Loops": 2, "Inner Unique": true, "Workers": [], "Plans": [{"Node Type": "Hash Join", "Parent Relationship": "Outer", "Parallel Aware": true, "Async Capable": false, "Join Type": "Inner", "Startup Cost": 3499.23, "Total Cost": 32592.17, "Plan Rows": 72, "Plan Width": 27, "Actual Startup Time": 4.665, "Actual Total Time": 84.849, "Actual Rows": 2962, "Actual Loops": 2, "Inner Unique": true, "Hash Cond": "(catalog_sales.cs_sold_date_sk = date_dim_1.d_date_sk)", "Workers": [], "Plans": [{"Node Type": "Nested Loop", "Parent Relationship": "Outer", "Parallel Aware": false, "Async Capable": false, "Join Type": "Inner", "Startup Cost": 1430.46, "Total Cost": 30062.07, "Plan Rows": 175734, "Plan Width": 31, "Actual Startup Time": 2.507, "Actual Total Time": 78.763, "Actual Rows": 140132, "Actual Loops": 2, "Inner Unique": false, "Workers": [], "Plans": [{"Node Type": "Hash Join", "Parent Relationship": "Outer", "Parallel Aware": true, "Async Capable": false, "Join Type": "Semi", "Startup Cost": 1430.03, "Total Cost": 2874.85, "Plan Rows": 2194, "Plan Width": 21, "Actual Startup Time": 2.488, "Actual Total Time": 4.615, "Actual Rows": 2008, "Actual Loops": 2, "Inner Unique": false, "Hash Cond": "(item_2.i_item_id = item_3.i_item_id)", "Workers": [], "Plans": [{"Node Type": "Seq Scan", "Parent Relationship": "Outer", "Parallel Aware": true, "Async Capable": false, "Relation Name": "item", "Alias": "item_2", "Startup Cost": 0.0, "Total Cost": 1389.88, "Plan Rows": 10588, "Plan Width": 21, "Actual Startup Time": 0.001, "Actual Total Time": 0.487, "Actual Rows": 9000, "Actual Loops": 2, "Workers": []}, {"Node Type": "Hash", "Parent Relationship": "Inner", "Parallel Aware": true, "Async Capable": false, "Startup Cost": 1416.35, "Total Cost": 1416.35, "Plan Rows": 1094, "Plan Width": 17, "Actual Startup Time": 2.47, "Actual Total Time": 2.471, "Actual Rows": 930, "Actual Loops": 2, "Hash Buckets": 2048, "Original Hash Buckets": 2048, "Hash Batches": 1, "Original Hash Batches": 1, "Peak Memory Usage": 144, "Workers": [], "Plans": [{"Node Type": "Seq Scan", "Parent Relationship": "Outer", "Parallel Aware": true, "Async Capable": false, "Relation Name": "item", "Alias": "item_3", "Startup Cost": 0.0, "Total Cost": 1416.35, "Plan Rows": 1094, "Plan Width": 17, "Actual Startup Time": 0.003, "Actual Total Time": 2.406, "Actual Rows": 930, "Actual Loops": 2, "Filter": "(i_category = 'Music'::bpchar)", "Rows Removed by Filter": 8070, "Workers": []}]}]}, {"Node Type": "Index Scan", "Parent Relationship": "Inner", "Parallel Aware": false, "Async Capable": false, "Scan Direction": "Forward", "Index Name": "catalog_sales_pkey", "Relation Name": "catalog_sales", "Alias": "catalog_sales", "Startup Cost": 0.43, "Total Cost": 11.52, "Plan Rows": 87, "Plan Width": 18, "Actual Startup Time": 0.002, "Actual Total Time": 0.032, "Actual Rows": 70, "Actual Loops": 4017, "Index Cond": "(cs_item_sk = item_2.i_item_sk)", "Rows Removed by Index Recheck": 0, "Workers": []}]}, {"Node Type": "Hash", "Parent Relationship": "Inner", "Parallel Aware": true, "Async Capable": false, "Startup Cost": 2068.55, "Total Cost": 2068.55, "Plan Rows": 18, "Plan Width": 4, "Actual Startup Time": 2.01, "Actual Total Time": 2.011, "Actual Rows": 15, "Actual Loops": 2, "Hash Buckets": 1024, "Original Hash Buckets": 1024, "Hash Batches": 1, "Original Hash Batches": 1, "Peak Memory Usage": 40, "Workers": [], "Plans": [{"Node Type": "Seq Scan", "Parent Relationship": "Outer", "Parallel Aware": true, "Async Capable": false, "Relation Name": "date_dim", "Alias": "date_dim_1", "Startup Cost": 0.0, "Total Cost": 2068.55, "Plan Rows": 18, "Plan Width": 4, "Actual Startup Time": 1.505, "Actual Total Time": 2.0, "Actual Rows": 15, "Actual Loops": 2, "Filter": "((d_year = 1998) AND (d_moy = 9))", "Rows Removed by Filter": 36510, "Workers": []}]}]}, {"Node Type": "Index Scan", "Parent Relationship": "Inner", "Parallel Aware": false, "Async Capable": false, "Scan Direction": "Forward", "Index Name": "customer_address_pkey", "Relation Name": "customer_address", "Alias": "customer_address_1", "Startup Cost": 0.29, "Total Cost": 0.31, "Plan Rows": 1, "Plan Width": 4, "Actual Startup Time": 0.001, "Actual Total Time": 0.001, "Actual Rows": 0, "Actual Loops": 5924, "Index Cond": "(ca_address_sk = catalog_sales.cs_bill_addr_sk)", "Rows Removed by Index Recheck": 0, "Filter": "(ca_gmt_offset = '-5'::numeric)", "Rows Removed by Filter": 1, "Workers": []}]}]}]}]}]}, {"Node Type": "Aggregate", "Strategy": "Sorted", "Partial Mode": "Finalize", "Parent Relationship": "Member", "Parallel Aware": false, "Async Capable": false, "Startup Cost": 20176.65, "Total Cost": 20178.75, "Plan Rows": 22, "Plan Width": 49, "Actual Startup Time": 44.312, "Actual Total Time": 44.412, "Actual Rows": 46, "Actual Loops": 1, "Group Key": ["item_4.i_item_id"], "Plans": [{"Node Type": "Gather Merge", "Parent Relationship": "Outer", "Parallel Aware": false, "Async Capable": false, "Startup Cost": 20176.65, "Total Cost": 20178.38, "Plan Rows": 13, "Plan Width": 49, "Actual Startup Time": 44.304, "Actual Total Time": 44.394, "Actual Rows": 47, "Actual Loops": 1, "Workers Planned": 1, "Workers Launched": 1, "Plans": [{"Node Type": "Aggregate", "Strategy": "Sorted", "Partial Mode": "Partial", "Parent Relationship": "Outer", "Parallel Aware": false, "Async Capable": false, "Startup Cost": 19176.64, "Total Cost": 19176.9, "Plan Rows": 13, "Plan Width": 49, "Actual Startup Time": 42.939, "Actual Total Time": 42.996, "Actual Rows": 206, "Actual Loops": 2, "Group Key": ["item_4.i_item_id"], "Workers": [], "Plans": [{"Node Type": "Sort", "Parent Relationship": "Outer", "Parallel Aware": false, "Async Capable": false, "Startup Cost": 19176.64, "Total Cost": 19176.68, "Plan Rows": 13, "Plan Width": 23, "Actual Startup Time": 42.934, "Actual Total Time": 42.944, "Actual Rows": 286, "Actual Loops": 2, "Sort Key": ["item_4.i_item_id"], "Sort Method": "quicksort", "Sort Space Used": 51, "Sort Space Type": "Memory", "Workers": [{"Worker Number": 0, "Sort Method": "quicksort", "Sort Space Used": 50, "Sort Space Type": "Memory"}], "Plans": [{"Node Type": "Nested Loop", "Parent Relationship": "Outer", "Parallel Aware": false, "Async Capable": false, "Join Type": "Inner", "Startup Cost": 3499.52, "Total Cost": 19176.4, "Plan Rows": 13, "Plan Width": 23, "Actual Startup Time": 4.852, "Actual Total Time": 42.583, "Actual Rows": 558, "Actual Loops": 2, "Inner Unique": true, "Workers": [], "Plans": [{"Node Type": "Hash Join", "Parent Relationship": "Outer", "Parallel Aware": true, "Async Capable": false, "Join Type": "Inner", "Startup Cost": 3499.23, "Total Cost": 19164.99, "Plan Rows": 36, "Plan Width": 27, "Actual Startup Time": 4.806, "Actual Total Time": 40.93, "Actual Rows": 1481, "Actual Loops": 2, "Inner Unique": true, "Hash Cond": "(web_sales.ws_sold_date_sk = date_dim_2.d_date_sk)", "Workers": [], "Plans": [{"Node Type": "Nested Loop", "Parent Relationship": "Outer", "Parallel Aware": false, "Async Capable": false, "Join Type": "Inner", "Startup Cost": 1430.45, "Total Cost": 16865.99, "Plan Rows": 87700, "Plan Width": 31, "Actual Startup Time": 2.579, "Actual Total Time": 36.706, "Actual Rows": 69762, "Actual Loops": 2, "Inner Unique": false, "Workers": [], "Plans": [{"Node Type": "Hash Join", "Parent Relationship": "Outer", "Parallel Aware": true, "Async Capable": false, "Join Type": "Semi", "Startup Cost": 1430.03, "Total Cost": 2874.85, "Plan Rows": 2194, "Plan Width": 21, "Actual Startup Time": 2.56, "Actual Total Time": 4.462, "Actual Rows": 2008, "Actual Loops": 2, "Inner Unique": false, "Hash Cond": "(item_4.i_item_id = item_5.i_item_id)", "Workers": [], "Plans": [{"Node Type": "Seq Scan", "Parent Relationship": "Outer", "Parallel Aware": true, "Async Capable": false, "Relation Name": "item", "Alias": "item_4", "Startup Cost": 0.0, "Total Cost": 1389.88, "Plan Rows": 10588, "Plan Width": 21, "Actual Startup Time": 0.001, "Actual Total Time": 0.445, "Actual Rows": 9000, "Actual Loops": 2, "Workers": []}, {"Node Type": "Hash", "Parent Relationship": "Inner", "Parallel Aware": true, "Async Capable": false, "Startup Cost": 1416.35, "Total Cost": 1416.35, "Plan Rows": 1094, "Plan Width": 17, "Actual Startup Time": 2.531, "Actual Total Time": 2.532, "Actual Rows": 930, "Actual Loops": 2, "Hash Buckets": 2048, "Original Hash Buckets": 2048, "Hash Batches": 1, "Original Hash Batches": 1, "Peak Memory Usage": 144, "Workers": [], "Plans": [{"Node Type": "Seq Scan", "Parent Relationship": "Outer", "Parallel Aware": true, "Async Capable": false, "Relation Name": "item", "Alias": "item_5", "Startup Cost": 0.0, "Total Cost": 1416.35, "Plan Rows": 1094, "Plan Width": 17, "Actual Startup Time": 0.005, "Actual Total Time": 2.462, "Actual Rows": 930, "Actual Loops": 2, "Filter": "(i_category = 'Music'::bpchar)", "Rows Removed by Filter": 8070, "Workers": []}]}]}, {"Node Type": "Index Scan", "Parent Relationship": "Inner", "Parallel Aware": false, "Async Capable": false, "Scan Direction": "Forward", "Index Name": "web_sales_pkey", "Relation Name": "web_sales", "Alias": "web_sales", "Startup Cost": 0.42, "Total Cost": 5.94, "Plan Rows": 44, "Plan Width": 18, "Actual Startup Time": 0.002, "Actual Total Time": 0.013, "Actual Rows": 35, "Actual Loops": 4017, "Index Cond": "(ws_item_sk = item_4.i_item_sk)", "Rows Removed by Index Recheck": 0, "Workers": []}]}, {"Node Type": "Hash", "Parent Relationship": "Inner", "Parallel Aware": true, "Async Capable": false, "Startup Cost": 2068.55, "Total Cost": 2068.55, "Plan Rows": 18, "Plan Width": 4, "Actual Startup Time": 2.144, "Actual Total Time": 2.144, "Actual Rows": 15, "Actual Loops": 2, "Hash Buckets": 1024, "Original Hash Buckets": 1024, "Hash Batches": 1, "Original Hash Batches": 1, "Peak Memory Usage": 40, "Workers": [], "Plans": [{"Node Type": "Seq Scan", "Parent Relationship": "Outer", "Parallel Aware": true, "Async Capable": false, "Relation Name": "date_dim", "Alias": "date_dim_2", "Startup Cost": 0.0, "Total Cost": 2068.55, "Plan Rows": 18, "Plan Width": 4, "Actual Startup Time": 1.576, "Actual Total Time": 2.133, "Actual Rows": 15, "Actual Loops": 2, "Filter": "((d_year = 1998) AND (d_moy = 9))", "Rows Removed by Filter": 36510, "Workers": []}]}]}, {"Node Type": "Index Scan", "Parent Relationship": "Inner", "Parallel Aware": false, "Async Capable": false, "Scan Direction": "Forward", "Index Name": "customer_address_pkey", "Relation Name": "customer_address", "Alias": "customer_address_2", "Startup Cost": 0.29, "Total Cost": 0.32, "Plan Rows": 1, "Plan Width": 4, "Actual Startup Time": 0.001, "Actual Total Time": 0.001, "Actual Rows": 0, "Actual Loops": 2962, "Index Cond": "(ca_address_sk = web_sales.ws_bill_addr_sk)", "Rows Removed by Index Recheck": 0, "Filter": "(ca_gmt_offset = '-5'::numeric)", "Rows Removed by Filter": 1, "Workers": []}]}]}]}]}]}]}]}]}]}, "Planning Time": 1.913, "Triggers": [], "Execution Time": 301.784}