{"Plan": {"Node Type": "Limit", "Parallel Aware": false, "Async Capable": false, "Startup Cost": 24929.96, "Total Cost": 24946.93, "Plan Rows": 100, "Plan Width": 314, "Actual Startup Time": 54.626, "Actual Total Time": 59.853, "Actual Rows": 100, "Actual Loops": 1, "Plans": [{"Node Type": "Aggregate", "Strategy": "Sorted", "Partial Mode": "Finalize", "Parent Relationship": "Outer", "Parallel Aware": false, "Async Capable": false, "Startup Cost": 24929.96, "Total Cost": 25511.48, "Plan Rows": 3427, "Plan Width": 314, "Actual Startup Time": 54.624, "Actual Total Time": 59.846, "Actual Rows": 100, "Actual Loops": 1, "Group Key": ["(\"substring\"((warehouse.w_warehouse_name)::text, 1, 20))", "ship_mode.sm_type", "web_site.web_name"], "Plans": [{"Node Type": "Gather Merge", "Parent Relationship": "Outer", "Parallel Aware": false, "Async Capable": false, "Startup Cost": 24929.96, "Total Cost": 25402.34, "Plan Rows": 3315, "Plan Width": 314, "Actual Startup Time": 54.485, "Actual Total Time": 59.783, "Actual Rows": 401, "Actual Loops": 1, "Workers Planned": 3, "Workers Launched": 3, "Plans": [{"Node Type": "Aggregate", "Strategy": "Sorted", "Partial Mode": "Partial", "Parent Relationship": "Outer", "Parallel Aware": false, "Async Capable": false, "Startup Cost": 23929.92, "Total Cost": 24012.79, "Plan Rows": 1105, "Plan Width": 314, "Actual Startup Time": 47.5, "Actual Total Time": 52.921, "Actual Rows": 138, "Actual Loops": 4, "Group Key": ["(\"substring\"((warehouse.w_warehouse_name)::text, 1, 20))", "ship_mode.sm_type", "web_site.web_name"], "Workers": [], "Plans": [{"Node Type": "Sort", "Parent Relationship": "Outer", "Parallel Aware": false, "Async Capable": false, "Startup Cost": 23929.92, "Total Cost": 23932.68, "Plan Rows": 1105, "Plan Width": 282, "Actual Startup Time": 47.447, "Actual Total Time": 48.368, "Actual Rows": 32869, "Actual Loops": 4, "Sort Key": ["(\"substring\"((warehouse.w_warehouse_name)::text, 1, 20)) NULLS FIRST", "ship_mode.sm_type NULLS FIRST", "web_site.web_name NULLS FIRST"], "Sort Method": "quicksort", "Sort Space Used": 4716, "Sort Space Type": "Memory", "Workers": [{"Worker Number": 0, "Sort Method": "quicksort", "Sort Space Used": 4675, "Sort Space Type": "Memory"}, {"Worker Number": 1, "Sort Method": "quicksort", "Sort Space Used": 4625, "Sort Space Type": "Memory"}, {"Worker Number": 2, "Sort Method": "quicksort", "Sort Space Used": 4656, "Sort Space Type": "Memory"}], "Plans": [{"Node Type": "Hash Join", "Parent Relationship": "Outer", "Parallel Aware": false, "Async Capable": false, "Join Type": "Inner", "Startup Cost": 2108.31, "Total Cost": 23874.06, "Plan Rows": 1105, "Plan Width": 282, "Actual Startup Time": 1.314, "Actual Total Time": 35.745, "Actual Rows": 35775, "Actual Loops": 4, "Inner Unique": true, "Hash Cond": "(web_sales.ws_web_site_sk = web_site.web_site_sk)", "Workers": [], "Plans": [{"Node Type": "Hash Join", "Parent Relationship": "Outer", "Parallel Aware": false, "Async Capable": false, "Join Type": "Inner", "Startup Cost": 2097.41, "Total Cost": 23857.18, "Plan Rows": 1105, "Plan Width": 194, "Actual Startup Time": 1.287, "Actual Total Time": 31.728, "Actual Rows": 35776, "Actual Loops": 4, "Inner Unique": true, "Hash Cond": "(web_sales.ws_ship_mode_sk = ship_mode.sm_ship_mode_sk)", "Workers": [], "Plans": [{"Node Type": "Hash Join", "Parent Relationship": "Outer", "Parallel Aware": false, "Async Capable": false, "Join Type": "Inner", "Startup Cost": 2083.36, "Total Cost": 23840.17, "Plan Rows": 1105, "Plan Width": 74, "Actual Startup Time": 1.274, "Actual Total Time": 29.347, "Actual Rows": 35780, "Actual Loops": 4, "Inner Unique": true, "Hash Cond": "(web_sales.ws_warehouse_sk = warehouse.w_warehouse_sk)", "Workers": [], "Plans": [{"Node Type": "Hash Join", "Parent Relationship": "Outer", "Parallel Aware": true, "Async Capable": false, "Join Type": "Inner", "Startup Cost": 2071.11, "Total Cost": 23824.89, "Plan Rows": 1105, "Plan Width": 20, "Actual Startup Time": 1.262, "Actual Total Time": 26.927, "Actual Rows": 35784, "Actual Loops": 4, "Inner Unique": true, "Hash Cond": "(web_sales.ws_ship_date_sk = date_dim.d_date_sk)", "Workers": [], "Plans": [{"Node Type": "Seq Scan", "Parent Relationship": "Outer", "Parallel Aware": true, "Async Capable": false, "Relation Name": "web_sales", "Alias": "web_sales", "Startup Cost": 0.0, "Total Cost": 21144.59, "Plan Rows": 232059, "Plan Width": 20, "Actual Startup Time": 0.003, "Actual Total Time": 10.623, "Actual Rows": 179846, "Actual Loops": 4, "Workers": []}, {"Node Type": "Hash", "Parent Relationship": "Inner", "Parallel Aware": true, "Async Capable": false, "Startup Cost": 2068.55, "Total Cost": 2068.55, "Plan Rows": 205, "Plan Width": 4, "Actual Startup Time": 1.214, "Actual Total Time": 1.214, "Actual Rows": 92, "Actual Loops": 4, "Hash Buckets": 1024, "Original Hash Buckets": 1024, "Hash Batches": 1, "Original Hash Batches": 1, "Peak Memory Usage": 136, "Workers": [], "Plans": [{"Node Type": "Seq Scan", "Parent Relationship": "Outer", "Parallel Aware": true, "Async Capable": false, "Relation Name": "date_dim", "Alias": "date_dim", "Startup Cost": 0.0, "Total Cost": 2068.55, "Plan Rows": 205, "Plan Width": 4, "Actual Startup Time": 0.537, "Actual Total Time": 1.177, "Actual Rows": 92, "Actual Loops": 4, "Filter": "((d_month_seq >= 1200) AND (d_month_seq <= 1211))", "Rows Removed by Filter": 18171, "Workers": []}]}]}, {"Node Type": "Hash", "Parent Relationship": "Inner", "Parallel Aware": false, "Async Capable": false, "Startup Cost": 11.0, "Total Cost": 11.0, "Plan Rows": 100, "Plan Width": 62, "Actual Startup Time": 0.007, "Actual Total Time": 0.008, "Actual Rows": 5, "Actual Loops": 4, "Hash Buckets": 1024, "Original Hash Buckets": 1024, "Hash Batches": 1, "Original Hash Batches": 1, "Peak Memory Usage": 9, "Workers": [], "Plans": [{"Node Type": "Seq Scan", "Parent Relationship": "Outer", "Parallel Aware": false, "Async Capable": false, "Relation Name": "warehouse", "Alias": "warehouse", "Startup Cost": 0.0, "Total Cost": 11.0, "Plan Rows": 100, "Plan Width": 62, "Actual Startup Time": 0.006, "Actual Total Time": 0.006, "Actual Rows": 5, "Actual Loops": 4, "Workers": []}]}]}, {"Node Type": "Hash", "Parent Relationship": "Inner", "Parallel Aware": false, "Async Capable": false, "Startup Cost": 11.8, "Total Cost": 11.8, "Plan Rows": 180, "Plan Width": 128, "Actual Startup Time": 0.008, "Actual Total Time": 0.009, "Actual Rows": 20, "Actual Loops": 4, "Hash Buckets": 1024, "Original Hash Buckets": 1024, "Hash Batches": 1, "Original Hash Batches": 1, "Peak Memory Usage": 10, "Workers": [], "Plans": [{"Node Type": "Seq Scan", "Parent Relationship": "Outer", "Parallel Aware": false, "Async Capable": false, "Relation Name": "ship_mode", "Alias": "ship_mode", "Startup Cost": 0.0, "Total Cost": 11.8, "Plan Rows": 180, "Plan Width": 128, "Actual Startup Time": 0.006, "Actual Total Time": 0.006, "Actual Rows": 20, "Actual Loops": 4, "Workers": []}]}]}, {"Node Type": "Hash", "Parent Relationship": "Inner", "Parallel Aware": false, "Async Capable": false, "Startup Cost": 10.4, "Total Cost": 10.4, "Plan Rows": 40, "Plan Width": 122, "Actual Startup Time": 0.015, "Actual Total Time": 0.016, "Actual Rows": 30, "Actual Loops": 4, "Hash Buckets": 1024, "Original Hash Buckets": 1024, "Hash Batches": 1, "Original Hash Batches": 1, "Peak Memory Usage": 10, "Workers": [], "Plans": [{"Node Type": "Seq Scan", "Parent Relationship": "Outer", "Parallel Aware": false, "Async Capable": false, "Relation Name": "web_site", "Alias": "web_site", "Startup Cost": 0.0, "Total Cost": 10.4, "Plan Rows": 40, "Plan Width": 122, "Actual Startup Time": 0.008, "Actual Total Time": 0.012, "Actual Rows": 30, "Actual Loops": 4, "Workers": []}]}]}]}]}]}]}]}, "Planning Time": 0.717, "Triggers": [], "Execution Time": 60.222}