{"Plan": {"Node Type": "Limit", "Parallel Aware": false, "Async Capable": false, "Startup Cost": 14885.92, "Total Cost": 14889.05, "Plan Rows": 8, "Plan Width": 68, "Actual Startup Time": 57.649, "Actual Total Time": 64.572, "Actual Rows": 100, "Actual Loops": 1, "Plans": [{"Node Type": "Incremental Sort", "Parent Relationship": "Outer", "Parallel Aware": false, "Async Capable": false, "Startup Cost": 14885.92, "Total Cost": 14889.05, "Plan Rows": 8, "Plan Width": 68, "Actual Startup Time": 57.648, "Actual Total Time": 64.567, "Actual Rows": 100, "Actual Loops": 1, "Sort Key": ["tmp1.i_manager_id", "tmp1.avg_monthly_sales", "tmp1.sum_sales"], "Presorted Key": ["tmp1.i_manager_id"], "Full-sort Groups": {"Group Count": 3, "Sort Methods Used": ["quicksort"], "Sort Space Memory": {"Average Sort Space Used": 27, "Peak Sort Space Used": 27}}, "Plans": [{"Node Type": "Subquery Scan", "Parent Relationship": "Outer", "Parallel Aware": false, "Async Capable": false, "Alias": "tmp1", "Startup Cost": 14885.51, "Total Cost": 14888.69, "Plan Rows": 8, "Plan Width": 68, "Actual Startup Time": 57.554, "Actual Total Time": 64.535, "Actual Rows": 101, "Actual Loops": 1, "Filter": "(CASE WHEN (tmp1.avg_monthly_sales > '0'::numeric) THEN (abs((tmp1.sum_sales - tmp1.avg_monthly_sales)) / tmp1.avg_monthly_sales) ELSE NULL::numeric END > 0.1)", "Rows Removed by Filter": 9, "Plans": [{"Node Type": "WindowAgg", "Parent Relationship": "Subquery", "Parallel Aware": false, "Async Capable": false, "Startup Cost": 14885.51, "Total Cost": 14888.18, "Plan Rows": 23, "Plan Width": 72, "Actual Startup Time": 57.551, "Actual Total Time": 64.508, "Actual Rows": 110, "Actual Loops": 1, "Plans": [{"Node Type": "Aggregate", "Strategy": "Sorted", "Partial Mode": "Finalize", "Parent Relationship": "Outer", "Parallel Aware": false, "Async Capable": false, "Startup Cost": 14885.51, "Total Cost": 14887.83, "Plan Rows": 23, "Plan Width": 40, "Actual Startup Time": 57.526, "Actual Total Time": 64.476, "Actual Rows": 122, "Actual Loops": 1, "Group Key": ["item.i_manager_id", "date_dim.d_moy"], "Plans": [{"Node Type": "Gather Merge", "Parent Relationship": "Outer", "Parallel Aware": false, "Async Capable": false, "Startup Cost": 14885.51, "Total Cost": 14887.4, "Plan Rows": 14, "Plan Width": 40, "Actual Startup Time": 57.518, "Actual Total Time": 64.424, "Actual Rows": 242, "Actual Loops": 1, "Workers Planned": 1, "Workers Launched": 1, "Plans": [{"Node Type": "Aggregate", "Strategy": "Sorted", "Partial Mode": "Partial", "Parent Relationship": "Outer", "Parallel Aware": false, "Async Capable": false, "Startup Cost": 13885.5, "Total Cost": 13885.82, "Plan Rows": 14, "Plan Width": 40, "Actual Startup Time": 56.3, "Actual Total Time": 56.63, "Actual Rows": 285, "Actual Loops": 2, "Group Key": ["item.i_manager_id", "date_dim.d_moy"], "Workers": [], "Plans": [{"Node Type": "Sort", "Parent Relationship": "Outer", "Parallel Aware": false, "Async Capable": false, "Startup Cost": 13885.5, "Total Cost": 13885.54, "Plan Rows": 14, "Plan Width": 14, "Actual Startup Time": 56.29, "Actual Total Time": 56.377, "Actual Rows": 4051, "Actual Loops": 2, "Sort Key": ["item.i_manager_id", "date_dim.d_moy"], "Sort Method": "quicksort", "Sort Space Used": 770, "Sort Space Type": "Memory", "Workers": [{"Worker Number": 0, "Sort Method": "quicksort", "Sort Space Used": 751, "Sort Space Type": "Memory"}], "Plans": [{"Node Type": "Nested Loop", "Parent Relationship": "Outer", "Parallel Aware": false, "Async Capable": false, "Join Type": "Inner", "Startup Cost": 0.91, "Total Cost": 13885.24, "Plan Rows": 14, "Plan Width": 14, "Actual Startup Time": 1.364, "Actual Total Time": 55.114, "Actual Rows": 9642, "Actual Loops": 2, "Inner Unique": true, "Workers": [], "Plans": [{"Node Type": "Nested Loop", "Parent Relationship": "Outer", "Parallel Aware": false, "Async Capable": false, "Join Type": "Inner", "Startup Cost": 0.76, "Total Cost": 13883.86, "Plan Rows": 14, "Plan Width": 18, "Actual Startup Time": 1.352, "Actual Total Time": 53.736, "Actual Rows": 9886, "Actual Loops": 2, "Inner Unique": true, "Workers": [], "Plans": [{"Node Type": "Nested Loop", "Parent Relationship": "Outer", "Parallel Aware": false, "Async Capable": false, "Join Type": "Inner", "Startup Cost": 0.43, "Total Cost": 13182.45, "Plan Rows": 2730, "Plan Width": 18, "Actual Startup Time": 0.042, "Actual Total Time": 45.188, "Actual Rows": 60073, "Actual Loops": 2, "Inner Unique": false, "Workers": [], "Plans": [{"Node Type": "Seq Scan", "Parent Relationship": "Outer", "Parallel Aware": true, "Async Capable": false, "Relation Name": "item", "Alias": "item", "Startup Cost": 0.0, "Total Cost": 1681.06, "Plan Rows": 17, "Plan Width": 8, "Actual Startup Time": 0.024, "Actual Total Time": 4.215, "Actual Rows": 467, "Actual Loops": 2, "Filter": "(((i_category = ANY ('{Books,Children,Electronics}'::bpchar[])) AND (i_class = ANY ('{personal,portable,reference,self-help}'::bpchar[])) AND (i_brand = ANY ('{\"scholaramalgamalg #14\",\"scholaramalgamalg #7\",\"exportiunivamalg #9\",\"scholaramalgamalg #9\"}'::bpchar[]))) OR ((i_category = ANY ('{Women,Music,Men}'::bpchar[])) AND (i_class = ANY ('{accessories,classical,fragrances,pants}'::bpchar[])) AND (i_brand = ANY ('{\"amalgimporto #1\",\"edu packscholar #1\",\"exportiimporto #1\",\"importoamalg #1\"}'::bpchar[]))))", "Rows Removed by Filter": 8533, "Workers": []}, {"Node Type": "Index Scan", "Parent Relationship": "Inner", "Parallel Aware": false, "Async Capable": false, "Scan Direction": "Forward", "Index Name": "store_sales_pkey", "Relation Name": "store_sales", "Alias": "store_sales", "Startup Cost": 0.43, "Total Cost": 674.8, "Plan Rows": 175, "Plan Width": 18, "Actual Startup Time": 0.005, "Actual Total Time": 0.079, "Actual Rows": 129, "Actual Loops": 934, "Index Cond": "(ss_item_sk = item.i_item_sk)", "Rows Removed by Index Recheck": 0, "Workers": []}]}, {"Node Type": "Memoize", "Parent Relationship": "Inner", "Parallel Aware": false, "Async Capable": false, "Startup Cost": 0.33, "Total Cost": 0.36, "Plan Rows": 1, "Plan Width": 8, "Actual Startup Time": 0.0, "Actual Total Time": 0.0, "Actual Rows": 0, "Actual Loops": 120146, "Cache Key": "store_sales.ss_sold_date_sk", "Cache Mode": "logical", "Cache Hits": 59647, "Cache Misses": 1516, "Cache Evictions": 0, "Cache Overflows": 0, "Peak Memory Usage": 115, "Workers": [{"Worker Number": 0, "Cache Hits": 57383, "Cache Misses": 1600, "Cache Evictions": 0, "Cache Overflows": 0, "Peak Memory Usage": 121}], "Plans": [{"Node Type": "Index Scan", "Parent Relationship": "Outer", "Parallel Aware": false, "Async Capable": false, "Scan Direction": "Forward", "Index Name": "date_dim_pkey", "Relation Name": "date_dim", "Alias": "date_dim", "Startup Cost": 0.32, "Total Cost": 0.35, "Plan Rows": 1, "Plan Width": 8, "Actual Startup Time": 0.001, "Actual Total Time": 0.001, "Actual Rows": 0, "Actual Loops": 3116, "Index Cond": "(d_date_sk = store_sales.ss_sold_date_sk)", "Rows Removed by Index Recheck": 0, "Filter": "(d_month_seq = ANY ('{1200,1201,1202,1203,1204,1205,1206,1207,1208,1209,1210,1211}'::integer[]))", "Rows Removed by Filter": 1, "Workers": []}]}]}, {"Node Type": "Memoize", "Parent Relationship": "Inner", "Parallel Aware": false, "Async Capable": false, "Startup Cost": 0.15, "Total Cost": 0.17, "Plan Rows": 1, "Plan Width": 4, "Actual Startup Time": 0.0, "Actual Total Time": 0.0, "Actual Rows": 1, "Actual Loops": 19772, "Cache Key": "store_sales.ss_store_sk", "Cache Mode": "logical", "Cache Hits": 10144, "Cache Misses": 7, "Cache Evictions": 0, "Cache Overflows": 0, "Peak Memory Usage": 1, "Workers": [{"Worker Number": 0, "Cache Hits": 9614, "Cache Misses": 7, "Cache Evictions": 0, "Cache Overflows": 0, "Peak Memory Usage": 1}], "Plans": [{"Node Type": "Index Only Scan", "Parent Relationship": "Outer", "Parallel Aware": false, "Async Capable": false, "Scan Direction": "Forward", "Index Name": "store_pkey", "Relation Name": "store", "Alias": "store", "Startup Cost": 0.14, "Total Cost": 0.16, "Plan Rows": 1, "Plan Width": 4, "Actual Startup Time": 0.002, "Actual Total Time": 0.002, "Actual Rows": 1, "Actual Loops": 14, "Index Cond": "(s_store_sk = store_sales.ss_store_sk)", "Rows Removed by Index Recheck": 0, "Heap Fetches": 12, "Workers": []}]}]}]}]}]}]}]}]}]}]}, "Planning Time": 0.576, "Triggers": [], "Execution Time": 64.7}