{"Plan": {"Node Type": "Sort", "Parallel Aware": false, "Async Capable": false, "Startup Cost": 49247.89, "Total Cost": 49247.89, "Plan Rows": 1, "Plan Width": 1310, "Actual Startup Time": 118.802, "Actual Total Time": 123.301, "Actual Rows": 10, "Actual Loops": 1, "Sort Key": ["cs1.product_name", "cs1.store_name", "cs2.cnt", "cs1.s1", "cs2.s1"], "Sort Method": "quicksort", "Sort Space Used": 27, "Sort Space Type": "Memory", "Plans": [{"Node Type": "Aggregate", "Strategy": "Sorted", "Partial Mode": "Simple", "Parent Relationship": "InitPlan", "Subplan Name": "CTE cross_sales", "Parallel Aware": false, "Async Capable": false, "Startup Cost": 49105.78, "Total Cost": 49247.81, "Plan Rows": 1, "Plan Width": 413, "Actual Startup Time": 91.955, "Actual Total Time": 122.992, "Actual Rows": 133, "Actual Loops": 1, "Group Key": ["item.i_item_sk", "store.s_store_name", "store.s_zip", "ad1.ca_street_number", "ad1.ca_street_name", "ad1.ca_city", "ad1.ca_zip", "ad2.ca_street_number", "ad2.ca_street_name", "ad2.ca_city", "ad2.ca_zip", "d1.d_year", "d2.d_year", "d3.d_year"], "Plans": [{"Node Type": "Incremental Sort", "Parent Relationship": "Outer", "Parallel Aware": false, "Async Capable": false, "Startup Cost": 49105.78, "Total Cost": 49247.71, "Plan Rows": 2, "Plan Width": 324, "Actual Startup Time": 91.949, "Actual Total Time": 122.904, "Actual Rows": 133, "Actual Loops": 1, "Sort Key": ["item.i_item_sk", "store.s_store_name", "store.s_zip", "ad1.ca_street_number", "ad1.ca_street_name", "ad1.ca_city", "ad1.ca_zip", "ad2.ca_street_number", "ad2.ca_street_name", "ad2.ca_city", "ad2.ca_zip", "d1.d_year", "d2.d_year", "d3.d_year"], "Presorted Key": ["item.i_item_sk"], "Full-sort Groups": {"Group Count": 4, "Sort Methods Used": ["quicksort"], "Sort Space Memory": {"Average Sort Space Used": 34, "Peak Sort Space Used": 34}}, "Plans": [{"Node Type": "Nested Loop", "Parent Relationship": "Outer", "Parallel Aware": false, "Async Capable": false, "Join Type": "Inner", "Startup Cost": 48963.93, "Total Cost": 49247.62, "Plan Rows": 1, "Plan Width": 324, "Actual Startup Time": 71.117, "Actual Total Time": 122.81, "Actual Rows": 133, "Actual Loops": 1, "Inner Unique": true, "Plans": [{"Node Type": "Nested Loop", "Parent Relationship": "Outer", "Parallel Aware": false, "Async Capable": false, "Join Type": "Inner", "Startup Cost": 48963.78, "Total Cost": 49247.44, "Plan Rows": 1, "Plan Width": 328, "Actual Startup Time": 71.113, "Actual Total Time": 122.752, "Actual Rows": 133, "Actual Loops": 1, "Inner Unique": true, "Plans": [{"Node Type": "Nested Loop", "Parent Relationship": "Outer", "Parallel Aware": false, "Async Capable": false, "Join Type": "Inner", "Startup Cost": 48963.63, "Total Cost": 49247.26, "Plan Rows": 1, "Plan Width": 332, "Actual Startup Time": 71.076, "Actual Total Time": 122.645, "Actual Rows": 133, "Actual Loops": 1, "Inner Unique": true, "Plans": [{"Node Type": "Nested Loop", "Parent Relationship": "Outer", "Parallel Aware": false, "Async Capable": false, "Join Type": "Inner", "Startup Cost": 48963.34, "Total Cost": 49246.9, "Plan Rows": 1, "Plan Width": 296, "Actual Startup Time": 71.065, "Actual Total Time": 122.202, "Actual Rows": 133, "Actual Loops": 1, "Inner Unique": true, "Plans": [{"Node Type": "Nested Loop", "Parent Relationship": "Outer", "Parallel Aware": false, "Async Capable": false, "Join Type": "Inner", "Startup Cost": 48963.05, "Total Cost": 49246.59, "Plan Rows": 1, "Plan Width": 260, "Actual Startup Time": 71.05, "Actual Total Time": 121.75, "Actual Rows": 133, "Actual Loops": 1, "Inner Unique": true, "Plans": [{"Node Type": "Nested Loop", "Parent Relationship": "Outer", "Parallel Aware": false, "Async Capable": false, "Join Type": "Inner", "Startup Cost": 48962.76, "Total Cost": 49246.29, "Plan Rows": 1, "Plan Width": 260, "Actual Startup Time": 71.042, "Actual Total Time": 121.571, "Actual Rows": 133, "Actual Loops": 1, "Inner Unique": true, "Plans": [{"Node Type": "Nested Loop", "Parent Relationship": "Outer", "Parallel Aware": false, "Async Capable": false, "Join Type": "Inner", "Startup Cost": 48962.48, "Total Cost": 49245.99, "Plan Rows": 1, "Plan Width": 260, "Actual Startup Time": 71.03, "Actual Total Time": 121.35, "Actual Rows": 133, "Actual Loops": 1, "Inner Unique": true, "Plans": [{"Node Type": "Nested Loop", "Parent Relationship": "Outer", "Parallel Aware": false, "Async Capable": false, "Join Type": "Inner", "Startup Cost": 48962.33, "Total Cost": 49245.83, "Plan Rows": 1, "Plan Width": 264, "Actual Startup Time": 71.021, "Actual Total Time": 121.228, "Actual Rows": 133, "Actual Loops": 1, "Inner Unique": true, "Join Filter": "(cd1.cd_marital_status <> cd2.cd_marital_status)", "Rows Removed by Join Filter": 19, "Plans": [{"Node Type": "Nested Loop", "Parent Relationship": "Outer", "Parallel Aware": false, "Async Capable": false, "Join Type": "Inner", "Startup Cost": 48961.91, "Total Cost": 49244.28, "Plan Rows": 1, "Plan Width": 270, "Actual Startup Time": 71.009, "Actual Total Time": 120.121, "Actual Rows": 155, "Actual Loops": 1, "Inner Unique": true, "Plans": [{"Node Type": "Nested Loop", "Parent Relationship": "Outer", "Parallel Aware": false, "Async Capable": false, "Join Type": "Inner", "Startup Cost": 48961.48, "Total Cost": 49243.8, "Plan Rows": 1, "Plan Width": 272, "Actual Startup Time": 70.988, "Actual Total Time": 118.973, "Actual Rows": 157, "Actual Loops": 1, "Inner Unique": true, "Plans": [{"Node Type": "Nested Loop", "Parent Relationship": "Outer", "Parallel Aware": false, "Async Capable": false, "Join Type": "Inner", "Startup Cost": 48961.19, "Total Cost": 49243.43, "Plan Rows": 1, "Plan Width": 272, "Actual Startup Time": 70.983, "Actual Total Time": 118.829, "Actual Rows": 158, "Actual Loops": 1, "Inner Unique": true, "Plans": [{"Node Type": "Nested Loop", "Parent Relationship": "Outer", "Parallel Aware": false, "Async Capable": false, "Join Type": "Inner", "Startup Cost": 48960.89, "Total Cost": 49243.05, "Plan Rows": 1, "Plan Width": 272, "Actual Startup Time": 70.972, "Actual Total Time": 118.608, "Actual Rows": 160, "Actual Loops": 1, "Inner Unique": true, "Plans": [{"Node Type": "Nested Loop", "Parent Relationship": "Outer", "Parallel Aware": false, "Async Capable": false, "Join Type": "Inner", "Startup Cost": 48960.6, "Total Cost": 49242.74, "Plan Rows": 1, "Plan Width": 256, "Actual Startup Time": 70.957, "Actual Total Time": 117.88, "Actual Rows": 162, "Actual Loops": 1, "Inner Unique": true, "Plans": [{"Node Type": "Nested Loop", "Parent Relationship": "Outer", "Parallel Aware": false, "Async Capable": false, "Join Type": "Inner", "Startup Cost": 48960.46, "Total Cost": 49242.58, "Plan Rows": 1, "Plan Width": 98, "Actual Startup Time": 70.953, "Actual Total Time": 117.789, "Actual Rows": 169, "Actual Loops": 1, "Inner Unique": true, "Plans": [{"Node Type": "Nested Loop", "Parent Relationship": "Outer", "Parallel Aware": false, "Async Capable": false, "Join Type": "Inner", "Startup Cost": 48960.17, "Total Cost": 49242.27, "Plan Rows": 1, "Plan Width": 98, "Actual Startup Time": 70.936, "Actual Total Time": 117.595, "Actual Rows": 179, "Actual Loops": 1, "Inner Unique": true, "Join Filter": "(store_sales.ss_item_sk = item.i_item_sk)", "Rows Removed by Join Filter": 0, "Plans": [{"Node Type": "Nested Loop", "Parent Relationship": "Outer", "Parallel Aware": false, "Async Capable": false, "Join Type": "Inner", "Startup Cost": 48959.74, "Total Cost": 49240.93, "Plan Rows": 1, "Plan Width": 67, "Actual Startup Time": 70.917, "Actual Total Time": 116.734, "Actual Rows": 179, "Actual Loops": 1, "Inner Unique": false, "Join Filter": "(store_returns.sr_item_sk = item.i_item_sk)", "Rows Removed by Join Filter": 0, "Plans": [{"Node Type": "Nested Loop", "Parent Relationship": "Outer", "Parallel Aware": false, "Async Capable": false, "Join Type": "Inner", "Startup Cost": 48959.32, "Total Cost": 49235.51, "Plan Rows": 1, "Plan Width": 59, "Actual Startup Time": 70.889, "Actual Total Time": 116.608, "Actual Rows": 12, "Actual Loops": 1, "Inner Unique": true, "Plans": [{"Node Type": "Aggregate", "Strategy": "Sorted", "Partial Mode": "Simple", "Parent Relationship": "Outer", "Parallel Aware": false, "Async Capable": false, "Startup Cost": 48959.02, "Total Cost": 48975.0, "Plan Rows": 35, "Plan Width": 68, "Actual Startup Time": 60.017, "Actual Total Time": 100.125, "Actual Rows": 17169, "Actual Loops": 1, "Group Key": ["catalog_sales.cs_item_sk"], "Filter": "(sum(catalog_sales.cs_ext_list_price) > ('2'::numeric * sum(((catalog_returns.cr_refunded_cash + catalog_returns.cr_reversed_charge) + catalog_returns.cr_store_credit))))", "Rows Removed by Filter": 693, "Plans": [{"Node Type": "Gather Merge", "Parent Relationship": "Outer", "Parallel Aware": false, "Async Capable": false, "Startup Cost": 48959.02, "Total Cost": 48971.59, "Plan Rows": 105, "Plan Width": 29, "Actual Startup Time": 60.0, "Actual Total Time": 76.076, "Actual Rows": 144067, "Actual Loops": 1, "Workers Planned": 4, "Workers Launched": 4, "Plans": [{"Node Type": "Sort", "Parent Relationship": "Outer", "Parallel Aware": false, "Async Capable": false, "Startup Cost": 47958.96, "Total Cost": 47959.03, "Plan Rows": 26, "Plan Width": 29, "Actual Startup Time": 57.964, "Actual Total Time": 60.196, "Actual Rows": 28813, "Actual Loops": 5, "Sort Key": ["catalog_sales.cs_item_sk"], "Sort Method": "quicksort", "Sort Space Used": 2335, "Sort Space Type": "Memory", "Workers": [{"Worker Number": 0, "Sort Method": "quicksort", "Sort Space Used": 2360, "Sort Space Type": "Memory"}, {"Worker Number": 1, "Sort Method": "quicksort", "Sort Space Used": 2370, "Sort Space Type": "Memory"}, {"Worker Number": 2, "Sort Method": "quicksort", "Sort Space Used": 2381, "Sort Space Type": "Memory"}, {"Worker Number": 3, "Sort Method": "quicksort", "Sort Space Used": 2362, "Sort Space Type": "Memory"}], "Plans": [{"Node Type": "Hash Join", "Parent Relationship": "Outer", "Parallel Aware": true, "Async Capable": false, "Join Type": "Inner", "Startup Cost": 5014.63, "Total Cost": 47958.35, "Plan Rows": 26, "Plan Width": 29, "Actual Startup Time": 7.023, "Actual Total Time": 54.608, "Actual Rows": 28813, "Actual Loops": 5, "Inner Unique": true, "Hash Cond": "((catalog_sales.cs_item_sk = catalog_returns.cr_item_sk) AND (catalog_sales.cs_order_number = catalog_returns.cr_order_number))", "Workers": [], "Plans": [{"Node Type": "Seq Scan", "Parent Relationship": "Outer", "Parallel Aware": true, "Async Capable": false, "Relation Name": "catalog_sales", "Alias": "catalog_sales", "Startup Cost": 0.0, "Total Cost": 41051.75, "Plan Rows": 360375, "Plan Width": 15, "Actual Startup Time": 0.007, "Actual Total Time": 16.646, "Actual Rows": 288310, "Actual Loops": 5, "Workers": []}, {"Node Type": "Hash", "Parent Relationship": "Inner", "Parallel Aware": true, "Async Capable": false, "Startup Cost": 3743.45, "Total Cost": 3743.45, "Plan Rows": 84745, "Plan Width": 26, "Actual Startup Time": 6.862, "Actual Total Time": 6.863, "Actual Rows": 28813, "Actual Loops": 5, "Hash Buckets": 262144, "Original Hash Buckets": 262144, "Hash Batches": 1, "Original Hash Batches": 1, "Peak Memory Usage": 11072, "Workers": [], "Plans": [{"Node Type": "Seq Scan", "Parent Relationship": "Outer", "Parallel Aware": true, "Async Capable": false, "Relation Name": "catalog_returns", "Alias": "catalog_returns", "Startup Cost": 0.0, "Total Cost": 3743.45, "Plan Rows": 84745, "Plan Width": 26, "Actual Startup Time": 0.009, "Actual Total Time": 3.151, "Actual Rows": 28813, "Actual Loops": 5, "Workers": []}]}]}]}]}]}, {"Node Type": "Memoize", "Parent Relationship": "Inner", "Parallel Aware": false, "Async Capable": false, "Startup Cost": 0.3, "Total Cost": 7.42, "Plan Rows": 1, "Plan Width": 55, "Actual Startup Time": 0.001, "Actual Total Time": 0.001, "Actual Rows": 0, "Actual Loops": 17169, "Cache Key": "catalog_sales.cs_item_sk", "Cache Mode": "logical", "Cache Hits": 0, "Cache Misses": 17169, "Cache Evictions": 0, "Cache Overflows": 0, "Peak Memory Usage": 1142, "Plans": [{"Node Type": "Index Scan", "Parent Relationship": "Outer", "Parallel Aware": false, "Async Capable": false, "Scan Direction": "Forward", "Index Name": "item_pkey", "Relation Name": "item", "Alias": "item", "Startup Cost": 0.29, "Total Cost": 7.41, "Plan Rows": 1, "Plan Width": 55, "Actual Startup Time": 0.001, "Actual Total Time": 0.001, "Actual Rows": 0, "Actual Loops": 17169, "Index Cond": "(i_item_sk = catalog_sales.cs_item_sk)", "Rows Removed by Index Recheck": 0, "Filter": "((i_current_price >= '64'::numeric) AND (i_current_price <= '74'::numeric) AND (i_current_price >= '65'::numeric) AND (i_current_price <= '79'::numeric) AND (i_color = ANY ('{purple,burlywood,indian,spring,floral,medium}'::bpchar[])))", "Rows Removed by Filter": 1}]}]}, {"Node Type": "Index Only Scan", "Parent Relationship": "Inner", "Parallel Aware": false, "Async Capable": false, "Scan Direction": "Forward", "Index Name": "store_returns_pkey", "Relation Name": "store_returns", "Alias": "store_returns", "Startup Cost": 0.42, "Total Cost": 5.19, "Plan Rows": 18, "Plan Width": 8, "Actual Startup Time": 0.008, "Actual Total Time": 0.009, "Actual Rows": 15, "Actual Loops": 12, "Index Cond": "(sr_item_sk = catalog_sales.cs_item_sk)", "Rows Removed by Index Recheck": 0, "Heap Fetches": 0}]}, {"Node Type": "Index Scan", "Parent Relationship": "Inner", "Parallel Aware": false, "Async Capable": false, "Scan Direction": "Forward", "Index Name": "store_sales_pkey", "Relation Name": "store_sales", "Alias": "store_sales", "Startup Cost": 0.43, "Total Cost": 1.32, "Plan Rows": 1, "Plan Width": 51, "Actual Startup Time": 0.004, "Actual Total Time": 0.004, "Actual Rows": 1, "Actual Loops": 179, "Index Cond": "((ss_item_sk = store_returns.sr_item_sk) AND (ss_ticket_number = store_returns.sr_ticket_number))", "Rows Removed by Index Recheck": 0}]}, {"Node Type": "Index Scan", "Parent Relationship": "Inner", "Parallel Aware": false, "Async Capable": false, "Scan Direction": "Forward", "Index Name": "date_dim_pkey", "Relation Name": "date_dim", "Alias": "d1", "Startup Cost": 0.29, "Total Cost": 0.31, "Plan Rows": 1, "Plan Width": 8, "Actual Startup Time": 0.001, "Actual Total Time": 0.001, "Actual Rows": 1, "Actual Loops": 179, "Index Cond": "(d_date_sk = store_sales.ss_sold_date_sk)", "Rows Removed by Index Recheck": 0}]}, {"Node Type": "Index Scan", "Parent Relationship": "Inner", "Parallel Aware": false, "Async Capable": false, "Scan Direction": "Forward", "Index Name": "store_pkey", "Relation Name": "store", "Alias": "store", "Startup Cost": 0.14, "Total Cost": 0.16, "Plan Rows": 1, "Plan Width": 166, "Actual Startup Time": 0.0, "Actual Total Time": 0.0, "Actual Rows": 1, "Actual Loops": 169, "Index Cond": "(s_store_sk = store_sales.ss_store_sk)", "Rows Removed by Index Recheck": 0}]}, {"Node Type": "Index Scan", "Parent Relationship": "Inner", "Parallel Aware": false, "Async Capable": false, "Scan Direction": "Forward", "Index Name": "customer_pkey", "Relation Name": "customer", "Alias": "customer", "Startup Cost": 0.29, "Total Cost": 0.31, "Plan Rows": 1, "Plan Width": 24, "Actual Startup Time": 0.004, "Actual Total Time": 0.004, "Actual Rows": 1, "Actual Loops": 162, "Index Cond": "(c_customer_sk = store_sales.ss_customer_sk)", "Rows Removed by Index Recheck": 0}]}, {"Node Type": "Index Scan", "Parent Relationship": "Inner", "Parallel Aware": false, "Async Capable": false, "Scan Direction": "Forward", "Index Name": "date_dim_pkey", "Relation Name": "date_dim", "Alias": "d2", "Startup Cost": 0.29, "Total Cost": 0.38, "Plan Rows": 1, "Plan Width": 8, "Actual Startup Time": 0.001, "Actual Total Time": 0.001, "Actual Rows": 1, "Actual Loops": 160, "Index Cond": "(d_date_sk = customer.c_first_sales_date_sk)", "Rows Removed by Index Recheck": 0}]}, {"Node Type": "Index Scan", "Parent Relationship": "Inner", "Parallel Aware": false, "Async Capable": false, "Scan Direction": "Forward", "Index Name": "date_dim_pkey", "Relation Name": "date_dim", "Alias": "d3", "Startup Cost": 0.29, "Total Cost": 0.38, "Plan Rows": 1, "Plan Width": 8, "Actual Startup Time": 0.001, "Actual Total Time": 0.001, "Actual Rows": 1, "Actual Loops": 158, "Index Cond": "(d_date_sk = customer.c_first_shipto_date_sk)", "Rows Removed by Index Recheck": 0}]}, {"Node Type": "Index Scan", "Parent Relationship": "Inner", "Parallel Aware": false, "Async Capable": false, "Scan Direction": "Forward", "Index Name": "customer_demographics_pkey", "Relation Name": "customer_demographics", "Alias": "cd1", "Startup Cost": 0.43, "Total Cost": 0.48, "Plan Rows": 1, "Plan Width": 6, "Actual Startup Time": 0.007, "Actual Total Time": 0.007, "Actual Rows": 1, "Actual Loops": 157, "Index Cond": "(cd_demo_sk = store_sales.ss_cdemo_sk)", "Rows Removed by Index Recheck": 0}]}, {"Node Type": "Index Scan", "Parent Relationship": "Inner", "Parallel Aware": false, "Async Capable": false, "Scan Direction": "Forward", "Index Name": "customer_demographics_pkey", "Relation Name": "customer_demographics", "Alias": "cd2", "Startup Cost": 0.43, "Total Cost": 1.53, "Plan Rows": 1, "Plan Width": 6, "Actual Startup Time": 0.007, "Actual Total Time": 0.007, "Actual Rows": 1, "Actual Loops": 155, "Index Cond": "(cd_demo_sk = customer.c_current_cdemo_sk)", "Rows Removed by Index Recheck": 0}]}, {"Node Type": "Index Only Scan", "Parent Relationship": "Inner", "Parallel Aware": false, "Async Capable": false, "Scan Direction": "Forward", "Index Name": "promotion_pkey", "Relation Name": "promotion", "Alias": "promotion", "Startup Cost": 0.15, "Total Cost": 0.17, "Plan Rows": 1, "Plan Width": 4, "Actual Startup Time": 0.001, "Actual Total Time": 0.001, "Actual Rows": 1, "Actual Loops": 133, "Index Cond": "(p_promo_sk = store_sales.ss_promo_sk)", "Rows Removed by Index Recheck": 0, "Heap Fetches": 133}]}, {"Node Type": "Index Scan", "Parent Relationship": "Inner", "Parallel Aware": false, "Async Capable": false, "Scan Direction": "Forward", "Index Name": "household_demographics_pkey", "Relation Name": "household_demographics", "Alias": "hd1", "Startup Cost": 0.28, "Total Cost": 0.3, "Plan Rows": 1, "Plan Width": 8, "Actual Startup Time": 0.001, "Actual Total Time": 0.001, "Actual Rows": 1, "Actual Loops": 133, "Index Cond": "(hd_demo_sk = store_sales.ss_hdemo_sk)", "Rows Removed by Index Recheck": 0}]}, {"Node Type": "Index Scan", "Parent Relationship": "Inner", "Parallel Aware": false, "Async Capable": false, "Scan Direction": "Forward", "Index Name": "household_demographics_pkey", "Relation Name": "household_demographics", "Alias": "hd2", "Startup Cost": 0.28, "Total Cost": 0.3, "Plan Rows": 1, "Plan Width": 8, "Actual Startup Time": 0.001, "Actual Total Time": 0.001, "Actual Rows": 1, "Actual Loops": 133, "Index Cond": "(hd_demo_sk = customer.c_current_hdemo_sk)", "Rows Removed by Index Recheck": 0}]}, {"Node Type": "Index Scan", "Parent Relationship": "Inner", "Parallel Aware": false, "Async Capable": false, "Scan Direction": "Forward", "Index Name": "customer_address_pkey", "Relation Name": "customer_address", "Alias": "ad1", "Startup Cost": 0.29, "Total Cost": 0.31, "Plan Rows": 1, "Plan Width": 44, "Actual Startup Time": 0.003, "Actual Total Time": 0.003, "Actual Rows": 1, "Actual Loops": 133, "Index Cond": "(ca_address_sk = store_sales.ss_addr_sk)", "Rows Removed by Index Recheck": 0}]}, {"Node Type": "Index Scan", "Parent Relationship": "Inner", "Parallel Aware": false, "Async Capable": false, "Scan Direction": "Forward", "Index Name": "customer_address_pkey", "Relation Name": "customer_address", "Alias": "ad2", "Startup Cost": 0.29, "Total Cost": 0.36, "Plan Rows": 1, "Plan Width": 44, "Actual Startup Time": 0.003, "Actual Total Time": 0.003, "Actual Rows": 1, "Actual Loops": 133, "Index Cond": "(ca_address_sk = customer.c_current_addr_sk)", "Rows Removed by Index Recheck": 0}]}, {"Node Type": "Index Only Scan", "Parent Relationship": "Inner", "Parallel Aware": false, "Async Capable": false, "Scan Direction": "Forward", "Index Name": "income_band_pkey", "Relation Name": "income_band", "Alias": "ib1", "Startup Cost": 0.15, "Total Cost": 0.18, "Plan Rows": 1, "Plan Width": 4, "Actual Startup Time": 0.001, "Actual Total Time": 0.001, "Actual Rows": 1, "Actual Loops": 133, "Index Cond": "(ib_income_band_sk = hd1.hd_income_band_sk)", "Rows Removed by Index Recheck": 0, "Heap Fetches": 133}]}, {"Node Type": "Index Only Scan", "Parent Relationship": "Inner", "Parallel Aware": false, "Async Capable": false, "Scan Direction": "Forward", "Index Name": "income_band_pkey", "Relation Name": "income_band", "Alias": "ib2", "Startup Cost": 0.15, "Total Cost": 0.18, "Plan Rows": 1, "Plan Width": 4, "Actual Startup Time": 0.0, "Actual Total Time": 0.0, "Actual Rows": 1, "Actual Loops": 133, "Index Cond": "(ib_income_band_sk = hd2.hd_income_band_sk)", "Rows Removed by Index Recheck": 0, "Heap Fetches": 133}]}]}]}, {"Node Type": "Nested Loop", "Parent Relationship": "Outer", "Parallel Aware": false, "Async Capable": false, "Join Type": "Inner", "Startup Cost": 0.0, "Total Cost": 0.07, "Plan Rows": 1, "Plan Width": 1310, "Actual Startup Time": 118.746, "Actual Total Time": 118.779, "Actual Rows": 10, "Actual Loops": 1, "Inner Unique": false, "Join Filter": "((cs2.cnt <= cs1.cnt) AND (cs1.item_sk = cs2.item_sk) AND ((cs1.store_name)::text = (cs2.store_name)::text) AND (cs1.store_zip = cs2.store_zip))", "Rows Removed by Join Filter": 254, "Plans": [{"Node Type": "CTE Scan", "Parent Relationship": "Outer", "Parallel Aware": false, "Async Capable": false, "CTE Name": "cross_sales", "Alias": "cs1", "Startup Cost": 0.0, "Total Cost": 0.02, "Plan Rows": 1, "Plan Width": 1206, "Actual Startup Time": 91.967, "Actual Total Time": 91.974, "Actual Rows": 33, "Actual Loops": 1, "Filter": "(syear = 1999)", "Rows Removed by Filter": 100}, {"Node Type": "CTE Scan", "Parent Relationship": "Inner", "Parallel Aware": false, "Async Capable": false, "CTE Name": "cross_sales", "Alias": "cs2", "Startup Cost": 0.0, "Total Cost": 0.02, "Plan Rows": 1, "Plan Width": 274, "Actual Startup Time": 0.701, "Actual Total Time": 0.812, "Actual Rows": 8, "Actual Loops": 33, "Filter": "(syear = 2000)", "Rows Removed by Filter": 125}]}]}, "Planning Time": 1752.387, "Triggers": [], "Execution Time": 123.592}