{"Plan": {"Node Type": "Limit", "Parallel Aware": false, "Async Capable": false, "Startup Cost": 133470.17, "Total Cost": 133470.42, "Plan Rows": 100, "Plan Width": 315, "Actual Startup Time": 343.593, "Actual Total Time": 347.666, "Actual Rows": 100, "Actual Loops": 1, "Plans": [{"Node Type": "Sort", "Parent Relationship": "Outer", "Parallel Aware": false, "Async Capable": false, "Startup Cost": 133470.17, "Total Cost": 133472.55, "Plan Rows": 952, "Plan Width": 315, "Actual Startup Time": 343.592, "Actual Total Time": 347.661, "Actual Rows": 100, "Actual Loops": 1, "Sort Key": ["store.s_store_name NULLS FIRST", "item.i_item_desc NULLS FIRST"], "Sort Method": "quicksort", "Sort Space Used": 57, "Sort Space Type": "Memory", "Plans": [{"Node Type": "Nested Loop", "Parent Relationship": "Outer", "Parallel Aware": false, "Async Capable": false, "Join Type": "Inner", "Startup Cost": 128344.35, "Total Cost": 133433.79, "Plan Rows": 952, "Plan Width": 315, "Actual Startup Time": 208.512, "Actual Total Time": 347.581, "Actual Rows": 115, "Actual Loops": 1, "Inner Unique": true, "Plans": [{"Node Type": "Merge Join", "Parent Relationship": "Outer", "Parallel Aware": false, "Async Capable": false, "Join Type": "Inner", "Startup Cost": 128344.07, "Total Cost": 132787.06, "Plan Rows": 952, "Plan Width": 154, "Actual Startup Time": 208.489, "Actual Total Time": 347.222, "Actual Rows": 115, "Actual Loops": 1, "Inner Unique": false, "Merge Cond": "(store_sales.ss_store_sk = store_sales_1.ss_store_sk)", "Join Filter": "((sum(store_sales.ss_sales_price)) <= (0.1 * (avg((sum(store_sales_1.ss_sales_price))))))", "Rows Removed by Join Filter": 53881, "Plans": [{"Node Type": "Aggregate", "Strategy": "Sorted", "Partial Mode": "Simple", "Parent Relationship": "Outer", "Parallel Aware": false, "Async Capable": false, "Startup Cost": 64166.3, "Total Cost": 66161.15, "Plan Rows": 14276, "Plan Width": 40, "Actual Startup Time": 81.861, "Actual Total Time": 162.68, "Actual Rows": 53997, "Actual Loops": 1, "Group Key": ["store_sales.ss_store_sk", "store_sales.ss_item_sk"], "Plans": [{"Node Type": "Gather Merge", "Parent Relationship": "Outer", "Parallel Aware": false, "Async Capable": false, "Startup Cost": 64166.3, "Total Cost": 65875.63, "Plan Rows": 14276, "Plan Width": 14, "Actual Startup Time": 81.847, "Actual Total Time": 129.349, "Actual Rows": 537721, "Actual Loops": 1, "Workers Planned": 4, "Workers Launched": 4, "Plans": [{"Node Type": "Sort", "Parent Relationship": "Outer", "Parallel Aware": false, "Async Capable": false, "Startup Cost": 63166.24, "Total Cost": 63175.17, "Plan Rows": 3569, "Plan Width": 14, "Actual Startup Time": 79.882, "Actual Total Time": 86.853, "Actual Rows": 108837, "Actual Loops": 5, "Sort Key": ["store_sales.ss_store_sk", "store_sales.ss_item_sk"], "Sort Method": "quicksort", "Sort Space Used": 7329, "Sort Space Type": "Memory", "Workers": [{"Worker Number": 0, "Sort Method": "quicksort", "Sort Space Used": 7340, "Sort Space Type": "Memory"}, {"Worker Number": 1, "Sort Method": "quicksort", "Sort Space Used": 7307, "Sort Space Type": "Memory"}, {"Worker Number": 2, "Sort Method": "quicksort", "Sort Space Used": 7319, "Sort Space Type": "Memory"}, {"Worker Number": 3, "Sort Method": "quicksort", "Sort Space Used": 7473, "Sort Space Type": "Memory"}], "Plans": [{"Node Type": "Hash Join", "Parent Relationship": "Outer", "Parallel Aware": true, "Async Capable": false, "Join Type": "Inner", "Startup Cost": 2071.21, "Total Cost": 62955.65, "Plan Rows": 3569, "Plan Width": 14, "Actual Startup Time": 1.064, "Actual Total Time": 55.785, "Actual Rows": 110119, "Actual Loops": 5, "Inner Unique": true, "Hash Cond": "(store_sales.ss_sold_date_sk = date_dim.d_date_sk)", "Workers": [], "Plans": [{"Node Type": "Seq Scan", "Parent Relationship": "Outer", "Parallel Aware": true, "Async Capable": false, "Relation Name": "store_sales", "Alias": "store_sales", "Startup Cost": 0.0, "Total Cost": 58993.85, "Plan Rows": 720185, "Plan Width": 18, "Actual Startup Time": 0.007, "Actual Total Time": 25.296, "Actual Rows": 576081, "Actual Loops": 5, "Workers": []}, {"Node Type": "Hash", "Parent Relationship": "Inner", "Parallel Aware": true, "Async Capable": false, "Startup Cost": 2068.55, "Total Cost": 2068.55, "Plan Rows": 213, "Plan Width": 4, "Actual Startup Time": 0.986, "Actual Total Time": 0.986, "Actual Rows": 73, "Actual Loops": 5, "Hash Buckets": 1024, "Original Hash Buckets": 1024, "Hash Batches": 1, "Original Hash Batches": 1, "Peak Memory Usage": 136, "Workers": [], "Plans": [{"Node Type": "Seq Scan", "Parent Relationship": "Outer", "Parallel Aware": true, "Async Capable": false, "Relation Name": "date_dim", "Alias": "date_dim", "Startup Cost": 0.0, "Total Cost": 2068.55, "Plan Rows": 213, "Plan Width": 4, "Actual Startup Time": 0.535, "Actual Total Time": 0.96, "Actual Rows": 73, "Actual Loops": 5, "Filter": "((d_month_seq >= 1176) AND (d_month_seq <= 1187))", "Rows Removed by Filter": 14537, "Workers": []}]}]}]}]}]}, {"Node Type": "Materialize", "Parent Relationship": "Inner", "Parallel Aware": false, "Async Capable": false, "Startup Cost": 64177.76, "Total Cost": 66390.46, "Plan Rows": 40, "Plan Width": 158, "Actual Startup Time": 114.557, "Actual Total Time": 178.246, "Actual Rows": 44999, "Actual Loops": 1, "Plans": [{"Node Type": "Merge Join", "Parent Relationship": "Outer", "Parallel Aware": false, "Async Capable": false, "Join Type": "Inner", "Startup Cost": 64177.76, "Total Cost": 66390.36, "Plan Rows": 40, "Plan Width": 158, "Actual Startup Time": 114.554, "Actual Total Time": 177.099, "Actual Rows": 6, "Actual Loops": 1, "Inner Unique": true, "Merge Cond": "(store.s_store_sk = store_sales_1.ss_store_sk)", "Plans": [{"Node Type": "Sort", "Parent Relationship": "Outer", "Parallel Aware": false, "Async Capable": false, "Startup Cost": 11.46, "Total Cost": 11.56, "Plan Rows": 40, "Plan Width": 122, "Actual Startup Time": 0.018, "Actual Total Time": 0.02, "Actual Rows": 11, "Actual Loops": 1, "Sort Key": ["store.s_store_sk"], "Sort Method": "quicksort", "Sort Space Used": 25, "Sort Space Type": "Memory", "Plans": [{"Node Type": "Seq Scan", "Parent Relationship": "Outer", "Parallel Aware": false, "Async Capable": false, "Relation Name": "store", "Alias": "store", "Startup Cost": 0.0, "Total Cost": 10.4, "Plan Rows": 40, "Plan Width": 122, "Actual Startup Time": 0.01, "Actual Total Time": 0.012, "Actual Rows": 12, "Actual Loops": 1}]}, {"Node Type": "Aggregate", "Strategy": "Sorted", "Partial Mode": "Simple", "Parent Relationship": "Inner", "Parallel Aware": false, "Async Capable": false, "Startup Cost": 64166.3, "Total Cost": 66377.79, "Plan Rows": 200, "Plan Width": 36, "Actual Startup Time": 114.533, "Actual Total Time": 177.072, "Actual Rows": 7, "Actual Loops": 1, "Group Key": ["store_sales_1.ss_store_sk"], "Plans": [{"Node Type": "Aggregate", "Strategy": "Sorted", "Partial Mode": "Simple", "Parent Relationship": "Outer", "Parallel Aware": false, "Async Capable": false, "Startup Cost": 64166.3, "Total Cost": 66161.15, "Plan Rows": 14276, "Plan Width": 40, "Actual Startup Time": 102.542, "Actual Total Time": 175.127, "Actual Rows": 60871, "Actual Loops": 1, "Group Key": ["store_sales_1.ss_store_sk", "store_sales_1.ss_item_sk"], "Plans": [{"Node Type": "Gather Merge", "Parent Relationship": "Outer", "Parallel Aware": false, "Async Capable": false, "Startup Cost": 64166.3, "Total Cost": 65875.63, "Plan Rows": 14276, "Plan Width": 14, "Actual Startup Time": 102.532, "Actual Total Time": 142.569, "Actual Rows": 550596, "Actual Loops": 1, "Workers Planned": 4, "Workers Launched": 3, "Plans": [{"Node Type": "Sort", "Parent Relationship": "Outer", "Parallel Aware": false, "Async Capable": false, "Startup Cost": 63166.24, "Total Cost": 63175.17, "Plan Rows": 3569, "Plan Width": 14, "Actual Startup Time": 99.591, "Actual Total Time": 104.454, "Actual Rows": 137649, "Actual Loops": 4, "Sort Key": ["store_sales_1.ss_store_sk", "store_sales_1.ss_item_sk"], "Sort Method": "external merge", "Sort Space Used": 3552, "Sort Space Type": "Disk", "Workers": [{"Worker Number": 0, "Sort Method": "external merge", "Sort Space Used": 3264, "Sort Space Type": "Disk"}, {"Worker Number": 1, "Sort Method": "external merge", "Sort Space Used": 3264, "Sort Space Type": "Disk"}, {"Worker Number": 2, "Sort Method": "external merge", "Sort Space Used": 3232, "Sort Space Type": "Disk"}], "Plans": [{"Node Type": "Hash Join", "Parent Relationship": "Outer", "Parallel Aware": true, "Async Capable": false, "Join Type": "Inner", "Startup Cost": 2071.21, "Total Cost": 62955.65, "Plan Rows": 3569, "Plan Width": 14, "Actual Startup Time": 1.12, "Actual Total Time": 66.087, "Actual Rows": 137649, "Actual Loops": 4, "Inner Unique": true, "Hash Cond": "(store_sales_1.ss_sold_date_sk = date_dim_1.d_date_sk)", "Workers": [], "Plans": [{"Node Type": "Seq Scan", "Parent Relationship": "Outer", "Parallel Aware": true, "Async Capable": false, "Relation Name": "store_sales", "Alias": "store_sales_1", "Startup Cost": 0.0, "Total Cost": 58993.85, "Plan Rows": 720185, "Plan Width": 18, "Actual Startup Time": 0.006, "Actual Total Time": 28.73, "Actual Rows": 720101, "Actual Loops": 4, "Workers": []}, {"Node Type": "Hash", "Parent Relationship": "Inner", "Parallel Aware": true, "Async Capable": false, "Startup Cost": 2068.55, "Total Cost": 2068.55, "Plan Rows": 213, "Plan Width": 4, "Actual Startup Time": 1.034, "Actual Total Time": 1.035, "Actual Rows": 91, "Actual Loops": 4, "Hash Buckets": 1024, "Original Hash Buckets": 1024, "Hash Batches": 1, "Original Hash Batches": 1, "Peak Memory Usage": 136, "Workers": [], "Plans": [{"Node Type": "Seq Scan", "Parent Relationship": "Outer", "Parallel Aware": true, "Async Capable": false, "Relation Name": "date_dim", "Alias": "date_dim_1", "Startup Cost": 0.0, "Total Cost": 2068.55, "Plan Rows": 213, "Plan Width": 4, "Actual Startup Time": 0.469, "Actual Total Time": 1.011, "Actual Rows": 91, "Actual Loops": 4, "Filter": "((d_month_seq >= 1176) AND (d_month_seq <= 1187))", "Rows Removed by Filter": 18171, "Workers": []}]}]}]}]}]}]}]}]}]}, {"Node Type": "Index Scan", "Parent Relationship": "Inner", "Parallel Aware": false, "Async Capable": false, "Scan Direction": "Forward", "Index Name": "item_pkey", "Relation Name": "item", "Alias": "item", "Startup Cost": 0.29, "Total Cost": 0.68, "Plan Rows": 1, "Plan Width": 169, "Actual Startup Time": 0.003, "Actual Total Time": 0.003, "Actual Rows": 1, "Actual Loops": 115, "Index Cond": "(i_item_sk = store_sales.ss_item_sk)", "Rows Removed by Index Recheck": 0}]}]}]}, "Planning Time": 0.563, "Triggers": [], "Execution Time": 348.337}