{"Plan": {"Node Type": "Limit", "Parallel Aware": false, "Async Capable": false, "Startup Cost": 67172.43, "Total Cost": 67183.05, "Plan Rows": 39, "Plan Width": 1536, "Actual Startup Time": 90.494, "Actual Total Time": 94.04, "Actual Rows": 5, "Actual Loops": 1, "Plans": [{"Node Type": "Aggregate", "Strategy": "Sorted", "Partial Mode": "Simple", "Parent Relationship": "Outer", "Parallel Aware": false, "Async Capable": false, "Startup Cost": 67172.43, "Total Cost": 67183.05, "Plan Rows": 39, "Plan Width": 1536, "Actual Startup Time": 90.492, "Actual Total Time": 94.037, "Actual Rows": 5, "Actual Loops": 1, "Group Key": ["warehouse.w_warehouse_name", "warehouse.w_warehouse_sq_ft", "warehouse.w_city", "warehouse.w_county", "warehouse.w_state", "warehouse.w_country", "('DHL,BARIAN'::text)", "date_dim.d_year"], "Plans": [{"Node Type": "Sort", "Parent Relationship": "Outer", "Parallel Aware": false, "Async Capable": false, "Startup Cost": 67172.43, "Total Cost": 67172.52, "Plan Rows": 39, "Plan Width": 1152, "Actual Startup Time": 90.478, "Actual Total Time": 93.99, "Actual Rows": 10, "Actual Loops": 1, "Sort Key": ["warehouse.w_warehouse_name NULLS FIRST", "warehouse.w_warehouse_sq_ft", "warehouse.w_city", "warehouse.w_county", "warehouse.w_state", "warehouse.w_country", "('DHL,BARIAN'::text)", "date_dim.d_year"], "Sort Method": "quicksort", "Sort Space Used": 28, "Sort Space Type": "Memory", "Plans": [{"Node Type": "Append", "Parent Relationship": "Outer", "Parallel Aware": false, "Async Capable": false, "Startup Cost": 23436.01, "Total Cost": 67171.39, "Plan Rows": 39, "Plan Width": 1152, "Actual Startup Time": 36.414, "Actual Total Time": 93.973, "Actual Rows": 10, "Actual Loops": 1, "Subplans Removed": 0, "Plans": [{"Node Type": "Aggregate", "Strategy": "Sorted", "Partial Mode": "Finalize", "Parent Relationship": "Member", "Parallel Aware": false, "Async Capable": false, "Startup Cost": 23436.01, "Total Cost": 23441.26, "Plan Rows": 13, "Plan Width": 1152, "Actual Startup Time": 36.413, "Actual Total Time": 37.276, "Actual Rows": 5, "Actual Loops": 1, "Group Key": ["warehouse.w_warehouse_name", "warehouse.w_warehouse_sq_ft", "warehouse.w_city", "warehouse.w_county", "warehouse.w_state", "warehouse.w_country"], "Plans": [{"Node Type": "Gather Merge", "Parent Relationship": "Outer", "Parallel Aware": false, "Async Capable": false, "Startup Cost": 23436.01, "Total Cost": 23438.73, "Plan Rows": 12, "Plan Width": 1120, "Actual Startup Time": 36.007, "Actual Total Time": 37.176, "Actual Rows": 20, "Actual Loops": 1, "Workers Planned": 3, "Workers Launched": 3, "Plans": [{"Node Type": "Aggregate", "Strategy": "Sorted", "Partial Mode": "Partial", "Parent Relationship": "Outer", "Parallel Aware": false, "Async Capable": false, "Startup Cost": 22435.97, "Total Cost": 22437.28, "Plan Rows": 4, "Plan Width": 1120, "Actual Startup Time": 33.662, "Actual Total Time": 34.405, "Actual Rows": 5, "Actual Loops": 4, "Group Key": ["warehouse.w_warehouse_name", "warehouse.w_warehouse_sq_ft", "warehouse.w_city", "warehouse.w_county", "warehouse.w_state", "warehouse.w_country"], "Workers": [], "Plans": [{"Node Type": "Sort", "Parent Relationship": "Outer", "Parallel Aware": false, "Async Capable": false, "Startup Cost": 22435.97, "Total Cost": 22435.98, "Plan Rows": 4, "Plan Width": 372, "Actual Startup Time": 33.49, "Actual Total Time": 33.531, "Actual Rows": 1379, "Actual Loops": 4, "Sort Key": ["warehouse.w_warehouse_name", "warehouse.w_warehouse_sq_ft", "warehouse.w_city", "warehouse.w_county", "warehouse.w_state", "warehouse.w_country"], "Sort Method": "quicksort", "Sort Space Used": 213, "Sort Space Type": "Memory", "Workers": [{"Worker Number": 0, "Sort Method": "quicksort", "Sort Space Used": 196, "Sort Space Type": "Memory"}, {"Worker Number": 1, "Sort Method": "quicksort", "Sort Space Used": 223, "Sort Space Type": "Memory"}, {"Worker Number": 2, "Sort Method": "quicksort", "Sort Space Used": 200, "Sort Space Type": "Memory"}], "Plans": [{"Node Type": "Nested Loop", "Parent Relationship": "Outer", "Parallel Aware": false, "Async Capable": false, "Join Type": "Inner", "Startup Cost": 13.01, "Total Cost": 22435.93, "Plan Rows": 4, "Plan Width": 372, "Actual Startup Time": 0.119, "Actual Total Time": 33.126, "Actual Rows": 1379, "Actual Loops": 4, "Inner Unique": true, "Workers": [], "Plans": [{"Node Type": "Nested Loop", "Parent Relationship": "Outer", "Parallel Aware": false, "Async Capable": false, "Join Type": "Inner", "Startup Cost": 12.87, "Total Cost": 22435.29, "Plan Rows": 4, "Plan Width": 28, "Actual Startup Time": 0.106, "Actual Total Time": 32.579, "Actual Rows": 1379, "Actual Loops": 4, "Inner Unique": true, "Workers": [], "Plans": [{"Node Type": "Nested Loop", "Parent Relationship": "Outer", "Parallel Aware": false, "Async Capable": false, "Join Type": "Inner", "Startup Cost": 12.58, "Total Cost": 22431.07, "Plan Rows": 13, "Plan Width": 32, "Actual Startup Time": 0.056, "Actual Total Time": 28.378, "Actual Rows": 3616, "Actual Loops": 4, "Inner Unique": true, "Workers": [], "Plans": [{"Node Type": "Hash Join", "Parent Relationship": "Outer", "Parallel Aware": false, "Async Capable": false, "Join Type": "Inner", "Startup Cost": 12.28, "Total Cost": 21780.36, "Plan Rows": 2578, "Plan Width": 28, "Actual Startup Time": 0.025, "Actual Total Time": 24.796, "Actual Rows": 17892, "Actual Loops": 4, "Inner Unique": true, "Hash Cond": "(web_sales.ws_ship_mode_sk = ship_mode.sm_ship_mode_sk)", "Workers": [], "Plans": [{"Node Type": "Seq Scan", "Parent Relationship": "Outer", "Parallel Aware": true, "Async Capable": false, "Relation Name": "web_sales", "Alias": "web_sales", "Startup Cost": 0.0, "Total Cost": 21144.59, "Plan Rows": 232059, "Plan Width": 32, "Actual Startup Time": 0.004, "Actual Total Time": 10.963, "Actual Rows": 179846, "Actual Loops": 4, "Workers": []}, {"Node Type": "Hash", "Parent Relationship": "Inner", "Parallel Aware": false, "Async Capable": false, "Startup Cost": 12.25, "Total Cost": 12.25, "Plan Rows": 2, "Plan Width": 4, "Actual Startup Time": 0.012, "Actual Total Time": 0.012, "Actual Rows": 2, "Actual Loops": 4, "Hash Buckets": 1024, "Original Hash Buckets": 1024, "Hash Batches": 1, "Original Hash Batches": 1, "Peak Memory Usage": 9, "Workers": [], "Plans": [{"Node Type": "Seq Scan", "Parent Relationship": "Outer", "Parallel Aware": false, "Async Capable": false, "Relation Name": "ship_mode", "Alias": "ship_mode", "Startup Cost": 0.0, "Total Cost": 12.25, "Plan Rows": 2, "Plan Width": 4, "Actual Startup Time": 0.008, "Actual Total Time": 0.009, "Actual Rows": 2, "Actual Loops": 4, "Filter": "(sm_carrier = ANY ('{DHL,BARIAN}'::bpchar[]))", "Rows Removed by Filter": 18, "Workers": []}]}]}, {"Node Type": "Memoize", "Parent Relationship": "Inner", "Parallel Aware": false, "Async Capable": false, "Startup Cost": 0.3, "Total Cost": 0.33, "Plan Rows": 1, "Plan Width": 12, "Actual Startup Time": 0.0, "Actual Total Time": 0.0, "Actual Rows": 0, "Actual Loops": 71568, "Cache Key": "web_sales.ws_sold_date_sk", "Cache Mode": "logical", "Cache Hits": 16983, "Cache Misses": 1799, "Cache Evictions": 0, "Cache Overflows": 0, "Peak Memory Usage": 136, "Workers": [{"Worker Number": 0, "Cache Hits": 15283, "Cache Misses": 1785, "Cache Evictions": 0, "Cache Overflows": 0, "Peak Memory Usage": 134}, {"Worker Number": 1, "Cache Hits": 16181, "Cache Misses": 1789, "Cache Evictions": 0, "Cache Overflows": 0, "Peak Memory Usage": 135}, {"Worker Number": 2, "Cache Hits": 15956, "Cache Misses": 1792, "Cache Evictions": 0, "Cache Overflows": 0, "Peak Memory Usage": 135}], "Plans": [{"Node Type": "Index Scan", "Parent Relationship": "Outer", "Parallel Aware": false, "Async Capable": false, "Scan Direction": "Forward", "Index Name": "date_dim_pkey", "Relation Name": "date_dim", "Alias": "date_dim", "Startup Cost": 0.29, "Total Cost": 0.32, "Plan Rows": 1, "Plan Width": 12, "Actual Startup Time": 0.001, "Actual Total Time": 0.001, "Actual Rows": 0, "Actual Loops": 7165, "Index Cond": "(d_date_sk = web_sales.ws_sold_date_sk)", "Rows Removed by Index Recheck": 0, "Filter": "(d_year = 2001)", "Rows Removed by Filter": 1, "Workers": []}]}]}, {"Node Type": "Index Scan", "Parent Relationship": "Inner", "Parallel Aware": false, "Async Capable": false, "Scan Direction": "Forward", "Index Name": "time_dim_pkey", "Relation Name": "time_dim", "Alias": "time_dim", "Startup Cost": 0.29, "Total Cost": 0.32, "Plan Rows": 1, "Plan Width": 4, "Actual Startup Time": 0.001, "Actual Total Time": 0.001, "Actual Rows": 0, "Actual Loops": 14464, "Index Cond": "(t_time_sk = web_sales.ws_sold_time_sk)", "Rows Removed by Index Recheck": 0, "Filter": "((t_time >= 30838) AND (t_time <= 59638))", "Rows Removed by Filter": 1, "Workers": []}]}, {"Node Type": "Index Scan", "Parent Relationship": "Inner", "Parallel Aware": false, "Async Capable": false, "Scan Direction": "Forward", "Index Name": "warehouse_pkey", "Relation Name": "warehouse", "Alias": "warehouse", "Startup Cost": 0.14, "Total Cost": 0.16, "Plan Rows": 1, "Plan Width": 352, "Actual Startup Time": 0.0, "Actual Total Time": 0.0, "Actual Rows": 1, "Actual Loops": 5515, "Index Cond": "(w_warehouse_sk = web_sales.ws_warehouse_sk)", "Rows Removed by Index Recheck": 0, "Workers": []}]}]}]}]}]}, {"Node Type": "Aggregate", "Strategy": "Sorted", "Partial Mode": "Finalize", "Parent Relationship": "Member", "Parallel Aware": false, "Async Capable": false, "Startup Cost": 43720.06, "Total Cost": 43729.94, "Plan Rows": 26, "Plan Width": 1152, "Actual Startup Time": 51.989, "Actual Total Time": 56.694, "Actual Rows": 5, "Actual Loops": 1, "Group Key": ["warehouse_1.w_warehouse_name", "warehouse_1.w_warehouse_sq_ft", "warehouse_1.w_city", "warehouse_1.w_county", "warehouse_1.w_state", "warehouse_1.w_country"], "Plans": [{"Node Type": "Gather Merge", "Parent Relationship": "Outer", "Parallel Aware": false, "Async Capable": false, "Startup Cost": 43720.06, "Total Cost": 43724.88, "Plan Rows": 24, "Plan Width": 1120, "Actual Startup Time": 51.434, "Actual Total Time": 56.579, "Actual Rows": 25, "Actual Loops": 1, "Workers Planned": 4, "Workers Launched": 4, "Plans": [{"Node Type": "Aggregate", "Strategy": "Sorted", "Partial Mode": "Partial", "Parent Relationship": "Outer", "Parallel Aware": false, "Async Capable": false, "Startup Cost": 42720.0, "Total Cost": 42721.97, "Plan Rows": 6, "Plan Width": 1120, "Actual Startup Time": 48.474, "Actual Total Time": 49.587, "Actual Rows": 5, "Actual Loops": 5, "Group Key": ["warehouse_1.w_warehouse_name", "warehouse_1.w_warehouse_sq_ft", "warehouse_1.w_city", "warehouse_1.w_county", "warehouse_1.w_state", "warehouse_1.w_country"], "Workers": [], "Plans": [{"Node Type": "Sort", "Parent Relationship": "Outer", "Parallel Aware": false, "Async Capable": false, "Startup Cost": 42720.0, "Total Cost": 42720.02, "Plan Rows": 6, "Plan Width": 372, "Actual Startup Time": 48.211, "Actual Total Time": 48.269, "Actual Rows": 2161, "Actual Loops": 5, "Sort Key": ["warehouse_1.w_warehouse_name", "warehouse_1.w_warehouse_sq_ft", "warehouse_1.w_city", "warehouse_1.w_county", "warehouse_1.w_state", "warehouse_1.w_country"], "Sort Method": "quicksort", "Sort Space Used": 342, "Sort Space Type": "Memory", "Workers": [{"Worker Number": 0, "Sort Method": "quicksort", "Sort Space Used": 342, "Sort Space Type": "Memory"}, {"Worker Number": 1, "Sort Method": "quicksort", "Sort Space Used": 364, "Sort Space Type": "Memory"}, {"Worker Number": 2, "Sort Method": "quicksort", "Sort Space Used": 338, "Sort Space Type": "Memory"}, {"Worker Number": 3, "Sort Method": "quicksort", "Sort Space Used": 345, "Sort Space Type": "Memory"}], "Plans": [{"Node Type": "Nested Loop", "Parent Relationship": "Outer", "Parallel Aware": false, "Async Capable": false, "Join Type": "Inner", "Startup Cost": 13.01, "Total Cost": 42719.92, "Plan Rows": 6, "Plan Width": 372, "Actual Startup Time": 24.227, "Actual Total Time": 47.635, "Actual Rows": 2161, "Actual Loops": 5, "Inner Unique": true, "Workers": [], "Plans": [{"Node Type": "Nested Loop", "Parent Relationship": "Outer", "Parallel Aware": false, "Async Capable": false, "Join Type": "Inner", "Startup Cost": 12.87, "Total Cost": 42718.96, "Plan Rows": 6, "Plan Width": 28, "Actual Startup Time": 24.21, "Actual Total Time": 46.77, "Actual Rows": 2161, "Actual Loops": 5, "Inner Unique": true, "Workers": [], "Plans": [{"Node Type": "Nested Loop", "Parent Relationship": "Outer", "Parallel Aware": false, "Async Capable": false, "Join Type": "Inner", "Startup Cost": 12.58, "Total Cost": 42712.57, "Plan Rows": 20, "Plan Width": 32, "Actual Startup Time": 24.163, "Actual Total Time": 41.875, "Actual Rows": 5731, "Actual Loops": 5, "Inner Unique": true, "Workers": [], "Plans": [{"Node Type": "Hash Join", "Parent Relationship": "Outer", "Parallel Aware": false, "Async Capable": false, "Join Type": "Inner", "Startup Cost": 12.28, "Total Cost": 42032.17, "Plan Rows": 4004, "Plan Width": 28, "Actual Startup Time": 0.03, "Actual Total Time": 38.219, "Actual Rows": 28730, "Actual Loops": 5, "Inner Unique": true, "Hash Cond": "(catalog_sales.cs_ship_mode_sk = ship_mode_1.sm_ship_mode_sk)", "Workers": [], "Plans": [{"Node Type": "Seq Scan", "Parent Relationship": "Outer", "Parallel Aware": true, "Async Capable": false, "Relation Name": "catalog_sales", "Alias": "catalog_sales", "Startup Cost": 0.0, "Total Cost": 41051.75, "Plan Rows": 360375, "Plan Width": 32, "Actual Startup Time": 0.007, "Actual Total Time": 15.729, "Actual Rows": 288310, "Actual Loops": 5, "Workers": []}, {"Node Type": "Hash", "Parent Relationship": "Inner", "Parallel Aware": false, "Async Capable": false, "Startup Cost": 12.25, "Total Cost": 12.25, "Plan Rows": 2, "Plan Width": 4, "Actual Startup Time": 0.013, "Actual Total Time": 0.014, "Actual Rows": 2, "Actual Loops": 5, "Hash Buckets": 1024, "Original Hash Buckets": 1024, "Hash Batches": 1, "Original Hash Batches": 1, "Peak Memory Usage": 9, "Workers": [], "Plans": [{"Node Type": "Seq Scan", "Parent Relationship": "Outer", "Parallel Aware": false, "Async Capable": false, "Relation Name": "ship_mode", "Alias": "ship_mode_1", "Startup Cost": 0.0, "Total Cost": 12.25, "Plan Rows": 2, "Plan Width": 4, "Actual Startup Time": 0.009, "Actual Total Time": 0.011, "Actual Rows": 2, "Actual Loops": 5, "Filter": "(sm_carrier = ANY ('{DHL,BARIAN}'::bpchar[]))", "Rows Removed by Filter": 18, "Workers": []}]}]}, {"Node Type": "Memoize", "Parent Relationship": "Inner", "Parallel Aware": false, "Async Capable": false, "Startup Cost": 0.3, "Total Cost": 0.33, "Plan Rows": 1, "Plan Width": 12, "Actual Startup Time": 0.0, "Actual Total Time": 0.0, "Actual Rows": 0, "Actual Loops": 143650, "Cache Key": "catalog_sales.cs_sold_date_sk", "Cache Mode": "logical", "Cache Hits": 29717, "Cache Misses": 656, "Cache Evictions": 0, "Cache Overflows": 0, "Peak Memory Usage": 49, "Workers": [{"Worker Number": 0, "Cache Hits": 27614, "Cache Misses": 606, "Cache Evictions": 0, "Cache Overflows": 0, "Peak Memory Usage": 46}, {"Worker Number": 1, "Cache Hits": 27602, "Cache Misses": 603, "Cache Evictions": 0, "Cache Overflows": 0, "Peak Memory Usage": 46}, {"Worker Number": 2, "Cache Hits": 28127, "Cache Misses": 615, "Cache Evictions": 0, "Cache Overflows": 0, "Peak Memory Usage": 47}, {"Worker Number": 3, "Cache Hits": 27503, "Cache Misses": 607, "Cache Evictions": 0, "Cache Overflows": 0, "Peak Memory Usage": 46}], "Plans": [{"Node Type": "Index Scan", "Parent Relationship": "Outer", "Parallel Aware": false, "Async Capable": false, "Scan Direction": "Forward", "Index Name": "date_dim_pkey", "Relation Name": "date_dim", "Alias": "date_dim_1", "Startup Cost": 0.29, "Total Cost": 0.32, "Plan Rows": 1, "Plan Width": 12, "Actual Startup Time": 0.001, "Actual Total Time": 0.001, "Actual Rows": 0, "Actual Loops": 3087, "Index Cond": "(d_date_sk = catalog_sales.cs_sold_date_sk)", "Rows Removed by Index Recheck": 0, "Filter": "(d_year = 2001)", "Rows Removed by Filter": 1, "Workers": []}]}]}, {"Node Type": "Index Scan", "Parent Relationship": "Inner", "Parallel Aware": false, "Async Capable": false, "Scan Direction": "Forward", "Index Name": "time_dim_pkey", "Relation Name": "time_dim", "Alias": "time_dim_1", "Startup Cost": 0.29, "Total Cost": 0.32, "Plan Rows": 1, "Plan Width": 4, "Actual Startup Time": 0.001, "Actual Total Time": 0.001, "Actual Rows": 0, "Actual Loops": 28653, "Index Cond": "(t_time_sk = catalog_sales.cs_sold_time_sk)", "Rows Removed by Index Recheck": 0, "Filter": "((t_time >= 30838) AND (t_time <= 59638))", "Rows Removed by Filter": 1, "Workers": []}]}, {"Node Type": "Index Scan", "Parent Relationship": "Inner", "Parallel Aware": false, "Async Capable": false, "Scan Direction": "Forward", "Index Name": "warehouse_pkey", "Relation Name": "warehouse", "Alias": "warehouse_1", "Startup Cost": 0.14, "Total Cost": 0.16, "Plan Rows": 1, "Plan Width": 352, "Actual Startup Time": 0.0, "Actual Total Time": 0.0, "Actual Rows": 1, "Actual Loops": 10807, "Index Cond": "(w_warehouse_sk = catalog_sales.cs_warehouse_sk)", "Rows Removed by Index Recheck": 0, "Workers": []}]}]}]}]}]}]}]}]}]}, "Planning Time": 1.175, "Triggers": [], "Execution Time": 94.33}