{"Plan": {"Node Type": "Limit", "Parallel Aware": false, "Async Capable": false, "Startup Cost": 76048.74, "Total Cost": 76048.99, "Plan Rows": 100, "Plan Width": 324, "Actual Startup Time": 1178.28, "Actual Total Time": 1178.394, "Actual Rows": 100, "Actual Loops": 1, "Plans": [{"Node Type": "Sort", "Parent Relationship": "Outer", "Parallel Aware": false, "Async Capable": false, "Startup Cost": 76048.74, "Total Cost": 76227.3, "Plan Rows": 71421, "Plan Width": 324, "Actual Startup Time": 1178.279, "Actual Total Time": 1178.389, "Actual Rows": 100, "Actual Loops": 1, "Sort Key": ["dw1.i_category NULLS FIRST", "dw1.i_class NULLS FIRST", "dw1.i_brand NULLS FIRST", "dw1.i_product_name NULLS FIRST", "dw1.d_year NULLS FIRST", "dw1.d_qoy NULLS FIRST", "dw1.d_moy NULLS FIRST", "dw1.s_store_id NULLS FIRST", "dw1.sumsales NULLS FIRST", "(rank() OVER (?)) NULLS FIRST"], "Sort Method": "top-N heapsort", "Sort Space Used": 42, "Sort Space Type": "Memory", "Plans": [{"Node Type": "WindowAgg", "Parent Relationship": "Outer", "Parallel Aware": false, "Async Capable": false, "Startup Cost": 65260.43, "Total Cost": 73319.08, "Plan Rows": 71421, "Plan Width": 324, "Actual Startup Time": 398.527, "Actual Total Time": 1178.119, "Actual Rows": 1105, "Actual Loops": 1, "Run Condition": "(rank() OVER (?) <= 100)", "Plans": [{"Node Type": "Incremental Sort", "Parent Relationship": "Outer", "Parallel Aware": false, "Async Capable": false, "Startup Cost": 65260.43, "Total Cost": 72069.22, "Plan Rows": 71421, "Plan Width": 316, "Actual Startup Time": 398.521, "Actual Total Time": 1154.635, "Actual Rows": 505037, "Actual Loops": 1, "Sort Key": ["dw1.i_category", "dw1.sumsales DESC"], "Presorted Key": ["dw1.i_category"], "Full-sort Groups": {"Group Count": 11, "Sort Methods Used": ["quicksort"], "Sort Space Memory": {"Average Sort Space Used": 41, "Peak Sort Space Used": 41}}, "Pre-sorted Groups": {"Group Count": 11, "Sort Methods Used": ["external merge"], "Sort Space Disk": {"Average Sort Space Used": 12481, "Peak Sort Space Used": 12656}}, "Plans": [{"Node Type": "Subquery Scan", "Parent Relationship": "Outer", "Parallel Aware": false, "Async Capable": false, "Alias": "dw1", "Startup Cost": 65230.72, "Total Cost": 68144.13, "Plan Rows": 71421, "Plan Width": 316, "Actual Startup Time": 327.904, "Actual Total Time": 844.898, "Actual Rows": 505037, "Actual Loops": 1, "Plans": [{"Node Type": "Aggregate", "Strategy": "Sorted", "Partial Mode": "Simple", "Parent Relationship": "Subquery", "Parallel Aware": false, "Async Capable": false, "Startup Cost": 65230.72, "Total Cost": 68144.13, "Plan Rows": 71421, "Plan Width": 316, "Actual Startup Time": 327.902, "Actual Total Time": 823.451, "Actual Rows": 505037, "Actual Loops": 1, "Grouping Sets": [{"Group Keys": [["item.i_category", "item.i_class", "item.i_brand", "item.i_product_name", "date_dim.d_year", "date_dim.d_qoy", "date_dim.d_moy", "store.s_store_id"], ["item.i_category", "item.i_class", "item.i_brand", "item.i_product_name", "date_dim.d_year", "date_dim.d_qoy", "date_dim.d_moy"], ["item.i_category", "item.i_class", "item.i_brand", "item.i_product_name", "date_dim.d_year", "date_dim.d_qoy"], ["item.i_category", "item.i_class", "item.i_brand", "item.i_product_name", "date_dim.d_year"], ["item.i_category", "item.i_class", "item.i_brand", "item.i_product_name"], ["item.i_category", "item.i_class", "item.i_brand"], ["item.i_category", "item.i_class"], ["item.i_category"], []]}], "Plans": [{"Node Type": "Gather Merge", "Parent Relationship": "Outer", "Parallel Aware": false, "Async Capable": false, "Startup Cost": 65230.72, "Total Cost": 66873.96, "Plan Rows": 13724, "Plan Width": 294, "Actual Startup Time": 327.887, "Actual Total Time": 552.595, "Actual Rows": 540754, "Actual Loops": 1, "Workers Planned": 4, "Workers Launched": 4, "Plans": [{"Node Type": "Sort", "Parent Relationship": "Outer", "Parallel Aware": false, "Async Capable": false, "Startup Cost": 64230.66, "Total Cost": 64239.24, "Plan Rows": 3431, "Plan Width": 294, "Actual Startup Time": 325.528, "Actual Total Time": 367.696, "Actual Rows": 108151, "Actual Loops": 5, "Sort Key": ["item.i_category", "item.i_class", "item.i_brand", "item.i_product_name", "date_dim.d_year", "date_dim.d_qoy", "date_dim.d_moy", "store.s_store_id"], "Sort Method": "external merge", "Sort Space Used": 26776, "Sort Space Type": "Disk", "Workers": [{"Worker Number": 0, "Sort Method": "external merge", "Sort Space Used": 26928, "Sort Space Type": "Disk"}, {"Worker Number": 1, "Sort Method": "external merge", "Sort Space Used": 26760, "Sort Space Type": "Disk"}, {"Worker Number": 2, "Sort Method": "external merge", "Sort Space Used": 26880, "Sort Space Type": "Disk"}, {"Worker Number": 3, "Sort Method": "external merge", "Sort Space Used": 26888, "Sort Space Type": "Disk"}], "Plans": [{"Node Type": "Nested Loop", "Parent Relationship": "Outer", "Parallel Aware": false, "Async Capable": false, "Join Type": "Inner", "Startup Cost": 2082.3, "Total Cost": 64029.19, "Plan Rows": 3431, "Plan Width": 294, "Actual Startup Time": 1.108, "Actual Total Time": 142.051, "Actual Rows": 108151, "Actual Loops": 5, "Inner Unique": true, "Workers": [], "Plans": [{"Node Type": "Hash Join", "Parent Relationship": "Outer", "Parallel Aware": false, "Async Capable": false, "Join Type": "Inner", "Startup Cost": 2082.01, "Total Cost": 62976.37, "Plan Rows": 3431, "Plan Width": 94, "Actual Startup Time": 1.084, "Actual Total Time": 70.007, "Actual Rows": 108151, "Actual Loops": 5, "Inner Unique": true, "Hash Cond": "(store_sales.ss_store_sk = store.s_store_sk)", "Workers": [], "Plans": [{"Node Type": "Hash Join", "Parent Relationship": "Outer", "Parallel Aware": true, "Async Capable": false, "Join Type": "Inner", "Startup Cost": 2071.11, "Total Cost": 62955.55, "Plan Rows": 3431, "Plan Width": 30, "Actual Startup Time": 1.05, "Actual Total Time": 62.216, "Actual Rows": 110772, "Actual Loops": 5, "Inner Unique": true, "Hash Cond": "(store_sales.ss_sold_date_sk = date_dim.d_date_sk)", "Workers": [], "Plans": [{"Node Type": "Seq Scan", "Parent Relationship": "Outer", "Parallel Aware": true, "Async Capable": false, "Relation Name": "store_sales", "Alias": "store_sales", "Startup Cost": 0.0, "Total Cost": 58993.85, "Plan Rows": 720185, "Plan Width": 22, "Actual Startup Time": 0.008, "Actual Total Time": 26.129, "Actual Rows": 576081, "Actual Loops": 5, "Workers": []}, {"Node Type": "Hash", "Parent Relationship": "Inner", "Parallel Aware": true, "Async Capable": false, "Startup Cost": 2068.55, "Total Cost": 2068.55, "Plan Rows": 205, "Plan Width": 16, "Actual Startup Time": 1.0, "Actual Total Time": 1.0, "Actual Rows": 73, "Actual Loops": 5, "Hash Buckets": 1024, "Original Hash Buckets": 1024, "Hash Batches": 1, "Original Hash Batches": 1, "Peak Memory Usage": 168, "Workers": [], "Plans": [{"Node Type": "Seq Scan", "Parent Relationship": "Outer", "Parallel Aware": true, "Async Capable": false, "Relation Name": "date_dim", "Alias": "date_dim", "Startup Cost": 0.0, "Total Cost": 2068.55, "Plan Rows": 205, "Plan Width": 16, "Actual Startup Time": 0.456, "Actual Total Time": 0.961, "Actual Rows": 73, "Actual Loops": 5, "Filter": "((d_month_seq >= 1200) AND (d_month_seq <= 1211))", "Rows Removed by Filter": 14537, "Workers": []}]}]}, {"Node Type": "Hash", "Parent Relationship": "Inner", "Parallel Aware": false, "Async Capable": false, "Startup Cost": 10.4, "Total Cost": 10.4, "Plan Rows": 40, "Plan Width": 72, "Actual Startup Time": 0.008, "Actual Total Time": 0.008, "Actual Rows": 12, "Actual Loops": 5, "Hash Buckets": 1024, "Original Hash Buckets": 1024, "Hash Batches": 1, "Original Hash Batches": 1, "Peak Memory Usage": 9, "Workers": [], "Plans": [{"Node Type": "Seq Scan", "Parent Relationship": "Outer", "Parallel Aware": false, "Async Capable": false, "Relation Name": "store", "Alias": "store", "Startup Cost": 0.0, "Total Cost": 10.4, "Plan Rows": 40, "Plan Width": 72, "Actual Startup Time": 0.004, "Actual Total Time": 0.005, "Actual Rows": 12, "Actual Loops": 5, "Workers": []}]}]}, {"Node Type": "Index Scan", "Parent Relationship": "Inner", "Parallel Aware": false, "Async Capable": false, "Scan Direction": "Forward", "Index Name": "item_pkey", "Relation Name": "item", "Alias": "item", "Startup Cost": 0.29, "Total Cost": 0.31, "Plan Rows": 1, "Plan Width": 208, "Actual Startup Time": 0.0, "Actual Total Time": 0.0, "Actual Rows": 1, "Actual Loops": 540754, "Index Cond": "(i_item_sk = store_sales.ss_item_sk)", "Rows Removed by Index Recheck": 0, "Workers": []}]}]}]}]}]}]}]}]}]}, "Planning Time": 0.547, "Triggers": [], "Execution Time": 1180.218}