{"Plan": {"Node Type": "Limit", "Parallel Aware": false, "Async Capable": false, "Startup Cost": 75105.73, "Total Cost": 99006.74, "Plan Rows": 100, "Plan Width": 64, "Actual Startup Time": 202.497, "Actual Total Time": 500.103, "Actual Rows": 100, "Actual Loops": 1, "Plans": [{"Node Type": "Aggregate", "Strategy": "Sorted", "Partial Mode": "Simple", "Parent Relationship": "Outer", "Parallel Aware": false, "Async Capable": false, "Startup Cost": 75105.73, "Total Cost": 152545.01, "Plan Rows": 324, "Plan Width": 64, "Actual Startup Time": 202.496, "Actual Total Time": 500.098, "Actual Rows": 100, "Actual Loops": 1, "Group Key": ["customer_demographics.cd_gender", "customer_demographics.cd_marital_status", "customer_demographics.cd_education_status", "customer_demographics.cd_purchase_estimate", "customer_demographics.cd_credit_rating"], "Plans": [{"Node Type": "Nested Loop", "Parent Relationship": "Outer", "Parallel Aware": false, "Async Capable": false, "Join Type": "Anti", "Startup Cost": 75105.73, "Total Cost": 152536.91, "Plan Rows": 324, "Plan Width": 40, "Actual Startup Time": 199.742, "Actual Total Time": 500.063, "Actual Rows": 109, "Actual Loops": 1, "Inner Unique": false, "Join Filter": "(c.c_customer_sk = catalog_sales.cs_ship_customer_sk)", "Rows Removed by Join Filter": 4550861, "Plans": [{"Node Type": "Nested Loop", "Parent Relationship": "Outer", "Parallel Aware": false, "Async Capable": false, "Join Type": "Anti", "Startup Cost": 71929.08, "Total Cost": 98288.18, "Plan Rows": 330, "Plan Width": 44, "Actual Startup Time": 161.531, "Actual Total Time": 267.024, "Actual Rows": 113, "Actual Loops": 1, "Inner Unique": false, "Join Filter": "(c.c_customer_sk = web_sales.ws_bill_customer_sk)", "Rows Removed by Join Filter": 2455122, "Plans": [{"Node Type": "Gather Merge", "Parent Relationship": "Outer", "Parallel Aware": false, "Async Capable": false, "Startup Cost": 68752.43, "Total Cost": 68790.38, "Plan Rows": 333, "Plan Width": 44, "Actual Startup Time": 136.37, "Actual Total Time": 136.798, "Actual Rows": 116, "Actual Loops": 1, "Workers Planned": 1, "Workers Launched": 1, "Plans": [{"Node Type": "Sort", "Parent Relationship": "Outer", "Parallel Aware": false, "Async Capable": false, "Startup Cost": 67752.42, "Total Cost": 67752.91, "Plan Rows": 196, "Plan Width": 44, "Actual Startup Time": 135.414, "Actual Total Time": 135.426, "Actual Rows": 184, "Actual Loops": 2, "Sort Key": ["customer_demographics.cd_gender", "customer_demographics.cd_marital_status", "customer_demographics.cd_education_status", "customer_demographics.cd_purchase_estimate", "customer_demographics.cd_credit_rating"], "Sort Method": "quicksort", "Sort Space Used": 47, "Sort Space Type": "Memory", "Workers": [{"Worker Number": 0, "Sort Method": "quicksort", "Sort Space Used": 46, "Sort Space Type": "Memory"}], "Plans": [{"Node Type": "Nested Loop", "Parent Relationship": "Outer", "Parallel Aware": false, "Async Capable": false, "Join Type": "Inner", "Startup Cost": 63073.02, "Total Cost": 67744.96, "Plan Rows": 196, "Plan Width": 44, "Actual Startup Time": 122.776, "Actual Total Time": 135.229, "Actual Rows": 312, "Actual Loops": 2, "Inner Unique": true, "Workers": [], "Plans": [{"Node Type": "Nested Loop", "Parent Relationship": "Outer", "Parallel Aware": false, "Async Capable": false, "Join Type": "Inner", "Startup Cost": 63072.59, "Total Cost": 67445.09, "Plan Rows": 196, "Plan Width": 8, "Actual Startup Time": 122.758, "Actual Total Time": 133.153, "Actual Rows": 326, "Actual Loops": 2, "Inner Unique": true, "Workers": [], "Plans": [{"Node Type": "Hash Join", "Parent Relationship": "Outer", "Parallel Aware": true, "Async Capable": false, "Join Type": "Semi", "Startup Cost": 63072.3, "Total Cost": 66714.43, "Plan Rows": 2017, "Plan Width": 12, "Actual Startup Time": 122.525, "Actual Total Time": 129.596, "Actual Rows": 3354, "Actual Loops": 2, "Inner Unique": false, "Hash Cond": "(c.c_customer_sk = store_sales.ss_customer_sk)", "Workers": [], "Plans": [{"Node Type": "Seq Scan", "Parent Relationship": "Outer", "Parallel Aware": true, "Async Capable": false, "Relation Name": "customer", "Alias": "c", "Startup Cost": 0.0, "Total Cost": 3460.24, "Plan Rows": 58824, "Plan Width": 12, "Actual Startup Time": 0.004, "Actual Total Time": 2.337, "Actual Rows": 50000, "Actual Loops": 2, "Workers": []}, {"Node Type": "Hash", "Parent Relationship": "Inner", "Parallel Aware": true, "Async Capable": false, "Startup Cost": 63061.09, "Total Cost": 63061.09, "Plan Rows": 897, "Plan Width": 4, "Actual Startup Time": 122.433, "Actual Total Time": 122.436, "Actual Rows": 39673, "Actual Loops": 2, "Hash Buckets": 131072, "Original Hash Buckets": 4096, "Hash Batches": 1, "Original Hash Batches": 1, "Peak Memory Usage": 5088, "Workers": [], "Plans": [{"Node Type": "Hash Join", "Parent Relationship": "Outer", "Parallel Aware": true, "Async Capable": false, "Join Type": "Inner", "Startup Cost": 2176.65, "Total Cost": 63061.09, "Plan Rows": 897, "Plan Width": 4, "Actual Startup Time": 2.459, "Actual Total Time": 114.674, "Actual Rows": 39673, "Actual Loops": 2, "Inner Unique": true, "Hash Cond": "(store_sales.ss_sold_date_sk = date_dim.d_date_sk)", "Workers": [], "Plans": [{"Node Type": "Seq Scan", "Parent Relationship": "Outer", "Parallel Aware": true, "Async Capable": false, "Relation Name": "store_sales", "Alias": "store_sales", "Startup Cost": 0.0, "Total Cost": 58993.85, "Plan Rows": 720185, "Plan Width": 8, "Actual Startup Time": 0.005, "Actual Total Time": 54.906, "Actual Rows": 1440202, "Actual Loops": 2, "Workers": []}, {"Node Type": "Hash", "Parent Relationship": "Inner", "Parallel Aware": true, "Async Capable": false, "Startup Cost": 2175.97, "Total Cost": 2175.97, "Plan Rows": 54, "Plan Width": 4, "Actual Startup Time": 2.387, "Actual Total Time": 2.388, "Actual Rows": 46, "Actual Loops": 2, "Hash Buckets": 1024, "Original Hash Buckets": 1024, "Hash Batches": 1, "Original Hash Batches": 1, "Peak Memory Usage": 72, "Workers": [], "Plans": [{"Node Type": "Seq Scan", "Parent Relationship": "Outer", "Parallel Aware": true, "Async Capable": false, "Relation Name": "date_dim", "Alias": "date_dim", "Startup Cost": 0.0, "Total Cost": 2175.97, "Plan Rows": 54, "Plan Width": 4, "Actual Startup Time": 1.184, "Actual Total Time": 2.371, "Actual Rows": 46, "Actual Loops": 2, "Filter": "((d_moy >= 4) AND (d_moy <= 6) AND (d_year = 2001))", "Rows Removed by Filter": 36479, "Workers": []}]}]}]}]}, {"Node Type": "Index Scan", "Parent Relationship": "Inner", "Parallel Aware": false, "Async Capable": false, "Scan Direction": "Forward", "Index Name": "customer_address_pkey", "Relation Name": "customer_address", "Alias": "ca", "Startup Cost": 0.29, "Total Cost": 0.36, "Plan Rows": 1, "Plan Width": 4, "Actual Startup Time": 0.001, "Actual Total Time": 0.001, "Actual Rows": 0, "Actual Loops": 6707, "Index Cond": "(ca_address_sk = c.c_current_addr_sk)", "Rows Removed by Index Recheck": 0, "Filter": "(ca_state = ANY ('{KY,GA,NM}'::bpchar[]))", "Rows Removed by Filter": 1, "Workers": []}]}, {"Node Type": "Index Scan", "Parent Relationship": "Inner", "Parallel Aware": false, "Async Capable": false, "Scan Direction": "Forward", "Index Name": "customer_demographics_pkey", "Relation Name": "customer_demographics", "Alias": "customer_demographics", "Startup Cost": 0.43, "Total Cost": 1.53, "Plan Rows": 1, "Plan Width": 44, "Actual Startup Time": 0.006, "Actual Total Time": 0.006, "Actual Rows": 1, "Actual Loops": 652, "Index Cond": "(cd_demo_sk = c.c_current_cdemo_sk)", "Rows Removed by Index Recheck": 0, "Workers": []}]}]}]}, {"Node Type": "Materialize", "Parent Relationship": "Inner", "Parallel Aware": false, "Async Capable": false, "Startup Cost": 3176.65, "Total Cost": 25024.51, "Plan Rows": 896, "Plan Width": 4, "Actual Startup Time": 0.025, "Actual Total Time": 0.624, "Actual Rows": 21165, "Actual Loops": 116, "Plans": [{"Node Type": "Gather", "Parent Relationship": "Outer", "Parallel Aware": false, "Async Capable": false, "Startup Cost": 3176.65, "Total Cost": 25020.03, "Plan Rows": 896, "Plan Width": 4, "Actual Startup Time": 2.875, "Actual Total Time": 23.479, "Actual Rows": 21439, "Actual Loops": 1, "Workers Planned": 3, "Workers Launched": 3, "Single Copy": false, "Plans": [{"Node Type": "Hash Join", "Parent Relationship": "Outer", "Parallel Aware": true, "Async Capable": false, "Join Type": "Inner", "Startup Cost": 2176.65, "Total Cost": 23930.43, "Plan Rows": 289, "Plan Width": 4, "Actual Startup Time": 1.29, "Actual Total Time": 22.691, "Actual Rows": 5360, "Actual Loops": 4, "Inner Unique": true, "Hash Cond": "(web_sales.ws_sold_date_sk = date_dim_1.d_date_sk)", "Workers": [], "Plans": [{"Node Type": "Seq Scan", "Parent Relationship": "Outer", "Parallel Aware": true, "Async Capable": false, "Relation Name": "web_sales", "Alias": "web_sales", "Startup Cost": 0.0, "Total Cost": 21144.59, "Plan Rows": 232059, "Plan Width": 8, "Actual Startup Time": 0.003, "Actual Total Time": 10.611, "Actual Rows": 179846, "Actual Loops": 4, "Workers": []}, {"Node Type": "Hash", "Parent Relationship": "Inner", "Parallel Aware": true, "Async Capable": false, "Startup Cost": 2175.97, "Total Cost": 2175.97, "Plan Rows": 54, "Plan Width": 4, "Actual Startup Time": 1.134, "Actual Total Time": 1.134, "Actual Rows": 23, "Actual Loops": 4, "Hash Buckets": 1024, "Original Hash Buckets": 1024, "Hash Batches": 1, "Original Hash Batches": 1, "Peak Memory Usage": 72, "Workers": [], "Plans": [{"Node Type": "Seq Scan", "Parent Relationship": "Outer", "Parallel Aware": true, "Async Capable": false, "Relation Name": "date_dim", "Alias": "date_dim_1", "Startup Cost": 0.0, "Total Cost": 2175.97, "Plan Rows": 54, "Plan Width": 4, "Actual Startup Time": 0.842, "Actual Total Time": 1.116, "Actual Rows": 23, "Actual Loops": 4, "Filter": "((d_moy >= 4) AND (d_moy <= 6) AND (d_year = 2001))", "Rows Removed by Filter": 18240, "Workers": []}]}]}]}]}]}, {"Node Type": "Materialize", "Parent Relationship": "Inner", "Parallel Aware": false, "Async Capable": false, "Startup Cost": 3176.65, "Total Cost": 45363.02, "Plan Rows": 1796, "Plan Width": 4, "Actual Startup Time": 0.178, "Actual Total Time": 1.112, "Actual Rows": 40273, "Actual Loops": 113, "Plans": [{"Node Type": "Gather", "Parent Relationship": "Outer", "Parallel Aware": false, "Async Capable": false, "Startup Cost": 3176.65, "Total Cost": 45354.04, "Plan Rows": 1796, "Plan Width": 4, "Actual Startup Time": 20.113, "Actual Total Time": 35.082, "Actual Rows": 41378, "Actual Loops": 1, "Workers Planned": 4, "Workers Launched": 4, "Single Copy": false, "Plans": [{"Node Type": "Hash Join", "Parent Relationship": "Outer", "Parallel Aware": true, "Async Capable": false, "Join Type": "Inner", "Startup Cost": 2176.65, "Total Cost": 44174.44, "Plan Rows": 449, "Plan Width": 4, "Actual Startup Time": 20.205, "Actual Total Time": 34.207, "Actual Rows": 8276, "Actual Loops": 5, "Inner Unique": true, "Hash Cond": "(catalog_sales.cs_sold_date_sk = date_dim_2.d_date_sk)", "Workers": [], "Plans": [{"Node Type": "Seq Scan", "Parent Relationship": "Outer", "Parallel Aware": true, "Async Capable": false, "Relation Name": "catalog_sales", "Alias": "catalog_sales", "Startup Cost": 0.0, "Total Cost": 41051.75, "Plan Rows": 360375, "Plan Width": 8, "Actual Startup Time": 0.002, "Actual Total Time": 15.436, "Actual Rows": 288310, "Actual Loops": 5, "Workers": []}, {"Node Type": "Hash", "Parent Relationship": "Inner", "Parallel Aware": true, "Async Capable": false, "Startup Cost": 2175.97, "Total Cost": 2175.97, "Plan Rows": 54, "Plan Width": 4, "Actual Startup Time": 0.938, "Actual Total Time": 0.938, "Actual Rows": 18, "Actual Loops": 5, "Hash Buckets": 1024, "Original Hash Buckets": 1024, "Hash Batches": 1, "Original Hash Batches": 1, "Peak Memory Usage": 72, "Workers": [], "Plans": [{"Node Type": "Seq Scan", "Parent Relationship": "Outer", "Parallel Aware": true, "Async Capable": false, "Relation Name": "date_dim", "Alias": "date_dim_2", "Startup Cost": 0.0, "Total Cost": 2175.97, "Plan Rows": 54, "Plan Width": 4, "Actual Startup Time": 0.736, "Actual Total Time": 0.921, "Actual Rows": 18, "Actual Loops": 5, "Filter": "((d_moy >= 4) AND (d_moy <= 6) AND (d_year = 2001))", "Rows Removed by Filter": 14592, "Workers": []}]}]}]}]}]}]}]}, "Planning Time": 0.779, "Triggers": [], "Execution Time": 500.433}