{"Plan": {"Node Type": "Limit", "Parallel Aware": false, "Async Capable": false, "Startup Cost": 130152.67, "Total Cost": 130152.87, "Plan Rows": 81, "Plan Width": 198, "Actual Startup Time": 312.308, "Actual Total Time": 314.483, "Actual Rows": 3, "Actual Loops": 1, "Plans": [{"Node Type": "Sort", "Parent Relationship": "Outer", "Parallel Aware": false, "Async Capable": false, "Startup Cost": 130152.67, "Total Cost": 130152.87, "Plan Rows": 81, "Plan Width": 198, "Actual Startup Time": 312.307, "Actual Total Time": 314.482, "Actual Rows": 3, "Actual Loops": 1, "Sort Key": ["((GROUPING(store.s_state) + GROUPING(store.s_county))) DESC", "(CASE WHEN (((GROUPING(store.s_state) + GROUPING(store.s_county))) = 0) THEN store.s_state ELSE NULL::bpchar END)", "(rank() OVER (?))"], "Sort Method": "quicksort", "Sort Space Used": 25, "Sort Space Type": "Memory", "Plans": [{"Node Type": "WindowAgg", "Parent Relationship": "Outer", "Parallel Aware": false, "Async Capable": false, "Startup Cost": 130146.45, "Total Cost": 130150.1, "Plan Rows": 81, "Plan Width": 198, "Actual Startup Time": 312.296, "Actual Total Time": 314.473, "Actual Rows": 3, "Actual Loops": 1, "Plans": [{"Node Type": "Sort", "Parent Relationship": "Outer", "Parallel Aware": false, "Async Capable": false, "Startup Cost": 130146.45, "Total Cost": 130146.66, "Plan Rows": 81, "Plan Width": 166, "Actual Startup Time": 312.29, "Actual Total Time": 314.465, "Actual Rows": 3, "Actual Loops": 1, "Sort Key": ["((GROUPING(store.s_state) + GROUPING(store.s_county)))", "(CASE WHEN (GROUPING(store.s_county) = 0) THEN store.s_state ELSE NULL::bpchar END)", "(sum(store_sales.ss_net_profit)) DESC"], "Sort Method": "quicksort", "Sort Space Used": 25, "Sort Space Type": "Memory", "Plans": [{"Node Type": "Aggregate", "Strategy": "Mixed", "Partial Mode": "Simple", "Parent Relationship": "Outer", "Parallel Aware": false, "Async Capable": false, "Startup Cost": 67299.55, "Total Cost": 130143.89, "Plan Rows": 81, "Plan Width": 166, "Actual Startup Time": 312.277, "Actual Total Time": 314.454, "Actual Rows": 3, "Actual Loops": 1, "Grouping Sets": [{"Hash Keys": [["store.s_state", "store.s_county"]]}, {"Hash Keys": [["store.s_state"]]}, {"Group Keys": [[]]}], "Planned Partitions": 0, "HashAgg Batches": 1, "Peak Memory Usage": 40, "Disk Usage": 0, "Plans": [{"Node Type": "Hash Join", "Parent Relationship": "Outer", "Parallel Aware": false, "Async Capable": false, "Join Type": "Inner", "Startup Cost": 67299.55, "Total Cost": 129935.6, "Plan Rows": 13724, "Plan Width": 96, "Actual Startup Time": 103.696, "Actual Total Time": 236.74, "Actual Rows": 540754, "Actual Loops": 1, "Inner Unique": true, "Hash Cond": "(store.s_state = tmp1.s_state)", "Plans": [{"Node Type": "Nested Loop", "Parent Relationship": "Outer", "Parallel Aware": false, "Async Capable": false, "Join Type": "Inner", "Startup Cost": 3071.26, "Total Cost": 65667.46, "Plan Rows": 13724, "Plan Width": 96, "Actual Startup Time": 2.255, "Actual Total Time": 91.942, "Actual Rows": 540754, "Actual Loops": 1, "Inner Unique": true, "Plans": [{"Node Type": "Gather", "Parent Relationship": "Outer", "Parallel Aware": false, "Async Capable": false, "Startup Cost": 3071.11, "Total Cost": 65327.95, "Plan Rows": 13724, "Plan Width": 10, "Actual Startup Time": 2.235, "Actual Total Time": 17.844, "Actual Rows": 553861, "Actual Loops": 1, "Workers Planned": 4, "Workers Launched": 4, "Single Copy": false, "Plans": [{"Node Type": "Hash Join", "Parent Relationship": "Outer", "Parallel Aware": true, "Async Capable": false, "Join Type": "Inner", "Startup Cost": 2071.11, "Total Cost": 62955.55, "Plan Rows": 3431, "Plan Width": 10, "Actual Startup Time": 0.999, "Actual Total Time": 67.85, "Actual Rows": 110772, "Actual Loops": 5, "Inner Unique": true, "Hash Cond": "(store_sales.ss_sold_date_sk = d1.d_date_sk)", "Workers": [], "Plans": [{"Node Type": "Seq Scan", "Parent Relationship": "Outer", "Parallel Aware": true, "Async Capable": false, "Relation Name": "store_sales", "Alias": "store_sales", "Startup Cost": 0.0, "Total Cost": 58993.85, "Plan Rows": 720185, "Plan Width": 14, "Actual Startup Time": 0.008, "Actual Total Time": 28.068, "Actual Rows": 576081, "Actual Loops": 5, "Workers": []}, {"Node Type": "Hash", "Parent Relationship": "Inner", "Parallel Aware": true, "Async Capable": false, "Startup Cost": 2068.55, "Total Cost": 2068.55, "Plan Rows": 205, "Plan Width": 4, "Actual Startup Time": 0.909, "Actual Total Time": 0.909, "Actual Rows": 73, "Actual Loops": 5, "Hash Buckets": 1024, "Original Hash Buckets": 1024, "Hash Batches": 1, "Original Hash Batches": 1, "Peak Memory Usage": 104, "Workers": [], "Plans": [{"Node Type": "Seq Scan", "Parent Relationship": "Outer", "Parallel Aware": true, "Async Capable": false, "Relation Name": "date_dim", "Alias": "d1", "Startup Cost": 0.0, "Total Cost": 2068.55, "Plan Rows": 205, "Plan Width": 4, "Actual Startup Time": 0.593, "Actual Total Time": 0.882, "Actual Rows": 73, "Actual Loops": 5, "Filter": "((d_month_seq >= 1200) AND (d_month_seq <= 1211))", "Rows Removed by Filter": 14537, "Workers": []}]}]}]}, {"Node Type": "Memoize", "Parent Relationship": "Inner", "Parallel Aware": false, "Async Capable": false, "Startup Cost": 0.15, "Total Cost": 0.17, "Plan Rows": 1, "Plan Width": 94, "Actual Startup Time": 0.0, "Actual Total Time": 0.0, "Actual Rows": 1, "Actual Loops": 553861, "Cache Key": "store_sales.ss_store_sk", "Cache Mode": "logical", "Cache Hits": 553854, "Cache Misses": 7, "Cache Evictions": 0, "Cache Overflows": 0, "Peak Memory Usage": 1, "Plans": [{"Node Type": "Index Scan", "Parent Relationship": "Outer", "Parallel Aware": false, "Async Capable": false, "Scan Direction": "Forward", "Index Name": "store_pkey", "Relation Name": "store", "Alias": "store", "Startup Cost": 0.14, "Total Cost": 0.16, "Plan Rows": 1, "Plan Width": 94, "Actual Startup Time": 0.004, "Actual Total Time": 0.004, "Actual Rows": 1, "Actual Loops": 7, "Index Cond": "(s_store_sk = store_sales.ss_store_sk)", "Rows Removed by Index Recheck": 0}]}]}, {"Node Type": "Hash", "Parent Relationship": "Inner", "Parallel Aware": false, "Async Capable": false, "Startup Cost": 64227.79, "Total Cost": 64227.79, "Plan Rows": 40, "Plan Width": 12, "Actual Startup Time": 101.432, "Actual Total Time": 101.548, "Actual Rows": 1, "Actual Loops": 1, "Hash Buckets": 1024, "Original Hash Buckets": 1024, "Hash Batches": 1, "Original Hash Batches": 1, "Peak Memory Usage": 9, "Plans": [{"Node Type": "Subquery Scan", "Parent Relationship": "Outer", "Parallel Aware": false, "Async Capable": false, "Alias": "tmp1", "Startup Cost": 64179.09, "Total Cost": 64227.79, "Plan Rows": 40, "Plan Width": 12, "Actual Startup Time": 101.428, "Actual Total Time": 101.545, "Actual Rows": 1, "Actual Loops": 1, "Plans": [{"Node Type": "WindowAgg", "Parent Relationship": "Subquery", "Parallel Aware": false, "Async Capable": false, "Startup Cost": 64179.09, "Total Cost": 64227.39, "Plan Rows": 40, "Plan Width": 52, "Actual Startup Time": 101.427, "Actual Total Time": 101.543, "Actual Rows": 1, "Actual Loops": 1, "Run Condition": "(rank() OVER (?) <= 5)", "Plans": [{"Node Type": "Incremental Sort", "Parent Relationship": "Outer", "Parallel Aware": false, "Async Capable": false, "Startup Cost": 64179.09, "Total Cost": 64226.69, "Plan Rows": 40, "Plan Width": 44, "Actual Startup Time": 101.422, "Actual Total Time": 101.537, "Actual Rows": 1, "Actual Loops": 1, "Sort Key": ["store_1.s_state", "(sum(store_sales_1.ss_net_profit)) DESC"], "Presorted Key": ["store_1.s_state"], "Full-sort Groups": {"Group Count": 1, "Sort Methods Used": ["quicksort"], "Sort Space Memory": {"Average Sort Space Used": 25, "Peak Sort Space Used": 25}}, "Plans": [{"Node Type": "Aggregate", "Strategy": "Sorted", "Partial Mode": "Finalize", "Parent Relationship": "Outer", "Parallel Aware": false, "Async Capable": false, "Startup Cost": 64177.9, "Total Cost": 64224.89, "Plan Rows": 40, "Plan Width": 44, "Actual Startup Time": 101.415, "Actual Total Time": 101.53, "Actual Rows": 1, "Actual Loops": 1, "Group Key": ["store_1.s_state"], "Plans": [{"Node Type": "Gather Merge", "Parent Relationship": "Outer", "Parallel Aware": false, "Async Capable": false, "Startup Cost": 64177.9, "Total Cost": 64223.19, "Plan Rows": 160, "Plan Width": 44, "Actual Startup Time": 101.408, "Actual Total Time": 101.522, "Actual Rows": 4, "Actual Loops": 1, "Workers Planned": 4, "Workers Launched": 3, "Plans": [{"Node Type": "Aggregate", "Strategy": "Sorted", "Partial Mode": "Partial", "Parent Relationship": "Outer", "Parallel Aware": false, "Async Capable": false, "Startup Cost": 63177.84, "Total Cost": 63204.07, "Plan Rows": 40, "Plan Width": 44, "Actual Startup Time": 100.061, "Actual Total Time": 100.065, "Actual Rows": 1, "Actual Loops": 4, "Group Key": ["store_1.s_state"], "Workers": [], "Plans": [{"Node Type": "Sort", "Parent Relationship": "Outer", "Parallel Aware": false, "Async Capable": false, "Startup Cost": 63177.84, "Total Cost": 63186.42, "Plan Rows": 3431, "Plan Width": 18, "Actual Startup Time": 88.587, "Actual Total Time": 93.369, "Actual Rows": 135188, "Actual Loops": 4, "Sort Key": ["store_1.s_state"], "Sort Method": "external merge", "Sort Space Used": 2632, "Sort Space Type": "Disk", "Workers": [{"Worker Number": 0, "Sort Method": "external merge", "Sort Space Used": 2624, "Sort Space Type": "Disk"}, {"Worker Number": 1, "Sort Method": "external merge", "Sort Space Used": 2656, "Sort Space Type": "Disk"}, {"Worker Number": 2, "Sort Method": "external merge", "Sort Space Used": 2616, "Sort Space Type": "Disk"}], "Plans": [{"Node Type": "Hash Join", "Parent Relationship": "Outer", "Parallel Aware": false, "Async Capable": false, "Join Type": "Inner", "Startup Cost": 2082.01, "Total Cost": 62976.37, "Plan Rows": 3431, "Plan Width": 18, "Actual Startup Time": 0.993, "Actual Total Time": 78.929, "Actual Rows": 135188, "Actual Loops": 4, "Inner Unique": true, "Hash Cond": "(store_sales_1.ss_store_sk = store_1.s_store_sk)", "Workers": [], "Plans": [{"Node Type": "Hash Join", "Parent Relationship": "Outer", "Parallel Aware": true, "Async Capable": false, "Join Type": "Inner", "Startup Cost": 2071.11, "Total Cost": 62955.55, "Plan Rows": 3431, "Plan Width": 10, "Actual Startup Time": 0.971, "Actual Total Time": 70.37, "Actual Rows": 138465, "Actual Loops": 4, "Inner Unique": true, "Hash Cond": "(store_sales_1.ss_sold_date_sk = date_dim.d_date_sk)", "Workers": [], "Plans": [{"Node Type": "Seq Scan", "Parent Relationship": "Outer", "Parallel Aware": true, "Async Capable": false, "Relation Name": "store_sales", "Alias": "store_sales_1", "Startup Cost": 0.0, "Total Cost": 58993.85, "Plan Rows": 720185, "Plan Width": 14, "Actual Startup Time": 0.004, "Actual Total Time": 30.48, "Actual Rows": 720101, "Actual Loops": 4, "Workers": []}, {"Node Type": "Hash", "Parent Relationship": "Inner", "Parallel Aware": true, "Async Capable": false, "Startup Cost": 2068.55, "Total Cost": 2068.55, "Plan Rows": 205, "Plan Width": 4, "Actual Startup Time": 0.89, "Actual Total Time": 0.891, "Actual Rows": 92, "Actual Loops": 4, "Hash Buckets": 1024, "Original Hash Buckets": 1024, "Hash Batches": 1, "Original Hash Batches": 1, "Peak Memory Usage": 72, "Workers": [], "Plans": [{"Node Type": "Seq Scan", "Parent Relationship": "Outer", "Parallel Aware": true, "Async Capable": false, "Relation Name": "date_dim", "Alias": "date_dim", "Startup Cost": 0.0, "Total Cost": 2068.55, "Plan Rows": 205, "Plan Width": 4, "Actual Startup Time": 0.597, "Actual Total Time": 0.871, "Actual Rows": 92, "Actual Loops": 4, "Filter": "((d_month_seq >= 1200) AND (d_month_seq <= 1211))", "Rows Removed by Filter": 18171, "Workers": []}]}]}, {"Node Type": "Hash", "Parent Relationship": "Inner", "Parallel Aware": false, "Async Capable": false, "Startup Cost": 10.4, "Total Cost": 10.4, "Plan Rows": 40, "Plan Width": 16, "Actual Startup Time": 0.009, "Actual Total Time": 0.01, "Actual Rows": 12, "Actual Loops": 4, "Hash Buckets": 1024, "Original Hash Buckets": 1024, "Hash Batches": 1, "Original Hash Batches": 1, "Peak Memory Usage": 9, "Workers": [], "Plans": [{"Node Type": "Seq Scan", "Parent Relationship": "Outer", "Parallel Aware": false, "Async Capable": false, "Relation Name": "store", "Alias": "store_1", "Startup Cost": 0.0, "Total Cost": 10.4, "Plan Rows": 40, "Plan Width": 16, "Actual Startup Time": 0.004, "Actual Total Time": 0.006, "Actual Rows": 12, "Actual Loops": 4, "Workers": []}]}]}]}]}]}]}]}]}]}]}]}]}]}]}]}]}, "Planning Time": 0.542, "Triggers": [], "Execution Time": 314.904}