{"Plan": {"Node Type": "Sort", "Parallel Aware": false, "Async Capable": false, "Startup Cost": 133239.0, "Total Cost": 133239.02, "Plan Rows": 10, "Plan Width": 95, "Actual Startup Time": 125.193, "Actual Total Time": 133.904, "Actual Rows": 1018, "Actual Loops": 1, "Sort Key": ["(sum(\"*SELECT* 3\".ext_price)) DESC", "item.i_brand_id NULLS FIRST", "time_dim.t_hour NULLS FIRST"], "Sort Method": "quicksort", "Sort Space Used": 120, "Sort Space Type": "Memory", "Plans": [{"Node Type": "Aggregate", "Strategy": "Sorted", "Partial Mode": "Finalize", "Parent Relationship": "Outer", "Parallel Aware": false, "Async Capable": false, "Startup Cost": 133237.58, "Total Cost": 133238.83, "Plan Rows": 10, "Plan Width": 95, "Actual Startup Time": 124.445, "Actual Total Time": 133.701, "Actual Rows": 1018, "Actual Loops": 1, "Group Key": ["item.i_brand", "item.i_brand_id", "time_dim.t_hour", "time_dim.t_minute"], "Plans": [{"Node Type": "Gather Merge", "Parent Relationship": "Outer", "Parallel Aware": false, "Async Capable": false, "Startup Cost": 133237.58, "Total Cost": 133238.59, "Plan Rows": 8, "Plan Width": 95, "Actual Startup Time": 124.432, "Actual Total Time": 133.41, "Actual Rows": 1041, "Actual Loops": 1, "Workers Planned": 4, "Workers Launched": 4, "Plans": [{"Node Type": "Aggregate", "Strategy": "Sorted", "Partial Mode": "Partial", "Parent Relationship": "Outer", "Parallel Aware": false, "Async Capable": false, "Startup Cost": 132237.52, "Total Cost": 132237.58, "Plan Rows": 2, "Plan Width": 95, "Actual Startup Time": 122.811, "Actual Total Time": 122.869, "Actual Rows": 208, "Actual Loops": 5, "Group Key": ["item.i_brand", "item.i_brand_id", "time_dim.t_hour", "time_dim.t_minute"], "Workers": [], "Plans": [{"Node Type": "Sort", "Parent Relationship": "Outer", "Parallel Aware": false, "Async Capable": false, "Startup Cost": 132237.52, "Total Cost": 132237.53, "Plan Rows": 2, "Plan Width": 69, "Actual Startup Time": 122.799, "Actual Total Time": 122.809, "Actual Rows": 210, "Actual Loops": 5, "Sort Key": ["item.i_brand", "item.i_brand_id NULLS FIRST", "time_dim.t_hour NULLS FIRST", "time_dim.t_minute"], "Sort Method": "quicksort", "Sort Space Used": 44, "Sort Space Type": "Memory", "Workers": [{"Worker Number": 0, "Sort Method": "quicksort", "Sort Space Used": 48, "Sort Space Type": "Memory"}, {"Worker Number": 1, "Sort Method": "quicksort", "Sort Space Used": 39, "Sort Space Type": "Memory"}, {"Worker Number": 2, "Sort Method": "quicksort", "Sort Space Used": 46, "Sort Space Type": "Memory"}, {"Worker Number": 3, "Sort Method": "quicksort", "Sort Space Used": 45, "Sort Space Type": "Memory"}], "Plans": [{"Node Type": "Nested Loop", "Parent Relationship": "Outer", "Parallel Aware": false, "Async Capable": false, "Join Type": "Inner", "Startup Cost": 2069.36, "Total Cost": 132237.51, "Plan Rows": 2, "Plan Width": 69, "Actual Startup Time": 13.004, "Actual Total Time": 122.63, "Actual Rows": 210, "Actual Loops": 5, "Inner Unique": true, "Workers": [], "Plans": [{"Node Type": "Nested Loop", "Parent Relationship": "Outer", "Parallel Aware": false, "Async Capable": false, "Join Type": "Inner", "Startup Cost": 2069.06, "Total Cost": 132209.77, "Plan Rows": 9, "Plan Width": 65, "Actual Startup Time": 12.243, "Actual Total Time": 121.18, "Actual Rows": 549, "Actual Loops": 5, "Inner Unique": true, "Workers": [], "Plans": [{"Node Type": "Append", "Parent Relationship": "Outer", "Parallel Aware": true, "Async Capable": false, "Startup Cost": 2068.78, "Total Cost": 130850.32, "Plan Rows": 518, "Plan Width": 14, "Actual Startup Time": 11.692, "Actual Total Time": 98.992, "Actual Rows": 31212, "Actual Loops": 5, "Workers": [], "Subplans Removed": 0, "Plans": [{"Node Type": "Subquery Scan", "Parent Relationship": "Member", "Parallel Aware": false, "Async Capable": false, "Alias": "*SELECT* 3", "Startup Cost": 2068.78, "Total Cost": 62956.17, "Plan Rows": 296, "Plan Width": 14, "Actual Startup Time": 0.684, "Actual Total Time": 48.642, "Actual Rows": 17256, "Actual Loops": 5, "Workers": [], "Plans": [{"Node Type": "Hash Join", "Parent Relationship": "Subquery", "Parallel Aware": true, "Async Capable": false, "Join Type": "Inner", "Startup Cost": 2068.78, "Total Cost": 62953.21, "Plan Rows": 296, "Plan Width": 18, "Actual Startup Time": 0.683, "Actual Total Time": 47.936, "Actual Rows": 17256, "Actual Loops": 5, "Inner Unique": true, "Hash Cond": "(store_sales.ss_sold_date_sk = date_dim.d_date_sk)", "Workers": [], "Plans": [{"Node Type": "Seq Scan", "Parent Relationship": "Outer", "Parallel Aware": true, "Async Capable": false, "Relation Name": "store_sales", "Alias": "store_sales", "Startup Cost": 0.0, "Total Cost": 58993.85, "Plan Rows": 720185, "Plan Width": 18, "Actual Startup Time": 0.005, "Actual Total Time": 23.276, "Actual Rows": 576081, "Actual Loops": 5, "Workers": []}, {"Node Type": "Hash", "Parent Relationship": "Inner", "Parallel Aware": true, "Async Capable": false, "Startup Cost": 2068.55, "Total Cost": 2068.55, "Plan Rows": 18, "Plan Width": 4, "Actual Startup Time": 0.604, "Actual Total Time": 0.605, "Actual Rows": 6, "Actual Loops": 5, "Hash Buckets": 1024, "Original Hash Buckets": 1024, "Hash Batches": 1, "Original Hash Batches": 1, "Peak Memory Usage": 40, "Workers": [], "Plans": [{"Node Type": "Seq Scan", "Parent Relationship": "Outer", "Parallel Aware": true, "Async Capable": false, "Relation Name": "date_dim", "Alias": "date_dim", "Startup Cost": 0.0, "Total Cost": 2068.55, "Plan Rows": 18, "Plan Width": 4, "Actual Startup Time": 1.05, "Actual Total Time": 1.496, "Actual Rows": 15, "Actual Loops": 2, "Filter": "((d_moy = 11) AND (d_year = 1999))", "Rows Removed by Filter": 36510, "Workers": []}]}]}]}, {"Node Type": "Subquery Scan", "Parent Relationship": "Member", "Parallel Aware": false, "Async Capable": false, "Alias": "*SELECT* 2", "Startup Cost": 2068.78, "Total Cost": 44068.05, "Plan Rows": 148, "Plan Width": 14, "Actual Startup Time": 16.811, "Actual Total Time": 52.878, "Actual Rows": 15548, "Actual Loops": 3, "Workers": [], "Plans": [{"Node Type": "Hash Join", "Parent Relationship": "Subquery", "Parallel Aware": true, "Async Capable": false, "Join Type": "Inner", "Startup Cost": 2068.78, "Total Cost": 44066.57, "Plan Rows": 148, "Plan Width": 18, "Actual Startup Time": 16.81, "Actual Total Time": 52.245, "Actual Rows": 15548, "Actual Loops": 3, "Inner Unique": true, "Hash Cond": "(catalog_sales.cs_sold_date_sk = date_dim_1.d_date_sk)", "Workers": [], "Plans": [{"Node Type": "Seq Scan", "Parent Relationship": "Outer", "Parallel Aware": true, "Async Capable": false, "Relation Name": "catalog_sales", "Alias": "catalog_sales", "Startup Cost": 0.0, "Total Cost": 41051.75, "Plan Rows": 360375, "Plan Width": 18, "Actual Startup Time": 0.002, "Actual Total Time": 21.841, "Actual Rows": 480516, "Actual Loops": 3, "Workers": []}, {"Node Type": "Hash", "Parent Relationship": "Inner", "Parallel Aware": true, "Async Capable": false, "Startup Cost": 2068.55, "Total Cost": 2068.55, "Plan Rows": 18, "Plan Width": 4, "Actual Startup Time": 0.703, "Actual Total Time": 0.703, "Actual Rows": 10, "Actual Loops": 3, "Hash Buckets": 1024, "Original Hash Buckets": 1024, "Hash Batches": 1, "Original Hash Batches": 1, "Peak Memory Usage": 40, "Workers": [], "Plans": [{"Node Type": "Seq Scan", "Parent Relationship": "Outer", "Parallel Aware": true, "Async Capable": false, "Relation Name": "date_dim", "Alias": "date_dim_1", "Startup Cost": 0.0, "Total Cost": 2068.55, "Plan Rows": 18, "Plan Width": 4, "Actual Startup Time": 1.087, "Actual Total Time": 2.102, "Actual Rows": 30, "Actual Loops": 1, "Filter": "((d_moy = 11) AND (d_year = 1999))", "Rows Removed by Filter": 73019, "Workers": []}]}]}]}, {"Node Type": "Subquery Scan", "Parent Relationship": "Member", "Parallel Aware": false, "Async Capable": false, "Alias": "*SELECT* 1", "Startup Cost": 2068.78, "Total Cost": 23823.51, "Plan Rows": 95, "Plan Width": 14, "Actual Startup Time": 2.391, "Actual Total Time": 43.606, "Actual Rows": 11568, "Actual Loops": 2, "Workers": [], "Plans": [{"Node Type": "Hash Join", "Parent Relationship": "Subquery", "Parallel Aware": true, "Async Capable": false, "Join Type": "Inner", "Startup Cost": 2068.78, "Total Cost": 23822.56, "Plan Rows": 95, "Plan Width": 18, "Actual Startup Time": 2.39, "Actual Total Time": 43.129, "Actual Rows": 11568, "Actual Loops": 2, "Inner Unique": true, "Hash Cond": "(web_sales.ws_sold_date_sk = date_dim_2.d_date_sk)", "Workers": [], "Plans": [{"Node Type": "Seq Scan", "Parent Relationship": "Outer", "Parallel Aware": true, "Async Capable": false, "Relation Name": "web_sales", "Alias": "web_sales", "Startup Cost": 0.0, "Total Cost": 21144.59, "Plan Rows": 232059, "Plan Width": 18, "Actual Startup Time": 0.003, "Actual Total Time": 18.12, "Actual Rows": 359692, "Actual Loops": 2, "Workers": []}, {"Node Type": "Hash", "Parent Relationship": "Inner", "Parallel Aware": true, "Async Capable": false, "Startup Cost": 2068.55, "Total Cost": 2068.55, "Plan Rows": 18, "Plan Width": 4, "Actual Startup Time": 2.239, "Actual Total Time": 2.24, "Actual Rows": 15, "Actual Loops": 2, "Hash Buckets": 1024, "Original Hash Buckets": 1024, "Hash Batches": 1, "Original Hash Batches": 1, "Peak Memory Usage": 40, "Workers": [], "Plans": [{"Node Type": "Seq Scan", "Parent Relationship": "Outer", "Parallel Aware": true, "Async Capable": false, "Relation Name": "date_dim", "Alias": "date_dim_2", "Startup Cost": 0.0, "Total Cost": 2068.55, "Plan Rows": 18, "Plan Width": 4, "Actual Startup Time": 1.675, "Actual Total Time": 2.215, "Actual Rows": 15, "Actual Loops": 2, "Filter": "((d_moy = 11) AND (d_year = 1999))", "Rows Removed by Filter": 36510, "Workers": []}]}]}]}]}, {"Node Type": "Index Scan", "Parent Relationship": "Inner", "Parallel Aware": false, "Async Capable": false, "Scan Direction": "Forward", "Index Name": "item_pkey", "Relation Name": "item", "Alias": "item", "Startup Cost": 0.29, "Total Cost": 2.62, "Plan Rows": 1, "Plan Width": 59, "Actual Startup Time": 0.001, "Actual Total Time": 0.001, "Actual Rows": 0, "Actual Loops": 156061, "Index Cond": "(i_item_sk = \"*SELECT* 3\".sold_item_sk)", "Rows Removed by Index Recheck": 0, "Filter": "(i_manager_id = 1)", "Rows Removed by Filter": 1, "Workers": []}]}, {"Node Type": "Index Scan", "Parent Relationship": "Inner", "Parallel Aware": false, "Async Capable": false, "Scan Direction": "Forward", "Index Name": "time_dim_pkey", "Relation Name": "time_dim", "Alias": "time_dim", "Startup Cost": 0.29, "Total Cost": 3.08, "Plan Rows": 1, "Plan Width": 12, "Actual Startup Time": 0.003, "Actual Total Time": 0.003, "Actual Rows": 0, "Actual Loops": 2745, "Index Cond": "(t_time_sk = \"*SELECT* 3\".time_sk)", "Rows Removed by Index Recheck": 0, "Filter": "((t_meal_time = 'breakfast'::bpchar) OR (t_meal_time = 'dinner'::bpchar))", "Rows Removed by Filter": 1, "Workers": []}]}]}]}]}]}]}, "Planning Time": 0.54, "Triggers": [], "Execution Time": 134.045}