{"Plan": {"Node Type": "Limit", "Parallel Aware": false, "Async Capable": false, "Startup Cost": 53231.53, "Total Cost": 53231.53, "Plan Rows": 2, "Plan Width": 188, "Actual Startup Time": 216.989, "Actual Total Time": 222.631, "Actual Rows": 100, "Actual Loops": 1, "Plans": [{"Node Type": "Sort", "Parent Relationship": "Outer", "Parallel Aware": false, "Async Capable": false, "Startup Cost": 53231.53, "Total Cost": 53231.53, "Plan Rows": 2, "Plan Width": 188, "Actual Startup Time": 216.988, "Actual Total Time": 222.624, "Actual Rows": 100, "Actual Loops": 1, "Sort Key": ["(count(*)) DESC", "item.i_item_desc NULLS FIRST", "warehouse.w_warehouse_name NULLS FIRST", "d1.d_week_seq NULLS FIRST"], "Sort Method": "top-N heapsort", "Sort Space Used": 46, "Sort Space Type": "Memory", "Plans": [{"Node Type": "Aggregate", "Strategy": "Sorted", "Partial Mode": "Simple", "Parent Relationship": "Outer", "Parallel Aware": false, "Async Capable": false, "Startup Cost": 53208.79, "Total Cost": 53231.52, "Plan Rows": 2, "Plan Width": 188, "Actual Startup Time": 201.264, "Actual Total Time": 222.28, "Actual Rows": 2063, "Actual Loops": 1, "Group Key": ["item.i_item_desc", "warehouse.w_warehouse_name", "d1.d_week_seq"], "Plans": [{"Node Type": "Nested Loop", "Parent Relationship": "Outer", "Parallel Aware": false, "Async Capable": false, "Join Type": "Left", "Startup Cost": 53208.79, "Total Cost": 53231.47, "Plan Rows": 2, "Plan Width": 168, "Actual Startup Time": 201.249, "Actual Total Time": 221.842, "Actual Rows": 2080, "Actual Loops": 1, "Inner Unique": true, "Join Filter": "(catalog_sales.cs_promo_sk = promotion.p_promo_sk)", "Rows Removed by Join Filter": 309141, "Plans": [{"Node Type": "Nested Loop", "Parent Relationship": "Outer", "Parallel Aware": false, "Async Capable": false, "Join Type": "Inner", "Startup Cost": 53208.79, "Total Cost": 53210.72, "Plan Rows": 2, "Plan Width": 168, "Actual Startup Time": 201.218, "Actual Total Time": 208.305, "Actual Rows": 2080, "Actual Loops": 1, "Inner Unique": true, "Join Filter": "(d3.d_date > (d1.d_date + 5))", "Rows Removed by Join Filter": 94, "Plans": [{"Node Type": "Gather Merge", "Parent Relationship": "Outer", "Parallel Aware": false, "Async Capable": false, "Startup Cost": 53208.5, "Total Cost": 53209.07, "Plan Rows": 5, "Plan Width": 176, "Actual Startup Time": 201.208, "Actual Total Time": 207.174, "Actual Rows": 2174, "Actual Loops": 1, "Workers Planned": 1, "Workers Launched": 1, "Plans": [{"Node Type": "Sort", "Parent Relationship": "Outer", "Parallel Aware": false, "Async Capable": false, "Startup Cost": 52208.49, "Total Cost": 52208.5, "Plan Rows": 3, "Plan Width": 176, "Actual Startup Time": 200.005, "Actual Total Time": 200.046, "Actual Rows": 1087, "Actual Loops": 2, "Sort Key": ["item.i_item_desc NULLS FIRST", "warehouse.w_warehouse_name NULLS FIRST", "d1.d_week_seq NULLS FIRST"], "Sort Method": "quicksort", "Sort Space Used": 233, "Sort Space Type": "Memory", "Workers": [{"Worker Number": 0, "Sort Method": "quicksort", "Sort Space Used": 175, "Sort Space Type": "Memory"}], "Plans": [{"Node Type": "Nested Loop", "Parent Relationship": "Outer", "Parallel Aware": false, "Async Capable": false, "Join Type": "Inner", "Startup Cost": 44281.67, "Total Cost": 52208.47, "Plan Rows": 3, "Plan Width": 176, "Actual Startup Time": 163.238, "Actual Total Time": 199.323, "Actual Rows": 1087, "Actual Loops": 2, "Inner Unique": true, "Workers": [], "Plans": [{"Node Type": "Nested Loop", "Parent Relationship": "Outer", "Parallel Aware": false, "Async Capable": false, "Join Type": "Inner", "Startup Cost": 44281.38, "Total Cost": 52207.54, "Plan Rows": 3, "Plan Width": 82, "Actual Startup Time": 163.216, "Actual Total Time": 197.739, "Actual Rows": 1087, "Actual Loops": 2, "Inner Unique": true, "Workers": [], "Plans": [{"Node Type": "Nested Loop", "Parent Relationship": "Outer", "Parallel Aware": false, "Async Capable": false, "Join Type": "Inner", "Startup Cost": 44281.24, "Total Cost": 52207.06, "Plan Rows": 3, "Plan Width": 28, "Actual Startup Time": 163.202, "Actual Total Time": 197.354, "Actual Rows": 1087, "Actual Loops": 2, "Inner Unique": false, "Workers": [], "Plans": [{"Node Type": "Hash Join", "Parent Relationship": "Outer", "Parallel Aware": true, "Async Capable": false, "Join Type": "Inner", "Startup Cost": 44280.8, "Total Cost": 46298.12, "Plan Rows": 986, "Plan Width": 28, "Actual Startup Time": 163.109, "Actual Total Time": 166.432, "Actual Rows": 31860, "Actual Loops": 2, "Inner Unique": false, "Hash Cond": "(d2.d_week_seq = d1.d_week_seq)", "Workers": [], "Plans": [{"Node Type": "Seq Scan", "Parent Relationship": "Outer", "Parallel Aware": true, "Async Capable": false, "Relation Name": "date_dim", "Alias": "d2", "Startup Cost": 0.0, "Total Cost": 1853.7, "Plan Rows": 42970, "Plan Width": 8, "Actual Startup Time": 0.004, "Actual Total Time": 1.239, "Actual Rows": 36524, "Actual Loops": 2, "Workers": []}, {"Node Type": "Hash", "Parent Relationship": "Inner", "Parallel Aware": true, "Async Capable": false, "Startup Cost": 44280.05, "Total Cost": 44280.05, "Plan Rows": 60, "Plan Width": 24, "Actual Startup Time": 161.181, "Actual Total Time": 161.186, "Actual Rows": 4552, "Actual Loops": 2, "Hash Buckets": 16384, "Original Hash Buckets": 1024, "Hash Batches": 1, "Original Hash Batches": 1, "Peak Memory Usage": 792, "Workers": [], "Plans": [{"Node Type": "Nested Loop", "Parent Relationship": "Outer", "Parallel Aware": false, "Async Capable": false, "Join Type": "Inner", "Startup Cost": 2122.21, "Total Cost": 44280.05, "Plan Rows": 60, "Plan Width": 24, "Actual Startup Time": 16.089, "Actual Total Time": 113.388, "Actual Rows": 4552, "Actual Loops": 2, "Inner Unique": true, "Workers": [], "Plans": [{"Node Type": "Hash Join", "Parent Relationship": "Outer", "Parallel Aware": false, "Async Capable": false, "Join Type": "Inner", "Startup Cost": 2121.79, "Total Cost": 44124.27, "Plan Rows": 298, "Plan Width": 28, "Actual Startup Time": 16.038, "Actual Total Time": 91.358, "Actual Rows": 23024, "Actual Loops": 2, "Inner Unique": true, "Hash Cond": "(catalog_sales.cs_bill_hdemo_sk = household_demographics.hd_demo_sk)", "Workers": [], "Plans": [{"Node Type": "Hash Join", "Parent Relationship": "Outer", "Parallel Aware": true, "Async Capable": false, "Join Type": "Inner", "Startup Cost": 1963.79, "Total Cost": 43961.58, "Plan Rows": 1786, "Plan Width": 32, "Actual Startup Time": 15.674, "Actual Total Time": 85.613, "Actual Rows": 142846, "Actual Loops": 2, "Inner Unique": true, "Hash Cond": "(catalog_sales.cs_sold_date_sk = d1.d_date_sk)", "Workers": [], "Plans": [{"Node Type": "Seq Scan", "Parent Relationship": "Outer", "Parallel Aware": true, "Async Capable": false, "Relation Name": "catalog_sales", "Alias": "catalog_sales", "Startup Cost": 0.0, "Total Cost": 41051.75, "Plan Rows": 360375, "Plan Width": 32, "Actual Startup Time": 0.002, "Actual Total Time": 34.072, "Actual Rows": 720774, "Actual Loops": 2, "Workers": []}, {"Node Type": "Hash", "Parent Relationship": "Inner", "Parallel Aware": true, "Async Capable": false, "Startup Cost": 1961.12, "Total Cost": 1961.12, "Plan Rows": 213, "Plan Width": 12, "Actual Startup Time": 2.281, "Actual Total Time": 2.282, "Actual Rows": 182, "Actual Loops": 2, "Hash Buckets": 1024, "Original Hash Buckets": 1024, "Hash Batches": 1, "Original Hash Batches": 1, "Peak Memory Usage": 72, "Workers": [], "Plans": [{"Node Type": "Seq Scan", "Parent Relationship": "Outer", "Parallel Aware": true, "Async Capable": false, "Relation Name": "date_dim", "Alias": "d1", "Startup Cost": 0.0, "Total Cost": 1961.12, "Plan Rows": 213, "Plan Width": 12, "Actual Startup Time": 1.091, "Actual Total Time": 2.257, "Actual Rows": 182, "Actual Loops": 2, "Filter": "(d_year = 1999)", "Rows Removed by Filter": 36342, "Workers": []}]}]}, {"Node Type": "Hash", "Parent Relationship": "Inner", "Parallel Aware": false, "Async Capable": false, "Startup Cost": 143.0, "Total Cost": 143.0, "Plan Rows": 1200, "Plan Width": 4, "Actual Startup Time": 0.326, "Actual Total Time": 0.327, "Actual Rows": 1200, "Actual Loops": 2, "Hash Buckets": 2048, "Original Hash Buckets": 2048, "Hash Batches": 1, "Original Hash Batches": 1, "Peak Memory Usage": 59, "Workers": [], "Plans": [{"Node Type": "Seq Scan", "Parent Relationship": "Outer", "Parallel Aware": false, "Async Capable": false, "Relation Name": "household_demographics", "Alias": "household_demographics", "Startup Cost": 0.0, "Total Cost": 143.0, "Plan Rows": 1200, "Plan Width": 4, "Actual Startup Time": 0.011, "Actual Total Time": 0.269, "Actual Rows": 1200, "Actual Loops": 2, "Filter": "(hd_buy_potential = '>10000'::bpchar)", "Rows Removed by Filter": 6000, "Workers": []}]}]}, {"Node Type": "Index Scan", "Parent Relationship": "Inner", "Parallel Aware": false, "Async Capable": false, "Scan Direction": "Forward", "Index Name": "customer_demographics_pkey", "Relation Name": "customer_demographics", "Alias": "customer_demographics", "Startup Cost": 0.43, "Total Cost": 0.52, "Plan Rows": 1, "Plan Width": 4, "Actual Startup Time": 0.001, "Actual Total Time": 0.001, "Actual Rows": 0, "Actual Loops": 46047, "Index Cond": "(cd_demo_sk = catalog_sales.cs_bill_cdemo_sk)", "Rows Removed by Index Recheck": 0, "Filter": "(cd_marital_status = 'D'::bpchar)", "Rows Removed by Filter": 1, "Workers": []}]}]}]}, {"Node Type": "Index Scan", "Parent Relationship": "Inner", "Parallel Aware": false, "Async Capable": false, "Scan Direction": "Forward", "Index Name": "inventory_pkey", "Relation Name": "inventory", "Alias": "inventory", "Startup Cost": 0.43, "Total Cost": 5.98, "Plan Rows": 1, "Plan Width": 16, "Actual Startup Time": 0.001, "Actual Total Time": 0.001, "Actual Rows": 0, "Actual Loops": 63721, "Index Cond": "((inv_date_sk = d2.d_date_sk) AND (inv_item_sk = catalog_sales.cs_item_sk))", "Rows Removed by Index Recheck": 0, "Filter": "(inv_quantity_on_hand < catalog_sales.cs_quantity)", "Rows Removed by Filter": 1, "Workers": []}]}, {"Node Type": "Index Scan", "Parent Relationship": "Inner", "Parallel Aware": false, "Async Capable": false, "Scan Direction": "Forward", "Index Name": "warehouse_pkey", "Relation Name": "warehouse", "Alias": "warehouse", "Startup Cost": 0.14, "Total Cost": 0.16, "Plan Rows": 1, "Plan Width": 62, "Actual Startup Time": 0.0, "Actual Total Time": 0.0, "Actual Rows": 1, "Actual Loops": 2174, "Index Cond": "(w_warehouse_sk = inventory.inv_warehouse_sk)", "Rows Removed by Index Recheck": 0, "Workers": []}]}, {"Node Type": "Index Scan", "Parent Relationship": "Inner", "Parallel Aware": false, "Async Capable": false, "Scan Direction": "Forward", "Index Name": "item_pkey", "Relation Name": "item", "Alias": "item", "Startup Cost": 0.29, "Total Cost": 0.31, "Plan Rows": 1, "Plan Width": 106, "Actual Startup Time": 0.001, "Actual Total Time": 0.001, "Actual Rows": 1, "Actual Loops": 2174, "Index Cond": "(i_item_sk = catalog_sales.cs_item_sk)", "Rows Removed by Index Recheck": 0, "Workers": []}]}]}]}, {"Node Type": "Index Scan", "Parent Relationship": "Inner", "Parallel Aware": false, "Async Capable": false, "Scan Direction": "Forward", "Index Name": "date_dim_pkey", "Relation Name": "date_dim", "Alias": "d3", "Startup Cost": 0.29, "Total Cost": 0.31, "Plan Rows": 1, "Plan Width": 8, "Actual Startup Time": 0.0, "Actual Total Time": 0.0, "Actual Rows": 1, "Actual Loops": 2174, "Index Cond": "(d_date_sk = catalog_sales.cs_ship_date_sk)", "Rows Removed by Index Recheck": 0}]}, {"Node Type": "Materialize", "Parent Relationship": "Inner", "Parallel Aware": false, "Async Capable": false, "Startup Cost": 0.0, "Total Cost": 12.5, "Plan Rows": 300, "Plan Width": 4, "Actual Startup Time": 0.0, "Actual Total Time": 0.003, "Actual Rows": 150, "Actual Loops": 2080, "Plans": [{"Node Type": "Seq Scan", "Parent Relationship": "Outer", "Parallel Aware": false, "Async Capable": false, "Relation Name": "promotion", "Alias": "promotion", "Startup Cost": 0.0, "Total Cost": 11.0, "Plan Rows": 300, "Plan Width": 4, "Actual Startup Time": 0.004, "Actual Total Time": 0.025, "Actual Rows": 300, "Actual Loops": 1}]}]}]}]}]}, "Planning Time": 8.713, "Triggers": [], "Execution Time": 222.755}