{"Plan": {"Node Type": "Sort", "Parallel Aware": false, "Async Capable": false, "Startup Cost": 63057.66, "Total Cost": 63057.67, "Plan Rows": 2, "Plan Width": 77, "Actual Startup Time": 70.931, "Actual Total Time": 74.897, "Actual Rows": 5, "Actual Loops": 1, "Sort Key": ["(count(*)) DESC", "customer.c_last_name"], "Sort Method": "quicksort", "Sort Space Used": 25, "Sort Space Type": "Memory", "Plans": [{"Node Type": "Nested Loop", "Parent Relationship": "Outer", "Parallel Aware": false, "Async Capable": false, "Join Type": "Inner", "Startup Cost": 63040.83, "Total Cost": 63057.65, "Plan Rows": 2, "Plan Width": 77, "Actual Startup Time": 69.907, "Actual Total Time": 74.845, "Actual Rows": 5, "Actual Loops": 1, "Inner Unique": true, "Plans": [{"Node Type": "Aggregate", "Strategy": "Sorted", "Partial Mode": "Simple", "Parent Relationship": "Outer", "Parallel Aware": false, "Async Capable": false, "Startup Cost": 63040.54, "Total Cost": 63041.01, "Plan Rows": 2, "Plan Width": 16, "Actual Startup Time": 69.891, "Actual Total Time": 74.79, "Actual Rows": 91, "Actual Loops": 1, "Group Key": ["store_sales.ss_ticket_number", "store_sales.ss_customer_sk"], "Filter": "((count(*) >= 1) AND (count(*) <= 5))", "Rows Removed by Filter": 1376, "Plans": [{"Node Type": "Sort", "Parent Relationship": "Outer", "Parallel Aware": false, "Async Capable": false, "Startup Cost": 63040.54, "Total Cost": 63040.58, "Plan Rows": 19, "Plan Width": 8, "Actual Startup Time": 69.879, "Actual Total Time": 74.172, "Actual Rows": 15397, "Actual Loops": 1, "Sort Key": ["store_sales.ss_ticket_number", "store_sales.ss_customer_sk"], "Sort Method": "quicksort", "Sort Space Used": 866, "Sort Space Type": "Memory", "Plans": [{"Node Type": "Gather", "Parent Relationship": "Outer", "Parallel Aware": false, "Async Capable": false, "Startup Cost": 1304.07, "Total Cost": 63040.13, "Plan Rows": 19, "Plan Width": 8, "Actual Startup Time": 1.047, "Actual Total Time": 72.734, "Actual Rows": 15397, "Actual Loops": 1, "Workers Planned": 4, "Workers Launched": 4, "Single Copy": false, "Plans": [{"Node Type": "Nested Loop", "Parent Relationship": "Outer", "Parallel Aware": false, "Async Capable": false, "Join Type": "Inner", "Startup Cost": 304.07, "Total Cost": 62038.23, "Plan Rows": 5, "Plan Width": 8, "Actual Startup Time": 0.885, "Actual Total Time": 67.38, "Actual Rows": 3079, "Actual Loops": 5, "Inner Unique": true, "Workers": [], "Plans": [{"Node Type": "Hash Join", "Parent Relationship": "Outer", "Parallel Aware": false, "Async Capable": false, "Join Type": "Inner", "Startup Cost": 303.76, "Total Cost": 61330.57, "Plan Rows": 4891, "Plan Width": 12, "Actual Startup Time": 0.578, "Actual Total Time": 57.705, "Actual Rows": 77907, "Actual Loops": 5, "Inner Unique": true, "Hash Cond": "(store_sales.ss_store_sk = store.s_store_sk)", "Workers": [], "Plans": [{"Node Type": "Hash Join", "Parent Relationship": "Outer", "Parallel Aware": false, "Async Capable": false, "Join Type": "Inner", "Startup Cost": 293.11, "Total Cost": 61178.52, "Plan Rows": 48912, "Plan Width": 16, "Actual Startup Time": 0.552, "Actual Total Time": 53.009, "Actual Rows": 79789, "Actual Loops": 5, "Inner Unique": true, "Hash Cond": "(store_sales.ss_hdemo_sk = household_demographics.hd_demo_sk)", "Workers": [], "Plans": [{"Node Type": "Seq Scan", "Parent Relationship": "Outer", "Parallel Aware": true, "Async Capable": false, "Relation Name": "store_sales", "Alias": "store_sales", "Startup Cost": 0.0, "Total Cost": 58993.85, "Plan Rows": 720185, "Plan Width": 20, "Actual Startup Time": 0.005, "Actual Total Time": 24.962, "Actual Rows": 576081, "Actual Loops": 5, "Workers": []}, {"Node Type": "Hash", "Parent Relationship": "Inner", "Parallel Aware": false, "Async Capable": false, "Startup Cost": 287.0, "Total Cost": 287.0, "Plan Rows": 489, "Plan Width": 4, "Actual Startup Time": 0.536, "Actual Total Time": 0.537, "Actual Rows": 1040, "Actual Loops": 5, "Hash Buckets": 2048, "Original Hash Buckets": 1024, "Hash Batches": 1, "Original Hash Batches": 1, "Peak Memory Usage": 53, "Workers": [], "Plans": [{"Node Type": "Seq Scan", "Parent Relationship": "Outer", "Parallel Aware": false, "Async Capable": false, "Relation Name": "household_demographics", "Alias": "household_demographics", "Startup Cost": 0.0, "Total Cost": 287.0, "Plan Rows": 489, "Plan Width": 4, "Actual Startup Time": 0.064, "Actual Total Time": 0.485, "Actual Rows": 1040, "Actual Loops": 5, "Filter": "((hd_vehicle_count > 0) AND ((hd_buy_potential = 'Unknown'::bpchar) OR (hd_buy_potential = '>10000'::bpchar)) AND (CASE WHEN (hd_vehicle_count > 0) THEN (((hd_dep_count)::numeric * 1.000) / (hd_vehicle_count)::numeric) ELSE NULL::numeric END > '1'::numeric))", "Rows Removed by Filter": 6160, "Workers": []}]}]}, {"Node Type": "Hash", "Parent Relationship": "Inner", "Parallel Aware": false, "Async Capable": false, "Startup Cost": 10.6, "Total Cost": 10.6, "Plan Rows": 4, "Plan Width": 4, "Actual Startup Time": 0.013, "Actual Total Time": 0.013, "Actual Rows": 12, "Actual Loops": 5, "Hash Buckets": 1024, "Original Hash Buckets": 1024, "Hash Batches": 1, "Original Hash Batches": 1, "Peak Memory Usage": 9, "Workers": [], "Plans": [{"Node Type": "Seq Scan", "Parent Relationship": "Outer", "Parallel Aware": false, "Async Capable": false, "Relation Name": "store", "Alias": "store", "Startup Cost": 0.0, "Total Cost": 10.6, "Plan Rows": 4, "Plan Width": 4, "Actual Startup Time": 0.008, "Actual Total Time": 0.01, "Actual Rows": 12, "Actual Loops": 5, "Filter": "((s_county)::text = ANY ('{\"Orange County\",\"Bronx County\",\"Franklin Parish\",\"Williamson County\"}'::text[]))", "Rows Removed by Filter": 0, "Workers": []}]}]}, {"Node Type": "Memoize", "Parent Relationship": "Inner", "Parallel Aware": false, "Async Capable": false, "Startup Cost": 0.3, "Total Cost": 0.33, "Plan Rows": 1, "Plan Width": 4, "Actual Startup Time": 0.0, "Actual Total Time": 0.0, "Actual Rows": 0, "Actual Loops": 389534, "Cache Key": "store_sales.ss_sold_date_sk", "Cache Mode": "logical", "Cache Hits": 76609, "Cache Misses": 1703, "Cache Evictions": 0, "Cache Overflows": 0, "Peak Memory Usage": 116, "Workers": [{"Worker Number": 0, "Cache Hits": 76682, "Cache Misses": 1708, "Cache Evictions": 0, "Cache Overflows": 0, "Peak Memory Usage": 116}, {"Worker Number": 1, "Cache Hits": 74895, "Cache Misses": 1703, "Cache Evictions": 0, "Cache Overflows": 0, "Peak Memory Usage": 116}, {"Worker Number": 2, "Cache Hits": 76708, "Cache Misses": 1708, "Cache Evictions": 0, "Cache Overflows": 0, "Peak Memory Usage": 116}, {"Worker Number": 3, "Cache Hits": 76114, "Cache Misses": 1704, "Cache Evictions": 0, "Cache Overflows": 0, "Peak Memory Usage": 116}], "Plans": [{"Node Type": "Index Scan", "Parent Relationship": "Outer", "Parallel Aware": false, "Async Capable": false, "Scan Direction": "Forward", "Index Name": "date_dim_pkey", "Relation Name": "date_dim", "Alias": "date_dim", "Startup Cost": 0.29, "Total Cost": 0.32, "Plan Rows": 1, "Plan Width": 4, "Actual Startup Time": 0.001, "Actual Total Time": 0.001, "Actual Rows": 0, "Actual Loops": 8526, "Index Cond": "(d_date_sk = store_sales.ss_sold_date_sk)", "Rows Removed by Index Recheck": 0, "Filter": "((d_dom >= 1) AND (d_dom <= 2) AND (d_year = ANY ('{1999,2000,2001}'::integer[])))", "Rows Removed by Filter": 1, "Workers": []}]}]}]}]}]}, {"Node Type": "Index Scan", "Parent Relationship": "Inner", "Parallel Aware": false, "Async Capable": false, "Scan Direction": "Forward", "Index Name": "customer_pkey", "Relation Name": "customer", "Alias": "customer", "Startup Cost": 0.29, "Total Cost": 8.31, "Plan Rows": 1, "Plan Width": 69, "Actual Startup Time": 0.0, "Actual Total Time": 0.0, "Actual Rows": 0, "Actual Loops": 91, "Index Cond": "(c_customer_sk = store_sales.ss_customer_sk)", "Rows Removed by Index Recheck": 0}]}]}, "Planning Time": 0.648, "Triggers": [], "Execution Time": 75.024}