{"Plan": {"Node Type": "Limit", "Parallel Aware": false, "Async Capable": false, "Startup Cost": 100139.36, "Total Cost": 100139.37, "Plan Rows": 1, "Plan Width": 276, "Actual Startup Time": 313708.569, "Actual Total Time": 313708.778, "Actual Rows": 90, "Actual Loops": 1, "Plans": [{"Node Type": "Append", "Parent Relationship": "InitPlan", "Subplan Name": "CTE year_total", "Parallel Aware": false, "Async Capable": false, "Startup Cost": 69314.5, "Total Cost": 96387.55, "Plan Rows": 35731, "Plan Width": 137, "Actual Startup Time": 248.099, "Actual Total Time": 487.583, "Actual Rows": 98902, "Actual Loops": 1, "Subplans Removed": 0, "Plans": [{"Node Type": "Aggregate", "Strategy": "Hashed", "Partial Mode": "Simple", "Parent Relationship": "Member", "Parallel Aware": false, "Async Capable": false, "Startup Cost": 69314.5, "Total Cost": 69600.41, "Plan Rows": 28591, "Plan Width": 137, "Actual Startup Time": 248.098, "Actual Total Time": 267.559, "Actual Rows": 76098, "Actual Loops": 1, "Group Key": ["customer.c_customer_id", "customer.c_first_name", "customer.c_last_name", "date_dim.d_year"], "Planned Partitions": 0, "HashAgg Batches": 5, "Peak Memory Usage": 16433, "Disk Usage": 6944, "Plans": [{"Node Type": "Gather", "Parent Relationship": "Outer", "Parallel Aware": false, "Async Capable": false, "Startup Cost": 2966.74, "Total Cost": 68957.11, "Plan Rows": 28591, "Plan Width": 79, "Actual Startup Time": 2.763, "Actual Total Time": 53.696, "Actual Rows": 1069861, "Actual Loops": 1, "Workers Planned": 4, "Workers Launched": 4, "Single Copy": false, "Plans": [{"Node Type": "Nested Loop", "Parent Relationship": "Outer", "Parallel Aware": false, "Async Capable": false, "Join Type": "Inner", "Startup Cost": 1966.74, "Total Cost": 65098.01, "Plan Rows": 7148, "Plan Width": 79, "Actual Startup Time": 1.139, "Actual Total Time": 185.33, "Actual Rows": 213972, "Actual Loops": 5, "Inner Unique": true, "Workers": [], "Plans": [{"Node Type": "Hash Join", "Parent Relationship": "Outer", "Parallel Aware": true, "Async Capable": false, "Join Type": "Inner", "Startup Cost": 1966.45, "Total Cost": 62850.89, "Plan Rows": 7148, "Plan Width": 14, "Actual Startup Time": 1.12, "Actual Total Time": 70.641, "Actual Rows": 219128, "Actual Loops": 5, "Inner Unique": true, "Hash Cond": "(store_sales.ss_sold_date_sk = date_dim.d_date_sk)", "Workers": [], "Plans": [{"Node Type": "Seq Scan", "Parent Relationship": "Outer", "Parallel Aware": true, "Async Capable": false, "Relation Name": "store_sales", "Alias": "store_sales", "Startup Cost": 0.0, "Total Cost": 58993.85, "Plan Rows": 720185, "Plan Width": 14, "Actual Startup Time": 0.006, "Actual Total Time": 25.118, "Actual Rows": 576081, "Actual Loops": 5, "Workers": []}, {"Node Type": "Hash", "Parent Relationship": "Inner", "Parallel Aware": true, "Async Capable": false, "Startup Cost": 1961.12, "Total Cost": 1961.12, "Plan Rows": 426, "Plan Width": 8, "Actual Startup Time": 1.055, "Actual Total Time": 1.056, "Actual Rows": 146, "Actual Loops": 5, "Hash Buckets": 1024, "Original Hash Buckets": 1024, "Hash Batches": 1, "Original Hash Batches": 1, "Peak Memory Usage": 168, "Workers": [], "Plans": [{"Node Type": "Seq Scan", "Parent Relationship": "Outer", "Parallel Aware": true, "Async Capable": false, "Relation Name": "date_dim", "Alias": "date_dim", "Startup Cost": 0.0, "Total Cost": 1961.12, "Plan Rows": 426, "Plan Width": 8, "Actual Startup Time": 0.495, "Actual Total Time": 1.005, "Actual Rows": 146, "Actual Loops": 5, "Filter": "(d_year = ANY ('{2001,2002}'::integer[]))", "Rows Removed by Filter": 14464, "Workers": []}]}]}, {"Node Type": "Index Scan", "Parent Relationship": "Inner", "Parallel Aware": false, "Async Capable": false, "Scan Direction": "Forward", "Index Name": "customer_pkey", "Relation Name": "customer", "Alias": "customer", "Startup Cost": 0.29, "Total Cost": 0.31, "Plan Rows": 1, "Plan Width": 73, "Actual Startup Time": 0.0, "Actual Total Time": 0.0, "Actual Rows": 1, "Actual Loops": 1095640, "Index Cond": "(c_customer_sk = store_sales.ss_customer_sk)", "Rows Removed by Index Recheck": 0, "Workers": []}]}]}]}, {"Node Type": "Aggregate", "Strategy": "Sorted", "Partial Mode": "Simple", "Parent Relationship": "Member", "Parallel Aware": false, "Async Capable": false, "Startup Cost": 25603.13, "Total Cost": 26608.49, "Plan Rows": 7140, "Plan Width": 137, "Actual Startup Time": 126.111, "Actual Total Time": 216.41, "Actual Rows": 22804, "Actual Loops": 1, "Group Key": ["customer_1.c_customer_id", "customer_1.c_first_name", "customer_1.c_last_name", "date_dim_1.d_year"], "Plans": [{"Node Type": "Gather Merge", "Parent Relationship": "Outer", "Parallel Aware": false, "Async Capable": false, "Startup Cost": 25603.13, "Total Cost": 26447.84, "Plan Rows": 7140, "Plan Width": 79, "Actual Startup Time": 126.095, "Actual Total Time": 185.982, "Actual Rows": 289493, "Actual Loops": 1, "Workers Planned": 3, "Workers Launched": 3, "Plans": [{"Node Type": "Sort", "Parent Relationship": "Outer", "Parallel Aware": false, "Async Capable": false, "Startup Cost": 24603.09, "Total Cost": 24608.85, "Plan Rows": 2303, "Plan Width": 79, "Actual Startup Time": 124.058, "Actual Total Time": 127.617, "Actual Rows": 72373, "Actual Loops": 4, "Sort Key": ["customer_1.c_customer_id", "customer_1.c_first_name", "customer_1.c_last_name", "date_dim_1.d_year"], "Sort Method": "external merge", "Sort Space Used": 6432, "Sort Space Type": "Disk", "Workers": [{"Worker Number": 0, "Sort Method": "external merge", "Sort Space Used": 6456, "Sort Space Type": "Disk"}, {"Worker Number": 1, "Sort Method": "external merge", "Sort Space Used": 6424, "Sort Space Type": "Disk"}, {"Worker Number": 2, "Sort Method": "external merge", "Sort Space Used": 6520, "Sort Space Type": "Disk"}], "Plans": [{"Node Type": "Nested Loop", "Parent Relationship": "Outer", "Parallel Aware": false, "Async Capable": false, "Join Type": "Inner", "Startup Cost": 1966.74, "Total Cost": 24474.47, "Plan Rows": 2303, "Plan Width": 79, "Actual Startup Time": 1.235, "Actual Total Time": 71.756, "Actual Rows": 72373, "Actual Loops": 4, "Inner Unique": true, "Workers": [], "Plans": [{"Node Type": "Hash Join", "Parent Relationship": "Outer", "Parallel Aware": true, "Async Capable": false, "Join Type": "Inner", "Startup Cost": 1966.45, "Total Cost": 23720.23, "Plan Rows": 2303, "Plan Width": 14, "Actual Startup Time": 1.214, "Actual Total Time": 32.702, "Actual Rows": 72379, "Actual Loops": 4, "Inner Unique": true, "Hash Cond": "(web_sales.ws_sold_date_sk = date_dim_1.d_date_sk)", "Workers": [], "Plans": [{"Node Type": "Seq Scan", "Parent Relationship": "Outer", "Parallel Aware": true, "Async Capable": false, "Relation Name": "web_sales", "Alias": "web_sales", "Startup Cost": 0.0, "Total Cost": 21144.59, "Plan Rows": 232059, "Plan Width": 14, "Actual Startup Time": 0.003, "Actual Total Time": 10.739, "Actual Rows": 179846, "Actual Loops": 4, "Workers": []}, {"Node Type": "Hash", "Parent Relationship": "Inner", "Parallel Aware": true, "Async Capable": false, "Startup Cost": 1961.12, "Total Cost": 1961.12, "Plan Rows": 426, "Plan Width": 8, "Actual Startup Time": 1.156, "Actual Total Time": 1.157, "Actual Rows": 182, "Actual Loops": 4, "Hash Buckets": 1024, "Original Hash Buckets": 1024, "Hash Batches": 1, "Original Hash Batches": 1, "Peak Memory Usage": 136, "Workers": [], "Plans": [{"Node Type": "Seq Scan", "Parent Relationship": "Outer", "Parallel Aware": true, "Async Capable": false, "Relation Name": "date_dim", "Alias": "date_dim_1", "Startup Cost": 0.0, "Total Cost": 1961.12, "Plan Rows": 426, "Plan Width": 8, "Actual Startup Time": 0.576, "Actual Total Time": 1.127, "Actual Rows": 182, "Actual Loops": 4, "Filter": "(d_year = ANY ('{2001,2002}'::integer[]))", "Rows Removed by Filter": 18080, "Workers": []}]}]}, {"Node Type": "Index Scan", "Parent Relationship": "Inner", "Parallel Aware": false, "Async Capable": false, "Scan Direction": "Forward", "Index Name": "customer_pkey", "Relation Name": "customer", "Alias": "customer_1", "Startup Cost": 0.29, "Total Cost": 0.33, "Plan Rows": 1, "Plan Width": 73, "Actual Startup Time": 0.0, "Actual Total Time": 0.0, "Actual Rows": 1, "Actual Loops": 289517, "Index Cond": "(c_customer_sk = web_sales.ws_bill_customer_sk)", "Rows Removed by Index Recheck": 0, "Workers": []}]}]}]}]}]}, {"Node Type": "Sort", "Parent Relationship": "Outer", "Parallel Aware": false, "Async Capable": false, "Startup Cost": 3751.82, "Total Cost": 3751.82, "Plan Rows": 1, "Plan Width": 276, "Actual Startup Time": 313708.567, "Actual Total Time": 313708.57, "Actual Rows": 90, "Actual Loops": 1, "Sort Key": ["t_s_secyear.customer_first_name", "t_s_secyear.customer_id", "t_s_secyear.customer_last_name"], "Sort Method": "quicksort", "Sort Space Used": 36, "Sort Space Type": "Memory", "Plans": [{"Node Type": "Nested Loop", "Parent Relationship": "Outer", "Parallel Aware": false, "Async Capable": false, "Join Type": "Inner", "Startup Cost": 0.0, "Total Cost": 3751.81, "Plan Rows": 1, "Plan Width": 276, "Actual Startup Time": 1123.97, "Actual Total Time": 313708.441, "Actual Rows": 90, "Actual Loops": 1, "Inner Unique": false, "Join Filter": "((t_s_secyear.customer_id = t_w_secyear.customer_id) AND (CASE WHEN (t_w_firstyear.year_total > '0'::numeric) THEN (t_w_secyear.year_total / t_w_firstyear.year_total) ELSE NULL::numeric END > CASE WHEN (t_s_firstyear.year_total > '0'::numeric) THEN (t_s_secyear.year_total / t_s_firstyear.year_total) ELSE NULL::numeric END))", "Rows Removed by Join Filter": 18666978, "Plans": [{"Node Type": "Nested Loop", "Parent Relationship": "Outer", "Parallel Aware": false, "Async Capable": false, "Join Type": "Inner", "Startup Cost": 0.0, "Total Cost": 2858.51, "Plan Rows": 1, "Plan Width": 508, "Actual Startup Time": 733.986, "Actual Total Time": 306309.852, "Actual Rows": 1659, "Actual Loops": 1, "Inner Unique": false, "Join Filter": "(t_s_secyear.customer_id = t_w_firstyear.customer_id)", "Rows Removed by Join Filter": 167121125, "Plans": [{"Node Type": "Nested Loop", "Parent Relationship": "Outer", "Parallel Aware": false, "Async Capable": false, "Join Type": "Inner", "Startup Cost": 0.0, "Total Cost": 1875.89, "Plan Rows": 1, "Plan Width": 408, "Actual Startup Time": 512.911, "Actual Total Time": 218982.719, "Actual Rows": 14467, "Actual Loops": 1, "Inner Unique": false, "Join Filter": "(t_s_firstyear.customer_id = t_s_secyear.customer_id)", "Rows Removed by Join Filter": 1447696058, "Plans": [{"Node Type": "CTE Scan", "Parent Relationship": "Outer", "Parallel Aware": false, "Async Capable": false, "CTE Name": "year_total", "Alias": "t_s_firstyear", "Startup Cost": 0.0, "Total Cost": 982.6, "Plan Rows": 1, "Plan Width": 100, "Actual Startup Time": 248.104, "Actual Total Time": 268.186, "Actual Rows": 37923, "Actual Loops": 1, "Filter": "((year_total > '0'::numeric) AND (sale_type = 's'::text) AND (year = 2001))", "Rows Removed by Filter": 60979}, {"Node Type": "CTE Scan", "Parent Relationship": "Inner", "Parallel Aware": false, "Async Capable": false, "CTE Name": "year_total", "Alias": "t_s_secyear", "Startup Cost": 0.0, "Total Cost": 893.28, "Plan Rows": 1, "Plan Width": 308, "Actual Startup Time": 0.0, "Actual Total Time": 4.796, "Actual Rows": 38175, "Actual Loops": 37923, "Filter": "((sale_type = 's'::text) AND (year = 2002))", "Rows Removed by Filter": 60727}]}, {"Node Type": "CTE Scan", "Parent Relationship": "Inner", "Parallel Aware": false, "Async Capable": false, "CTE Name": "year_total", "Alias": "t_w_firstyear", "Startup Cost": 0.0, "Total Cost": 982.6, "Plan Rows": 1, "Plan Width": 100, "Actual Startup Time": 4.14, "Actual Total Time": 5.739, "Actual Rows": 11552, "Actual Loops": 14467, "Filter": "((year_total > '0'::numeric) AND (sale_type = 'w'::text) AND (year = 2001))", "Rows Removed by Filter": 87350}]}, {"Node Type": "CTE Scan", "Parent Relationship": "Inner", "Parallel Aware": false, "Async Capable": false, "CTE Name": "year_total", "Alias": "t_w_secyear", "Startup Cost": 0.0, "Total Cost": 893.28, "Plan Rows": 1, "Plan Width": 100, "Actual Startup Time": 3.008, "Actual Total Time": 4.171, "Actual Rows": 11252, "Actual Loops": 1659, "Filter": "((sale_type = 'w'::text) AND (year = 2002))", "Rows Removed by Filter": 87650}]}]}]}, "Planning Time": 0.622, "Triggers": [], "Execution Time": 313710.932}