{"Plan": {"Node Type": "Limit", "Parallel Aware": false, "Async Capable": false, "Startup Cost": 284311.46, "Total Cost": 284311.46, "Plan Rows": 1, "Plan Width": 80, "Actual Startup Time": 643.155, "Actual Total Time": 645.705, "Actual Rows": 100, "Actual Loops": 1, "Plans": [{"Node Type": "Aggregate", "Strategy": "Sorted", "Partial Mode": "Simple", "Parent Relationship": "InitPlan", "Subplan Name": "CTE all_sales", "Parallel Aware": false, "Async Capable": false, "Startup Cost": 263281.53, "Total Cost": 282090.67, "Plan Rows": 48540, "Plan Width": 60, "Actual Startup Time": 528.401, "Actual Total Time": 644.711, "Actual Rows": 5101, "Actual Loops": 1, "Group Key": ["date_dim.d_year", "item.i_brand_id", "item.i_class_id", "item.i_category_id", "item.i_manufact_id"], "Plans": [{"Node Type": "Unique", "Parent Relationship": "Outer", "Parallel Aware": false, "Async Capable": false, "Startup Cost": 263281.53, "Total Cost": 272989.47, "Plan Rows": 485397, "Plan Width": 56, "Actual Startup Time": 528.363, "Actual Total Time": 613.254, "Actual Rows": 478903, "Actual Loops": 1, "Plans": [{"Node Type": "Sort", "Parent Relationship": "Outer", "Parallel Aware": false, "Async Capable": false, "Startup Cost": 263281.53, "Total Cost": 264495.02, "Plan Rows": 485397, "Plan Width": 56, "Actual Startup Time": 528.362, "Actual Total Time": 577.713, "Actual Rows": 480403, "Actual Loops": 1, "Sort Key": ["date_dim.d_year", "item.i_brand_id", "item.i_class_id", "item.i_category_id", "item.i_manufact_id", "((store_sales.ss_quantity - COALESCE(store_returns.sr_return_quantity, 0)))", "((store_sales.ss_ext_sales_price - COALESCE(store_returns.sr_return_amt, 0.0)))"], "Sort Method": "external merge", "Sort Space Used": 19160, "Sort Space Type": "Disk", "Plans": [{"Node Type": "Gather", "Parent Relationship": "Outer", "Parallel Aware": false, "Async Capable": false, "Startup Cost": 46390.74, "Total Cost": 200845.18, "Plan Rows": 485397, "Plan Width": 56, "Actual Startup Time": 122.601, "Actual Total Time": 371.462, "Actual Rows": 480403, "Actual Loops": 1, "Workers Planned": 2, "Workers Launched": 2, "Single Copy": false, "Plans": [{"Node Type": "Append", "Parent Relationship": "Outer", "Parallel Aware": true, "Async Capable": false, "Startup Cost": 45390.74, "Total Cost": 151305.48, "Plan Rows": 202249, "Plan Width": 56, "Actual Startup Time": 200.068, "Actual Total Time": 303.129, "Actual Rows": 160134, "Actual Loops": 3, "Workers": [], "Subplans Removed": 0, "Plans": [{"Node Type": "Hash Join", "Parent Relationship": "Member", "Parallel Aware": true, "Async Capable": false, "Join Type": "Right", "Startup Cost": 65656.92, "Total Cost": 73155.24, "Plan Rows": 115563, "Plan Width": 56, "Actual Startup Time": 181.266, "Actual Total Time": 230.077, "Actual Rows": 134724, "Actual Loops": 2, "Inner Unique": false, "Hash Cond": "((store_returns.sr_ticket_number = store_sales.ss_ticket_number) AND (store_returns.sr_item_sk = store_sales.ss_item_sk))", "Workers": [], "Plans": [{"Node Type": "Seq Scan", "Parent Relationship": "Outer", "Parallel Aware": true, "Async Capable": false, "Relation Name": "store_returns", "Alias": "store_returns", "Startup Cost": 0.0, "Total Cost": 6021.98, "Plan Rows": 119798, "Plan Width": 18, "Actual Startup Time": 0.003, "Actual Total Time": 5.826, "Actual Rows": 143757, "Actual Loops": 2, "Workers": []}, {"Node Type": "Hash", "Parent Relationship": "Inner", "Parallel Aware": true, "Async Capable": false, "Startup Cost": 64616.85, "Total Cost": 64616.85, "Plan Rows": 69338, "Plan Width": 38, "Actual Startup Time": 180.715, "Actual Total Time": 180.719, "Actual Rows": 134724, "Actual Loops": 2, "Hash Buckets": 524288, "Original Hash Buckets": 524288, "Hash Batches": 1, "Original Hash Batches": 1, "Peak Memory Usage": 23168, "Workers": [], "Plans": [{"Node Type": "Nested Loop", "Parent Relationship": "Outer", "Parallel Aware": false, "Async Capable": false, "Join Type": "Inner", "Startup Cost": 1429.39, "Total Cost": 64616.85, "Plan Rows": 69338, "Plan Width": 38, "Actual Startup Time": 2.057, "Actual Total Time": 156.788, "Actual Rows": 134724, "Actual Loops": 2, "Inner Unique": true, "Workers": [], "Plans": [{"Node Type": "Hash Join", "Parent Relationship": "Outer", "Parallel Aware": true, "Async Capable": false, "Join Type": "Inner", "Startup Cost": 1429.09, "Total Cost": 62313.87, "Plan Rows": 69338, "Plan Width": 38, "Actual Startup Time": 2.043, "Actual Total Time": 135.187, "Actual Rows": 141129, "Actual Loops": 2, "Inner Unique": true, "Hash Cond": "(store_sales.ss_item_sk = item.i_item_sk)", "Workers": [], "Plans": [{"Node Type": "Seq Scan", "Parent Relationship": "Outer", "Parallel Aware": true, "Async Capable": false, "Relation Name": "store_sales", "Alias": "store_sales", "Startup Cost": 0.0, "Total Cost": 58993.85, "Plan Rows": 720185, "Plan Width": 22, "Actual Startup Time": 0.005, "Actual Total Time": 54.476, "Actual Rows": 1440202, "Actual Loops": 2, "Workers": []}, {"Node Type": "Hash", "Parent Relationship": "Inner", "Parallel Aware": true, "Async Capable": false, "Startup Cost": 1416.35, "Total Cost": 1416.35, "Plan Rows": 1019, "Plan Width": 20, "Actual Startup Time": 1.907, "Actual Total Time": 1.908, "Actual Rows": 866, "Actual Loops": 2, "Hash Buckets": 2048, "Original Hash Buckets": 2048, "Hash Batches": 1, "Original Hash Batches": 1, "Peak Memory Usage": 112, "Workers": [], "Plans": [{"Node Type": "Seq Scan", "Parent Relationship": "Outer", "Parallel Aware": true, "Async Capable": false, "Relation Name": "item", "Alias": "item", "Startup Cost": 0.0, "Total Cost": 1416.35, "Plan Rows": 1019, "Plan Width": 20, "Actual Startup Time": 0.02, "Actual Total Time": 3.684, "Actual Rows": 1733, "Actual Loops": 1, "Filter": "(i_category = 'Books'::bpchar)", "Rows Removed by Filter": 16267, "Workers": []}]}]}, {"Node Type": "Memoize", "Parent Relationship": "Inner", "Parallel Aware": false, "Async Capable": false, "Startup Cost": 0.3, "Total Cost": 0.32, "Plan Rows": 1, "Plan Width": 8, "Actual Startup Time": 0.0, "Actual Total Time": 0.0, "Actual Rows": 1, "Actual Loops": 282258, "Cache Key": "store_sales.ss_sold_date_sk", "Cache Mode": "logical", "Cache Hits": 57624, "Cache Misses": 1824, "Cache Evictions": 0, "Cache Overflows": 0, "Peak Memory Usage": 193, "Workers": [{"Worker Number": 1, "Cache Hits": 220986, "Cache Misses": 1824, "Cache Evictions": 0, "Cache Overflows": 0, "Peak Memory Usage": 193}], "Plans": [{"Node Type": "Index Scan", "Parent Relationship": "Outer", "Parallel Aware": false, "Async Capable": false, "Scan Direction": "Forward", "Index Name": "date_dim_pkey", "Relation Name": "date_dim", "Alias": "date_dim", "Startup Cost": 0.29, "Total Cost": 0.31, "Plan Rows": 1, "Plan Width": 8, "Actual Startup Time": 0.001, "Actual Total Time": 0.001, "Actual Rows": 1, "Actual Loops": 3648, "Index Cond": "(d_date_sk = store_sales.ss_sold_date_sk)", "Rows Removed by Index Recheck": 0, "Workers": []}]}]}]}]}, {"Node Type": "Hash Join", "Parent Relationship": "Member", "Parallel Aware": true, "Async Capable": false, "Join Type": "Right", "Startup Cost": 45390.74, "Total Cost": 50177.98, "Plan Rows": 81638, "Plan Width": 56, "Actual Startup Time": 116.771, "Actual Total Time": 143.972, "Actual Rows": 70104, "Actual Loops": 2, "Inner Unique": false, "Hash Cond": "((catalog_returns.cr_order_number = catalog_sales.cs_order_number) AND (catalog_returns.cr_item_sk = catalog_sales.cs_item_sk))", "Workers": [], "Plans": [{"Node Type": "Seq Scan", "Parent Relationship": "Outer", "Parallel Aware": true, "Async Capable": false, "Relation Name": "catalog_returns", "Alias": "catalog_returns", "Startup Cost": 0.0, "Total Cost": 3743.45, "Plan Rows": 84745, "Plan Width": 18, "Actual Startup Time": 0.007, "Actual Total Time": 3.094, "Actual Rows": 72034, "Actual Loops": 2, "Workers": []}, {"Node Type": "Hash", "Parent Relationship": "Inner", "Parallel Aware": true, "Async Capable": false, "Startup Cost": 44870.3, "Total Cost": 44870.3, "Plan Rows": 34696, "Plan Width": 38, "Actual Startup Time": 115.998, "Actual Total Time": 116.001, "Actual Rows": 70104, "Actual Loops": 2, "Hash Buckets": 262144, "Original Hash Buckets": 262144, "Hash Batches": 1, "Original Hash Batches": 1, "Peak Memory Usage": 12000, "Workers": [], "Plans": [{"Node Type": "Nested Loop", "Parent Relationship": "Outer", "Parallel Aware": false, "Async Capable": false, "Join Type": "Inner", "Startup Cost": 1429.39, "Total Cost": 44870.3, "Plan Rows": 34696, "Plan Width": 38, "Actual Startup Time": 1.846, "Actual Total Time": 104.249, "Actual Rows": 70104, "Actual Loops": 2, "Inner Unique": true, "Workers": [], "Plans": [{"Node Type": "Hash Join", "Parent Relationship": "Outer", "Parallel Aware": true, "Async Capable": false, "Join Type": "Inner", "Startup Cost": 1429.09, "Total Cost": 43427.05, "Plan Rows": 34696, "Plan Width": 38, "Actual Startup Time": 1.831, "Actual Total Time": 94.193, "Actual Rows": 70439, "Actual Loops": 2, "Inner Unique": true, "Hash Cond": "(catalog_sales.cs_item_sk = item_1.i_item_sk)", "Workers": [], "Plans": [{"Node Type": "Seq Scan", "Parent Relationship": "Outer", "Parallel Aware": true, "Async Capable": false, "Relation Name": "catalog_sales", "Alias": "catalog_sales", "Startup Cost": 0.0, "Total Cost": 41051.75, "Plan Rows": 360375, "Plan Width": 22, "Actual Startup Time": 0.006, "Actual Total Time": 33.517, "Actual Rows": 720774, "Actual Loops": 2, "Workers": []}, {"Node Type": "Hash", "Parent Relationship": "Inner", "Parallel Aware": true, "Async Capable": false, "Startup Cost": 1416.35, "Total Cost": 1416.35, "Plan Rows": 1019, "Plan Width": 20, "Actual Startup Time": 1.815, "Actual Total Time": 1.816, "Actual Rows": 866, "Actual Loops": 2, "Hash Buckets": 2048, "Original Hash Buckets": 2048, "Hash Batches": 1, "Original Hash Batches": 1, "Peak Memory Usage": 112, "Workers": [], "Plans": [{"Node Type": "Seq Scan", "Parent Relationship": "Outer", "Parallel Aware": true, "Async Capable": false, "Relation Name": "item", "Alias": "item_1", "Startup Cost": 0.0, "Total Cost": 1416.35, "Plan Rows": 1019, "Plan Width": 20, "Actual Startup Time": 0.012, "Actual Total Time": 3.501, "Actual Rows": 1733, "Actual Loops": 1, "Filter": "(i_category = 'Books'::bpchar)", "Rows Removed by Filter": 16267, "Workers": []}]}]}, {"Node Type": "Memoize", "Parent Relationship": "Inner", "Parallel Aware": false, "Async Capable": false, "Startup Cost": 0.3, "Total Cost": 0.32, "Plan Rows": 1, "Plan Width": 8, "Actual Startup Time": 0.0, "Actual Total Time": 0.0, "Actual Rows": 1, "Actual Loops": 140878, "Cache Key": "catalog_sales.cs_sold_date_sk", "Cache Mode": "logical", "Cache Hits": 25409, "Cache Misses": 518, "Cache Evictions": 0, "Cache Overflows": 0, "Peak Memory Usage": 55, "Workers": [{"Worker Number": 0, "Cache Hits": 113240, "Cache Misses": 1711, "Cache Evictions": 0, "Cache Overflows": 0, "Peak Memory Usage": 181}], "Plans": [{"Node Type": "Index Scan", "Parent Relationship": "Outer", "Parallel Aware": false, "Async Capable": false, "Scan Direction": "Forward", "Index Name": "date_dim_pkey", "Relation Name": "date_dim", "Alias": "date_dim_1", "Startup Cost": 0.29, "Total Cost": 0.31, "Plan Rows": 1, "Plan Width": 8, "Actual Startup Time": 0.001, "Actual Total Time": 0.001, "Actual Rows": 1, "Actual Loops": 2229, "Index Cond": "(d_date_sk = catalog_sales.cs_sold_date_sk)", "Rows Removed by Index Recheck": 0, "Workers": []}]}]}]}]}, {"Node Type": "Hash Join", "Parent Relationship": "Member", "Parallel Aware": true, "Async Capable": false, "Join Type": "Right", "Startup Cost": 24658.56, "Total Cost": 26961.02, "Plan Rows": 40742, "Plan Width": 56, "Actual Startup Time": 122.253, "Actual Total Time": 143.353, "Actual Rows": 70745, "Actual Loops": 1, "Inner Unique": false, "Hash Cond": "((web_returns.wr_order_number = web_sales.ws_order_number) AND (web_returns.wr_item_sk = web_sales.ws_item_sk))", "Workers": [], "Plans": [{"Node Type": "Seq Scan", "Parent Relationship": "Outer", "Parallel Aware": true, "Async Capable": false, "Relation Name": "web_returns", "Alias": "web_returns", "Startup Cost": 0.0, "Total Cost": 1782.14, "Plan Rows": 42214, "Plan Width": 18, "Actual Startup Time": 0.011, "Actual Total Time": 2.821, "Actual Rows": 71763, "Actual Loops": 1, "Workers": []}, {"Node Type": "Hash", "Parent Relationship": "Inner", "Parallel Aware": true, "Async Capable": false, "Startup Cost": 24323.43, "Total Cost": 24323.43, "Plan Rows": 22342, "Plan Width": 38, "Actual Startup Time": 121.739, "Actual Total Time": 121.741, "Actual Rows": 70745, "Actual Loops": 1, "Hash Buckets": 131072, "Original Hash Buckets": 131072, "Hash Batches": 1, "Original Hash Batches": 1, "Peak Memory Usage": 6048, "Workers": [], "Plans": [{"Node Type": "Nested Loop", "Parent Relationship": "Outer", "Parallel Aware": false, "Async Capable": false, "Join Type": "Inner", "Startup Cost": 1429.39, "Total Cost": 24323.43, "Plan Rows": 22342, "Plan Width": 38, "Actual Startup Time": 6.487, "Actual Total Time": 109.694, "Actual Rows": 70745, "Actual Loops": 1, "Inner Unique": true, "Workers": [], "Plans": [{"Node Type": "Hash Join", "Parent Relationship": "Outer", "Parallel Aware": true, "Async Capable": false, "Join Type": "Inner", "Startup Cost": 1429.09, "Total Cost": 23182.98, "Plan Rows": 22342, "Plan Width": 38, "Actual Startup Time": 6.468, "Actual Total Time": 97.906, "Actual Rows": 70763, "Actual Loops": 1, "Inner Unique": true, "Hash Cond": "(web_sales.ws_item_sk = item_2.i_item_sk)", "Workers": [], "Plans": [{"Node Type": "Seq Scan", "Parent Relationship": "Outer", "Parallel Aware": true, "Async Capable": false, "Relation Name": "web_sales", "Alias": "web_sales", "Startup Cost": 0.0, "Total Cost": 21144.59, "Plan Rows": 232059, "Plan Width": 22, "Actual Startup Time": 0.007, "Actual Total Time": 31.154, "Actual Rows": 719384, "Actual Loops": 1, "Workers": []}, {"Node Type": "Hash", "Parent Relationship": "Inner", "Parallel Aware": true, "Async Capable": false, "Startup Cost": 1416.35, "Total Cost": 1416.35, "Plan Rows": 1019, "Plan Width": 20, "Actual Startup Time": 6.45, "Actual Total Time": 6.451, "Actual Rows": 1733, "Actual Loops": 1, "Hash Buckets": 2048, "Original Hash Buckets": 2048, "Hash Batches": 1, "Original Hash Batches": 1, "Peak Memory Usage": 112, "Workers": [], "Plans": [{"Node Type": "Seq Scan", "Parent Relationship": "Outer", "Parallel Aware": true, "Async Capable": false, "Relation Name": "item", "Alias": "item_2", "Startup Cost": 0.0, "Total Cost": 1416.35, "Plan Rows": 1019, "Plan Width": 20, "Actual Startup Time": 0.023, "Actual Total Time": 5.574, "Actual Rows": 1733, "Actual Loops": 1, "Filter": "(i_category = 'Books'::bpchar)", "Rows Removed by Filter": 16267, "Workers": []}]}]}, {"Node Type": "Memoize", "Parent Relationship": "Inner", "Parallel Aware": false, "Async Capable": false, "Startup Cost": 0.3, "Total Cost": 0.33, "Plan Rows": 1, "Plan Width": 8, "Actual Startup Time": 0.0, "Actual Total Time": 0.0, "Actual Rows": 1, "Actual Loops": 70763, "Cache Key": "web_sales.ws_sold_date_sk", "Cache Mode": "logical", "Cache Hits": 68939, "Cache Misses": 1824, "Cache Evictions": 0, "Cache Overflows": 0, "Peak Memory Usage": 193, "Workers": [], "Plans": [{"Node Type": "Index Scan", "Parent Relationship": "Outer", "Parallel Aware": false, "Async Capable": false, "Scan Direction": "Forward", "Index Name": "date_dim_pkey", "Relation Name": "date_dim", "Alias": "date_dim_2", "Startup Cost": 0.29, "Total Cost": 0.32, "Plan Rows": 1, "Plan Width": 8, "Actual Startup Time": 0.001, "Actual Total Time": 0.001, "Actual Rows": 1, "Actual Loops": 1824, "Index Cond": "(d_date_sk = web_sales.ws_sold_date_sk)", "Rows Removed by Index Recheck": 0, "Workers": []}]}]}]}]}]}]}]}]}]}, {"Node Type": "Sort", "Parent Relationship": "Outer", "Parallel Aware": false, "Async Capable": false, "Startup Cost": 2220.79, "Total Cost": 2220.8, "Plan Rows": 1, "Plan Width": 80, "Actual Startup Time": 643.154, "Actual Total Time": 643.157, "Actual Rows": 100, "Actual Loops": 1, "Sort Key": ["((curr_yr.sales_cnt - prev_yr.sales_cnt))", "((curr_yr.sales_amt - prev_yr.sales_amt))"], "Sort Method": "quicksort", "Sort Space Used": 45, "Sort Space Type": "Memory", "Plans": [{"Node Type": "Hash Join", "Parent Relationship": "Outer", "Parallel Aware": false, "Async Capable": false, "Join Type": "Inner", "Startup Cost": 1097.01, "Total Cost": 2220.78, "Plan Rows": 1, "Plan Width": 80, "Actual Startup Time": 642.934, "Actual Total Time": 643.124, "Actual Rows": 155, "Actual Loops": 1, "Inner Unique": false, "Hash Cond": "((curr_yr.i_brand_id = prev_yr.i_brand_id) AND (curr_yr.i_class_id = prev_yr.i_class_id) AND (curr_yr.i_category_id = prev_yr.i_category_id) AND (curr_yr.i_manufact_id = prev_yr.i_manufact_id))", "Join Filter": "(((curr_yr.sales_cnt)::numeric(17,2) / (prev_yr.sales_cnt)::numeric(17,2)) < 0.9)", "Rows Removed by Join Filter": 426, "Plans": [{"Node Type": "CTE Scan", "Parent Relationship": "Outer", "Parallel Aware": false, "Async Capable": false, "CTE Name": "all_sales", "Alias": "curr_yr", "Startup Cost": 0.0, "Total Cost": 1092.15, "Plan Rows": 243, "Plan Width": 60, "Actual Startup Time": 620.316, "Actual Total Time": 620.356, "Actual Rows": 858, "Actual Loops": 1, "Filter": "(d_year = 2002)", "Rows Removed by Filter": 4243}, {"Node Type": "Hash", "Parent Relationship": "Inner", "Parallel Aware": false, "Async Capable": false, "Startup Cost": 1092.15, "Total Cost": 1092.15, "Plan Rows": 243, "Plan Width": 60, "Actual Startup Time": 22.605, "Actual Total Time": 22.606, "Actual Rows": 881, "Actual Loops": 1, "Hash Buckets": 1024, "Original Hash Buckets": 1024, "Hash Batches": 1, "Original Hash Batches": 1, "Peak Memory Usage": 74, "Plans": [{"Node Type": "CTE Scan", "Parent Relationship": "Outer", "Parallel Aware": false, "Async Capable": false, "CTE Name": "all_sales", "Alias": "prev_yr", "Startup Cost": 0.0, "Total Cost": 1092.15, "Plan Rows": 243, "Plan Width": 60, "Actual Startup Time": 0.052, "Actual Total Time": 22.542, "Actual Rows": 883, "Actual Loops": 1, "Filter": "(d_year = 2001)", "Rows Removed by Filter": 4218}]}]}]}]}, "Planning Time": 1.238, "Triggers": [], "Execution Time": 647.228}