{"Plan": {"Node Type": "Limit", "Parallel Aware": false, "Async Capable": false, "Startup Cost": 131724.12, "Total Cost": 131781.26, "Plan Rows": 100, "Plan Width": 163, "Actual Startup Time": 85.5, "Actual Total Time": 93.385, "Actual Rows": 100, "Actual Loops": 1, "Plans": [{"Node Type": "Aggregate", "Strategy": "Sorted", "Partial Mode": "Finalize", "Parent Relationship": "Outer", "Parallel Aware": false, "Async Capable": false, "Startup Cost": 131724.12, "Total Cost": 139428.25, "Plan Rows": 13482, "Plan Width": 163, "Actual Startup Time": 85.498, "Actual Total Time": 93.379, "Actual Rows": 100, "Actual Loops": 1, "Group Key": ["('store'::text)", "('ss_store_sk'::text)", "date_dim.d_year", "date_dim.d_qoy", "item.i_category"], "Plans": [{"Node Type": "Gather Merge", "Parent Relationship": "Outer", "Parallel Aware": false, "Async Capable": false, "Startup Cost": 131724.12, "Total Cost": 138181.17, "Plan Rows": 53928, "Plan Width": 163, "Actual Startup Time": 85.489, "Actual Total Time": 93.311, "Actual Rows": 213, "Actual Loops": 1, "Workers Planned": 4, "Workers Launched": 4, "Plans": [{"Node Type": "Sort", "Parent Relationship": "Outer", "Parallel Aware": false, "Async Capable": false, "Startup Cost": 130724.06, "Total Cost": 130757.76, "Plan Rows": 13482, "Plan Width": 163, "Actual Startup Time": 83.315, "Actual Total Time": 83.326, "Actual Rows": 257, "Actual Loops": 5, "Sort Key": ["('store'::text) NULLS FIRST", "('ss_store_sk'::text) NULLS FIRST", "date_dim.d_year NULLS FIRST", "date_dim.d_qoy NULLS FIRST", "item.i_category NULLS FIRST"], "Sort Method": "quicksort", "Sort Space Used": 100, "Sort Space Type": "Memory", "Workers": [{"Worker Number": 0, "Sort Method": "quicksort", "Sort Space Used": 65, "Sort Space Type": "Memory"}, {"Worker Number": 1, "Sort Method": "quicksort", "Sort Space Used": 64, "Sort Space Type": "Memory"}, {"Worker Number": 2, "Sort Method": "quicksort", "Sort Space Used": 101, "Sort Space Type": "Memory"}, {"Worker Number": 3, "Sort Method": "quicksort", "Sort Space Used": 99, "Sort Space Type": "Memory"}], "Plans": [{"Node Type": "Aggregate", "Strategy": "Hashed", "Partial Mode": "Partial", "Parent Relationship": "Outer", "Parallel Aware": false, "Async Capable": false, "Startup Cost": 129630.75, "Total Cost": 129799.28, "Plan Rows": 13482, "Plan Width": 163, "Actual Startup Time": 82.936, "Actual Total Time": 83.029, "Actual Rows": 341, "Actual Loops": 5, "Group Key": ["('store'::text)", "('ss_store_sk'::text)", "date_dim.d_year", "date_dim.d_qoy", "item.i_category"], "Planned Partitions": 0, "HashAgg Batches": 1, "Peak Memory Usage": 657, "Disk Usage": 0, "Workers": [{"Worker Number": 0, "HashAgg Batches": 1, "Peak Memory Usage": 529, "Disk Usage": 0}, {"Worker Number": 1, "HashAgg Batches": 1, "Peak Memory Usage": 529, "Disk Usage": 0}, {"Worker Number": 2, "HashAgg Batches": 1, "Peak Memory Usage": 657, "Disk Usage": 0}, {"Worker Number": 3, "HashAgg Batches": 1, "Peak Memory Usage": 657, "Disk Usage": 0}], "Plans": [{"Node Type": "Append", "Parent Relationship": "Outer", "Parallel Aware": true, "Async Capable": false, "Startup Cost": 0.58, "Total Cost": 129040.9, "Plan Rows": 33706, "Plan Width": 129, "Actual Startup Time": 2.931, "Actual Total Time": 80.069, "Actual Rows": 13657, "Actual Loops": 5, "Workers": [], "Subplans Removed": 0, "Plans": [{"Node Type": "Nested Loop", "Parent Relationship": "Member", "Parallel Aware": false, "Async Capable": false, "Join Type": "Inner", "Startup Cost": 1522.53, "Total Cost": 62049.31, "Plan Rows": 31640, "Plan Width": 129, "Actual Startup Time": 1.701, "Actual Total Time": 39.879, "Actual Rows": 12925, "Actual Loops": 5, "Inner Unique": true, "Workers": [], "Plans": [{"Node Type": "Hash Join", "Parent Relationship": "Outer", "Parallel Aware": true, "Async Capable": false, "Join Type": "Inner", "Startup Cost": 1522.23, "Total Cost": 60599.16, "Plan Rows": 31640, "Plan Width": 61, "Actual Startup Time": 1.688, "Actual Total Time": 34.822, "Actual Rows": 26007, "Actual Loops": 5, "Inner Unique": true, "Hash Cond": "(store_sales.ss_item_sk = item.i_item_sk)", "Workers": [], "Plans": [{"Node Type": "Seq Scan", "Parent Relationship": "Outer", "Parallel Aware": true, "Async Capable": false, "Relation Name": "store_sales", "Alias": "store_sales", "Startup Cost": 0.0, "Total Cost": 58993.85, "Plan Rows": 31640, "Plan Width": 14, "Actual Startup Time": 0.01, "Actual Total Time": 28.429, "Actual Rows": 26007, "Actual Loops": 5, "Filter": "(ss_store_sk IS NULL)", "Rows Removed by Filter": 550074, "Workers": []}, {"Node Type": "Hash", "Parent Relationship": "Inner", "Parallel Aware": true, "Async Capable": false, "Startup Cost": 1389.88, "Total Cost": 1389.88, "Plan Rows": 10588, "Plan Width": 55, "Actual Startup Time": 1.629, "Actual Total Time": 1.63, "Actual Rows": 3600, "Actual Loops": 5, "Hash Buckets": 32768, "Original Hash Buckets": 32768, "Hash Batches": 1, "Original Hash Batches": 1, "Peak Memory Usage": 1824, "Workers": [], "Plans": [{"Node Type": "Seq Scan", "Parent Relationship": "Outer", "Parallel Aware": true, "Async Capable": false, "Relation Name": "item", "Alias": "item", "Startup Cost": 0.0, "Total Cost": 1389.88, "Plan Rows": 10588, "Plan Width": 55, "Actual Startup Time": 0.004, "Actual Total Time": 2.823, "Actual Rows": 9000, "Actual Loops": 2, "Workers": []}]}]}, {"Node Type": "Memoize", "Parent Relationship": "Inner", "Parallel Aware": false, "Async Capable": false, "Startup Cost": 0.3, "Total Cost": 0.37, "Plan Rows": 1, "Plan Width": 12, "Actual Startup Time": 0.0, "Actual Total Time": 0.0, "Actual Rows": 0, "Actual Loops": 130034, "Cache Key": "store_sales.ss_sold_date_sk", "Cache Mode": "logical", "Cache Hits": 8392, "Cache Misses": 1519, "Cache Evictions": 0, "Cache Overflows": 0, "Peak Memory Usage": 167, "Workers": [{"Worker Number": 0, "Cache Hits": 49305, "Cache Misses": 1824, "Cache Evictions": 0, "Cache Overflows": 0, "Peak Memory Usage": 200}, {"Worker Number": 1, "Cache Hits": 47195, "Cache Misses": 1823, "Cache Evictions": 0, "Cache Overflows": 0, "Peak Memory Usage": 200}, {"Worker Number": 2, "Cache Hits": 8543, "Cache Misses": 1539, "Cache Evictions": 0, "Cache Overflows": 0, "Peak Memory Usage": 169}, {"Worker Number": 3, "Cache Hits": 8333, "Cache Misses": 1561, "Cache Evictions": 0, "Cache Overflows": 0, "Peak Memory Usage": 171}], "Plans": [{"Node Type": "Index Scan", "Parent Relationship": "Outer", "Parallel Aware": false, "Async Capable": false, "Scan Direction": "Forward", "Index Name": "date_dim_pkey", "Relation Name": "date_dim", "Alias": "date_dim", "Startup Cost": 0.29, "Total Cost": 0.36, "Plan Rows": 1, "Plan Width": 12, "Actual Startup Time": 0.001, "Actual Total Time": 0.001, "Actual Rows": 1, "Actual Loops": 8266, "Index Cond": "(d_date_sk = store_sales.ss_sold_date_sk)", "Rows Removed by Index Recheck": 0, "Workers": []}]}]}, {"Node Type": "Nested Loop", "Parent Relationship": "Member", "Parallel Aware": false, "Async Capable": false, "Join Type": "Inner", "Startup Cost": 1522.53, "Total Cost": 44662.85, "Plan Rows": 1994, "Plan Width": 129, "Actual Startup Time": 1.567, "Actual Total Time": 44.089, "Actual Rows": 1192, "Actual Loops": 3, "Inner Unique": true, "Workers": [], "Plans": [{"Node Type": "Hash Join", "Parent Relationship": "Outer", "Parallel Aware": true, "Async Capable": false, "Join Type": "Inner", "Startup Cost": 1522.23, "Total Cost": 42579.22, "Plan Rows": 1994, "Plan Width": 61, "Actual Startup Time": 1.552, "Actual Total Time": 43.236, "Actual Rows": 2388, "Actual Loops": 3, "Inner Unique": true, "Hash Cond": "(catalog_sales.cs_item_sk = item_1.i_item_sk)", "Workers": [], "Plans": [{"Node Type": "Seq Scan", "Parent Relationship": "Outer", "Parallel Aware": true, "Async Capable": false, "Relation Name": "catalog_sales", "Alias": "catalog_sales", "Startup Cost": 0.0, "Total Cost": 41051.75, "Plan Rows": 1994, "Plan Width": 14, "Actual Startup Time": 0.013, "Actual Total Time": 40.693, "Actual Rows": 2388, "Actual Loops": 3, "Filter": "(cs_ship_addr_sk IS NULL)", "Rows Removed by Filter": 478128, "Workers": []}, {"Node Type": "Hash", "Parent Relationship": "Inner", "Parallel Aware": true, "Async Capable": false, "Startup Cost": 1389.88, "Total Cost": 1389.88, "Plan Rows": 10588, "Plan Width": 55, "Actual Startup Time": 1.46, "Actual Total Time": 1.46, "Actual Rows": 6000, "Actual Loops": 3, "Hash Buckets": 32768, "Original Hash Buckets": 32768, "Hash Batches": 1, "Original Hash Batches": 1, "Peak Memory Usage": 1824, "Workers": [], "Plans": [{"Node Type": "Seq Scan", "Parent Relationship": "Outer", "Parallel Aware": true, "Async Capable": false, "Relation Name": "item", "Alias": "item_1", "Startup Cost": 0.0, "Total Cost": 1389.88, "Plan Rows": 10588, "Plan Width": 55, "Actual Startup Time": 0.004, "Actual Total Time": 2.704, "Actual Rows": 18000, "Actual Loops": 1, "Workers": []}]}]}, {"Node Type": "Memoize", "Parent Relationship": "Inner", "Parallel Aware": false, "Async Capable": false, "Startup Cost": 0.3, "Total Cost": 1.14, "Plan Rows": 1, "Plan Width": 12, "Actual Startup Time": 0.0, "Actual Total Time": 0.0, "Actual Rows": 0, "Actual Loops": 7165, "Cache Key": "catalog_sales.cs_sold_date_sk", "Cache Mode": "logical", "Cache Hits": 1413, "Cache Misses": 491, "Cache Evictions": 0, "Cache Overflows": 0, "Peak Memory Usage": 54, "Workers": [{"Worker Number": 2, "Cache Hits": 2564, "Cache Misses": 789, "Cache Evictions": 0, "Cache Overflows": 0, "Peak Memory Usage": 87}, {"Worker Number": 3, "Cache Hits": 1426, "Cache Misses": 482, "Cache Evictions": 0, "Cache Overflows": 0, "Peak Memory Usage": 53}], "Plans": [{"Node Type": "Index Scan", "Parent Relationship": "Outer", "Parallel Aware": false, "Async Capable": false, "Scan Direction": "Forward", "Index Name": "date_dim_pkey", "Relation Name": "date_dim", "Alias": "date_dim_1", "Startup Cost": 0.29, "Total Cost": 1.13, "Plan Rows": 1, "Plan Width": 12, "Actual Startup Time": 0.001, "Actual Total Time": 0.001, "Actual Rows": 1, "Actual Loops": 1762, "Index Cond": "(d_date_sk = catalog_sales.cs_sold_date_sk)", "Rows Removed by Index Recheck": 0, "Workers": []}]}]}, {"Node Type": "Nested Loop", "Parent Relationship": "Member", "Parallel Aware": false, "Async Capable": false, "Join Type": "Inner", "Startup Cost": 0.58, "Total Cost": 22160.21, "Plan Rows": 93, "Plan Width": 129, "Actual Startup Time": 0.826, "Actual Total Time": 32.987, "Actual Rows": 42, "Actual Loops": 2, "Inner Unique": true, "Workers": [], "Plans": [{"Node Type": "Nested Loop", "Parent Relationship": "Outer", "Parallel Aware": false, "Async Capable": false, "Join Type": "Inner", "Startup Cost": 0.29, "Total Cost": 21574.67, "Plan Rows": 93, "Plan Width": 61, "Actual Startup Time": 0.476, "Actual Total Time": 32.907, "Actual Rows": 86, "Actual Loops": 2, "Inner Unique": true, "Workers": [], "Plans": [{"Node Type": "Seq Scan", "Parent Relationship": "Outer", "Parallel Aware": true, "Async Capable": false, "Relation Name": "web_sales", "Alias": "web_sales", "Startup Cost": 0.0, "Total Cost": 21144.59, "Plan Rows": 93, "Plan Width": 14, "Actual Startup Time": 0.456, "Actual Total Time": 32.503, "Actual Rows": 86, "Actual Loops": 2, "Filter": "(ws_ship_customer_sk IS NULL)", "Rows Removed by Filter": 359606, "Workers": []}, {"Node Type": "Index Scan", "Parent Relationship": "Inner", "Parallel Aware": false, "Async Capable": false, "Scan Direction": "Forward", "Index Name": "item_pkey", "Relation Name": "item", "Alias": "item_2", "Startup Cost": 0.29, "Total Cost": 4.62, "Plan Rows": 1, "Plan Width": 55, "Actual Startup Time": 0.004, "Actual Total Time": 0.004, "Actual Rows": 1, "Actual Loops": 173, "Index Cond": "(i_item_sk = web_sales.ws_item_sk)", "Rows Removed by Index Recheck": 0, "Workers": []}]}, {"Node Type": "Index Scan", "Parent Relationship": "Inner", "Parallel Aware": false, "Async Capable": false, "Scan Direction": "Forward", "Index Name": "date_dim_pkey", "Relation Name": "date_dim", "Alias": "date_dim_2", "Startup Cost": 0.29, "Total Cost": 6.3, "Plan Rows": 1, "Plan Width": 12, "Actual Startup Time": 0.001, "Actual Total Time": 0.001, "Actual Rows": 0, "Actual Loops": 173, "Index Cond": "(d_date_sk = web_sales.ws_sold_date_sk)", "Rows Removed by Index Recheck": 0, "Workers": []}]}]}]}]}]}]}]}, "Planning Time": 0.822, "Triggers": [], "Execution Time": 93.646}