{"Plan": {"Node Type": "Limit", "Parallel Aware": false, "Async Capable": false, "Startup Cost": 155113.91, "Total Cost": 155114.16, "Plan Rows": 100, "Plan Width": 132, "Actual Startup Time": 148.039, "Actual Total Time": 148.394, "Actual Rows": 44, "Actual Loops": 1, "Plans": [{"Node Type": "Sort", "Parent Relationship": "Outer", "Parallel Aware": false, "Async Capable": false, "Startup Cost": 155113.91, "Total Cost": 155114.59, "Plan Rows": 273, "Plan Width": 132, "Actual Startup Time": 148.038, "Actual Total Time": 148.39, "Actual Rows": 44, "Actual Loops": 1, "Sort Key": ["('store channel'::text) NULLS FIRST", "store.s_store_sk NULLS FIRST", "(sum((COALESCE((sum(store_returns.sr_return_amt)), '0'::numeric)))) DESC"], "Sort Method": "quicksort", "Sort Space Used": 28, "Sort Space Type": "Memory", "Plans": [{"Node Type": "Aggregate", "Strategy": "Mixed", "Partial Mode": "Simple", "Parent Relationship": "Outer", "Parallel Aware": false, "Async Capable": false, "Startup Cost": 73383.67, "Total Cost": 155103.48, "Plan Rows": 273, "Plan Width": 132, "Actual Startup Time": 147.997, "Actual Total Time": 148.361, "Actual Rows": 44, "Actual Loops": 1, "Grouping Sets": [{"Hash Keys": [["('store channel'::text)", "store.s_store_sk"]]}, {"Hash Keys": [["('store channel'::text)"]]}, {"Group Keys": [[]]}], "Planned Partitions": 0, "HashAgg Batches": 1, "Peak Memory Usage": 120, "Disk Usage": 0, "Plans": [{"Node Type": "Append", "Parent Relationship": "Outer", "Parallel Aware": false, "Async Capable": false, "Startup Cost": 73383.67, "Total Cost": 155094.62, "Plan Rows": 136, "Plan Width": 132, "Actual Startup Time": 65.131, "Actual Total Time": 148.297, "Actual Rows": 56, "Actual Loops": 1, "Subplans Removed": 0, "Plans": [{"Node Type": "Merge Join", "Parent Relationship": "Member", "Parallel Aware": false, "Async Capable": false, "Join Type": "Left", "Startup Cost": 73383.67, "Total Cost": 73432.84, "Plan Rows": 40, "Plan Width": 132, "Actual Startup Time": 65.13, "Actual Total Time": 67.048, "Actual Rows": 6, "Actual Loops": 1, "Inner Unique": true, "Merge Cond": "(store.s_store_sk = store_1.s_store_sk)", "Plans": [{"Node Type": "Aggregate", "Strategy": "Sorted", "Partial Mode": "Finalize", "Parent Relationship": "Outer", "Parallel Aware": false, "Async Capable": false, "Startup Cost": 63976.88, "Total Cost": 64005.87, "Plan Rows": 40, "Plan Width": 68, "Actual Startup Time": 54.538, "Actual Total Time": 55.744, "Actual Rows": 6, "Actual Loops": 1, "Group Key": ["store.s_store_sk"], "Plans": [{"Node Type": "Gather Merge", "Parent Relationship": "Outer", "Parallel Aware": false, "Async Capable": false, "Startup Cost": 63976.88, "Total Cost": 64003.27, "Plan Rows": 160, "Plan Width": 68, "Actual Startup Time": 54.223, "Actual Total Time": 55.723, "Actual Rows": 30, "Actual Loops": 1, "Workers Planned": 4, "Workers Launched": 4, "Plans": [{"Node Type": "Aggregate", "Strategy": "Sorted", "Partial Mode": "Partial", "Parent Relationship": "Outer", "Parallel Aware": false, "Async Capable": false, "Startup Cost": 62976.83, "Total Cost": 62984.16, "Plan Rows": 40, "Plan Width": 68, "Actual Startup Time": 51.129, "Actual Total Time": 52.514, "Actual Rows": 6, "Actual Loops": 5, "Group Key": ["store.s_store_sk"], "Workers": [], "Plans": [{"Node Type": "Merge Join", "Parent Relationship": "Outer", "Parallel Aware": false, "Async Capable": false, "Join Type": "Inner", "Startup Cost": 62976.83, "Total Cost": 62981.34, "Plan Rows": 296, "Plan Width": 16, "Actual Startup Time": 50.808, "Actual Total Time": 51.869, "Actual Rows": 12377, "Actual Loops": 5, "Inner Unique": true, "Merge Cond": "(store_sales.ss_store_sk = store.s_store_sk)", "Workers": [], "Plans": [{"Node Type": "Sort", "Parent Relationship": "Outer", "Parallel Aware": false, "Async Capable": false, "Startup Cost": 62965.36, "Total Cost": 62966.1, "Plan Rows": 296, "Plan Width": 16, "Actual Startup Time": 50.778, "Actual Total Time": 51.117, "Actual Rows": 12378, "Actual Loops": 5, "Sort Key": ["store_sales.ss_store_sk"], "Sort Method": "quicksort", "Sort Space Used": 953, "Sort Space Type": "Memory", "Workers": [{"Worker Number": 0, "Sort Method": "quicksort", "Sort Space Used": 973, "Sort Space Type": "Memory"}, {"Worker Number": 1, "Sort Method": "quicksort", "Sort Space Used": 987, "Sort Space Type": "Memory"}, {"Worker Number": 2, "Sort Method": "quicksort", "Sort Space Used": 942, "Sort Space Type": "Memory"}, {"Worker Number": 3, "Sort Method": "quicksort", "Sort Space Used": 957, "Sort Space Type": "Memory"}], "Plans": [{"Node Type": "Hash Join", "Parent Relationship": "Outer", "Parallel Aware": true, "Async Capable": false, "Join Type": "Inner", "Startup Cost": 2068.78, "Total Cost": 62953.21, "Plan Rows": 296, "Plan Width": 16, "Actual Startup Time": 1.061, "Actual Total Time": 49.921, "Actual Rows": 12668, "Actual Loops": 5, "Inner Unique": true, "Hash Cond": "(store_sales.ss_sold_date_sk = date_dim.d_date_sk)", "Workers": [], "Plans": [{"Node Type": "Seq Scan", "Parent Relationship": "Outer", "Parallel Aware": true, "Async Capable": false, "Relation Name": "store_sales", "Alias": "store_sales", "Startup Cost": 0.0, "Total Cost": 58993.85, "Plan Rows": 720185, "Plan Width": 20, "Actual Startup Time": 0.007, "Actual Total Time": 25.164, "Actual Rows": 576081, "Actual Loops": 5, "Workers": []}, {"Node Type": "Hash", "Parent Relationship": "Inner", "Parallel Aware": true, "Async Capable": false, "Startup Cost": 2068.55, "Total Cost": 2068.55, "Plan Rows": 18, "Plan Width": 4, "Actual Startup Time": 0.958, "Actual Total Time": 0.959, "Actual Rows": 6, "Actual Loops": 5, "Hash Buckets": 1024, "Original Hash Buckets": 1024, "Hash Batches": 1, "Original Hash Batches": 1, "Peak Memory Usage": 72, "Workers": [], "Plans": [{"Node Type": "Seq Scan", "Parent Relationship": "Outer", "Parallel Aware": true, "Async Capable": false, "Relation Name": "date_dim", "Alias": "date_dim", "Startup Cost": 0.0, "Total Cost": 2068.55, "Plan Rows": 18, "Plan Width": 4, "Actual Startup Time": 0.716, "Actual Total Time": 0.936, "Actual Rows": 6, "Actual Loops": 5, "Filter": "((d_date >= '2000-08-23'::date) AND (d_date <= '2000-09-22'::date))", "Rows Removed by Filter": 14604, "Workers": []}]}]}]}, {"Node Type": "Sort", "Parent Relationship": "Inner", "Parallel Aware": false, "Async Capable": false, "Startup Cost": 11.46, "Total Cost": 11.56, "Plan Rows": 40, "Plan Width": 4, "Actual Startup Time": 0.026, "Actual Total Time": 0.027, "Actual Rows": 10, "Actual Loops": 5, "Sort Key": ["store.s_store_sk"], "Sort Method": "quicksort", "Sort Space Used": 25, "Sort Space Type": "Memory", "Workers": [{"Worker Number": 0, "Sort Method": "quicksort", "Sort Space Used": 25, "Sort Space Type": "Memory"}, {"Worker Number": 1, "Sort Method": "quicksort", "Sort Space Used": 25, "Sort Space Type": "Memory"}, {"Worker Number": 2, "Sort Method": "quicksort", "Sort Space Used": 25, "Sort Space Type": "Memory"}, {"Worker Number": 3, "Sort Method": "quicksort", "Sort Space Used": 25, "Sort Space Type": "Memory"}], "Plans": [{"Node Type": "Seq Scan", "Parent Relationship": "Outer", "Parallel Aware": false, "Async Capable": false, "Relation Name": "store", "Alias": "store", "Startup Cost": 0.0, "Total Cost": 10.4, "Plan Rows": 40, "Plan Width": 4, "Actual Startup Time": 0.02, "Actual Total Time": 0.021, "Actual Rows": 12, "Actual Loops": 5, "Workers": []}]}]}]}]}]}, {"Node Type": "Aggregate", "Strategy": "Sorted", "Partial Mode": "Simple", "Parent Relationship": "Inner", "Parallel Aware": false, "Async Capable": false, "Startup Cost": 9406.79, "Total Cost": 9425.86, "Plan Rows": 40, "Plan Width": 68, "Actual Startup Time": 10.587, "Actual Total Time": 11.295, "Actual Rows": 6, "Actual Loops": 1, "Group Key": ["store_1.s_store_sk"], "Plans": [{"Node Type": "Nested Loop", "Parent Relationship": "Outer", "Parallel Aware": false, "Async Capable": false, "Join Type": "Inner", "Startup Cost": 9406.79, "Total Cost": 9424.38, "Plan Rows": 118, "Plan Width": 16, "Actual Startup Time": 10.408, "Actual Total Time": 11.101, "Actual Rows": 3307, "Actual Loops": 1, "Inner Unique": true, "Plans": [{"Node Type": "Gather Merge", "Parent Relationship": "Outer", "Parallel Aware": false, "Async Capable": false, "Startup Cost": 9406.64, "Total Cost": 9420.38, "Plan Rows": 118, "Plan Width": 16, "Actual Startup Time": 10.365, "Actual Total Time": 10.626, "Actual Rows": 3354, "Actual Loops": 1, "Workers Planned": 2, "Workers Launched": 2, "Plans": [{"Node Type": "Sort", "Parent Relationship": "Outer", "Parallel Aware": false, "Async Capable": false, "Startup Cost": 8406.62, "Total Cost": 8406.74, "Plan Rows": 49, "Plan Width": 16, "Actual Startup Time": 8.979, "Actual Total Time": 9.013, "Actual Rows": 1118, "Actual Loops": 3, "Sort Key": ["store_returns.sr_store_sk"], "Sort Method": "quicksort", "Sort Space Used": 100, "Sort Space Type": "Memory", "Workers": [{"Worker Number": 0, "Sort Method": "quicksort", "Sort Space Used": 100, "Sort Space Type": "Memory"}, {"Worker Number": 1, "Sort Method": "quicksort", "Sort Space Used": 100, "Sort Space Type": "Memory"}], "Plans": [{"Node Type": "Hash Join", "Parent Relationship": "Outer", "Parallel Aware": true, "Async Capable": false, "Join Type": "Inner", "Startup Cost": 2068.78, "Total Cost": 8405.24, "Plan Rows": 49, "Plan Width": 16, "Actual Startup Time": 1.376, "Actual Total Time": 8.852, "Actual Rows": 1118, "Actual Loops": 3, "Inner Unique": true, "Hash Cond": "(store_returns.sr_returned_date_sk = date_dim_1.d_date_sk)", "Workers": [], "Plans": [{"Node Type": "Seq Scan", "Parent Relationship": "Outer", "Parallel Aware": true, "Async Capable": false, "Relation Name": "store_returns", "Alias": "store_returns", "Startup Cost": 0.0, "Total Cost": 6021.98, "Plan Rows": 119798, "Plan Width": 20, "Actual Startup Time": 0.007, "Actual Total Time": 4.028, "Actual Rows": 95838, "Actual Loops": 3, "Workers": []}, {"Node Type": "Hash", "Parent Relationship": "Inner", "Parallel Aware": true, "Async Capable": false, "Startup Cost": 2068.55, "Total Cost": 2068.55, "Plan Rows": 18, "Plan Width": 4, "Actual Startup Time": 1.261, "Actual Total Time": 1.261, "Actual Rows": 10, "Actual Loops": 3, "Hash Buckets": 1024, "Original Hash Buckets": 1024, "Hash Batches": 1, "Original Hash Batches": 1, "Peak Memory Usage": 72, "Workers": [], "Plans": [{"Node Type": "Seq Scan", "Parent Relationship": "Outer", "Parallel Aware": true, "Async Capable": false, "Relation Name": "date_dim", "Alias": "date_dim_1", "Startup Cost": 0.0, "Total Cost": 2068.55, "Plan Rows": 18, "Plan Width": 4, "Actual Startup Time": 0.819, "Actual Total Time": 1.243, "Actual Rows": 10, "Actual Loops": 3, "Filter": "((d_date >= '2000-08-23'::date) AND (d_date <= '2000-09-22'::date))", "Rows Removed by Filter": 24339, "Workers": []}]}]}]}]}, {"Node Type": "Memoize", "Parent Relationship": "Inner", "Parallel Aware": false, "Async Capable": false, "Startup Cost": 0.15, "Total Cost": 0.17, "Plan Rows": 1, "Plan Width": 4, "Actual Startup Time": 0.0, "Actual Total Time": 0.0, "Actual Rows": 1, "Actual Loops": 3354, "Cache Key": "store_returns.sr_store_sk", "Cache Mode": "logical", "Cache Hits": 3347, "Cache Misses": 7, "Cache Evictions": 0, "Cache Overflows": 0, "Peak Memory Usage": 1, "Plans": [{"Node Type": "Index Only Scan", "Parent Relationship": "Outer", "Parallel Aware": false, "Async Capable": false, "Scan Direction": "Forward", "Index Name": "store_pkey", "Relation Name": "store", "Alias": "store_1", "Startup Cost": 0.14, "Total Cost": 0.16, "Plan Rows": 1, "Plan Width": 4, "Actual Startup Time": 0.005, "Actual Total Time": 0.005, "Actual Rows": 1, "Actual Loops": 7, "Index Cond": "(s_store_sk = store_returns.sr_store_sk)", "Rows Removed by Index Recheck": 0, "Heap Fetches": 6}]}]}]}]}, {"Node Type": "Nested Loop", "Parent Relationship": "Member", "Parallel Aware": false, "Async Capable": false, "Join Type": "Inner", "Startup Cost": 52107.56, "Total Cost": 52114.28, "Plan Rows": 36, "Plan Width": 132, "Actual Startup Time": 46.922, "Actual Total Time": 47.271, "Actual Rows": 20, "Actual Loops": 1, "Inner Unique": false, "Plans": [{"Node Type": "Aggregate", "Strategy": "Sorted", "Partial Mode": "Finalize", "Parent Relationship": "Outer", "Parallel Aware": false, "Async Capable": false, "Startup Cost": 45071.96, "Total Cost": 45076.78, "Plan Rows": 6, "Plan Width": 68, "Actual Startup Time": 37.783, "Actual Total Time": 38.044, "Actual Rows": 4, "Actual Loops": 1, "Group Key": ["catalog_sales.cs_call_center_sk"], "Plans": [{"Node Type": "Gather Merge", "Parent Relationship": "Outer", "Parallel Aware": false, "Async Capable": false, "Startup Cost": 45071.96, "Total Cost": 45076.39, "Plan Rows": 24, "Plan Width": 68, "Actual Startup Time": 37.599, "Actual Total Time": 38.027, "Actual Rows": 20, "Actual Loops": 1, "Workers Planned": 4, "Workers Launched": 4, "Plans": [{"Node Type": "Aggregate", "Strategy": "Sorted", "Partial Mode": "Partial", "Parent Relationship": "Outer", "Parallel Aware": false, "Async Capable": false, "Startup Cost": 44071.9, "Total Cost": 44073.47, "Plan Rows": 6, "Plan Width": 68, "Actual Startup Time": 35.668, "Actual Total Time": 36.024, "Actual Rows": 4, "Actual Loops": 5, "Group Key": ["catalog_sales.cs_call_center_sk"], "Workers": [], "Plans": [{"Node Type": "Sort", "Parent Relationship": "Outer", "Parallel Aware": false, "Async Capable": false, "Startup Cost": 44071.9, "Total Cost": 44072.27, "Plan Rows": 148, "Plan Width": 16, "Actual Startup Time": 35.454, "Actual Total Time": 35.626, "Actual Rows": 6329, "Actual Loops": 5, "Sort Key": ["catalog_sales.cs_call_center_sk"], "Sort Method": "quicksort", "Sort Space Used": 475, "Sort Space Type": "Memory", "Workers": [{"Worker Number": 0, "Sort Method": "quicksort", "Sort Space Used": 475, "Sort Space Type": "Memory"}, {"Worker Number": 1, "Sort Method": "quicksort", "Sort Space Used": 475, "Sort Space Type": "Memory"}, {"Worker Number": 2, "Sort Method": "quicksort", "Sort Space Used": 475, "Sort Space Type": "Memory"}, {"Worker Number": 3, "Sort Method": "quicksort", "Sort Space Used": 521, "Sort Space Type": "Memory"}], "Plans": [{"Node Type": "Hash Join", "Parent Relationship": "Outer", "Parallel Aware": true, "Async Capable": false, "Join Type": "Inner", "Startup Cost": 2068.78, "Total Cost": 44066.57, "Plan Rows": 148, "Plan Width": 16, "Actual Startup Time": 17.451, "Actual Total Time": 35.053, "Actual Rows": 6329, "Actual Loops": 5, "Inner Unique": true, "Hash Cond": "(catalog_sales.cs_sold_date_sk = date_dim_2.d_date_sk)", "Workers": [], "Plans": [{"Node Type": "Seq Scan", "Parent Relationship": "Outer", "Parallel Aware": true, "Async Capable": false, "Relation Name": "catalog_sales", "Alias": "catalog_sales", "Startup Cost": 0.0, "Total Cost": 41051.75, "Plan Rows": 360375, "Plan Width": 20, "Actual Startup Time": 0.003, "Actual Total Time": 16.425, "Actual Rows": 288310, "Actual Loops": 5, "Workers": []}, {"Node Type": "Hash", "Parent Relationship": "Inner", "Parallel Aware": true, "Async Capable": false, "Startup Cost": 2068.55, "Total Cost": 2068.55, "Plan Rows": 18, "Plan Width": 4, "Actual Startup Time": 0.767, "Actual Total Time": 0.768, "Actual Rows": 6, "Actual Loops": 5, "Hash Buckets": 1024, "Original Hash Buckets": 1024, "Hash Batches": 1, "Original Hash Batches": 1, "Peak Memory Usage": 72, "Workers": [], "Plans": [{"Node Type": "Seq Scan", "Parent Relationship": "Outer", "Parallel Aware": true, "Async Capable": false, "Relation Name": "date_dim", "Alias": "date_dim_2", "Startup Cost": 0.0, "Total Cost": 2068.55, "Plan Rows": 18, "Plan Width": 4, "Actual Startup Time": 0.577, "Actual Total Time": 0.751, "Actual Rows": 6, "Actual Loops": 5, "Filter": "((d_date >= '2000-08-23'::date) AND (d_date <= '2000-09-22'::date))", "Rows Removed by Filter": 14604, "Workers": []}]}]}]}]}]}]}, {"Node Type": "Materialize", "Parent Relationship": "Inner", "Parallel Aware": false, "Async Capable": false, "Startup Cost": 7035.6, "Total Cost": 7036.97, "Plan Rows": 6, "Plan Width": 64, "Actual Startup Time": 2.284, "Actual Total Time": 2.305, "Actual Rows": 5, "Actual Loops": 4, "Plans": [{"Node Type": "Subquery Scan", "Parent Relationship": "Outer", "Parallel Aware": false, "Async Capable": false, "Alias": "cr", "Startup Cost": 7035.6, "Total Cost": 7036.94, "Plan Rows": 6, "Plan Width": 64, "Actual Startup Time": 9.132, "Actual Total Time": 9.214, "Actual Rows": 5, "Actual Loops": 1, "Plans": [{"Node Type": "Aggregate", "Strategy": "Sorted", "Partial Mode": "Finalize", "Parent Relationship": "Subquery", "Parallel Aware": false, "Async Capable": false, "Startup Cost": 7035.6, "Total Cost": 7036.88, "Plan Rows": 6, "Plan Width": 68, "Actual Startup Time": 9.131, "Actual Total Time": 9.212, "Actual Rows": 5, "Actual Loops": 1, "Group Key": ["catalog_returns.cr_call_center_sk"], "Plans": [{"Node Type": "Gather Merge", "Parent Relationship": "Outer", "Parallel Aware": false, "Async Capable": false, "Startup Cost": 7035.6, "Total Cost": 7036.72, "Plan Rows": 6, "Plan Width": 68, "Actual Startup Time": 9.099, "Actual Total Time": 9.203, "Actual Rows": 10, "Actual Loops": 1, "Workers Planned": 1, "Workers Launched": 1, "Plans": [{"Node Type": "Aggregate", "Strategy": "Sorted", "Partial Mode": "Partial", "Parent Relationship": "Outer", "Parallel Aware": false, "Async Capable": false, "Startup Cost": 6035.59, "Total Cost": 6036.03, "Plan Rows": 6, "Plan Width": 68, "Actual Startup Time": 8.068, "Actual Total Time": 8.116, "Actual Rows": 5, "Actual Loops": 2, "Group Key": ["catalog_returns.cr_call_center_sk"], "Workers": [], "Plans": [{"Node Type": "Sort", "Parent Relationship": "Outer", "Parallel Aware": false, "Async Capable": false, "Startup Cost": 6035.59, "Total Cost": 6035.68, "Plan Rows": 35, "Plan Width": 16, "Actual Startup Time": 8.036, "Actual Total Time": 8.058, "Actual Rows": 810, "Actual Loops": 2, "Sort Key": ["catalog_returns.cr_call_center_sk"], "Sort Method": "quicksort", "Sort Space Used": 62, "Sort Space Type": "Memory", "Workers": [{"Worker Number": 0, "Sort Method": "quicksort", "Sort Space Used": 61, "Sort Space Type": "Memory"}], "Plans": [{"Node Type": "Hash Join", "Parent Relationship": "Outer", "Parallel Aware": true, "Async Capable": false, "Join Type": "Inner", "Startup Cost": 2068.78, "Total Cost": 6034.69, "Plan Rows": 35, "Plan Width": 16, "Actual Startup Time": 4.146, "Actual Total Time": 7.965, "Actual Rows": 810, "Actual Loops": 2, "Inner Unique": true, "Hash Cond": "(catalog_returns.cr_returned_date_sk = date_dim_3.d_date_sk)", "Workers": [], "Plans": [{"Node Type": "Seq Scan", "Parent Relationship": "Outer", "Parallel Aware": true, "Async Capable": false, "Relation Name": "catalog_returns", "Alias": "catalog_returns", "Startup Cost": 0.0, "Total Cost": 3743.45, "Plan Rows": 84745, "Plan Width": 20, "Actual Startup Time": 0.005, "Actual Total Time": 3.193, "Actual Rows": 72034, "Actual Loops": 2, "Workers": []}, {"Node Type": "Hash", "Parent Relationship": "Inner", "Parallel Aware": true, "Async Capable": false, "Startup Cost": 2068.55, "Total Cost": 2068.55, "Plan Rows": 18, "Plan Width": 4, "Actual Startup Time": 1.862, "Actual Total Time": 1.863, "Actual Rows": 16, "Actual Loops": 2, "Hash Buckets": 1024, "Original Hash Buckets": 1024, "Hash Batches": 1, "Original Hash Batches": 1, "Peak Memory Usage": 72, "Workers": [], "Plans": [{"Node Type": "Seq Scan", "Parent Relationship": "Outer", "Parallel Aware": true, "Async Capable": false, "Relation Name": "date_dim", "Alias": "date_dim_3", "Startup Cost": 0.0, "Total Cost": 2068.55, "Plan Rows": 18, "Plan Width": 4, "Actual Startup Time": 0.916, "Actual Total Time": 1.855, "Actual Rows": 16, "Actual Loops": 2, "Filter": "((d_date >= '2000-08-23'::date) AND (d_date <= '2000-09-22'::date))", "Rows Removed by Filter": 36509, "Workers": []}]}]}]}]}]}]}]}]}]}, {"Node Type": "Merge Join", "Parent Relationship": "Member", "Parallel Aware": false, "Async Capable": false, "Join Type": "Left", "Startup Cost": 29514.76, "Total Cost": 29546.83, "Plan Rows": 60, "Plan Width": 132, "Actual Startup Time": 33.038, "Actual Total Time": 33.971, "Actual Rows": 30, "Actual Loops": 1, "Inner Unique": true, "Merge Cond": "(web_page.wp_web_page_sk = web_page_1.wp_web_page_sk)", "Plans": [{"Node Type": "Aggregate", "Strategy": "Sorted", "Partial Mode": "Finalize", "Parent Relationship": "Outer", "Parallel Aware": false, "Async Capable": false, "Startup Cost": 24830.09, "Total Cost": 24857.73, "Plan Rows": 60, "Plan Width": 68, "Actual Startup Time": 24.197, "Actual Total Time": 24.997, "Actual Rows": 30, "Actual Loops": 1, "Group Key": ["web_page.wp_web_page_sk"], "Plans": [{"Node Type": "Gather Merge", "Parent Relationship": "Outer", "Parallel Aware": false, "Async Capable": false, "Startup Cost": 24830.09, "Total Cost": 24854.58, "Plan Rows": 180, "Plan Width": 68, "Actual Startup Time": 24.127, "Actual Total Time": 24.953, "Actual Rows": 120, "Actual Loops": 1, "Workers Planned": 3, "Workers Launched": 3, "Plans": [{"Node Type": "Aggregate", "Strategy": "Sorted", "Partial Mode": "Partial", "Parent Relationship": "Outer", "Parallel Aware": false, "Async Capable": false, "Startup Cost": 23830.05, "Total Cost": 23833.39, "Plan Rows": 60, "Plan Width": 68, "Actual Startup Time": 22.082, "Actual Total Time": 22.729, "Actual Rows": 30, "Actual Loops": 4, "Group Key": ["web_page.wp_web_page_sk"], "Workers": [], "Plans": [{"Node Type": "Merge Join", "Parent Relationship": "Outer", "Parallel Aware": false, "Async Capable": false, "Join Type": "Inner", "Startup Cost": 23830.05, "Total Cost": 23831.77, "Plan Rows": 95, "Plan Width": 16, "Actual Startup Time": 22.046, "Actual Total Time": 22.492, "Actual Rows": 4055, "Actual Loops": 4, "Inner Unique": true, "Merge Cond": "(web_sales.ws_web_page_sk = web_page.wp_web_page_sk)", "Workers": [], "Plans": [{"Node Type": "Sort", "Parent Relationship": "Outer", "Parallel Aware": false, "Async Capable": false, "Startup Cost": 23825.68, "Total Cost": 23825.91, "Plan Rows": 95, "Plan Width": 16, "Actual Startup Time": 22.016, "Actual Total Time": 22.201, "Actual Rows": 4056, "Actual Loops": 4, "Sort Key": ["web_sales.ws_web_page_sk"], "Sort Method": "quicksort", "Sort Space Used": 393, "Sort Space Type": "Memory", "Workers": [{"Worker Number": 0, "Sort Method": "quicksort", "Sort Space Used": 386, "Sort Space Type": "Memory"}, {"Worker Number": 1, "Sort Method": "quicksort", "Sort Space Used": 282, "Sort Space Type": "Memory"}, {"Worker Number": 2, "Sort Method": "quicksort", "Sort Space Used": 266, "Sort Space Type": "Memory"}], "Plans": [{"Node Type": "Hash Join", "Parent Relationship": "Outer", "Parallel Aware": true, "Async Capable": false, "Join Type": "Inner", "Startup Cost": 2068.78, "Total Cost": 23822.56, "Plan Rows": 95, "Plan Width": 16, "Actual Startup Time": 1.036, "Actual Total Time": 21.694, "Actual Rows": 4056, "Actual Loops": 4, "Inner Unique": true, "Hash Cond": "(web_sales.ws_sold_date_sk = date_dim_4.d_date_sk)", "Workers": [], "Plans": [{"Node Type": "Seq Scan", "Parent Relationship": "Outer", "Parallel Aware": true, "Async Capable": false, "Relation Name": "web_sales", "Alias": "web_sales", "Startup Cost": 0.0, "Total Cost": 21144.59, "Plan Rows": 232059, "Plan Width": 20, "Actual Startup Time": 0.002, "Actual Total Time": 9.807, "Actual Rows": 179846, "Actual Loops": 4, "Workers": []}, {"Node Type": "Hash", "Parent Relationship": "Inner", "Parallel Aware": true, "Async Capable": false, "Startup Cost": 2068.55, "Total Cost": 2068.55, "Plan Rows": 18, "Plan Width": 4, "Actual Startup Time": 0.942, "Actual Total Time": 0.943, "Actual Rows": 8, "Actual Loops": 4, "Hash Buckets": 1024, "Original Hash Buckets": 1024, "Hash Batches": 1, "Original Hash Batches": 1, "Peak Memory Usage": 72, "Workers": [], "Plans": [{"Node Type": "Seq Scan", "Parent Relationship": "Outer", "Parallel Aware": true, "Async Capable": false, "Relation Name": "date_dim", "Alias": "date_dim_4", "Startup Cost": 0.0, "Total Cost": 2068.55, "Plan Rows": 18, "Plan Width": 4, "Actual Startup Time": 0.692, "Actual Total Time": 0.927, "Actual Rows": 8, "Actual Loops": 4, "Filter": "((d_date >= '2000-08-23'::date) AND (d_date <= '2000-09-22'::date))", "Rows Removed by Filter": 18254, "Workers": []}]}]}]}, {"Node Type": "Sort", "Parent Relationship": "Inner", "Parallel Aware": false, "Async Capable": false, "Startup Cost": 4.37, "Total Cost": 4.52, "Plan Rows": 60, "Plan Width": 4, "Actual Startup Time": 0.026, "Actual Total Time": 0.028, "Actual Rows": 59, "Actual Loops": 4, "Sort Key": ["web_page.wp_web_page_sk"], "Sort Method": "quicksort", "Sort Space Used": 25, "Sort Space Type": "Memory", "Workers": [{"Worker Number": 0, "Sort Method": "quicksort", "Sort Space Used": 25, "Sort Space Type": "Memory"}, {"Worker Number": 1, "Sort Method": "quicksort", "Sort Space Used": 25, "Sort Space Type": "Memory"}, {"Worker Number": 2, "Sort Method": "quicksort", "Sort Space Used": 25, "Sort Space Type": "Memory"}], "Plans": [{"Node Type": "Seq Scan", "Parent Relationship": "Outer", "Parallel Aware": false, "Async Capable": false, "Relation Name": "web_page", "Alias": "web_page", "Startup Cost": 0.0, "Total Cost": 2.6, "Plan Rows": 60, "Plan Width": 4, "Actual Startup Time": 0.017, "Actual Total Time": 0.021, "Actual Rows": 60, "Actual Loops": 4, "Workers": []}]}]}]}]}]}, {"Node Type": "Aggregate", "Strategy": "Sorted", "Partial Mode": "Finalize", "Parent Relationship": "Inner", "Parallel Aware": false, "Async Capable": false, "Startup Cost": 4684.67, "Total Cost": 4688.15, "Plan Rows": 29, "Plan Width": 68, "Actual Startup Time": 8.835, "Actual Total Time": 8.962, "Actual Rows": 40, "Actual Loops": 1, "Group Key": ["web_page_1.wp_web_page_sk"], "Plans": [{"Node Type": "Gather Merge", "Parent Relationship": "Outer", "Parallel Aware": false, "Async Capable": false, "Startup Cost": 4684.67, "Total Cost": 4687.5, "Plan Rows": 17, "Plan Width": 68, "Actual Startup Time": 8.826, "Actual Total Time": 8.931, "Actual Rows": 80, "Actual Loops": 1, "Workers Planned": 1, "Workers Launched": 1, "Plans": [{"Node Type": "Aggregate", "Strategy": "Sorted", "Partial Mode": "Partial", "Parent Relationship": "Outer", "Parallel Aware": false, "Async Capable": false, "Startup Cost": 3684.66, "Total Cost": 3685.58, "Plan Rows": 17, "Plan Width": 68, "Actual Startup Time": 7.531, "Actual Total Time": 7.612, "Actual Rows": 40, "Actual Loops": 2, "Group Key": ["web_page_1.wp_web_page_sk"], "Workers": [], "Plans": [{"Node Type": "Merge Join", "Parent Relationship": "Outer", "Parallel Aware": false, "Async Capable": false, "Join Type": "Inner", "Startup Cost": 3684.66, "Total Cost": 3685.2, "Plan Rows": 17, "Plan Width": 16, "Actual Startup Time": 7.524, "Actual Total Time": 7.57, "Actual Rows": 512, "Actual Loops": 2, "Inner Unique": true, "Merge Cond": "(web_returns.wr_web_page_sk = web_page_1.wp_web_page_sk)", "Workers": [], "Plans": [{"Node Type": "Sort", "Parent Relationship": "Outer", "Parallel Aware": false, "Async Capable": false, "Startup Cost": 3680.29, "Total Cost": 3680.33, "Plan Rows": 17, "Plan Width": 16, "Actual Startup Time": 7.51, "Actual Total Time": 7.522, "Actual Rows": 514, "Actual Loops": 2, "Sort Key": ["web_returns.wr_web_page_sk"], "Sort Method": "quicksort", "Sort Space Used": 53, "Sort Space Type": "Memory", "Workers": [{"Worker Number": 0, "Sort Method": "quicksort", "Sort Space Used": 45, "Sort Space Type": "Memory"}], "Plans": [{"Node Type": "Nested Loop", "Parent Relationship": "Outer", "Parallel Aware": false, "Async Capable": false, "Join Type": "Inner", "Startup Cost": 0.3, "Total Cost": 3679.94, "Plan Rows": 17, "Plan Width": 16, "Actual Startup Time": 0.212, "Actual Total Time": 7.458, "Actual Rows": 530, "Actual Loops": 2, "Inner Unique": true, "Workers": [], "Plans": [{"Node Type": "Seq Scan", "Parent Relationship": "Outer", "Parallel Aware": true, "Async Capable": false, "Relation Name": "web_returns", "Alias": "web_returns", "Startup Cost": 0.0, "Total Cost": 1782.14, "Plan Rows": 42214, "Plan Width": 20, "Actual Startup Time": 0.007, "Actual Total Time": 1.606, "Actual Rows": 35882, "Actual Loops": 2, "Workers": []}, {"Node Type": "Memoize", "Parent Relationship": "Inner", "Parallel Aware": false, "Async Capable": false, "Startup Cost": 0.3, "Total Cost": 0.42, "Plan Rows": 1, "Plan Width": 4, "Actual Startup Time": 0.0, "Actual Total Time": 0.0, "Actual Rows": 0, "Actual Loops": 71763, "Cache Key": "web_returns.wr_returned_date_sk", "Cache Mode": "logical", "Cache Hits": 39426, "Cache Misses": 2093, "Cache Evictions": 0, "Cache Overflows": 0, "Peak Memory Usage": 141, "Workers": [{"Worker Number": 0, "Cache Hits": 28181, "Cache Misses": 2063, "Cache Evictions": 0, "Cache Overflows": 0, "Peak Memory Usage": 139}], "Plans": [{"Node Type": "Index Scan", "Parent Relationship": "Outer", "Parallel Aware": false, "Async Capable": false, "Scan Direction": "Forward", "Index Name": "date_dim_pkey", "Relation Name": "date_dim", "Alias": "date_dim_5", "Startup Cost": 0.29, "Total Cost": 0.41, "Plan Rows": 1, "Plan Width": 4, "Actual Startup Time": 0.001, "Actual Total Time": 0.001, "Actual Rows": 0, "Actual Loops": 4156, "Index Cond": "(d_date_sk = web_returns.wr_returned_date_sk)", "Rows Removed by Index Recheck": 0, "Filter": "((d_date >= '2000-08-23'::date) AND (d_date <= '2000-09-22'::date))", "Rows Removed by Filter": 1, "Workers": []}]}]}]}, {"Node Type": "Sort", "Parent Relationship": "Inner", "Parallel Aware": false, "Async Capable": false, "Startup Cost": 4.37, "Total Cost": 4.52, "Plan Rows": 60, "Plan Width": 4, "Actual Startup Time": 0.013, "Actual Total Time": 0.014, "Actual Rows": 59, "Actual Loops": 2, "Sort Key": ["web_page_1.wp_web_page_sk"], "Sort Method": "quicksort", "Sort Space Used": 25, "Sort Space Type": "Memory", "Workers": [{"Worker Number": 0, "Sort Method": "quicksort", "Sort Space Used": 25, "Sort Space Type": "Memory"}], "Plans": [{"Node Type": "Seq Scan", "Parent Relationship": "Outer", "Parallel Aware": false, "Async Capable": false, "Relation Name": "web_page", "Alias": "web_page_1", "Startup Cost": 0.0, "Total Cost": 2.6, "Plan Rows": 60, "Plan Width": 4, "Actual Startup Time": 0.005, "Actual Total Time": 0.008, "Actual Rows": 60, "Actual Loops": 2, "Workers": []}]}]}]}]}]}]}]}]}]}]}, "Planning Time": 0.994, "Triggers": [], "Execution Time": 148.693}