{"Plan": {"Node Type": "Limit", "Parallel Aware": false, "Async Capable": false, "Startup Cost": 136376.62, "Total Cost": 136569.01, "Plan Rows": 100, "Plan Width": 188, "Actual Startup Time": 533.398, "Actual Total Time": 686.041, "Actual Rows": 100, "Actual Loops": 1, "Plans": [{"Node Type": "Incremental Sort", "Parent Relationship": "Outer", "Parallel Aware": false, "Async Capable": false, "Startup Cost": 136376.62, "Total Cost": 137176.97, "Plan Rows": 416, "Plan Width": 188, "Actual Startup Time": 533.397, "Actual Total Time": 686.036, "Actual Rows": 100, "Actual Loops": 1, "Sort Key": ["store_sales.ss_item_sk", "store_sales.ss_customer_sk", "(sum(store_sales.ss_quantity)) DESC", "(sum(store_sales.ss_wholesale_cost)) DESC", "(sum(store_sales.ss_sales_price)) DESC", "((COALESCE((sum(web_sales.ws_quantity)), '0'::bigint) + COALESCE((sum(catalog_sales.cs_quantity)), '0'::bigint)))", "((COALESCE((sum(web_sales.ws_wholesale_cost)), '0'::numeric) + COALESCE((sum(catalog_sales.cs_wholesale_cost)), '0'::numeric)))", "((COALESCE((sum(web_sales.ws_sales_price)), '0'::numeric) + COALESCE((sum(catalog_sales.cs_sales_price)), '0'::numeric)))", "(round(((((sum(store_sales.ss_quantity)))::numeric * 1.00) / ((COALESCE((sum(web_sales.ws_quantity)), '0'::bigint) + COALESCE((sum(catalog_sales.cs_quantity)), '0'::bigint)))::numeric), 2))"], "Presorted Key": ["store_sales.ss_item_sk", "store_sales.ss_customer_sk"], "Full-sort Groups": {"Group Count": 4, "Sort Methods Used": ["quicksort"], "Sort Space Memory": {"Average Sort Space Used": 29, "Peak Sort Space Used": 29}}, "Plans": [{"Node Type": "Merge Join", "Parent Relationship": "Outer", "Parallel Aware": false, "Async Capable": false, "Join Type": "Left", "Startup Cost": 136372.65, "Total Cost": 137165.57, "Plan Rows": 416, "Plan Width": 188, "Actual Startup Time": 461.977, "Actual Total Time": 686.005, "Actual Rows": 101, "Actual Loops": 1, "Inner Unique": false, "Merge Cond": "((store_sales.ss_item_sk = web_sales.ws_item_sk) AND (store_sales.ss_customer_sk = web_sales.ws_bill_customer_sk))", "Filter": "((COALESCE((sum(web_sales.ws_quantity)), '0'::bigint) > 0) OR (COALESCE((sum(catalog_sales.cs_quantity)), '0'::bigint) > 0))", "Rows Removed by Filter": 244287, "Plans": [{"Node Type": "Merge Join", "Parent Relationship": "Outer", "Parallel Aware": false, "Async Capable": false, "Join Type": "Left", "Startup Cost": 111265.83, "Total Cost": 111805.51, "Plan Rows": 749, "Plan Width": 156, "Actual Startup Time": 267.344, "Actual Total Time": 448.743, "Actual Rows": 244388, "Actual Loops": 1, "Inner Unique": false, "Merge Cond": "((store_sales.ss_item_sk = catalog_sales.cs_item_sk) AND (store_sales.ss_customer_sk = catalog_sales.cs_bill_customer_sk))", "Plans": [{"Node Type": "Aggregate", "Strategy": "Sorted", "Partial Mode": "Simple", "Parent Relationship": "Outer", "Parallel Aware": false, "Async Capable": false, "Startup Cost": 65473.94, "Total Cost": 65584.22, "Plan Rows": 749, "Plan Width": 84, "Actual Startup Time": 157.588, "Actual Total Time": 252.58, "Actual Rows": 244388, "Actual Loops": 1, "Group Key": ["store_sales.ss_item_sk", "store_sales.ss_customer_sk"], "Plans": [{"Node Type": "Gather Merge", "Parent Relationship": "Outer", "Parallel Aware": false, "Async Capable": false, "Startup Cost": 65473.94, "Total Cost": 65563.62, "Plan Rows": 749, "Plan Width": 28, "Actual Startup Time": 157.577, "Actual Total Time": 189.257, "Actual Rows": 247002, "Actual Loops": 1, "Workers Planned": 4, "Workers Launched": 4, "Plans": [{"Node Type": "Sort", "Parent Relationship": "Outer", "Parallel Aware": false, "Async Capable": false, "Startup Cost": 64473.88, "Total Cost": 64474.35, "Plan Rows": 187, "Plan Width": 28, "Actual Startup Time": 155.762, "Actual Total Time": 161.279, "Actual Rows": 50251, "Actual Loops": 5, "Sort Key": ["store_sales.ss_item_sk", "store_sales.ss_customer_sk"], "Sort Method": "quicksort", "Sort Space Used": 7851, "Sort Space Type": "Memory", "Workers": [{"Worker Number": 0, "Sort Method": "quicksort", "Sort Space Used": 7931, "Sort Space Type": "Memory"}, {"Worker Number": 1, "Sort Method": "quicksort", "Sort Space Used": 7832, "Sort Space Type": "Memory"}, {"Worker Number": 2, "Sort Method": "quicksort", "Sort Space Used": 7912, "Sort Space Type": "Memory"}, {"Worker Number": 3, "Sort Method": "quicksort", "Sort Space Used": 7858, "Sort Space Type": "Memory"}], "Plans": [{"Node Type": "Nested Loop", "Parent Relationship": "Outer", "Parallel Aware": false, "Async Capable": false, "Join Type": "Anti", "Startup Cost": 1964.21, "Total Cost": 64466.83, "Plan Rows": 187, "Plan Width": 28, "Actual Startup Time": 1.005, "Actual Total Time": 135.847, "Actual Rows": 99667, "Actual Loops": 5, "Inner Unique": false, "Workers": [], "Plans": [{"Node Type": "Hash Join", "Parent Relationship": "Outer", "Parallel Aware": true, "Async Capable": false, "Join Type": "Inner", "Startup Cost": 1963.79, "Total Cost": 62848.22, "Plan Rows": 3569, "Plan Width": 32, "Actual Startup Time": 0.975, "Actual Total Time": 58.385, "Actual Rows": 110772, "Actual Loops": 5, "Inner Unique": true, "Hash Cond": "(store_sales.ss_sold_date_sk = date_dim.d_date_sk)", "Workers": [], "Plans": [{"Node Type": "Seq Scan", "Parent Relationship": "Outer", "Parallel Aware": true, "Async Capable": false, "Relation Name": "store_sales", "Alias": "store_sales", "Startup Cost": 0.0, "Total Cost": 58993.85, "Plan Rows": 720185, "Plan Width": 32, "Actual Startup Time": 0.008, "Actual Total Time": 24.8, "Actual Rows": 576081, "Actual Loops": 5, "Workers": []}, {"Node Type": "Hash", "Parent Relationship": "Inner", "Parallel Aware": true, "Async Capable": false, "Startup Cost": 1961.12, "Total Cost": 1961.12, "Plan Rows": 213, "Plan Width": 8, "Actual Startup Time": 0.907, "Actual Total Time": 0.908, "Actual Rows": 73, "Actual Loops": 5, "Hash Buckets": 1024, "Original Hash Buckets": 1024, "Hash Batches": 1, "Original Hash Batches": 1, "Peak Memory Usage": 136, "Workers": [], "Plans": [{"Node Type": "Seq Scan", "Parent Relationship": "Outer", "Parallel Aware": true, "Async Capable": false, "Relation Name": "date_dim", "Alias": "date_dim", "Startup Cost": 0.0, "Total Cost": 1961.12, "Plan Rows": 213, "Plan Width": 8, "Actual Startup Time": 0.454, "Actual Total Time": 0.874, "Actual Rows": 73, "Actual Loops": 5, "Filter": "(d_year = 2000)", "Rows Removed by Filter": 14537, "Workers": []}]}]}, {"Node Type": "Index Only Scan", "Parent Relationship": "Inner", "Parallel Aware": false, "Async Capable": false, "Scan Direction": "Forward", "Index Name": "store_returns_pkey", "Relation Name": "store_returns", "Alias": "store_returns", "Startup Cost": 0.42, "Total Cost": 0.44, "Plan Rows": 1, "Plan Width": 8, "Actual Startup Time": 0.001, "Actual Total Time": 0.001, "Actual Rows": 0, "Actual Loops": 553861, "Index Cond": "((sr_item_sk = store_sales.ss_item_sk) AND (sr_ticket_number = store_sales.ss_ticket_number))", "Rows Removed by Index Recheck": 0, "Heap Fetches": 0, "Workers": []}]}]}]}]}, {"Node Type": "Materialize", "Parent Relationship": "Inner", "Parallel Aware": false, "Async Capable": false, "Startup Cost": 45791.89, "Total Cost": 46204.16, "Plan Rows": 2581, "Plan Width": 84, "Actual Startup Time": 109.75, "Actual Total Time": 175.97, "Actual Rows": 128286, "Actual Loops": 1, "Plans": [{"Node Type": "Aggregate", "Strategy": "Sorted", "Partial Mode": "Simple", "Parent Relationship": "Outer", "Parallel Aware": false, "Async Capable": false, "Startup Cost": 45791.89, "Total Cost": 46171.9, "Plan Rows": 2581, "Plan Width": 84, "Actual Startup Time": 109.746, "Actual Total Time": 161.965, "Actual Rows": 128286, "Actual Loops": 1, "Group Key": ["catalog_sales.cs_item_sk", "catalog_sales.cs_bill_customer_sk"], "Plans": [{"Node Type": "Gather Merge", "Parent Relationship": "Outer", "Parallel Aware": false, "Async Capable": false, "Startup Cost": 45791.89, "Total Cost": 46100.92, "Plan Rows": 2581, "Plan Width": 28, "Actual Startup Time": 109.735, "Actual Total Time": 128.674, "Actual Rows": 128308, "Actual Loops": 1, "Workers Planned": 4, "Workers Launched": 3, "Plans": [{"Node Type": "Sort", "Parent Relationship": "Outer", "Parallel Aware": false, "Async Capable": false, "Startup Cost": 44791.83, "Total Cost": 44793.44, "Plan Rows": 645, "Plan Width": 28, "Actual Startup Time": 107.934, "Actual Total Time": 111.687, "Actual Rows": 32836, "Actual Loops": 4, "Sort Key": ["catalog_sales.cs_item_sk", "catalog_sales.cs_bill_customer_sk"], "Sort Method": "quicksort", "Sort Space Used": 5096, "Sort Space Type": "Memory", "Workers": [{"Worker Number": 0, "Sort Method": "quicksort", "Sort Space Used": 5034, "Sort Space Type": "Memory"}, {"Worker Number": 1, "Sort Method": "quicksort", "Sort Space Used": 5097, "Sort Space Type": "Memory"}, {"Worker Number": 2, "Sort Method": "quicksort", "Sort Space Used": 5059, "Sort Space Type": "Memory"}], "Plans": [{"Node Type": "Nested Loop", "Parent Relationship": "Outer", "Parallel Aware": false, "Async Capable": false, "Join Type": "Anti", "Startup Cost": 1964.21, "Total Cost": 44761.73, "Plan Rows": 645, "Plan Width": 28, "Actual Startup Time": 17.784, "Actual Total Time": 95.569, "Actual Rows": 64700, "Actual Loops": 4, "Inner Unique": false, "Workers": [], "Plans": [{"Node Type": "Hash Join", "Parent Relationship": "Outer", "Parallel Aware": true, "Async Capable": false, "Join Type": "Inner", "Startup Cost": 1963.79, "Total Cost": 43961.58, "Plan Rows": 1786, "Plan Width": 32, "Actual Startup Time": 17.75, "Actual Total Time": 47.397, "Actual Rows": 71884, "Actual Loops": 4, "Inner Unique": true, "Hash Cond": "(catalog_sales.cs_sold_date_sk = date_dim_1.d_date_sk)", "Workers": [], "Plans": [{"Node Type": "Seq Scan", "Parent Relationship": "Outer", "Parallel Aware": true, "Async Capable": false, "Relation Name": "catalog_sales", "Alias": "catalog_sales", "Startup Cost": 0.0, "Total Cost": 41051.75, "Plan Rows": 360375, "Plan Width": 32, "Actual Startup Time": 0.004, "Actual Total Time": 19.368, "Actual Rows": 360387, "Actual Loops": 4, "Workers": []}, {"Node Type": "Hash", "Parent Relationship": "Inner", "Parallel Aware": true, "Async Capable": false, "Startup Cost": 1961.12, "Total Cost": 1961.12, "Plan Rows": 213, "Plan Width": 8, "Actual Startup Time": 1.082, "Actual Total Time": 1.084, "Actual Rows": 92, "Actual Loops": 4, "Hash Buckets": 1024, "Original Hash Buckets": 1024, "Hash Batches": 1, "Original Hash Batches": 1, "Peak Memory Usage": 104, "Workers": [], "Plans": [{"Node Type": "Seq Scan", "Parent Relationship": "Outer", "Parallel Aware": true, "Async Capable": false, "Relation Name": "date_dim", "Alias": "date_dim_1", "Startup Cost": 0.0, "Total Cost": 1961.12, "Plan Rows": 213, "Plan Width": 8, "Actual Startup Time": 0.665, "Actual Total Time": 1.051, "Actual Rows": 92, "Actual Loops": 4, "Filter": "(d_year = 2000)", "Rows Removed by Filter": 18171, "Workers": []}]}]}, {"Node Type": "Index Only Scan", "Parent Relationship": "Inner", "Parallel Aware": false, "Async Capable": false, "Scan Direction": "Forward", "Index Name": "catalog_returns_pkey", "Relation Name": "catalog_returns", "Alias": "catalog_returns", "Startup Cost": 0.42, "Total Cost": 0.44, "Plan Rows": 1, "Plan Width": 8, "Actual Startup Time": 0.001, "Actual Total Time": 0.001, "Actual Rows": 0, "Actual Loops": 287535, "Index Cond": "((cr_item_sk = catalog_sales.cs_item_sk) AND (cr_order_number = catalog_sales.cs_order_number))", "Rows Removed by Index Recheck": 0, "Heap Fetches": 0, "Workers": []}]}]}]}]}]}]}, {"Node Type": "Materialize", "Parent Relationship": "Inner", "Parallel Aware": false, "Async Capable": false, "Startup Cost": 25106.82, "Total Cost": 25339.21, "Plan Rows": 1468, "Plan Width": 84, "Actual Startup Time": 191.661, "Actual Total Time": 223.243, "Actual Rows": 63277, "Actual Loops": 1, "Plans": [{"Node Type": "Aggregate", "Strategy": "Sorted", "Partial Mode": "Simple", "Parent Relationship": "Outer", "Parallel Aware": false, "Async Capable": false, "Startup Cost": 25106.82, "Total Cost": 25320.86, "Plan Rows": 1468, "Plan Width": 84, "Actual Startup Time": 191.659, "Actual Total Time": 216.211, "Actual Rows": 63277, "Actual Loops": 1, "Group Key": ["web_sales.ws_item_sk", "web_sales.ws_bill_customer_sk"], "Plans": [{"Node Type": "Gather Merge", "Parent Relationship": "Outer", "Parallel Aware": false, "Async Capable": false, "Startup Cost": 25106.82, "Total Cost": 25280.49, "Plan Rows": 1468, "Plan Width": 28, "Actual Startup Time": 191.647, "Actual Total Time": 198.149, "Actual Rows": 63281, "Actual Loops": 1, "Workers Planned": 3, "Workers Launched": 0, "Plans": [{"Node Type": "Sort", "Parent Relationship": "Outer", "Parallel Aware": false, "Async Capable": false, "Startup Cost": 24106.78, "Total Cost": 24107.96, "Plan Rows": 474, "Plan Width": 28, "Actual Startup Time": 191.442, "Actual Total Time": 195.124, "Actual Rows": 63281, "Actual Loops": 1, "Sort Key": ["web_sales.ws_item_sk", "web_sales.ws_bill_customer_sk"], "Sort Method": "external merge", "Sort Space Used": 5008, "Sort Space Type": "Disk", "Workers": [], "Plans": [{"Node Type": "Nested Loop", "Parent Relationship": "Outer", "Parallel Aware": false, "Async Capable": false, "Join Type": "Anti", "Startup Cost": 1964.08, "Total Cost": 24085.71, "Plan Rows": 474, "Plan Width": 28, "Actual Startup Time": 4.512, "Actual Total Time": 164.554, "Actual Rows": 128137, "Actual Loops": 1, "Inner Unique": false, "Workers": [], "Plans": [{"Node Type": "Hash Join", "Parent Relationship": "Outer", "Parallel Aware": true, "Async Capable": false, "Join Type": "Inner", "Startup Cost": 1963.79, "Total Cost": 23717.57, "Plan Rows": 1150, "Plan Width": 32, "Actual Startup Time": 4.484, "Actual Total Time": 89.29, "Actual Rows": 142182, "Actual Loops": 1, "Inner Unique": true, "Hash Cond": "(web_sales.ws_sold_date_sk = date_dim_2.d_date_sk)", "Workers": [], "Plans": [{"Node Type": "Seq Scan", "Parent Relationship": "Outer", "Parallel Aware": true, "Async Capable": false, "Relation Name": "web_sales", "Alias": "web_sales", "Startup Cost": 0.0, "Total Cost": 21144.59, "Plan Rows": 232059, "Plan Width": 32, "Actual Startup Time": 0.003, "Actual Total Time": 28.846, "Actual Rows": 719384, "Actual Loops": 1, "Workers": []}, {"Node Type": "Hash", "Parent Relationship": "Inner", "Parallel Aware": true, "Async Capable": false, "Startup Cost": 1961.12, "Total Cost": 1961.12, "Plan Rows": 213, "Plan Width": 8, "Actual Startup Time": 4.338, "Actual Total Time": 4.339, "Actual Rows": 366, "Actual Loops": 1, "Hash Buckets": 1024, "Original Hash Buckets": 1024, "Hash Batches": 1, "Original Hash Batches": 1, "Peak Memory Usage": 40, "Workers": [], "Plans": [{"Node Type": "Seq Scan", "Parent Relationship": "Outer", "Parallel Aware": true, "Async Capable": false, "Relation Name": "date_dim", "Alias": "date_dim_2", "Startup Cost": 0.0, "Total Cost": 1961.12, "Plan Rows": 213, "Plan Width": 8, "Actual Startup Time": 2.01, "Actual Total Time": 4.317, "Actual Rows": 366, "Actual Loops": 1, "Filter": "(d_year = 2000)", "Rows Removed by Filter": 72683, "Workers": []}]}]}, {"Node Type": "Index Only Scan", "Parent Relationship": "Inner", "Parallel Aware": false, "Async Capable": false, "Scan Direction": "Forward", "Index Name": "web_returns_pkey", "Relation Name": "web_returns", "Alias": "web_returns", "Startup Cost": 0.29, "Total Cost": 0.31, "Plan Rows": 1, "Plan Width": 8, "Actual Startup Time": 0.0, "Actual Total Time": 0.0, "Actual Rows": 0, "Actual Loops": 142182, "Index Cond": "((wr_item_sk = web_sales.ws_item_sk) AND (wr_order_number = web_sales.ws_order_number))", "Rows Removed by Index Recheck": 0, "Heap Fetches": 0, "Workers": []}]}]}]}]}]}]}]}]}, "Planning Time": 0.989, "Triggers": [], "Execution Time": 687.181}