{"Plan": {"Node Type": "Limit", "Parallel Aware": false, "Async Capable": false, "Startup Cost": 63586.62, "Total Cost": 63586.78, "Plan Rows": 61, "Plan Width": 152, "Actual Startup Time": 147.606, "Actual Total Time": 151.551, "Actual Rows": 100, "Actual Loops": 1, "Plans": [{"Node Type": "Sort", "Parent Relationship": "Outer", "Parallel Aware": false, "Async Capable": false, "Startup Cost": 63586.62, "Total Cost": 63586.78, "Plan Rows": 61, "Plan Width": 152, "Actual Startup Time": 147.605, "Actual Total Time": 151.546, "Actual Rows": 100, "Actual Loops": 1, "Sort Key": ["customer.c_last_name NULLS FIRST", "customer.c_first_name NULLS FIRST", "(\"substring\"((store.s_city)::text, 1, 30)) NULLS FIRST", "(sum(store_sales.ss_net_profit)) NULLS FIRST", "store_sales.ss_ticket_number"], "Sort Method": "top-N heapsort", "Sort Space Used": 41, "Sort Space Type": "Memory", "Plans": [{"Node Type": "Nested Loop", "Parent Relationship": "Outer", "Parallel Aware": false, "Async Capable": false, "Join Type": "Inner", "Startup Cost": 63092.3, "Total Cost": 63584.82, "Plan Rows": 61, "Plan Width": 152, "Actual Startup Time": 124.969, "Actual Total Time": 150.368, "Actual Rows": 7013, "Actual Loops": 1, "Inner Unique": true, "Plans": [{"Node Type": "Aggregate", "Strategy": "Sorted", "Partial Mode": "Simple", "Parent Relationship": "Outer", "Parallel Aware": false, "Async Capable": false, "Startup Cost": 63092.01, "Total Cost": 63101.14, "Plan Rows": 61, "Plan Width": 214, "Actual Startup Time": 124.95, "Actual Total Time": 141.843, "Actual Rows": 7468, "Actual Loops": 1, "Group Key": ["store_sales.ss_ticket_number", "store_sales.ss_customer_sk", "store_sales.ss_addr_sk", "store.s_city"], "Plans": [{"Node Type": "Gather Merge", "Parent Relationship": "Outer", "Parallel Aware": false, "Async Capable": false, "Startup Cost": 63092.01, "Total Cost": 63099.31, "Plan Rows": 61, "Plan Width": 159, "Actual Startup Time": 124.932, "Actual Total Time": 133.205, "Actual Rows": 75163, "Actual Loops": 1, "Workers Planned": 4, "Workers Launched": 4, "Plans": [{"Node Type": "Sort", "Parent Relationship": "Outer", "Parallel Aware": false, "Async Capable": false, "Startup Cost": 62091.95, "Total Cost": 62091.99, "Plan Rows": 15, "Plan Width": 159, "Actual Startup Time": 123.408, "Actual Total Time": 123.759, "Actual Rows": 15033, "Actual Loops": 5, "Sort Key": ["store_sales.ss_ticket_number", "store_sales.ss_customer_sk", "store_sales.ss_addr_sk", "store.s_city"], "Sort Method": "quicksort", "Sort Space Used": 1245, "Sort Space Type": "Memory", "Workers": [{"Worker Number": 0, "Sort Method": "quicksort", "Sort Space Used": 1197, "Sort Space Type": "Memory"}, {"Worker Number": 1, "Sort Method": "quicksort", "Sort Space Used": 1233, "Sort Space Type": "Memory"}, {"Worker Number": 2, "Sort Method": "quicksort", "Sort Space Used": 1271, "Sort Space Type": "Memory"}, {"Worker Number": 3, "Sort Method": "quicksort", "Sort Space Used": 1281, "Sort Space Type": "Memory"}], "Plans": [{"Node Type": "Nested Loop", "Parent Relationship": "Outer", "Parallel Aware": false, "Async Capable": false, "Join Type": "Inner", "Startup Cost": 207.92, "Total Cost": 62091.66, "Plan Rows": 15, "Plan Width": 159, "Actual Startup Time": 0.555, "Actual Total Time": 121.444, "Actual Rows": 15033, "Actual Loops": 5, "Inner Unique": true, "Workers": [], "Plans": [{"Node Type": "Hash Join", "Parent Relationship": "Outer", "Parallel Aware": false, "Async Capable": false, "Join Type": "Inner", "Startup Cost": 207.61, "Total Cost": 61330.74, "Plan Rows": 7202, "Plan Width": 163, "Actual Startup Time": 0.435, "Actual Total Time": 100.848, "Actual Rows": 179520, "Actual Loops": 5, "Inner Unique": true, "Hash Cond": "(store_sales.ss_hdemo_sk = household_demographics.hd_demo_sk)", "Workers": [], "Plans": [{"Node Type": "Hash Join", "Parent Relationship": "Outer", "Parallel Aware": false, "Async Capable": false, "Join Type": "Inner", "Startup Cost": 10.61, "Total Cost": 61086.45, "Plan Rows": 18004, "Plan Width": 167, "Actual Startup Time": 0.028, "Actual Total Time": 80.12, "Actual Rows": 458435, "Actual Loops": 5, "Inner Unique": true, "Hash Cond": "(store_sales.ss_store_sk = store.s_store_sk)", "Workers": [], "Plans": [{"Node Type": "Seq Scan", "Parent Relationship": "Outer", "Parallel Aware": true, "Async Capable": false, "Relation Name": "store_sales", "Alias": "store_sales", "Startup Cost": 0.0, "Total Cost": 58993.85, "Plan Rows": 720185, "Plan Width": 33, "Actual Startup Time": 0.004, "Actual Total Time": 24.979, "Actual Rows": 576081, "Actual Loops": 5, "Workers": []}, {"Node Type": "Hash", "Parent Relationship": "Inner", "Parallel Aware": false, "Async Capable": false, "Startup Cost": 10.6, "Total Cost": 10.6, "Plan Rows": 1, "Plan Width": 142, "Actual Startup Time": 0.009, "Actual Total Time": 0.01, "Actual Rows": 11, "Actual Loops": 5, "Hash Buckets": 1024, "Original Hash Buckets": 1024, "Hash Batches": 1, "Original Hash Batches": 1, "Peak Memory Usage": 9, "Workers": [], "Plans": [{"Node Type": "Seq Scan", "Parent Relationship": "Outer", "Parallel Aware": false, "Async Capable": false, "Relation Name": "store", "Alias": "store", "Startup Cost": 0.0, "Total Cost": 10.6, "Plan Rows": 1, "Plan Width": 142, "Actual Startup Time": 0.004, "Actual Total Time": 0.006, "Actual Rows": 11, "Actual Loops": 5, "Filter": "((s_number_employees >= 200) AND (s_number_employees <= 295))", "Rows Removed by Filter": 1, "Workers": []}]}]}, {"Node Type": "Hash", "Parent Relationship": "Inner", "Parallel Aware": false, "Async Capable": false, "Startup Cost": 161.0, "Total Cost": 161.0, "Plan Rows": 2880, "Plan Width": 4, "Actual Startup Time": 0.395, "Actual Total Time": 0.395, "Actual Rows": 2880, "Actual Loops": 5, "Hash Buckets": 4096, "Original Hash Buckets": 4096, "Hash Batches": 1, "Original Hash Batches": 1, "Peak Memory Usage": 134, "Workers": [], "Plans": [{"Node Type": "Seq Scan", "Parent Relationship": "Outer", "Parallel Aware": false, "Async Capable": false, "Relation Name": "household_demographics", "Alias": "household_demographics", "Startup Cost": 0.0, "Total Cost": 161.0, "Plan Rows": 2880, "Plan Width": 4, "Actual Startup Time": 0.028, "Actual Total Time": 0.265, "Actual Rows": 2880, "Actual Loops": 5, "Filter": "((hd_dep_count = 6) OR (hd_vehicle_count > 2))", "Rows Removed by Filter": 4320, "Workers": []}]}]}, {"Node Type": "Memoize", "Parent Relationship": "Inner", "Parallel Aware": false, "Async Capable": false, "Startup Cost": 0.3, "Total Cost": 0.33, "Plan Rows": 1, "Plan Width": 4, "Actual Startup Time": 0.0, "Actual Total Time": 0.0, "Actual Rows": 0, "Actual Loops": 897598, "Cache Key": "store_sales.ss_sold_date_sk", "Cache Mode": "logical", "Cache Hits": 178982, "Cache Misses": 1821, "Cache Evictions": 0, "Cache Overflows": 0, "Peak Memory Usage": 127, "Workers": [{"Worker Number": 0, "Cache Hits": 178099, "Cache Misses": 1817, "Cache Evictions": 0, "Cache Overflows": 0, "Peak Memory Usage": 127}, {"Worker Number": 1, "Cache Hits": 175891, "Cache Misses": 1815, "Cache Evictions": 0, "Cache Overflows": 0, "Peak Memory Usage": 127}, {"Worker Number": 2, "Cache Hits": 177792, "Cache Misses": 1821, "Cache Evictions": 0, "Cache Overflows": 0, "Peak Memory Usage": 127}, {"Worker Number": 3, "Cache Hits": 177745, "Cache Misses": 1815, "Cache Evictions": 0, "Cache Overflows": 0, "Peak Memory Usage": 126}], "Plans": [{"Node Type": "Index Scan", "Parent Relationship": "Outer", "Parallel Aware": false, "Async Capable": false, "Scan Direction": "Forward", "Index Name": "date_dim_pkey", "Relation Name": "date_dim", "Alias": "date_dim", "Startup Cost": 0.29, "Total Cost": 0.32, "Plan Rows": 1, "Plan Width": 4, "Actual Startup Time": 0.001, "Actual Total Time": 0.001, "Actual Rows": 0, "Actual Loops": 9089, "Index Cond": "(d_date_sk = store_sales.ss_sold_date_sk)", "Rows Removed by Index Recheck": 0, "Filter": "((d_dow = 1) AND (d_year = ANY ('{1999,2000,2001}'::integer[])))", "Rows Removed by Filter": 1, "Workers": []}]}]}]}]}]}, {"Node Type": "Index Scan", "Parent Relationship": "Inner", "Parallel Aware": false, "Async Capable": false, "Scan Direction": "Forward", "Index Name": "customer_pkey", "Relation Name": "customer", "Alias": "customer", "Startup Cost": 0.29, "Total Cost": 7.92, "Plan Rows": 1, "Plan Width": 56, "Actual Startup Time": 0.001, "Actual Total Time": 0.001, "Actual Rows": 1, "Actual Loops": 7468, "Index Cond": "(c_customer_sk = store_sales.ss_customer_sk)", "Rows Removed by Index Recheck": 0}]}]}]}, "Planning Time": 0.559, "Triggers": [], "Execution Time": 151.705}