{"Plan": {"Node Type": "Limit", "Parallel Aware": false, "Async Capable": false, "Startup Cost": 134064.97, "Total Cost": 134065.22, "Plan Rows": 100, "Plan Width": 160, "Actual Startup Time": 145.993, "Actual Total Time": 148.324, "Actual Rows": 100, "Actual Loops": 1, "Plans": [{"Node Type": "Sort", "Parent Relationship": "Outer", "Parallel Aware": false, "Async Capable": false, "Startup Cost": 134064.97, "Total Cost": 134065.43, "Plan Rows": 183, "Plan Width": 160, "Actual Startup Time": 145.991, "Actual Total Time": 148.319, "Actual Rows": 100, "Actual Loops": 1, "Sort Key": ["('store channel'::text) NULLS FIRST", "(concat('store', ssr.store_id)) NULLS FIRST"], "Sort Method": "top-N heapsort", "Sort Space Used": 46, "Sort Space Type": "Memory", "Plans": [{"Node Type": "Aggregate", "Strategy": "Mixed", "Partial Mode": "Simple", "Parent Relationship": "Outer", "Parallel Aware": false, "Async Capable": false, "Startup Cost": 64057.16, "Total Cost": 134058.1, "Plan Rows": 183, "Plan Width": 160, "Actual Startup Time": 145.403, "Actual Total Time": 147.877, "Actual Rows": 429, "Actual Loops": 1, "Grouping Sets": [{"Hash Keys": [["('store channel'::text)", "(concat('store', ssr.store_id))"]]}, {"Hash Keys": [["('store channel'::text)"]]}, {"Group Keys": [[]]}], "Planned Partitions": 0, "HashAgg Batches": 1, "Peak Memory Usage": 573, "Disk Usage": 0, "Plans": [{"Node Type": "Append", "Parent Relationship": "Outer", "Parallel Aware": false, "Async Capable": false, "Startup Cost": 64057.16, "Total Cost": 134052.16, "Plan Rows": 91, "Plan Width": 160, "Actual Startup Time": 63.345, "Actual Total Time": 147.444, "Actual Rows": 425, "Actual Loops": 1, "Subplans Removed": 0, "Plans": [{"Node Type": "Subquery Scan", "Parent Relationship": "Member", "Parallel Aware": false, "Async Capable": false, "Alias": "ssr", "Startup Cost": 64057.16, "Total Cost": 64067.35, "Plan Rows": 40, "Plan Width": 160, "Actual Startup Time": 63.344, "Actual Total Time": 63.939, "Actual Rows": 6, "Actual Loops": 1, "Plans": [{"Node Type": "Aggregate", "Strategy": "Sorted", "Partial Mode": "Simple", "Parent Relationship": "Subquery", "Parallel Aware": false, "Async Capable": false, "Startup Cost": 64057.16, "Total Cost": 64066.85, "Plan Rows": 40, "Plan Width": 164, "Actual Startup Time": 63.337, "Actual Total Time": 63.931, "Actual Rows": 6, "Actual Loops": 1, "Group Key": ["store.s_store_id"], "Plans": [{"Node Type": "Gather Merge", "Parent Relationship": "Outer", "Parallel Aware": false, "Async Capable": false, "Startup Cost": 64057.16, "Total Cost": 64065.3, "Plan Rows": 68, "Plan Width": 92, "Actual Startup Time": 63.206, "Actual Total Time": 63.55, "Actual Rows": 3425, "Actual Loops": 1, "Workers Planned": 4, "Workers Launched": 4, "Plans": [{"Node Type": "Sort", "Parent Relationship": "Outer", "Parallel Aware": false, "Async Capable": false, "Startup Cost": 63057.1, "Total Cost": 63057.15, "Plan Rows": 17, "Plan Width": 92, "Actual Startup Time": 61.489, "Actual Total Time": 61.508, "Actual Rows": 685, "Actual Loops": 5, "Sort Key": ["store.s_store_id"], "Sort Method": "quicksort", "Sort Space Used": 65, "Sort Space Type": "Memory", "Workers": [{"Worker Number": 0, "Sort Method": "quicksort", "Sort Space Used": 62, "Sort Space Type": "Memory"}, {"Worker Number": 1, "Sort Method": "quicksort", "Sort Space Used": 63, "Sort Space Type": "Memory"}, {"Worker Number": 2, "Sort Method": "quicksort", "Sort Space Used": 62, "Sort Space Type": "Memory"}, {"Worker Number": 3, "Sort Method": "quicksort", "Sort Space Used": 63, "Sort Space Type": "Memory"}], "Plans": [{"Node Type": "Nested Loop", "Parent Relationship": "Outer", "Parallel Aware": false, "Async Capable": false, "Join Type": "Inner", "Startup Cost": 2069.78, "Total Cost": 63056.76, "Plan Rows": 17, "Plan Width": 92, "Actual Startup Time": 1.321, "Actual Total Time": 61.342, "Actual Rows": 685, "Actual Loops": 5, "Inner Unique": true, "Workers": [], "Plans": [{"Node Type": "Nested Loop", "Parent Relationship": "Outer", "Parallel Aware": false, "Async Capable": false, "Join Type": "Inner", "Startup Cost": 2069.64, "Total Cost": 63053.91, "Plan Rows": 17, "Plan Width": 96, "Actual Startup Time": 1.313, "Actual Total Time": 60.94, "Actual Rows": 709, "Actual Loops": 5, "Inner Unique": true, "Workers": [], "Plans": [{"Node Type": "Nested Loop", "Parent Relationship": "Outer", "Parallel Aware": false, "Async Capable": false, "Join Type": "Left", "Startup Cost": 2069.49, "Total Cost": 63052.44, "Plan Rows": 17, "Plan Width": 32, "Actual Startup Time": 1.305, "Actual Total Time": 60.803, "Actual Rows": 726, "Actual Loops": 5, "Inner Unique": true, "Workers": [], "Plans": [{"Node Type": "Nested Loop", "Parent Relationship": "Outer", "Parallel Aware": false, "Async Capable": false, "Join Type": "Inner", "Startup Cost": 2069.06, "Total Cost": 63044.78, "Plan Rows": 17, "Plan Width": 28, "Actual Startup Time": 1.289, "Actual Total Time": 59.346, "Actual Rows": 726, "Actual Loops": 5, "Inner Unique": true, "Workers": [], "Plans": [{"Node Type": "Hash Join", "Parent Relationship": "Outer", "Parallel Aware": true, "Async Capable": false, "Join Type": "Inner", "Startup Cost": 2068.78, "Total Cost": 62953.21, "Plan Rows": 296, "Plan Width": 28, "Actual Startup Time": 1.099, "Actual Total Time": 49.542, "Actual Rows": 12668, "Actual Loops": 5, "Inner Unique": true, "Hash Cond": "(store_sales.ss_sold_date_sk = date_dim.d_date_sk)", "Workers": [], "Plans": [{"Node Type": "Seq Scan", "Parent Relationship": "Outer", "Parallel Aware": true, "Async Capable": false, "Relation Name": "store_sales", "Alias": "store_sales", "Startup Cost": 0.0, "Total Cost": 58993.85, "Plan Rows": 720185, "Plan Width": 32, "Actual Startup Time": 0.006, "Actual Total Time": 24.556, "Actual Rows": 576081, "Actual Loops": 5, "Workers": []}, {"Node Type": "Hash", "Parent Relationship": "Inner", "Parallel Aware": true, "Async Capable": false, "Startup Cost": 2068.55, "Total Cost": 2068.55, "Plan Rows": 18, "Plan Width": 4, "Actual Startup Time": 1.005, "Actual Total Time": 1.006, "Actual Rows": 6, "Actual Loops": 5, "Hash Buckets": 1024, "Original Hash Buckets": 1024, "Hash Batches": 1, "Original Hash Batches": 1, "Peak Memory Usage": 72, "Workers": [], "Plans": [{"Node Type": "Seq Scan", "Parent Relationship": "Outer", "Parallel Aware": true, "Async Capable": false, "Relation Name": "date_dim", "Alias": "date_dim", "Startup Cost": 0.0, "Total Cost": 2068.55, "Plan Rows": 18, "Plan Width": 4, "Actual Startup Time": 0.753, "Actual Total Time": 0.971, "Actual Rows": 6, "Actual Loops": 5, "Filter": "((d_date >= '2000-08-23'::date) AND (d_date <= '2000-09-22'::date))", "Rows Removed by Filter": 14604, "Workers": []}]}]}, {"Node Type": "Index Scan", "Parent Relationship": "Inner", "Parallel Aware": false, "Async Capable": false, "Scan Direction": "Forward", "Index Name": "item_pkey", "Relation Name": "item", "Alias": "item", "Startup Cost": 0.29, "Total Cost": 0.31, "Plan Rows": 1, "Plan Width": 4, "Actual Startup Time": 0.001, "Actual Total Time": 0.001, "Actual Rows": 0, "Actual Loops": 63338, "Index Cond": "(i_item_sk = store_sales.ss_item_sk)", "Rows Removed by Index Recheck": 0, "Filter": "(i_current_price > '50'::numeric)", "Rows Removed by Filter": 1, "Workers": []}]}, {"Node Type": "Index Scan", "Parent Relationship": "Inner", "Parallel Aware": false, "Async Capable": false, "Scan Direction": "Forward", "Index Name": "store_returns_pkey", "Relation Name": "store_returns", "Alias": "store_returns", "Startup Cost": 0.42, "Total Cost": 0.45, "Plan Rows": 1, "Plan Width": 20, "Actual Startup Time": 0.002, "Actual Total Time": 0.002, "Actual Rows": 0, "Actual Loops": 3632, "Index Cond": "((sr_item_sk = store_sales.ss_item_sk) AND (sr_ticket_number = store_sales.ss_ticket_number))", "Rows Removed by Index Recheck": 0, "Workers": []}]}, {"Node Type": "Memoize", "Parent Relationship": "Inner", "Parallel Aware": false, "Async Capable": false, "Startup Cost": 0.15, "Total Cost": 0.17, "Plan Rows": 1, "Plan Width": 72, "Actual Startup Time": 0.0, "Actual Total Time": 0.0, "Actual Rows": 1, "Actual Loops": 3632, "Cache Key": "store_sales.ss_store_sk", "Cache Mode": "logical", "Cache Hits": 754, "Cache Misses": 7, "Cache Evictions": 0, "Cache Overflows": 0, "Peak Memory Usage": 1, "Workers": [{"Worker Number": 0, "Cache Hits": 699, "Cache Misses": 7, "Cache Evictions": 0, "Cache Overflows": 0, "Peak Memory Usage": 1}, {"Worker Number": 1, "Cache Hits": 710, "Cache Misses": 7, "Cache Evictions": 0, "Cache Overflows": 0, "Peak Memory Usage": 1}, {"Worker Number": 2, "Cache Hits": 715, "Cache Misses": 7, "Cache Evictions": 0, "Cache Overflows": 0, "Peak Memory Usage": 1}, {"Worker Number": 3, "Cache Hits": 719, "Cache Misses": 7, "Cache Evictions": 0, "Cache Overflows": 0, "Peak Memory Usage": 1}], "Plans": [{"Node Type": "Index Scan", "Parent Relationship": "Outer", "Parallel Aware": false, "Async Capable": false, "Scan Direction": "Forward", "Index Name": "store_pkey", "Relation Name": "store", "Alias": "store", "Startup Cost": 0.14, "Total Cost": 0.16, "Plan Rows": 1, "Plan Width": 72, "Actual Startup Time": 0.001, "Actual Total Time": 0.001, "Actual Rows": 1, "Actual Loops": 35, "Index Cond": "(s_store_sk = store_sales.ss_store_sk)", "Rows Removed by Index Recheck": 0, "Workers": []}]}]}, {"Node Type": "Index Scan", "Parent Relationship": "Inner", "Parallel Aware": false, "Async Capable": false, "Scan Direction": "Forward", "Index Name": "promotion_pkey", "Relation Name": "promotion", "Alias": "promotion", "Startup Cost": 0.15, "Total Cost": 0.17, "Plan Rows": 1, "Plan Width": 4, "Actual Startup Time": 0.0, "Actual Total Time": 0.0, "Actual Rows": 1, "Actual Loops": 3545, "Index Cond": "(p_promo_sk = store_sales.ss_promo_sk)", "Rows Removed by Index Recheck": 0, "Filter": "(p_channel_tv = 'N'::bpchar)", "Rows Removed by Filter": 0, "Workers": []}]}]}]}]}]}, {"Node Type": "Subquery Scan", "Parent Relationship": "Member", "Parallel Aware": false, "Async Capable": false, "Alias": "csr", "Startup Cost": 45120.34, "Total Cost": 45125.85, "Plan Rows": 34, "Plan Width": 160, "Actual Startup Time": 52.569, "Actual Total Time": 53.391, "Actual Rows": 404, "Actual Loops": 1, "Plans": [{"Node Type": "Aggregate", "Strategy": "Sorted", "Partial Mode": "Simple", "Parent Relationship": "Subquery", "Parallel Aware": false, "Async Capable": false, "Startup Cost": 45120.34, "Total Cost": 45125.42, "Plan Rows": 34, "Plan Width": 113, "Actual Startup Time": 52.561, "Actual Total Time": 53.344, "Actual Rows": 404, "Actual Loops": 1, "Group Key": ["catalog_page.cp_catalog_page_id"], "Plans": [{"Node Type": "Gather Merge", "Parent Relationship": "Outer", "Parallel Aware": false, "Async Capable": false, "Startup Cost": 45120.34, "Total Cost": 45124.4, "Plan Rows": 34, "Plan Width": 41, "Actual Startup Time": 52.536, "Actual Total Time": 52.929, "Actual Rows": 1757, "Actual Loops": 1, "Workers Planned": 4, "Workers Launched": 3, "Plans": [{"Node Type": "Sort", "Parent Relationship": "Outer", "Parallel Aware": false, "Async Capable": false, "Startup Cost": 44120.28, "Total Cost": 44120.3, "Plan Rows": 8, "Plan Width": 41, "Actual Startup Time": 50.484, "Actual Total Time": 50.498, "Actual Rows": 439, "Actual Loops": 4, "Sort Key": ["catalog_page.cp_catalog_page_id"], "Sort Method": "quicksort", "Sort Space Used": 52, "Sort Space Type": "Memory", "Workers": [{"Worker Number": 0, "Sort Method": "quicksort", "Sort Space Used": 47, "Sort Space Type": "Memory"}, {"Worker Number": 1, "Sort Method": "quicksort", "Sort Space Used": 47, "Sort Space Type": "Memory"}, {"Worker Number": 2, "Sort Method": "quicksort", "Sort Space Used": 51, "Sort Space Type": "Memory"}], "Plans": [{"Node Type": "Nested Loop", "Parent Relationship": "Outer", "Parallel Aware": false, "Async Capable": false, "Join Type": "Inner", "Startup Cost": 2069.91, "Total Cost": 44120.16, "Plan Rows": 8, "Plan Width": 41, "Actual Startup Time": 21.819, "Actual Total Time": 50.126, "Actual Rows": 439, "Actual Loops": 4, "Inner Unique": true, "Workers": [], "Plans": [{"Node Type": "Nested Loop", "Parent Relationship": "Outer", "Parallel Aware": false, "Async Capable": false, "Join Type": "Left", "Startup Cost": 2069.63, "Total Cost": 44117.73, "Plan Rows": 8, "Plan Width": 28, "Actual Startup Time": 21.803, "Actual Total Time": 49.84, "Actual Rows": 440, "Actual Loops": 4, "Inner Unique": true, "Workers": [], "Plans": [{"Node Type": "Nested Loop", "Parent Relationship": "Outer", "Parallel Aware": false, "Async Capable": false, "Join Type": "Inner", "Startup Cost": 2069.21, "Total Cost": 44114.13, "Plan Rows": 8, "Plan Width": 24, "Actual Startup Time": 21.782, "Actual Total Time": 49.233, "Actual Rows": 440, "Actual Loops": 4, "Inner Unique": true, "Workers": [], "Plans": [{"Node Type": "Nested Loop", "Parent Relationship": "Outer", "Parallel Aware": false, "Async Capable": false, "Join Type": "Inner", "Startup Cost": 2069.06, "Total Cost": 44112.63, "Plan Rows": 9, "Plan Width": 28, "Actual Startup Time": 21.769, "Actual Total Time": 48.979, "Actual Rows": 452, "Actual Loops": 4, "Inner Unique": true, "Workers": [], "Plans": [{"Node Type": "Hash Join", "Parent Relationship": "Outer", "Parallel Aware": true, "Async Capable": false, "Join Type": "Inner", "Startup Cost": 2068.78, "Total Cost": 44066.57, "Plan Rows": 148, "Plan Width": 28, "Actual Startup Time": 21.679, "Actual Total Time": 43.078, "Actual Rows": 7912, "Actual Loops": 4, "Inner Unique": true, "Hash Cond": "(catalog_sales.cs_sold_date_sk = date_dim_1.d_date_sk)", "Workers": [], "Plans": [{"Node Type": "Seq Scan", "Parent Relationship": "Outer", "Parallel Aware": true, "Async Capable": false, "Relation Name": "catalog_sales", "Alias": "catalog_sales", "Startup Cost": 0.0, "Total Cost": 41051.75, "Plan Rows": 360375, "Plan Width": 32, "Actual Startup Time": 0.004, "Actual Total Time": 19.318, "Actual Rows": 360387, "Actual Loops": 4, "Workers": []}, {"Node Type": "Hash", "Parent Relationship": "Inner", "Parallel Aware": true, "Async Capable": false, "Startup Cost": 2068.55, "Total Cost": 2068.55, "Plan Rows": 18, "Plan Width": 4, "Actual Startup Time": 0.956, "Actual Total Time": 0.956, "Actual Rows": 8, "Actual Loops": 4, "Hash Buckets": 1024, "Original Hash Buckets": 1024, "Hash Batches": 1, "Original Hash Batches": 1, "Peak Memory Usage": 40, "Workers": [], "Plans": [{"Node Type": "Seq Scan", "Parent Relationship": "Outer", "Parallel Aware": true, "Async Capable": false, "Relation Name": "date_dim", "Alias": "date_dim_1", "Startup Cost": 0.0, "Total Cost": 2068.55, "Plan Rows": 18, "Plan Width": 4, "Actual Startup Time": 0.779, "Actual Total Time": 0.939, "Actual Rows": 8, "Actual Loops": 4, "Filter": "((d_date >= '2000-08-23'::date) AND (d_date <= '2000-09-22'::date))", "Rows Removed by Filter": 18254, "Workers": []}]}]}, {"Node Type": "Index Scan", "Parent Relationship": "Inner", "Parallel Aware": false, "Async Capable": false, "Scan Direction": "Forward", "Index Name": "item_pkey", "Relation Name": "item", "Alias": "item_1", "Startup Cost": 0.29, "Total Cost": 0.31, "Plan Rows": 1, "Plan Width": 4, "Actual Startup Time": 0.001, "Actual Total Time": 0.001, "Actual Rows": 0, "Actual Loops": 31647, "Index Cond": "(i_item_sk = catalog_sales.cs_item_sk)", "Rows Removed by Index Recheck": 0, "Filter": "(i_current_price > '50'::numeric)", "Rows Removed by Filter": 1, "Workers": []}]}, {"Node Type": "Index Scan", "Parent Relationship": "Inner", "Parallel Aware": false, "Async Capable": false, "Scan Direction": "Forward", "Index Name": "promotion_pkey", "Relation Name": "promotion", "Alias": "promotion_1", "Startup Cost": 0.15, "Total Cost": 0.17, "Plan Rows": 1, "Plan Width": 4, "Actual Startup Time": 0.0, "Actual Total Time": 0.0, "Actual Rows": 1, "Actual Loops": 1807, "Index Cond": "(p_promo_sk = catalog_sales.cs_promo_sk)", "Rows Removed by Index Recheck": 0, "Filter": "(p_channel_tv = 'N'::bpchar)", "Rows Removed by Filter": 0, "Workers": []}]}, {"Node Type": "Index Scan", "Parent Relationship": "Inner", "Parallel Aware": false, "Async Capable": false, "Scan Direction": "Forward", "Index Name": "catalog_returns_pkey", "Relation Name": "catalog_returns", "Alias": "catalog_returns", "Startup Cost": 0.42, "Total Cost": 0.45, "Plan Rows": 1, "Plan Width": 20, "Actual Startup Time": 0.001, "Actual Total Time": 0.001, "Actual Rows": 0, "Actual Loops": 1760, "Index Cond": "((cr_item_sk = catalog_sales.cs_item_sk) AND (cr_order_number = catalog_sales.cs_order_number))", "Rows Removed by Index Recheck": 0, "Workers": []}]}, {"Node Type": "Index Scan", "Parent Relationship": "Inner", "Parallel Aware": false, "Async Capable": false, "Scan Direction": "Forward", "Index Name": "catalog_page_pkey", "Relation Name": "catalog_page", "Alias": "catalog_page", "Startup Cost": 0.29, "Total Cost": 0.3, "Plan Rows": 1, "Plan Width": 21, "Actual Startup Time": 0.001, "Actual Total Time": 0.001, "Actual Rows": 1, "Actual Loops": 1760, "Index Cond": "(cp_catalog_page_sk = catalog_sales.cs_catalog_page_sk)", "Rows Removed by Index Recheck": 0, "Workers": []}]}]}]}]}]}, {"Node Type": "Subquery Scan", "Parent Relationship": "Member", "Parallel Aware": false, "Async Capable": false, "Alias": "wsr", "Startup Cost": 24855.81, "Total Cost": 24858.51, "Plan Rows": 17, "Plan Width": 160, "Actual Startup Time": 27.901, "Actual Total Time": 30.09, "Actual Rows": 15, "Actual Loops": 1, "Plans": [{"Node Type": "Aggregate", "Strategy": "Sorted", "Partial Mode": "Finalize", "Parent Relationship": "Subquery", "Parallel Aware": false, "Async Capable": false, "Startup Cost": 24855.81, "Total Cost": 24858.29, "Plan Rows": 17, "Plan Width": 164, "Actual Startup Time": 27.897, "Actual Total Time": 30.084, "Actual Rows": 15, "Actual Loops": 1, "Group Key": ["web_site.web_site_id"], "Plans": [{"Node Type": "Gather Merge", "Parent Relationship": "Outer", "Parallel Aware": false, "Async Capable": false, "Startup Cost": 24855.81, "Total Cost": 24857.73, "Plan Rows": 15, "Plan Width": 164, "Actual Startup Time": 27.879, "Actual Total Time": 30.045, "Actual Rows": 60, "Actual Loops": 1, "Workers Planned": 3, "Workers Launched": 3, "Plans": [{"Node Type": "Aggregate", "Strategy": "Sorted", "Partial Mode": "Partial", "Parent Relationship": "Outer", "Parallel Aware": false, "Async Capable": false, "Startup Cost": 23855.77, "Total Cost": 23855.93, "Plan Rows": 5, "Plan Width": 164, "Actual Startup Time": 25.895, "Actual Total Time": 25.936, "Actual Rows": 15, "Actual Loops": 4, "Group Key": ["web_site.web_site_id"], "Workers": [], "Plans": [{"Node Type": "Sort", "Parent Relationship": "Outer", "Parallel Aware": false, "Async Capable": false, "Startup Cost": 23855.77, "Total Cost": 23855.78, "Plan Rows": 5, "Plan Width": 92, "Actual Startup Time": 25.882, "Actual Total Time": 25.89, "Actual Rows": 220, "Actual Loops": 4, "Sort Key": ["web_site.web_site_id"], "Sort Method": "quicksort", "Sort Space Used": 39, "Sort Space Type": "Memory", "Workers": [{"Worker Number": 0, "Sort Method": "quicksort", "Sort Space Used": 37, "Sort Space Type": "Memory"}, {"Worker Number": 1, "Sort Method": "quicksort", "Sort Space Used": 36, "Sort Space Type": "Memory"}, {"Worker Number": 2, "Sort Method": "quicksort", "Sort Space Used": 36, "Sort Space Type": "Memory"}], "Plans": [{"Node Type": "Nested Loop", "Parent Relationship": "Outer", "Parallel Aware": false, "Async Capable": false, "Join Type": "Inner", "Startup Cost": 2069.64, "Total Cost": 23855.71, "Plan Rows": 5, "Plan Width": 92, "Actual Startup Time": 1.205, "Actual Total Time": 25.812, "Actual Rows": 220, "Actual Loops": 4, "Inner Unique": true, "Workers": [], "Plans": [{"Node Type": "Nested Loop", "Parent Relationship": "Outer", "Parallel Aware": false, "Async Capable": false, "Join Type": "Inner", "Startup Cost": 2069.49, "Total Cost": 23854.87, "Plan Rows": 5, "Plan Width": 96, "Actual Startup Time": 1.193, "Actual Total Time": 25.662, "Actual Rows": 224, "Actual Loops": 4, "Inner Unique": true, "Workers": [], "Plans": [{"Node Type": "Nested Loop", "Parent Relationship": "Outer", "Parallel Aware": false, "Async Capable": false, "Join Type": "Left", "Startup Cost": 2069.36, "Total Cost": 23854.08, "Plan Rows": 5, "Plan Width": 32, "Actual Startup Time": 1.184, "Actual Total Time": 25.562, "Actual Rows": 224, "Actual Loops": 4, "Inner Unique": true, "Workers": [], "Plans": [{"Node Type": "Nested Loop", "Parent Relationship": "Outer", "Parallel Aware": false, "Async Capable": false, "Join Type": "Inner", "Startup Cost": 2069.06, "Total Cost": 23852.48, "Plan Rows": 5, "Plan Width": 28, "Actual Startup Time": 1.17, "Actual Total Time": 25.144, "Actual Rows": 224, "Actual Loops": 4, "Inner Unique": true, "Workers": [], "Plans": [{"Node Type": "Hash Join", "Parent Relationship": "Outer", "Parallel Aware": true, "Async Capable": false, "Join Type": "Inner", "Startup Cost": 2068.78, "Total Cost": 23822.56, "Plan Rows": 95, "Plan Width": 28, "Actual Startup Time": 1.056, "Actual Total Time": 21.552, "Actual Rows": 4056, "Actual Loops": 4, "Inner Unique": true, "Hash Cond": "(web_sales.ws_sold_date_sk = date_dim_2.d_date_sk)", "Workers": [], "Plans": [{"Node Type": "Seq Scan", "Parent Relationship": "Outer", "Parallel Aware": true, "Async Capable": false, "Relation Name": "web_sales", "Alias": "web_sales", "Startup Cost": 0.0, "Total Cost": 21144.59, "Plan Rows": 232059, "Plan Width": 32, "Actual Startup Time": 0.002, "Actual Total Time": 9.404, "Actual Rows": 179846, "Actual Loops": 4, "Workers": []}, {"Node Type": "Hash", "Parent Relationship": "Inner", "Parallel Aware": true, "Async Capable": false, "Startup Cost": 2068.55, "Total Cost": 2068.55, "Plan Rows": 18, "Plan Width": 4, "Actual Startup Time": 0.955, "Actual Total Time": 0.955, "Actual Rows": 8, "Actual Loops": 4, "Hash Buckets": 1024, "Original Hash Buckets": 1024, "Hash Batches": 1, "Original Hash Batches": 1, "Peak Memory Usage": 40, "Workers": [], "Plans": [{"Node Type": "Seq Scan", "Parent Relationship": "Outer", "Parallel Aware": true, "Async Capable": false, "Relation Name": "date_dim", "Alias": "date_dim_2", "Startup Cost": 0.0, "Total Cost": 2068.55, "Plan Rows": 18, "Plan Width": 4, "Actual Startup Time": 0.767, "Actual Total Time": 0.941, "Actual Rows": 8, "Actual Loops": 4, "Filter": "((d_date >= '2000-08-23'::date) AND (d_date <= '2000-09-22'::date))", "Rows Removed by Filter": 18254, "Workers": []}]}]}, {"Node Type": "Index Scan", "Parent Relationship": "Inner", "Parallel Aware": false, "Async Capable": false, "Scan Direction": "Forward", "Index Name": "item_pkey", "Relation Name": "item", "Alias": "item_2", "Startup Cost": 0.29, "Total Cost": 0.31, "Plan Rows": 1, "Plan Width": 4, "Actual Startup Time": 0.001, "Actual Total Time": 0.001, "Actual Rows": 0, "Actual Loops": 16223, "Index Cond": "(i_item_sk = web_sales.ws_item_sk)", "Rows Removed by Index Recheck": 0, "Filter": "(i_current_price > '50'::numeric)", "Rows Removed by Filter": 1, "Workers": []}]}, {"Node Type": "Index Scan", "Parent Relationship": "Inner", "Parallel Aware": false, "Async Capable": false, "Scan Direction": "Forward", "Index Name": "web_returns_pkey", "Relation Name": "web_returns", "Alias": "web_returns", "Startup Cost": 0.29, "Total Cost": 0.32, "Plan Rows": 1, "Plan Width": 20, "Actual Startup Time": 0.002, "Actual Total Time": 0.002, "Actual Rows": 0, "Actual Loops": 895, "Index Cond": "((wr_item_sk = web_sales.ws_item_sk) AND (wr_order_number = web_sales.ws_order_number))", "Rows Removed by Index Recheck": 0, "Workers": []}]}, {"Node Type": "Index Scan", "Parent Relationship": "Inner", "Parallel Aware": false, "Async Capable": false, "Scan Direction": "Forward", "Index Name": "web_site_pkey", "Relation Name": "web_site", "Alias": "web_site", "Startup Cost": 0.14, "Total Cost": 0.16, "Plan Rows": 1, "Plan Width": 72, "Actual Startup Time": 0.0, "Actual Total Time": 0.0, "Actual Rows": 1, "Actual Loops": 895, "Index Cond": "(web_site_sk = web_sales.ws_web_site_sk)", "Rows Removed by Index Recheck": 0, "Workers": []}]}, {"Node Type": "Index Scan", "Parent Relationship": "Inner", "Parallel Aware": false, "Async Capable": false, "Scan Direction": "Forward", "Index Name": "promotion_pkey", "Relation Name": "promotion", "Alias": "promotion_2", "Startup Cost": 0.15, "Total Cost": 0.17, "Plan Rows": 1, "Plan Width": 4, "Actual Startup Time": 0.001, "Actual Total Time": 0.001, "Actual Rows": 1, "Actual Loops": 894, "Index Cond": "(p_promo_sk = web_sales.ws_promo_sk)", "Rows Removed by Index Recheck": 0, "Filter": "(p_channel_tv = 'N'::bpchar)", "Rows Removed by Filter": 0, "Workers": []}]}]}]}]}]}]}]}]}]}]}, "Planning Time": 2.46, "Triggers": [], "Execution Time": 148.676}