{"Plan": {"Node Type": "Limit", "Parallel Aware": false, "Async Capable": false, "Startup Cost": 8955.22, "Total Cost": 8961.36, "Plan Rows": 3, "Plan Width": 125, "Actual Startup Time": 8.712, "Actual Total Time": 9.805, "Actual Rows": 2, "Actual Loops": 1, "Plans": [{"Node Type": "Group", "Parent Relationship": "Outer", "Parallel Aware": false, "Async Capable": false, "Startup Cost": 8955.22, "Total Cost": 8961.36, "Plan Rows": 3, "Plan Width": 125, "Actual Startup Time": 8.711, "Actual Total Time": 9.805, "Actual Rows": 2, "Actual Loops": 1, "Group Key": ["item.i_item_id", "item.i_item_desc", "item.i_current_price"], "Plans": [{"Node Type": "Nested Loop", "Parent Relationship": "Outer", "Parallel Aware": false, "Async Capable": false, "Join Type": "Inner", "Startup Cost": 8955.22, "Total Cost": 8960.16, "Plan Rows": 160, "Plan Width": 125, "Actual Startup Time": 8.711, "Actual Total Time": 9.377, "Actual Rows": 8058, "Actual Loops": 1, "Inner Unique": false, "Plans": [{"Node Type": "Gather Merge", "Parent Relationship": "Outer", "Parallel Aware": false, "Async Capable": false, "Startup Cost": 8954.79, "Total Cost": 8954.91, "Plan Rows": 1, "Plan Width": 133, "Actual Startup Time": 8.691, "Actual Total Time": 8.717, "Actual Rows": 34, "Actual Loops": 1, "Workers Planned": 1, "Workers Launched": 1, "Plans": [{"Node Type": "Sort", "Parent Relationship": "Outer", "Parallel Aware": false, "Async Capable": false, "Startup Cost": 7954.78, "Total Cost": 7954.79, "Plan Rows": 1, "Plan Width": 133, "Actual Startup Time": 7.884, "Actual Total Time": 7.885, "Actual Rows": 17, "Actual Loops": 2, "Sort Key": ["item.i_item_id", "item.i_item_desc", "item.i_current_price"], "Sort Method": "quicksort", "Sort Space Used": 27, "Sort Space Type": "Memory", "Workers": [{"Worker Number": 0, "Sort Method": "quicksort", "Sort Space Used": 29, "Sort Space Type": "Memory"}], "Plans": [{"Node Type": "Nested Loop", "Parent Relationship": "Outer", "Parallel Aware": false, "Async Capable": false, "Join Type": "Inner", "Startup Cost": 0.43, "Total Cost": 7954.77, "Plan Rows": 1, "Plan Width": 133, "Actual Startup Time": 4.486, "Actual Total Time": 7.865, "Actual Rows": 17, "Actual Loops": 2, "Inner Unique": false, "Workers": [], "Plans": [{"Node Type": "Seq Scan", "Parent Relationship": "Outer", "Parallel Aware": true, "Async Capable": false, "Relation Name": "item", "Alias": "item", "Startup Cost": 0.0, "Total Cost": 1495.76, "Plan Rows": 2, "Plan Width": 129, "Actual Startup Time": 1.486, "Actual Total Time": 2.659, "Actual Rows": 2, "Actual Loops": 2, "Filter": "((i_current_price >= '62'::numeric) AND (i_current_price <= '92'::numeric) AND (i_manufact_id = ANY ('{129,270,821,423}'::integer[])))", "Rows Removed by Filter": 8998, "Workers": []}, {"Node Type": "Nested Loop", "Parent Relationship": "Inner", "Parallel Aware": false, "Async Capable": false, "Join Type": "Inner", "Startup Cost": 0.43, "Total Cost": 3228.91, "Plan Rows": 59, "Plan Width": 4, "Actual Startup Time": 1.859, "Actual Total Time": 2.601, "Actual Rows": 8, "Actual Loops": 4, "Inner Unique": false, "Workers": [], "Plans": [{"Node Type": "Seq Scan", "Parent Relationship": "Outer", "Parallel Aware": false, "Async Capable": false, "Relation Name": "date_dim", "Alias": "date_dim", "Startup Cost": 0.0, "Total Cost": 2519.73, "Plan Rows": 59, "Plan Width": 4, "Actual Startup Time": 1.143, "Actual Total Time": 2.422, "Actual Rows": 61, "Actual Loops": 4, "Filter": "((d_date >= '2000-05-25'::date) AND (d_date <= '2000-07-24'::date))", "Rows Removed by Filter": 72988, "Workers": []}, {"Node Type": "Index Scan", "Parent Relationship": "Inner", "Parallel Aware": false, "Async Capable": false, "Scan Direction": "Forward", "Index Name": "inventory_pkey", "Relation Name": "inventory", "Alias": "inventory", "Startup Cost": 0.43, "Total Cost": 12.01, "Plan Rows": 1, "Plan Width": 8, "Actual Startup Time": 0.002, "Actual Total Time": 0.003, "Actual Rows": 0, "Actual Loops": 244, "Index Cond": "((inv_date_sk = date_dim.d_date_sk) AND (inv_item_sk = item.i_item_sk))", "Rows Removed by Index Recheck": 0, "Filter": "((inv_quantity_on_hand >= 100) AND (inv_quantity_on_hand <= 500))", "Rows Removed by Filter": 0, "Workers": []}]}]}]}]}, {"Node Type": "Index Only Scan", "Parent Relationship": "Inner", "Parallel Aware": false, "Async Capable": false, "Scan Direction": "Forward", "Index Name": "store_sales_pkey", "Relation Name": "store_sales", "Alias": "store_sales", "Startup Cost": 0.43, "Total Cost": 3.5, "Plan Rows": 175, "Plan Width": 4, "Actual Startup Time": 0.002, "Actual Total Time": 0.01, "Actual Rows": 237, "Actual Loops": 34, "Index Cond": "(ss_item_sk = inventory.inv_item_sk)", "Rows Removed by Index Recheck": 0, "Heap Fetches": 0}]}]}]}, "Planning Time": 1.009, "Triggers": [], "Execution Time": 9.862}