{"Plan": {"Node Type": "Limit", "Parallel Aware": false, "Async Capable": false, "Startup Cost": 33235.74, "Total Cost": 33237.18, "Plan Rows": 10, "Plan Width": 169, "Actual Startup Time": 46.26, "Actual Total Time": 46.541, "Actual Rows": 21, "Actual Loops": 1, "Plans": [{"Node Type": "Incremental Sort", "Parent Relationship": "Outer", "Parallel Aware": false, "Async Capable": false, "Startup Cost": 33235.74, "Total Cost": 33237.18, "Plan Rows": 10, "Plan Width": 169, "Actual Startup Time": 46.259, "Actual Total Time": 46.539, "Actual Rows": 21, "Actual Loops": 1, "Sort Key": ["item.i_item_id NULLS FIRST", "(sum(store_returns.sr_return_quantity)) NULLS FIRST"], "Presorted Key": ["item.i_item_id"], "Full-sort Groups": {"Group Count": 1, "Sort Methods Used": ["quicksort"], "Sort Space Memory": {"Average Sort Space Used": 27, "Peak Sort Space Used": 27}}, "Plans": [{"Node Type": "Merge Join", "Parent Relationship": "Outer", "Parallel Aware": false, "Async Capable": false, "Join Type": "Inner", "Startup Cost": 33235.62, "Total Cost": 33236.73, "Plan Rows": 10, "Plan Width": 169, "Actual Startup Time": 46.086, "Actual Total Time": 46.527, "Actual Rows": 21, "Actual Loops": 1, "Inner Unique": true, "Merge Cond": "(item.i_item_id = cr_items.item_id)", "Plans": [{"Node Type": "Sort", "Parent Relationship": "Outer", "Parallel Aware": false, "Async Capable": false, "Startup Cost": 22211.87, "Total Cost": 22211.92, "Plan Rows": 21, "Plan Width": 50, "Actual Startup Time": 31.757, "Actual Total Time": 31.953, "Actual Rows": 170, "Actual Loops": 1, "Sort Key": ["item.i_item_id NULLS FIRST"], "Sort Method": "quicksort", "Sort Space Used": 39, "Sort Space Type": "Memory", "Plans": [{"Node Type": "Merge Join", "Parent Relationship": "Outer", "Parallel Aware": false, "Async Capable": false, "Join Type": "Inner", "Startup Cost": 22199.02, "Total Cost": 22211.41, "Plan Rows": 21, "Plan Width": 50, "Actual Startup Time": 30.336, "Actual Total Time": 31.919, "Actual Rows": 170, "Actual Loops": 1, "Inner Unique": true, "Merge Cond": "(item.i_item_id = item_1.i_item_id)", "Plans": [{"Node Type": "Aggregate", "Strategy": "Sorted", "Partial Mode": "Finalize", "Parent Relationship": "Outer", "Parallel Aware": false, "Async Capable": false, "Startup Cost": 13432.09, "Total Cost": 13441.96, "Plan Rows": 83, "Plan Width": 25, "Actual Startup Time": 14.44, "Actual Total Time": 15.468, "Actual Rows": 2275, "Actual Loops": 1, "Group Key": ["item.i_item_id"], "Plans": [{"Node Type": "Gather Merge", "Parent Relationship": "Outer", "Parallel Aware": false, "Async Capable": false, "Startup Cost": 13432.09, "Total Cost": 13440.78, "Plan Rows": 70, "Plan Width": 25, "Actual Startup Time": 14.436, "Actual Total Time": 15.231, "Actual Rows": 2487, "Actual Loops": 1, "Workers Planned": 2, "Workers Launched": 2, "Plans": [{"Node Type": "Aggregate", "Strategy": "Sorted", "Partial Mode": "Partial", "Parent Relationship": "Outer", "Parallel Aware": false, "Async Capable": false, "Startup Cost": 12432.07, "Total Cost": 12432.68, "Plan Rows": 35, "Plan Width": 25, "Actual Startup Time": 13.332, "Actual Total Time": 13.45, "Actual Rows": 829, "Actual Loops": 3, "Group Key": ["item.i_item_id"], "Workers": [], "Plans": [{"Node Type": "Sort", "Parent Relationship": "Outer", "Parallel Aware": false, "Async Capable": false, "Startup Cost": 12432.07, "Total Cost": 12432.16, "Plan Rows": 35, "Plan Width": 21, "Actual Startup Time": 13.327, "Actual Total Time": 13.354, "Actual Rows": 873, "Actual Loops": 3, "Sort Key": ["item.i_item_id"], "Sort Method": "quicksort", "Sort Space Used": 64, "Sort Space Type": "Memory", "Workers": [{"Worker Number": 0, "Sort Method": "quicksort", "Sort Space Used": 66, "Sort Space Type": "Memory"}, {"Worker Number": 1, "Sort Method": "quicksort", "Sort Space Used": 66, "Sort Space Type": "Memory"}], "Plans": [{"Node Type": "Nested Loop", "Parent Relationship": "Outer", "Parallel Aware": false, "Async Capable": false, "Join Type": "Inner", "Startup Cost": 5948.72, "Total Cost": 12431.17, "Plan Rows": 35, "Plan Width": 21, "Actual Startup Time": 4.026, "Actual Total Time": 12.633, "Actual Rows": 873, "Actual Loops": 3, "Inner Unique": true, "Workers": [], "Plans": [{"Node Type": "Hash Join", "Parent Relationship": "Outer", "Parallel Aware": true, "Async Capable": false, "Join Type": "Inner", "Startup Cost": 5948.44, "Total Cost": 12419.84, "Plan Rows": 35, "Plan Width": 8, "Actual Startup Time": 4.01, "Actual Total Time": 11.519, "Actual Rows": 873, "Actual Loops": 3, "Inner Unique": false, "Hash Cond": "(store_returns.sr_returned_date_sk = date_dim.d_date_sk)", "Workers": [], "Plans": [{"Node Type": "Seq Scan", "Parent Relationship": "Outer", "Parallel Aware": true, "Async Capable": false, "Relation Name": "store_returns", "Alias": "store_returns", "Startup Cost": 0.0, "Total Cost": 6021.98, "Plan Rows": 119798, "Plan Width": 12, "Actual Startup Time": 0.004, "Actual Total Time": 4.068, "Actual Rows": 95838, "Actual Loops": 3, "Workers": []}, {"Node Type": "Hash", "Parent Relationship": "Inner", "Parallel Aware": true, "Async Capable": false, "Startup Cost": 5948.29, "Total Cost": 5948.29, "Plan Rows": 12, "Plan Width": 4, "Actual Startup Time": 3.935, "Actual Total Time": 3.938, "Actual Rows": 7, "Actual Loops": 3, "Hash Buckets": 1024, "Original Hash Buckets": 1024, "Hash Batches": 1, "Original Hash Batches": 1, "Peak Memory Usage": 72, "Workers": [], "Plans": [{"Node Type": "Hash Join", "Parent Relationship": "Outer", "Parallel Aware": true, "Async Capable": false, "Join Type": "Semi", "Startup Cost": 3981.66, "Total Cost": 5948.29, "Plan Rows": 12, "Plan Width": 4, "Actual Startup Time": 3.46, "Actual Total Time": 3.93, "Actual Rows": 7, "Actual Loops": 3, "Inner Unique": false, "Hash Cond": "(date_dim.d_date = date_dim_1.d_date)", "Workers": [], "Plans": [{"Node Type": "Seq Scan", "Parent Relationship": "Outer", "Parallel Aware": true, "Async Capable": false, "Relation Name": "date_dim", "Alias": "date_dim", "Startup Cost": 0.0, "Total Cost": 1853.7, "Plan Rows": 42970, "Plan Width": 8, "Actual Startup Time": 0.0, "Actual Total Time": 0.666, "Actual Rows": 24350, "Actual Loops": 3, "Workers": []}, {"Node Type": "Hash", "Parent Relationship": "Inner", "Parallel Aware": true, "Async Capable": false, "Startup Cost": 3981.51, "Total Cost": 3981.51, "Plan Rows": 12, "Plan Width": 4, "Actual Startup Time": 2.495, "Actual Total Time": 2.497, "Actual Rows": 7, "Actual Loops": 3, "Hash Buckets": 1024, "Original Hash Buckets": 1024, "Hash Batches": 1, "Original Hash Batches": 1, "Peak Memory Usage": 104, "Workers": [], "Plans": [{"Node Type": "Hash Join", "Parent Relationship": "Outer", "Parallel Aware": true, "Async Capable": false, "Join Type": "Semi", "Startup Cost": 2014.86, "Total Cost": 3981.51, "Plan Rows": 12, "Plan Width": 4, "Actual Startup Time": 1.739, "Actual Total Time": 2.49, "Actual Rows": 7, "Actual Loops": 3, "Inner Unique": false, "Hash Cond": "(date_dim_1.d_week_seq = date_dim_2.d_week_seq)", "Workers": [], "Plans": [{"Node Type": "Seq Scan", "Parent Relationship": "Outer", "Parallel Aware": true, "Async Capable": false, "Relation Name": "date_dim", "Alias": "date_dim_1", "Startup Cost": 0.0, "Total Cost": 1853.7, "Plan Rows": 42970, "Plan Width": 8, "Actual Startup Time": 0.001, "Actual Total Time": 0.715, "Actual Rows": 24350, "Actual Loops": 3, "Workers": []}, {"Node Type": "Hash", "Parent Relationship": "Inner", "Parallel Aware": true, "Async Capable": false, "Startup Cost": 2014.84, "Total Cost": 2014.84, "Plan Rows": 2, "Plan Width": 4, "Actual Startup Time": 0.942, "Actual Total Time": 0.943, "Actual Rows": 1, "Actual Loops": 3, "Hash Buckets": 1024, "Original Hash Buckets": 1024, "Hash Batches": 1, "Original Hash Batches": 1, "Peak Memory Usage": 72, "Workers": [], "Plans": [{"Node Type": "Seq Scan", "Parent Relationship": "Outer", "Parallel Aware": true, "Async Capable": false, "Relation Name": "date_dim", "Alias": "date_dim_2", "Startup Cost": 0.0, "Total Cost": 2014.84, "Plan Rows": 2, "Plan Width": 4, "Actual Startup Time": 0.579, "Actual Total Time": 0.924, "Actual Rows": 1, "Actual Loops": 3, "Filter": "(d_date = ANY ('{2000-06-30,2000-09-27,2000-11-17}'::date[]))", "Rows Removed by Filter": 24349, "Workers": []}]}]}]}]}]}]}, {"Node Type": "Index Scan", "Parent Relationship": "Inner", "Parallel Aware": false, "Async Capable": false, "Scan Direction": "Forward", "Index Name": "item_pkey", "Relation Name": "item", "Alias": "item", "Startup Cost": 0.29, "Total Cost": 0.32, "Plan Rows": 1, "Plan Width": 21, "Actual Startup Time": 0.001, "Actual Total Time": 0.001, "Actual Rows": 1, "Actual Loops": 2619, "Index Cond": "(i_item_sk = store_returns.sr_item_sk)", "Rows Removed by Index Recheck": 0, "Workers": []}]}]}]}]}]}, {"Node Type": "Aggregate", "Strategy": "Sorted", "Partial Mode": "Finalize", "Parent Relationship": "Inner", "Parallel Aware": false, "Async Capable": false, "Startup Cost": 8766.93, "Total Cost": 8768.76, "Plan Rows": 21, "Plan Width": 25, "Actual Startup Time": 15.882, "Actual Total Time": 16.168, "Actual Rows": 682, "Actual Loops": 1, "Group Key": ["item_1.i_item_id"], "Plans": [{"Node Type": "Gather Merge", "Parent Relationship": "Outer", "Parallel Aware": false, "Async Capable": false, "Startup Cost": 8766.93, "Total Cost": 8768.49, "Plan Rows": 12, "Plan Width": 25, "Actual Startup Time": 15.878, "Actual Total Time": 16.097, "Actual Rows": 692, "Actual Loops": 1, "Workers Planned": 1, "Workers Launched": 1, "Plans": [{"Node Type": "Aggregate", "Strategy": "Sorted", "Partial Mode": "Partial", "Parent Relationship": "Outer", "Parallel Aware": false, "Async Capable": false, "Startup Cost": 7766.92, "Total Cost": 7767.13, "Plan Rows": 12, "Plan Width": 25, "Actual Startup Time": 14.677, "Actual Total Time": 14.726, "Actual Rows": 346, "Actual Loops": 2, "Group Key": ["item_1.i_item_id"], "Workers": [], "Plans": [{"Node Type": "Sort", "Parent Relationship": "Outer", "Parallel Aware": false, "Async Capable": false, "Startup Cost": 7766.92, "Total Cost": 7766.95, "Plan Rows": 12, "Plan Width": 21, "Actual Startup Time": 14.674, "Actual Total Time": 14.685, "Actual Rows": 356, "Actual Loops": 2, "Sort Key": ["item_1.i_item_id"], "Sort Method": "quicksort", "Sort Space Used": 41, "Sort Space Type": "Memory", "Workers": [{"Worker Number": 0, "Sort Method": "quicksort", "Sort Space Used": 42, "Sort Space Type": "Memory"}], "Plans": [{"Node Type": "Nested Loop", "Parent Relationship": "Outer", "Parallel Aware": false, "Async Capable": false, "Join Type": "Inner", "Startup Cost": 3982.25, "Total Cost": 7766.71, "Plan Rows": 12, "Plan Width": 21, "Actual Startup Time": 4.559, "Actual Total Time": 14.434, "Actual Rows": 356, "Actual Loops": 2, "Inner Unique": true, "Workers": [], "Plans": [{"Node Type": "Hash Join", "Parent Relationship": "Outer", "Parallel Aware": true, "Async Capable": false, "Join Type": "Semi", "Startup Cost": 3981.96, "Total Cost": 7762.15, "Plan Rows": 12, "Plan Width": 8, "Actual Startup Time": 4.552, "Actual Total Time": 14.011, "Actual Rows": 356, "Actual Loops": 2, "Inner Unique": false, "Hash Cond": "(date_dim_3.d_date = date_dim_4.d_date)", "Workers": [], "Plans": [{"Node Type": "Nested Loop", "Parent Relationship": "Outer", "Parallel Aware": false, "Async Capable": false, "Join Type": "Inner", "Startup Cost": 0.3, "Total Cost": 3669.55, "Plan Rows": 42214, "Plan Width": 12, "Actual Startup Time": 0.02, "Actual Total Time": 8.577, "Actual Rows": 34318, "Actual Loops": 2, "Inner Unique": true, "Workers": [], "Plans": [{"Node Type": "Seq Scan", "Parent Relationship": "Outer", "Parallel Aware": true, "Async Capable": false, "Relation Name": "web_returns", "Alias": "web_returns", "Startup Cost": 0.0, "Total Cost": 1782.14, "Plan Rows": 42214, "Plan Width": 12, "Actual Startup Time": 0.006, "Actual Total Time": 1.551, "Actual Rows": 35882, "Actual Loops": 2, "Workers": []}, {"Node Type": "Memoize", "Parent Relationship": "Inner", "Parallel Aware": false, "Async Capable": false, "Startup Cost": 0.3, "Total Cost": 0.41, "Plan Rows": 1, "Plan Width": 8, "Actual Startup Time": 0.0, "Actual Total Time": 0.0, "Actual Rows": 1, "Actual Loops": 71763, "Cache Key": "web_returns.wr_returned_date_sk", "Cache Mode": "logical", "Cache Hits": 33929, "Cache Misses": 2086, "Cache Evictions": 0, "Cache Overflows": 0, "Peak Memory Usage": 220, "Workers": [{"Worker Number": 0, "Cache Hits": 33663, "Cache Misses": 2085, "Cache Evictions": 0, "Cache Overflows": 0, "Peak Memory Usage": 220}], "Plans": [{"Node Type": "Index Scan", "Parent Relationship": "Outer", "Parallel Aware": false, "Async Capable": false, "Scan Direction": "Forward", "Index Name": "date_dim_pkey", "Relation Name": "date_dim", "Alias": "date_dim_3", "Startup Cost": 0.29, "Total Cost": 0.4, "Plan Rows": 1, "Plan Width": 8, "Actual Startup Time": 0.0, "Actual Total Time": 0.0, "Actual Rows": 1, "Actual Loops": 4171, "Index Cond": "(d_date_sk = web_returns.wr_returned_date_sk)", "Rows Removed by Index Recheck": 0, "Workers": []}]}]}, {"Node Type": "Hash", "Parent Relationship": "Inner", "Parallel Aware": true, "Async Capable": false, "Startup Cost": 3981.51, "Total Cost": 3981.51, "Plan Rows": 12, "Plan Width": 4, "Actual Startup Time": 4.395, "Actual Total Time": 4.396, "Actual Rows": 10, "Actual Loops": 2, "Hash Buckets": 1024, "Original Hash Buckets": 1024, "Hash Batches": 1, "Original Hash Batches": 1, "Peak Memory Usage": 72, "Workers": [], "Plans": [{"Node Type": "Hash Join", "Parent Relationship": "Outer", "Parallel Aware": true, "Async Capable": false, "Join Type": "Semi", "Startup Cost": 2014.86, "Total Cost": 3981.51, "Plan Rows": 12, "Plan Width": 4, "Actual Startup Time": 2.972, "Actual Total Time": 4.381, "Actual Rows": 10, "Actual Loops": 2, "Inner Unique": false, "Hash Cond": "(date_dim_4.d_week_seq = date_dim_5.d_week_seq)", "Workers": [], "Plans": [{"Node Type": "Seq Scan", "Parent Relationship": "Outer", "Parallel Aware": true, "Async Capable": false, "Relation Name": "date_dim", "Alias": "date_dim_4", "Startup Cost": 0.0, "Total Cost": 1853.7, "Plan Rows": 42970, "Plan Width": 8, "Actual Startup Time": 0.001, "Actual Total Time": 1.18, "Actual Rows": 36524, "Actual Loops": 2, "Workers": []}, {"Node Type": "Hash", "Parent Relationship": "Inner", "Parallel Aware": true, "Async Capable": false, "Startup Cost": 2014.84, "Total Cost": 2014.84, "Plan Rows": 2, "Plan Width": 4, "Actual Startup Time": 1.765, "Actual Total Time": 1.765, "Actual Rows": 2, "Actual Loops": 2, "Hash Buckets": 1024, "Original Hash Buckets": 1024, "Hash Batches": 1, "Original Hash Batches": 1, "Peak Memory Usage": 72, "Workers": [], "Plans": [{"Node Type": "Seq Scan", "Parent Relationship": "Outer", "Parallel Aware": true, "Async Capable": false, "Relation Name": "date_dim", "Alias": "date_dim_5", "Startup Cost": 0.0, "Total Cost": 2014.84, "Plan Rows": 2, "Plan Width": 4, "Actual Startup Time": 0.883, "Actual Total Time": 1.757, "Actual Rows": 2, "Actual Loops": 2, "Filter": "(d_date = ANY ('{2000-06-30,2000-09-27,2000-11-17}'::date[]))", "Rows Removed by Filter": 36523, "Workers": []}]}]}]}]}, {"Node Type": "Index Scan", "Parent Relationship": "Inner", "Parallel Aware": false, "Async Capable": false, "Scan Direction": "Forward", "Index Name": "item_pkey", "Relation Name": "item", "Alias": "item_1", "Startup Cost": 0.29, "Total Cost": 0.38, "Plan Rows": 1, "Plan Width": 21, "Actual Startup Time": 0.001, "Actual Total Time": 0.001, "Actual Rows": 1, "Actual Loops": 712, "Index Cond": "(i_item_sk = web_returns.wr_item_sk)", "Rows Removed by Index Recheck": 0, "Workers": []}]}]}]}]}]}]}]}, {"Node Type": "Sort", "Parent Relationship": "Inner", "Parallel Aware": false, "Async Capable": false, "Startup Cost": 11023.75, "Total Cost": 11023.85, "Plan Rows": 41, "Plan Width": 25, "Actual Startup Time": 14.306, "Actual Total Time": 14.419, "Actual Rows": 1276, "Actual Loops": 1, "Sort Key": ["cr_items.item_id NULLS FIRST"], "Sort Method": "quicksort", "Sort Space Used": 119, "Sort Space Type": "Memory", "Plans": [{"Node Type": "Subquery Scan", "Parent Relationship": "Outer", "Parallel Aware": false, "Async Capable": false, "Alias": "cr_items", "Startup Cost": 11018.59, "Total Cost": 11022.65, "Plan Rows": 41, "Plan Width": 25, "Actual Startup Time": 13.679, "Actual Total Time": 14.21, "Actual Rows": 1292, "Actual Loops": 1, "Plans": [{"Node Type": "Aggregate", "Strategy": "Sorted", "Partial Mode": "Finalize", "Parent Relationship": "Subquery", "Parallel Aware": false, "Async Capable": false, "Startup Cost": 11018.59, "Total Cost": 11022.24, "Plan Rows": 41, "Plan Width": 25, "Actual Startup Time": 13.678, "Actual Total Time": 14.157, "Actual Rows": 1292, "Actual Loops": 1, "Group Key": ["item_2.i_item_id"], "Plans": [{"Node Type": "Gather Merge", "Parent Relationship": "Outer", "Parallel Aware": false, "Async Capable": false, "Startup Cost": 11018.59, "Total Cost": 11021.71, "Plan Rows": 24, "Plan Width": 25, "Actual Startup Time": 13.675, "Actual Total Time": 14.024, "Actual Rows": 1332, "Actual Loops": 1, "Workers Planned": 1, "Workers Launched": 1, "Plans": [{"Node Type": "Aggregate", "Strategy": "Sorted", "Partial Mode": "Partial", "Parent Relationship": "Outer", "Parallel Aware": false, "Async Capable": false, "Startup Cost": 10018.58, "Total Cost": 10019.0, "Plan Rows": 24, "Plan Width": 25, "Actual Startup Time": 12.703, "Actual Total Time": 12.791, "Actual Rows": 666, "Actual Loops": 2, "Group Key": ["item_2.i_item_id"], "Workers": [], "Plans": [{"Node Type": "Sort", "Parent Relationship": "Outer", "Parallel Aware": false, "Async Capable": false, "Startup Cost": 10018.58, "Total Cost": 10018.64, "Plan Rows": 24, "Plan Width": 21, "Actual Startup Time": 12.699, "Actual Total Time": 12.717, "Actual Rows": 684, "Actual Loops": 2, "Sort Key": ["item_2.i_item_id"], "Sort Method": "quicksort", "Sort Space Used": 58, "Sort Space Type": "Memory", "Workers": [{"Worker Number": 0, "Sort Method": "quicksort", "Sort Space Used": 55, "Sort Space Type": "Memory"}], "Plans": [{"Node Type": "Nested Loop", "Parent Relationship": "Outer", "Parallel Aware": false, "Async Capable": false, "Join Type": "Inner", "Startup Cost": 5948.72, "Total Cost": 10018.03, "Plan Rows": 24, "Plan Width": 21, "Actual Startup Time": 7.462, "Actual Total Time": 12.214, "Actual Rows": 684, "Actual Loops": 2, "Inner Unique": true, "Workers": [], "Plans": [{"Node Type": "Hash Join", "Parent Relationship": "Outer", "Parallel Aware": true, "Async Capable": false, "Join Type": "Inner", "Startup Cost": 5948.44, "Total Cost": 10009.82, "Plan Rows": 24, "Plan Width": 8, "Actual Startup Time": 7.452, "Actual Total Time": 11.494, "Actual Rows": 684, "Actual Loops": 2, "Inner Unique": false, "Hash Cond": "(catalog_returns.cr_returned_date_sk = date_dim_6.d_date_sk)", "Workers": [], "Plans": [{"Node Type": "Seq Scan", "Parent Relationship": "Outer", "Parallel Aware": true, "Async Capable": false, "Relation Name": "catalog_returns", "Alias": "catalog_returns", "Startup Cost": 0.0, "Total Cost": 3743.45, "Plan Rows": 84745, "Plan Width": 12, "Actual Startup Time": 0.004, "Actual Total Time": 3.121, "Actual Rows": 72034, "Actual Loops": 2, "Workers": []}, {"Node Type": "Hash", "Parent Relationship": "Inner", "Parallel Aware": true, "Async Capable": false, "Startup Cost": 5948.29, "Total Cost": 5948.29, "Plan Rows": 12, "Plan Width": 4, "Actual Startup Time": 5.528, "Actual Total Time": 5.53, "Actual Rows": 10, "Actual Loops": 2, "Hash Buckets": 1024, "Original Hash Buckets": 1024, "Hash Batches": 1, "Original Hash Batches": 1, "Peak Memory Usage": 72, "Workers": [], "Plans": [{"Node Type": "Hash Join", "Parent Relationship": "Outer", "Parallel Aware": true, "Async Capable": false, "Join Type": "Semi", "Startup Cost": 3981.66, "Total Cost": 5948.29, "Plan Rows": 12, "Plan Width": 4, "Actual Startup Time": 4.471, "Actual Total Time": 5.522, "Actual Rows": 10, "Actual Loops": 2, "Inner Unique": false, "Hash Cond": "(date_dim_6.d_date = date_dim_7.d_date)", "Workers": [], "Plans": [{"Node Type": "Seq Scan", "Parent Relationship": "Outer", "Parallel Aware": true, "Async Capable": false, "Relation Name": "date_dim", "Alias": "date_dim_6", "Startup Cost": 0.0, "Total Cost": 1853.7, "Plan Rows": 42970, "Plan Width": 8, "Actual Startup Time": 0.0, "Actual Total Time": 0.997, "Actual Rows": 36524, "Actual Loops": 2, "Workers": []}, {"Node Type": "Hash", "Parent Relationship": "Inner", "Parallel Aware": true, "Async Capable": false, "Startup Cost": 3981.51, "Total Cost": 3981.51, "Plan Rows": 12, "Plan Width": 4, "Actual Startup Time": 3.39, "Actual Total Time": 3.391, "Actual Rows": 10, "Actual Loops": 2, "Hash Buckets": 1024, "Original Hash Buckets": 1024, "Hash Batches": 1, "Original Hash Batches": 1, "Peak Memory Usage": 72, "Workers": [], "Plans": [{"Node Type": "Hash Join", "Parent Relationship": "Outer", "Parallel Aware": true, "Async Capable": false, "Join Type": "Semi", "Startup Cost": 2014.86, "Total Cost": 3981.51, "Plan Rows": 12, "Plan Width": 4, "Actual Startup Time": 2.28, "Actual Total Time": 3.385, "Actual Rows": 10, "Actual Loops": 2, "Inner Unique": false, "Hash Cond": "(date_dim_7.d_week_seq = date_dim_8.d_week_seq)", "Workers": [], "Plans": [{"Node Type": "Seq Scan", "Parent Relationship": "Outer", "Parallel Aware": true, "Async Capable": false, "Relation Name": "date_dim", "Alias": "date_dim_7", "Startup Cost": 0.0, "Total Cost": 1853.7, "Plan Rows": 42970, "Plan Width": 8, "Actual Startup Time": 0.001, "Actual Total Time": 1.038, "Actual Rows": 36524, "Actual Loops": 2, "Workers": []}, {"Node Type": "Hash", "Parent Relationship": "Inner", "Parallel Aware": true, "Async Capable": false, "Startup Cost": 2014.84, "Total Cost": 2014.84, "Plan Rows": 2, "Plan Width": 4, "Actual Startup Time": 1.13, "Actual Total Time": 1.13, "Actual Rows": 2, "Actual Loops": 2, "Hash Buckets": 1024, "Original Hash Buckets": 1024, "Hash Batches": 1, "Original Hash Batches": 1, "Peak Memory Usage": 40, "Workers": [], "Plans": [{"Node Type": "Seq Scan", "Parent Relationship": "Outer", "Parallel Aware": true, "Async Capable": false, "Relation Name": "date_dim", "Alias": "date_dim_8", "Startup Cost": 0.0, "Total Cost": 2014.84, "Plan Rows": 2, "Plan Width": 4, "Actual Startup Time": 0.759, "Actual Total Time": 1.128, "Actual Rows": 2, "Actual Loops": 2, "Filter": "(d_date = ANY ('{2000-06-30,2000-09-27,2000-11-17}'::date[]))", "Rows Removed by Filter": 36523, "Workers": []}]}]}]}]}]}]}, {"Node Type": "Index Scan", "Parent Relationship": "Inner", "Parallel Aware": false, "Async Capable": false, "Scan Direction": "Forward", "Index Name": "item_pkey", "Relation Name": "item", "Alias": "item_2", "Startup Cost": 0.29, "Total Cost": 0.34, "Plan Rows": 1, "Plan Width": 21, "Actual Startup Time": 0.001, "Actual Total Time": 0.001, "Actual Rows": 1, "Actual Loops": 1367, "Index Cond": "(i_item_sk = catalog_returns.cr_item_sk)", "Rows Removed by Index Recheck": 0, "Workers": []}]}]}]}]}]}]}]}]}]}]}, "Planning Time": 1.481, "Triggers": [], "Execution Time": 46.762}