{"Plan": {"Node Type": "Limit", "Parallel Aware": false, "Async Capable": false, "Startup Cost": 12762.36, "Total Cost": 12763.76, "Plan Rows": 12, "Plan Width": 49, "Actual Startup Time": 15.376, "Actual Total Time": 16.891, "Actual Rows": 25, "Actual Loops": 1, "Plans": [{"Node Type": "Gather Merge", "Parent Relationship": "Outer", "Parallel Aware": false, "Async Capable": false, "Startup Cost": 12762.36, "Total Cost": 12763.76, "Plan Rows": 12, "Plan Width": 49, "Actual Startup Time": 15.375, "Actual Total Time": 16.889, "Actual Rows": 25, "Actual Loops": 1, "Workers Planned": 2, "Workers Launched": 2, "Plans": [{"Node Type": "Sort", "Parent Relationship": "Outer", "Parallel Aware": false, "Async Capable": false, "Startup Cost": 11762.33, "Total Cost": 11762.35, "Plan Rows": 6, "Plan Width": 49, "Actual Startup Time": 14.071, "Actual Total Time": 14.074, "Actual Rows": 8, "Actual Loops": 3, "Sort Key": ["customer.c_customer_id NULLS FIRST"], "Sort Method": "quicksort", "Sort Space Used": 26, "Sort Space Type": "Memory", "Workers": [{"Worker Number": 0, "Sort Method": "quicksort", "Sort Space Used": 25, "Sort Space Type": "Memory"}, {"Worker Number": 1, "Sort Method": "quicksort", "Sort Space Used": 25, "Sort Space Type": "Memory"}], "Plans": [{"Node Type": "Nested Loop", "Parent Relationship": "Outer", "Parallel Aware": false, "Async Capable": false, "Join Type": "Inner", "Startup Cost": 5128.95, "Total Cost": 11762.25, "Plan Rows": 6, "Plan Width": 49, "Actual Startup Time": 6.847, "Actual Total Time": 14.056, "Actual Rows": 8, "Actual Loops": 3, "Inner Unique": true, "Join Filter": "(customer_demographics.cd_demo_sk = customer.c_current_cdemo_sk)", "Rows Removed by Join Filter": 0, "Workers": [], "Plans": [{"Node Type": "Nested Loop", "Parent Relationship": "Outer", "Parallel Aware": false, "Async Capable": false, "Join Type": "Inner", "Startup Cost": 5128.53, "Total Cost": 11738.32, "Plan Rows": 45, "Plan Width": 77, "Actual Startup Time": 6.822, "Actual Total Time": 13.977, "Actual Rows": 8, "Actual Loops": 3, "Inner Unique": true, "Workers": [], "Plans": [{"Node Type": "Nested Loop", "Parent Relationship": "Outer", "Parallel Aware": false, "Async Capable": false, "Join Type": "Inner", "Startup Cost": 5128.36, "Total Cost": 11724.39, "Plan Rows": 405, "Plan Width": 81, "Actual Startup Time": 5.948, "Actual Total Time": 13.949, "Actual Rows": 38, "Actual Loops": 3, "Inner Unique": true, "Workers": [], "Plans": [{"Node Type": "Hash Join", "Parent Relationship": "Outer", "Parallel Aware": true, "Async Capable": false, "Join Type": "Inner", "Startup Cost": 5128.08, "Total Cost": 11601.68, "Plan Rows": 405, "Plan Width": 81, "Actual Startup Time": 5.931, "Actual Total Time": 13.855, "Actual Rows": 38, "Actual Loops": 3, "Inner Unique": false, "Hash Cond": "(store_returns.sr_cdemo_sk = customer.c_current_cdemo_sk)", "Workers": [], "Plans": [{"Node Type": "Seq Scan", "Parent Relationship": "Outer", "Parallel Aware": true, "Async Capable": false, "Relation Name": "store_returns", "Alias": "store_returns", "Startup Cost": 0.0, "Total Cost": 6021.98, "Plan Rows": 119798, "Plan Width": 4, "Actual Startup Time": 0.002, "Actual Total Time": 3.827, "Actual Rows": 95838, "Actual Loops": 3, "Workers": []}, {"Node Type": "Hash", "Parent Relationship": "Inner", "Parallel Aware": true, "Async Capable": false, "Startup Cost": 5121.57, "Total Cost": 5121.57, "Plan Rows": 521, "Plan Width": 77, "Actual Startup Time": 5.532, "Actual Total Time": 5.533, "Actual Rows": 316, "Actual Loops": 3, "Hash Buckets": 1024, "Original Hash Buckets": 1024, "Hash Batches": 1, "Original Hash Batches": 1, "Peak Memory Usage": 168, "Workers": [], "Plans": [{"Node Type": "Hash Join", "Parent Relationship": "Outer", "Parallel Aware": true, "Async Capable": false, "Join Type": "Inner", "Startup Cost": 1506.91, "Total Cost": 5121.57, "Plan Rows": 521, "Plan Width": 77, "Actual Startup Time": 1.221, "Actual Total Time": 5.484, "Actual Rows": 316, "Actual Loops": 3, "Inner Unique": true, "Hash Cond": "(customer.c_current_addr_sk = customer_address.ca_address_sk)", "Workers": [], "Plans": [{"Node Type": "Seq Scan", "Parent Relationship": "Outer", "Parallel Aware": true, "Async Capable": false, "Relation Name": "customer", "Alias": "customer", "Startup Cost": 0.0, "Total Cost": 3460.24, "Plan Rows": 58824, "Plan Width": 81, "Actual Startup Time": 0.004, "Actual Total Time": 1.706, "Actual Rows": 33333, "Actual Loops": 3, "Workers": []}, {"Node Type": "Hash", "Parent Relationship": "Inner", "Parallel Aware": true, "Async Capable": false, "Startup Cost": 1503.65, "Total Cost": 1503.65, "Plan Rows": 261, "Plan Width": 4, "Actual Startup Time": 1.191, "Actual Total Time": 1.191, "Actual Rows": 155, "Actual Loops": 3, "Hash Buckets": 1024, "Original Hash Buckets": 1024, "Hash Batches": 1, "Original Hash Batches": 1, "Peak Memory Usage": 104, "Workers": [], "Plans": [{"Node Type": "Seq Scan", "Parent Relationship": "Outer", "Parallel Aware": true, "Async Capable": false, "Relation Name": "customer_address", "Alias": "customer_address", "Startup Cost": 0.0, "Total Cost": 1503.65, "Plan Rows": 261, "Plan Width": 4, "Actual Startup Time": 0.025, "Actual Total Time": 1.168, "Actual Rows": 155, "Actual Loops": 3, "Filter": "((ca_city)::text = 'Edgewood'::text)", "Rows Removed by Filter": 16512, "Workers": []}]}]}]}]}, {"Node Type": "Index Scan", "Parent Relationship": "Inner", "Parallel Aware": false, "Async Capable": false, "Scan Direction": "Forward", "Index Name": "household_demographics_pkey", "Relation Name": "household_demographics", "Alias": "household_demographics", "Startup Cost": 0.28, "Total Cost": 0.3, "Plan Rows": 1, "Plan Width": 8, "Actual Startup Time": 0.002, "Actual Total Time": 0.002, "Actual Rows": 1, "Actual Loops": 115, "Index Cond": "(hd_demo_sk = customer.c_current_hdemo_sk)", "Rows Removed by Index Recheck": 0, "Workers": []}]}, {"Node Type": "Memoize", "Parent Relationship": "Inner", "Parallel Aware": false, "Async Capable": false, "Startup Cost": 0.16, "Total Cost": 0.19, "Plan Rows": 1, "Plan Width": 4, "Actual Startup Time": 0.001, "Actual Total Time": 0.001, "Actual Rows": 0, "Actual Loops": 114, "Cache Key": "household_demographics.hd_income_band_sk", "Cache Mode": "logical", "Cache Hits": 14, "Cache Misses": 17, "Cache Evictions": 0, "Cache Overflows": 0, "Peak Memory Usage": 2, "Workers": [{"Worker Number": 0, "Cache Hits": 27, "Cache Misses": 19, "Cache Evictions": 0, "Cache Overflows": 0, "Peak Memory Usage": 2}, {"Worker Number": 1, "Cache Hits": 21, "Cache Misses": 16, "Cache Evictions": 0, "Cache Overflows": 0, "Peak Memory Usage": 2}], "Plans": [{"Node Type": "Index Scan", "Parent Relationship": "Outer", "Parallel Aware": false, "Async Capable": false, "Scan Direction": "Forward", "Index Name": "income_band_pkey", "Relation Name": "income_band", "Alias": "income_band", "Startup Cost": 0.15, "Total Cost": 0.18, "Plan Rows": 1, "Plan Width": 4, "Actual Startup Time": 0.001, "Actual Total Time": 0.001, "Actual Rows": 0, "Actual Loops": 52, "Index Cond": "(ib_income_band_sk = household_demographics.hd_income_band_sk)", "Rows Removed by Index Recheck": 0, "Filter": "((ib_lower_bound >= 38128) AND (ib_upper_bound <= 88128))", "Rows Removed by Filter": 1, "Workers": []}]}]}, {"Node Type": "Index Only Scan", "Parent Relationship": "Inner", "Parallel Aware": false, "Async Capable": false, "Scan Direction": "Forward", "Index Name": "customer_demographics_pkey", "Relation Name": "customer_demographics", "Alias": "customer_demographics", "Startup Cost": 0.43, "Total Cost": 0.52, "Plan Rows": 1, "Plan Width": 4, "Actual Startup Time": 0.008, "Actual Total Time": 0.008, "Actual Rows": 1, "Actual Loops": 25, "Index Cond": "(cd_demo_sk = store_returns.sr_cdemo_sk)", "Rows Removed by Index Recheck": 0, "Heap Fetches": 0, "Workers": []}]}]}]}]}, "Planning Time": 0.987, "Triggers": [], "Execution Time": 16.944}