{"Plan": {"Node Type": "Limit", "Parallel Aware": false, "Async Capable": false, "Startup Cost": 17497.84, "Total Cost": 17497.85, "Plan Rows": 1, "Plan Width": 532, "Actual Startup Time": 30.148, "Actual Total Time": 30.246, "Actual Rows": 6, "Actual Loops": 1, "Plans": [{"Node Type": "Sort", "Parent Relationship": "Outer", "Parallel Aware": false, "Async Capable": false, "Startup Cost": 17497.84, "Total Cost": 17497.85, "Plan Rows": 1, "Plan Width": 532, "Actual Startup Time": 30.147, "Actual Total Time": 30.244, "Actual Rows": 6, "Actual Loops": 1, "Sort Key": ["(\"substring\"((reason.r_reason_desc)::text, 1, 20))", "(avg(web_sales.ws_quantity))", "(avg(web_returns.wr_refunded_cash))", "(avg(web_returns.wr_fee))"], "Sort Method": "quicksort", "Sort Space Used": 26, "Sort Space Type": "Memory", "Plans": [{"Node Type": "Aggregate", "Strategy": "Sorted", "Partial Mode": "Simple", "Parent Relationship": "Outer", "Parallel Aware": false, "Async Capable": false, "Startup Cost": 17491.01, "Total Cost": 17497.83, "Plan Rows": 1, "Plan Width": 532, "Actual Startup Time": 28.68, "Actual Total Time": 30.233, "Actual Rows": 6, "Actual Loops": 1, "Group Key": ["reason.r_reason_desc"], "Plans": [{"Node Type": "Nested Loop", "Parent Relationship": "Outer", "Parallel Aware": false, "Async Capable": false, "Join Type": "Inner", "Startup Cost": 17491.01, "Total Cost": 17497.8, "Plan Rows": 1, "Plan Width": 420, "Actual Startup Time": 28.298, "Actual Total Time": 30.212, "Actual Rows": 7, "Actual Loops": 1, "Inner Unique": true, "Plans": [{"Node Type": "Nested Loop", "Parent Relationship": "Outer", "Parallel Aware": false, "Async Capable": false, "Join Type": "Inner", "Startup Cost": 17490.72, "Total Cost": 17497.3, "Plan Rows": 1, "Plan Width": 424, "Actual Startup Time": 27.683, "Actual Total Time": 30.161, "Actual Rows": 16, "Actual Loops": 1, "Inner Unique": true, "Join Filter": "((cd1.cd_marital_status = cd2.cd_marital_status) AND (cd1.cd_education_status = cd2.cd_education_status) AND (((cd1.cd_marital_status = 'M'::bpchar) AND (cd1.cd_education_status = 'Advanced Degree'::bpchar) AND (web_sales.ws_sales_price >= 100.00) AND (web_sales.ws_sales_price <= 150.00)) OR ((cd1.cd_marital_status = 'S'::bpchar) AND (cd1.cd_education_status = 'College'::bpchar) AND (web_sales.ws_sales_price >= 50.00) AND (web_sales.ws_sales_price <= 100.00)) OR ((cd1.cd_marital_status = 'W'::bpchar) AND (cd1.cd_education_status = '2 yr Degree'::bpchar) AND (web_sales.ws_sales_price >= 150.00) AND (web_sales.ws_sales_price <= 200.00))))", "Rows Removed by Join Filter": 18, "Plans": [{"Node Type": "Nested Loop", "Parent Relationship": "Outer", "Parallel Aware": false, "Async Capable": false, "Join Type": "Inner", "Startup Cost": 17490.29, "Total Cost": 17495.29, "Plan Rows": 1, "Plan Width": 457, "Actual Startup Time": 27.206, "Actual Total Time": 29.938, "Actual Rows": 296, "Actual Loops": 1, "Inner Unique": true, "Plans": [{"Node Type": "Nested Loop", "Parent Relationship": "Outer", "Parallel Aware": false, "Async Capable": false, "Join Type": "Inner", "Startup Cost": 17489.86, "Total Cost": 17493.33, "Plan Rows": 1, "Plan Width": 438, "Actual Startup Time": 27.182, "Actual Total Time": 27.926, "Actual Rows": 302, "Actual Loops": 1, "Inner Unique": true, "Join Filter": "(web_page.wp_web_page_sk = web_sales.ws_web_page_sk)", "Rows Removed by Join Filter": 9151, "Plans": [{"Node Type": "Gather Merge", "Parent Relationship": "Outer", "Parallel Aware": false, "Async Capable": false, "Startup Cost": 17489.86, "Total Cost": 17489.98, "Plan Rows": 1, "Plan Width": 442, "Actual Startup Time": 27.173, "Actual Total Time": 27.316, "Actual Rows": 302, "Actual Loops": 1, "Workers Planned": 1, "Workers Launched": 1, "Plans": [{"Node Type": "Sort", "Parent Relationship": "Outer", "Parallel Aware": false, "Async Capable": false, "Startup Cost": 16489.85, "Total Cost": 16489.86, "Plan Rows": 1, "Plan Width": 442, "Actual Startup Time": 26.198, "Actual Total Time": 26.203, "Actual Rows": 151, "Actual Loops": 2, "Sort Key": ["reason.r_reason_desc"], "Sort Method": "quicksort", "Sort Space Used": 50, "Sort Space Type": "Memory", "Workers": [{"Worker Number": 0, "Sort Method": "quicksort", "Sort Space Used": 50, "Sort Space Type": "Memory"}], "Plans": [{"Node Type": "Nested Loop", "Parent Relationship": "Outer", "Parallel Aware": false, "Async Capable": false, "Join Type": "Inner", "Startup Cost": 1900.12, "Total Cost": 16489.84, "Plan Rows": 1, "Plan Width": 442, "Actual Startup Time": 5.229, "Actual Total Time": 26.111, "Actual Rows": 151, "Actual Loops": 2, "Inner Unique": true, "Workers": [], "Plans": [{"Node Type": "Nested Loop", "Parent Relationship": "Outer", "Parallel Aware": false, "Async Capable": false, "Join Type": "Inner", "Startup Cost": 1899.98, "Total Cost": 16489.68, "Plan Rows": 1, "Plan Width": 42, "Actual Startup Time": 5.223, "Actual Total Time": 26.042, "Actual Rows": 154, "Actual Loops": 2, "Inner Unique": true, "Join Filter": "(((customer_address.ca_state = ANY ('{IN,OH,NJ}'::bpchar[])) AND (web_sales.ws_net_profit >= '100'::numeric) AND (web_sales.ws_net_profit <= '200'::numeric)) OR ((customer_address.ca_state = ANY ('{WI,CT,KY}'::bpchar[])) AND (web_sales.ws_net_profit >= '150'::numeric) AND (web_sales.ws_net_profit <= '300'::numeric)) OR ((customer_address.ca_state = ANY ('{LA,IA,AR}'::bpchar[])) AND (web_sales.ws_net_profit >= '50'::numeric) AND (web_sales.ws_net_profit <= '250'::numeric)))", "Rows Removed by Join Filter": 100, "Workers": [], "Plans": [{"Node Type": "Hash Join", "Parent Relationship": "Outer", "Parallel Aware": true, "Async Capable": false, "Join Type": "Inner", "Startup Cost": 1899.55, "Total Cost": 3792.51, "Plan Rows": 7466, "Plan Width": 35, "Actual Startup Time": 4.519, "Actual Total Time": 9.393, "Actual Rows": 6572, "Actual Loops": 2, "Inner Unique": true, "Hash Cond": "(web_returns.wr_refunded_addr_sk = customer_address.ca_address_sk)", "Workers": [], "Plans": [{"Node Type": "Seq Scan", "Parent Relationship": "Outer", "Parallel Aware": true, "Async Capable": false, "Relation Name": "web_returns", "Alias": "web_returns", "Startup Cost": 0.0, "Total Cost": 1782.14, "Plan Rows": 42214, "Plan Width": 36, "Actual Startup Time": 0.006, "Actual Total Time": 1.491, "Actual Rows": 35882, "Actual Loops": 2, "Workers": []}, {"Node Type": "Hash", "Parent Relationship": "Inner", "Parallel Aware": true, "Async Capable": false, "Startup Cost": 1834.53, "Total Cost": 1834.53, "Plan Rows": 5202, "Plan Width": 7, "Actual Startup Time": 4.428, "Actual Total Time": 4.429, "Actual Rows": 4774, "Actual Loops": 2, "Hash Buckets": 16384, "Original Hash Buckets": 16384, "Hash Batches": 1, "Original Hash Batches": 1, "Peak Memory Usage": 512, "Workers": [], "Plans": [{"Node Type": "Seq Scan", "Parent Relationship": "Outer", "Parallel Aware": true, "Async Capable": false, "Relation Name": "customer_address", "Alias": "customer_address", "Startup Cost": 0.0, "Total Cost": 1834.53, "Plan Rows": 5202, "Plan Width": 7, "Actual Startup Time": 0.009, "Actual Total Time": 4.169, "Actual Rows": 4774, "Actual Loops": 2, "Filter": "(((ca_country)::text = 'United States'::text) AND ((ca_state = ANY ('{IN,OH,NJ}'::bpchar[])) OR (ca_state = ANY ('{WI,CT,KY}'::bpchar[])) OR (ca_state = ANY ('{LA,IA,AR}'::bpchar[]))))", "Rows Removed by Filter": 20226, "Workers": []}]}]}, {"Node Type": "Index Scan", "Parent Relationship": "Inner", "Parallel Aware": false, "Async Capable": false, "Scan Direction": "Forward", "Index Name": "web_sales_pkey", "Relation Name": "web_sales", "Alias": "web_sales", "Startup Cost": 0.42, "Total Cost": 1.66, "Plan Rows": 1, "Plan Width": 32, "Actual Startup Time": 0.002, "Actual Total Time": 0.002, "Actual Rows": 0, "Actual Loops": 13145, "Index Cond": "((ws_item_sk = web_returns.wr_item_sk) AND (ws_order_number = web_returns.wr_order_number))", "Rows Removed by Index Recheck": 0, "Filter": "((((ws_sales_price >= 100.00) AND (ws_sales_price <= 150.00)) OR ((ws_sales_price >= 50.00) AND (ws_sales_price <= 100.00)) OR ((ws_sales_price >= 150.00) AND (ws_sales_price <= 200.00))) AND (((ws_net_profit >= '100'::numeric) AND (ws_net_profit <= '200'::numeric)) OR ((ws_net_profit >= '150'::numeric) AND (ws_net_profit <= '300'::numeric)) OR ((ws_net_profit >= '50'::numeric) AND (ws_net_profit <= '250'::numeric))))", "Rows Removed by Filter": 1, "Workers": []}]}, {"Node Type": "Index Scan", "Parent Relationship": "Inner", "Parallel Aware": false, "Async Capable": false, "Scan Direction": "Forward", "Index Name": "reason_pkey", "Relation Name": "reason", "Alias": "reason", "Startup Cost": 0.14, "Total Cost": 0.16, "Plan Rows": 1, "Plan Width": 408, "Actual Startup Time": 0.0, "Actual Total Time": 0.0, "Actual Rows": 1, "Actual Loops": 308, "Index Cond": "(r_reason_sk = web_returns.wr_reason_sk)", "Rows Removed by Index Recheck": 0, "Workers": []}]}]}]}, {"Node Type": "Seq Scan", "Parent Relationship": "Inner", "Parallel Aware": false, "Async Capable": false, "Relation Name": "web_page", "Alias": "web_page", "Startup Cost": 0.0, "Total Cost": 2.6, "Plan Rows": 60, "Plan Width": 4, "Actual Startup Time": 0.0, "Actual Total Time": 0.001, "Actual Rows": 31, "Actual Loops": 302}]}, {"Node Type": "Index Scan", "Parent Relationship": "Inner", "Parallel Aware": false, "Async Capable": false, "Scan Direction": "Forward", "Index Name": "customer_demographics_pkey", "Relation Name": "customer_demographics", "Alias": "cd2", "Startup Cost": 0.43, "Total Cost": 1.96, "Plan Rows": 1, "Plan Width": 27, "Actual Startup Time": 0.007, "Actual Total Time": 0.007, "Actual Rows": 1, "Actual Loops": 302, "Index Cond": "(cd_demo_sk = web_returns.wr_returning_cdemo_sk)", "Rows Removed by Index Recheck": 0}]}, {"Node Type": "Index Scan", "Parent Relationship": "Inner", "Parallel Aware": false, "Async Capable": false, "Scan Direction": "Forward", "Index Name": "customer_demographics_pkey", "Relation Name": "customer_demographics", "Alias": "cd1", "Startup Cost": 0.43, "Total Cost": 1.97, "Plan Rows": 1, "Plan Width": 27, "Actual Startup Time": 0.001, "Actual Total Time": 0.001, "Actual Rows": 0, "Actual Loops": 296, "Index Cond": "(cd_demo_sk = web_returns.wr_refunded_cdemo_sk)", "Rows Removed by Index Recheck": 0, "Filter": "(((cd_marital_status = 'M'::bpchar) AND (cd_education_status = 'Advanced Degree'::bpchar)) OR ((cd_marital_status = 'S'::bpchar) AND (cd_education_status = 'College'::bpchar)) OR ((cd_marital_status = 'W'::bpchar) AND (cd_education_status = '2 yr Degree'::bpchar)))", "Rows Removed by Filter": 1}]}, {"Node Type": "Index Scan", "Parent Relationship": "Inner", "Parallel Aware": false, "Async Capable": false, "Scan Direction": "Forward", "Index Name": "date_dim_pkey", "Relation Name": "date_dim", "Alias": "date_dim", "Startup Cost": 0.29, "Total Cost": 0.49, "Plan Rows": 1, "Plan Width": 4, "Actual Startup Time": 0.003, "Actual Total Time": 0.003, "Actual Rows": 0, "Actual Loops": 16, "Index Cond": "(d_date_sk = web_sales.ws_sold_date_sk)", "Rows Removed by Index Recheck": 0, "Filter": "(d_year = 2000)", "Rows Removed by Filter": 1}]}]}]}]}, "Planning Time": 3.682, "Triggers": [], "Execution Time": 30.331}