{"Plan": {"Node Type": "Limit", "Parallel Aware": false, "Async Capable": false, "Startup Cost": 25727.45, "Total Cost": 25727.7, "Plan Rows": 100, "Plan Width": 210, "Actual Startup Time": 64.113, "Actual Total Time": 67.802, "Actual Rows": 100, "Actual Loops": 1, "Plans": [{"Node Type": "Sort", "Parent Relationship": "Outer", "Parallel Aware": false, "Async Capable": false, "Startup Cost": 25727.45, "Total Cost": 25729.95, "Plan Rows": 1001, "Plan Width": 210, "Actual Startup Time": 64.112, "Actual Total Time": 67.797, "Actual Rows": 100, "Actual Loops": 1, "Sort Key": ["((GROUPING(item.i_category) + GROUPING(item.i_class))) DESC", "(CASE WHEN (((GROUPING(item.i_category) + GROUPING(item.i_class))) = 0) THEN item.i_category ELSE NULL::bpchar END) NULLS FIRST", "(rank() OVER (?)) NULLS FIRST"], "Sort Method": "quicksort", "Sort Space Used": 55, "Sort Space Type": "Memory", "Plans": [{"Node Type": "WindowAgg", "Parent Relationship": "Outer", "Parallel Aware": false, "Async Capable": false, "Startup Cost": 25644.15, "Total Cost": 25689.19, "Plan Rows": 1001, "Plan Width": 210, "Actual Startup Time": 63.982, "Actual Total Time": 67.702, "Actual Rows": 133, "Actual Loops": 1, "Plans": [{"Node Type": "Sort", "Parent Relationship": "Outer", "Parallel Aware": false, "Async Capable": false, "Startup Cost": 25644.15, "Total Cost": 25646.65, "Plan Rows": 1001, "Plan Width": 178, "Actual Startup Time": 63.976, "Actual Total Time": 67.661, "Actual Rows": 133, "Actual Loops": 1, "Sort Key": ["((GROUPING(item.i_category) + GROUPING(item.i_class)))", "(CASE WHEN (GROUPING(item.i_class) = 0) THEN item.i_category ELSE NULL::bpchar END)", "(sum(web_sales.ws_net_paid)) DESC"], "Sort Method": "quicksort", "Sort Space Used": 47, "Sort Space Type": "Memory", "Plans": [{"Node Type": "Aggregate", "Strategy": "Mixed", "Partial Mode": "Simple", "Parent Relationship": "Outer", "Parallel Aware": false, "Async Capable": false, "Startup Cost": 3071.4, "Total Cost": 25594.26, "Plan Rows": 1001, "Plan Width": 178, "Actual Startup Time": 63.869, "Actual Total Time": 67.571, "Actual Rows": 133, "Actual Loops": 1, "Grouping Sets": [{"Hash Keys": [["item.i_category", "item.i_class"]]}, {"Hash Keys": [["item.i_category"]]}, {"Group Keys": [[]]}], "Planned Partitions": 0, "HashAgg Batches": 1, "Peak Memory Usage": 137, "Disk Usage": 0, "Plans": [{"Node Type": "Gather", "Parent Relationship": "Outer", "Parallel Aware": false, "Async Capable": false, "Startup Cost": 3071.4, "Total Cost": 25512.83, "Plan Rows": 3427, "Plan Width": 108, "Actual Startup Time": 2.678, "Actual Total Time": 27.653, "Actual Rows": 142182, "Actual Loops": 1, "Workers Planned": 3, "Workers Launched": 3, "Single Copy": false, "Plans": [{"Node Type": "Nested Loop", "Parent Relationship": "Outer", "Parallel Aware": false, "Async Capable": false, "Join Type": "Inner", "Startup Cost": 2071.4, "Total Cost": 24170.13, "Plan Rows": 1105, "Plan Width": 108, "Actual Startup Time": 1.246, "Actual Total Time": 49.335, "Actual Rows": 35546, "Actual Loops": 4, "Inner Unique": true, "Workers": [], "Plans": [{"Node Type": "Hash Join", "Parent Relationship": "Outer", "Parallel Aware": true, "Async Capable": false, "Join Type": "Inner", "Startup Cost": 2071.11, "Total Cost": 23824.89, "Plan Rows": 1105, "Plan Width": 10, "Actual Startup Time": 1.228, "Actual Total Time": 27.733, "Actual Rows": 35546, "Actual Loops": 4, "Inner Unique": true, "Hash Cond": "(web_sales.ws_sold_date_sk = d1.d_date_sk)", "Workers": [], "Plans": [{"Node Type": "Seq Scan", "Parent Relationship": "Outer", "Parallel Aware": true, "Async Capable": false, "Relation Name": "web_sales", "Alias": "web_sales", "Startup Cost": 0.0, "Total Cost": 21144.59, "Plan Rows": 232059, "Plan Width": 14, "Actual Startup Time": 0.003, "Actual Total Time": 10.44, "Actual Rows": 179846, "Actual Loops": 4, "Workers": []}, {"Node Type": "Hash", "Parent Relationship": "Inner", "Parallel Aware": true, "Async Capable": false, "Startup Cost": 2068.55, "Total Cost": 2068.55, "Plan Rows": 205, "Plan Width": 4, "Actual Startup Time": 1.162, "Actual Total Time": 1.163, "Actual Rows": 92, "Actual Loops": 4, "Hash Buckets": 1024, "Original Hash Buckets": 1024, "Hash Batches": 1, "Original Hash Batches": 1, "Peak Memory Usage": 104, "Workers": [], "Plans": [{"Node Type": "Seq Scan", "Parent Relationship": "Outer", "Parallel Aware": true, "Async Capable": false, "Relation Name": "date_dim", "Alias": "d1", "Startup Cost": 0.0, "Total Cost": 2068.55, "Plan Rows": 205, "Plan Width": 4, "Actual Startup Time": 0.663, "Actual Total Time": 1.142, "Actual Rows": 92, "Actual Loops": 4, "Filter": "((d_month_seq >= 1200) AND (d_month_seq <= 1211))", "Rows Removed by Filter": 18171, "Workers": []}]}]}, {"Node Type": "Index Scan", "Parent Relationship": "Inner", "Parallel Aware": false, "Async Capable": false, "Scan Direction": "Forward", "Index Name": "item_pkey", "Relation Name": "item", "Alias": "item", "Startup Cost": 0.29, "Total Cost": 0.31, "Plan Rows": 1, "Plan Width": 106, "Actual Startup Time": 0.0, "Actual Total Time": 0.0, "Actual Rows": 1, "Actual Loops": 142182, "Index Cond": "(i_item_sk = web_sales.ws_item_sk)", "Rows Removed by Index Recheck": 0, "Workers": []}]}]}]}]}]}]}]}, "Planning Time": 0.41, "Triggers": [], "Execution Time": 67.878}