{"Plan": {"Node Type": "Aggregate", "Strategy": "Plain", "Partial Mode": "Simple", "Parallel Aware": false, "Async Capable": false, "Startup Cost": 140250.39, "Total Cost": 140250.4, "Plan Rows": 1, "Plan Width": 8, "Actual Startup Time": 571.095, "Actual Total Time": 571.352, "Actual Rows": 1, "Actual Loops": 1, "Plans": [{"Node Type": "Subquery Scan", "Parent Relationship": "Outer", "Parallel Aware": false, "Async Capable": false, "Alias": "cool_cust", "Startup Cost": 65235.69, "Total Cost": 140216.08, "Plan Rows": 13724, "Plan Width": 0, "Actual Startup Time": 567.086, "Actual Total Time": 570.381, "Actual Rows": 47298, "Actual Loops": 1, "Plans": [{"Node Type": "SetOp", "Strategy": "Hashed", "Parent Relationship": "Subquery", "Parallel Aware": false, "Async Capable": false, "Command": "Except", "Startup Cost": 65235.69, "Total Cost": 140078.84, "Plan Rows": 13724, "Plan Width": 216, "Actual Startup Time": 567.085, "Actual Total Time": 568.382, "Actual Rows": 47298, "Actual Loops": 1, "Plans": [{"Node Type": "Append", "Parent Relationship": "Outer", "Parallel Aware": false, "Async Capable": false, "Startup Cost": 65235.69, "Total Cost": 139951.05, "Plan Rows": 17039, "Plan Width": 216, "Actual Startup Time": 480.775, "Actual Total Time": 560.531, "Actual Rows": 59152, "Actual Loops": 1, "Subplans Removed": 0, "Plans": [{"Node Type": "Result", "Parent Relationship": "Member", "Parallel Aware": false, "Async Capable": false, "Startup Cost": 65235.69, "Total Cost": 114164.6, "Plan Rows": 13724, "Plan Width": 216, "Actual Startup Time": 480.774, "Actual Total Time": 489.59, "Actual Rows": 47364, "Actual Loops": 1, "Plans": [{"Node Type": "SetOp", "Strategy": "Hashed", "Parent Relationship": "Outer", "Parallel Aware": false, "Async Capable": false, "Command": "Except", "Startup Cost": 65235.69, "Total Cost": 114027.36, "Plan Rows": 13724, "Plan Width": 216, "Actual Startup Time": 480.773, "Actual Total Time": 486.99, "Actual Rows": 47364, "Actual Loops": 1, "Plans": [{"Node Type": "Append", "Parent Relationship": "Outer", "Parallel Aware": false, "Async Capable": false, "Startup Cost": 65235.69, "Total Cost": 113872.93, "Plan Rows": 20591, "Plan Width": 216, "Actual Startup Time": 178.742, "Actual Total Time": 471.117, "Actual Rows": 79405, "Actual Loops": 1, "Subplans Removed": 0, "Plans": [{"Node Type": "Subquery Scan", "Parent Relationship": "Member", "Parallel Aware": false, "Async Capable": false, "Alias": "*SELECT* 1", "Startup Cost": 65235.69, "Total Cost": 67119.1, "Plan Rows": 13724, "Plan Width": 60, "Actual Startup Time": 178.741, "Actual Total Time": 283.39, "Actual Rows": 47682, "Actual Loops": 1, "Plans": [{"Node Type": "Unique", "Parent Relationship": "Subquery", "Parallel Aware": false, "Async Capable": false, "Startup Cost": 65235.69, "Total Cost": 66981.86, "Plan Rows": 13724, "Plan Width": 56, "Actual Startup Time": 178.738, "Actual Total Time": 281.238, "Actual Rows": 47682, "Actual Loops": 1, "Plans": [{"Node Type": "Gather Merge", "Parent Relationship": "Outer", "Parallel Aware": false, "Async Capable": false, "Startup Cost": 65235.69, "Total Cost": 66878.93, "Plan Rows": 13724, "Plan Width": 56, "Actual Startup Time": 178.738, "Actual Total Time": 251.177, "Actual Rows": 540806, "Actual Loops": 1, "Workers Planned": 4, "Workers Launched": 4, "Plans": [{"Node Type": "Sort", "Parent Relationship": "Outer", "Parallel Aware": false, "Async Capable": false, "Startup Cost": 64235.63, "Total Cost": 64244.21, "Plan Rows": 3431, "Plan Width": 56, "Actual Startup Time": 176.212, "Actual Total Time": 182.609, "Actual Rows": 108161, "Actual Loops": 5, "Sort Key": ["customer.c_last_name", "customer.c_first_name", "date_dim.d_date"], "Sort Method": "external merge", "Sort Space Used": 6936, "Sort Space Type": "Disk", "Workers": [{"Worker Number": 0, "Sort Method": "external merge", "Sort Space Used": 6856, "Sort Space Type": "Disk"}, {"Worker Number": 1, "Sort Method": "external merge", "Sort Space Used": 6768, "Sort Space Type": "Disk"}, {"Worker Number": 2, "Sort Method": "external merge", "Sort Space Used": 6752, "Sort Space Type": "Disk"}, {"Worker Number": 3, "Sort Method": "external merge", "Sort Space Used": 6760, "Sort Space Type": "Disk"}], "Plans": [{"Node Type": "Nested Loop", "Parent Relationship": "Outer", "Parallel Aware": false, "Async Capable": false, "Join Type": "Inner", "Startup Cost": 2071.41, "Total Cost": 64034.16, "Plan Rows": 3431, "Plan Width": 56, "Actual Startup Time": 0.998, "Actual Total Time": 115.728, "Actual Rows": 108161, "Actual Loops": 5, "Inner Unique": true, "Workers": [], "Plans": [{"Node Type": "Hash Join", "Parent Relationship": "Outer", "Parallel Aware": true, "Async Capable": false, "Join Type": "Inner", "Startup Cost": 2071.11, "Total Cost": 62955.55, "Plan Rows": 3431, "Plan Width": 8, "Actual Startup Time": 0.975, "Actual Total Time": 56.814, "Actual Rows": 110772, "Actual Loops": 5, "Inner Unique": true, "Hash Cond": "(store_sales.ss_sold_date_sk = date_dim.d_date_sk)", "Workers": [], "Plans": [{"Node Type": "Seq Scan", "Parent Relationship": "Outer", "Parallel Aware": true, "Async Capable": false, "Relation Name": "store_sales", "Alias": "store_sales", "Startup Cost": 0.0, "Total Cost": 58993.85, "Plan Rows": 720185, "Plan Width": 8, "Actual Startup Time": 0.007, "Actual Total Time": 25.371, "Actual Rows": 576081, "Actual Loops": 5, "Workers": []}, {"Node Type": "Hash", "Parent Relationship": "Inner", "Parallel Aware": true, "Async Capable": false, "Startup Cost": 2068.55, "Total Cost": 2068.55, "Plan Rows": 205, "Plan Width": 8, "Actual Startup Time": 0.9, "Actual Total Time": 0.901, "Actual Rows": 73, "Actual Loops": 5, "Hash Buckets": 1024, "Original Hash Buckets": 1024, "Hash Batches": 1, "Original Hash Batches": 1, "Peak Memory Usage": 136, "Workers": [], "Plans": [{"Node Type": "Seq Scan", "Parent Relationship": "Outer", "Parallel Aware": true, "Async Capable": false, "Relation Name": "date_dim", "Alias": "date_dim", "Startup Cost": 0.0, "Total Cost": 2068.55, "Plan Rows": 205, "Plan Width": 8, "Actual Startup Time": 0.476, "Actual Total Time": 0.869, "Actual Rows": 73, "Actual Loops": 5, "Filter": "((d_month_seq >= 1200) AND (d_month_seq <= 1211))", "Rows Removed by Filter": 14537, "Workers": []}]}]}, {"Node Type": "Index Scan", "Parent Relationship": "Inner", "Parallel Aware": false, "Async Capable": false, "Scan Direction": "Forward", "Index Name": "customer_pkey", "Relation Name": "customer", "Alias": "customer", "Startup Cost": 0.29, "Total Cost": 0.31, "Plan Rows": 1, "Plan Width": 56, "Actual Startup Time": 0.0, "Actual Total Time": 0.0, "Actual Rows": 1, "Actual Loops": 553861, "Index Cond": "(c_customer_sk = store_sales.ss_customer_sk)", "Rows Removed by Index Recheck": 0, "Workers": []}]}]}]}]}]}, {"Node Type": "Subquery Scan", "Parent Relationship": "Member", "Parallel Aware": false, "Async Capable": false, "Alias": "*SELECT* 2", "Startup Cost": 45708.48, "Total Cost": 46650.87, "Plan Rows": 6867, "Plan Width": 60, "Actual Startup Time": 129.328, "Actual Total Time": 184.878, "Actual Rows": 31723, "Actual Loops": 1, "Plans": [{"Node Type": "Unique", "Parent Relationship": "Subquery", "Parallel Aware": false, "Async Capable": false, "Startup Cost": 45708.48, "Total Cost": 46582.2, "Plan Rows": 6867, "Plan Width": 56, "Actual Startup Time": 129.327, "Actual Total Time": 183.424, "Actual Rows": 31723, "Actual Loops": 1, "Plans": [{"Node Type": "Gather Merge", "Parent Relationship": "Outer", "Parallel Aware": false, "Async Capable": false, "Startup Cost": 45708.48, "Total Cost": 46530.7, "Plan Rows": 6867, "Plan Width": 56, "Actual Startup Time": 129.326, "Actual Total Time": 167.232, "Actual Rows": 286844, "Actual Loops": 1, "Workers Planned": 4, "Workers Launched": 3, "Plans": [{"Node Type": "Sort", "Parent Relationship": "Outer", "Parallel Aware": false, "Async Capable": false, "Startup Cost": 44708.43, "Total Cost": 44712.72, "Plan Rows": 1717, "Plan Width": 56, "Actual Startup Time": 126.058, "Actual Total Time": 127.979, "Actual Rows": 71711, "Actual Loops": 4, "Sort Key": ["customer_1.c_last_name", "customer_1.c_first_name", "date_dim_1.d_date"], "Sort Method": "quicksort", "Sort Space Used": 7537, "Sort Space Type": "Memory", "Workers": [{"Worker Number": 0, "Sort Method": "quicksort", "Sort Space Used": 7396, "Sort Space Type": "Memory"}, {"Worker Number": 1, "Sort Method": "quicksort", "Sort Space Used": 7350, "Sort Space Type": "Memory"}, {"Worker Number": 2, "Sort Method": "quicksort", "Sort Space Used": 7370, "Sort Space Type": "Memory"}], "Plans": [{"Node Type": "Nested Loop", "Parent Relationship": "Outer", "Parallel Aware": false, "Async Capable": false, "Join Type": "Inner", "Startup Cost": 2071.41, "Total Cost": 44616.17, "Plan Rows": 1717, "Plan Width": 56, "Actual Startup Time": 17.896, "Actual Total Time": 87.164, "Actual Rows": 71711, "Actual Loops": 4, "Inner Unique": true, "Workers": [], "Plans": [{"Node Type": "Hash Join", "Parent Relationship": "Outer", "Parallel Aware": true, "Async Capable": false, "Join Type": "Inner", "Startup Cost": 2071.11, "Total Cost": 44068.91, "Plan Rows": 1717, "Plan Width": 8, "Actual Startup Time": 17.867, "Actual Total Time": 48.196, "Actual Rows": 71884, "Actual Loops": 4, "Inner Unique": true, "Hash Cond": "(catalog_sales.cs_sold_date_sk = date_dim_1.d_date_sk)", "Workers": [], "Plans": [{"Node Type": "Seq Scan", "Parent Relationship": "Outer", "Parallel Aware": true, "Async Capable": false, "Relation Name": "catalog_sales", "Alias": "catalog_sales", "Startup Cost": 0.0, "Total Cost": 41051.75, "Plan Rows": 360375, "Plan Width": 8, "Actual Startup Time": 0.004, "Actual Total Time": 19.372, "Actual Rows": 360387, "Actual Loops": 4, "Workers": []}, {"Node Type": "Hash", "Parent Relationship": "Inner", "Parallel Aware": true, "Async Capable": false, "Startup Cost": 2068.55, "Total Cost": 2068.55, "Plan Rows": 205, "Plan Width": 8, "Actual Startup Time": 0.999, "Actual Total Time": 1.0, "Actual Rows": 92, "Actual Loops": 4, "Hash Buckets": 1024, "Original Hash Buckets": 1024, "Hash Batches": 1, "Original Hash Batches": 1, "Peak Memory Usage": 72, "Workers": [], "Plans": [{"Node Type": "Seq Scan", "Parent Relationship": "Outer", "Parallel Aware": true, "Async Capable": false, "Relation Name": "date_dim", "Alias": "date_dim_1", "Startup Cost": 0.0, "Total Cost": 2068.55, "Plan Rows": 205, "Plan Width": 8, "Actual Startup Time": 0.687, "Actual Total Time": 0.975, "Actual Rows": 92, "Actual Loops": 4, "Filter": "((d_month_seq >= 1200) AND (d_month_seq <= 1211))", "Rows Removed by Filter": 18171, "Workers": []}]}]}, {"Node Type": "Index Scan", "Parent Relationship": "Inner", "Parallel Aware": false, "Async Capable": false, "Scan Direction": "Forward", "Index Name": "customer_pkey", "Relation Name": "customer", "Alias": "customer_1", "Startup Cost": 0.29, "Total Cost": 0.32, "Plan Rows": 1, "Plan Width": 56, "Actual Startup Time": 0.0, "Actual Total Time": 0.0, "Actual Rows": 1, "Actual Loops": 287535, "Index Cond": "(c_customer_sk = catalog_sales.cs_bill_customer_sk)", "Rows Removed by Index Recheck": 0, "Workers": []}]}]}]}]}]}]}]}]}, {"Node Type": "Subquery Scan", "Parent Relationship": "Member", "Parallel Aware": false, "Async Capable": false, "Alias": "*SELECT* 3", "Startup Cost": 25242.68, "Total Cost": 25701.26, "Plan Rows": 3315, "Plan Width": 60, "Actual Startup Time": 61.706, "Actual Total Time": 68.886, "Actual Rows": 11788, "Actual Loops": 1, "Plans": [{"Node Type": "Unique", "Parent Relationship": "Subquery", "Parallel Aware": false, "Async Capable": false, "Startup Cost": 25242.68, "Total Cost": 25668.11, "Plan Rows": 3315, "Plan Width": 56, "Actual Startup Time": 61.704, "Actual Total Time": 68.358, "Actual Rows": 11788, "Actual Loops": 1, "Plans": [{"Node Type": "Gather Merge", "Parent Relationship": "Outer", "Parallel Aware": false, "Async Capable": false, "Startup Cost": 25242.68, "Total Cost": 25643.25, "Plan Rows": 3315, "Plan Width": 56, "Actual Startup Time": 61.704, "Actual Total Time": 67.662, "Actual Rows": 12056, "Actual Loops": 1, "Workers Planned": 3, "Workers Launched": 3, "Plans": [{"Node Type": "Unique", "Parent Relationship": "Outer", "Parallel Aware": false, "Async Capable": false, "Startup Cost": 24242.64, "Total Cost": 24253.69, "Plan Rows": 1105, "Plan Width": 56, "Actual Startup Time": 59.626, "Actual Total Time": 62.975, "Actual Rows": 3014, "Actual Loops": 4, "Workers": [], "Plans": [{"Node Type": "Sort", "Parent Relationship": "Outer", "Parallel Aware": false, "Async Capable": false, "Startup Cost": 24242.64, "Total Cost": 24245.41, "Plan Rows": 1105, "Plan Width": 56, "Actual Startup Time": 59.626, "Actual Total Time": 60.508, "Actual Rows": 35541, "Actual Loops": 4, "Sort Key": ["customer_2.c_last_name", "customer_2.c_first_name", "date_dim_2.d_date"], "Sort Method": "quicksort", "Sort Space Used": 4372, "Sort Space Type": "Memory", "Workers": [{"Worker Number": 0, "Sort Method": "quicksort", "Sort Space Used": 4217, "Sort Space Type": "Memory"}, {"Worker Number": 1, "Sort Method": "quicksort", "Sort Space Used": 4178, "Sort Space Type": "Memory"}, {"Worker Number": 2, "Sort Method": "quicksort", "Sort Space Used": 4265, "Sort Space Type": "Memory"}], "Plans": [{"Node Type": "Nested Loop", "Parent Relationship": "Outer", "Parallel Aware": false, "Async Capable": false, "Join Type": "Inner", "Startup Cost": 2071.41, "Total Cost": 24186.79, "Plan Rows": 1105, "Plan Width": 56, "Actual Startup Time": 1.076, "Actual Total Time": 43.677, "Actual Rows": 35541, "Actual Loops": 4, "Inner Unique": true, "Workers": [], "Plans": [{"Node Type": "Hash Join", "Parent Relationship": "Outer", "Parallel Aware": true, "Async Capable": false, "Join Type": "Inner", "Startup Cost": 2071.11, "Total Cost": 23824.89, "Plan Rows": 1105, "Plan Width": 8, "Actual Startup Time": 1.051, "Actual Total Time": 24.603, "Actual Rows": 35546, "Actual Loops": 4, "Inner Unique": true, "Hash Cond": "(web_sales.ws_sold_date_sk = date_dim_2.d_date_sk)", "Workers": [], "Plans": [{"Node Type": "Seq Scan", "Parent Relationship": "Outer", "Parallel Aware": true, "Async Capable": false, "Relation Name": "web_sales", "Alias": "web_sales", "Startup Cost": 0.0, "Total Cost": 21144.59, "Plan Rows": 232059, "Plan Width": 8, "Actual Startup Time": 0.004, "Actual Total Time": 9.888, "Actual Rows": 179846, "Actual Loops": 4, "Workers": []}, {"Node Type": "Hash", "Parent Relationship": "Inner", "Parallel Aware": true, "Async Capable": false, "Startup Cost": 2068.55, "Total Cost": 2068.55, "Plan Rows": 205, "Plan Width": 8, "Actual Startup Time": 0.984, "Actual Total Time": 0.985, "Actual Rows": 92, "Actual Loops": 4, "Hash Buckets": 1024, "Original Hash Buckets": 1024, "Hash Batches": 1, "Original Hash Batches": 1, "Peak Memory Usage": 104, "Workers": [], "Plans": [{"Node Type": "Seq Scan", "Parent Relationship": "Outer", "Parallel Aware": true, "Async Capable": false, "Relation Name": "date_dim", "Alias": "date_dim_2", "Startup Cost": 0.0, "Total Cost": 2068.55, "Plan Rows": 205, "Plan Width": 8, "Actual Startup Time": 0.533, "Actual Total Time": 0.956, "Actual Rows": 92, "Actual Loops": 4, "Filter": "((d_month_seq >= 1200) AND (d_month_seq <= 1211))", "Rows Removed by Filter": 18171, "Workers": []}]}]}, {"Node Type": "Index Scan", "Parent Relationship": "Inner", "Parallel Aware": false, "Async Capable": false, "Scan Direction": "Forward", "Index Name": "customer_pkey", "Relation Name": "customer", "Alias": "customer_2", "Startup Cost": 0.29, "Total Cost": 0.33, "Plan Rows": 1, "Plan Width": 56, "Actual Startup Time": 0.0, "Actual Total Time": 0.0, "Actual Rows": 1, "Actual Loops": 142182, "Index Cond": "(c_customer_sk = web_sales.ws_bill_customer_sk)", "Rows Removed by Index Recheck": 0, "Workers": []}]}]}]}]}]}]}]}]}]}]}, "Planning Time": 0.805, "Triggers": [], "Execution Time": 572.392}