{"Plan": {"Node Type": "Nested Loop", "Parallel Aware": false, "Async Capable": false, "Join Type": "Inner", "Startup Cost": 510267.19, "Total Cost": 510267.34, "Plan Rows": 1, "Plan Width": 64, "Actual Startup Time": 618.647, "Actual Total Time": 624.803, "Actual Rows": 1, "Actual Loops": 1, "Inner Unique": false, "Plans": [{"Node Type": "Nested Loop", "Parent Relationship": "Outer", "Parallel Aware": false, "Async Capable": false, "Join Type": "Inner", "Startup Cost": 446483.79, "Total Cost": 446483.92, "Plan Rows": 1, "Plan Width": 56, "Actual Startup Time": 532.091, "Actual Total Time": 532.449, "Actual Rows": 1, "Actual Loops": 1, "Inner Unique": false, "Plans": [{"Node Type": "Nested Loop", "Parent Relationship": "Outer", "Parallel Aware": false, "Async Capable": false, "Join Type": "Inner", "Startup Cost": 382700.4, "Total Cost": 382700.51, "Plan Rows": 1, "Plan Width": 48, "Actual Startup Time": 462.616, "Actual Total Time": 462.924, "Actual Rows": 1, "Actual Loops": 1, "Inner Unique": false, "Plans": [{"Node Type": "Nested Loop", "Parent Relationship": "Outer", "Parallel Aware": false, "Async Capable": false, "Join Type": "Inner", "Startup Cost": 318917.0, "Total Cost": 318917.09, "Plan Rows": 1, "Plan Width": 40, "Actual Startup Time": 377.943, "Actual Total Time": 378.21, "Actual Rows": 1, "Actual Loops": 1, "Inner Unique": false, "Plans": [{"Node Type": "Nested Loop", "Parent Relationship": "Outer", "Parallel Aware": false, "Async Capable": false, "Join Type": "Inner", "Startup Cost": 255133.6, "Total Cost": 255133.67, "Plan Rows": 1, "Plan Width": 32, "Actual Startup Time": 308.713, "Actual Total Time": 308.932, "Actual Rows": 1, "Actual Loops": 1, "Inner Unique": false, "Plans": [{"Node Type": "Nested Loop", "Parent Relationship": "Outer", "Parallel Aware": false, "Async Capable": false, "Join Type": "Inner", "Startup Cost": 191350.2, "Total Cost": 191350.25, "Plan Rows": 1, "Plan Width": 24, "Actual Startup Time": 224.327, "Actual Total Time": 224.501, "Actual Rows": 1, "Actual Loops": 1, "Inner Unique": false, "Plans": [{"Node Type": "Nested Loop", "Parent Relationship": "Outer", "Parallel Aware": false, "Async Capable": false, "Join Type": "Inner", "Startup Cost": 127566.8, "Total Cost": 127566.83, "Plan Rows": 1, "Plan Width": 16, "Actual Startup Time": 154.882, "Actual Total Time": 155.008, "Actual Rows": 1, "Actual Loops": 1, "Inner Unique": false, "Plans": [{"Node Type": "Aggregate", "Strategy": "Plain", "Partial Mode": "Finalize", "Parent Relationship": "Outer", "Parallel Aware": false, "Async Capable": false, "Startup Cost": 63783.4, "Total Cost": 63783.41, "Plan Rows": 1, "Plan Width": 8, "Actual Startup Time": 70.132, "Actual Total Time": 70.209, "Actual Rows": 1, "Actual Loops": 1, "Plans": [{"Node Type": "Gather", "Parent Relationship": "Outer", "Parallel Aware": false, "Async Capable": false, "Startup Cost": 63782.98, "Total Cost": 63783.39, "Plan Rows": 4, "Plan Width": 8, "Actual Startup Time": 70.04, "Actual Total Time": 70.202, "Actual Rows": 5, "Actual Loops": 1, "Workers Planned": 4, "Workers Launched": 4, "Single Copy": false, "Plans": [{"Node Type": "Aggregate", "Strategy": "Plain", "Partial Mode": "Partial", "Parent Relationship": "Outer", "Parallel Aware": false, "Async Capable": false, "Startup Cost": 62782.98, "Total Cost": 62782.99, "Plan Rows": 1, "Plan Width": 8, "Actual Startup Time": 68.48, "Actual Total Time": 68.484, "Actual Rows": 1, "Actual Loops": 5, "Workers": [], "Plans": [{"Node Type": "Nested Loop", "Parent Relationship": "Outer", "Parallel Aware": false, "Async Capable": false, "Join Type": "Inner", "Startup Cost": 265.77, "Total Cost": 62782.75, "Plan Rows": 92, "Plan Width": 0, "Actual Startup Time": 1.127, "Actual Total Time": 68.468, "Actual Rows": 467, "Actual Loops": 5, "Inner Unique": true, "Workers": [], "Plans": [{"Node Type": "Hash Join", "Parent Relationship": "Outer", "Parallel Aware": false, "Async Capable": false, "Join Type": "Inner", "Startup Cost": 265.47, "Total Cost": 61388.6, "Plan Rows": 4394, "Plan Width": 4, "Actual Startup Time": 0.444, "Actual Total Time": 56.003, "Actual Rows": 23713, "Actual Loops": 5, "Inner Unique": true, "Hash Cond": "(store_sales.ss_hdemo_sk = household_demographics.hd_demo_sk)", "Workers": [], "Plans": [{"Node Type": "Hash Join", "Parent Relationship": "Outer", "Parallel Aware": false, "Async Capable": false, "Join Type": "Inner", "Startup Cost": 10.51, "Total Cost": 61086.35, "Plan Rows": 18004, "Plan Width": 8, "Actual Startup Time": 0.041, "Actual Total Time": 51.815, "Actual Rows": 91654, "Actual Loops": 5, "Inner Unique": true, "Hash Cond": "(store_sales.ss_store_sk = store.s_store_sk)", "Workers": [], "Plans": [{"Node Type": "Seq Scan", "Parent Relationship": "Outer", "Parallel Aware": true, "Async Capable": false, "Relation Name": "store_sales", "Alias": "store_sales", "Startup Cost": 0.0, "Total Cost": 58993.85, "Plan Rows": 720185, "Plan Width": 12, "Actual Startup Time": 0.005, "Actual Total Time": 24.64, "Actual Rows": 576081, "Actual Loops": 5, "Workers": []}, {"Node Type": "Hash", "Parent Relationship": "Inner", "Parallel Aware": false, "Async Capable": false, "Startup Cost": 10.5, "Total Cost": 10.5, "Plan Rows": 1, "Plan Width": 4, "Actual Startup Time": 0.011, "Actual Total Time": 0.011, "Actual Rows": 1, "Actual Loops": 5, "Hash Buckets": 1024, "Original Hash Buckets": 1024, "Hash Batches": 1, "Original Hash Batches": 1, "Peak Memory Usage": 9, "Workers": [], "Plans": [{"Node Type": "Seq Scan", "Parent Relationship": "Outer", "Parallel Aware": false, "Async Capable": false, "Relation Name": "store", "Alias": "store", "Startup Cost": 0.0, "Total Cost": 10.5, "Plan Rows": 1, "Plan Width": 4, "Actual Startup Time": 0.007, "Actual Total Time": 0.008, "Actual Rows": 1, "Actual Loops": 5, "Filter": "((s_store_name)::text = 'ese'::text)", "Rows Removed by Filter": 11, "Workers": []}]}]}, {"Node Type": "Hash", "Parent Relationship": "Inner", "Parallel Aware": false, "Async Capable": false, "Startup Cost": 233.0, "Total Cost": 233.0, "Plan Rows": 1757, "Plan Width": 4, "Actual Startup Time": 0.374, "Actual Total Time": 0.375, "Actual Rows": 1920, "Actual Loops": 5, "Hash Buckets": 2048, "Original Hash Buckets": 2048, "Hash Batches": 1, "Original Hash Batches": 1, "Peak Memory Usage": 84, "Workers": [], "Plans": [{"Node Type": "Seq Scan", "Parent Relationship": "Outer", "Parallel Aware": false, "Async Capable": false, "Relation Name": "household_demographics", "Alias": "household_demographics", "Startup Cost": 0.0, "Total Cost": 233.0, "Plan Rows": 1757, "Plan Width": 4, "Actual Startup Time": 0.006, "Actual Total Time": 0.289, "Actual Rows": 1920, "Actual Loops": 5, "Filter": "(((hd_dep_count = 4) AND (hd_vehicle_count <= 6)) OR ((hd_dep_count = 2) AND (hd_vehicle_count <= 4)) OR ((hd_dep_count = 0) AND (hd_vehicle_count <= 2)))", "Rows Removed by Filter": 5280, "Workers": []}]}]}, {"Node Type": "Index Scan", "Parent Relationship": "Inner", "Parallel Aware": false, "Async Capable": false, "Scan Direction": "Forward", "Index Name": "time_dim_pkey", "Relation Name": "time_dim", "Alias": "time_dim", "Startup Cost": 0.29, "Total Cost": 0.32, "Plan Rows": 1, "Plan Width": 4, "Actual Startup Time": 0.0, "Actual Total Time": 0.0, "Actual Rows": 0, "Actual Loops": 118566, "Index Cond": "(t_time_sk = store_sales.ss_sold_time_sk)", "Rows Removed by Index Recheck": 0, "Filter": "((t_minute >= 30) AND (t_hour = 8))", "Rows Removed by Filter": 1, "Workers": []}]}]}]}]}, {"Node Type": "Aggregate", "Strategy": "Plain", "Partial Mode": "Finalize", "Parent Relationship": "Inner", "Parallel Aware": false, "Async Capable": false, "Startup Cost": 63783.4, "Total Cost": 63783.41, "Plan Rows": 1, "Plan Width": 8, "Actual Startup Time": 84.748, "Actual Total Time": 84.796, "Actual Rows": 1, "Actual Loops": 1, "Plans": [{"Node Type": "Gather", "Parent Relationship": "Outer", "Parallel Aware": false, "Async Capable": false, "Startup Cost": 63782.98, "Total Cost": 63783.39, "Plan Rows": 4, "Plan Width": 8, "Actual Startup Time": 84.663, "Actual Total Time": 84.792, "Actual Rows": 4, "Actual Loops": 1, "Workers Planned": 4, "Workers Launched": 3, "Single Copy": false, "Plans": [{"Node Type": "Aggregate", "Strategy": "Plain", "Partial Mode": "Partial", "Parent Relationship": "Outer", "Parallel Aware": false, "Async Capable": false, "Startup Cost": 62782.98, "Total Cost": 62782.99, "Plan Rows": 1, "Plan Width": 8, "Actual Startup Time": 83.037, "Actual Total Time": 83.04, "Actual Rows": 1, "Actual Loops": 4, "Workers": [], "Plans": [{"Node Type": "Nested Loop", "Parent Relationship": "Outer", "Parallel Aware": false, "Async Capable": false, "Join Type": "Inner", "Startup Cost": 265.77, "Total Cost": 62782.75, "Plan Rows": 92, "Plan Width": 0, "Actual Startup Time": 1.174, "Actual Total Time": 83.005, "Actual Rows": 1182, "Actual Loops": 4, "Inner Unique": true, "Workers": [], "Plans": [{"Node Type": "Hash Join", "Parent Relationship": "Outer", "Parallel Aware": false, "Async Capable": false, "Join Type": "Inner", "Startup Cost": 265.47, "Total Cost": 61388.6, "Plan Rows": 4394, "Plan Width": 4, "Actual Startup Time": 0.525, "Actual Total Time": 67.728, "Actual Rows": 29642, "Actual Loops": 4, "Inner Unique": true, "Hash Cond": "(store_sales_1.ss_hdemo_sk = household_demographics_1.hd_demo_sk)", "Workers": [], "Plans": [{"Node Type": "Hash Join", "Parent Relationship": "Outer", "Parallel Aware": false, "Async Capable": false, "Join Type": "Inner", "Startup Cost": 10.51, "Total Cost": 61086.35, "Plan Rows": 18004, "Plan Width": 8, "Actual Startup Time": 0.093, "Actual Total Time": 62.638, "Actual Rows": 114568, "Actual Loops": 4, "Inner Unique": true, "Hash Cond": "(store_sales_1.ss_store_sk = store_1.s_store_sk)", "Workers": [], "Plans": [{"Node Type": "Seq Scan", "Parent Relationship": "Outer", "Parallel Aware": true, "Async Capable": false, "Relation Name": "store_sales", "Alias": "store_sales_1", "Startup Cost": 0.0, "Total Cost": 58993.85, "Plan Rows": 720185, "Plan Width": 12, "Actual Startup Time": 0.004, "Actual Total Time": 28.723, "Actual Rows": 720101, "Actual Loops": 4, "Workers": []}, {"Node Type": "Hash", "Parent Relationship": "Inner", "Parallel Aware": false, "Async Capable": false, "Startup Cost": 10.5, "Total Cost": 10.5, "Plan Rows": 1, "Plan Width": 4, "Actual Startup Time": 0.009, "Actual Total Time": 0.01, "Actual Rows": 1, "Actual Loops": 4, "Hash Buckets": 1024, "Original Hash Buckets": 1024, "Hash Batches": 1, "Original Hash Batches": 1, "Peak Memory Usage": 9, "Workers": [], "Plans": [{"Node Type": "Seq Scan", "Parent Relationship": "Outer", "Parallel Aware": false, "Async Capable": false, "Relation Name": "store", "Alias": "store_1", "Startup Cost": 0.0, "Total Cost": 10.5, "Plan Rows": 1, "Plan Width": 4, "Actual Startup Time": 0.006, "Actual Total Time": 0.007, "Actual Rows": 1, "Actual Loops": 4, "Filter": "((s_store_name)::text = 'ese'::text)", "Rows Removed by Filter": 11, "Workers": []}]}]}, {"Node Type": "Hash", "Parent Relationship": "Inner", "Parallel Aware": false, "Async Capable": false, "Startup Cost": 233.0, "Total Cost": 233.0, "Plan Rows": 1757, "Plan Width": 4, "Actual Startup Time": 0.412, "Actual Total Time": 0.413, "Actual Rows": 1920, "Actual Loops": 4, "Hash Buckets": 2048, "Original Hash Buckets": 2048, "Hash Batches": 1, "Original Hash Batches": 1, "Peak Memory Usage": 84, "Workers": [], "Plans": [{"Node Type": "Seq Scan", "Parent Relationship": "Outer", "Parallel Aware": false, "Async Capable": false, "Relation Name": "household_demographics", "Alias": "household_demographics_1", "Startup Cost": 0.0, "Total Cost": 233.0, "Plan Rows": 1757, "Plan Width": 4, "Actual Startup Time": 0.007, "Actual Total Time": 0.326, "Actual Rows": 1920, "Actual Loops": 4, "Filter": "(((hd_dep_count = 4) AND (hd_vehicle_count <= 6)) OR ((hd_dep_count = 2) AND (hd_vehicle_count <= 4)) OR ((hd_dep_count = 0) AND (hd_vehicle_count <= 2)))", "Rows Removed by Filter": 5280, "Workers": []}]}]}, {"Node Type": "Index Scan", "Parent Relationship": "Inner", "Parallel Aware": false, "Async Capable": false, "Scan Direction": "Forward", "Index Name": "time_dim_pkey", "Relation Name": "time_dim", "Alias": "time_dim_1", "Startup Cost": 0.29, "Total Cost": 0.32, "Plan Rows": 1, "Plan Width": 4, "Actual Startup Time": 0.0, "Actual Total Time": 0.0, "Actual Rows": 0, "Actual Loops": 118566, "Index Cond": "(t_time_sk = store_sales_1.ss_sold_time_sk)", "Rows Removed by Index Recheck": 0, "Filter": "((t_minute < 30) AND (t_hour = 9))", "Rows Removed by Filter": 1, "Workers": []}]}]}]}]}]}, {"Node Type": "Aggregate", "Strategy": "Plain", "Partial Mode": "Finalize", "Parent Relationship": "Inner", "Parallel Aware": false, "Async Capable": false, "Startup Cost": 63783.4, "Total Cost": 63783.41, "Plan Rows": 1, "Plan Width": 8, "Actual Startup Time": 69.442, "Actual Total Time": 69.489, "Actual Rows": 1, "Actual Loops": 1, "Plans": [{"Node Type": "Gather", "Parent Relationship": "Outer", "Parallel Aware": false, "Async Capable": false, "Startup Cost": 63782.98, "Total Cost": 63783.39, "Plan Rows": 4, "Plan Width": 8, "Actual Startup Time": 69.366, "Actual Total Time": 69.485, "Actual Rows": 5, "Actual Loops": 1, "Workers Planned": 4, "Workers Launched": 4, "Single Copy": false, "Plans": [{"Node Type": "Aggregate", "Strategy": "Plain", "Partial Mode": "Partial", "Parent Relationship": "Outer", "Parallel Aware": false, "Async Capable": false, "Startup Cost": 62782.98, "Total Cost": 62782.99, "Plan Rows": 1, "Plan Width": 8, "Actual Startup Time": 67.468, "Actual Total Time": 67.471, "Actual Rows": 1, "Actual Loops": 5, "Workers": [], "Plans": [{"Node Type": "Nested Loop", "Parent Relationship": "Outer", "Parallel Aware": false, "Async Capable": false, "Join Type": "Inner", "Startup Cost": 265.77, "Total Cost": 62782.75, "Plan Rows": 91, "Plan Width": 0, "Actual Startup Time": 1.734, "Actual Total Time": 67.444, "Actual Rows": 913, "Actual Loops": 5, "Inner Unique": true, "Workers": [], "Plans": [{"Node Type": "Hash Join", "Parent Relationship": "Outer", "Parallel Aware": false, "Async Capable": false, "Join Type": "Inner", "Startup Cost": 265.47, "Total Cost": 61388.6, "Plan Rows": 4394, "Plan Width": 4, "Actual Startup Time": 0.427, "Actual Total Time": 55.106, "Actual Rows": 23713, "Actual Loops": 5, "Inner Unique": true, "Hash Cond": "(store_sales_2.ss_hdemo_sk = household_demographics_2.hd_demo_sk)", "Workers": [], "Plans": [{"Node Type": "Hash Join", "Parent Relationship": "Outer", "Parallel Aware": false, "Async Capable": false, "Join Type": "Inner", "Startup Cost": 10.51, "Total Cost": 61086.35, "Plan Rows": 18004, "Plan Width": 8, "Actual Startup Time": 0.037, "Actual Total Time": 50.929, "Actual Rows": 91654, "Actual Loops": 5, "Inner Unique": true, "Hash Cond": "(store_sales_2.ss_store_sk = store_2.s_store_sk)", "Workers": [], "Plans": [{"Node Type": "Seq Scan", "Parent Relationship": "Outer", "Parallel Aware": true, "Async Capable": false, "Relation Name": "store_sales", "Alias": "store_sales_2", "Startup Cost": 0.0, "Total Cost": 58993.85, "Plan Rows": 720185, "Plan Width": 12, "Actual Startup Time": 0.004, "Actual Total Time": 23.543, "Actual Rows": 576081, "Actual Loops": 5, "Workers": []}, {"Node Type": "Hash", "Parent Relationship": "Inner", "Parallel Aware": false, "Async Capable": false, "Startup Cost": 10.5, "Total Cost": 10.5, "Plan Rows": 1, "Plan Width": 4, "Actual Startup Time": 0.008, "Actual Total Time": 0.009, "Actual Rows": 1, "Actual Loops": 5, "Hash Buckets": 1024, "Original Hash Buckets": 1024, "Hash Batches": 1, "Original Hash Batches": 1, "Peak Memory Usage": 9, "Workers": [], "Plans": [{"Node Type": "Seq Scan", "Parent Relationship": "Outer", "Parallel Aware": false, "Async Capable": false, "Relation Name": "store", "Alias": "store_2", "Startup Cost": 0.0, "Total Cost": 10.5, "Plan Rows": 1, "Plan Width": 4, "Actual Startup Time": 0.005, "Actual Total Time": 0.006, "Actual Rows": 1, "Actual Loops": 5, "Filter": "((s_store_name)::text = 'ese'::text)", "Rows Removed by Filter": 11, "Workers": []}]}]}, {"Node Type": "Hash", "Parent Relationship": "Inner", "Parallel Aware": false, "Async Capable": false, "Startup Cost": 233.0, "Total Cost": 233.0, "Plan Rows": 1757, "Plan Width": 4, "Actual Startup Time": 0.376, "Actual Total Time": 0.377, "Actual Rows": 1920, "Actual Loops": 5, "Hash Buckets": 2048, "Original Hash Buckets": 2048, "Hash Batches": 1, "Original Hash Batches": 1, "Peak Memory Usage": 84, "Workers": [], "Plans": [{"Node Type": "Seq Scan", "Parent Relationship": "Outer", "Parallel Aware": false, "Async Capable": false, "Relation Name": "household_demographics", "Alias": "household_demographics_2", "Startup Cost": 0.0, "Total Cost": 233.0, "Plan Rows": 1757, "Plan Width": 4, "Actual Startup Time": 0.007, "Actual Total Time": 0.286, "Actual Rows": 1920, "Actual Loops": 5, "Filter": "(((hd_dep_count = 4) AND (hd_vehicle_count <= 6)) OR ((hd_dep_count = 2) AND (hd_vehicle_count <= 4)) OR ((hd_dep_count = 0) AND (hd_vehicle_count <= 2)))", "Rows Removed by Filter": 5280, "Workers": []}]}]}, {"Node Type": "Index Scan", "Parent Relationship": "Inner", "Parallel Aware": false, "Async Capable": false, "Scan Direction": "Forward", "Index Name": "time_dim_pkey", "Relation Name": "time_dim", "Alias": "time_dim_2", "Startup Cost": 0.29, "Total Cost": 0.32, "Plan Rows": 1, "Plan Width": 4, "Actual Startup Time": 0.0, "Actual Total Time": 0.0, "Actual Rows": 0, "Actual Loops": 118566, "Index Cond": "(t_time_sk = store_sales_2.ss_sold_time_sk)", "Rows Removed by Index Recheck": 0, "Filter": "((t_minute >= 30) AND (t_hour = 9))", "Rows Removed by Filter": 1, "Workers": []}]}]}]}]}]}, {"Node Type": "Aggregate", "Strategy": "Plain", "Partial Mode": "Finalize", "Parent Relationship": "Inner", "Parallel Aware": false, "Async Capable": false, "Startup Cost": 63783.4, "Total Cost": 63783.41, "Plan Rows": 1, "Plan Width": 8, "Actual Startup Time": 84.384, "Actual Total Time": 84.428, "Actual Rows": 1, "Actual Loops": 1, "Plans": [{"Node Type": "Gather", "Parent Relationship": "Outer", "Parallel Aware": false, "Async Capable": false, "Startup Cost": 63782.98, "Total Cost": 63783.39, "Plan Rows": 4, "Plan Width": 8, "Actual Startup Time": 84.304, "Actual Total Time": 84.424, "Actual Rows": 4, "Actual Loops": 1, "Workers Planned": 4, "Workers Launched": 3, "Single Copy": false, "Plans": [{"Node Type": "Aggregate", "Strategy": "Plain", "Partial Mode": "Partial", "Parent Relationship": "Outer", "Parallel Aware": false, "Async Capable": false, "Startup Cost": 62782.98, "Total Cost": 62782.99, "Plan Rows": 1, "Plan Width": 8, "Actual Startup Time": 82.732, "Actual Total Time": 82.735, "Actual Rows": 1, "Actual Loops": 4, "Workers": [], "Plans": [{"Node Type": "Nested Loop", "Parent Relationship": "Outer", "Parallel Aware": false, "Async Capable": false, "Join Type": "Inner", "Startup Cost": 265.77, "Total Cost": 62782.75, "Plan Rows": 91, "Plan Width": 0, "Actual Startup Time": 1.301, "Actual Total Time": 82.684, "Actual Rows": 1884, "Actual Loops": 4, "Inner Unique": true, "Workers": [], "Plans": [{"Node Type": "Hash Join", "Parent Relationship": "Outer", "Parallel Aware": false, "Async Capable": false, "Join Type": "Inner", "Startup Cost": 265.47, "Total Cost": 61388.6, "Plan Rows": 4394, "Plan Width": 4, "Actual Startup Time": 0.493, "Actual Total Time": 67.355, "Actual Rows": 29642, "Actual Loops": 4, "Inner Unique": true, "Hash Cond": "(store_sales_3.ss_hdemo_sk = household_demographics_3.hd_demo_sk)", "Workers": [], "Plans": [{"Node Type": "Hash Join", "Parent Relationship": "Outer", "Parallel Aware": false, "Async Capable": false, "Join Type": "Inner", "Startup Cost": 10.51, "Total Cost": 61086.35, "Plan Rows": 18004, "Plan Width": 8, "Actual Startup Time": 0.044, "Actual Total Time": 62.237, "Actual Rows": 114568, "Actual Loops": 4, "Inner Unique": true, "Hash Cond": "(store_sales_3.ss_store_sk = store_3.s_store_sk)", "Workers": [], "Plans": [{"Node Type": "Seq Scan", "Parent Relationship": "Outer", "Parallel Aware": true, "Async Capable": false, "Relation Name": "store_sales", "Alias": "store_sales_3", "Startup Cost": 0.0, "Total Cost": 58993.85, "Plan Rows": 720185, "Plan Width": 12, "Actual Startup Time": 0.005, "Actual Total Time": 28.451, "Actual Rows": 720101, "Actual Loops": 4, "Workers": []}, {"Node Type": "Hash", "Parent Relationship": "Inner", "Parallel Aware": false, "Async Capable": false, "Startup Cost": 10.5, "Total Cost": 10.5, "Plan Rows": 1, "Plan Width": 4, "Actual Startup Time": 0.01, "Actual Total Time": 0.011, "Actual Rows": 1, "Actual Loops": 4, "Hash Buckets": 1024, "Original Hash Buckets": 1024, "Hash Batches": 1, "Original Hash Batches": 1, "Peak Memory Usage": 9, "Workers": [], "Plans": [{"Node Type": "Seq Scan", "Parent Relationship": "Outer", "Parallel Aware": false, "Async Capable": false, "Relation Name": "store", "Alias": "store_3", "Startup Cost": 0.0, "Total Cost": 10.5, "Plan Rows": 1, "Plan Width": 4, "Actual Startup Time": 0.008, "Actual Total Time": 0.008, "Actual Rows": 1, "Actual Loops": 4, "Filter": "((s_store_name)::text = 'ese'::text)", "Rows Removed by Filter": 11, "Workers": []}]}]}, {"Node Type": "Hash", "Parent Relationship": "Inner", "Parallel Aware": false, "Async Capable": false, "Startup Cost": 233.0, "Total Cost": 233.0, "Plan Rows": 1757, "Plan Width": 4, "Actual Startup Time": 0.436, "Actual Total Time": 0.436, "Actual Rows": 1920, "Actual Loops": 4, "Hash Buckets": 2048, "Original Hash Buckets": 2048, "Hash Batches": 1, "Original Hash Batches": 1, "Peak Memory Usage": 84, "Workers": [], "Plans": [{"Node Type": "Seq Scan", "Parent Relationship": "Outer", "Parallel Aware": false, "Async Capable": false, "Relation Name": "household_demographics", "Alias": "household_demographics_3", "Startup Cost": 0.0, "Total Cost": 233.0, "Plan Rows": 1757, "Plan Width": 4, "Actual Startup Time": 0.012, "Actual Total Time": 0.349, "Actual Rows": 1920, "Actual Loops": 4, "Filter": "(((hd_dep_count = 4) AND (hd_vehicle_count <= 6)) OR ((hd_dep_count = 2) AND (hd_vehicle_count <= 4)) OR ((hd_dep_count = 0) AND (hd_vehicle_count <= 2)))", "Rows Removed by Filter": 5280, "Workers": []}]}]}, {"Node Type": "Index Scan", "Parent Relationship": "Inner", "Parallel Aware": false, "Async Capable": false, "Scan Direction": "Forward", "Index Name": "time_dim_pkey", "Relation Name": "time_dim", "Alias": "time_dim_3", "Startup Cost": 0.29, "Total Cost": 0.32, "Plan Rows": 1, "Plan Width": 4, "Actual Startup Time": 0.0, "Actual Total Time": 0.0, "Actual Rows": 0, "Actual Loops": 118566, "Index Cond": "(t_time_sk = store_sales_3.ss_sold_time_sk)", "Rows Removed by Index Recheck": 0, "Filter": "((t_minute < 30) AND (t_hour = 10))", "Rows Removed by Filter": 1, "Workers": []}]}]}]}]}]}, {"Node Type": "Aggregate", "Strategy": "Plain", "Partial Mode": "Finalize", "Parent Relationship": "Inner", "Parallel Aware": false, "Async Capable": false, "Startup Cost": 63783.4, "Total Cost": 63783.41, "Plan Rows": 1, "Plan Width": 8, "Actual Startup Time": 69.227, "Actual Total Time": 69.274, "Actual Rows": 1, "Actual Loops": 1, "Plans": [{"Node Type": "Gather", "Parent Relationship": "Outer", "Parallel Aware": false, "Async Capable": false, "Startup Cost": 63782.98, "Total Cost": 63783.39, "Plan Rows": 4, "Plan Width": 8, "Actual Startup Time": 69.155, "Actual Total Time": 69.271, "Actual Rows": 5, "Actual Loops": 1, "Workers Planned": 4, "Workers Launched": 4, "Single Copy": false, "Plans": [{"Node Type": "Aggregate", "Strategy": "Plain", "Partial Mode": "Partial", "Parent Relationship": "Outer", "Parallel Aware": false, "Async Capable": false, "Startup Cost": 62782.98, "Total Cost": 62782.99, "Plan Rows": 1, "Plan Width": 8, "Actual Startup Time": 67.289, "Actual Total Time": 67.292, "Actual Rows": 1, "Actual Loops": 5, "Workers": [], "Plans": [{"Node Type": "Nested Loop", "Parent Relationship": "Outer", "Parallel Aware": false, "Async Capable": false, "Join Type": "Inner", "Startup Cost": 265.77, "Total Cost": 62782.75, "Plan Rows": 90, "Plan Width": 0, "Actual Startup Time": 1.348, "Actual Total Time": 67.252, "Actual Rows": 1423, "Actual Loops": 5, "Inner Unique": true, "Workers": [], "Plans": [{"Node Type": "Hash Join", "Parent Relationship": "Outer", "Parallel Aware": false, "Async Capable": false, "Join Type": "Inner", "Startup Cost": 265.47, "Total Cost": 61388.6, "Plan Rows": 4394, "Plan Width": 4, "Actual Startup Time": 0.518, "Actual Total Time": 54.904, "Actual Rows": 23713, "Actual Loops": 5, "Inner Unique": true, "Hash Cond": "(store_sales_4.ss_hdemo_sk = household_demographics_4.hd_demo_sk)", "Workers": [], "Plans": [{"Node Type": "Hash Join", "Parent Relationship": "Outer", "Parallel Aware": false, "Async Capable": false, "Join Type": "Inner", "Startup Cost": 10.51, "Total Cost": 61086.35, "Plan Rows": 18004, "Plan Width": 8, "Actual Startup Time": 0.049, "Actual Total Time": 50.625, "Actual Rows": 91654, "Actual Loops": 5, "Inner Unique": true, "Hash Cond": "(store_sales_4.ss_store_sk = store_4.s_store_sk)", "Workers": [], "Plans": [{"Node Type": "Seq Scan", "Parent Relationship": "Outer", "Parallel Aware": true, "Async Capable": false, "Relation Name": "store_sales", "Alias": "store_sales_4", "Startup Cost": 0.0, "Total Cost": 58993.85, "Plan Rows": 720185, "Plan Width": 12, "Actual Startup Time": 0.006, "Actual Total Time": 23.42, "Actual Rows": 576081, "Actual Loops": 5, "Workers": []}, {"Node Type": "Hash", "Parent Relationship": "Inner", "Parallel Aware": false, "Async Capable": false, "Startup Cost": 10.5, "Total Cost": 10.5, "Plan Rows": 1, "Plan Width": 4, "Actual Startup Time": 0.01, "Actual Total Time": 0.011, "Actual Rows": 1, "Actual Loops": 5, "Hash Buckets": 1024, "Original Hash Buckets": 1024, "Hash Batches": 1, "Original Hash Batches": 1, "Peak Memory Usage": 9, "Workers": [], "Plans": [{"Node Type": "Seq Scan", "Parent Relationship": "Outer", "Parallel Aware": false, "Async Capable": false, "Relation Name": "store", "Alias": "store_4", "Startup Cost": 0.0, "Total Cost": 10.5, "Plan Rows": 1, "Plan Width": 4, "Actual Startup Time": 0.007, "Actual Total Time": 0.008, "Actual Rows": 1, "Actual Loops": 5, "Filter": "((s_store_name)::text = 'ese'::text)", "Rows Removed by Filter": 11, "Workers": []}]}]}, {"Node Type": "Hash", "Parent Relationship": "Inner", "Parallel Aware": false, "Async Capable": false, "Startup Cost": 233.0, "Total Cost": 233.0, "Plan Rows": 1757, "Plan Width": 4, "Actual Startup Time": 0.44, "Actual Total Time": 0.441, "Actual Rows": 1920, "Actual Loops": 5, "Hash Buckets": 2048, "Original Hash Buckets": 2048, "Hash Batches": 1, "Original Hash Batches": 1, "Peak Memory Usage": 84, "Workers": [], "Plans": [{"Node Type": "Seq Scan", "Parent Relationship": "Outer", "Parallel Aware": false, "Async Capable": false, "Relation Name": "household_demographics", "Alias": "household_demographics_4", "Startup Cost": 0.0, "Total Cost": 233.0, "Plan Rows": 1757, "Plan Width": 4, "Actual Startup Time": 0.008, "Actual Total Time": 0.353, "Actual Rows": 1920, "Actual Loops": 5, "Filter": "(((hd_dep_count = 4) AND (hd_vehicle_count <= 6)) OR ((hd_dep_count = 2) AND (hd_vehicle_count <= 4)) OR ((hd_dep_count = 0) AND (hd_vehicle_count <= 2)))", "Rows Removed by Filter": 5280, "Workers": []}]}]}, {"Node Type": "Index Scan", "Parent Relationship": "Inner", "Parallel Aware": false, "Async Capable": false, "Scan Direction": "Forward", "Index Name": "time_dim_pkey", "Relation Name": "time_dim", "Alias": "time_dim_4", "Startup Cost": 0.29, "Total Cost": 0.32, "Plan Rows": 1, "Plan Width": 4, "Actual Startup Time": 0.0, "Actual Total Time": 0.0, "Actual Rows": 0, "Actual Loops": 118566, "Index Cond": "(t_time_sk = store_sales_4.ss_sold_time_sk)", "Rows Removed by Index Recheck": 0, "Filter": "((t_minute >= 30) AND (t_hour = 10))", "Rows Removed by Filter": 1, "Workers": []}]}]}]}]}]}, {"Node Type": "Aggregate", "Strategy": "Plain", "Partial Mode": "Finalize", "Parent Relationship": "Inner", "Parallel Aware": false, "Async Capable": false, "Startup Cost": 63783.4, "Total Cost": 63783.41, "Plan Rows": 1, "Plan Width": 8, "Actual Startup Time": 84.67, "Actual Total Time": 84.711, "Actual Rows": 1, "Actual Loops": 1, "Plans": [{"Node Type": "Gather", "Parent Relationship": "Outer", "Parallel Aware": false, "Async Capable": false, "Startup Cost": 63782.98, "Total Cost": 63783.39, "Plan Rows": 4, "Plan Width": 8, "Actual Startup Time": 84.594, "Actual Total Time": 84.707, "Actual Rows": 4, "Actual Loops": 1, "Workers Planned": 4, "Workers Launched": 3, "Single Copy": false, "Plans": [{"Node Type": "Aggregate", "Strategy": "Plain", "Partial Mode": "Partial", "Parent Relationship": "Outer", "Parallel Aware": false, "Async Capable": false, "Startup Cost": 62782.98, "Total Cost": 62782.99, "Plan Rows": 1, "Plan Width": 8, "Actual Startup Time": 82.715, "Actual Total Time": 82.718, "Actual Rows": 1, "Actual Loops": 4, "Workers": [], "Plans": [{"Node Type": "Nested Loop", "Parent Relationship": "Outer", "Parallel Aware": false, "Async Capable": false, "Join Type": "Inner", "Startup Cost": 265.77, "Total Cost": 62782.75, "Plan Rows": 90, "Plan Width": 0, "Actual Startup Time": 1.298, "Actual Total Time": 82.688, "Actual Rows": 990, "Actual Loops": 4, "Inner Unique": true, "Workers": [], "Plans": [{"Node Type": "Hash Join", "Parent Relationship": "Outer", "Parallel Aware": false, "Async Capable": false, "Join Type": "Inner", "Startup Cost": 265.47, "Total Cost": 61388.6, "Plan Rows": 4394, "Plan Width": 4, "Actual Startup Time": 0.476, "Actual Total Time": 67.47, "Actual Rows": 29642, "Actual Loops": 4, "Inner Unique": true, "Hash Cond": "(store_sales_5.ss_hdemo_sk = household_demographics_5.hd_demo_sk)", "Workers": [], "Plans": [{"Node Type": "Hash Join", "Parent Relationship": "Outer", "Parallel Aware": false, "Async Capable": false, "Join Type": "Inner", "Startup Cost": 10.51, "Total Cost": 61086.35, "Plan Rows": 18004, "Plan Width": 8, "Actual Startup Time": 0.042, "Actual Total Time": 62.386, "Actual Rows": 114568, "Actual Loops": 4, "Inner Unique": true, "Hash Cond": "(store_sales_5.ss_store_sk = store_5.s_store_sk)", "Workers": [], "Plans": [{"Node Type": "Seq Scan", "Parent Relationship": "Outer", "Parallel Aware": true, "Async Capable": false, "Relation Name": "store_sales", "Alias": "store_sales_5", "Startup Cost": 0.0, "Total Cost": 58993.85, "Plan Rows": 720185, "Plan Width": 12, "Actual Startup Time": 0.004, "Actual Total Time": 28.415, "Actual Rows": 720101, "Actual Loops": 4, "Workers": []}, {"Node Type": "Hash", "Parent Relationship": "Inner", "Parallel Aware": false, "Async Capable": false, "Startup Cost": 10.5, "Total Cost": 10.5, "Plan Rows": 1, "Plan Width": 4, "Actual Startup Time": 0.009, "Actual Total Time": 0.009, "Actual Rows": 1, "Actual Loops": 4, "Hash Buckets": 1024, "Original Hash Buckets": 1024, "Hash Batches": 1, "Original Hash Batches": 1, "Peak Memory Usage": 9, "Workers": [], "Plans": [{"Node Type": "Seq Scan", "Parent Relationship": "Outer", "Parallel Aware": false, "Async Capable": false, "Relation Name": "store", "Alias": "store_5", "Startup Cost": 0.0, "Total Cost": 10.5, "Plan Rows": 1, "Plan Width": 4, "Actual Startup Time": 0.005, "Actual Total Time": 0.006, "Actual Rows": 1, "Actual Loops": 4, "Filter": "((s_store_name)::text = 'ese'::text)", "Rows Removed by Filter": 11, "Workers": []}]}]}, {"Node Type": "Hash", "Parent Relationship": "Inner", "Parallel Aware": false, "Async Capable": false, "Startup Cost": 233.0, "Total Cost": 233.0, "Plan Rows": 1757, "Plan Width": 4, "Actual Startup Time": 0.405, "Actual Total Time": 0.405, "Actual Rows": 1920, "Actual Loops": 4, "Hash Buckets": 2048, "Original Hash Buckets": 2048, "Hash Batches": 1, "Original Hash Batches": 1, "Peak Memory Usage": 84, "Workers": [], "Plans": [{"Node Type": "Seq Scan", "Parent Relationship": "Outer", "Parallel Aware": false, "Async Capable": false, "Relation Name": "household_demographics", "Alias": "household_demographics_5", "Startup Cost": 0.0, "Total Cost": 233.0, "Plan Rows": 1757, "Plan Width": 4, "Actual Startup Time": 0.007, "Actual Total Time": 0.316, "Actual Rows": 1920, "Actual Loops": 4, "Filter": "(((hd_dep_count = 4) AND (hd_vehicle_count <= 6)) OR ((hd_dep_count = 2) AND (hd_vehicle_count <= 4)) OR ((hd_dep_count = 0) AND (hd_vehicle_count <= 2)))", "Rows Removed by Filter": 5280, "Workers": []}]}]}, {"Node Type": "Index Scan", "Parent Relationship": "Inner", "Parallel Aware": false, "Async Capable": false, "Scan Direction": "Forward", "Index Name": "time_dim_pkey", "Relation Name": "time_dim", "Alias": "time_dim_5", "Startup Cost": 0.29, "Total Cost": 0.32, "Plan Rows": 1, "Plan Width": 4, "Actual Startup Time": 0.0, "Actual Total Time": 0.0, "Actual Rows": 0, "Actual Loops": 118566, "Index Cond": "(t_time_sk = store_sales_5.ss_sold_time_sk)", "Rows Removed by Index Recheck": 0, "Filter": "((t_minute < 30) AND (t_hour = 11))", "Rows Removed by Filter": 1, "Workers": []}]}]}]}]}]}, {"Node Type": "Aggregate", "Strategy": "Plain", "Partial Mode": "Finalize", "Parent Relationship": "Inner", "Parallel Aware": false, "Async Capable": false, "Startup Cost": 63783.39, "Total Cost": 63783.4, "Plan Rows": 1, "Plan Width": 8, "Actual Startup Time": 69.474, "Actual Total Time": 69.523, "Actual Rows": 1, "Actual Loops": 1, "Plans": [{"Node Type": "Gather", "Parent Relationship": "Outer", "Parallel Aware": false, "Async Capable": false, "Startup Cost": 63782.97, "Total Cost": 63783.38, "Plan Rows": 4, "Plan Width": 8, "Actual Startup Time": 69.396, "Actual Total Time": 69.519, "Actual Rows": 5, "Actual Loops": 1, "Workers Planned": 4, "Workers Launched": 4, "Single Copy": false, "Plans": [{"Node Type": "Aggregate", "Strategy": "Plain", "Partial Mode": "Partial", "Parent Relationship": "Outer", "Parallel Aware": false, "Async Capable": false, "Startup Cost": 62782.97, "Total Cost": 62782.98, "Plan Rows": 1, "Plan Width": 8, "Actual Startup Time": 67.569, "Actual Total Time": 67.572, "Actual Rows": 1, "Actual Loops": 5, "Workers": [], "Plans": [{"Node Type": "Nested Loop", "Parent Relationship": "Outer", "Parallel Aware": false, "Async Capable": false, "Join Type": "Inner", "Startup Cost": 265.77, "Total Cost": 62782.75, "Plan Rows": 89, "Plan Width": 0, "Actual Startup Time": 2.213, "Actual Total Time": 67.547, "Actual Rows": 826, "Actual Loops": 5, "Inner Unique": true, "Workers": [], "Plans": [{"Node Type": "Hash Join", "Parent Relationship": "Outer", "Parallel Aware": false, "Async Capable": false, "Join Type": "Inner", "Startup Cost": 265.47, "Total Cost": 61388.6, "Plan Rows": 4394, "Plan Width": 4, "Actual Startup Time": 0.433, "Actual Total Time": 55.145, "Actual Rows": 23713, "Actual Loops": 5, "Inner Unique": true, "Hash Cond": "(store_sales_6.ss_hdemo_sk = household_demographics_6.hd_demo_sk)", "Workers": [], "Plans": [{"Node Type": "Hash Join", "Parent Relationship": "Outer", "Parallel Aware": false, "Async Capable": false, "Join Type": "Inner", "Startup Cost": 10.51, "Total Cost": 61086.35, "Plan Rows": 18004, "Plan Width": 8, "Actual Startup Time": 0.036, "Actual Total Time": 50.957, "Actual Rows": 91654, "Actual Loops": 5, "Inner Unique": true, "Hash Cond": "(store_sales_6.ss_store_sk = store_6.s_store_sk)", "Workers": [], "Plans": [{"Node Type": "Seq Scan", "Parent Relationship": "Outer", "Parallel Aware": true, "Async Capable": false, "Relation Name": "store_sales", "Alias": "store_sales_6", "Startup Cost": 0.0, "Total Cost": 58993.85, "Plan Rows": 720185, "Plan Width": 12, "Actual Startup Time": 0.004, "Actual Total Time": 23.531, "Actual Rows": 576081, "Actual Loops": 5, "Workers": []}, {"Node Type": "Hash", "Parent Relationship": "Inner", "Parallel Aware": false, "Async Capable": false, "Startup Cost": 10.5, "Total Cost": 10.5, "Plan Rows": 1, "Plan Width": 4, "Actual Startup Time": 0.008, "Actual Total Time": 0.009, "Actual Rows": 1, "Actual Loops": 5, "Hash Buckets": 1024, "Original Hash Buckets": 1024, "Hash Batches": 1, "Original Hash Batches": 1, "Peak Memory Usage": 9, "Workers": [], "Plans": [{"Node Type": "Seq Scan", "Parent Relationship": "Outer", "Parallel Aware": false, "Async Capable": false, "Relation Name": "store", "Alias": "store_6", "Startup Cost": 0.0, "Total Cost": 10.5, "Plan Rows": 1, "Plan Width": 4, "Actual Startup Time": 0.005, "Actual Total Time": 0.006, "Actual Rows": 1, "Actual Loops": 5, "Filter": "((s_store_name)::text = 'ese'::text)", "Rows Removed by Filter": 11, "Workers": []}]}]}, {"Node Type": "Hash", "Parent Relationship": "Inner", "Parallel Aware": false, "Async Capable": false, "Startup Cost": 233.0, "Total Cost": 233.0, "Plan Rows": 1757, "Plan Width": 4, "Actual Startup Time": 0.382, "Actual Total Time": 0.382, "Actual Rows": 1920, "Actual Loops": 5, "Hash Buckets": 2048, "Original Hash Buckets": 2048, "Hash Batches": 1, "Original Hash Batches": 1, "Peak Memory Usage": 84, "Workers": [], "Plans": [{"Node Type": "Seq Scan", "Parent Relationship": "Outer", "Parallel Aware": false, "Async Capable": false, "Relation Name": "household_demographics", "Alias": "household_demographics_6", "Startup Cost": 0.0, "Total Cost": 233.0, "Plan Rows": 1757, "Plan Width": 4, "Actual Startup Time": 0.007, "Actual Total Time": 0.293, "Actual Rows": 1920, "Actual Loops": 5, "Filter": "(((hd_dep_count = 4) AND (hd_vehicle_count <= 6)) OR ((hd_dep_count = 2) AND (hd_vehicle_count <= 4)) OR ((hd_dep_count = 0) AND (hd_vehicle_count <= 2)))", "Rows Removed by Filter": 5280, "Workers": []}]}]}, {"Node Type": "Index Scan", "Parent Relationship": "Inner", "Parallel Aware": false, "Async Capable": false, "Scan Direction": "Forward", "Index Name": "time_dim_pkey", "Relation Name": "time_dim", "Alias": "time_dim_6", "Startup Cost": 0.29, "Total Cost": 0.32, "Plan Rows": 1, "Plan Width": 4, "Actual Startup Time": 0.0, "Actual Total Time": 0.0, "Actual Rows": 0, "Actual Loops": 118566, "Index Cond": "(t_time_sk = store_sales_6.ss_sold_time_sk)", "Rows Removed by Index Recheck": 0, "Filter": "((t_minute >= 30) AND (t_hour = 11))", "Rows Removed by Filter": 1, "Workers": []}]}]}]}]}]}, {"Node Type": "Aggregate", "Strategy": "Plain", "Partial Mode": "Finalize", "Parent Relationship": "Inner", "Parallel Aware": false, "Async Capable": false, "Startup Cost": 63783.4, "Total Cost": 63783.41, "Plan Rows": 1, "Plan Width": 8, "Actual Startup Time": 86.554, "Actual Total Time": 92.35, "Actual Rows": 1, "Actual Loops": 1, "Plans": [{"Node Type": "Gather", "Parent Relationship": "Outer", "Parallel Aware": false, "Async Capable": false, "Startup Cost": 63782.98, "Total Cost": 63783.39, "Plan Rows": 4, "Plan Width": 8, "Actual Startup Time": 86.484, "Actual Total Time": 92.346, "Actual Rows": 4, "Actual Loops": 1, "Workers Planned": 4, "Workers Launched": 3, "Single Copy": false, "Plans": [{"Node Type": "Aggregate", "Strategy": "Plain", "Partial Mode": "Partial", "Parent Relationship": "Outer", "Parallel Aware": false, "Async Capable": false, "Startup Cost": 62782.98, "Total Cost": 62782.99, "Plan Rows": 1, "Plan Width": 8, "Actual Startup Time": 84.833, "Actual Total Time": 84.835, "Actual Rows": 1, "Actual Loops": 4, "Workers": [], "Plans": [{"Node Type": "Nested Loop", "Parent Relationship": "Outer", "Parallel Aware": false, "Async Capable": false, "Join Type": "Inner", "Startup Cost": 265.77, "Total Cost": 62782.75, "Plan Rows": 92, "Plan Width": 0, "Actual Startup Time": 1.804, "Actual Total Time": 84.802, "Actual Rows": 1133, "Actual Loops": 4, "Inner Unique": true, "Workers": [], "Plans": [{"Node Type": "Hash Join", "Parent Relationship": "Outer", "Parallel Aware": false, "Async Capable": false, "Join Type": "Inner", "Startup Cost": 265.47, "Total Cost": 61388.6, "Plan Rows": 4394, "Plan Width": 4, "Actual Startup Time": 0.509, "Actual Total Time": 69.126, "Actual Rows": 29642, "Actual Loops": 4, "Inner Unique": true, "Hash Cond": "(store_sales_7.ss_hdemo_sk = household_demographics_7.hd_demo_sk)", "Workers": [], "Plans": [{"Node Type": "Hash Join", "Parent Relationship": "Outer", "Parallel Aware": false, "Async Capable": false, "Join Type": "Inner", "Startup Cost": 10.51, "Total Cost": 61086.35, "Plan Rows": 18004, "Plan Width": 8, "Actual Startup Time": 0.046, "Actual Total Time": 63.905, "Actual Rows": 114568, "Actual Loops": 4, "Inner Unique": true, "Hash Cond": "(store_sales_7.ss_store_sk = store_7.s_store_sk)", "Workers": [], "Plans": [{"Node Type": "Seq Scan", "Parent Relationship": "Outer", "Parallel Aware": true, "Async Capable": false, "Relation Name": "store_sales", "Alias": "store_sales_7", "Startup Cost": 0.0, "Total Cost": 58993.85, "Plan Rows": 720185, "Plan Width": 12, "Actual Startup Time": 0.005, "Actual Total Time": 28.911, "Actual Rows": 720101, "Actual Loops": 4, "Workers": []}, {"Node Type": "Hash", "Parent Relationship": "Inner", "Parallel Aware": false, "Async Capable": false, "Startup Cost": 10.5, "Total Cost": 10.5, "Plan Rows": 1, "Plan Width": 4, "Actual Startup Time": 0.009, "Actual Total Time": 0.009, "Actual Rows": 1, "Actual Loops": 4, "Hash Buckets": 1024, "Original Hash Buckets": 1024, "Hash Batches": 1, "Original Hash Batches": 1, "Peak Memory Usage": 9, "Workers": [], "Plans": [{"Node Type": "Seq Scan", "Parent Relationship": "Outer", "Parallel Aware": false, "Async Capable": false, "Relation Name": "store", "Alias": "store_7", "Startup Cost": 0.0, "Total Cost": 10.5, "Plan Rows": 1, "Plan Width": 4, "Actual Startup Time": 0.006, "Actual Total Time": 0.007, "Actual Rows": 1, "Actual Loops": 4, "Filter": "((s_store_name)::text = 'ese'::text)", "Rows Removed by Filter": 11, "Workers": []}]}]}, {"Node Type": "Hash", "Parent Relationship": "Inner", "Parallel Aware": false, "Async Capable": false, "Startup Cost": 233.0, "Total Cost": 233.0, "Plan Rows": 1757, "Plan Width": 4, "Actual Startup Time": 0.434, "Actual Total Time": 0.435, "Actual Rows": 1920, "Actual Loops": 4, "Hash Buckets": 2048, "Original Hash Buckets": 2048, "Hash Batches": 1, "Original Hash Batches": 1, "Peak Memory Usage": 84, "Workers": [], "Plans": [{"Node Type": "Seq Scan", "Parent Relationship": "Outer", "Parallel Aware": false, "Async Capable": false, "Relation Name": "household_demographics", "Alias": "household_demographics_7", "Startup Cost": 0.0, "Total Cost": 233.0, "Plan Rows": 1757, "Plan Width": 4, "Actual Startup Time": 0.009, "Actual Total Time": 0.348, "Actual Rows": 1920, "Actual Loops": 4, "Filter": "(((hd_dep_count = 4) AND (hd_vehicle_count <= 6)) OR ((hd_dep_count = 2) AND (hd_vehicle_count <= 4)) OR ((hd_dep_count = 0) AND (hd_vehicle_count <= 2)))", "Rows Removed by Filter": 5280, "Workers": []}]}]}, {"Node Type": "Index Scan", "Parent Relationship": "Inner", "Parallel Aware": false, "Async Capable": false, "Scan Direction": "Forward", "Index Name": "time_dim_pkey", "Relation Name": "time_dim", "Alias": "time_dim_7", "Startup Cost": 0.29, "Total Cost": 0.32, "Plan Rows": 1, "Plan Width": 4, "Actual Startup Time": 0.0, "Actual Total Time": 0.0, "Actual Rows": 0, "Actual Loops": 118566, "Index Cond": "(t_time_sk = store_sales_7.ss_sold_time_sk)", "Rows Removed by Index Recheck": 0, "Filter": "((t_minute < 30) AND (t_hour = 12))", "Rows Removed by Filter": 1, "Workers": []}]}]}]}]}]}, "Planning Time": 1.367, "Triggers": [], "Execution Time": 625.21}