{"Plan": {"Node Type": "Limit", "Parallel Aware": false, "Async Capable": false, "Startup Cost": 64498.67, "Total Cost": 64498.92, "Plan Rows": 100, "Plan Width": 489, "Actual Startup Time": 93.254, "Actual Total Time": 98.562, "Actual Rows": 100, "Actual Loops": 1, "Plans": [{"Node Type": "Sort", "Parent Relationship": "Outer", "Parallel Aware": false, "Async Capable": false, "Startup Cost": 64498.67, "Total Cost": 64498.94, "Plan Rows": 107, "Plan Width": 489, "Actual Startup Time": 93.253, "Actual Total Time": 98.557, "Actual Rows": 100, "Actual Loops": 1, "Sort Key": ["((tmp1.sum_sales - tmp1.avg_monthly_sales))", "tmp1.s_store_name", "tmp1.i_category", "tmp1.i_class", "tmp1.i_brand", "tmp1.s_company_name", "tmp1.d_moy", "tmp1.sum_sales", "tmp1.avg_monthly_sales"], "Sort Method": "top-N heapsort", "Sort Space Used": 68, "Sort Space Type": "Memory", "Plans": [{"Node Type": "Subquery Scan", "Parent Relationship": "Outer", "Parallel Aware": false, "Async Capable": false, "Alias": "tmp1", "Startup Cost": 64425.87, "Total Cost": 64495.06, "Plan Rows": 107, "Plan Width": 489, "Actual Startup Time": 80.169, "Actual Total Time": 98.106, "Actual Rows": 2695, "Actual Loops": 1, "Filter": "(CASE WHEN (tmp1.avg_monthly_sales <> '0'::numeric) THEN (abs((tmp1.sum_sales - tmp1.avg_monthly_sales)) / tmp1.avg_monthly_sales) ELSE NULL::numeric END > 0.1)", "Rows Removed by Filter": 285, "Plans": [{"Node Type": "WindowAgg", "Parent Relationship": "Subquery", "Parallel Aware": false, "Async Capable": false, "Startup Cost": 64425.87, "Total Cost": 64487.6, "Plan Rows": 320, "Plan Width": 457, "Actual Startup Time": 80.165, "Actual Total Time": 97.344, "Actual Rows": 2980, "Actual Loops": 1, "Plans": [{"Node Type": "Incremental Sort", "Parent Relationship": "Outer", "Parallel Aware": false, "Async Capable": false, "Startup Cost": 64425.87, "Total Cost": 64480.4, "Plan Rows": 320, "Plan Width": 425, "Actual Startup Time": 80.152, "Actual Total Time": 96.618, "Actual Rows": 2980, "Actual Loops": 1, "Sort Key": ["item.i_category", "item.i_brand", "store.s_store_name", "store.s_company_name"], "Presorted Key": ["item.i_category"], "Full-sort Groups": {"Group Count": 6, "Sort Methods Used": ["quicksort"], "Sort Space Memory": {"Average Sort Space Used": 38, "Peak Sort Space Used": 38}}, "Pre-sorted Groups": {"Group Count": 6, "Sort Methods Used": ["quicksort"], "Sort Space Memory": {"Average Sort Space Used": 218, "Peak Sort Space Used": 240}}, "Plans": [{"Node Type": "Aggregate", "Strategy": "Sorted", "Partial Mode": "Simple", "Parent Relationship": "Outer", "Parallel Aware": false, "Async Capable": false, "Startup Cost": 64420.28, "Total Cost": 64468.2, "Plan Rows": 320, "Plan Width": 425, "Actual Startup Time": 78.916, "Actual Total Time": 95.966, "Actual Rows": 2980, "Actual Loops": 1, "Group Key": ["item.i_category", "item.i_class", "item.i_brand", "store.s_store_name", "store.s_company_name", "date_dim.d_moy"], "Plans": [{"Node Type": "Gather Merge", "Parent Relationship": "Outer", "Parallel Aware": false, "Async Capable": false, "Startup Cost": 64420.28, "Total Cost": 64458.6, "Plan Rows": 320, "Plan Width": 399, "Actual Startup Time": 78.902, "Actual Total Time": 90.416, "Actual Rows": 40715, "Actual Loops": 1, "Workers Planned": 4, "Workers Launched": 4, "Plans": [{"Node Type": "Sort", "Parent Relationship": "Outer", "Parallel Aware": false, "Async Capable": false, "Startup Cost": 63420.22, "Total Cost": 63420.42, "Plan Rows": 80, "Plan Width": 399, "Actual Startup Time": 76.816, "Actual Total Time": 77.053, "Actual Rows": 8143, "Actual Loops": 5, "Sort Key": ["item.i_category", "item.i_class", "item.i_brand", "store.s_store_name", "store.s_company_name", "date_dim.d_moy"], "Sort Method": "quicksort", "Sort Space Used": 2052, "Sort Space Type": "Memory", "Workers": [{"Worker Number": 0, "Sort Method": "quicksort", "Sort Space Used": 1841, "Sort Space Type": "Memory"}, {"Worker Number": 1, "Sort Method": "quicksort", "Sort Space Used": 1843, "Sort Space Type": "Memory"}, {"Worker Number": 2, "Sort Method": "quicksort", "Sort Space Used": 1831, "Sort Space Type": "Memory"}, {"Worker Number": 3, "Sort Method": "quicksort", "Sort Space Used": 1851, "Sort Space Type": "Memory"}], "Plans": [{"Node Type": "Nested Loop", "Parent Relationship": "Outer", "Parallel Aware": false, "Async Capable": false, "Join Type": "Inner", "Startup Cost": 1552.13, "Total Cost": 63417.69, "Plan Rows": 80, "Plan Width": 399, "Actual Startup Time": 1.941, "Actual Total Time": 69.613, "Actual Rows": 8143, "Actual Loops": 5, "Inner Unique": true, "Workers": [], "Plans": [{"Node Type": "Nested Loop", "Parent Relationship": "Outer", "Parallel Aware": false, "Async Capable": false, "Join Type": "Inner", "Startup Cost": 1551.98, "Total Cost": 63414.64, "Plan Rows": 80, "Plan Width": 167, "Actual Startup Time": 1.93, "Actual Total Time": 68.325, "Actual Rows": 8331, "Actual Loops": 5, "Inner Unique": true, "Workers": [], "Plans": [{"Node Type": "Hash Join", "Parent Relationship": "Outer", "Parallel Aware": true, "Async Capable": false, "Join Type": "Inner", "Startup Cost": 1551.68, "Total Cost": 62436.46, "Plan Rows": 16164, "Plan Width": 167, "Actual Startup Time": 1.896, "Actual Total Time": 61.36, "Actual Rows": 44300, "Actual Loops": 5, "Inner Unique": true, "Hash Cond": "(store_sales.ss_item_sk = item.i_item_sk)", "Workers": [], "Plans": [{"Node Type": "Seq Scan", "Parent Relationship": "Outer", "Parallel Aware": true, "Async Capable": false, "Relation Name": "store_sales", "Alias": "store_sales", "Startup Cost": 0.0, "Total Cost": 58993.85, "Plan Rows": 720185, "Plan Width": 18, "Actual Startup Time": 0.004, "Actual Total Time": 25.103, "Actual Rows": 576081, "Actual Loops": 5, "Workers": []}, {"Node Type": "Hash", "Parent Relationship": "Inner", "Parallel Aware": true, "Async Capable": false, "Startup Cost": 1548.71, "Total Cost": 1548.71, "Plan Rows": 238, "Plan Width": 157, "Actual Startup Time": 1.845, "Actual Total Time": 1.846, "Actual Rows": 274, "Actual Loops": 5, "Hash Buckets": 1024, "Original Hash Buckets": 1024, "Hash Batches": 1, "Original Hash Batches": 1, "Peak Memory Usage": 360, "Workers": [], "Plans": [{"Node Type": "Seq Scan", "Parent Relationship": "Outer", "Parallel Aware": true, "Async Capable": false, "Relation Name": "item", "Alias": "item", "Startup Cost": 0.0, "Total Cost": 1548.71, "Plan Rows": 238, "Plan Width": 157, "Actual Startup Time": 0.01, "Actual Total Time": 1.797, "Actual Rows": 274, "Actual Loops": 5, "Filter": "(((i_category = ANY ('{Books,Electronics,Sports}'::bpchar[])) AND (i_class = ANY ('{computers,stereo,football}'::bpchar[]))) OR ((i_category = ANY ('{Men,Jewelry,Women}'::bpchar[])) AND (i_class = ANY ('{shirts,birdal,dresses}'::bpchar[]))))", "Rows Removed by Filter": 3326, "Workers": []}]}]}, {"Node Type": "Memoize", "Parent Relationship": "Inner", "Parallel Aware": false, "Async Capable": false, "Startup Cost": 0.3, "Total Cost": 0.32, "Plan Rows": 1, "Plan Width": 8, "Actual Startup Time": 0.0, "Actual Total Time": 0.0, "Actual Rows": 0, "Actual Loops": 221499, "Cache Key": "store_sales.ss_sold_date_sk", "Cache Mode": "logical", "Cache Hits": 42631, "Cache Misses": 1824, "Cache Evictions": 0, "Cache Overflows": 0, "Peak Memory Usage": 136, "Workers": [{"Worker Number": 0, "Cache Hits": 42617, "Cache Misses": 1824, "Cache Evictions": 0, "Cache Overflows": 0, "Peak Memory Usage": 136}, {"Worker Number": 1, "Cache Hits": 42212, "Cache Misses": 1824, "Cache Evictions": 0, "Cache Overflows": 0, "Peak Memory Usage": 136}, {"Worker Number": 2, "Cache Hits": 42435, "Cache Misses": 1824, "Cache Evictions": 0, "Cache Overflows": 0, "Peak Memory Usage": 136}, {"Worker Number": 3, "Cache Hits": 42484, "Cache Misses": 1824, "Cache Evictions": 0, "Cache Overflows": 0, "Peak Memory Usage": 136}], "Plans": [{"Node Type": "Index Scan", "Parent Relationship": "Outer", "Parallel Aware": false, "Async Capable": false, "Scan Direction": "Forward", "Index Name": "date_dim_pkey", "Relation Name": "date_dim", "Alias": "date_dim", "Startup Cost": 0.29, "Total Cost": 0.31, "Plan Rows": 1, "Plan Width": 8, "Actual Startup Time": 0.001, "Actual Total Time": 0.001, "Actual Rows": 0, "Actual Loops": 9120, "Index Cond": "(d_date_sk = store_sales.ss_sold_date_sk)", "Rows Removed by Index Recheck": 0, "Filter": "(d_year = 1999)", "Rows Removed by Filter": 1, "Workers": []}]}]}, {"Node Type": "Memoize", "Parent Relationship": "Inner", "Parallel Aware": false, "Async Capable": false, "Startup Cost": 0.15, "Total Cost": 0.17, "Plan Rows": 1, "Plan Width": 240, "Actual Startup Time": 0.0, "Actual Total Time": 0.0, "Actual Rows": 1, "Actual Loops": 41654, "Cache Key": "store_sales.ss_store_sk", "Cache Mode": "logical", "Cache Hits": 8375, "Cache Misses": 7, "Cache Evictions": 0, "Cache Overflows": 0, "Peak Memory Usage": 1, "Workers": [{"Worker Number": 0, "Cache Hits": 8310, "Cache Misses": 7, "Cache Evictions": 0, "Cache Overflows": 0, "Peak Memory Usage": 1}, {"Worker Number": 1, "Cache Hits": 8309, "Cache Misses": 7, "Cache Evictions": 0, "Cache Overflows": 0, "Peak Memory Usage": 1}, {"Worker Number": 2, "Cache Hits": 8235, "Cache Misses": 7, "Cache Evictions": 0, "Cache Overflows": 0, "Peak Memory Usage": 1}, {"Worker Number": 3, "Cache Hits": 8390, "Cache Misses": 7, "Cache Evictions": 0, "Cache Overflows": 0, "Peak Memory Usage": 1}], "Plans": [{"Node Type": "Index Scan", "Parent Relationship": "Outer", "Parallel Aware": false, "Async Capable": false, "Scan Direction": "Forward", "Index Name": "store_pkey", "Relation Name": "store", "Alias": "store", "Startup Cost": 0.14, "Total Cost": 0.16, "Plan Rows": 1, "Plan Width": 240, "Actual Startup Time": 0.002, "Actual Total Time": 0.002, "Actual Rows": 1, "Actual Loops": 35, "Index Cond": "(s_store_sk = store_sales.ss_store_sk)", "Rows Removed by Index Recheck": 0, "Workers": []}]}]}]}]}]}]}]}]}]}]}, "Planning Time": 0.535, "Triggers": [], "Execution Time": 98.738}