{"Plan": {"Node Type": "Limit", "Parallel Aware": false, "Async Capable": false, "Startup Cost": 46446.82, "Total Cost": 46446.82, "Plan Rows": 1, "Plan Width": 32, "Actual Startup Time": 51.329, "Actual Total Time": 54.347, "Actual Rows": 1, "Actual Loops": 1, "Plans": [{"Node Type": "Sort", "Parent Relationship": "Outer", "Parallel Aware": false, "Async Capable": false, "Startup Cost": 46446.82, "Total Cost": 46446.82, "Plan Rows": 1, "Plan Width": 32, "Actual Startup Time": 51.328, "Actual Total Time": 54.345, "Actual Rows": 1, "Actual Loops": 1, "Sort Key": ["(CASE WHEN ((count(*)) = 0) THEN NULL::numeric ELSE (((count(*)))::numeric(15,4) / ((count(*)))::numeric(15,4)) END)"], "Sort Method": "quicksort", "Sort Space Used": 25, "Sort Space Type": "Memory", "Plans": [{"Node Type": "Nested Loop", "Parent Relationship": "Outer", "Parallel Aware": false, "Async Capable": false, "Join Type": "Inner", "Startup Cost": 46446.76, "Total Cost": 46446.81, "Plan Rows": 1, "Plan Width": 32, "Actual Startup Time": 51.317, "Actual Total Time": 54.334, "Actual Rows": 1, "Actual Loops": 1, "Inner Unique": false, "Plans": [{"Node Type": "Aggregate", "Strategy": "Plain", "Partial Mode": "Finalize", "Parent Relationship": "Outer", "Parallel Aware": false, "Async Capable": false, "Startup Cost": 23223.38, "Total Cost": 23223.39, "Plan Rows": 1, "Plan Width": 8, "Actual Startup Time": 26.234, "Actual Total Time": 26.294, "Actual Rows": 1, "Actual Loops": 1, "Plans": [{"Node Type": "Gather", "Parent Relationship": "Outer", "Parallel Aware": false, "Async Capable": false, "Startup Cost": 23223.07, "Total Cost": 23223.38, "Plan Rows": 3, "Plan Width": 8, "Actual Startup Time": 26.159, "Actual Total Time": 26.29, "Actual Rows": 4, "Actual Loops": 1, "Workers Planned": 3, "Workers Launched": 3, "Single Copy": false, "Plans": [{"Node Type": "Aggregate", "Strategy": "Plain", "Partial Mode": "Partial", "Parent Relationship": "Outer", "Parallel Aware": false, "Async Capable": false, "Startup Cost": 22223.07, "Total Cost": 22223.08, "Plan Rows": 1, "Plan Width": 8, "Actual Startup Time": 24.682, "Actual Total Time": 24.685, "Actual Rows": 1, "Actual Loops": 4, "Workers": [], "Plans": [{"Node Type": "Nested Loop", "Parent Relationship": "Outer", "Parallel Aware": false, "Async Capable": false, "Join Type": "Inner", "Startup Cost": 155.22, "Total Cost": 22222.9, "Plan Rows": 65, "Plan Width": 0, "Actual Startup Time": 2.157, "Actual Total Time": 24.68, "Actual Rows": 32, "Actual Loops": 4, "Inner Unique": true, "Workers": [], "Plans": [{"Node Type": "Hash Join", "Parent Relationship": "Outer", "Parallel Aware": false, "Async Capable": false, "Join Type": "Inner", "Startup Cost": 154.93, "Total Cost": 21972.01, "Plan Rows": 774, "Plan Width": 4, "Actual Startup Time": 0.387, "Actual Total Time": 23.786, "Actual Rows": 353, "Actual Loops": 4, "Inner Unique": true, "Hash Cond": "(web_sales.ws_ship_hdemo_sk = household_demographics.hd_demo_sk)", "Workers": [], "Plans": [{"Node Type": "Hash Join", "Parent Relationship": "Outer", "Parallel Aware": false, "Async Capable": false, "Join Type": "Inner", "Startup Cost": 2.92, "Total Cost": 21799.69, "Plan Rows": 7735, "Plan Width": 8, "Actual Startup Time": 0.044, "Actual Total Time": 23.345, "Actual Rows": 3513, "Actual Loops": 4, "Inner Unique": true, "Hash Cond": "(web_sales.ws_web_page_sk = web_page.wp_web_page_sk)", "Workers": [], "Plans": [{"Node Type": "Seq Scan", "Parent Relationship": "Outer", "Parallel Aware": true, "Async Capable": false, "Relation Name": "web_sales", "Alias": "web_sales", "Startup Cost": 0.0, "Total Cost": 21144.59, "Plan Rows": 232059, "Plan Width": 12, "Actual Startup Time": 0.004, "Actual Total Time": 10.516, "Actual Rows": 179846, "Actual Loops": 4, "Workers": []}, {"Node Type": "Hash", "Parent Relationship": "Inner", "Parallel Aware": false, "Async Capable": false, "Startup Cost": 2.9, "Total Cost": 2.9, "Plan Rows": 2, "Plan Width": 4, "Actual Startup Time": 0.014, "Actual Total Time": 0.015, "Actual Rows": 1, "Actual Loops": 4, "Hash Buckets": 1024, "Original Hash Buckets": 1024, "Hash Batches": 1, "Original Hash Batches": 1, "Peak Memory Usage": 9, "Workers": [], "Plans": [{"Node Type": "Seq Scan", "Parent Relationship": "Outer", "Parallel Aware": false, "Async Capable": false, "Relation Name": "web_page", "Alias": "web_page", "Startup Cost": 0.0, "Total Cost": 2.9, "Plan Rows": 2, "Plan Width": 4, "Actual Startup Time": 0.008, "Actual Total Time": 0.011, "Actual Rows": 1, "Actual Loops": 4, "Filter": "((wp_char_count >= 5000) AND (wp_char_count <= 5200))", "Rows Removed by Filter": 59, "Workers": []}]}]}, {"Node Type": "Hash", "Parent Relationship": "Inner", "Parallel Aware": false, "Async Capable": false, "Startup Cost": 143.0, "Total Cost": 143.0, "Plan Rows": 720, "Plan Width": 4, "Actual Startup Time": 0.248, "Actual Total Time": 0.248, "Actual Rows": 720, "Actual Loops": 4, "Hash Buckets": 1024, "Original Hash Buckets": 1024, "Hash Batches": 1, "Original Hash Batches": 1, "Peak Memory Usage": 34, "Workers": [], "Plans": [{"Node Type": "Seq Scan", "Parent Relationship": "Outer", "Parallel Aware": false, "Async Capable": false, "Relation Name": "household_demographics", "Alias": "household_demographics", "Startup Cost": 0.0, "Total Cost": 143.0, "Plan Rows": 720, "Plan Width": 4, "Actual Startup Time": 0.027, "Actual Total Time": 0.215, "Actual Rows": 720, "Actual Loops": 4, "Filter": "(hd_dep_count = 6)", "Rows Removed by Filter": 6480, "Workers": []}]}]}, {"Node Type": "Index Scan", "Parent Relationship": "Inner", "Parallel Aware": false, "Async Capable": false, "Scan Direction": "Forward", "Index Name": "time_dim_pkey", "Relation Name": "time_dim", "Alias": "time_dim", "Startup Cost": 0.29, "Total Cost": 0.32, "Plan Rows": 1, "Plan Width": 4, "Actual Startup Time": 0.002, "Actual Total Time": 0.002, "Actual Rows": 0, "Actual Loops": 1411, "Index Cond": "(t_time_sk = web_sales.ws_sold_time_sk)", "Rows Removed by Index Recheck": 0, "Filter": "((t_hour >= 8) AND (t_hour <= 9))", "Rows Removed by Filter": 1, "Workers": []}]}]}]}]}, {"Node Type": "Aggregate", "Strategy": "Plain", "Partial Mode": "Finalize", "Parent Relationship": "Inner", "Parallel Aware": false, "Async Capable": false, "Startup Cost": 23223.38, "Total Cost": 23223.39, "Plan Rows": 1, "Plan Width": 8, "Actual Startup Time": 25.077, "Actual Total Time": 28.033, "Actual Rows": 1, "Actual Loops": 1, "Plans": [{"Node Type": "Gather", "Parent Relationship": "Outer", "Parallel Aware": false, "Async Capable": false, "Startup Cost": 23223.06, "Total Cost": 23223.37, "Plan Rows": 3, "Plan Width": 8, "Actual Startup Time": 25.01, "Actual Total Time": 28.03, "Actual Rows": 4, "Actual Loops": 1, "Workers Planned": 3, "Workers Launched": 3, "Single Copy": false, "Plans": [{"Node Type": "Aggregate", "Strategy": "Plain", "Partial Mode": "Partial", "Parent Relationship": "Outer", "Parallel Aware": false, "Async Capable": false, "Startup Cost": 22223.06, "Total Cost": 22223.07, "Plan Rows": 1, "Plan Width": 8, "Actual Startup Time": 23.444, "Actual Total Time": 23.447, "Actual Rows": 1, "Actual Loops": 4, "Workers": [], "Plans": [{"Node Type": "Nested Loop", "Parent Relationship": "Outer", "Parallel Aware": false, "Async Capable": false, "Join Type": "Inner", "Startup Cost": 155.22, "Total Cost": 22222.9, "Plan Rows": 64, "Plan Width": 0, "Actual Startup Time": 1.573, "Actual Total Time": 23.441, "Actual Rows": 52, "Actual Loops": 4, "Inner Unique": true, "Workers": [], "Plans": [{"Node Type": "Hash Join", "Parent Relationship": "Outer", "Parallel Aware": false, "Async Capable": false, "Join Type": "Inner", "Startup Cost": 154.93, "Total Cost": 21972.01, "Plan Rows": 774, "Plan Width": 4, "Actual Startup Time": 0.405, "Actual Total Time": 22.706, "Actual Rows": 353, "Actual Loops": 4, "Inner Unique": true, "Hash Cond": "(web_sales_1.ws_ship_hdemo_sk = household_demographics_1.hd_demo_sk)", "Workers": [], "Plans": [{"Node Type": "Hash Join", "Parent Relationship": "Outer", "Parallel Aware": false, "Async Capable": false, "Join Type": "Inner", "Startup Cost": 2.92, "Total Cost": 21799.69, "Plan Rows": 7735, "Plan Width": 8, "Actual Startup Time": 0.056, "Actual Total Time": 22.195, "Actual Rows": 3513, "Actual Loops": 4, "Inner Unique": true, "Hash Cond": "(web_sales_1.ws_web_page_sk = web_page_1.wp_web_page_sk)", "Workers": [], "Plans": [{"Node Type": "Seq Scan", "Parent Relationship": "Outer", "Parallel Aware": true, "Async Capable": false, "Relation Name": "web_sales", "Alias": "web_sales_1", "Startup Cost": 0.0, "Total Cost": 21144.59, "Plan Rows": 232059, "Plan Width": 12, "Actual Startup Time": 0.003, "Actual Total Time": 9.158, "Actual Rows": 179846, "Actual Loops": 4, "Workers": []}, {"Node Type": "Hash", "Parent Relationship": "Inner", "Parallel Aware": false, "Async Capable": false, "Startup Cost": 2.9, "Total Cost": 2.9, "Plan Rows": 2, "Plan Width": 4, "Actual Startup Time": 0.02, "Actual Total Time": 0.021, "Actual Rows": 1, "Actual Loops": 4, "Hash Buckets": 1024, "Original Hash Buckets": 1024, "Hash Batches": 1, "Original Hash Batches": 1, "Peak Memory Usage": 9, "Workers": [], "Plans": [{"Node Type": "Seq Scan", "Parent Relationship": "Outer", "Parallel Aware": false, "Async Capable": false, "Relation Name": "web_page", "Alias": "web_page_1", "Startup Cost": 0.0, "Total Cost": 2.9, "Plan Rows": 2, "Plan Width": 4, "Actual Startup Time": 0.014, "Actual Total Time": 0.017, "Actual Rows": 1, "Actual Loops": 4, "Filter": "((wp_char_count >= 5000) AND (wp_char_count <= 5200))", "Rows Removed by Filter": 59, "Workers": []}]}]}, {"Node Type": "Hash", "Parent Relationship": "Inner", "Parallel Aware": false, "Async Capable": false, "Startup Cost": 143.0, "Total Cost": 143.0, "Plan Rows": 720, "Plan Width": 4, "Actual Startup Time": 0.304, "Actual Total Time": 0.305, "Actual Rows": 720, "Actual Loops": 4, "Hash Buckets": 1024, "Original Hash Buckets": 1024, "Hash Batches": 1, "Original Hash Batches": 1, "Peak Memory Usage": 34, "Workers": [], "Plans": [{"Node Type": "Seq Scan", "Parent Relationship": "Outer", "Parallel Aware": false, "Async Capable": false, "Relation Name": "household_demographics", "Alias": "household_demographics_1", "Startup Cost": 0.0, "Total Cost": 143.0, "Plan Rows": 720, "Plan Width": 4, "Actual Startup Time": 0.043, "Actual Total Time": 0.264, "Actual Rows": 720, "Actual Loops": 4, "Filter": "(hd_dep_count = 6)", "Rows Removed by Filter": 6480, "Workers": []}]}]}, {"Node Type": "Index Scan", "Parent Relationship": "Inner", "Parallel Aware": false, "Async Capable": false, "Scan Direction": "Forward", "Index Name": "time_dim_pkey", "Relation Name": "time_dim", "Alias": "time_dim_1", "Startup Cost": 0.29, "Total Cost": 0.32, "Plan Rows": 1, "Plan Width": 4, "Actual Startup Time": 0.002, "Actual Total Time": 0.002, "Actual Rows": 0, "Actual Loops": 1411, "Index Cond": "(t_time_sk = web_sales_1.ws_sold_time_sk)", "Rows Removed by Index Recheck": 0, "Filter": "((t_hour >= 19) AND (t_hour <= 20))", "Rows Removed by Filter": 1, "Workers": []}]}]}]}]}]}]}]}, "Planning Time": 0.615, "Triggers": [], "Execution Time": 54.432}