{"Plan": {"Node Type": "Limit", "Parallel Aware": false, "Async Capable": false, "Startup Cost": 26420.14, "Total Cost": 26420.15, "Plan Rows": 1, "Plan Width": 32, "Actual Startup Time": 29.683, "Actual Total Time": 32.316, "Actual Rows": 1, "Actual Loops": 1, "Plans": [{"Node Type": "Sort", "Parent Relationship": "Outer", "Parallel Aware": false, "Async Capable": false, "Startup Cost": 26420.14, "Total Cost": 26420.15, "Plan Rows": 1, "Plan Width": 32, "Actual Startup Time": 29.682, "Actual Total Time": 32.314, "Actual Rows": 1, "Actual Loops": 1, "Sort Key": ["(sum(web_sales.ws_ext_discount_amt))"], "Sort Method": "quicksort", "Sort Space Used": 25, "Sort Space Type": "Memory", "Plans": [{"Node Type": "Aggregate", "Strategy": "Plain", "Partial Mode": "Simple", "Parent Relationship": "Outer", "Parallel Aware": false, "Async Capable": false, "Startup Cost": 26420.12, "Total Cost": 26420.13, "Plan Rows": 1, "Plan Width": 32, "Actual Startup Time": 29.672, "Actual Total Time": 32.304, "Actual Rows": 1, "Actual Loops": 1, "Plans": [{"Node Type": "Hash Join", "Parent Relationship": "Outer", "Parallel Aware": false, "Async Capable": false, "Join Type": "Inner", "Startup Cost": 4578.39, "Total Cost": 26420.12, "Plan Rows": 1, "Plan Width": 6, "Actual Startup Time": 12.104, "Actual Total Time": 32.299, "Actual Rows": 8, "Actual Loops": 1, "Inner Unique": true, "Hash Cond": "(web_sales.ws_item_sk = item.i_item_sk)", "Join Filter": "(web_sales.ws_ext_discount_amt > (SubPlan 1))", "Rows Removed by Join Filter": 21, "Plans": [{"Node Type": "Gather", "Parent Relationship": "Outer", "Parallel Aware": false, "Async Capable": false, "Startup Cost": 3069.19, "Total Cost": 24908.67, "Plan Rows": 857, "Plan Width": 10, "Actual Startup Time": 2.502, "Actual Total Time": 24.805, "Actual Rows": 20708, "Actual Loops": 1, "Workers Planned": 3, "Workers Launched": 3, "Single Copy": false, "Plans": [{"Node Type": "Hash Join", "Parent Relationship": "Outer", "Parallel Aware": true, "Async Capable": false, "Join Type": "Inner", "Startup Cost": 2069.19, "Total Cost": 23822.97, "Plan Rows": 276, "Plan Width": 10, "Actual Startup Time": 1.157, "Actual Total Time": 22.488, "Actual Rows": 5177, "Actual Loops": 4, "Inner Unique": true, "Hash Cond": "(web_sales.ws_sold_date_sk = date_dim.d_date_sk)", "Workers": [], "Plans": [{"Node Type": "Seq Scan", "Parent Relationship": "Outer", "Parallel Aware": true, "Async Capable": false, "Relation Name": "web_sales", "Alias": "web_sales", "Startup Cost": 0.0, "Total Cost": 21144.59, "Plan Rows": 232059, "Plan Width": 14, "Actual Startup Time": 0.003, "Actual Total Time": 10.391, "Actual Rows": 179846, "Actual Loops": 4, "Workers": []}, {"Node Type": "Hash", "Parent Relationship": "Inner", "Parallel Aware": true, "Async Capable": false, "Startup Cost": 2068.55, "Total Cost": 2068.55, "Plan Rows": 51, "Plan Width": 4, "Actual Startup Time": 1.019, "Actual Total Time": 1.02, "Actual Rows": 23, "Actual Loops": 4, "Hash Buckets": 1024, "Original Hash Buckets": 1024, "Hash Batches": 1, "Original Hash Batches": 1, "Peak Memory Usage": 104, "Workers": [], "Plans": [{"Node Type": "Seq Scan", "Parent Relationship": "Outer", "Parallel Aware": true, "Async Capable": false, "Relation Name": "date_dim", "Alias": "date_dim", "Startup Cost": 0.0, "Total Cost": 2068.55, "Plan Rows": 51, "Plan Width": 4, "Actual Startup Time": 0.616, "Actual Total Time": 1.004, "Actual Rows": 23, "Actual Loops": 4, "Filter": "((d_date >= '2000-01-27'::date) AND (d_date <= '2000-04-26'::date))", "Rows Removed by Filter": 18240, "Workers": []}]}]}]}, {"Node Type": "Hash", "Parent Relationship": "Inner", "Parallel Aware": false, "Async Capable": false, "Startup Cost": 1509.0, "Total Cost": 1509.0, "Plan Rows": 16, "Plan Width": 4, "Actual Startup Time": 4.862, "Actual Total Time": 4.863, "Actual Rows": 25, "Actual Loops": 1, "Hash Buckets": 1024, "Original Hash Buckets": 1024, "Hash Batches": 1, "Original Hash Batches": 1, "Peak Memory Usage": 9, "Plans": [{"Node Type": "Seq Scan", "Parent Relationship": "Outer", "Parallel Aware": false, "Async Capable": false, "Relation Name": "item", "Alias": "item", "Startup Cost": 0.0, "Total Cost": 1509.0, "Plan Rows": 16, "Plan Width": 4, "Actual Startup Time": 0.007, "Actual Total Time": 4.856, "Actual Rows": 25, "Actual Loops": 1, "Filter": "(i_manufact_id = 350)", "Rows Removed by Filter": 17975}]}, {"Node Type": "Aggregate", "Strategy": "Plain", "Partial Mode": "Simple", "Parent Relationship": "SubPlan", "Subplan Name": "SubPlan 1", "Parallel Aware": false, "Async Capable": false, "Startup Cost": 524.38, "Total Cost": 524.39, "Plan Rows": 1, "Plan Width": 32, "Actual Startup Time": 0.07, "Actual Total Time": 0.07, "Actual Rows": 1, "Actual Loops": 29, "Plans": [{"Node Type": "Nested Loop", "Parent Relationship": "Outer", "Parallel Aware": false, "Async Capable": false, "Join Type": "Inner", "Startup Cost": 0.73, "Total Cost": 524.38, "Plan Rows": 1, "Plan Width": 6, "Actual Startup Time": 0.017, "Actual Total Time": 0.069, "Actual Rows": 4, "Actual Loops": 29, "Inner Unique": true, "Plans": [{"Node Type": "Index Scan", "Parent Relationship": "Outer", "Parallel Aware": false, "Async Capable": false, "Scan Direction": "Forward", "Index Name": "web_sales_pkey", "Relation Name": "web_sales", "Alias": "web_sales_1", "Startup Cost": 0.42, "Total Cost": 181.19, "Plan Rows": 44, "Plan Width": 10, "Actual Startup Time": 0.005, "Actual Total Time": 0.051, "Actual Rows": 44, "Actual Loops": 29, "Index Cond": "(ws_item_sk = item.i_item_sk)", "Rows Removed by Index Recheck": 0}, {"Node Type": "Memoize", "Parent Relationship": "Inner", "Parallel Aware": false, "Async Capable": false, "Startup Cost": 0.3, "Total Cost": 7.96, "Plan Rows": 1, "Plan Width": 4, "Actual Startup Time": 0.0, "Actual Total Time": 0.0, "Actual Rows": 0, "Actual Loops": 1271, "Cache Key": "web_sales_1.ws_sold_date_sk", "Cache Mode": "logical", "Cache Hits": 847, "Cache Misses": 424, "Cache Evictions": 0, "Cache Overflows": 0, "Peak Memory Usage": 30, "Plans": [{"Node Type": "Index Scan", "Parent Relationship": "Outer", "Parallel Aware": false, "Async Capable": false, "Scan Direction": "Forward", "Index Name": "date_dim_pkey", "Relation Name": "date_dim", "Alias": "date_dim_1", "Startup Cost": 0.29, "Total Cost": 7.95, "Plan Rows": 1, "Plan Width": 4, "Actual Startup Time": 0.001, "Actual Total Time": 0.001, "Actual Rows": 0, "Actual Loops": 424, "Index Cond": "(d_date_sk = web_sales_1.ws_sold_date_sk)", "Rows Removed by Index Recheck": 0, "Filter": "((d_date >= '2000-01-27'::date) AND (d_date <= '2000-04-26'::date))", "Rows Removed by Filter": 1}]}]}]}]}]}]}]}, "Planning Time": 0.439, "Triggers": [], "Execution Time": 32.374}