{"Plan": {"Node Type": "Limit", "Parallel Aware": false, "Async Capable": false, "Startup Cost": 8348.58, "Total Cost": 8348.58, "Plan Rows": 2, "Plan Width": 36, "Actual Startup Time": 24.273, "Actual Total Time": 24.86, "Actual Rows": 100, "Actual Loops": 1, "Plans": [{"Node Type": "Sort", "Parent Relationship": "Outer", "Parallel Aware": false, "Async Capable": false, "Startup Cost": 8348.58, "Total Cost": 8348.58, "Plan Rows": 2, "Plan Width": 36, "Actual Startup Time": 24.272, "Actual Total Time": 24.855, "Actual Rows": 100, "Actual Loops": 1, "Sort Key": ["(sum(CASE WHEN (store_returns.sr_return_quantity IS NOT NULL) THEN (((store_sales.ss_quantity - store_returns.sr_return_quantity))::numeric * store_sales.ss_sales_price) ELSE ((store_sales.ss_quantity)::numeric * store_sales.ss_sales_price) END)) NULLS FIRST", "store_sales.ss_customer_sk NULLS FIRST"], "Sort Method": "top-N heapsort", "Sort Space Used": 31, "Sort Space Type": "Memory", "Plans": [{"Node Type": "Aggregate", "Strategy": "Sorted", "Partial Mode": "Simple", "Parent Relationship": "Outer", "Parallel Aware": false, "Async Capable": false, "Startup Cost": 8348.5, "Total Cost": 8348.57, "Plan Rows": 2, "Plan Width": 36, "Actual Startup Time": 21.677, "Actual Total Time": 24.455, "Actual Rows": 7216, "Actual Loops": 1, "Group Key": ["store_sales.ss_customer_sk"], "Plans": [{"Node Type": "Sort", "Parent Relationship": "Outer", "Parallel Aware": false, "Async Capable": false, "Startup Cost": 8348.5, "Total Cost": 8348.51, "Plan Rows": 2, "Plan Width": 18, "Actual Startup Time": 21.61, "Actual Total Time": 22.551, "Actual Rows": 7983, "Actual Loops": 1, "Sort Key": ["store_sales.ss_customer_sk NULLS FIRST"], "Sort Method": "quicksort", "Sort Space Used": 558, "Sort Space Type": "Memory", "Plans": [{"Node Type": "Gather", "Parent Relationship": "Outer", "Parallel Aware": false, "Async Capable": false, "Startup Cost": 1012.44, "Total Cost": 8348.49, "Plan Rows": 2, "Plan Width": 18, "Actual Startup Time": 0.319, "Actual Total Time": 21.385, "Actual Rows": 7983, "Actual Loops": 1, "Workers Planned": 2, "Workers Launched": 2, "Single Copy": false, "Plans": [{"Node Type": "Nested Loop", "Parent Relationship": "Outer", "Parallel Aware": false, "Async Capable": false, "Join Type": "Inner", "Startup Cost": 12.44, "Total Cost": 7348.29, "Plan Rows": 1, "Plan Width": 18, "Actual Startup Time": 0.071, "Actual Total Time": 19.677, "Actual Rows": 2661, "Actual Loops": 3, "Inner Unique": true, "Workers": [], "Plans": [{"Node Type": "Hash Join", "Parent Relationship": "Outer", "Parallel Aware": false, "Async Capable": false, "Join Type": "Inner", "Startup Cost": 12.01, "Total Cost": 6356.49, "Plan Rows": 749, "Plan Width": 12, "Actual Startup Time": 0.048, "Actual Total Time": 8.542, "Actual Rows": 2661, "Actual Loops": 3, "Inner Unique": true, "Hash Cond": "(store_returns.sr_reason_sk = reason.r_reason_sk)", "Workers": [], "Plans": [{"Node Type": "Seq Scan", "Parent Relationship": "Outer", "Parallel Aware": true, "Async Capable": false, "Relation Name": "store_returns", "Alias": "store_returns", "Startup Cost": 0.0, "Total Cost": 6021.98, "Plan Rows": 119798, "Plan Width": 16, "Actual Startup Time": 0.005, "Actual Total Time": 4.056, "Actual Rows": 95838, "Actual Loops": 3, "Workers": []}, {"Node Type": "Hash", "Parent Relationship": "Inner", "Parallel Aware": false, "Async Capable": false, "Startup Cost": 12.0, "Total Cost": 12.0, "Plan Rows": 1, "Plan Width": 4, "Actual Startup Time": 0.014, "Actual Total Time": 0.015, "Actual Rows": 1, "Actual Loops": 3, "Hash Buckets": 1024, "Original Hash Buckets": 1024, "Hash Batches": 1, "Original Hash Batches": 1, "Peak Memory Usage": 9, "Workers": [], "Plans": [{"Node Type": "Seq Scan", "Parent Relationship": "Outer", "Parallel Aware": false, "Async Capable": false, "Relation Name": "reason", "Alias": "reason", "Startup Cost": 0.0, "Total Cost": 12.0, "Plan Rows": 1, "Plan Width": 4, "Actual Startup Time": 0.011, "Actual Total Time": 0.012, "Actual Rows": 1, "Actual Loops": 3, "Filter": "(r_reason_desc = 'reason 28'::bpchar)", "Rows Removed by Filter": 34, "Workers": []}]}]}, {"Node Type": "Index Scan", "Parent Relationship": "Inner", "Parallel Aware": false, "Async Capable": false, "Scan Direction": "Forward", "Index Name": "store_sales_pkey", "Relation Name": "store_sales", "Alias": "store_sales", "Startup Cost": 0.43, "Total Cost": 1.32, "Plan Rows": 1, "Plan Width": 22, "Actual Startup Time": 0.004, "Actual Total Time": 0.004, "Actual Rows": 1, "Actual Loops": 7983, "Index Cond": "((ss_item_sk = store_returns.sr_item_sk) AND (ss_ticket_number = store_returns.sr_ticket_number))", "Rows Removed by Index Recheck": 0, "Workers": []}]}]}]}]}]}]}, "Planning Time": 0.753, "Triggers": [], "Execution Time": 24.94}