{"Plan": {"Node Type": "Limit", "Parallel Aware": false, "Async Capable": false, "Startup Cost": 29362.52, "Total Cost": 29362.53, "Plan Rows": 1, "Plan Width": 72, "Actual Startup Time": 112.734, "Actual Total Time": 112.799, "Actual Rows": 1, "Actual Loops": 1, "Plans": [{"Node Type": "Sort", "Parent Relationship": "Outer", "Parallel Aware": false, "Async Capable": false, "Startup Cost": 29362.52, "Total Cost": 29362.53, "Plan Rows": 1, "Plan Width": 72, "Actual Startup Time": 112.733, "Actual Total Time": 112.798, "Actual Rows": 1, "Actual Loops": 1, "Sort Key": ["(count(DISTINCT ws1.ws_order_number))"], "Sort Method": "quicksort", "Sort Space Used": 25, "Sort Space Type": "Memory", "Plans": [{"Node Type": "Aggregate", "Strategy": "Plain", "Partial Mode": "Simple", "Parent Relationship": "Outer", "Parallel Aware": false, "Async Capable": false, "Startup Cost": 29362.5, "Total Cost": 29362.51, "Plan Rows": 1, "Plan Width": 72, "Actual Startup Time": 112.725, "Actual Total Time": 112.79, "Actual Rows": 1, "Actual Loops": 1, "Plans": [{"Node Type": "Sort", "Parent Relationship": "Outer", "Parallel Aware": false, "Async Capable": false, "Startup Cost": 29362.49, "Total Cost": 29362.49, "Plan Rows": 1, "Plan Width": 16, "Actual Startup Time": 112.709, "Actual Total Time": 112.775, "Actual Rows": 46, "Actual Loops": 1, "Sort Key": ["ws1.ws_order_number"], "Sort Method": "quicksort", "Sort Space Used": 27, "Sort Space Type": "Memory", "Plans": [{"Node Type": "Nested Loop", "Parent Relationship": "Outer", "Parallel Aware": false, "Async Capable": false, "Join Type": "Anti", "Startup Cost": 1011.82, "Total Cost": 29362.48, "Plan Rows": 1, "Plan Width": 16, "Actual Startup Time": 4.071, "Actual Total Time": 112.758, "Actual Rows": 46, "Actual Loops": 1, "Inner Unique": false, "Plans": [{"Node Type": "Nested Loop", "Parent Relationship": "Outer", "Parallel Aware": false, "Async Capable": false, "Join Type": "Semi", "Startup Cost": 1011.53, "Total Cost": 28997.24, "Plan Rows": 1, "Plan Width": 16, "Actual Startup Time": 2.329, "Actual Total Time": 82.275, "Actual Rows": 147, "Actual Loops": 1, "Inner Unique": false, "Plans": [{"Node Type": "Gather", "Parent Relationship": "Outer", "Parallel Aware": false, "Async Capable": false, "Startup Cost": 1011.11, "Total Cost": 23601.13, "Plan Rows": 1, "Plan Width": 20, "Actual Startup Time": 0.648, "Actual Total Time": 21.626, "Actual Rows": 147, "Actual Loops": 1, "Workers Planned": 3, "Workers Launched": 3, "Single Copy": false, "Plans": [{"Node Type": "Nested Loop", "Parent Relationship": "Outer", "Parallel Aware": false, "Async Capable": false, "Join Type": "Inner", "Startup Cost": 11.1, "Total Cost": 22601.03, "Plan Rows": 1, "Plan Width": 20, "Actual Startup Time": 1.949, "Actual Total Time": 30.747, "Actual Rows": 37, "Actual Loops": 4, "Inner Unique": true, "Workers": [], "Plans": [{"Node Type": "Nested Loop", "Parent Relationship": "Outer", "Parallel Aware": false, "Async Capable": false, "Join Type": "Inner", "Startup Cost": 10.81, "Total Cost": 22599.45, "Plan Rows": 5, "Plan Width": 24, "Actual Startup Time": 0.139, "Actual Total Time": 29.28, "Actual Rows": 1009, "Actual Loops": 4, "Inner Unique": true, "Workers": [], "Plans": [{"Node Type": "Hash Join", "Parent Relationship": "Outer", "Parallel Aware": false, "Async Capable": false, "Join Type": "Inner", "Startup Cost": 10.51, "Total Cost": 21828.79, "Plan Rows": 5802, "Plan Width": 28, "Actual Startup Time": 0.041, "Actual Total Time": 25.144, "Actual Rows": 23873, "Actual Loops": 4, "Inner Unique": true, "Hash Cond": "(ws1.ws_web_site_sk = web_site.web_site_sk)", "Workers": [], "Plans": [{"Node Type": "Seq Scan", "Parent Relationship": "Outer", "Parallel Aware": true, "Async Capable": false, "Relation Name": "web_sales", "Alias": "ws1", "Startup Cost": 0.0, "Total Cost": 21144.59, "Plan Rows": 232059, "Plan Width": 32, "Actual Startup Time": 0.004, "Actual Total Time": 10.744, "Actual Rows": 179846, "Actual Loops": 4, "Workers": []}, {"Node Type": "Hash", "Parent Relationship": "Inner", "Parallel Aware": false, "Async Capable": false, "Startup Cost": 10.5, "Total Cost": 10.5, "Plan Rows": 1, "Plan Width": 4, "Actual Startup Time": 0.016, "Actual Total Time": 0.016, "Actual Rows": 5, "Actual Loops": 4, "Hash Buckets": 1024, "Original Hash Buckets": 1024, "Hash Batches": 1, "Original Hash Batches": 1, "Peak Memory Usage": 9, "Workers": [], "Plans": [{"Node Type": "Seq Scan", "Parent Relationship": "Outer", "Parallel Aware": false, "Async Capable": false, "Relation Name": "web_site", "Alias": "web_site", "Startup Cost": 0.0, "Total Cost": 10.5, "Plan Rows": 1, "Plan Width": 4, "Actual Startup Time": 0.011, "Actual Total Time": 0.014, "Actual Rows": 5, "Actual Loops": 4, "Filter": "(web_company_name = 'pri'::bpchar)", "Rows Removed by Filter": 25, "Workers": []}]}]}, {"Node Type": "Memoize", "Parent Relationship": "Inner", "Parallel Aware": false, "Async Capable": false, "Startup Cost": 0.3, "Total Cost": 0.33, "Plan Rows": 1, "Plan Width": 4, "Actual Startup Time": 0.0, "Actual Total Time": 0.0, "Actual Rows": 0, "Actual Loops": 95491, "Cache Key": "ws1.ws_ship_date_sk", "Cache Mode": "logical", "Cache Hits": 14281, "Cache Misses": 1909, "Cache Evictions": 0, "Cache Overflows": 0, "Peak Memory Usage": 129, "Workers": [{"Worker Number": 0, "Cache Hits": 24686, "Cache Misses": 1931, "Cache Evictions": 0, "Cache Overflows": 0, "Peak Memory Usage": 131}, {"Worker Number": 1, "Cache Hits": 24157, "Cache Misses": 1928, "Cache Evictions": 0, "Cache Overflows": 0, "Peak Memory Usage": 131}, {"Worker Number": 2, "Cache Hits": 24670, "Cache Misses": 1929, "Cache Evictions": 0, "Cache Overflows": 0, "Peak Memory Usage": 131}], "Plans": [{"Node Type": "Index Scan", "Parent Relationship": "Outer", "Parallel Aware": false, "Async Capable": false, "Scan Direction": "Forward", "Index Name": "date_dim_pkey", "Relation Name": "date_dim", "Alias": "date_dim", "Startup Cost": 0.29, "Total Cost": 0.32, "Plan Rows": 1, "Plan Width": 4, "Actual Startup Time": 0.001, "Actual Total Time": 0.001, "Actual Rows": 0, "Actual Loops": 7697, "Index Cond": "(d_date_sk = ws1.ws_ship_date_sk)", "Rows Removed by Index Recheck": 0, "Filter": "((d_date >= '1999-02-01'::date) AND (d_date <= '1999-04-02'::date))", "Rows Removed by Filter": 1, "Workers": []}]}]}, {"Node Type": "Index Scan", "Parent Relationship": "Inner", "Parallel Aware": false, "Async Capable": false, "Scan Direction": "Forward", "Index Name": "customer_address_pkey", "Relation Name": "customer_address", "Alias": "customer_address", "Startup Cost": 0.29, "Total Cost": 0.32, "Plan Rows": 1, "Plan Width": 4, "Actual Startup Time": 0.001, "Actual Total Time": 0.001, "Actual Rows": 0, "Actual Loops": 4036, "Index Cond": "(ca_address_sk = ws1.ws_ship_addr_sk)", "Rows Removed by Index Recheck": 0, "Filter": "(ca_state = 'IL'::bpchar)", "Rows Removed by Filter": 1, "Workers": []}]}]}, {"Node Type": "Index Scan", "Parent Relationship": "Inner", "Parallel Aware": false, "Async Capable": false, "Scan Direction": "Forward", "Index Name": "web_sales_pkey", "Relation Name": "web_sales", "Alias": "ws2", "Startup Cost": 0.42, "Total Cost": 5396.09, "Plan Rows": 10, "Plan Width": 8, "Actual Startup Time": 0.412, "Actual Total Time": 0.412, "Actual Rows": 1, "Actual Loops": 147, "Index Cond": "(ws_order_number = ws1.ws_order_number)", "Rows Removed by Index Recheck": 0, "Filter": "(ws1.ws_warehouse_sk <> ws_warehouse_sk)", "Rows Removed by Filter": 0}]}, {"Node Type": "Index Only Scan", "Parent Relationship": "Inner", "Parallel Aware": false, "Async Capable": false, "Scan Direction": "Forward", "Index Name": "web_returns_pkey", "Relation Name": "web_returns", "Alias": "wr1", "Startup Cost": 0.29, "Total Cost": 538.54, "Plan Rows": 2, "Plan Width": 4, "Actual Startup Time": 0.207, "Actual Total Time": 0.207, "Actual Rows": 1, "Actual Loops": 147, "Index Cond": "(wr_order_number = ws1.ws_order_number)", "Rows Removed by Index Recheck": 0, "Heap Fetches": 0}]}]}]}]}]}, "Planning Time": 0.978, "Triggers": [], "Execution Time": 112.885}