{"Plan": {"Node Type": "Limit", "Parallel Aware": false, "Async Capable": false, "Startup Cost": 555476.75, "Total Cost": 555476.75, "Plan Rows": 1, "Plan Width": 72, "Actual Startup Time": 24797.363, "Actual Total Time": 24797.442, "Actual Rows": 1, "Actual Loops": 1, "Plans": [{"Node Type": "Hash Join", "Parent Relationship": "InitPlan", "Subplan Name": "CTE ws_wh", "Parallel Aware": false, "Async Capable": false, "Join Type": "Inner", "Startup Cost": 37821.14, "Total Cost": 198267.24, "Plan Rows": 7201305, "Plan Width": 12, "Actual Startup Time": 96.86, "Actual Total Time": 554.12, "Actual Rows": 6644004, "Actual Loops": 1, "Inner Unique": false, "Hash Cond": "(ws1_1.ws_order_number = ws2.ws_order_number)", "Join Filter": "(ws1_1.ws_warehouse_sk <> ws2.ws_warehouse_sk)", "Rows Removed by Join Filter": 2381030, "Plans": [{"Node Type": "Seq Scan", "Parent Relationship": "Outer", "Parallel Aware": false, "Async Capable": false, "Relation Name": "web_sales", "Alias": "ws1_1", "Startup Cost": 0.0, "Total Cost": 26017.84, "Plan Rows": 719384, "Plan Width": 8, "Actual Startup Time": 0.001, "Actual Total Time": 52.23, "Actual Rows": 719384, "Actual Loops": 1}, {"Node Type": "Hash", "Parent Relationship": "Inner", "Parallel Aware": false, "Async Capable": false, "Startup Cost": 26017.84, "Total Cost": 26017.84, "Plan Rows": 719384, "Plan Width": 8, "Actual Startup Time": 96.36, "Actual Total Time": 96.361, "Actual Rows": 719384, "Actual Loops": 1, "Hash Buckets": 524288, "Original Hash Buckets": 524288, "Hash Batches": 4, "Original Hash Batches": 4, "Peak Memory Usage": 11153, "Plans": [{"Node Type": "Seq Scan", "Parent Relationship": "Outer", "Parallel Aware": false, "Async Capable": false, "Relation Name": "web_sales", "Alias": "ws2", "Startup Cost": 0.0, "Total Cost": 26017.84, "Plan Rows": 719384, "Plan Width": 8, "Actual Startup Time": 0.001, "Actual Total Time": 56.636, "Actual Rows": 719384, "Actual Loops": 1}]}]}, {"Node Type": "Sort", "Parent Relationship": "Outer", "Parallel Aware": false, "Async Capable": false, "Startup Cost": 357209.51, "Total Cost": 357209.51, "Plan Rows": 1, "Plan Width": 72, "Actual Startup Time": 24797.362, "Actual Total Time": 24797.437, "Actual Rows": 1, "Actual Loops": 1, "Sort Key": ["(count(DISTINCT ws1.ws_order_number))"], "Sort Method": "quicksort", "Sort Space Used": 25, "Sort Space Type": "Memory", "Plans": [{"Node Type": "Aggregate", "Strategy": "Plain", "Partial Mode": "Simple", "Parent Relationship": "Outer", "Parallel Aware": false, "Async Capable": false, "Startup Cost": 357209.49, "Total Cost": 357209.5, "Plan Rows": 1, "Plan Width": 72, "Actual Startup Time": 24797.35, "Actual Total Time": 24797.425, "Actual Rows": 1, "Actual Loops": 1, "Plans": [{"Node Type": "Sort", "Parent Relationship": "Outer", "Parallel Aware": false, "Async Capable": false, "Startup Cost": 357209.47, "Total Cost": 357209.47, "Plan Rows": 1, "Plan Width": 16, "Actual Startup Time": 24797.328, "Actual Total Time": 24797.406, "Actual Rows": 121, "Actual Loops": 1, "Sort Key": ["ws1.ws_order_number"], "Sort Method": "quicksort", "Sort Space Used": 30, "Sort Space Type": "Memory", "Plans": [{"Node Type": "Nested Loop", "Parent Relationship": "Outer", "Parallel Aware": false, "Async Capable": false, "Join Type": "Inner", "Startup Cost": 163579.03, "Total Cost": 357209.46, "Plan Rows": 1, "Plan Width": 16, "Actual Startup Time": 1488.63, "Actual Total Time": 24797.326, "Actual Rows": 121, "Actual Loops": 1, "Inner Unique": true, "Join Filter": "(ws1.ws_order_number = ws_wh.ws_order_number)", "Rows Removed by Join Filter": 3734809, "Plans": [{"Node Type": "Nested Loop", "Parent Relationship": "Outer", "Parallel Aware": false, "Async Capable": false, "Join Type": "Semi", "Startup Cost": 1549.67, "Total Cost": 195175.6, "Plan Rows": 1, "Plan Width": 24, "Actual Startup Time": 462.434, "Actual Total Time": 23449.243, "Actual Rows": 121, "Actual Loops": 1, "Inner Unique": false, "Plans": [{"Node Type": "Gather", "Parent Relationship": "Outer", "Parallel Aware": false, "Async Capable": false, "Startup Cost": 1011.11, "Total Cost": 23601.13, "Plan Rows": 1, "Plan Width": 16, "Actual Startup Time": 1.813, "Actual Total Time": 2.134, "Actual Rows": 148, "Actual Loops": 1, "Workers Planned": 3, "Workers Launched": 3, "Single Copy": false, "Plans": [{"Node Type": "Nested Loop", "Parent Relationship": "Outer", "Parallel Aware": false, "Async Capable": false, "Join Type": "Inner", "Startup Cost": 11.1, "Total Cost": 22601.03, "Plan Rows": 1, "Plan Width": 16, "Actual Startup Time": 2.364, "Actual Total Time": 29.844, "Actual Rows": 37, "Actual Loops": 4, "Inner Unique": true, "Workers": [], "Plans": [{"Node Type": "Nested Loop", "Parent Relationship": "Outer", "Parallel Aware": false, "Async Capable": false, "Join Type": "Inner", "Startup Cost": 10.81, "Total Cost": 22599.45, "Plan Rows": 5, "Plan Width": 20, "Actual Startup Time": 0.291, "Actual Total Time": 28.977, "Actual Rows": 438, "Actual Loops": 4, "Inner Unique": true, "Workers": [], "Plans": [{"Node Type": "Hash Join", "Parent Relationship": "Outer", "Parallel Aware": false, "Async Capable": false, "Join Type": "Inner", "Startup Cost": 10.51, "Total Cost": 21828.79, "Plan Rows": 5802, "Plan Width": 24, "Actual Startup Time": 0.039, "Actual Total Time": 25.053, "Actual Rows": 23873, "Actual Loops": 4, "Inner Unique": true, "Hash Cond": "(ws1.ws_web_site_sk = web_site.web_site_sk)", "Workers": [], "Plans": [{"Node Type": "Seq Scan", "Parent Relationship": "Outer", "Parallel Aware": true, "Async Capable": false, "Relation Name": "web_sales", "Alias": "ws1", "Startup Cost": 0.0, "Total Cost": 21144.59, "Plan Rows": 232059, "Plan Width": 28, "Actual Startup Time": 0.005, "Actual Total Time": 10.705, "Actual Rows": 179846, "Actual Loops": 4, "Workers": []}, {"Node Type": "Hash", "Parent Relationship": "Inner", "Parallel Aware": false, "Async Capable": false, "Startup Cost": 10.5, "Total Cost": 10.5, "Plan Rows": 1, "Plan Width": 4, "Actual Startup Time": 0.017, "Actual Total Time": 0.018, "Actual Rows": 5, "Actual Loops": 4, "Hash Buckets": 1024, "Original Hash Buckets": 1024, "Hash Batches": 1, "Original Hash Batches": 1, "Peak Memory Usage": 9, "Workers": [], "Plans": [{"Node Type": "Seq Scan", "Parent Relationship": "Outer", "Parallel Aware": false, "Async Capable": false, "Relation Name": "web_site", "Alias": "web_site", "Startup Cost": 0.0, "Total Cost": 10.5, "Plan Rows": 1, "Plan Width": 4, "Actual Startup Time": 0.011, "Actual Total Time": 0.014, "Actual Rows": 5, "Actual Loops": 4, "Filter": "(web_company_name = 'pri'::bpchar)", "Rows Removed by Filter": 25, "Workers": []}]}]}, {"Node Type": "Memoize", "Parent Relationship": "Inner", "Parallel Aware": false, "Async Capable": false, "Startup Cost": 0.3, "Total Cost": 0.33, "Plan Rows": 1, "Plan Width": 4, "Actual Startup Time": 0.0, "Actual Total Time": 0.0, "Actual Rows": 0, "Actual Loops": 95491, "Cache Key": "ws1.ws_ship_date_sk", "Cache Mode": "logical", "Cache Hits": 216, "Cache Misses": 705, "Cache Evictions": 0, "Cache Overflows": 0, "Peak Memory Usage": 48, "Workers": [{"Worker Number": 0, "Cache Hits": 29698, "Cache Misses": 1929, "Cache Evictions": 0, "Cache Overflows": 0, "Peak Memory Usage": 131}, {"Worker Number": 1, "Cache Hits": 30070, "Cache Misses": 1931, "Cache Evictions": 0, "Cache Overflows": 0, "Peak Memory Usage": 131}, {"Worker Number": 2, "Cache Hits": 29007, "Cache Misses": 1935, "Cache Evictions": 0, "Cache Overflows": 0, "Peak Memory Usage": 131}], "Plans": [{"Node Type": "Index Scan", "Parent Relationship": "Outer", "Parallel Aware": false, "Async Capable": false, "Scan Direction": "Forward", "Index Name": "date_dim_pkey", "Relation Name": "date_dim", "Alias": "date_dim", "Startup Cost": 0.29, "Total Cost": 0.32, "Plan Rows": 1, "Plan Width": 4, "Actual Startup Time": 0.001, "Actual Total Time": 0.001, "Actual Rows": 0, "Actual Loops": 6500, "Index Cond": "(d_date_sk = ws1.ws_ship_date_sk)", "Rows Removed by Index Recheck": 0, "Filter": "((d_date >= '1999-05-01'::date) AND (d_date <= '1999-06-30 00:00:00'::timestamp without time zone))", "Rows Removed by Filter": 1, "Workers": []}]}]}, {"Node Type": "Index Scan", "Parent Relationship": "Inner", "Parallel Aware": false, "Async Capable": false, "Scan Direction": "Forward", "Index Name": "customer_address_pkey", "Relation Name": "customer_address", "Alias": "customer_address", "Startup Cost": 0.29, "Total Cost": 0.32, "Plan Rows": 1, "Plan Width": 4, "Actual Startup Time": 0.002, "Actual Total Time": 0.002, "Actual Rows": 0, "Actual Loops": 1752, "Index Cond": "(ca_address_sk = ws1.ws_ship_addr_sk)", "Rows Removed by Index Recheck": 0, "Filter": "(ca_state = 'TX'::bpchar)", "Rows Removed by Filter": 1, "Workers": []}]}]}, {"Node Type": "Hash Join", "Parent Relationship": "Inner", "Parallel Aware": false, "Async Capable": false, "Join Type": "Inner", "Startup Cost": 538.56, "Total Cost": 171574.44, "Plan Rows": 391, "Plan Width": 8, "Actual Startup Time": 158.425, "Actual Total Time": 158.425, "Actual Rows": 1, "Actual Loops": 148, "Inner Unique": false, "Hash Cond": "(ws_wh_1.ws_order_number = web_returns.wr_order_number)", "Join Filter": "(ws1.ws_order_number = ws_wh_1.ws_order_number)", "Rows Removed by Join Filter": 0, "Plans": [{"Node Type": "CTE Scan", "Parent Relationship": "Outer", "Parallel Aware": false, "Async Capable": false, "CTE Name": "ws_wh", "Alias": "ws_wh_1", "Startup Cost": 0.0, "Total Cost": 144026.1, "Plan Rows": 7201305, "Plan Width": 4, "Actual Startup Time": 0.801, "Actual Total Time": 103.914, "Actual Rows": 3417459, "Actual Loops": 121}, {"Node Type": "Hash", "Parent Relationship": "Inner", "Parallel Aware": false, "Async Capable": false, "Startup Cost": 538.54, "Total Cost": 538.54, "Plan Rows": 2, "Plan Width": 4, "Actual Startup Time": 0.449, "Actual Total Time": 0.449, "Actual Rows": 1, "Actual Loops": 148, "Hash Buckets": 1024, "Original Hash Buckets": 1024, "Hash Batches": 1, "Original Hash Batches": 1, "Peak Memory Usage": 9, "Plans": [{"Node Type": "Index Only Scan", "Parent Relationship": "Outer", "Parallel Aware": false, "Async Capable": false, "Scan Direction": "Forward", "Index Name": "web_returns_pkey", "Relation Name": "web_returns", "Alias": "web_returns", "Startup Cost": 0.29, "Total Cost": 538.54, "Plan Rows": 2, "Plan Width": 4, "Actual Startup Time": 0.221, "Actual Total Time": 0.448, "Actual Rows": 1, "Actual Loops": 148, "Index Cond": "(wr_order_number = ws1.ws_order_number)", "Rows Removed by Index Recheck": 0, "Heap Fetches": 0}]}]}]}, {"Node Type": "Aggregate", "Strategy": "Hashed", "Partial Mode": "Simple", "Parent Relationship": "Inner", "Parallel Aware": false, "Async Capable": false, "Startup Cost": 162029.36, "Total Cost": 162031.36, "Plan Rows": 200, "Plan Width": 4, "Actual Startup Time": 8.439, "Actual Total Time": 10.497, "Actual Rows": 30867, "Actual Loops": 121, "Group Key": ["ws_wh.ws_order_number"], "Planned Partitions": 0, "HashAgg Batches": 1, "Peak Memory Usage": 5665, "Disk Usage": 0, "Plans": [{"Node Type": "CTE Scan", "Parent Relationship": "Outer", "Parallel Aware": false, "Async Capable": false, "CTE Name": "ws_wh", "Alias": "ws_wh", "Startup Cost": 0.0, "Total Cost": 144026.1, "Plan Rows": 7201305, "Plan Width": 4, "Actual Startup Time": 0.003, "Actual Total Time": 719.093, "Actual Rows": 6644004, "Actual Loops": 1}]}]}]}]}]}]}, "Planning Time": 0.909, "Triggers": [], "Execution Time": 24808.774}