{"Plan": {"Node Type": "Limit", "Parallel Aware": false, "Async Capable": false, "Startup Cost": 112116.15, "Total Cost": 112116.16, "Plan Rows": 1, "Plan Width": 24, "Actual Startup Time": 286.704, "Actual Total Time": 290.904, "Actual Rows": 1, "Actual Loops": 1, "Plans": [{"Node Type": "Aggregate", "Strategy": "Plain", "Partial Mode": "Simple", "Parent Relationship": "Outer", "Parallel Aware": false, "Async Capable": false, "Startup Cost": 112116.15, "Total Cost": 112116.16, "Plan Rows": 1, "Plan Width": 24, "Actual Startup Time": 286.702, "Actual Total Time": 290.901, "Actual Rows": 1, "Actual Loops": 1, "Plans": [{"Node Type": "Merge Join", "Parent Relationship": "Outer", "Parallel Aware": false, "Async Capable": false, "Join Type": "Full", "Startup Cost": 109318.3, "Total Cost": 112013.22, "Plan Rows": 13724, "Plan Width": 8, "Actual Startup Time": 125.153, "Actual Total Time": 260.891, "Actual Rows": 834792, "Actual Loops": 1, "Inner Unique": true, "Merge Cond": "((store_sales.ss_customer_sk = catalog_sales.cs_bill_customer_sk) AND (store_sales.ss_item_sk = catalog_sales.cs_item_sk))", "Plans": [{"Node Type": "Group", "Parent Relationship": "Outer", "Parallel Aware": false, "Async Capable": false, "Startup Cost": 64157.08, "Total Cost": 65868.94, "Plan Rows": 13724, "Plan Width": 8, "Actual Startup Time": 69.374, "Actual Total Time": 133.661, "Actual Rows": 547500, "Actual Loops": 1, "Group Key": ["store_sales.ss_customer_sk", "store_sales.ss_item_sk"], "Plans": [{"Node Type": "Gather Merge", "Parent Relationship": "Outer", "Parallel Aware": false, "Async Capable": false, "Startup Cost": 64157.08, "Total Cost": 65800.32, "Plan Rows": 13724, "Plan Width": 8, "Actual Startup Time": 69.37, "Actual Total Time": 106.081, "Actual Rows": 553861, "Actual Loops": 1, "Workers Planned": 4, "Workers Launched": 4, "Plans": [{"Node Type": "Sort", "Parent Relationship": "Outer", "Parallel Aware": false, "Async Capable": false, "Startup Cost": 63157.02, "Total Cost": 63165.6, "Plan Rows": 3431, "Plan Width": 8, "Actual Startup Time": 67.935, "Actual Total Time": 72.167, "Actual Rows": 110772, "Actual Loops": 5, "Sort Key": ["store_sales.ss_customer_sk", "store_sales.ss_item_sk"], "Sort Method": "quicksort", "Sort Space Used": 6549, "Sort Space Type": "Memory", "Workers": [{"Worker Number": 0, "Sort Method": "quicksort", "Sort Space Used": 6527, "Sort Space Type": "Memory"}, {"Worker Number": 1, "Sort Method": "quicksort", "Sort Space Used": 6586, "Sort Space Type": "Memory"}, {"Worker Number": 2, "Sort Method": "quicksort", "Sort Space Used": 6511, "Sort Space Type": "Memory"}, {"Worker Number": 3, "Sort Method": "quicksort", "Sort Space Used": 6499, "Sort Space Type": "Memory"}], "Plans": [{"Node Type": "Hash Join", "Parent Relationship": "Outer", "Parallel Aware": true, "Async Capable": false, "Join Type": "Inner", "Startup Cost": 2071.11, "Total Cost": 62955.55, "Plan Rows": 3431, "Plan Width": 8, "Actual Startup Time": 1.056, "Actual Total Time": 54.033, "Actual Rows": 110772, "Actual Loops": 5, "Inner Unique": true, "Hash Cond": "(store_sales.ss_sold_date_sk = date_dim.d_date_sk)", "Workers": [], "Plans": [{"Node Type": "Seq Scan", "Parent Relationship": "Outer", "Parallel Aware": true, "Async Capable": false, "Relation Name": "store_sales", "Alias": "store_sales", "Startup Cost": 0.0, "Total Cost": 58993.85, "Plan Rows": 720185, "Plan Width": 12, "Actual Startup Time": 0.006, "Actual Total Time": 25.07, "Actual Rows": 576081, "Actual Loops": 5, "Workers": []}, {"Node Type": "Hash", "Parent Relationship": "Inner", "Parallel Aware": true, "Async Capable": false, "Startup Cost": 2068.55, "Total Cost": 2068.55, "Plan Rows": 205, "Plan Width": 4, "Actual Startup Time": 0.99, "Actual Total Time": 0.991, "Actual Rows": 73, "Actual Loops": 5, "Hash Buckets": 1024, "Original Hash Buckets": 1024, "Hash Batches": 1, "Original Hash Batches": 1, "Peak Memory Usage": 168, "Workers": [], "Plans": [{"Node Type": "Seq Scan", "Parent Relationship": "Outer", "Parallel Aware": true, "Async Capable": false, "Relation Name": "date_dim", "Alias": "date_dim", "Startup Cost": 0.0, "Total Cost": 2068.55, "Plan Rows": 205, "Plan Width": 4, "Actual Startup Time": 0.45, "Actual Total Time": 0.961, "Actual Rows": 73, "Actual Loops": 5, "Filter": "((d_month_seq >= 1200) AND (d_month_seq <= 1211))", "Rows Removed by Filter": 14537, "Workers": []}]}]}]}]}]}, {"Node Type": "Group", "Parent Relationship": "Inner", "Parallel Aware": false, "Async Capable": false, "Startup Cost": 45161.21, "Total Cost": 46017.77, "Plan Rows": 6867, "Plan Width": 8, "Actual Startup Time": 55.774, "Actual Total Time": 86.537, "Actual Rows": 287466, "Actual Loops": 1, "Group Key": ["catalog_sales.cs_bill_customer_sk", "catalog_sales.cs_item_sk"], "Plans": [{"Node Type": "Gather Merge", "Parent Relationship": "Outer", "Parallel Aware": false, "Async Capable": false, "Startup Cost": 45161.21, "Total Cost": 45983.43, "Plan Rows": 6867, "Plan Width": 8, "Actual Startup Time": 55.772, "Actual Total Time": 71.91, "Actual Rows": 287535, "Actual Loops": 1, "Workers Planned": 4, "Workers Launched": 3, "Plans": [{"Node Type": "Sort", "Parent Relationship": "Outer", "Parallel Aware": false, "Async Capable": false, "Startup Cost": 44161.16, "Total Cost": 44165.45, "Plan Rows": 1717, "Plan Width": 8, "Actual Startup Time": 54.005, "Actual Total Time": 55.99, "Actual Rows": 71884, "Actual Loops": 4, "Sort Key": ["catalog_sales.cs_bill_customer_sk", "catalog_sales.cs_item_sk"], "Sort Method": "quicksort", "Sort Space Used": 5373, "Sort Space Type": "Memory", "Workers": [{"Worker Number": 0, "Sort Method": "quicksort", "Sort Space Used": 5256, "Sort Space Type": "Memory"}, {"Worker Number": 1, "Sort Method": "quicksort", "Sort Space Used": 5312, "Sort Space Type": "Memory"}, {"Worker Number": 2, "Sort Method": "quicksort", "Sort Space Used": 5334, "Sort Space Type": "Memory"}], "Plans": [{"Node Type": "Hash Join", "Parent Relationship": "Outer", "Parallel Aware": true, "Async Capable": false, "Join Type": "Inner", "Startup Cost": 2071.11, "Total Cost": 44068.91, "Plan Rows": 1717, "Plan Width": 8, "Actual Startup Time": 17.696, "Actual Total Time": 45.276, "Actual Rows": 71884, "Actual Loops": 4, "Inner Unique": true, "Hash Cond": "(catalog_sales.cs_sold_date_sk = date_dim_1.d_date_sk)", "Workers": [], "Plans": [{"Node Type": "Seq Scan", "Parent Relationship": "Outer", "Parallel Aware": true, "Async Capable": false, "Relation Name": "catalog_sales", "Alias": "catalog_sales", "Startup Cost": 0.0, "Total Cost": 41051.75, "Plan Rows": 360375, "Plan Width": 12, "Actual Startup Time": 0.003, "Actual Total Time": 19.537, "Actual Rows": 360387, "Actual Loops": 4, "Workers": []}, {"Node Type": "Hash", "Parent Relationship": "Inner", "Parallel Aware": true, "Async Capable": false, "Startup Cost": 2068.55, "Total Cost": 2068.55, "Plan Rows": 205, "Plan Width": 4, "Actual Startup Time": 0.993, "Actual Total Time": 0.994, "Actual Rows": 92, "Actual Loops": 4, "Hash Buckets": 1024, "Original Hash Buckets": 1024, "Hash Batches": 1, "Original Hash Batches": 1, "Peak Memory Usage": 104, "Workers": [], "Plans": [{"Node Type": "Seq Scan", "Parent Relationship": "Outer", "Parallel Aware": true, "Async Capable": false, "Relation Name": "date_dim", "Alias": "date_dim_1", "Startup Cost": 0.0, "Total Cost": 2068.55, "Plan Rows": 205, "Plan Width": 4, "Actual Startup Time": 0.574, "Actual Total Time": 0.972, "Actual Rows": 92, "Actual Loops": 4, "Filter": "((d_month_seq >= 1200) AND (d_month_seq <= 1211))", "Rows Removed by Filter": 18171, "Workers": []}]}]}]}]}]}]}]}]}, "Planning Time": 0.686, "Triggers": [], "Execution Time": 291.369}