{"Plan": {"Node Type": "Sort", "Parallel Aware": false, "Async Capable": false, "Startup Cost": 64130.54, "Total Cost": 64131.38, "Plan Rows": 338, "Plan Width": 291, "Actual Startup Time": 64.712, "Actual Total Time": 66.069, "Actual Rows": 2516, "Actual Loops": 1, "Sort Key": ["item.i_category NULLS FIRST", "item.i_class NULLS FIRST", "item.i_item_id NULLS FIRST", "item.i_item_desc NULLS FIRST", "((((sum(store_sales.ss_ext_sales_price)) * 100.0000) / sum((sum(store_sales.ss_ext_sales_price))) OVER (?))) NULLS FIRST"], "Sort Method": "quicksort", "Sort Space Used": 777, "Sort Space Type": "Memory", "Plans": [{"Node Type": "WindowAgg", "Parent Relationship": "Outer", "Parallel Aware": false, "Async Capable": false, "Startup Cost": 64108.74, "Total Cost": 64116.34, "Plan Rows": 338, "Plan Width": 291, "Actual Startup Time": 61.497, "Actual Total Time": 63.562, "Actual Rows": 2516, "Actual Loops": 1, "Plans": [{"Node Type": "Sort", "Parent Relationship": "Outer", "Parallel Aware": false, "Async Capable": false, "Startup Cost": 64108.74, "Total Cost": 64109.58, "Plan Rows": 338, "Plan Width": 259, "Actual Startup Time": 61.48, "Actual Total Time": 62.844, "Actual Rows": 2516, "Actual Loops": 1, "Sort Key": ["item.i_class"], "Sort Method": "quicksort", "Sort Space Used": 745, "Sort Space Type": "Memory", "Plans": [{"Node Type": "Aggregate", "Strategy": "Sorted", "Partial Mode": "Simple", "Parent Relationship": "Outer", "Parallel Aware": false, "Async Capable": false, "Startup Cost": 64044.77, "Total Cost": 64094.54, "Plan Rows": 338, "Plan Width": 259, "Actual Startup Time": 56.744, "Actual Total Time": 61.98, "Actual Rows": 2516, "Actual Loops": 1, "Group Key": ["item.i_item_id", "item.i_item_desc", "item.i_category", "item.i_class", "item.i_current_price"], "Plans": [{"Node Type": "Gather Merge", "Parent Relationship": "Outer", "Parallel Aware": false, "Async Capable": false, "Startup Cost": 64044.77, "Total Cost": 64085.24, "Plan Rows": 338, "Plan Width": 233, "Actual Startup Time": 56.731, "Actual Total Time": 60.448, "Actual Rows": 7809, "Actual Loops": 1, "Workers Planned": 4, "Workers Launched": 4, "Plans": [{"Node Type": "Sort", "Parent Relationship": "Outer", "Parallel Aware": false, "Async Capable": false, "Startup Cost": 63044.72, "Total Cost": 63044.93, "Plan Rows": 84, "Plan Width": 233, "Actual Startup Time": 55.131, "Actual Total Time": 55.179, "Actual Rows": 1562, "Actual Loops": 5, "Sort Key": ["item.i_item_id NULLS FIRST", "item.i_item_desc NULLS FIRST", "item.i_category NULLS FIRST", "item.i_class NULLS FIRST", "item.i_current_price"], "Sort Method": "quicksort", "Sort Space Used": 425, "Sort Space Type": "Memory", "Workers": [{"Worker Number": 0, "Sort Method": "quicksort", "Sort Space Used": 452, "Sort Space Type": "Memory"}, {"Worker Number": 1, "Sort Method": "quicksort", "Sort Space Used": 458, "Sort Space Type": "Memory"}, {"Worker Number": 2, "Sort Method": "quicksort", "Sort Space Used": 465, "Sort Space Type": "Memory"}, {"Worker Number": 3, "Sort Method": "quicksort", "Sort Space Used": 440, "Sort Space Type": "Memory"}], "Plans": [{"Node Type": "Nested Loop", "Parent Relationship": "Outer", "Parallel Aware": false, "Async Capable": false, "Join Type": "Inner", "Startup Cost": 2069.05, "Total Cost": 63042.03, "Plan Rows": 84, "Plan Width": 233, "Actual Startup Time": 1.209, "Actual Total Time": 53.613, "Actual Rows": 1562, "Actual Loops": 5, "Inner Unique": true, "Workers": [], "Plans": [{"Node Type": "Hash Join", "Parent Relationship": "Outer", "Parallel Aware": true, "Async Capable": false, "Join Type": "Inner", "Startup Cost": 2068.76, "Total Cost": 62953.2, "Plan Rows": 286, "Plan Width": 10, "Actual Startup Time": 1.173, "Actual Total Time": 48.577, "Actual Rows": 5304, "Actual Loops": 5, "Inner Unique": true, "Hash Cond": "(store_sales.ss_sold_date_sk = date_dim.d_date_sk)", "Workers": [], "Plans": [{"Node Type": "Seq Scan", "Parent Relationship": "Outer", "Parallel Aware": true, "Async Capable": false, "Relation Name": "store_sales", "Alias": "store_sales", "Startup Cost": 0.0, "Total Cost": 58993.85, "Plan Rows": 720185, "Plan Width": 14, "Actual Startup Time": 0.007, "Actual Total Time": 24.427, "Actual Rows": 576081, "Actual Loops": 5, "Workers": []}, {"Node Type": "Hash", "Parent Relationship": "Inner", "Parallel Aware": true, "Async Capable": false, "Startup Cost": 2068.55, "Total Cost": 2068.55, "Plan Rows": 17, "Plan Width": 4, "Actual Startup Time": 0.874, "Actual Total Time": 0.874, "Actual Rows": 6, "Actual Loops": 5, "Hash Buckets": 1024, "Original Hash Buckets": 1024, "Hash Batches": 1, "Original Hash Batches": 1, "Peak Memory Usage": 40, "Workers": [], "Plans": [{"Node Type": "Seq Scan", "Parent Relationship": "Outer", "Parallel Aware": true, "Async Capable": false, "Relation Name": "date_dim", "Alias": "date_dim", "Startup Cost": 0.0, "Total Cost": 2068.55, "Plan Rows": 17, "Plan Width": 4, "Actual Startup Time": 0.757, "Actual Total Time": 0.859, "Actual Rows": 6, "Actual Loops": 5, "Filter": "((d_date >= '1999-02-22'::date) AND (d_date <= '1999-03-24'::date))", "Rows Removed by Filter": 14604, "Workers": []}]}]}, {"Node Type": "Index Scan", "Parent Relationship": "Inner", "Parallel Aware": false, "Async Capable": false, "Scan Direction": "Forward", "Index Name": "item_pkey", "Relation Name": "item", "Alias": "item", "Startup Cost": 0.29, "Total Cost": 0.31, "Plan Rows": 1, "Plan Width": 231, "Actual Startup Time": 0.001, "Actual Total Time": 0.001, "Actual Rows": 0, "Actual Loops": 26518, "Index Cond": "(i_item_sk = store_sales.ss_item_sk)", "Rows Removed by Index Recheck": 0, "Filter": "(i_category = ANY ('{Sports,Books,Home}'::bpchar[]))", "Rows Removed by Filter": 1, "Workers": []}]}]}]}]}]}]}]}, "Planning Time": 0.494, "Triggers": [], "Execution Time": 66.234}