{"Plan": {"Node Type": "Limit", "Parallel Aware": false, "Async Capable": false, "Startup Cost": 45217.18, "Total Cost": 45238.96, "Plan Rows": 100, "Plan Width": 346, "Actual Startup Time": 89.231, "Actual Total Time": 96.464, "Actual Rows": 90, "Actual Loops": 1, "Plans": [{"Node Type": "Incremental Sort", "Parent Relationship": "Outer", "Parallel Aware": false, "Async Capable": false, "Startup Cost": 45217.18, "Total Cost": 46713.2, "Plan Rows": 6867, "Plan Width": 346, "Actual Startup Time": 89.229, "Actual Total Time": 96.458, "Actual Rows": 90, "Actual Loops": 1, "Sort Key": ["(\"substring\"((warehouse.w_warehouse_name)::text, 1, 20)) NULLS FIRST", "ship_mode.sm_type NULLS FIRST", "(lower((call_center.cc_name)::text)) NULLS FIRST"], "Presorted Key": ["(\"substring\"((warehouse.w_warehouse_name)::text, 1, 20))", "ship_mode.sm_type"], "Full-sort Groups": {"Group Count": 3, "Sort Methods Used": ["quicksort"], "Sort Space Memory": {"Average Sort Space Used": 31, "Peak Sort Space Used": 31}}, "Plans": [{"Node Type": "Aggregate", "Strategy": "Sorted", "Partial Mode": "Finalize", "Parent Relationship": "Outer", "Parallel Aware": false, "Async Capable": false, "Startup Cost": 45217.0, "Total Cost": 46404.18, "Plan Rows": 6867, "Plan Width": 346, "Actual Startup Time": 84.337, "Actual Total Time": 96.43, "Actual Rows": 90, "Actual Loops": 1, "Group Key": ["(\"substring\"((warehouse.w_warehouse_name)::text, 1, 20))", "ship_mode.sm_type", "call_center.cc_name"], "Plans": [{"Node Type": "Gather Merge", "Parent Relationship": "Outer", "Parallel Aware": false, "Async Capable": false, "Startup Cost": 45217.0, "Total Cost": 46163.82, "Plan Rows": 6868, "Plan Width": 314, "Actual Startup Time": 83.984, "Actual Total Time": 96.184, "Actual Rows": 450, "Actual Loops": 1, "Workers Planned": 4, "Workers Launched": 4, "Plans": [{"Node Type": "Aggregate", "Strategy": "Sorted", "Partial Mode": "Partial", "Parent Relationship": "Outer", "Parallel Aware": false, "Async Capable": false, "Startup Cost": 44216.94, "Total Cost": 44345.71, "Plan Rows": 1717, "Plan Width": 314, "Actual Startup Time": 71.837, "Actual Total Time": 81.658, "Actual Rows": 90, "Actual Loops": 5, "Group Key": ["(\"substring\"((warehouse.w_warehouse_name)::text, 1, 20))", "ship_mode.sm_type", "call_center.cc_name"], "Workers": [], "Plans": [{"Node Type": "Sort", "Parent Relationship": "Outer", "Parallel Aware": false, "Async Capable": false, "Startup Cost": 44216.94, "Total Cost": 44221.23, "Plan Rows": 1717, "Plan Width": 282, "Actual Startup Time": 71.71, "Actual Total Time": 73.884, "Actual Rows": 57360, "Actual Loops": 5, "Sort Key": ["(\"substring\"((warehouse.w_warehouse_name)::text, 1, 20)) NULLS FIRST", "ship_mode.sm_type NULLS FIRST", "call_center.cc_name"], "Sort Method": "quicksort", "Sort Space Used": 6785, "Sort Space Type": "Memory", "Workers": [{"Worker Number": 0, "Sort Method": "quicksort", "Sort Space Used": 6761, "Sort Space Type": "Memory"}, {"Worker Number": 1, "Sort Method": "quicksort", "Sort Space Used": 6801, "Sort Space Type": "Memory"}, {"Worker Number": 2, "Sort Method": "quicksort", "Sort Space Used": 6837, "Sort Space Type": "Memory"}, {"Worker Number": 3, "Sort Method": "quicksort", "Sort Space Used": 6776, "Sort Space Type": "Memory"}], "Plans": [{"Node Type": "Hash Join", "Parent Relationship": "Outer", "Parallel Aware": false, "Async Capable": false, "Join Type": "Inner", "Startup Cost": 2108.31, "Total Cost": 44124.69, "Plan Rows": 1717, "Plan Width": 282, "Actual Startup Time": 12.921, "Actual Total Time": 54.082, "Actual Rows": 57360, "Actual Loops": 5, "Inner Unique": true, "Hash Cond": "(catalog_sales.cs_call_center_sk = call_center.cc_call_center_sk)", "Workers": [], "Plans": [{"Node Type": "Hash Join", "Parent Relationship": "Outer", "Parallel Aware": false, "Async Capable": false, "Join Type": "Inner", "Startup Cost": 2097.41, "Total Cost": 44104.51, "Plan Rows": 1717, "Plan Width": 194, "Actual Startup Time": 12.897, "Actual Total Time": 47.777, "Actual Rows": 57397, "Actual Loops": 5, "Inner Unique": true, "Hash Cond": "(catalog_sales.cs_ship_mode_sk = ship_mode.sm_ship_mode_sk)", "Workers": [], "Plans": [{"Node Type": "Hash Join", "Parent Relationship": "Outer", "Parallel Aware": false, "Async Capable": false, "Join Type": "Inner", "Startup Cost": 2083.36, "Total Cost": 44085.85, "Plan Rows": 1717, "Plan Width": 74, "Actual Startup Time": 12.883, "Actual Total Time": 44.038, "Actual Rows": 57470, "Actual Loops": 5, "Inner Unique": true, "Hash Cond": "(catalog_sales.cs_warehouse_sk = warehouse.w_warehouse_sk)", "Workers": [], "Plans": [{"Node Type": "Hash Join", "Parent Relationship": "Outer", "Parallel Aware": true, "Async Capable": false, "Join Type": "Inner", "Startup Cost": 2071.11, "Total Cost": 44068.91, "Plan Rows": 1717, "Plan Width": 20, "Actual Startup Time": 12.869, "Actual Total Time": 40.223, "Actual Rows": 57606, "Actual Loops": 5, "Inner Unique": true, "Hash Cond": "(catalog_sales.cs_ship_date_sk = date_dim.d_date_sk)", "Workers": [], "Plans": [{"Node Type": "Seq Scan", "Parent Relationship": "Outer", "Parallel Aware": true, "Async Capable": false, "Relation Name": "catalog_sales", "Alias": "catalog_sales", "Startup Cost": 0.0, "Total Cost": 41051.75, "Plan Rows": 360375, "Plan Width": 20, "Actual Startup Time": 0.004, "Actual Total Time": 16.587, "Actual Rows": 288310, "Actual Loops": 5, "Workers": []}, {"Node Type": "Hash", "Parent Relationship": "Inner", "Parallel Aware": true, "Async Capable": false, "Startup Cost": 2068.55, "Total Cost": 2068.55, "Plan Rows": 205, "Plan Width": 4, "Actual Startup Time": 0.9, "Actual Total Time": 0.9, "Actual Rows": 73, "Actual Loops": 5, "Hash Buckets": 1024, "Original Hash Buckets": 1024, "Hash Batches": 1, "Original Hash Batches": 1, "Peak Memory Usage": 136, "Workers": [], "Plans": [{"Node Type": "Seq Scan", "Parent Relationship": "Outer", "Parallel Aware": true, "Async Capable": false, "Relation Name": "date_dim", "Alias": "date_dim", "Startup Cost": 0.0, "Total Cost": 2068.55, "Plan Rows": 205, "Plan Width": 4, "Actual Startup Time": 0.494, "Actual Total Time": 0.865, "Actual Rows": 73, "Actual Loops": 5, "Filter": "((d_month_seq >= 1200) AND (d_month_seq <= 1211))", "Rows Removed by Filter": 14537, "Workers": []}]}]}, {"Node Type": "Hash", "Parent Relationship": "Inner", "Parallel Aware": false, "Async Capable": false, "Startup Cost": 11.0, "Total Cost": 11.0, "Plan Rows": 100, "Plan Width": 62, "Actual Startup Time": 0.007, "Actual Total Time": 0.007, "Actual Rows": 5, "Actual Loops": 5, "Hash Buckets": 1024, "Original Hash Buckets": 1024, "Hash Batches": 1, "Original Hash Batches": 1, "Peak Memory Usage": 9, "Workers": [], "Plans": [{"Node Type": "Seq Scan", "Parent Relationship": "Outer", "Parallel Aware": false, "Async Capable": false, "Relation Name": "warehouse", "Alias": "warehouse", "Startup Cost": 0.0, "Total Cost": 11.0, "Plan Rows": 100, "Plan Width": 62, "Actual Startup Time": 0.005, "Actual Total Time": 0.006, "Actual Rows": 5, "Actual Loops": 5, "Workers": []}]}]}, {"Node Type": "Hash", "Parent Relationship": "Inner", "Parallel Aware": false, "Async Capable": false, "Startup Cost": 11.8, "Total Cost": 11.8, "Plan Rows": 180, "Plan Width": 128, "Actual Startup Time": 0.008, "Actual Total Time": 0.009, "Actual Rows": 20, "Actual Loops": 5, "Hash Buckets": 1024, "Original Hash Buckets": 1024, "Hash Batches": 1, "Original Hash Batches": 1, "Peak Memory Usage": 10, "Workers": [], "Plans": [{"Node Type": "Seq Scan", "Parent Relationship": "Outer", "Parallel Aware": false, "Async Capable": false, "Relation Name": "ship_mode", "Alias": "ship_mode", "Startup Cost": 0.0, "Total Cost": 11.8, "Plan Rows": 180, "Plan Width": 128, "Actual Startup Time": 0.005, "Actual Total Time": 0.006, "Actual Rows": 20, "Actual Loops": 5, "Workers": []}]}]}, {"Node Type": "Hash", "Parent Relationship": "Inner", "Parallel Aware": false, "Async Capable": false, "Startup Cost": 10.4, "Total Cost": 10.4, "Plan Rows": 40, "Plan Width": 122, "Actual Startup Time": 0.012, "Actual Total Time": 0.013, "Actual Rows": 6, "Actual Loops": 5, "Hash Buckets": 1024, "Original Hash Buckets": 1024, "Hash Batches": 1, "Original Hash Batches": 1, "Peak Memory Usage": 9, "Workers": [], "Plans": [{"Node Type": "Seq Scan", "Parent Relationship": "Outer", "Parallel Aware": false, "Async Capable": false, "Relation Name": "call_center", "Alias": "call_center", "Startup Cost": 0.0, "Total Cost": 10.4, "Plan Rows": 40, "Plan Width": 122, "Actual Startup Time": 0.008, "Actual Total Time": 0.009, "Actual Rows": 6, "Actual Loops": 5, "Workers": []}]}]}]}]}]}]}]}]}, "Planning Time": 0.66, "Triggers": [], "Execution Time": 96.882}