{"Plan": {"Node Type": "Aggregate", "Strategy": "Plain", "Partial Mode": "Simple", "Parallel Aware": false, "Async Capable": false, "Startup Cost": 3678.96, "Total Cost": 3678.97, "Plan Rows": 1, "Plan Width": 8, "Actual Startup Time": 709.367, "Actual Total Time": 709.369, "Actual Rows": 1, "Actual Loops": 1, "Plans": [{"Node Type": "Nested Loop", "Parent Relationship": "Outer", "Parallel Aware": false, "Async Capable": false, "Join Type": "Inner", "Startup Cost": 1.0, "Total Cost": 3678.96, "Plan Rows": 1, "Plan Width": 0, "Actual Startup Time": 3.868, "Actual Total Time": 694.982, "Actual Rows": 660970, "Actual Loops": 1, "Inner Unique": true, "Join Filter": "(tag.site_id = question.site_id)", "Rows Removed by Join Filter": 0, "Plans": [{"Node Type": "Nested Loop", "Parent Relationship": "Outer", "Parallel Aware": false, "Async Capable": false, "Join Type": "Inner", "Startup Cost": 0.56, "Total Cost": 3600.42, "Plan Rows": 23, "Plan Width": 16, "Actual Startup Time": 3.772, "Actual Total Time": 266.265, "Actual Rows": 660970, "Actual Loops": 1, "Inner Unique": false, "Plans": [{"Node Type": "Nested Loop", "Parent Relationship": "Outer", "Parallel Aware": false, "Async Capable": false, "Join Type": "Inner", "Startup Cost": 0.0, "Total Cost": 3538.72, "Plan Rows": 1, "Plan Width": 12, "Actual Startup Time": 3.562, "Actual Total Time": 5.758, "Actual Rows": 1, "Actual Loops": 1, "Inner Unique": false, "Join Filter": "(tag.site_id = site.site_id)", "Rows Removed by Join Filter": 60, "Plans": [{"Node Type": "Seq Scan", "Parent Relationship": "Outer", "Parallel Aware": false, "Async Capable": false, "Relation Name": "site", "Alias": "site", "Startup Cost": 0.0, "Total Cost": 3.16, "Plan Rows": 1, "Plan Width": 4, "Actual Startup Time": 0.006, "Actual Total Time": 0.008, "Actual Rows": 1, "Actual Loops": 1, "Filter": "((site_name)::text = 'stackoverflow'::text)", "Rows Removed by Filter": 172}, {"Node Type": "Seq Scan", "Parent Relationship": "Inner", "Parallel Aware": false, "Async Capable": false, "Relation Name": "tag", "Alias": "tag", "Startup Cost": 0.0, "Total Cost": 3534.62, "Plan Rows": 75, "Plan Width": 8, "Actual Startup Time": 0.004, "Actual Total Time": 5.746, "Actual Rows": 61, "Actual Loops": 1, "Filter": "((name)::text = 'python'::text)", "Rows Removed by Filter": 186709}]}, {"Node Type": "Index Only Scan", "Parent Relationship": "Inner", "Parallel Aware": false, "Async Capable": false, "Scan Direction": "Forward", "Index Name": "tag_question_site_id_tag_id_question_id_idx", "Relation Name": "tag_question", "Alias": "tag_question", "Startup Cost": 0.56, "Total Cost": 61.38, "Plan Rows": 31, "Plan Width": 12, "Actual Startup Time": 0.208, "Actual Total Time": 233.56, "Actual Rows": 660970, "Actual Loops": 1, "Index Cond": "((site_id = tag.site_id) AND (tag_id = tag.id))", "Rows Removed by Index Recheck": 0, "Heap Fetches": 660970}]}, {"Node Type": "Index Only Scan", "Parent Relationship": "Inner", "Parallel Aware": false, "Async Capable": false, "Scan Direction": "Forward", "Index Name": "question_pkey", "Relation Name": "question", "Alias": "question", "Startup Cost": 0.43, "Total Cost": 3.4, "Plan Rows": 1, "Plan Width": 8, "Actual Startup Time": 0.001, "Actual Total Time": 0.001, "Actual Rows": 1, "Actual Loops": 660970, "Index Cond": "((id = tag_question.question_id) AND (site_id = tag_question.site_id))", "Rows Removed by Index Recheck": 0, "Heap Fetches": 0}]}]}, "Planning Time": 0.956, "Triggers": [], "Execution Time": 709.407}