{"Plan": {"Node Type": "Aggregate", "Strategy": "Plain", "Partial Mode": "Simple", "Parallel Aware": false, "Async Capable": false, "Startup Cost": 3678.36, "Total Cost": 3678.37, "Plan Rows": 1, "Plan Width": 8, "Actual Startup Time": 1458.968, "Actual Total Time": 1458.97, "Actual Rows": 1, "Actual Loops": 1, "Plans": [{"Node Type": "Nested Loop", "Parent Relationship": "Outer", "Parallel Aware": false, "Async Capable": false, "Join Type": "Inner", "Startup Cost": 1.0, "Total Cost": 3678.36, "Plan Rows": 1, "Plan Width": 0, "Actual Startup Time": 8.071, "Actual Total Time": 1446.813, "Actual Rows": 502533, "Actual Loops": 1, "Inner Unique": true, "Join Filter": "(tag.site_id = question.site_id)", "Rows Removed by Join Filter": 0, "Plans": [{"Node Type": "Nested Loop", "Parent Relationship": "Outer", "Parallel Aware": false, "Async Capable": false, "Join Type": "Inner", "Startup Cost": 0.56, "Total Cost": 3599.82, "Plan Rows": 23, "Plan Width": 16, "Actual Startup Time": 7.834, "Actual Total Time": 1064.388, "Actual Rows": 502533, "Actual Loops": 1, "Inner Unique": false, "Plans": [{"Node Type": "Nested Loop", "Parent Relationship": "Outer", "Parallel Aware": false, "Async Capable": false, "Join Type": "Inner", "Startup Cost": 0.0, "Total Cost": 3537.82, "Plan Rows": 1, "Plan Width": 12, "Actual Startup Time": 7.432, "Actual Total Time": 12.307, "Actual Rows": 1, "Actual Loops": 1, "Inner Unique": false, "Join Filter": "(tag.site_id = site.site_id)", "Rows Removed by Join Filter": 26, "Plans": [{"Node Type": "Seq Scan", "Parent Relationship": "Outer", "Parallel Aware": false, "Async Capable": false, "Relation Name": "site", "Alias": "site", "Startup Cost": 0.0, "Total Cost": 3.16, "Plan Rows": 1, "Plan Width": 4, "Actual Startup Time": 0.007, "Actual Total Time": 0.009, "Actual Rows": 1, "Actual Loops": 1, "Filter": "((site_name)::text = 'stackoverflow'::text)", "Rows Removed by Filter": 172}, {"Node Type": "Seq Scan", "Parent Relationship": "Inner", "Parallel Aware": false, "Async Capable": false, "Relation Name": "tag", "Alias": "tag", "Startup Cost": 0.0, "Total Cost": 3534.62, "Plan Rows": 3, "Plan Width": 8, "Actual Startup Time": 1.318, "Actual Total Time": 12.293, "Actual Rows": 27, "Actual Loops": 1, "Filter": "((name)::text = 'jquery'::text)", "Rows Removed by Filter": 186743}]}, {"Node Type": "Index Only Scan", "Parent Relationship": "Inner", "Parallel Aware": false, "Async Capable": false, "Scan Direction": "Forward", "Index Name": "tag_question_site_id_tag_id_question_id_idx", "Relation Name": "tag_question", "Alias": "tag_question", "Startup Cost": 0.56, "Total Cost": 61.69, "Plan Rows": 31, "Plan Width": 12, "Actual Startup Time": 0.4, "Actual Total Time": 1030.737, "Actual Rows": 502533, "Actual Loops": 1, "Index Cond": "((site_id = tag.site_id) AND (tag_id = tag.id))", "Rows Removed by Index Recheck": 0, "Heap Fetches": 502533}]}, {"Node Type": "Index Only Scan", "Parent Relationship": "Inner", "Parallel Aware": false, "Async Capable": false, "Scan Direction": "Forward", "Index Name": "question_pkey", "Relation Name": "question", "Alias": "question", "Startup Cost": 0.43, "Total Cost": 3.4, "Plan Rows": 1, "Plan Width": 8, "Actual Startup Time": 0.001, "Actual Total Time": 0.001, "Actual Rows": 1, "Actual Loops": 502533, "Index Cond": "((id = tag_question.question_id) AND (site_id = tag_question.site_id))", "Rows Removed by Index Recheck": 0, "Heap Fetches": 0}]}]}, "Planning Time": 6.193, "Triggers": [], "Execution Time": 1459.013}