{"Plan": {"Node Type": "Aggregate", "Strategy": "Plain", "Partial Mode": "Simple", "Parallel Aware": false, "Async Capable": false, "Startup Cost": 3678.36, "Total Cost": 3678.37, "Plan Rows": 1, "Plan Width": 8, "Actual Startup Time": 800.524, "Actual Total Time": 800.526, "Actual Rows": 1, "Actual Loops": 1, "Plans": [{"Node Type": "Nested Loop", "Parent Relationship": "Outer", "Parallel Aware": false, "Async Capable": false, "Join Type": "Inner", "Startup Cost": 1.0, "Total Cost": 3678.36, "Plan Rows": 1, "Plan Width": 0, "Actual Startup Time": 5.212, "Actual Total Time": 786.329, "Actual Rows": 614153, "Actual Loops": 1, "Inner Unique": true, "Join Filter": "(tag.site_id = question.site_id)", "Rows Removed by Join Filter": 0, "Plans": [{"Node Type": "Nested Loop", "Parent Relationship": "Outer", "Parallel Aware": false, "Async Capable": false, "Join Type": "Inner", "Startup Cost": 0.56, "Total Cost": 3599.82, "Plan Rows": 23, "Plan Width": 16, "Actual Startup Time": 5.119, "Actual Total Time": 357.756, "Actual Rows": 614153, "Actual Loops": 1, "Inner Unique": false, "Plans": [{"Node Type": "Nested Loop", "Parent Relationship": "Outer", "Parallel Aware": false, "Async Capable": false, "Join Type": "Inner", "Startup Cost": 0.0, "Total Cost": 3537.82, "Plan Rows": 1, "Plan Width": 12, "Actual Startup Time": 4.938, "Actual Total Time": 7.413, "Actual Rows": 1, "Actual Loops": 1, "Inner Unique": false, "Join Filter": "(tag.site_id = site.site_id)", "Rows Removed by Join Filter": 53, "Plans": [{"Node Type": "Seq Scan", "Parent Relationship": "Outer", "Parallel Aware": false, "Async Capable": false, "Relation Name": "site", "Alias": "site", "Startup Cost": 0.0, "Total Cost": 3.16, "Plan Rows": 1, "Plan Width": 4, "Actual Startup Time": 0.006, "Actual Total Time": 0.007, "Actual Rows": 1, "Actual Loops": 1, "Filter": "((site_name)::text = 'stackoverflow'::text)", "Rows Removed by Filter": 172}, {"Node Type": "Seq Scan", "Parent Relationship": "Inner", "Parallel Aware": false, "Async Capable": false, "Relation Name": "tag", "Alias": "tag", "Startup Cost": 0.0, "Total Cost": 3534.62, "Plan Rows": 3, "Plan Width": 8, "Actual Startup Time": 0.21, "Actual Total Time": 7.4, "Actual Rows": 54, "Actual Loops": 1, "Filter": "((name)::text = 'android'::text)", "Rows Removed by Filter": 186716}]}, {"Node Type": "Index Only Scan", "Parent Relationship": "Inner", "Parallel Aware": false, "Async Capable": false, "Scan Direction": "Forward", "Index Name": "tag_question_site_id_tag_id_question_id_idx", "Relation Name": "tag_question", "Alias": "tag_question", "Startup Cost": 0.56, "Total Cost": 61.69, "Plan Rows": 31, "Plan Width": 12, "Actual Startup Time": 0.179, "Actual Total Time": 324.934, "Actual Rows": 614153, "Actual Loops": 1, "Index Cond": "((site_id = tag.site_id) AND (tag_id = tag.id))", "Rows Removed by Index Recheck": 0, "Heap Fetches": 614153}]}, {"Node Type": "Index Only Scan", "Parent Relationship": "Inner", "Parallel Aware": false, "Async Capable": false, "Scan Direction": "Forward", "Index Name": "question_pkey", "Relation Name": "question", "Alias": "question", "Startup Cost": 0.43, "Total Cost": 3.4, "Plan Rows": 1, "Plan Width": 8, "Actual Startup Time": 0.001, "Actual Total Time": 0.001, "Actual Rows": 1, "Actual Loops": 614153, "Index Cond": "((id = tag_question.question_id) AND (site_id = tag_question.site_id))", "Rows Removed by Index Recheck": 0, "Heap Fetches": 0}]}]}, "Planning Time": 1.018, "Triggers": [], "Execution Time": 800.563}