{"Plan": {"Node Type": "Aggregate", "Strategy": "Plain", "Partial Mode": "Simple", "Parallel Aware": false, "Async Capable": false, "Startup Cost": 3678.36, "Total Cost": 3678.37, "Plan Rows": 1, "Plan Width": 8, "Actual Startup Time": 811.888, "Actual Total Time": 811.89, "Actual Rows": 1, "Actual Loops": 1, "Plans": [{"Node Type": "Nested Loop", "Parent Relationship": "Outer", "Parallel Aware": false, "Async Capable": false, "Join Type": "Inner", "Startup Cost": 1.0, "Total Cost": 3678.36, "Plan Rows": 1, "Plan Width": 0, "Actual Startup Time": 3.749, "Actual Total Time": 795.612, "Actual Rows": 747274, "Actual Loops": 1, "Inner Unique": true, "Join Filter": "(tag.site_id = question.site_id)", "Rows Removed by Join Filter": 0, "Plans": [{"Node Type": "Nested Loop", "Parent Relationship": "Outer", "Parallel Aware": false, "Async Capable": false, "Join Type": "Inner", "Startup Cost": 0.56, "Total Cost": 3599.82, "Plan Rows": 23, "Plan Width": 16, "Actual Startup Time": 3.727, "Actual Total Time": 294.608, "Actual Rows": 747274, "Actual Loops": 1, "Inner Unique": false, "Plans": [{"Node Type": "Nested Loop", "Parent Relationship": "Outer", "Parallel Aware": false, "Async Capable": false, "Join Type": "Inner", "Startup Cost": 0.0, "Total Cost": 3537.82, "Plan Rows": 1, "Plan Width": 12, "Actual Startup Time": 3.443, "Actual Total Time": 5.561, "Actual Rows": 1, "Actual Loops": 1, "Inner Unique": false, "Join Filter": "(tag.site_id = site.site_id)", "Rows Removed by Join Filter": 28, "Plans": [{"Node Type": "Seq Scan", "Parent Relationship": "Outer", "Parallel Aware": false, "Async Capable": false, "Relation Name": "site", "Alias": "site", "Startup Cost": 0.0, "Total Cost": 3.16, "Plan Rows": 1, "Plan Width": 4, "Actual Startup Time": 0.006, "Actual Total Time": 0.008, "Actual Rows": 1, "Actual Loops": 1, "Filter": "((site_name)::text = 'stackoverflow'::text)", "Rows Removed by Filter": 172}, {"Node Type": "Seq Scan", "Parent Relationship": "Inner", "Parallel Aware": false, "Async Capable": false, "Relation Name": "tag", "Alias": "tag", "Startup Cost": 0.0, "Total Cost": 3534.62, "Plan Rows": 3, "Plan Width": 8, "Actual Startup Time": 0.174, "Actual Total Time": 5.55, "Actual Rows": 29, "Actual Loops": 1, "Filter": "((name)::text = 'c#'::text)", "Rows Removed by Filter": 186741}]}, {"Node Type": "Index Only Scan", "Parent Relationship": "Inner", "Parallel Aware": false, "Async Capable": false, "Scan Direction": "Forward", "Index Name": "tag_question_site_id_tag_id_question_id_idx", "Relation Name": "tag_question", "Alias": "tag_question", "Startup Cost": 0.56, "Total Cost": 61.69, "Plan Rows": 31, "Plan Width": 12, "Actual Startup Time": 0.281, "Actual Total Time": 258.645, "Actual Rows": 747274, "Actual Loops": 1, "Index Cond": "((site_id = tag.site_id) AND (tag_id = tag.id))", "Rows Removed by Index Recheck": 0, "Heap Fetches": 747274}]}, {"Node Type": "Index Only Scan", "Parent Relationship": "Inner", "Parallel Aware": false, "Async Capable": false, "Scan Direction": "Forward", "Index Name": "question_pkey", "Relation Name": "question", "Alias": "question", "Startup Cost": 0.43, "Total Cost": 3.4, "Plan Rows": 1, "Plan Width": 8, "Actual Startup Time": 0.001, "Actual Total Time": 0.001, "Actual Rows": 1, "Actual Loops": 747274, "Index Cond": "((id = tag_question.question_id) AND (site_id = tag_question.site_id))", "Rows Removed by Index Recheck": 0, "Heap Fetches": 0}]}]}, "Planning Time": 0.947, "Triggers": [], "Execution Time": 811.927}