{"Plan": {"Node Type": "Aggregate", "Strategy": "Plain", "Partial Mode": "Simple", "Parallel Aware": false, "Async Capable": false, "Startup Cost": 52960.07, "Total Cost": 52960.08, "Plan Rows": 1, "Plan Width": 8, "Actual Startup Time": 102.722, "Actual Total Time": 105.901, "Actual Rows": 1, "Actual Loops": 1, "Plans": [{"Node Type": "Gather Merge", "Parent Relationship": "Outer", "Parallel Aware": false, "Async Capable": false, "Startup Cost": 52953.79, "Total Cost": 52959.94, "Plan Rows": 52, "Plan Width": 4, "Actual Startup Time": 102.711, "Actual Total Time": 105.893, "Actual Rows": 44, "Actual Loops": 1, "Workers Planned": 3, "Workers Launched": 3, "Plans": [{"Node Type": "Sort", "Parent Relationship": "Outer", "Parallel Aware": false, "Async Capable": false, "Startup Cost": 51953.75, "Total Cost": 51953.79, "Plan Rows": 17, "Plan Width": 4, "Actual Startup Time": 100.68, "Actual Total Time": 100.688, "Actual Rows": 11, "Actual Loops": 4, "Sort Key": ["q1.id"], "Sort Method": "quicksort", "Sort Space Used": 25, "Sort Space Type": "Memory", "Workers": [{"Worker Number": 0, "Sort Method": "quicksort", "Sort Space Used": 25, "Sort Space Type": "Memory"}, {"Worker Number": 1, "Sort Method": "quicksort", "Sort Space Used": 25, "Sort Space Type": "Memory"}, {"Worker Number": 2, "Sort Method": "quicksort", "Sort Space Used": 25, "Sort Space Type": "Memory"}], "Plans": [{"Node Type": "Nested Loop", "Parent Relationship": "Outer", "Parallel Aware": false, "Async Capable": false, "Join Type": "Semi", "Startup Cost": 23786.16, "Total Cost": 51953.4, "Plan Rows": 17, "Plan Width": 4, "Actual Startup Time": 44.294, "Actual Total Time": 100.676, "Actual Rows": 11, "Actual Loops": 4, "Inner Unique": false, "Join Filter": "(pl1.post_id_from = comment_2.post_id)", "Rows Removed by Join Filter": 0, "Workers": [], "Plans": [{"Node Type": "Nested Loop", "Parent Relationship": "Outer", "Parallel Aware": false, "Async Capable": false, "Join Type": "Semi", "Startup Cost": 23785.59, "Total Cost": 51936.8, "Plan Rows": 17, "Plan Width": 40, "Actual Startup Time": 43.836, "Actual Total Time": 99.959, "Actual Rows": 13, "Actual Loops": 4, "Inner Unique": false, "Join Filter": "(q1.site_id = comment_1.site_id)", "Rows Removed by Join Filter": 0, "Workers": [], "Plans": [{"Node Type": "Nested Loop", "Parent Relationship": "Outer", "Parallel Aware": false, "Async Capable": false, "Join Type": "Semi", "Startup Cost": 23785.03, "Total Cost": 51920.21, "Plan Rows": 17, "Plan Width": 48, "Actual Startup Time": 42.607, "Actual Total Time": 99.325, "Actual Rows": 20, "Actual Loops": 4, "Inner Unique": false, "Join Filter": "(q1.site_id = comment.site_id)", "Rows Removed by Join Filter": 0, "Workers": [], "Plans": [{"Node Type": "Nested Loop", "Parent Relationship": "Outer", "Parallel Aware": false, "Async Capable": false, "Join Type": "Inner", "Startup Cost": 23784.46, "Total Cost": 51903.61, "Plan Rows": 17, "Plan Width": 52, "Actual Startup Time": 42.466, "Actual Total Time": 98.135, "Actual Rows": 26, "Actual Loops": 4, "Inner Unique": true, "Join Filter": "(q1.site_id = q2.site_id)", "Rows Removed by Join Filter": 0, "Workers": [], "Plans": [{"Node Type": "Nested Loop", "Parent Relationship": "Outer", "Parallel Aware": false, "Async Capable": false, "Join Type": "Inner", "Startup Cost": 23784.02, "Total Cost": 51830.27, "Plan Rows": 17, "Plan Width": 44, "Actual Startup Time": 42.424, "Actual Total Time": 98.007, "Actual Rows": 26, "Actual Loops": 4, "Inner Unique": true, "Join Filter": "((q1.score > q3.score) AND (q1.site_id = q3.site_id))", "Rows Removed by Join Filter": 246, "Workers": [], "Plans": [{"Node Type": "Nested Loop", "Parent Relationship": "Outer", "Parallel Aware": false, "Async Capable": false, "Join Type": "Inner", "Startup Cost": 23783.59, "Total Cost": 51421.99, "Plan Rows": 50, "Plan Width": 40, "Actual Startup Time": 41.853, "Actual Total Time": 92.915, "Actual Rows": 272, "Actual Loops": 4, "Inner Unique": true, "Join Filter": "(site.site_id = q1.site_id)", "Rows Removed by Join Filter": 0, "Workers": [], "Plans": [{"Node Type": "Hash Join", "Parent Relationship": "Outer", "Parallel Aware": true, "Async Capable": false, "Join Type": "Inner", "Startup Cost": 23783.15, "Total Cost": 51013.84, "Plan Rows": 50, "Plan Width": 28, "Actual Startup Time": 40.185, "Actual Total Time": 78.266, "Actual Rows": 272, "Actual Loops": 4, "Inner Unique": false, "Hash Cond": "((pl1.site_id = site.site_id) AND (pl1.post_id_to = pl2.post_id_from))", "Workers": [], "Plans": [{"Node Type": "Seq Scan", "Parent Relationship": "Outer", "Parallel Aware": true, "Async Capable": false, "Relation Name": "post_link", "Alias": "pl1", "Startup Cost": 0.0, "Total Cost": 21752.3, "Plan Rows": 730430, "Plan Width": 12, "Actual Startup Time": 0.004, "Actual Total Time": 20.013, "Actual Rows": 566083, "Actual Loops": 4, "Workers": []}, {"Node Type": "Hash", "Parent Relationship": "Inner", "Parallel Aware": true, "Async Capable": false, "Startup Cost": 23719.82, "Total Cost": 23719.82, "Plan Rows": 4222, "Plan Width": 16, "Actual Startup Time": 36.777, "Actual Total Time": 36.779, "Actual Rows": 987, "Actual Loops": 4, "Hash Buckets": 16384, "Original Hash Buckets": 16384, "Hash Batches": 1, "Original Hash Batches": 1, "Peak Memory Usage": 352, "Workers": [], "Plans": [{"Node Type": "Hash Join", "Parent Relationship": "Outer", "Parallel Aware": false, "Async Capable": false, "Join Type": "Inner", "Startup Cost": 3.18, "Total Cost": 23719.82, "Plan Rows": 4222, "Plan Width": 16, "Actual Startup Time": 2.966, "Actual Total Time": 36.665, "Actual Rows": 987, "Actual Loops": 4, "Inner Unique": true, "Hash Cond": "(pl2.site_id = site.site_id)", "Workers": [], "Plans": [{"Node Type": "Seq Scan", "Parent Relationship": "Outer", "Parallel Aware": true, "Async Capable": false, "Relation Name": "post_link", "Alias": "pl2", "Startup Cost": 0.0, "Total Cost": 21752.3, "Plan Rows": 730430, "Plan Width": 12, "Actual Startup Time": 0.005, "Actual Total Time": 21.513, "Actual Rows": 566083, "Actual Loops": 4, "Workers": []}, {"Node Type": "Hash", "Parent Relationship": "Inner", "Parallel Aware": false, "Async Capable": false, "Startup Cost": 3.16, "Total Cost": 3.16, "Plan Rows": 1, "Plan Width": 4, "Actual Startup Time": 0.013, "Actual Total Time": 0.014, "Actual Rows": 1, "Actual Loops": 4, "Hash Buckets": 1024, "Original Hash Buckets": 1024, "Hash Batches": 1, "Original Hash Batches": 1, "Peak Memory Usage": 9, "Workers": [], "Plans": [{"Node Type": "Seq Scan", "Parent Relationship": "Outer", "Parallel Aware": false, "Async Capable": false, "Relation Name": "site", "Alias": "site", "Startup Cost": 0.0, "Total Cost": 3.16, "Plan Rows": 1, "Plan Width": 4, "Actual Startup Time": 0.008, "Actual Total Time": 0.011, "Actual Rows": 1, "Actual Loops": 4, "Filter": "((site_name)::text = 'es'::text)", "Rows Removed by Filter": 172, "Workers": []}]}]}]}]}, {"Node Type": "Index Scan", "Parent Relationship": "Inner", "Parallel Aware": false, "Async Capable": false, "Scan Direction": "Forward", "Index Name": "question_pkey", "Relation Name": "question", "Alias": "q1", "Startup Cost": 0.43, "Total Cost": 8.15, "Plan Rows": 1, "Plan Width": 12, "Actual Startup Time": 0.054, "Actual Total Time": 0.054, "Actual Rows": 1, "Actual Loops": 1088, "Index Cond": "((id = pl1.post_id_from) AND (site_id = pl1.site_id))", "Rows Removed by Index Recheck": 0, "Workers": []}]}, {"Node Type": "Index Scan", "Parent Relationship": "Inner", "Parallel Aware": false, "Async Capable": false, "Scan Direction": "Forward", "Index Name": "question_pkey", "Relation Name": "question", "Alias": "q3", "Startup Cost": 0.43, "Total Cost": 8.15, "Plan Rows": 1, "Plan Width": 12, "Actual Startup Time": 0.018, "Actual Total Time": 0.019, "Actual Rows": 1, "Actual Loops": 1088, "Index Cond": "((id = pl2.post_id_to) AND (site_id = pl2.site_id))", "Rows Removed by Index Recheck": 0, "Workers": []}]}, {"Node Type": "Index Only Scan", "Parent Relationship": "Inner", "Parallel Aware": false, "Async Capable": false, "Scan Direction": "Forward", "Index Name": "question_pkey", "Relation Name": "question", "Alias": "q2", "Startup Cost": 0.43, "Total Cost": 4.3, "Plan Rows": 1, "Plan Width": 8, "Actual Startup Time": 0.004, "Actual Total Time": 0.004, "Actual Rows": 1, "Actual Loops": 106, "Index Cond": "((id = pl1.post_id_to) AND (site_id = pl1.site_id))", "Rows Removed by Index Recheck": 0, "Heap Fetches": 0, "Workers": []}]}, {"Node Type": "Index Only Scan", "Parent Relationship": "Inner", "Parallel Aware": false, "Async Capable": false, "Scan Direction": "Forward", "Index Name": "comment_site_id_post_id_idx", "Relation Name": "comment", "Alias": "comment", "Startup Cost": 0.57, "Total Cost": 4.44, "Plan Rows": 1, "Plan Width": 8, "Actual Startup Time": 0.045, "Actual Total Time": 0.045, "Actual Rows": 1, "Actual Loops": 106, "Index Cond": "((site_id = pl2.site_id) AND (post_id = pl2.post_id_to))", "Rows Removed by Index Recheck": 0, "Heap Fetches": 0, "Workers": []}]}, {"Node Type": "Index Only Scan", "Parent Relationship": "Inner", "Parallel Aware": false, "Async Capable": false, "Scan Direction": "Forward", "Index Name": "comment_site_id_post_id_idx", "Relation Name": "comment", "Alias": "comment_1", "Startup Cost": 0.57, "Total Cost": 4.44, "Plan Rows": 1, "Plan Width": 8, "Actual Startup Time": 0.031, "Actual Total Time": 0.031, "Actual Rows": 1, "Actual Loops": 80, "Index Cond": "((site_id = pl1.site_id) AND (post_id = pl1.post_id_to))", "Rows Removed by Index Recheck": 0, "Heap Fetches": 0, "Workers": []}]}, {"Node Type": "Index Only Scan", "Parent Relationship": "Inner", "Parallel Aware": false, "Async Capable": false, "Scan Direction": "Forward", "Index Name": "comment_site_id_post_id_idx", "Relation Name": "comment", "Alias": "comment_2", "Startup Cost": 0.57, "Total Cost": 4.44, "Plan Rows": 1, "Plan Width": 8, "Actual Startup Time": 0.054, "Actual Total Time": 0.054, "Actual Rows": 1, "Actual Loops": 53, "Index Cond": "((site_id = q1.site_id) AND (post_id = q1.id))", "Rows Removed by Index Recheck": 0, "Heap Fetches": 0, "Workers": []}]}]}]}]}, "Planning Time": 87.432, "Triggers": [], "Execution Time": 106.005}