{"Plan": {"Node Type": "Aggregate", "Strategy": "Plain", "Partial Mode": "Simple", "Parallel Aware": false, "Async Capable": false, "Startup Cost": 4139.99, "Total Cost": 4140.0, "Plan Rows": 1, "Plan Width": 8, "Actual Startup Time": 1481.178, "Actual Total Time": 1481.22, "Actual Rows": 1, "Actual Loops": 1, "Plans": [{"Node Type": "Gather", "Parent Relationship": "Outer", "Parallel Aware": false, "Async Capable": false, "Startup Cost": 3989.59, "Total Cost": 4139.99, "Plan Rows": 1, "Plan Width": 0, "Actual Startup Time": 7.445, "Actual Total Time": 1481.02, "Actual Rows": 3388, "Actual Loops": 1, "Workers Planned": 1, "Workers Launched": 1, "Single Copy": false, "Plans": [{"Node Type": "Nested Loop", "Parent Relationship": "Outer", "Parallel Aware": false, "Async Capable": false, "Join Type": "Inner", "Startup Cost": 2989.59, "Total Cost": 3139.89, "Plan Rows": 1, "Plan Width": 0, "Actual Startup Time": 6.49, "Actual Total Time": 743.161, "Actual Rows": 1694, "Actual Loops": 2, "Inner Unique": true, "Join Filter": "(t.site_id = q.site_id)", "Rows Removed by Join Filter": 0, "Workers": [], "Plans": [{"Node Type": "Nested Loop", "Parent Relationship": "Outer", "Parallel Aware": false, "Async Capable": false, "Join Type": "Inner", "Startup Cost": 2989.16, "Total Cost": 3050.65, "Plan Rows": 14, "Plan Width": 16, "Actual Startup Time": 6.443, "Actual Total Time": 50.566, "Actual Rows": 22919, "Actual Loops": 2, "Inner Unique": false, "Workers": [], "Plans": [{"Node Type": "Merge Join", "Parent Relationship": "Outer", "Parallel Aware": false, "Async Capable": false, "Join Type": "Inner", "Startup Cost": 2988.59, "Total Cost": 2988.65, "Plan Rows": 1, "Plan Width": 12, "Actual Startup Time": 6.338, "Actual Total Time": 6.348, "Actual Rows": 2, "Actual Loops": 2, "Inner Unique": true, "Merge Cond": "(t.site_id = s.site_id)", "Workers": [], "Plans": [{"Node Type": "Sort", "Parent Relationship": "Outer", "Parallel Aware": false, "Async Capable": false, "Startup Cost": 2985.42, "Total Cost": 2985.44, "Plan Rows": 8, "Plan Width": 8, "Actual Startup Time": 6.318, "Actual Total Time": 6.322, "Actual Rows": 32, "Actual Loops": 2, "Sort Key": ["t.site_id"], "Sort Method": "quicksort", "Sort Space Used": 26, "Sort Space Type": "Memory", "Workers": [{"Worker Number": 0, "Sort Method": "quicksort", "Sort Space Used": 25, "Sort Space Type": "Memory"}], "Plans": [{"Node Type": "Seq Scan", "Parent Relationship": "Outer", "Parallel Aware": true, "Async Capable": false, "Relation Name": "tag", "Alias": "t", "Startup Cost": 0.0, "Total Cost": 2985.3, "Plan Rows": 8, "Plan Width": 8, "Actual Startup Time": 0.09, "Actual Total Time": 6.31, "Actual Rows": 36, "Actual Loops": 2, "Filter": "((name)::text = ANY ('{emacs,npm,terminal,utf-8,visual-studio-code}'::text[]))", "Rows Removed by Filter": 93349, "Workers": []}]}, {"Node Type": "Sort", "Parent Relationship": "Inner", "Parallel Aware": false, "Async Capable": false, "Startup Cost": 3.17, "Total Cost": 3.18, "Plan Rows": 1, "Plan Width": 4, "Actual Startup Time": 0.015, "Actual Total Time": 0.016, "Actual Rows": 1, "Actual Loops": 2, "Sort Key": ["s.site_id"], "Sort Method": "quicksort", "Sort Space Used": 25, "Sort Space Type": "Memory", "Workers": [{"Worker Number": 0, "Sort Method": "quicksort", "Sort Space Used": 25, "Sort Space Type": "Memory"}], "Plans": [{"Node Type": "Seq Scan", "Parent Relationship": "Outer", "Parallel Aware": false, "Async Capable": false, "Relation Name": "site", "Alias": "s", "Startup Cost": 0.0, "Total Cost": 3.16, "Plan Rows": 1, "Plan Width": 4, "Actual Startup Time": 0.009, "Actual Total Time": 0.01, "Actual Rows": 1, "Actual Loops": 2, "Filter": "((site_name)::text = 'stackoverflow'::text)", "Rows Removed by Filter": 172, "Workers": []}]}]}, {"Node Type": "Index Only Scan", "Parent Relationship": "Inner", "Parallel Aware": false, "Async Capable": false, "Scan Direction": "Forward", "Index Name": "tag_question_site_id_tag_id_question_id_idx", "Relation Name": "tag_question", "Alias": "tq", "Startup Cost": 0.56, "Total Cost": 61.69, "Plan Rows": 31, "Plan Width": 12, "Actual Startup Time": 0.165, "Actual Total Time": 17.275, "Actual Rows": 9168, "Actual Loops": 5, "Index Cond": "((site_id = t.site_id) AND (tag_id = t.id))", "Rows Removed by Index Recheck": 0, "Heap Fetches": 45838, "Workers": []}]}, {"Node Type": "Index Scan", "Parent Relationship": "Inner", "Parallel Aware": false, "Async Capable": false, "Scan Direction": "Forward", "Index Name": "question_pkey", "Relation Name": "question", "Alias": "q", "Startup Cost": 0.43, "Total Cost": 6.36, "Plan Rows": 1, "Plan Width": 8, "Actual Startup Time": 0.03, "Actual Total Time": 0.03, "Actual Rows": 0, "Actual Loops": 45838, "Index Cond": "((id = tq.question_id) AND (site_id = tq.site_id))", "Rows Removed by Index Recheck": 0, "Filter": "((score >= 10) AND (score <= 1000))", "Rows Removed by Filter": 1, "Workers": []}]}]}]}, "Planning Time": 1.086, "Triggers": [], "Execution Time": 1481.262}