{"Plan": {"Node Type": "Aggregate", "Strategy": "Plain", "Partial Mode": "Simple", "Parallel Aware": false, "Async Capable": false, "Startup Cost": 3746.46, "Total Cost": 3746.47, "Plan Rows": 1, "Plan Width": 8, "Actual Startup Time": 15154.114, "Actual Total Time": 15154.116, "Actual Rows": 1, "Actual Loops": 1, "Plans": [{"Node Type": "Nested Loop", "Parent Relationship": "Outer", "Parallel Aware": false, "Async Capable": false, "Join Type": "Inner", "Startup Cost": 1.0, "Total Cost": 3746.46, "Plan Rows": 1, "Plan Width": 0, "Actual Startup Time": 6.74, "Actual Total Time": 15137.092, "Actual Rows": 461204, "Actual Loops": 1, "Inner Unique": true, "Join Filter": "(t.site_id = q.site_id)", "Rows Removed by Join Filter": 0, "Plans": [{"Node Type": "Nested Loop", "Parent Relationship": "Outer", "Parallel Aware": false, "Async Capable": false, "Join Type": "Inner", "Startup Cost": 0.56, "Total Cost": 3599.84, "Plan Rows": 23, "Plan Width": 16, "Actual Startup Time": 6.627, "Actual Total Time": 311.465, "Actual Rows": 615762, "Actual Loops": 1, "Inner Unique": false, "Plans": [{"Node Type": "Nested Loop", "Parent Relationship": "Outer", "Parallel Aware": false, "Async Capable": false, "Join Type": "Inner", "Startup Cost": 0.0, "Total Cost": 3537.85, "Plan Rows": 1, "Plan Width": 12, "Actual Startup Time": 6.586, "Actual Total Time": 9.94, "Actual Rows": 2, "Actual Loops": 1, "Inner Unique": false, "Join Filter": "(t.site_id = s.site_id)", "Rows Removed by Join Filter": 55, "Plans": [{"Node Type": "Seq Scan", "Parent Relationship": "Outer", "Parallel Aware": false, "Async Capable": false, "Relation Name": "site", "Alias": "s", "Startup Cost": 0.0, "Total Cost": 3.16, "Plan Rows": 1, "Plan Width": 4, "Actual Startup Time": 0.007, "Actual Total Time": 0.009, "Actual Rows": 1, "Actual Loops": 1, "Filter": "((site_name)::text = 'stackoverflow'::text)", "Rows Removed by Filter": 172}, {"Node Type": "Seq Scan", "Parent Relationship": "Inner", "Parallel Aware": false, "Async Capable": false, "Relation Name": "tag", "Alias": "t", "Startup Cost": 0.0, "Total Cost": 3534.62, "Plan Rows": 5, "Plan Width": 8, "Actual Startup Time": 0.192, "Actual Total Time": 9.924, "Actual Rows": 57, "Actual Loops": 1, "Filter": "((name)::text = ANY ('{android,single-page-application}'::text[]))", "Rows Removed by Filter": 186713}]}, {"Node Type": "Index Only Scan", "Parent Relationship": "Inner", "Parallel Aware": false, "Async Capable": false, "Scan Direction": "Forward", "Index Name": "tag_question_site_id_tag_id_question_id_idx", "Relation Name": "tag_question", "Alias": "tq", "Startup Cost": 0.56, "Total Cost": 61.69, "Plan Rows": 31, "Plan Width": 12, "Actual Startup Time": 0.11, "Actual Total Time": 137.295, "Actual Rows": 307881, "Actual Loops": 2, "Index Cond": "((site_id = t.site_id) AND (tag_id = t.id))", "Rows Removed by Index Recheck": 0, "Heap Fetches": 615762}]}, {"Node Type": "Index Scan", "Parent Relationship": "Inner", "Parallel Aware": false, "Async Capable": false, "Scan Direction": "Forward", "Index Name": "question_pkey", "Relation Name": "question", "Alias": "q", "Startup Cost": 0.43, "Total Cost": 6.36, "Plan Rows": 1, "Plan Width": 8, "Actual Startup Time": 0.024, "Actual Total Time": 0.024, "Actual Rows": 1, "Actual Loops": 615762, "Index Cond": "((id = tq.question_id) AND (site_id = tq.site_id))", "Rows Removed by Index Recheck": 0, "Filter": "((view_count >= 100) AND (view_count <= 100000))", "Rows Removed by Filter": 0}]}]}, "Planning Time": 1.0, "Triggers": [], "Execution Time": 15154.157}