{"Plan": {"Node Type": "Aggregate", "Strategy": "Plain", "Partial Mode": "Simple", "Parallel Aware": false, "Async Capable": false, "Startup Cost": 4003.55, "Total Cost": 4003.56, "Plan Rows": 1, "Plan Width": 8, "Actual Startup Time": 3478.027, "Actual Total Time": 3478.068, "Actual Rows": 1, "Actual Loops": 1, "Plans": [{"Node Type": "Gather", "Parent Relationship": "Outer", "Parallel Aware": false, "Async Capable": false, "Startup Cost": 3853.27, "Total Cost": 4003.55, "Plan Rows": 1, "Plan Width": 0, "Actual Startup Time": 20.259, "Actual Total Time": 3476.049, "Actual Rows": 61639, "Actual Loops": 1, "Workers Planned": 1, "Workers Launched": 1, "Single Copy": false, "Plans": [{"Node Type": "Nested Loop", "Parent Relationship": "Outer", "Parallel Aware": false, "Async Capable": false, "Join Type": "Inner", "Startup Cost": 2853.27, "Total Cost": 3003.45, "Plan Rows": 1, "Plan Width": 0, "Actual Startup Time": 34.468, "Actual Total Time": 2751.673, "Actual Rows": 30820, "Actual Loops": 2, "Inner Unique": true, "Join Filter": "(t.site_id = q.site_id)", "Rows Removed by Join Filter": 0, "Workers": [], "Plans": [{"Node Type": "Nested Loop", "Parent Relationship": "Outer", "Parallel Aware": false, "Async Capable": false, "Join Type": "Inner", "Startup Cost": 2852.83, "Total Cost": 2914.21, "Plan Rows": 14, "Plan Width": 16, "Actual Startup Time": 5.289, "Actual Total Time": 167.295, "Actual Rows": 108180, "Actual Loops": 2, "Inner Unique": false, "Workers": [], "Plans": [{"Node Type": "Merge Join", "Parent Relationship": "Outer", "Parallel Aware": false, "Async Capable": false, "Join Type": "Inner", "Startup Cost": 2852.27, "Total Cost": 2852.49, "Plan Rows": 1, "Plan Width": 12, "Actual Startup Time": 5.087, "Actual Total Time": 5.107, "Actual Rows": 6, "Actual Loops": 2, "Inner Unique": true, "Merge Cond": "(t.site_id = s.site_id)", "Workers": [], "Plans": [{"Node Type": "Sort", "Parent Relationship": "Outer", "Parallel Aware": false, "Async Capable": false, "Startup Cost": 2849.1, "Total Cost": 2849.2, "Plan Rows": 41, "Plan Width": 8, "Actual Startup Time": 5.065, "Actual Total Time": 5.072, "Actual Rows": 81, "Actual Loops": 2, "Sort Key": ["t.site_id"], "Sort Method": "quicksort", "Sort Space Used": 28, "Sort Space Type": "Memory", "Workers": [{"Worker Number": 0, "Sort Method": "quicksort", "Sort Space Used": 27, "Sort Space Type": "Memory"}], "Plans": [{"Node Type": "Seq Scan", "Parent Relationship": "Outer", "Parallel Aware": true, "Async Capable": false, "Relation Name": "tag", "Alias": "t", "Startup Cost": 0.03, "Total Cost": 2848.0, "Plan Rows": 41, "Plan Width": 8, "Actual Startup Time": 0.059, "Actual Total Time": 5.053, "Actual Rows": 95, "Actual Loops": 2, "Filter": "((name)::text = ANY ('{apache,azure,csv,floating-point,fortran,gcc,if-statement,joomla,lambda,pdf,pdo}'::text[]))", "Rows Removed by Filter": 93290, "Workers": []}]}, {"Node Type": "Sort", "Parent Relationship": "Inner", "Parallel Aware": false, "Async Capable": false, "Startup Cost": 3.17, "Total Cost": 3.18, "Plan Rows": 1, "Plan Width": 4, "Actual Startup Time": 0.015, "Actual Total Time": 0.016, "Actual Rows": 1, "Actual Loops": 2, "Sort Key": ["s.site_id"], "Sort Method": "quicksort", "Sort Space Used": 25, "Sort Space Type": "Memory", "Workers": [{"Worker Number": 0, "Sort Method": "quicksort", "Sort Space Used": 25, "Sort Space Type": "Memory"}], "Plans": [{"Node Type": "Seq Scan", "Parent Relationship": "Outer", "Parallel Aware": false, "Async Capable": false, "Relation Name": "site", "Alias": "s", "Startup Cost": 0.0, "Total Cost": 3.16, "Plan Rows": 1, "Plan Width": 4, "Actual Startup Time": 0.01, "Actual Total Time": 0.01, "Actual Rows": 1, "Actual Loops": 2, "Filter": "((site_name)::text = 'stackoverflow'::text)", "Rows Removed by Filter": 172, "Workers": []}]}]}, {"Node Type": "Index Only Scan", "Parent Relationship": "Inner", "Parallel Aware": false, "Async Capable": false, "Scan Direction": "Forward", "Index Name": "tag_question_site_id_tag_id_question_id_idx", "Relation Name": "tag_question", "Alias": "tq", "Startup Cost": 0.56, "Total Cost": 61.41, "Plan Rows": 31, "Plan Width": 12, "Actual Startup Time": 0.173, "Actual Total Time": 28.632, "Actual Rows": 19669, "Actual Loops": 11, "Index Cond": "((site_id = t.site_id) AND (tag_id = t.id))", "Rows Removed by Index Recheck": 0, "Heap Fetches": 216360, "Workers": []}]}, {"Node Type": "Index Scan", "Parent Relationship": "Inner", "Parallel Aware": false, "Async Capable": false, "Scan Direction": "Forward", "Index Name": "question_pkey", "Relation Name": "question", "Alias": "q", "Startup Cost": 0.43, "Total Cost": 6.36, "Plan Rows": 1, "Plan Width": 8, "Actual Startup Time": 0.024, "Actual Total Time": 0.024, "Actual Rows": 0, "Actual Loops": 216360, "Index Cond": "((id = tq.question_id) AND (site_id = tq.site_id))", "Rows Removed by Index Recheck": 0, "Filter": "((view_count >= 0) AND (view_count <= 100))", "Rows Removed by Filter": 1, "Workers": []}]}]}]}, "Planning Time": 0.998, "Triggers": [], "Execution Time": 3478.11}