{"Plan": {"Node Type": "Aggregate", "Strategy": "Plain", "Partial Mode": "Simple", "Parallel Aware": false, "Async Capable": false, "Startup Cost": 4003.0, "Total Cost": 4003.01, "Plan Rows": 1, "Plan Width": 8, "Actual Startup Time": 195.864, "Actual Total Time": 205.743, "Actual Rows": 1, "Actual Loops": 1, "Plans": [{"Node Type": "Gather", "Parent Relationship": "Outer", "Parallel Aware": false, "Async Capable": false, "Startup Cost": 3852.67, "Total Cost": 4003.0, "Plan Rows": 1, "Plan Width": 0, "Actual Startup Time": 6.627, "Actual Total Time": 205.437, "Actual Rows": 11076, "Actual Loops": 1, "Workers Planned": 1, "Workers Launched": 1, "Single Copy": false, "Plans": [{"Node Type": "Nested Loop", "Parent Relationship": "Outer", "Parallel Aware": false, "Async Capable": false, "Join Type": "Inner", "Startup Cost": 2852.67, "Total Cost": 3002.9, "Plan Rows": 1, "Plan Width": 0, "Actual Startup Time": 5.736, "Actual Total Time": 190.937, "Actual Rows": 5538, "Actual Loops": 2, "Inner Unique": true, "Join Filter": "(t.site_id = q.site_id)", "Rows Removed by Join Filter": 0, "Workers": [], "Plans": [{"Node Type": "Nested Loop", "Parent Relationship": "Outer", "Parallel Aware": false, "Async Capable": false, "Join Type": "Inner", "Startup Cost": 2852.24, "Total Cost": 2913.66, "Plan Rows": 14, "Plan Width": 16, "Actual Startup Time": 5.676, "Actual Total Time": 24.805, "Actual Rows": 7518, "Actual Loops": 2, "Inner Unique": false, "Workers": [], "Plans": [{"Node Type": "Merge Join", "Parent Relationship": "Outer", "Parallel Aware": false, "Async Capable": false, "Join Type": "Inner", "Startup Cost": 2851.67, "Total Cost": 2851.8, "Plan Rows": 1, "Plan Width": 12, "Actual Startup Time": 5.483, "Actual Total Time": 5.492, "Actual Rows": 8, "Actual Loops": 2, "Inner Unique": true, "Merge Cond": "(t.site_id = s.site_id)", "Workers": [], "Plans": [{"Node Type": "Sort", "Parent Relationship": "Outer", "Parallel Aware": false, "Async Capable": false, "Startup Cost": 2848.5, "Total Cost": 2848.55, "Plan Rows": 22, "Plan Width": 8, "Actual Startup Time": 5.46, "Actual Total Time": 5.463, "Actual Rows": 18, "Actual Loops": 2, "Sort Key": ["t.site_id"], "Sort Method": "quicksort", "Sort Space Used": 25, "Sort Space Type": "Memory", "Workers": [{"Worker Number": 0, "Sort Method": "quicksort", "Sort Space Used": 25, "Sort Space Type": "Memory"}], "Plans": [{"Node Type": "Seq Scan", "Parent Relationship": "Outer", "Parallel Aware": true, "Async Capable": false, "Relation Name": "tag", "Alias": "t", "Startup Cost": 0.04, "Total Cost": 2848.01, "Plan Rows": 22, "Plan Width": 8, "Actual Startup Time": 0.25, "Actual Total Time": 5.451, "Actual Rows": 19, "Actual Loops": 2, "Filter": "((name)::text = ANY ('{dask,docusignapi,dto,filenotfoundexception,flowtype,fwrite,hierarchical-data,igraph,infragistics,ioc-container,itertools,photo,placeholder,spatial,unmarshalling}'::text[]))", "Rows Removed by Filter": 93366, "Workers": []}]}, {"Node Type": "Sort", "Parent Relationship": "Inner", "Parallel Aware": false, "Async Capable": false, "Startup Cost": 3.17, "Total Cost": 3.18, "Plan Rows": 1, "Plan Width": 4, "Actual Startup Time": 0.02, "Actual Total Time": 0.021, "Actual Rows": 1, "Actual Loops": 2, "Sort Key": ["s.site_id"], "Sort Method": "quicksort", "Sort Space Used": 25, "Sort Space Type": "Memory", "Workers": [{"Worker Number": 0, "Sort Method": "quicksort", "Sort Space Used": 25, "Sort Space Type": "Memory"}], "Plans": [{"Node Type": "Seq Scan", "Parent Relationship": "Outer", "Parallel Aware": false, "Async Capable": false, "Relation Name": "site", "Alias": "s", "Startup Cost": 0.0, "Total Cost": 3.16, "Plan Rows": 1, "Plan Width": 4, "Actual Startup Time": 0.012, "Actual Total Time": 0.013, "Actual Rows": 1, "Actual Loops": 2, "Filter": "((site_name)::text = 'stackoverflow'::text)", "Rows Removed by Filter": 172, "Workers": []}]}]}, {"Node Type": "Index Only Scan", "Parent Relationship": "Inner", "Parallel Aware": false, "Async Capable": false, "Scan Direction": "Forward", "Index Name": "tag_question_site_id_tag_id_question_id_idx", "Relation Name": "tag_question", "Alias": "tq", "Startup Cost": 0.56, "Total Cost": 61.55, "Plan Rows": 31, "Plan Width": 12, "Actual Startup Time": 0.129, "Actual Total Time": 2.529, "Actual Rows": 1002, "Actual Loops": 15, "Index Cond": "((site_id = t.site_id) AND (tag_id = t.id))", "Rows Removed by Index Recheck": 0, "Heap Fetches": 15035, "Workers": []}]}, {"Node Type": "Index Scan", "Parent Relationship": "Inner", "Parallel Aware": false, "Async Capable": false, "Scan Direction": "Forward", "Index Name": "question_pkey", "Relation Name": "question", "Alias": "q", "Startup Cost": 0.43, "Total Cost": 6.36, "Plan Rows": 1, "Plan Width": 8, "Actual Startup Time": 0.022, "Actual Total Time": 0.022, "Actual Rows": 1, "Actual Loops": 15035, "Index Cond": "((id = tq.question_id) AND (site_id = tq.site_id))", "Rows Removed by Index Recheck": 0, "Filter": "((view_count >= 100) AND (view_count <= 100000))", "Rows Removed by Filter": 0, "Workers": []}]}]}]}, "Planning Time": 1.049, "Triggers": [], "Execution Time": 205.786}