{"Plan": {"Node Type": "Aggregate", "Strategy": "Sorted", "Partial Mode": "Simple", "Parallel Aware": false, "Async Capable": false, "Startup Cost": 4163.72, "Total Cost": 4163.74, "Plan Rows": 1, "Plan Width": 19, "Actual Startup Time": 164.699, "Actual Total Time": 164.744, "Actual Rows": 5, "Actual Loops": 1, "Group Key": ["t1.name"], "Plans": [{"Node Type": "Sort", "Parent Relationship": "Outer", "Parallel Aware": false, "Async Capable": false, "Startup Cost": 4163.72, "Total Cost": 4163.72, "Plan Rows": 1, "Plan Width": 11, "Actual Startup Time": 164.693, "Actual Total Time": 164.736, "Actual Rows": 41, "Actual Loops": 1, "Sort Key": ["t1.name"], "Sort Method": "quicksort", "Sort Space Used": 25, "Sort Space Type": "Memory", "Plans": [{"Node Type": "Gather", "Parent Relationship": "Outer", "Parallel Aware": false, "Async Capable": false, "Startup Cost": 3990.46, "Total Cost": 4163.71, "Plan Rows": 1, "Plan Width": 11, "Actual Startup Time": 9.567, "Actual Total Time": 164.714, "Actual Rows": 41, "Actual Loops": 1, "Workers Planned": 1, "Workers Launched": 1, "Single Copy": false, "Plans": [{"Node Type": "Nested Loop", "Parent Relationship": "Outer", "Parallel Aware": false, "Async Capable": false, "Join Type": "Inner", "Startup Cost": 2990.46, "Total Cost": 3163.61, "Plan Rows": 1, "Plan Width": 11, "Actual Startup Time": 8.521, "Actual Total Time": 115.734, "Actual Rows": 20, "Actual Loops": 2, "Inner Unique": true, "Join Filter": "((u1.id = q1.owner_user_id) AND (q1.id = a1.question_id) AND (s.site_id = q1.site_id))", "Rows Removed by Join Filter": 370, "Workers": [], "Plans": [{"Node Type": "Nested Loop", "Parent Relationship": "Outer", "Parallel Aware": false, "Async Capable": false, "Join Type": "Inner", "Startup Cost": 2990.03, "Total Cost": 3156.53, "Plan Rows": 1, "Plan Width": 47, "Actual Startup Time": 6.41, "Actual Total Time": 93.762, "Actual Rows": 639, "Actual Loops": 2, "Inner Unique": true, "Join Filter": "(s.site_id = u1.site_id)", "Rows Removed by Join Filter": 0, "Workers": [], "Plans": [{"Node Type": "Nested Loop", "Parent Relationship": "Outer", "Parallel Aware": false, "Async Capable": false, "Join Type": "Inner", "Startup Cost": 2989.59, "Total Cost": 3149.45, "Plan Rows": 1, "Plan Width": 39, "Actual Startup Time": 6.225, "Actual Total Time": 47.583, "Actual Rows": 1260, "Actual Loops": 2, "Inner Unique": false, "Join Filter": "(s.site_id = a1.site_id)", "Rows Removed by Join Filter": 0, "Workers": [], "Plans": [{"Node Type": "Nested Loop", "Parent Relationship": "Outer", "Parallel Aware": false, "Async Capable": false, "Join Type": "Inner", "Startup Cost": 2989.16, "Total Cost": 3050.72, "Plan Rows": 14, "Plan Width": 27, "Actual Startup Time": 6.111, "Actual Total Time": 8.429, "Actual Rows": 2168, "Actual Loops": 2, "Inner Unique": false, "Join Filter": "(s.site_id = tq1.site_id)", "Rows Removed by Join Filter": 0, "Workers": [], "Plans": [{"Node Type": "Merge Join", "Parent Relationship": "Outer", "Parallel Aware": false, "Async Capable": false, "Join Type": "Inner", "Startup Cost": 2988.59, "Total Cost": 2988.65, "Plan Rows": 1, "Plan Width": 23, "Actual Startup Time": 5.971, "Actual Total Time": 5.976, "Actual Rows": 2, "Actual Loops": 2, "Inner Unique": true, "Merge Cond": "(t1.site_id = s.site_id)", "Workers": [], "Plans": [{"Node Type": "Sort", "Parent Relationship": "Outer", "Parallel Aware": false, "Async Capable": false, "Startup Cost": 2985.42, "Total Cost": 2985.44, "Plan Rows": 8, "Plan Width": 19, "Actual Startup Time": 5.953, "Actual Total Time": 5.954, "Actual Rows": 6, "Actual Loops": 2, "Sort Key": ["t1.site_id"], "Sort Method": "quicksort", "Sort Space Used": 25, "Sort Space Type": "Memory", "Workers": [{"Worker Number": 0, "Sort Method": "quicksort", "Sort Space Used": 25, "Sort Space Type": "Memory"}], "Plans": [{"Node Type": "Seq Scan", "Parent Relationship": "Outer", "Parallel Aware": true, "Async Capable": false, "Relation Name": "tag", "Alias": "t1", "Startup Cost": 0.0, "Total Cost": 2985.3, "Plan Rows": 8, "Plan Width": 19, "Actual Startup Time": 0.236, "Actual Total Time": 5.946, "Actual Rows": 6, "Actual Loops": 2, "Filter": "((name)::text = ANY ('{achievements,diablo-3,pokemon-go,starcraft-2,xbox-360}'::text[]))", "Rows Removed by Filter": 93379, "Workers": []}]}, {"Node Type": "Sort", "Parent Relationship": "Inner", "Parallel Aware": false, "Async Capable": false, "Startup Cost": 3.17, "Total Cost": 3.18, "Plan Rows": 1, "Plan Width": 4, "Actual Startup Time": 0.015, "Actual Total Time": 0.015, "Actual Rows": 1, "Actual Loops": 2, "Sort Key": ["s.site_id"], "Sort Method": "quicksort", "Sort Space Used": 25, "Sort Space Type": "Memory", "Workers": [{"Worker Number": 0, "Sort Method": "quicksort", "Sort Space Used": 25, "Sort Space Type": "Memory"}], "Plans": [{"Node Type": "Seq Scan", "Parent Relationship": "Outer", "Parallel Aware": false, "Async Capable": false, "Relation Name": "site", "Alias": "s", "Startup Cost": 0.0, "Total Cost": 3.16, "Plan Rows": 1, "Plan Width": 4, "Actual Startup Time": 0.008, "Actual Total Time": 0.011, "Actual Rows": 1, "Actual Loops": 2, "Filter": "((site_name)::text = 'gaming'::text)", "Rows Removed by Filter": 172, "Workers": []}]}]}, {"Node Type": "Index Only Scan", "Parent Relationship": "Inner", "Parallel Aware": false, "Async Capable": false, "Scan Direction": "Forward", "Index Name": "tag_question_site_id_tag_id_question_id_idx", "Relation Name": "tag_question", "Alias": "tq1", "Startup Cost": 0.56, "Total Cost": 61.69, "Plan Rows": 31, "Plan Width": 12, "Actual Startup Time": 0.088, "Actual Total Time": 0.935, "Actual Rows": 867, "Actual Loops": 5, "Index Cond": "((site_id = t1.site_id) AND (tag_id = t1.id))", "Rows Removed by Index Recheck": 0, "Heap Fetches": 4336, "Workers": []}]}, {"Node Type": "Index Scan", "Parent Relationship": "Inner", "Parallel Aware": false, "Async Capable": false, "Scan Direction": "Forward", "Index Name": "answer_site_id_question_id_idx", "Relation Name": "answer", "Alias": "a1", "Startup Cost": 0.43, "Total Cost": 7.04, "Plan Rows": 1, "Plan Width": 12, "Actual Startup Time": 0.014, "Actual Total Time": 0.018, "Actual Rows": 1, "Actual Loops": 4336, "Index Cond": "((site_id = tq1.site_id) AND (question_id = tq1.question_id))", "Rows Removed by Index Recheck": 0, "Workers": []}]}, {"Node Type": "Index Scan", "Parent Relationship": "Inner", "Parallel Aware": false, "Async Capable": false, "Scan Direction": "Forward", "Index Name": "so_user_pkey", "Relation Name": "so_user", "Alias": "u1", "Startup Cost": 0.44, "Total Cost": 7.07, "Plan Rows": 1, "Plan Width": 8, "Actual Startup Time": 0.036, "Actual Total Time": 0.036, "Actual Rows": 1, "Actual Loops": 2521, "Index Cond": "((id = a1.owner_user_id) AND (site_id = a1.site_id))", "Rows Removed by Index Recheck": 0, "Filter": "((downvotes >= 0) AND (downvotes <= 10))", "Rows Removed by Filter": 0, "Workers": []}]}, {"Node Type": "Index Scan", "Parent Relationship": "Inner", "Parallel Aware": false, "Async Capable": false, "Scan Direction": "Forward", "Index Name": "question_pkey", "Relation Name": "question", "Alias": "q1", "Startup Cost": 0.43, "Total Cost": 7.06, "Plan Rows": 1, "Plan Width": 12, "Actual Startup Time": 0.034, "Actual Total Time": 0.034, "Actual Rows": 1, "Actual Loops": 1278, "Index Cond": "((id = tq1.question_id) AND (site_id = tq1.site_id))", "Rows Removed by Index Recheck": 0, "Filter": "((score >= 1) AND (score <= 10))", "Rows Removed by Filter": 0, "Workers": []}]}]}]}]}, "Planning Time": 5.188, "Triggers": [], "Execution Time": 164.801}