{"Plan": {"Node Type": "Aggregate", "Strategy": "Sorted", "Partial Mode": "Simple", "Parallel Aware": false, "Async Capable": false, "Startup Cost": 4575.83, "Total Cost": 4575.85, "Plan Rows": 1, "Plan Width": 19, "Actual Startup Time": 1079.398, "Actual Total Time": 1085.5, "Actual Rows": 8, "Actual Loops": 1, "Group Key": ["t1.name"], "Plans": [{"Node Type": "Sort", "Parent Relationship": "Outer", "Parallel Aware": false, "Async Capable": false, "Startup Cost": 4575.83, "Total Cost": 4575.83, "Plan Rows": 1, "Plan Width": 11, "Actual Startup Time": 1079.388, "Actual Total Time": 1085.486, "Actual Rows": 42, "Actual Loops": 1, "Sort Key": ["t1.name"], "Sort Method": "quicksort", "Sort Space Used": 26, "Sort Space Type": "Memory", "Plans": [{"Node Type": "Gather", "Parent Relationship": "Outer", "Parallel Aware": false, "Async Capable": false, "Startup Cost": 4402.55, "Total Cost": 4575.82, "Plan Rows": 1, "Plan Width": 11, "Actual Startup Time": 192.601, "Actual Total Time": 1085.455, "Actual Rows": 42, "Actual Loops": 1, "Workers Planned": 1, "Workers Launched": 1, "Single Copy": false, "Plans": [{"Node Type": "Nested Loop", "Parent Relationship": "Outer", "Parallel Aware": false, "Async Capable": false, "Join Type": "Inner", "Startup Cost": 3402.55, "Total Cost": 3575.72, "Plan Rows": 1, "Plan Width": 11, "Actual Startup Time": 151.342, "Actual Total Time": 1038.815, "Actual Rows": 21, "Actual Loops": 2, "Inner Unique": true, "Join Filter": "((u1.id = q1.owner_user_id) AND (q1.id = a1.question_id) AND (s.site_id = q1.site_id))", "Rows Removed by Join Filter": 864, "Workers": [], "Plans": [{"Node Type": "Nested Loop", "Parent Relationship": "Outer", "Parallel Aware": false, "Async Capable": false, "Join Type": "Inner", "Startup Cost": 3402.12, "Total Cost": 3568.64, "Plan Rows": 1, "Plan Width": 47, "Actual Startup Time": 8.946, "Actual Total Time": 791.472, "Actual Rows": 4376, "Actual Loops": 2, "Inner Unique": true, "Join Filter": "(s.site_id = u1.site_id)", "Rows Removed by Join Filter": 0, "Workers": [], "Plans": [{"Node Type": "Nested Loop", "Parent Relationship": "Outer", "Parallel Aware": false, "Async Capable": false, "Join Type": "Inner", "Startup Cost": 3401.68, "Total Cost": 3561.56, "Plan Rows": 1, "Plan Width": 39, "Actual Startup Time": 8.74, "Actual Total Time": 469.589, "Actual Rows": 5764, "Actual Loops": 2, "Inner Unique": false, "Join Filter": "(s.site_id = a1.site_id)", "Rows Removed by Join Filter": 0, "Workers": [], "Plans": [{"Node Type": "Nested Loop", "Parent Relationship": "Outer", "Parallel Aware": false, "Async Capable": false, "Join Type": "Inner", "Startup Cost": 3401.25, "Total Cost": 3462.83, "Plan Rows": 14, "Plan Width": 27, "Actual Startup Time": 8.416, "Actual Total Time": 147.198, "Actual Rows": 12026, "Actual Loops": 2, "Inner Unique": false, "Join Filter": "(s.site_id = tq1.site_id)", "Rows Removed by Join Filter": 0, "Workers": [], "Plans": [{"Node Type": "Merge Join", "Parent Relationship": "Outer", "Parallel Aware": false, "Async Capable": false, "Join Type": "Inner", "Startup Cost": 3400.68, "Total Cost": 3400.76, "Plan Rows": 1, "Plan Width": 23, "Actual Startup Time": 8.168, "Actual Total Time": 8.18, "Actual Rows": 4, "Actual Loops": 2, "Inner Unique": true, "Merge Cond": "(t1.site_id = s.site_id)", "Workers": [], "Plans": [{"Node Type": "Sort", "Parent Relationship": "Outer", "Parallel Aware": false, "Async Capable": false, "Startup Cost": 3397.51, "Total Cost": 3397.54, "Plan Rows": 12, "Plan Width": 19, "Actual Startup Time": 8.149, "Actual Total Time": 8.152, "Actual Rows": 6, "Actual Loops": 2, "Sort Key": ["t1.site_id"], "Sort Method": "quicksort", "Sort Space Used": 25, "Sort Space Type": "Memory", "Workers": [{"Worker Number": 0, "Sort Method": "quicksort", "Sort Space Used": 25, "Sort Space Type": "Memory"}], "Plans": [{"Node Type": "Seq Scan", "Parent Relationship": "Outer", "Parallel Aware": true, "Async Capable": false, "Relation Name": "tag", "Alias": "t1", "Startup Cost": 0.0, "Total Cost": 3397.29, "Plan Rows": 12, "Plan Width": 19, "Actual Startup Time": 1.067, "Actual Total Time": 8.142, "Actual Rows": 9, "Actual Loops": 2, "Filter": "((name)::text = ANY ('{12.04,equivalence-relations,examples-counterexamples,homological-algebra,limits-without-lhopital,manifolds,matrix-equations,package-management}'::text[]))", "Rows Removed by Filter": 93376, "Workers": []}]}, {"Node Type": "Sort", "Parent Relationship": "Inner", "Parallel Aware": false, "Async Capable": false, "Startup Cost": 3.17, "Total Cost": 3.18, "Plan Rows": 2, "Plan Width": 4, "Actual Startup Time": 0.017, "Actual Total Time": 0.018, "Actual Rows": 2, "Actual Loops": 2, "Sort Key": ["s.site_id"], "Sort Method": "quicksort", "Sort Space Used": 25, "Sort Space Type": "Memory", "Workers": [{"Worker Number": 0, "Sort Method": "quicksort", "Sort Space Used": 25, "Sort Space Type": "Memory"}], "Plans": [{"Node Type": "Seq Scan", "Parent Relationship": "Outer", "Parallel Aware": false, "Async Capable": false, "Relation Name": "site", "Alias": "s", "Startup Cost": 0.0, "Total Cost": 3.16, "Plan Rows": 2, "Plan Width": 4, "Actual Startup Time": 0.008, "Actual Total Time": 0.013, "Actual Rows": 2, "Actual Loops": 2, "Filter": "((site_name)::text = ANY ('{askubuntu,math}'::text[]))", "Rows Removed by Filter": 171, "Workers": []}]}]}, {"Node Type": "Index Only Scan", "Parent Relationship": "Inner", "Parallel Aware": false, "Async Capable": false, "Scan Direction": "Forward", "Index Name": "tag_question_site_id_tag_id_question_id_idx", "Relation Name": "tag_question", "Alias": "tq1", "Startup Cost": 0.56, "Total Cost": 61.69, "Plan Rows": 31, "Plan Width": 12, "Actual Startup Time": 0.175, "Actual Total Time": 34.576, "Actual Rows": 3006, "Actual Loops": 8, "Index Cond": "((site_id = t1.site_id) AND (tag_id = t1.id))", "Rows Removed by Index Recheck": 0, "Heap Fetches": 24051, "Workers": []}]}, {"Node Type": "Index Scan", "Parent Relationship": "Inner", "Parallel Aware": false, "Async Capable": false, "Scan Direction": "Forward", "Index Name": "answer_site_id_question_id_idx", "Relation Name": "answer", "Alias": "a1", "Startup Cost": 0.43, "Total Cost": 7.04, "Plan Rows": 1, "Plan Width": 12, "Actual Startup Time": 0.021, "Actual Total Time": 0.027, "Actual Rows": 0, "Actual Loops": 24051, "Index Cond": "((site_id = tq1.site_id) AND (question_id = tq1.question_id))", "Rows Removed by Index Recheck": 0, "Workers": []}]}, {"Node Type": "Index Scan", "Parent Relationship": "Inner", "Parallel Aware": false, "Async Capable": false, "Scan Direction": "Forward", "Index Name": "so_user_pkey", "Relation Name": "so_user", "Alias": "u1", "Startup Cost": 0.44, "Total Cost": 7.07, "Plan Rows": 1, "Plan Width": 8, "Actual Startup Time": 0.056, "Actual Total Time": 0.056, "Actual Rows": 1, "Actual Loops": 11528, "Index Cond": "((id = a1.owner_user_id) AND (site_id = a1.site_id))", "Rows Removed by Index Recheck": 0, "Filter": "((upvotes >= 10) AND (upvotes <= 1000000))", "Rows Removed by Filter": 0, "Workers": []}]}, {"Node Type": "Index Scan", "Parent Relationship": "Inner", "Parallel Aware": false, "Async Capable": false, "Scan Direction": "Forward", "Index Name": "question_pkey", "Relation Name": "question", "Alias": "q1", "Startup Cost": 0.43, "Total Cost": 7.06, "Plan Rows": 1, "Plan Width": 12, "Actual Startup Time": 0.056, "Actual Total Time": 0.056, "Actual Rows": 0, "Actual Loops": 8751, "Index Cond": "((id = tq1.question_id) AND (site_id = tq1.site_id))", "Rows Removed by Index Recheck": 0, "Filter": "((view_count >= 0) AND (view_count <= 100))", "Rows Removed by Filter": 1, "Workers": []}]}]}]}]}, "Planning Time": 5.276, "Triggers": [], "Execution Time": 1085.564}