{"Plan": {"Node Type": "Limit", "Parallel Aware": false, "Async Capable": false, "Startup Cost": 5277.08, "Total Cost": 5277.09, "Plan Rows": 1, "Plan Width": 26, "Actual Startup Time": 440.269, "Actual Total Time": 440.321, "Actual Rows": 100, "Actual Loops": 1, "Plans": [{"Node Type": "Sort", "Parent Relationship": "Outer", "Parallel Aware": false, "Async Capable": false, "Startup Cost": 5277.08, "Total Cost": 5277.09, "Plan Rows": 1, "Plan Width": 26, "Actual Startup Time": 440.268, "Actual Total Time": 440.315, "Actual Rows": 100, "Actual Loops": 1, "Sort Key": ["(count(*)) DESC"], "Sort Method": "top-N heapsort", "Sort Space Used": 35, "Sort Space Type": "Memory", "Plans": [{"Node Type": "Aggregate", "Strategy": "Sorted", "Partial Mode": "Simple", "Parent Relationship": "Outer", "Parallel Aware": false, "Async Capable": false, "Startup Cost": 5277.05, "Total Cost": 5277.07, "Plan Rows": 1, "Plan Width": 26, "Actual Startup Time": 439.786, "Actual Total Time": 440.28, "Actual Rows": 210, "Actual Loops": 1, "Group Key": ["acc.location"], "Plans": [{"Node Type": "Sort", "Parent Relationship": "Outer", "Parallel Aware": false, "Async Capable": false, "Startup Cost": 5277.05, "Total Cost": 5277.06, "Plan Rows": 1, "Plan Width": 18, "Actual Startup Time": 439.779, "Actual Total Time": 440.02, "Actual Rows": 9538, "Actual Loops": 1, "Sort Key": ["acc.location"], "Sort Method": "quicksort", "Sort Space Used": 436, "Sort Space Type": "Memory", "Plans": [{"Node Type": "Nested Loop", "Parent Relationship": "Outer", "Parallel Aware": false, "Async Capable": false, "Join Type": "Inner", "Startup Cost": 5090.39, "Total Cost": 5277.04, "Plan Rows": 1, "Plan Width": 18, "Actual Startup Time": 21.734, "Actual Total Time": 439.209, "Actual Rows": 9538, "Actual Loops": 1, "Inner Unique": true, "Plans": [{"Node Type": "Gather", "Parent Relationship": "Outer", "Parallel Aware": false, "Async Capable": false, "Startup Cost": 5089.96, "Total Cost": 5269.8, "Plan Rows": 1, "Plan Width": 4, "Actual Startup Time": 21.578, "Actual Total Time": 369.073, "Actual Rows": 9538, "Actual Loops": 1, "Workers Planned": 1, "Workers Launched": 1, "Single Copy": false, "Plans": [{"Node Type": "Nested Loop", "Parent Relationship": "Outer", "Parallel Aware": false, "Async Capable": false, "Join Type": "Inner", "Startup Cost": 4089.96, "Total Cost": 4269.7, "Plan Rows": 1, "Plan Width": 4, "Actual Startup Time": 19.971, "Actual Total Time": 385.039, "Actual Rows": 4769, "Actual Loops": 2, "Inner Unique": false, "Join Filter": "(s.site_id = b.site_id)", "Rows Removed by Join Filter": 0, "Workers": [], "Plans": [{"Node Type": "Nested Loop", "Parent Relationship": "Outer", "Parallel Aware": false, "Async Capable": false, "Join Type": "Inner", "Startup Cost": 4089.39, "Total Cost": 4265.65, "Plan Rows": 1, "Plan Width": 36, "Actual Startup Time": 18.98, "Actual Total Time": 358.664, "Actual Rows": 334, "Actual Loops": 2, "Inner Unique": true, "Join Filter": "(s.site_id = q1.site_id)", "Rows Removed by Join Filter": 0, "Workers": [], "Plans": [{"Node Type": "Nested Loop", "Parent Relationship": "Outer", "Parallel Aware": false, "Async Capable": false, "Join Type": "Inner", "Startup Cost": 4088.96, "Total Cost": 4258.39, "Plan Rows": 1, "Plan Width": 40, "Actual Startup Time": 12.028, "Actual Total Time": 344.773, "Actual Rows": 718, "Actual Loops": 2, "Inner Unique": true, "Join Filter": "(s.site_id = u1.site_id)", "Rows Removed by Join Filter": 0, "Workers": [], "Plans": [{"Node Type": "Nested Loop", "Parent Relationship": "Outer", "Parallel Aware": false, "Async Capable": false, "Join Type": "Inner", "Startup Cost": 4088.52, "Total Cost": 4251.11, "Plan Rows": 1, "Plan Width": 28, "Actual Startup Time": 11.87, "Actual Total Time": 234.379, "Actual Rows": 2814, "Actual Loops": 2, "Inner Unique": false, "Join Filter": "(s.site_id = a1.site_id)", "Rows Removed by Join Filter": 0, "Workers": [], "Plans": [{"Node Type": "Nested Loop", "Parent Relationship": "Outer", "Parallel Aware": false, "Async Capable": false, "Join Type": "Inner", "Startup Cost": 4088.09, "Total Cost": 4149.61, "Plan Rows": 14, "Plan Width": 16, "Actual Startup Time": 11.757, "Actual Total Time": 29.853, "Actual Rows": 6844, "Actual Loops": 2, "Inner Unique": false, "Join Filter": "(s.site_id = tq1.site_id)", "Rows Removed by Join Filter": 0, "Workers": [], "Plans": [{"Node Type": "Merge Join", "Parent Relationship": "Outer", "Parallel Aware": false, "Async Capable": false, "Join Type": "Inner", "Startup Cost": 4087.52, "Total Cost": 4087.64, "Plan Rows": 1, "Plan Width": 12, "Actual Startup Time": 11.55, "Actual Total Time": 11.56, "Actual Rows": 6, "Actual Loops": 2, "Inner Unique": true, "Merge Cond": "(t1.site_id = s.site_id)", "Workers": [], "Plans": [{"Node Type": "Sort", "Parent Relationship": "Outer", "Parallel Aware": false, "Async Capable": false, "Startup Cost": 4084.35, "Total Cost": 4084.4, "Plan Rows": 19, "Plan Width": 8, "Actual Startup Time": 11.525, "Actual Total Time": 11.529, "Actual Rows": 22, "Actual Loops": 2, "Sort Key": ["t1.site_id"], "Sort Method": "quicksort", "Sort Space Used": 25, "Sort Space Type": "Memory", "Workers": [{"Worker Number": 0, "Sort Method": "quicksort", "Sort Space Used": 25, "Sort Space Type": "Memory"}], "Plans": [{"Node Type": "Seq Scan", "Parent Relationship": "Outer", "Parallel Aware": true, "Async Capable": false, "Relation Name": "tag", "Alias": "t1", "Startup Cost": 0.0, "Total Cost": 4083.95, "Plan Rows": 19, "Plan Width": 8, "Actual Startup Time": 0.881, "Actual Total Time": 11.517, "Actual Rows": 24, "Actual Loops": 2, "Filter": "((name)::text = ANY ('{core-plot,draggable,elm,getelementbyid,httpd.conf,joomla3.0,multilingual,openpyxl,parent,service-worker,stringr,travis-ci,urlencode}'::text[]))", "Rows Removed by Filter": 93361, "Workers": []}]}, {"Node Type": "Sort", "Parent Relationship": "Inner", "Parallel Aware": false, "Async Capable": false, "Startup Cost": 3.17, "Total Cost": 3.18, "Plan Rows": 2, "Plan Width": 4, "Actual Startup Time": 0.02, "Actual Total Time": 0.021, "Actual Rows": 2, "Actual Loops": 2, "Sort Key": ["s.site_id"], "Sort Method": "quicksort", "Sort Space Used": 25, "Sort Space Type": "Memory", "Workers": [{"Worker Number": 0, "Sort Method": "quicksort", "Sort Space Used": 25, "Sort Space Type": "Memory"}], "Plans": [{"Node Type": "Seq Scan", "Parent Relationship": "Outer", "Parallel Aware": false, "Async Capable": false, "Relation Name": "site", "Alias": "s", "Startup Cost": 0.0, "Total Cost": 3.16, "Plan Rows": 2, "Plan Width": 4, "Actual Startup Time": 0.015, "Actual Total Time": 0.016, "Actual Rows": 2, "Actual Loops": 2, "Filter": "((site_name)::text = ANY ('{stackoverflow,tex}'::text[]))", "Rows Removed by Filter": 171, "Workers": []}]}]}, {"Node Type": "Index Only Scan", "Parent Relationship": "Inner", "Parallel Aware": false, "Async Capable": false, "Scan Direction": "Forward", "Index Name": "tag_question_site_id_tag_id_question_id_idx", "Relation Name": "tag_question", "Alias": "tq1", "Startup Cost": 0.56, "Total Cost": 61.58, "Plan Rows": 31, "Plan Width": 12, "Actual Startup Time": 0.151, "Actual Total Time": 2.751, "Actual Rows": 1053, "Actual Loops": 13, "Index Cond": "((site_id = t1.site_id) AND (tag_id = t1.id))", "Rows Removed by Index Recheck": 0, "Heap Fetches": 13687, "Workers": []}]}, {"Node Type": "Index Scan", "Parent Relationship": "Inner", "Parallel Aware": false, "Async Capable": false, "Scan Direction": "Forward", "Index Name": "answer_site_id_question_id_idx", "Relation Name": "answer", "Alias": "a1", "Startup Cost": 0.43, "Total Cost": 7.24, "Plan Rows": 1, "Plan Width": 12, "Actual Startup Time": 0.024, "Actual Total Time": 0.03, "Actual Rows": 0, "Actual Loops": 13687, "Index Cond": "((site_id = tq1.site_id) AND (question_id = tq1.question_id))", "Rows Removed by Index Recheck": 0, "Workers": []}]}, {"Node Type": "Index Scan", "Parent Relationship": "Inner", "Parallel Aware": false, "Async Capable": false, "Scan Direction": "Forward", "Index Name": "so_user_pkey", "Relation Name": "so_user", "Alias": "u1", "Startup Cost": 0.44, "Total Cost": 7.26, "Plan Rows": 1, "Plan Width": 12, "Actual Startup Time": 0.039, "Actual Total Time": 0.039, "Actual Rows": 0, "Actual Loops": 5629, "Index Cond": "((id = a1.owner_user_id) AND (site_id = a1.site_id))", "Rows Removed by Index Recheck": 0, "Filter": "((downvotes >= 0) AND (downvotes <= 1))", "Rows Removed by Filter": 1, "Workers": []}]}, {"Node Type": "Index Scan", "Parent Relationship": "Inner", "Parallel Aware": false, "Async Capable": false, "Scan Direction": "Forward", "Index Name": "question_pkey", "Relation Name": "question", "Alias": "q1", "Startup Cost": 0.43, "Total Cost": 7.25, "Plan Rows": 1, "Plan Width": 8, "Actual Startup Time": 0.019, "Actual Total Time": 0.019, "Actual Rows": 0, "Actual Loops": 1436, "Index Cond": "((id = tq1.question_id) AND (site_id = tq1.site_id))", "Rows Removed by Index Recheck": 0, "Filter": "((view_count >= 10) AND (view_count <= 1000))", "Rows Removed by Filter": 1, "Workers": []}]}, {"Node Type": "Index Only Scan", "Parent Relationship": "Inner", "Parallel Aware": false, "Async Capable": false, "Scan Direction": "Forward", "Index Name": "badge_pkey", "Relation Name": "badge", "Alias": "b", "Startup Cost": 0.56, "Total Cost": 4.03, "Plan Rows": 1, "Plan Width": 8, "Actual Startup Time": 0.07, "Actual Total Time": 0.078, "Actual Rows": 14, "Actual Loops": 668, "Index Cond": "((site_id = a1.site_id) AND (user_id = a1.owner_user_id))", "Rows Removed by Index Recheck": 0, "Filter": "((name)::text = ANY ('{Autobiographer,Curious,Informed,\"Nice Answer\",\"Nice Question\",Yearling}'::text[]))", "Rows Removed by Filter": 24, "Heap Fetches": 0, "Workers": []}]}]}, {"Node Type": "Index Scan", "Parent Relationship": "Inner", "Parallel Aware": false, "Async Capable": false, "Scan Direction": "Forward", "Index Name": "account_pkey", "Relation Name": "account", "Alias": "acc", "Startup Cost": 0.43, "Total Cost": 7.25, "Plan Rows": 1, "Plan Width": 22, "Actual Startup Time": 0.007, "Actual Total Time": 0.007, "Actual Rows": 1, "Actual Loops": 9538, "Index Cond": "(id = u1.account_id)", "Rows Removed by Index Recheck": 0}]}]}]}]}]}, "Planning Time": 58.3, "Triggers": [], "Execution Time": 440.427}