{"Plan": {"Node Type": "Aggregate", "Strategy": "Plain", "Partial Mode": "Simple", "Parallel Aware": false, "Async Capable": false, "Startup Cost": 4178.65, "Total Cost": 4178.66, "Plan Rows": 1, "Plan Width": 8, "Actual Startup Time": 212.879, "Actual Total Time": 212.916, "Actual Rows": 1, "Actual Loops": 1, "Plans": [{"Node Type": "Nested Loop", "Parent Relationship": "Outer", "Parallel Aware": false, "Async Capable": false, "Join Type": "Inner", "Startup Cost": 3991.93, "Total Cost": 4178.64, "Plan Rows": 1, "Plan Width": 0, "Actual Startup Time": 8.427, "Actual Total Time": 212.78, "Actual Rows": 5078, "Actual Loops": 1, "Inner Unique": true, "Plans": [{"Node Type": "Gather", "Parent Relationship": "Outer", "Parallel Aware": false, "Async Capable": false, "Startup Cost": 3991.49, "Total Cost": 4171.4, "Plan Rows": 1, "Plan Width": 4, "Actual Startup Time": 8.263, "Actual Total Time": 139.664, "Actual Rows": 5078, "Actual Loops": 1, "Workers Planned": 1, "Workers Launched": 1, "Single Copy": false, "Plans": [{"Node Type": "Nested Loop", "Parent Relationship": "Outer", "Parallel Aware": false, "Async Capable": false, "Join Type": "Inner", "Startup Cost": 2991.49, "Total Cost": 3171.3, "Plan Rows": 1, "Plan Width": 4, "Actual Startup Time": 6.713, "Actual Total Time": 120.78, "Actual Rows": 2539, "Actual Loops": 2, "Inner Unique": false, "Join Filter": "(s.site_id = b.site_id)", "Rows Removed by Join Filter": 0, "Workers": [], "Plans": [{"Node Type": "Nested Loop", "Parent Relationship": "Outer", "Parallel Aware": false, "Async Capable": false, "Join Type": "Inner", "Startup Cost": 2990.93, "Total Cost": 3167.25, "Plan Rows": 1, "Plan Width": 36, "Actual Startup Time": 6.54, "Actual Total Time": 94.939, "Actual Rows": 400, "Actual Loops": 2, "Inner Unique": true, "Join Filter": "(s.site_id = q1.site_id)", "Rows Removed by Join Filter": 0, "Workers": [], "Plans": [{"Node Type": "Nested Loop", "Parent Relationship": "Outer", "Parallel Aware": false, "Async Capable": false, "Join Type": "Inner", "Startup Cost": 2990.49, "Total Cost": 3159.98, "Plan Rows": 1, "Plan Width": 40, "Actual Startup Time": 6.486, "Actual Total Time": 73.463, "Actual Rows": 440, "Actual Loops": 2, "Inner Unique": true, "Join Filter": "(s.site_id = u1.site_id)", "Rows Removed by Join Filter": 0, "Workers": [], "Plans": [{"Node Type": "Nested Loop", "Parent Relationship": "Outer", "Parallel Aware": false, "Async Capable": false, "Join Type": "Inner", "Startup Cost": 2990.05, "Total Cost": 3152.7, "Plan Rows": 1, "Plan Width": 28, "Actual Startup Time": 6.12, "Actual Total Time": 46.562, "Actual Rows": 1068, "Actual Loops": 2, "Inner Unique": false, "Join Filter": "(s.site_id = a1.site_id)", "Rows Removed by Join Filter": 0, "Workers": [], "Plans": [{"Node Type": "Nested Loop", "Parent Relationship": "Outer", "Parallel Aware": false, "Async Capable": false, "Join Type": "Inner", "Startup Cost": 2989.62, "Total Cost": 3051.2, "Plan Rows": 14, "Plan Width": 16, "Actual Startup Time": 6.029, "Actual Total Time": 8.83, "Actual Rows": 2083, "Actual Loops": 2, "Inner Unique": false, "Join Filter": "(s.site_id = tq1.site_id)", "Rows Removed by Join Filter": 0, "Workers": [], "Plans": [{"Node Type": "Merge Join", "Parent Relationship": "Outer", "Parallel Aware": false, "Async Capable": false, "Join Type": "Inner", "Startup Cost": 2989.06, "Total Cost": 2989.13, "Plan Rows": 1, "Plan Width": 12, "Actual Startup Time": 5.877, "Actual Total Time": 5.882, "Actual Rows": 2, "Actual Loops": 2, "Inner Unique": true, "Merge Cond": "(t1.site_id = s.site_id)", "Workers": [], "Plans": [{"Node Type": "Sort", "Parent Relationship": "Outer", "Parallel Aware": false, "Async Capable": false, "Startup Cost": 2985.42, "Total Cost": 2985.44, "Plan Rows": 8, "Plan Width": 8, "Actual Startup Time": 5.856, "Actual Total Time": 5.857, "Actual Rows": 7, "Actual Loops": 2, "Sort Key": ["t1.site_id"], "Sort Method": "quicksort", "Sort Space Used": 25, "Sort Space Type": "Memory", "Workers": [{"Worker Number": 0, "Sort Method": "quicksort", "Sort Space Used": 25, "Sort Space Type": "Memory"}], "Plans": [{"Node Type": "Seq Scan", "Parent Relationship": "Outer", "Parallel Aware": true, "Async Capable": false, "Relation Name": "tag", "Alias": "t1", "Startup Cost": 0.0, "Total Cost": 2985.3, "Plan Rows": 8, "Plan Width": 8, "Actual Startup Time": 0.409, "Actual Total Time": 5.849, "Actual Rows": 7, "Actual Loops": 2, "Filter": "((name)::text = ANY ('{blender-render,domains,loans,mortgage,xbox-360}'::text[]))", "Rows Removed by Filter": 93378, "Workers": []}]}, {"Node Type": "Sort", "Parent Relationship": "Inner", "Parallel Aware": false, "Async Capable": false, "Startup Cost": 3.63, "Total Cost": 3.64, "Plan Rows": 4, "Plan Width": 4, "Actual Startup Time": 0.019, "Actual Total Time": 0.02, "Actual Rows": 4, "Actual Loops": 2, "Sort Key": ["s.site_id"], "Sort Method": "quicksort", "Sort Space Used": 25, "Sort Space Type": "Memory", "Workers": [{"Worker Number": 0, "Sort Method": "quicksort", "Sort Space Used": 25, "Sort Space Type": "Memory"}], "Plans": [{"Node Type": "Seq Scan", "Parent Relationship": "Outer", "Parallel Aware": false, "Async Capable": false, "Relation Name": "site", "Alias": "s", "Startup Cost": 0.0, "Total Cost": 3.59, "Plan Rows": 4, "Plan Width": 4, "Actual Startup Time": 0.008, "Actual Total Time": 0.015, "Actual Rows": 4, "Actual Loops": 2, "Filter": "((site_name)::text = ANY ('{blender,gaming,money,webmasters}'::text[]))", "Rows Removed by Filter": 169, "Workers": []}]}]}, {"Node Type": "Index Only Scan", "Parent Relationship": "Inner", "Parallel Aware": false, "Async Capable": false, "Scan Direction": "Forward", "Index Name": "tag_question_site_id_tag_id_question_id_idx", "Relation Name": "tag_question", "Alias": "tq1", "Startup Cost": 0.56, "Total Cost": 61.69, "Plan Rows": 31, "Plan Width": 12, "Actual Startup Time": 0.152, "Actual Total Time": 1.135, "Actual Rows": 833, "Actual Loops": 5, "Index Cond": "((site_id = t1.site_id) AND (tag_id = t1.id))", "Rows Removed by Index Recheck": 0, "Heap Fetches": 4166, "Workers": []}]}, {"Node Type": "Index Scan", "Parent Relationship": "Inner", "Parallel Aware": false, "Async Capable": false, "Scan Direction": "Forward", "Index Name": "answer_site_id_question_id_idx", "Relation Name": "answer", "Alias": "a1", "Startup Cost": 0.43, "Total Cost": 7.24, "Plan Rows": 1, "Plan Width": 12, "Actual Startup Time": 0.015, "Actual Total Time": 0.018, "Actual Rows": 1, "Actual Loops": 4166, "Index Cond": "((site_id = tq1.site_id) AND (question_id = tq1.question_id))", "Rows Removed by Index Recheck": 0, "Workers": []}]}, {"Node Type": "Index Scan", "Parent Relationship": "Inner", "Parallel Aware": false, "Async Capable": false, "Scan Direction": "Forward", "Index Name": "so_user_pkey", "Relation Name": "so_user", "Alias": "u1", "Startup Cost": 0.44, "Total Cost": 7.26, "Plan Rows": 1, "Plan Width": 12, "Actual Startup Time": 0.025, "Actual Total Time": 0.025, "Actual Rows": 0, "Actual Loops": 2135, "Index Cond": "((id = a1.owner_user_id) AND (site_id = a1.site_id))", "Rows Removed by Index Recheck": 0, "Filter": "((upvotes >= 0) AND (upvotes <= 100))", "Rows Removed by Filter": 1, "Workers": []}]}, {"Node Type": "Index Scan", "Parent Relationship": "Inner", "Parallel Aware": false, "Async Capable": false, "Scan Direction": "Forward", "Index Name": "question_pkey", "Relation Name": "question", "Alias": "q1", "Startup Cost": 0.43, "Total Cost": 7.25, "Plan Rows": 1, "Plan Width": 8, "Actual Startup Time": 0.049, "Actual Total Time": 0.049, "Actual Rows": 1, "Actual Loops": 880, "Index Cond": "((id = tq1.question_id) AND (site_id = tq1.site_id))", "Rows Removed by Index Recheck": 0, "Filter": "((view_count >= 100) AND (view_count <= 100000))", "Rows Removed by Filter": 0, "Workers": []}]}, {"Node Type": "Index Only Scan", "Parent Relationship": "Inner", "Parallel Aware": false, "Async Capable": false, "Scan Direction": "Forward", "Index Name": "badge_pkey", "Relation Name": "badge", "Alias": "b", "Startup Cost": 0.56, "Total Cost": 4.04, "Plan Rows": 1, "Plan Width": 8, "Actual Startup Time": 0.06, "Actual Total Time": 0.064, "Actual Rows": 6, "Actual Loops": 800, "Index Cond": "((site_id = a1.site_id) AND (user_id = a1.owner_user_id))", "Rows Removed by Index Recheck": 0, "Filter": "((name)::text = ANY ('{Autobiographer,\"Citizen Patrol\",Commentator,Editor,\"Famous Question\",Informed,\"Nice Answer\",\"Notable Question\",\"Popular Question\",Scholar,Teacher,Tumbleweed}'::text[]))", "Rows Removed by Filter": 7, "Heap Fetches": 0, "Workers": []}]}]}, {"Node Type": "Index Only Scan", "Parent Relationship": "Inner", "Parallel Aware": false, "Async Capable": false, "Scan Direction": "Forward", "Index Name": "account_pkey", "Relation Name": "account", "Alias": "acc", "Startup Cost": 0.43, "Total Cost": 7.25, "Plan Rows": 1, "Plan Width": 4, "Actual Startup Time": 0.014, "Actual Total Time": 0.014, "Actual Rows": 1, "Actual Loops": 5078, "Index Cond": "(id = u1.account_id)", "Rows Removed by Index Recheck": 0, "Heap Fetches": 5078}]}]}, "Planning Time": 21.118, "Triggers": [], "Execution Time": 212.989}