{"Plan": {"Node Type": "Limit", "Parallel Aware": false, "Async Capable": false, "Startup Cost": 4063.78, "Total Cost": 4063.79, "Plan Rows": 1, "Plan Width": 19, "Actual Startup Time": 486.646, "Actual Total Time": 486.686, "Actual Rows": 12, "Actual Loops": 1, "Plans": [{"Node Type": "Sort", "Parent Relationship": "Outer", "Parallel Aware": false, "Async Capable": false, "Startup Cost": 4063.78, "Total Cost": 4063.79, "Plan Rows": 1, "Plan Width": 19, "Actual Startup Time": 486.645, "Actual Total Time": 486.684, "Actual Rows": 12, "Actual Loops": 1, "Sort Key": ["(count(*)) DESC"], "Sort Method": "quicksort", "Sort Space Used": 25, "Sort Space Type": "Memory", "Plans": [{"Node Type": "Aggregate", "Strategy": "Sorted", "Partial Mode": "Simple", "Parent Relationship": "Outer", "Parallel Aware": false, "Async Capable": false, "Startup Cost": 4063.75, "Total Cost": 4063.77, "Plan Rows": 1, "Plan Width": 19, "Actual Startup Time": 486.632, "Actual Total Time": 486.674, "Actual Rows": 12, "Actual Loops": 1, "Group Key": ["b1.name"], "Plans": [{"Node Type": "Sort", "Parent Relationship": "Outer", "Parallel Aware": false, "Async Capable": false, "Startup Cost": 4063.75, "Total Cost": 4063.76, "Plan Rows": 1, "Plan Width": 11, "Actual Startup Time": 486.624, "Actual Total Time": 486.663, "Actual Rows": 21, "Actual Loops": 1, "Sort Key": ["b1.name"], "Sort Method": "quicksort", "Sort Space Used": 25, "Sort Space Type": "Memory", "Plans": [{"Node Type": "Nested Loop", "Parent Relationship": "Outer", "Parallel Aware": false, "Async Capable": false, "Join Type": "Inner", "Startup Cost": 3854.89, "Total Cost": 4063.74, "Plan Rows": 1, "Plan Width": 11, "Actual Startup Time": 434.036, "Actual Total Time": 486.645, "Actual Rows": 21, "Actual Loops": 1, "Inner Unique": true, "Plans": [{"Node Type": "Gather", "Parent Relationship": "Outer", "Parallel Aware": false, "Async Capable": false, "Startup Cost": 3854.45, "Total Cost": 4056.68, "Plan Rows": 1, "Plan Width": 15, "Actual Startup Time": 6.335, "Actual Total Time": 162.541, "Actual Rows": 99884, "Actual Loops": 1, "Workers Planned": 1, "Workers Launched": 1, "Single Copy": false, "Plans": [{"Node Type": "Nested Loop", "Parent Relationship": "Outer", "Parallel Aware": false, "Async Capable": false, "Join Type": "Inner", "Startup Cost": 2854.45, "Total Cost": 3056.58, "Plan Rows": 1, "Plan Width": 15, "Actual Startup Time": 5.348, "Actual Total Time": 123.816, "Actual Rows": 49942, "Actual Loops": 2, "Inner Unique": false, "Join Filter": "(s.site_id = b1.site_id)", "Rows Removed by Join Filter": 0, "Workers": [], "Plans": [{"Node Type": "Nested Loop", "Parent Relationship": "Outer", "Parallel Aware": false, "Async Capable": false, "Join Type": "Inner", "Startup Cost": 2853.89, "Total Cost": 3052.69, "Plan Rows": 1, "Plan Width": 32, "Actual Startup Time": 5.292, "Actual Total Time": 56.222, "Actual Rows": 1662, "Actual Loops": 2, "Inner Unique": true, "Join Filter": "(s.site_id = u1.site_id)", "Rows Removed by Join Filter": 0, "Workers": [], "Plans": [{"Node Type": "Nested Loop", "Parent Relationship": "Outer", "Parallel Aware": false, "Async Capable": false, "Join Type": "Inner", "Startup Cost": 2853.45, "Total Cost": 3011.18, "Plan Rows": 6, "Plan Width": 20, "Actual Startup Time": 5.272, "Actual Total Time": 37.904, "Actual Rows": 1662, "Actual Loops": 2, "Inner Unique": true, "Join Filter": "(s.site_id = q1.site_id)", "Rows Removed by Join Filter": 0, "Workers": [], "Plans": [{"Node Type": "Nested Loop", "Parent Relationship": "Outer", "Parallel Aware": false, "Async Capable": false, "Join Type": "Inner", "Startup Cost": 2853.02, "Total Cost": 2914.46, "Plan Rows": 14, "Plan Width": 16, "Actual Startup Time": 5.255, "Actual Total Time": 11.098, "Actual Rows": 2374, "Actual Loops": 2, "Inner Unique": false, "Join Filter": "(s.site_id = tq1.site_id)", "Rows Removed by Join Filter": 0, "Workers": [], "Plans": [{"Node Type": "Merge Join", "Parent Relationship": "Outer", "Parallel Aware": false, "Async Capable": false, "Join Type": "Inner", "Startup Cost": 2852.45, "Total Cost": 2852.7, "Plan Rows": 1, "Plan Width": 12, "Actual Startup Time": 5.081, "Actual Total Time": 5.089, "Actual Rows": 8, "Actual Loops": 2, "Inner Unique": true, "Merge Cond": "(t1.site_id = s.site_id)", "Workers": [], "Plans": [{"Node Type": "Sort", "Parent Relationship": "Outer", "Parallel Aware": false, "Async Capable": false, "Startup Cost": 2849.28, "Total Cost": 2849.39, "Plan Rows": 46, "Plan Width": 8, "Actual Startup Time": 5.06, "Actual Total Time": 5.062, "Actual Rows": 16, "Actual Loops": 2, "Sort Key": ["t1.site_id"], "Sort Method": "quicksort", "Sort Space Used": 26, "Sort Space Type": "Memory", "Workers": [{"Worker Number": 0, "Sort Method": "quicksort", "Sort Space Used": 25, "Sort Space Type": "Memory"}], "Plans": [{"Node Type": "Seq Scan", "Parent Relationship": "Outer", "Parallel Aware": true, "Async Capable": false, "Relation Name": "tag", "Alias": "t1", "Startup Cost": 0.04, "Total Cost": 2848.01, "Plan Rows": 46, "Plan Width": 8, "Actual Startup Time": 0.399, "Actual Total Time": 5.051, "Actual Rows": 28, "Actual Loops": 2, "Filter": "((name)::text = ANY ('{change-of-variable,duality-theorems,elliptic-functions,estimation-theory,functional-inequalities,hypothesis-testing,localization,perfect-powers,rational-functions,sums-of-squares,svd,symplectic-geometry,tetration,wave-equation,zeta-functions}'::text[]))", "Rows Removed by Filter": 93356, "Workers": []}]}, {"Node Type": "Sort", "Parent Relationship": "Inner", "Parallel Aware": false, "Async Capable": false, "Startup Cost": 3.17, "Total Cost": 3.18, "Plan Rows": 1, "Plan Width": 4, "Actual Startup Time": 0.018, "Actual Total Time": 0.018, "Actual Rows": 1, "Actual Loops": 2, "Sort Key": ["s.site_id"], "Sort Method": "quicksort", "Sort Space Used": 25, "Sort Space Type": "Memory", "Workers": [{"Worker Number": 0, "Sort Method": "quicksort", "Sort Space Used": 25, "Sort Space Type": "Memory"}], "Plans": [{"Node Type": "Seq Scan", "Parent Relationship": "Outer", "Parallel Aware": false, "Async Capable": false, "Relation Name": "site", "Alias": "s", "Startup Cost": 0.0, "Total Cost": 3.16, "Plan Rows": 1, "Plan Width": 4, "Actual Startup Time": 0.011, "Actual Total Time": 0.012, "Actual Rows": 1, "Actual Loops": 2, "Filter": "((site_name)::text = 'math'::text)", "Rows Removed by Filter": 172, "Workers": []}]}]}, {"Node Type": "Index Only Scan", "Parent Relationship": "Inner", "Parallel Aware": false, "Async Capable": false, "Scan Direction": "Forward", "Index Name": "tag_question_site_id_tag_id_question_id_idx", "Relation Name": "tag_question", "Alias": "tq1", "Startup Cost": 0.56, "Total Cost": 61.37, "Plan Rows": 31, "Plan Width": 12, "Actual Startup Time": 0.094, "Actual Total Time": 0.783, "Actual Rows": 317, "Actual Loops": 15, "Index Cond": "((site_id = t1.site_id) AND (tag_id = t1.id))", "Rows Removed by Index Recheck": 0, "Heap Fetches": 4748, "Workers": []}]}, {"Node Type": "Index Scan", "Parent Relationship": "Inner", "Parallel Aware": false, "Async Capable": false, "Scan Direction": "Forward", "Index Name": "question_pkey", "Relation Name": "question", "Alias": "q1", "Startup Cost": 0.43, "Total Cost": 6.9, "Plan Rows": 1, "Plan Width": 12, "Actual Startup Time": 0.011, "Actual Total Time": 0.011, "Actual Rows": 1, "Actual Loops": 4748, "Index Cond": "((id = tq1.question_id) AND (site_id = tq1.site_id))", "Rows Removed by Index Recheck": 0, "Filter": "((score >= 1) AND (score <= 10))", "Rows Removed by Filter": 0, "Workers": []}]}, {"Node Type": "Index Scan", "Parent Relationship": "Inner", "Parallel Aware": false, "Async Capable": false, "Scan Direction": "Forward", "Index Name": "so_user_pkey", "Relation Name": "so_user", "Alias": "u1", "Startup Cost": 0.44, "Total Cost": 6.91, "Plan Rows": 1, "Plan Width": 12, "Actual Startup Time": 0.011, "Actual Total Time": 0.011, "Actual Rows": 1, "Actual Loops": 3325, "Index Cond": "((id = q1.owner_user_id) AND (site_id = q1.site_id))", "Rows Removed by Index Recheck": 0, "Workers": []}]}, {"Node Type": "Index Only Scan", "Parent Relationship": "Inner", "Parallel Aware": false, "Async Capable": false, "Scan Direction": "Forward", "Index Name": "badge_pkey", "Relation Name": "badge", "Alias": "b1", "Startup Cost": 0.56, "Total Cost": 3.88, "Plan Rows": 1, "Plan Width": 19, "Actual Startup Time": 0.035, "Actual Total Time": 0.039, "Actual Rows": 30, "Actual Loops": 3325, "Index Cond": "((site_id = q1.site_id) AND (user_id = q1.owner_user_id))", "Rows Removed by Index Recheck": 0, "Heap Fetches": 0, "Workers": []}]}]}, {"Node Type": "Index Scan", "Parent Relationship": "Inner", "Parallel Aware": false, "Async Capable": false, "Scan Direction": "Forward", "Index Name": "account_pkey", "Relation Name": "account", "Alias": "acc", "Startup Cost": 0.43, "Total Cost": 6.89, "Plan Rows": 1, "Plan Width": 4, "Actual Startup Time": 0.003, "Actual Total Time": 0.003, "Actual Rows": 0, "Actual Loops": 99884, "Index Cond": "(id = u1.account_id)", "Rows Removed by Index Recheck": 0, "Filter": "((website_url)::text ~~* '%en'::text)", "Rows Removed by Filter": 1}]}]}]}]}]}, "Planning Time": 13.169, "Triggers": [], "Execution Time": 486.755}