{"Plan": {"Node Type": "Limit", "Parallel Aware": false, "Async Capable": false, "Startup Cost": 4027.95, "Total Cost": 4027.96, "Plan Rows": 1, "Plan Width": 19, "Actual Startup Time": 1905.224, "Actual Total Time": 1918.573, "Actual Rows": 13, "Actual Loops": 1, "Plans": [{"Node Type": "Sort", "Parent Relationship": "Outer", "Parallel Aware": false, "Async Capable": false, "Startup Cost": 4027.95, "Total Cost": 4027.96, "Plan Rows": 1, "Plan Width": 19, "Actual Startup Time": 1905.223, "Actual Total Time": 1918.57, "Actual Rows": 13, "Actual Loops": 1, "Sort Key": ["(count(*)) DESC"], "Sort Method": "quicksort", "Sort Space Used": 25, "Sort Space Type": "Memory", "Plans": [{"Node Type": "Aggregate", "Strategy": "Sorted", "Partial Mode": "Simple", "Parent Relationship": "Outer", "Parallel Aware": false, "Async Capable": false, "Startup Cost": 4027.92, "Total Cost": 4027.94, "Plan Rows": 1, "Plan Width": 19, "Actual Startup Time": 1905.212, "Actual Total Time": 1918.561, "Actual Rows": 13, "Actual Loops": 1, "Group Key": ["b1.name"], "Plans": [{"Node Type": "Sort", "Parent Relationship": "Outer", "Parallel Aware": false, "Async Capable": false, "Startup Cost": 4027.92, "Total Cost": 4027.93, "Plan Rows": 1, "Plan Width": 11, "Actual Startup Time": 1905.206, "Actual Total Time": 1918.552, "Actual Rows": 13, "Actual Loops": 1, "Sort Key": ["b1.name"], "Sort Method": "quicksort", "Sort Space Used": 25, "Sort Space Type": "Memory", "Plans": [{"Node Type": "Nested Loop", "Parent Relationship": "Outer", "Parallel Aware": false, "Async Capable": false, "Join Type": "Inner", "Startup Cost": 3853.66, "Total Cost": 4027.91, "Plan Rows": 1, "Plan Width": 11, "Actual Startup Time": 1487.125, "Actual Total Time": 1918.535, "Actual Rows": 13, "Actual Loops": 1, "Inner Unique": true, "Plans": [{"Node Type": "Gather", "Parent Relationship": "Outer", "Parallel Aware": false, "Async Capable": false, "Startup Cost": 3853.22, "Total Cost": 4021.02, "Plan Rows": 1, "Plan Width": 15, "Actual Startup Time": 6.918, "Actual Total Time": 1593.863, "Actual Rows": 207983, "Actual Loops": 1, "Workers Planned": 1, "Workers Launched": 1, "Single Copy": false, "Plans": [{"Node Type": "Nested Loop", "Parent Relationship": "Outer", "Parallel Aware": false, "Async Capable": false, "Join Type": "Inner", "Startup Cost": 2853.22, "Total Cost": 3020.92, "Plan Rows": 1, "Plan Width": 15, "Actual Startup Time": 5.906, "Actual Total Time": 1411.283, "Actual Rows": 103992, "Actual Loops": 2, "Inner Unique": true, "Join Filter": "((s.site_id = u1.site_id) AND (u1.id = q1.owner_user_id))", "Rows Removed by Join Filter": 0, "Workers": [], "Plans": [{"Node Type": "Nested Loop", "Parent Relationship": "Outer", "Parallel Aware": false, "Async Capable": false, "Join Type": "Inner", "Startup Cost": 2852.79, "Total Cost": 3014.01, "Plan Rows": 1, "Plan Width": 39, "Actual Startup Time": 5.89, "Actual Total Time": 1342.17, "Actual Rows": 103992, "Actual Loops": 2, "Inner Unique": false, "Join Filter": "(s.site_id = b1.site_id)", "Rows Removed by Join Filter": 0, "Workers": [], "Plans": [{"Node Type": "Nested Loop", "Parent Relationship": "Outer", "Parallel Aware": false, "Async Capable": false, "Join Type": "Inner", "Startup Cost": 2852.22, "Total Cost": 3010.06, "Plan Rows": 1, "Plan Width": 20, "Actual Startup Time": 5.743, "Actual Total Time": 1257.17, "Actual Rows": 1352, "Actual Loops": 2, "Inner Unique": true, "Join Filter": "(s.site_id = q1.site_id)", "Rows Removed by Join Filter": 0, "Workers": [], "Plans": [{"Node Type": "Nested Loop", "Parent Relationship": "Outer", "Parallel Aware": false, "Async Capable": false, "Join Type": "Inner", "Startup Cost": 2851.79, "Total Cost": 2913.34, "Plan Rows": 14, "Plan Width": 16, "Actual Startup Time": 5.508, "Actual Total Time": 30.27, "Actual Rows": 38008, "Actual Loops": 2, "Inner Unique": false, "Join Filter": "(s.site_id = tq1.site_id)", "Rows Removed by Join Filter": 0, "Workers": [], "Plans": [{"Node Type": "Merge Join", "Parent Relationship": "Outer", "Parallel Aware": false, "Async Capable": false, "Join Type": "Inner", "Startup Cost": 2851.22, "Total Cost": 2851.27, "Plan Rows": 1, "Plan Width": 12, "Actual Startup Time": 5.319, "Actual Total Time": 5.327, "Actual Rows": 2, "Actual Loops": 2, "Inner Unique": true, "Merge Cond": "(t1.site_id = s.site_id)", "Workers": [], "Plans": [{"Node Type": "Sort", "Parent Relationship": "Outer", "Parallel Aware": false, "Async Capable": false, "Startup Cost": 2848.05, "Total Cost": 2848.06, "Plan Rows": 6, "Plan Width": 8, "Actual Startup Time": 5.298, "Actual Total Time": 5.3, "Actual Rows": 12, "Actual Loops": 2, "Sort Key": ["t1.site_id"], "Sort Method": "quicksort", "Sort Space Used": 26, "Sort Space Type": "Memory", "Workers": [{"Worker Number": 0, "Sort Method": "quicksort", "Sort Space Used": 25, "Sort Space Type": "Memory"}], "Plans": [{"Node Type": "Seq Scan", "Parent Relationship": "Outer", "Parallel Aware": true, "Async Capable": false, "Relation Name": "tag", "Alias": "t1", "Startup Cost": 0.0, "Total Cost": 2847.97, "Plan Rows": 6, "Plan Width": 8, "Actual Startup Time": 0.1, "Actual Total Time": 5.29, "Actual Rows": 23, "Actual Loops": 2, "Filter": "((name)::text = ANY ('{algebraic-geometry,complex-analysis,integration,limits}'::text[]))", "Rows Removed by Filter": 93362, "Workers": []}]}, {"Node Type": "Sort", "Parent Relationship": "Inner", "Parallel Aware": false, "Async Capable": false, "Startup Cost": 3.17, "Total Cost": 3.18, "Plan Rows": 2, "Plan Width": 4, "Actual Startup Time": 0.018, "Actual Total Time": 0.019, "Actual Rows": 2, "Actual Loops": 2, "Sort Key": ["s.site_id"], "Sort Method": "quicksort", "Sort Space Used": 25, "Sort Space Type": "Memory", "Workers": [{"Worker Number": 0, "Sort Method": "quicksort", "Sort Space Used": 25, "Sort Space Type": "Memory"}], "Plans": [{"Node Type": "Seq Scan", "Parent Relationship": "Outer", "Parallel Aware": false, "Async Capable": false, "Relation Name": "site", "Alias": "s", "Startup Cost": 0.0, "Total Cost": 3.16, "Plan Rows": 2, "Plan Width": 4, "Actual Startup Time": 0.008, "Actual Total Time": 0.013, "Actual Rows": 2, "Actual Loops": 2, "Filter": "((site_name)::text = ANY ('{askubuntu,math}'::text[]))", "Rows Removed by Filter": 171, "Workers": []}]}]}, {"Node Type": "Index Only Scan", "Parent Relationship": "Inner", "Parallel Aware": false, "Async Capable": false, "Scan Direction": "Forward", "Index Name": "tag_question_site_id_tag_id_question_id_idx", "Relation Name": "tag_question", "Alias": "tq1", "Startup Cost": 0.56, "Total Cost": 61.69, "Plan Rows": 31, "Plan Width": 12, "Actual Startup Time": 0.129, "Actual Total Time": 11.42, "Actual Rows": 19004, "Actual Loops": 4, "Index Cond": "((site_id = t1.site_id) AND (tag_id = t1.id))", "Rows Removed by Index Recheck": 0, "Heap Fetches": 76017, "Workers": []}]}, {"Node Type": "Index Scan", "Parent Relationship": "Inner", "Parallel Aware": false, "Async Capable": false, "Scan Direction": "Forward", "Index Name": "question_pkey", "Relation Name": "question", "Alias": "q1", "Startup Cost": 0.43, "Total Cost": 6.9, "Plan Rows": 1, "Plan Width": 12, "Actual Startup Time": 0.032, "Actual Total Time": 0.032, "Actual Rows": 0, "Actual Loops": 76017, "Index Cond": "((id = tq1.question_id) AND (site_id = tq1.site_id))", "Rows Removed by Index Recheck": 0, "Filter": "((favorite_count >= 5) AND (favorite_count <= 5000))", "Rows Removed by Filter": 1, "Workers": []}]}, {"Node Type": "Index Only Scan", "Parent Relationship": "Inner", "Parallel Aware": false, "Async Capable": false, "Scan Direction": "Forward", "Index Name": "badge_pkey", "Relation Name": "badge", "Alias": "b1", "Startup Cost": 0.56, "Total Cost": 3.93, "Plan Rows": 1, "Plan Width": 19, "Actual Startup Time": 0.046, "Actual Total Time": 0.059, "Actual Rows": 77, "Actual Loops": 2703, "Index Cond": "((site_id = q1.site_id) AND (user_id = q1.owner_user_id))", "Rows Removed by Index Recheck": 0, "Heap Fetches": 0, "Workers": []}]}, {"Node Type": "Index Scan", "Parent Relationship": "Inner", "Parallel Aware": false, "Async Capable": false, "Scan Direction": "Forward", "Index Name": "so_user_pkey", "Relation Name": "so_user", "Alias": "u1", "Startup Cost": 0.44, "Total Cost": 6.9, "Plan Rows": 1, "Plan Width": 12, "Actual Startup Time": 0.001, "Actual Total Time": 0.001, "Actual Rows": 1, "Actual Loops": 207983, "Index Cond": "((id = b1.user_id) AND (site_id = b1.site_id))", "Rows Removed by Index Recheck": 0, "Workers": []}]}]}, {"Node Type": "Index Scan", "Parent Relationship": "Inner", "Parallel Aware": false, "Async Capable": false, "Scan Direction": "Forward", "Index Name": "account_pkey", "Relation Name": "account", "Alias": "acc", "Startup Cost": 0.43, "Total Cost": 6.89, "Plan Rows": 1, "Plan Width": 4, "Actual Startup Time": 0.001, "Actual Total Time": 0.001, "Actual Rows": 0, "Actual Loops": 207983, "Index Cond": "(id = u1.account_id)", "Rows Removed by Index Recheck": 0, "Filter": "((website_url)::text ~~* '%code%'::text)", "Rows Removed by Filter": 1}]}]}]}]}]}, "Planning Time": 12.708, "Triggers": [], "Execution Time": 1918.646}