{"Plan": {"Node Type": "Limit", "Parallel Aware": false, "Async Capable": false, "Startup Cost": 5319.97, "Total Cost": 5319.97, "Plan Rows": 1, "Plan Width": 19, "Actual Startup Time": 502.916, "Actual Total Time": 502.954, "Actual Rows": 70, "Actual Loops": 1, "Plans": [{"Node Type": "Sort", "Parent Relationship": "Outer", "Parallel Aware": false, "Async Capable": false, "Startup Cost": 5319.97, "Total Cost": 5319.97, "Plan Rows": 1, "Plan Width": 19, "Actual Startup Time": 502.915, "Actual Total Time": 502.949, "Actual Rows": 70, "Actual Loops": 1, "Sort Key": ["(count(*)) DESC"], "Sort Method": "quicksort", "Sort Space Used": 29, "Sort Space Type": "Memory", "Plans": [{"Node Type": "Aggregate", "Strategy": "Sorted", "Partial Mode": "Simple", "Parent Relationship": "Outer", "Parallel Aware": false, "Async Capable": false, "Startup Cost": 5319.94, "Total Cost": 5319.96, "Plan Rows": 1, "Plan Width": 19, "Actual Startup Time": 502.573, "Actual Total Time": 502.934, "Actual Rows": 70, "Actual Loops": 1, "Group Key": ["b1.name"], "Plans": [{"Node Type": "Sort", "Parent Relationship": "Outer", "Parallel Aware": false, "Async Capable": false, "Startup Cost": 5319.94, "Total Cost": 5319.94, "Plan Rows": 1, "Plan Width": 11, "Actual Startup Time": 502.566, "Actual Total Time": 502.733, "Actual Rows": 6567, "Actual Loops": 1, "Sort Key": ["b1.name"], "Sort Method": "quicksort", "Sort Space Used": 367, "Sort Space Type": "Memory", "Plans": [{"Node Type": "Nested Loop", "Parent Relationship": "Outer", "Parallel Aware": false, "Async Capable": false, "Join Type": "Inner", "Startup Cost": 5090.42, "Total Cost": 5319.93, "Plan Rows": 1, "Plan Width": 11, "Actual Startup Time": 13.868, "Actual Total Time": 502.039, "Actual Rows": 6567, "Actual Loops": 1, "Inner Unique": true, "Plans": [{"Node Type": "Gather", "Parent Relationship": "Outer", "Parallel Aware": false, "Async Capable": false, "Startup Cost": 5089.99, "Total Cost": 5313.04, "Plan Rows": 1, "Plan Width": 15, "Actual Startup Time": 13.279, "Actual Total Time": 334.295, "Actual Rows": 62608, "Actual Loops": 1, "Workers Planned": 1, "Workers Launched": 1, "Single Copy": false, "Plans": [{"Node Type": "Nested Loop", "Parent Relationship": "Outer", "Parallel Aware": false, "Async Capable": false, "Join Type": "Inner", "Startup Cost": 4089.99, "Total Cost": 4312.94, "Plan Rows": 1, "Plan Width": 15, "Actual Startup Time": 12.454, "Actual Total Time": 255.684, "Actual Rows": 31304, "Actual Loops": 2, "Inner Unique": false, "Join Filter": "(s.site_id = b1.site_id)", "Rows Removed by Join Filter": 0, "Workers": [], "Plans": [{"Node Type": "Nested Loop", "Parent Relationship": "Outer", "Parallel Aware": false, "Async Capable": false, "Join Type": "Inner", "Startup Cost": 4089.42, "Total Cost": 4309.05, "Plan Rows": 1, "Plan Width": 32, "Actual Startup Time": 12.359, "Actual Total Time": 196.057, "Actual Rows": 881, "Actual Loops": 2, "Inner Unique": true, "Join Filter": "(s.site_id = u1.site_id)", "Rows Removed by Join Filter": 0, "Workers": [], "Plans": [{"Node Type": "Nested Loop", "Parent Relationship": "Outer", "Parallel Aware": false, "Async Capable": false, "Join Type": "Inner", "Startup Cost": 4088.99, "Total Cost": 4246.8, "Plan Rows": 9, "Plan Width": 20, "Actual Startup Time": 12.297, "Actual Total Time": 151.097, "Actual Rows": 881, "Actual Loops": 2, "Inner Unique": true, "Join Filter": "(s.site_id = q1.site_id)", "Rows Removed by Join Filter": 0, "Workers": [], "Plans": [{"Node Type": "Nested Loop", "Parent Relationship": "Outer", "Parallel Aware": false, "Async Capable": false, "Join Type": "Inner", "Startup Cost": 4088.55, "Total Cost": 4150.08, "Plan Rows": 14, "Plan Width": 16, "Actual Startup Time": 12.135, "Actual Total Time": 68.094, "Actual Rows": 1196, "Actual Loops": 2, "Inner Unique": false, "Join Filter": "(s.site_id = tq1.site_id)", "Rows Removed by Join Filter": 0, "Workers": [], "Plans": [{"Node Type": "Merge Join", "Parent Relationship": "Outer", "Parallel Aware": false, "Async Capable": false, "Join Type": "Inner", "Startup Cost": 4087.99, "Total Cost": 4088.11, "Plan Rows": 1, "Plan Width": 12, "Actual Startup Time": 11.91, "Actual Total Time": 11.917, "Actual Rows": 8, "Actual Loops": 2, "Inner Unique": true, "Merge Cond": "(t1.site_id = s.site_id)", "Workers": [], "Plans": [{"Node Type": "Sort", "Parent Relationship": "Outer", "Parallel Aware": false, "Async Capable": false, "Startup Cost": 4084.35, "Total Cost": 4084.4, "Plan Rows": 19, "Plan Width": 8, "Actual Startup Time": 11.885, "Actual Total Time": 11.887, "Actual Rows": 34, "Actual Loops": 2, "Sort Key": ["t1.site_id"], "Sort Method": "quicksort", "Sort Space Used": 26, "Sort Space Type": "Memory", "Workers": [{"Worker Number": 0, "Sort Method": "quicksort", "Sort Space Used": 25, "Sort Space Type": "Memory"}], "Plans": [{"Node Type": "Seq Scan", "Parent Relationship": "Outer", "Parallel Aware": true, "Async Capable": false, "Relation Name": "tag", "Alias": "t1", "Startup Cost": 0.0, "Total Cost": 4083.95, "Plan Rows": 19, "Plan Width": 8, "Actual Startup Time": 0.27, "Actual Total Time": 11.876, "Actual Rows": 36, "Actual Loops": 2, "Filter": "((name)::text = ANY ('{div,g++,init,kalman-filter,kohana,latent-variable,netbeans,parallels-desktop,scheduling,system-prefs,utilities,\u043d\u0435\u0439\u0440\u043e\u043d\u043d\u044b\u0435-\u0441\u0435\u0442\u0438,\u043e\u043f\u0442\u0438\u043c\u0438\u0437\u0430\u0446\u0438\u044f}'::text[]))", "Rows Removed by Filter": 93348, "Workers": []}]}, {"Node Type": "Sort", "Parent Relationship": "Inner", "Parallel Aware": false, "Async Capable": false, "Startup Cost": 3.63, "Total Cost": 3.64, "Plan Rows": 4, "Plan Width": 4, "Actual Startup Time": 0.023, "Actual Total Time": 0.024, "Actual Rows": 4, "Actual Loops": 2, "Sort Key": ["s.site_id"], "Sort Method": "quicksort", "Sort Space Used": 25, "Sort Space Type": "Memory", "Workers": [{"Worker Number": 0, "Sort Method": "quicksort", "Sort Space Used": 25, "Sort Space Type": "Memory"}], "Plans": [{"Node Type": "Seq Scan", "Parent Relationship": "Outer", "Parallel Aware": false, "Async Capable": false, "Relation Name": "site", "Alias": "s", "Startup Cost": 0.0, "Total Cost": 3.59, "Plan Rows": 4, "Plan Width": 4, "Actual Startup Time": 0.01, "Actual Total Time": 0.017, "Actual Rows": 4, "Actual Loops": 2, "Filter": "((site_name)::text = ANY ('{apple,ru,stats,unix}'::text[]))", "Rows Removed by Filter": 169, "Workers": []}]}]}, {"Node Type": "Index Only Scan", "Parent Relationship": "Inner", "Parallel Aware": false, "Async Capable": false, "Scan Direction": "Forward", "Index Name": "tag_question_site_id_tag_id_question_id_idx", "Relation Name": "tag_question", "Alias": "tq1", "Startup Cost": 0.56, "Total Cost": 61.58, "Plan Rows": 31, "Plan Width": 12, "Actual Startup Time": 0.157, "Actual Total Time": 7.478, "Actual Rows": 159, "Actual Loops": 15, "Index Cond": "((site_id = t1.site_id) AND (tag_id = t1.id))", "Rows Removed by Index Recheck": 0, "Heap Fetches": 2392, "Workers": []}]}, {"Node Type": "Index Scan", "Parent Relationship": "Inner", "Parallel Aware": false, "Async Capable": false, "Scan Direction": "Forward", "Index Name": "question_pkey", "Relation Name": "question", "Alias": "q1", "Startup Cost": 0.43, "Total Cost": 6.9, "Plan Rows": 1, "Plan Width": 12, "Actual Startup Time": 0.069, "Actual Total Time": 0.069, "Actual Rows": 1, "Actual Loops": 2392, "Index Cond": "((id = tq1.question_id) AND (site_id = tq1.site_id))", "Rows Removed by Index Recheck": 0, "Filter": "((view_count >= 100) AND (view_count <= 100000))", "Rows Removed by Filter": 0, "Workers": []}]}, {"Node Type": "Index Scan", "Parent Relationship": "Inner", "Parallel Aware": false, "Async Capable": false, "Scan Direction": "Forward", "Index Name": "so_user_pkey", "Relation Name": "so_user", "Alias": "u1", "Startup Cost": 0.44, "Total Cost": 6.91, "Plan Rows": 1, "Plan Width": 12, "Actual Startup Time": 0.051, "Actual Total Time": 0.051, "Actual Rows": 1, "Actual Loops": 1762, "Index Cond": "((id = q1.owner_user_id) AND (site_id = q1.site_id))", "Rows Removed by Index Recheck": 0, "Workers": []}]}, {"Node Type": "Index Only Scan", "Parent Relationship": "Inner", "Parallel Aware": false, "Async Capable": false, "Scan Direction": "Forward", "Index Name": "badge_pkey", "Relation Name": "badge", "Alias": "b1", "Startup Cost": 0.56, "Total Cost": 3.87, "Plan Rows": 1, "Plan Width": 19, "Actual Startup Time": 0.057, "Actual Total Time": 0.066, "Actual Rows": 36, "Actual Loops": 1762, "Index Cond": "((site_id = q1.site_id) AND (user_id = q1.owner_user_id))", "Rows Removed by Index Recheck": 0, "Heap Fetches": 0, "Workers": []}]}]}, {"Node Type": "Index Scan", "Parent Relationship": "Inner", "Parallel Aware": false, "Async Capable": false, "Scan Direction": "Forward", "Index Name": "account_pkey", "Relation Name": "account", "Alias": "acc", "Startup Cost": 0.43, "Total Cost": 6.89, "Plan Rows": 1, "Plan Width": 4, "Actual Startup Time": 0.003, "Actual Total Time": 0.003, "Actual Rows": 0, "Actual Loops": 62608, "Index Cond": "(id = u1.account_id)", "Rows Removed by Index Recheck": 0, "Filter": "((website_url)::text ~~* '%com'::text)", "Rows Removed by Filter": 1}]}]}]}]}]}, "Planning Time": 14.147, "Triggers": [], "Execution Time": 503.037}