{"Plan": {"Node Type": "Aggregate", "Strategy": "Plain", "Partial Mode": "Simple", "Parallel Aware": false, "Async Capable": false, "Startup Cost": 3918.18, "Total Cost": 3918.19, "Plan Rows": 1, "Plan Width": 8, "Actual Startup Time": 1919.344, "Actual Total Time": 1919.394, "Actual Rows": 1, "Actual Loops": 1, "Plans": [{"Node Type": "Nested Loop", "Parent Relationship": "Outer", "Parallel Aware": false, "Async Capable": false, "Join Type": "Inner", "Startup Cost": 3716.31, "Total Cost": 3918.18, "Plan Rows": 1, "Plan Width": 0, "Actual Startup Time": 7.163, "Actual Total Time": 1914.886, "Actual Rows": 200592, "Actual Loops": 1, "Inner Unique": true, "Plans": [{"Node Type": "Gather", "Parent Relationship": "Outer", "Parallel Aware": false, "Async Capable": false, "Startup Cost": 3715.87, "Total Cost": 3911.29, "Plan Rows": 1, "Plan Width": 4, "Actual Startup Time": 7.057, "Actual Total Time": 1186.673, "Actual Rows": 487680, "Actual Loops": 1, "Workers Planned": 1, "Workers Launched": 1, "Single Copy": false, "Plans": [{"Node Type": "Nested Loop", "Parent Relationship": "Outer", "Parallel Aware": false, "Async Capable": false, "Join Type": "Inner", "Startup Cost": 2715.87, "Total Cost": 2911.19, "Plan Rows": 1, "Plan Width": 4, "Actual Startup Time": 5.299, "Actual Total Time": 585.963, "Actual Rows": 243840, "Actual Loops": 2, "Inner Unique": false, "Join Filter": "((s.site_id = b1.site_id) AND (b1.user_id = q1.owner_user_id))", "Rows Removed by Join Filter": 0, "Workers": [], "Plans": [{"Node Type": "Nested Loop", "Parent Relationship": "Outer", "Parallel Aware": false, "Async Capable": false, "Join Type": "Inner", "Startup Cost": 2715.31, "Total Cost": 2907.3, "Plan Rows": 1, "Plan Width": 32, "Actual Startup Time": 5.254, "Actual Total Time": 297.056, "Actual Rows": 4318, "Actual Loops": 2, "Inner Unique": true, "Join Filter": "(s.site_id = u1.site_id)", "Rows Removed by Join Filter": 0, "Workers": [], "Plans": [{"Node Type": "Nested Loop", "Parent Relationship": "Outer", "Parallel Aware": false, "Async Capable": false, "Join Type": "Inner", "Startup Cost": 2714.87, "Total Cost": 2872.7, "Plan Rows": 5, "Plan Width": 20, "Actual Startup Time": 5.246, "Actual Total Time": 199.641, "Actual Rows": 4318, "Actual Loops": 2, "Inner Unique": true, "Join Filter": "(s.site_id = q1.site_id)", "Rows Removed by Join Filter": 0, "Workers": [], "Plans": [{"Node Type": "Nested Loop", "Parent Relationship": "Outer", "Parallel Aware": false, "Async Capable": false, "Join Type": "Inner", "Startup Cost": 2714.44, "Total Cost": 2775.99, "Plan Rows": 14, "Plan Width": 16, "Actual Startup Time": 4.7, "Actual Total Time": 25.646, "Actual Rows": 9628, "Actual Loops": 2, "Inner Unique": false, "Join Filter": "(s.site_id = tq1.site_id)", "Rows Removed by Join Filter": 0, "Workers": [], "Plans": [{"Node Type": "Merge Join", "Parent Relationship": "Outer", "Parallel Aware": false, "Async Capable": false, "Join Type": "Inner", "Startup Cost": 2713.87, "Total Cost": 2713.91, "Plan Rows": 1, "Plan Width": 12, "Actual Startup Time": 4.679, "Actual Total Time": 4.685, "Actual Rows": 2, "Actual Loops": 2, "Inner Unique": true, "Merge Cond": "(t1.site_id = s.site_id)", "Workers": [], "Plans": [{"Node Type": "Sort", "Parent Relationship": "Outer", "Parallel Aware": false, "Async Capable": false, "Startup Cost": 2710.7, "Total Cost": 2710.71, "Plan Rows": 5, "Plan Width": 8, "Actual Startup Time": 4.661, "Actual Total Time": 4.663, "Actual Rows": 10, "Actual Loops": 2, "Sort Key": ["t1.site_id"], "Sort Method": "quicksort", "Sort Space Used": 25, "Sort Space Type": "Memory", "Workers": [{"Worker Number": 0, "Sort Method": "quicksort", "Sort Space Used": 25, "Sort Space Type": "Memory"}], "Plans": [{"Node Type": "Seq Scan", "Parent Relationship": "Outer", "Parallel Aware": true, "Async Capable": false, "Relation Name": "tag", "Alias": "t1", "Startup Cost": 0.0, "Total Cost": 2710.64, "Plan Rows": 5, "Plan Width": 8, "Actual Startup Time": 0.667, "Actual Total Time": 4.652, "Actual Rows": 12, "Actual Loops": 2, "Filter": "((name)::text = ANY ('{buffer,number-formatting,razor}'::text[]))", "Rows Removed by Filter": 93374, "Workers": []}]}, {"Node Type": "Sort", "Parent Relationship": "Inner", "Parallel Aware": false, "Async Capable": false, "Startup Cost": 3.17, "Total Cost": 3.18, "Plan Rows": 1, "Plan Width": 4, "Actual Startup Time": 0.015, "Actual Total Time": 0.016, "Actual Rows": 1, "Actual Loops": 2, "Sort Key": ["s.site_id"], "Sort Method": "quicksort", "Sort Space Used": 25, "Sort Space Type": "Memory", "Workers": [{"Worker Number": 0, "Sort Method": "quicksort", "Sort Space Used": 25, "Sort Space Type": "Memory"}], "Plans": [{"Node Type": "Seq Scan", "Parent Relationship": "Outer", "Parallel Aware": false, "Async Capable": false, "Relation Name": "site", "Alias": "s", "Startup Cost": 0.0, "Total Cost": 3.16, "Plan Rows": 1, "Plan Width": 4, "Actual Startup Time": 0.01, "Actual Total Time": 0.01, "Actual Rows": 1, "Actual Loops": 2, "Filter": "((site_name)::text = 'stackoverflow'::text)", "Rows Removed by Filter": 172, "Workers": []}]}]}, {"Node Type": "Index Only Scan", "Parent Relationship": "Inner", "Parallel Aware": false, "Async Capable": false, "Scan Direction": "Forward", "Index Name": "tag_question_site_id_tag_id_question_id_idx", "Relation Name": "tag_question", "Alias": "tq1", "Startup Cost": 0.56, "Total Cost": 61.69, "Plan Rows": 31, "Plan Width": 12, "Actual Startup Time": 0.123, "Actual Total Time": 13.621, "Actual Rows": 6418, "Actual Loops": 3, "Index Cond": "((site_id = t1.site_id) AND (tag_id = t1.id))", "Rows Removed by Index Recheck": 0, "Heap Fetches": 19255, "Workers": []}]}, {"Node Type": "Index Scan", "Parent Relationship": "Inner", "Parallel Aware": false, "Async Capable": false, "Scan Direction": "Forward", "Index Name": "question_pkey", "Relation Name": "question", "Alias": "q1", "Startup Cost": 0.43, "Total Cost": 6.9, "Plan Rows": 1, "Plan Width": 12, "Actual Startup Time": 0.018, "Actual Total Time": 0.018, "Actual Rows": 0, "Actual Loops": 19255, "Index Cond": "((id = tq1.question_id) AND (site_id = tq1.site_id))", "Rows Removed by Index Recheck": 0, "Filter": "((score >= 0) AND (score <= 0))", "Rows Removed by Filter": 1, "Workers": []}]}, {"Node Type": "Index Scan", "Parent Relationship": "Inner", "Parallel Aware": false, "Async Capable": false, "Scan Direction": "Forward", "Index Name": "so_user_pkey", "Relation Name": "so_user", "Alias": "u1", "Startup Cost": 0.44, "Total Cost": 6.91, "Plan Rows": 1, "Plan Width": 12, "Actual Startup Time": 0.022, "Actual Total Time": 0.022, "Actual Rows": 1, "Actual Loops": 8637, "Index Cond": "((id = q1.owner_user_id) AND (site_id = q1.site_id))", "Rows Removed by Index Recheck": 0, "Workers": []}]}, {"Node Type": "Index Only Scan", "Parent Relationship": "Inner", "Parallel Aware": false, "Async Capable": false, "Scan Direction": "Forward", "Index Name": "badge_pkey", "Relation Name": "badge", "Alias": "b1", "Startup Cost": 0.56, "Total Cost": 3.87, "Plan Rows": 1, "Plan Width": 8, "Actual Startup Time": 0.05, "Actual Total Time": 0.064, "Actual Rows": 56, "Actual Loops": 8637, "Index Cond": "((site_id = u1.site_id) AND (user_id = u1.id))", "Rows Removed by Index Recheck": 0, "Heap Fetches": 0, "Workers": []}]}]}, {"Node Type": "Index Scan", "Parent Relationship": "Inner", "Parallel Aware": false, "Async Capable": false, "Scan Direction": "Forward", "Index Name": "account_pkey", "Relation Name": "account", "Alias": "acc", "Startup Cost": 0.43, "Total Cost": 6.89, "Plan Rows": 1, "Plan Width": 4, "Actual Startup Time": 0.001, "Actual Total Time": 0.001, "Actual Rows": 0, "Actual Loops": 487680, "Index Cond": "(id = u1.account_id)", "Rows Removed by Index Recheck": 0, "Filter": "((website_url)::text ~~* '%'::text)", "Rows Removed by Filter": 1}]}]}, "Planning Time": 6.242, "Triggers": [], "Execution Time": 1919.454}