{"Plan": {"Node Type": "Unique", "Parallel Aware": false, "Async Capable": false, "Startup Cost": 6510.97, "Total Cost": 6510.98, "Plan Rows": 1, "Plan Width": 11, "Actual Startup Time": 1603.759, "Actual Total Time": 1603.903, "Actual Rows": 189, "Actual Loops": 1, "Plans": [{"Node Type": "Sort", "Parent Relationship": "Outer", "Parallel Aware": false, "Async Capable": false, "Startup Cost": 6510.97, "Total Cost": 6510.97, "Plan Rows": 1, "Plan Width": 11, "Actual Startup Time": 1603.757, "Actual Total Time": 1603.874, "Actual Rows": 594, "Actual Loops": 1, "Sort Key": ["account.display_name"], "Sort Method": "quicksort", "Sort Space Used": 37, "Sort Space Type": "Memory", "Plans": [{"Node Type": "Nested Loop", "Parent Relationship": "Outer", "Parallel Aware": false, "Async Capable": false, "Join Type": "Inner", "Startup Cost": 6330.26, "Total Cost": 6510.96, "Plan Rows": 1, "Plan Width": 11, "Actual Startup Time": 107.201, "Actual Total Time": 1603.67, "Actual Rows": 594, "Actual Loops": 1, "Inner Unique": true, "Plans": [{"Node Type": "Gather", "Parent Relationship": "Outer", "Parallel Aware": false, "Async Capable": false, "Startup Cost": 6329.82, "Total Cost": 6503.45, "Plan Rows": 1, "Plan Width": 8, "Actual Startup Time": 107.184, "Actual Total Time": 1600.76, "Actual Rows": 594, "Actual Loops": 1, "Workers Planned": 1, "Workers Launched": 1, "Single Copy": false, "Plans": [{"Node Type": "Hash Join", "Parent Relationship": "Outer", "Parallel Aware": true, "Async Capable": false, "Join Type": "Inner", "Startup Cost": 5329.82, "Total Cost": 5503.35, "Plan Rows": 1, "Plan Width": 8, "Actual Startup Time": 104.821, "Actual Total Time": 851.542, "Actual Rows": 297, "Actual Loops": 2, "Inner Unique": false, "Hash Cond": "(u1.account_id = u2.account_id)", "Workers": [], "Plans": [{"Node Type": "Nested Loop", "Parent Relationship": "Outer", "Parallel Aware": false, "Async Capable": false, "Join Type": "Inner", "Startup Cost": 2577.93, "Total Cost": 2751.44, "Plan Rows": 1, "Plan Width": 4, "Actual Startup Time": 3.256, "Actual Total Time": 748.948, "Actual Rows": 24036, "Actual Loops": 2, "Inner Unique": true, "Join Filter": "(t1.site_id = u1.site_id)", "Rows Removed by Join Filter": 0, "Workers": [], "Plans": [{"Node Type": "Nested Loop", "Parent Relationship": "Outer", "Parallel Aware": false, "Async Capable": false, "Join Type": "Inner", "Startup Cost": 2577.49, "Total Cost": 2743.91, "Plan Rows": 1, "Plan Width": 20, "Actual Startup Time": 3.251, "Actual Total Time": 423.35, "Actual Rows": 24036, "Actual Loops": 2, "Inner Unique": true, "Join Filter": "(t1.site_id = q1.site_id)", "Rows Removed by Join Filter": 0, "Workers": [], "Plans": [{"Node Type": "Nested Loop", "Parent Relationship": "Outer", "Parallel Aware": false, "Async Capable": false, "Join Type": "Inner", "Startup Cost": 2577.06, "Total Cost": 2638.51, "Plan Rows": 14, "Plan Width": 16, "Actual Startup Time": 3.204, "Actual Total Time": 44.733, "Actual Rows": 24036, "Actual Loops": 2, "Inner Unique": false, "Workers": [], "Plans": [{"Node Type": "Merge Join", "Parent Relationship": "Outer", "Parallel Aware": false, "Async Capable": false, "Join Type": "Inner", "Startup Cost": 2576.49, "Total Cost": 2576.52, "Plan Rows": 1, "Plan Width": 12, "Actual Startup Time": 3.106, "Actual Total Time": 3.109, "Actual Rows": 0, "Actual Loops": 2, "Inner Unique": true, "Merge Cond": "(t1.site_id = s1.site_id)", "Workers": [], "Plans": [{"Node Type": "Sort", "Parent Relationship": "Outer", "Parallel Aware": false, "Async Capable": false, "Startup Cost": 2573.32, "Total Cost": 2573.32, "Plan Rows": 2, "Plan Width": 8, "Actual Startup Time": 3.086, "Actual Total Time": 3.088, "Actual Rows": 8, "Actual Loops": 2, "Sort Key": ["t1.site_id"], "Sort Method": "quicksort", "Sort Space Used": 25, "Sort Space Type": "Memory", "Workers": [{"Worker Number": 0, "Sort Method": "quicksort", "Sort Space Used": 25, "Sort Space Type": "Memory"}], "Plans": [{"Node Type": "Seq Scan", "Parent Relationship": "Outer", "Parallel Aware": true, "Async Capable": false, "Relation Name": "tag", "Alias": "t1", "Startup Cost": 0.0, "Total Cost": 2573.31, "Plan Rows": 2, "Plan Width": 8, "Actual Startup Time": 0.642, "Actual Total Time": 3.074, "Actual Rows": 10, "Actual Loops": 2, "Filter": "((name)::text = 'forms'::text)", "Rows Removed by Filter": 93376, "Workers": []}]}, {"Node Type": "Sort", "Parent Relationship": "Inner", "Parallel Aware": false, "Async Capable": false, "Startup Cost": 3.17, "Total Cost": 3.18, "Plan Rows": 1, "Plan Width": 4, "Actual Startup Time": 0.017, "Actual Total Time": 0.018, "Actual Rows": 1, "Actual Loops": 2, "Sort Key": ["s1.site_id"], "Sort Method": "quicksort", "Sort Space Used": 25, "Sort Space Type": "Memory", "Workers": [{"Worker Number": 0, "Sort Method": "quicksort", "Sort Space Used": 25, "Sort Space Type": "Memory"}], "Plans": [{"Node Type": "Seq Scan", "Parent Relationship": "Outer", "Parallel Aware": false, "Async Capable": false, "Relation Name": "site", "Alias": "s1", "Startup Cost": 0.0, "Total Cost": 3.16, "Plan Rows": 1, "Plan Width": 4, "Actual Startup Time": 0.008, "Actual Total Time": 0.008, "Actual Rows": 1, "Actual Loops": 2, "Filter": "((site_name)::text = 'stackoverflow'::text)", "Rows Removed by Filter": 172, "Workers": []}]}]}, {"Node Type": "Index Only Scan", "Parent Relationship": "Inner", "Parallel Aware": false, "Async Capable": false, "Scan Direction": "Forward", "Index Name": "tag_question_site_id_tag_id_question_id_idx", "Relation Name": "tag_question", "Alias": "tq1", "Startup Cost": 0.56, "Total Cost": 61.69, "Plan Rows": 31, "Plan Width": 12, "Actual Startup Time": 0.193, "Actual Total Time": 81.043, "Actual Rows": 48073, "Actual Loops": 1, "Index Cond": "((site_id = t1.site_id) AND (tag_id = t1.id))", "Rows Removed by Index Recheck": 0, "Heap Fetches": 48073, "Workers": []}]}, {"Node Type": "Index Scan", "Parent Relationship": "Inner", "Parallel Aware": false, "Async Capable": false, "Scan Direction": "Forward", "Index Name": "question_pkey", "Relation Name": "question", "Alias": "q1", "Startup Cost": 0.43, "Total Cost": 7.52, "Plan Rows": 1, "Plan Width": 12, "Actual Startup Time": 0.016, "Actual Total Time": 0.016, "Actual Rows": 1, "Actual Loops": 48073, "Index Cond": "((id = tq1.question_id) AND (site_id = tq1.site_id))", "Rows Removed by Index Recheck": 0, "Workers": []}]}, {"Node Type": "Index Scan", "Parent Relationship": "Inner", "Parallel Aware": false, "Async Capable": false, "Scan Direction": "Forward", "Index Name": "so_user_pkey", "Relation Name": "so_user", "Alias": "u1", "Startup Cost": 0.44, "Total Cost": 7.52, "Plan Rows": 1, "Plan Width": 12, "Actual Startup Time": 0.013, "Actual Total Time": 0.013, "Actual Rows": 1, "Actual Loops": 48073, "Index Cond": "((id = q1.owner_user_id) AND (site_id = q1.site_id))", "Rows Removed by Index Recheck": 0, "Workers": []}]}, {"Node Type": "Hash", "Parent Relationship": "Inner", "Parallel Aware": true, "Async Capable": false, "Startup Cost": 2751.88, "Total Cost": 2751.88, "Plan Rows": 1, "Plan Width": 4, "Actual Startup Time": 100.572, "Actual Total Time": 100.576, "Actual Rows": 2563, "Actual Loops": 2, "Hash Buckets": 8192, "Original Hash Buckets": 1024, "Hash Batches": 1, "Original Hash Batches": 1, "Peak Memory Usage": 344, "Workers": [], "Plans": [{"Node Type": "Nested Loop", "Parent Relationship": "Outer", "Parallel Aware": false, "Async Capable": false, "Join Type": "Inner", "Startup Cost": 2578.41, "Total Cost": 2751.88, "Plan Rows": 1, "Plan Width": 4, "Actual Startup Time": 3.423, "Actual Total Time": 51.7, "Actual Rows": 2563, "Actual Loops": 2, "Inner Unique": true, "Join Filter": "(t2.site_id = u2.site_id)", "Rows Removed by Join Filter": 0, "Workers": [], "Plans": [{"Node Type": "Nested Loop", "Parent Relationship": "Outer", "Parallel Aware": false, "Async Capable": false, "Join Type": "Inner", "Startup Cost": 2577.97, "Total Cost": 2744.34, "Plan Rows": 1, "Plan Width": 20, "Actual Startup Time": 3.414, "Actual Total Time": 22.155, "Actual Rows": 2563, "Actual Loops": 2, "Inner Unique": true, "Join Filter": "(t2.site_id = q2.site_id)", "Rows Removed by Join Filter": 0, "Workers": [], "Plans": [{"Node Type": "Nested Loop", "Parent Relationship": "Outer", "Parallel Aware": false, "Async Capable": false, "Join Type": "Inner", "Startup Cost": 2577.54, "Total Cost": 2638.95, "Plan Rows": 14, "Plan Width": 16, "Actual Startup Time": 3.369, "Actual Total Time": 4.607, "Actual Rows": 2563, "Actual Loops": 2, "Inner Unique": false, "Workers": [], "Plans": [{"Node Type": "Merge Join", "Parent Relationship": "Outer", "Parallel Aware": false, "Async Capable": false, "Join Type": "Inner", "Startup Cost": 2576.97, "Total Cost": 2577.1, "Plan Rows": 1, "Plan Width": 12, "Actual Startup Time": 3.293, "Actual Total Time": 3.297, "Actual Rows": 0, "Actual Loops": 2, "Inner Unique": true, "Merge Cond": "(t2.site_id = s2.site_id)", "Workers": [], "Plans": [{"Node Type": "Sort", "Parent Relationship": "Outer", "Parallel Aware": false, "Async Capable": false, "Startup Cost": 2573.8, "Total Cost": 2573.85, "Plan Rows": 22, "Plan Width": 8, "Actual Startup Time": 3.274, "Actual Total Time": 3.275, "Actual Rows": 2, "Actual Loops": 2, "Sort Key": ["t2.site_id"], "Sort Method": "quicksort", "Sort Space Used": 26, "Sort Space Type": "Memory", "Workers": [{"Worker Number": 0, "Sort Method": "quicksort", "Sort Space Used": 25, "Sort Space Type": "Memory"}], "Plans": [{"Node Type": "Seq Scan", "Parent Relationship": "Outer", "Parallel Aware": true, "Async Capable": false, "Relation Name": "tag", "Alias": "t2", "Startup Cost": 0.0, "Total Cost": 2573.31, "Plan Rows": 22, "Plan Width": 8, "Actual Startup Time": 0.257, "Actual Total Time": 3.263, "Actual Rows": 21, "Actual Loops": 2, "Filter": "((name)::text = 'ios'::text)", "Rows Removed by Filter": 93364, "Workers": []}]}, {"Node Type": "Sort", "Parent Relationship": "Inner", "Parallel Aware": false, "Async Capable": false, "Startup Cost": 3.17, "Total Cost": 3.18, "Plan Rows": 1, "Plan Width": 4, "Actual Startup Time": 0.017, "Actual Total Time": 0.018, "Actual Rows": 1, "Actual Loops": 2, "Sort Key": ["s2.site_id"], "Sort Method": "quicksort", "Sort Space Used": 25, "Sort Space Type": "Memory", "Workers": [{"Worker Number": 0, "Sort Method": "quicksort", "Sort Space Used": 25, "Sort Space Type": "Memory"}], "Plans": [{"Node Type": "Seq Scan", "Parent Relationship": "Outer", "Parallel Aware": false, "Async Capable": false, "Relation Name": "site", "Alias": "s2", "Startup Cost": 0.0, "Total Cost": 3.16, "Plan Rows": 1, "Plan Width": 4, "Actual Startup Time": 0.008, "Actual Total Time": 0.012, "Actual Rows": 1, "Actual Loops": 2, "Filter": "((site_name)::text = 'apple'::text)", "Rows Removed by Filter": 172, "Workers": []}]}]}, {"Node Type": "Index Only Scan", "Parent Relationship": "Inner", "Parallel Aware": false, "Async Capable": false, "Scan Direction": "Forward", "Index Name": "tag_question_site_id_tag_id_question_id_idx", "Relation Name": "tag_question", "Alias": "tq2", "Startup Cost": 0.56, "Total Cost": 61.54, "Plan Rows": 31, "Plan Width": 12, "Actual Startup Time": 0.147, "Actual Total Time": 2.388, "Actual Rows": 5126, "Actual Loops": 1, "Index Cond": "((site_id = t2.site_id) AND (tag_id = t2.id))", "Rows Removed by Index Recheck": 0, "Heap Fetches": 5126, "Workers": []}]}, {"Node Type": "Index Scan", "Parent Relationship": "Inner", "Parallel Aware": false, "Async Capable": false, "Scan Direction": "Forward", "Index Name": "question_pkey", "Relation Name": "question", "Alias": "q2", "Startup Cost": 0.43, "Total Cost": 7.52, "Plan Rows": 1, "Plan Width": 12, "Actual Startup Time": 0.007, "Actual Total Time": 0.007, "Actual Rows": 1, "Actual Loops": 5126, "Index Cond": "((id = tq2.question_id) AND (site_id = tq2.site_id))", "Rows Removed by Index Recheck": 0, "Workers": []}]}, {"Node Type": "Index Scan", "Parent Relationship": "Inner", "Parallel Aware": false, "Async Capable": false, "Scan Direction": "Forward", "Index Name": "so_user_pkey", "Relation Name": "so_user", "Alias": "u2", "Startup Cost": 0.44, "Total Cost": 7.52, "Plan Rows": 1, "Plan Width": 12, "Actual Startup Time": 0.011, "Actual Total Time": 0.011, "Actual Rows": 1, "Actual Loops": 5126, "Index Cond": "((id = q2.owner_user_id) AND (site_id = q2.site_id))", "Rows Removed by Index Recheck": 0, "Workers": []}]}]}]}]}, {"Node Type": "Index Scan", "Parent Relationship": "Inner", "Parallel Aware": false, "Async Capable": false, "Scan Direction": "Forward", "Index Name": "account_pkey", "Relation Name": "account", "Alias": "account", "Startup Cost": 0.43, "Total Cost": 7.51, "Plan Rows": 1, "Plan Width": 15, "Actual Startup Time": 0.005, "Actual Total Time": 0.005, "Actual Rows": 1, "Actual Loops": 594, "Index Cond": "(id = u1.account_id)", "Rows Removed by Index Recheck": 0}]}]}]}, "Planning Time": 46.912, "Triggers": [], "Execution Time": 1604.032}