{"Plan": {"Node Type": "Unique", "Parallel Aware": false, "Async Capable": false, "Startup Cost": 7817.68, "Total Cost": 7817.69, "Plan Rows": 1, "Plan Width": 11, "Actual Startup Time": 123.974, "Actual Total Time": 128.739, "Actual Rows": 9, "Actual Loops": 1, "Plans": [{"Node Type": "Sort", "Parent Relationship": "Outer", "Parallel Aware": false, "Async Capable": false, "Startup Cost": 7817.68, "Total Cost": 7817.69, "Plan Rows": 1, "Plan Width": 11, "Actual Startup Time": 123.973, "Actual Total Time": 128.735, "Actual Rows": 38, "Actual Loops": 1, "Sort Key": ["account.display_name"], "Sort Method": "quicksort", "Sort Space Used": 25, "Sort Space Type": "Memory", "Plans": [{"Node Type": "Nested Loop", "Parent Relationship": "Outer", "Parallel Aware": false, "Async Capable": false, "Join Type": "Inner", "Startup Cost": 3756.73, "Total Cost": 7817.67, "Plan Rows": 1, "Plan Width": 11, "Actual Startup Time": 108.271, "Actual Total Time": 128.701, "Actual Rows": 38, "Actual Loops": 1, "Inner Unique": true, "Plans": [{"Node Type": "Gather", "Parent Relationship": "Outer", "Parallel Aware": false, "Async Capable": false, "Startup Cost": 3756.29, "Total Cost": 7810.16, "Plan Rows": 1, "Plan Width": 8, "Actual Startup Time": 108.255, "Actual Total Time": 128.593, "Actual Rows": 38, "Actual Loops": 1, "Workers Planned": 1, "Workers Launched": 1, "Single Copy": false, "Plans": [{"Node Type": "Hash Join", "Parent Relationship": "Outer", "Parallel Aware": true, "Async Capable": false, "Join Type": "Inner", "Startup Cost": 2756.29, "Total Cost": 6810.06, "Plan Rows": 1, "Plan Width": 8, "Actual Startup Time": 106.283, "Actual Total Time": 122.486, "Actual Rows": 19, "Actual Loops": 2, "Inner Unique": false, "Hash Cond": "(u1.account_id = u2.account_id)", "Workers": [], "Plans": [{"Node Type": "Nested Loop", "Parent Relationship": "Outer", "Parallel Aware": false, "Async Capable": false, "Join Type": "Inner", "Startup Cost": 4.61, "Total Cost": 4058.36, "Plan Rows": 2, "Plan Width": 4, "Actual Startup Time": 1.282, "Actual Total Time": 18.281, "Actual Rows": 3172, "Actual Loops": 2, "Inner Unique": true, "Join Filter": "(t1.site_id = u1.site_id)", "Rows Removed by Join Filter": 0, "Workers": [], "Plans": [{"Node Type": "Nested Loop", "Parent Relationship": "Outer", "Parallel Aware": false, "Async Capable": false, "Join Type": "Inner", "Startup Cost": 4.17, "Total Cost": 4043.3, "Plan Rows": 2, "Plan Width": 20, "Actual Startup Time": 1.273, "Actual Total Time": 12.724, "Actual Rows": 3172, "Actual Loops": 2, "Inner Unique": true, "Join Filter": "(t1.site_id = q1.site_id)", "Rows Removed by Join Filter": 0, "Workers": [], "Plans": [{"Node Type": "Nested Loop", "Parent Relationship": "Outer", "Parallel Aware": false, "Async Capable": false, "Join Type": "Inner", "Startup Cost": 3.74, "Total Cost": 2921.62, "Plan Rows": 149, "Plan Width": 16, "Actual Startup Time": 1.265, "Actual Total Time": 4.892, "Actual Rows": 3172, "Actual Loops": 2, "Inner Unique": false, "Workers": [], "Plans": [{"Node Type": "Hash Join", "Parent Relationship": "Outer", "Parallel Aware": false, "Async Capable": false, "Join Type": "Inner", "Startup Cost": 3.18, "Total Cost": 2579.46, "Plan Rows": 6, "Plan Width": 12, "Actual Startup Time": 1.253, "Actual Total Time": 3.37, "Actual Rows": 16, "Actual Loops": 2, "Inner Unique": true, "Hash Cond": "(t1.site_id = s1.site_id)", "Workers": [], "Plans": [{"Node Type": "Seq Scan", "Parent Relationship": "Outer", "Parallel Aware": true, "Async Capable": false, "Relation Name": "tag", "Alias": "t1", "Startup Cost": 0.0, "Total Cost": 2573.31, "Plan Rows": 1107, "Plan Width": 8, "Actual Startup Time": 0.01, "Actual Total Time": 3.317, "Actual Rows": 720, "Actual Loops": 2, "Filter": "((name)::text ~~ 'gr%'::text)", "Rows Removed by Filter": 92664, "Workers": []}, {"Node Type": "Hash", "Parent Relationship": "Inner", "Parallel Aware": false, "Async Capable": false, "Startup Cost": 3.16, "Total Cost": 3.16, "Plan Rows": 1, "Plan Width": 4, "Actual Startup Time": 0.014, "Actual Total Time": 0.014, "Actual Rows": 1, "Actual Loops": 2, "Hash Buckets": 1024, "Original Hash Buckets": 1024, "Hash Batches": 1, "Original Hash Batches": 1, "Peak Memory Usage": 9, "Workers": [], "Plans": [{"Node Type": "Seq Scan", "Parent Relationship": "Outer", "Parallel Aware": false, "Async Capable": false, "Relation Name": "site", "Alias": "s1", "Startup Cost": 0.0, "Total Cost": 3.16, "Plan Rows": 1, "Plan Width": 4, "Actual Startup Time": 0.008, "Actual Total Time": 0.01, "Actual Rows": 1, "Actual Loops": 2, "Filter": "((site_name)::text = 'mathoverflow'::text)", "Rows Removed by Filter": 172, "Workers": []}]}]}, {"Node Type": "Index Only Scan", "Parent Relationship": "Inner", "Parallel Aware": false, "Async Capable": false, "Scan Direction": "Forward", "Index Name": "tag_question_site_id_tag_id_question_id_idx", "Relation Name": "tag_question", "Alias": "tq1", "Startup Cost": 0.56, "Total Cost": 56.72, "Plan Rows": 31, "Plan Width": 12, "Actual Startup Time": 0.004, "Actual Total Time": 0.09, "Actual Rows": 205, "Actual Loops": 31, "Index Cond": "((site_id = t1.site_id) AND (tag_id = t1.id))", "Rows Removed by Index Recheck": 0, "Heap Fetches": 6345, "Workers": []}]}, {"Node Type": "Index Scan", "Parent Relationship": "Inner", "Parallel Aware": false, "Async Capable": false, "Scan Direction": "Forward", "Index Name": "question_pkey", "Relation Name": "question", "Alias": "q1", "Startup Cost": 0.43, "Total Cost": 7.52, "Plan Rows": 1, "Plan Width": 12, "Actual Startup Time": 0.002, "Actual Total Time": 0.002, "Actual Rows": 1, "Actual Loops": 6345, "Index Cond": "((id = tq1.question_id) AND (site_id = tq1.site_id))", "Rows Removed by Index Recheck": 0, "Workers": []}]}, {"Node Type": "Index Scan", "Parent Relationship": "Inner", "Parallel Aware": false, "Async Capable": false, "Scan Direction": "Forward", "Index Name": "so_user_pkey", "Relation Name": "so_user", "Alias": "u1", "Startup Cost": 0.44, "Total Cost": 7.52, "Plan Rows": 1, "Plan Width": 12, "Actual Startup Time": 0.002, "Actual Total Time": 0.002, "Actual Rows": 1, "Actual Loops": 6345, "Index Cond": "((id = q1.owner_user_id) AND (site_id = q1.site_id))", "Rows Removed by Index Recheck": 0, "Workers": []}]}, {"Node Type": "Hash", "Parent Relationship": "Inner", "Parallel Aware": true, "Async Capable": false, "Startup Cost": 2751.67, "Total Cost": 2751.67, "Plan Rows": 1, "Plan Width": 4, "Actual Startup Time": 103.925, "Actual Total Time": 103.927, "Actual Rows": 8612, "Actual Loops": 2, "Hash Buckets": 32768, "Original Hash Buckets": 1024, "Hash Batches": 1, "Original Hash Batches": 1, "Peak Memory Usage": 1208, "Workers": [], "Plans": [{"Node Type": "Nested Loop", "Parent Relationship": "Outer", "Parallel Aware": false, "Async Capable": false, "Join Type": "Inner", "Startup Cost": 2578.11, "Total Cost": 2751.67, "Plan Rows": 1, "Plan Width": 4, "Actual Startup Time": 5.476, "Actual Total Time": 82.141, "Actual Rows": 8612, "Actual Loops": 2, "Inner Unique": true, "Join Filter": "(t2.site_id = u2.site_id)", "Rows Removed by Join Filter": 0, "Workers": [], "Plans": [{"Node Type": "Nested Loop", "Parent Relationship": "Outer", "Parallel Aware": false, "Async Capable": false, "Join Type": "Inner", "Startup Cost": 2577.67, "Total Cost": 2744.13, "Plan Rows": 1, "Plan Width": 20, "Actual Startup Time": 5.365, "Actual Total Time": 60.02, "Actual Rows": 8612, "Actual Loops": 2, "Inner Unique": true, "Join Filter": "(t2.site_id = q2.site_id)", "Rows Removed by Join Filter": 0, "Workers": [], "Plans": [{"Node Type": "Nested Loop", "Parent Relationship": "Outer", "Parallel Aware": false, "Async Capable": false, "Join Type": "Inner", "Startup Cost": 2577.24, "Total Cost": 2638.74, "Plan Rows": 14, "Plan Width": 16, "Actual Startup Time": 5.27, "Actual Total Time": 13.264, "Actual Rows": 8612, "Actual Loops": 2, "Inner Unique": false, "Workers": [], "Plans": [{"Node Type": "Merge Join", "Parent Relationship": "Outer", "Parallel Aware": false, "Async Capable": false, "Join Type": "Inner", "Startup Cost": 2576.67, "Total Cost": 2576.74, "Plan Rows": 1, "Plan Width": 12, "Actual Startup Time": 4.982, "Actual Total Time": 4.989, "Actual Rows": 8, "Actual Loops": 2, "Inner Unique": true, "Merge Cond": "(t2.site_id = s2.site_id)", "Workers": [], "Plans": [{"Node Type": "Sort", "Parent Relationship": "Outer", "Parallel Aware": false, "Async Capable": false, "Startup Cost": 2573.5, "Total Cost": 2573.53, "Plan Rows": 11, "Plan Width": 8, "Actual Startup Time": 4.96, "Actual Total Time": 4.962, "Actual Rows": 12, "Actual Loops": 2, "Sort Key": ["t2.site_id"], "Sort Method": "quicksort", "Sort Space Used": 25, "Sort Space Type": "Memory", "Workers": [{"Worker Number": 0, "Sort Method": "quicksort", "Sort Space Used": 25, "Sort Space Type": "Memory"}], "Plans": [{"Node Type": "Seq Scan", "Parent Relationship": "Outer", "Parallel Aware": true, "Async Capable": false, "Relation Name": "tag", "Alias": "t2", "Startup Cost": 0.0, "Total Cost": 2573.31, "Plan Rows": 11, "Plan Width": 8, "Actual Startup Time": 0.701, "Actual Total Time": 4.95, "Actual Rows": 13, "Actual Loops": 2, "Filter": "((name)::text ~~ '%dnd%'::text)", "Rows Removed by Filter": 93372, "Workers": []}]}, {"Node Type": "Sort", "Parent Relationship": "Inner", "Parallel Aware": false, "Async Capable": false, "Startup Cost": 3.17, "Total Cost": 3.18, "Plan Rows": 1, "Plan Width": 4, "Actual Startup Time": 0.02, "Actual Total Time": 0.02, "Actual Rows": 1, "Actual Loops": 2, "Sort Key": ["s2.site_id"], "Sort Method": "quicksort", "Sort Space Used": 25, "Sort Space Type": "Memory", "Workers": [{"Worker Number": 0, "Sort Method": "quicksort", "Sort Space Used": 25, "Sort Space Type": "Memory"}], "Plans": [{"Node Type": "Seq Scan", "Parent Relationship": "Outer", "Parallel Aware": false, "Async Capable": false, "Relation Name": "site", "Alias": "s2", "Startup Cost": 0.0, "Total Cost": 3.16, "Plan Rows": 1, "Plan Width": 4, "Actual Startup Time": 0.012, "Actual Total Time": 0.014, "Actual Rows": 1, "Actual Loops": 2, "Filter": "((site_name)::text = 'rpg'::text)", "Rows Removed by Filter": 172, "Workers": []}]}]}, {"Node Type": "Index Only Scan", "Parent Relationship": "Inner", "Parallel Aware": false, "Async Capable": false, "Scan Direction": "Forward", "Index Name": "tag_question_site_id_tag_id_question_id_idx", "Relation Name": "tag_question", "Alias": "tq2", "Startup Cost": 0.56, "Total Cost": 61.69, "Plan Rows": 31, "Plan Width": 12, "Actual Startup Time": 0.073, "Actual Total Time": 0.93, "Actual Rows": 1013, "Actual Loops": 17, "Index Cond": "((site_id = t2.site_id) AND (tag_id = t2.id))", "Rows Removed by Index Recheck": 0, "Heap Fetches": 17225, "Workers": []}]}, {"Node Type": "Index Scan", "Parent Relationship": "Inner", "Parallel Aware": false, "Async Capable": false, "Scan Direction": "Forward", "Index Name": "question_pkey", "Relation Name": "question", "Alias": "q2", "Startup Cost": 0.43, "Total Cost": 7.52, "Plan Rows": 1, "Plan Width": 12, "Actual Startup Time": 0.005, "Actual Total Time": 0.005, "Actual Rows": 1, "Actual Loops": 17225, "Index Cond": "((id = tq2.question_id) AND (site_id = tq2.site_id))", "Rows Removed by Index Recheck": 0, "Workers": []}]}, {"Node Type": "Index Scan", "Parent Relationship": "Inner", "Parallel Aware": false, "Async Capable": false, "Scan Direction": "Forward", "Index Name": "so_user_pkey", "Relation Name": "so_user", "Alias": "u2", "Startup Cost": 0.44, "Total Cost": 7.52, "Plan Rows": 1, "Plan Width": 12, "Actual Startup Time": 0.002, "Actual Total Time": 0.002, "Actual Rows": 1, "Actual Loops": 17225, "Index Cond": "((id = q2.owner_user_id) AND (site_id = q2.site_id))", "Rows Removed by Index Recheck": 0, "Workers": []}]}]}]}]}, {"Node Type": "Index Scan", "Parent Relationship": "Inner", "Parallel Aware": false, "Async Capable": false, "Scan Direction": "Forward", "Index Name": "account_pkey", "Relation Name": "account", "Alias": "account", "Startup Cost": 0.43, "Total Cost": 7.51, "Plan Rows": 1, "Plan Width": 15, "Actual Startup Time": 0.003, "Actual Total Time": 0.003, "Actual Rows": 1, "Actual Loops": 38, "Index Cond": "(id = u1.account_id)", "Rows Removed by Index Recheck": 0}]}]}]}, "Planning Time": 47.222, "Triggers": [], "Execution Time": 128.86}