{"Plan": {"Node Type": "Aggregate", "Strategy": "Plain", "Partial Mode": "Simple", "Parallel Aware": false, "Async Capable": false, "Startup Cost": 3759.47, "Total Cost": 3759.48, "Plan Rows": 1, "Plan Width": 8, "Actual Startup Time": 373.593, "Actual Total Time": 373.65, "Actual Rows": 1, "Actual Loops": 1, "Plans": [{"Node Type": "Nested Loop", "Parent Relationship": "Outer", "Parallel Aware": false, "Async Capable": false, "Join Type": "Inner", "Startup Cost": 3752.66, "Total Cost": 3759.46, "Plan Rows": 1, "Plan Width": 11, "Actual Startup Time": 344.364, "Actual Total Time": 373.626, "Actual Rows": 243, "Actual Loops": 1, "Inner Unique": true, "Join Filter": "((t1.site_id = q1.site_id) AND (a1.creation_date >= (q1.creation_date + '1 year'::interval)))", "Rows Removed by Join Filter": 4259, "Plans": [{"Node Type": "Gather Merge", "Parent Relationship": "Outer", "Parallel Aware": false, "Async Capable": false, "Startup Cost": 3752.22, "Total Cost": 3752.34, "Plan Rows": 1, "Plan Width": 47, "Actual Startup Time": 344.145, "Actual Total Time": 344.588, "Actual Rows": 4502, "Actual Loops": 1, "Workers Planned": 1, "Workers Launched": 1, "Plans": [{"Node Type": "Sort", "Parent Relationship": "Outer", "Parallel Aware": false, "Async Capable": false, "Startup Cost": 2752.21, "Total Cost": 2752.22, "Plan Rows": 1, "Plan Width": 47, "Actual Startup Time": 173.146, "Actual Total Time": 173.253, "Actual Rows": 2251, "Actual Loops": 2, "Sort Key": ["account.display_name"], "Sort Method": "quicksort", "Sort Space Used": 515, "Sort Space Type": "Memory", "Workers": [{"Worker Number": 0, "Sort Method": "quicksort", "Sort Space Used": 25, "Sort Space Type": "Memory"}], "Plans": [{"Node Type": "Nested Loop", "Parent Relationship": "Outer", "Parallel Aware": false, "Async Capable": false, "Join Type": "Inner", "Startup Cost": 2578.36, "Total Cost": 2752.2, "Plan Rows": 1, "Plan Width": 47, "Actual Startup Time": 3.396, "Actual Total Time": 172.511, "Actual Rows": 2251, "Actual Loops": 2, "Inner Unique": true, "Workers": [], "Plans": [{"Node Type": "Nested Loop", "Parent Relationship": "Outer", "Parallel Aware": false, "Async Capable": false, "Join Type": "Inner", "Startup Cost": 2577.93, "Total Cost": 2745.1, "Plan Rows": 1, "Plan Width": 40, "Actual Startup Time": 3.388, "Actual Total Time": 161.726, "Actual Rows": 2251, "Actual Loops": 2, "Inner Unique": true, "Join Filter": "(t1.site_id = u1.site_id)", "Rows Removed by Join Filter": 0, "Workers": [], "Plans": [{"Node Type": "Nested Loop", "Parent Relationship": "Outer", "Parallel Aware": false, "Async Capable": false, "Join Type": "Inner", "Startup Cost": 2577.49, "Total Cost": 2737.98, "Plan Rows": 1, "Plan Width": 36, "Actual Startup Time": 3.378, "Actual Total Time": 156.983, "Actual Rows": 2251, "Actual Loops": 2, "Inner Unique": false, "Join Filter": "(t1.site_id = a1.site_id)", "Rows Removed by Join Filter": 0, "Workers": [], "Plans": [{"Node Type": "Nested Loop", "Parent Relationship": "Outer", "Parallel Aware": false, "Async Capable": false, "Join Type": "Inner", "Startup Cost": 2577.06, "Total Cost": 2638.51, "Plan Rows": 14, "Plan Width": 16, "Actual Startup Time": 3.325, "Actual Total Time": 12.949, "Actual Rows": 3966, "Actual Loops": 2, "Inner Unique": false, "Workers": [], "Plans": [{"Node Type": "Merge Join", "Parent Relationship": "Outer", "Parallel Aware": false, "Async Capable": false, "Join Type": "Inner", "Startup Cost": 2576.49, "Total Cost": 2576.52, "Plan Rows": 1, "Plan Width": 12, "Actual Startup Time": 3.241, "Actual Total Time": 3.244, "Actual Rows": 0, "Actual Loops": 2, "Inner Unique": true, "Merge Cond": "(t1.site_id = s1.site_id)", "Workers": [], "Plans": [{"Node Type": "Sort", "Parent Relationship": "Outer", "Parallel Aware": false, "Async Capable": false, "Startup Cost": 2573.32, "Total Cost": 2573.32, "Plan Rows": 2, "Plan Width": 8, "Actual Startup Time": 3.226, "Actual Total Time": 3.227, "Actual Rows": 6, "Actual Loops": 2, "Sort Key": ["t1.site_id"], "Sort Method": "quicksort", "Sort Space Used": 25, "Sort Space Type": "Memory", "Workers": [{"Worker Number": 0, "Sort Method": "quicksort", "Sort Space Used": 25, "Sort Space Type": "Memory"}], "Plans": [{"Node Type": "Seq Scan", "Parent Relationship": "Outer", "Parallel Aware": true, "Async Capable": false, "Relation Name": "tag", "Alias": "t1", "Startup Cost": 0.0, "Total Cost": 2573.31, "Plan Rows": 2, "Plan Width": 8, "Actual Startup Time": 0.317, "Actual Total Time": 3.219, "Actual Rows": 6, "Actual Loops": 2, "Filter": "((name)::text = 'prolog'::text)", "Rows Removed by Filter": 93379, "Workers": []}]}, {"Node Type": "Sort", "Parent Relationship": "Inner", "Parallel Aware": false, "Async Capable": false, "Startup Cost": 3.17, "Total Cost": 3.18, "Plan Rows": 1, "Plan Width": 4, "Actual Startup Time": 0.012, "Actual Total Time": 0.013, "Actual Rows": 1, "Actual Loops": 2, "Sort Key": ["s1.site_id"], "Sort Method": "quicksort", "Sort Space Used": 25, "Sort Space Type": "Memory", "Workers": [{"Worker Number": 0, "Sort Method": "quicksort", "Sort Space Used": 25, "Sort Space Type": "Memory"}], "Plans": [{"Node Type": "Seq Scan", "Parent Relationship": "Outer", "Parallel Aware": false, "Async Capable": false, "Relation Name": "site", "Alias": "s1", "Startup Cost": 0.0, "Total Cost": 3.16, "Plan Rows": 1, "Plan Width": 4, "Actual Startup Time": 0.008, "Actual Total Time": 0.009, "Actual Rows": 1, "Actual Loops": 2, "Filter": "((site_name)::text = 'stackoverflow'::text)", "Rows Removed by Filter": 172, "Workers": []}]}]}, {"Node Type": "Index Only Scan", "Parent Relationship": "Inner", "Parallel Aware": false, "Async Capable": false, "Scan Direction": "Forward", "Index Name": "tag_question_site_id_tag_id_question_id_idx", "Relation Name": "tag_question", "Alias": "tq1", "Startup Cost": 0.56, "Total Cost": 61.69, "Plan Rows": 31, "Plan Width": 12, "Actual Startup Time": 0.165, "Actual Total Time": 19.045, "Actual Rows": 7931, "Actual Loops": 1, "Index Cond": "((site_id = t1.site_id) AND (tag_id = t1.id))", "Rows Removed by Index Recheck": 0, "Heap Fetches": 7931, "Workers": []}]}, {"Node Type": "Index Scan", "Parent Relationship": "Inner", "Parallel Aware": false, "Async Capable": false, "Scan Direction": "Forward", "Index Name": "answer_site_id_question_id_idx", "Relation Name": "answer", "Alias": "a1", "Startup Cost": 0.43, "Total Cost": 7.09, "Plan Rows": 1, "Plan Width": 20, "Actual Startup Time": 0.029, "Actual Total Time": 0.036, "Actual Rows": 1, "Actual Loops": 7931, "Index Cond": "((site_id = tq1.site_id) AND (question_id = tq1.question_id))", "Rows Removed by Index Recheck": 0, "Workers": []}]}, {"Node Type": "Index Scan", "Parent Relationship": "Inner", "Parallel Aware": false, "Async Capable": false, "Scan Direction": "Forward", "Index Name": "so_user_pkey", "Relation Name": "so_user", "Alias": "u1", "Startup Cost": 0.44, "Total Cost": 7.12, "Plan Rows": 1, "Plan Width": 12, "Actual Startup Time": 0.002, "Actual Total Time": 0.002, "Actual Rows": 1, "Actual Loops": 4502, "Index Cond": "((id = a1.owner_user_id) AND (site_id = a1.site_id))", "Rows Removed by Index Recheck": 0, "Workers": []}]}, {"Node Type": "Index Scan", "Parent Relationship": "Inner", "Parallel Aware": false, "Async Capable": false, "Scan Direction": "Forward", "Index Name": "account_pkey", "Relation Name": "account", "Alias": "account", "Startup Cost": 0.43, "Total Cost": 7.1, "Plan Rows": 1, "Plan Width": 15, "Actual Startup Time": 0.005, "Actual Total Time": 0.005, "Actual Rows": 1, "Actual Loops": 4502, "Index Cond": "(id = u1.account_id)", "Rows Removed by Index Recheck": 0, "Workers": []}]}]}]}, {"Node Type": "Index Scan", "Parent Relationship": "Inner", "Parallel Aware": false, "Async Capable": false, "Scan Direction": "Forward", "Index Name": "question_pkey", "Relation Name": "question", "Alias": "q1", "Startup Cost": 0.43, "Total Cost": 7.1, "Plan Rows": 1, "Plan Width": 16, "Actual Startup Time": 0.006, "Actual Total Time": 0.006, "Actual Rows": 1, "Actual Loops": 4502, "Index Cond": "((id = tq1.question_id) AND (site_id = tq1.site_id))", "Rows Removed by Index Recheck": 0}]}]}, "Planning Time": 6.776, "Triggers": [], "Execution Time": 373.749}