{"Plan": {"Node Type": "Aggregate", "Strategy": "Plain", "Partial Mode": "Simple", "Parallel Aware": false, "Async Capable": false, "Startup Cost": 4180.85, "Total Cost": 4180.86, "Plan Rows": 1, "Plan Width": 8, "Actual Startup Time": 26.376, "Actual Total Time": 26.799, "Actual Rows": 1, "Actual Loops": 1, "Plans": [{"Node Type": "Sort", "Parent Relationship": "Outer", "Parallel Aware": false, "Async Capable": false, "Startup Cost": 4180.84, "Total Cost": 4180.85, "Plan Rows": 1, "Plan Width": 11, "Actual Startup Time": 26.363, "Actual Total Time": 26.788, "Actual Rows": 46, "Actual Loops": 1, "Sort Key": ["account.display_name"], "Sort Method": "quicksort", "Sort Space Used": 25, "Sort Space Type": "Memory", "Plans": [{"Node Type": "Nested Loop", "Parent Relationship": "Outer", "Parallel Aware": false, "Async Capable": false, "Join Type": "Inner", "Startup Cost": 3991.03, "Total Cost": 4180.83, "Plan Rows": 1, "Plan Width": 11, "Actual Startup Time": 8.146, "Actual Total Time": 26.761, "Actual Rows": 46, "Actual Loops": 1, "Inner Unique": true, "Plans": [{"Node Type": "Gather", "Parent Relationship": "Outer", "Parallel Aware": false, "Async Capable": false, "Startup Cost": 3990.6, "Total Cost": 4173.2, "Plan Rows": 1, "Plan Width": 4, "Actual Startup Time": 8.127, "Actual Total Time": 26.183, "Actual Rows": 46, "Actual Loops": 1, "Workers Planned": 1, "Workers Launched": 1, "Single Copy": false, "Plans": [{"Node Type": "Nested Loop", "Parent Relationship": "Outer", "Parallel Aware": false, "Async Capable": false, "Join Type": "Inner", "Startup Cost": 2990.6, "Total Cost": 3173.1, "Plan Rows": 1, "Plan Width": 4, "Actual Startup Time": 9.019, "Actual Total Time": 22.931, "Actual Rows": 23, "Actual Loops": 2, "Inner Unique": false, "Join Filter": "((c1.score > q1.score) AND (t1.site_id = c1.site_id))", "Rows Removed by Join Filter": 217, "Workers": [], "Plans": [{"Node Type": "Nested Loop", "Parent Relationship": "Outer", "Parallel Aware": false, "Async Capable": false, "Join Type": "Inner", "Startup Cost": 2990.03, "Total Cost": 3165.3, "Plan Rows": 1, "Plan Width": 36, "Actual Startup Time": 6.125, "Actual Total Time": 13.365, "Actual Rows": 50, "Actual Loops": 2, "Inner Unique": true, "Join Filter": "(t1.site_id = u1.site_id)", "Rows Removed by Join Filter": 0, "Workers": [], "Plans": [{"Node Type": "Nested Loop", "Parent Relationship": "Outer", "Parallel Aware": false, "Async Capable": false, "Join Type": "Inner", "Startup Cost": 2989.59, "Total Cost": 3157.65, "Plan Rows": 1, "Plan Width": 32, "Actual Startup Time": 6.042, "Actual Total Time": 10.703, "Actual Rows": 50, "Actual Loops": 2, "Inner Unique": true, "Join Filter": "(t1.site_id = q1.site_id)", "Rows Removed by Join Filter": 0, "Workers": [], "Plans": [{"Node Type": "Nested Loop", "Parent Relationship": "Outer", "Parallel Aware": false, "Async Capable": false, "Join Type": "Inner", "Startup Cost": 2989.16, "Total Cost": 3050.65, "Plan Rows": 14, "Plan Width": 16, "Actual Startup Time": 5.958, "Actual Total Time": 6.88, "Actual Rows": 50, "Actual Loops": 2, "Inner Unique": false, "Workers": [], "Plans": [{"Node Type": "Merge Join", "Parent Relationship": "Outer", "Parallel Aware": false, "Async Capable": false, "Join Type": "Inner", "Startup Cost": 2988.59, "Total Cost": 2988.65, "Plan Rows": 1, "Plan Width": 12, "Actual Startup Time": 5.693, "Actual Total Time": 5.695, "Actual Rows": 2, "Actual Loops": 2, "Inner Unique": true, "Merge Cond": "(t1.site_id = s1.site_id)", "Workers": [], "Plans": [{"Node Type": "Sort", "Parent Relationship": "Outer", "Parallel Aware": false, "Async Capable": false, "Startup Cost": 2985.42, "Total Cost": 2985.44, "Plan Rows": 8, "Plan Width": 8, "Actual Startup Time": 5.679, "Actual Total Time": 5.679, "Actual Rows": 9, "Actual Loops": 2, "Sort Key": ["t1.site_id"], "Sort Method": "quicksort", "Sort Space Used": 25, "Sort Space Type": "Memory", "Workers": [{"Worker Number": 0, "Sort Method": "quicksort", "Sort Space Used": 25, "Sort Space Type": "Memory"}], "Plans": [{"Node Type": "Seq Scan", "Parent Relationship": "Outer", "Parallel Aware": true, "Async Capable": false, "Relation Name": "tag", "Alias": "t1", "Startup Cost": 0.0, "Total Cost": 2985.3, "Plan Rows": 8, "Plan Width": 8, "Actual Startup Time": 0.144, "Actual Total Time": 5.672, "Actual Rows": 20, "Actual Loops": 2, "Filter": "((name)::text = ANY ('{dictionary,curiosities,onomatopoeia,word-formation,possessive}'::text[]))", "Rows Removed by Filter": 93366, "Workers": []}]}, {"Node Type": "Sort", "Parent Relationship": "Inner", "Parallel Aware": false, "Async Capable": false, "Startup Cost": 3.17, "Total Cost": 3.18, "Plan Rows": 1, "Plan Width": 4, "Actual Startup Time": 0.012, "Actual Total Time": 0.012, "Actual Rows": 1, "Actual Loops": 2, "Sort Key": ["s1.site_id"], "Sort Method": "quicksort", "Sort Space Used": 25, "Sort Space Type": "Memory", "Workers": [{"Worker Number": 0, "Sort Method": "quicksort", "Sort Space Used": 25, "Sort Space Type": "Memory"}], "Plans": [{"Node Type": "Seq Scan", "Parent Relationship": "Outer", "Parallel Aware": false, "Async Capable": false, "Relation Name": "site", "Alias": "s1", "Startup Cost": 0.0, "Total Cost": 3.16, "Plan Rows": 1, "Plan Width": 4, "Actual Startup Time": 0.005, "Actual Total Time": 0.008, "Actual Rows": 1, "Actual Loops": 2, "Filter": "((site_name)::text = 'german'::text)", "Rows Removed by Filter": 172, "Workers": []}]}]}, {"Node Type": "Index Only Scan", "Parent Relationship": "Inner", "Parallel Aware": false, "Async Capable": false, "Scan Direction": "Forward", "Index Name": "tag_question_site_id_tag_id_question_id_idx", "Relation Name": "tag_question", "Alias": "tq1", "Startup Cost": 0.56, "Total Cost": 61.69, "Plan Rows": 31, "Plan Width": 12, "Actual Startup Time": 0.14, "Actual Total Time": 0.472, "Actual Rows": 20, "Actual Loops": 5, "Index Cond": "((site_id = t1.site_id) AND (tag_id = t1.id))", "Rows Removed by Index Recheck": 0, "Heap Fetches": 101, "Workers": []}]}, {"Node Type": "Index Scan", "Parent Relationship": "Inner", "Parallel Aware": false, "Async Capable": false, "Scan Direction": "Forward", "Index Name": "question_pkey", "Relation Name": "question", "Alias": "q1", "Startup Cost": 0.43, "Total Cost": 7.63, "Plan Rows": 1, "Plan Width": 16, "Actual Startup Time": 0.075, "Actual Total Time": 0.075, "Actual Rows": 1, "Actual Loops": 101, "Index Cond": "((id = tq1.question_id) AND (site_id = tq1.site_id))", "Rows Removed by Index Recheck": 0, "Workers": []}]}, {"Node Type": "Index Scan", "Parent Relationship": "Inner", "Parallel Aware": false, "Async Capable": false, "Scan Direction": "Forward", "Index Name": "so_user_pkey", "Relation Name": "so_user", "Alias": "u1", "Startup Cost": 0.44, "Total Cost": 7.64, "Plan Rows": 1, "Plan Width": 12, "Actual Startup Time": 0.052, "Actual Total Time": 0.052, "Actual Rows": 1, "Actual Loops": 101, "Index Cond": "((id = q1.owner_user_id) AND (site_id = q1.site_id))", "Rows Removed by Index Recheck": 0, "Workers": []}]}, {"Node Type": "Index Scan", "Parent Relationship": "Inner", "Parallel Aware": false, "Async Capable": false, "Scan Direction": "Forward", "Index Name": "comment_site_id_post_id_idx", "Relation Name": "comment", "Alias": "c1", "Startup Cost": 0.57, "Total Cost": 7.79, "Plan Rows": 1, "Plan Width": 12, "Actual Startup Time": 0.112, "Actual Total Time": 0.189, "Actual Rows": 5, "Actual Loops": 101, "Index Cond": "((site_id = tq1.site_id) AND (post_id = tq1.question_id))", "Rows Removed by Index Recheck": 0, "Workers": []}]}]}, {"Node Type": "Index Scan", "Parent Relationship": "Inner", "Parallel Aware": false, "Async Capable": false, "Scan Direction": "Forward", "Index Name": "account_pkey", "Relation Name": "account", "Alias": "account", "Startup Cost": 0.43, "Total Cost": 7.63, "Plan Rows": 1, "Plan Width": 15, "Actual Startup Time": 0.012, "Actual Total Time": 0.012, "Actual Rows": 1, "Actual Loops": 46, "Index Cond": "(id = u1.account_id)", "Rows Removed by Index Recheck": 0}]}]}]}, "Planning Time": 6.569, "Triggers": [], "Execution Time": 26.862}