{"Plan": {"Node Type": "Aggregate", "Strategy": "Plain", "Partial Mode": "Simple", "Parallel Aware": false, "Async Capable": false, "Startup Cost": 486212.66, "Total Cost": 486212.67, "Plan Rows": 1, "Plan Width": 8, "Actual Startup Time": 622.305, "Actual Total Time": 624.793, "Actual Rows": 1, "Actual Loops": 1, "Plans": [{"Node Type": "Sort", "Parent Relationship": "Outer", "Parallel Aware": false, "Async Capable": false, "Startup Cost": 486212.63, "Total Cost": 486212.65, "Plan Rows": 7, "Plan Width": 11, "Actual Startup Time": 622.289, "Actual Total Time": 624.779, "Actual Rows": 158, "Actual Loops": 1, "Sort Key": ["account.display_name"], "Sort Method": "quicksort", "Sort Space Used": 28, "Sort Space Type": "Memory", "Plans": [{"Node Type": "Gather", "Parent Relationship": "Outer", "Parallel Aware": false, "Async Capable": false, "Startup Cost": 1001.44, "Total Cost": 486212.53, "Plan Rows": 7, "Plan Width": 11, "Actual Startup Time": 622.17, "Actual Total Time": 624.702, "Actual Rows": 158, "Actual Loops": 1, "Workers Planned": 6, "Workers Launched": 6, "Single Copy": false, "Plans": [{"Node Type": "Nested Loop", "Parent Relationship": "Outer", "Parallel Aware": false, "Async Capable": false, "Join Type": "Inner", "Startup Cost": 1.44, "Total Cost": 485211.83, "Plan Rows": 1, "Plan Width": 11, "Actual Startup Time": 587.63, "Actual Total Time": 620.579, "Actual Rows": 23, "Actual Loops": 7, "Inner Unique": true, "Workers": [], "Plans": [{"Node Type": "Nested Loop", "Parent Relationship": "Outer", "Parallel Aware": false, "Async Capable": false, "Join Type": "Inner", "Startup Cost": 1.0, "Total Cost": 485114.87, "Plan Rows": 21, "Plan Width": 4, "Actual Startup Time": 587.607, "Actual Total Time": 619.995, "Actual Rows": 37, "Actual Loops": 7, "Inner Unique": true, "Workers": [], "Plans": [{"Node Type": "Nested Loop", "Parent Relationship": "Outer", "Parallel Aware": false, "Async Capable": false, "Join Type": "Inner", "Startup Cost": 0.56, "Total Cost": 482651.38, "Plan Rows": 513, "Plan Width": 16, "Actual Startup Time": 587.601, "Actual Total Time": 619.608, "Actual Rows": 37, "Actual Loops": 7, "Inner Unique": false, "Workers": [], "Plans": [{"Node Type": "Seq Scan", "Parent Relationship": "Outer", "Parallel Aware": true, "Async Capable": false, "Relation Name": "badge", "Alias": "b2", "Startup Cost": 0.0, "Total Cost": 477779.26, "Plan Rows": 1068, "Plan Width": 16, "Actual Startup Time": 587.578, "Actual Total Time": 616.01, "Actual Rows": 42, "Actual Loops": 7, "Filter": "((name)::text = 'Documentation Beta'::text)", "Rows Removed by Filter": 7319516, "Workers": []}, {"Node Type": "Index Only Scan", "Parent Relationship": "Inner", "Parallel Aware": false, "Async Capable": false, "Scan Direction": "Forward", "Index Name": "badge_pkey", "Relation Name": "badge", "Alias": "b1", "Startup Cost": 0.56, "Total Cost": 4.55, "Plan Rows": 1, "Plan Width": 16, "Actual Startup Time": 0.086, "Actual Total Time": 0.086, "Actual Rows": 1, "Actual Loops": 293, "Index Cond": "((site_id = b2.site_id) AND (user_id = b2.user_id) AND (name = 'Commentator'::text))", "Rows Removed by Index Recheck": 0, "Filter": "(b2.date > (date + '1 year'::interval))", "Rows Removed by Filter": 0, "Heap Fetches": 0, "Workers": []}]}, {"Node Type": "Index Scan", "Parent Relationship": "Inner", "Parallel Aware": false, "Async Capable": false, "Scan Direction": "Forward", "Index Name": "so_user_pkey", "Relation Name": "so_user", "Alias": "so_user", "Startup Cost": 0.44, "Total Cost": 4.8, "Plan Rows": 1, "Plan Width": 12, "Actual Startup Time": 0.01, "Actual Total Time": 0.01, "Actual Rows": 1, "Actual Loops": 259, "Index Cond": "((id = b1.user_id) AND (site_id = b1.site_id))", "Rows Removed by Index Recheck": 0, "Workers": []}]}, {"Node Type": "Index Scan", "Parent Relationship": "Inner", "Parallel Aware": false, "Async Capable": false, "Scan Direction": "Forward", "Index Name": "account_pkey", "Relation Name": "account", "Alias": "account", "Startup Cost": 0.43, "Total Cost": 4.62, "Plan Rows": 1, "Plan Width": 15, "Actual Startup Time": 0.016, "Actual Total Time": 0.016, "Actual Rows": 1, "Actual Loops": 259, "Index Cond": "(id = so_user.account_id)", "Rows Removed by Index Recheck": 0, "Filter": "((website_url)::text <> ''::text)", "Rows Removed by Filter": 0, "Workers": []}]}]}]}]}, "Planning Time": 0.708, "Triggers": [], "Execution Time": 624.837}