{"Plan": {"Node Type": "Aggregate", "Strategy": "Plain", "Partial Mode": "Simple", "Parallel Aware": false, "Async Capable": false, "Startup Cost": 3734.63, "Total Cost": 3734.64, "Plan Rows": 1, "Plan Width": 8, "Actual Startup Time": 7.978, "Actual Total Time": 7.979, "Actual Rows": 1, "Actual Loops": 1, "Plans": [{"Node Type": "Sort", "Parent Relationship": "Outer", "Parallel Aware": false, "Async Capable": false, "Startup Cost": 3734.62, "Total Cost": 3734.62, "Plan Rows": 1, "Plan Width": 4, "Actual Startup Time": 7.975, "Actual Total Time": 7.976, "Actual Rows": 0, "Actual Loops": 1, "Sort Key": ["q1.id"], "Sort Method": "quicksort", "Sort Space Used": 25, "Sort Space Type": "Memory", "Plans": [{"Node Type": "Nested Loop", "Parent Relationship": "Outer", "Parallel Aware": false, "Async Capable": false, "Join Type": "Inner", "Startup Cost": 3.56, "Total Cost": 3734.61, "Plan Rows": 1, "Plan Width": 4, "Actual Startup Time": 7.959, "Actual Total Time": 7.96, "Actual Rows": 0, "Actual Loops": 1, "Inner Unique": false, "Join Filter": "((c1.date > c2.date) AND (pl.post_id_to = c2.post_id) AND (c2.site_id = tag.site_id))", "Rows Removed by Join Filter": 0, "Plans": [{"Node Type": "Nested Loop", "Parent Relationship": "Outer", "Parallel Aware": false, "Async Capable": false, "Join Type": "Inner", "Startup Cost": 3.0, "Total Cost": 3726.44, "Plan Rows": 1, "Plan Width": 56, "Actual Startup Time": 7.959, "Actual Total Time": 7.96, "Actual Rows": 0, "Actual Loops": 1, "Inner Unique": true, "Join Filter": "((tag.id = tq2.tag_id) AND (tag.site_id = tq2.site_id))", "Rows Removed by Join Filter": 0, "Plans": [{"Node Type": "Nested Loop", "Parent Relationship": "Outer", "Parallel Aware": false, "Async Capable": false, "Join Type": "Inner", "Startup Cost": 2.43, "Total Cost": 3718.27, "Plan Rows": 1, "Plan Width": 56, "Actual Startup Time": 7.959, "Actual Total Time": 7.96, "Actual Rows": 0, "Actual Loops": 1, "Inner Unique": true, "Join Filter": "(q2.site_id = tag.site_id)", "Rows Removed by Join Filter": 0, "Plans": [{"Node Type": "Nested Loop", "Parent Relationship": "Outer", "Parallel Aware": false, "Async Capable": false, "Join Type": "Inner", "Startup Cost": 2.0, "Total Cost": 3714.03, "Plan Rows": 1, "Plan Width": 48, "Actual Startup Time": 7.959, "Actual Total Time": 7.96, "Actual Rows": 0, "Actual Loops": 1, "Inner Unique": false, "Join Filter": "(pl.site_id = tag.site_id)", "Rows Removed by Join Filter": 0, "Plans": [{"Node Type": "Nested Loop", "Parent Relationship": "Outer", "Parallel Aware": false, "Async Capable": false, "Join Type": "Inner", "Startup Cost": 1.57, "Total Cost": 3706.0, "Plan Rows": 1, "Plan Width": 48, "Actual Startup Time": 7.959, "Actual Total Time": 7.96, "Actual Rows": 0, "Actual Loops": 1, "Inner Unique": false, "Join Filter": "(c1.site_id = tag.site_id)", "Rows Removed by Join Filter": 0, "Plans": [{"Node Type": "Nested Loop", "Parent Relationship": "Outer", "Parallel Aware": false, "Async Capable": false, "Join Type": "Inner", "Startup Cost": 1.0, "Total Cost": 3697.84, "Plan Rows": 1, "Plan Width": 32, "Actual Startup Time": 7.959, "Actual Total Time": 7.959, "Actual Rows": 0, "Actual Loops": 1, "Inner Unique": true, "Join Filter": "(q1.site_id = tag.site_id)", "Rows Removed by Join Filter": 0, "Plans": [{"Node Type": "Nested Loop", "Parent Relationship": "Outer", "Parallel Aware": false, "Async Capable": false, "Join Type": "Inner", "Startup Cost": 0.56, "Total Cost": 3600.15, "Plan Rows": 23, "Plan Width": 24, "Actual Startup Time": 7.959, "Actual Total Time": 7.959, "Actual Rows": 0, "Actual Loops": 1, "Inner Unique": false, "Plans": [{"Node Type": "Nested Loop", "Parent Relationship": "Outer", "Parallel Aware": false, "Async Capable": false, "Join Type": "Inner", "Startup Cost": 0.0, "Total Cost": 3538.29, "Plan Rows": 1, "Plan Width": 12, "Actual Startup Time": 7.959, "Actual Total Time": 7.959, "Actual Rows": 0, "Actual Loops": 1, "Inner Unique": false, "Join Filter": "(site.site_id = tag.site_id)", "Rows Removed by Join Filter": 58, "Plans": [{"Node Type": "Seq Scan", "Parent Relationship": "Outer", "Parallel Aware": false, "Async Capable": false, "Relation Name": "site", "Alias": "site", "Startup Cost": 0.0, "Total Cost": 3.16, "Plan Rows": 1, "Plan Width": 4, "Actual Startup Time": 0.011, "Actual Total Time": 0.014, "Actual Rows": 1, "Actual Loops": 1, "Filter": "((site_name)::text = 'german'::text)", "Rows Removed by Filter": 172}, {"Node Type": "Seq Scan", "Parent Relationship": "Inner", "Parallel Aware": false, "Async Capable": false, "Relation Name": "tag", "Alias": "tag", "Startup Cost": 0.0, "Total Cost": 3534.62, "Plan Rows": 40, "Plan Width": 8, "Actual Startup Time": 0.07, "Actual Total Time": 7.942, "Actual Rows": 58, "Actual Loops": 1, "Filter": "((name)::text = ANY ('{ios,ruby-on-rails}'::text[]))", "Rows Removed by Filter": 186712}]}, {"Node Type": "Index Only Scan", "Parent Relationship": "Inner", "Parallel Aware": false, "Async Capable": false, "Scan Direction": "Forward", "Index Name": "tag_question_site_id_tag_id_question_id_idx", "Relation Name": "tag_question", "Alias": "tq1", "Startup Cost": 0.56, "Total Cost": 61.55, "Plan Rows": 31, "Plan Width": 12, "Actual Startup Time": 0.0, "Actual Total Time": 0.0, "Actual Rows": 0, "Actual Loops": 0, "Index Cond": "((site_id = tag.site_id) AND (tag_id = tag.id))", "Rows Removed by Index Recheck": 0, "Heap Fetches": 0}]}, {"Node Type": "Index Only Scan", "Parent Relationship": "Inner", "Parallel Aware": false, "Async Capable": false, "Scan Direction": "Forward", "Index Name": "question_pkey", "Relation Name": "question", "Alias": "q1", "Startup Cost": 0.43, "Total Cost": 4.23, "Plan Rows": 1, "Plan Width": 8, "Actual Startup Time": 0.0, "Actual Total Time": 0.0, "Actual Rows": 0, "Actual Loops": 0, "Index Cond": "((id = tq1.question_id) AND (site_id = tq1.site_id))", "Rows Removed by Index Recheck": 0, "Heap Fetches": 0}]}, {"Node Type": "Index Scan", "Parent Relationship": "Inner", "Parallel Aware": false, "Async Capable": false, "Scan Direction": "Forward", "Index Name": "comment_site_id_post_id_idx", "Relation Name": "comment", "Alias": "c1", "Startup Cost": 0.57, "Total Cost": 8.15, "Plan Rows": 1, "Plan Width": 16, "Actual Startup Time": 0.0, "Actual Total Time": 0.0, "Actual Rows": 0, "Actual Loops": 0, "Index Cond": "((site_id = q1.site_id) AND (post_id = q1.id))", "Rows Removed by Index Recheck": 0}]}, {"Node Type": "Index Only Scan", "Parent Relationship": "Inner", "Parallel Aware": false, "Async Capable": false, "Scan Direction": "Forward", "Index Name": "post_link_pkey", "Relation Name": "post_link", "Alias": "pl", "Startup Cost": 0.43, "Total Cost": 8.01, "Plan Rows": 1, "Plan Width": 12, "Actual Startup Time": 0.0, "Actual Total Time": 0.0, "Actual Rows": 0, "Actual Loops": 0, "Index Cond": "((site_id = q1.site_id) AND (post_id_from = q1.id))", "Rows Removed by Index Recheck": 0, "Heap Fetches": 0}]}, {"Node Type": "Index Only Scan", "Parent Relationship": "Inner", "Parallel Aware": false, "Async Capable": false, "Scan Direction": "Forward", "Index Name": "question_pkey", "Relation Name": "question", "Alias": "q2", "Startup Cost": 0.43, "Total Cost": 4.23, "Plan Rows": 1, "Plan Width": 8, "Actual Startup Time": 0.0, "Actual Total Time": 0.0, "Actual Rows": 0, "Actual Loops": 0, "Index Cond": "((id = pl.post_id_to) AND (site_id = pl.site_id))", "Rows Removed by Index Recheck": 0, "Heap Fetches": 0}]}, {"Node Type": "Index Only Scan", "Parent Relationship": "Inner", "Parallel Aware": false, "Async Capable": false, "Scan Direction": "Forward", "Index Name": "tag_question_pkey", "Relation Name": "tag_question", "Alias": "tq2", "Startup Cost": 0.56, "Total Cost": 8.15, "Plan Rows": 1, "Plan Width": 12, "Actual Startup Time": 0.0, "Actual Total Time": 0.0, "Actual Rows": 0, "Actual Loops": 0, "Index Cond": "((site_id = pl.site_id) AND (question_id = pl.post_id_to))", "Rows Removed by Index Recheck": 0, "Heap Fetches": 0}]}, {"Node Type": "Index Scan", "Parent Relationship": "Inner", "Parallel Aware": false, "Async Capable": false, "Scan Direction": "Forward", "Index Name": "comment_site_id_post_id_idx", "Relation Name": "comment", "Alias": "c2", "Startup Cost": 0.57, "Total Cost": 8.15, "Plan Rows": 1, "Plan Width": 16, "Actual Startup Time": 0.0, "Actual Total Time": 0.0, "Actual Rows": 0, "Actual Loops": 0, "Index Cond": "((site_id = tq2.site_id) AND (post_id = tq2.question_id))", "Rows Removed by Index Recheck": 0}]}]}]}, "Planning Time": 193.948, "Triggers": [], "Execution Time": 8.052}