{"Plan": {"Node Type": "Aggregate", "Strategy": "Plain", "Partial Mode": "Simple", "Parallel Aware": false, "Async Capable": false, "Startup Cost": 4079.11, "Total Cost": 4079.12, "Plan Rows": 1, "Plan Width": 8, "Actual Startup Time": 4340.123, "Actual Total Time": 4340.27, "Actual Rows": 1, "Actual Loops": 1, "Plans": [{"Node Type": "Nested Loop", "Parent Relationship": "Outer", "Parallel Aware": false, "Async Capable": false, "Join Type": "Anti", "Startup Cost": 3746.8, "Total Cost": 4079.11, "Plan Rows": 1, "Plan Width": 4, "Actual Startup Time": 379.009, "Actual Total Time": 4340.23, "Actual Rows": 37, "Actual Loops": 1, "Inner Unique": false, "Plans": [{"Node Type": "Nested Loop", "Parent Relationship": "Outer", "Parallel Aware": false, "Async Capable": false, "Join Type": "Inner", "Startup Cost": 3746.37, "Total Cost": 4073.88, "Plan Rows": 1, "Plan Width": 12, "Actual Startup Time": 130.325, "Actual Total Time": 4339.079, "Actual Rows": 73, "Actual Loops": 1, "Inner Unique": false, "Join Filter": "(site.site_id = pl.site_id)", "Rows Removed by Join Filter": 0, "Plans": [{"Node Type": "Nested Loop", "Parent Relationship": "Outer", "Parallel Aware": false, "Async Capable": false, "Join Type": "Inner", "Startup Cost": 3745.94, "Total Cost": 3752.74, "Plan Rows": 1, "Plan Width": 32, "Actual Startup Time": 47.754, "Actual Total Time": 85.037, "Actual Rows": 295, "Actual Loops": 1, "Inner Unique": true, "Plans": [{"Node Type": "Gather Merge", "Parent Relationship": "Outer", "Parallel Aware": false, "Async Capable": false, "Startup Cost": 3745.51, "Total Cost": 3745.62, "Plan Rows": 1, "Plan Width": 32, "Actual Startup Time": 47.739, "Actual Total Time": 48.244, "Actual Rows": 1178, "Actual Loops": 1, "Workers Planned": 1, "Workers Launched": 1, "Plans": [{"Node Type": "Sort", "Parent Relationship": "Outer", "Parallel Aware": false, "Async Capable": false, "Startup Cost": 2745.5, "Total Cost": 2745.5, "Plan Rows": 1, "Plan Width": 32, "Actual Startup Time": 25.027, "Actual Total Time": 25.154, "Actual Rows": 589, "Actual Loops": 2, "Sort Key": ["so_user.account_id"], "Sort Method": "quicksort", "Sort Space Used": 113, "Sort Space Type": "Memory", "Workers": [{"Worker Number": 0, "Sort Method": "quicksort", "Sort Space Used": 25, "Sort Space Type": "Memory"}], "Plans": [{"Node Type": "Nested Loop", "Parent Relationship": "Outer", "Parallel Aware": false, "Async Capable": false, "Join Type": "Inner", "Startup Cost": 2577.93, "Total Cost": 2745.49, "Plan Rows": 1, "Plan Width": 32, "Actual Startup Time": 6.857, "Actual Total Time": 24.94, "Actual Rows": 589, "Actual Loops": 2, "Inner Unique": true, "Join Filter": "(site.site_id = so_user.site_id)", "Rows Removed by Join Filter": 0, "Workers": [], "Plans": [{"Node Type": "Nested Loop", "Parent Relationship": "Outer", "Parallel Aware": false, "Async Capable": false, "Join Type": "Inner", "Startup Cost": 2577.49, "Total Cost": 2738.35, "Plan Rows": 1, "Plan Width": 28, "Actual Startup Time": 6.841, "Actual Total Time": 18.325, "Actual Rows": 1155, "Actual Loops": 2, "Inner Unique": true, "Join Filter": "(site.site_id = q.site_id)", "Rows Removed by Join Filter": 0, "Workers": [], "Plans": [{"Node Type": "Nested Loop", "Parent Relationship": "Outer", "Parallel Aware": false, "Async Capable": false, "Join Type": "Inner", "Startup Cost": 2577.06, "Total Cost": 2638.59, "Plan Rows": 14, "Plan Width": 16, "Actual Startup Time": 3.271, "Actual Total Time": 7.138, "Actual Rows": 1497, "Actual Loops": 2, "Inner Unique": false, "Join Filter": "(site.site_id = tq.site_id)", "Rows Removed by Join Filter": 0, "Workers": [], "Plans": [{"Node Type": "Merge Join", "Parent Relationship": "Outer", "Parallel Aware": false, "Async Capable": false, "Join Type": "Inner", "Startup Cost": 2576.49, "Total Cost": 2576.52, "Plan Rows": 1, "Plan Width": 12, "Actual Startup Time": 3.167, "Actual Total Time": 3.171, "Actual Rows": 0, "Actual Loops": 2, "Inner Unique": true, "Merge Cond": "(tag.site_id = site.site_id)", "Workers": [], "Plans": [{"Node Type": "Sort", "Parent Relationship": "Outer", "Parallel Aware": false, "Async Capable": false, "Startup Cost": 2573.32, "Total Cost": 2573.32, "Plan Rows": 2, "Plan Width": 8, "Actual Startup Time": 3.154, "Actual Total Time": 3.155, "Actual Rows": 4, "Actual Loops": 2, "Sort Key": ["tag.site_id"], "Sort Method": "quicksort", "Sort Space Used": 25, "Sort Space Type": "Memory", "Workers": [{"Worker Number": 0, "Sort Method": "quicksort", "Sort Space Used": 25, "Sort Space Type": "Memory"}], "Plans": [{"Node Type": "Seq Scan", "Parent Relationship": "Outer", "Parallel Aware": true, "Async Capable": false, "Relation Name": "tag", "Alias": "tag", "Startup Cost": 0.0, "Total Cost": 2573.31, "Plan Rows": 2, "Plan Width": 8, "Actual Startup Time": 0.851, "Actual Total Time": 3.15, "Actual Rows": 4, "Actual Loops": 2, "Filter": "((name)::text = 'aes'::text)", "Rows Removed by Filter": 93380, "Workers": []}]}, {"Node Type": "Sort", "Parent Relationship": "Inner", "Parallel Aware": false, "Async Capable": false, "Startup Cost": 3.17, "Total Cost": 3.18, "Plan Rows": 1, "Plan Width": 4, "Actual Startup Time": 0.011, "Actual Total Time": 0.012, "Actual Rows": 1, "Actual Loops": 2, "Sort Key": ["site.site_id"], "Sort Method": "quicksort", "Sort Space Used": 25, "Sort Space Type": "Memory", "Workers": [{"Worker Number": 0, "Sort Method": "quicksort", "Sort Space Used": 25, "Sort Space Type": "Memory"}], "Plans": [{"Node Type": "Seq Scan", "Parent Relationship": "Outer", "Parallel Aware": false, "Async Capable": false, "Relation Name": "site", "Alias": "site", "Startup Cost": 0.0, "Total Cost": 3.16, "Plan Rows": 1, "Plan Width": 4, "Actual Startup Time": 0.007, "Actual Total Time": 0.008, "Actual Rows": 1, "Actual Loops": 2, "Filter": "((site_name)::text = 'stackoverflow'::text)", "Rows Removed by Filter": 172, "Workers": []}]}]}, {"Node Type": "Index Only Scan", "Parent Relationship": "Inner", "Parallel Aware": false, "Async Capable": false, "Scan Direction": "Forward", "Index Name": "tag_question_site_id_tag_id_question_id_idx", "Relation Name": "tag_question", "Alias": "tq", "Startup Cost": 0.56, "Total Cost": 61.69, "Plan Rows": 31, "Plan Width": 12, "Actual Startup Time": 0.205, "Actual Total Time": 7.77, "Actual Rows": 2994, "Actual Loops": 1, "Index Cond": "((site_id = tag.site_id) AND (tag_id = tag.id))", "Rows Removed by Index Recheck": 0, "Heap Fetches": 2994, "Workers": []}]}, {"Node Type": "Index Scan", "Parent Relationship": "Inner", "Parallel Aware": false, "Async Capable": false, "Scan Direction": "Forward", "Index Name": "question_pkey", "Relation Name": "question", "Alias": "q", "Startup Cost": 0.43, "Total Cost": 7.11, "Plan Rows": 1, "Plan Width": 12, "Actual Startup Time": 0.007, "Actual Total Time": 0.007, "Actual Rows": 1, "Actual Loops": 2994, "Index Cond": "((id = tq.question_id) AND (site_id = tq.site_id))", "Rows Removed by Index Recheck": 0, "Filter": "(creation_date > '2013-01-01'::date)", "Rows Removed by Filter": 0, "Workers": []}]}, {"Node Type": "Index Scan", "Parent Relationship": "Inner", "Parallel Aware": false, "Async Capable": false, "Scan Direction": "Forward", "Index Name": "so_user_pkey", "Relation Name": "so_user", "Alias": "so_user", "Startup Cost": 0.44, "Total Cost": 7.12, "Plan Rows": 1, "Plan Width": 12, "Actual Startup Time": 0.006, "Actual Total Time": 0.006, "Actual Rows": 1, "Actual Loops": 2310, "Index Cond": "((id = q.owner_user_id) AND (site_id = q.site_id))", "Rows Removed by Index Recheck": 0, "Filter": "(reputation > 87)", "Rows Removed by Filter": 0, "Workers": []}]}]}]}, {"Node Type": "Index Scan", "Parent Relationship": "Inner", "Parallel Aware": false, "Async Capable": false, "Scan Direction": "Forward", "Index Name": "account_pkey", "Relation Name": "account", "Alias": "account", "Startup Cost": 0.43, "Total Cost": 7.11, "Plan Rows": 1, "Plan Width": 4, "Actual Startup Time": 0.031, "Actual Total Time": 0.031, "Actual Rows": 0, "Actual Loops": 1178, "Index Cond": "(id = so_user.account_id)", "Rows Removed by Index Recheck": 0, "Filter": "((website_url)::text <> ''::text)", "Rows Removed by Filter": 1}]}, {"Node Type": "Index Only Scan", "Parent Relationship": "Inner", "Parallel Aware": false, "Async Capable": false, "Scan Direction": "Forward", "Index Name": "post_link_pkey", "Relation Name": "post_link", "Alias": "pl", "Startup Cost": 0.43, "Total Cost": 321.14, "Plan Rows": 1, "Plan Width": 8, "Actual Startup Time": 13.472, "Actual Total Time": 14.42, "Actual Rows": 0, "Actual Loops": 295, "Index Cond": "((site_id = q.site_id) AND (post_id_to = q.id))", "Rows Removed by Index Recheck": 0, "Heap Fetches": 73}]}, {"Node Type": "Index Only Scan", "Parent Relationship": "Inner", "Parallel Aware": false, "Async Capable": false, "Scan Direction": "Forward", "Index Name": "answer_site_id_question_id_idx", "Relation Name": "answer", "Alias": "a", "Startup Cost": 0.43, "Total Cost": 3.77, "Plan Rows": 1, "Plan Width": 8, "Actual Startup Time": 0.015, "Actual Total Time": 0.015, "Actual Rows": 0, "Actual Loops": 73, "Index Cond": "((site_id = q.site_id) AND (question_id = q.id))", "Rows Removed by Index Recheck": 0, "Heap Fetches": 0}]}]}, "Planning Time": 10.545, "Triggers": [], "Execution Time": 4340.362}