{"Plan": {"Node Type": "Aggregate", "Strategy": "Plain", "Partial Mode": "Simple", "Parallel Aware": false, "Async Capable": false, "Startup Cost": 52960.07, "Total Cost": 52960.08, "Plan Rows": 1, "Plan Width": 8, "Actual Startup Time": 80.138, "Actual Total Time": 83.361, "Actual Rows": 1, "Actual Loops": 1, "Plans": [{"Node Type": "Gather Merge", "Parent Relationship": "Outer", "Parallel Aware": false, "Async Capable": false, "Startup Cost": 52953.79, "Total Cost": 52959.94, "Plan Rows": 52, "Plan Width": 4, "Actual Startup Time": 80.123, "Actual Total Time": 83.35, "Actual Rows": 40, "Actual Loops": 1, "Workers Planned": 3, "Workers Launched": 3, "Plans": [{"Node Type": "Sort", "Parent Relationship": "Outer", "Parallel Aware": false, "Async Capable": false, "Startup Cost": 51953.75, "Total Cost": 51953.79, "Plan Rows": 17, "Plan Width": 4, "Actual Startup Time": 78.305, "Actual Total Time": 78.311, "Actual Rows": 10, "Actual Loops": 4, "Sort Key": ["q1.id"], "Sort Method": "quicksort", "Sort Space Used": 25, "Sort Space Type": "Memory", "Workers": [{"Worker Number": 0, "Sort Method": "quicksort", "Sort Space Used": 25, "Sort Space Type": "Memory"}, {"Worker Number": 1, "Sort Method": "quicksort", "Sort Space Used": 25, "Sort Space Type": "Memory"}, {"Worker Number": 2, "Sort Method": "quicksort", "Sort Space Used": 25, "Sort Space Type": "Memory"}], "Plans": [{"Node Type": "Nested Loop", "Parent Relationship": "Outer", "Parallel Aware": false, "Async Capable": false, "Join Type": "Semi", "Startup Cost": 23786.16, "Total Cost": 51953.4, "Plan Rows": 17, "Plan Width": 4, "Actual Startup Time": 69.215, "Actual Total Time": 78.298, "Actual Rows": 10, "Actual Loops": 4, "Inner Unique": false, "Join Filter": "(pl1.post_id_from = comment_2.post_id)", "Rows Removed by Join Filter": 0, "Workers": [], "Plans": [{"Node Type": "Nested Loop", "Parent Relationship": "Outer", "Parallel Aware": false, "Async Capable": false, "Join Type": "Semi", "Startup Cost": 23785.59, "Total Cost": 51936.8, "Plan Rows": 17, "Plan Width": 40, "Actual Startup Time": 69.213, "Actual Total Time": 78.239, "Actual Rows": 10, "Actual Loops": 4, "Inner Unique": false, "Join Filter": "(q1.site_id = comment_1.site_id)", "Rows Removed by Join Filter": 0, "Workers": [], "Plans": [{"Node Type": "Nested Loop", "Parent Relationship": "Outer", "Parallel Aware": false, "Async Capable": false, "Join Type": "Semi", "Startup Cost": 23785.03, "Total Cost": 51920.21, "Plan Rows": 17, "Plan Width": 48, "Actual Startup Time": 69.211, "Actual Total Time": 78.222, "Actual Rows": 10, "Actual Loops": 4, "Inner Unique": false, "Join Filter": "(q1.site_id = comment.site_id)", "Rows Removed by Join Filter": 0, "Workers": [], "Plans": [{"Node Type": "Nested Loop", "Parent Relationship": "Outer", "Parallel Aware": false, "Async Capable": false, "Join Type": "Inner", "Startup Cost": 23784.46, "Total Cost": 51903.61, "Plan Rows": 17, "Plan Width": 52, "Actual Startup Time": 69.155, "Actual Total Time": 78.113, "Actual Rows": 10, "Actual Loops": 4, "Inner Unique": true, "Join Filter": "(q1.site_id = q2.site_id)", "Rows Removed by Join Filter": 0, "Workers": [], "Plans": [{"Node Type": "Nested Loop", "Parent Relationship": "Outer", "Parallel Aware": false, "Async Capable": false, "Join Type": "Inner", "Startup Cost": 23784.02, "Total Cost": 51830.27, "Plan Rows": 17, "Plan Width": 44, "Actual Startup Time": 69.147, "Actual Total Time": 78.093, "Actual Rows": 10, "Actual Loops": 4, "Inner Unique": true, "Join Filter": "((q1.score > q3.score) AND (q1.site_id = q3.site_id))", "Rows Removed by Join Filter": 24, "Workers": [], "Plans": [{"Node Type": "Nested Loop", "Parent Relationship": "Outer", "Parallel Aware": false, "Async Capable": false, "Join Type": "Inner", "Startup Cost": 23783.59, "Total Cost": 51421.99, "Plan Rows": 50, "Plan Width": 40, "Actual Startup Time": 69.085, "Actual Total Time": 77.826, "Actual Rows": 34, "Actual Loops": 4, "Inner Unique": true, "Join Filter": "(site.site_id = q1.site_id)", "Rows Removed by Join Filter": 0, "Workers": [], "Plans": [{"Node Type": "Hash Join", "Parent Relationship": "Outer", "Parallel Aware": true, "Async Capable": false, "Join Type": "Inner", "Startup Cost": 23783.15, "Total Cost": 51013.84, "Plan Rows": 50, "Plan Width": 28, "Actual Startup Time": 68.693, "Actual Total Time": 77.045, "Actual Rows": 34, "Actual Loops": 4, "Inner Unique": false, "Hash Cond": "((pl1.site_id = site.site_id) AND (pl1.post_id_to = pl2.post_id_from))", "Workers": [], "Plans": [{"Node Type": "Seq Scan", "Parent Relationship": "Outer", "Parallel Aware": true, "Async Capable": false, "Relation Name": "post_link", "Alias": "pl1", "Startup Cost": 0.0, "Total Cost": 21752.3, "Plan Rows": 730430, "Plan Width": 12, "Actual Startup Time": 0.005, "Actual Total Time": 19.871, "Actual Rows": 566083, "Actual Loops": 4, "Workers": []}, {"Node Type": "Hash", "Parent Relationship": "Inner", "Parallel Aware": true, "Async Capable": false, "Startup Cost": 23719.82, "Total Cost": 23719.82, "Plan Rows": 4222, "Plan Width": 16, "Actual Startup Time": 37.459, "Actual Total Time": 37.461, "Actual Rows": 40, "Actual Loops": 4, "Hash Buckets": 16384, "Original Hash Buckets": 16384, "Hash Batches": 1, "Original Hash Batches": 1, "Peak Memory Usage": 160, "Workers": [], "Plans": [{"Node Type": "Hash Join", "Parent Relationship": "Outer", "Parallel Aware": false, "Async Capable": false, "Join Type": "Inner", "Startup Cost": 3.18, "Total Cost": 23719.82, "Plan Rows": 4222, "Plan Width": 16, "Actual Startup Time": 28.64, "Actual Total Time": 37.434, "Actual Rows": 40, "Actual Loops": 4, "Inner Unique": true, "Hash Cond": "(pl2.site_id = site.site_id)", "Workers": [], "Plans": [{"Node Type": "Seq Scan", "Parent Relationship": "Outer", "Parallel Aware": true, "Async Capable": false, "Relation Name": "post_link", "Alias": "pl2", "Startup Cost": 0.0, "Total Cost": 21752.3, "Plan Rows": 730430, "Plan Width": 12, "Actual Startup Time": 0.007, "Actual Total Time": 22.255, "Actual Rows": 566083, "Actual Loops": 4, "Workers": []}, {"Node Type": "Hash", "Parent Relationship": "Inner", "Parallel Aware": false, "Async Capable": false, "Startup Cost": 3.16, "Total Cost": 3.16, "Plan Rows": 1, "Plan Width": 4, "Actual Startup Time": 0.015, "Actual Total Time": 0.016, "Actual Rows": 1, "Actual Loops": 4, "Hash Buckets": 1024, "Original Hash Buckets": 1024, "Hash Batches": 1, "Original Hash Batches": 1, "Peak Memory Usage": 9, "Workers": [], "Plans": [{"Node Type": "Seq Scan", "Parent Relationship": "Outer", "Parallel Aware": false, "Async Capable": false, "Relation Name": "site", "Alias": "site", "Startup Cost": 0.0, "Total Cost": 3.16, "Plan Rows": 1, "Plan Width": 4, "Actual Startup Time": 0.008, "Actual Total Time": 0.011, "Actual Rows": 1, "Actual Loops": 4, "Filter": "((site_name)::text = 'cseducators'::text)", "Rows Removed by Filter": 172, "Workers": []}]}]}]}]}, {"Node Type": "Index Scan", "Parent Relationship": "Inner", "Parallel Aware": false, "Async Capable": false, "Scan Direction": "Forward", "Index Name": "question_pkey", "Relation Name": "question", "Alias": "q1", "Startup Cost": 0.43, "Total Cost": 8.15, "Plan Rows": 1, "Plan Width": 12, "Actual Startup Time": 0.022, "Actual Total Time": 0.022, "Actual Rows": 1, "Actual Loops": 138, "Index Cond": "((id = pl1.post_id_from) AND (site_id = pl1.site_id))", "Rows Removed by Index Recheck": 0, "Workers": []}]}, {"Node Type": "Index Scan", "Parent Relationship": "Inner", "Parallel Aware": false, "Async Capable": false, "Scan Direction": "Forward", "Index Name": "question_pkey", "Relation Name": "question", "Alias": "q3", "Startup Cost": 0.43, "Total Cost": 8.15, "Plan Rows": 1, "Plan Width": 12, "Actual Startup Time": 0.007, "Actual Total Time": 0.008, "Actual Rows": 1, "Actual Loops": 138, "Index Cond": "((id = pl2.post_id_to) AND (site_id = pl2.site_id))", "Rows Removed by Index Recheck": 0, "Workers": []}]}, {"Node Type": "Index Only Scan", "Parent Relationship": "Inner", "Parallel Aware": false, "Async Capable": false, "Scan Direction": "Forward", "Index Name": "question_pkey", "Relation Name": "question", "Alias": "q2", "Startup Cost": 0.43, "Total Cost": 4.3, "Plan Rows": 1, "Plan Width": 8, "Actual Startup Time": 0.002, "Actual Total Time": 0.002, "Actual Rows": 1, "Actual Loops": 42, "Index Cond": "((id = pl1.post_id_to) AND (site_id = pl1.site_id))", "Rows Removed by Index Recheck": 0, "Heap Fetches": 0, "Workers": []}]}, {"Node Type": "Index Only Scan", "Parent Relationship": "Inner", "Parallel Aware": false, "Async Capable": false, "Scan Direction": "Forward", "Index Name": "comment_site_id_post_id_idx", "Relation Name": "comment", "Alias": "comment", "Startup Cost": 0.57, "Total Cost": 4.44, "Plan Rows": 1, "Plan Width": 8, "Actual Startup Time": 0.01, "Actual Total Time": 0.01, "Actual Rows": 1, "Actual Loops": 42, "Index Cond": "((site_id = pl2.site_id) AND (post_id = pl2.post_id_to))", "Rows Removed by Index Recheck": 0, "Heap Fetches": 0, "Workers": []}]}, {"Node Type": "Index Only Scan", "Parent Relationship": "Inner", "Parallel Aware": false, "Async Capable": false, "Scan Direction": "Forward", "Index Name": "comment_site_id_post_id_idx", "Relation Name": "comment", "Alias": "comment_1", "Startup Cost": 0.57, "Total Cost": 4.44, "Plan Rows": 1, "Plan Width": 8, "Actual Startup Time": 0.001, "Actual Total Time": 0.001, "Actual Rows": 1, "Actual Loops": 40, "Index Cond": "((site_id = pl1.site_id) AND (post_id = pl1.post_id_to))", "Rows Removed by Index Recheck": 0, "Heap Fetches": 0, "Workers": []}]}, {"Node Type": "Index Only Scan", "Parent Relationship": "Inner", "Parallel Aware": false, "Async Capable": false, "Scan Direction": "Forward", "Index Name": "comment_site_id_post_id_idx", "Relation Name": "comment", "Alias": "comment_2", "Startup Cost": 0.57, "Total Cost": 4.44, "Plan Rows": 1, "Plan Width": 8, "Actual Startup Time": 0.006, "Actual Total Time": 0.006, "Actual Rows": 1, "Actual Loops": 40, "Index Cond": "((site_id = q1.site_id) AND (post_id = q1.id))", "Rows Removed by Index Recheck": 0, "Heap Fetches": 0, "Workers": []}]}]}]}]}, "Planning Time": 90.283, "Triggers": [], "Execution Time": 83.47}