{"Plan": {"Node Type": "Aggregate", "Strategy": "Plain", "Partial Mode": "Simple", "Parallel Aware": false, "Async Capable": false, "Startup Cost": 52960.07, "Total Cost": 52960.08, "Plan Rows": 1, "Plan Width": 8, "Actual Startup Time": 100.108, "Actual Total Time": 103.592, "Actual Rows": 1, "Actual Loops": 1, "Plans": [{"Node Type": "Gather Merge", "Parent Relationship": "Outer", "Parallel Aware": false, "Async Capable": false, "Startup Cost": 52953.79, "Total Cost": 52959.94, "Plan Rows": 52, "Plan Width": 4, "Actual Startup Time": 100.064, "Actual Total Time": 103.572, "Actual Rows": 464, "Actual Loops": 1, "Workers Planned": 3, "Workers Launched": 3, "Plans": [{"Node Type": "Sort", "Parent Relationship": "Outer", "Parallel Aware": false, "Async Capable": false, "Startup Cost": 51953.75, "Total Cost": 51953.79, "Plan Rows": 17, "Plan Width": 4, "Actual Startup Time": 98.045, "Actual Total Time": 98.055, "Actual Rows": 116, "Actual Loops": 4, "Sort Key": ["q1.id"], "Sort Method": "quicksort", "Sort Space Used": 25, "Sort Space Type": "Memory", "Workers": [{"Worker Number": 0, "Sort Method": "quicksort", "Sort Space Used": 25, "Sort Space Type": "Memory"}, {"Worker Number": 1, "Sort Method": "quicksort", "Sort Space Used": 25, "Sort Space Type": "Memory"}, {"Worker Number": 2, "Sort Method": "quicksort", "Sort Space Used": 25, "Sort Space Type": "Memory"}], "Plans": [{"Node Type": "Nested Loop", "Parent Relationship": "Outer", "Parallel Aware": false, "Async Capable": false, "Join Type": "Semi", "Startup Cost": 23786.16, "Total Cost": 51953.4, "Plan Rows": 17, "Plan Width": 4, "Actual Startup Time": 43.855, "Actual Total Time": 98.033, "Actual Rows": 116, "Actual Loops": 4, "Inner Unique": false, "Join Filter": "(pl1.post_id_from = comment_2.post_id)", "Rows Removed by Join Filter": 0, "Workers": [], "Plans": [{"Node Type": "Nested Loop", "Parent Relationship": "Outer", "Parallel Aware": false, "Async Capable": false, "Join Type": "Semi", "Startup Cost": 23785.59, "Total Cost": 51936.8, "Plan Rows": 17, "Plan Width": 40, "Actual Startup Time": 43.722, "Actual Total Time": 97.507, "Actual Rows": 135, "Actual Loops": 4, "Inner Unique": false, "Join Filter": "(q1.site_id = comment_1.site_id)", "Rows Removed by Join Filter": 0, "Workers": [], "Plans": [{"Node Type": "Nested Loop", "Parent Relationship": "Outer", "Parallel Aware": false, "Async Capable": false, "Join Type": "Semi", "Startup Cost": 23785.03, "Total Cost": 51920.21, "Plan Rows": 17, "Plan Width": 48, "Actual Startup Time": 43.635, "Actual Total Time": 96.966, "Actual Rows": 158, "Actual Loops": 4, "Inner Unique": false, "Join Filter": "(q1.site_id = comment.site_id)", "Rows Removed by Join Filter": 0, "Workers": [], "Plans": [{"Node Type": "Nested Loop", "Parent Relationship": "Outer", "Parallel Aware": false, "Async Capable": false, "Join Type": "Inner", "Startup Cost": 23784.46, "Total Cost": 51903.61, "Plan Rows": 17, "Plan Width": 52, "Actual Startup Time": 43.511, "Actual Total Time": 95.956, "Actual Rows": 191, "Actual Loops": 4, "Inner Unique": true, "Join Filter": "(q1.site_id = q2.site_id)", "Rows Removed by Join Filter": 0, "Workers": [], "Plans": [{"Node Type": "Nested Loop", "Parent Relationship": "Outer", "Parallel Aware": false, "Async Capable": false, "Join Type": "Inner", "Startup Cost": 23784.02, "Total Cost": 51830.27, "Plan Rows": 17, "Plan Width": 44, "Actual Startup Time": 43.489, "Actual Total Time": 95.699, "Actual Rows": 191, "Actual Loops": 4, "Inner Unique": true, "Join Filter": "((q1.score > q3.score) AND (q1.site_id = q3.site_id))", "Rows Removed by Join Filter": 978, "Workers": [], "Plans": [{"Node Type": "Nested Loop", "Parent Relationship": "Outer", "Parallel Aware": false, "Async Capable": false, "Join Type": "Inner", "Startup Cost": 23783.59, "Total Cost": 51421.99, "Plan Rows": 50, "Plan Width": 40, "Actual Startup Time": 42.8, "Actual Total Time": 89.495, "Actual Rows": 1169, "Actual Loops": 4, "Inner Unique": true, "Join Filter": "(site.site_id = q1.site_id)", "Rows Removed by Join Filter": 0, "Workers": [], "Plans": [{"Node Type": "Hash Join", "Parent Relationship": "Outer", "Parallel Aware": true, "Async Capable": false, "Join Type": "Inner", "Startup Cost": 23783.15, "Total Cost": 51013.84, "Plan Rows": 50, "Plan Width": 28, "Actual Startup Time": 41.292, "Actual Total Time": 83.52, "Actual Rows": 1169, "Actual Loops": 4, "Inner Unique": false, "Hash Cond": "((pl1.site_id = site.site_id) AND (pl1.post_id_to = pl2.post_id_from))", "Workers": [], "Plans": [{"Node Type": "Seq Scan", "Parent Relationship": "Outer", "Parallel Aware": true, "Async Capable": false, "Relation Name": "post_link", "Alias": "pl1", "Startup Cost": 0.0, "Total Cost": 21752.3, "Plan Rows": 730430, "Plan Width": 12, "Actual Startup Time": 0.005, "Actual Total Time": 21.715, "Actual Rows": 566083, "Actual Loops": 4, "Workers": []}, {"Node Type": "Hash", "Parent Relationship": "Inner", "Parallel Aware": true, "Async Capable": false, "Startup Cost": 23719.82, "Total Cost": 23719.82, "Plan Rows": 4222, "Plan Width": 16, "Actual Startup Time": 39.483, "Actual Total Time": 39.485, "Actual Rows": 1412, "Actual Loops": 4, "Hash Buckets": 16384, "Original Hash Buckets": 16384, "Hash Batches": 1, "Original Hash Batches": 1, "Peak Memory Usage": 416, "Workers": [], "Plans": [{"Node Type": "Hash Join", "Parent Relationship": "Outer", "Parallel Aware": false, "Async Capable": false, "Join Type": "Inner", "Startup Cost": 3.18, "Total Cost": 23719.82, "Plan Rows": 4222, "Plan Width": 16, "Actual Startup Time": 1.621, "Actual Total Time": 39.359, "Actual Rows": 1412, "Actual Loops": 4, "Inner Unique": true, "Hash Cond": "(pl2.site_id = site.site_id)", "Workers": [], "Plans": [{"Node Type": "Seq Scan", "Parent Relationship": "Outer", "Parallel Aware": true, "Async Capable": false, "Relation Name": "post_link", "Alias": "pl2", "Startup Cost": 0.0, "Total Cost": 21752.3, "Plan Rows": 730430, "Plan Width": 12, "Actual Startup Time": 0.012, "Actual Total Time": 24.179, "Actual Rows": 566083, "Actual Loops": 4, "Workers": []}, {"Node Type": "Hash", "Parent Relationship": "Inner", "Parallel Aware": false, "Async Capable": false, "Startup Cost": 3.16, "Total Cost": 3.16, "Plan Rows": 1, "Plan Width": 4, "Actual Startup Time": 0.013, "Actual Total Time": 0.014, "Actual Rows": 1, "Actual Loops": 4, "Hash Buckets": 1024, "Original Hash Buckets": 1024, "Hash Batches": 1, "Original Hash Batches": 1, "Peak Memory Usage": 9, "Workers": [], "Plans": [{"Node Type": "Seq Scan", "Parent Relationship": "Outer", "Parallel Aware": false, "Async Capable": false, "Relation Name": "site", "Alias": "site", "Startup Cost": 0.0, "Total Cost": 3.16, "Plan Rows": 1, "Plan Width": 4, "Actual Startup Time": 0.006, "Actual Total Time": 0.01, "Actual Rows": 1, "Actual Loops": 4, "Filter": "((site_name)::text = 'aviation'::text)", "Rows Removed by Filter": 172, "Workers": []}]}]}]}]}, {"Node Type": "Index Scan", "Parent Relationship": "Inner", "Parallel Aware": false, "Async Capable": false, "Scan Direction": "Forward", "Index Name": "question_pkey", "Relation Name": "question", "Alias": "q1", "Startup Cost": 0.43, "Total Cost": 8.15, "Plan Rows": 1, "Plan Width": 12, "Actual Startup Time": 0.005, "Actual Total Time": 0.005, "Actual Rows": 1, "Actual Loops": 4675, "Index Cond": "((id = pl1.post_id_from) AND (site_id = pl1.site_id))", "Rows Removed by Index Recheck": 0, "Workers": []}]}, {"Node Type": "Index Scan", "Parent Relationship": "Inner", "Parallel Aware": false, "Async Capable": false, "Scan Direction": "Forward", "Index Name": "question_pkey", "Relation Name": "question", "Alias": "q3", "Startup Cost": 0.43, "Total Cost": 8.15, "Plan Rows": 1, "Plan Width": 12, "Actual Startup Time": 0.005, "Actual Total Time": 0.005, "Actual Rows": 1, "Actual Loops": 4675, "Index Cond": "((id = pl2.post_id_to) AND (site_id = pl2.site_id))", "Rows Removed by Index Recheck": 0, "Workers": []}]}, {"Node Type": "Index Only Scan", "Parent Relationship": "Inner", "Parallel Aware": false, "Async Capable": false, "Scan Direction": "Forward", "Index Name": "question_pkey", "Relation Name": "question", "Alias": "q2", "Startup Cost": 0.43, "Total Cost": 4.3, "Plan Rows": 1, "Plan Width": 8, "Actual Startup Time": 0.001, "Actual Total Time": 0.001, "Actual Rows": 1, "Actual Loops": 765, "Index Cond": "((id = pl1.post_id_to) AND (site_id = pl1.site_id))", "Rows Removed by Index Recheck": 0, "Heap Fetches": 0, "Workers": []}]}, {"Node Type": "Index Only Scan", "Parent Relationship": "Inner", "Parallel Aware": false, "Async Capable": false, "Scan Direction": "Forward", "Index Name": "comment_site_id_post_id_idx", "Relation Name": "comment", "Alias": "comment", "Startup Cost": 0.57, "Total Cost": 4.44, "Plan Rows": 1, "Plan Width": 8, "Actual Startup Time": 0.005, "Actual Total Time": 0.005, "Actual Rows": 1, "Actual Loops": 765, "Index Cond": "((site_id = pl2.site_id) AND (post_id = pl2.post_id_to))", "Rows Removed by Index Recheck": 0, "Heap Fetches": 0, "Workers": []}]}, {"Node Type": "Index Only Scan", "Parent Relationship": "Inner", "Parallel Aware": false, "Async Capable": false, "Scan Direction": "Forward", "Index Name": "comment_site_id_post_id_idx", "Relation Name": "comment", "Alias": "comment_1", "Startup Cost": 0.57, "Total Cost": 4.44, "Plan Rows": 1, "Plan Width": 8, "Actual Startup Time": 0.003, "Actual Total Time": 0.003, "Actual Rows": 1, "Actual Loops": 634, "Index Cond": "((site_id = pl1.site_id) AND (post_id = pl1.post_id_to))", "Rows Removed by Index Recheck": 0, "Heap Fetches": 0, "Workers": []}]}, {"Node Type": "Index Only Scan", "Parent Relationship": "Inner", "Parallel Aware": false, "Async Capable": false, "Scan Direction": "Forward", "Index Name": "comment_site_id_post_id_idx", "Relation Name": "comment", "Alias": "comment_2", "Startup Cost": 0.57, "Total Cost": 4.44, "Plan Rows": 1, "Plan Width": 8, "Actual Startup Time": 0.004, "Actual Total Time": 0.004, "Actual Rows": 1, "Actual Loops": 539, "Index Cond": "((site_id = q1.site_id) AND (post_id = q1.id))", "Rows Removed by Index Recheck": 0, "Heap Fetches": 0, "Workers": []}]}]}]}]}, "Planning Time": 89.876, "Triggers": [], "Execution Time": 103.698}