{"Plan": {"Node Type": "Aggregate", "Strategy": "Plain", "Partial Mode": "Simple", "Parallel Aware": false, "Async Capable": false, "Startup Cost": 4004.22, "Total Cost": 4004.23, "Plan Rows": 1, "Plan Width": 8, "Actual Startup Time": 828.245, "Actual Total Time": 849.814, "Actual Rows": 1, "Actual Loops": 1, "Plans": [{"Node Type": "Gather", "Parent Relationship": "Outer", "Parallel Aware": false, "Async Capable": false, "Startup Cost": 3853.98, "Total Cost": 4004.22, "Plan Rows": 1, "Plan Width": 0, "Actual Startup Time": 6.415, "Actual Total Time": 849.561, "Actual Rows": 7146, "Actual Loops": 1, "Workers Planned": 1, "Workers Launched": 1, "Single Copy": false, "Plans": [{"Node Type": "Nested Loop", "Parent Relationship": "Outer", "Parallel Aware": false, "Async Capable": false, "Join Type": "Inner", "Startup Cost": 2853.98, "Total Cost": 3004.12, "Plan Rows": 1, "Plan Width": 0, "Actual Startup Time": 5.535, "Actual Total Time": 765.685, "Actual Rows": 3573, "Actual Loops": 2, "Inner Unique": true, "Join Filter": "(t.site_id = q.site_id)", "Rows Removed by Join Filter": 0, "Workers": [], "Plans": [{"Node Type": "Nested Loop", "Parent Relationship": "Outer", "Parallel Aware": false, "Async Capable": false, "Join Type": "Inner", "Startup Cost": 2853.54, "Total Cost": 2914.88, "Plan Rows": 14, "Plan Width": 16, "Actual Startup Time": 5.493, "Actual Total Time": 197.081, "Actual Rows": 115428, "Actual Loops": 2, "Inner Unique": false, "Workers": [], "Plans": [{"Node Type": "Merge Join", "Parent Relationship": "Outer", "Parallel Aware": false, "Async Capable": false, "Join Type": "Inner", "Startup Cost": 2852.98, "Total Cost": 2853.3, "Plan Rows": 1, "Plan Width": 12, "Actual Startup Time": 5.46, "Actual Total Time": 5.483, "Actual Rows": 6, "Actual Loops": 2, "Inner Unique": true, "Merge Cond": "(t.site_id = s.site_id)", "Workers": [], "Plans": [{"Node Type": "Sort", "Parent Relationship": "Outer", "Parallel Aware": false, "Async Capable": false, "Startup Cost": 2849.81, "Total Cost": 2849.96, "Plan Rows": 61, "Plan Width": 8, "Actual Startup Time": 5.435, "Actual Total Time": 5.444, "Actual Rows": 96, "Actual Loops": 2, "Sort Key": ["t.site_id"], "Sort Method": "quicksort", "Sort Space Used": 29, "Sort Space Type": "Memory", "Workers": [{"Worker Number": 0, "Sort Method": "quicksort", "Sort Space Used": 27, "Sort Space Type": "Memory"}], "Plans": [{"Node Type": "Seq Scan", "Parent Relationship": "Outer", "Parallel Aware": true, "Async Capable": false, "Relation Name": "tag", "Alias": "t", "Startup Cost": 0.03, "Total Cost": 2848.0, "Plan Rows": 61, "Plan Width": 8, "Actual Startup Time": 0.075, "Actual Total Time": 5.421, "Actual Rows": 117, "Actual Loops": 2, "Filter": "((name)::text = ANY ('{api,audio,events,file-io,forms,functional-programming,java-ee,serialization,sqlite,ubuntu,unicode}'::text[]))", "Rows Removed by Filter": 93268, "Workers": []}]}, {"Node Type": "Sort", "Parent Relationship": "Inner", "Parallel Aware": false, "Async Capable": false, "Startup Cost": 3.17, "Total Cost": 3.18, "Plan Rows": 1, "Plan Width": 4, "Actual Startup Time": 0.017, "Actual Total Time": 0.018, "Actual Rows": 1, "Actual Loops": 2, "Sort Key": ["s.site_id"], "Sort Method": "quicksort", "Sort Space Used": 25, "Sort Space Type": "Memory", "Workers": [{"Worker Number": 0, "Sort Method": "quicksort", "Sort Space Used": 25, "Sort Space Type": "Memory"}], "Plans": [{"Node Type": "Seq Scan", "Parent Relationship": "Outer", "Parallel Aware": false, "Async Capable": false, "Relation Name": "site", "Alias": "s", "Startup Cost": 0.0, "Total Cost": 3.16, "Plan Rows": 1, "Plan Width": 4, "Actual Startup Time": 0.011, "Actual Total Time": 0.011, "Actual Rows": 1, "Actual Loops": 2, "Filter": "((site_name)::text = 'stackoverflow'::text)", "Rows Removed by Filter": 172, "Workers": []}]}]}, {"Node Type": "Index Only Scan", "Parent Relationship": "Inner", "Parallel Aware": false, "Async Capable": false, "Scan Direction": "Forward", "Index Name": "tag_question_site_id_tag_id_question_id_idx", "Relation Name": "tag_question", "Alias": "tq", "Startup Cost": 0.56, "Total Cost": 61.26, "Plan Rows": 31, "Plan Width": 12, "Actual Startup Time": 0.103, "Actual Total Time": 33.93, "Actual Rows": 20987, "Actual Loops": 11, "Index Cond": "((site_id = t.site_id) AND (tag_id = t.id))", "Rows Removed by Index Recheck": 0, "Heap Fetches": 230855, "Workers": []}]}, {"Node Type": "Index Scan", "Parent Relationship": "Inner", "Parallel Aware": false, "Async Capable": false, "Scan Direction": "Forward", "Index Name": "question_pkey", "Relation Name": "question", "Alias": "q", "Startup Cost": 0.43, "Total Cost": 6.36, "Plan Rows": 1, "Plan Width": 8, "Actual Startup Time": 0.005, "Actual Total Time": 0.005, "Actual Rows": 0, "Actual Loops": 230855, "Index Cond": "((id = tq.question_id) AND (site_id = tq.site_id))", "Rows Removed by Index Recheck": 0, "Filter": "((favorite_count >= 5) AND (favorite_count <= 5000))", "Rows Removed by Filter": 1, "Workers": []}]}]}]}, "Planning Time": 1.013, "Triggers": [], "Execution Time": 849.874}