{"Plan": {"Node Type": "Aggregate", "Strategy": "Plain", "Partial Mode": "Simple", "Parallel Aware": false, "Async Capable": false, "Startup Cost": 4003.32, "Total Cost": 4003.33, "Plan Rows": 1, "Plan Width": 8, "Actual Startup Time": 940.621, "Actual Total Time": 965.031, "Actual Rows": 1, "Actual Loops": 1, "Plans": [{"Node Type": "Gather", "Parent Relationship": "Outer", "Parallel Aware": false, "Async Capable": false, "Startup Cost": 3853.01, "Total Cost": 4003.32, "Plan Rows": 1, "Plan Width": 0, "Actual Startup Time": 6.523, "Actual Total Time": 963.779, "Actual Rows": 33909, "Actual Loops": 1, "Workers Planned": 1, "Workers Launched": 1, "Single Copy": false, "Plans": [{"Node Type": "Nested Loop", "Parent Relationship": "Outer", "Parallel Aware": false, "Async Capable": false, "Join Type": "Inner", "Startup Cost": 2853.01, "Total Cost": 3003.22, "Plan Rows": 1, "Plan Width": 0, "Actual Startup Time": 5.893, "Actual Total Time": 519.981, "Actual Rows": 16954, "Actual Loops": 2, "Inner Unique": true, "Join Filter": "(t.site_id = q.site_id)", "Rows Removed by Join Filter": 0, "Workers": [], "Plans": [{"Node Type": "Nested Loop", "Parent Relationship": "Outer", "Parallel Aware": false, "Async Capable": false, "Join Type": "Inner", "Startup Cost": 2852.57, "Total Cost": 2913.98, "Plan Rows": 14, "Plan Width": 16, "Actual Startup Time": 5.775, "Actual Total Time": 120.57, "Actual Rows": 95728, "Actual Loops": 2, "Inner Unique": false, "Workers": [], "Plans": [{"Node Type": "Merge Join", "Parent Relationship": "Outer", "Parallel Aware": false, "Async Capable": false, "Join Type": "Inner", "Startup Cost": 2852.01, "Total Cost": 2852.2, "Plan Rows": 1, "Plan Width": 12, "Actual Startup Time": 5.569, "Actual Total Time": 5.578, "Actual Rows": 2, "Actual Loops": 2, "Inner Unique": true, "Merge Cond": "(t.site_id = s.site_id)", "Workers": [], "Plans": [{"Node Type": "Sort", "Parent Relationship": "Outer", "Parallel Aware": false, "Async Capable": false, "Startup Cost": 2848.84, "Total Cost": 2848.92, "Plan Rows": 34, "Plan Width": 8, "Actual Startup Time": 5.55, "Actual Total Time": 5.553, "Actual Rows": 34, "Actual Loops": 2, "Sort Key": ["t.site_id"], "Sort Method": "quicksort", "Sort Space Used": 26, "Sort Space Type": "Memory", "Workers": [{"Worker Number": 0, "Sort Method": "quicksort", "Sort Space Used": 26, "Sort Space Type": "Memory"}], "Plans": [{"Node Type": "Seq Scan", "Parent Relationship": "Outer", "Parallel Aware": true, "Async Capable": false, "Relation Name": "tag", "Alias": "t", "Startup Cost": 0.0, "Total Cost": 2847.97, "Plan Rows": 34, "Plan Width": 8, "Actual Startup Time": 0.144, "Actual Total Time": 5.54, "Actual Rows": 41, "Actual Loops": 2, "Filter": "((name)::text = ANY ('{browser,data-binding,json,unix}'::text[]))", "Rows Removed by Filter": 93344, "Workers": []}]}, {"Node Type": "Sort", "Parent Relationship": "Inner", "Parallel Aware": false, "Async Capable": false, "Startup Cost": 3.17, "Total Cost": 3.18, "Plan Rows": 1, "Plan Width": 4, "Actual Startup Time": 0.015, "Actual Total Time": 0.016, "Actual Rows": 1, "Actual Loops": 2, "Sort Key": ["s.site_id"], "Sort Method": "quicksort", "Sort Space Used": 25, "Sort Space Type": "Memory", "Workers": [{"Worker Number": 0, "Sort Method": "quicksort", "Sort Space Used": 25, "Sort Space Type": "Memory"}], "Plans": [{"Node Type": "Seq Scan", "Parent Relationship": "Outer", "Parallel Aware": false, "Async Capable": false, "Relation Name": "site", "Alias": "s", "Startup Cost": 0.0, "Total Cost": 3.16, "Plan Rows": 1, "Plan Width": 4, "Actual Startup Time": 0.009, "Actual Total Time": 0.01, "Actual Rows": 1, "Actual Loops": 2, "Filter": "((site_name)::text = 'stackoverflow'::text)", "Rows Removed by Filter": 172, "Workers": []}]}]}, {"Node Type": "Index Only Scan", "Parent Relationship": "Inner", "Parallel Aware": false, "Async Capable": false, "Scan Direction": "Forward", "Index Name": "tag_question_site_id_tag_id_question_id_idx", "Relation Name": "tag_question", "Alias": "tq", "Startup Cost": 0.56, "Total Cost": 61.47, "Plan Rows": 31, "Plan Width": 12, "Actual Startup Time": 0.207, "Actual Total Time": 55.46, "Actual Rows": 47864, "Actual Loops": 4, "Index Cond": "((site_id = t.site_id) AND (tag_id = t.id))", "Rows Removed by Index Recheck": 0, "Heap Fetches": 191457, "Workers": []}]}, {"Node Type": "Index Scan", "Parent Relationship": "Inner", "Parallel Aware": false, "Async Capable": false, "Scan Direction": "Forward", "Index Name": "question_pkey", "Relation Name": "question", "Alias": "q", "Startup Cost": 0.43, "Total Cost": 6.36, "Plan Rows": 1, "Plan Width": 8, "Actual Startup Time": 0.004, "Actual Total Time": 0.004, "Actual Rows": 0, "Actual Loops": 191457, "Index Cond": "((id = tq.question_id) AND (site_id = tq.site_id))", "Rows Removed by Index Recheck": 0, "Filter": "((favorite_count >= 1) AND (favorite_count <= 10))", "Rows Removed by Filter": 1, "Workers": []}]}]}]}, "Planning Time": 1.023, "Triggers": [], "Execution Time": 965.083}