{"Plan": {"Node Type": "Aggregate", "Strategy": "Plain", "Partial Mode": "Simple", "Parallel Aware": false, "Async Capable": false, "Startup Cost": 4277.35, "Total Cost": 4277.36, "Plan Rows": 1, "Plan Width": 8, "Actual Startup Time": 99.381, "Actual Total Time": 99.435, "Actual Rows": 1, "Actual Loops": 1, "Plans": [{"Node Type": "Gather", "Parent Relationship": "Outer", "Parallel Aware": false, "Async Capable": false, "Startup Cost": 4126.95, "Total Cost": 4277.35, "Plan Rows": 1, "Plan Width": 0, "Actual Startup Time": 7.965, "Actual Total Time": 99.273, "Actual Rows": 5722, "Actual Loops": 1, "Workers Planned": 1, "Workers Launched": 1, "Single Copy": false, "Plans": [{"Node Type": "Nested Loop", "Parent Relationship": "Outer", "Parallel Aware": false, "Async Capable": false, "Join Type": "Inner", "Startup Cost": 3126.95, "Total Cost": 3277.25, "Plan Rows": 1, "Plan Width": 0, "Actual Startup Time": 6.78, "Actual Total Time": 52.293, "Actual Rows": 2861, "Actual Loops": 2, "Inner Unique": true, "Join Filter": "(t.site_id = q.site_id)", "Rows Removed by Join Filter": 0, "Workers": [], "Plans": [{"Node Type": "Nested Loop", "Parent Relationship": "Outer", "Parallel Aware": false, "Async Capable": false, "Join Type": "Inner", "Startup Cost": 3126.51, "Total Cost": 3188.0, "Plan Rows": 14, "Plan Width": 16, "Actual Startup Time": 6.73, "Actual Total Time": 8.497, "Actual Rows": 4082, "Actual Loops": 2, "Inner Unique": false, "Workers": [], "Plans": [{"Node Type": "Merge Join", "Parent Relationship": "Outer", "Parallel Aware": false, "Async Capable": false, "Join Type": "Inner", "Startup Cost": 3125.95, "Total Cost": 3126.01, "Plan Rows": 1, "Plan Width": 12, "Actual Startup Time": 6.581, "Actual Total Time": 6.585, "Actual Rows": 3, "Actual Loops": 2, "Inner Unique": true, "Merge Cond": "(t.site_id = s.site_id)", "Workers": [], "Plans": [{"Node Type": "Sort", "Parent Relationship": "Outer", "Parallel Aware": false, "Async Capable": false, "Startup Cost": 3122.77, "Total Cost": 3122.8, "Plan Rows": 9, "Plan Width": 8, "Actual Startup Time": 6.561, "Actual Total Time": 6.562, "Actual Rows": 6, "Actual Loops": 2, "Sort Key": ["t.site_id"], "Sort Method": "quicksort", "Sort Space Used": 25, "Sort Space Type": "Memory", "Workers": [{"Worker Number": 0, "Sort Method": "quicksort", "Sort Space Used": 25, "Sort Space Type": "Memory"}], "Plans": [{"Node Type": "Seq Scan", "Parent Relationship": "Outer", "Parallel Aware": true, "Async Capable": false, "Relation Name": "tag", "Alias": "t", "Startup Cost": 0.0, "Total Cost": 3122.63, "Plan Rows": 9, "Plan Width": 8, "Actual Startup Time": 0.275, "Actual Total Time": 6.553, "Actual Rows": 18, "Actual Loops": 2, "Filter": "((name)::text = ANY ('{algorithm-analysis,complexity-theory,computability,data-structures,formal-languages,graphs}'::text[]))", "Rows Removed by Filter": 93368, "Workers": []}]}, {"Node Type": "Sort", "Parent Relationship": "Inner", "Parallel Aware": false, "Async Capable": false, "Startup Cost": 3.17, "Total Cost": 3.18, "Plan Rows": 1, "Plan Width": 4, "Actual Startup Time": 0.017, "Actual Total Time": 0.017, "Actual Rows": 1, "Actual Loops": 2, "Sort Key": ["s.site_id"], "Sort Method": "quicksort", "Sort Space Used": 25, "Sort Space Type": "Memory", "Workers": [{"Worker Number": 0, "Sort Method": "quicksort", "Sort Space Used": 25, "Sort Space Type": "Memory"}], "Plans": [{"Node Type": "Seq Scan", "Parent Relationship": "Outer", "Parallel Aware": false, "Async Capable": false, "Relation Name": "site", "Alias": "s", "Startup Cost": 0.0, "Total Cost": 3.16, "Plan Rows": 1, "Plan Width": 4, "Actual Startup Time": 0.008, "Actual Total Time": 0.011, "Actual Rows": 1, "Actual Loops": 2, "Filter": "((site_name)::text = 'cs'::text)", "Rows Removed by Filter": 172, "Workers": []}]}]}, {"Node Type": "Index Only Scan", "Parent Relationship": "Inner", "Parallel Aware": false, "Async Capable": false, "Scan Direction": "Forward", "Index Name": "tag_question_site_id_tag_id_question_id_idx", "Relation Name": "tag_question", "Alias": "tq", "Startup Cost": 0.56, "Total Cost": 61.69, "Plan Rows": 31, "Plan Width": 12, "Actual Startup Time": 0.101, "Actual Total Time": 0.578, "Actual Rows": 1361, "Actual Loops": 6, "Index Cond": "((site_id = t.site_id) AND (tag_id = t.id))", "Rows Removed by Index Recheck": 0, "Heap Fetches": 8165, "Workers": []}]}, {"Node Type": "Index Scan", "Parent Relationship": "Inner", "Parallel Aware": false, "Async Capable": false, "Scan Direction": "Forward", "Index Name": "question_pkey", "Relation Name": "question", "Alias": "q", "Startup Cost": 0.43, "Total Cost": 6.36, "Plan Rows": 1, "Plan Width": 8, "Actual Startup Time": 0.011, "Actual Total Time": 0.011, "Actual Rows": 1, "Actual Loops": 8165, "Index Cond": "((id = tq.question_id) AND (site_id = tq.site_id))", "Rows Removed by Index Recheck": 0, "Filter": "((view_count >= 100) AND (view_count <= 100000))", "Rows Removed by Filter": 0, "Workers": []}]}]}]}, "Planning Time": 1.034, "Triggers": [], "Execution Time": 99.479}