{"Plan": {"Node Type": "Aggregate", "Strategy": "Sorted", "Partial Mode": "Simple", "Parallel Aware": false, "Async Capable": false, "Startup Cost": 3738.23, "Total Cost": 3751.65, "Plan Rows": 1, "Plan Width": 19, "Actual Startup Time": 22.303, "Actual Total Time": 24.168, "Actual Rows": 2, "Actual Loops": 1, "Group Key": ["t1.name"], "Plans": [{"Node Type": "Nested Loop", "Parent Relationship": "Outer", "Parallel Aware": false, "Async Capable": false, "Join Type": "Inner", "Startup Cost": 3738.23, "Total Cost": 3751.63, "Plan Rows": 1, "Plan Width": 11, "Actual Startup Time": 17.856, "Actual Total Time": 24.159, "Actual Rows": 29, "Actual Loops": 1, "Inner Unique": true, "Join Filter": "(s.site_id = u1.site_id)", "Rows Removed by Join Filter": 0, "Plans": [{"Node Type": "Nested Loop", "Parent Relationship": "Outer", "Parallel Aware": false, "Async Capable": false, "Join Type": "Inner", "Startup Cost": 3737.8, "Total Cost": 3744.55, "Plan Rows": 1, "Plan Width": 39, "Actual Startup Time": 17.836, "Actual Total Time": 23.731, "Actual Rows": 29, "Actual Loops": 1, "Inner Unique": true, "Join Filter": "((a1.owner_user_id = q1.owner_user_id) AND (q1.id = a1.question_id) AND (s.site_id = q1.site_id))", "Rows Removed by Join Filter": 711, "Plans": [{"Node Type": "Gather Merge", "Parent Relationship": "Outer", "Parallel Aware": false, "Async Capable": false, "Startup Cost": 3737.36, "Total Cost": 3737.48, "Plan Rows": 1, "Plan Width": 39, "Actual Startup Time": 16.289, "Actual Total Time": 16.367, "Actual Rows": 860, "Actual Loops": 1, "Workers Planned": 1, "Workers Launched": 1, "Plans": [{"Node Type": "Sort", "Parent Relationship": "Outer", "Parallel Aware": false, "Async Capable": false, "Startup Cost": 2737.35, "Total Cost": 2737.36, "Plan Rows": 1, "Plan Width": 39, "Actual Startup Time": 9.736, "Actual Total Time": 9.747, "Actual Rows": 430, "Actual Loops": 2, "Sort Key": ["t1.name"], "Sort Method": "quicksort", "Sort Space Used": 25, "Sort Space Type": "Memory", "Workers": [{"Worker Number": 0, "Sort Method": "quicksort", "Sort Space Used": 80, "Sort Space Type": "Memory"}], "Plans": [{"Node Type": "Nested Loop", "Parent Relationship": "Outer", "Parallel Aware": false, "Async Capable": false, "Join Type": "Inner", "Startup Cost": 2577.5, "Total Cost": 2737.34, "Plan Rows": 1, "Plan Width": 39, "Actual Startup Time": 4.254, "Actual Total Time": 9.677, "Actual Rows": 430, "Actual Loops": 2, "Inner Unique": false, "Join Filter": "(s.site_id = a1.site_id)", "Rows Removed by Join Filter": 0, "Workers": [], "Plans": [{"Node Type": "Nested Loop", "Parent Relationship": "Outer", "Parallel Aware": false, "Async Capable": false, "Join Type": "Inner", "Startup Cost": 2577.07, "Total Cost": 2638.61, "Plan Rows": 14, "Plan Width": 27, "Actual Startup Time": 4.238, "Actual Total Time": 6.376, "Actual Rows": 947, "Actual Loops": 2, "Inner Unique": false, "Join Filter": "(s.site_id = tq1.site_id)", "Rows Removed by Join Filter": 0, "Workers": [], "Plans": [{"Node Type": "Merge Join", "Parent Relationship": "Outer", "Parallel Aware": false, "Async Capable": false, "Join Type": "Inner", "Startup Cost": 2576.51, "Total Cost": 2576.54, "Plan Rows": 1, "Plan Width": 23, "Actual Startup Time": 4.161, "Actual Total Time": 4.164, "Actual Rows": 1, "Actual Loops": 2, "Inner Unique": true, "Merge Cond": "(t1.site_id = s.site_id)", "Workers": [], "Plans": [{"Node Type": "Sort", "Parent Relationship": "Outer", "Parallel Aware": false, "Async Capable": false, "Startup Cost": 2573.33, "Total Cost": 2573.34, "Plan Rows": 3, "Plan Width": 19, "Actual Startup Time": 4.151, "Actual Total Time": 4.151, "Actual Rows": 2, "Actual Loops": 2, "Sort Key": ["t1.site_id"], "Sort Method": "quicksort", "Sort Space Used": 25, "Sort Space Type": "Memory", "Workers": [{"Worker Number": 0, "Sort Method": "quicksort", "Sort Space Used": 25, "Sort Space Type": "Memory"}], "Plans": [{"Node Type": "Seq Scan", "Parent Relationship": "Outer", "Parallel Aware": true, "Async Capable": false, "Relation Name": "tag", "Alias": "t1", "Startup Cost": 0.0, "Total Cost": 2573.31, "Plan Rows": 3, "Plan Width": 19, "Actual Startup Time": 2.75, "Actual Total Time": 4.145, "Actual Rows": 2, "Actual Loops": 2, "Filter": "((name)::text = ANY ('{congruences,sheaf-theory}'::text[]))", "Rows Removed by Filter": 93383, "Workers": []}]}, {"Node Type": "Sort", "Parent Relationship": "Inner", "Parallel Aware": false, "Async Capable": false, "Startup Cost": 3.17, "Total Cost": 3.18, "Plan Rows": 2, "Plan Width": 4, "Actual Startup Time": 0.018, "Actual Total Time": 0.019, "Actual Rows": 2, "Actual Loops": 1, "Sort Key": ["s.site_id"], "Workers": [{"Worker Number": 0, "Sort Method": "quicksort", "Sort Space Used": 25, "Sort Space Type": "Memory"}], "Plans": [{"Node Type": "Seq Scan", "Parent Relationship": "Outer", "Parallel Aware": false, "Async Capable": false, "Relation Name": "site", "Alias": "s", "Startup Cost": 0.0, "Total Cost": 3.16, "Plan Rows": 2, "Plan Width": 4, "Actual Startup Time": 0.009, "Actual Total Time": 0.014, "Actual Rows": 2, "Actual Loops": 1, "Filter": "((site_name)::text = ANY ('{askubuntu,math}'::text[]))", "Rows Removed by Filter": 171, "Workers": []}]}]}, {"Node Type": "Index Only Scan", "Parent Relationship": "Inner", "Parallel Aware": false, "Async Capable": false, "Scan Direction": "Forward", "Index Name": "tag_question_site_id_tag_id_question_id_idx", "Relation Name": "tag_question", "Alias": "tq1", "Startup Cost": 0.56, "Total Cost": 61.69, "Plan Rows": 31, "Plan Width": 12, "Actual Startup Time": 0.081, "Actual Total Time": 2.157, "Actual Rows": 947, "Actual Loops": 2, "Index Cond": "((site_id = t1.site_id) AND (tag_id = t1.id))", "Rows Removed by Index Recheck": 0, "Heap Fetches": 1894, "Workers": []}]}, {"Node Type": "Index Scan", "Parent Relationship": "Inner", "Parallel Aware": false, "Async Capable": false, "Scan Direction": "Forward", "Index Name": "answer_site_id_question_id_idx", "Relation Name": "answer", "Alias": "a1", "Startup Cost": 0.43, "Total Cost": 7.04, "Plan Rows": 1, "Plan Width": 12, "Actual Startup Time": 0.003, "Actual Total Time": 0.003, "Actual Rows": 0, "Actual Loops": 1894, "Index Cond": "((site_id = tq1.site_id) AND (question_id = tq1.question_id))", "Rows Removed by Index Recheck": 0, "Workers": []}]}]}]}, {"Node Type": "Index Scan", "Parent Relationship": "Inner", "Parallel Aware": false, "Async Capable": false, "Scan Direction": "Forward", "Index Name": "question_pkey", "Relation Name": "question", "Alias": "q1", "Startup Cost": 0.43, "Total Cost": 7.06, "Plan Rows": 1, "Plan Width": 12, "Actual Startup Time": 0.008, "Actual Total Time": 0.008, "Actual Rows": 1, "Actual Loops": 860, "Index Cond": "((id = tq1.question_id) AND (site_id = tq1.site_id))", "Rows Removed by Index Recheck": 0, "Filter": "((view_count >= 10) AND (view_count <= 1000))", "Rows Removed by Filter": 0}]}, {"Node Type": "Index Scan", "Parent Relationship": "Inner", "Parallel Aware": false, "Async Capable": false, "Scan Direction": "Forward", "Index Name": "so_user_pkey", "Relation Name": "so_user", "Alias": "u1", "Startup Cost": 0.44, "Total Cost": 7.07, "Plan Rows": 1, "Plan Width": 8, "Actual Startup Time": 0.014, "Actual Total Time": 0.014, "Actual Rows": 1, "Actual Loops": 29, "Index Cond": "((id = q1.owner_user_id) AND (site_id = q1.site_id))", "Rows Removed by Index Recheck": 0, "Filter": "((reputation >= 10) AND (reputation <= 100000))", "Rows Removed by Filter": 0}]}]}, "Planning Time": 5.198, "Triggers": [], "Execution Time": 24.234}