{"Plan": {"Node Type": "Aggregate", "Strategy": "Sorted", "Partial Mode": "Simple", "Parallel Aware": false, "Async Capable": false, "Startup Cost": 4806.27, "Total Cost": 4806.29, "Plan Rows": 1, "Plan Width": 19, "Actual Startup Time": 199.738, "Actual Total Time": 199.795, "Actual Rows": 9, "Actual Loops": 1, "Group Key": ["t1.name"], "Plans": [{"Node Type": "Sort", "Parent Relationship": "Outer", "Parallel Aware": false, "Async Capable": false, "Startup Cost": 4806.27, "Total Cost": 4806.28, "Plan Rows": 1, "Plan Width": 11, "Actual Startup Time": 199.731, "Actual Total Time": 199.779, "Actual Rows": 300, "Actual Loops": 1, "Sort Key": ["t1.name"], "Sort Method": "quicksort", "Sort Space Used": 32, "Sort Space Type": "Memory", "Plans": [{"Node Type": "Gather", "Parent Relationship": "Outer", "Parallel Aware": false, "Async Capable": false, "Startup Cost": 4541.47, "Total Cost": 4806.26, "Plan Rows": 1, "Plan Width": 11, "Actual Startup Time": 14.203, "Actual Total Time": 199.724, "Actual Rows": 300, "Actual Loops": 1, "Workers Planned": 1, "Workers Launched": 1, "Single Copy": false, "Plans": [{"Node Type": "Nested Loop", "Parent Relationship": "Outer", "Parallel Aware": false, "Async Capable": false, "Join Type": "Inner", "Startup Cost": 3541.47, "Total Cost": 3806.16, "Plan Rows": 1, "Plan Width": 11, "Actual Startup Time": 21.388, "Actual Total Time": 189.475, "Actual Rows": 150, "Actual Loops": 2, "Inner Unique": true, "Join Filter": "(s.site_id = u1.site_id)", "Rows Removed by Join Filter": 0, "Workers": [], "Plans": [{"Node Type": "Nested Loop", "Parent Relationship": "Outer", "Parallel Aware": false, "Async Capable": false, "Join Type": "Inner", "Startup Cost": 3541.03, "Total Cost": 3799.08, "Plan Rows": 1, "Plan Width": 39, "Actual Startup Time": 21.332, "Actual Total Time": 181.621, "Actual Rows": 162, "Actual Loops": 2, "Inner Unique": true, "Join Filter": "((a1.owner_user_id = q1.owner_user_id) AND (q1.id = a1.question_id) AND (s.site_id = q1.site_id))", "Rows Removed by Join Filter": 1870, "Workers": [], "Plans": [{"Node Type": "Nested Loop", "Parent Relationship": "Outer", "Parallel Aware": false, "Async Capable": false, "Join Type": "Inner", "Startup Cost": 3540.6, "Total Cost": 3792.0, "Plan Rows": 1, "Plan Width": 39, "Actual Startup Time": 9.734, "Actual Total Time": 67.967, "Actual Rows": 3723, "Actual Loops": 2, "Inner Unique": false, "Join Filter": "(s.site_id = a1.site_id)", "Rows Removed by Join Filter": 0, "Workers": [], "Plans": [{"Node Type": "Nested Loop", "Parent Relationship": "Outer", "Parallel Aware": false, "Async Capable": false, "Join Type": "Inner", "Startup Cost": 3540.17, "Total Cost": 3601.6, "Plan Rows": 27, "Plan Width": 27, "Actual Startup Time": 9.467, "Actual Total Time": 16.644, "Actual Rows": 11090, "Actual Loops": 2, "Inner Unique": false, "Join Filter": "(s.site_id = tq1.site_id)", "Rows Removed by Join Filter": 0, "Workers": [], "Plans": [{"Node Type": "Merge Join", "Parent Relationship": "Outer", "Parallel Aware": false, "Async Capable": false, "Join Type": "Inner", "Startup Cost": 3539.6, "Total Cost": 3539.87, "Plan Rows": 1, "Plan Width": 23, "Actual Startup Time": 9.227, "Actual Total Time": 9.235, "Actual Rows": 6, "Actual Loops": 2, "Inner Unique": true, "Merge Cond": "(t1.site_id = s.site_id)", "Workers": [], "Plans": [{"Node Type": "Sort", "Parent Relationship": "Outer", "Parallel Aware": false, "Async Capable": false, "Startup Cost": 3535.97, "Total Cost": 3536.09, "Plan Rows": 48, "Plan Width": 19, "Actual Startup Time": 9.202, "Actual Total Time": 9.204, "Actual Rows": 39, "Actual Loops": 2, "Sort Key": ["t1.site_id"], "Sort Method": "quicksort", "Sort Space Used": 27, "Sort Space Type": "Memory", "Workers": [{"Worker Number": 0, "Sort Method": "quicksort", "Sort Space Used": 26, "Sort Space Type": "Memory"}], "Plans": [{"Node Type": "Seq Scan", "Parent Relationship": "Outer", "Parallel Aware": true, "Async Capable": false, "Relation Name": "tag", "Alias": "t1", "Startup Cost": 0.0, "Total Cost": 3534.62, "Plan Rows": 48, "Plan Width": 19, "Actual Startup Time": 0.105, "Actual Total Time": 9.191, "Actual Rows": 53, "Actual Loops": 2, "Filter": "((name)::text = ANY ('{java,opengl,powershell,sharepoint-enterprise,sharepoint-foundation,sharepoint-online,sources-mekorot,web-part,xna}'::text[]))", "Rows Removed by Filter": 93332, "Workers": []}]}, {"Node Type": "Sort", "Parent Relationship": "Inner", "Parallel Aware": false, "Async Capable": false, "Startup Cost": 3.63, "Total Cost": 3.64, "Plan Rows": 4, "Plan Width": 4, "Actual Startup Time": 0.021, "Actual Total Time": 0.022, "Actual Rows": 4, "Actual Loops": 2, "Sort Key": ["s.site_id"], "Sort Method": "quicksort", "Sort Space Used": 25, "Sort Space Type": "Memory", "Workers": [{"Worker Number": 0, "Sort Method": "quicksort", "Sort Space Used": 25, "Sort Space Type": "Memory"}], "Plans": [{"Node Type": "Seq Scan", "Parent Relationship": "Outer", "Parallel Aware": false, "Async Capable": false, "Relation Name": "site", "Alias": "s", "Startup Cost": 0.0, "Total Cost": 3.59, "Plan Rows": 4, "Plan Width": 4, "Actual Startup Time": 0.008, "Actual Total Time": 0.016, "Actual Rows": 4, "Actual Loops": 2, "Filter": "((site_name)::text = ANY ('{android,gamedev,judaism,sharepoint}'::text[]))", "Rows Removed by Filter": 169, "Workers": []}]}]}, {"Node Type": "Index Only Scan", "Parent Relationship": "Inner", "Parallel Aware": false, "Async Capable": false, "Scan Direction": "Forward", "Index Name": "tag_question_site_id_tag_id_question_id_idx", "Relation Name": "tag_question", "Alias": "tq1", "Startup Cost": 0.56, "Total Cost": 61.34, "Plan Rows": 31, "Plan Width": 12, "Actual Startup Time": 0.12, "Actual Total Time": 1.241, "Actual Rows": 2016, "Actual Loops": 11, "Index Cond": "((site_id = t1.site_id) AND (tag_id = t1.id))", "Rows Removed by Index Recheck": 0, "Heap Fetches": 22179, "Workers": []}]}, {"Node Type": "Index Scan", "Parent Relationship": "Inner", "Parallel Aware": false, "Async Capable": false, "Scan Direction": "Forward", "Index Name": "answer_site_id_question_id_idx", "Relation Name": "answer", "Alias": "a1", "Startup Cost": 0.43, "Total Cost": 7.04, "Plan Rows": 1, "Plan Width": 12, "Actual Startup Time": 0.004, "Actual Total Time": 0.005, "Actual Rows": 0, "Actual Loops": 22179, "Index Cond": "((site_id = tq1.site_id) AND (question_id = tq1.question_id))", "Rows Removed by Index Recheck": 0, "Workers": []}]}, {"Node Type": "Index Scan", "Parent Relationship": "Inner", "Parallel Aware": false, "Async Capable": false, "Scan Direction": "Forward", "Index Name": "question_pkey", "Relation Name": "question", "Alias": "q1", "Startup Cost": 0.43, "Total Cost": 7.06, "Plan Rows": 1, "Plan Width": 12, "Actual Startup Time": 0.03, "Actual Total Time": 0.03, "Actual Rows": 1, "Actual Loops": 7446, "Index Cond": "((id = tq1.question_id) AND (site_id = tq1.site_id))", "Rows Removed by Index Recheck": 0, "Filter": "((view_count >= 10) AND (view_count <= 1000))", "Rows Removed by Filter": 0, "Workers": []}]}, {"Node Type": "Index Scan", "Parent Relationship": "Inner", "Parallel Aware": false, "Async Capable": false, "Scan Direction": "Forward", "Index Name": "so_user_pkey", "Relation Name": "so_user", "Alias": "u1", "Startup Cost": 0.44, "Total Cost": 7.07, "Plan Rows": 1, "Plan Width": 8, "Actual Startup Time": 0.048, "Actual Total Time": 0.048, "Actual Rows": 1, "Actual Loops": 325, "Index Cond": "((id = q1.owner_user_id) AND (site_id = q1.site_id))", "Rows Removed by Index Recheck": 0, "Filter": "((reputation >= 10) AND (reputation <= 100000))", "Rows Removed by Filter": 0, "Workers": []}]}]}]}]}, "Planning Time": 5.278, "Triggers": [], "Execution Time": 199.861}