{"Plan": {"Node Type": "Aggregate", "Strategy": "Sorted", "Partial Mode": "Simple", "Parallel Aware": false, "Async Capable": false, "Startup Cost": 4026.73, "Total Cost": 4026.75, "Plan Rows": 1, "Plan Width": 19, "Actual Startup Time": 1924.787, "Actual Total Time": 1924.845, "Actual Rows": 14, "Actual Loops": 1, "Group Key": ["t1.name"], "Plans": [{"Node Type": "Sort", "Parent Relationship": "Outer", "Parallel Aware": false, "Async Capable": false, "Startup Cost": 4026.73, "Total Cost": 4026.73, "Plan Rows": 1, "Plan Width": 11, "Actual Startup Time": 1924.781, "Actual Total Time": 1924.824, "Actual Rows": 105, "Actual Loops": 1, "Sort Key": ["t1.name"], "Sort Method": "quicksort", "Sort Space Used": 27, "Sort Space Type": "Memory", "Plans": [{"Node Type": "Gather", "Parent Relationship": "Outer", "Parallel Aware": false, "Async Capable": false, "Startup Cost": 3853.51, "Total Cost": 4026.72, "Plan Rows": 1, "Plan Width": 11, "Actual Startup Time": 29.722, "Actual Total Time": 1924.776, "Actual Rows": 105, "Actual Loops": 1, "Workers Planned": 1, "Workers Launched": 1, "Single Copy": false, "Plans": [{"Node Type": "Nested Loop", "Parent Relationship": "Outer", "Parallel Aware": false, "Async Capable": false, "Join Type": "Inner", "Startup Cost": 2853.51, "Total Cost": 3026.62, "Plan Rows": 1, "Plan Width": 11, "Actual Startup Time": 32.888, "Actual Total Time": 1179.208, "Actual Rows": 52, "Actual Loops": 2, "Inner Unique": true, "Join Filter": "((u1.id = q1.owner_user_id) AND (q1.id = a1.question_id) AND (s.site_id = q1.site_id))", "Rows Removed by Join Filter": 2008, "Workers": [], "Plans": [{"Node Type": "Nested Loop", "Parent Relationship": "Outer", "Parallel Aware": false, "Async Capable": false, "Join Type": "Inner", "Startup Cost": 2853.07, "Total Cost": 3019.54, "Plan Rows": 1, "Plan Width": 47, "Actual Startup Time": 5.554, "Actual Total Time": 1118.605, "Actual Rows": 10980, "Actual Loops": 2, "Inner Unique": true, "Join Filter": "(s.site_id = u1.site_id)", "Rows Removed by Join Filter": 0, "Workers": [], "Plans": [{"Node Type": "Nested Loop", "Parent Relationship": "Outer", "Parallel Aware": false, "Async Capable": false, "Join Type": "Inner", "Startup Cost": 2852.64, "Total Cost": 3012.46, "Plan Rows": 1, "Plan Width": 39, "Actual Startup Time": 5.538, "Actual Total Time": 1053.445, "Actual Rows": 17020, "Actual Loops": 2, "Inner Unique": false, "Join Filter": "(s.site_id = a1.site_id)", "Rows Removed by Join Filter": 0, "Workers": [], "Plans": [{"Node Type": "Nested Loop", "Parent Relationship": "Outer", "Parallel Aware": false, "Async Capable": false, "Join Type": "Inner", "Startup Cost": 2852.2, "Total Cost": 2913.73, "Plan Rows": 14, "Plan Width": 27, "Actual Startup Time": 5.508, "Actual Total Time": 73.262, "Actual Rows": 32600, "Actual Loops": 2, "Inner Unique": false, "Join Filter": "(s.site_id = tq1.site_id)", "Rows Removed by Join Filter": 0, "Workers": [], "Plans": [{"Node Type": "Merge Join", "Parent Relationship": "Outer", "Parallel Aware": false, "Async Capable": false, "Join Type": "Inner", "Startup Cost": 2851.64, "Total Cost": 2851.76, "Plan Rows": 1, "Plan Width": 23, "Actual Startup Time": 5.313, "Actual Total Time": 5.334, "Actual Rows": 7, "Actual Loops": 2, "Inner Unique": true, "Merge Cond": "(t1.site_id = s.site_id)", "Workers": [], "Plans": [{"Node Type": "Sort", "Parent Relationship": "Outer", "Parallel Aware": false, "Async Capable": false, "Startup Cost": 2848.47, "Total Cost": 2848.52, "Plan Rows": 21, "Plan Width": 19, "Actual Startup Time": 5.296, "Actual Total Time": 5.302, "Actual Rows": 41, "Actual Loops": 2, "Sort Key": ["t1.site_id"], "Sort Method": "quicksort", "Sort Space Used": 27, "Sort Space Type": "Memory", "Workers": [{"Worker Number": 0, "Sort Method": "quicksort", "Sort Space Used": 26, "Sort Space Type": "Memory"}], "Plans": [{"Node Type": "Seq Scan", "Parent Relationship": "Outer", "Parallel Aware": true, "Async Capable": false, "Relation Name": "tag", "Alias": "t1", "Startup Cost": 0.04, "Total Cost": 2848.01, "Plan Rows": 21, "Plan Width": 19, "Actual Startup Time": 0.336, "Actual Total Time": 5.283, "Actual Rows": 46, "Actual Loops": 2, "Filter": "((name)::text = ANY ('{c-preprocessor,cursor,iteration,left-join,multiprocessing,phpstorm,polymorphism,printf,pyqt5,sdk,tabs,uibutton,uinavigationcontroller,vb6}'::text[]))", "Rows Removed by Filter": 93339, "Workers": []}]}, {"Node Type": "Sort", "Parent Relationship": "Inner", "Parallel Aware": false, "Async Capable": false, "Startup Cost": 3.17, "Total Cost": 3.18, "Plan Rows": 1, "Plan Width": 4, "Actual Startup Time": 0.013, "Actual Total Time": 0.014, "Actual Rows": 1, "Actual Loops": 2, "Sort Key": ["s.site_id"], "Sort Method": "quicksort", "Sort Space Used": 25, "Sort Space Type": "Memory", "Workers": [{"Worker Number": 0, "Sort Method": "quicksort", "Sort Space Used": 25, "Sort Space Type": "Memory"}], "Plans": [{"Node Type": "Seq Scan", "Parent Relationship": "Outer", "Parallel Aware": false, "Async Capable": false, "Relation Name": "site", "Alias": "s", "Startup Cost": 0.0, "Total Cost": 3.16, "Plan Rows": 1, "Plan Width": 4, "Actual Startup Time": 0.009, "Actual Total Time": 0.01, "Actual Rows": 1, "Actual Loops": 2, "Filter": "((site_name)::text = 'stackoverflow'::text)", "Rows Removed by Filter": 172, "Workers": []}]}]}, {"Node Type": "Index Only Scan", "Parent Relationship": "Inner", "Parallel Aware": false, "Async Capable": false, "Scan Direction": "Forward", "Index Name": "tag_question_site_id_tag_id_question_id_idx", "Relation Name": "tag_question", "Alias": "tq1", "Startup Cost": 0.56, "Total Cost": 61.59, "Plan Rows": 31, "Plan Width": 12, "Actual Startup Time": 0.117, "Actual Total Time": 9.449, "Actual Rows": 4657, "Actual Loops": 14, "Index Cond": "((site_id = t1.site_id) AND (tag_id = t1.id))", "Rows Removed by Index Recheck": 0, "Heap Fetches": 65201, "Workers": []}]}, {"Node Type": "Index Scan", "Parent Relationship": "Inner", "Parallel Aware": false, "Async Capable": false, "Scan Direction": "Forward", "Index Name": "answer_site_id_question_id_idx", "Relation Name": "answer", "Alias": "a1", "Startup Cost": 0.43, "Total Cost": 7.04, "Plan Rows": 1, "Plan Width": 12, "Actual Startup Time": 0.024, "Actual Total Time": 0.03, "Actual Rows": 1, "Actual Loops": 65201, "Index Cond": "((site_id = tq1.site_id) AND (question_id = tq1.question_id))", "Rows Removed by Index Recheck": 0, "Workers": []}]}, {"Node Type": "Index Scan", "Parent Relationship": "Inner", "Parallel Aware": false, "Async Capable": false, "Scan Direction": "Forward", "Index Name": "so_user_pkey", "Relation Name": "so_user", "Alias": "u1", "Startup Cost": 0.44, "Total Cost": 7.07, "Plan Rows": 1, "Plan Width": 8, "Actual Startup Time": 0.004, "Actual Total Time": 0.004, "Actual Rows": 1, "Actual Loops": 34041, "Index Cond": "((id = a1.owner_user_id) AND (site_id = a1.site_id))", "Rows Removed by Index Recheck": 0, "Filter": "((downvotes >= 10) AND (downvotes <= 100000))", "Rows Removed by Filter": 0, "Workers": []}]}, {"Node Type": "Index Scan", "Parent Relationship": "Inner", "Parallel Aware": false, "Async Capable": false, "Scan Direction": "Forward", "Index Name": "question_pkey", "Relation Name": "question", "Alias": "q1", "Startup Cost": 0.43, "Total Cost": 7.06, "Plan Rows": 1, "Plan Width": 12, "Actual Startup Time": 0.005, "Actual Total Time": 0.005, "Actual Rows": 0, "Actual Loops": 21960, "Index Cond": "((id = tq1.question_id) AND (site_id = tq1.site_id))", "Rows Removed by Index Recheck": 0, "Filter": "((favorite_count >= 0) AND (favorite_count <= 1))", "Rows Removed by Filter": 1, "Workers": []}]}]}]}]}, "Planning Time": 4.878, "Triggers": [], "Execution Time": 1924.902}