{"Plan": {"Node Type": "Aggregate", "Strategy": "Sorted", "Partial Mode": "Simple", "Parallel Aware": false, "Async Capable": false, "Startup Cost": 3888.98, "Total Cost": 3889.0, "Plan Rows": 1, "Plan Width": 19, "Actual Startup Time": 248.569, "Actual Total Time": 248.622, "Actual Rows": 3, "Actual Loops": 1, "Group Key": ["t1.name"], "Plans": [{"Node Type": "Sort", "Parent Relationship": "Outer", "Parallel Aware": false, "Async Capable": false, "Startup Cost": 3888.98, "Total Cost": 3888.99, "Plan Rows": 1, "Plan Width": 11, "Actual Startup Time": 248.562, "Actual Total Time": 248.612, "Actual Rows": 91, "Actual Loops": 1, "Sort Key": ["t1.name"], "Sort Method": "quicksort", "Sort Space Used": 26, "Sort Space Type": "Memory", "Plans": [{"Node Type": "Gather", "Parent Relationship": "Outer", "Parallel Aware": false, "Async Capable": false, "Startup Cost": 3715.74, "Total Cost": 3888.97, "Plan Rows": 1, "Plan Width": 11, "Actual Startup Time": 12.365, "Actual Total Time": 248.583, "Actual Rows": 91, "Actual Loops": 1, "Workers Planned": 1, "Workers Launched": 1, "Single Copy": false, "Plans": [{"Node Type": "Nested Loop", "Parent Relationship": "Outer", "Parallel Aware": false, "Async Capable": false, "Join Type": "Inner", "Startup Cost": 2715.74, "Total Cost": 2888.87, "Plan Rows": 1, "Plan Width": 11, "Actual Startup Time": 10.552, "Actual Total Time": 213.484, "Actual Rows": 46, "Actual Loops": 2, "Inner Unique": true, "Join Filter": "((u1.id = q1.owner_user_id) AND (q1.id = a1.question_id) AND (s.site_id = q1.site_id))", "Rows Removed by Join Filter": 1118, "Workers": [], "Plans": [{"Node Type": "Nested Loop", "Parent Relationship": "Outer", "Parallel Aware": false, "Async Capable": false, "Join Type": "Inner", "Startup Cost": 2715.31, "Total Cost": 2881.8, "Plan Rows": 1, "Plan Width": 47, "Actual Startup Time": 5.408, "Actual Total Time": 99.984, "Actual Rows": 2682, "Actual Loops": 2, "Inner Unique": true, "Join Filter": "(s.site_id = u1.site_id)", "Rows Removed by Join Filter": 0, "Workers": [], "Plans": [{"Node Type": "Nested Loop", "Parent Relationship": "Outer", "Parallel Aware": false, "Async Capable": false, "Join Type": "Inner", "Startup Cost": 2714.87, "Total Cost": 2874.72, "Plan Rows": 1, "Plan Width": 39, "Actual Startup Time": 5.281, "Actual Total Time": 70.652, "Actual Rows": 3356, "Actual Loops": 2, "Inner Unique": false, "Join Filter": "(s.site_id = a1.site_id)", "Rows Removed by Join Filter": 0, "Workers": [], "Plans": [{"Node Type": "Nested Loop", "Parent Relationship": "Outer", "Parallel Aware": false, "Async Capable": false, "Join Type": "Inner", "Startup Cost": 2714.44, "Total Cost": 2775.99, "Plan Rows": 14, "Plan Width": 27, "Actual Startup Time": 5.107, "Actual Total Time": 9.202, "Actual Rows": 7432, "Actual Loops": 2, "Inner Unique": false, "Join Filter": "(s.site_id = tq1.site_id)", "Rows Removed by Join Filter": 0, "Workers": [], "Plans": [{"Node Type": "Merge Join", "Parent Relationship": "Outer", "Parallel Aware": false, "Async Capable": false, "Join Type": "Inner", "Startup Cost": 2713.87, "Total Cost": 2713.92, "Plan Rows": 1, "Plan Width": 23, "Actual Startup Time": 4.846, "Actual Total Time": 4.851, "Actual Rows": 2, "Actual Loops": 2, "Inner Unique": true, "Merge Cond": "(t1.site_id = s.site_id)", "Workers": [], "Plans": [{"Node Type": "Sort", "Parent Relationship": "Outer", "Parallel Aware": false, "Async Capable": false, "Startup Cost": 2710.7, "Total Cost": 2710.71, "Plan Rows": 5, "Plan Width": 19, "Actual Startup Time": 4.827, "Actual Total Time": 4.828, "Actual Rows": 6, "Actual Loops": 2, "Sort Key": ["t1.site_id"], "Sort Method": "quicksort", "Sort Space Used": 25, "Sort Space Type": "Memory", "Workers": [{"Worker Number": 0, "Sort Method": "quicksort", "Sort Space Used": 25, "Sort Space Type": "Memory"}], "Plans": [{"Node Type": "Seq Scan", "Parent Relationship": "Outer", "Parallel Aware": true, "Async Capable": false, "Relation Name": "tag", "Alias": "t1", "Startup Cost": 0.0, "Total Cost": 2710.64, "Plan Rows": 5, "Plan Width": 19, "Actual Startup Time": 0.363, "Actual Total Time": 4.819, "Actual Rows": 8, "Actual Loops": 2, "Filter": "((name)::text = ANY ('{forces,nodes,views}'::text[]))", "Rows Removed by Filter": 93376, "Workers": []}]}, {"Node Type": "Sort", "Parent Relationship": "Inner", "Parallel Aware": false, "Async Capable": false, "Startup Cost": 3.17, "Total Cost": 3.18, "Plan Rows": 2, "Plan Width": 4, "Actual Startup Time": 0.016, "Actual Total Time": 0.018, "Actual Rows": 2, "Actual Loops": 2, "Sort Key": ["s.site_id"], "Sort Method": "quicksort", "Sort Space Used": 25, "Sort Space Type": "Memory", "Workers": [{"Worker Number": 0, "Sort Method": "quicksort", "Sort Space Used": 25, "Sort Space Type": "Memory"}], "Plans": [{"Node Type": "Seq Scan", "Parent Relationship": "Outer", "Parallel Aware": false, "Async Capable": false, "Relation Name": "site", "Alias": "s", "Startup Cost": 0.0, "Total Cost": 3.16, "Plan Rows": 2, "Plan Width": 4, "Actual Startup Time": 0.008, "Actual Total Time": 0.012, "Actual Rows": 2, "Actual Loops": 2, "Filter": "((site_name)::text = ANY ('{drupal,physics}'::text[]))", "Rows Removed by Filter": 171, "Workers": []}]}]}, {"Node Type": "Index Only Scan", "Parent Relationship": "Inner", "Parallel Aware": false, "Async Capable": false, "Scan Direction": "Forward", "Index Name": "tag_question_site_id_tag_id_question_id_idx", "Relation Name": "tag_question", "Alias": "tq1", "Startup Cost": 0.56, "Total Cost": 61.69, "Plan Rows": 31, "Plan Width": 12, "Actual Startup Time": 0.201, "Actual Total Time": 2.637, "Actual Rows": 4955, "Actual Loops": 3, "Index Cond": "((site_id = t1.site_id) AND (tag_id = t1.id))", "Rows Removed by Index Recheck": 0, "Heap Fetches": 14864, "Workers": []}]}, {"Node Type": "Index Scan", "Parent Relationship": "Inner", "Parallel Aware": false, "Async Capable": false, "Scan Direction": "Forward", "Index Name": "answer_site_id_question_id_idx", "Relation Name": "answer", "Alias": "a1", "Startup Cost": 0.43, "Total Cost": 7.04, "Plan Rows": 1, "Plan Width": 12, "Actual Startup Time": 0.006, "Actual Total Time": 0.008, "Actual Rows": 0, "Actual Loops": 14864, "Index Cond": "((site_id = tq1.site_id) AND (question_id = tq1.question_id))", "Rows Removed by Index Recheck": 0, "Workers": []}]}, {"Node Type": "Index Scan", "Parent Relationship": "Inner", "Parallel Aware": false, "Async Capable": false, "Scan Direction": "Forward", "Index Name": "so_user_pkey", "Relation Name": "so_user", "Alias": "u1", "Startup Cost": 0.44, "Total Cost": 7.07, "Plan Rows": 1, "Plan Width": 8, "Actual Startup Time": 0.009, "Actual Total Time": 0.009, "Actual Rows": 1, "Actual Loops": 6713, "Index Cond": "((id = a1.owner_user_id) AND (site_id = a1.site_id))", "Rows Removed by Index Recheck": 0, "Filter": "((upvotes >= 10) AND (upvotes <= 1000000))", "Rows Removed by Filter": 0, "Workers": []}]}, {"Node Type": "Index Scan", "Parent Relationship": "Inner", "Parallel Aware": false, "Async Capable": false, "Scan Direction": "Forward", "Index Name": "question_pkey", "Relation Name": "question", "Alias": "q1", "Startup Cost": 0.43, "Total Cost": 7.06, "Plan Rows": 1, "Plan Width": 12, "Actual Startup Time": 0.042, "Actual Total Time": 0.042, "Actual Rows": 0, "Actual Loops": 5365, "Index Cond": "((id = tq1.question_id) AND (site_id = tq1.site_id))", "Rows Removed by Index Recheck": 0, "Filter": "((favorite_count >= 0) AND (favorite_count <= 10000))", "Rows Removed by Filter": 1, "Workers": []}]}]}]}]}, "Planning Time": 5.315, "Triggers": [], "Execution Time": 248.682}