{"Plan": {"Node Type": "Aggregate", "Strategy": "Sorted", "Partial Mode": "Simple", "Parallel Aware": false, "Async Capable": false, "Startup Cost": 1.87, "Total Cost": 3776.26, "Plan Rows": 1, "Plan Width": 19, "Actual Startup Time": 184.496, "Actual Total Time": 184.498, "Actual Rows": 1, "Actual Loops": 1, "Plans": [{"Node Type": "Nested Loop", "Parent Relationship": "Outer", "Parallel Aware": false, "Async Capable": false, "Join Type": "Inner", "Startup Cost": 1.87, "Total Cost": 3776.25, "Plan Rows": 1, "Plan Width": 11, "Actual Startup Time": 115.763, "Actual Total Time": 184.491, "Actual Rows": 2, "Actual Loops": 1, "Inner Unique": true, "Join Filter": "((u1.id = q1.owner_user_id) AND (q1.id = a1.question_id) AND (s.site_id = q1.site_id))", "Rows Removed by Join Filter": 260, "Plans": [{"Node Type": "Nested Loop", "Parent Relationship": "Outer", "Parallel Aware": false, "Async Capable": false, "Join Type": "Inner", "Startup Cost": 1.44, "Total Cost": 3769.18, "Plan Rows": 1, "Plan Width": 47, "Actual Startup Time": 1.212, "Actual Total Time": 100.96, "Actual Rows": 5288, "Actual Loops": 1, "Inner Unique": true, "Join Filter": "(s.site_id = u1.site_id)", "Rows Removed by Join Filter": 0, "Plans": [{"Node Type": "Nested Loop", "Parent Relationship": "Outer", "Parallel Aware": false, "Async Capable": false, "Join Type": "Inner", "Startup Cost": 1.0, "Total Cost": 3762.09, "Plan Rows": 1, "Plan Width": 39, "Actual Startup Time": 1.202, "Actual Total Time": 64.494, "Actual Rows": 6014, "Actual Loops": 1, "Inner Unique": false, "Join Filter": "(s.site_id = a1.site_id)", "Rows Removed by Join Filter": 0, "Plans": [{"Node Type": "Nested Loop", "Parent Relationship": "Outer", "Parallel Aware": false, "Async Capable": false, "Join Type": "Inner", "Startup Cost": 0.56, "Total Cost": 3599.9, "Plan Rows": 23, "Plan Width": 27, "Actual Startup Time": 1.096, "Actual Total Time": 8.935, "Actual Rows": 8245, "Actual Loops": 1, "Inner Unique": false, "Join Filter": "(s.site_id = tq1.site_id)", "Rows Removed by Join Filter": 0, "Plans": [{"Node Type": "Nested Loop", "Parent Relationship": "Outer", "Parallel Aware": false, "Async Capable": false, "Join Type": "Inner", "Startup Cost": 0.0, "Total Cost": 3537.82, "Plan Rows": 1, "Plan Width": 23, "Actual Startup Time": 0.987, "Actual Total Time": 6.042, "Actual Rows": 1, "Actual Loops": 1, "Inner Unique": false, "Join Filter": "(s.site_id = t1.site_id)", "Rows Removed by Join Filter": 16, "Plans": [{"Node Type": "Seq Scan", "Parent Relationship": "Outer", "Parallel Aware": false, "Async Capable": false, "Relation Name": "site", "Alias": "s", "Startup Cost": 0.0, "Total Cost": 3.16, "Plan Rows": 1, "Plan Width": 4, "Actual Startup Time": 0.004, "Actual Total Time": 0.008, "Actual Rows": 1, "Actual Loops": 1, "Filter": "((site_name)::text = 'english'::text)", "Rows Removed by Filter": 172}, {"Node Type": "Seq Scan", "Parent Relationship": "Inner", "Parallel Aware": false, "Async Capable": false, "Relation Name": "tag", "Alias": "t1", "Startup Cost": 0.0, "Total Cost": 3534.62, "Plan Rows": 3, "Plan Width": 19, "Actual Startup Time": 0.498, "Actual Total Time": 6.031, "Actual Rows": 17, "Actual Loops": 1, "Filter": "((name)::text = 'meaning'::text)", "Rows Removed by Filter": 186753}]}, {"Node Type": "Index Only Scan", "Parent Relationship": "Inner", "Parallel Aware": false, "Async Capable": false, "Scan Direction": "Forward", "Index Name": "tag_question_site_id_tag_id_question_id_idx", "Relation Name": "tag_question", "Alias": "tq1", "Startup Cost": 0.56, "Total Cost": 61.69, "Plan Rows": 31, "Plan Width": 12, "Actual Startup Time": 0.109, "Actual Total Time": 2.465, "Actual Rows": 8245, "Actual Loops": 1, "Index Cond": "((site_id = t1.site_id) AND (tag_id = t1.id))", "Rows Removed by Index Recheck": 0, "Heap Fetches": 8245}]}, {"Node Type": "Index Scan", "Parent Relationship": "Inner", "Parallel Aware": false, "Async Capable": false, "Scan Direction": "Forward", "Index Name": "answer_site_id_question_id_idx", "Relation Name": "answer", "Alias": "a1", "Startup Cost": 0.43, "Total Cost": 7.04, "Plan Rows": 1, "Plan Width": 12, "Actual Startup Time": 0.004, "Actual Total Time": 0.007, "Actual Rows": 1, "Actual Loops": 8245, "Index Cond": "((site_id = tq1.site_id) AND (question_id = tq1.question_id))", "Rows Removed by Index Recheck": 0}]}, {"Node Type": "Index Scan", "Parent Relationship": "Inner", "Parallel Aware": false, "Async Capable": false, "Scan Direction": "Forward", "Index Name": "so_user_pkey", "Relation Name": "so_user", "Alias": "u1", "Startup Cost": 0.44, "Total Cost": 7.07, "Plan Rows": 1, "Plan Width": 8, "Actual Startup Time": 0.006, "Actual Total Time": 0.006, "Actual Rows": 1, "Actual Loops": 6014, "Index Cond": "((id = a1.owner_user_id) AND (site_id = a1.site_id))", "Rows Removed by Index Recheck": 0, "Filter": "((reputation >= 10) AND (reputation <= 100000))", "Rows Removed by Filter": 0}]}, {"Node Type": "Index Scan", "Parent Relationship": "Inner", "Parallel Aware": false, "Async Capable": false, "Scan Direction": "Forward", "Index Name": "question_pkey", "Relation Name": "question", "Alias": "q1", "Startup Cost": 0.43, "Total Cost": 7.06, "Plan Rows": 1, "Plan Width": 12, "Actual Startup Time": 0.016, "Actual Total Time": 0.016, "Actual Rows": 0, "Actual Loops": 5288, "Index Cond": "((id = tq1.question_id) AND (site_id = tq1.site_id))", "Rows Removed by Index Recheck": 0, "Filter": "((view_count >= 0) AND (view_count <= 100))", "Rows Removed by Filter": 1}]}]}, "Planning Time": 5.016, "Triggers": [], "Execution Time": 184.546}