{"Plan": {"Node Type": "Limit", "Parallel Aware": false, "Async Capable": false, "Startup Cost": 5277.09, "Total Cost": 5277.09, "Plan Rows": 1, "Plan Width": 26, "Actual Startup Time": 1113.397, "Actual Total Time": 1113.456, "Actual Rows": 100, "Actual Loops": 1, "Plans": [{"Node Type": "Sort", "Parent Relationship": "Outer", "Parallel Aware": false, "Async Capable": false, "Startup Cost": 5277.09, "Total Cost": 5277.09, "Plan Rows": 1, "Plan Width": 26, "Actual Startup Time": 1113.395, "Actual Total Time": 1113.451, "Actual Rows": 100, "Actual Loops": 1, "Sort Key": ["(count(*)) DESC"], "Sort Method": "top-N heapsort", "Sort Space Used": 35, "Sort Space Type": "Memory", "Plans": [{"Node Type": "Aggregate", "Strategy": "Sorted", "Partial Mode": "Simple", "Parent Relationship": "Outer", "Parallel Aware": false, "Async Capable": false, "Startup Cost": 5277.06, "Total Cost": 5277.08, "Plan Rows": 1, "Plan Width": 26, "Actual Startup Time": 1112.241, "Actual Total Time": 1113.378, "Actual Rows": 910, "Actual Loops": 1, "Group Key": ["acc.location"], "Plans": [{"Node Type": "Sort", "Parent Relationship": "Outer", "Parallel Aware": false, "Async Capable": false, "Startup Cost": 5277.06, "Total Cost": 5277.06, "Plan Rows": 1, "Plan Width": 18, "Actual Startup Time": 1112.229, "Actual Total Time": 1112.716, "Actual Rows": 20909, "Actual Loops": 1, "Sort Key": ["acc.location"], "Sort Method": "quicksort", "Sort Space Used": 1137, "Sort Space Type": "Memory", "Plans": [{"Node Type": "Nested Loop", "Parent Relationship": "Outer", "Parallel Aware": false, "Async Capable": false, "Join Type": "Inner", "Startup Cost": 5090.39, "Total Cost": 5277.05, "Plan Rows": 1, "Plan Width": 18, "Actual Startup Time": 13.783, "Actual Total Time": 1108.908, "Actual Rows": 20909, "Actual Loops": 1, "Inner Unique": true, "Plans": [{"Node Type": "Gather", "Parent Relationship": "Outer", "Parallel Aware": false, "Async Capable": false, "Startup Cost": 5089.96, "Total Cost": 5269.8, "Plan Rows": 1, "Plan Width": 4, "Actual Startup Time": 13.772, "Actual Total Time": 1019.175, "Actual Rows": 20909, "Actual Loops": 1, "Workers Planned": 1, "Workers Launched": 1, "Single Copy": false, "Plans": [{"Node Type": "Nested Loop", "Parent Relationship": "Outer", "Parallel Aware": false, "Async Capable": false, "Join Type": "Inner", "Startup Cost": 4089.96, "Total Cost": 4269.7, "Plan Rows": 1, "Plan Width": 4, "Actual Startup Time": 12.411, "Actual Total Time": 707.809, "Actual Rows": 10454, "Actual Loops": 2, "Inner Unique": false, "Join Filter": "(s.site_id = b.site_id)", "Rows Removed by Join Filter": 0, "Workers": [], "Plans": [{"Node Type": "Nested Loop", "Parent Relationship": "Outer", "Parallel Aware": false, "Async Capable": false, "Join Type": "Inner", "Startup Cost": 4089.39, "Total Cost": 4265.65, "Plan Rows": 1, "Plan Width": 36, "Actual Startup Time": 12.31, "Actual Total Time": 589.25, "Actual Rows": 2005, "Actual Loops": 2, "Inner Unique": true, "Join Filter": "(s.site_id = q1.site_id)", "Rows Removed by Join Filter": 0, "Workers": [], "Plans": [{"Node Type": "Nested Loop", "Parent Relationship": "Outer", "Parallel Aware": false, "Async Capable": false, "Join Type": "Inner", "Startup Cost": 4088.96, "Total Cost": 4258.39, "Plan Rows": 1, "Plan Width": 40, "Actual Startup Time": 12.219, "Actual Total Time": 564.117, "Actual Rows": 3812, "Actual Loops": 2, "Inner Unique": true, "Join Filter": "(s.site_id = u1.site_id)", "Rows Removed by Join Filter": 0, "Workers": [], "Plans": [{"Node Type": "Nested Loop", "Parent Relationship": "Outer", "Parallel Aware": false, "Async Capable": false, "Join Type": "Inner", "Startup Cost": 4088.52, "Total Cost": 4251.11, "Plan Rows": 1, "Plan Width": 28, "Actual Startup Time": 12.027, "Actual Total Time": 526.108, "Actual Rows": 8502, "Actual Loops": 2, "Inner Unique": false, "Join Filter": "(s.site_id = a1.site_id)", "Rows Removed by Join Filter": 0, "Workers": [], "Plans": [{"Node Type": "Nested Loop", "Parent Relationship": "Outer", "Parallel Aware": false, "Async Capable": false, "Join Type": "Inner", "Startup Cost": 4088.09, "Total Cost": 4149.61, "Plan Rows": 14, "Plan Width": 16, "Actual Startup Time": 12.002, "Actual Total Time": 54.642, "Actual Rows": 18470, "Actual Loops": 2, "Inner Unique": false, "Join Filter": "(s.site_id = tq1.site_id)", "Rows Removed by Join Filter": 0, "Workers": [], "Plans": [{"Node Type": "Merge Join", "Parent Relationship": "Outer", "Parallel Aware": false, "Async Capable": false, "Join Type": "Inner", "Startup Cost": 4087.52, "Total Cost": 4087.64, "Plan Rows": 1, "Plan Width": 12, "Actual Startup Time": 11.909, "Actual Total Time": 11.928, "Actual Rows": 8, "Actual Loops": 2, "Inner Unique": true, "Merge Cond": "(t1.site_id = s.site_id)", "Workers": [], "Plans": [{"Node Type": "Sort", "Parent Relationship": "Outer", "Parallel Aware": false, "Async Capable": false, "Startup Cost": 4084.35, "Total Cost": 4084.4, "Plan Rows": 19, "Plan Width": 8, "Actual Startup Time": 11.889, "Actual Total Time": 11.896, "Actual Rows": 46, "Actual Loops": 2, "Sort Key": ["t1.site_id"], "Sort Method": "quicksort", "Sort Space Used": 26, "Sort Space Type": "Memory", "Workers": [{"Worker Number": 0, "Sort Method": "quicksort", "Sort Space Used": 26, "Sort Space Type": "Memory"}], "Plans": [{"Node Type": "Seq Scan", "Parent Relationship": "Outer", "Parallel Aware": true, "Async Capable": false, "Relation Name": "tag", "Alias": "t1", "Startup Cost": 0.0, "Total Cost": 4083.95, "Plan Rows": 19, "Plan Width": 8, "Actual Startup Time": 0.17, "Actual Total Time": 11.881, "Actual Rows": 46, "Actual Loops": 2, "Filter": "((name)::text = ANY ('{apache-poi,branch,csrf,focus,glassfish,grand-central-dispatch,interpolation,osgi,pyqt4,return-value,textarea,uilabel,window}'::text[]))", "Rows Removed by Filter": 93338, "Workers": []}]}, {"Node Type": "Sort", "Parent Relationship": "Inner", "Parallel Aware": false, "Async Capable": false, "Startup Cost": 3.17, "Total Cost": 3.18, "Plan Rows": 2, "Plan Width": 4, "Actual Startup Time": 0.015, "Actual Total Time": 0.017, "Actual Rows": 2, "Actual Loops": 2, "Sort Key": ["s.site_id"], "Sort Method": "quicksort", "Sort Space Used": 25, "Sort Space Type": "Memory", "Workers": [{"Worker Number": 0, "Sort Method": "quicksort", "Sort Space Used": 25, "Sort Space Type": "Memory"}], "Plans": [{"Node Type": "Seq Scan", "Parent Relationship": "Outer", "Parallel Aware": false, "Async Capable": false, "Relation Name": "site", "Alias": "s", "Startup Cost": 0.0, "Total Cost": 3.16, "Plan Rows": 2, "Plan Width": 4, "Actual Startup Time": 0.011, "Actual Total Time": 0.012, "Actual Rows": 2, "Actual Loops": 2, "Filter": "((site_name)::text = ANY ('{stackoverflow,superuser}'::text[]))", "Rows Removed by Filter": 171, "Workers": []}]}]}, {"Node Type": "Index Only Scan", "Parent Relationship": "Inner", "Parallel Aware": false, "Async Capable": false, "Scan Direction": "Forward", "Index Name": "tag_question_site_id_tag_id_question_id_idx", "Relation Name": "tag_question", "Alias": "tq1", "Startup Cost": 0.56, "Total Cost": 61.58, "Plan Rows": 31, "Plan Width": 12, "Actual Startup Time": 0.113, "Actual Total Time": 4.901, "Actual Rows": 2173, "Actual Loops": 17, "Index Cond": "((site_id = t1.site_id) AND (tag_id = t1.id))", "Rows Removed by Index Recheck": 0, "Heap Fetches": 36941, "Workers": []}]}, {"Node Type": "Index Scan", "Parent Relationship": "Inner", "Parallel Aware": false, "Async Capable": false, "Scan Direction": "Forward", "Index Name": "answer_site_id_question_id_idx", "Relation Name": "answer", "Alias": "a1", "Startup Cost": 0.43, "Total Cost": 7.24, "Plan Rows": 1, "Plan Width": 12, "Actual Startup Time": 0.02, "Actual Total Time": 0.025, "Actual Rows": 0, "Actual Loops": 36941, "Index Cond": "((site_id = tq1.site_id) AND (question_id = tq1.question_id))", "Rows Removed by Index Recheck": 0, "Workers": []}]}, {"Node Type": "Index Scan", "Parent Relationship": "Inner", "Parallel Aware": false, "Async Capable": false, "Scan Direction": "Forward", "Index Name": "so_user_pkey", "Relation Name": "so_user", "Alias": "u1", "Startup Cost": 0.44, "Total Cost": 7.26, "Plan Rows": 1, "Plan Width": 12, "Actual Startup Time": 0.004, "Actual Total Time": 0.004, "Actual Rows": 0, "Actual Loops": 17003, "Index Cond": "((id = a1.owner_user_id) AND (site_id = a1.site_id))", "Rows Removed by Index Recheck": 0, "Filter": "((downvotes >= 0) AND (downvotes <= 10))", "Rows Removed by Filter": 1, "Workers": []}]}, {"Node Type": "Index Scan", "Parent Relationship": "Inner", "Parallel Aware": false, "Async Capable": false, "Scan Direction": "Forward", "Index Name": "question_pkey", "Relation Name": "question", "Alias": "q1", "Startup Cost": 0.43, "Total Cost": 7.25, "Plan Rows": 1, "Plan Width": 8, "Actual Startup Time": 0.006, "Actual Total Time": 0.006, "Actual Rows": 1, "Actual Loops": 7623, "Index Cond": "((id = tq1.question_id) AND (site_id = tq1.site_id))", "Rows Removed by Index Recheck": 0, "Filter": "((favorite_count >= 0) AND (favorite_count <= 10000))", "Rows Removed by Filter": 0, "Workers": []}]}, {"Node Type": "Index Only Scan", "Parent Relationship": "Inner", "Parallel Aware": false, "Async Capable": false, "Scan Direction": "Forward", "Index Name": "badge_pkey", "Relation Name": "badge", "Alias": "b", "Startup Cost": 0.56, "Total Cost": 4.04, "Plan Rows": 1, "Plan Width": 8, "Actual Startup Time": 0.047, "Actual Total Time": 0.059, "Actual Rows": 5, "Actual Loops": 4010, "Index Cond": "((site_id = a1.site_id) AND (user_id = a1.owner_user_id))", "Rows Removed by Index Recheck": 0, "Filter": "((name)::text = ANY ('{Commentator,Curious,\"Good Question\",Organizer,Revival,Scholar,Self-Learner,Student,Supporter,Tumbleweed}'::text[]))", "Rows Removed by Filter": 38, "Heap Fetches": 0, "Workers": []}]}]}, {"Node Type": "Index Scan", "Parent Relationship": "Inner", "Parallel Aware": false, "Async Capable": false, "Scan Direction": "Forward", "Index Name": "account_pkey", "Relation Name": "account", "Alias": "acc", "Startup Cost": 0.43, "Total Cost": 7.25, "Plan Rows": 1, "Plan Width": 22, "Actual Startup Time": 0.004, "Actual Total Time": 0.004, "Actual Rows": 1, "Actual Loops": 20909, "Index Cond": "(id = u1.account_id)", "Rows Removed by Index Recheck": 0}]}]}]}]}]}, "Planning Time": 58.069, "Triggers": [], "Execution Time": 1113.584}