{"Plan": {"Node Type": "Limit", "Parallel Aware": false, "Async Capable": false, "Startup Cost": 4041.44, "Total Cost": 4041.45, "Plan Rows": 1, "Plan Width": 26, "Actual Startup Time": 231.407, "Actual Total Time": 231.455, "Actual Rows": 100, "Actual Loops": 1, "Plans": [{"Node Type": "Sort", "Parent Relationship": "Outer", "Parallel Aware": false, "Async Capable": false, "Startup Cost": 4041.44, "Total Cost": 4041.45, "Plan Rows": 1, "Plan Width": 26, "Actual Startup Time": 231.406, "Actual Total Time": 231.449, "Actual Rows": 100, "Actual Loops": 1, "Sort Key": ["(count(*)) DESC"], "Sort Method": "quicksort", "Sort Space Used": 32, "Sort Space Type": "Memory", "Plans": [{"Node Type": "Aggregate", "Strategy": "Sorted", "Partial Mode": "Simple", "Parent Relationship": "Outer", "Parallel Aware": false, "Async Capable": false, "Startup Cost": 4041.41, "Total Cost": 4041.43, "Plan Rows": 1, "Plan Width": 26, "Actual Startup Time": 229.206, "Actual Total Time": 231.429, "Actual Rows": 102, "Actual Loops": 1, "Group Key": ["acc.location"], "Plans": [{"Node Type": "Sort", "Parent Relationship": "Outer", "Parallel Aware": false, "Async Capable": false, "Startup Cost": 4041.41, "Total Cost": 4041.42, "Plan Rows": 1, "Plan Width": 18, "Actual Startup Time": 229.18, "Actual Total Time": 230.148, "Actual Rows": 45260, "Actual Loops": 1, "Sort Key": ["acc.location"], "Sort Method": "quicksort", "Sort Space Used": 2518, "Sort Space Type": "Memory", "Plans": [{"Node Type": "Nested Loop", "Parent Relationship": "Outer", "Parallel Aware": false, "Async Capable": false, "Join Type": "Inner", "Startup Cost": 3854.75, "Total Cost": 4041.4, "Plan Rows": 1, "Plan Width": 18, "Actual Startup Time": 7.937, "Actual Total Time": 226.386, "Actual Rows": 45260, "Actual Loops": 1, "Inner Unique": true, "Plans": [{"Node Type": "Gather", "Parent Relationship": "Outer", "Parallel Aware": false, "Async Capable": false, "Startup Cost": 3854.31, "Total Cost": 4034.1, "Plan Rows": 1, "Plan Width": 4, "Actual Startup Time": 7.921, "Actual Total Time": 201.259, "Actual Rows": 45260, "Actual Loops": 1, "Workers Planned": 1, "Workers Launched": 1, "Single Copy": false, "Plans": [{"Node Type": "Nested Loop", "Parent Relationship": "Outer", "Parallel Aware": false, "Async Capable": false, "Join Type": "Inner", "Startup Cost": 2854.31, "Total Cost": 3034.0, "Plan Rows": 1, "Plan Width": 4, "Actual Startup Time": 7.13, "Actual Total Time": 137.745, "Actual Rows": 22630, "Actual Loops": 2, "Inner Unique": false, "Join Filter": "(s.site_id = b.site_id)", "Rows Removed by Join Filter": 0, "Workers": [], "Plans": [{"Node Type": "Nested Loop", "Parent Relationship": "Outer", "Parallel Aware": false, "Async Capable": false, "Join Type": "Inner", "Startup Cost": 2853.75, "Total Cost": 3029.96, "Plan Rows": 1, "Plan Width": 36, "Actual Startup Time": 7.099, "Actual Total Time": 118.48, "Actual Rows": 440, "Actual Loops": 2, "Inner Unique": true, "Join Filter": "(s.site_id = q1.site_id)", "Rows Removed by Join Filter": 0, "Workers": [], "Plans": [{"Node Type": "Nested Loop", "Parent Relationship": "Outer", "Parallel Aware": false, "Async Capable": false, "Join Type": "Inner", "Startup Cost": 2853.31, "Total Cost": 3022.69, "Plan Rows": 1, "Plan Width": 40, "Actual Startup Time": 6.611, "Actual Total Time": 84.363, "Actual Rows": 503, "Actual Loops": 2, "Inner Unique": true, "Join Filter": "(s.site_id = u1.site_id)", "Rows Removed by Join Filter": 0, "Workers": [], "Plans": [{"Node Type": "Nested Loop", "Parent Relationship": "Outer", "Parallel Aware": false, "Async Capable": false, "Join Type": "Inner", "Startup Cost": 2852.88, "Total Cost": 3015.42, "Plan Rows": 1, "Plan Width": 28, "Actual Startup Time": 5.801, "Actual Total Time": 66.954, "Actual Rows": 864, "Actual Loops": 2, "Inner Unique": false, "Join Filter": "(s.site_id = a1.site_id)", "Rows Removed by Join Filter": 0, "Workers": [], "Plans": [{"Node Type": "Nested Loop", "Parent Relationship": "Outer", "Parallel Aware": false, "Async Capable": false, "Join Type": "Inner", "Startup Cost": 2852.44, "Total Cost": 2913.91, "Plan Rows": 14, "Plan Width": 16, "Actual Startup Time": 5.705, "Actual Total Time": 16.208, "Actual Rows": 1924, "Actual Loops": 2, "Inner Unique": false, "Join Filter": "(s.site_id = tq1.site_id)", "Rows Removed by Join Filter": 0, "Workers": [], "Plans": [{"Node Type": "Merge Join", "Parent Relationship": "Outer", "Parallel Aware": false, "Async Capable": false, "Join Type": "Inner", "Startup Cost": 2851.88, "Total Cost": 2852.05, "Plan Rows": 1, "Plan Width": 12, "Actual Startup Time": 5.523, "Actual Total Time": 5.527, "Actual Rows": 2, "Actual Loops": 2, "Inner Unique": true, "Merge Cond": "(t1.site_id = s.site_id)", "Workers": [], "Plans": [{"Node Type": "Sort", "Parent Relationship": "Outer", "Parallel Aware": false, "Async Capable": false, "Startup Cost": 2848.71, "Total Cost": 2848.78, "Plan Rows": 30, "Plan Width": 8, "Actual Startup Time": 5.44, "Actual Total Time": 5.442, "Actual Rows": 24, "Actual Loops": 2, "Sort Key": ["t1.site_id"], "Sort Method": "quicksort", "Sort Space Used": 26, "Sort Space Type": "Memory", "Workers": [{"Worker Number": 0, "Sort Method": "quicksort", "Sort Space Used": 25, "Sort Space Type": "Memory"}], "Plans": [{"Node Type": "Seq Scan", "Parent Relationship": "Outer", "Parallel Aware": true, "Async Capable": false, "Relation Name": "tag", "Alias": "t1", "Startup Cost": 0.0, "Total Cost": 2847.97, "Plan Rows": 30, "Plan Width": 8, "Actual Startup Time": 0.034, "Actual Total Time": 5.432, "Actual Rows": 25, "Actual Loops": 2, "Filter": "((name)::text = ANY ('{model-selection,optimization,p-value,poisson-distribution}'::text[]))", "Rows Removed by Filter": 93360, "Workers": []}]}, {"Node Type": "Sort", "Parent Relationship": "Inner", "Parallel Aware": false, "Async Capable": false, "Startup Cost": 3.17, "Total Cost": 3.18, "Plan Rows": 1, "Plan Width": 4, "Actual Startup Time": 0.08, "Actual Total Time": 0.08, "Actual Rows": 1, "Actual Loops": 2, "Sort Key": ["s.site_id"], "Sort Method": "quicksort", "Sort Space Used": 25, "Sort Space Type": "Memory", "Workers": [{"Worker Number": 0, "Sort Method": "quicksort", "Sort Space Used": 25, "Sort Space Type": "Memory"}], "Plans": [{"Node Type": "Seq Scan", "Parent Relationship": "Outer", "Parallel Aware": false, "Async Capable": false, "Relation Name": "site", "Alias": "s", "Startup Cost": 0.0, "Total Cost": 3.16, "Plan Rows": 1, "Plan Width": 4, "Actual Startup Time": 0.009, "Actual Total Time": 0.009, "Actual Rows": 1, "Actual Loops": 2, "Filter": "((site_name)::text = 'stats'::text)", "Rows Removed by Filter": 172, "Workers": []}]}]}, {"Node Type": "Index Only Scan", "Parent Relationship": "Inner", "Parallel Aware": false, "Async Capable": false, "Scan Direction": "Forward", "Index Name": "tag_question_site_id_tag_id_question_id_idx", "Relation Name": "tag_question", "Alias": "tq1", "Startup Cost": 0.56, "Total Cost": 61.48, "Plan Rows": 31, "Plan Width": 12, "Actual Startup Time": 0.141, "Actual Total Time": 5.286, "Actual Rows": 962, "Actual Loops": 4, "Index Cond": "((site_id = t1.site_id) AND (tag_id = t1.id))", "Rows Removed by Index Recheck": 0, "Heap Fetches": 3847, "Workers": []}]}, {"Node Type": "Index Scan", "Parent Relationship": "Inner", "Parallel Aware": false, "Async Capable": false, "Scan Direction": "Forward", "Index Name": "answer_site_id_question_id_idx", "Relation Name": "answer", "Alias": "a1", "Startup Cost": 0.43, "Total Cost": 7.24, "Plan Rows": 1, "Plan Width": 12, "Actual Startup Time": 0.022, "Actual Total Time": 0.026, "Actual Rows": 0, "Actual Loops": 3847, "Index Cond": "((site_id = tq1.site_id) AND (question_id = tq1.question_id))", "Rows Removed by Index Recheck": 0, "Workers": []}]}, {"Node Type": "Index Scan", "Parent Relationship": "Inner", "Parallel Aware": false, "Async Capable": false, "Scan Direction": "Forward", "Index Name": "so_user_pkey", "Relation Name": "so_user", "Alias": "u1", "Startup Cost": 0.44, "Total Cost": 7.26, "Plan Rows": 1, "Plan Width": 12, "Actual Startup Time": 0.02, "Actual Total Time": 0.02, "Actual Rows": 1, "Actual Loops": 1727, "Index Cond": "((id = a1.owner_user_id) AND (site_id = a1.site_id))", "Rows Removed by Index Recheck": 0, "Filter": "((downvotes >= 10) AND (downvotes <= 100000))", "Rows Removed by Filter": 0, "Workers": []}]}, {"Node Type": "Index Scan", "Parent Relationship": "Inner", "Parallel Aware": false, "Async Capable": false, "Scan Direction": "Forward", "Index Name": "question_pkey", "Relation Name": "question", "Alias": "q1", "Startup Cost": 0.43, "Total Cost": 7.25, "Plan Rows": 1, "Plan Width": 8, "Actual Startup Time": 0.068, "Actual Total Time": 0.068, "Actual Rows": 1, "Actual Loops": 1006, "Index Cond": "((id = tq1.question_id) AND (site_id = tq1.site_id))", "Rows Removed by Index Recheck": 0, "Filter": "((view_count >= 100) AND (view_count <= 100000))", "Rows Removed by Filter": 0, "Workers": []}]}, {"Node Type": "Index Only Scan", "Parent Relationship": "Inner", "Parallel Aware": false, "Async Capable": false, "Scan Direction": "Forward", "Index Name": "badge_pkey", "Relation Name": "badge", "Alias": "b", "Startup Cost": 0.56, "Total Cost": 4.03, "Plan Rows": 1, "Plan Width": 8, "Actual Startup Time": 0.013, "Actual Total Time": 0.041, "Actual Rows": 51, "Actual Loops": 881, "Index Cond": "((site_id = a1.site_id) AND (user_id = a1.owner_user_id))", "Rows Removed by Index Recheck": 0, "Filter": "((name)::text = ANY ('{Announcer,Custodian,Necromancer,\"Nice Question\"}'::text[]))", "Rows Removed by Filter": 318, "Heap Fetches": 0, "Workers": []}]}]}, {"Node Type": "Index Scan", "Parent Relationship": "Inner", "Parallel Aware": false, "Async Capable": false, "Scan Direction": "Forward", "Index Name": "account_pkey", "Relation Name": "account", "Alias": "acc", "Startup Cost": 0.43, "Total Cost": 7.3, "Plan Rows": 1, "Plan Width": 22, "Actual Startup Time": 0.0, "Actual Total Time": 0.0, "Actual Rows": 1, "Actual Loops": 45260, "Index Cond": "(id = u1.account_id)", "Rows Removed by Index Recheck": 0}]}]}]}]}]}, "Planning Time": 48.966, "Triggers": [], "Execution Time": 231.614}