{"Plan": {"Node Type": "Limit", "Parallel Aware": false, "Async Capable": false, "Startup Cost": 5220.02, "Total Cost": 5220.02, "Plan Rows": 1, "Plan Width": 26, "Actual Startup Time": 328.369, "Actual Total Time": 328.414, "Actual Rows": 100, "Actual Loops": 1, "Plans": [{"Node Type": "Sort", "Parent Relationship": "Outer", "Parallel Aware": false, "Async Capable": false, "Startup Cost": 5220.02, "Total Cost": 5220.02, "Plan Rows": 1, "Plan Width": 26, "Actual Startup Time": 328.368, "Actual Total Time": 328.408, "Actual Rows": 100, "Actual Loops": 1, "Sort Key": ["(count(*)) DESC"], "Sort Method": "quicksort", "Sort Space Used": 37, "Sort Space Type": "Memory", "Plans": [{"Node Type": "Aggregate", "Strategy": "Sorted", "Partial Mode": "Simple", "Parent Relationship": "Outer", "Parallel Aware": false, "Async Capable": false, "Startup Cost": 5219.99, "Total Cost": 5220.01, "Plan Rows": 1, "Plan Width": 26, "Actual Startup Time": 328.126, "Actual Total Time": 328.381, "Actual Rows": 200, "Actual Loops": 1, "Group Key": ["acc.location"], "Plans": [{"Node Type": "Sort", "Parent Relationship": "Outer", "Parallel Aware": false, "Async Capable": false, "Startup Cost": 5219.99, "Total Cost": 5219.99, "Plan Rows": 1, "Plan Width": 18, "Actual Startup Time": 328.118, "Actual Total Time": 328.24, "Actual Rows": 3809, "Actual Loops": 1, "Sort Key": ["acc.location"], "Sort Method": "quicksort", "Sort Space Used": 160, "Sort Space Type": "Memory", "Plans": [{"Node Type": "Nested Loop", "Parent Relationship": "Outer", "Parallel Aware": false, "Async Capable": false, "Join Type": "Inner", "Startup Cost": 4682.15, "Total Cost": 5219.98, "Plan Rows": 1, "Plan Width": 18, "Actual Startup Time": 11.468, "Actual Total Time": 327.272, "Actual Rows": 3809, "Actual Loops": 1, "Inner Unique": true, "Plans": [{"Node Type": "Gather", "Parent Relationship": "Outer", "Parallel Aware": false, "Async Capable": false, "Startup Cost": 4681.71, "Total Cost": 5212.68, "Plan Rows": 1, "Plan Width": 4, "Actual Startup Time": 11.457, "Actual Total Time": 317.995, "Actual Rows": 3809, "Actual Loops": 1, "Workers Planned": 1, "Workers Launched": 1, "Single Copy": false, "Plans": [{"Node Type": "Nested Loop", "Parent Relationship": "Outer", "Parallel Aware": false, "Async Capable": false, "Join Type": "Inner", "Startup Cost": 3681.71, "Total Cost": 4212.58, "Plan Rows": 1, "Plan Width": 4, "Actual Startup Time": 11.228, "Actual Total Time": 281.023, "Actual Rows": 1904, "Actual Loops": 2, "Inner Unique": false, "Join Filter": "(s.site_id = b.site_id)", "Rows Removed by Join Filter": 0, "Workers": [], "Plans": [{"Node Type": "Nested Loop", "Parent Relationship": "Outer", "Parallel Aware": false, "Async Capable": false, "Join Type": "Inner", "Startup Cost": 3681.15, "Total Cost": 4208.54, "Plan Rows": 1, "Plan Width": 36, "Actual Startup Time": 11.134, "Actual Total Time": 239.698, "Actual Rows": 751, "Actual Loops": 2, "Inner Unique": true, "Join Filter": "(s.site_id = q1.site_id)", "Rows Removed by Join Filter": 0, "Workers": [], "Plans": [{"Node Type": "Nested Loop", "Parent Relationship": "Outer", "Parallel Aware": false, "Async Capable": false, "Join Type": "Inner", "Startup Cost": 3680.71, "Total Cost": 4201.27, "Plan Rows": 1, "Plan Width": 40, "Actual Startup Time": 10.214, "Actual Total Time": 169.352, "Actual Rows": 2000, "Actual Loops": 2, "Inner Unique": true, "Join Filter": "(s.site_id = u1.site_id)", "Rows Removed by Join Filter": 0, "Workers": [], "Plans": [{"Node Type": "Nested Loop", "Parent Relationship": "Outer", "Parallel Aware": false, "Async Capable": false, "Join Type": "Inner", "Startup Cost": 3680.28, "Total Cost": 4194.0, "Plan Rows": 1, "Plan Width": 28, "Actual Startup Time": 10.077, "Actual Total Time": 111.681, "Actual Rows": 3587, "Actual Loops": 2, "Inner Unique": false, "Join Filter": "(s.site_id = a1.site_id)", "Rows Removed by Join Filter": 0, "Workers": [], "Plans": [{"Node Type": "Nested Loop", "Parent Relationship": "Outer", "Parallel Aware": false, "Async Capable": false, "Join Type": "Inner", "Startup Cost": 3679.84, "Total Cost": 3802.48, "Plan Rows": 54, "Plan Width": 16, "Actual Startup Time": 9.889, "Actual Total Time": 14.214, "Actual Rows": 5607, "Actual Loops": 2, "Inner Unique": false, "Join Filter": "(s.site_id = tq1.site_id)", "Rows Removed by Join Filter": 0, "Workers": [], "Plans": [{"Node Type": "Merge Join", "Parent Relationship": "Outer", "Parallel Aware": false, "Async Capable": false, "Join Type": "Inner", "Startup Cost": 3679.28, "Total Cost": 3679.87, "Plan Rows": 2, "Plan Width": 12, "Actual Startup Time": 9.731, "Actual Total Time": 9.744, "Actual Rows": 7, "Actual Loops": 2, "Inner Unique": true, "Merge Cond": "(t1.site_id = s.site_id)", "Workers": [], "Plans": [{"Node Type": "Sort", "Parent Relationship": "Outer", "Parallel Aware": false, "Async Capable": false, "Startup Cost": 3675.64, "Total Cost": 3675.92, "Plan Rows": 109, "Plan Width": 8, "Actual Startup Time": 9.708, "Actual Total Time": 9.713, "Actual Rows": 116, "Actual Loops": 2, "Sort Key": ["t1.site_id"], "Sort Method": "quicksort", "Sort Space Used": 29, "Sort Space Type": "Memory", "Workers": [{"Worker Number": 0, "Sort Method": "quicksort", "Sort Space Used": 28, "Sort Space Type": "Memory"}], "Plans": [{"Node Type": "Seq Scan", "Parent Relationship": "Outer", "Parallel Aware": true, "Async Capable": false, "Relation Name": "tag", "Alias": "t1", "Startup Cost": 0.0, "Total Cost": 3671.96, "Plan Rows": 109, "Plan Width": 8, "Actual Startup Time": 0.086, "Actual Total Time": 9.695, "Actual Rows": 120, "Actual Loops": 2, "Filter": "((name)::text = ANY ('{aliens,canada,certificates,cryptography,dc,india,network,passwords,privacy,windows}'::text[]))", "Rows Removed by Filter": 93265, "Workers": []}]}, {"Node Type": "Sort", "Parent Relationship": "Inner", "Parallel Aware": false, "Async Capable": false, "Startup Cost": 3.63, "Total Cost": 3.64, "Plan Rows": 4, "Plan Width": 4, "Actual Startup Time": 0.017, "Actual Total Time": 0.018, "Actual Rows": 4, "Actual Loops": 2, "Sort Key": ["s.site_id"], "Sort Method": "quicksort", "Sort Space Used": 25, "Sort Space Type": "Memory", "Workers": [{"Worker Number": 0, "Sort Method": "quicksort", "Sort Space Used": 25, "Sort Space Type": "Memory"}], "Plans": [{"Node Type": "Seq Scan", "Parent Relationship": "Outer", "Parallel Aware": false, "Async Capable": false, "Relation Name": "site", "Alias": "s", "Startup Cost": 0.0, "Total Cost": 3.59, "Plan Rows": 4, "Plan Width": 4, "Actual Startup Time": 0.01, "Actual Total Time": 0.013, "Actual Rows": 4, "Actual Loops": 2, "Filter": "((site_name)::text = ANY ('{money,scifi,security,webapps}'::text[]))", "Rows Removed by Filter": 169, "Workers": []}]}]}, {"Node Type": "Index Only Scan", "Parent Relationship": "Inner", "Parallel Aware": false, "Async Capable": false, "Scan Direction": "Forward", "Index Name": "tag_question_site_id_tag_id_question_id_idx", "Relation Name": "tag_question", "Alias": "tq1", "Startup Cost": 0.56, "Total Cost": 60.91, "Plan Rows": 31, "Plan Width": 12, "Actual Startup Time": 0.057, "Actual Total Time": 0.595, "Actual Rows": 801, "Actual Loops": 14, "Index Cond": "((site_id = t1.site_id) AND (tag_id = t1.id))", "Rows Removed by Index Recheck": 0, "Heap Fetches": 11214, "Workers": []}]}, {"Node Type": "Index Scan", "Parent Relationship": "Inner", "Parallel Aware": false, "Async Capable": false, "Scan Direction": "Forward", "Index Name": "answer_site_id_question_id_idx", "Relation Name": "answer", "Alias": "a1", "Startup Cost": 0.43, "Total Cost": 7.24, "Plan Rows": 1, "Plan Width": 12, "Actual Startup Time": 0.014, "Actual Total Time": 0.017, "Actual Rows": 1, "Actual Loops": 11214, "Index Cond": "((site_id = tq1.site_id) AND (question_id = tq1.question_id))", "Rows Removed by Index Recheck": 0, "Workers": []}]}, {"Node Type": "Index Scan", "Parent Relationship": "Inner", "Parallel Aware": false, "Async Capable": false, "Scan Direction": "Forward", "Index Name": "so_user_pkey", "Relation Name": "so_user", "Alias": "u1", "Startup Cost": 0.44, "Total Cost": 7.26, "Plan Rows": 1, "Plan Width": 12, "Actual Startup Time": 0.016, "Actual Total Time": 0.016, "Actual Rows": 1, "Actual Loops": 7174, "Index Cond": "((id = a1.owner_user_id) AND (site_id = a1.site_id))", "Rows Removed by Index Recheck": 0, "Filter": "((downvotes >= 10) AND (downvotes <= 100000))", "Rows Removed by Filter": 0, "Workers": []}]}, {"Node Type": "Index Scan", "Parent Relationship": "Inner", "Parallel Aware": false, "Async Capable": false, "Scan Direction": "Forward", "Index Name": "question_pkey", "Relation Name": "question", "Alias": "q1", "Startup Cost": 0.43, "Total Cost": 7.25, "Plan Rows": 1, "Plan Width": 8, "Actual Startup Time": 0.035, "Actual Total Time": 0.035, "Actual Rows": 0, "Actual Loops": 3999, "Index Cond": "((id = tq1.question_id) AND (site_id = tq1.site_id))", "Rows Removed by Index Recheck": 0, "Filter": "((view_count >= 10) AND (view_count <= 1000))", "Rows Removed by Filter": 1, "Workers": []}]}, {"Node Type": "Index Only Scan", "Parent Relationship": "Inner", "Parallel Aware": false, "Async Capable": false, "Scan Direction": "Forward", "Index Name": "badge_pkey", "Relation Name": "badge", "Alias": "b", "Startup Cost": 0.56, "Total Cost": 4.03, "Plan Rows": 1, "Plan Width": 8, "Actual Startup Time": 0.021, "Actual Total Time": 0.055, "Actual Rows": 3, "Actual Loops": 1502, "Index Cond": "((site_id = a1.site_id) AND (user_id = a1.owner_user_id))", "Rows Removed by Index Recheck": 0, "Filter": "((name)::text = ANY ('{\"Citizen Patrol\",Excavator,Informed}'::text[]))", "Rows Removed by Filter": 449, "Heap Fetches": 0, "Workers": []}]}]}, {"Node Type": "Index Scan", "Parent Relationship": "Inner", "Parallel Aware": false, "Async Capable": false, "Scan Direction": "Forward", "Index Name": "account_pkey", "Relation Name": "account", "Alias": "acc", "Startup Cost": 0.43, "Total Cost": 7.3, "Plan Rows": 1, "Plan Width": 22, "Actual Startup Time": 0.002, "Actual Total Time": 0.002, "Actual Rows": 1, "Actual Loops": 3809, "Index Cond": "(id = u1.account_id)", "Rows Removed by Index Recheck": 0}]}]}]}]}]}, "Planning Time": 49.7, "Triggers": [], "Execution Time": 328.497}