{"Plan": {"Node Type": "Limit", "Parallel Aware": false, "Async Capable": false, "Startup Cost": 5631.16, "Total Cost": 5631.16, "Plan Rows": 1, "Plan Width": 26, "Actual Startup Time": 1340.864, "Actual Total Time": 1340.907, "Actual Rows": 100, "Actual Loops": 1, "Plans": [{"Node Type": "Sort", "Parent Relationship": "Outer", "Parallel Aware": false, "Async Capable": false, "Startup Cost": 5631.16, "Total Cost": 5631.16, "Plan Rows": 1, "Plan Width": 26, "Actual Startup Time": 1340.863, "Actual Total Time": 1340.902, "Actual Rows": 100, "Actual Loops": 1, "Sort Key": ["(count(*)) DESC"], "Sort Method": "top-N heapsort", "Sort Space Used": 37, "Sort Space Type": "Memory", "Plans": [{"Node Type": "Aggregate", "Strategy": "Sorted", "Partial Mode": "Simple", "Parent Relationship": "Outer", "Parallel Aware": false, "Async Capable": false, "Startup Cost": 5631.13, "Total Cost": 5631.15, "Plan Rows": 1, "Plan Width": 26, "Actual Startup Time": 1340.482, "Actual Total Time": 1340.859, "Actual Rows": 346, "Actual Loops": 1, "Group Key": ["acc.location"], "Plans": [{"Node Type": "Sort", "Parent Relationship": "Outer", "Parallel Aware": false, "Async Capable": false, "Startup Cost": 5631.13, "Total Cost": 5631.13, "Plan Rows": 1, "Plan Width": 18, "Actual Startup Time": 1340.476, "Actual Total Time": 1340.64, "Actual Rows": 6159, "Actual Loops": 1, "Sort Key": ["acc.location"], "Sort Method": "quicksort", "Sort Space Used": 376, "Sort Space Type": "Memory", "Plans": [{"Node Type": "Nested Loop", "Parent Relationship": "Outer", "Parallel Aware": false, "Async Capable": false, "Join Type": "Inner", "Startup Cost": 5093.02, "Total Cost": 5631.12, "Plan Rows": 1, "Plan Width": 18, "Actual Startup Time": 31.419, "Actual Total Time": 1339.425, "Actual Rows": 6159, "Actual Loops": 1, "Inner Unique": true, "Plans": [{"Node Type": "Gather", "Parent Relationship": "Outer", "Parallel Aware": false, "Async Capable": false, "Startup Cost": 5092.59, "Total Cost": 5623.87, "Plan Rows": 1, "Plan Width": 4, "Actual Startup Time": 31.333, "Actual Total Time": 1314.704, "Actual Rows": 6159, "Actual Loops": 1, "Workers Planned": 1, "Workers Launched": 1, "Single Copy": false, "Plans": [{"Node Type": "Nested Loop", "Parent Relationship": "Outer", "Parallel Aware": false, "Async Capable": false, "Join Type": "Inner", "Startup Cost": 4092.59, "Total Cost": 4623.77, "Plan Rows": 1, "Plan Width": 4, "Actual Startup Time": 27.193, "Actual Total Time": 1127.816, "Actual Rows": 3080, "Actual Loops": 2, "Inner Unique": false, "Join Filter": "(s.site_id = b.site_id)", "Rows Removed by Join Filter": 0, "Workers": [], "Plans": [{"Node Type": "Nested Loop", "Parent Relationship": "Outer", "Parallel Aware": false, "Async Capable": false, "Join Type": "Inner", "Startup Cost": 4092.02, "Total Cost": 4619.73, "Plan Rows": 1, "Plan Width": 36, "Actual Startup Time": 27.095, "Actual Total Time": 1037.84, "Actual Rows": 3942, "Actual Loops": 2, "Inner Unique": true, "Join Filter": "(s.site_id = q1.site_id)", "Rows Removed by Join Filter": 0, "Workers": [], "Plans": [{"Node Type": "Nested Loop", "Parent Relationship": "Outer", "Parallel Aware": false, "Async Capable": false, "Join Type": "Inner", "Startup Cost": 4091.59, "Total Cost": 4612.47, "Plan Rows": 1, "Plan Width": 40, "Actual Startup Time": 11.81, "Actual Total Time": 519.278, "Actual Rows": 20164, "Actual Loops": 2, "Inner Unique": true, "Join Filter": "(s.site_id = u1.site_id)", "Rows Removed by Join Filter": 0, "Workers": [], "Plans": [{"Node Type": "Nested Loop", "Parent Relationship": "Outer", "Parallel Aware": false, "Async Capable": false, "Join Type": "Inner", "Startup Cost": 4091.15, "Total Cost": 4605.19, "Plan Rows": 1, "Plan Width": 28, "Actual Startup Time": 11.798, "Actual Total Time": 431.281, "Actual Rows": 22377, "Actual Loops": 2, "Inner Unique": false, "Join Filter": "(s.site_id = a1.site_id)", "Rows Removed by Join Filter": 0, "Workers": [], "Plans": [{"Node Type": "Nested Loop", "Parent Relationship": "Outer", "Parallel Aware": false, "Async Capable": false, "Join Type": "Inner", "Startup Cost": 4090.72, "Total Cost": 4213.67, "Plan Rows": 54, "Plan Width": 16, "Actual Startup Time": 11.746, "Actual Total Time": 47.518, "Actual Rows": 46191, "Actual Loops": 2, "Inner Unique": false, "Join Filter": "(s.site_id = tq1.site_id)", "Rows Removed by Join Filter": 0, "Workers": [], "Plans": [{"Node Type": "Merge Join", "Parent Relationship": "Outer", "Parallel Aware": false, "Async Capable": false, "Join Type": "Inner", "Startup Cost": 4090.15, "Total Cost": 4090.57, "Plan Rows": 2, "Plan Width": 12, "Actual Startup Time": 11.608, "Actual Total Time": 11.636, "Actual Rows": 14, "Actual Loops": 2, "Inner Unique": true, "Merge Cond": "(t1.site_id = s.site_id)", "Workers": [], "Plans": [{"Node Type": "Sort", "Parent Relationship": "Outer", "Parallel Aware": false, "Async Capable": false, "Startup Cost": 4086.28, "Total Cost": 4086.47, "Plan Rows": 75, "Plan Width": 8, "Actual Startup Time": 11.579, "Actual Total Time": 11.587, "Actual Rows": 76, "Actual Loops": 2, "Sort Key": ["t1.site_id"], "Sort Method": "quicksort", "Sort Space Used": 29, "Sort Space Type": "Memory", "Workers": [{"Worker Number": 0, "Sort Method": "quicksort", "Sort Space Used": 27, "Sort Space Type": "Memory"}], "Plans": [{"Node Type": "Seq Scan", "Parent Relationship": "Outer", "Parallel Aware": true, "Async Capable": false, "Relation Name": "tag", "Alias": "t1", "Startup Cost": 0.0, "Total Cost": 4083.95, "Plan Rows": 75, "Plan Width": 8, "Actual Startup Time": 0.108, "Actual Total Time": 11.566, "Actual Rows": 111, "Actual Loops": 2, "Filter": "((name)::text = ANY ('{ajax,banco-de-dados,c#,electromagnetism,electrostatics,jquery,json,laravel,linux,quantum-field-theory,thermodynamics,\u0431\u0430\u0437\u0430-\u0434\u0430\u043d\u043d\u044b\u0445,\u0440\u0435\u0433\u0443\u043b\u044f\u0440\u043d\u044b\u0435-\u0432\u044b\u0440\u0430\u0436\u0435\u043d\u0438\u044f}'::text[]))", "Rows Removed by Filter": 93274, "Workers": []}]}, {"Node Type": "Sort", "Parent Relationship": "Inner", "Parallel Aware": false, "Async Capable": false, "Startup Cost": 3.87, "Total Cost": 3.88, "Plan Rows": 5, "Plan Width": 4, "Actual Startup Time": 0.024, "Actual Total Time": 0.026, "Actual Rows": 5, "Actual Loops": 2, "Sort Key": ["s.site_id"], "Sort Method": "quicksort", "Sort Space Used": 25, "Sort Space Type": "Memory", "Workers": [{"Worker Number": 0, "Sort Method": "quicksort", "Sort Space Used": 25, "Sort Space Type": "Memory"}], "Plans": [{"Node Type": "Seq Scan", "Parent Relationship": "Outer", "Parallel Aware": false, "Async Capable": false, "Relation Name": "site", "Alias": "s", "Startup Cost": 0.0, "Total Cost": 3.81, "Plan Rows": 5, "Plan Width": 4, "Actual Startup Time": 0.014, "Actual Total Time": 0.017, "Actual Rows": 5, "Actual Loops": 2, "Filter": "((site_name)::text = ANY ('{physics,pt,ru,salesforce,serverfault}'::text[]))", "Rows Removed by Filter": 168, "Workers": []}]}]}, {"Node Type": "Index Only Scan", "Parent Relationship": "Inner", "Parallel Aware": false, "Async Capable": false, "Scan Direction": "Forward", "Index Name": "tag_question_site_id_tag_id_question_id_idx", "Relation Name": "tag_question", "Alias": "tq1", "Startup Cost": 0.56, "Total Cost": 61.16, "Plan Rows": 31, "Plan Width": 12, "Actual Startup Time": 0.101, "Actual Total Time": 2.482, "Actual Rows": 3422, "Actual Loops": 27, "Index Cond": "((site_id = t1.site_id) AND (tag_id = t1.id))", "Rows Removed by Index Recheck": 0, "Heap Fetches": 92382, "Workers": []}]}, {"Node Type": "Index Scan", "Parent Relationship": "Inner", "Parallel Aware": false, "Async Capable": false, "Scan Direction": "Forward", "Index Name": "answer_site_id_question_id_idx", "Relation Name": "answer", "Alias": "a1", "Startup Cost": 0.43, "Total Cost": 7.24, "Plan Rows": 1, "Plan Width": 12, "Actual Startup Time": 0.007, "Actual Total Time": 0.008, "Actual Rows": 0, "Actual Loops": 92382, "Index Cond": "((site_id = tq1.site_id) AND (question_id = tq1.question_id))", "Rows Removed by Index Recheck": 0, "Workers": []}]}, {"Node Type": "Index Scan", "Parent Relationship": "Inner", "Parallel Aware": false, "Async Capable": false, "Scan Direction": "Forward", "Index Name": "so_user_pkey", "Relation Name": "so_user", "Alias": "u1", "Startup Cost": 0.44, "Total Cost": 7.26, "Plan Rows": 1, "Plan Width": 12, "Actual Startup Time": 0.004, "Actual Total Time": 0.004, "Actual Rows": 1, "Actual Loops": 44754, "Index Cond": "((id = a1.owner_user_id) AND (site_id = a1.site_id))", "Rows Removed by Index Recheck": 0, "Filter": "((reputation >= 10) AND (reputation <= 100000))", "Rows Removed by Filter": 0, "Workers": []}]}, {"Node Type": "Index Scan", "Parent Relationship": "Inner", "Parallel Aware": false, "Async Capable": false, "Scan Direction": "Forward", "Index Name": "question_pkey", "Relation Name": "question", "Alias": "q1", "Startup Cost": 0.43, "Total Cost": 7.25, "Plan Rows": 1, "Plan Width": 8, "Actual Startup Time": 0.026, "Actual Total Time": 0.026, "Actual Rows": 0, "Actual Loops": 40329, "Index Cond": "((id = tq1.question_id) AND (site_id = tq1.site_id))", "Rows Removed by Index Recheck": 0, "Filter": "((view_count >= 0) AND (view_count <= 100))", "Rows Removed by Filter": 1, "Workers": []}]}, {"Node Type": "Index Only Scan", "Parent Relationship": "Inner", "Parallel Aware": false, "Async Capable": false, "Scan Direction": "Forward", "Index Name": "badge_pkey", "Relation Name": "badge", "Alias": "b", "Startup Cost": 0.56, "Total Cost": 4.03, "Plan Rows": 1, "Plan Width": 8, "Actual Startup Time": 0.022, "Actual Total Time": 0.023, "Actual Rows": 1, "Actual Loops": 7885, "Index Cond": "((site_id = a1.site_id) AND (user_id = a1.owner_user_id))", "Rows Removed by Index Recheck": 0, "Filter": "((name)::text = ANY ('{Suffrage,Talkative}'::text[]))", "Rows Removed by Filter": 57, "Heap Fetches": 0, "Workers": []}]}]}, {"Node Type": "Index Scan", "Parent Relationship": "Inner", "Parallel Aware": false, "Async Capable": false, "Scan Direction": "Forward", "Index Name": "account_pkey", "Relation Name": "account", "Alias": "acc", "Startup Cost": 0.43, "Total Cost": 7.25, "Plan Rows": 1, "Plan Width": 22, "Actual Startup Time": 0.004, "Actual Total Time": 0.004, "Actual Rows": 1, "Actual Loops": 6159, "Index Cond": "(id = u1.account_id)", "Rows Removed by Index Recheck": 0}]}]}]}]}]}, "Planning Time": 54.361, "Triggers": [], "Execution Time": 1341.003}