{"Plan": {"Node Type": "Aggregate", "Strategy": "Plain", "Partial Mode": "Simple", "Parallel Aware": false, "Async Capable": false, "Startup Cost": 4316.45, "Total Cost": 4316.46, "Plan Rows": 1, "Plan Width": 8, "Actual Startup Time": 271.07, "Actual Total Time": 271.123, "Actual Rows": 1, "Actual Loops": 1, "Plans": [{"Node Type": "Nested Loop", "Parent Relationship": "Outer", "Parallel Aware": false, "Async Capable": false, "Join Type": "Inner", "Startup Cost": 4129.88, "Total Cost": 4316.45, "Plan Rows": 1, "Plan Width": 0, "Actual Startup Time": 16.724, "Actual Total Time": 271.11, "Actual Rows": 79, "Actual Loops": 1, "Inner Unique": true, "Plans": [{"Node Type": "Gather", "Parent Relationship": "Outer", "Parallel Aware": false, "Async Capable": false, "Startup Cost": 4129.44, "Total Cost": 4309.2, "Plan Rows": 1, "Plan Width": 4, "Actual Startup Time": 16.708, "Actual Total Time": 270.959, "Actual Rows": 79, "Actual Loops": 1, "Workers Planned": 1, "Workers Launched": 1, "Single Copy": false, "Plans": [{"Node Type": "Nested Loop", "Parent Relationship": "Outer", "Parallel Aware": false, "Async Capable": false, "Join Type": "Inner", "Startup Cost": 3129.44, "Total Cost": 3309.1, "Plan Rows": 1, "Plan Width": 4, "Actual Startup Time": 16.54, "Actual Total Time": 205.568, "Actual Rows": 40, "Actual Loops": 2, "Inner Unique": false, "Join Filter": "(s.site_id = b.site_id)", "Rows Removed by Join Filter": 0, "Workers": [], "Plans": [{"Node Type": "Nested Loop", "Parent Relationship": "Outer", "Parallel Aware": false, "Async Capable": false, "Join Type": "Inner", "Startup Cost": 3128.88, "Total Cost": 3305.06, "Plan Rows": 1, "Plan Width": 36, "Actual Startup Time": 12.658, "Actual Total Time": 178.282, "Actual Rows": 719, "Actual Loops": 2, "Inner Unique": true, "Join Filter": "(s.site_id = q1.site_id)", "Rows Removed by Join Filter": 0, "Workers": [], "Plans": [{"Node Type": "Nested Loop", "Parent Relationship": "Outer", "Parallel Aware": false, "Async Capable": false, "Join Type": "Inner", "Startup Cost": 3128.44, "Total Cost": 3297.8, "Plan Rows": 1, "Plan Width": 40, "Actual Startup Time": 6.786, "Actual Total Time": 155.284, "Actual Rows": 2522, "Actual Loops": 2, "Inner Unique": true, "Join Filter": "(s.site_id = u1.site_id)", "Rows Removed by Join Filter": 0, "Workers": [], "Plans": [{"Node Type": "Nested Loop", "Parent Relationship": "Outer", "Parallel Aware": false, "Async Capable": false, "Join Type": "Inner", "Startup Cost": 3128.0, "Total Cost": 3290.52, "Plan Rows": 1, "Plan Width": 28, "Actual Startup Time": 6.713, "Actual Total Time": 114.495, "Actual Rows": 18093, "Actual Loops": 2, "Inner Unique": false, "Join Filter": "(s.site_id = a1.site_id)", "Rows Removed by Join Filter": 0, "Workers": [], "Plans": [{"Node Type": "Nested Loop", "Parent Relationship": "Outer", "Parallel Aware": false, "Async Capable": false, "Join Type": "Inner", "Startup Cost": 3127.57, "Total Cost": 3189.02, "Plan Rows": 14, "Plan Width": 16, "Actual Startup Time": 6.693, "Actual Total Time": 32.47, "Actual Rows": 34382, "Actual Loops": 2, "Inner Unique": false, "Join Filter": "(s.site_id = tq1.site_id)", "Rows Removed by Join Filter": 0, "Workers": [], "Plans": [{"Node Type": "Merge Join", "Parent Relationship": "Outer", "Parallel Aware": false, "Async Capable": false, "Join Type": "Inner", "Startup Cost": 3127.01, "Total Cost": 3127.25, "Plan Rows": 1, "Plan Width": 12, "Actual Startup Time": 6.518, "Actual Total Time": 6.527, "Actual Rows": 3, "Actual Loops": 2, "Inner Unique": true, "Merge Cond": "(t1.site_id = s.site_id)", "Workers": [], "Plans": [{"Node Type": "Sort", "Parent Relationship": "Outer", "Parallel Aware": false, "Async Capable": false, "Startup Cost": 3123.83, "Total Cost": 3123.94, "Plan Rows": 44, "Plan Width": 8, "Actual Startup Time": 6.497, "Actual Total Time": 6.5, "Actual Rows": 24, "Actual Loops": 2, "Sort Key": ["t1.site_id"], "Sort Method": "quicksort", "Sort Space Used": 26, "Sort Space Type": "Memory", "Workers": [{"Worker Number": 0, "Sort Method": "quicksort", "Sort Space Used": 25, "Sort Space Type": "Memory"}], "Plans": [{"Node Type": "Seq Scan", "Parent Relationship": "Outer", "Parallel Aware": true, "Async Capable": false, "Relation Name": "tag", "Alias": "t1", "Startup Cost": 0.0, "Total Cost": 3122.63, "Plan Rows": 44, "Plan Width": 8, "Actual Startup Time": 0.076, "Actual Total Time": 6.487, "Actual Rows": 42, "Actual Loops": 2, "Filter": "((name)::text = ANY ('{discrete-mathematics,elementary-number-theory,ordinary-differential-equations,statistics,systems-of-equations,vectors}'::text[]))", "Rows Removed by Filter": 93343, "Workers": []}]}, {"Node Type": "Sort", "Parent Relationship": "Inner", "Parallel Aware": false, "Async Capable": false, "Startup Cost": 3.17, "Total Cost": 3.18, "Plan Rows": 2, "Plan Width": 4, "Actual Startup Time": 0.017, "Actual Total Time": 0.017, "Actual Rows": 2, "Actual Loops": 2, "Sort Key": ["s.site_id"], "Sort Method": "quicksort", "Sort Space Used": 25, "Sort Space Type": "Memory", "Workers": [{"Worker Number": 0, "Sort Method": "quicksort", "Sort Space Used": 25, "Sort Space Type": "Memory"}], "Plans": [{"Node Type": "Seq Scan", "Parent Relationship": "Outer", "Parallel Aware": false, "Async Capable": false, "Relation Name": "site", "Alias": "s", "Startup Cost": 0.0, "Total Cost": 3.16, "Plan Rows": 2, "Plan Width": 4, "Actual Startup Time": 0.007, "Actual Total Time": 0.012, "Actual Rows": 2, "Actual Loops": 2, "Filter": "((site_name)::text = ANY ('{askubuntu,math}'::text[]))", "Rows Removed by Filter": 171, "Workers": []}]}]}, {"Node Type": "Index Only Scan", "Parent Relationship": "Inner", "Parallel Aware": false, "Async Capable": false, "Scan Direction": "Forward", "Index Name": "tag_question_site_id_tag_id_question_id_idx", "Relation Name": "tag_question", "Alias": "tq1", "Startup Cost": 0.56, "Total Cost": 61.38, "Plan Rows": 31, "Plan Width": 12, "Actual Startup Time": 0.106, "Actual Total Time": 8.064, "Actual Rows": 11461, "Actual Loops": 6, "Index Cond": "((site_id = t1.site_id) AND (tag_id = t1.id))", "Rows Removed by Index Recheck": 0, "Heap Fetches": 68765, "Workers": []}]}, {"Node Type": "Index Scan", "Parent Relationship": "Inner", "Parallel Aware": false, "Async Capable": false, "Scan Direction": "Forward", "Index Name": "answer_site_id_question_id_idx", "Relation Name": "answer", "Alias": "a1", "Startup Cost": 0.43, "Total Cost": 7.24, "Plan Rows": 1, "Plan Width": 12, "Actual Startup Time": 0.002, "Actual Total Time": 0.002, "Actual Rows": 1, "Actual Loops": 68765, "Index Cond": "((site_id = tq1.site_id) AND (question_id = tq1.question_id))", "Rows Removed by Index Recheck": 0, "Workers": []}]}, {"Node Type": "Index Scan", "Parent Relationship": "Inner", "Parallel Aware": false, "Async Capable": false, "Scan Direction": "Forward", "Index Name": "so_user_pkey", "Relation Name": "so_user", "Alias": "u1", "Startup Cost": 0.44, "Total Cost": 7.26, "Plan Rows": 1, "Plan Width": 12, "Actual Startup Time": 0.002, "Actual Total Time": 0.002, "Actual Rows": 0, "Actual Loops": 36186, "Index Cond": "((id = a1.owner_user_id) AND (site_id = a1.site_id))", "Rows Removed by Index Recheck": 0, "Filter": "((downvotes >= 0) AND (downvotes <= 1))", "Rows Removed by Filter": 1, "Workers": []}]}, {"Node Type": "Index Scan", "Parent Relationship": "Inner", "Parallel Aware": false, "Async Capable": false, "Scan Direction": "Forward", "Index Name": "question_pkey", "Relation Name": "question", "Alias": "q1", "Startup Cost": 0.43, "Total Cost": 7.25, "Plan Rows": 1, "Plan Width": 8, "Actual Startup Time": 0.009, "Actual Total Time": 0.009, "Actual Rows": 0, "Actual Loops": 5043, "Index Cond": "((id = tq1.question_id) AND (site_id = tq1.site_id))", "Rows Removed by Index Recheck": 0, "Filter": "((view_count >= 0) AND (view_count <= 100))", "Rows Removed by Filter": 1, "Workers": []}]}, {"Node Type": "Index Only Scan", "Parent Relationship": "Inner", "Parallel Aware": false, "Async Capable": false, "Scan Direction": "Forward", "Index Name": "badge_pkey", "Relation Name": "badge", "Alias": "b", "Startup Cost": 0.56, "Total Cost": 4.03, "Plan Rows": 1, "Plan Width": 8, "Actual Startup Time": 0.038, "Actual Total Time": 0.038, "Actual Rows": 0, "Actual Loops": 1438, "Index Cond": "((site_id = a1.site_id) AND (user_id = a1.owner_user_id))", "Rows Removed by Index Recheck": 0, "Filter": "((name)::text ~~* '%ste%'::text)", "Rows Removed by Filter": 100, "Heap Fetches": 0, "Workers": []}]}]}, {"Node Type": "Index Only Scan", "Parent Relationship": "Inner", "Parallel Aware": false, "Async Capable": false, "Scan Direction": "Forward", "Index Name": "account_pkey", "Relation Name": "account", "Alias": "acc", "Startup Cost": 0.43, "Total Cost": 7.25, "Plan Rows": 1, "Plan Width": 4, "Actual Startup Time": 0.002, "Actual Total Time": 0.002, "Actual Rows": 1, "Actual Loops": 79, "Index Cond": "(id = u1.account_id)", "Rows Removed by Index Recheck": 0, "Heap Fetches": 79}]}]}, "Planning Time": 19.811, "Triggers": [], "Execution Time": 271.208}