{"Plan": {"Node Type": "Limit", "Parallel Aware": false, "Async Capable": false, "Startup Cost": 5326.65, "Total Cost": 5326.65, "Plan Rows": 1, "Plan Width": 19, "Actual Startup Time": 154.446, "Actual Total Time": 154.49, "Actual Rows": 87, "Actual Loops": 1, "Plans": [{"Node Type": "Sort", "Parent Relationship": "Outer", "Parallel Aware": false, "Async Capable": false, "Startup Cost": 5326.65, "Total Cost": 5326.65, "Plan Rows": 1, "Plan Width": 19, "Actual Startup Time": 154.445, "Actual Total Time": 154.485, "Actual Rows": 87, "Actual Loops": 1, "Sort Key": ["(count(*)) DESC"], "Sort Method": "quicksort", "Sort Space Used": 30, "Sort Space Type": "Memory", "Plans": [{"Node Type": "Aggregate", "Strategy": "Sorted", "Partial Mode": "Simple", "Parent Relationship": "Outer", "Parallel Aware": false, "Async Capable": false, "Startup Cost": 5326.62, "Total Cost": 5326.64, "Plan Rows": 1, "Plan Width": 19, "Actual Startup Time": 153.688, "Actual Total Time": 154.466, "Actual Rows": 87, "Actual Loops": 1, "Group Key": ["b1.name"], "Plans": [{"Node Type": "Sort", "Parent Relationship": "Outer", "Parallel Aware": false, "Async Capable": false, "Startup Cost": 5326.62, "Total Cost": 5326.62, "Plan Rows": 1, "Plan Width": 11, "Actual Startup Time": 153.682, "Actual Total Time": 154.024, "Actual Rows": 14875, "Actual Loops": 1, "Sort Key": ["b1.name"], "Sort Method": "quicksort", "Sort Space Used": 742, "Sort Space Type": "Memory", "Plans": [{"Node Type": "Nested Loop", "Parent Relationship": "Outer", "Parallel Aware": false, "Async Capable": false, "Join Type": "Inner", "Startup Cost": 5090.19, "Total Cost": 5326.61, "Plan Rows": 1, "Plan Width": 11, "Actual Startup Time": 13.753, "Actual Total Time": 152.128, "Actual Rows": 14875, "Actual Loops": 1, "Inner Unique": true, "Plans": [{"Node Type": "Gather", "Parent Relationship": "Outer", "Parallel Aware": false, "Async Capable": false, "Startup Cost": 5089.76, "Total Cost": 5319.72, "Plan Rows": 1, "Plan Width": 15, "Actual Startup Time": 13.732, "Actual Total Time": 89.427, "Actual Rows": 38443, "Actual Loops": 1, "Workers Planned": 1, "Workers Launched": 1, "Single Copy": false, "Plans": [{"Node Type": "Nested Loop", "Parent Relationship": "Outer", "Parallel Aware": false, "Async Capable": false, "Join Type": "Inner", "Startup Cost": 4089.76, "Total Cost": 4319.62, "Plan Rows": 1, "Plan Width": 15, "Actual Startup Time": 12.491, "Actual Total Time": 114.642, "Actual Rows": 19222, "Actual Loops": 2, "Inner Unique": false, "Join Filter": "(s.site_id = b1.site_id)", "Rows Removed by Join Filter": 0, "Workers": [], "Plans": [{"Node Type": "Nested Loop", "Parent Relationship": "Outer", "Parallel Aware": false, "Async Capable": false, "Join Type": "Inner", "Startup Cost": 4089.19, "Total Cost": 4315.73, "Plan Rows": 1, "Plan Width": 32, "Actual Startup Time": 12.471, "Actual Total Time": 87.551, "Actual Rows": 1008, "Actual Loops": 2, "Inner Unique": true, "Join Filter": "(s.site_id = u1.site_id)", "Rows Removed by Join Filter": 0, "Workers": [], "Plans": [{"Node Type": "Nested Loop", "Parent Relationship": "Outer", "Parallel Aware": false, "Async Capable": false, "Join Type": "Inner", "Startup Cost": 4088.75, "Total Cost": 4246.56, "Plan Rows": 10, "Plan Width": 20, "Actual Startup Time": 12.451, "Actual Total Time": 69.37, "Actual Rows": 1008, "Actual Loops": 2, "Inner Unique": true, "Join Filter": "(s.site_id = q1.site_id)", "Rows Removed by Join Filter": 0, "Workers": [], "Plans": [{"Node Type": "Nested Loop", "Parent Relationship": "Outer", "Parallel Aware": false, "Async Capable": false, "Join Type": "Inner", "Startup Cost": 4088.32, "Total Cost": 4149.84, "Plan Rows": 14, "Plan Width": 16, "Actual Startup Time": 12.419, "Actual Total Time": 15.867, "Actual Rows": 1286, "Actual Loops": 2, "Inner Unique": false, "Join Filter": "(s.site_id = tq1.site_id)", "Rows Removed by Join Filter": 0, "Workers": [], "Plans": [{"Node Type": "Merge Join", "Parent Relationship": "Outer", "Parallel Aware": false, "Async Capable": false, "Join Type": "Inner", "Startup Cost": 4087.75, "Total Cost": 4087.87, "Plan Rows": 1, "Plan Width": 12, "Actual Startup Time": 12.271, "Actual Total Time": 12.28, "Actual Rows": 8, "Actual Loops": 2, "Inner Unique": true, "Merge Cond": "(t1.site_id = s.site_id)", "Workers": [], "Plans": [{"Node Type": "Sort", "Parent Relationship": "Outer", "Parallel Aware": false, "Async Capable": false, "Startup Cost": 4084.35, "Total Cost": 4084.4, "Plan Rows": 19, "Plan Width": 8, "Actual Startup Time": 12.248, "Actual Total Time": 12.251, "Actual Rows": 47, "Actual Loops": 2, "Sort Key": ["t1.site_id"], "Sort Method": "quicksort", "Sort Space Used": 26, "Sort Space Type": "Memory", "Workers": [{"Worker Number": 0, "Sort Method": "quicksort", "Sort Space Used": 26, "Sort Space Type": "Memory"}], "Plans": [{"Node Type": "Seq Scan", "Parent Relationship": "Outer", "Parallel Aware": true, "Async Capable": false, "Relation Name": "tag", "Alias": "t1", "Startup Cost": 0.0, "Total Cost": 4083.95, "Plan Rows": 19, "Plan Width": 8, "Actual Startup Time": 0.126, "Actual Total Time": 12.234, "Actual Rows": 56, "Actual Loops": 2, "Filter": "((name)::text = ANY ('{1\u0441,categorical-encoding,estimators,filter,ftp,iframe,kohana,kolmogorov-smirnov,marginal,path,websocket,\u043a\u0440\u0438\u043f\u0442\u043e\u0433\u0440\u0430\u0444\u0438\u044f,\u0448\u0430\u0431\u043b\u043e\u043d\u044b-\u043f\u0440\u043e\u0435\u043a\u0442\u0438\u0440\u043e\u0432\u0430\u043d\u0438\u044f}'::text[]))", "Rows Removed by Filter": 93329, "Workers": []}]}, {"Node Type": "Sort", "Parent Relationship": "Inner", "Parallel Aware": false, "Async Capable": false, "Startup Cost": 3.4, "Total Cost": 3.41, "Plan Rows": 3, "Plan Width": 4, "Actual Startup Time": 0.02, "Actual Total Time": 0.021, "Actual Rows": 3, "Actual Loops": 2, "Sort Key": ["s.site_id"], "Sort Method": "quicksort", "Sort Space Used": 25, "Sort Space Type": "Memory", "Workers": [{"Worker Number": 0, "Sort Method": "quicksort", "Sort Space Used": 25, "Sort Space Type": "Memory"}], "Plans": [{"Node Type": "Seq Scan", "Parent Relationship": "Outer", "Parallel Aware": false, "Async Capable": false, "Relation Name": "site", "Alias": "s", "Startup Cost": 0.0, "Total Cost": 3.38, "Plan Rows": 3, "Plan Width": 4, "Actual Startup Time": 0.007, "Actual Total Time": 0.013, "Actual Rows": 3, "Actual Loops": 2, "Filter": "((site_name)::text = ANY ('{apple,ru,stats}'::text[]))", "Rows Removed by Filter": 170, "Workers": []}]}]}, {"Node Type": "Index Only Scan", "Parent Relationship": "Inner", "Parallel Aware": false, "Async Capable": false, "Scan Direction": "Forward", "Index Name": "tag_question_site_id_tag_id_question_id_idx", "Relation Name": "tag_question", "Alias": "tq1", "Startup Cost": 0.56, "Total Cost": 61.58, "Plan Rows": 31, "Plan Width": 12, "Actual Startup Time": 0.086, "Actual Total Time": 0.439, "Actual Rows": 161, "Actual Loops": 16, "Index Cond": "((site_id = t1.site_id) AND (tag_id = t1.id))", "Rows Removed by Index Recheck": 0, "Heap Fetches": 2571, "Workers": []}]}, {"Node Type": "Index Scan", "Parent Relationship": "Inner", "Parallel Aware": false, "Async Capable": false, "Scan Direction": "Forward", "Index Name": "question_pkey", "Relation Name": "question", "Alias": "q1", "Startup Cost": 0.43, "Total Cost": 6.9, "Plan Rows": 1, "Plan Width": 12, "Actual Startup Time": 0.041, "Actual Total Time": 0.041, "Actual Rows": 1, "Actual Loops": 2571, "Index Cond": "((id = tq1.question_id) AND (site_id = tq1.site_id))", "Rows Removed by Index Recheck": 0, "Filter": "((view_count >= 10) AND (view_count <= 1000))", "Rows Removed by Filter": 0, "Workers": []}]}, {"Node Type": "Index Scan", "Parent Relationship": "Inner", "Parallel Aware": false, "Async Capable": false, "Scan Direction": "Forward", "Index Name": "so_user_pkey", "Relation Name": "so_user", "Alias": "u1", "Startup Cost": 0.44, "Total Cost": 6.9, "Plan Rows": 1, "Plan Width": 12, "Actual Startup Time": 0.018, "Actual Total Time": 0.018, "Actual Rows": 1, "Actual Loops": 2016, "Index Cond": "((id = q1.owner_user_id) AND (site_id = q1.site_id))", "Rows Removed by Index Recheck": 0, "Workers": []}]}, {"Node Type": "Index Only Scan", "Parent Relationship": "Inner", "Parallel Aware": false, "Async Capable": false, "Scan Direction": "Forward", "Index Name": "badge_pkey", "Relation Name": "badge", "Alias": "b1", "Startup Cost": 0.56, "Total Cost": 3.87, "Plan Rows": 1, "Plan Width": 19, "Actual Startup Time": 0.024, "Actual Total Time": 0.026, "Actual Rows": 19, "Actual Loops": 2016, "Index Cond": "((site_id = q1.site_id) AND (user_id = q1.owner_user_id))", "Rows Removed by Index Recheck": 0, "Heap Fetches": 0, "Workers": []}]}]}, {"Node Type": "Index Scan", "Parent Relationship": "Inner", "Parallel Aware": false, "Async Capable": false, "Scan Direction": "Forward", "Index Name": "account_pkey", "Relation Name": "account", "Alias": "acc", "Startup Cost": 0.43, "Total Cost": 6.89, "Plan Rows": 1, "Plan Width": 4, "Actual Startup Time": 0.002, "Actual Total Time": 0.002, "Actual Rows": 0, "Actual Loops": 38443, "Index Cond": "(id = u1.account_id)", "Rows Removed by Index Recheck": 0, "Filter": "((website_url)::text ~~* '%'::text)", "Rows Removed by Filter": 1}]}]}]}]}]}, "Planning Time": 15.401, "Triggers": [], "Execution Time": 154.578}