{"Plan": {"Node Type": "Limit", "Parallel Aware": false, "Async Capable": false, "Startup Cost": 4042.88, "Total Cost": 4042.88, "Plan Rows": 1, "Plan Width": 19, "Actual Startup Time": 559.162, "Actual Total Time": 559.209, "Actual Rows": 72, "Actual Loops": 1, "Plans": [{"Node Type": "Sort", "Parent Relationship": "Outer", "Parallel Aware": false, "Async Capable": false, "Startup Cost": 4042.88, "Total Cost": 4042.88, "Plan Rows": 1, "Plan Width": 19, "Actual Startup Time": 559.161, "Actual Total Time": 559.205, "Actual Rows": 72, "Actual Loops": 1, "Sort Key": ["(count(*)) DESC"], "Sort Method": "quicksort", "Sort Space Used": 29, "Sort Space Type": "Memory", "Plans": [{"Node Type": "Aggregate", "Strategy": "Sorted", "Partial Mode": "Simple", "Parent Relationship": "Outer", "Parallel Aware": false, "Async Capable": false, "Startup Cost": 4042.85, "Total Cost": 4042.87, "Plan Rows": 1, "Plan Width": 19, "Actual Startup Time": 559.088, "Actual Total Time": 559.19, "Actual Rows": 72, "Actual Loops": 1, "Group Key": ["b1.name"], "Plans": [{"Node Type": "Sort", "Parent Relationship": "Outer", "Parallel Aware": false, "Async Capable": false, "Startup Cost": 4042.85, "Total Cost": 4042.85, "Plan Rows": 1, "Plan Width": 11, "Actual Startup Time": 559.081, "Actual Total Time": 559.144, "Actual Rows": 1029, "Actual Loops": 1, "Sort Key": ["b1.name"], "Sort Method": "quicksort", "Sort Space Used": 73, "Sort Space Type": "Memory", "Plans": [{"Node Type": "Nested Loop", "Parent Relationship": "Outer", "Parallel Aware": false, "Async Capable": false, "Join Type": "Inner", "Startup Cost": 3854.92, "Total Cost": 4042.84, "Plan Rows": 1, "Plan Width": 11, "Actual Startup Time": 20.462, "Actual Total Time": 558.963, "Actual Rows": 1029, "Actual Loops": 1, "Inner Unique": true, "Plans": [{"Node Type": "Gather", "Parent Relationship": "Outer", "Parallel Aware": false, "Async Capable": false, "Startup Cost": 3854.49, "Total Cost": 4035.95, "Plan Rows": 1, "Plan Width": 15, "Actual Startup Time": 6.621, "Actual Total Time": 437.714, "Actual Rows": 118032, "Actual Loops": 1, "Workers Planned": 1, "Workers Launched": 1, "Single Copy": false, "Plans": [{"Node Type": "Nested Loop", "Parent Relationship": "Outer", "Parallel Aware": false, "Async Capable": false, "Join Type": "Inner", "Startup Cost": 2854.49, "Total Cost": 3035.85, "Plan Rows": 1, "Plan Width": 15, "Actual Startup Time": 5.523, "Actual Total Time": 218.82, "Actual Rows": 59016, "Actual Loops": 2, "Inner Unique": false, "Join Filter": "((s.site_id = b1.site_id) AND (b1.user_id = q1.owner_user_id))", "Rows Removed by Join Filter": 0, "Workers": [], "Plans": [{"Node Type": "Nested Loop", "Parent Relationship": "Outer", "Parallel Aware": false, "Async Capable": false, "Join Type": "Inner", "Startup Cost": 2853.92, "Total Cost": 3031.96, "Plan Rows": 1, "Plan Width": 32, "Actual Startup Time": 5.475, "Actual Total Time": 132.017, "Actual Rows": 2511, "Actual Loops": 2, "Inner Unique": true, "Join Filter": "(s.site_id = u1.site_id)", "Rows Removed by Join Filter": 0, "Workers": [], "Plans": [{"Node Type": "Nested Loop", "Parent Relationship": "Outer", "Parallel Aware": false, "Async Capable": false, "Join Type": "Inner", "Startup Cost": 2853.48, "Total Cost": 3011.19, "Plan Rows": 3, "Plan Width": 20, "Actual Startup Time": 5.466, "Actual Total Time": 101.678, "Actual Rows": 2511, "Actual Loops": 2, "Inner Unique": true, "Join Filter": "(s.site_id = q1.site_id)", "Rows Removed by Join Filter": 0, "Workers": [], "Plans": [{"Node Type": "Nested Loop", "Parent Relationship": "Outer", "Parallel Aware": false, "Async Capable": false, "Join Type": "Inner", "Startup Cost": 2853.05, "Total Cost": 2914.47, "Plan Rows": 14, "Plan Width": 16, "Actual Startup Time": 5.452, "Actual Total Time": 11.692, "Actual Rows": 10056, "Actual Loops": 2, "Inner Unique": false, "Join Filter": "(s.site_id = tq1.site_id)", "Rows Removed by Join Filter": 0, "Workers": [], "Plans": [{"Node Type": "Merge Join", "Parent Relationship": "Outer", "Parallel Aware": false, "Async Capable": false, "Join Type": "Inner", "Startup Cost": 2852.48, "Total Cost": 2852.74, "Plan Rows": 1, "Plan Width": 12, "Actual Startup Time": 5.393, "Actual Total Time": 5.398, "Actual Rows": 2, "Actual Loops": 2, "Inner Unique": true, "Merge Cond": "(t1.site_id = s.site_id)", "Workers": [], "Plans": [{"Node Type": "Sort", "Parent Relationship": "Outer", "Parallel Aware": false, "Async Capable": false, "Startup Cost": 2849.31, "Total Cost": 2849.43, "Plan Rows": 48, "Plan Width": 8, "Actual Startup Time": 5.377, "Actual Total Time": 5.379, "Actual Rows": 6, "Actual Loops": 2, "Sort Key": ["t1.site_id"], "Sort Method": "quicksort", "Sort Space Used": 26, "Sort Space Type": "Memory", "Workers": [{"Worker Number": 0, "Sort Method": "quicksort", "Sort Space Used": 26, "Sort Space Type": "Memory"}], "Plans": [{"Node Type": "Seq Scan", "Parent Relationship": "Outer", "Parallel Aware": true, "Async Capable": false, "Relation Name": "tag", "Alias": "t1", "Startup Cost": 0.0, "Total Cost": 2847.97, "Plan Rows": 48, "Plan Width": 8, "Actual Startup Time": 0.007, "Actual Total Time": 5.369, "Actual Rows": 43, "Actual Loops": 2, "Filter": "((name)::text = ANY ('{14.04,drivers,python,virtualization}'::text[]))", "Rows Removed by Filter": 93342, "Workers": []}]}, {"Node Type": "Sort", "Parent Relationship": "Inner", "Parallel Aware": false, "Async Capable": false, "Startup Cost": 3.17, "Total Cost": 3.18, "Plan Rows": 1, "Plan Width": 4, "Actual Startup Time": 0.013, "Actual Total Time": 0.013, "Actual Rows": 1, "Actual Loops": 2, "Sort Key": ["s.site_id"], "Sort Method": "quicksort", "Sort Space Used": 25, "Sort Space Type": "Memory", "Workers": [{"Worker Number": 0, "Sort Method": "quicksort", "Sort Space Used": 25, "Sort Space Type": "Memory"}], "Plans": [{"Node Type": "Seq Scan", "Parent Relationship": "Outer", "Parallel Aware": false, "Async Capable": false, "Relation Name": "site", "Alias": "s", "Startup Cost": 0.0, "Total Cost": 3.16, "Plan Rows": 1, "Plan Width": 4, "Actual Startup Time": 0.006, "Actual Total Time": 0.009, "Actual Rows": 1, "Actual Loops": 2, "Filter": "((site_name)::text = 'askubuntu'::text)", "Rows Removed by Filter": 172, "Workers": []}]}]}, {"Node Type": "Index Only Scan", "Parent Relationship": "Inner", "Parallel Aware": false, "Async Capable": false, "Scan Direction": "Forward", "Index Name": "tag_question_site_id_tag_id_question_id_idx", "Relation Name": "tag_question", "Alias": "tq1", "Startup Cost": 0.56, "Total Cost": 61.34, "Plan Rows": 31, "Plan Width": 12, "Actual Startup Time": 0.094, "Actual Total Time": 2.889, "Actual Rows": 5028, "Actual Loops": 4, "Index Cond": "((site_id = t1.site_id) AND (tag_id = t1.id))", "Rows Removed by Index Recheck": 0, "Heap Fetches": 20112, "Workers": []}]}, {"Node Type": "Index Scan", "Parent Relationship": "Inner", "Parallel Aware": false, "Async Capable": false, "Scan Direction": "Forward", "Index Name": "question_pkey", "Relation Name": "question", "Alias": "q1", "Startup Cost": 0.43, "Total Cost": 6.9, "Plan Rows": 1, "Plan Width": 12, "Actual Startup Time": 0.009, "Actual Total Time": 0.009, "Actual Rows": 0, "Actual Loops": 20112, "Index Cond": "((id = tq1.question_id) AND (site_id = tq1.site_id))", "Rows Removed by Index Recheck": 0, "Filter": "((favorite_count >= 1) AND (favorite_count <= 10))", "Rows Removed by Filter": 1, "Workers": []}]}, {"Node Type": "Index Scan", "Parent Relationship": "Inner", "Parallel Aware": false, "Async Capable": false, "Scan Direction": "Forward", "Index Name": "so_user_pkey", "Relation Name": "so_user", "Alias": "u1", "Startup Cost": 0.44, "Total Cost": 6.91, "Plan Rows": 1, "Plan Width": 12, "Actual Startup Time": 0.012, "Actual Total Time": 0.012, "Actual Rows": 1, "Actual Loops": 5022, "Index Cond": "((id = q1.owner_user_id) AND (site_id = q1.site_id))", "Rows Removed by Index Recheck": 0, "Workers": []}]}, {"Node Type": "Index Only Scan", "Parent Relationship": "Inner", "Parallel Aware": false, "Async Capable": false, "Scan Direction": "Forward", "Index Name": "badge_pkey", "Relation Name": "badge", "Alias": "b1", "Startup Cost": 0.56, "Total Cost": 3.87, "Plan Rows": 1, "Plan Width": 19, "Actual Startup Time": 0.03, "Actual Total Time": 0.033, "Actual Rows": 24, "Actual Loops": 5022, "Index Cond": "((site_id = u1.site_id) AND (user_id = u1.id))", "Rows Removed by Index Recheck": 0, "Heap Fetches": 0, "Workers": []}]}]}, {"Node Type": "Index Scan", "Parent Relationship": "Inner", "Parallel Aware": false, "Async Capable": false, "Scan Direction": "Forward", "Index Name": "account_pkey", "Relation Name": "account", "Alias": "acc", "Startup Cost": 0.43, "Total Cost": 6.89, "Plan Rows": 1, "Plan Width": 4, "Actual Startup Time": 0.001, "Actual Total Time": 0.001, "Actual Rows": 0, "Actual Loops": 118032, "Index Cond": "(id = u1.account_id)", "Rows Removed by Index Recheck": 0, "Filter": "((website_url)::text ~~* '%io'::text)", "Rows Removed by Filter": 1}]}]}]}]}]}, "Planning Time": 13.065, "Triggers": [], "Execution Time": 559.275}