{"Plan": {"Node Type": "Limit", "Parallel Aware": false, "Async Capable": false, "Startup Cost": 3890.57, "Total Cost": 3890.58, "Plan Rows": 1, "Plan Width": 19, "Actual Startup Time": 318.076, "Actual Total Time": 318.128, "Actual Rows": 90, "Actual Loops": 1, "Plans": [{"Node Type": "Sort", "Parent Relationship": "Outer", "Parallel Aware": false, "Async Capable": false, "Startup Cost": 3890.57, "Total Cost": 3890.58, "Plan Rows": 1, "Plan Width": 19, "Actual Startup Time": 318.074, "Actual Total Time": 318.123, "Actual Rows": 90, "Actual Loops": 1, "Sort Key": ["(count(*)) DESC"], "Sort Method": "quicksort", "Sort Space Used": 30, "Sort Space Type": "Memory", "Plans": [{"Node Type": "Aggregate", "Strategy": "Sorted", "Partial Mode": "Simple", "Parent Relationship": "Outer", "Parallel Aware": false, "Async Capable": false, "Startup Cost": 3890.54, "Total Cost": 3890.56, "Plan Rows": 1, "Plan Width": 19, "Actual Startup Time": 312.437, "Actual Total Time": 318.101, "Actual Rows": 90, "Actual Loops": 1, "Group Key": ["b1.name"], "Plans": [{"Node Type": "Sort", "Parent Relationship": "Outer", "Parallel Aware": false, "Async Capable": false, "Startup Cost": 3890.54, "Total Cost": 3890.55, "Plan Rows": 1, "Plan Width": 11, "Actual Startup Time": 312.428, "Actual Total Time": 314.754, "Actual Rows": 111361, "Actual Loops": 1, "Sort Key": ["b1.name"], "Sort Method": "quicksort", "Sort Space Used": 6015, "Sort Space Type": "Memory", "Plans": [{"Node Type": "Nested Loop", "Parent Relationship": "Outer", "Parallel Aware": false, "Async Capable": false, "Join Type": "Inner", "Startup Cost": 3716.31, "Total Cost": 3890.53, "Plan Rows": 1, "Plan Width": 11, "Actual Startup Time": 6.304, "Actual Total Time": 303.511, "Actual Rows": 111361, "Actual Loops": 1, "Inner Unique": true, "Plans": [{"Node Type": "Gather", "Parent Relationship": "Outer", "Parallel Aware": false, "Async Capable": false, "Startup Cost": 3715.87, "Total Cost": 3883.64, "Plan Rows": 1, "Plan Width": 15, "Actual Startup Time": 6.171, "Actual Total Time": 160.208, "Actual Rows": 198749, "Actual Loops": 1, "Workers Planned": 1, "Workers Launched": 1, "Single Copy": false, "Plans": [{"Node Type": "Nested Loop", "Parent Relationship": "Outer", "Parallel Aware": false, "Async Capable": false, "Join Type": "Inner", "Startup Cost": 2715.87, "Total Cost": 2883.54, "Plan Rows": 1, "Plan Width": 15, "Actual Startup Time": 5.136, "Actual Total Time": 221.557, "Actual Rows": 99374, "Actual Loops": 2, "Inner Unique": true, "Join Filter": "((s.site_id = u1.site_id) AND (u1.id = q1.owner_user_id))", "Rows Removed by Join Filter": 0, "Workers": [], "Plans": [{"Node Type": "Nested Loop", "Parent Relationship": "Outer", "Parallel Aware": false, "Async Capable": false, "Join Type": "Inner", "Startup Cost": 2715.44, "Total Cost": 2876.62, "Plan Rows": 1, "Plan Width": 39, "Actual Startup Time": 5.118, "Actual Total Time": 160.176, "Actual Rows": 99374, "Actual Loops": 2, "Inner Unique": false, "Join Filter": "(s.site_id = b1.site_id)", "Rows Removed by Join Filter": 0, "Workers": [], "Plans": [{"Node Type": "Nested Loop", "Parent Relationship": "Outer", "Parallel Aware": false, "Async Capable": false, "Join Type": "Inner", "Startup Cost": 2714.87, "Total Cost": 2872.7, "Plan Rows": 1, "Plan Width": 20, "Actual Startup Time": 5.061, "Actual Total Time": 119.856, "Actual Rows": 644, "Actual Loops": 2, "Inner Unique": true, "Join Filter": "(s.site_id = q1.site_id)", "Rows Removed by Join Filter": 0, "Workers": [], "Plans": [{"Node Type": "Nested Loop", "Parent Relationship": "Outer", "Parallel Aware": false, "Async Capable": false, "Join Type": "Inner", "Startup Cost": 2714.44, "Total Cost": 2775.99, "Plan Rows": 14, "Plan Width": 16, "Actual Startup Time": 4.994, "Actual Total Time": 37.885, "Actual Rows": 14344, "Actual Loops": 2, "Inner Unique": false, "Join Filter": "(s.site_id = tq1.site_id)", "Rows Removed by Join Filter": 0, "Workers": [], "Plans": [{"Node Type": "Merge Join", "Parent Relationship": "Outer", "Parallel Aware": false, "Async Capable": false, "Join Type": "Inner", "Startup Cost": 2713.87, "Total Cost": 2713.92, "Plan Rows": 1, "Plan Width": 12, "Actual Startup Time": 4.832, "Actual Total Time": 4.841, "Actual Rows": 2, "Actual Loops": 2, "Inner Unique": true, "Merge Cond": "(t1.site_id = s.site_id)", "Workers": [], "Plans": [{"Node Type": "Sort", "Parent Relationship": "Outer", "Parallel Aware": false, "Async Capable": false, "Startup Cost": 2710.7, "Total Cost": 2710.71, "Plan Rows": 5, "Plan Width": 8, "Actual Startup Time": 4.814, "Actual Total Time": 4.817, "Actual Rows": 14, "Actual Loops": 2, "Sort Key": ["t1.site_id"], "Sort Method": "quicksort", "Sort Space Used": 25, "Sort Space Type": "Memory", "Workers": [{"Worker Number": 0, "Sort Method": "quicksort", "Sort Space Used": 25, "Sort Space Type": "Memory"}], "Plans": [{"Node Type": "Seq Scan", "Parent Relationship": "Outer", "Parallel Aware": true, "Async Capable": false, "Relation Name": "tag", "Alias": "t1", "Startup Cost": 0.0, "Total Cost": 2710.64, "Plan Rows": 5, "Plan Width": 8, "Actual Startup Time": 0.343, "Actual Total Time": 4.806, "Actual Rows": 15, "Actual Loops": 2, "Filter": "((name)::text = ANY ('{binding,makefile,replace}'::text[]))", "Rows Removed by Filter": 93370, "Workers": []}]}, {"Node Type": "Sort", "Parent Relationship": "Inner", "Parallel Aware": false, "Async Capable": false, "Startup Cost": 3.17, "Total Cost": 3.18, "Plan Rows": 2, "Plan Width": 4, "Actual Startup Time": 0.016, "Actual Total Time": 0.017, "Actual Rows": 2, "Actual Loops": 2, "Sort Key": ["s.site_id"], "Sort Method": "quicksort", "Sort Space Used": 25, "Sort Space Type": "Memory", "Workers": [{"Worker Number": 0, "Sort Method": "quicksort", "Sort Space Used": 25, "Sort Space Type": "Memory"}], "Plans": [{"Node Type": "Seq Scan", "Parent Relationship": "Outer", "Parallel Aware": false, "Async Capable": false, "Relation Name": "site", "Alias": "s", "Startup Cost": 0.0, "Total Cost": 3.16, "Plan Rows": 2, "Plan Width": 4, "Actual Startup Time": 0.01, "Actual Total Time": 0.011, "Actual Rows": 2, "Actual Loops": 2, "Filter": "((site_name)::text = ANY ('{stackoverflow,superuser}'::text[]))", "Rows Removed by Filter": 171, "Workers": []}]}]}, {"Node Type": "Index Only Scan", "Parent Relationship": "Inner", "Parallel Aware": false, "Async Capable": false, "Scan Direction": "Forward", "Index Name": "tag_question_site_id_tag_id_question_id_idx", "Relation Name": "tag_question", "Alias": "tq1", "Startup Cost": 0.56, "Total Cost": 61.69, "Plan Rows": 31, "Plan Width": 12, "Actual Startup Time": 0.126, "Actual Total Time": 16.092, "Actual Rows": 7172, "Actual Loops": 4, "Index Cond": "((site_id = t1.site_id) AND (tag_id = t1.id))", "Rows Removed by Index Recheck": 0, "Heap Fetches": 28687, "Workers": []}]}, {"Node Type": "Index Scan", "Parent Relationship": "Inner", "Parallel Aware": false, "Async Capable": false, "Scan Direction": "Forward", "Index Name": "question_pkey", "Relation Name": "question", "Alias": "q1", "Startup Cost": 0.43, "Total Cost": 6.9, "Plan Rows": 1, "Plan Width": 12, "Actual Startup Time": 0.006, "Actual Total Time": 0.006, "Actual Rows": 0, "Actual Loops": 28687, "Index Cond": "((id = tq1.question_id) AND (site_id = tq1.site_id))", "Rows Removed by Index Recheck": 0, "Filter": "((score >= 10) AND (score <= 1000))", "Rows Removed by Filter": 1, "Workers": []}]}, {"Node Type": "Index Only Scan", "Parent Relationship": "Inner", "Parallel Aware": false, "Async Capable": false, "Scan Direction": "Forward", "Index Name": "badge_pkey", "Relation Name": "badge", "Alias": "b1", "Startup Cost": 0.56, "Total Cost": 3.91, "Plan Rows": 1, "Plan Width": 19, "Actual Startup Time": 0.031, "Actual Total Time": 0.055, "Actual Rows": 154, "Actual Loops": 1289, "Index Cond": "((site_id = q1.site_id) AND (user_id = q1.owner_user_id))", "Rows Removed by Index Recheck": 0, "Heap Fetches": 0, "Workers": []}]}, {"Node Type": "Index Scan", "Parent Relationship": "Inner", "Parallel Aware": false, "Async Capable": false, "Scan Direction": "Forward", "Index Name": "so_user_pkey", "Relation Name": "so_user", "Alias": "u1", "Startup Cost": 0.44, "Total Cost": 6.9, "Plan Rows": 1, "Plan Width": 12, "Actual Startup Time": 0.0, "Actual Total Time": 0.0, "Actual Rows": 1, "Actual Loops": 198749, "Index Cond": "((id = b1.user_id) AND (site_id = b1.site_id))", "Rows Removed by Index Recheck": 0, "Workers": []}]}]}, {"Node Type": "Index Scan", "Parent Relationship": "Inner", "Parallel Aware": false, "Async Capable": false, "Scan Direction": "Forward", "Index Name": "account_pkey", "Relation Name": "account", "Alias": "acc", "Startup Cost": 0.43, "Total Cost": 6.89, "Plan Rows": 1, "Plan Width": 4, "Actual Startup Time": 0.001, "Actual Total Time": 0.001, "Actual Rows": 1, "Actual Loops": 198749, "Index Cond": "(id = u1.account_id)", "Rows Removed by Index Recheck": 0, "Filter": "((website_url)::text ~~* '%'::text)", "Rows Removed by Filter": 0}]}]}]}]}]}, "Planning Time": 13.389, "Triggers": [], "Execution Time": 318.309}