{"Plan": {"Node Type": "Limit", "Parallel Aware": false, "Async Capable": false, "Startup Cost": 3945.88, "Total Cost": 3945.88, "Plan Rows": 1, "Plan Width": 19, "Actual Startup Time": 68.284, "Actual Total Time": 68.326, "Actual Rows": 80, "Actual Loops": 1, "Plans": [{"Node Type": "Sort", "Parent Relationship": "Outer", "Parallel Aware": false, "Async Capable": false, "Startup Cost": 3945.88, "Total Cost": 3945.88, "Plan Rows": 1, "Plan Width": 19, "Actual Startup Time": 68.283, "Actual Total Time": 68.322, "Actual Rows": 80, "Actual Loops": 1, "Sort Key": ["(count(*)) DESC"], "Sort Method": "quicksort", "Sort Space Used": 30, "Sort Space Type": "Memory", "Plans": [{"Node Type": "Aggregate", "Strategy": "Sorted", "Partial Mode": "Simple", "Parent Relationship": "Outer", "Parallel Aware": false, "Async Capable": false, "Startup Cost": 3945.85, "Total Cost": 3945.87, "Plan Rows": 1, "Plan Width": 19, "Actual Startup Time": 67.4, "Actual Total Time": 68.305, "Actual Rows": 80, "Actual Loops": 1, "Group Key": ["b1.name"], "Plans": [{"Node Type": "Sort", "Parent Relationship": "Outer", "Parallel Aware": false, "Async Capable": false, "Startup Cost": 3945.85, "Total Cost": 3945.85, "Plan Rows": 1, "Plan Width": 11, "Actual Startup Time": 67.394, "Actual Total Time": 67.79, "Actual Rows": 17601, "Actual Loops": 1, "Sort Key": ["b1.name"], "Sort Method": "quicksort", "Sort Space Used": 1224, "Sort Space Type": "Memory", "Plans": [{"Node Type": "Nested Loop", "Parent Relationship": "Outer", "Parallel Aware": false, "Async Capable": false, "Join Type": "Inner", "Startup Cost": 3716.31, "Total Cost": 3945.84, "Plan Rows": 1, "Plan Width": 11, "Actual Startup Time": 5.789, "Actual Total Time": 65.818, "Actual Rows": 17601, "Actual Loops": 1, "Inner Unique": true, "Plans": [{"Node Type": "Gather", "Parent Relationship": "Outer", "Parallel Aware": false, "Async Capable": false, "Startup Cost": 3715.87, "Total Cost": 3938.95, "Plan Rows": 1, "Plan Width": 15, "Actual Startup Time": 5.7, "Actual Total Time": 29.427, "Actual Rows": 41200, "Actual Loops": 1, "Workers Planned": 1, "Workers Launched": 1, "Single Copy": false, "Plans": [{"Node Type": "Nested Loop", "Parent Relationship": "Outer", "Parallel Aware": false, "Async Capable": false, "Join Type": "Inner", "Startup Cost": 2715.87, "Total Cost": 2938.85, "Plan Rows": 1, "Plan Width": 15, "Actual Startup Time": 4.823, "Actual Total Time": 20.526, "Actual Rows": 20600, "Actual Loops": 2, "Inner Unique": false, "Join Filter": "(s.site_id = b1.site_id)", "Rows Removed by Join Filter": 0, "Workers": [], "Plans": [{"Node Type": "Nested Loop", "Parent Relationship": "Outer", "Parallel Aware": false, "Async Capable": false, "Join Type": "Inner", "Startup Cost": 2715.31, "Total Cost": 2934.96, "Plan Rows": 1, "Plan Width": 32, "Actual Startup Time": 4.799, "Actual Total Time": 11.045, "Actual Rows": 299, "Actual Loops": 2, "Inner Unique": true, "Join Filter": "(s.site_id = u1.site_id)", "Rows Removed by Join Filter": 0, "Workers": [], "Plans": [{"Node Type": "Nested Loop", "Parent Relationship": "Outer", "Parallel Aware": false, "Async Capable": false, "Join Type": "Inner", "Startup Cost": 2714.87, "Total Cost": 2872.7, "Plan Rows": 9, "Plan Width": 20, "Actual Startup Time": 4.78, "Actual Total Time": 9.041, "Actual Rows": 299, "Actual Loops": 2, "Inner Unique": true, "Join Filter": "(s.site_id = q1.site_id)", "Rows Removed by Join Filter": 0, "Workers": [], "Plans": [{"Node Type": "Nested Loop", "Parent Relationship": "Outer", "Parallel Aware": false, "Async Capable": false, "Join Type": "Inner", "Startup Cost": 2714.44, "Total Cost": 2775.99, "Plan Rows": 14, "Plan Width": 16, "Actual Startup Time": 4.757, "Actual Total Time": 5.977, "Actual Rows": 367, "Actual Loops": 2, "Inner Unique": false, "Join Filter": "(s.site_id = tq1.site_id)", "Rows Removed by Join Filter": 0, "Workers": [], "Plans": [{"Node Type": "Merge Join", "Parent Relationship": "Outer", "Parallel Aware": false, "Async Capable": false, "Join Type": "Inner", "Startup Cost": 2713.87, "Total Cost": 2713.92, "Plan Rows": 1, "Plan Width": 12, "Actual Startup Time": 4.634, "Actual Total Time": 4.636, "Actual Rows": 2, "Actual Loops": 2, "Inner Unique": true, "Merge Cond": "(t1.site_id = s.site_id)", "Workers": [], "Plans": [{"Node Type": "Sort", "Parent Relationship": "Outer", "Parallel Aware": false, "Async Capable": false, "Startup Cost": 2710.7, "Total Cost": 2710.71, "Plan Rows": 5, "Plan Width": 8, "Actual Startup Time": 4.617, "Actual Total Time": 4.618, "Actual Rows": 2, "Actual Loops": 2, "Sort Key": ["t1.site_id"], "Sort Method": "quicksort", "Sort Space Used": 25, "Sort Space Type": "Memory", "Workers": [{"Worker Number": 0, "Sort Method": "quicksort", "Sort Space Used": 25, "Sort Space Type": "Memory"}], "Plans": [{"Node Type": "Seq Scan", "Parent Relationship": "Outer", "Parallel Aware": true, "Async Capable": false, "Relation Name": "tag", "Alias": "t1", "Startup Cost": 0.0, "Total Cost": 2710.64, "Plan Rows": 5, "Plan Width": 8, "Actual Startup Time": 3.014, "Actual Total Time": 4.611, "Actual Rows": 2, "Actual Loops": 2, "Filter": "((name)::text = ANY ('{corpus,httplistener,modx-revolution}'::text[]))", "Rows Removed by Filter": 93384, "Workers": []}]}, {"Node Type": "Sort", "Parent Relationship": "Inner", "Parallel Aware": false, "Async Capable": false, "Startup Cost": 3.17, "Total Cost": 3.18, "Plan Rows": 2, "Plan Width": 4, "Actual Startup Time": 0.015, "Actual Total Time": 0.015, "Actual Rows": 1, "Actual Loops": 2, "Sort Key": ["s.site_id"], "Sort Method": "quicksort", "Sort Space Used": 25, "Sort Space Type": "Memory", "Workers": [{"Worker Number": 0, "Sort Method": "quicksort", "Sort Space Used": 25, "Sort Space Type": "Memory"}], "Plans": [{"Node Type": "Seq Scan", "Parent Relationship": "Outer", "Parallel Aware": false, "Async Capable": false, "Relation Name": "site", "Alias": "s", "Startup Cost": 0.0, "Total Cost": 3.16, "Plan Rows": 2, "Plan Width": 4, "Actual Startup Time": 0.01, "Actual Total Time": 0.011, "Actual Rows": 2, "Actual Loops": 2, "Filter": "((site_name)::text = ANY ('{stackoverflow,superuser}'::text[]))", "Rows Removed by Filter": 171, "Workers": []}]}]}, {"Node Type": "Index Only Scan", "Parent Relationship": "Inner", "Parallel Aware": false, "Async Capable": false, "Scan Direction": "Forward", "Index Name": "tag_question_site_id_tag_id_question_id_idx", "Relation Name": "tag_question", "Alias": "tq1", "Startup Cost": 0.56, "Total Cost": 61.69, "Plan Rows": 31, "Plan Width": 12, "Actual Startup Time": 0.108, "Actual Total Time": 0.878, "Actual Rows": 245, "Actual Loops": 3, "Index Cond": "((site_id = t1.site_id) AND (tag_id = t1.id))", "Rows Removed by Index Recheck": 0, "Heap Fetches": 734, "Workers": []}]}, {"Node Type": "Index Scan", "Parent Relationship": "Inner", "Parallel Aware": false, "Async Capable": false, "Scan Direction": "Forward", "Index Name": "question_pkey", "Relation Name": "question", "Alias": "q1", "Startup Cost": 0.43, "Total Cost": 6.9, "Plan Rows": 1, "Plan Width": 12, "Actual Startup Time": 0.008, "Actual Total Time": 0.008, "Actual Rows": 1, "Actual Loops": 734, "Index Cond": "((id = tq1.question_id) AND (site_id = tq1.site_id))", "Rows Removed by Index Recheck": 0, "Filter": "((view_count >= 100) AND (view_count <= 100000))", "Rows Removed by Filter": 0, "Workers": []}]}, {"Node Type": "Index Scan", "Parent Relationship": "Inner", "Parallel Aware": false, "Async Capable": false, "Scan Direction": "Forward", "Index Name": "so_user_pkey", "Relation Name": "so_user", "Alias": "u1", "Startup Cost": 0.44, "Total Cost": 6.91, "Plan Rows": 1, "Plan Width": 12, "Actual Startup Time": 0.007, "Actual Total Time": 0.007, "Actual Rows": 1, "Actual Loops": 598, "Index Cond": "((id = q1.owner_user_id) AND (site_id = q1.site_id))", "Rows Removed by Index Recheck": 0, "Workers": []}]}, {"Node Type": "Index Only Scan", "Parent Relationship": "Inner", "Parallel Aware": false, "Async Capable": false, "Scan Direction": "Forward", "Index Name": "badge_pkey", "Relation Name": "badge", "Alias": "b1", "Startup Cost": 0.56, "Total Cost": 3.87, "Plan Rows": 1, "Plan Width": 19, "Actual Startup Time": 0.021, "Actual Total Time": 0.028, "Actual Rows": 69, "Actual Loops": 598, "Index Cond": "((site_id = q1.site_id) AND (user_id = q1.owner_user_id))", "Rows Removed by Index Recheck": 0, "Heap Fetches": 0, "Workers": []}]}]}, {"Node Type": "Index Scan", "Parent Relationship": "Inner", "Parallel Aware": false, "Async Capable": false, "Scan Direction": "Forward", "Index Name": "account_pkey", "Relation Name": "account", "Alias": "acc", "Startup Cost": 0.43, "Total Cost": 6.89, "Plan Rows": 1, "Plan Width": 4, "Actual Startup Time": 0.001, "Actual Total Time": 0.001, "Actual Rows": 0, "Actual Loops": 41200, "Index Cond": "(id = u1.account_id)", "Rows Removed by Index Recheck": 0, "Filter": "((website_url)::text ~~* '%'::text)", "Rows Removed by Filter": 1}]}]}]}]}]}, "Planning Time": 14.937, "Triggers": [], "Execution Time": 68.411}