{"Plan": {"Node Type": "Limit", "Parallel Aware": false, "Async Capable": false, "Startup Cost": 4502.46, "Total Cost": 4502.46, "Plan Rows": 1, "Plan Width": 19, "Actual Startup Time": 1835.995, "Actual Total Time": 1836.053, "Actual Rows": 45, "Actual Loops": 1, "Plans": [{"Node Type": "Sort", "Parent Relationship": "Outer", "Parallel Aware": false, "Async Capable": false, "Startup Cost": 4502.46, "Total Cost": 4502.46, "Plan Rows": 1, "Plan Width": 19, "Actual Startup Time": 1835.994, "Actual Total Time": 1836.05, "Actual Rows": 45, "Actual Loops": 1, "Sort Key": ["(count(*)) DESC"], "Sort Method": "quicksort", "Sort Space Used": 27, "Sort Space Type": "Memory", "Plans": [{"Node Type": "Aggregate", "Strategy": "Sorted", "Partial Mode": "Simple", "Parent Relationship": "Outer", "Parallel Aware": false, "Async Capable": false, "Startup Cost": 4502.43, "Total Cost": 4502.45, "Plan Rows": 1, "Plan Width": 19, "Actual Startup Time": 1835.944, "Actual Total Time": 1836.037, "Actual Rows": 45, "Actual Loops": 1, "Group Key": ["b1.name"], "Plans": [{"Node Type": "Sort", "Parent Relationship": "Outer", "Parallel Aware": false, "Async Capable": false, "Startup Cost": 4502.43, "Total Cost": 4502.43, "Plan Rows": 1, "Plan Width": 11, "Actual Startup Time": 1835.936, "Actual Total Time": 1836.005, "Actual Rows": 671, "Actual Loops": 1, "Sort Key": ["b1.name"], "Sort Method": "quicksort", "Sort Space Used": 42, "Sort Space Type": "Memory", "Plans": [{"Node Type": "Nested Loop", "Parent Relationship": "Outer", "Parallel Aware": false, "Async Capable": false, "Join Type": "Inner", "Startup Cost": 4265.76, "Total Cost": 4502.42, "Plan Rows": 1, "Plan Width": 11, "Actual Startup Time": 202.738, "Actual Total Time": 1835.876, "Actual Rows": 671, "Actual Loops": 1, "Inner Unique": true, "Plans": [{"Node Type": "Gather", "Parent Relationship": "Outer", "Parallel Aware": false, "Async Capable": false, "Startup Cost": 4265.33, "Total Cost": 4495.35, "Plan Rows": 1, "Plan Width": 15, "Actual Startup Time": 8.9, "Actual Total Time": 832.909, "Actual Rows": 786994, "Actual Loops": 1, "Workers Planned": 1, "Workers Launched": 1, "Single Copy": false, "Plans": [{"Node Type": "Nested Loop", "Parent Relationship": "Outer", "Parallel Aware": false, "Async Capable": false, "Join Type": "Inner", "Startup Cost": 3265.33, "Total Cost": 3495.25, "Plan Rows": 1, "Plan Width": 15, "Actual Startup Time": 7.98, "Actual Total Time": 444.095, "Actual Rows": 393497, "Actual Loops": 2, "Inner Unique": false, "Join Filter": "(s.site_id = b1.site_id)", "Rows Removed by Join Filter": 0, "Workers": [], "Plans": [{"Node Type": "Nested Loop", "Parent Relationship": "Outer", "Parallel Aware": false, "Async Capable": false, "Join Type": "Inner", "Startup Cost": 3264.76, "Total Cost": 3491.36, "Plan Rows": 1, "Plan Width": 32, "Actual Startup Time": 7.921, "Actual Total Time": 157.961, "Actual Rows": 10128, "Actual Loops": 2, "Inner Unique": true, "Join Filter": "(s.site_id = u1.site_id)", "Rows Removed by Join Filter": 0, "Workers": [], "Plans": [{"Node Type": "Nested Loop", "Parent Relationship": "Outer", "Parallel Aware": false, "Async Capable": false, "Join Type": "Inner", "Startup Cost": 3264.33, "Total Cost": 3422.19, "Plan Rows": 10, "Plan Width": 20, "Actual Startup Time": 7.901, "Actual Total Time": 112.185, "Actual Rows": 10128, "Actual Loops": 2, "Inner Unique": true, "Join Filter": "(s.site_id = q1.site_id)", "Rows Removed by Join Filter": 0, "Workers": [], "Plans": [{"Node Type": "Nested Loop", "Parent Relationship": "Outer", "Parallel Aware": false, "Async Capable": false, "Join Type": "Inner", "Startup Cost": 3263.89, "Total Cost": 3325.47, "Plan Rows": 14, "Plan Width": 16, "Actual Startup Time": 7.844, "Actual Total Time": 36.984, "Actual Rows": 13771, "Actual Loops": 2, "Inner Unique": false, "Join Filter": "(s.site_id = tq1.site_id)", "Rows Removed by Join Filter": 0, "Workers": [], "Plans": [{"Node Type": "Merge Join", "Parent Relationship": "Outer", "Parallel Aware": false, "Async Capable": false, "Join Type": "Inner", "Startup Cost": 3263.33, "Total Cost": 3263.4, "Plan Rows": 1, "Plan Width": 12, "Actual Startup Time": 7.702, "Actual Total Time": 7.713, "Actual Rows": 4, "Actual Loops": 2, "Inner Unique": true, "Merge Cond": "(t1.site_id = s.site_id)", "Workers": [], "Plans": [{"Node Type": "Sort", "Parent Relationship": "Outer", "Parallel Aware": false, "Async Capable": false, "Startup Cost": 3260.15, "Total Cost": 3260.18, "Plan Rows": 11, "Plan Width": 8, "Actual Startup Time": 7.686, "Actual Total Time": 7.69, "Actual Rows": 27, "Actual Loops": 2, "Sort Key": ["t1.site_id"], "Sort Method": "quicksort", "Sort Space Used": 26, "Sort Space Type": "Memory", "Workers": [{"Worker Number": 0, "Sort Method": "quicksort", "Sort Space Used": 25, "Sort Space Type": "Memory"}], "Plans": [{"Node Type": "Seq Scan", "Parent Relationship": "Outer", "Parallel Aware": true, "Async Capable": false, "Relation Name": "tag", "Alias": "t1", "Startup Cost": 0.0, "Total Cost": 3259.96, "Plan Rows": 11, "Plan Width": 8, "Actual Startup Time": 0.265, "Actual Total Time": 7.678, "Actual Rows": 31, "Actual Loops": 2, "Filter": "((name)::text = ANY ('{avr,chromium,clang++,comparator,nginx,paypal,sqoop}'::text[]))", "Rows Removed by Filter": 93354, "Workers": []}]}, {"Node Type": "Sort", "Parent Relationship": "Inner", "Parallel Aware": false, "Async Capable": false, "Startup Cost": 3.17, "Total Cost": 3.18, "Plan Rows": 1, "Plan Width": 4, "Actual Startup Time": 0.012, "Actual Total Time": 0.013, "Actual Rows": 1, "Actual Loops": 2, "Sort Key": ["s.site_id"], "Sort Method": "quicksort", "Sort Space Used": 25, "Sort Space Type": "Memory", "Workers": [{"Worker Number": 0, "Sort Method": "quicksort", "Sort Space Used": 25, "Sort Space Type": "Memory"}], "Plans": [{"Node Type": "Seq Scan", "Parent Relationship": "Outer", "Parallel Aware": false, "Async Capable": false, "Relation Name": "site", "Alias": "s", "Startup Cost": 0.0, "Total Cost": 3.16, "Plan Rows": 1, "Plan Width": 4, "Actual Startup Time": 0.008, "Actual Total Time": 0.009, "Actual Rows": 1, "Actual Loops": 2, "Filter": "((site_name)::text = 'stackoverflow'::text)", "Rows Removed by Filter": 172, "Workers": []}]}]}, {"Node Type": "Index Only Scan", "Parent Relationship": "Inner", "Parallel Aware": false, "Async Capable": false, "Scan Direction": "Forward", "Index Name": "tag_question_site_id_tag_id_question_id_idx", "Relation Name": "tag_question", "Alias": "tq1", "Startup Cost": 0.56, "Total Cost": 61.69, "Plan Rows": 31, "Plan Width": 12, "Actual Startup Time": 0.104, "Actual Total Time": 8.151, "Actual Rows": 3935, "Actual Loops": 7, "Index Cond": "((site_id = t1.site_id) AND (tag_id = t1.id))", "Rows Removed by Index Recheck": 0, "Heap Fetches": 27542, "Workers": []}]}, {"Node Type": "Index Scan", "Parent Relationship": "Inner", "Parallel Aware": false, "Async Capable": false, "Scan Direction": "Forward", "Index Name": "question_pkey", "Relation Name": "question", "Alias": "q1", "Startup Cost": 0.43, "Total Cost": 6.9, "Plan Rows": 1, "Plan Width": 12, "Actual Startup Time": 0.005, "Actual Total Time": 0.005, "Actual Rows": 1, "Actual Loops": 27542, "Index Cond": "((id = tq1.question_id) AND (site_id = tq1.site_id))", "Rows Removed by Index Recheck": 0, "Filter": "((view_count >= 10) AND (view_count <= 1000))", "Rows Removed by Filter": 0, "Workers": []}]}, {"Node Type": "Index Scan", "Parent Relationship": "Inner", "Parallel Aware": false, "Async Capable": false, "Scan Direction": "Forward", "Index Name": "so_user_pkey", "Relation Name": "so_user", "Alias": "u1", "Startup Cost": 0.44, "Total Cost": 6.9, "Plan Rows": 1, "Plan Width": 12, "Actual Startup Time": 0.004, "Actual Total Time": 0.004, "Actual Rows": 1, "Actual Loops": 20257, "Index Cond": "((id = q1.owner_user_id) AND (site_id = q1.site_id))", "Rows Removed by Index Recheck": 0, "Workers": []}]}, {"Node Type": "Index Only Scan", "Parent Relationship": "Inner", "Parallel Aware": false, "Async Capable": false, "Scan Direction": "Forward", "Index Name": "badge_pkey", "Relation Name": "badge", "Alias": "b1", "Startup Cost": 0.56, "Total Cost": 3.87, "Plan Rows": 1, "Plan Width": 19, "Actual Startup Time": 0.021, "Actual Total Time": 0.026, "Actual Rows": 39, "Actual Loops": 20257, "Index Cond": "((site_id = q1.site_id) AND (user_id = q1.owner_user_id))", "Rows Removed by Index Recheck": 0, "Heap Fetches": 0, "Workers": []}]}]}, {"Node Type": "Index Scan", "Parent Relationship": "Inner", "Parallel Aware": false, "Async Capable": false, "Scan Direction": "Forward", "Index Name": "account_pkey", "Relation Name": "account", "Alias": "acc", "Startup Cost": 0.43, "Total Cost": 6.89, "Plan Rows": 1, "Plan Width": 4, "Actual Startup Time": 0.001, "Actual Total Time": 0.001, "Actual Rows": 0, "Actual Loops": 786994, "Index Cond": "(id = u1.account_id)", "Rows Removed by Index Recheck": 0, "Filter": "((website_url)::text ~~* '%en'::text)", "Rows Removed by Filter": 1}]}]}]}]}]}, "Planning Time": 12.878, "Triggers": [], "Execution Time": 1836.13}