{"Plan": {"Node Type": "Aggregate", "Strategy": "Plain", "Partial Mode": "Simple", "Parallel Aware": false, "Async Capable": false, "Startup Cost": 4165.27, "Total Cost": 4165.28, "Plan Rows": 1, "Plan Width": 8, "Actual Startup Time": 313.452, "Actual Total Time": 313.499, "Actual Rows": 1, "Actual Loops": 1, "Plans": [{"Node Type": "Nested Loop", "Parent Relationship": "Outer", "Parallel Aware": false, "Async Capable": false, "Join Type": "Inner", "Startup Cost": 3991.03, "Total Cost": 4165.27, "Plan Rows": 1, "Plan Width": 0, "Actual Startup Time": 10.254, "Actual Total Time": 312.699, "Actual Rows": 35081, "Actual Loops": 1, "Inner Unique": true, "Plans": [{"Node Type": "Gather", "Parent Relationship": "Outer", "Parallel Aware": false, "Async Capable": false, "Startup Cost": 3990.6, "Total Cost": 4158.38, "Plan Rows": 1, "Plan Width": 4, "Actual Startup Time": 7.252, "Actual Total Time": 237.464, "Actual Rows": 102776, "Actual Loops": 1, "Workers Planned": 1, "Workers Launched": 1, "Single Copy": false, "Plans": [{"Node Type": "Nested Loop", "Parent Relationship": "Outer", "Parallel Aware": false, "Async Capable": false, "Join Type": "Inner", "Startup Cost": 2990.6, "Total Cost": 3158.28, "Plan Rows": 1, "Plan Width": 4, "Actual Startup Time": 6.144, "Actual Total Time": 119.313, "Actual Rows": 51388, "Actual Loops": 2, "Inner Unique": true, "Join Filter": "((s.site_id = u1.site_id) AND (u1.id = q1.owner_user_id))", "Rows Removed by Join Filter": 0, "Workers": [], "Plans": [{"Node Type": "Nested Loop", "Parent Relationship": "Outer", "Parallel Aware": false, "Async Capable": false, "Join Type": "Inner", "Startup Cost": 2990.16, "Total Cost": 3151.36, "Plan Rows": 1, "Plan Width": 28, "Actual Startup Time": 6.138, "Actual Total Time": 87.386, "Actual Rows": 51388, "Actual Loops": 2, "Inner Unique": false, "Join Filter": "(s.site_id = b1.site_id)", "Rows Removed by Join Filter": 0, "Workers": [], "Plans": [{"Node Type": "Nested Loop", "Parent Relationship": "Outer", "Parallel Aware": false, "Async Capable": false, "Join Type": "Inner", "Startup Cost": 2989.59, "Total Cost": 3147.44, "Plan Rows": 1, "Plan Width": 20, "Actual Startup Time": 6.094, "Actual Total Time": 69.937, "Actual Rows": 340, "Actual Loops": 2, "Inner Unique": true, "Join Filter": "(s.site_id = q1.site_id)", "Rows Removed by Join Filter": 0, "Workers": [], "Plans": [{"Node Type": "Nested Loop", "Parent Relationship": "Outer", "Parallel Aware": false, "Async Capable": false, "Join Type": "Inner", "Startup Cost": 2989.16, "Total Cost": 3050.72, "Plan Rows": 14, "Plan Width": 16, "Actual Startup Time": 6.086, "Actual Total Time": 23.656, "Actual Rows": 8108, "Actual Loops": 2, "Inner Unique": false, "Join Filter": "(s.site_id = tq1.site_id)", "Rows Removed by Join Filter": 0, "Workers": [], "Plans": [{"Node Type": "Merge Join", "Parent Relationship": "Outer", "Parallel Aware": false, "Async Capable": false, "Join Type": "Inner", "Startup Cost": 2988.59, "Total Cost": 2988.65, "Plan Rows": 1, "Plan Width": 12, "Actual Startup Time": 5.977, "Actual Total Time": 5.982, "Actual Rows": 2, "Actual Loops": 2, "Inner Unique": true, "Merge Cond": "(t1.site_id = s.site_id)", "Workers": [], "Plans": [{"Node Type": "Sort", "Parent Relationship": "Outer", "Parallel Aware": false, "Async Capable": false, "Startup Cost": 2985.42, "Total Cost": 2985.44, "Plan Rows": 8, "Plan Width": 8, "Actual Startup Time": 5.958, "Actual Total Time": 5.96, "Actual Rows": 14, "Actual Loops": 2, "Sort Key": ["t1.site_id"], "Sort Method": "quicksort", "Sort Space Used": 25, "Sort Space Type": "Memory", "Workers": [{"Worker Number": 0, "Sort Method": "quicksort", "Sort Space Used": 25, "Sort Space Type": "Memory"}], "Plans": [{"Node Type": "Seq Scan", "Parent Relationship": "Outer", "Parallel Aware": true, "Async Capable": false, "Relation Name": "tag", "Alias": "t1", "Startup Cost": 0.0, "Total Cost": 2985.3, "Plan Rows": 8, "Plan Width": 8, "Actual Startup Time": 0.598, "Actual Total Time": 5.951, "Actual Rows": 14, "Actual Loops": 2, "Filter": "((name)::text = ANY ('{binary-tree,commit,google-cloud-platform,hudson,jetty}'::text[]))", "Rows Removed by Filter": 93370, "Workers": []}]}, {"Node Type": "Sort", "Parent Relationship": "Inner", "Parallel Aware": false, "Async Capable": false, "Startup Cost": 3.17, "Total Cost": 3.18, "Plan Rows": 1, "Plan Width": 4, "Actual Startup Time": 0.016, "Actual Total Time": 0.017, "Actual Rows": 1, "Actual Loops": 2, "Sort Key": ["s.site_id"], "Sort Method": "quicksort", "Sort Space Used": 25, "Sort Space Type": "Memory", "Workers": [{"Worker Number": 0, "Sort Method": "quicksort", "Sort Space Used": 25, "Sort Space Type": "Memory"}], "Plans": [{"Node Type": "Seq Scan", "Parent Relationship": "Outer", "Parallel Aware": false, "Async Capable": false, "Relation Name": "site", "Alias": "s", "Startup Cost": 0.0, "Total Cost": 3.16, "Plan Rows": 1, "Plan Width": 4, "Actual Startup Time": 0.011, "Actual Total Time": 0.012, "Actual Rows": 1, "Actual Loops": 2, "Filter": "((site_name)::text = 'stackoverflow'::text)", "Rows Removed by Filter": 172, "Workers": []}]}]}, {"Node Type": "Index Only Scan", "Parent Relationship": "Inner", "Parallel Aware": false, "Async Capable": false, "Scan Direction": "Forward", "Index Name": "tag_question_site_id_tag_id_question_id_idx", "Relation Name": "tag_question", "Alias": "tq1", "Startup Cost": 0.56, "Total Cost": 61.69, "Plan Rows": 31, "Plan Width": 12, "Actual Startup Time": 0.152, "Actual Total Time": 6.901, "Actual Rows": 3243, "Actual Loops": 5, "Index Cond": "((site_id = t1.site_id) AND (tag_id = t1.id))", "Rows Removed by Index Recheck": 0, "Heap Fetches": 16217, "Workers": []}]}, {"Node Type": "Index Scan", "Parent Relationship": "Inner", "Parallel Aware": false, "Async Capable": false, "Scan Direction": "Forward", "Index Name": "question_pkey", "Relation Name": "question", "Alias": "q1", "Startup Cost": 0.43, "Total Cost": 6.9, "Plan Rows": 1, "Plan Width": 12, "Actual Startup Time": 0.006, "Actual Total Time": 0.006, "Actual Rows": 0, "Actual Loops": 16217, "Index Cond": "((id = tq1.question_id) AND (site_id = tq1.site_id))", "Rows Removed by Index Recheck": 0, "Filter": "((score >= 10) AND (score <= 1000))", "Rows Removed by Filter": 1, "Workers": []}]}, {"Node Type": "Index Only Scan", "Parent Relationship": "Inner", "Parallel Aware": false, "Async Capable": false, "Scan Direction": "Forward", "Index Name": "badge_pkey", "Relation Name": "badge", "Alias": "b1", "Startup Cost": 0.56, "Total Cost": 3.91, "Plan Rows": 1, "Plan Width": 8, "Actual Startup Time": 0.024, "Actual Total Time": 0.044, "Actual Rows": 151, "Actual Loops": 680, "Index Cond": "((site_id = q1.site_id) AND (user_id = q1.owner_user_id))", "Rows Removed by Index Recheck": 0, "Heap Fetches": 0, "Workers": []}]}, {"Node Type": "Index Scan", "Parent Relationship": "Inner", "Parallel Aware": false, "Async Capable": false, "Scan Direction": "Forward", "Index Name": "so_user_pkey", "Relation Name": "so_user", "Alias": "u1", "Startup Cost": 0.44, "Total Cost": 6.9, "Plan Rows": 1, "Plan Width": 12, "Actual Startup Time": 0.0, "Actual Total Time": 0.0, "Actual Rows": 1, "Actual Loops": 102776, "Index Cond": "((id = b1.user_id) AND (site_id = b1.site_id))", "Rows Removed by Index Recheck": 0, "Workers": []}]}]}, {"Node Type": "Index Scan", "Parent Relationship": "Inner", "Parallel Aware": false, "Async Capable": false, "Scan Direction": "Forward", "Index Name": "account_pkey", "Relation Name": "account", "Alias": "acc", "Startup Cost": 0.43, "Total Cost": 6.89, "Plan Rows": 1, "Plan Width": 4, "Actual Startup Time": 0.001, "Actual Total Time": 0.001, "Actual Rows": 0, "Actual Loops": 102776, "Index Cond": "(id = u1.account_id)", "Rows Removed by Index Recheck": 0, "Filter": "((website_url)::text ~~* '%com'::text)", "Rows Removed by Filter": 1}]}]}, "Planning Time": 6.817, "Triggers": [], "Execution Time": 313.557}