{"Plan": {"Node Type": "Unique", "Parallel Aware": false, "Async Capable": false, "Startup Cost": 6510.53, "Total Cost": 6510.54, "Plan Rows": 1, "Plan Width": 11, "Actual Startup Time": 522.012, "Actual Total Time": 540.871, "Actual Rows": 307, "Actual Loops": 1, "Plans": [{"Node Type": "Sort", "Parent Relationship": "Outer", "Parallel Aware": false, "Async Capable": false, "Startup Cost": 6510.53, "Total Cost": 6510.54, "Plan Rows": 1, "Plan Width": 11, "Actual Startup Time": 522.01, "Actual Total Time": 540.826, "Actual Rows": 1015, "Actual Loops": 1, "Sort Key": ["account.display_name"], "Sort Method": "quicksort", "Sort Space Used": 47, "Sort Space Type": "Memory", "Plans": [{"Node Type": "Nested Loop", "Parent Relationship": "Outer", "Parallel Aware": false, "Async Capable": false, "Join Type": "Inner", "Startup Cost": 6329.82, "Total Cost": 6510.52, "Plan Rows": 1, "Plan Width": 11, "Actual Startup Time": 198.938, "Actual Total Time": 540.544, "Actual Rows": 1015, "Actual Loops": 1, "Inner Unique": true, "Plans": [{"Node Type": "Gather", "Parent Relationship": "Outer", "Parallel Aware": false, "Async Capable": false, "Startup Cost": 6329.38, "Total Cost": 6503.01, "Plan Rows": 1, "Plan Width": 8, "Actual Startup Time": 198.899, "Actual Total Time": 534.279, "Actual Rows": 1015, "Actual Loops": 1, "Workers Planned": 1, "Workers Launched": 1, "Single Copy": false, "Plans": [{"Node Type": "Hash Join", "Parent Relationship": "Outer", "Parallel Aware": true, "Async Capable": false, "Join Type": "Inner", "Startup Cost": 5329.38, "Total Cost": 5502.91, "Plan Rows": 1, "Plan Width": 8, "Actual Startup Time": 96.106, "Actual Total Time": 306.428, "Actual Rows": 508, "Actual Loops": 2, "Inner Unique": false, "Hash Cond": "(u1.account_id = u2.account_id)", "Workers": [], "Plans": [{"Node Type": "Nested Loop", "Parent Relationship": "Outer", "Parallel Aware": false, "Async Capable": false, "Join Type": "Inner", "Startup Cost": 2577.93, "Total Cost": 2751.44, "Plan Rows": 1, "Plan Width": 4, "Actual Startup Time": 3.107, "Actual Total Time": 211.583, "Actual Rows": 24036, "Actual Loops": 2, "Inner Unique": true, "Join Filter": "(t1.site_id = u1.site_id)", "Rows Removed by Join Filter": 0, "Workers": [], "Plans": [{"Node Type": "Nested Loop", "Parent Relationship": "Outer", "Parallel Aware": false, "Async Capable": false, "Join Type": "Inner", "Startup Cost": 2577.49, "Total Cost": 2743.91, "Plan Rows": 1, "Plan Width": 20, "Actual Startup Time": 3.096, "Actual Total Time": 132.747, "Actual Rows": 24036, "Actual Loops": 2, "Inner Unique": true, "Join Filter": "(t1.site_id = q1.site_id)", "Rows Removed by Join Filter": 0, "Workers": [], "Plans": [{"Node Type": "Nested Loop", "Parent Relationship": "Outer", "Parallel Aware": false, "Async Capable": false, "Join Type": "Inner", "Startup Cost": 2577.06, "Total Cost": 2638.51, "Plan Rows": 14, "Plan Width": 16, "Actual Startup Time": 3.081, "Actual Total Time": 44.579, "Actual Rows": 24036, "Actual Loops": 2, "Inner Unique": false, "Workers": [], "Plans": [{"Node Type": "Merge Join", "Parent Relationship": "Outer", "Parallel Aware": false, "Async Capable": false, "Join Type": "Inner", "Startup Cost": 2576.49, "Total Cost": 2576.52, "Plan Rows": 1, "Plan Width": 12, "Actual Startup Time": 3.052, "Actual Total Time": 3.055, "Actual Rows": 0, "Actual Loops": 2, "Inner Unique": true, "Merge Cond": "(t1.site_id = s1.site_id)", "Workers": [], "Plans": [{"Node Type": "Sort", "Parent Relationship": "Outer", "Parallel Aware": false, "Async Capable": false, "Startup Cost": 2573.32, "Total Cost": 2573.32, "Plan Rows": 2, "Plan Width": 8, "Actual Startup Time": 3.029, "Actual Total Time": 3.031, "Actual Rows": 8, "Actual Loops": 2, "Sort Key": ["t1.site_id"], "Sort Method": "quicksort", "Sort Space Used": 25, "Sort Space Type": "Memory", "Workers": [{"Worker Number": 0, "Sort Method": "quicksort", "Sort Space Used": 25, "Sort Space Type": "Memory"}], "Plans": [{"Node Type": "Seq Scan", "Parent Relationship": "Outer", "Parallel Aware": true, "Async Capable": false, "Relation Name": "tag", "Alias": "t1", "Startup Cost": 0.0, "Total Cost": 2573.31, "Plan Rows": 2, "Plan Width": 8, "Actual Startup Time": 0.531, "Actual Total Time": 3.015, "Actual Rows": 10, "Actual Loops": 2, "Filter": "((name)::text = 'forms'::text)", "Rows Removed by Filter": 93376, "Workers": []}]}, {"Node Type": "Sort", "Parent Relationship": "Inner", "Parallel Aware": false, "Async Capable": false, "Startup Cost": 3.17, "Total Cost": 3.18, "Plan Rows": 1, "Plan Width": 4, "Actual Startup Time": 0.019, "Actual Total Time": 0.02, "Actual Rows": 1, "Actual Loops": 2, "Sort Key": ["s1.site_id"], "Sort Method": "quicksort", "Sort Space Used": 25, "Sort Space Type": "Memory", "Workers": [{"Worker Number": 0, "Sort Method": "quicksort", "Sort Space Used": 25, "Sort Space Type": "Memory"}], "Plans": [{"Node Type": "Seq Scan", "Parent Relationship": "Outer", "Parallel Aware": false, "Async Capable": false, "Relation Name": "site", "Alias": "s1", "Startup Cost": 0.0, "Total Cost": 3.16, "Plan Rows": 1, "Plan Width": 4, "Actual Startup Time": 0.014, "Actual Total Time": 0.014, "Actual Rows": 1, "Actual Loops": 2, "Filter": "((site_name)::text = 'stackoverflow'::text)", "Rows Removed by Filter": 172, "Workers": []}]}]}, {"Node Type": "Index Only Scan", "Parent Relationship": "Inner", "Parallel Aware": false, "Async Capable": false, "Scan Direction": "Forward", "Index Name": "tag_question_site_id_tag_id_question_id_idx", "Relation Name": "tag_question", "Alias": "tq1", "Startup Cost": 0.56, "Total Cost": 61.69, "Plan Rows": 31, "Plan Width": 12, "Actual Startup Time": 0.055, "Actual Total Time": 80.846, "Actual Rows": 48073, "Actual Loops": 1, "Index Cond": "((site_id = t1.site_id) AND (tag_id = t1.id))", "Rows Removed by Index Recheck": 0, "Heap Fetches": 48073, "Workers": []}]}, {"Node Type": "Index Scan", "Parent Relationship": "Inner", "Parallel Aware": false, "Async Capable": false, "Scan Direction": "Forward", "Index Name": "question_pkey", "Relation Name": "question", "Alias": "q1", "Startup Cost": 0.43, "Total Cost": 7.52, "Plan Rows": 1, "Plan Width": 12, "Actual Startup Time": 0.004, "Actual Total Time": 0.004, "Actual Rows": 1, "Actual Loops": 48073, "Index Cond": "((id = tq1.question_id) AND (site_id = tq1.site_id))", "Rows Removed by Index Recheck": 0, "Workers": []}]}, {"Node Type": "Index Scan", "Parent Relationship": "Inner", "Parallel Aware": false, "Async Capable": false, "Scan Direction": "Forward", "Index Name": "so_user_pkey", "Relation Name": "so_user", "Alias": "u1", "Startup Cost": 0.44, "Total Cost": 7.52, "Plan Rows": 1, "Plan Width": 12, "Actual Startup Time": 0.003, "Actual Total Time": 0.003, "Actual Rows": 1, "Actual Loops": 48073, "Index Cond": "((id = q1.owner_user_id) AND (site_id = q1.site_id))", "Rows Removed by Index Recheck": 0, "Workers": []}]}, {"Node Type": "Hash", "Parent Relationship": "Inner", "Parallel Aware": true, "Async Capable": false, "Startup Cost": 2751.44, "Total Cost": 2751.44, "Plan Rows": 1, "Plan Width": 4, "Actual Startup Time": 92.547, "Actual Total Time": 92.55, "Actual Rows": 5113, "Actual Loops": 2, "Hash Buckets": 16384, "Original Hash Buckets": 1024, "Hash Batches": 1, "Original Hash Batches": 1, "Peak Memory Usage": 664, "Workers": [], "Plans": [{"Node Type": "Nested Loop", "Parent Relationship": "Outer", "Parallel Aware": false, "Async Capable": false, "Join Type": "Inner", "Startup Cost": 2577.93, "Total Cost": 2751.44, "Plan Rows": 1, "Plan Width": 4, "Actual Startup Time": 3.418, "Actual Total Time": 47.483, "Actual Rows": 5113, "Actual Loops": 2, "Inner Unique": true, "Join Filter": "(t2.site_id = u2.site_id)", "Rows Removed by Join Filter": 0, "Workers": [], "Plans": [{"Node Type": "Nested Loop", "Parent Relationship": "Outer", "Parallel Aware": false, "Async Capable": false, "Join Type": "Inner", "Startup Cost": 2577.49, "Total Cost": 2743.91, "Plan Rows": 1, "Plan Width": 20, "Actual Startup Time": 3.409, "Actual Total Time": 25.434, "Actual Rows": 5113, "Actual Loops": 2, "Inner Unique": true, "Join Filter": "(t2.site_id = q2.site_id)", "Rows Removed by Join Filter": 0, "Workers": [], "Plans": [{"Node Type": "Nested Loop", "Parent Relationship": "Outer", "Parallel Aware": false, "Async Capable": false, "Join Type": "Inner", "Startup Cost": 2577.06, "Total Cost": 2638.51, "Plan Rows": 14, "Plan Width": 16, "Actual Startup Time": 3.356, "Actual Total Time": 4.877, "Actual Rows": 5113, "Actual Loops": 2, "Inner Unique": false, "Workers": [], "Plans": [{"Node Type": "Merge Join", "Parent Relationship": "Outer", "Parallel Aware": false, "Async Capable": false, "Join Type": "Inner", "Startup Cost": 2576.49, "Total Cost": 2576.52, "Plan Rows": 1, "Plan Width": 12, "Actual Startup Time": 3.291, "Actual Total Time": 3.294, "Actual Rows": 0, "Actual Loops": 2, "Inner Unique": true, "Merge Cond": "(t2.site_id = s2.site_id)", "Workers": [], "Plans": [{"Node Type": "Sort", "Parent Relationship": "Outer", "Parallel Aware": false, "Async Capable": false, "Startup Cost": 2573.32, "Total Cost": 2573.32, "Plan Rows": 2, "Plan Width": 8, "Actual Startup Time": 3.283, "Actual Total Time": 3.284, "Actual Rows": 1, "Actual Loops": 2, "Sort Key": ["t2.site_id"], "Sort Method": "quicksort", "Sort Space Used": 25, "Sort Space Type": "Memory", "Workers": [{"Worker Number": 0, "Sort Method": "quicksort", "Sort Space Used": 25, "Sort Space Type": "Memory"}], "Plans": [{"Node Type": "Seq Scan", "Parent Relationship": "Outer", "Parallel Aware": true, "Async Capable": false, "Relation Name": "tag", "Alias": "t2", "Startup Cost": 0.0, "Total Cost": 2573.31, "Plan Rows": 2, "Plan Width": 8, "Actual Startup Time": 1.751, "Actual Total Time": 3.276, "Actual Rows": 1, "Actual Loops": 2, "Filter": "((name)::text = 'single-word-requests'::text)", "Rows Removed by Filter": 93384, "Workers": []}]}, {"Node Type": "Sort", "Parent Relationship": "Inner", "Parallel Aware": false, "Async Capable": false, "Startup Cost": 3.17, "Total Cost": 3.18, "Plan Rows": 1, "Plan Width": 4, "Actual Startup Time": 0.012, "Actual Total Time": 0.013, "Actual Rows": 1, "Actual Loops": 1, "Sort Key": ["s2.site_id"], "Sort Method": "quicksort", "Sort Space Used": 25, "Sort Space Type": "Memory", "Workers": [], "Plans": [{"Node Type": "Seq Scan", "Parent Relationship": "Outer", "Parallel Aware": false, "Async Capable": false, "Relation Name": "site", "Alias": "s2", "Startup Cost": 0.0, "Total Cost": 3.16, "Plan Rows": 1, "Plan Width": 4, "Actual Startup Time": 0.005, "Actual Total Time": 0.008, "Actual Rows": 1, "Actual Loops": 1, "Filter": "((site_name)::text = 'english'::text)", "Rows Removed by Filter": 172, "Workers": []}]}]}, {"Node Type": "Index Only Scan", "Parent Relationship": "Inner", "Parallel Aware": false, "Async Capable": false, "Scan Direction": "Forward", "Index Name": "tag_question_site_id_tag_id_question_id_idx", "Relation Name": "tag_question", "Alias": "tq2", "Startup Cost": 0.56, "Total Cost": 61.69, "Plan Rows": 31, "Plan Width": 12, "Actual Startup Time": 0.127, "Actual Total Time": 2.717, "Actual Rows": 10226, "Actual Loops": 1, "Index Cond": "((site_id = t2.site_id) AND (tag_id = t2.id))", "Rows Removed by Index Recheck": 0, "Heap Fetches": 10226, "Workers": []}]}, {"Node Type": "Index Scan", "Parent Relationship": "Inner", "Parallel Aware": false, "Async Capable": false, "Scan Direction": "Forward", "Index Name": "question_pkey", "Relation Name": "question", "Alias": "q2", "Startup Cost": 0.43, "Total Cost": 7.52, "Plan Rows": 1, "Plan Width": 12, "Actual Startup Time": 0.004, "Actual Total Time": 0.004, "Actual Rows": 1, "Actual Loops": 10226, "Index Cond": "((id = tq2.question_id) AND (site_id = tq2.site_id))", "Rows Removed by Index Recheck": 0, "Workers": []}]}, {"Node Type": "Index Scan", "Parent Relationship": "Inner", "Parallel Aware": false, "Async Capable": false, "Scan Direction": "Forward", "Index Name": "so_user_pkey", "Relation Name": "so_user", "Alias": "u2", "Startup Cost": 0.44, "Total Cost": 7.52, "Plan Rows": 1, "Plan Width": 12, "Actual Startup Time": 0.004, "Actual Total Time": 0.004, "Actual Rows": 1, "Actual Loops": 10226, "Index Cond": "((id = q2.owner_user_id) AND (site_id = q2.site_id))", "Rows Removed by Index Recheck": 0, "Workers": []}]}]}]}]}, {"Node Type": "Index Scan", "Parent Relationship": "Inner", "Parallel Aware": false, "Async Capable": false, "Scan Direction": "Forward", "Index Name": "account_pkey", "Relation Name": "account", "Alias": "account", "Startup Cost": 0.43, "Total Cost": 7.51, "Plan Rows": 1, "Plan Width": 15, "Actual Startup Time": 0.006, "Actual Total Time": 0.006, "Actual Rows": 1, "Actual Loops": 1015, "Index Cond": "(id = u1.account_id)", "Rows Removed by Index Recheck": 0}]}]}]}, "Planning Time": 47.297, "Triggers": [], "Execution Time": 541.0}