{"Plan": {"Node Type": "Unique", "Parallel Aware": false, "Async Capable": false, "Startup Cost": 6510.53, "Total Cost": 6510.54, "Plan Rows": 1, "Plan Width": 11, "Actual Startup Time": 467.247, "Actual Total Time": 484.639, "Actual Rows": 80, "Actual Loops": 1, "Plans": [{"Node Type": "Sort", "Parent Relationship": "Outer", "Parallel Aware": false, "Async Capable": false, "Startup Cost": 6510.53, "Total Cost": 6510.54, "Plan Rows": 1, "Plan Width": 11, "Actual Startup Time": 467.245, "Actual Total Time": 484.626, "Actual Rows": 169, "Actual Loops": 1, "Sort Key": ["account.display_name"], "Sort Method": "quicksort", "Sort Space Used": 28, "Sort Space Type": "Memory", "Plans": [{"Node Type": "Nested Loop", "Parent Relationship": "Outer", "Parallel Aware": false, "Async Capable": false, "Join Type": "Inner", "Startup Cost": 6329.82, "Total Cost": 6510.52, "Plan Rows": 1, "Plan Width": 11, "Actual Startup Time": 465.828, "Actual Total Time": 484.565, "Actual Rows": 169, "Actual Loops": 1, "Inner Unique": true, "Plans": [{"Node Type": "Gather", "Parent Relationship": "Outer", "Parallel Aware": false, "Async Capable": false, "Startup Cost": 6329.38, "Total Cost": 6503.01, "Plan Rows": 1, "Plan Width": 8, "Actual Startup Time": 465.773, "Actual Total Time": 483.162, "Actual Rows": 169, "Actual Loops": 1, "Workers Planned": 1, "Workers Launched": 1, "Single Copy": false, "Plans": [{"Node Type": "Hash Join", "Parent Relationship": "Outer", "Parallel Aware": true, "Async Capable": false, "Join Type": "Inner", "Startup Cost": 5329.38, "Total Cost": 5502.91, "Plan Rows": 1, "Plan Width": 8, "Actual Startup Time": 314.138, "Actual Total Time": 389.218, "Actual Rows": 84, "Actual Loops": 2, "Inner Unique": false, "Hash Cond": "(u1.account_id = u2.account_id)", "Workers": [], "Plans": [{"Node Type": "Nested Loop", "Parent Relationship": "Outer", "Parallel Aware": false, "Async Capable": false, "Join Type": "Inner", "Startup Cost": 2577.93, "Total Cost": 2751.44, "Plan Rows": 1, "Plan Width": 4, "Actual Startup Time": 3.144, "Actual Total Time": 77.635, "Actual Rows": 6591, "Actual Loops": 2, "Inner Unique": true, "Join Filter": "(t1.site_id = u1.site_id)", "Rows Removed by Join Filter": 0, "Workers": [], "Plans": [{"Node Type": "Nested Loop", "Parent Relationship": "Outer", "Parallel Aware": false, "Async Capable": false, "Join Type": "Inner", "Startup Cost": 2577.49, "Total Cost": 2743.91, "Plan Rows": 1, "Plan Width": 20, "Actual Startup Time": 3.14, "Actual Total Time": 51.399, "Actual Rows": 6591, "Actual Loops": 2, "Inner Unique": true, "Join Filter": "(t1.site_id = q1.site_id)", "Rows Removed by Join Filter": 0, "Workers": [], "Plans": [{"Node Type": "Nested Loop", "Parent Relationship": "Outer", "Parallel Aware": false, "Async Capable": false, "Join Type": "Inner", "Startup Cost": 2577.06, "Total Cost": 2638.51, "Plan Rows": 14, "Plan Width": 16, "Actual Startup Time": 3.134, "Actual Total Time": 16.616, "Actual Rows": 6591, "Actual Loops": 2, "Inner Unique": false, "Workers": [], "Plans": [{"Node Type": "Merge Join", "Parent Relationship": "Outer", "Parallel Aware": false, "Async Capable": false, "Join Type": "Inner", "Startup Cost": 2576.49, "Total Cost": 2576.52, "Plan Rows": 1, "Plan Width": 12, "Actual Startup Time": 3.035, "Actual Total Time": 3.038, "Actual Rows": 0, "Actual Loops": 2, "Inner Unique": true, "Merge Cond": "(t1.site_id = s1.site_id)", "Workers": [], "Plans": [{"Node Type": "Sort", "Parent Relationship": "Outer", "Parallel Aware": false, "Async Capable": false, "Startup Cost": 2573.32, "Total Cost": 2573.32, "Plan Rows": 2, "Plan Width": 8, "Actual Startup Time": 3.02, "Actual Total Time": 3.021, "Actual Rows": 3, "Actual Loops": 2, "Sort Key": ["t1.site_id"], "Sort Method": "quicksort", "Sort Space Used": 25, "Sort Space Type": "Memory", "Workers": [{"Worker Number": 0, "Sort Method": "quicksort", "Sort Space Used": 25, "Sort Space Type": "Memory"}], "Plans": [{"Node Type": "Seq Scan", "Parent Relationship": "Outer", "Parallel Aware": true, "Async Capable": false, "Relation Name": "tag", "Alias": "t1", "Startup Cost": 0.0, "Total Cost": 2573.31, "Plan Rows": 2, "Plan Width": 8, "Actual Startup Time": 0.686, "Actual Total Time": 3.009, "Actual Rows": 3, "Actual Loops": 2, "Filter": "((name)::text = 'web-scraping'::text)", "Rows Removed by Filter": 93382, "Workers": []}]}, {"Node Type": "Sort", "Parent Relationship": "Inner", "Parallel Aware": false, "Async Capable": false, "Startup Cost": 3.17, "Total Cost": 3.18, "Plan Rows": 1, "Plan Width": 4, "Actual Startup Time": 0.013, "Actual Total Time": 0.013, "Actual Rows": 1, "Actual Loops": 2, "Sort Key": ["s1.site_id"], "Sort Method": "quicksort", "Sort Space Used": 25, "Sort Space Type": "Memory", "Workers": [{"Worker Number": 0, "Sort Method": "quicksort", "Sort Space Used": 25, "Sort Space Type": "Memory"}], "Plans": [{"Node Type": "Seq Scan", "Parent Relationship": "Outer", "Parallel Aware": false, "Async Capable": false, "Relation Name": "site", "Alias": "s1", "Startup Cost": 0.0, "Total Cost": 3.16, "Plan Rows": 1, "Plan Width": 4, "Actual Startup Time": 0.007, "Actual Total Time": 0.008, "Actual Rows": 1, "Actual Loops": 2, "Filter": "((site_name)::text = 'stackoverflow'::text)", "Rows Removed by Filter": 172, "Workers": []}]}]}, {"Node Type": "Index Only Scan", "Parent Relationship": "Inner", "Parallel Aware": false, "Async Capable": false, "Scan Direction": "Forward", "Index Name": "tag_question_site_id_tag_id_question_id_idx", "Relation Name": "tag_question", "Alias": "tq1", "Startup Cost": 0.56, "Total Cost": 61.69, "Plan Rows": 31, "Plan Width": 12, "Actual Startup Time": 0.196, "Actual Total Time": 26.549, "Actual Rows": 13182, "Actual Loops": 1, "Index Cond": "((site_id = t1.site_id) AND (tag_id = t1.id))", "Rows Removed by Index Recheck": 0, "Heap Fetches": 13182, "Workers": []}]}, {"Node Type": "Index Scan", "Parent Relationship": "Inner", "Parallel Aware": false, "Async Capable": false, "Scan Direction": "Forward", "Index Name": "question_pkey", "Relation Name": "question", "Alias": "q1", "Startup Cost": 0.43, "Total Cost": 7.52, "Plan Rows": 1, "Plan Width": 12, "Actual Startup Time": 0.005, "Actual Total Time": 0.005, "Actual Rows": 1, "Actual Loops": 13182, "Index Cond": "((id = tq1.question_id) AND (site_id = tq1.site_id))", "Rows Removed by Index Recheck": 0, "Workers": []}]}, {"Node Type": "Index Scan", "Parent Relationship": "Inner", "Parallel Aware": false, "Async Capable": false, "Scan Direction": "Forward", "Index Name": "so_user_pkey", "Relation Name": "so_user", "Alias": "u1", "Startup Cost": 0.44, "Total Cost": 7.52, "Plan Rows": 1, "Plan Width": 12, "Actual Startup Time": 0.004, "Actual Total Time": 0.004, "Actual Rows": 1, "Actual Loops": 13182, "Index Cond": "((id = q1.owner_user_id) AND (site_id = q1.site_id))", "Rows Removed by Index Recheck": 0, "Workers": []}]}, {"Node Type": "Hash", "Parent Relationship": "Inner", "Parallel Aware": true, "Async Capable": false, "Startup Cost": 2751.44, "Total Cost": 2751.44, "Plan Rows": 1, "Plan Width": 4, "Actual Startup Time": 310.827, "Actual Total Time": 310.831, "Actual Rows": 5499, "Actual Loops": 2, "Hash Buckets": 16384, "Original Hash Buckets": 1024, "Hash Batches": 1, "Original Hash Batches": 1, "Peak Memory Usage": 696, "Workers": [], "Plans": [{"Node Type": "Nested Loop", "Parent Relationship": "Outer", "Parallel Aware": false, "Async Capable": false, "Join Type": "Inner", "Startup Cost": 2577.93, "Total Cost": 2751.44, "Plan Rows": 1, "Plan Width": 4, "Actual Startup Time": 3.524, "Actual Total Time": 156.623, "Actual Rows": 5499, "Actual Loops": 2, "Inner Unique": true, "Join Filter": "(t2.site_id = u2.site_id)", "Rows Removed by Join Filter": 0, "Workers": [], "Plans": [{"Node Type": "Nested Loop", "Parent Relationship": "Outer", "Parallel Aware": false, "Async Capable": false, "Join Type": "Inner", "Startup Cost": 2577.49, "Total Cost": 2743.91, "Plan Rows": 1, "Plan Width": 20, "Actual Startup Time": 3.512, "Actual Total Time": 118.561, "Actual Rows": 5499, "Actual Loops": 2, "Inner Unique": true, "Join Filter": "(t2.site_id = q2.site_id)", "Rows Removed by Join Filter": 0, "Workers": [], "Plans": [{"Node Type": "Nested Loop", "Parent Relationship": "Outer", "Parallel Aware": false, "Async Capable": false, "Join Type": "Inner", "Startup Cost": 2577.06, "Total Cost": 2638.51, "Plan Rows": 14, "Plan Width": 16, "Actual Startup Time": 3.495, "Actual Total Time": 7.267, "Actual Rows": 5499, "Actual Loops": 2, "Inner Unique": false, "Workers": [], "Plans": [{"Node Type": "Merge Join", "Parent Relationship": "Outer", "Parallel Aware": false, "Async Capable": false, "Join Type": "Inner", "Startup Cost": 2576.49, "Total Cost": 2576.52, "Plan Rows": 1, "Plan Width": 12, "Actual Startup Time": 3.42, "Actual Total Time": 3.422, "Actual Rows": 0, "Actual Loops": 2, "Inner Unique": true, "Merge Cond": "(t2.site_id = s2.site_id)", "Workers": [], "Plans": [{"Node Type": "Sort", "Parent Relationship": "Outer", "Parallel Aware": false, "Async Capable": false, "Startup Cost": 2573.32, "Total Cost": 2573.32, "Plan Rows": 2, "Plan Width": 8, "Actual Startup Time": 3.403, "Actual Total Time": 3.404, "Actual Rows": 2, "Actual Loops": 2, "Sort Key": ["t2.site_id"], "Sort Method": "quicksort", "Sort Space Used": 25, "Sort Space Type": "Memory", "Workers": [{"Worker Number": 0, "Sort Method": "quicksort", "Sort Space Used": 25, "Sort Space Type": "Memory"}], "Plans": [{"Node Type": "Seq Scan", "Parent Relationship": "Outer", "Parallel Aware": true, "Async Capable": false, "Relation Name": "tag", "Alias": "t2", "Startup Cost": 0.0, "Total Cost": 2573.31, "Plan Rows": 2, "Plan Width": 8, "Actual Startup Time": 1.84, "Actual Total Time": 3.391, "Actual Rows": 2, "Actual Loops": 2, "Filter": "((name)::text = 'microsoft-excel'::text)", "Rows Removed by Filter": 93382, "Workers": []}]}, {"Node Type": "Sort", "Parent Relationship": "Inner", "Parallel Aware": false, "Async Capable": false, "Startup Cost": 3.17, "Total Cost": 3.18, "Plan Rows": 1, "Plan Width": 4, "Actual Startup Time": 0.014, "Actual Total Time": 0.015, "Actual Rows": 1, "Actual Loops": 2, "Sort Key": ["s2.site_id"], "Sort Method": "quicksort", "Sort Space Used": 25, "Sort Space Type": "Memory", "Workers": [{"Worker Number": 0, "Sort Method": "quicksort", "Sort Space Used": 25, "Sort Space Type": "Memory"}], "Plans": [{"Node Type": "Seq Scan", "Parent Relationship": "Outer", "Parallel Aware": false, "Async Capable": false, "Relation Name": "site", "Alias": "s2", "Startup Cost": 0.0, "Total Cost": 3.16, "Plan Rows": 1, "Plan Width": 4, "Actual Startup Time": 0.01, "Actual Total Time": 0.01, "Actual Rows": 1, "Actual Loops": 2, "Filter": "((site_name)::text = 'superuser'::text)", "Rows Removed by Filter": 172, "Workers": []}]}]}, {"Node Type": "Index Only Scan", "Parent Relationship": "Inner", "Parallel Aware": false, "Async Capable": false, "Scan Direction": "Forward", "Index Name": "tag_question_site_id_tag_id_question_id_idx", "Relation Name": "tag_question", "Alias": "tq2", "Startup Cost": 0.56, "Total Cost": 61.69, "Plan Rows": 31, "Plan Width": 12, "Actual Startup Time": 0.148, "Actual Total Time": 7.186, "Actual Rows": 10998, "Actual Loops": 1, "Index Cond": "((site_id = t2.site_id) AND (tag_id = t2.id))", "Rows Removed by Index Recheck": 0, "Heap Fetches": 10998, "Workers": []}]}, {"Node Type": "Index Scan", "Parent Relationship": "Inner", "Parallel Aware": false, "Async Capable": false, "Scan Direction": "Forward", "Index Name": "question_pkey", "Relation Name": "question", "Alias": "q2", "Startup Cost": 0.43, "Total Cost": 7.52, "Plan Rows": 1, "Plan Width": 12, "Actual Startup Time": 0.02, "Actual Total Time": 0.02, "Actual Rows": 1, "Actual Loops": 10998, "Index Cond": "((id = tq2.question_id) AND (site_id = tq2.site_id))", "Rows Removed by Index Recheck": 0, "Workers": []}]}, {"Node Type": "Index Scan", "Parent Relationship": "Inner", "Parallel Aware": false, "Async Capable": false, "Scan Direction": "Forward", "Index Name": "so_user_pkey", "Relation Name": "so_user", "Alias": "u2", "Startup Cost": 0.44, "Total Cost": 7.52, "Plan Rows": 1, "Plan Width": 12, "Actual Startup Time": 0.007, "Actual Total Time": 0.007, "Actual Rows": 1, "Actual Loops": 10998, "Index Cond": "((id = q2.owner_user_id) AND (site_id = q2.site_id))", "Rows Removed by Index Recheck": 0, "Workers": []}]}]}]}]}, {"Node Type": "Index Scan", "Parent Relationship": "Inner", "Parallel Aware": false, "Async Capable": false, "Scan Direction": "Forward", "Index Name": "account_pkey", "Relation Name": "account", "Alias": "account", "Startup Cost": 0.43, "Total Cost": 7.51, "Plan Rows": 1, "Plan Width": 15, "Actual Startup Time": 0.008, "Actual Total Time": 0.008, "Actual Rows": 1, "Actual Loops": 169, "Index Cond": "(id = u1.account_id)", "Rows Removed by Index Recheck": 0}]}]}]}, "Planning Time": 46.465, "Triggers": [], "Execution Time": 484.78}