{"Plan": {"Node Type": "Aggregate", "Strategy": "Plain", "Partial Mode": "Simple", "Parallel Aware": false, "Async Capable": false, "Startup Cost": 3760.03, "Total Cost": 3760.04, "Plan Rows": 1, "Plan Width": 8, "Actual Startup Time": 80.545, "Actual Total Time": 80.587, "Actual Rows": 1, "Actual Loops": 1, "Plans": [{"Node Type": "Nested Loop", "Parent Relationship": "Outer", "Parallel Aware": false, "Async Capable": false, "Join Type": "Inner", "Startup Cost": 3753.22, "Total Cost": 3760.03, "Plan Rows": 1, "Plan Width": 11, "Actual Startup Time": 62.89, "Actual Total Time": 80.57, "Actual Rows": 145, "Actual Loops": 1, "Inner Unique": true, "Join Filter": "((t1.site_id = q1.site_id) AND (a1.creation_date >= (q1.creation_date + '1 year'::interval)))", "Rows Removed by Join Filter": 3571, "Plans": [{"Node Type": "Gather Merge", "Parent Relationship": "Outer", "Parallel Aware": false, "Async Capable": false, "Startup Cost": 3752.79, "Total Cost": 3752.9, "Plan Rows": 1, "Plan Width": 47, "Actual Startup Time": 62.314, "Actual Total Time": 62.691, "Actual Rows": 3716, "Actual Loops": 1, "Workers Planned": 1, "Workers Launched": 1, "Plans": [{"Node Type": "Sort", "Parent Relationship": "Outer", "Parallel Aware": false, "Async Capable": false, "Startup Cost": 2752.78, "Total Cost": 2752.78, "Plan Rows": 1, "Plan Width": 47, "Actual Startup Time": 32.33, "Actual Total Time": 32.428, "Actual Rows": 1858, "Actual Loops": 2, "Sort Key": ["account.display_name"], "Sort Method": "quicksort", "Sort Space Used": 368, "Sort Space Type": "Memory", "Workers": [{"Worker Number": 0, "Sort Method": "quicksort", "Sort Space Used": 25, "Sort Space Type": "Memory"}], "Plans": [{"Node Type": "Nested Loop", "Parent Relationship": "Outer", "Parallel Aware": false, "Async Capable": false, "Join Type": "Inner", "Startup Cost": 2578.96, "Total Cost": 2752.77, "Plan Rows": 1, "Plan Width": 47, "Actual Startup Time": 3.287, "Actual Total Time": 31.582, "Actual Rows": 1858, "Actual Loops": 2, "Inner Unique": true, "Workers": [], "Plans": [{"Node Type": "Nested Loop", "Parent Relationship": "Outer", "Parallel Aware": false, "Async Capable": false, "Join Type": "Inner", "Startup Cost": 2578.53, "Total Cost": 2745.67, "Plan Rows": 1, "Plan Width": 40, "Actual Startup Time": 3.279, "Actual Total Time": 23.246, "Actual Rows": 1858, "Actual Loops": 2, "Inner Unique": true, "Join Filter": "(t1.site_id = u1.site_id)", "Rows Removed by Join Filter": 0, "Workers": [], "Plans": [{"Node Type": "Nested Loop", "Parent Relationship": "Outer", "Parallel Aware": false, "Async Capable": false, "Join Type": "Inner", "Startup Cost": 2578.09, "Total Cost": 2738.54, "Plan Rows": 1, "Plan Width": 36, "Actual Startup Time": 3.272, "Actual Total Time": 18.049, "Actual Rows": 1858, "Actual Loops": 2, "Inner Unique": false, "Join Filter": "(t1.site_id = a1.site_id)", "Rows Removed by Join Filter": 0, "Workers": [], "Plans": [{"Node Type": "Nested Loop", "Parent Relationship": "Outer", "Parallel Aware": false, "Async Capable": false, "Join Type": "Inner", "Startup Cost": 2577.66, "Total Cost": 2639.08, "Plan Rows": 14, "Plan Width": 16, "Actual Startup Time": 3.264, "Actual Total Time": 9.053, "Actual Rows": 4207, "Actual Loops": 2, "Inner Unique": false, "Workers": [], "Plans": [{"Node Type": "Merge Join", "Parent Relationship": "Outer", "Parallel Aware": false, "Async Capable": false, "Join Type": "Inner", "Startup Cost": 2577.09, "Total Cost": 2577.24, "Plan Rows": 1, "Plan Width": 12, "Actual Startup Time": 3.195, "Actual Total Time": 3.198, "Actual Rows": 0, "Actual Loops": 2, "Inner Unique": true, "Merge Cond": "(t1.site_id = s1.site_id)", "Workers": [], "Plans": [{"Node Type": "Sort", "Parent Relationship": "Outer", "Parallel Aware": false, "Async Capable": false, "Startup Cost": 2573.92, "Total Cost": 2573.98, "Plan Rows": 26, "Plan Width": 8, "Actual Startup Time": 3.18, "Actual Total Time": 3.181, "Actual Rows": 14, "Actual Loops": 2, "Sort Key": ["t1.site_id"], "Sort Method": "quicksort", "Sort Space Used": 26, "Sort Space Type": "Memory", "Workers": [{"Worker Number": 0, "Sort Method": "quicksort", "Sort Space Used": 25, "Sort Space Type": "Memory"}], "Plans": [{"Node Type": "Seq Scan", "Parent Relationship": "Outer", "Parallel Aware": true, "Async Capable": false, "Relation Name": "tag", "Alias": "t1", "Startup Cost": 0.0, "Total Cost": 2573.31, "Plan Rows": 26, "Plan Width": 8, "Actual Startup Time": 0.035, "Actual Total Time": 3.173, "Actual Rows": 22, "Actual Loops": 2, "Filter": "((name)::text = 'optimization'::text)", "Rows Removed by Filter": 93364, "Workers": []}]}, {"Node Type": "Sort", "Parent Relationship": "Inner", "Parallel Aware": false, "Async Capable": false, "Startup Cost": 3.17, "Total Cost": 3.18, "Plan Rows": 1, "Plan Width": 4, "Actual Startup Time": 0.012, "Actual Total Time": 0.012, "Actual Rows": 1, "Actual Loops": 2, "Sort Key": ["s1.site_id"], "Sort Method": "quicksort", "Sort Space Used": 25, "Sort Space Type": "Memory", "Workers": [{"Worker Number": 0, "Sort Method": "quicksort", "Sort Space Used": 25, "Sort Space Type": "Memory"}], "Plans": [{"Node Type": "Seq Scan", "Parent Relationship": "Outer", "Parallel Aware": false, "Async Capable": false, "Relation Name": "site", "Alias": "s1", "Startup Cost": 0.0, "Total Cost": 3.16, "Plan Rows": 1, "Plan Width": 4, "Actual Startup Time": 0.007, "Actual Total Time": 0.008, "Actual Rows": 1, "Actual Loops": 2, "Filter": "((site_name)::text = 'math'::text)", "Rows Removed by Filter": 172, "Workers": []}]}]}, {"Node Type": "Index Only Scan", "Parent Relationship": "Inner", "Parallel Aware": false, "Async Capable": false, "Scan Direction": "Forward", "Index Name": "tag_question_site_id_tag_id_question_id_idx", "Relation Name": "tag_question", "Alias": "tq1", "Startup Cost": 0.56, "Total Cost": 61.53, "Plan Rows": 31, "Plan Width": 12, "Actual Startup Time": 0.136, "Actual Total Time": 11.348, "Actual Rows": 8414, "Actual Loops": 1, "Index Cond": "((site_id = t1.site_id) AND (tag_id = t1.id))", "Rows Removed by Index Recheck": 0, "Heap Fetches": 8414, "Workers": []}]}, {"Node Type": "Index Scan", "Parent Relationship": "Inner", "Parallel Aware": false, "Async Capable": false, "Scan Direction": "Forward", "Index Name": "answer_site_id_question_id_idx", "Relation Name": "answer", "Alias": "a1", "Startup Cost": 0.43, "Total Cost": 7.09, "Plan Rows": 1, "Plan Width": 20, "Actual Startup Time": 0.002, "Actual Total Time": 0.002, "Actual Rows": 0, "Actual Loops": 8414, "Index Cond": "((site_id = tq1.site_id) AND (question_id = tq1.question_id))", "Rows Removed by Index Recheck": 0, "Workers": []}]}, {"Node Type": "Index Scan", "Parent Relationship": "Inner", "Parallel Aware": false, "Async Capable": false, "Scan Direction": "Forward", "Index Name": "so_user_pkey", "Relation Name": "so_user", "Alias": "u1", "Startup Cost": 0.44, "Total Cost": 7.12, "Plan Rows": 1, "Plan Width": 12, "Actual Startup Time": 0.003, "Actual Total Time": 0.003, "Actual Rows": 1, "Actual Loops": 3716, "Index Cond": "((id = a1.owner_user_id) AND (site_id = a1.site_id))", "Rows Removed by Index Recheck": 0, "Workers": []}]}, {"Node Type": "Index Scan", "Parent Relationship": "Inner", "Parallel Aware": false, "Async Capable": false, "Scan Direction": "Forward", "Index Name": "account_pkey", "Relation Name": "account", "Alias": "account", "Startup Cost": 0.43, "Total Cost": 7.1, "Plan Rows": 1, "Plan Width": 15, "Actual Startup Time": 0.004, "Actual Total Time": 0.004, "Actual Rows": 1, "Actual Loops": 3716, "Index Cond": "(id = u1.account_id)", "Rows Removed by Index Recheck": 0, "Workers": []}]}]}]}, {"Node Type": "Index Scan", "Parent Relationship": "Inner", "Parallel Aware": false, "Async Capable": false, "Scan Direction": "Forward", "Index Name": "question_pkey", "Relation Name": "question", "Alias": "q1", "Startup Cost": 0.43, "Total Cost": 7.1, "Plan Rows": 1, "Plan Width": 16, "Actual Startup Time": 0.005, "Actual Total Time": 0.005, "Actual Rows": 1, "Actual Loops": 3716, "Index Cond": "((id = tq1.question_id) AND (site_id = tq1.site_id))", "Rows Removed by Index Recheck": 0}]}]}, "Planning Time": 6.63, "Triggers": [], "Execution Time": 80.673}