{"Plan": {"Node Type": "Aggregate", "Strategy": "Plain", "Partial Mode": "Simple", "Parallel Aware": false, "Async Capable": false, "Startup Cost": 3768.76, "Total Cost": 3768.77, "Plan Rows": 1, "Plan Width": 8, "Actual Startup Time": 15.268, "Actual Total Time": 15.294, "Actual Rows": 1, "Actual Loops": 1, "Plans": [{"Node Type": "Nested Loop", "Parent Relationship": "Outer", "Parallel Aware": false, "Async Capable": false, "Join Type": "Inner", "Startup Cost": 3761.4, "Total Cost": 3768.76, "Plan Rows": 1, "Plan Width": 11, "Actual Startup Time": 10.245, "Actual Total Time": 15.287, "Actual Rows": 2, "Actual Loops": 1, "Inner Unique": false, "Join Filter": "((c1.score > q1.score) AND (t1.site_id = c1.site_id))", "Rows Removed by Join Filter": 53, "Plans": [{"Node Type": "Gather Merge", "Parent Relationship": "Outer", "Parallel Aware": false, "Async Capable": false, "Startup Cost": 3760.84, "Total Cost": 3760.95, "Plan Rows": 1, "Plan Width": 43, "Actual Startup Time": 9.776, "Actual Total Time": 9.804, "Actual Rows": 27, "Actual Loops": 1, "Workers Planned": 1, "Workers Launched": 1, "Plans": [{"Node Type": "Sort", "Parent Relationship": "Outer", "Parallel Aware": false, "Async Capable": false, "Startup Cost": 2760.83, "Total Cost": 2760.83, "Plan Rows": 1, "Plan Width": 43, "Actual Startup Time": 6.547, "Actual Total Time": 6.549, "Actual Rows": 14, "Actual Loops": 2, "Sort Key": ["account.display_name"], "Sort Method": "quicksort", "Sort Space Used": 26, "Sort Space Type": "Memory", "Workers": [{"Worker Number": 0, "Sort Method": "quicksort", "Sort Space Used": 25, "Sort Space Type": "Memory"}], "Plans": [{"Node Type": "Nested Loop", "Parent Relationship": "Outer", "Parallel Aware": false, "Async Capable": false, "Join Type": "Inner", "Startup Cost": 2578.38, "Total Cost": 2760.82, "Plan Rows": 1, "Plan Width": 43, "Actual Startup Time": 4.495, "Actual Total Time": 6.477, "Actual Rows": 14, "Actual Loops": 2, "Inner Unique": true, "Workers": [], "Plans": [{"Node Type": "Nested Loop", "Parent Relationship": "Outer", "Parallel Aware": false, "Async Capable": false, "Join Type": "Inner", "Startup Cost": 2577.94, "Total Cost": 2753.19, "Plan Rows": 1, "Plan Width": 36, "Actual Startup Time": 4.484, "Actual Total Time": 6.331, "Actual Rows": 14, "Actual Loops": 2, "Inner Unique": true, "Join Filter": "(t1.site_id = u1.site_id)", "Rows Removed by Join Filter": 0, "Workers": [], "Plans": [{"Node Type": "Nested Loop", "Parent Relationship": "Outer", "Parallel Aware": false, "Async Capable": false, "Join Type": "Inner", "Startup Cost": 2577.51, "Total Cost": 2745.54, "Plan Rows": 1, "Plan Width": 32, "Actual Startup Time": 4.438, "Actual Total Time": 5.337, "Actual Rows": 14, "Actual Loops": 2, "Inner Unique": true, "Join Filter": "(t1.site_id = q1.site_id)", "Rows Removed by Join Filter": 0, "Workers": [], "Plans": [{"Node Type": "Nested Loop", "Parent Relationship": "Outer", "Parallel Aware": false, "Async Capable": false, "Join Type": "Inner", "Startup Cost": 2577.07, "Total Cost": 2638.53, "Plan Rows": 14, "Plan Width": 16, "Actual Startup Time": 4.383, "Actual Total Time": 4.465, "Actual Rows": 14, "Actual Loops": 2, "Inner Unique": false, "Workers": [], "Plans": [{"Node Type": "Merge Join", "Parent Relationship": "Outer", "Parallel Aware": false, "Async Capable": false, "Join Type": "Inner", "Startup Cost": 2576.51, "Total Cost": 2576.54, "Plan Rows": 1, "Plan Width": 12, "Actual Startup Time": 4.313, "Actual Total Time": 4.314, "Actual Rows": 1, "Actual Loops": 2, "Inner Unique": true, "Merge Cond": "(t1.site_id = s1.site_id)", "Workers": [], "Plans": [{"Node Type": "Sort", "Parent Relationship": "Outer", "Parallel Aware": false, "Async Capable": false, "Startup Cost": 2573.33, "Total Cost": 2573.34, "Plan Rows": 3, "Plan Width": 8, "Actual Startup Time": 4.293, "Actual Total Time": 4.293, "Actual Rows": 4, "Actual Loops": 2, "Sort Key": ["t1.site_id"], "Sort Method": "quicksort", "Sort Space Used": 25, "Sort Space Type": "Memory", "Workers": [{"Worker Number": 0, "Sort Method": "quicksort", "Sort Space Used": 25, "Sort Space Type": "Memory"}], "Plans": [{"Node Type": "Seq Scan", "Parent Relationship": "Outer", "Parallel Aware": true, "Async Capable": false, "Relation Name": "tag", "Alias": "t1", "Startup Cost": 0.0, "Total Cost": 2573.31, "Plan Rows": 3, "Plan Width": 8, "Actual Startup Time": 0.354, "Actual Total Time": 4.286, "Actual Rows": 14, "Actual Loops": 2, "Filter": "((name)::text = ANY ('{cloud,contained-database}'::text[]))", "Rows Removed by Filter": 93371, "Workers": []}]}, {"Node Type": "Sort", "Parent Relationship": "Inner", "Parallel Aware": false, "Async Capable": false, "Startup Cost": 3.17, "Total Cost": 3.18, "Plan Rows": 1, "Plan Width": 4, "Actual Startup Time": 0.017, "Actual Total Time": 0.017, "Actual Rows": 1, "Actual Loops": 2, "Sort Key": ["s1.site_id"], "Sort Method": "quicksort", "Sort Space Used": 25, "Sort Space Type": "Memory", "Workers": [{"Worker Number": 0, "Sort Method": "quicksort", "Sort Space Used": 25, "Sort Space Type": "Memory"}], "Plans": [{"Node Type": "Seq Scan", "Parent Relationship": "Outer", "Parallel Aware": false, "Async Capable": false, "Relation Name": "site", "Alias": "s1", "Startup Cost": 0.0, "Total Cost": 3.16, "Plan Rows": 1, "Plan Width": 4, "Actual Startup Time": 0.009, "Actual Total Time": 0.012, "Actual Rows": 1, "Actual Loops": 2, "Filter": "((site_name)::text = 'dba'::text)", "Rows Removed by Filter": 172, "Workers": []}]}]}, {"Node Type": "Index Only Scan", "Parent Relationship": "Inner", "Parallel Aware": false, "Async Capable": false, "Scan Direction": "Forward", "Index Name": "tag_question_site_id_tag_id_question_id_idx", "Relation Name": "tag_question", "Alias": "tq1", "Startup Cost": 0.56, "Total Cost": 61.69, "Plan Rows": 31, "Plan Width": 12, "Actual Startup Time": 0.113, "Actual Total Time": 0.148, "Actual Rows": 14, "Actual Loops": 2, "Index Cond": "((site_id = t1.site_id) AND (tag_id = t1.id))", "Rows Removed by Index Recheck": 0, "Heap Fetches": 27, "Workers": []}]}, {"Node Type": "Index Scan", "Parent Relationship": "Inner", "Parallel Aware": false, "Async Capable": false, "Scan Direction": "Forward", "Index Name": "question_pkey", "Relation Name": "question", "Alias": "q1", "Startup Cost": 0.43, "Total Cost": 7.63, "Plan Rows": 1, "Plan Width": 16, "Actual Startup Time": 0.064, "Actual Total Time": 0.064, "Actual Rows": 1, "Actual Loops": 27, "Index Cond": "((id = tq1.question_id) AND (site_id = tq1.site_id))", "Rows Removed by Index Recheck": 0, "Workers": []}]}, {"Node Type": "Index Scan", "Parent Relationship": "Inner", "Parallel Aware": false, "Async Capable": false, "Scan Direction": "Forward", "Index Name": "so_user_pkey", "Relation Name": "so_user", "Alias": "u1", "Startup Cost": 0.44, "Total Cost": 7.64, "Plan Rows": 1, "Plan Width": 12, "Actual Startup Time": 0.073, "Actual Total Time": 0.073, "Actual Rows": 1, "Actual Loops": 27, "Index Cond": "((id = q1.owner_user_id) AND (site_id = q1.site_id))", "Rows Removed by Index Recheck": 0, "Workers": []}]}, {"Node Type": "Index Scan", "Parent Relationship": "Inner", "Parallel Aware": false, "Async Capable": false, "Scan Direction": "Forward", "Index Name": "account_pkey", "Relation Name": "account", "Alias": "account", "Startup Cost": 0.43, "Total Cost": 7.63, "Plan Rows": 1, "Plan Width": 15, "Actual Startup Time": 0.01, "Actual Total Time": 0.01, "Actual Rows": 1, "Actual Loops": 27, "Index Cond": "(id = u1.account_id)", "Rows Removed by Index Recheck": 0, "Workers": []}]}]}]}, {"Node Type": "Index Scan", "Parent Relationship": "Inner", "Parallel Aware": false, "Async Capable": false, "Scan Direction": "Forward", "Index Name": "comment_site_id_post_id_idx", "Relation Name": "comment", "Alias": "c1", "Startup Cost": 0.57, "Total Cost": 7.79, "Plan Rows": 1, "Plan Width": 12, "Actual Startup Time": 0.16, "Actual Total Time": 0.203, "Actual Rows": 2, "Actual Loops": 27, "Index Cond": "((site_id = tq1.site_id) AND (post_id = tq1.question_id))", "Rows Removed by Index Recheck": 0}]}]}, "Planning Time": 6.641, "Triggers": [], "Execution Time": 15.366}