{"Plan": {"Node Type": "Aggregate", "Strategy": "Plain", "Partial Mode": "Simple", "Parallel Aware": false, "Async Capable": false, "Startup Cost": 485585.18, "Total Cost": 485585.19, "Plan Rows": 1, "Plan Width": 8, "Actual Startup Time": 234.359, "Actual Total Time": 236.188, "Actual Rows": 1, "Actual Loops": 1, "Plans": [{"Node Type": "Sort", "Parent Relationship": "Outer", "Parallel Aware": false, "Async Capable": false, "Startup Cost": 485585.16, "Total Cost": 485585.17, "Plan Rows": 5, "Plan Width": 11, "Actual Startup Time": 234.349, "Actual Total Time": 236.179, "Actual Rows": 44, "Actual Loops": 1, "Sort Key": ["account.display_name"], "Sort Method": "quicksort", "Sort Space Used": 25, "Sort Space Type": "Memory", "Plans": [{"Node Type": "Gather", "Parent Relationship": "Outer", "Parallel Aware": false, "Async Capable": false, "Startup Cost": 1001.44, "Total Cost": 485585.1, "Plan Rows": 5, "Plan Width": 11, "Actual Startup Time": 234.162, "Actual Total Time": 236.153, "Actual Rows": 44, "Actual Loops": 1, "Workers Planned": 6, "Workers Launched": 6, "Single Copy": false, "Plans": [{"Node Type": "Nested Loop", "Parent Relationship": "Outer", "Parallel Aware": false, "Async Capable": false, "Join Type": "Inner", "Startup Cost": 1.44, "Total Cost": 484584.6, "Plan Rows": 1, "Plan Width": 11, "Actual Startup Time": 51.319, "Actual Total Time": 232.466, "Actual Rows": 6, "Actual Loops": 7, "Inner Unique": true, "Workers": [], "Plans": [{"Node Type": "Nested Loop", "Parent Relationship": "Outer", "Parallel Aware": false, "Async Capable": false, "Join Type": "Inner", "Startup Cost": 1.0, "Total Cost": 484510.73, "Plan Rows": 16, "Plan Width": 4, "Actual Startup Time": 17.416, "Actual Total Time": 232.362, "Actual Rows": 13, "Actual Loops": 7, "Inner Unique": true, "Workers": [], "Plans": [{"Node Type": "Nested Loop", "Parent Relationship": "Outer", "Parallel Aware": false, "Async Capable": false, "Join Type": "Inner", "Startup Cost": 0.56, "Total Cost": 482651.38, "Plan Rows": 384, "Plan Width": 16, "Actual Startup Time": 17.317, "Actual Total Time": 231.919, "Actual Rows": 13, "Actual Loops": 7, "Inner Unique": false, "Workers": [], "Plans": [{"Node Type": "Seq Scan", "Parent Relationship": "Outer", "Parallel Aware": true, "Async Capable": false, "Relation Name": "badge", "Alias": "b2", "Startup Cost": 0.0, "Total Cost": 477779.26, "Plan Rows": 1068, "Plan Width": 16, "Actual Startup Time": 3.813, "Actual Total Time": 224.496, "Actual Rows": 101, "Actual Loops": 7, "Filter": "((name)::text = 'Constable'::text)", "Rows Removed by Filter": 7319457, "Workers": []}, {"Node Type": "Index Only Scan", "Parent Relationship": "Inner", "Parallel Aware": false, "Async Capable": false, "Scan Direction": "Forward", "Index Name": "badge_pkey", "Relation Name": "badge", "Alias": "b1", "Startup Cost": 0.56, "Total Cost": 4.55, "Plan Rows": 1, "Plan Width": 16, "Actual Startup Time": 0.074, "Actual Total Time": 0.074, "Actual Rows": 0, "Actual Loops": 704, "Index Cond": "((site_id = b2.site_id) AND (user_id = b2.user_id) AND (name = 'Famous Question'::text))", "Rows Removed by Index Recheck": 0, "Filter": "(b2.date > (date + '7 mons'::interval))", "Rows Removed by Filter": 3, "Heap Fetches": 0, "Workers": []}]}, {"Node Type": "Index Scan", "Parent Relationship": "Inner", "Parallel Aware": false, "Async Capable": false, "Scan Direction": "Forward", "Index Name": "so_user_pkey", "Relation Name": "so_user", "Alias": "so_user", "Startup Cost": 0.44, "Total Cost": 4.84, "Plan Rows": 1, "Plan Width": 12, "Actual Startup Time": 0.035, "Actual Total Time": 0.035, "Actual Rows": 1, "Actual Loops": 88, "Index Cond": "((id = b1.user_id) AND (site_id = b1.site_id))", "Rows Removed by Index Recheck": 0, "Workers": []}]}, {"Node Type": "Index Scan", "Parent Relationship": "Inner", "Parallel Aware": false, "Async Capable": false, "Scan Direction": "Forward", "Index Name": "account_pkey", "Relation Name": "account", "Alias": "account", "Startup Cost": 0.43, "Total Cost": 4.62, "Plan Rows": 1, "Plan Width": 15, "Actual Startup Time": 0.008, "Actual Total Time": 0.008, "Actual Rows": 0, "Actual Loops": 88, "Index Cond": "(id = so_user.account_id)", "Rows Removed by Index Recheck": 0, "Filter": "((website_url)::text <> ''::text)", "Rows Removed by Filter": 0, "Workers": []}]}]}]}]}, "Planning Time": 0.697, "Triggers": [], "Execution Time": 236.23}