{"Plan": {"Node Type": "Aggregate", "Strategy": "Plain", "Partial Mode": "Simple", "Parallel Aware": false, "Async Capable": false, "Startup Cost": 483680.67, "Total Cost": 483680.68, "Plan Rows": 1, "Plan Width": 8, "Actual Startup Time": 219.974, "Actual Total Time": 221.902, "Actual Rows": 1, "Actual Loops": 1, "Plans": [{"Node Type": "Sort", "Parent Relationship": "Outer", "Parallel Aware": false, "Async Capable": false, "Startup Cost": 483680.66, "Total Cost": 483680.67, "Plan Rows": 1, "Plan Width": 11, "Actual Startup Time": 219.97, "Actual Total Time": 221.898, "Actual Rows": 0, "Actual Loops": 1, "Sort Key": ["account.display_name"], "Sort Method": "quicksort", "Sort Space Used": 25, "Sort Space Type": "Memory", "Plans": [{"Node Type": "Nested Loop", "Parent Relationship": "Outer", "Parallel Aware": false, "Async Capable": false, "Join Type": "Inner", "Startup Cost": 1001.44, "Total Cost": 483680.65, "Plan Rows": 1, "Plan Width": 11, "Actual Startup Time": 219.961, "Actual Total Time": 221.889, "Actual Rows": 0, "Actual Loops": 1, "Inner Unique": true, "Plans": [{"Node Type": "Gather", "Parent Relationship": "Outer", "Parallel Aware": false, "Async Capable": false, "Startup Cost": 1001.0, "Total Cost": 483676.03, "Plan Rows": 1, "Plan Width": 4, "Actual Startup Time": 219.96, "Actual Total Time": 221.887, "Actual Rows": 0, "Actual Loops": 1, "Workers Planned": 6, "Workers Launched": 6, "Single Copy": false, "Plans": [{"Node Type": "Nested Loop", "Parent Relationship": "Outer", "Parallel Aware": false, "Async Capable": false, "Join Type": "Inner", "Startup Cost": 1.0, "Total Cost": 482675.93, "Plan Rows": 1, "Plan Width": 4, "Actual Startup Time": 218.131, "Actual Total Time": 218.133, "Actual Rows": 0, "Actual Loops": 7, "Inner Unique": true, "Workers": [], "Plans": [{"Node Type": "Nested Loop", "Parent Relationship": "Outer", "Parallel Aware": false, "Async Capable": false, "Join Type": "Inner", "Startup Cost": 0.57, "Total Cost": 482651.38, "Plan Rows": 3, "Plan Width": 16, "Actual Startup Time": 218.131, "Actual Total Time": 218.132, "Actual Rows": 0, "Actual Loops": 7, "Inner Unique": false, "Workers": [], "Plans": [{"Node Type": "Seq Scan", "Parent Relationship": "Outer", "Parallel Aware": true, "Async Capable": false, "Relation Name": "badge", "Alias": "b1", "Startup Cost": 0.0, "Total Cost": 477779.26, "Plan Rows": 1068, "Plan Width": 16, "Actual Startup Time": 196.265, "Actual Total Time": 218.118, "Actual Rows": 2, "Actual Loops": 7, "Filter": "((name)::text = 'API Evangelist'::text)", "Rows Removed by Filter": 7319555, "Workers": []}, {"Node Type": "Index Only Scan", "Parent Relationship": "Inner", "Parallel Aware": false, "Async Capable": false, "Scan Direction": "Forward", "Index Name": "badge_pkey", "Relation Name": "badge", "Alias": "b2", "Startup Cost": 0.57, "Total Cost": 4.55, "Plan Rows": 1, "Plan Width": 16, "Actual Startup Time": 0.005, "Actual Total Time": 0.005, "Actual Rows": 0, "Actual Loops": 15, "Index Cond": "((site_id = b1.site_id) AND (user_id = b1.user_id) AND (name = 'Documentation Pioneer'::text) AND (date > (b1.date + '7 mons'::interval)))", "Rows Removed by Index Recheck": 0, "Heap Fetches": 0, "Workers": []}]}, {"Node Type": "Index Scan", "Parent Relationship": "Inner", "Parallel Aware": false, "Async Capable": false, "Scan Direction": "Forward", "Index Name": "so_user_pkey", "Relation Name": "so_user", "Alias": "so_user", "Startup Cost": 0.44, "Total Cost": 8.18, "Plan Rows": 1, "Plan Width": 12, "Actual Startup Time": 0.0, "Actual Total Time": 0.0, "Actual Rows": 0, "Actual Loops": 0, "Index Cond": "((id = b1.user_id) AND (site_id = b1.site_id))", "Rows Removed by Index Recheck": 0, "Workers": []}]}]}, {"Node Type": "Index Scan", "Parent Relationship": "Inner", "Parallel Aware": false, "Async Capable": false, "Scan Direction": "Forward", "Index Name": "account_pkey", "Relation Name": "account", "Alias": "account", "Startup Cost": 0.43, "Total Cost": 4.62, "Plan Rows": 1, "Plan Width": 15, "Actual Startup Time": 0.0, "Actual Total Time": 0.0, "Actual Rows": 0, "Actual Loops": 0, "Index Cond": "(id = so_user.account_id)", "Rows Removed by Index Recheck": 0, "Filter": "((website_url)::text <> ''::text)", "Rows Removed by Filter": 0}]}]}]}, "Planning Time": 0.687, "Triggers": [], "Execution Time": 221.953}