{"Plan": {"Node Type": "Aggregate", "Strategy": "Plain", "Partial Mode": "Simple", "Parallel Aware": false, "Async Capable": false, "Startup Cost": 485684.85, "Total Cost": 485684.86, "Plan Rows": 1, "Plan Width": 8, "Actual Startup Time": 227.246, "Actual Total Time": 229.249, "Actual Rows": 1, "Actual Loops": 1, "Plans": [{"Node Type": "Sort", "Parent Relationship": "Outer", "Parallel Aware": false, "Async Capable": false, "Startup Cost": 485684.83, "Total Cost": 485684.84, "Plan Rows": 5, "Plan Width": 11, "Actual Startup Time": 227.22, "Actual Total Time": 229.232, "Actual Rows": 334, "Actual Loops": 1, "Sort Key": ["account.display_name"], "Sort Method": "quicksort", "Sort Space Used": 31, "Sort Space Type": "Memory", "Plans": [{"Node Type": "Gather", "Parent Relationship": "Outer", "Parallel Aware": false, "Async Capable": false, "Startup Cost": 1001.44, "Total Cost": 485684.77, "Plan Rows": 5, "Plan Width": 11, "Actual Startup Time": 32.01, "Actual Total Time": 229.154, "Actual Rows": 334, "Actual Loops": 1, "Workers Planned": 6, "Workers Launched": 6, "Single Copy": false, "Plans": [{"Node Type": "Nested Loop", "Parent Relationship": "Outer", "Parallel Aware": false, "Async Capable": false, "Join Type": "Inner", "Startup Cost": 1.44, "Total Cost": 484684.27, "Plan Rows": 1, "Plan Width": 11, "Actual Startup Time": 48.835, "Actual Total Time": 225.264, "Actual Rows": 48, "Actual Loops": 7, "Inner Unique": true, "Workers": [], "Plans": [{"Node Type": "Nested Loop", "Parent Relationship": "Outer", "Parallel Aware": false, "Async Capable": false, "Join Type": "Inner", "Startup Cost": 1.0, "Total Cost": 484605.78, "Plan Rows": 17, "Plan Width": 4, "Actual Startup Time": 24.298, "Actual Total Time": 225.07, "Actual Rows": 75, "Actual Loops": 7, "Inner Unique": true, "Join Filter": "((so_user.site_id = b1.site_id) AND (so_user.id = b1.user_id))", "Rows Removed by Join Filter": 0, "Workers": [], "Plans": [{"Node Type": "Nested Loop", "Parent Relationship": "Outer", "Parallel Aware": false, "Async Capable": false, "Join Type": "Inner", "Startup Cost": 0.57, "Total Cost": 482651.38, "Plan Rows": 403, "Plan Width": 16, "Actual Startup Time": 24.26, "Actual Total Time": 224.763, "Actual Rows": 75, "Actual Loops": 7, "Inner Unique": false, "Workers": [], "Plans": [{"Node Type": "Seq Scan", "Parent Relationship": "Outer", "Parallel Aware": true, "Async Capable": false, "Relation Name": "badge", "Alias": "b1", "Startup Cost": 0.0, "Total Cost": 477779.26, "Plan Rows": 1068, "Plan Width": 16, "Actual Startup Time": 15.919, "Actual Total Time": 223.75, "Actual Rows": 26, "Actual Loops": 7, "Filter": "((name)::text = 'Illuminator'::text)", "Rows Removed by Filter": 7319532, "Workers": []}, {"Node Type": "Index Only Scan", "Parent Relationship": "Inner", "Parallel Aware": false, "Async Capable": false, "Scan Direction": "Forward", "Index Name": "badge_pkey", "Relation Name": "badge", "Alias": "b2", "Startup Cost": 0.57, "Total Cost": 4.55, "Plan Rows": 1, "Plan Width": 16, "Actual Startup Time": 0.038, "Actual Total Time": 0.039, "Actual Rows": 3, "Actual Loops": 179, "Index Cond": "((site_id = b1.site_id) AND (user_id = b1.user_id) AND (name = 'Nice Question'::text) AND (date > (b1.date + '9 mons'::interval)))", "Rows Removed by Index Recheck": 0, "Heap Fetches": 0, "Workers": []}]}, {"Node Type": "Index Scan", "Parent Relationship": "Inner", "Parallel Aware": false, "Async Capable": false, "Scan Direction": "Forward", "Index Name": "so_user_pkey", "Relation Name": "so_user", "Alias": "so_user", "Startup Cost": 0.44, "Total Cost": 4.83, "Plan Rows": 1, "Plan Width": 12, "Actual Startup Time": 0.004, "Actual Total Time": 0.004, "Actual Rows": 1, "Actual Loops": 527, "Index Cond": "((id = b2.user_id) AND (site_id = b2.site_id))", "Rows Removed by Index Recheck": 0, "Workers": []}]}, {"Node Type": "Index Scan", "Parent Relationship": "Inner", "Parallel Aware": false, "Async Capable": false, "Scan Direction": "Forward", "Index Name": "account_pkey", "Relation Name": "account", "Alias": "account", "Startup Cost": 0.43, "Total Cost": 4.62, "Plan Rows": 1, "Plan Width": 15, "Actual Startup Time": 0.002, "Actual Total Time": 0.002, "Actual Rows": 1, "Actual Loops": 527, "Index Cond": "(id = so_user.account_id)", "Rows Removed by Index Recheck": 0, "Filter": "((website_url)::text <> ''::text)", "Rows Removed by Filter": 0, "Workers": []}]}]}]}]}, "Planning Time": 0.686, "Triggers": [], "Execution Time": 229.297}