{"Plan": {"Node Type": "Aggregate", "Strategy": "Plain", "Partial Mode": "Simple", "Parallel Aware": false, "Async Capable": false, "Startup Cost": 4010.45, "Total Cost": 4010.46, "Plan Rows": 1, "Plan Width": 8, "Actual Startup Time": 7.064, "Actual Total Time": 7.815, "Actual Rows": 1, "Actual Loops": 1, "Plans": [{"Node Type": "Sort", "Parent Relationship": "Outer", "Parallel Aware": false, "Async Capable": false, "Startup Cost": 4010.44, "Total Cost": 4010.44, "Plan Rows": 1, "Plan Width": 4, "Actual Startup Time": 7.061, "Actual Total Time": 7.813, "Actual Rows": 0, "Actual Loops": 1, "Sort Key": ["q1.id"], "Sort Method": "quicksort", "Sort Space Used": 25, "Sort Space Type": "Memory", "Plans": [{"Node Type": "Gather", "Parent Relationship": "Outer", "Parallel Aware": false, "Async Capable": false, "Startup Cost": 3855.71, "Total Cost": 4010.43, "Plan Rows": 1, "Plan Width": 4, "Actual Startup Time": 7.057, "Actual Total Time": 7.808, "Actual Rows": 0, "Actual Loops": 1, "Workers Planned": 1, "Workers Launched": 1, "Single Copy": false, "Plans": [{"Node Type": "Nested Loop", "Parent Relationship": "Outer", "Parallel Aware": false, "Async Capable": false, "Join Type": "Inner", "Startup Cost": 2855.71, "Total Cost": 3010.33, "Plan Rows": 1, "Plan Width": 4, "Actual Startup Time": 5.719, "Actual Total Time": 5.72, "Actual Rows": 0, "Actual Loops": 2, "Inner Unique": false, "Join Filter": "((c1.date > c2.date) AND (pl.post_id_to = c2.post_id) AND (c2.site_id = tag.site_id))", "Rows Removed by Join Filter": 0, "Workers": [], "Plans": [{"Node Type": "Nested Loop", "Parent Relationship": "Outer", "Parallel Aware": false, "Async Capable": false, "Join Type": "Inner", "Startup Cost": 2855.14, "Total Cost": 3002.16, "Plan Rows": 1, "Plan Width": 56, "Actual Startup Time": 5.719, "Actual Total Time": 5.72, "Actual Rows": 0, "Actual Loops": 2, "Inner Unique": true, "Join Filter": "((tag.id = tq2.tag_id) AND (tag.site_id = tq2.site_id))", "Rows Removed by Join Filter": 0, "Workers": [], "Plans": [{"Node Type": "Nested Loop", "Parent Relationship": "Outer", "Parallel Aware": false, "Async Capable": false, "Join Type": "Inner", "Startup Cost": 2854.57, "Total Cost": 2993.99, "Plan Rows": 1, "Plan Width": 56, "Actual Startup Time": 5.719, "Actual Total Time": 5.72, "Actual Rows": 0, "Actual Loops": 2, "Inner Unique": true, "Join Filter": "(q2.site_id = tag.site_id)", "Rows Removed by Join Filter": 0, "Workers": [], "Plans": [{"Node Type": "Nested Loop", "Parent Relationship": "Outer", "Parallel Aware": false, "Async Capable": false, "Join Type": "Inner", "Startup Cost": 2854.14, "Total Cost": 2989.75, "Plan Rows": 1, "Plan Width": 48, "Actual Startup Time": 5.719, "Actual Total Time": 5.72, "Actual Rows": 0, "Actual Loops": 2, "Inner Unique": false, "Join Filter": "(pl.site_id = tag.site_id)", "Rows Removed by Join Filter": 0, "Workers": [], "Plans": [{"Node Type": "Nested Loop", "Parent Relationship": "Outer", "Parallel Aware": false, "Async Capable": false, "Join Type": "Inner", "Startup Cost": 2853.71, "Total Cost": 2981.72, "Plan Rows": 1, "Plan Width": 48, "Actual Startup Time": 5.719, "Actual Total Time": 5.72, "Actual Rows": 0, "Actual Loops": 2, "Inner Unique": false, "Join Filter": "(c1.site_id = tag.site_id)", "Rows Removed by Join Filter": 0, "Workers": [], "Plans": [{"Node Type": "Nested Loop", "Parent Relationship": "Outer", "Parallel Aware": false, "Async Capable": false, "Join Type": "Inner", "Startup Cost": 2853.14, "Total Cost": 2973.56, "Plan Rows": 1, "Plan Width": 32, "Actual Startup Time": 5.719, "Actual Total Time": 5.719, "Actual Rows": 0, "Actual Loops": 2, "Inner Unique": true, "Join Filter": "(q1.site_id = tag.site_id)", "Rows Removed by Join Filter": 0, "Workers": [], "Plans": [{"Node Type": "Nested Loop", "Parent Relationship": "Outer", "Parallel Aware": false, "Async Capable": false, "Join Type": "Inner", "Startup Cost": 2852.71, "Total Cost": 2914.1, "Plan Rows": 14, "Plan Width": 24, "Actual Startup Time": 5.719, "Actual Total Time": 5.719, "Actual Rows": 0, "Actual Loops": 2, "Inner Unique": false, "Workers": [], "Plans": [{"Node Type": "Merge Join", "Parent Relationship": "Outer", "Parallel Aware": false, "Async Capable": false, "Join Type": "Inner", "Startup Cost": 2852.14, "Total Cost": 2852.35, "Plan Rows": 1, "Plan Width": 12, "Actual Startup Time": 5.719, "Actual Total Time": 5.719, "Actual Rows": 0, "Actual Loops": 2, "Inner Unique": true, "Merge Cond": "(tag.site_id = site.site_id)", "Workers": [], "Plans": [{"Node Type": "Sort", "Parent Relationship": "Outer", "Parallel Aware": false, "Async Capable": false, "Startup Cost": 2848.97, "Total Cost": 2849.06, "Plan Rows": 38, "Plan Width": 8, "Actual Startup Time": 5.698, "Actual Total Time": 5.699, "Actual Rows": 16, "Actual Loops": 2, "Sort Key": ["tag.site_id"], "Sort Method": "quicksort", "Sort Space Used": 27, "Sort Space Type": "Memory", "Workers": [{"Worker Number": 0, "Sort Method": "quicksort", "Sort Space Used": 25, "Sort Space Type": "Memory"}], "Plans": [{"Node Type": "Seq Scan", "Parent Relationship": "Outer", "Parallel Aware": true, "Async Capable": false, "Relation Name": "tag", "Alias": "tag", "Startup Cost": 0.0, "Total Cost": 2847.97, "Plan Rows": 38, "Plan Width": 8, "Actual Startup Time": 0.159, "Actual Total Time": 5.686, "Actual Rows": 48, "Actual Loops": 2, "Filter": "((name)::text = ANY ('{ruby-on-rails,javascript,python-3.x,excel}'::text[]))", "Rows Removed by Filter": 93337, "Workers": []}]}, {"Node Type": "Sort", "Parent Relationship": "Inner", "Parallel Aware": false, "Async Capable": false, "Startup Cost": 3.17, "Total Cost": 3.18, "Plan Rows": 1, "Plan Width": 4, "Actual Startup Time": 0.018, "Actual Total Time": 0.018, "Actual Rows": 1, "Actual Loops": 2, "Sort Key": ["site.site_id"], "Sort Method": "quicksort", "Sort Space Used": 25, "Sort Space Type": "Memory", "Workers": [{"Worker Number": 0, "Sort Method": "quicksort", "Sort Space Used": 25, "Sort Space Type": "Memory"}], "Plans": [{"Node Type": "Seq Scan", "Parent Relationship": "Outer", "Parallel Aware": false, "Async Capable": false, "Relation Name": "site", "Alias": "site", "Startup Cost": 0.0, "Total Cost": 3.16, "Plan Rows": 1, "Plan Width": 4, "Actual Startup Time": 0.01, "Actual Total Time": 0.012, "Actual Rows": 1, "Actual Loops": 2, "Filter": "((site_name)::text = 'german'::text)", "Rows Removed by Filter": 172, "Workers": []}]}]}, {"Node Type": "Index Only Scan", "Parent Relationship": "Inner", "Parallel Aware": false, "Async Capable": false, "Scan Direction": "Forward", "Index Name": "tag_question_site_id_tag_id_question_id_idx", "Relation Name": "tag_question", "Alias": "tq1", "Startup Cost": 0.56, "Total Cost": 61.44, "Plan Rows": 31, "Plan Width": 12, "Actual Startup Time": 0.0, "Actual Total Time": 0.0, "Actual Rows": 0, "Actual Loops": 0, "Index Cond": "((site_id = tag.site_id) AND (tag_id = tag.id))", "Rows Removed by Index Recheck": 0, "Heap Fetches": 0, "Workers": []}]}, {"Node Type": "Index Only Scan", "Parent Relationship": "Inner", "Parallel Aware": false, "Async Capable": false, "Scan Direction": "Forward", "Index Name": "question_pkey", "Relation Name": "question", "Alias": "q1", "Startup Cost": 0.43, "Total Cost": 4.23, "Plan Rows": 1, "Plan Width": 8, "Actual Startup Time": 0.0, "Actual Total Time": 0.0, "Actual Rows": 0, "Actual Loops": 0, "Index Cond": "((id = tq1.question_id) AND (site_id = tq1.site_id))", "Rows Removed by Index Recheck": 0, "Heap Fetches": 0, "Workers": []}]}, {"Node Type": "Index Scan", "Parent Relationship": "Inner", "Parallel Aware": false, "Async Capable": false, "Scan Direction": "Forward", "Index Name": "comment_site_id_post_id_idx", "Relation Name": "comment", "Alias": "c1", "Startup Cost": 0.57, "Total Cost": 8.15, "Plan Rows": 1, "Plan Width": 16, "Actual Startup Time": 0.0, "Actual Total Time": 0.0, "Actual Rows": 0, "Actual Loops": 0, "Index Cond": "((site_id = q1.site_id) AND (post_id = q1.id))", "Rows Removed by Index Recheck": 0, "Workers": []}]}, {"Node Type": "Index Only Scan", "Parent Relationship": "Inner", "Parallel Aware": false, "Async Capable": false, "Scan Direction": "Forward", "Index Name": "post_link_pkey", "Relation Name": "post_link", "Alias": "pl", "Startup Cost": 0.43, "Total Cost": 8.01, "Plan Rows": 1, "Plan Width": 12, "Actual Startup Time": 0.0, "Actual Total Time": 0.0, "Actual Rows": 0, "Actual Loops": 0, "Index Cond": "((site_id = q1.site_id) AND (post_id_from = q1.id))", "Rows Removed by Index Recheck": 0, "Heap Fetches": 0, "Workers": []}]}, {"Node Type": "Index Only Scan", "Parent Relationship": "Inner", "Parallel Aware": false, "Async Capable": false, "Scan Direction": "Forward", "Index Name": "question_pkey", "Relation Name": "question", "Alias": "q2", "Startup Cost": 0.43, "Total Cost": 4.23, "Plan Rows": 1, "Plan Width": 8, "Actual Startup Time": 0.0, "Actual Total Time": 0.0, "Actual Rows": 0, "Actual Loops": 0, "Index Cond": "((id = pl.post_id_to) AND (site_id = pl.site_id))", "Rows Removed by Index Recheck": 0, "Heap Fetches": 0, "Workers": []}]}, {"Node Type": "Index Only Scan", "Parent Relationship": "Inner", "Parallel Aware": false, "Async Capable": false, "Scan Direction": "Forward", "Index Name": "tag_question_pkey", "Relation Name": "tag_question", "Alias": "tq2", "Startup Cost": 0.56, "Total Cost": 8.15, "Plan Rows": 1, "Plan Width": 12, "Actual Startup Time": 0.0, "Actual Total Time": 0.0, "Actual Rows": 0, "Actual Loops": 0, "Index Cond": "((site_id = pl.site_id) AND (question_id = pl.post_id_to))", "Rows Removed by Index Recheck": 0, "Heap Fetches": 0, "Workers": []}]}, {"Node Type": "Index Scan", "Parent Relationship": "Inner", "Parallel Aware": false, "Async Capable": false, "Scan Direction": "Forward", "Index Name": "comment_site_id_post_id_idx", "Relation Name": "comment", "Alias": "c2", "Startup Cost": 0.57, "Total Cost": 8.15, "Plan Rows": 1, "Plan Width": 16, "Actual Startup Time": 0.0, "Actual Total Time": 0.0, "Actual Rows": 0, "Actual Loops": 0, "Index Cond": "((site_id = tq2.site_id) AND (post_id = tq2.question_id))", "Rows Removed by Index Recheck": 0, "Workers": []}]}]}]}]}, "Planning Time": 184.726, "Triggers": [], "Execution Time": 7.916}